<?xml version="1.0" encoding="UTF-8"?>
<!-- Generated by org.testng.reporters.JUnitReportReporter -->
<testsuite skipped="0" hostname="WTC-5159473-l2" name="Test_Data_Generation.Add_Tracking_Numbers_To_User" tests="667" failures="0" timestamp="05 Sep 2019 16:27:25 GMT" time="1804.043" errors="0">
  <testcase name="Add_Tracking_Number" time="7.810" classname="Test_Data_Generation.Add_Tracking_Numbers_To_User"/>
  <testcase name="Add_Tracking_Number" time="3.132" classname="Test_Data_Generation.Add_Tracking_Numbers_To_User"/>
  <testcase name="Add_Tracking_Number" time="3.527" classname="Test_Data_Generation.Add_Tracking_Numbers_To_User"/>
  <testcase name="Add_Tracking_Number" time="3.148" classname="Test_Data_Generation.Add_Tracking_Numbers_To_User"/>
  <testcase name="Add_Tracking_Number" time="0.289" classname="Test_Data_Generation.Add_Tracking_Numbers_To_User"/>
  <testcase name="Add_Tracking_Number" time="2.700" classname="Test_Data_Generation.Add_Tracking_Numbers_To_User"/>
  <testcase name="Add_Tracking_Number" time="2.399" classname="Test_Data_Generation.Add_Tracking_Numbers_To_User"/>
  <testcase name="Add_Tracking_Number" time="4.190" classname="Test_Data_Generation.Add_Tracking_Numbers_To_User"/>
  <testcase name="Add_Tracking_Number" time="5.212" classname="Test_Data_Generation.Add_Tracking_Numbers_To_User"/>
  <testcase name="Add_Tracking_Number" time="2.894" classname="Test_Data_Generation.Add_Tracking_Numbers_To_User"/>
  <testcase name="Add_Tracking_Number" time="3.301" classname="Test_Data_Generation.Add_Tracking_Numbers_To_User"/>
  <testcase name="Add_Tracking_Number" time="2.607" classname="Test_Data_Generation.Add_Tracking_Numbers_To_User"/>
  <testcase name="Add_Tracking_Number" time="4.175" classname="Test_Data_Generation.Add_Tracking_Numbers_To_User"/>
  <testcase name="Add_Tracking_Number" time="2.715" classname="Test_Data_Generation.Add_Tracking_Numbers_To_User"/>
  <testcase name="Add_Tracking_Number" time="2.592" classname="Test_Data_Generation.Add_Tracking_Numbers_To_User"/>
  <testcase name="Add_Tracking_Number" time="2.689" classname="Test_Data_Generation.Add_Tracking_Numbers_To_User"/>
  <testcase name="Add_Tracking_Number" time="4.958" classname="Test_Data_Generation.Add_Tracking_Numbers_To_User"/>
  <testcase name="Add_Tracking_Number" time="3.075" classname="Test_Data_Generation.Add_Tracking_Numbers_To_User"/>
  <testcase name="Add_Tracking_Number" time="2.983" classname="Test_Data_Generation.Add_Tracking_Numbers_To_User"/>
  <testcase name="Add_Tracking_Number" time="0.262" classname="Test_Data_Generation.Add_Tracking_Numbers_To_User"/>
  <testcase name="Add_Tracking_Number" time="0.728" classname="Test_Data_Generation.Add_Tracking_Numbers_To_User"/>
  <testcase name="Add_Tracking_Number" time="2.535" classname="Test_Data_Generation.Add_Tracking_Numbers_To_User"/>
  <testcase name="Add_Tracking_Number" time="2.398" classname="Test_Data_Generation.Add_Tracking_Numbers_To_User"/>
  <testcase name="Add_Tracking_Number" time="3.596" classname="Test_Data_Generation.Add_Tracking_Numbers_To_User"/>
  <testcase name="Add_Tracking_Number" time="0.255" classname="Test_Data_Generation.Add_Tracking_Numbers_To_User"/>
  <testcase name="Add_Tracking_Number" time="2.406" classname="Test_Data_Generation.Add_Tracking_Numbers_To_User"/>
  <testcase name="Add_Tracking_Number" time="3.415" classname="Test_Data_Generation.Add_Tracking_Numbers_To_User"/>
  <testcase name="Add_Tracking_Number" time="0.305" classname="Test_Data_Generation.Add_Tracking_Numbers_To_User"/>
  <testcase name="Add_Tracking_Number" time="2.665" classname="Test_Data_Generation.Add_Tracking_Numbers_To_User"/>
  <testcase name="Add_Tracking_Number" time="3.403" classname="Test_Data_Generation.Add_Tracking_Numbers_To_User"/>
  <testcase name="Add_Tracking_Number" time="0.205" classname="Test_Data_Generation.Add_Tracking_Numbers_To_User"/>
  <testcase name="Add_Tracking_Number" time="3.321" classname="Test_Data_Generation.Add_Tracking_Numbers_To_User"/>
  <testcase name="Add_Tracking_Number" time="2.220" classname="Test_Data_Generation.Add_Tracking_Numbers_To_User"/>
  <testcase name="Add_Tracking_Number" time="2.854" classname="Test_Data_Generation.Add_Tracking_Numbers_To_User"/>
  <testcase name="Add_Tracking_Number" time="3.929" classname="Test_Data_Generation.Add_Tracking_Numbers_To_User"/>
  <testcase name="Add_Tracking_Number" time="2.840" classname="Test_Data_Generation.Add_Tracking_Numbers_To_User"/>
  <testcase name="Add_Tracking_Number" time="2.408" classname="Test_Data_Generation.Add_Tracking_Numbers_To_User"/>
  <testcase name="Add_Tracking_Number" time="2.916" classname="Test_Data_Generation.Add_Tracking_Numbers_To_User"/>
  <testcase name="Add_Tracking_Number" time="2.611" classname="Test_Data_Generation.Add_Tracking_Numbers_To_User"/>
  <testcase name="Add_Tracking_Number" time="3.517" classname="Test_Data_Generation.Add_Tracking_Numbers_To_User"/>
  <testcase name="Add_Tracking_Number" time="2.840" classname="Test_Data_Generation.Add_Tracking_Numbers_To_User"/>
  <testcase name="Add_Tracking_Number" time="2.417" classname="Test_Data_Generation.Add_Tracking_Numbers_To_User"/>
  <testcase name="Add_Tracking_Number" time="2.750" classname="Test_Data_Generation.Add_Tracking_Numbers_To_User"/>
  <testcase name="Add_Tracking_Number" time="3.085" classname="Test_Data_Generation.Add_Tracking_Numbers_To_User"/>
  <testcase name="Add_Tracking_Number" time="2.423" classname="Test_Data_Generation.Add_Tracking_Numbers_To_User"/>
  <testcase name="Add_Tracking_Number" time="4.170" classname="Test_Data_Generation.Add_Tracking_Numbers_To_User"/>
  <testcase name="Add_Tracking_Number" time="3.601" classname="Test_Data_Generation.Add_Tracking_Numbers_To_User"/>
  <testcase name="Add_Tracking_Number" time="3.140" classname="Test_Data_Generation.Add_Tracking_Numbers_To_User"/>
  <testcase name="Add_Tracking_Number" time="0.278" classname="Test_Data_Generation.Add_Tracking_Numbers_To_User"/>
  <testcase name="Add_Tracking_Number" time="2.845" classname="Test_Data_Generation.Add_Tracking_Numbers_To_User"/>
  <testcase name="Add_Tracking_Number" time="2.919" classname="Test_Data_Generation.Add_Tracking_Numbers_To_User"/>
  <testcase name="Add_Tracking_Number" time="6.396" classname="Test_Data_Generation.Add_Tracking_Numbers_To_User"/>
  <testcase name="Add_Tracking_Number" time="2.901" classname="Test_Data_Generation.Add_Tracking_Numbers_To_User"/>
  <testcase name="Add_Tracking_Number" time="0.283" classname="Test_Data_Generation.Add_Tracking_Numbers_To_User"/>
  <testcase name="Add_Tracking_Number" time="2.955" classname="Test_Data_Generation.Add_Tracking_Numbers_To_User"/>
  <testcase name="Add_Tracking_Number" time="0.226" classname="Test_Data_Generation.Add_Tracking_Numbers_To_User"/>
  <testcase name="Add_Tracking_Number" time="3.500" classname="Test_Data_Generation.Add_Tracking_Numbers_To_User"/>
  <testcase name="Add_Tracking_Number" time="2.985" classname="Test_Data_Generation.Add_Tracking_Numbers_To_User"/>
  <testcase name="Add_Tracking_Number" time="2.569" classname="Test_Data_Generation.Add_Tracking_Numbers_To_User"/>
  <testcase name="Add_Tracking_Number" time="3.016" classname="Test_Data_Generation.Add_Tracking_Numbers_To_User"/>
  <testcase name="Add_Tracking_Number" time="2.617" classname="Test_Data_Generation.Add_Tracking_Numbers_To_User"/>
  <testcase name="Add_Tracking_Number" time="2.559" classname="Test_Data_Generation.Add_Tracking_Numbers_To_User"/>
  <testcase name="Add_Tracking_Number" time="0.277" classname="Test_Data_Generation.Add_Tracking_Numbers_To_User"/>
  <testcase name="Add_Tracking_Number" time="3.525" classname="Test_Data_Generation.Add_Tracking_Numbers_To_User"/>
  <testcase name="Add_Tracking_Number" time="3.081" classname="Test_Data_Generation.Add_Tracking_Numbers_To_User"/>
  <testcase name="Add_Tracking_Number" time="0.488" classname="Test_Data_Generation.Add_Tracking_Numbers_To_User"/>
  <testcase name="Add_Tracking_Number" time="5.364" classname="Test_Data_Generation.Add_Tracking_Numbers_To_User"/>
  <testcase name="Add_Tracking_Number" time="2.709" classname="Test_Data_Generation.Add_Tracking_Numbers_To_User"/>
  <testcase name="Add_Tracking_Number" time="5.247" classname="Test_Data_Generation.Add_Tracking_Numbers_To_User"/>
  <testcase name="Add_Tracking_Number" time="3.734" classname="Test_Data_Generation.Add_Tracking_Numbers_To_User"/>
  <testcase name="Add_Tracking_Number" time="3.214" classname="Test_Data_Generation.Add_Tracking_Numbers_To_User"/>
  <testcase name="Add_Tracking_Number" time="4.721" classname="Test_Data_Generation.Add_Tracking_Numbers_To_User"/>
  <testcase name="Add_Tracking_Number" time="0.286" classname="Test_Data_Generation.Add_Tracking_Numbers_To_User"/>
  <testcase name="Add_Tracking_Number" time="2.929" classname="Test_Data_Generation.Add_Tracking_Numbers_To_User"/>
  <testcase name="Add_Tracking_Number" time="2.522" classname="Test_Data_Generation.Add_Tracking_Numbers_To_User"/>
  <testcase name="Add_Tracking_Number" time="3.764" classname="Test_Data_Generation.Add_Tracking_Numbers_To_User"/>
  <testcase name="Add_Tracking_Number" time="2.148" classname="Test_Data_Generation.Add_Tracking_Numbers_To_User"/>
  <testcase name="Add_Tracking_Number" time="2.752" classname="Test_Data_Generation.Add_Tracking_Numbers_To_User"/>
  <testcase name="Add_Tracking_Number" time="3.464" classname="Test_Data_Generation.Add_Tracking_Numbers_To_User"/>
  <testcase name="Add_Tracking_Number" time="2.857" classname="Test_Data_Generation.Add_Tracking_Numbers_To_User"/>
  <testcase name="Add_Tracking_Number" time="2.302" classname="Test_Data_Generation.Add_Tracking_Numbers_To_User"/>
  <testcase name="Add_Tracking_Number" time="5.176" classname="Test_Data_Generation.Add_Tracking_Numbers_To_User"/>
  <testcase name="Add_Tracking_Number" time="2.638" classname="Test_Data_Generation.Add_Tracking_Numbers_To_User"/>
  <testcase name="Add_Tracking_Number" time="2.345" classname="Test_Data_Generation.Add_Tracking_Numbers_To_User"/>
  <testcase name="Add_Tracking_Number" time="4.781" classname="Test_Data_Generation.Add_Tracking_Numbers_To_User"/>
  <testcase name="Add_Tracking_Number" time="0.231" classname="Test_Data_Generation.Add_Tracking_Numbers_To_User"/>
  <testcase name="Add_Tracking_Number" time="5.019" classname="Test_Data_Generation.Add_Tracking_Numbers_To_User"/>
  <testcase name="Add_Tracking_Number" time="0.251" classname="Test_Data_Generation.Add_Tracking_Numbers_To_User"/>
  <testcase name="Add_Tracking_Number" time="0.214" classname="Test_Data_Generation.Add_Tracking_Numbers_To_User"/>
  <testcase name="Add_Tracking_Number" time="3.604" classname="Test_Data_Generation.Add_Tracking_Numbers_To_User"/>
  <testcase name="Add_Tracking_Number" time="2.773" classname="Test_Data_Generation.Add_Tracking_Numbers_To_User"/>
  <testcase name="Add_Tracking_Number" time="0.208" classname="Test_Data_Generation.Add_Tracking_Numbers_To_User"/>
  <testcase name="Add_Tracking_Number" time="3.235" classname="Test_Data_Generation.Add_Tracking_Numbers_To_User"/>
  <testcase name="Add_Tracking_Number" time="3.932" classname="Test_Data_Generation.Add_Tracking_Numbers_To_User"/>
  <testcase name="Add_Tracking_Number" time="2.536" classname="Test_Data_Generation.Add_Tracking_Numbers_To_User"/>
  <testcase name="Add_Tracking_Number" time="0.268" classname="Test_Data_Generation.Add_Tracking_Numbers_To_User"/>
  <testcase name="Add_Tracking_Number" time="3.921" classname="Test_Data_Generation.Add_Tracking_Numbers_To_User"/>
  <testcase name="Add_Tracking_Number" time="0.213" classname="Test_Data_Generation.Add_Tracking_Numbers_To_User"/>
  <testcase name="Add_Tracking_Number" time="3.017" classname="Test_Data_Generation.Add_Tracking_Numbers_To_User"/>
  <testcase name="Add_Tracking_Number" time="3.062" classname="Test_Data_Generation.Add_Tracking_Numbers_To_User"/>
  <testcase name="Add_Tracking_Number" time="3.746" classname="Test_Data_Generation.Add_Tracking_Numbers_To_User"/>
  <testcase name="Add_Tracking_Number" time="2.524" classname="Test_Data_Generation.Add_Tracking_Numbers_To_User"/>
  <testcase name="Add_Tracking_Number" time="2.392" classname="Test_Data_Generation.Add_Tracking_Numbers_To_User"/>
  <testcase name="Add_Tracking_Number" time="3.520" classname="Test_Data_Generation.Add_Tracking_Numbers_To_User"/>
  <testcase name="Add_Tracking_Number" time="5.514" classname="Test_Data_Generation.Add_Tracking_Numbers_To_User"/>
  <testcase name="Add_Tracking_Number" time="0.185" classname="Test_Data_Generation.Add_Tracking_Numbers_To_User"/>
  <testcase name="Add_Tracking_Number" time="0.273" classname="Test_Data_Generation.Add_Tracking_Numbers_To_User"/>
  <testcase name="Add_Tracking_Number" time="3.079" classname="Test_Data_Generation.Add_Tracking_Numbers_To_User"/>
  <testcase name="Add_Tracking_Number" time="2.380" classname="Test_Data_Generation.Add_Tracking_Numbers_To_User"/>
  <testcase name="Add_Tracking_Number" time="9.735" classname="Test_Data_Generation.Add_Tracking_Numbers_To_User"/>
  <testcase name="Add_Tracking_Number" time="0.224" classname="Test_Data_Generation.Add_Tracking_Numbers_To_User"/>
  <testcase name="Add_Tracking_Number" time="2.592" classname="Test_Data_Generation.Add_Tracking_Numbers_To_User"/>
  <testcase name="Add_Tracking_Number" time="3.231" classname="Test_Data_Generation.Add_Tracking_Numbers_To_User"/>
  <testcase name="Add_Tracking_Number" time="2.771" classname="Test_Data_Generation.Add_Tracking_Numbers_To_User"/>
  <testcase name="Add_Tracking_Number" time="2.640" classname="Test_Data_Generation.Add_Tracking_Numbers_To_User"/>
  <testcase name="Add_Tracking_Number" time="2.951" classname="Test_Data_Generation.Add_Tracking_Numbers_To_User"/>
  <testcase name="Add_Tracking_Number" time="2.437" classname="Test_Data_Generation.Add_Tracking_Numbers_To_User"/>
  <testcase name="Add_Tracking_Number" time="2.429" classname="Test_Data_Generation.Add_Tracking_Numbers_To_User"/>
  <testcase name="Add_Tracking_Number" time="3.663" classname="Test_Data_Generation.Add_Tracking_Numbers_To_User"/>
  <testcase name="Add_Tracking_Number" time="5.043" classname="Test_Data_Generation.Add_Tracking_Numbers_To_User"/>
  <testcase name="Add_Tracking_Number" time="0.288" classname="Test_Data_Generation.Add_Tracking_Numbers_To_User"/>
  <testcase name="Add_Tracking_Number" time="3.330" classname="Test_Data_Generation.Add_Tracking_Numbers_To_User"/>
  <testcase name="Add_Tracking_Number" time="0.253" classname="Test_Data_Generation.Add_Tracking_Numbers_To_User"/>
  <testcase name="Add_Tracking_Number" time="3.752" classname="Test_Data_Generation.Add_Tracking_Numbers_To_User"/>
  <testcase name="Add_Tracking_Number" time="0.261" classname="Test_Data_Generation.Add_Tracking_Numbers_To_User"/>
  <testcase name="Add_Tracking_Number" time="3.547" classname="Test_Data_Generation.Add_Tracking_Numbers_To_User"/>
  <testcase name="Add_Tracking_Number" time="2.688" classname="Test_Data_Generation.Add_Tracking_Numbers_To_User"/>
  <testcase name="Add_Tracking_Number" time="2.410" classname="Test_Data_Generation.Add_Tracking_Numbers_To_User"/>
  <testcase name="Add_Tracking_Number" time="0.263" classname="Test_Data_Generation.Add_Tracking_Numbers_To_User"/>
  <testcase name="Add_Tracking_Number" time="3.338" classname="Test_Data_Generation.Add_Tracking_Numbers_To_User"/>
  <testcase name="Add_Tracking_Number" time="2.812" classname="Test_Data_Generation.Add_Tracking_Numbers_To_User"/>
  <testcase name="Add_Tracking_Number" time="2.915" classname="Test_Data_Generation.Add_Tracking_Numbers_To_User"/>
  <testcase name="Add_Tracking_Number" time="0.200" classname="Test_Data_Generation.Add_Tracking_Numbers_To_User"/>
  <testcase name="Add_Tracking_Number" time="0.241" classname="Test_Data_Generation.Add_Tracking_Numbers_To_User"/>
  <testcase name="Add_Tracking_Number" time="2.702" classname="Test_Data_Generation.Add_Tracking_Numbers_To_User"/>
  <testcase name="Add_Tracking_Number" time="6.580" classname="Test_Data_Generation.Add_Tracking_Numbers_To_User"/>
  <testcase name="Add_Tracking_Number" time="2.396" classname="Test_Data_Generation.Add_Tracking_Numbers_To_User"/>
  <testcase name="Add_Tracking_Number" time="2.380" classname="Test_Data_Generation.Add_Tracking_Numbers_To_User"/>
  <testcase name="Add_Tracking_Number" time="2.675" classname="Test_Data_Generation.Add_Tracking_Numbers_To_User"/>
  <testcase name="Add_Tracking_Number" time="2.625" classname="Test_Data_Generation.Add_Tracking_Numbers_To_User"/>
  <testcase name="Add_Tracking_Number" time="6.102" classname="Test_Data_Generation.Add_Tracking_Numbers_To_User"/>
  <testcase name="Add_Tracking_Number" time="3.133" classname="Test_Data_Generation.Add_Tracking_Numbers_To_User"/>
  <testcase name="Add_Tracking_Number" time="2.406" classname="Test_Data_Generation.Add_Tracking_Numbers_To_User"/>
  <testcase name="Add_Tracking_Number" time="1.534" classname="Test_Data_Generation.Add_Tracking_Numbers_To_User"/>
  <testcase name="Add_Tracking_Number" time="2.659" classname="Test_Data_Generation.Add_Tracking_Numbers_To_User"/>
  <testcase name="Add_Tracking_Number" time="0.295" classname="Test_Data_Generation.Add_Tracking_Numbers_To_User"/>
  <testcase name="Add_Tracking_Number" time="2.762" classname="Test_Data_Generation.Add_Tracking_Numbers_To_User"/>
  <testcase name="Add_Tracking_Number" time="2.943" classname="Test_Data_Generation.Add_Tracking_Numbers_To_User"/>
  <testcase name="Add_Tracking_Number" time="3.305" classname="Test_Data_Generation.Add_Tracking_Numbers_To_User"/>
  <testcase name="Add_Tracking_Number" time="10.546" classname="Test_Data_Generation.Add_Tracking_Numbers_To_User"/>
  <testcase name="Add_Tracking_Number" time="3.193" classname="Test_Data_Generation.Add_Tracking_Numbers_To_User"/>
  <testcase name="Add_Tracking_Number" time="3.552" classname="Test_Data_Generation.Add_Tracking_Numbers_To_User"/>
  <testcase name="Add_Tracking_Number" time="2.535" classname="Test_Data_Generation.Add_Tracking_Numbers_To_User"/>
  <testcase name="Add_Tracking_Number" time="2.670" classname="Test_Data_Generation.Add_Tracking_Numbers_To_User"/>
  <testcase name="Add_Tracking_Number" time="2.517" classname="Test_Data_Generation.Add_Tracking_Numbers_To_User"/>
  <testcase name="Add_Tracking_Number" time="2.692" classname="Test_Data_Generation.Add_Tracking_Numbers_To_User"/>
  <testcase name="Add_Tracking_Number" time="7.144" classname="Test_Data_Generation.Add_Tracking_Numbers_To_User"/>
  <testcase name="Add_Tracking_Number" time="3.032" classname="Test_Data_Generation.Add_Tracking_Numbers_To_User"/>
  <testcase name="Add_Tracking_Number" time="10.228" classname="Test_Data_Generation.Add_Tracking_Numbers_To_User"/>
  <testcase name="Add_Tracking_Number" time="4.807" classname="Test_Data_Generation.Add_Tracking_Numbers_To_User"/>
  <testcase name="Add_Tracking_Number" time="2.586" classname="Test_Data_Generation.Add_Tracking_Numbers_To_User"/>
  <testcase name="Add_Tracking_Number" time="3.198" classname="Test_Data_Generation.Add_Tracking_Numbers_To_User"/>
  <testcase name="Add_Tracking_Number" time="3.558" classname="Test_Data_Generation.Add_Tracking_Numbers_To_User"/>
  <testcase name="Add_Tracking_Number" time="0.268" classname="Test_Data_Generation.Add_Tracking_Numbers_To_User"/>
  <testcase name="Add_Tracking_Number" time="2.718" classname="Test_Data_Generation.Add_Tracking_Numbers_To_User"/>
  <testcase name="Add_Tracking_Number" time="3.999" classname="Test_Data_Generation.Add_Tracking_Numbers_To_User"/>
  <testcase name="Add_Tracking_Number" time="2.438" classname="Test_Data_Generation.Add_Tracking_Numbers_To_User"/>
  <testcase name="Add_Tracking_Number" time="1.138" classname="Test_Data_Generation.Add_Tracking_Numbers_To_User"/>
  <testcase name="Add_Tracking_Number" time="2.435" classname="Test_Data_Generation.Add_Tracking_Numbers_To_User"/>
  <testcase name="Add_Tracking_Number" time="3.954" classname="Test_Data_Generation.Add_Tracking_Numbers_To_User"/>
  <testcase name="Add_Tracking_Number" time="2.777" classname="Test_Data_Generation.Add_Tracking_Numbers_To_User"/>
  <testcase name="Add_Tracking_Number" time="2.820" classname="Test_Data_Generation.Add_Tracking_Numbers_To_User"/>
  <testcase name="Add_Tracking_Number" time="4.318" classname="Test_Data_Generation.Add_Tracking_Numbers_To_User"/>
  <testcase name="Add_Tracking_Number" time="2.614" classname="Test_Data_Generation.Add_Tracking_Numbers_To_User"/>
  <testcase name="Add_Tracking_Number" time="0.272" classname="Test_Data_Generation.Add_Tracking_Numbers_To_User"/>
  <testcase name="Add_Tracking_Number" time="3.936" classname="Test_Data_Generation.Add_Tracking_Numbers_To_User"/>
  <testcase name="Add_Tracking_Number" time="2.650" classname="Test_Data_Generation.Add_Tracking_Numbers_To_User"/>
  <testcase name="Add_Tracking_Number" time="0.249" classname="Test_Data_Generation.Add_Tracking_Numbers_To_User"/>
  <testcase name="Add_Tracking_Number" time="3.356" classname="Test_Data_Generation.Add_Tracking_Numbers_To_User"/>
  <testcase name="Add_Tracking_Number" time="2.635" classname="Test_Data_Generation.Add_Tracking_Numbers_To_User"/>
  <testcase name="Add_Tracking_Number" time="3.734" classname="Test_Data_Generation.Add_Tracking_Numbers_To_User"/>
  <testcase name="Add_Tracking_Number" time="3.202" classname="Test_Data_Generation.Add_Tracking_Numbers_To_User"/>
  <testcase name="Add_Tracking_Number" time="3.752" classname="Test_Data_Generation.Add_Tracking_Numbers_To_User"/>
  <testcase name="Add_Tracking_Number" time="2.679" classname="Test_Data_Generation.Add_Tracking_Numbers_To_User"/>
  <testcase name="Add_Tracking_Number" time="2.815" classname="Test_Data_Generation.Add_Tracking_Numbers_To_User"/>
  <testcase name="Add_Tracking_Number" time="4.196" classname="Test_Data_Generation.Add_Tracking_Numbers_To_User"/>
  <testcase name="Add_Tracking_Number" time="3.373" classname="Test_Data_Generation.Add_Tracking_Numbers_To_User"/>
  <testcase name="Add_Tracking_Number" time="2.629" classname="Test_Data_Generation.Add_Tracking_Numbers_To_User"/>
  <testcase name="Add_Tracking_Number" time="2.435" classname="Test_Data_Generation.Add_Tracking_Numbers_To_User"/>
  <testcase name="Add_Tracking_Number" time="2.795" classname="Test_Data_Generation.Add_Tracking_Numbers_To_User"/>
  <testcase name="Add_Tracking_Number" time="2.451" classname="Test_Data_Generation.Add_Tracking_Numbers_To_User"/>
  <testcase name="Add_Tracking_Number" time="0.404" classname="Test_Data_Generation.Add_Tracking_Numbers_To_User"/>
  <testcase name="Add_Tracking_Number" time="1.742" classname="Test_Data_Generation.Add_Tracking_Numbers_To_User"/>
  <testcase name="Add_Tracking_Number" time="2.816" classname="Test_Data_Generation.Add_Tracking_Numbers_To_User"/>
  <testcase name="Add_Tracking_Number" time="2.866" classname="Test_Data_Generation.Add_Tracking_Numbers_To_User"/>
  <testcase name="Add_Tracking_Number" time="3.045" classname="Test_Data_Generation.Add_Tracking_Numbers_To_User"/>
  <testcase name="Add_Tracking_Number" time="4.125" classname="Test_Data_Generation.Add_Tracking_Numbers_To_User"/>
  <testcase name="Add_Tracking_Number" time="0.266" classname="Test_Data_Generation.Add_Tracking_Numbers_To_User"/>
  <testcase name="Add_Tracking_Number" time="0.303" classname="Test_Data_Generation.Add_Tracking_Numbers_To_User"/>
  <testcase name="Add_Tracking_Number" time="2.527" classname="Test_Data_Generation.Add_Tracking_Numbers_To_User"/>
  <testcase name="Add_Tracking_Number" time="2.421" classname="Test_Data_Generation.Add_Tracking_Numbers_To_User"/>
  <testcase name="Add_Tracking_Number" time="2.518" classname="Test_Data_Generation.Add_Tracking_Numbers_To_User"/>
  <testcase name="Add_Tracking_Number" time="4.708" classname="Test_Data_Generation.Add_Tracking_Numbers_To_User"/>
  <testcase name="Add_Tracking_Number" time="3.726" classname="Test_Data_Generation.Add_Tracking_Numbers_To_User"/>
  <testcase name="Add_Tracking_Number" time="2.437" classname="Test_Data_Generation.Add_Tracking_Numbers_To_User"/>
  <testcase name="Add_Tracking_Number" time="0.546" classname="Test_Data_Generation.Add_Tracking_Numbers_To_User"/>
  <testcase name="Add_Tracking_Number" time="0.255" classname="Test_Data_Generation.Add_Tracking_Numbers_To_User"/>
  <testcase name="Add_Tracking_Number" time="0.288" classname="Test_Data_Generation.Add_Tracking_Numbers_To_User"/>
  <testcase name="Add_Tracking_Number" time="2.928" classname="Test_Data_Generation.Add_Tracking_Numbers_To_User"/>
  <testcase name="Add_Tracking_Number" time="4.664" classname="Test_Data_Generation.Add_Tracking_Numbers_To_User"/>
  <testcase name="Add_Tracking_Number" time="2.726" classname="Test_Data_Generation.Add_Tracking_Numbers_To_User"/>
  <testcase name="Add_Tracking_Number" time="0.266" classname="Test_Data_Generation.Add_Tracking_Numbers_To_User"/>
  <testcase name="Add_Tracking_Number" time="2.871" classname="Test_Data_Generation.Add_Tracking_Numbers_To_User"/>
  <testcase name="Add_Tracking_Number" time="4.082" classname="Test_Data_Generation.Add_Tracking_Numbers_To_User"/>
  <testcase name="Add_Tracking_Number" time="3.133" classname="Test_Data_Generation.Add_Tracking_Numbers_To_User"/>
  <testcase name="Add_Tracking_Number" time="3.549" classname="Test_Data_Generation.Add_Tracking_Numbers_To_User"/>
  <testcase name="Add_Tracking_Number" time="2.721" classname="Test_Data_Generation.Add_Tracking_Numbers_To_User"/>
  <testcase name="Add_Tracking_Number" time="2.623" classname="Test_Data_Generation.Add_Tracking_Numbers_To_User"/>
  <testcase name="Add_Tracking_Number" time="2.658" classname="Test_Data_Generation.Add_Tracking_Numbers_To_User"/>
  <testcase name="Add_Tracking_Number" time="3.520" classname="Test_Data_Generation.Add_Tracking_Numbers_To_User"/>
  <testcase name="Add_Tracking_Number" time="3.376" classname="Test_Data_Generation.Add_Tracking_Numbers_To_User"/>
  <testcase name="Add_Tracking_Number" time="3.080" classname="Test_Data_Generation.Add_Tracking_Numbers_To_User"/>
  <testcase name="Add_Tracking_Number" time="0.237" classname="Test_Data_Generation.Add_Tracking_Numbers_To_User"/>
  <testcase name="Add_Tracking_Number" time="3.770" classname="Test_Data_Generation.Add_Tracking_Numbers_To_User"/>
  <testcase name="Add_Tracking_Number" time="3.479" classname="Test_Data_Generation.Add_Tracking_Numbers_To_User"/>
  <testcase name="Add_Tracking_Number" time="0.261" classname="Test_Data_Generation.Add_Tracking_Numbers_To_User"/>
  <testcase name="Add_Tracking_Number" time="3.299" classname="Test_Data_Generation.Add_Tracking_Numbers_To_User"/>
  <testcase name="Add_Tracking_Number" time="5.000" classname="Test_Data_Generation.Add_Tracking_Numbers_To_User"/>
  <testcase name="Add_Tracking_Number" time="0.935" classname="Test_Data_Generation.Add_Tracking_Numbers_To_User"/>
  <testcase name="Add_Tracking_Number" time="0.324" classname="Test_Data_Generation.Add_Tracking_Numbers_To_User"/>
  <testcase name="Add_Tracking_Number" time="0.273" classname="Test_Data_Generation.Add_Tracking_Numbers_To_User"/>
  <testcase name="Add_Tracking_Number" time="5.023" classname="Test_Data_Generation.Add_Tracking_Numbers_To_User"/>
  <testcase name="Add_Tracking_Number" time="3.607" classname="Test_Data_Generation.Add_Tracking_Numbers_To_User"/>
  <testcase name="Add_Tracking_Number" time="2.642" classname="Test_Data_Generation.Add_Tracking_Numbers_To_User"/>
  <testcase name="Add_Tracking_Number" time="2.715" classname="Test_Data_Generation.Add_Tracking_Numbers_To_User"/>
  <testcase name="Add_Tracking_Number" time="6.511" classname="Test_Data_Generation.Add_Tracking_Numbers_To_User"/>
  <testcase name="Add_Tracking_Number" time="0.298" classname="Test_Data_Generation.Add_Tracking_Numbers_To_User"/>
  <testcase name="Add_Tracking_Number" time="0.268" classname="Test_Data_Generation.Add_Tracking_Numbers_To_User"/>
  <testcase name="Add_Tracking_Number" time="3.315" classname="Test_Data_Generation.Add_Tracking_Numbers_To_User"/>
  <testcase name="Add_Tracking_Number" time="3.310" classname="Test_Data_Generation.Add_Tracking_Numbers_To_User"/>
  <testcase name="Add_Tracking_Number" time="4.292" classname="Test_Data_Generation.Add_Tracking_Numbers_To_User"/>
  <testcase name="Add_Tracking_Number" time="3.551" classname="Test_Data_Generation.Add_Tracking_Numbers_To_User"/>
  <testcase name="Add_Tracking_Number" time="1.353" classname="Test_Data_Generation.Add_Tracking_Numbers_To_User"/>
  <testcase name="Add_Tracking_Number" time="0.224" classname="Test_Data_Generation.Add_Tracking_Numbers_To_User"/>
  <testcase name="Add_Tracking_Number" time="2.417" classname="Test_Data_Generation.Add_Tracking_Numbers_To_User"/>
  <testcase name="Add_Tracking_Number" time="3.777" classname="Test_Data_Generation.Add_Tracking_Numbers_To_User"/>
  <testcase name="Add_Tracking_Number" time="0.266" classname="Test_Data_Generation.Add_Tracking_Numbers_To_User"/>
  <testcase name="Add_Tracking_Number" time="5.519" classname="Test_Data_Generation.Add_Tracking_Numbers_To_User"/>
  <testcase name="Add_Tracking_Number" time="2.733" classname="Test_Data_Generation.Add_Tracking_Numbers_To_User"/>
  <testcase name="Add_Tracking_Number" time="4.140" classname="Test_Data_Generation.Add_Tracking_Numbers_To_User"/>
  <testcase name="Add_Tracking_Number" time="0.547" classname="Test_Data_Generation.Add_Tracking_Numbers_To_User"/>
  <testcase name="Add_Tracking_Number" time="10.260" classname="Test_Data_Generation.Add_Tracking_Numbers_To_User"/>
  <testcase name="Add_Tracking_Number" time="0.218" classname="Test_Data_Generation.Add_Tracking_Numbers_To_User"/>
  <testcase name="Add_Tracking_Number" time="4.027" classname="Test_Data_Generation.Add_Tracking_Numbers_To_User"/>
  <testcase name="Add_Tracking_Number" time="2.948" classname="Test_Data_Generation.Add_Tracking_Numbers_To_User"/>
  <testcase name="Add_Tracking_Number" time="4.910" classname="Test_Data_Generation.Add_Tracking_Numbers_To_User"/>
  <testcase name="Add_Tracking_Number" time="5.960" classname="Test_Data_Generation.Add_Tracking_Numbers_To_User"/>
  <testcase name="Add_Tracking_Number" time="2.843" classname="Test_Data_Generation.Add_Tracking_Numbers_To_User"/>
  <testcase name="Add_Tracking_Number" time="5.645" classname="Test_Data_Generation.Add_Tracking_Numbers_To_User"/>
  <testcase name="Add_Tracking_Number" time="4.582" classname="Test_Data_Generation.Add_Tracking_Numbers_To_User"/>
  <testcase name="Add_Tracking_Number" time="2.508" classname="Test_Data_Generation.Add_Tracking_Numbers_To_User"/>
  <testcase name="Add_Tracking_Number" time="2.491" classname="Test_Data_Generation.Add_Tracking_Numbers_To_User"/>
  <testcase name="Add_Tracking_Number" time="0.466" classname="Test_Data_Generation.Add_Tracking_Numbers_To_User"/>
  <testcase name="Add_Tracking_Number" time="0.238" classname="Test_Data_Generation.Add_Tracking_Numbers_To_User"/>
  <testcase name="Add_Tracking_Number" time="3.539" classname="Test_Data_Generation.Add_Tracking_Numbers_To_User"/>
  <testcase name="Add_Tracking_Number" time="2.378" classname="Test_Data_Generation.Add_Tracking_Numbers_To_User"/>
  <testcase name="Add_Tracking_Number" time="2.457" classname="Test_Data_Generation.Add_Tracking_Numbers_To_User"/>
  <testcase name="Add_Tracking_Number" time="3.215" classname="Test_Data_Generation.Add_Tracking_Numbers_To_User"/>
  <testcase name="Add_Tracking_Number" time="3.384" classname="Test_Data_Generation.Add_Tracking_Numbers_To_User"/>
  <testcase name="Add_Tracking_Number" time="2.754" classname="Test_Data_Generation.Add_Tracking_Numbers_To_User"/>
  <testcase name="Add_Tracking_Number" time="2.415" classname="Test_Data_Generation.Add_Tracking_Numbers_To_User"/>
  <testcase name="Add_Tracking_Number" time="3.133" classname="Test_Data_Generation.Add_Tracking_Numbers_To_User"/>
  <testcase name="Add_Tracking_Number" time="2.226" classname="Test_Data_Generation.Add_Tracking_Numbers_To_User"/>
  <testcase name="Add_Tracking_Number" time="3.509" classname="Test_Data_Generation.Add_Tracking_Numbers_To_User"/>
  <testcase name="Add_Tracking_Number" time="0.259" classname="Test_Data_Generation.Add_Tracking_Numbers_To_User"/>
  <testcase name="Add_Tracking_Number" time="3.197" classname="Test_Data_Generation.Add_Tracking_Numbers_To_User"/>
  <testcase name="Add_Tracking_Number" time="3.586" classname="Test_Data_Generation.Add_Tracking_Numbers_To_User"/>
  <testcase name="Add_Tracking_Number" time="3.529" classname="Test_Data_Generation.Add_Tracking_Numbers_To_User"/>
  <testcase name="Add_Tracking_Number" time="2.671" classname="Test_Data_Generation.Add_Tracking_Numbers_To_User"/>
  <testcase name="Add_Tracking_Number" time="3.172" classname="Test_Data_Generation.Add_Tracking_Numbers_To_User"/>
  <testcase name="Add_Tracking_Number" time="2.955" classname="Test_Data_Generation.Add_Tracking_Numbers_To_User"/>
  <testcase name="Add_Tracking_Number" time="0.213" classname="Test_Data_Generation.Add_Tracking_Numbers_To_User"/>
  <testcase name="Add_Tracking_Number" time="0.381" classname="Test_Data_Generation.Add_Tracking_Numbers_To_User"/>
  <testcase name="Add_Tracking_Number" time="0.268" classname="Test_Data_Generation.Add_Tracking_Numbers_To_User"/>
  <testcase name="Add_Tracking_Number" time="3.780" classname="Test_Data_Generation.Add_Tracking_Numbers_To_User"/>
  <testcase name="Add_Tracking_Number" time="2.797" classname="Test_Data_Generation.Add_Tracking_Numbers_To_User"/>
  <testcase name="Add_Tracking_Number" time="2.951" classname="Test_Data_Generation.Add_Tracking_Numbers_To_User"/>
  <testcase name="Add_Tracking_Number" time="0.268" classname="Test_Data_Generation.Add_Tracking_Numbers_To_User"/>
  <testcase name="Add_Tracking_Number" time="3.641" classname="Test_Data_Generation.Add_Tracking_Numbers_To_User"/>
  <testcase name="Add_Tracking_Number" time="2.578" classname="Test_Data_Generation.Add_Tracking_Numbers_To_User"/>
  <testcase name="Add_Tracking_Number" time="0.243" classname="Test_Data_Generation.Add_Tracking_Numbers_To_User"/>
  <testcase name="Add_Tracking_Number" time="2.411" classname="Test_Data_Generation.Add_Tracking_Numbers_To_User"/>
  <testcase name="Add_Tracking_Number" time="5.128" classname="Test_Data_Generation.Add_Tracking_Numbers_To_User"/>
  <testcase name="Add_Tracking_Number" time="0.286" classname="Test_Data_Generation.Add_Tracking_Numbers_To_User"/>
  <testcase name="Add_Tracking_Number" time="2.964" classname="Test_Data_Generation.Add_Tracking_Numbers_To_User"/>
  <testcase name="Add_Tracking_Number" time="0.257" classname="Test_Data_Generation.Add_Tracking_Numbers_To_User"/>
  <testcase name="Add_Tracking_Number" time="4.470" classname="Test_Data_Generation.Add_Tracking_Numbers_To_User"/>
  <testcase name="Add_Tracking_Number" time="3.296" classname="Test_Data_Generation.Add_Tracking_Numbers_To_User"/>
  <testcase name="Add_Tracking_Number" time="3.242" classname="Test_Data_Generation.Add_Tracking_Numbers_To_User"/>
  <testcase name="Add_Tracking_Number" time="3.167" classname="Test_Data_Generation.Add_Tracking_Numbers_To_User"/>
  <testcase name="Add_Tracking_Number" time="3.562" classname="Test_Data_Generation.Add_Tracking_Numbers_To_User"/>
  <testcase name="Add_Tracking_Number" time="3.470" classname="Test_Data_Generation.Add_Tracking_Numbers_To_User"/>
  <testcase name="Add_Tracking_Number" time="2.855" classname="Test_Data_Generation.Add_Tracking_Numbers_To_User"/>
  <testcase name="Add_Tracking_Number" time="2.944" classname="Test_Data_Generation.Add_Tracking_Numbers_To_User"/>
  <testcase name="Add_Tracking_Number" time="2.821" classname="Test_Data_Generation.Add_Tracking_Numbers_To_User"/>
  <testcase name="Add_Tracking_Number" time="3.650" classname="Test_Data_Generation.Add_Tracking_Numbers_To_User"/>
  <testcase name="Add_Tracking_Number" time="0.271" classname="Test_Data_Generation.Add_Tracking_Numbers_To_User"/>
  <testcase name="Add_Tracking_Number" time="0.334" classname="Test_Data_Generation.Add_Tracking_Numbers_To_User"/>
  <testcase name="Add_Tracking_Number" time="2.921" classname="Test_Data_Generation.Add_Tracking_Numbers_To_User"/>
  <testcase name="Add_Tracking_Number" time="5.641" classname="Test_Data_Generation.Add_Tracking_Numbers_To_User"/>
  <testcase name="Add_Tracking_Number" time="3.590" classname="Test_Data_Generation.Add_Tracking_Numbers_To_User"/>
  <testcase name="Add_Tracking_Number" time="0.239" classname="Test_Data_Generation.Add_Tracking_Numbers_To_User"/>
  <testcase name="Add_Tracking_Number" time="2.736" classname="Test_Data_Generation.Add_Tracking_Numbers_To_User"/>
  <testcase name="Add_Tracking_Number" time="3.289" classname="Test_Data_Generation.Add_Tracking_Numbers_To_User"/>
  <testcase name="Add_Tracking_Number" time="3.921" classname="Test_Data_Generation.Add_Tracking_Numbers_To_User"/>
  <testcase name="Add_Tracking_Number" time="0.569" classname="Test_Data_Generation.Add_Tracking_Numbers_To_User"/>
  <testcase name="Add_Tracking_Number" time="0.250" classname="Test_Data_Generation.Add_Tracking_Numbers_To_User"/>
  <testcase name="Add_Tracking_Number" time="2.833" classname="Test_Data_Generation.Add_Tracking_Numbers_To_User"/>
  <testcase name="Add_Tracking_Number" time="2.795" classname="Test_Data_Generation.Add_Tracking_Numbers_To_User"/>
  <testcase name="Add_Tracking_Number" time="2.421" classname="Test_Data_Generation.Add_Tracking_Numbers_To_User"/>
  <testcase name="Add_Tracking_Number" time="2.503" classname="Test_Data_Generation.Add_Tracking_Numbers_To_User"/>
  <testcase name="Add_Tracking_Number" time="2.405" classname="Test_Data_Generation.Add_Tracking_Numbers_To_User"/>
  <testcase name="Add_Tracking_Number" time="2.868" classname="Test_Data_Generation.Add_Tracking_Numbers_To_User"/>
  <testcase name="Add_Tracking_Number" time="3.667" classname="Test_Data_Generation.Add_Tracking_Numbers_To_User"/>
  <testcase name="Add_Tracking_Number" time="2.406" classname="Test_Data_Generation.Add_Tracking_Numbers_To_User"/>
  <testcase name="Add_Tracking_Number" time="2.262" classname="Test_Data_Generation.Add_Tracking_Numbers_To_User"/>
  <testcase name="Add_Tracking_Number" time="7.504" classname="Test_Data_Generation.Add_Tracking_Numbers_To_User"/>
  <testcase name="Add_Tracking_Number" time="2.768" classname="Test_Data_Generation.Add_Tracking_Numbers_To_User"/>
  <testcase name="Add_Tracking_Number" time="0.391" classname="Test_Data_Generation.Add_Tracking_Numbers_To_User"/>
  <testcase name="Add_Tracking_Number" time="2.575" classname="Test_Data_Generation.Add_Tracking_Numbers_To_User"/>
  <testcase name="Add_Tracking_Number" time="2.935" classname="Test_Data_Generation.Add_Tracking_Numbers_To_User"/>
  <testcase name="Add_Tracking_Number" time="0.244" classname="Test_Data_Generation.Add_Tracking_Numbers_To_User"/>
  <testcase name="Add_Tracking_Number" time="2.765" classname="Test_Data_Generation.Add_Tracking_Numbers_To_User"/>
  <testcase name="Add_Tracking_Number" time="0.231" classname="Test_Data_Generation.Add_Tracking_Numbers_To_User"/>
  <testcase name="Add_Tracking_Number" time="0.295" classname="Test_Data_Generation.Add_Tracking_Numbers_To_User"/>
  <testcase name="Add_Tracking_Number" time="2.884" classname="Test_Data_Generation.Add_Tracking_Numbers_To_User"/>
  <testcase name="Add_Tracking_Number" time="2.928" classname="Test_Data_Generation.Add_Tracking_Numbers_To_User"/>
  <testcase name="Add_Tracking_Number" time="5.890" classname="Test_Data_Generation.Add_Tracking_Numbers_To_User"/>
  <testcase name="Add_Tracking_Number" time="0.220" classname="Test_Data_Generation.Add_Tracking_Numbers_To_User"/>
  <testcase name="Add_Tracking_Number" time="0.243" classname="Test_Data_Generation.Add_Tracking_Numbers_To_User"/>
  <testcase name="Add_Tracking_Number" time="2.189" classname="Test_Data_Generation.Add_Tracking_Numbers_To_User"/>
  <testcase name="Add_Tracking_Number" time="0.240" classname="Test_Data_Generation.Add_Tracking_Numbers_To_User"/>
  <testcase name="Add_Tracking_Number" time="3.363" classname="Test_Data_Generation.Add_Tracking_Numbers_To_User"/>
  <testcase name="Add_Tracking_Number" time="0.233" classname="Test_Data_Generation.Add_Tracking_Numbers_To_User"/>
  <testcase name="Add_Tracking_Number" time="2.389" classname="Test_Data_Generation.Add_Tracking_Numbers_To_User"/>
  <testcase name="Add_Tracking_Number" time="3.509" classname="Test_Data_Generation.Add_Tracking_Numbers_To_User"/>
  <testcase name="Add_Tracking_Number" time="3.501" classname="Test_Data_Generation.Add_Tracking_Numbers_To_User"/>
  <testcase name="Add_Tracking_Number" time="0.334" classname="Test_Data_Generation.Add_Tracking_Numbers_To_User"/>
  <testcase name="Add_Tracking_Number" time="7.896" classname="Test_Data_Generation.Add_Tracking_Numbers_To_User"/>
  <testcase name="Add_Tracking_Number" time="2.619" classname="Test_Data_Generation.Add_Tracking_Numbers_To_User"/>
  <testcase name="Add_Tracking_Number" time="2.844" classname="Test_Data_Generation.Add_Tracking_Numbers_To_User"/>
  <testcase name="Add_Tracking_Number" time="0.539" classname="Test_Data_Generation.Add_Tracking_Numbers_To_User"/>
  <testcase name="Add_Tracking_Number" time="0.270" classname="Test_Data_Generation.Add_Tracking_Numbers_To_User"/>
  <testcase name="Add_Tracking_Number" time="3.523" classname="Test_Data_Generation.Add_Tracking_Numbers_To_User"/>
  <testcase name="Add_Tracking_Number" time="3.564" classname="Test_Data_Generation.Add_Tracking_Numbers_To_User"/>
  <testcase name="Add_Tracking_Number" time="2.588" classname="Test_Data_Generation.Add_Tracking_Numbers_To_User"/>
  <testcase name="Add_Tracking_Number" time="0.261" classname="Test_Data_Generation.Add_Tracking_Numbers_To_User"/>
  <testcase name="Add_Tracking_Number" time="2.438" classname="Test_Data_Generation.Add_Tracking_Numbers_To_User"/>
  <testcase name="Add_Tracking_Number" time="3.157" classname="Test_Data_Generation.Add_Tracking_Numbers_To_User"/>
  <testcase name="Add_Tracking_Number" time="0.359" classname="Test_Data_Generation.Add_Tracking_Numbers_To_User"/>
  <testcase name="Add_Tracking_Number" time="0.318" classname="Test_Data_Generation.Add_Tracking_Numbers_To_User"/>
  <testcase name="Add_Tracking_Number" time="0.248" classname="Test_Data_Generation.Add_Tracking_Numbers_To_User"/>
  <testcase name="Add_Tracking_Number" time="3.479" classname="Test_Data_Generation.Add_Tracking_Numbers_To_User"/>
  <testcase name="Add_Tracking_Number" time="0.216" classname="Test_Data_Generation.Add_Tracking_Numbers_To_User"/>
  <testcase name="Add_Tracking_Number" time="2.644" classname="Test_Data_Generation.Add_Tracking_Numbers_To_User"/>
  <testcase name="Add_Tracking_Number" time="3.536" classname="Test_Data_Generation.Add_Tracking_Numbers_To_User"/>
  <testcase name="Add_Tracking_Number" time="4.668" classname="Test_Data_Generation.Add_Tracking_Numbers_To_User"/>
  <testcase name="Add_Tracking_Number" time="6.086" classname="Test_Data_Generation.Add_Tracking_Numbers_To_User"/>
  <testcase name="Add_Tracking_Number" time="0.241" classname="Test_Data_Generation.Add_Tracking_Numbers_To_User"/>
  <testcase name="Add_Tracking_Number" time="0.220" classname="Test_Data_Generation.Add_Tracking_Numbers_To_User"/>
  <testcase name="Add_Tracking_Number" time="0.234" classname="Test_Data_Generation.Add_Tracking_Numbers_To_User"/>
  <testcase name="Add_Tracking_Number" time="5.077" classname="Test_Data_Generation.Add_Tracking_Numbers_To_User"/>
  <testcase name="Add_Tracking_Number" time="3.144" classname="Test_Data_Generation.Add_Tracking_Numbers_To_User"/>
  <testcase name="Add_Tracking_Number" time="2.601" classname="Test_Data_Generation.Add_Tracking_Numbers_To_User"/>
  <testcase name="Add_Tracking_Number" time="2.420" classname="Test_Data_Generation.Add_Tracking_Numbers_To_User"/>
  <testcase name="Add_Tracking_Number" time="2.705" classname="Test_Data_Generation.Add_Tracking_Numbers_To_User"/>
  <testcase name="Add_Tracking_Number" time="3.515" classname="Test_Data_Generation.Add_Tracking_Numbers_To_User"/>
  <testcase name="Add_Tracking_Number" time="2.455" classname="Test_Data_Generation.Add_Tracking_Numbers_To_User"/>
  <testcase name="Add_Tracking_Number" time="0.209" classname="Test_Data_Generation.Add_Tracking_Numbers_To_User"/>
  <testcase name="Add_Tracking_Number" time="2.924" classname="Test_Data_Generation.Add_Tracking_Numbers_To_User"/>
  <testcase name="Add_Tracking_Number" time="2.669" classname="Test_Data_Generation.Add_Tracking_Numbers_To_User"/>
  <testcase name="Add_Tracking_Number" time="0.233" classname="Test_Data_Generation.Add_Tracking_Numbers_To_User"/>
  <testcase name="Add_Tracking_Number" time="2.656" classname="Test_Data_Generation.Add_Tracking_Numbers_To_User"/>
  <testcase name="Add_Tracking_Number" time="0.282" classname="Test_Data_Generation.Add_Tracking_Numbers_To_User"/>
  <testcase name="Add_Tracking_Number" time="3.325" classname="Test_Data_Generation.Add_Tracking_Numbers_To_User"/>
  <testcase name="Add_Tracking_Number" time="3.372" classname="Test_Data_Generation.Add_Tracking_Numbers_To_User"/>
  <testcase name="Add_Tracking_Number" time="2.705" classname="Test_Data_Generation.Add_Tracking_Numbers_To_User"/>
  <testcase name="Add_Tracking_Number" time="2.241" classname="Test_Data_Generation.Add_Tracking_Numbers_To_User"/>
  <testcase name="Add_Tracking_Number" time="0.384" classname="Test_Data_Generation.Add_Tracking_Numbers_To_User"/>
  <testcase name="Add_Tracking_Number" time="2.715" classname="Test_Data_Generation.Add_Tracking_Numbers_To_User"/>
  <testcase name="Add_Tracking_Number" time="2.612" classname="Test_Data_Generation.Add_Tracking_Numbers_To_User"/>
  <testcase name="Add_Tracking_Number" time="2.306" classname="Test_Data_Generation.Add_Tracking_Numbers_To_User"/>
  <testcase name="Add_Tracking_Number" time="3.428" classname="Test_Data_Generation.Add_Tracking_Numbers_To_User"/>
  <testcase name="Add_Tracking_Number" time="0.249" classname="Test_Data_Generation.Add_Tracking_Numbers_To_User"/>
  <testcase name="Add_Tracking_Number" time="3.631" classname="Test_Data_Generation.Add_Tracking_Numbers_To_User"/>
  <testcase name="Add_Tracking_Number" time="3.937" classname="Test_Data_Generation.Add_Tracking_Numbers_To_User"/>
  <testcase name="Add_Tracking_Number" time="0.255" classname="Test_Data_Generation.Add_Tracking_Numbers_To_User"/>
  <testcase name="Add_Tracking_Number" time="4.882" classname="Test_Data_Generation.Add_Tracking_Numbers_To_User"/>
  <testcase name="Add_Tracking_Number" time="3.904" classname="Test_Data_Generation.Add_Tracking_Numbers_To_User"/>
  <testcase name="Add_Tracking_Number" time="5.628" classname="Test_Data_Generation.Add_Tracking_Numbers_To_User"/>
  <testcase name="Add_Tracking_Number" time="2.897" classname="Test_Data_Generation.Add_Tracking_Numbers_To_User"/>
  <testcase name="Add_Tracking_Number" time="0.260" classname="Test_Data_Generation.Add_Tracking_Numbers_To_User"/>
  <testcase name="Add_Tracking_Number" time="0.291" classname="Test_Data_Generation.Add_Tracking_Numbers_To_User"/>
  <testcase name="Add_Tracking_Number" time="0.290" classname="Test_Data_Generation.Add_Tracking_Numbers_To_User"/>
  <testcase name="Add_Tracking_Number" time="4.001" classname="Test_Data_Generation.Add_Tracking_Numbers_To_User"/>
  <testcase name="Add_Tracking_Number" time="0.509" classname="Test_Data_Generation.Add_Tracking_Numbers_To_User"/>
  <testcase name="Add_Tracking_Number" time="0.301" classname="Test_Data_Generation.Add_Tracking_Numbers_To_User"/>
  <testcase name="Add_Tracking_Number" time="5.848" classname="Test_Data_Generation.Add_Tracking_Numbers_To_User"/>
  <testcase name="Add_Tracking_Number" time="2.985" classname="Test_Data_Generation.Add_Tracking_Numbers_To_User"/>
  <testcase name="Add_Tracking_Number" time="2.647" classname="Test_Data_Generation.Add_Tracking_Numbers_To_User"/>
  <testcase name="Add_Tracking_Number" time="2.795" classname="Test_Data_Generation.Add_Tracking_Numbers_To_User"/>
  <testcase name="Add_Tracking_Number" time="2.624" classname="Test_Data_Generation.Add_Tracking_Numbers_To_User"/>
  <testcase name="Add_Tracking_Number" time="2.418" classname="Test_Data_Generation.Add_Tracking_Numbers_To_User"/>
  <testcase name="Add_Tracking_Number" time="2.809" classname="Test_Data_Generation.Add_Tracking_Numbers_To_User"/>
  <testcase name="Add_Tracking_Number" time="3.180" classname="Test_Data_Generation.Add_Tracking_Numbers_To_User"/>
  <testcase name="Add_Tracking_Number" time="0.616" classname="Test_Data_Generation.Add_Tracking_Numbers_To_User"/>
  <testcase name="Add_Tracking_Number" time="2.739" classname="Test_Data_Generation.Add_Tracking_Numbers_To_User"/>
  <testcase name="Add_Tracking_Number" time="2.380" classname="Test_Data_Generation.Add_Tracking_Numbers_To_User"/>
  <testcase name="Add_Tracking_Number" time="4.543" classname="Test_Data_Generation.Add_Tracking_Numbers_To_User"/>
  <testcase name="Add_Tracking_Number" time="8.321" classname="Test_Data_Generation.Add_Tracking_Numbers_To_User"/>
  <testcase name="Add_Tracking_Number" time="2.782" classname="Test_Data_Generation.Add_Tracking_Numbers_To_User"/>
  <testcase name="Add_Tracking_Number" time="2.673" classname="Test_Data_Generation.Add_Tracking_Numbers_To_User"/>
  <testcase name="Add_Tracking_Number" time="2.538" classname="Test_Data_Generation.Add_Tracking_Numbers_To_User"/>
  <testcase name="Add_Tracking_Number" time="2.443" classname="Test_Data_Generation.Add_Tracking_Numbers_To_User"/>
  <testcase name="Add_Tracking_Number" time="3.636" classname="Test_Data_Generation.Add_Tracking_Numbers_To_User"/>
  <testcase name="Add_Tracking_Number" time="2.840" classname="Test_Data_Generation.Add_Tracking_Numbers_To_User"/>
  <testcase name="Add_Tracking_Number" time="6.105" classname="Test_Data_Generation.Add_Tracking_Numbers_To_User"/>
  <testcase name="Add_Tracking_Number" time="4.067" classname="Test_Data_Generation.Add_Tracking_Numbers_To_User"/>
  <testcase name="Add_Tracking_Number" time="2.494" classname="Test_Data_Generation.Add_Tracking_Numbers_To_User"/>
  <testcase name="Add_Tracking_Number" time="2.791" classname="Test_Data_Generation.Add_Tracking_Numbers_To_User"/>
  <testcase name="Add_Tracking_Number" time="0.245" classname="Test_Data_Generation.Add_Tracking_Numbers_To_User"/>
  <testcase name="Add_Tracking_Number" time="2.437" classname="Test_Data_Generation.Add_Tracking_Numbers_To_User"/>
  <testcase name="Add_Tracking_Number" time="0.276" classname="Test_Data_Generation.Add_Tracking_Numbers_To_User"/>
  <testcase name="Add_Tracking_Number" time="0.274" classname="Test_Data_Generation.Add_Tracking_Numbers_To_User"/>
  <testcase name="Add_Tracking_Number" time="7.578" classname="Test_Data_Generation.Add_Tracking_Numbers_To_User"/>
  <testcase name="Add_Tracking_Number" time="3.055" classname="Test_Data_Generation.Add_Tracking_Numbers_To_User"/>
  <testcase name="Add_Tracking_Number" time="2.527" classname="Test_Data_Generation.Add_Tracking_Numbers_To_User"/>
  <testcase name="Add_Tracking_Number" time="0.185" classname="Test_Data_Generation.Add_Tracking_Numbers_To_User"/>
  <testcase name="Add_Tracking_Number" time="0.217" classname="Test_Data_Generation.Add_Tracking_Numbers_To_User"/>
  <testcase name="Add_Tracking_Number" time="5.792" classname="Test_Data_Generation.Add_Tracking_Numbers_To_User"/>
  <testcase name="Add_Tracking_Number" time="3.833" classname="Test_Data_Generation.Add_Tracking_Numbers_To_User"/>
  <testcase name="Add_Tracking_Number" time="0.217" classname="Test_Data_Generation.Add_Tracking_Numbers_To_User"/>
  <testcase name="Add_Tracking_Number" time="3.597" classname="Test_Data_Generation.Add_Tracking_Numbers_To_User"/>
  <testcase name="Add_Tracking_Number" time="3.752" classname="Test_Data_Generation.Add_Tracking_Numbers_To_User"/>
  <testcase name="Add_Tracking_Number" time="4.288" classname="Test_Data_Generation.Add_Tracking_Numbers_To_User"/>
  <testcase name="Add_Tracking_Number" time="2.882" classname="Test_Data_Generation.Add_Tracking_Numbers_To_User"/>
  <testcase name="Add_Tracking_Number" time="2.657" classname="Test_Data_Generation.Add_Tracking_Numbers_To_User"/>
  <testcase name="Add_Tracking_Number" time="2.523" classname="Test_Data_Generation.Add_Tracking_Numbers_To_User"/>
  <testcase name="Add_Tracking_Number" time="3.435" classname="Test_Data_Generation.Add_Tracking_Numbers_To_User"/>
  <testcase name="Add_Tracking_Number" time="3.764" classname="Test_Data_Generation.Add_Tracking_Numbers_To_User"/>
  <testcase name="Add_Tracking_Number" time="0.227" classname="Test_Data_Generation.Add_Tracking_Numbers_To_User"/>
  <testcase name="Add_Tracking_Number" time="2.822" classname="Test_Data_Generation.Add_Tracking_Numbers_To_User"/>
  <testcase name="Add_Tracking_Number" time="2.356" classname="Test_Data_Generation.Add_Tracking_Numbers_To_User"/>
  <testcase name="Add_Tracking_Number" time="7.774" classname="Test_Data_Generation.Add_Tracking_Numbers_To_User"/>
  <testcase name="Add_Tracking_Number" time="4.255" classname="Test_Data_Generation.Add_Tracking_Numbers_To_User"/>
  <testcase name="Add_Tracking_Number" time="2.972" classname="Test_Data_Generation.Add_Tracking_Numbers_To_User"/>
  <testcase name="Add_Tracking_Number" time="0.265" classname="Test_Data_Generation.Add_Tracking_Numbers_To_User"/>
  <testcase name="Add_Tracking_Number" time="3.026" classname="Test_Data_Generation.Add_Tracking_Numbers_To_User"/>
  <testcase name="Add_Tracking_Number" time="0.302" classname="Test_Data_Generation.Add_Tracking_Numbers_To_User"/>
  <testcase name="Add_Tracking_Number" time="2.366" classname="Test_Data_Generation.Add_Tracking_Numbers_To_User"/>
  <testcase name="Add_Tracking_Number" time="2.706" classname="Test_Data_Generation.Add_Tracking_Numbers_To_User"/>
  <testcase name="Add_Tracking_Number" time="3.507" classname="Test_Data_Generation.Add_Tracking_Numbers_To_User"/>
  <testcase name="Add_Tracking_Number" time="2.366" classname="Test_Data_Generation.Add_Tracking_Numbers_To_User"/>
  <testcase name="Add_Tracking_Number" time="4.158" classname="Test_Data_Generation.Add_Tracking_Numbers_To_User"/>
  <testcase name="Add_Tracking_Number" time="3.849" classname="Test_Data_Generation.Add_Tracking_Numbers_To_User"/>
  <testcase name="Add_Tracking_Number" time="2.843" classname="Test_Data_Generation.Add_Tracking_Numbers_To_User"/>
  <testcase name="Add_Tracking_Number" time="0.294" classname="Test_Data_Generation.Add_Tracking_Numbers_To_User"/>
  <testcase name="Add_Tracking_Number" time="2.313" classname="Test_Data_Generation.Add_Tracking_Numbers_To_User"/>
  <testcase name="Add_Tracking_Number" time="3.436" classname="Test_Data_Generation.Add_Tracking_Numbers_To_User"/>
  <testcase name="Add_Tracking_Number" time="2.878" classname="Test_Data_Generation.Add_Tracking_Numbers_To_User"/>
  <testcase name="Add_Tracking_Number" time="3.262" classname="Test_Data_Generation.Add_Tracking_Numbers_To_User"/>
  <testcase name="Add_Tracking_Number" time="2.661" classname="Test_Data_Generation.Add_Tracking_Numbers_To_User"/>
  <testcase name="Add_Tracking_Number" time="2.618" classname="Test_Data_Generation.Add_Tracking_Numbers_To_User"/>
  <testcase name="Add_Tracking_Number" time="4.124" classname="Test_Data_Generation.Add_Tracking_Numbers_To_User"/>
  <testcase name="Add_Tracking_Number" time="2.948" classname="Test_Data_Generation.Add_Tracking_Numbers_To_User"/>
  <testcase name="Add_Tracking_Number" time="3.345" classname="Test_Data_Generation.Add_Tracking_Numbers_To_User"/>
  <testcase name="Add_Tracking_Number" time="0.280" classname="Test_Data_Generation.Add_Tracking_Numbers_To_User"/>
  <testcase name="Add_Tracking_Number" time="2.867" classname="Test_Data_Generation.Add_Tracking_Numbers_To_User"/>
  <testcase name="Add_Tracking_Number" time="3.226" classname="Test_Data_Generation.Add_Tracking_Numbers_To_User"/>
  <testcase name="Add_Tracking_Number" time="0.349" classname="Test_Data_Generation.Add_Tracking_Numbers_To_User"/>
  <testcase name="Add_Tracking_Number" time="2.619" classname="Test_Data_Generation.Add_Tracking_Numbers_To_User"/>
  <testcase name="Add_Tracking_Number" time="2.635" classname="Test_Data_Generation.Add_Tracking_Numbers_To_User"/>
  <testcase name="Add_Tracking_Number" time="2.961" classname="Test_Data_Generation.Add_Tracking_Numbers_To_User"/>
  <testcase name="Add_Tracking_Number" time="3.716" classname="Test_Data_Generation.Add_Tracking_Numbers_To_User"/>
  <testcase name="Add_Tracking_Number" time="0.262" classname="Test_Data_Generation.Add_Tracking_Numbers_To_User"/>
  <testcase name="Add_Tracking_Number" time="3.506" classname="Test_Data_Generation.Add_Tracking_Numbers_To_User"/>
  <testcase name="Add_Tracking_Number" time="3.331" classname="Test_Data_Generation.Add_Tracking_Numbers_To_User"/>
  <testcase name="Add_Tracking_Number" time="9.363" classname="Test_Data_Generation.Add_Tracking_Numbers_To_User"/>
  <testcase name="Add_Tracking_Number" time="3.755" classname="Test_Data_Generation.Add_Tracking_Numbers_To_User"/>
  <testcase name="Add_Tracking_Number" time="4.319" classname="Test_Data_Generation.Add_Tracking_Numbers_To_User"/>
  <testcase name="Add_Tracking_Number" time="3.448" classname="Test_Data_Generation.Add_Tracking_Numbers_To_User"/>
  <testcase name="Add_Tracking_Number" time="0.226" classname="Test_Data_Generation.Add_Tracking_Numbers_To_User"/>
  <testcase name="Add_Tracking_Number" time="2.392" classname="Test_Data_Generation.Add_Tracking_Numbers_To_User"/>
  <testcase name="Add_Tracking_Number" time="2.930" classname="Test_Data_Generation.Add_Tracking_Numbers_To_User"/>
  <testcase name="Add_Tracking_Number" time="0.267" classname="Test_Data_Generation.Add_Tracking_Numbers_To_User"/>
  <testcase name="Add_Tracking_Number" time="3.256" classname="Test_Data_Generation.Add_Tracking_Numbers_To_User"/>
  <testcase name="Add_Tracking_Number" time="2.352" classname="Test_Data_Generation.Add_Tracking_Numbers_To_User"/>
  <testcase name="Add_Tracking_Number" time="0.202" classname="Test_Data_Generation.Add_Tracking_Numbers_To_User"/>
  <testcase name="Add_Tracking_Number" time="2.887" classname="Test_Data_Generation.Add_Tracking_Numbers_To_User"/>
  <testcase name="Add_Tracking_Number" time="2.556" classname="Test_Data_Generation.Add_Tracking_Numbers_To_User"/>
  <testcase name="Add_Tracking_Number" time="0.255" classname="Test_Data_Generation.Add_Tracking_Numbers_To_User"/>
  <testcase name="Add_Tracking_Number" time="0.489" classname="Test_Data_Generation.Add_Tracking_Numbers_To_User"/>
  <testcase name="Add_Tracking_Number" time="0.309" classname="Test_Data_Generation.Add_Tracking_Numbers_To_User"/>
  <testcase name="Add_Tracking_Number" time="0.297" classname="Test_Data_Generation.Add_Tracking_Numbers_To_User"/>
  <testcase name="Add_Tracking_Number" time="0.202" classname="Test_Data_Generation.Add_Tracking_Numbers_To_User"/>
  <testcase name="Add_Tracking_Number" time="0.315" classname="Test_Data_Generation.Add_Tracking_Numbers_To_User"/>
  <testcase name="Add_Tracking_Number" time="2.605" classname="Test_Data_Generation.Add_Tracking_Numbers_To_User"/>
  <testcase name="Add_Tracking_Number" time="4.745" classname="Test_Data_Generation.Add_Tracking_Numbers_To_User"/>
  <testcase name="Add_Tracking_Number" time="0.250" classname="Test_Data_Generation.Add_Tracking_Numbers_To_User"/>
  <testcase name="Add_Tracking_Number" time="2.560" classname="Test_Data_Generation.Add_Tracking_Numbers_To_User"/>
  <testcase name="Add_Tracking_Number" time="0.222" classname="Test_Data_Generation.Add_Tracking_Numbers_To_User"/>
  <testcase name="Add_Tracking_Number" time="2.490" classname="Test_Data_Generation.Add_Tracking_Numbers_To_User"/>
  <testcase name="Add_Tracking_Number" time="3.515" classname="Test_Data_Generation.Add_Tracking_Numbers_To_User"/>
  <testcase name="Add_Tracking_Number" time="3.118" classname="Test_Data_Generation.Add_Tracking_Numbers_To_User"/>
  <testcase name="Add_Tracking_Number" time="8.156" classname="Test_Data_Generation.Add_Tracking_Numbers_To_User"/>
  <testcase name="Add_Tracking_Number" time="3.744" classname="Test_Data_Generation.Add_Tracking_Numbers_To_User"/>
  <testcase name="Add_Tracking_Number" time="5.072" classname="Test_Data_Generation.Add_Tracking_Numbers_To_User"/>
  <testcase name="Add_Tracking_Number" time="4.268" classname="Test_Data_Generation.Add_Tracking_Numbers_To_User"/>
  <testcase name="Add_Tracking_Number" time="2.611" classname="Test_Data_Generation.Add_Tracking_Numbers_To_User"/>
  <testcase name="Add_Tracking_Number" time="2.734" classname="Test_Data_Generation.Add_Tracking_Numbers_To_User"/>
  <testcase name="Add_Tracking_Number" time="3.764" classname="Test_Data_Generation.Add_Tracking_Numbers_To_User"/>
  <testcase name="Add_Tracking_Number" time="2.477" classname="Test_Data_Generation.Add_Tracking_Numbers_To_User"/>
  <testcase name="Add_Tracking_Number" time="2.851" classname="Test_Data_Generation.Add_Tracking_Numbers_To_User"/>
  <testcase name="Add_Tracking_Number" time="0.247" classname="Test_Data_Generation.Add_Tracking_Numbers_To_User"/>
  <testcase name="Add_Tracking_Number" time="5.198" classname="Test_Data_Generation.Add_Tracking_Numbers_To_User"/>
  <testcase name="Add_Tracking_Number" time="2.326" classname="Test_Data_Generation.Add_Tracking_Numbers_To_User"/>
  <testcase name="Add_Tracking_Number" time="5.059" classname="Test_Data_Generation.Add_Tracking_Numbers_To_User"/>
  <testcase name="Add_Tracking_Number" time="2.683" classname="Test_Data_Generation.Add_Tracking_Numbers_To_User"/>
  <testcase name="Add_Tracking_Number" time="0.226" classname="Test_Data_Generation.Add_Tracking_Numbers_To_User"/>
  <testcase name="Add_Tracking_Number" time="2.574" classname="Test_Data_Generation.Add_Tracking_Numbers_To_User"/>
  <testcase name="Add_Tracking_Number" time="4.182" classname="Test_Data_Generation.Add_Tracking_Numbers_To_User"/>
  <testcase name="Add_Tracking_Number" time="2.772" classname="Test_Data_Generation.Add_Tracking_Numbers_To_User"/>
  <testcase name="Add_Tracking_Number" time="2.218" classname="Test_Data_Generation.Add_Tracking_Numbers_To_User"/>
  <testcase name="Add_Tracking_Number" time="3.306" classname="Test_Data_Generation.Add_Tracking_Numbers_To_User"/>
  <testcase name="Add_Tracking_Number" time="3.930" classname="Test_Data_Generation.Add_Tracking_Numbers_To_User"/>
  <testcase name="Add_Tracking_Number" time="4.445" classname="Test_Data_Generation.Add_Tracking_Numbers_To_User"/>
  <testcase name="Add_Tracking_Number" time="5.021" classname="Test_Data_Generation.Add_Tracking_Numbers_To_User"/>
  <testcase name="Add_Tracking_Number" time="2.329" classname="Test_Data_Generation.Add_Tracking_Numbers_To_User"/>
  <testcase name="Add_Tracking_Number" time="3.169" classname="Test_Data_Generation.Add_Tracking_Numbers_To_User"/>
  <testcase name="Add_Tracking_Number" time="2.492" classname="Test_Data_Generation.Add_Tracking_Numbers_To_User"/>
  <testcase name="Add_Tracking_Number" time="0.206" classname="Test_Data_Generation.Add_Tracking_Numbers_To_User"/>
  <testcase name="Add_Tracking_Number" time="0.217" classname="Test_Data_Generation.Add_Tracking_Numbers_To_User"/>
  <testcase name="Add_Tracking_Number" time="3.861" classname="Test_Data_Generation.Add_Tracking_Numbers_To_User"/>
  <testcase name="Add_Tracking_Number" time="2.980" classname="Test_Data_Generation.Add_Tracking_Numbers_To_User"/>
  <testcase name="Add_Tracking_Number" time="2.456" classname="Test_Data_Generation.Add_Tracking_Numbers_To_User"/>
  <testcase name="Add_Tracking_Number" time="4.978" classname="Test_Data_Generation.Add_Tracking_Numbers_To_User"/>
  <testcase name="Add_Tracking_Number" time="2.435" classname="Test_Data_Generation.Add_Tracking_Numbers_To_User"/>
  <testcase name="Add_Tracking_Number" time="0.247" classname="Test_Data_Generation.Add_Tracking_Numbers_To_User"/>
  <testcase name="Add_Tracking_Number" time="4.999" classname="Test_Data_Generation.Add_Tracking_Numbers_To_User"/>
  <testcase name="Add_Tracking_Number" time="3.018" classname="Test_Data_Generation.Add_Tracking_Numbers_To_User"/>
  <testcase name="Add_Tracking_Number" time="3.046" classname="Test_Data_Generation.Add_Tracking_Numbers_To_User"/>
  <testcase name="Add_Tracking_Number" time="3.329" classname="Test_Data_Generation.Add_Tracking_Numbers_To_User"/>
  <testcase name="Add_Tracking_Number" time="2.918" classname="Test_Data_Generation.Add_Tracking_Numbers_To_User"/>
  <testcase name="Add_Tracking_Number" time="2.456" classname="Test_Data_Generation.Add_Tracking_Numbers_To_User"/>
  <testcase name="Add_Tracking_Number" time="2.448" classname="Test_Data_Generation.Add_Tracking_Numbers_To_User"/>
  <testcase name="Add_Tracking_Number" time="3.012" classname="Test_Data_Generation.Add_Tracking_Numbers_To_User"/>
  <testcase name="Add_Tracking_Number" time="3.148" classname="Test_Data_Generation.Add_Tracking_Numbers_To_User"/>
  <testcase name="Add_Tracking_Number" time="5.634" classname="Test_Data_Generation.Add_Tracking_Numbers_To_User"/>
  <testcase name="Add_Tracking_Number" time="2.814" classname="Test_Data_Generation.Add_Tracking_Numbers_To_User"/>
  <testcase name="Add_Tracking_Number" time="2.447" classname="Test_Data_Generation.Add_Tracking_Numbers_To_User"/>
  <testcase name="Add_Tracking_Number" time="4.824" classname="Test_Data_Generation.Add_Tracking_Numbers_To_User"/>
  <testcase name="Add_Tracking_Number" time="0.232" classname="Test_Data_Generation.Add_Tracking_Numbers_To_User"/>
  <testcase name="Add_Tracking_Number" time="2.716" classname="Test_Data_Generation.Add_Tracking_Numbers_To_User"/>
  <testcase name="Add_Tracking_Number" time="2.988" classname="Test_Data_Generation.Add_Tracking_Numbers_To_User"/>
  <testcase name="Add_Tracking_Number" time="3.134" classname="Test_Data_Generation.Add_Tracking_Numbers_To_User"/>
  <testcase name="Add_Tracking_Number" time="0.323" classname="Test_Data_Generation.Add_Tracking_Numbers_To_User"/>
  <testcase name="Add_Tracking_Number" time="2.239" classname="Test_Data_Generation.Add_Tracking_Numbers_To_User"/>
  <testcase name="Add_Tracking_Number" time="0.268" classname="Test_Data_Generation.Add_Tracking_Numbers_To_User"/>
  <testcase name="Add_Tracking_Number" time="4.911" classname="Test_Data_Generation.Add_Tracking_Numbers_To_User"/>
  <testcase name="Add_Tracking_Number" time="3.908" classname="Test_Data_Generation.Add_Tracking_Numbers_To_User"/>
  <testcase name="Add_Tracking_Number" time="3.032" classname="Test_Data_Generation.Add_Tracking_Numbers_To_User"/>
  <testcase name="Add_Tracking_Number" time="0.346" classname="Test_Data_Generation.Add_Tracking_Numbers_To_User"/>
  <testcase name="Add_Tracking_Number" time="2.165" classname="Test_Data_Generation.Add_Tracking_Numbers_To_User"/>
  <testcase name="Add_Tracking_Number" time="0.239" classname="Test_Data_Generation.Add_Tracking_Numbers_To_User"/>
  <testcase name="Add_Tracking_Number" time="2.671" classname="Test_Data_Generation.Add_Tracking_Numbers_To_User"/>
  <testcase name="Add_Tracking_Number" time="2.196" classname="Test_Data_Generation.Add_Tracking_Numbers_To_User"/>
  <testcase name="Add_Tracking_Number" time="0.247" classname="Test_Data_Generation.Add_Tracking_Numbers_To_User"/>
  <testcase name="Add_Tracking_Number" time="5.374" classname="Test_Data_Generation.Add_Tracking_Numbers_To_User"/>
  <testcase name="Add_Tracking_Number" time="3.116" classname="Test_Data_Generation.Add_Tracking_Numbers_To_User"/>
  <testcase name="Add_Tracking_Number" time="2.944" classname="Test_Data_Generation.Add_Tracking_Numbers_To_User"/>
  <testcase name="Add_Tracking_Number" time="2.698" classname="Test_Data_Generation.Add_Tracking_Numbers_To_User"/>
  <testcase name="Add_Tracking_Number" time="3.290" classname="Test_Data_Generation.Add_Tracking_Numbers_To_User"/>
  <testcase name="Add_Tracking_Number" time="2.529" classname="Test_Data_Generation.Add_Tracking_Numbers_To_User"/>
  <testcase name="Add_Tracking_Number" time="2.629" classname="Test_Data_Generation.Add_Tracking_Numbers_To_User"/>
  <testcase name="Add_Tracking_Number" time="5.486" classname="Test_Data_Generation.Add_Tracking_Numbers_To_User"/>
  <testcase name="Add_Tracking_Number" time="4.090" classname="Test_Data_Generation.Add_Tracking_Numbers_To_User"/>
  <testcase name="Add_Tracking_Number" time="0.238" classname="Test_Data_Generation.Add_Tracking_Numbers_To_User"/>
  <testcase name="Add_Tracking_Number" time="0.241" classname="Test_Data_Generation.Add_Tracking_Numbers_To_User"/>
  <testcase name="Add_Tracking_Number" time="3.836" classname="Test_Data_Generation.Add_Tracking_Numbers_To_User"/>
  <testcase name="Add_Tracking_Number" time="3.153" classname="Test_Data_Generation.Add_Tracking_Numbers_To_User"/>
  <testcase name="Add_Tracking_Number" time="0.255" classname="Test_Data_Generation.Add_Tracking_Numbers_To_User"/>
  <testcase name="Add_Tracking_Number" time="2.579" classname="Test_Data_Generation.Add_Tracking_Numbers_To_User"/>
  <testcase name="Add_Tracking_Number" time="0.231" classname="Test_Data_Generation.Add_Tracking_Numbers_To_User"/>
  <testcase name="Add_Tracking_Number" time="0.261" classname="Test_Data_Generation.Add_Tracking_Numbers_To_User"/>
  <testcase name="Add_Tracking_Number" time="0.305" classname="Test_Data_Generation.Add_Tracking_Numbers_To_User"/>
  <testcase name="Add_Tracking_Number" time="2.926" classname="Test_Data_Generation.Add_Tracking_Numbers_To_User"/>
  <testcase name="Add_Tracking_Number" time="2.767" classname="Test_Data_Generation.Add_Tracking_Numbers_To_User"/>
  <testcase name="Add_Tracking_Number" time="3.203" classname="Test_Data_Generation.Add_Tracking_Numbers_To_User"/>
  <testcase name="Add_Tracking_Number" time="0.236" classname="Test_Data_Generation.Add_Tracking_Numbers_To_User"/>
  <testcase name="Add_Tracking_Number" time="0.309" classname="Test_Data_Generation.Add_Tracking_Numbers_To_User"/>
  <testcase name="Add_Tracking_Number" time="2.567" classname="Test_Data_Generation.Add_Tracking_Numbers_To_User"/>
  <testcase name="Add_Tracking_Number" time="2.141" classname="Test_Data_Generation.Add_Tracking_Numbers_To_User"/>
  <testcase name="Add_Tracking_Number" time="2.878" classname="Test_Data_Generation.Add_Tracking_Numbers_To_User"/>
  <testcase name="Add_Tracking_Number" time="2.311" classname="Test_Data_Generation.Add_Tracking_Numbers_To_User"/>
  <testcase name="Add_Tracking_Number" time="2.555" classname="Test_Data_Generation.Add_Tracking_Numbers_To_User"/>
  <testcase name="Add_Tracking_Number" time="2.221" classname="Test_Data_Generation.Add_Tracking_Numbers_To_User"/>
  <testcase name="Add_Tracking_Number" time="2.115" classname="Test_Data_Generation.Add_Tracking_Numbers_To_User"/>
  <testcase name="Add_Tracking_Number" time="2.524" classname="Test_Data_Generation.Add_Tracking_Numbers_To_User"/>
  <testcase name="Add_Tracking_Number" time="2.843" classname="Test_Data_Generation.Add_Tracking_Numbers_To_User"/>
  <testcase name="Add_Tracking_Number" time="3.668" classname="Test_Data_Generation.Add_Tracking_Numbers_To_User"/>
  <testcase name="Add_Tracking_Number" time="2.841" classname="Test_Data_Generation.Add_Tracking_Numbers_To_User"/>
  <testcase name="Add_Tracking_Number" time="2.543" classname="Test_Data_Generation.Add_Tracking_Numbers_To_User"/>
  <testcase name="Add_Tracking_Number" time="3.517" classname="Test_Data_Generation.Add_Tracking_Numbers_To_User"/>
  <testcase name="Add_Tracking_Number" time="9.236" classname="Test_Data_Generation.Add_Tracking_Numbers_To_User"/>
  <testcase name="Add_Tracking_Number" time="0.282" classname="Test_Data_Generation.Add_Tracking_Numbers_To_User"/>
  <testcase name="Add_Tracking_Number" time="2.679" classname="Test_Data_Generation.Add_Tracking_Numbers_To_User"/>
  <testcase name="Add_Tracking_Number" time="3.471" classname="Test_Data_Generation.Add_Tracking_Numbers_To_User"/>
  <testcase name="Add_Tracking_Number" time="2.618" classname="Test_Data_Generation.Add_Tracking_Numbers_To_User"/>
  <testcase name="Add_Tracking_Number" time="3.513" classname="Test_Data_Generation.Add_Tracking_Numbers_To_User"/>
  <testcase name="Add_Tracking_Number" time="0.303" classname="Test_Data_Generation.Add_Tracking_Numbers_To_User"/>
  <testcase name="Add_Tracking_Number" time="3.255" classname="Test_Data_Generation.Add_Tracking_Numbers_To_User"/>
  <testcase name="Add_Tracking_Number" time="3.275" classname="Test_Data_Generation.Add_Tracking_Numbers_To_User"/>
  <testcase name="Add_Tracking_Number" time="0.282" classname="Test_Data_Generation.Add_Tracking_Numbers_To_User"/>
  <testcase name="Add_Tracking_Number" time="2.916" classname="Test_Data_Generation.Add_Tracking_Numbers_To_User"/>
  <testcase name="Add_Tracking_Number" time="3.280" classname="Test_Data_Generation.Add_Tracking_Numbers_To_User"/>
  <testcase name="Add_Tracking_Number" time="3.600" classname="Test_Data_Generation.Add_Tracking_Numbers_To_User"/>
  <testcase name="Add_Tracking_Number" time="3.056" classname="Test_Data_Generation.Add_Tracking_Numbers_To_User"/>
  <testcase name="Add_Tracking_Number" time="2.581" classname="Test_Data_Generation.Add_Tracking_Numbers_To_User"/>
  <testcase name="Add_Tracking_Number" time="0.274" classname="Test_Data_Generation.Add_Tracking_Numbers_To_User"/>
  <testcase name="Add_Tracking_Number" time="5.279" classname="Test_Data_Generation.Add_Tracking_Numbers_To_User"/>
  <testcase name="Add_Tracking_Number" time="0.266" classname="Test_Data_Generation.Add_Tracking_Numbers_To_User"/>
  <testcase name="Add_Tracking_Number" time="0.292" classname="Test_Data_Generation.Add_Tracking_Numbers_To_User"/>
  <testcase name="Add_Tracking_Number" time="4.554" classname="Test_Data_Generation.Add_Tracking_Numbers_To_User"/>
  <testcase name="Add_Tracking_Number" time="3.515" classname="Test_Data_Generation.Add_Tracking_Numbers_To_User"/>
  <testcase name="Add_Tracking_Number" time="2.395" classname="Test_Data_Generation.Add_Tracking_Numbers_To_User"/>
  <testcase name="Add_Tracking_Number" time="0.276" classname="Test_Data_Generation.Add_Tracking_Numbers_To_User"/>
  <testcase name="Add_Tracking_Number" time="2.500" classname="Test_Data_Generation.Add_Tracking_Numbers_To_User"/>
  <testcase name="Add_Tracking_Number" time="6.991" classname="Test_Data_Generation.Add_Tracking_Numbers_To_User"/>
  <testcase name="Add_Tracking_Number" time="6.982" classname="Test_Data_Generation.Add_Tracking_Numbers_To_User"/>
  <testcase name="Add_Tracking_Number" time="2.787" classname="Test_Data_Generation.Add_Tracking_Numbers_To_User"/>
  <testcase name="Add_Tracking_Number" time="3.746" classname="Test_Data_Generation.Add_Tracking_Numbers_To_User"/>
  <testcase name="Add_Tracking_Number" time="2.446" classname="Test_Data_Generation.Add_Tracking_Numbers_To_User"/>
  <testcase name="Add_Tracking_Number" time="0.245" classname="Test_Data_Generation.Add_Tracking_Numbers_To_User"/>
  <testcase name="Add_Tracking_Number" time="2.212" classname="Test_Data_Generation.Add_Tracking_Numbers_To_User"/>
  <testcase name="Add_Tracking_Number" time="0.316" classname="Test_Data_Generation.Add_Tracking_Numbers_To_User"/>
  <testcase name="Add_Tracking_Number" time="3.416" classname="Test_Data_Generation.Add_Tracking_Numbers_To_User"/>
  <testcase name="Add_Tracking_Number" time="3.560" classname="Test_Data_Generation.Add_Tracking_Numbers_To_User"/>
  <testcase name="Add_Tracking_Number" time="3.353" classname="Test_Data_Generation.Add_Tracking_Numbers_To_User"/>
  <testcase name="Add_Tracking_Number" time="2.822" classname="Test_Data_Generation.Add_Tracking_Numbers_To_User"/>
  <testcase name="Add_Tracking_Number" time="3.202" classname="Test_Data_Generation.Add_Tracking_Numbers_To_User"/>
  <testcase name="Add_Tracking_Number" time="2.251" classname="Test_Data_Generation.Add_Tracking_Numbers_To_User"/>
  <testcase name="Add_Tracking_Number" time="2.334" classname="Test_Data_Generation.Add_Tracking_Numbers_To_User"/>
  <testcase name="Add_Tracking_Number" time="2.404" classname="Test_Data_Generation.Add_Tracking_Numbers_To_User"/>
  <testcase name="Add_Tracking_Number" time="2.442" classname="Test_Data_Generation.Add_Tracking_Numbers_To_User"/>
  <testcase name="Add_Tracking_Number" time="3.550" classname="Test_Data_Generation.Add_Tracking_Numbers_To_User"/>
  <testcase name="Add_Tracking_Number" time="2.876" classname="Test_Data_Generation.Add_Tracking_Numbers_To_User"/>
  <testcase name="Add_Tracking_Number" time="0.317" classname="Test_Data_Generation.Add_Tracking_Numbers_To_User"/>
  <testcase name="Add_Tracking_Number" time="2.725" classname="Test_Data_Generation.Add_Tracking_Numbers_To_User"/>
  <testcase name="Add_Tracking_Number" time="3.128" classname="Test_Data_Generation.Add_Tracking_Numbers_To_User"/>
  <testcase name="Add_Tracking_Number" time="4.045" classname="Test_Data_Generation.Add_Tracking_Numbers_To_User"/>
  <testcase name="Add_Tracking_Number" time="8.901" classname="Test_Data_Generation.Add_Tracking_Numbers_To_User"/>
  <testcase name="Add_Tracking_Number" time="3.507" classname="Test_Data_Generation.Add_Tracking_Numbers_To_User"/>
  <testcase name="Add_Tracking_Number" time="3.578" classname="Test_Data_Generation.Add_Tracking_Numbers_To_User"/>
  <testcase name="Add_Tracking_Number" time="2.898" classname="Test_Data_Generation.Add_Tracking_Numbers_To_User"/>
  <testcase name="Add_Tracking_Number" time="2.965" classname="Test_Data_Generation.Add_Tracking_Numbers_To_User"/>
  <testcase name="Add_Tracking_Number" time="2.603" classname="Test_Data_Generation.Add_Tracking_Numbers_To_User"/>
  <testcase name="Add_Tracking_Number" time="2.428" classname="Test_Data_Generation.Add_Tracking_Numbers_To_User"/>
</testsuite> <!-- Test_Data_Generation.Add_Tracking_Numbers_To_User -->
