<?xml version="1.0" encoding="UTF-8"?>
<!-- Generated by org.testng.reporters.JUnitReportReporter -->
<testsuite skipped="1" hostname="WTC-5159473-l2" name="INET_Application.eMASS_Scans" tests="9" failures="0" timestamp="06 Jan 2020 20:00:06 GMT" time="255.602" errors="0">
  <testcase name="eMASSTest" time="29.237" classname="INET_Application.eMASS_Scans"/>
  <testcase name="eMASSTest" time="30.898" classname="INET_Application.eMASS_Scans"/>
  <testcase name="eMASSTest" time="29.407" classname="INET_Application.eMASS_Scans"/>
  <testcase name="eMASSTest" time="48.447" classname="INET_Application.eMASS_Scans"/>
  <testcase name="eMASSTest" time="29.239" classname="INET_Application.eMASS_Scans"/>
  <testcase name="eMASSTest" time="29.755" classname="INET_Application.eMASS_Scans"/>
  <testcase name="eMASSTest" time="29.192" classname="INET_Application.eMASS_Scans"/>
  <testcase name="eMASSTest" time="29.427" classname="INET_Application.eMASS_Scans"/>
  <testcase name="eMASSFullUpdate" classname="INET_Application.eMASS_Scans">
    <skipped/>
  </testcase> <!-- eMASSFullUpdate -->
</testsuite> <!-- INET_Application.eMASS_Scans -->
