<?xml version="1.0" encoding="UTF-8"?>
<!-- Generated by org.testng.reporters.JUnitReportReporter -->
<testsuite skipped="0" hostname="WTC-5159473-l2" name="Test_Data_Generation.Tracking_Number_Systematic_Search" tests="11" failures="0" timestamp="04 Oct 2019 16:13:14 GMT" time="89.851" errors="0">
  <testcase name="Tracking_Number_Search" time="8.283" classname="Test_Data_Generation.Tracking_Number_Systematic_Search"/>
  <testcase name="Tracking_Number_Search" time="8.914" classname="Test_Data_Generation.Tracking_Number_Systematic_Search"/>
  <testcase name="Tracking_Number_Search" time="8.215" classname="Test_Data_Generation.Tracking_Number_Systematic_Search"/>
  <testcase name="Tracking_Number_Search" time="8.285" classname="Test_Data_Generation.Tracking_Number_Systematic_Search"/>
  <testcase name="Tracking_Number_Search" time="8.255" classname="Test_Data_Generation.Tracking_Number_Systematic_Search"/>
  <testcase name="Tracking_Number_Search" time="9.669" classname="Test_Data_Generation.Tracking_Number_Systematic_Search"/>
  <testcase name="Tracking_Number_Search" time="8.239" classname="Test_Data_Generation.Tracking_Number_Systematic_Search"/>
  <testcase name="Tracking_Number_Search" time="10.465" classname="Test_Data_Generation.Tracking_Number_Systematic_Search"/>
  <testcase name="Tracking_Number_Search" time="8.238" classname="Test_Data_Generation.Tracking_Number_Systematic_Search"/>
  <testcase name="Tracking_Number_Search" time="11.286" classname="Test_Data_Generation.Tracking_Number_Systematic_Search"/>
  <testcase name="WriteRemainder" time="0.002" classname="Test_Data_Generation.Tracking_Number_Systematic_Search"/>
</testsuite> <!-- Test_Data_Generation.Tracking_Number_Systematic_Search -->
