<?xml version="1.0" encoding="UTF-8"?>
<!-- Generated by org.testng.reporters.JUnitReportReporter -->
<testsuite skipped="0" hostname="WTC-5159473-l2" name="Test_Data_Update.TestData_Update" tests="13" failures="0" timestamp="16 Oct 2019 14:49:51 GMT" time="414.987" errors="0">
  <testcase name="Update_Login_Information" time="25.548" classname="Test_Data_Update.TestData_Update"/>
  <testcase name="Update_Login_Information" time="34.267" classname="Test_Data_Update.TestData_Update"/>
  <testcase name="Update_Login_Information" time="24.670" classname="Test_Data_Update.TestData_Update"/>
  <testcase name="Update_Login_Information" time="31.935" classname="Test_Data_Update.TestData_Update"/>
  <testcase name="Update_Login_Information" time="26.481" classname="Test_Data_Update.TestData_Update"/>
  <testcase name="Update_Login_Information" time="34.860" classname="Test_Data_Update.TestData_Update"/>
  <testcase name="Update_Login_Information" time="30.804" classname="Test_Data_Update.TestData_Update"/>
  <testcase name="Update_Login_Information" time="33.474" classname="Test_Data_Update.TestData_Update"/>
  <testcase name="Update_Login_Information" time="29.388" classname="Test_Data_Update.TestData_Update"/>
  <testcase name="Update_Login_Information" time="33.111" classname="Test_Data_Update.TestData_Update"/>
  <testcase name="Update_Login_Information" time="43.776" classname="Test_Data_Update.TestData_Update"/>
  <testcase name="Update_Login_Information" time="42.743" classname="Test_Data_Update.TestData_Update"/>
  <testcase name="Update_Login_Information" time="23.930" classname="Test_Data_Update.TestData_Update"/>
</testsuite> <!-- Test_Data_Update.TestData_Update -->
