<?xml version="1.0" encoding="UTF-8"?>
<!-- Generated by org.testng.reporters.JUnitReportReporter -->
<testsuite skipped="1" hostname="WTC-5159473-l2" name="Test_Data_Generation.Tracking_Number_Generation" tests="2" failures="0" timestamp="06 Jan 2020 20:39:27 GMT" time="106.633" errors="0">
  <testcase name="SHPC_Create_Shipment" time="106.633" classname="Test_Data_Generation.Tracking_Number_Generation"/>
  <testcase name="INET_Create_Shipment" classname="Test_Data_Generation.Tracking_Number_Generation">
    <skipped/>
  </testcase> <!-- INET_Create_Shipment -->
</testsuite> <!-- Test_Data_Generation.Tracking_Number_Generation -->
