<?xml version="1.0" encoding="UTF-8"?>
<!-- Generated by org.testng.reporters.JUnitReportReporter -->
<testsuite skipped="3" hostname="WTC-5159473-l2" name="WFCL_Application.WFCL_Manual_Helper" tests="4" failures="1" timestamp="11 Jun 2019 18:39:14 GMT" time="681.195" errors="0">
  <testcase name="AccountRegistration_INET_Test" time="681.195" classname="WFCL_Application.WFCL_Manual_Helper">
    <failure type="java.lang.AssertionError" message="Element is still visable on page.  By.className: busyDiv">
      <![CDATA[java.lang.AssertionError: Element is still visable on page.  By.className: busyDiv
at org.testng.Assert.fail(Assert.java:96)
at WFCL_Application.WFCL_Manual_Helper.AccountRegistration_INET_Test(WFCL_Manual_Helper.java:106)
at sun.reflect.NativeMethodAccessorImpl.invoke0(Native Method)
at sun.reflect.NativeMethodAccessorImpl.invoke(Unknown Source)
at sun.reflect.DelegatingMethodAccessorImpl.invoke(Unknown Source)
at java.lang.reflect.Method.invoke(Unknown Source)
at org.testng.internal.MethodInvocationHelper.invokeMethod(MethodInvocationHelper.java:124)
at org.testng.internal.Invoker.invokeMethod(Invoker.java:580)
at org.testng.internal.Invoker.invokeTestMethod(Invoker.java:716)
at org.testng.internal.TestMethodWithDataProviderMethodWorker.call(TestMethodWithDataProviderMethodWorker.java:71)
at org.testng.internal.TestMethodWithDataProviderMethodWorker.call(TestMethodWithDataProviderMethodWorker.java:14)
at java.util.concurrent.FutureTask.run(Unknown Source)
at java.util.concurrent.Executors$RunnableAdapter.call(Unknown Source)
at java.util.concurrent.FutureTask.run(Unknown Source)
at java.util.concurrent.ThreadPoolExecutor.runWorker(Unknown Source)
at java.util.concurrent.ThreadPoolExecutor$Worker.run(Unknown Source)
at java.lang.Thread.run(Unknown Source)
]]>
    </failure>
  </testcase> <!-- AccountRegistration_INET_Test -->
  <testcase name="AccountRegistration_Take_Account_Online" classname="WFCL_Application.WFCL_Manual_Helper">
    <skipped/>
  </testcase> <!-- AccountRegistration_Take_Account_Online -->
  <testcase name="Link_Account_To_Specific_User" classname="WFCL_Application.WFCL_Manual_Helper">
    <skipped/>
  </testcase> <!-- Link_Account_To_Specific_User -->
  <testcase name="WFCL_Rewards_Registration" classname="WFCL_Application.WFCL_Manual_Helper">
    <skipped/>
  </testcase> <!-- WFCL_Rewards_Registration -->
</testsuite> <!-- WFCL_Application.WFCL_Manual_Helper -->
