<?xml version="1.0" encoding="UTF-8"?>
<!-- Generated by org.testng.reporters.JUnitReportReporter -->
<testsuite skipped="1" hostname="WTC-5159473-l2" name="USRC.USRC_FDM" tests="2" failures="0" timestamp="20 Nov 2019 20:27:30 GMT" time="5.033" errors="0">
  <testcase name="CreateNewUsers" time="5.033" classname="USRC.USRC_FDM"/>
  <testcase name="EndtoEndEnrollment_EmailaAsUserId" classname="USRC.USRC_FDM">
    <skipped/>
  </testcase> <!-- EndtoEndEnrollment_EmailaAsUserId -->
</testsuite> <!-- USRC.USRC_FDM -->
