<?xml version="1.0" encoding="UTF-8"?>
<!-- Generated by org.testng.reporters.JUnitReportReporter -->
<testsuite skipped="2" hostname="WTC-5159473-l2" name="Test_Data_Generation.Tracking_Data_Update" tests="10" failures="0" timestamp="16 Sep 2019 15:22:52 GMT" time="266.681" errors="0">
  <testcase name="Tracking_Number_Update" time="44.817" classname="Test_Data_Generation.Tracking_Data_Update"/>
  <testcase name="Tracking_Number_Update" time="16.875" classname="Test_Data_Generation.Tracking_Data_Update"/>
  <testcase name="Tracking_Number_Update" time="21.526" classname="Test_Data_Generation.Tracking_Data_Update"/>
  <testcase name="Tracking_Number_Update" time="11.478" classname="Test_Data_Generation.Tracking_Data_Update"/>
  <testcase name="Tracking_Number_Update" time="56.610" classname="Test_Data_Generation.Tracking_Data_Update"/>
  <testcase name="Tracking_Number_Update" time="36.595" classname="Test_Data_Generation.Tracking_Data_Update"/>
  <testcase name="Tracking_Number_Update" time="27.861" classname="Test_Data_Generation.Tracking_Data_Update"/>
  <testcase name="Tracking_Number_Update" time="50.919" classname="Test_Data_Generation.Tracking_Data_Update"/>
  <testcase name="Pull_Tracking_Numbers" classname="Test_Data_Generation.Tracking_Data_Update">
    <skipped/>
  </testcase> <!-- Pull_Tracking_Numbers -->
  <testcase name="REDO_Tracking_Number_Update" classname="Test_Data_Generation.Tracking_Data_Update">
    <skipped/>
  </testcase> <!-- REDO_Tracking_Number_Update -->
</testsuite> <!-- Test_Data_Generation.Tracking_Data_Update -->
