<?xml version="1.0" encoding="UTF-8"?>
<!-- Generated by org.testng.reporters.JUnitReportReporter -->
<testsuite skipped="2" hostname="WTC-5159473-l2" name="Test_Data_Generation.Tracking_Number_Systematic_Search" tests="3002" failures="0" timestamp="18 Dec 2020 01:32:33 GMT" time="95065.039" errors="0">
  <testcase name="Tracking_Number_Search" time="20.365" classname="Test_Data_Generation.Tracking_Number_Systematic_Search"/>
  <testcase name="Tracking_Number_Search" time="10.486" classname="Test_Data_Generation.Tracking_Number_Systematic_Search"/>
  <testcase name="Tracking_Number_Search" time="8.523" classname="Test_Data_Generation.Tracking_Number_Systematic_Search"/>
  <testcase name="Tracking_Number_Search" time="8.977" classname="Test_Data_Generation.Tracking_Number_Systematic_Search"/>
  <testcase name="Tracking_Number_Search" time="22.746" classname="Test_Data_Generation.Tracking_Number_Systematic_Search"/>
  <testcase name="Tracking_Number_Search" time="47.217" classname="Test_Data_Generation.Tracking_Number_Systematic_Search"/>
  <testcase name="Tracking_Number_Search" time="9.672" classname="Test_Data_Generation.Tracking_Number_Systematic_Search"/>
  <testcase name="Tracking_Number_Search" time="22.597" classname="Test_Data_Generation.Tracking_Number_Systematic_Search"/>
  <testcase name="Tracking_Number_Search" time="26.555" classname="Test_Data_Generation.Tracking_Number_Systematic_Search"/>
  <testcase name="Tracking_Number_Search" time="15.011" classname="Test_Data_Generation.Tracking_Number_Systematic_Search"/>
  <testcase name="Tracking_Number_Search" time="13.269" classname="Test_Data_Generation.Tracking_Number_Systematic_Search"/>
  <testcase name="Tracking_Number_Search" time="115.508" classname="Test_Data_Generation.Tracking_Number_Systematic_Search"/>
  <testcase name="Tracking_Number_Search" time="24.303" classname="Test_Data_Generation.Tracking_Number_Systematic_Search"/>
  <testcase name="Tracking_Number_Search" time="24.209" classname="Test_Data_Generation.Tracking_Number_Systematic_Search"/>
  <testcase name="Tracking_Number_Search" time="13.337" classname="Test_Data_Generation.Tracking_Number_Systematic_Search"/>
  <testcase name="Tracking_Number_Search" time="15.283" classname="Test_Data_Generation.Tracking_Number_Systematic_Search"/>
  <testcase name="Tracking_Number_Search" time="21.794" classname="Test_Data_Generation.Tracking_Number_Systematic_Search"/>
  <testcase name="Tracking_Number_Search" time="41.255" classname="Test_Data_Generation.Tracking_Number_Systematic_Search"/>
  <testcase name="Tracking_Number_Search" time="1.744" classname="Test_Data_Generation.Tracking_Number_Systematic_Search"/>
  <testcase name="Tracking_Number_Search" time="46.289" classname="Test_Data_Generation.Tracking_Number_Systematic_Search"/>
  <testcase name="Tracking_Number_Search" time="1.119" classname="Test_Data_Generation.Tracking_Number_Systematic_Search"/>
  <testcase name="Tracking_Number_Search" time="27.158" classname="Test_Data_Generation.Tracking_Number_Systematic_Search"/>
  <testcase name="Tracking_Number_Search" time="64.433" classname="Test_Data_Generation.Tracking_Number_Systematic_Search"/>
  <testcase name="Tracking_Number_Search" time="29.410" classname="Test_Data_Generation.Tracking_Number_Systematic_Search"/>
  <testcase name="Tracking_Number_Search" time="90.283" classname="Test_Data_Generation.Tracking_Number_Systematic_Search"/>
  <testcase name="Tracking_Number_Search" time="26.215" classname="Test_Data_Generation.Tracking_Number_Systematic_Search"/>
  <testcase name="Tracking_Number_Search" time="7.457" classname="Test_Data_Generation.Tracking_Number_Systematic_Search"/>
  <testcase name="Tracking_Number_Search" time="13.483" classname="Test_Data_Generation.Tracking_Number_Systematic_Search"/>
  <testcase name="Tracking_Number_Search" time="29.759" classname="Test_Data_Generation.Tracking_Number_Systematic_Search"/>
  <testcase name="Tracking_Number_Search" time="53.754" classname="Test_Data_Generation.Tracking_Number_Systematic_Search"/>
  <testcase name="Tracking_Number_Search" time="27.789" classname="Test_Data_Generation.Tracking_Number_Systematic_Search"/>
  <testcase name="Tracking_Number_Search" time="90.793" classname="Test_Data_Generation.Tracking_Number_Systematic_Search"/>
  <testcase name="Tracking_Number_Search" time="2.274" classname="Test_Data_Generation.Tracking_Number_Systematic_Search"/>
  <testcase name="Tracking_Number_Search" time="18.662" classname="Test_Data_Generation.Tracking_Number_Systematic_Search"/>
  <testcase name="Tracking_Number_Search" time="38.159" classname="Test_Data_Generation.Tracking_Number_Systematic_Search"/>
  <testcase name="Tracking_Number_Search" time="55.073" classname="Test_Data_Generation.Tracking_Number_Systematic_Search"/>
  <testcase name="Tracking_Number_Search" time="20.148" classname="Test_Data_Generation.Tracking_Number_Systematic_Search"/>
  <testcase name="Tracking_Number_Search" time="33.022" classname="Test_Data_Generation.Tracking_Number_Systematic_Search"/>
  <testcase name="Tracking_Number_Search" time="22.291" classname="Test_Data_Generation.Tracking_Number_Systematic_Search"/>
  <testcase name="Tracking_Number_Search" time="35.727" classname="Test_Data_Generation.Tracking_Number_Systematic_Search"/>
  <testcase name="Tracking_Number_Search" time="18.086" classname="Test_Data_Generation.Tracking_Number_Systematic_Search"/>
  <testcase name="Tracking_Number_Search" time="23.342" classname="Test_Data_Generation.Tracking_Number_Systematic_Search"/>
  <testcase name="Tracking_Number_Search" time="13.355" classname="Test_Data_Generation.Tracking_Number_Systematic_Search"/>
  <testcase name="Tracking_Number_Search" time="22.177" classname="Test_Data_Generation.Tracking_Number_Systematic_Search"/>
  <testcase name="Tracking_Number_Search" time="33.102" classname="Test_Data_Generation.Tracking_Number_Systematic_Search"/>
  <testcase name="Tracking_Number_Search" time="27.627" classname="Test_Data_Generation.Tracking_Number_Systematic_Search"/>
  <testcase name="Tracking_Number_Search" time="58.279" classname="Test_Data_Generation.Tracking_Number_Systematic_Search"/>
  <testcase name="Tracking_Number_Search" time="15.610" classname="Test_Data_Generation.Tracking_Number_Systematic_Search"/>
  <testcase name="Tracking_Number_Search" time="9.295" classname="Test_Data_Generation.Tracking_Number_Systematic_Search"/>
  <testcase name="Tracking_Number_Search" time="5.786" classname="Test_Data_Generation.Tracking_Number_Systematic_Search"/>
  <testcase name="Tracking_Number_Search" time="13.834" classname="Test_Data_Generation.Tracking_Number_Systematic_Search"/>
  <testcase name="Tracking_Number_Search" time="30.606" classname="Test_Data_Generation.Tracking_Number_Systematic_Search"/>
  <testcase name="Tracking_Number_Search" time="33.828" classname="Test_Data_Generation.Tracking_Number_Systematic_Search"/>
  <testcase name="Tracking_Number_Search" time="11.937" classname="Test_Data_Generation.Tracking_Number_Systematic_Search"/>
  <testcase name="Tracking_Number_Search" time="19.019" classname="Test_Data_Generation.Tracking_Number_Systematic_Search"/>
  <testcase name="Tracking_Number_Search" time="31.364" classname="Test_Data_Generation.Tracking_Number_Systematic_Search"/>
  <testcase name="Tracking_Number_Search" time="43.170" classname="Test_Data_Generation.Tracking_Number_Systematic_Search"/>
  <testcase name="Tracking_Number_Search" time="31.360" classname="Test_Data_Generation.Tracking_Number_Systematic_Search"/>
  <testcase name="Tracking_Number_Search" time="22.505" classname="Test_Data_Generation.Tracking_Number_Systematic_Search"/>
  <testcase name="Tracking_Number_Search" time="36.824" classname="Test_Data_Generation.Tracking_Number_Systematic_Search"/>
  <testcase name="Tracking_Number_Search" time="19.708" classname="Test_Data_Generation.Tracking_Number_Systematic_Search"/>
  <testcase name="Tracking_Number_Search" time="61.688" classname="Test_Data_Generation.Tracking_Number_Systematic_Search"/>
  <testcase name="Tracking_Number_Search" time="19.480" classname="Test_Data_Generation.Tracking_Number_Systematic_Search"/>
  <testcase name="Tracking_Number_Search" time="23.141" classname="Test_Data_Generation.Tracking_Number_Systematic_Search"/>
  <testcase name="Tracking_Number_Search" time="34.746" classname="Test_Data_Generation.Tracking_Number_Systematic_Search"/>
  <testcase name="Tracking_Number_Search" time="14.410" classname="Test_Data_Generation.Tracking_Number_Systematic_Search"/>
  <testcase name="Tracking_Number_Search" time="16.621" classname="Test_Data_Generation.Tracking_Number_Systematic_Search"/>
  <testcase name="Tracking_Number_Search" time="17.235" classname="Test_Data_Generation.Tracking_Number_Systematic_Search"/>
  <testcase name="Tracking_Number_Search" time="36.613" classname="Test_Data_Generation.Tracking_Number_Systematic_Search"/>
  <testcase name="Tracking_Number_Search" time="27.408" classname="Test_Data_Generation.Tracking_Number_Systematic_Search"/>
  <testcase name="Tracking_Number_Search" time="44.106" classname="Test_Data_Generation.Tracking_Number_Systematic_Search"/>
  <testcase name="Tracking_Number_Search" time="30.326" classname="Test_Data_Generation.Tracking_Number_Systematic_Search"/>
  <testcase name="Tracking_Number_Search" time="36.161" classname="Test_Data_Generation.Tracking_Number_Systematic_Search"/>
  <testcase name="Tracking_Number_Search" time="14.705" classname="Test_Data_Generation.Tracking_Number_Systematic_Search"/>
  <testcase name="Tracking_Number_Search" time="77.500" classname="Test_Data_Generation.Tracking_Number_Systematic_Search"/>
  <testcase name="Tracking_Number_Search" time="42.411" classname="Test_Data_Generation.Tracking_Number_Systematic_Search"/>
  <testcase name="Tracking_Number_Search" time="75.363" classname="Test_Data_Generation.Tracking_Number_Systematic_Search"/>
  <testcase name="Tracking_Number_Search" time="39.995" classname="Test_Data_Generation.Tracking_Number_Systematic_Search"/>
  <testcase name="Tracking_Number_Search" time="8.723" classname="Test_Data_Generation.Tracking_Number_Systematic_Search"/>
  <testcase name="Tracking_Number_Search" time="15.975" classname="Test_Data_Generation.Tracking_Number_Systematic_Search"/>
  <testcase name="Tracking_Number_Search" time="35.758" classname="Test_Data_Generation.Tracking_Number_Systematic_Search"/>
  <testcase name="Tracking_Number_Search" time="16.269" classname="Test_Data_Generation.Tracking_Number_Systematic_Search"/>
  <testcase name="Tracking_Number_Search" time="61.256" classname="Test_Data_Generation.Tracking_Number_Systematic_Search"/>
  <testcase name="Tracking_Number_Search" time="6.818" classname="Test_Data_Generation.Tracking_Number_Systematic_Search"/>
  <testcase name="Tracking_Number_Search" time="15.493" classname="Test_Data_Generation.Tracking_Number_Systematic_Search"/>
  <testcase name="Tracking_Number_Search" time="8.964" classname="Test_Data_Generation.Tracking_Number_Systematic_Search"/>
  <testcase name="Tracking_Number_Search" time="39.597" classname="Test_Data_Generation.Tracking_Number_Systematic_Search"/>
  <testcase name="Tracking_Number_Search" time="35.480" classname="Test_Data_Generation.Tracking_Number_Systematic_Search"/>
  <testcase name="Tracking_Number_Search" time="24.074" classname="Test_Data_Generation.Tracking_Number_Systematic_Search"/>
  <testcase name="Tracking_Number_Search" time="15.785" classname="Test_Data_Generation.Tracking_Number_Systematic_Search"/>
  <testcase name="Tracking_Number_Search" time="39.851" classname="Test_Data_Generation.Tracking_Number_Systematic_Search"/>
  <testcase name="Tracking_Number_Search" time="5.573" classname="Test_Data_Generation.Tracking_Number_Systematic_Search"/>
  <testcase name="Tracking_Number_Search" time="26.094" classname="Test_Data_Generation.Tracking_Number_Systematic_Search"/>
  <testcase name="Tracking_Number_Search" time="90.978" classname="Test_Data_Generation.Tracking_Number_Systematic_Search"/>
  <testcase name="Tracking_Number_Search" time="17.124" classname="Test_Data_Generation.Tracking_Number_Systematic_Search"/>
  <testcase name="Tracking_Number_Search" time="29.081" classname="Test_Data_Generation.Tracking_Number_Systematic_Search"/>
  <testcase name="Tracking_Number_Search" time="16.679" classname="Test_Data_Generation.Tracking_Number_Systematic_Search"/>
  <testcase name="Tracking_Number_Search" time="22.293" classname="Test_Data_Generation.Tracking_Number_Systematic_Search"/>
  <testcase name="Tracking_Number_Search" time="40.608" classname="Test_Data_Generation.Tracking_Number_Systematic_Search"/>
  <testcase name="Tracking_Number_Search" time="26.058" classname="Test_Data_Generation.Tracking_Number_Systematic_Search"/>
  <testcase name="Tracking_Number_Search" time="21.574" classname="Test_Data_Generation.Tracking_Number_Systematic_Search"/>
  <testcase name="Tracking_Number_Search" time="178.881" classname="Test_Data_Generation.Tracking_Number_Systematic_Search"/>
  <testcase name="Tracking_Number_Search" time="27.152" classname="Test_Data_Generation.Tracking_Number_Systematic_Search"/>
  <testcase name="Tracking_Number_Search" time="21.332" classname="Test_Data_Generation.Tracking_Number_Systematic_Search"/>
  <testcase name="Tracking_Number_Search" time="32.177" classname="Test_Data_Generation.Tracking_Number_Systematic_Search"/>
  <testcase name="Tracking_Number_Search" time="12.314" classname="Test_Data_Generation.Tracking_Number_Systematic_Search"/>
  <testcase name="Tracking_Number_Search" time="27.618" classname="Test_Data_Generation.Tracking_Number_Systematic_Search"/>
  <testcase name="Tracking_Number_Search" time="17.347" classname="Test_Data_Generation.Tracking_Number_Systematic_Search"/>
  <testcase name="Tracking_Number_Search" time="13.410" classname="Test_Data_Generation.Tracking_Number_Systematic_Search"/>
  <testcase name="Tracking_Number_Search" time="26.900" classname="Test_Data_Generation.Tracking_Number_Systematic_Search"/>
  <testcase name="Tracking_Number_Search" time="15.362" classname="Test_Data_Generation.Tracking_Number_Systematic_Search"/>
  <testcase name="Tracking_Number_Search" time="128.835" classname="Test_Data_Generation.Tracking_Number_Systematic_Search"/>
  <testcase name="Tracking_Number_Search" time="30.975" classname="Test_Data_Generation.Tracking_Number_Systematic_Search"/>
  <testcase name="Tracking_Number_Search" time="99.062" classname="Test_Data_Generation.Tracking_Number_Systematic_Search"/>
  <testcase name="Tracking_Number_Search" time="27.104" classname="Test_Data_Generation.Tracking_Number_Systematic_Search"/>
  <testcase name="Tracking_Number_Search" time="17.501" classname="Test_Data_Generation.Tracking_Number_Systematic_Search"/>
  <testcase name="Tracking_Number_Search" time="4.783" classname="Test_Data_Generation.Tracking_Number_Systematic_Search"/>
  <testcase name="Tracking_Number_Search" time="16.803" classname="Test_Data_Generation.Tracking_Number_Systematic_Search"/>
  <testcase name="Tracking_Number_Search" time="23.701" classname="Test_Data_Generation.Tracking_Number_Systematic_Search"/>
  <testcase name="Tracking_Number_Search" time="32.969" classname="Test_Data_Generation.Tracking_Number_Systematic_Search"/>
  <testcase name="Tracking_Number_Search" time="24.705" classname="Test_Data_Generation.Tracking_Number_Systematic_Search"/>
  <testcase name="Tracking_Number_Search" time="10.691" classname="Test_Data_Generation.Tracking_Number_Systematic_Search"/>
  <testcase name="Tracking_Number_Search" time="29.138" classname="Test_Data_Generation.Tracking_Number_Systematic_Search"/>
  <testcase name="Tracking_Number_Search" time="61.145" classname="Test_Data_Generation.Tracking_Number_Systematic_Search"/>
  <testcase name="Tracking_Number_Search" time="6.070" classname="Test_Data_Generation.Tracking_Number_Systematic_Search"/>
  <testcase name="Tracking_Number_Search" time="12.000" classname="Test_Data_Generation.Tracking_Number_Systematic_Search"/>
  <testcase name="Tracking_Number_Search" time="25.281" classname="Test_Data_Generation.Tracking_Number_Systematic_Search"/>
  <testcase name="Tracking_Number_Search" time="34.302" classname="Test_Data_Generation.Tracking_Number_Systematic_Search"/>
  <testcase name="Tracking_Number_Search" time="51.271" classname="Test_Data_Generation.Tracking_Number_Systematic_Search"/>
  <testcase name="Tracking_Number_Search" time="18.421" classname="Test_Data_Generation.Tracking_Number_Systematic_Search"/>
  <testcase name="Tracking_Number_Search" time="71.277" classname="Test_Data_Generation.Tracking_Number_Systematic_Search"/>
  <testcase name="Tracking_Number_Search" time="31.156" classname="Test_Data_Generation.Tracking_Number_Systematic_Search"/>
  <testcase name="Tracking_Number_Search" time="18.530" classname="Test_Data_Generation.Tracking_Number_Systematic_Search"/>
  <testcase name="Tracking_Number_Search" time="33.908" classname="Test_Data_Generation.Tracking_Number_Systematic_Search"/>
  <testcase name="Tracking_Number_Search" time="12.182" classname="Test_Data_Generation.Tracking_Number_Systematic_Search"/>
  <testcase name="Tracking_Number_Search" time="93.787" classname="Test_Data_Generation.Tracking_Number_Systematic_Search"/>
  <testcase name="Tracking_Number_Search" time="18.204" classname="Test_Data_Generation.Tracking_Number_Systematic_Search"/>
  <testcase name="Tracking_Number_Search" time="25.660" classname="Test_Data_Generation.Tracking_Number_Systematic_Search"/>
  <testcase name="Tracking_Number_Search" time="29.417" classname="Test_Data_Generation.Tracking_Number_Systematic_Search"/>
  <testcase name="Tracking_Number_Search" time="14.315" classname="Test_Data_Generation.Tracking_Number_Systematic_Search"/>
  <testcase name="Tracking_Number_Search" time="21.943" classname="Test_Data_Generation.Tracking_Number_Systematic_Search"/>
  <testcase name="Tracking_Number_Search" time="32.633" classname="Test_Data_Generation.Tracking_Number_Systematic_Search"/>
  <testcase name="Tracking_Number_Search" time="16.799" classname="Test_Data_Generation.Tracking_Number_Systematic_Search"/>
  <testcase name="Tracking_Number_Search" time="30.338" classname="Test_Data_Generation.Tracking_Number_Systematic_Search"/>
  <testcase name="Tracking_Number_Search" time="22.820" classname="Test_Data_Generation.Tracking_Number_Systematic_Search"/>
  <testcase name="Tracking_Number_Search" time="27.731" classname="Test_Data_Generation.Tracking_Number_Systematic_Search"/>
  <testcase name="Tracking_Number_Search" time="33.662" classname="Test_Data_Generation.Tracking_Number_Systematic_Search"/>
  <testcase name="Tracking_Number_Search" time="24.953" classname="Test_Data_Generation.Tracking_Number_Systematic_Search"/>
  <testcase name="Tracking_Number_Search" time="13.401" classname="Test_Data_Generation.Tracking_Number_Systematic_Search"/>
  <testcase name="Tracking_Number_Search" time="73.081" classname="Test_Data_Generation.Tracking_Number_Systematic_Search"/>
  <testcase name="Tracking_Number_Search" time="41.245" classname="Test_Data_Generation.Tracking_Number_Systematic_Search"/>
  <testcase name="Tracking_Number_Search" time="44.943" classname="Test_Data_Generation.Tracking_Number_Systematic_Search"/>
  <testcase name="Tracking_Number_Search" time="15.952" classname="Test_Data_Generation.Tracking_Number_Systematic_Search"/>
  <testcase name="Tracking_Number_Search" time="12.548" classname="Test_Data_Generation.Tracking_Number_Systematic_Search"/>
  <testcase name="Tracking_Number_Search" time="18.543" classname="Test_Data_Generation.Tracking_Number_Systematic_Search"/>
  <testcase name="Tracking_Number_Search" time="1.138" classname="Test_Data_Generation.Tracking_Number_Systematic_Search"/>
  <testcase name="Tracking_Number_Search" time="33.081" classname="Test_Data_Generation.Tracking_Number_Systematic_Search"/>
  <testcase name="Tracking_Number_Search" time="33.656" classname="Test_Data_Generation.Tracking_Number_Systematic_Search"/>
  <testcase name="Tracking_Number_Search" time="17.729" classname="Test_Data_Generation.Tracking_Number_Systematic_Search"/>
  <testcase name="Tracking_Number_Search" time="14.755" classname="Test_Data_Generation.Tracking_Number_Systematic_Search"/>
  <testcase name="Tracking_Number_Search" time="23.243" classname="Test_Data_Generation.Tracking_Number_Systematic_Search"/>
  <testcase name="Tracking_Number_Search" time="23.289" classname="Test_Data_Generation.Tracking_Number_Systematic_Search"/>
  <testcase name="Tracking_Number_Search" time="15.485" classname="Test_Data_Generation.Tracking_Number_Systematic_Search"/>
  <testcase name="Tracking_Number_Search" time="19.332" classname="Test_Data_Generation.Tracking_Number_Systematic_Search"/>
  <testcase name="Tracking_Number_Search" time="23.076" classname="Test_Data_Generation.Tracking_Number_Systematic_Search"/>
  <testcase name="Tracking_Number_Search" time="34.763" classname="Test_Data_Generation.Tracking_Number_Systematic_Search"/>
  <testcase name="Tracking_Number_Search" time="48.270" classname="Test_Data_Generation.Tracking_Number_Systematic_Search"/>
  <testcase name="Tracking_Number_Search" time="23.795" classname="Test_Data_Generation.Tracking_Number_Systematic_Search"/>
  <testcase name="Tracking_Number_Search" time="29.267" classname="Test_Data_Generation.Tracking_Number_Systematic_Search"/>
  <testcase name="Tracking_Number_Search" time="22.794" classname="Test_Data_Generation.Tracking_Number_Systematic_Search"/>
  <testcase name="Tracking_Number_Search" time="29.677" classname="Test_Data_Generation.Tracking_Number_Systematic_Search"/>
  <testcase name="Tracking_Number_Search" time="15.652" classname="Test_Data_Generation.Tracking_Number_Systematic_Search"/>
  <testcase name="Tracking_Number_Search" time="13.821" classname="Test_Data_Generation.Tracking_Number_Systematic_Search"/>
  <testcase name="Tracking_Number_Search" time="11.627" classname="Test_Data_Generation.Tracking_Number_Systematic_Search"/>
  <testcase name="Tracking_Number_Search" time="27.527" classname="Test_Data_Generation.Tracking_Number_Systematic_Search"/>
  <testcase name="Tracking_Number_Search" time="24.678" classname="Test_Data_Generation.Tracking_Number_Systematic_Search"/>
  <testcase name="Tracking_Number_Search" time="47.845" classname="Test_Data_Generation.Tracking_Number_Systematic_Search"/>
  <testcase name="Tracking_Number_Search" time="19.987" classname="Test_Data_Generation.Tracking_Number_Systematic_Search"/>
  <testcase name="Tracking_Number_Search" time="11.534" classname="Test_Data_Generation.Tracking_Number_Systematic_Search"/>
  <testcase name="Tracking_Number_Search" time="31.294" classname="Test_Data_Generation.Tracking_Number_Systematic_Search"/>
  <testcase name="Tracking_Number_Search" time="17.927" classname="Test_Data_Generation.Tracking_Number_Systematic_Search"/>
  <testcase name="Tracking_Number_Search" time="25.037" classname="Test_Data_Generation.Tracking_Number_Systematic_Search"/>
  <testcase name="Tracking_Number_Search" time="24.736" classname="Test_Data_Generation.Tracking_Number_Systematic_Search"/>
  <testcase name="Tracking_Number_Search" time="34.262" classname="Test_Data_Generation.Tracking_Number_Systematic_Search"/>
  <testcase name="Tracking_Number_Search" time="23.980" classname="Test_Data_Generation.Tracking_Number_Systematic_Search"/>
  <testcase name="Tracking_Number_Search" time="26.287" classname="Test_Data_Generation.Tracking_Number_Systematic_Search"/>
  <testcase name="Tracking_Number_Search" time="41.900" classname="Test_Data_Generation.Tracking_Number_Systematic_Search"/>
  <testcase name="Tracking_Number_Search" time="23.899" classname="Test_Data_Generation.Tracking_Number_Systematic_Search"/>
  <testcase name="Tracking_Number_Search" time="12.786" classname="Test_Data_Generation.Tracking_Number_Systematic_Search"/>
  <testcase name="Tracking_Number_Search" time="54.989" classname="Test_Data_Generation.Tracking_Number_Systematic_Search"/>
  <testcase name="Tracking_Number_Search" time="28.405" classname="Test_Data_Generation.Tracking_Number_Systematic_Search"/>
  <testcase name="Tracking_Number_Search" time="28.081" classname="Test_Data_Generation.Tracking_Number_Systematic_Search"/>
  <testcase name="Tracking_Number_Search" time="15.919" classname="Test_Data_Generation.Tracking_Number_Systematic_Search"/>
  <testcase name="Tracking_Number_Search" time="36.767" classname="Test_Data_Generation.Tracking_Number_Systematic_Search"/>
  <testcase name="Tracking_Number_Search" time="49.781" classname="Test_Data_Generation.Tracking_Number_Systematic_Search"/>
  <testcase name="Tracking_Number_Search" time="15.148" classname="Test_Data_Generation.Tracking_Number_Systematic_Search"/>
  <testcase name="Tracking_Number_Search" time="15.871" classname="Test_Data_Generation.Tracking_Number_Systematic_Search"/>
  <testcase name="Tracking_Number_Search" time="24.510" classname="Test_Data_Generation.Tracking_Number_Systematic_Search"/>
  <testcase name="Tracking_Number_Search" time="31.647" classname="Test_Data_Generation.Tracking_Number_Systematic_Search"/>
  <testcase name="Tracking_Number_Search" time="26.298" classname="Test_Data_Generation.Tracking_Number_Systematic_Search"/>
  <testcase name="Tracking_Number_Search" time="38.053" classname="Test_Data_Generation.Tracking_Number_Systematic_Search"/>
  <testcase name="Tracking_Number_Search" time="60.670" classname="Test_Data_Generation.Tracking_Number_Systematic_Search"/>
  <testcase name="Tracking_Number_Search" time="31.624" classname="Test_Data_Generation.Tracking_Number_Systematic_Search"/>
  <testcase name="Tracking_Number_Search" time="18.224" classname="Test_Data_Generation.Tracking_Number_Systematic_Search"/>
  <testcase name="Tracking_Number_Search" time="7.302" classname="Test_Data_Generation.Tracking_Number_Systematic_Search"/>
  <testcase name="Tracking_Number_Search" time="50.200" classname="Test_Data_Generation.Tracking_Number_Systematic_Search"/>
  <testcase name="Tracking_Number_Search" time="21.474" classname="Test_Data_Generation.Tracking_Number_Systematic_Search"/>
  <testcase name="Tracking_Number_Search" time="113.085" classname="Test_Data_Generation.Tracking_Number_Systematic_Search"/>
  <testcase name="Tracking_Number_Search" time="22.591" classname="Test_Data_Generation.Tracking_Number_Systematic_Search"/>
  <testcase name="Tracking_Number_Search" time="15.067" classname="Test_Data_Generation.Tracking_Number_Systematic_Search"/>
  <testcase name="Tracking_Number_Search" time="87.838" classname="Test_Data_Generation.Tracking_Number_Systematic_Search"/>
  <testcase name="Tracking_Number_Search" time="35.970" classname="Test_Data_Generation.Tracking_Number_Systematic_Search"/>
  <testcase name="Tracking_Number_Search" time="28.185" classname="Test_Data_Generation.Tracking_Number_Systematic_Search"/>
  <testcase name="Tracking_Number_Search" time="18.646" classname="Test_Data_Generation.Tracking_Number_Systematic_Search"/>
  <testcase name="Tracking_Number_Search" time="24.888" classname="Test_Data_Generation.Tracking_Number_Systematic_Search"/>
  <testcase name="Tracking_Number_Search" time="23.496" classname="Test_Data_Generation.Tracking_Number_Systematic_Search"/>
  <testcase name="Tracking_Number_Search" time="14.949" classname="Test_Data_Generation.Tracking_Number_Systematic_Search"/>
  <testcase name="Tracking_Number_Search" time="26.637" classname="Test_Data_Generation.Tracking_Number_Systematic_Search"/>
  <testcase name="Tracking_Number_Search" time="14.919" classname="Test_Data_Generation.Tracking_Number_Systematic_Search"/>
  <testcase name="Tracking_Number_Search" time="25.877" classname="Test_Data_Generation.Tracking_Number_Systematic_Search"/>
  <testcase name="Tracking_Number_Search" time="57.475" classname="Test_Data_Generation.Tracking_Number_Systematic_Search"/>
  <testcase name="Tracking_Number_Search" time="27.893" classname="Test_Data_Generation.Tracking_Number_Systematic_Search"/>
  <testcase name="Tracking_Number_Search" time="24.476" classname="Test_Data_Generation.Tracking_Number_Systematic_Search"/>
  <testcase name="Tracking_Number_Search" time="34.284" classname="Test_Data_Generation.Tracking_Number_Systematic_Search"/>
  <testcase name="Tracking_Number_Search" time="26.972" classname="Test_Data_Generation.Tracking_Number_Systematic_Search"/>
  <testcase name="Tracking_Number_Search" time="23.368" classname="Test_Data_Generation.Tracking_Number_Systematic_Search"/>
  <testcase name="Tracking_Number_Search" time="20.825" classname="Test_Data_Generation.Tracking_Number_Systematic_Search"/>
  <testcase name="Tracking_Number_Search" time="20.776" classname="Test_Data_Generation.Tracking_Number_Systematic_Search"/>
  <testcase name="Tracking_Number_Search" time="23.702" classname="Test_Data_Generation.Tracking_Number_Systematic_Search"/>
  <testcase name="Tracking_Number_Search" time="28.935" classname="Test_Data_Generation.Tracking_Number_Systematic_Search"/>
  <testcase name="Tracking_Number_Search" time="47.738" classname="Test_Data_Generation.Tracking_Number_Systematic_Search"/>
  <testcase name="Tracking_Number_Search" time="38.794" classname="Test_Data_Generation.Tracking_Number_Systematic_Search"/>
  <testcase name="Tracking_Number_Search" time="33.965" classname="Test_Data_Generation.Tracking_Number_Systematic_Search"/>
  <testcase name="Tracking_Number_Search" time="29.806" classname="Test_Data_Generation.Tracking_Number_Systematic_Search"/>
  <testcase name="Tracking_Number_Search" time="36.035" classname="Test_Data_Generation.Tracking_Number_Systematic_Search"/>
  <testcase name="Tracking_Number_Search" time="28.032" classname="Test_Data_Generation.Tracking_Number_Systematic_Search"/>
  <testcase name="Tracking_Number_Search" time="42.257" classname="Test_Data_Generation.Tracking_Number_Systematic_Search"/>
  <testcase name="Tracking_Number_Search" time="65.743" classname="Test_Data_Generation.Tracking_Number_Systematic_Search"/>
  <testcase name="Tracking_Number_Search" time="18.642" classname="Test_Data_Generation.Tracking_Number_Systematic_Search"/>
  <testcase name="Tracking_Number_Search" time="19.567" classname="Test_Data_Generation.Tracking_Number_Systematic_Search"/>
  <testcase name="Tracking_Number_Search" time="30.675" classname="Test_Data_Generation.Tracking_Number_Systematic_Search"/>
  <testcase name="Tracking_Number_Search" time="44.812" classname="Test_Data_Generation.Tracking_Number_Systematic_Search"/>
  <testcase name="Tracking_Number_Search" time="19.370" classname="Test_Data_Generation.Tracking_Number_Systematic_Search"/>
  <testcase name="Tracking_Number_Search" time="9.225" classname="Test_Data_Generation.Tracking_Number_Systematic_Search"/>
  <testcase name="Tracking_Number_Search" time="24.940" classname="Test_Data_Generation.Tracking_Number_Systematic_Search"/>
  <testcase name="Tracking_Number_Search" time="74.575" classname="Test_Data_Generation.Tracking_Number_Systematic_Search"/>
  <testcase name="Tracking_Number_Search" time="18.416" classname="Test_Data_Generation.Tracking_Number_Systematic_Search"/>
  <testcase name="Tracking_Number_Search" time="20.712" classname="Test_Data_Generation.Tracking_Number_Systematic_Search"/>
  <testcase name="Tracking_Number_Search" time="108.923" classname="Test_Data_Generation.Tracking_Number_Systematic_Search"/>
  <testcase name="Tracking_Number_Search" time="11.442" classname="Test_Data_Generation.Tracking_Number_Systematic_Search"/>
  <testcase name="Tracking_Number_Search" time="40.265" classname="Test_Data_Generation.Tracking_Number_Systematic_Search"/>
  <testcase name="Tracking_Number_Search" time="19.080" classname="Test_Data_Generation.Tracking_Number_Systematic_Search"/>
  <testcase name="Tracking_Number_Search" time="66.371" classname="Test_Data_Generation.Tracking_Number_Systematic_Search"/>
  <testcase name="Tracking_Number_Search" time="17.115" classname="Test_Data_Generation.Tracking_Number_Systematic_Search"/>
  <testcase name="Tracking_Number_Search" time="26.967" classname="Test_Data_Generation.Tracking_Number_Systematic_Search"/>
  <testcase name="Tracking_Number_Search" time="8.740" classname="Test_Data_Generation.Tracking_Number_Systematic_Search"/>
  <testcase name="Tracking_Number_Search" time="17.910" classname="Test_Data_Generation.Tracking_Number_Systematic_Search"/>
  <testcase name="Tracking_Number_Search" time="27.386" classname="Test_Data_Generation.Tracking_Number_Systematic_Search"/>
  <testcase name="Tracking_Number_Search" time="18.592" classname="Test_Data_Generation.Tracking_Number_Systematic_Search"/>
  <testcase name="Tracking_Number_Search" time="43.631" classname="Test_Data_Generation.Tracking_Number_Systematic_Search"/>
  <testcase name="Tracking_Number_Search" time="27.101" classname="Test_Data_Generation.Tracking_Number_Systematic_Search"/>
  <testcase name="Tracking_Number_Search" time="18.656" classname="Test_Data_Generation.Tracking_Number_Systematic_Search"/>
  <testcase name="Tracking_Number_Search" time="27.284" classname="Test_Data_Generation.Tracking_Number_Systematic_Search"/>
  <testcase name="Tracking_Number_Search" time="30.211" classname="Test_Data_Generation.Tracking_Number_Systematic_Search"/>
  <testcase name="Tracking_Number_Search" time="43.864" classname="Test_Data_Generation.Tracking_Number_Systematic_Search"/>
  <testcase name="Tracking_Number_Search" time="17.887" classname="Test_Data_Generation.Tracking_Number_Systematic_Search"/>
  <testcase name="Tracking_Number_Search" time="16.796" classname="Test_Data_Generation.Tracking_Number_Systematic_Search"/>
  <testcase name="Tracking_Number_Search" time="29.543" classname="Test_Data_Generation.Tracking_Number_Systematic_Search"/>
  <testcase name="Tracking_Number_Search" time="20.519" classname="Test_Data_Generation.Tracking_Number_Systematic_Search"/>
  <testcase name="Tracking_Number_Search" time="26.710" classname="Test_Data_Generation.Tracking_Number_Systematic_Search"/>
  <testcase name="Tracking_Number_Search" time="6.496" classname="Test_Data_Generation.Tracking_Number_Systematic_Search"/>
  <testcase name="Tracking_Number_Search" time="35.298" classname="Test_Data_Generation.Tracking_Number_Systematic_Search"/>
  <testcase name="Tracking_Number_Search" time="20.156" classname="Test_Data_Generation.Tracking_Number_Systematic_Search"/>
  <testcase name="Tracking_Number_Search" time="25.674" classname="Test_Data_Generation.Tracking_Number_Systematic_Search"/>
  <testcase name="Tracking_Number_Search" time="26.430" classname="Test_Data_Generation.Tracking_Number_Systematic_Search"/>
  <testcase name="Tracking_Number_Search" time="36.596" classname="Test_Data_Generation.Tracking_Number_Systematic_Search"/>
  <testcase name="Tracking_Number_Search" time="32.917" classname="Test_Data_Generation.Tracking_Number_Systematic_Search"/>
  <testcase name="Tracking_Number_Search" time="12.991" classname="Test_Data_Generation.Tracking_Number_Systematic_Search"/>
  <testcase name="Tracking_Number_Search" time="28.702" classname="Test_Data_Generation.Tracking_Number_Systematic_Search"/>
  <testcase name="Tracking_Number_Search" time="35.905" classname="Test_Data_Generation.Tracking_Number_Systematic_Search"/>
  <testcase name="Tracking_Number_Search" time="22.615" classname="Test_Data_Generation.Tracking_Number_Systematic_Search"/>
  <testcase name="Tracking_Number_Search" time="18.425" classname="Test_Data_Generation.Tracking_Number_Systematic_Search"/>
  <testcase name="Tracking_Number_Search" time="88.427" classname="Test_Data_Generation.Tracking_Number_Systematic_Search"/>
  <testcase name="Tracking_Number_Search" time="93.785" classname="Test_Data_Generation.Tracking_Number_Systematic_Search"/>
  <testcase name="Tracking_Number_Search" time="40.034" classname="Test_Data_Generation.Tracking_Number_Systematic_Search"/>
  <testcase name="Tracking_Number_Search" time="41.406" classname="Test_Data_Generation.Tracking_Number_Systematic_Search"/>
  <testcase name="Tracking_Number_Search" time="9.828" classname="Test_Data_Generation.Tracking_Number_Systematic_Search"/>
  <testcase name="Tracking_Number_Search" time="15.442" classname="Test_Data_Generation.Tracking_Number_Systematic_Search"/>
  <testcase name="Tracking_Number_Search" time="23.812" classname="Test_Data_Generation.Tracking_Number_Systematic_Search"/>
  <testcase name="Tracking_Number_Search" time="23.182" classname="Test_Data_Generation.Tracking_Number_Systematic_Search"/>
  <testcase name="Tracking_Number_Search" time="30.265" classname="Test_Data_Generation.Tracking_Number_Systematic_Search"/>
  <testcase name="Tracking_Number_Search" time="20.278" classname="Test_Data_Generation.Tracking_Number_Systematic_Search"/>
  <testcase name="Tracking_Number_Search" time="33.162" classname="Test_Data_Generation.Tracking_Number_Systematic_Search"/>
  <testcase name="Tracking_Number_Search" time="31.046" classname="Test_Data_Generation.Tracking_Number_Systematic_Search"/>
  <testcase name="Tracking_Number_Search" time="20.330" classname="Test_Data_Generation.Tracking_Number_Systematic_Search"/>
  <testcase name="Tracking_Number_Search" time="17.236" classname="Test_Data_Generation.Tracking_Number_Systematic_Search"/>
  <testcase name="Tracking_Number_Search" time="8.651" classname="Test_Data_Generation.Tracking_Number_Systematic_Search"/>
  <testcase name="Tracking_Number_Search" time="5.052" classname="Test_Data_Generation.Tracking_Number_Systematic_Search"/>
  <testcase name="Tracking_Number_Search" time="84.077" classname="Test_Data_Generation.Tracking_Number_Systematic_Search"/>
  <testcase name="Tracking_Number_Search" time="26.276" classname="Test_Data_Generation.Tracking_Number_Systematic_Search"/>
  <testcase name="Tracking_Number_Search" time="14.293" classname="Test_Data_Generation.Tracking_Number_Systematic_Search"/>
  <testcase name="Tracking_Number_Search" time="23.786" classname="Test_Data_Generation.Tracking_Number_Systematic_Search"/>
  <testcase name="Tracking_Number_Search" time="16.312" classname="Test_Data_Generation.Tracking_Number_Systematic_Search"/>
  <testcase name="Tracking_Number_Search" time="42.642" classname="Test_Data_Generation.Tracking_Number_Systematic_Search"/>
  <testcase name="Tracking_Number_Search" time="5.856" classname="Test_Data_Generation.Tracking_Number_Systematic_Search"/>
  <testcase name="Tracking_Number_Search" time="37.367" classname="Test_Data_Generation.Tracking_Number_Systematic_Search"/>
  <testcase name="Tracking_Number_Search" time="15.463" classname="Test_Data_Generation.Tracking_Number_Systematic_Search"/>
  <testcase name="Tracking_Number_Search" time="28.564" classname="Test_Data_Generation.Tracking_Number_Systematic_Search"/>
  <testcase name="Tracking_Number_Search" time="36.911" classname="Test_Data_Generation.Tracking_Number_Systematic_Search"/>
  <testcase name="Tracking_Number_Search" time="25.119" classname="Test_Data_Generation.Tracking_Number_Systematic_Search"/>
  <testcase name="Tracking_Number_Search" time="26.039" classname="Test_Data_Generation.Tracking_Number_Systematic_Search"/>
  <testcase name="Tracking_Number_Search" time="93.033" classname="Test_Data_Generation.Tracking_Number_Systematic_Search"/>
  <testcase name="Tracking_Number_Search" time="62.739" classname="Test_Data_Generation.Tracking_Number_Systematic_Search"/>
  <testcase name="Tracking_Number_Search" time="16.462" classname="Test_Data_Generation.Tracking_Number_Systematic_Search"/>
  <testcase name="Tracking_Number_Search" time="22.606" classname="Test_Data_Generation.Tracking_Number_Systematic_Search"/>
  <testcase name="Tracking_Number_Search" time="95.321" classname="Test_Data_Generation.Tracking_Number_Systematic_Search"/>
  <testcase name="Tracking_Number_Search" time="59.779" classname="Test_Data_Generation.Tracking_Number_Systematic_Search"/>
  <testcase name="Tracking_Number_Search" time="79.854" classname="Test_Data_Generation.Tracking_Number_Systematic_Search"/>
  <testcase name="Tracking_Number_Search" time="13.941" classname="Test_Data_Generation.Tracking_Number_Systematic_Search"/>
  <testcase name="Tracking_Number_Search" time="29.176" classname="Test_Data_Generation.Tracking_Number_Systematic_Search"/>
  <testcase name="Tracking_Number_Search" time="15.969" classname="Test_Data_Generation.Tracking_Number_Systematic_Search"/>
  <testcase name="Tracking_Number_Search" time="14.210" classname="Test_Data_Generation.Tracking_Number_Systematic_Search"/>
  <testcase name="Tracking_Number_Search" time="123.827" classname="Test_Data_Generation.Tracking_Number_Systematic_Search"/>
  <testcase name="Tracking_Number_Search" time="51.289" classname="Test_Data_Generation.Tracking_Number_Systematic_Search"/>
  <testcase name="Tracking_Number_Search" time="90.541" classname="Test_Data_Generation.Tracking_Number_Systematic_Search"/>
  <testcase name="Tracking_Number_Search" time="17.849" classname="Test_Data_Generation.Tracking_Number_Systematic_Search"/>
  <testcase name="Tracking_Number_Search" time="33.556" classname="Test_Data_Generation.Tracking_Number_Systematic_Search"/>
  <testcase name="Tracking_Number_Search" time="26.158" classname="Test_Data_Generation.Tracking_Number_Systematic_Search"/>
  <testcase name="Tracking_Number_Search" time="41.191" classname="Test_Data_Generation.Tracking_Number_Systematic_Search"/>
  <testcase name="Tracking_Number_Search" time="49.072" classname="Test_Data_Generation.Tracking_Number_Systematic_Search"/>
  <testcase name="Tracking_Number_Search" time="21.895" classname="Test_Data_Generation.Tracking_Number_Systematic_Search"/>
  <testcase name="Tracking_Number_Search" time="28.236" classname="Test_Data_Generation.Tracking_Number_Systematic_Search"/>
  <testcase name="Tracking_Number_Search" time="39.325" classname="Test_Data_Generation.Tracking_Number_Systematic_Search"/>
  <testcase name="Tracking_Number_Search" time="26.962" classname="Test_Data_Generation.Tracking_Number_Systematic_Search"/>
  <testcase name="Tracking_Number_Search" time="26.757" classname="Test_Data_Generation.Tracking_Number_Systematic_Search"/>
  <testcase name="Tracking_Number_Search" time="27.688" classname="Test_Data_Generation.Tracking_Number_Systematic_Search"/>
  <testcase name="Tracking_Number_Search" time="26.090" classname="Test_Data_Generation.Tracking_Number_Systematic_Search"/>
  <testcase name="Tracking_Number_Search" time="48.752" classname="Test_Data_Generation.Tracking_Number_Systematic_Search"/>
  <testcase name="Tracking_Number_Search" time="25.051" classname="Test_Data_Generation.Tracking_Number_Systematic_Search"/>
  <testcase name="Tracking_Number_Search" time="24.609" classname="Test_Data_Generation.Tracking_Number_Systematic_Search"/>
  <testcase name="Tracking_Number_Search" time="32.497" classname="Test_Data_Generation.Tracking_Number_Systematic_Search"/>
  <testcase name="Tracking_Number_Search" time="37.226" classname="Test_Data_Generation.Tracking_Number_Systematic_Search"/>
  <testcase name="Tracking_Number_Search" time="37.646" classname="Test_Data_Generation.Tracking_Number_Systematic_Search"/>
  <testcase name="Tracking_Number_Search" time="46.551" classname="Test_Data_Generation.Tracking_Number_Systematic_Search"/>
  <testcase name="Tracking_Number_Search" time="24.821" classname="Test_Data_Generation.Tracking_Number_Systematic_Search"/>
  <testcase name="Tracking_Number_Search" time="21.255" classname="Test_Data_Generation.Tracking_Number_Systematic_Search"/>
  <testcase name="Tracking_Number_Search" time="28.455" classname="Test_Data_Generation.Tracking_Number_Systematic_Search"/>
  <testcase name="Tracking_Number_Search" time="79.737" classname="Test_Data_Generation.Tracking_Number_Systematic_Search"/>
  <testcase name="Tracking_Number_Search" time="34.991" classname="Test_Data_Generation.Tracking_Number_Systematic_Search"/>
  <testcase name="Tracking_Number_Search" time="5.746" classname="Test_Data_Generation.Tracking_Number_Systematic_Search"/>
  <testcase name="Tracking_Number_Search" time="22.688" classname="Test_Data_Generation.Tracking_Number_Systematic_Search"/>
  <testcase name="Tracking_Number_Search" time="18.107" classname="Test_Data_Generation.Tracking_Number_Systematic_Search"/>
  <testcase name="Tracking_Number_Search" time="14.661" classname="Test_Data_Generation.Tracking_Number_Systematic_Search"/>
  <testcase name="Tracking_Number_Search" time="22.670" classname="Test_Data_Generation.Tracking_Number_Systematic_Search"/>
  <testcase name="Tracking_Number_Search" time="24.423" classname="Test_Data_Generation.Tracking_Number_Systematic_Search"/>
  <testcase name="Tracking_Number_Search" time="14.933" classname="Test_Data_Generation.Tracking_Number_Systematic_Search"/>
  <testcase name="Tracking_Number_Search" time="29.481" classname="Test_Data_Generation.Tracking_Number_Systematic_Search"/>
  <testcase name="Tracking_Number_Search" time="20.634" classname="Test_Data_Generation.Tracking_Number_Systematic_Search"/>
  <testcase name="Tracking_Number_Search" time="23.889" classname="Test_Data_Generation.Tracking_Number_Systematic_Search"/>
  <testcase name="Tracking_Number_Search" time="8.074" classname="Test_Data_Generation.Tracking_Number_Systematic_Search"/>
  <testcase name="Tracking_Number_Search" time="22.082" classname="Test_Data_Generation.Tracking_Number_Systematic_Search"/>
  <testcase name="Tracking_Number_Search" time="14.403" classname="Test_Data_Generation.Tracking_Number_Systematic_Search"/>
  <testcase name="Tracking_Number_Search" time="14.561" classname="Test_Data_Generation.Tracking_Number_Systematic_Search"/>
  <testcase name="Tracking_Number_Search" time="4.358" classname="Test_Data_Generation.Tracking_Number_Systematic_Search"/>
  <testcase name="Tracking_Number_Search" time="34.079" classname="Test_Data_Generation.Tracking_Number_Systematic_Search"/>
  <testcase name="Tracking_Number_Search" time="76.809" classname="Test_Data_Generation.Tracking_Number_Systematic_Search"/>
  <testcase name="Tracking_Number_Search" time="17.600" classname="Test_Data_Generation.Tracking_Number_Systematic_Search"/>
  <testcase name="Tracking_Number_Search" time="26.889" classname="Test_Data_Generation.Tracking_Number_Systematic_Search"/>
  <testcase name="Tracking_Number_Search" time="16.365" classname="Test_Data_Generation.Tracking_Number_Systematic_Search"/>
  <testcase name="Tracking_Number_Search" time="23.330" classname="Test_Data_Generation.Tracking_Number_Systematic_Search"/>
  <testcase name="Tracking_Number_Search" time="20.832" classname="Test_Data_Generation.Tracking_Number_Systematic_Search"/>
  <testcase name="Tracking_Number_Search" time="37.660" classname="Test_Data_Generation.Tracking_Number_Systematic_Search"/>
  <testcase name="Tracking_Number_Search" time="30.024" classname="Test_Data_Generation.Tracking_Number_Systematic_Search"/>
  <testcase name="Tracking_Number_Search" time="20.413" classname="Test_Data_Generation.Tracking_Number_Systematic_Search"/>
  <testcase name="Tracking_Number_Search" time="31.011" classname="Test_Data_Generation.Tracking_Number_Systematic_Search"/>
  <testcase name="Tracking_Number_Search" time="83.810" classname="Test_Data_Generation.Tracking_Number_Systematic_Search"/>
  <testcase name="Tracking_Number_Search" time="30.002" classname="Test_Data_Generation.Tracking_Number_Systematic_Search"/>
  <testcase name="Tracking_Number_Search" time="35.387" classname="Test_Data_Generation.Tracking_Number_Systematic_Search"/>
  <testcase name="Tracking_Number_Search" time="28.304" classname="Test_Data_Generation.Tracking_Number_Systematic_Search"/>
  <testcase name="Tracking_Number_Search" time="15.859" classname="Test_Data_Generation.Tracking_Number_Systematic_Search"/>
  <testcase name="Tracking_Number_Search" time="3.832" classname="Test_Data_Generation.Tracking_Number_Systematic_Search"/>
  <testcase name="Tracking_Number_Search" time="8.660" classname="Test_Data_Generation.Tracking_Number_Systematic_Search"/>
  <testcase name="Tracking_Number_Search" time="25.234" classname="Test_Data_Generation.Tracking_Number_Systematic_Search"/>
  <testcase name="Tracking_Number_Search" time="18.276" classname="Test_Data_Generation.Tracking_Number_Systematic_Search"/>
  <testcase name="Tracking_Number_Search" time="26.762" classname="Test_Data_Generation.Tracking_Number_Systematic_Search"/>
  <testcase name="Tracking_Number_Search" time="17.633" classname="Test_Data_Generation.Tracking_Number_Systematic_Search"/>
  <testcase name="Tracking_Number_Search" time="33.717" classname="Test_Data_Generation.Tracking_Number_Systematic_Search"/>
  <testcase name="Tracking_Number_Search" time="89.062" classname="Test_Data_Generation.Tracking_Number_Systematic_Search"/>
  <testcase name="Tracking_Number_Search" time="15.697" classname="Test_Data_Generation.Tracking_Number_Systematic_Search"/>
  <testcase name="Tracking_Number_Search" time="16.661" classname="Test_Data_Generation.Tracking_Number_Systematic_Search"/>
  <testcase name="Tracking_Number_Search" time="27.773" classname="Test_Data_Generation.Tracking_Number_Systematic_Search"/>
  <testcase name="Tracking_Number_Search" time="18.250" classname="Test_Data_Generation.Tracking_Number_Systematic_Search"/>
  <testcase name="Tracking_Number_Search" time="19.083" classname="Test_Data_Generation.Tracking_Number_Systematic_Search"/>
  <testcase name="Tracking_Number_Search" time="35.650" classname="Test_Data_Generation.Tracking_Number_Systematic_Search"/>
  <testcase name="Tracking_Number_Search" time="59.396" classname="Test_Data_Generation.Tracking_Number_Systematic_Search"/>
  <testcase name="Tracking_Number_Search" time="39.290" classname="Test_Data_Generation.Tracking_Number_Systematic_Search"/>
  <testcase name="Tracking_Number_Search" time="14.745" classname="Test_Data_Generation.Tracking_Number_Systematic_Search"/>
  <testcase name="Tracking_Number_Search" time="28.961" classname="Test_Data_Generation.Tracking_Number_Systematic_Search"/>
  <testcase name="Tracking_Number_Search" time="24.488" classname="Test_Data_Generation.Tracking_Number_Systematic_Search"/>
  <testcase name="Tracking_Number_Search" time="16.207" classname="Test_Data_Generation.Tracking_Number_Systematic_Search"/>
  <testcase name="Tracking_Number_Search" time="12.539" classname="Test_Data_Generation.Tracking_Number_Systematic_Search"/>
  <testcase name="Tracking_Number_Search" time="25.936" classname="Test_Data_Generation.Tracking_Number_Systematic_Search"/>
  <testcase name="Tracking_Number_Search" time="56.189" classname="Test_Data_Generation.Tracking_Number_Systematic_Search"/>
  <testcase name="Tracking_Number_Search" time="31.602" classname="Test_Data_Generation.Tracking_Number_Systematic_Search"/>
  <testcase name="Tracking_Number_Search" time="16.056" classname="Test_Data_Generation.Tracking_Number_Systematic_Search"/>
  <testcase name="Tracking_Number_Search" time="21.671" classname="Test_Data_Generation.Tracking_Number_Systematic_Search"/>
  <testcase name="Tracking_Number_Search" time="23.729" classname="Test_Data_Generation.Tracking_Number_Systematic_Search"/>
  <testcase name="Tracking_Number_Search" time="22.281" classname="Test_Data_Generation.Tracking_Number_Systematic_Search"/>
  <testcase name="Tracking_Number_Search" time="6.086" classname="Test_Data_Generation.Tracking_Number_Systematic_Search"/>
  <testcase name="Tracking_Number_Search" time="7.106" classname="Test_Data_Generation.Tracking_Number_Systematic_Search"/>
  <testcase name="Tracking_Number_Search" time="28.314" classname="Test_Data_Generation.Tracking_Number_Systematic_Search"/>
  <testcase name="Tracking_Number_Search" time="8.818" classname="Test_Data_Generation.Tracking_Number_Systematic_Search"/>
  <testcase name="Tracking_Number_Search" time="20.122" classname="Test_Data_Generation.Tracking_Number_Systematic_Search"/>
  <testcase name="Tracking_Number_Search" time="25.770" classname="Test_Data_Generation.Tracking_Number_Systematic_Search"/>
  <testcase name="Tracking_Number_Search" time="28.811" classname="Test_Data_Generation.Tracking_Number_Systematic_Search"/>
  <testcase name="Tracking_Number_Search" time="26.864" classname="Test_Data_Generation.Tracking_Number_Systematic_Search"/>
  <testcase name="Tracking_Number_Search" time="33.362" classname="Test_Data_Generation.Tracking_Number_Systematic_Search"/>
  <testcase name="Tracking_Number_Search" time="15.471" classname="Test_Data_Generation.Tracking_Number_Systematic_Search"/>
  <testcase name="Tracking_Number_Search" time="14.664" classname="Test_Data_Generation.Tracking_Number_Systematic_Search"/>
  <testcase name="Tracking_Number_Search" time="14.212" classname="Test_Data_Generation.Tracking_Number_Systematic_Search"/>
  <testcase name="Tracking_Number_Search" time="82.407" classname="Test_Data_Generation.Tracking_Number_Systematic_Search"/>
  <testcase name="Tracking_Number_Search" time="5.190" classname="Test_Data_Generation.Tracking_Number_Systematic_Search"/>
  <testcase name="Tracking_Number_Search" time="49.700" classname="Test_Data_Generation.Tracking_Number_Systematic_Search"/>
  <testcase name="Tracking_Number_Search" time="37.989" classname="Test_Data_Generation.Tracking_Number_Systematic_Search"/>
  <testcase name="Tracking_Number_Search" time="86.438" classname="Test_Data_Generation.Tracking_Number_Systematic_Search"/>
  <testcase name="Tracking_Number_Search" time="69.362" classname="Test_Data_Generation.Tracking_Number_Systematic_Search"/>
  <testcase name="Tracking_Number_Search" time="12.540" classname="Test_Data_Generation.Tracking_Number_Systematic_Search"/>
  <testcase name="Tracking_Number_Search" time="13.731" classname="Test_Data_Generation.Tracking_Number_Systematic_Search"/>
  <testcase name="Tracking_Number_Search" time="112.770" classname="Test_Data_Generation.Tracking_Number_Systematic_Search"/>
  <testcase name="Tracking_Number_Search" time="1.774" classname="Test_Data_Generation.Tracking_Number_Systematic_Search"/>
  <testcase name="Tracking_Number_Search" time="14.060" classname="Test_Data_Generation.Tracking_Number_Systematic_Search"/>
  <testcase name="Tracking_Number_Search" time="21.269" classname="Test_Data_Generation.Tracking_Number_Systematic_Search"/>
  <testcase name="Tracking_Number_Search" time="25.180" classname="Test_Data_Generation.Tracking_Number_Systematic_Search"/>
  <testcase name="Tracking_Number_Search" time="5.696" classname="Test_Data_Generation.Tracking_Number_Systematic_Search"/>
  <testcase name="Tracking_Number_Search" time="14.005" classname="Test_Data_Generation.Tracking_Number_Systematic_Search"/>
  <testcase name="Tracking_Number_Search" time="36.530" classname="Test_Data_Generation.Tracking_Number_Systematic_Search"/>
  <testcase name="Tracking_Number_Search" time="65.998" classname="Test_Data_Generation.Tracking_Number_Systematic_Search"/>
  <testcase name="Tracking_Number_Search" time="26.447" classname="Test_Data_Generation.Tracking_Number_Systematic_Search"/>
  <testcase name="Tracking_Number_Search" time="19.438" classname="Test_Data_Generation.Tracking_Number_Systematic_Search"/>
  <testcase name="Tracking_Number_Search" time="33.202" classname="Test_Data_Generation.Tracking_Number_Systematic_Search"/>
  <testcase name="Tracking_Number_Search" time="68.757" classname="Test_Data_Generation.Tracking_Number_Systematic_Search"/>
  <testcase name="Tracking_Number_Search" time="14.054" classname="Test_Data_Generation.Tracking_Number_Systematic_Search"/>
  <testcase name="Tracking_Number_Search" time="123.963" classname="Test_Data_Generation.Tracking_Number_Systematic_Search"/>
  <testcase name="Tracking_Number_Search" time="38.426" classname="Test_Data_Generation.Tracking_Number_Systematic_Search"/>
  <testcase name="Tracking_Number_Search" time="33.590" classname="Test_Data_Generation.Tracking_Number_Systematic_Search"/>
  <testcase name="Tracking_Number_Search" time="42.580" classname="Test_Data_Generation.Tracking_Number_Systematic_Search"/>
  <testcase name="Tracking_Number_Search" time="17.140" classname="Test_Data_Generation.Tracking_Number_Systematic_Search"/>
  <testcase name="Tracking_Number_Search" time="7.232" classname="Test_Data_Generation.Tracking_Number_Systematic_Search"/>
  <testcase name="Tracking_Number_Search" time="26.376" classname="Test_Data_Generation.Tracking_Number_Systematic_Search"/>
  <testcase name="Tracking_Number_Search" time="15.212" classname="Test_Data_Generation.Tracking_Number_Systematic_Search"/>
  <testcase name="Tracking_Number_Search" time="69.841" classname="Test_Data_Generation.Tracking_Number_Systematic_Search"/>
  <testcase name="Tracking_Number_Search" time="58.485" classname="Test_Data_Generation.Tracking_Number_Systematic_Search"/>
  <testcase name="Tracking_Number_Search" time="46.842" classname="Test_Data_Generation.Tracking_Number_Systematic_Search"/>
  <testcase name="Tracking_Number_Search" time="18.913" classname="Test_Data_Generation.Tracking_Number_Systematic_Search"/>
  <testcase name="Tracking_Number_Search" time="24.805" classname="Test_Data_Generation.Tracking_Number_Systematic_Search"/>
  <testcase name="Tracking_Number_Search" time="24.034" classname="Test_Data_Generation.Tracking_Number_Systematic_Search"/>
  <testcase name="Tracking_Number_Search" time="167.163" classname="Test_Data_Generation.Tracking_Number_Systematic_Search"/>
  <testcase name="Tracking_Number_Search" time="18.034" classname="Test_Data_Generation.Tracking_Number_Systematic_Search"/>
  <testcase name="Tracking_Number_Search" time="4.031" classname="Test_Data_Generation.Tracking_Number_Systematic_Search"/>
  <testcase name="Tracking_Number_Search" time="14.011" classname="Test_Data_Generation.Tracking_Number_Systematic_Search"/>
  <testcase name="Tracking_Number_Search" time="33.503" classname="Test_Data_Generation.Tracking_Number_Systematic_Search"/>
  <testcase name="Tracking_Number_Search" time="35.125" classname="Test_Data_Generation.Tracking_Number_Systematic_Search"/>
  <testcase name="Tracking_Number_Search" time="22.716" classname="Test_Data_Generation.Tracking_Number_Systematic_Search"/>
  <testcase name="Tracking_Number_Search" time="30.120" classname="Test_Data_Generation.Tracking_Number_Systematic_Search"/>
  <testcase name="Tracking_Number_Search" time="114.693" classname="Test_Data_Generation.Tracking_Number_Systematic_Search"/>
  <testcase name="Tracking_Number_Search" time="52.690" classname="Test_Data_Generation.Tracking_Number_Systematic_Search"/>
  <testcase name="Tracking_Number_Search" time="29.512" classname="Test_Data_Generation.Tracking_Number_Systematic_Search"/>
  <testcase name="Tracking_Number_Search" time="25.538" classname="Test_Data_Generation.Tracking_Number_Systematic_Search"/>
  <testcase name="Tracking_Number_Search" time="32.463" classname="Test_Data_Generation.Tracking_Number_Systematic_Search"/>
  <testcase name="Tracking_Number_Search" time="33.284" classname="Test_Data_Generation.Tracking_Number_Systematic_Search"/>
  <testcase name="Tracking_Number_Search" time="134.271" classname="Test_Data_Generation.Tracking_Number_Systematic_Search"/>
  <testcase name="Tracking_Number_Search" time="27.032" classname="Test_Data_Generation.Tracking_Number_Systematic_Search"/>
  <testcase name="Tracking_Number_Search" time="33.210" classname="Test_Data_Generation.Tracking_Number_Systematic_Search"/>
  <testcase name="Tracking_Number_Search" time="38.214" classname="Test_Data_Generation.Tracking_Number_Systematic_Search"/>
  <testcase name="Tracking_Number_Search" time="14.407" classname="Test_Data_Generation.Tracking_Number_Systematic_Search"/>
  <testcase name="Tracking_Number_Search" time="37.520" classname="Test_Data_Generation.Tracking_Number_Systematic_Search"/>
  <testcase name="Tracking_Number_Search" time="29.992" classname="Test_Data_Generation.Tracking_Number_Systematic_Search"/>
  <testcase name="Tracking_Number_Search" time="41.662" classname="Test_Data_Generation.Tracking_Number_Systematic_Search"/>
  <testcase name="Tracking_Number_Search" time="36.732" classname="Test_Data_Generation.Tracking_Number_Systematic_Search"/>
  <testcase name="Tracking_Number_Search" time="24.391" classname="Test_Data_Generation.Tracking_Number_Systematic_Search"/>
  <testcase name="Tracking_Number_Search" time="42.047" classname="Test_Data_Generation.Tracking_Number_Systematic_Search"/>
  <testcase name="Tracking_Number_Search" time="66.621" classname="Test_Data_Generation.Tracking_Number_Systematic_Search"/>
  <testcase name="Tracking_Number_Search" time="7.170" classname="Test_Data_Generation.Tracking_Number_Systematic_Search"/>
  <testcase name="Tracking_Number_Search" time="2.333" classname="Test_Data_Generation.Tracking_Number_Systematic_Search"/>
  <testcase name="Tracking_Number_Search" time="24.213" classname="Test_Data_Generation.Tracking_Number_Systematic_Search"/>
  <testcase name="Tracking_Number_Search" time="28.340" classname="Test_Data_Generation.Tracking_Number_Systematic_Search"/>
  <testcase name="Tracking_Number_Search" time="2.872" classname="Test_Data_Generation.Tracking_Number_Systematic_Search"/>
  <testcase name="Tracking_Number_Search" time="96.576" classname="Test_Data_Generation.Tracking_Number_Systematic_Search"/>
  <testcase name="Tracking_Number_Search" time="24.616" classname="Test_Data_Generation.Tracking_Number_Systematic_Search"/>
  <testcase name="Tracking_Number_Search" time="34.596" classname="Test_Data_Generation.Tracking_Number_Systematic_Search"/>
  <testcase name="Tracking_Number_Search" time="23.789" classname="Test_Data_Generation.Tracking_Number_Systematic_Search"/>
  <testcase name="Tracking_Number_Search" time="42.985" classname="Test_Data_Generation.Tracking_Number_Systematic_Search"/>
  <testcase name="Tracking_Number_Search" time="74.425" classname="Test_Data_Generation.Tracking_Number_Systematic_Search"/>
  <testcase name="Tracking_Number_Search" time="16.256" classname="Test_Data_Generation.Tracking_Number_Systematic_Search"/>
  <testcase name="Tracking_Number_Search" time="15.641" classname="Test_Data_Generation.Tracking_Number_Systematic_Search"/>
  <testcase name="Tracking_Number_Search" time="15.609" classname="Test_Data_Generation.Tracking_Number_Systematic_Search"/>
  <testcase name="Tracking_Number_Search" time="24.297" classname="Test_Data_Generation.Tracking_Number_Systematic_Search"/>
  <testcase name="Tracking_Number_Search" time="26.960" classname="Test_Data_Generation.Tracking_Number_Systematic_Search"/>
  <testcase name="Tracking_Number_Search" time="25.880" classname="Test_Data_Generation.Tracking_Number_Systematic_Search"/>
  <testcase name="Tracking_Number_Search" time="5.015" classname="Test_Data_Generation.Tracking_Number_Systematic_Search"/>
  <testcase name="Tracking_Number_Search" time="18.841" classname="Test_Data_Generation.Tracking_Number_Systematic_Search"/>
  <testcase name="Tracking_Number_Search" time="25.147" classname="Test_Data_Generation.Tracking_Number_Systematic_Search"/>
  <testcase name="Tracking_Number_Search" time="20.989" classname="Test_Data_Generation.Tracking_Number_Systematic_Search"/>
  <testcase name="Tracking_Number_Search" time="51.131" classname="Test_Data_Generation.Tracking_Number_Systematic_Search"/>
  <testcase name="Tracking_Number_Search" time="131.327" classname="Test_Data_Generation.Tracking_Number_Systematic_Search"/>
  <testcase name="Tracking_Number_Search" time="38.100" classname="Test_Data_Generation.Tracking_Number_Systematic_Search"/>
  <testcase name="Tracking_Number_Search" time="13.844" classname="Test_Data_Generation.Tracking_Number_Systematic_Search"/>
  <testcase name="Tracking_Number_Search" time="11.548" classname="Test_Data_Generation.Tracking_Number_Systematic_Search"/>
  <testcase name="Tracking_Number_Search" time="139.449" classname="Test_Data_Generation.Tracking_Number_Systematic_Search"/>
  <testcase name="Tracking_Number_Search" time="16.541" classname="Test_Data_Generation.Tracking_Number_Systematic_Search"/>
  <testcase name="Tracking_Number_Search" time="1.845" classname="Test_Data_Generation.Tracking_Number_Systematic_Search"/>
  <testcase name="Tracking_Number_Search" time="22.645" classname="Test_Data_Generation.Tracking_Number_Systematic_Search"/>
  <testcase name="Tracking_Number_Search" time="2.171" classname="Test_Data_Generation.Tracking_Number_Systematic_Search"/>
  <testcase name="Tracking_Number_Search" time="37.649" classname="Test_Data_Generation.Tracking_Number_Systematic_Search"/>
  <testcase name="Tracking_Number_Search" time="3.695" classname="Test_Data_Generation.Tracking_Number_Systematic_Search"/>
  <testcase name="Tracking_Number_Search" time="17.929" classname="Test_Data_Generation.Tracking_Number_Systematic_Search"/>
  <testcase name="Tracking_Number_Search" time="43.362" classname="Test_Data_Generation.Tracking_Number_Systematic_Search"/>
  <testcase name="Tracking_Number_Search" time="63.964" classname="Test_Data_Generation.Tracking_Number_Systematic_Search"/>
  <testcase name="Tracking_Number_Search" time="22.742" classname="Test_Data_Generation.Tracking_Number_Systematic_Search"/>
  <testcase name="Tracking_Number_Search" time="1.431" classname="Test_Data_Generation.Tracking_Number_Systematic_Search"/>
  <testcase name="Tracking_Number_Search" time="23.139" classname="Test_Data_Generation.Tracking_Number_Systematic_Search"/>
  <testcase name="Tracking_Number_Search" time="1.569" classname="Test_Data_Generation.Tracking_Number_Systematic_Search"/>
  <testcase name="Tracking_Number_Search" time="27.152" classname="Test_Data_Generation.Tracking_Number_Systematic_Search"/>
  <testcase name="Tracking_Number_Search" time="23.519" classname="Test_Data_Generation.Tracking_Number_Systematic_Search"/>
  <testcase name="Tracking_Number_Search" time="39.383" classname="Test_Data_Generation.Tracking_Number_Systematic_Search"/>
  <testcase name="Tracking_Number_Search" time="35.065" classname="Test_Data_Generation.Tracking_Number_Systematic_Search"/>
  <testcase name="Tracking_Number_Search" time="19.652" classname="Test_Data_Generation.Tracking_Number_Systematic_Search"/>
  <testcase name="Tracking_Number_Search" time="28.407" classname="Test_Data_Generation.Tracking_Number_Systematic_Search"/>
  <testcase name="Tracking_Number_Search" time="28.896" classname="Test_Data_Generation.Tracking_Number_Systematic_Search"/>
  <testcase name="Tracking_Number_Search" time="33.913" classname="Test_Data_Generation.Tracking_Number_Systematic_Search"/>
  <testcase name="Tracking_Number_Search" time="23.011" classname="Test_Data_Generation.Tracking_Number_Systematic_Search"/>
  <testcase name="Tracking_Number_Search" time="24.310" classname="Test_Data_Generation.Tracking_Number_Systematic_Search"/>
  <testcase name="Tracking_Number_Search" time="31.022" classname="Test_Data_Generation.Tracking_Number_Systematic_Search"/>
  <testcase name="Tracking_Number_Search" time="62.375" classname="Test_Data_Generation.Tracking_Number_Systematic_Search"/>
  <testcase name="Tracking_Number_Search" time="37.997" classname="Test_Data_Generation.Tracking_Number_Systematic_Search"/>
  <testcase name="Tracking_Number_Search" time="55.680" classname="Test_Data_Generation.Tracking_Number_Systematic_Search"/>
  <testcase name="Tracking_Number_Search" time="28.989" classname="Test_Data_Generation.Tracking_Number_Systematic_Search"/>
  <testcase name="Tracking_Number_Search" time="17.425" classname="Test_Data_Generation.Tracking_Number_Systematic_Search"/>
  <testcase name="Tracking_Number_Search" time="54.307" classname="Test_Data_Generation.Tracking_Number_Systematic_Search"/>
  <testcase name="Tracking_Number_Search" time="20.118" classname="Test_Data_Generation.Tracking_Number_Systematic_Search"/>
  <testcase name="Tracking_Number_Search" time="35.200" classname="Test_Data_Generation.Tracking_Number_Systematic_Search"/>
  <testcase name="Tracking_Number_Search" time="3.039" classname="Test_Data_Generation.Tracking_Number_Systematic_Search"/>
  <testcase name="Tracking_Number_Search" time="44.355" classname="Test_Data_Generation.Tracking_Number_Systematic_Search"/>
  <testcase name="Tracking_Number_Search" time="14.303" classname="Test_Data_Generation.Tracking_Number_Systematic_Search"/>
  <testcase name="Tracking_Number_Search" time="37.576" classname="Test_Data_Generation.Tracking_Number_Systematic_Search"/>
  <testcase name="Tracking_Number_Search" time="17.826" classname="Test_Data_Generation.Tracking_Number_Systematic_Search"/>
  <testcase name="Tracking_Number_Search" time="14.586" classname="Test_Data_Generation.Tracking_Number_Systematic_Search"/>
  <testcase name="Tracking_Number_Search" time="31.175" classname="Test_Data_Generation.Tracking_Number_Systematic_Search"/>
  <testcase name="Tracking_Number_Search" time="22.966" classname="Test_Data_Generation.Tracking_Number_Systematic_Search"/>
  <testcase name="Tracking_Number_Search" time="32.554" classname="Test_Data_Generation.Tracking_Number_Systematic_Search"/>
  <testcase name="Tracking_Number_Search" time="20.866" classname="Test_Data_Generation.Tracking_Number_Systematic_Search"/>
  <testcase name="Tracking_Number_Search" time="35.044" classname="Test_Data_Generation.Tracking_Number_Systematic_Search"/>
  <testcase name="Tracking_Number_Search" time="44.606" classname="Test_Data_Generation.Tracking_Number_Systematic_Search"/>
  <testcase name="Tracking_Number_Search" time="24.728" classname="Test_Data_Generation.Tracking_Number_Systematic_Search"/>
  <testcase name="Tracking_Number_Search" time="18.724" classname="Test_Data_Generation.Tracking_Number_Systematic_Search"/>
  <testcase name="Tracking_Number_Search" time="28.756" classname="Test_Data_Generation.Tracking_Number_Systematic_Search"/>
  <testcase name="Tracking_Number_Search" time="31.582" classname="Test_Data_Generation.Tracking_Number_Systematic_Search"/>
  <testcase name="Tracking_Number_Search" time="27.527" classname="Test_Data_Generation.Tracking_Number_Systematic_Search"/>
  <testcase name="Tracking_Number_Search" time="8.492" classname="Test_Data_Generation.Tracking_Number_Systematic_Search"/>
  <testcase name="Tracking_Number_Search" time="32.540" classname="Test_Data_Generation.Tracking_Number_Systematic_Search"/>
  <testcase name="Tracking_Number_Search" time="76.062" classname="Test_Data_Generation.Tracking_Number_Systematic_Search"/>
  <testcase name="Tracking_Number_Search" time="20.890" classname="Test_Data_Generation.Tracking_Number_Systematic_Search"/>
  <testcase name="Tracking_Number_Search" time="46.708" classname="Test_Data_Generation.Tracking_Number_Systematic_Search"/>
  <testcase name="Tracking_Number_Search" time="25.311" classname="Test_Data_Generation.Tracking_Number_Systematic_Search"/>
  <testcase name="Tracking_Number_Search" time="41.549" classname="Test_Data_Generation.Tracking_Number_Systematic_Search"/>
  <testcase name="Tracking_Number_Search" time="47.043" classname="Test_Data_Generation.Tracking_Number_Systematic_Search"/>
  <testcase name="Tracking_Number_Search" time="17.146" classname="Test_Data_Generation.Tracking_Number_Systematic_Search"/>
  <testcase name="Tracking_Number_Search" time="23.361" classname="Test_Data_Generation.Tracking_Number_Systematic_Search"/>
  <testcase name="Tracking_Number_Search" time="18.066" classname="Test_Data_Generation.Tracking_Number_Systematic_Search"/>
  <testcase name="Tracking_Number_Search" time="62.361" classname="Test_Data_Generation.Tracking_Number_Systematic_Search"/>
  <testcase name="Tracking_Number_Search" time="24.277" classname="Test_Data_Generation.Tracking_Number_Systematic_Search"/>
  <testcase name="Tracking_Number_Search" time="30.836" classname="Test_Data_Generation.Tracking_Number_Systematic_Search"/>
  <testcase name="Tracking_Number_Search" time="32.074" classname="Test_Data_Generation.Tracking_Number_Systematic_Search"/>
  <testcase name="Tracking_Number_Search" time="36.738" classname="Test_Data_Generation.Tracking_Number_Systematic_Search"/>
  <testcase name="Tracking_Number_Search" time="12.037" classname="Test_Data_Generation.Tracking_Number_Systematic_Search"/>
  <testcase name="Tracking_Number_Search" time="7.856" classname="Test_Data_Generation.Tracking_Number_Systematic_Search"/>
  <testcase name="Tracking_Number_Search" time="41.065" classname="Test_Data_Generation.Tracking_Number_Systematic_Search"/>
  <testcase name="Tracking_Number_Search" time="26.876" classname="Test_Data_Generation.Tracking_Number_Systematic_Search"/>
  <testcase name="Tracking_Number_Search" time="13.041" classname="Test_Data_Generation.Tracking_Number_Systematic_Search"/>
  <testcase name="Tracking_Number_Search" time="75.400" classname="Test_Data_Generation.Tracking_Number_Systematic_Search"/>
  <testcase name="Tracking_Number_Search" time="27.735" classname="Test_Data_Generation.Tracking_Number_Systematic_Search"/>
  <testcase name="Tracking_Number_Search" time="19.940" classname="Test_Data_Generation.Tracking_Number_Systematic_Search"/>
  <testcase name="Tracking_Number_Search" time="27.803" classname="Test_Data_Generation.Tracking_Number_Systematic_Search"/>
  <testcase name="Tracking_Number_Search" time="26.495" classname="Test_Data_Generation.Tracking_Number_Systematic_Search"/>
  <testcase name="Tracking_Number_Search" time="11.187" classname="Test_Data_Generation.Tracking_Number_Systematic_Search"/>
  <testcase name="Tracking_Number_Search" time="29.854" classname="Test_Data_Generation.Tracking_Number_Systematic_Search"/>
  <testcase name="Tracking_Number_Search" time="25.435" classname="Test_Data_Generation.Tracking_Number_Systematic_Search"/>
  <testcase name="Tracking_Number_Search" time="17.978" classname="Test_Data_Generation.Tracking_Number_Systematic_Search"/>
  <testcase name="Tracking_Number_Search" time="18.754" classname="Test_Data_Generation.Tracking_Number_Systematic_Search"/>
  <testcase name="Tracking_Number_Search" time="37.737" classname="Test_Data_Generation.Tracking_Number_Systematic_Search"/>
  <testcase name="Tracking_Number_Search" time="10.957" classname="Test_Data_Generation.Tracking_Number_Systematic_Search"/>
  <testcase name="Tracking_Number_Search" time="28.388" classname="Test_Data_Generation.Tracking_Number_Systematic_Search"/>
  <testcase name="Tracking_Number_Search" time="83.108" classname="Test_Data_Generation.Tracking_Number_Systematic_Search"/>
  <testcase name="Tracking_Number_Search" time="42.244" classname="Test_Data_Generation.Tracking_Number_Systematic_Search"/>
  <testcase name="Tracking_Number_Search" time="37.685" classname="Test_Data_Generation.Tracking_Number_Systematic_Search"/>
  <testcase name="Tracking_Number_Search" time="122.227" classname="Test_Data_Generation.Tracking_Number_Systematic_Search"/>
  <testcase name="Tracking_Number_Search" time="31.664" classname="Test_Data_Generation.Tracking_Number_Systematic_Search"/>
  <testcase name="Tracking_Number_Search" time="19.727" classname="Test_Data_Generation.Tracking_Number_Systematic_Search"/>
  <testcase name="Tracking_Number_Search" time="29.361" classname="Test_Data_Generation.Tracking_Number_Systematic_Search"/>
  <testcase name="Tracking_Number_Search" time="22.189" classname="Test_Data_Generation.Tracking_Number_Systematic_Search"/>
  <testcase name="Tracking_Number_Search" time="28.926" classname="Test_Data_Generation.Tracking_Number_Systematic_Search"/>
  <testcase name="Tracking_Number_Search" time="13.290" classname="Test_Data_Generation.Tracking_Number_Systematic_Search"/>
  <testcase name="Tracking_Number_Search" time="28.586" classname="Test_Data_Generation.Tracking_Number_Systematic_Search"/>
  <testcase name="Tracking_Number_Search" time="136.568" classname="Test_Data_Generation.Tracking_Number_Systematic_Search"/>
  <testcase name="Tracking_Number_Search" time="13.461" classname="Test_Data_Generation.Tracking_Number_Systematic_Search"/>
  <testcase name="Tracking_Number_Search" time="59.562" classname="Test_Data_Generation.Tracking_Number_Systematic_Search"/>
  <testcase name="Tracking_Number_Search" time="33.077" classname="Test_Data_Generation.Tracking_Number_Systematic_Search"/>
  <testcase name="Tracking_Number_Search" time="13.864" classname="Test_Data_Generation.Tracking_Number_Systematic_Search"/>
  <testcase name="Tracking_Number_Search" time="19.097" classname="Test_Data_Generation.Tracking_Number_Systematic_Search"/>
  <testcase name="Tracking_Number_Search" time="8.026" classname="Test_Data_Generation.Tracking_Number_Systematic_Search"/>
  <testcase name="Tracking_Number_Search" time="12.360" classname="Test_Data_Generation.Tracking_Number_Systematic_Search"/>
  <testcase name="Tracking_Number_Search" time="112.662" classname="Test_Data_Generation.Tracking_Number_Systematic_Search"/>
  <testcase name="Tracking_Number_Search" time="26.108" classname="Test_Data_Generation.Tracking_Number_Systematic_Search"/>
  <testcase name="Tracking_Number_Search" time="7.554" classname="Test_Data_Generation.Tracking_Number_Systematic_Search"/>
  <testcase name="Tracking_Number_Search" time="83.107" classname="Test_Data_Generation.Tracking_Number_Systematic_Search"/>
  <testcase name="Tracking_Number_Search" time="76.185" classname="Test_Data_Generation.Tracking_Number_Systematic_Search"/>
  <testcase name="Tracking_Number_Search" time="36.160" classname="Test_Data_Generation.Tracking_Number_Systematic_Search"/>
  <testcase name="Tracking_Number_Search" time="10.750" classname="Test_Data_Generation.Tracking_Number_Systematic_Search"/>
  <testcase name="Tracking_Number_Search" time="24.727" classname="Test_Data_Generation.Tracking_Number_Systematic_Search"/>
  <testcase name="Tracking_Number_Search" time="40.371" classname="Test_Data_Generation.Tracking_Number_Systematic_Search"/>
  <testcase name="Tracking_Number_Search" time="41.726" classname="Test_Data_Generation.Tracking_Number_Systematic_Search"/>
  <testcase name="Tracking_Number_Search" time="14.807" classname="Test_Data_Generation.Tracking_Number_Systematic_Search"/>
  <testcase name="Tracking_Number_Search" time="58.723" classname="Test_Data_Generation.Tracking_Number_Systematic_Search"/>
  <testcase name="Tracking_Number_Search" time="12.694" classname="Test_Data_Generation.Tracking_Number_Systematic_Search"/>
  <testcase name="Tracking_Number_Search" time="34.950" classname="Test_Data_Generation.Tracking_Number_Systematic_Search"/>
  <testcase name="Tracking_Number_Search" time="127.410" classname="Test_Data_Generation.Tracking_Number_Systematic_Search"/>
  <testcase name="Tracking_Number_Search" time="18.177" classname="Test_Data_Generation.Tracking_Number_Systematic_Search"/>
  <testcase name="Tracking_Number_Search" time="34.412" classname="Test_Data_Generation.Tracking_Number_Systematic_Search"/>
  <testcase name="Tracking_Number_Search" time="32.759" classname="Test_Data_Generation.Tracking_Number_Systematic_Search"/>
  <testcase name="Tracking_Number_Search" time="22.284" classname="Test_Data_Generation.Tracking_Number_Systematic_Search"/>
  <testcase name="Tracking_Number_Search" time="25.124" classname="Test_Data_Generation.Tracking_Number_Systematic_Search"/>
  <testcase name="Tracking_Number_Search" time="17.424" classname="Test_Data_Generation.Tracking_Number_Systematic_Search"/>
  <testcase name="Tracking_Number_Search" time="34.051" classname="Test_Data_Generation.Tracking_Number_Systematic_Search"/>
  <testcase name="Tracking_Number_Search" time="18.898" classname="Test_Data_Generation.Tracking_Number_Systematic_Search"/>
  <testcase name="Tracking_Number_Search" time="26.397" classname="Test_Data_Generation.Tracking_Number_Systematic_Search"/>
  <testcase name="Tracking_Number_Search" time="33.558" classname="Test_Data_Generation.Tracking_Number_Systematic_Search"/>
  <testcase name="Tracking_Number_Search" time="10.892" classname="Test_Data_Generation.Tracking_Number_Systematic_Search"/>
  <testcase name="Tracking_Number_Search" time="43.621" classname="Test_Data_Generation.Tracking_Number_Systematic_Search"/>
  <testcase name="Tracking_Number_Search" time="36.021" classname="Test_Data_Generation.Tracking_Number_Systematic_Search"/>
  <testcase name="Tracking_Number_Search" time="24.222" classname="Test_Data_Generation.Tracking_Number_Systematic_Search"/>
  <testcase name="Tracking_Number_Search" time="21.673" classname="Test_Data_Generation.Tracking_Number_Systematic_Search"/>
  <testcase name="Tracking_Number_Search" time="27.110" classname="Test_Data_Generation.Tracking_Number_Systematic_Search"/>
  <testcase name="Tracking_Number_Search" time="118.399" classname="Test_Data_Generation.Tracking_Number_Systematic_Search"/>
  <testcase name="Tracking_Number_Search" time="35.601" classname="Test_Data_Generation.Tracking_Number_Systematic_Search"/>
  <testcase name="Tracking_Number_Search" time="16.449" classname="Test_Data_Generation.Tracking_Number_Systematic_Search"/>
  <testcase name="Tracking_Number_Search" time="22.546" classname="Test_Data_Generation.Tracking_Number_Systematic_Search"/>
  <testcase name="Tracking_Number_Search" time="25.265" classname="Test_Data_Generation.Tracking_Number_Systematic_Search"/>
  <testcase name="Tracking_Number_Search" time="22.974" classname="Test_Data_Generation.Tracking_Number_Systematic_Search"/>
  <testcase name="Tracking_Number_Search" time="36.173" classname="Test_Data_Generation.Tracking_Number_Systematic_Search"/>
  <testcase name="Tracking_Number_Search" time="25.891" classname="Test_Data_Generation.Tracking_Number_Systematic_Search"/>
  <testcase name="Tracking_Number_Search" time="41.043" classname="Test_Data_Generation.Tracking_Number_Systematic_Search"/>
  <testcase name="Tracking_Number_Search" time="25.138" classname="Test_Data_Generation.Tracking_Number_Systematic_Search"/>
  <testcase name="Tracking_Number_Search" time="1.917" classname="Test_Data_Generation.Tracking_Number_Systematic_Search"/>
  <testcase name="Tracking_Number_Search" time="13.577" classname="Test_Data_Generation.Tracking_Number_Systematic_Search"/>
  <testcase name="Tracking_Number_Search" time="14.528" classname="Test_Data_Generation.Tracking_Number_Systematic_Search"/>
  <testcase name="Tracking_Number_Search" time="18.739" classname="Test_Data_Generation.Tracking_Number_Systematic_Search"/>
  <testcase name="Tracking_Number_Search" time="35.731" classname="Test_Data_Generation.Tracking_Number_Systematic_Search"/>
  <testcase name="Tracking_Number_Search" time="68.986" classname="Test_Data_Generation.Tracking_Number_Systematic_Search"/>
  <testcase name="Tracking_Number_Search" time="15.655" classname="Test_Data_Generation.Tracking_Number_Systematic_Search"/>
  <testcase name="Tracking_Number_Search" time="27.455" classname="Test_Data_Generation.Tracking_Number_Systematic_Search"/>
  <testcase name="Tracking_Number_Search" time="20.507" classname="Test_Data_Generation.Tracking_Number_Systematic_Search"/>
  <testcase name="Tracking_Number_Search" time="32.734" classname="Test_Data_Generation.Tracking_Number_Systematic_Search"/>
  <testcase name="Tracking_Number_Search" time="3.763" classname="Test_Data_Generation.Tracking_Number_Systematic_Search"/>
  <testcase name="Tracking_Number_Search" time="34.372" classname="Test_Data_Generation.Tracking_Number_Systematic_Search"/>
  <testcase name="Tracking_Number_Search" time="8.322" classname="Test_Data_Generation.Tracking_Number_Systematic_Search"/>
  <testcase name="Tracking_Number_Search" time="111.274" classname="Test_Data_Generation.Tracking_Number_Systematic_Search"/>
  <testcase name="Tracking_Number_Search" time="95.990" classname="Test_Data_Generation.Tracking_Number_Systematic_Search"/>
  <testcase name="Tracking_Number_Search" time="4.470" classname="Test_Data_Generation.Tracking_Number_Systematic_Search"/>
  <testcase name="Tracking_Number_Search" time="19.400" classname="Test_Data_Generation.Tracking_Number_Systematic_Search"/>
  <testcase name="Tracking_Number_Search" time="22.184" classname="Test_Data_Generation.Tracking_Number_Systematic_Search"/>
  <testcase name="Tracking_Number_Search" time="30.252" classname="Test_Data_Generation.Tracking_Number_Systematic_Search"/>
  <testcase name="Tracking_Number_Search" time="25.066" classname="Test_Data_Generation.Tracking_Number_Systematic_Search"/>
  <testcase name="Tracking_Number_Search" time="34.880" classname="Test_Data_Generation.Tracking_Number_Systematic_Search"/>
  <testcase name="Tracking_Number_Search" time="89.774" classname="Test_Data_Generation.Tracking_Number_Systematic_Search"/>
  <testcase name="Tracking_Number_Search" time="16.509" classname="Test_Data_Generation.Tracking_Number_Systematic_Search"/>
  <testcase name="Tracking_Number_Search" time="19.187" classname="Test_Data_Generation.Tracking_Number_Systematic_Search"/>
  <testcase name="Tracking_Number_Search" time="32.822" classname="Test_Data_Generation.Tracking_Number_Systematic_Search"/>
  <testcase name="Tracking_Number_Search" time="14.631" classname="Test_Data_Generation.Tracking_Number_Systematic_Search"/>
  <testcase name="Tracking_Number_Search" time="13.956" classname="Test_Data_Generation.Tracking_Number_Systematic_Search"/>
  <testcase name="Tracking_Number_Search" time="25.224" classname="Test_Data_Generation.Tracking_Number_Systematic_Search"/>
  <testcase name="Tracking_Number_Search" time="14.568" classname="Test_Data_Generation.Tracking_Number_Systematic_Search"/>
  <testcase name="Tracking_Number_Search" time="69.027" classname="Test_Data_Generation.Tracking_Number_Systematic_Search"/>
  <testcase name="Tracking_Number_Search" time="26.133" classname="Test_Data_Generation.Tracking_Number_Systematic_Search"/>
  <testcase name="Tracking_Number_Search" time="32.078" classname="Test_Data_Generation.Tracking_Number_Systematic_Search"/>
  <testcase name="Tracking_Number_Search" time="23.260" classname="Test_Data_Generation.Tracking_Number_Systematic_Search"/>
  <testcase name="Tracking_Number_Search" time="31.803" classname="Test_Data_Generation.Tracking_Number_Systematic_Search"/>
  <testcase name="Tracking_Number_Search" time="44.183" classname="Test_Data_Generation.Tracking_Number_Systematic_Search"/>
  <testcase name="Tracking_Number_Search" time="39.969" classname="Test_Data_Generation.Tracking_Number_Systematic_Search"/>
  <testcase name="Tracking_Number_Search" time="19.094" classname="Test_Data_Generation.Tracking_Number_Systematic_Search"/>
  <testcase name="Tracking_Number_Search" time="18.199" classname="Test_Data_Generation.Tracking_Number_Systematic_Search"/>
  <testcase name="Tracking_Number_Search" time="32.171" classname="Test_Data_Generation.Tracking_Number_Systematic_Search"/>
  <testcase name="Tracking_Number_Search" time="30.021" classname="Test_Data_Generation.Tracking_Number_Systematic_Search"/>
  <testcase name="Tracking_Number_Search" time="47.732" classname="Test_Data_Generation.Tracking_Number_Systematic_Search"/>
  <testcase name="Tracking_Number_Search" time="62.122" classname="Test_Data_Generation.Tracking_Number_Systematic_Search"/>
  <testcase name="Tracking_Number_Search" time="2.360" classname="Test_Data_Generation.Tracking_Number_Systematic_Search"/>
  <testcase name="Tracking_Number_Search" time="15.462" classname="Test_Data_Generation.Tracking_Number_Systematic_Search"/>
  <testcase name="Tracking_Number_Search" time="57.510" classname="Test_Data_Generation.Tracking_Number_Systematic_Search"/>
  <testcase name="Tracking_Number_Search" time="30.737" classname="Test_Data_Generation.Tracking_Number_Systematic_Search"/>
  <testcase name="Tracking_Number_Search" time="12.048" classname="Test_Data_Generation.Tracking_Number_Systematic_Search"/>
  <testcase name="Tracking_Number_Search" time="18.894" classname="Test_Data_Generation.Tracking_Number_Systematic_Search"/>
  <testcase name="Tracking_Number_Search" time="53.509" classname="Test_Data_Generation.Tracking_Number_Systematic_Search"/>
  <testcase name="Tracking_Number_Search" time="60.731" classname="Test_Data_Generation.Tracking_Number_Systematic_Search"/>
  <testcase name="Tracking_Number_Search" time="22.766" classname="Test_Data_Generation.Tracking_Number_Systematic_Search"/>
  <testcase name="Tracking_Number_Search" time="18.549" classname="Test_Data_Generation.Tracking_Number_Systematic_Search"/>
  <testcase name="Tracking_Number_Search" time="17.704" classname="Test_Data_Generation.Tracking_Number_Systematic_Search"/>
  <testcase name="Tracking_Number_Search" time="11.346" classname="Test_Data_Generation.Tracking_Number_Systematic_Search"/>
  <testcase name="Tracking_Number_Search" time="108.324" classname="Test_Data_Generation.Tracking_Number_Systematic_Search"/>
  <testcase name="Tracking_Number_Search" time="15.345" classname="Test_Data_Generation.Tracking_Number_Systematic_Search"/>
  <testcase name="Tracking_Number_Search" time="36.055" classname="Test_Data_Generation.Tracking_Number_Systematic_Search"/>
  <testcase name="Tracking_Number_Search" time="15.312" classname="Test_Data_Generation.Tracking_Number_Systematic_Search"/>
  <testcase name="Tracking_Number_Search" time="20.938" classname="Test_Data_Generation.Tracking_Number_Systematic_Search"/>
  <testcase name="Tracking_Number_Search" time="65.013" classname="Test_Data_Generation.Tracking_Number_Systematic_Search"/>
  <testcase name="Tracking_Number_Search" time="27.847" classname="Test_Data_Generation.Tracking_Number_Systematic_Search"/>
  <testcase name="Tracking_Number_Search" time="35.725" classname="Test_Data_Generation.Tracking_Number_Systematic_Search"/>
  <testcase name="Tracking_Number_Search" time="7.804" classname="Test_Data_Generation.Tracking_Number_Systematic_Search"/>
  <testcase name="Tracking_Number_Search" time="56.898" classname="Test_Data_Generation.Tracking_Number_Systematic_Search"/>
  <testcase name="Tracking_Number_Search" time="24.413" classname="Test_Data_Generation.Tracking_Number_Systematic_Search"/>
  <testcase name="Tracking_Number_Search" time="12.302" classname="Test_Data_Generation.Tracking_Number_Systematic_Search"/>
  <testcase name="Tracking_Number_Search" time="19.968" classname="Test_Data_Generation.Tracking_Number_Systematic_Search"/>
  <testcase name="Tracking_Number_Search" time="17.150" classname="Test_Data_Generation.Tracking_Number_Systematic_Search"/>
  <testcase name="Tracking_Number_Search" time="29.125" classname="Test_Data_Generation.Tracking_Number_Systematic_Search"/>
  <testcase name="Tracking_Number_Search" time="17.111" classname="Test_Data_Generation.Tracking_Number_Systematic_Search"/>
  <testcase name="Tracking_Number_Search" time="9.742" classname="Test_Data_Generation.Tracking_Number_Systematic_Search"/>
  <testcase name="Tracking_Number_Search" time="22.266" classname="Test_Data_Generation.Tracking_Number_Systematic_Search"/>
  <testcase name="Tracking_Number_Search" time="18.229" classname="Test_Data_Generation.Tracking_Number_Systematic_Search"/>
  <testcase name="Tracking_Number_Search" time="18.893" classname="Test_Data_Generation.Tracking_Number_Systematic_Search"/>
  <testcase name="Tracking_Number_Search" time="40.227" classname="Test_Data_Generation.Tracking_Number_Systematic_Search"/>
  <testcase name="Tracking_Number_Search" time="31.620" classname="Test_Data_Generation.Tracking_Number_Systematic_Search"/>
  <testcase name="Tracking_Number_Search" time="4.937" classname="Test_Data_Generation.Tracking_Number_Systematic_Search"/>
  <testcase name="Tracking_Number_Search" time="23.281" classname="Test_Data_Generation.Tracking_Number_Systematic_Search"/>
  <testcase name="Tracking_Number_Search" time="68.396" classname="Test_Data_Generation.Tracking_Number_Systematic_Search"/>
  <testcase name="Tracking_Number_Search" time="18.927" classname="Test_Data_Generation.Tracking_Number_Systematic_Search"/>
  <testcase name="Tracking_Number_Search" time="35.398" classname="Test_Data_Generation.Tracking_Number_Systematic_Search"/>
  <testcase name="Tracking_Number_Search" time="32.167" classname="Test_Data_Generation.Tracking_Number_Systematic_Search"/>
  <testcase name="Tracking_Number_Search" time="44.438" classname="Test_Data_Generation.Tracking_Number_Systematic_Search"/>
  <testcase name="Tracking_Number_Search" time="39.863" classname="Test_Data_Generation.Tracking_Number_Systematic_Search"/>
  <testcase name="Tracking_Number_Search" time="25.148" classname="Test_Data_Generation.Tracking_Number_Systematic_Search"/>
  <testcase name="Tracking_Number_Search" time="33.037" classname="Test_Data_Generation.Tracking_Number_Systematic_Search"/>
  <testcase name="Tracking_Number_Search" time="15.227" classname="Test_Data_Generation.Tracking_Number_Systematic_Search"/>
  <testcase name="Tracking_Number_Search" time="16.582" classname="Test_Data_Generation.Tracking_Number_Systematic_Search"/>
  <testcase name="Tracking_Number_Search" time="10.208" classname="Test_Data_Generation.Tracking_Number_Systematic_Search"/>
  <testcase name="Tracking_Number_Search" time="22.884" classname="Test_Data_Generation.Tracking_Number_Systematic_Search"/>
  <testcase name="Tracking_Number_Search" time="37.461" classname="Test_Data_Generation.Tracking_Number_Systematic_Search"/>
  <testcase name="Tracking_Number_Search" time="17.463" classname="Test_Data_Generation.Tracking_Number_Systematic_Search"/>
  <testcase name="Tracking_Number_Search" time="25.119" classname="Test_Data_Generation.Tracking_Number_Systematic_Search"/>
  <testcase name="Tracking_Number_Search" time="29.770" classname="Test_Data_Generation.Tracking_Number_Systematic_Search"/>
  <testcase name="Tracking_Number_Search" time="26.441" classname="Test_Data_Generation.Tracking_Number_Systematic_Search"/>
  <testcase name="Tracking_Number_Search" time="48.354" classname="Test_Data_Generation.Tracking_Number_Systematic_Search"/>
  <testcase name="Tracking_Number_Search" time="20.202" classname="Test_Data_Generation.Tracking_Number_Systematic_Search"/>
  <testcase name="Tracking_Number_Search" time="27.089" classname="Test_Data_Generation.Tracking_Number_Systematic_Search"/>
  <testcase name="Tracking_Number_Search" time="18.751" classname="Test_Data_Generation.Tracking_Number_Systematic_Search"/>
  <testcase name="Tracking_Number_Search" time="27.199" classname="Test_Data_Generation.Tracking_Number_Systematic_Search"/>
  <testcase name="Tracking_Number_Search" time="29.520" classname="Test_Data_Generation.Tracking_Number_Systematic_Search"/>
  <testcase name="Tracking_Number_Search" time="13.767" classname="Test_Data_Generation.Tracking_Number_Systematic_Search"/>
  <testcase name="Tracking_Number_Search" time="32.597" classname="Test_Data_Generation.Tracking_Number_Systematic_Search"/>
  <testcase name="Tracking_Number_Search" time="23.024" classname="Test_Data_Generation.Tracking_Number_Systematic_Search"/>
  <testcase name="Tracking_Number_Search" time="30.696" classname="Test_Data_Generation.Tracking_Number_Systematic_Search"/>
  <testcase name="Tracking_Number_Search" time="101.132" classname="Test_Data_Generation.Tracking_Number_Systematic_Search"/>
  <testcase name="Tracking_Number_Search" time="35.927" classname="Test_Data_Generation.Tracking_Number_Systematic_Search"/>
  <testcase name="Tracking_Number_Search" time="13.204" classname="Test_Data_Generation.Tracking_Number_Systematic_Search"/>
  <testcase name="Tracking_Number_Search" time="22.494" classname="Test_Data_Generation.Tracking_Number_Systematic_Search"/>
  <testcase name="Tracking_Number_Search" time="12.001" classname="Test_Data_Generation.Tracking_Number_Systematic_Search"/>
  <testcase name="Tracking_Number_Search" time="18.235" classname="Test_Data_Generation.Tracking_Number_Systematic_Search"/>
  <testcase name="Tracking_Number_Search" time="27.478" classname="Test_Data_Generation.Tracking_Number_Systematic_Search"/>
  <testcase name="Tracking_Number_Search" time="27.911" classname="Test_Data_Generation.Tracking_Number_Systematic_Search"/>
  <testcase name="Tracking_Number_Search" time="40.273" classname="Test_Data_Generation.Tracking_Number_Systematic_Search"/>
  <testcase name="Tracking_Number_Search" time="18.123" classname="Test_Data_Generation.Tracking_Number_Systematic_Search"/>
  <testcase name="Tracking_Number_Search" time="8.885" classname="Test_Data_Generation.Tracking_Number_Systematic_Search"/>
  <testcase name="Tracking_Number_Search" time="20.009" classname="Test_Data_Generation.Tracking_Number_Systematic_Search"/>
  <testcase name="Tracking_Number_Search" time="31.764" classname="Test_Data_Generation.Tracking_Number_Systematic_Search"/>
  <testcase name="Tracking_Number_Search" time="33.505" classname="Test_Data_Generation.Tracking_Number_Systematic_Search"/>
  <testcase name="Tracking_Number_Search" time="73.585" classname="Test_Data_Generation.Tracking_Number_Systematic_Search"/>
  <testcase name="Tracking_Number_Search" time="30.099" classname="Test_Data_Generation.Tracking_Number_Systematic_Search"/>
  <testcase name="Tracking_Number_Search" time="24.240" classname="Test_Data_Generation.Tracking_Number_Systematic_Search"/>
  <testcase name="Tracking_Number_Search" time="20.170" classname="Test_Data_Generation.Tracking_Number_Systematic_Search"/>
  <testcase name="Tracking_Number_Search" time="32.208" classname="Test_Data_Generation.Tracking_Number_Systematic_Search"/>
  <testcase name="Tracking_Number_Search" time="27.761" classname="Test_Data_Generation.Tracking_Number_Systematic_Search"/>
  <testcase name="Tracking_Number_Search" time="14.652" classname="Test_Data_Generation.Tracking_Number_Systematic_Search"/>
  <testcase name="Tracking_Number_Search" time="26.670" classname="Test_Data_Generation.Tracking_Number_Systematic_Search"/>
  <testcase name="Tracking_Number_Search" time="32.334" classname="Test_Data_Generation.Tracking_Number_Systematic_Search"/>
  <testcase name="Tracking_Number_Search" time="65.866" classname="Test_Data_Generation.Tracking_Number_Systematic_Search"/>
  <testcase name="Tracking_Number_Search" time="33.121" classname="Test_Data_Generation.Tracking_Number_Systematic_Search"/>
  <testcase name="Tracking_Number_Search" time="21.300" classname="Test_Data_Generation.Tracking_Number_Systematic_Search"/>
  <testcase name="Tracking_Number_Search" time="17.030" classname="Test_Data_Generation.Tracking_Number_Systematic_Search"/>
  <testcase name="Tracking_Number_Search" time="25.251" classname="Test_Data_Generation.Tracking_Number_Systematic_Search"/>
  <testcase name="Tracking_Number_Search" time="90.122" classname="Test_Data_Generation.Tracking_Number_Systematic_Search"/>
  <testcase name="Tracking_Number_Search" time="25.274" classname="Test_Data_Generation.Tracking_Number_Systematic_Search"/>
  <testcase name="Tracking_Number_Search" time="44.994" classname="Test_Data_Generation.Tracking_Number_Systematic_Search"/>
  <testcase name="Tracking_Number_Search" time="12.773" classname="Test_Data_Generation.Tracking_Number_Systematic_Search"/>
  <testcase name="Tracking_Number_Search" time="4.813" classname="Test_Data_Generation.Tracking_Number_Systematic_Search"/>
  <testcase name="Tracking_Number_Search" time="26.303" classname="Test_Data_Generation.Tracking_Number_Systematic_Search"/>
  <testcase name="Tracking_Number_Search" time="25.844" classname="Test_Data_Generation.Tracking_Number_Systematic_Search"/>
  <testcase name="Tracking_Number_Search" time="29.567" classname="Test_Data_Generation.Tracking_Number_Systematic_Search"/>
  <testcase name="Tracking_Number_Search" time="25.256" classname="Test_Data_Generation.Tracking_Number_Systematic_Search"/>
  <testcase name="Tracking_Number_Search" time="3.991" classname="Test_Data_Generation.Tracking_Number_Systematic_Search"/>
  <testcase name="Tracking_Number_Search" time="17.445" classname="Test_Data_Generation.Tracking_Number_Systematic_Search"/>
  <testcase name="Tracking_Number_Search" time="75.706" classname="Test_Data_Generation.Tracking_Number_Systematic_Search"/>
  <testcase name="Tracking_Number_Search" time="21.966" classname="Test_Data_Generation.Tracking_Number_Systematic_Search"/>
  <testcase name="Tracking_Number_Search" time="32.875" classname="Test_Data_Generation.Tracking_Number_Systematic_Search"/>
  <testcase name="Tracking_Number_Search" time="90.433" classname="Test_Data_Generation.Tracking_Number_Systematic_Search"/>
  <testcase name="Tracking_Number_Search" time="33.514" classname="Test_Data_Generation.Tracking_Number_Systematic_Search"/>
  <testcase name="Tracking_Number_Search" time="21.136" classname="Test_Data_Generation.Tracking_Number_Systematic_Search"/>
  <testcase name="Tracking_Number_Search" time="14.044" classname="Test_Data_Generation.Tracking_Number_Systematic_Search"/>
  <testcase name="Tracking_Number_Search" time="24.137" classname="Test_Data_Generation.Tracking_Number_Systematic_Search"/>
  <testcase name="Tracking_Number_Search" time="6.816" classname="Test_Data_Generation.Tracking_Number_Systematic_Search"/>
  <testcase name="Tracking_Number_Search" time="34.071" classname="Test_Data_Generation.Tracking_Number_Systematic_Search"/>
  <testcase name="Tracking_Number_Search" time="26.385" classname="Test_Data_Generation.Tracking_Number_Systematic_Search"/>
  <testcase name="Tracking_Number_Search" time="95.386" classname="Test_Data_Generation.Tracking_Number_Systematic_Search"/>
  <testcase name="Tracking_Number_Search" time="33.492" classname="Test_Data_Generation.Tracking_Number_Systematic_Search"/>
  <testcase name="Tracking_Number_Search" time="16.477" classname="Test_Data_Generation.Tracking_Number_Systematic_Search"/>
  <testcase name="Tracking_Number_Search" time="102.042" classname="Test_Data_Generation.Tracking_Number_Systematic_Search"/>
  <testcase name="Tracking_Number_Search" time="10.597" classname="Test_Data_Generation.Tracking_Number_Systematic_Search"/>
  <testcase name="Tracking_Number_Search" time="24.047" classname="Test_Data_Generation.Tracking_Number_Systematic_Search"/>
  <testcase name="Tracking_Number_Search" time="33.882" classname="Test_Data_Generation.Tracking_Number_Systematic_Search"/>
  <testcase name="Tracking_Number_Search" time="14.276" classname="Test_Data_Generation.Tracking_Number_Systematic_Search"/>
  <testcase name="Tracking_Number_Search" time="31.736" classname="Test_Data_Generation.Tracking_Number_Systematic_Search"/>
  <testcase name="Tracking_Number_Search" time="19.196" classname="Test_Data_Generation.Tracking_Number_Systematic_Search"/>
  <testcase name="Tracking_Number_Search" time="15.403" classname="Test_Data_Generation.Tracking_Number_Systematic_Search"/>
  <testcase name="Tracking_Number_Search" time="57.513" classname="Test_Data_Generation.Tracking_Number_Systematic_Search"/>
  <testcase name="Tracking_Number_Search" time="29.065" classname="Test_Data_Generation.Tracking_Number_Systematic_Search"/>
  <testcase name="Tracking_Number_Search" time="20.885" classname="Test_Data_Generation.Tracking_Number_Systematic_Search"/>
  <testcase name="Tracking_Number_Search" time="39.423" classname="Test_Data_Generation.Tracking_Number_Systematic_Search"/>
  <testcase name="Tracking_Number_Search" time="123.666" classname="Test_Data_Generation.Tracking_Number_Systematic_Search"/>
  <testcase name="Tracking_Number_Search" time="26.448" classname="Test_Data_Generation.Tracking_Number_Systematic_Search"/>
  <testcase name="Tracking_Number_Search" time="24.551" classname="Test_Data_Generation.Tracking_Number_Systematic_Search"/>
  <testcase name="Tracking_Number_Search" time="40.306" classname="Test_Data_Generation.Tracking_Number_Systematic_Search"/>
  <testcase name="Tracking_Number_Search" time="16.973" classname="Test_Data_Generation.Tracking_Number_Systematic_Search"/>
  <testcase name="Tracking_Number_Search" time="74.897" classname="Test_Data_Generation.Tracking_Number_Systematic_Search"/>
  <testcase name="Tracking_Number_Search" time="85.999" classname="Test_Data_Generation.Tracking_Number_Systematic_Search"/>
  <testcase name="Tracking_Number_Search" time="61.507" classname="Test_Data_Generation.Tracking_Number_Systematic_Search"/>
  <testcase name="Tracking_Number_Search" time="3.609" classname="Test_Data_Generation.Tracking_Number_Systematic_Search"/>
  <testcase name="Tracking_Number_Search" time="23.931" classname="Test_Data_Generation.Tracking_Number_Systematic_Search"/>
  <testcase name="Tracking_Number_Search" time="43.265" classname="Test_Data_Generation.Tracking_Number_Systematic_Search"/>
  <testcase name="Tracking_Number_Search" time="29.580" classname="Test_Data_Generation.Tracking_Number_Systematic_Search"/>
  <testcase name="Tracking_Number_Search" time="20.208" classname="Test_Data_Generation.Tracking_Number_Systematic_Search"/>
  <testcase name="Tracking_Number_Search" time="26.137" classname="Test_Data_Generation.Tracking_Number_Systematic_Search"/>
  <testcase name="Tracking_Number_Search" time="15.636" classname="Test_Data_Generation.Tracking_Number_Systematic_Search"/>
  <testcase name="Tracking_Number_Search" time="29.598" classname="Test_Data_Generation.Tracking_Number_Systematic_Search"/>
  <testcase name="Tracking_Number_Search" time="26.903" classname="Test_Data_Generation.Tracking_Number_Systematic_Search"/>
  <testcase name="Tracking_Number_Search" time="42.417" classname="Test_Data_Generation.Tracking_Number_Systematic_Search"/>
  <testcase name="Tracking_Number_Search" time="24.092" classname="Test_Data_Generation.Tracking_Number_Systematic_Search"/>
  <testcase name="Tracking_Number_Search" time="87.298" classname="Test_Data_Generation.Tracking_Number_Systematic_Search"/>
  <testcase name="Tracking_Number_Search" time="30.867" classname="Test_Data_Generation.Tracking_Number_Systematic_Search"/>
  <testcase name="Tracking_Number_Search" time="44.315" classname="Test_Data_Generation.Tracking_Number_Systematic_Search"/>
  <testcase name="Tracking_Number_Search" time="20.194" classname="Test_Data_Generation.Tracking_Number_Systematic_Search"/>
  <testcase name="Tracking_Number_Search" time="15.737" classname="Test_Data_Generation.Tracking_Number_Systematic_Search"/>
  <testcase name="Tracking_Number_Search" time="56.909" classname="Test_Data_Generation.Tracking_Number_Systematic_Search"/>
  <testcase name="Tracking_Number_Search" time="47.938" classname="Test_Data_Generation.Tracking_Number_Systematic_Search"/>
  <testcase name="Tracking_Number_Search" time="35.494" classname="Test_Data_Generation.Tracking_Number_Systematic_Search"/>
  <testcase name="Tracking_Number_Search" time="9.596" classname="Test_Data_Generation.Tracking_Number_Systematic_Search"/>
  <testcase name="Tracking_Number_Search" time="66.053" classname="Test_Data_Generation.Tracking_Number_Systematic_Search"/>
  <testcase name="Tracking_Number_Search" time="13.173" classname="Test_Data_Generation.Tracking_Number_Systematic_Search"/>
  <testcase name="Tracking_Number_Search" time="19.542" classname="Test_Data_Generation.Tracking_Number_Systematic_Search"/>
  <testcase name="Tracking_Number_Search" time="26.078" classname="Test_Data_Generation.Tracking_Number_Systematic_Search"/>
  <testcase name="Tracking_Number_Search" time="35.324" classname="Test_Data_Generation.Tracking_Number_Systematic_Search"/>
  <testcase name="Tracking_Number_Search" time="18.234" classname="Test_Data_Generation.Tracking_Number_Systematic_Search"/>
  <testcase name="Tracking_Number_Search" time="166.418" classname="Test_Data_Generation.Tracking_Number_Systematic_Search"/>
  <testcase name="Tracking_Number_Search" time="86.572" classname="Test_Data_Generation.Tracking_Number_Systematic_Search"/>
  <testcase name="Tracking_Number_Search" time="49.074" classname="Test_Data_Generation.Tracking_Number_Systematic_Search"/>
  <testcase name="Tracking_Number_Search" time="56.096" classname="Test_Data_Generation.Tracking_Number_Systematic_Search"/>
  <testcase name="Tracking_Number_Search" time="38.626" classname="Test_Data_Generation.Tracking_Number_Systematic_Search"/>
  <testcase name="Tracking_Number_Search" time="25.555" classname="Test_Data_Generation.Tracking_Number_Systematic_Search"/>
  <testcase name="Tracking_Number_Search" time="20.391" classname="Test_Data_Generation.Tracking_Number_Systematic_Search"/>
  <testcase name="Tracking_Number_Search" time="99.827" classname="Test_Data_Generation.Tracking_Number_Systematic_Search"/>
  <testcase name="Tracking_Number_Search" time="18.782" classname="Test_Data_Generation.Tracking_Number_Systematic_Search"/>
  <testcase name="Tracking_Number_Search" time="65.105" classname="Test_Data_Generation.Tracking_Number_Systematic_Search"/>
  <testcase name="Tracking_Number_Search" time="29.983" classname="Test_Data_Generation.Tracking_Number_Systematic_Search"/>
  <testcase name="Tracking_Number_Search" time="30.415" classname="Test_Data_Generation.Tracking_Number_Systematic_Search"/>
  <testcase name="Tracking_Number_Search" time="35.632" classname="Test_Data_Generation.Tracking_Number_Systematic_Search"/>
  <testcase name="Tracking_Number_Search" time="6.937" classname="Test_Data_Generation.Tracking_Number_Systematic_Search"/>
  <testcase name="Tracking_Number_Search" time="15.992" classname="Test_Data_Generation.Tracking_Number_Systematic_Search"/>
  <testcase name="Tracking_Number_Search" time="24.865" classname="Test_Data_Generation.Tracking_Number_Systematic_Search"/>
  <testcase name="Tracking_Number_Search" time="39.052" classname="Test_Data_Generation.Tracking_Number_Systematic_Search"/>
  <testcase name="Tracking_Number_Search" time="25.074" classname="Test_Data_Generation.Tracking_Number_Systematic_Search"/>
  <testcase name="Tracking_Number_Search" time="59.197" classname="Test_Data_Generation.Tracking_Number_Systematic_Search"/>
  <testcase name="Tracking_Number_Search" time="35.616" classname="Test_Data_Generation.Tracking_Number_Systematic_Search"/>
  <testcase name="Tracking_Number_Search" time="28.106" classname="Test_Data_Generation.Tracking_Number_Systematic_Search"/>
  <testcase name="Tracking_Number_Search" time="36.605" classname="Test_Data_Generation.Tracking_Number_Systematic_Search"/>
  <testcase name="Tracking_Number_Search" time="42.764" classname="Test_Data_Generation.Tracking_Number_Systematic_Search"/>
  <testcase name="Tracking_Number_Search" time="6.499" classname="Test_Data_Generation.Tracking_Number_Systematic_Search"/>
  <testcase name="Tracking_Number_Search" time="31.811" classname="Test_Data_Generation.Tracking_Number_Systematic_Search"/>
  <testcase name="Tracking_Number_Search" time="17.120" classname="Test_Data_Generation.Tracking_Number_Systematic_Search"/>
  <testcase name="Tracking_Number_Search" time="54.872" classname="Test_Data_Generation.Tracking_Number_Systematic_Search"/>
  <testcase name="Tracking_Number_Search" time="15.618" classname="Test_Data_Generation.Tracking_Number_Systematic_Search"/>
  <testcase name="Tracking_Number_Search" time="14.096" classname="Test_Data_Generation.Tracking_Number_Systematic_Search"/>
  <testcase name="Tracking_Number_Search" time="74.957" classname="Test_Data_Generation.Tracking_Number_Systematic_Search"/>
  <testcase name="Tracking_Number_Search" time="46.943" classname="Test_Data_Generation.Tracking_Number_Systematic_Search"/>
  <testcase name="Tracking_Number_Search" time="28.535" classname="Test_Data_Generation.Tracking_Number_Systematic_Search"/>
  <testcase name="Tracking_Number_Search" time="27.623" classname="Test_Data_Generation.Tracking_Number_Systematic_Search"/>
  <testcase name="Tracking_Number_Search" time="16.201" classname="Test_Data_Generation.Tracking_Number_Systematic_Search"/>
  <testcase name="Tracking_Number_Search" time="67.322" classname="Test_Data_Generation.Tracking_Number_Systematic_Search"/>
  <testcase name="Tracking_Number_Search" time="58.703" classname="Test_Data_Generation.Tracking_Number_Systematic_Search"/>
  <testcase name="Tracking_Number_Search" time="32.818" classname="Test_Data_Generation.Tracking_Number_Systematic_Search"/>
  <testcase name="Tracking_Number_Search" time="17.472" classname="Test_Data_Generation.Tracking_Number_Systematic_Search"/>
  <testcase name="Tracking_Number_Search" time="17.376" classname="Test_Data_Generation.Tracking_Number_Systematic_Search"/>
  <testcase name="Tracking_Number_Search" time="28.412" classname="Test_Data_Generation.Tracking_Number_Systematic_Search"/>
  <testcase name="Tracking_Number_Search" time="23.729" classname="Test_Data_Generation.Tracking_Number_Systematic_Search"/>
  <testcase name="Tracking_Number_Search" time="14.367" classname="Test_Data_Generation.Tracking_Number_Systematic_Search"/>
  <testcase name="Tracking_Number_Search" time="132.304" classname="Test_Data_Generation.Tracking_Number_Systematic_Search"/>
  <testcase name="Tracking_Number_Search" time="20.782" classname="Test_Data_Generation.Tracking_Number_Systematic_Search"/>
  <testcase name="Tracking_Number_Search" time="60.223" classname="Test_Data_Generation.Tracking_Number_Systematic_Search"/>
  <testcase name="Tracking_Number_Search" time="34.989" classname="Test_Data_Generation.Tracking_Number_Systematic_Search"/>
  <testcase name="Tracking_Number_Search" time="119.640" classname="Test_Data_Generation.Tracking_Number_Systematic_Search"/>
  <testcase name="Tracking_Number_Search" time="43.129" classname="Test_Data_Generation.Tracking_Number_Systematic_Search"/>
  <testcase name="Tracking_Number_Search" time="69.721" classname="Test_Data_Generation.Tracking_Number_Systematic_Search"/>
  <testcase name="Tracking_Number_Search" time="27.367" classname="Test_Data_Generation.Tracking_Number_Systematic_Search"/>
  <testcase name="Tracking_Number_Search" time="21.353" classname="Test_Data_Generation.Tracking_Number_Systematic_Search"/>
  <testcase name="Tracking_Number_Search" time="17.630" classname="Test_Data_Generation.Tracking_Number_Systematic_Search"/>
  <testcase name="Tracking_Number_Search" time="48.596" classname="Test_Data_Generation.Tracking_Number_Systematic_Search"/>
  <testcase name="Tracking_Number_Search" time="16.232" classname="Test_Data_Generation.Tracking_Number_Systematic_Search"/>
  <testcase name="Tracking_Number_Search" time="14.441" classname="Test_Data_Generation.Tracking_Number_Systematic_Search"/>
  <testcase name="Tracking_Number_Search" time="23.615" classname="Test_Data_Generation.Tracking_Number_Systematic_Search"/>
  <testcase name="Tracking_Number_Search" time="17.094" classname="Test_Data_Generation.Tracking_Number_Systematic_Search"/>
  <testcase name="Tracking_Number_Search" time="30.940" classname="Test_Data_Generation.Tracking_Number_Systematic_Search"/>
  <testcase name="Tracking_Number_Search" time="39.934" classname="Test_Data_Generation.Tracking_Number_Systematic_Search"/>
  <testcase name="Tracking_Number_Search" time="26.539" classname="Test_Data_Generation.Tracking_Number_Systematic_Search"/>
  <testcase name="Tracking_Number_Search" time="19.891" classname="Test_Data_Generation.Tracking_Number_Systematic_Search"/>
  <testcase name="Tracking_Number_Search" time="34.319" classname="Test_Data_Generation.Tracking_Number_Systematic_Search"/>
  <testcase name="Tracking_Number_Search" time="66.495" classname="Test_Data_Generation.Tracking_Number_Systematic_Search"/>
  <testcase name="Tracking_Number_Search" time="14.023" classname="Test_Data_Generation.Tracking_Number_Systematic_Search"/>
  <testcase name="Tracking_Number_Search" time="18.196" classname="Test_Data_Generation.Tracking_Number_Systematic_Search"/>
  <testcase name="Tracking_Number_Search" time="28.029" classname="Test_Data_Generation.Tracking_Number_Systematic_Search"/>
  <testcase name="Tracking_Number_Search" time="68.580" classname="Test_Data_Generation.Tracking_Number_Systematic_Search"/>
  <testcase name="Tracking_Number_Search" time="18.727" classname="Test_Data_Generation.Tracking_Number_Systematic_Search"/>
  <testcase name="Tracking_Number_Search" time="37.603" classname="Test_Data_Generation.Tracking_Number_Systematic_Search"/>
  <testcase name="Tracking_Number_Search" time="19.420" classname="Test_Data_Generation.Tracking_Number_Systematic_Search"/>
  <testcase name="Tracking_Number_Search" time="20.331" classname="Test_Data_Generation.Tracking_Number_Systematic_Search"/>
  <testcase name="Tracking_Number_Search" time="28.434" classname="Test_Data_Generation.Tracking_Number_Systematic_Search"/>
  <testcase name="Tracking_Number_Search" time="13.136" classname="Test_Data_Generation.Tracking_Number_Systematic_Search"/>
  <testcase name="Tracking_Number_Search" time="15.961" classname="Test_Data_Generation.Tracking_Number_Systematic_Search"/>
  <testcase name="Tracking_Number_Search" time="12.178" classname="Test_Data_Generation.Tracking_Number_Systematic_Search"/>
  <testcase name="Tracking_Number_Search" time="56.878" classname="Test_Data_Generation.Tracking_Number_Systematic_Search"/>
  <testcase name="Tracking_Number_Search" time="24.038" classname="Test_Data_Generation.Tracking_Number_Systematic_Search"/>
  <testcase name="Tracking_Number_Search" time="8.437" classname="Test_Data_Generation.Tracking_Number_Systematic_Search"/>
  <testcase name="Tracking_Number_Search" time="27.187" classname="Test_Data_Generation.Tracking_Number_Systematic_Search"/>
  <testcase name="Tracking_Number_Search" time="16.864" classname="Test_Data_Generation.Tracking_Number_Systematic_Search"/>
  <testcase name="Tracking_Number_Search" time="61.370" classname="Test_Data_Generation.Tracking_Number_Systematic_Search"/>
  <testcase name="Tracking_Number_Search" time="24.265" classname="Test_Data_Generation.Tracking_Number_Systematic_Search"/>
  <testcase name="Tracking_Number_Search" time="32.827" classname="Test_Data_Generation.Tracking_Number_Systematic_Search"/>
  <testcase name="Tracking_Number_Search" time="37.244" classname="Test_Data_Generation.Tracking_Number_Systematic_Search"/>
  <testcase name="Tracking_Number_Search" time="15.177" classname="Test_Data_Generation.Tracking_Number_Systematic_Search"/>
  <testcase name="Tracking_Number_Search" time="27.508" classname="Test_Data_Generation.Tracking_Number_Systematic_Search"/>
  <testcase name="Tracking_Number_Search" time="24.543" classname="Test_Data_Generation.Tracking_Number_Systematic_Search"/>
  <testcase name="Tracking_Number_Search" time="84.584" classname="Test_Data_Generation.Tracking_Number_Systematic_Search"/>
  <testcase name="Tracking_Number_Search" time="43.907" classname="Test_Data_Generation.Tracking_Number_Systematic_Search"/>
  <testcase name="Tracking_Number_Search" time="19.260" classname="Test_Data_Generation.Tracking_Number_Systematic_Search"/>
  <testcase name="Tracking_Number_Search" time="6.182" classname="Test_Data_Generation.Tracking_Number_Systematic_Search"/>
  <testcase name="Tracking_Number_Search" time="17.251" classname="Test_Data_Generation.Tracking_Number_Systematic_Search"/>
  <testcase name="Tracking_Number_Search" time="112.706" classname="Test_Data_Generation.Tracking_Number_Systematic_Search"/>
  <testcase name="Tracking_Number_Search" time="102.796" classname="Test_Data_Generation.Tracking_Number_Systematic_Search"/>
  <testcase name="Tracking_Number_Search" time="16.274" classname="Test_Data_Generation.Tracking_Number_Systematic_Search"/>
  <testcase name="Tracking_Number_Search" time="26.950" classname="Test_Data_Generation.Tracking_Number_Systematic_Search"/>
  <testcase name="Tracking_Number_Search" time="60.904" classname="Test_Data_Generation.Tracking_Number_Systematic_Search"/>
  <testcase name="Tracking_Number_Search" time="1.223" classname="Test_Data_Generation.Tracking_Number_Systematic_Search"/>
  <testcase name="Tracking_Number_Search" time="41.375" classname="Test_Data_Generation.Tracking_Number_Systematic_Search"/>
  <testcase name="Tracking_Number_Search" time="30.077" classname="Test_Data_Generation.Tracking_Number_Systematic_Search"/>
  <testcase name="Tracking_Number_Search" time="28.450" classname="Test_Data_Generation.Tracking_Number_Systematic_Search"/>
  <testcase name="Tracking_Number_Search" time="42.758" classname="Test_Data_Generation.Tracking_Number_Systematic_Search"/>
  <testcase name="Tracking_Number_Search" time="32.168" classname="Test_Data_Generation.Tracking_Number_Systematic_Search"/>
  <testcase name="Tracking_Number_Search" time="26.677" classname="Test_Data_Generation.Tracking_Number_Systematic_Search"/>
  <testcase name="Tracking_Number_Search" time="2.447" classname="Test_Data_Generation.Tracking_Number_Systematic_Search"/>
  <testcase name="Tracking_Number_Search" time="17.073" classname="Test_Data_Generation.Tracking_Number_Systematic_Search"/>
  <testcase name="Tracking_Number_Search" time="43.803" classname="Test_Data_Generation.Tracking_Number_Systematic_Search"/>
  <testcase name="Tracking_Number_Search" time="29.798" classname="Test_Data_Generation.Tracking_Number_Systematic_Search"/>
  <testcase name="Tracking_Number_Search" time="26.356" classname="Test_Data_Generation.Tracking_Number_Systematic_Search"/>
  <testcase name="Tracking_Number_Search" time="24.013" classname="Test_Data_Generation.Tracking_Number_Systematic_Search"/>
  <testcase name="Tracking_Number_Search" time="14.855" classname="Test_Data_Generation.Tracking_Number_Systematic_Search"/>
  <testcase name="Tracking_Number_Search" time="35.055" classname="Test_Data_Generation.Tracking_Number_Systematic_Search"/>
  <testcase name="Tracking_Number_Search" time="48.122" classname="Test_Data_Generation.Tracking_Number_Systematic_Search"/>
  <testcase name="Tracking_Number_Search" time="2.060" classname="Test_Data_Generation.Tracking_Number_Systematic_Search"/>
  <testcase name="Tracking_Number_Search" time="26.720" classname="Test_Data_Generation.Tracking_Number_Systematic_Search"/>
  <testcase name="Tracking_Number_Search" time="28.205" classname="Test_Data_Generation.Tracking_Number_Systematic_Search"/>
  <testcase name="Tracking_Number_Search" time="35.158" classname="Test_Data_Generation.Tracking_Number_Systematic_Search"/>
  <testcase name="Tracking_Number_Search" time="28.411" classname="Test_Data_Generation.Tracking_Number_Systematic_Search"/>
  <testcase name="Tracking_Number_Search" time="2.069" classname="Test_Data_Generation.Tracking_Number_Systematic_Search"/>
  <testcase name="Tracking_Number_Search" time="18.987" classname="Test_Data_Generation.Tracking_Number_Systematic_Search"/>
  <testcase name="Tracking_Number_Search" time="26.453" classname="Test_Data_Generation.Tracking_Number_Systematic_Search"/>
  <testcase name="Tracking_Number_Search" time="7.641" classname="Test_Data_Generation.Tracking_Number_Systematic_Search"/>
  <testcase name="Tracking_Number_Search" time="19.089" classname="Test_Data_Generation.Tracking_Number_Systematic_Search"/>
  <testcase name="Tracking_Number_Search" time="24.863" classname="Test_Data_Generation.Tracking_Number_Systematic_Search"/>
  <testcase name="Tracking_Number_Search" time="15.263" classname="Test_Data_Generation.Tracking_Number_Systematic_Search"/>
  <testcase name="Tracking_Number_Search" time="37.569" classname="Test_Data_Generation.Tracking_Number_Systematic_Search"/>
  <testcase name="Tracking_Number_Search" time="9.170" classname="Test_Data_Generation.Tracking_Number_Systematic_Search"/>
  <testcase name="Tracking_Number_Search" time="51.609" classname="Test_Data_Generation.Tracking_Number_Systematic_Search"/>
  <testcase name="Tracking_Number_Search" time="44.532" classname="Test_Data_Generation.Tracking_Number_Systematic_Search"/>
  <testcase name="Tracking_Number_Search" time="25.637" classname="Test_Data_Generation.Tracking_Number_Systematic_Search"/>
  <testcase name="Tracking_Number_Search" time="22.811" classname="Test_Data_Generation.Tracking_Number_Systematic_Search"/>
  <testcase name="Tracking_Number_Search" time="25.359" classname="Test_Data_Generation.Tracking_Number_Systematic_Search"/>
  <testcase name="Tracking_Number_Search" time="19.521" classname="Test_Data_Generation.Tracking_Number_Systematic_Search"/>
  <testcase name="Tracking_Number_Search" time="28.729" classname="Test_Data_Generation.Tracking_Number_Systematic_Search"/>
  <testcase name="Tracking_Number_Search" time="27.344" classname="Test_Data_Generation.Tracking_Number_Systematic_Search"/>
  <testcase name="Tracking_Number_Search" time="17.665" classname="Test_Data_Generation.Tracking_Number_Systematic_Search"/>
  <testcase name="Tracking_Number_Search" time="10.991" classname="Test_Data_Generation.Tracking_Number_Systematic_Search"/>
  <testcase name="Tracking_Number_Search" time="58.838" classname="Test_Data_Generation.Tracking_Number_Systematic_Search"/>
  <testcase name="Tracking_Number_Search" time="108.083" classname="Test_Data_Generation.Tracking_Number_Systematic_Search"/>
  <testcase name="Tracking_Number_Search" time="171.308" classname="Test_Data_Generation.Tracking_Number_Systematic_Search"/>
  <testcase name="Tracking_Number_Search" time="61.039" classname="Test_Data_Generation.Tracking_Number_Systematic_Search"/>
  <testcase name="Tracking_Number_Search" time="23.130" classname="Test_Data_Generation.Tracking_Number_Systematic_Search"/>
  <testcase name="Tracking_Number_Search" time="30.552" classname="Test_Data_Generation.Tracking_Number_Systematic_Search"/>
  <testcase name="Tracking_Number_Search" time="18.681" classname="Test_Data_Generation.Tracking_Number_Systematic_Search"/>
  <testcase name="Tracking_Number_Search" time="25.787" classname="Test_Data_Generation.Tracking_Number_Systematic_Search"/>
  <testcase name="Tracking_Number_Search" time="8.860" classname="Test_Data_Generation.Tracking_Number_Systematic_Search"/>
  <testcase name="Tracking_Number_Search" time="26.509" classname="Test_Data_Generation.Tracking_Number_Systematic_Search"/>
  <testcase name="Tracking_Number_Search" time="22.518" classname="Test_Data_Generation.Tracking_Number_Systematic_Search"/>
  <testcase name="Tracking_Number_Search" time="43.723" classname="Test_Data_Generation.Tracking_Number_Systematic_Search"/>
  <testcase name="Tracking_Number_Search" time="7.745" classname="Test_Data_Generation.Tracking_Number_Systematic_Search"/>
  <testcase name="Tracking_Number_Search" time="54.493" classname="Test_Data_Generation.Tracking_Number_Systematic_Search"/>
  <testcase name="Tracking_Number_Search" time="19.622" classname="Test_Data_Generation.Tracking_Number_Systematic_Search"/>
  <testcase name="Tracking_Number_Search" time="27.620" classname="Test_Data_Generation.Tracking_Number_Systematic_Search"/>
  <testcase name="Tracking_Number_Search" time="15.298" classname="Test_Data_Generation.Tracking_Number_Systematic_Search"/>
  <testcase name="Tracking_Number_Search" time="15.487" classname="Test_Data_Generation.Tracking_Number_Systematic_Search"/>
  <testcase name="Tracking_Number_Search" time="68.402" classname="Test_Data_Generation.Tracking_Number_Systematic_Search"/>
  <testcase name="Tracking_Number_Search" time="63.218" classname="Test_Data_Generation.Tracking_Number_Systematic_Search"/>
  <testcase name="Tracking_Number_Search" time="30.052" classname="Test_Data_Generation.Tracking_Number_Systematic_Search"/>
  <testcase name="Tracking_Number_Search" time="24.070" classname="Test_Data_Generation.Tracking_Number_Systematic_Search"/>
  <testcase name="Tracking_Number_Search" time="22.241" classname="Test_Data_Generation.Tracking_Number_Systematic_Search"/>
  <testcase name="Tracking_Number_Search" time="89.045" classname="Test_Data_Generation.Tracking_Number_Systematic_Search"/>
  <testcase name="Tracking_Number_Search" time="26.175" classname="Test_Data_Generation.Tracking_Number_Systematic_Search"/>
  <testcase name="Tracking_Number_Search" time="58.157" classname="Test_Data_Generation.Tracking_Number_Systematic_Search"/>
  <testcase name="Tracking_Number_Search" time="15.155" classname="Test_Data_Generation.Tracking_Number_Systematic_Search"/>
  <testcase name="Tracking_Number_Search" time="15.362" classname="Test_Data_Generation.Tracking_Number_Systematic_Search"/>
  <testcase name="Tracking_Number_Search" time="11.312" classname="Test_Data_Generation.Tracking_Number_Systematic_Search"/>
  <testcase name="Tracking_Number_Search" time="14.775" classname="Test_Data_Generation.Tracking_Number_Systematic_Search"/>
  <testcase name="Tracking_Number_Search" time="46.773" classname="Test_Data_Generation.Tracking_Number_Systematic_Search"/>
  <testcase name="Tracking_Number_Search" time="31.931" classname="Test_Data_Generation.Tracking_Number_Systematic_Search"/>
  <testcase name="Tracking_Number_Search" time="40.587" classname="Test_Data_Generation.Tracking_Number_Systematic_Search"/>
  <testcase name="Tracking_Number_Search" time="13.230" classname="Test_Data_Generation.Tracking_Number_Systematic_Search"/>
  <testcase name="Tracking_Number_Search" time="67.218" classname="Test_Data_Generation.Tracking_Number_Systematic_Search"/>
  <testcase name="Tracking_Number_Search" time="28.126" classname="Test_Data_Generation.Tracking_Number_Systematic_Search"/>
  <testcase name="Tracking_Number_Search" time="125.015" classname="Test_Data_Generation.Tracking_Number_Systematic_Search"/>
  <testcase name="Tracking_Number_Search" time="50.768" classname="Test_Data_Generation.Tracking_Number_Systematic_Search"/>
  <testcase name="Tracking_Number_Search" time="87.474" classname="Test_Data_Generation.Tracking_Number_Systematic_Search"/>
  <testcase name="Tracking_Number_Search" time="12.335" classname="Test_Data_Generation.Tracking_Number_Systematic_Search"/>
  <testcase name="Tracking_Number_Search" time="20.649" classname="Test_Data_Generation.Tracking_Number_Systematic_Search"/>
  <testcase name="Tracking_Number_Search" time="19.610" classname="Test_Data_Generation.Tracking_Number_Systematic_Search"/>
  <testcase name="Tracking_Number_Search" time="15.839" classname="Test_Data_Generation.Tracking_Number_Systematic_Search"/>
  <testcase name="Tracking_Number_Search" time="16.050" classname="Test_Data_Generation.Tracking_Number_Systematic_Search"/>
  <testcase name="Tracking_Number_Search" time="19.484" classname="Test_Data_Generation.Tracking_Number_Systematic_Search"/>
  <testcase name="Tracking_Number_Search" time="7.019" classname="Test_Data_Generation.Tracking_Number_Systematic_Search"/>
  <testcase name="Tracking_Number_Search" time="17.992" classname="Test_Data_Generation.Tracking_Number_Systematic_Search"/>
  <testcase name="Tracking_Number_Search" time="26.740" classname="Test_Data_Generation.Tracking_Number_Systematic_Search"/>
  <testcase name="Tracking_Number_Search" time="28.689" classname="Test_Data_Generation.Tracking_Number_Systematic_Search"/>
  <testcase name="Tracking_Number_Search" time="62.392" classname="Test_Data_Generation.Tracking_Number_Systematic_Search"/>
  <testcase name="Tracking_Number_Search" time="34.704" classname="Test_Data_Generation.Tracking_Number_Systematic_Search"/>
  <testcase name="Tracking_Number_Search" time="121.748" classname="Test_Data_Generation.Tracking_Number_Systematic_Search"/>
  <testcase name="Tracking_Number_Search" time="9.278" classname="Test_Data_Generation.Tracking_Number_Systematic_Search"/>
  <testcase name="Tracking_Number_Search" time="42.773" classname="Test_Data_Generation.Tracking_Number_Systematic_Search"/>
  <testcase name="Tracking_Number_Search" time="18.404" classname="Test_Data_Generation.Tracking_Number_Systematic_Search"/>
  <testcase name="Tracking_Number_Search" time="3.810" classname="Test_Data_Generation.Tracking_Number_Systematic_Search"/>
  <testcase name="Tracking_Number_Search" time="25.971" classname="Test_Data_Generation.Tracking_Number_Systematic_Search"/>
  <testcase name="Tracking_Number_Search" time="29.858" classname="Test_Data_Generation.Tracking_Number_Systematic_Search"/>
  <testcase name="Tracking_Number_Search" time="14.992" classname="Test_Data_Generation.Tracking_Number_Systematic_Search"/>
  <testcase name="Tracking_Number_Search" time="24.298" classname="Test_Data_Generation.Tracking_Number_Systematic_Search"/>
  <testcase name="Tracking_Number_Search" time="24.824" classname="Test_Data_Generation.Tracking_Number_Systematic_Search"/>
  <testcase name="Tracking_Number_Search" time="30.744" classname="Test_Data_Generation.Tracking_Number_Systematic_Search"/>
  <testcase name="Tracking_Number_Search" time="47.370" classname="Test_Data_Generation.Tracking_Number_Systematic_Search"/>
  <testcase name="Tracking_Number_Search" time="17.169" classname="Test_Data_Generation.Tracking_Number_Systematic_Search"/>
  <testcase name="Tracking_Number_Search" time="20.685" classname="Test_Data_Generation.Tracking_Number_Systematic_Search"/>
  <testcase name="Tracking_Number_Search" time="16.509" classname="Test_Data_Generation.Tracking_Number_Systematic_Search"/>
  <testcase name="Tracking_Number_Search" time="2.624" classname="Test_Data_Generation.Tracking_Number_Systematic_Search"/>
  <testcase name="Tracking_Number_Search" time="29.128" classname="Test_Data_Generation.Tracking_Number_Systematic_Search"/>
  <testcase name="Tracking_Number_Search" time="110.646" classname="Test_Data_Generation.Tracking_Number_Systematic_Search"/>
  <testcase name="Tracking_Number_Search" time="51.868" classname="Test_Data_Generation.Tracking_Number_Systematic_Search"/>
  <testcase name="Tracking_Number_Search" time="20.359" classname="Test_Data_Generation.Tracking_Number_Systematic_Search"/>
  <testcase name="Tracking_Number_Search" time="31.501" classname="Test_Data_Generation.Tracking_Number_Systematic_Search"/>
  <testcase name="Tracking_Number_Search" time="43.943" classname="Test_Data_Generation.Tracking_Number_Systematic_Search"/>
  <testcase name="Tracking_Number_Search" time="14.502" classname="Test_Data_Generation.Tracking_Number_Systematic_Search"/>
  <testcase name="Tracking_Number_Search" time="7.596" classname="Test_Data_Generation.Tracking_Number_Systematic_Search"/>
  <testcase name="Tracking_Number_Search" time="31.626" classname="Test_Data_Generation.Tracking_Number_Systematic_Search"/>
  <testcase name="Tracking_Number_Search" time="70.763" classname="Test_Data_Generation.Tracking_Number_Systematic_Search"/>
  <testcase name="Tracking_Number_Search" time="12.771" classname="Test_Data_Generation.Tracking_Number_Systematic_Search"/>
  <testcase name="Tracking_Number_Search" time="17.446" classname="Test_Data_Generation.Tracking_Number_Systematic_Search"/>
  <testcase name="Tracking_Number_Search" time="16.201" classname="Test_Data_Generation.Tracking_Number_Systematic_Search"/>
  <testcase name="Tracking_Number_Search" time="15.368" classname="Test_Data_Generation.Tracking_Number_Systematic_Search"/>
  <testcase name="Tracking_Number_Search" time="50.830" classname="Test_Data_Generation.Tracking_Number_Systematic_Search"/>
  <testcase name="Tracking_Number_Search" time="18.254" classname="Test_Data_Generation.Tracking_Number_Systematic_Search"/>
  <testcase name="Tracking_Number_Search" time="63.069" classname="Test_Data_Generation.Tracking_Number_Systematic_Search"/>
  <testcase name="Tracking_Number_Search" time="11.663" classname="Test_Data_Generation.Tracking_Number_Systematic_Search"/>
  <testcase name="Tracking_Number_Search" time="26.978" classname="Test_Data_Generation.Tracking_Number_Systematic_Search"/>
  <testcase name="Tracking_Number_Search" time="25.333" classname="Test_Data_Generation.Tracking_Number_Systematic_Search"/>
  <testcase name="Tracking_Number_Search" time="5.230" classname="Test_Data_Generation.Tracking_Number_Systematic_Search"/>
  <testcase name="Tracking_Number_Search" time="23.182" classname="Test_Data_Generation.Tracking_Number_Systematic_Search"/>
  <testcase name="Tracking_Number_Search" time="128.288" classname="Test_Data_Generation.Tracking_Number_Systematic_Search"/>
  <testcase name="Tracking_Number_Search" time="15.312" classname="Test_Data_Generation.Tracking_Number_Systematic_Search"/>
  <testcase name="Tracking_Number_Search" time="113.294" classname="Test_Data_Generation.Tracking_Number_Systematic_Search"/>
  <testcase name="Tracking_Number_Search" time="28.038" classname="Test_Data_Generation.Tracking_Number_Systematic_Search"/>
  <testcase name="Tracking_Number_Search" time="28.471" classname="Test_Data_Generation.Tracking_Number_Systematic_Search"/>
  <testcase name="Tracking_Number_Search" time="15.668" classname="Test_Data_Generation.Tracking_Number_Systematic_Search"/>
  <testcase name="Tracking_Number_Search" time="26.276" classname="Test_Data_Generation.Tracking_Number_Systematic_Search"/>
  <testcase name="Tracking_Number_Search" time="27.346" classname="Test_Data_Generation.Tracking_Number_Systematic_Search"/>
  <testcase name="Tracking_Number_Search" time="25.623" classname="Test_Data_Generation.Tracking_Number_Systematic_Search"/>
  <testcase name="Tracking_Number_Search" time="14.841" classname="Test_Data_Generation.Tracking_Number_Systematic_Search"/>
  <testcase name="Tracking_Number_Search" time="8.723" classname="Test_Data_Generation.Tracking_Number_Systematic_Search"/>
  <testcase name="Tracking_Number_Search" time="25.834" classname="Test_Data_Generation.Tracking_Number_Systematic_Search"/>
  <testcase name="Tracking_Number_Search" time="10.005" classname="Test_Data_Generation.Tracking_Number_Systematic_Search"/>
  <testcase name="Tracking_Number_Search" time="44.668" classname="Test_Data_Generation.Tracking_Number_Systematic_Search"/>
  <testcase name="Tracking_Number_Search" time="8.389" classname="Test_Data_Generation.Tracking_Number_Systematic_Search"/>
  <testcase name="Tracking_Number_Search" time="49.727" classname="Test_Data_Generation.Tracking_Number_Systematic_Search"/>
  <testcase name="Tracking_Number_Search" time="17.805" classname="Test_Data_Generation.Tracking_Number_Systematic_Search"/>
  <testcase name="Tracking_Number_Search" time="21.134" classname="Test_Data_Generation.Tracking_Number_Systematic_Search"/>
  <testcase name="Tracking_Number_Search" time="14.060" classname="Test_Data_Generation.Tracking_Number_Systematic_Search"/>
  <testcase name="Tracking_Number_Search" time="14.400" classname="Test_Data_Generation.Tracking_Number_Systematic_Search"/>
  <testcase name="Tracking_Number_Search" time="45.954" classname="Test_Data_Generation.Tracking_Number_Systematic_Search"/>
  <testcase name="Tracking_Number_Search" time="23.406" classname="Test_Data_Generation.Tracking_Number_Systematic_Search"/>
  <testcase name="Tracking_Number_Search" time="25.759" classname="Test_Data_Generation.Tracking_Number_Systematic_Search"/>
  <testcase name="Tracking_Number_Search" time="20.971" classname="Test_Data_Generation.Tracking_Number_Systematic_Search"/>
  <testcase name="Tracking_Number_Search" time="24.679" classname="Test_Data_Generation.Tracking_Number_Systematic_Search"/>
  <testcase name="Tracking_Number_Search" time="27.926" classname="Test_Data_Generation.Tracking_Number_Systematic_Search"/>
  <testcase name="Tracking_Number_Search" time="43.831" classname="Test_Data_Generation.Tracking_Number_Systematic_Search"/>
  <testcase name="Tracking_Number_Search" time="22.983" classname="Test_Data_Generation.Tracking_Number_Systematic_Search"/>
  <testcase name="Tracking_Number_Search" time="23.621" classname="Test_Data_Generation.Tracking_Number_Systematic_Search"/>
  <testcase name="Tracking_Number_Search" time="44.764" classname="Test_Data_Generation.Tracking_Number_Systematic_Search"/>
  <testcase name="Tracking_Number_Search" time="60.590" classname="Test_Data_Generation.Tracking_Number_Systematic_Search"/>
  <testcase name="Tracking_Number_Search" time="39.794" classname="Test_Data_Generation.Tracking_Number_Systematic_Search"/>
  <testcase name="Tracking_Number_Search" time="21.362" classname="Test_Data_Generation.Tracking_Number_Systematic_Search"/>
  <testcase name="Tracking_Number_Search" time="10.186" classname="Test_Data_Generation.Tracking_Number_Systematic_Search"/>
  <testcase name="Tracking_Number_Search" time="26.216" classname="Test_Data_Generation.Tracking_Number_Systematic_Search"/>
  <testcase name="Tracking_Number_Search" time="21.521" classname="Test_Data_Generation.Tracking_Number_Systematic_Search"/>
  <testcase name="Tracking_Number_Search" time="18.010" classname="Test_Data_Generation.Tracking_Number_Systematic_Search"/>
  <testcase name="Tracking_Number_Search" time="24.344" classname="Test_Data_Generation.Tracking_Number_Systematic_Search"/>
  <testcase name="Tracking_Number_Search" time="36.332" classname="Test_Data_Generation.Tracking_Number_Systematic_Search"/>
  <testcase name="Tracking_Number_Search" time="24.451" classname="Test_Data_Generation.Tracking_Number_Systematic_Search"/>
  <testcase name="Tracking_Number_Search" time="2.090" classname="Test_Data_Generation.Tracking_Number_Systematic_Search"/>
  <testcase name="Tracking_Number_Search" time="88.602" classname="Test_Data_Generation.Tracking_Number_Systematic_Search"/>
  <testcase name="Tracking_Number_Search" time="10.910" classname="Test_Data_Generation.Tracking_Number_Systematic_Search"/>
  <testcase name="Tracking_Number_Search" time="11.214" classname="Test_Data_Generation.Tracking_Number_Systematic_Search"/>
  <testcase name="Tracking_Number_Search" time="26.324" classname="Test_Data_Generation.Tracking_Number_Systematic_Search"/>
  <testcase name="Tracking_Number_Search" time="27.115" classname="Test_Data_Generation.Tracking_Number_Systematic_Search"/>
  <testcase name="Tracking_Number_Search" time="27.392" classname="Test_Data_Generation.Tracking_Number_Systematic_Search"/>
  <testcase name="Tracking_Number_Search" time="3.887" classname="Test_Data_Generation.Tracking_Number_Systematic_Search"/>
  <testcase name="Tracking_Number_Search" time="24.151" classname="Test_Data_Generation.Tracking_Number_Systematic_Search"/>
  <testcase name="Tracking_Number_Search" time="15.484" classname="Test_Data_Generation.Tracking_Number_Systematic_Search"/>
  <testcase name="Tracking_Number_Search" time="8.592" classname="Test_Data_Generation.Tracking_Number_Systematic_Search"/>
  <testcase name="Tracking_Number_Search" time="24.508" classname="Test_Data_Generation.Tracking_Number_Systematic_Search"/>
  <testcase name="Tracking_Number_Search" time="23.478" classname="Test_Data_Generation.Tracking_Number_Systematic_Search"/>
  <testcase name="Tracking_Number_Search" time="50.776" classname="Test_Data_Generation.Tracking_Number_Systematic_Search"/>
  <testcase name="Tracking_Number_Search" time="13.868" classname="Test_Data_Generation.Tracking_Number_Systematic_Search"/>
  <testcase name="Tracking_Number_Search" time="22.936" classname="Test_Data_Generation.Tracking_Number_Systematic_Search"/>
  <testcase name="Tracking_Number_Search" time="25.031" classname="Test_Data_Generation.Tracking_Number_Systematic_Search"/>
  <testcase name="Tracking_Number_Search" time="18.949" classname="Test_Data_Generation.Tracking_Number_Systematic_Search"/>
  <testcase name="Tracking_Number_Search" time="67.549" classname="Test_Data_Generation.Tracking_Number_Systematic_Search"/>
  <testcase name="Tracking_Number_Search" time="32.980" classname="Test_Data_Generation.Tracking_Number_Systematic_Search"/>
  <testcase name="Tracking_Number_Search" time="25.799" classname="Test_Data_Generation.Tracking_Number_Systematic_Search"/>
  <testcase name="Tracking_Number_Search" time="97.469" classname="Test_Data_Generation.Tracking_Number_Systematic_Search"/>
  <testcase name="Tracking_Number_Search" time="60.482" classname="Test_Data_Generation.Tracking_Number_Systematic_Search"/>
  <testcase name="Tracking_Number_Search" time="44.010" classname="Test_Data_Generation.Tracking_Number_Systematic_Search"/>
  <testcase name="Tracking_Number_Search" time="10.166" classname="Test_Data_Generation.Tracking_Number_Systematic_Search"/>
  <testcase name="Tracking_Number_Search" time="27.148" classname="Test_Data_Generation.Tracking_Number_Systematic_Search"/>
  <testcase name="Tracking_Number_Search" time="1.017" classname="Test_Data_Generation.Tracking_Number_Systematic_Search"/>
  <testcase name="Tracking_Number_Search" time="21.017" classname="Test_Data_Generation.Tracking_Number_Systematic_Search"/>
  <testcase name="Tracking_Number_Search" time="17.517" classname="Test_Data_Generation.Tracking_Number_Systematic_Search"/>
  <testcase name="Tracking_Number_Search" time="42.225" classname="Test_Data_Generation.Tracking_Number_Systematic_Search"/>
  <testcase name="Tracking_Number_Search" time="10.581" classname="Test_Data_Generation.Tracking_Number_Systematic_Search"/>
  <testcase name="Tracking_Number_Search" time="29.305" classname="Test_Data_Generation.Tracking_Number_Systematic_Search"/>
  <testcase name="Tracking_Number_Search" time="36.803" classname="Test_Data_Generation.Tracking_Number_Systematic_Search"/>
  <testcase name="Tracking_Number_Search" time="51.401" classname="Test_Data_Generation.Tracking_Number_Systematic_Search"/>
  <testcase name="Tracking_Number_Search" time="18.090" classname="Test_Data_Generation.Tracking_Number_Systematic_Search"/>
  <testcase name="Tracking_Number_Search" time="23.501" classname="Test_Data_Generation.Tracking_Number_Systematic_Search"/>
  <testcase name="Tracking_Number_Search" time="52.359" classname="Test_Data_Generation.Tracking_Number_Systematic_Search"/>
  <testcase name="Tracking_Number_Search" time="5.901" classname="Test_Data_Generation.Tracking_Number_Systematic_Search"/>
  <testcase name="Tracking_Number_Search" time="36.494" classname="Test_Data_Generation.Tracking_Number_Systematic_Search"/>
  <testcase name="Tracking_Number_Search" time="18.204" classname="Test_Data_Generation.Tracking_Number_Systematic_Search"/>
  <testcase name="Tracking_Number_Search" time="20.214" classname="Test_Data_Generation.Tracking_Number_Systematic_Search"/>
  <testcase name="Tracking_Number_Search" time="107.763" classname="Test_Data_Generation.Tracking_Number_Systematic_Search"/>
  <testcase name="Tracking_Number_Search" time="24.624" classname="Test_Data_Generation.Tracking_Number_Systematic_Search"/>
  <testcase name="Tracking_Number_Search" time="16.899" classname="Test_Data_Generation.Tracking_Number_Systematic_Search"/>
  <testcase name="Tracking_Number_Search" time="5.853" classname="Test_Data_Generation.Tracking_Number_Systematic_Search"/>
  <testcase name="Tracking_Number_Search" time="17.409" classname="Test_Data_Generation.Tracking_Number_Systematic_Search"/>
  <testcase name="Tracking_Number_Search" time="5.344" classname="Test_Data_Generation.Tracking_Number_Systematic_Search"/>
  <testcase name="Tracking_Number_Search" time="22.464" classname="Test_Data_Generation.Tracking_Number_Systematic_Search"/>
  <testcase name="Tracking_Number_Search" time="84.065" classname="Test_Data_Generation.Tracking_Number_Systematic_Search"/>
  <testcase name="Tracking_Number_Search" time="19.622" classname="Test_Data_Generation.Tracking_Number_Systematic_Search"/>
  <testcase name="Tracking_Number_Search" time="23.424" classname="Test_Data_Generation.Tracking_Number_Systematic_Search"/>
  <testcase name="Tracking_Number_Search" time="64.362" classname="Test_Data_Generation.Tracking_Number_Systematic_Search"/>
  <testcase name="Tracking_Number_Search" time="32.317" classname="Test_Data_Generation.Tracking_Number_Systematic_Search"/>
  <testcase name="Tracking_Number_Search" time="17.260" classname="Test_Data_Generation.Tracking_Number_Systematic_Search"/>
  <testcase name="Tracking_Number_Search" time="23.431" classname="Test_Data_Generation.Tracking_Number_Systematic_Search"/>
  <testcase name="Tracking_Number_Search" time="36.316" classname="Test_Data_Generation.Tracking_Number_Systematic_Search"/>
  <testcase name="Tracking_Number_Search" time="70.665" classname="Test_Data_Generation.Tracking_Number_Systematic_Search"/>
  <testcase name="Tracking_Number_Search" time="7.336" classname="Test_Data_Generation.Tracking_Number_Systematic_Search"/>
  <testcase name="Tracking_Number_Search" time="30.477" classname="Test_Data_Generation.Tracking_Number_Systematic_Search"/>
  <testcase name="Tracking_Number_Search" time="16.949" classname="Test_Data_Generation.Tracking_Number_Systematic_Search"/>
  <testcase name="Tracking_Number_Search" time="5.394" classname="Test_Data_Generation.Tracking_Number_Systematic_Search"/>
  <testcase name="Tracking_Number_Search" time="37.277" classname="Test_Data_Generation.Tracking_Number_Systematic_Search"/>
  <testcase name="Tracking_Number_Search" time="1.089" classname="Test_Data_Generation.Tracking_Number_Systematic_Search"/>
  <testcase name="Tracking_Number_Search" time="33.709" classname="Test_Data_Generation.Tracking_Number_Systematic_Search"/>
  <testcase name="Tracking_Number_Search" time="27.658" classname="Test_Data_Generation.Tracking_Number_Systematic_Search"/>
  <testcase name="Tracking_Number_Search" time="38.923" classname="Test_Data_Generation.Tracking_Number_Systematic_Search"/>
  <testcase name="Tracking_Number_Search" time="19.148" classname="Test_Data_Generation.Tracking_Number_Systematic_Search"/>
  <testcase name="Tracking_Number_Search" time="101.053" classname="Test_Data_Generation.Tracking_Number_Systematic_Search"/>
  <testcase name="Tracking_Number_Search" time="21.638" classname="Test_Data_Generation.Tracking_Number_Systematic_Search"/>
  <testcase name="Tracking_Number_Search" time="16.646" classname="Test_Data_Generation.Tracking_Number_Systematic_Search"/>
  <testcase name="Tracking_Number_Search" time="29.454" classname="Test_Data_Generation.Tracking_Number_Systematic_Search"/>
  <testcase name="Tracking_Number_Search" time="18.187" classname="Test_Data_Generation.Tracking_Number_Systematic_Search"/>
  <testcase name="Tracking_Number_Search" time="17.960" classname="Test_Data_Generation.Tracking_Number_Systematic_Search"/>
  <testcase name="Tracking_Number_Search" time="37.577" classname="Test_Data_Generation.Tracking_Number_Systematic_Search"/>
  <testcase name="Tracking_Number_Search" time="124.966" classname="Test_Data_Generation.Tracking_Number_Systematic_Search"/>
  <testcase name="Tracking_Number_Search" time="17.629" classname="Test_Data_Generation.Tracking_Number_Systematic_Search"/>
  <testcase name="Tracking_Number_Search" time="16.476" classname="Test_Data_Generation.Tracking_Number_Systematic_Search"/>
  <testcase name="Tracking_Number_Search" time="3.736" classname="Test_Data_Generation.Tracking_Number_Systematic_Search"/>
  <testcase name="Tracking_Number_Search" time="49.980" classname="Test_Data_Generation.Tracking_Number_Systematic_Search"/>
  <testcase name="Tracking_Number_Search" time="22.878" classname="Test_Data_Generation.Tracking_Number_Systematic_Search"/>
  <testcase name="Tracking_Number_Search" time="27.908" classname="Test_Data_Generation.Tracking_Number_Systematic_Search"/>
  <testcase name="Tracking_Number_Search" time="22.309" classname="Test_Data_Generation.Tracking_Number_Systematic_Search"/>
  <testcase name="Tracking_Number_Search" time="8.319" classname="Test_Data_Generation.Tracking_Number_Systematic_Search"/>
  <testcase name="Tracking_Number_Search" time="2.908" classname="Test_Data_Generation.Tracking_Number_Systematic_Search"/>
  <testcase name="Tracking_Number_Search" time="3.573" classname="Test_Data_Generation.Tracking_Number_Systematic_Search"/>
  <testcase name="Tracking_Number_Search" time="20.372" classname="Test_Data_Generation.Tracking_Number_Systematic_Search"/>
  <testcase name="Tracking_Number_Search" time="36.681" classname="Test_Data_Generation.Tracking_Number_Systematic_Search"/>
  <testcase name="Tracking_Number_Search" time="21.694" classname="Test_Data_Generation.Tracking_Number_Systematic_Search"/>
  <testcase name="Tracking_Number_Search" time="88.888" classname="Test_Data_Generation.Tracking_Number_Systematic_Search"/>
  <testcase name="Tracking_Number_Search" time="101.386" classname="Test_Data_Generation.Tracking_Number_Systematic_Search"/>
  <testcase name="Tracking_Number_Search" time="24.060" classname="Test_Data_Generation.Tracking_Number_Systematic_Search"/>
  <testcase name="Tracking_Number_Search" time="26.685" classname="Test_Data_Generation.Tracking_Number_Systematic_Search"/>
  <testcase name="Tracking_Number_Search" time="15.165" classname="Test_Data_Generation.Tracking_Number_Systematic_Search"/>
  <testcase name="Tracking_Number_Search" time="27.276" classname="Test_Data_Generation.Tracking_Number_Systematic_Search"/>
  <testcase name="Tracking_Number_Search" time="85.867" classname="Test_Data_Generation.Tracking_Number_Systematic_Search"/>
  <testcase name="Tracking_Number_Search" time="25.958" classname="Test_Data_Generation.Tracking_Number_Systematic_Search"/>
  <testcase name="Tracking_Number_Search" time="34.222" classname="Test_Data_Generation.Tracking_Number_Systematic_Search"/>
  <testcase name="Tracking_Number_Search" time="37.204" classname="Test_Data_Generation.Tracking_Number_Systematic_Search"/>
  <testcase name="Tracking_Number_Search" time="34.044" classname="Test_Data_Generation.Tracking_Number_Systematic_Search"/>
  <testcase name="Tracking_Number_Search" time="3.258" classname="Test_Data_Generation.Tracking_Number_Systematic_Search"/>
  <testcase name="Tracking_Number_Search" time="35.000" classname="Test_Data_Generation.Tracking_Number_Systematic_Search"/>
  <testcase name="Tracking_Number_Search" time="29.377" classname="Test_Data_Generation.Tracking_Number_Systematic_Search"/>
  <testcase name="Tracking_Number_Search" time="15.215" classname="Test_Data_Generation.Tracking_Number_Systematic_Search"/>
  <testcase name="Tracking_Number_Search" time="27.142" classname="Test_Data_Generation.Tracking_Number_Systematic_Search"/>
  <testcase name="Tracking_Number_Search" time="16.883" classname="Test_Data_Generation.Tracking_Number_Systematic_Search"/>
  <testcase name="Tracking_Number_Search" time="27.095" classname="Test_Data_Generation.Tracking_Number_Systematic_Search"/>
  <testcase name="Tracking_Number_Search" time="24.602" classname="Test_Data_Generation.Tracking_Number_Systematic_Search"/>
  <testcase name="Tracking_Number_Search" time="48.523" classname="Test_Data_Generation.Tracking_Number_Systematic_Search"/>
  <testcase name="Tracking_Number_Search" time="8.372" classname="Test_Data_Generation.Tracking_Number_Systematic_Search"/>
  <testcase name="Tracking_Number_Search" time="33.828" classname="Test_Data_Generation.Tracking_Number_Systematic_Search"/>
  <testcase name="Tracking_Number_Search" time="17.465" classname="Test_Data_Generation.Tracking_Number_Systematic_Search"/>
  <testcase name="Tracking_Number_Search" time="23.119" classname="Test_Data_Generation.Tracking_Number_Systematic_Search"/>
  <testcase name="Tracking_Number_Search" time="23.011" classname="Test_Data_Generation.Tracking_Number_Systematic_Search"/>
  <testcase name="Tracking_Number_Search" time="12.673" classname="Test_Data_Generation.Tracking_Number_Systematic_Search"/>
  <testcase name="Tracking_Number_Search" time="18.166" classname="Test_Data_Generation.Tracking_Number_Systematic_Search"/>
  <testcase name="Tracking_Number_Search" time="9.780" classname="Test_Data_Generation.Tracking_Number_Systematic_Search"/>
  <testcase name="Tracking_Number_Search" time="54.736" classname="Test_Data_Generation.Tracking_Number_Systematic_Search"/>
  <testcase name="Tracking_Number_Search" time="13.356" classname="Test_Data_Generation.Tracking_Number_Systematic_Search"/>
  <testcase name="Tracking_Number_Search" time="15.866" classname="Test_Data_Generation.Tracking_Number_Systematic_Search"/>
  <testcase name="Tracking_Number_Search" time="17.162" classname="Test_Data_Generation.Tracking_Number_Systematic_Search"/>
  <testcase name="Tracking_Number_Search" time="47.818" classname="Test_Data_Generation.Tracking_Number_Systematic_Search"/>
  <testcase name="Tracking_Number_Search" time="29.469" classname="Test_Data_Generation.Tracking_Number_Systematic_Search"/>
  <testcase name="Tracking_Number_Search" time="16.555" classname="Test_Data_Generation.Tracking_Number_Systematic_Search"/>
  <testcase name="Tracking_Number_Search" time="27.971" classname="Test_Data_Generation.Tracking_Number_Systematic_Search"/>
  <testcase name="Tracking_Number_Search" time="12.629" classname="Test_Data_Generation.Tracking_Number_Systematic_Search"/>
  <testcase name="Tracking_Number_Search" time="9.260" classname="Test_Data_Generation.Tracking_Number_Systematic_Search"/>
  <testcase name="Tracking_Number_Search" time="21.785" classname="Test_Data_Generation.Tracking_Number_Systematic_Search"/>
  <testcase name="Tracking_Number_Search" time="66.221" classname="Test_Data_Generation.Tracking_Number_Systematic_Search"/>
  <testcase name="Tracking_Number_Search" time="21.039" classname="Test_Data_Generation.Tracking_Number_Systematic_Search"/>
  <testcase name="Tracking_Number_Search" time="39.496" classname="Test_Data_Generation.Tracking_Number_Systematic_Search"/>
  <testcase name="Tracking_Number_Search" time="28.785" classname="Test_Data_Generation.Tracking_Number_Systematic_Search"/>
  <testcase name="Tracking_Number_Search" time="20.176" classname="Test_Data_Generation.Tracking_Number_Systematic_Search"/>
  <testcase name="Tracking_Number_Search" time="15.374" classname="Test_Data_Generation.Tracking_Number_Systematic_Search"/>
  <testcase name="Tracking_Number_Search" time="36.355" classname="Test_Data_Generation.Tracking_Number_Systematic_Search"/>
  <testcase name="Tracking_Number_Search" time="36.444" classname="Test_Data_Generation.Tracking_Number_Systematic_Search"/>
  <testcase name="Tracking_Number_Search" time="24.119" classname="Test_Data_Generation.Tracking_Number_Systematic_Search"/>
  <testcase name="Tracking_Number_Search" time="24.718" classname="Test_Data_Generation.Tracking_Number_Systematic_Search"/>
  <testcase name="Tracking_Number_Search" time="5.314" classname="Test_Data_Generation.Tracking_Number_Systematic_Search"/>
  <testcase name="Tracking_Number_Search" time="29.828" classname="Test_Data_Generation.Tracking_Number_Systematic_Search"/>
  <testcase name="Tracking_Number_Search" time="33.269" classname="Test_Data_Generation.Tracking_Number_Systematic_Search"/>
  <testcase name="Tracking_Number_Search" time="105.722" classname="Test_Data_Generation.Tracking_Number_Systematic_Search"/>
  <testcase name="Tracking_Number_Search" time="12.681" classname="Test_Data_Generation.Tracking_Number_Systematic_Search"/>
  <testcase name="Tracking_Number_Search" time="40.197" classname="Test_Data_Generation.Tracking_Number_Systematic_Search"/>
  <testcase name="Tracking_Number_Search" time="28.097" classname="Test_Data_Generation.Tracking_Number_Systematic_Search"/>
  <testcase name="Tracking_Number_Search" time="26.496" classname="Test_Data_Generation.Tracking_Number_Systematic_Search"/>
  <testcase name="Tracking_Number_Search" time="27.472" classname="Test_Data_Generation.Tracking_Number_Systematic_Search"/>
  <testcase name="Tracking_Number_Search" time="45.286" classname="Test_Data_Generation.Tracking_Number_Systematic_Search"/>
  <testcase name="Tracking_Number_Search" time="96.619" classname="Test_Data_Generation.Tracking_Number_Systematic_Search"/>
  <testcase name="Tracking_Number_Search" time="20.030" classname="Test_Data_Generation.Tracking_Number_Systematic_Search"/>
  <testcase name="Tracking_Number_Search" time="22.239" classname="Test_Data_Generation.Tracking_Number_Systematic_Search"/>
  <testcase name="Tracking_Number_Search" time="18.980" classname="Test_Data_Generation.Tracking_Number_Systematic_Search"/>
  <testcase name="Tracking_Number_Search" time="40.088" classname="Test_Data_Generation.Tracking_Number_Systematic_Search"/>
  <testcase name="Tracking_Number_Search" time="26.547" classname="Test_Data_Generation.Tracking_Number_Systematic_Search"/>
  <testcase name="Tracking_Number_Search" time="125.245" classname="Test_Data_Generation.Tracking_Number_Systematic_Search"/>
  <testcase name="Tracking_Number_Search" time="50.506" classname="Test_Data_Generation.Tracking_Number_Systematic_Search"/>
  <testcase name="Tracking_Number_Search" time="20.616" classname="Test_Data_Generation.Tracking_Number_Systematic_Search"/>
  <testcase name="Tracking_Number_Search" time="27.424" classname="Test_Data_Generation.Tracking_Number_Systematic_Search"/>
  <testcase name="Tracking_Number_Search" time="23.858" classname="Test_Data_Generation.Tracking_Number_Systematic_Search"/>
  <testcase name="Tracking_Number_Search" time="25.866" classname="Test_Data_Generation.Tracking_Number_Systematic_Search"/>
  <testcase name="Tracking_Number_Search" time="12.853" classname="Test_Data_Generation.Tracking_Number_Systematic_Search"/>
  <testcase name="Tracking_Number_Search" time="1.104" classname="Test_Data_Generation.Tracking_Number_Systematic_Search"/>
  <testcase name="Tracking_Number_Search" time="13.342" classname="Test_Data_Generation.Tracking_Number_Systematic_Search"/>
  <testcase name="Tracking_Number_Search" time="20.342" classname="Test_Data_Generation.Tracking_Number_Systematic_Search"/>
  <testcase name="Tracking_Number_Search" time="24.821" classname="Test_Data_Generation.Tracking_Number_Systematic_Search"/>
  <testcase name="Tracking_Number_Search" time="25.698" classname="Test_Data_Generation.Tracking_Number_Systematic_Search"/>
  <testcase name="Tracking_Number_Search" time="26.695" classname="Test_Data_Generation.Tracking_Number_Systematic_Search"/>
  <testcase name="Tracking_Number_Search" time="23.192" classname="Test_Data_Generation.Tracking_Number_Systematic_Search"/>
  <testcase name="Tracking_Number_Search" time="10.859" classname="Test_Data_Generation.Tracking_Number_Systematic_Search"/>
  <testcase name="Tracking_Number_Search" time="33.979" classname="Test_Data_Generation.Tracking_Number_Systematic_Search"/>
  <testcase name="Tracking_Number_Search" time="16.732" classname="Test_Data_Generation.Tracking_Number_Systematic_Search"/>
  <testcase name="Tracking_Number_Search" time="17.068" classname="Test_Data_Generation.Tracking_Number_Systematic_Search"/>
  <testcase name="Tracking_Number_Search" time="12.002" classname="Test_Data_Generation.Tracking_Number_Systematic_Search"/>
  <testcase name="Tracking_Number_Search" time="8.335" classname="Test_Data_Generation.Tracking_Number_Systematic_Search"/>
  <testcase name="Tracking_Number_Search" time="100.077" classname="Test_Data_Generation.Tracking_Number_Systematic_Search"/>
  <testcase name="Tracking_Number_Search" time="25.948" classname="Test_Data_Generation.Tracking_Number_Systematic_Search"/>
  <testcase name="Tracking_Number_Search" time="33.534" classname="Test_Data_Generation.Tracking_Number_Systematic_Search"/>
  <testcase name="Tracking_Number_Search" time="36.738" classname="Test_Data_Generation.Tracking_Number_Systematic_Search"/>
  <testcase name="Tracking_Number_Search" time="110.005" classname="Test_Data_Generation.Tracking_Number_Systematic_Search"/>
  <testcase name="Tracking_Number_Search" time="46.396" classname="Test_Data_Generation.Tracking_Number_Systematic_Search"/>
  <testcase name="Tracking_Number_Search" time="11.398" classname="Test_Data_Generation.Tracking_Number_Systematic_Search"/>
  <testcase name="Tracking_Number_Search" time="22.710" classname="Test_Data_Generation.Tracking_Number_Systematic_Search"/>
  <testcase name="Tracking_Number_Search" time="17.694" classname="Test_Data_Generation.Tracking_Number_Systematic_Search"/>
  <testcase name="Tracking_Number_Search" time="32.814" classname="Test_Data_Generation.Tracking_Number_Systematic_Search"/>
  <testcase name="Tracking_Number_Search" time="9.150" classname="Test_Data_Generation.Tracking_Number_Systematic_Search"/>
  <testcase name="Tracking_Number_Search" time="23.751" classname="Test_Data_Generation.Tracking_Number_Systematic_Search"/>
  <testcase name="Tracking_Number_Search" time="26.610" classname="Test_Data_Generation.Tracking_Number_Systematic_Search"/>
  <testcase name="Tracking_Number_Search" time="24.510" classname="Test_Data_Generation.Tracking_Number_Systematic_Search"/>
  <testcase name="Tracking_Number_Search" time="15.878" classname="Test_Data_Generation.Tracking_Number_Systematic_Search"/>
  <testcase name="Tracking_Number_Search" time="15.644" classname="Test_Data_Generation.Tracking_Number_Systematic_Search"/>
  <testcase name="Tracking_Number_Search" time="31.657" classname="Test_Data_Generation.Tracking_Number_Systematic_Search"/>
  <testcase name="Tracking_Number_Search" time="23.549" classname="Test_Data_Generation.Tracking_Number_Systematic_Search"/>
  <testcase name="Tracking_Number_Search" time="19.621" classname="Test_Data_Generation.Tracking_Number_Systematic_Search"/>
  <testcase name="Tracking_Number_Search" time="37.753" classname="Test_Data_Generation.Tracking_Number_Systematic_Search"/>
  <testcase name="Tracking_Number_Search" time="14.115" classname="Test_Data_Generation.Tracking_Number_Systematic_Search"/>
  <testcase name="Tracking_Number_Search" time="16.527" classname="Test_Data_Generation.Tracking_Number_Systematic_Search"/>
  <testcase name="Tracking_Number_Search" time="22.278" classname="Test_Data_Generation.Tracking_Number_Systematic_Search"/>
  <testcase name="Tracking_Number_Search" time="41.536" classname="Test_Data_Generation.Tracking_Number_Systematic_Search"/>
  <testcase name="Tracking_Number_Search" time="82.428" classname="Test_Data_Generation.Tracking_Number_Systematic_Search"/>
  <testcase name="Tracking_Number_Search" time="32.672" classname="Test_Data_Generation.Tracking_Number_Systematic_Search"/>
  <testcase name="Tracking_Number_Search" time="132.995" classname="Test_Data_Generation.Tracking_Number_Systematic_Search"/>
  <testcase name="Tracking_Number_Search" time="41.733" classname="Test_Data_Generation.Tracking_Number_Systematic_Search"/>
  <testcase name="Tracking_Number_Search" time="94.919" classname="Test_Data_Generation.Tracking_Number_Systematic_Search"/>
  <testcase name="Tracking_Number_Search" time="13.678" classname="Test_Data_Generation.Tracking_Number_Systematic_Search"/>
  <testcase name="Tracking_Number_Search" time="27.743" classname="Test_Data_Generation.Tracking_Number_Systematic_Search"/>
  <testcase name="Tracking_Number_Search" time="14.713" classname="Test_Data_Generation.Tracking_Number_Systematic_Search"/>
  <testcase name="Tracking_Number_Search" time="53.410" classname="Test_Data_Generation.Tracking_Number_Systematic_Search"/>
  <testcase name="Tracking_Number_Search" time="43.422" classname="Test_Data_Generation.Tracking_Number_Systematic_Search"/>
  <testcase name="Tracking_Number_Search" time="25.584" classname="Test_Data_Generation.Tracking_Number_Systematic_Search"/>
  <testcase name="Tracking_Number_Search" time="26.090" classname="Test_Data_Generation.Tracking_Number_Systematic_Search"/>
  <testcase name="Tracking_Number_Search" time="35.053" classname="Test_Data_Generation.Tracking_Number_Systematic_Search"/>
  <testcase name="Tracking_Number_Search" time="24.132" classname="Test_Data_Generation.Tracking_Number_Systematic_Search"/>
  <testcase name="Tracking_Number_Search" time="62.115" classname="Test_Data_Generation.Tracking_Number_Systematic_Search"/>
  <testcase name="Tracking_Number_Search" time="132.443" classname="Test_Data_Generation.Tracking_Number_Systematic_Search"/>
  <testcase name="Tracking_Number_Search" time="28.504" classname="Test_Data_Generation.Tracking_Number_Systematic_Search"/>
  <testcase name="Tracking_Number_Search" time="21.419" classname="Test_Data_Generation.Tracking_Number_Systematic_Search"/>
  <testcase name="Tracking_Number_Search" time="23.683" classname="Test_Data_Generation.Tracking_Number_Systematic_Search"/>
  <testcase name="Tracking_Number_Search" time="21.327" classname="Test_Data_Generation.Tracking_Number_Systematic_Search"/>
  <testcase name="Tracking_Number_Search" time="26.621" classname="Test_Data_Generation.Tracking_Number_Systematic_Search"/>
  <testcase name="Tracking_Number_Search" time="33.511" classname="Test_Data_Generation.Tracking_Number_Systematic_Search"/>
  <testcase name="Tracking_Number_Search" time="17.372" classname="Test_Data_Generation.Tracking_Number_Systematic_Search"/>
  <testcase name="Tracking_Number_Search" time="22.707" classname="Test_Data_Generation.Tracking_Number_Systematic_Search"/>
  <testcase name="Tracking_Number_Search" time="17.409" classname="Test_Data_Generation.Tracking_Number_Systematic_Search"/>
  <testcase name="Tracking_Number_Search" time="20.202" classname="Test_Data_Generation.Tracking_Number_Systematic_Search"/>
  <testcase name="Tracking_Number_Search" time="24.722" classname="Test_Data_Generation.Tracking_Number_Systematic_Search"/>
  <testcase name="Tracking_Number_Search" time="17.209" classname="Test_Data_Generation.Tracking_Number_Systematic_Search"/>
  <testcase name="Tracking_Number_Search" time="24.894" classname="Test_Data_Generation.Tracking_Number_Systematic_Search"/>
  <testcase name="Tracking_Number_Search" time="16.676" classname="Test_Data_Generation.Tracking_Number_Systematic_Search"/>
  <testcase name="Tracking_Number_Search" time="23.150" classname="Test_Data_Generation.Tracking_Number_Systematic_Search"/>
  <testcase name="Tracking_Number_Search" time="37.972" classname="Test_Data_Generation.Tracking_Number_Systematic_Search"/>
  <testcase name="Tracking_Number_Search" time="18.391" classname="Test_Data_Generation.Tracking_Number_Systematic_Search"/>
  <testcase name="Tracking_Number_Search" time="47.650" classname="Test_Data_Generation.Tracking_Number_Systematic_Search"/>
  <testcase name="Tracking_Number_Search" time="61.210" classname="Test_Data_Generation.Tracking_Number_Systematic_Search"/>
  <testcase name="Tracking_Number_Search" time="10.164" classname="Test_Data_Generation.Tracking_Number_Systematic_Search"/>
  <testcase name="Tracking_Number_Search" time="20.641" classname="Test_Data_Generation.Tracking_Number_Systematic_Search"/>
  <testcase name="Tracking_Number_Search" time="95.348" classname="Test_Data_Generation.Tracking_Number_Systematic_Search"/>
  <testcase name="Tracking_Number_Search" time="22.436" classname="Test_Data_Generation.Tracking_Number_Systematic_Search"/>
  <testcase name="Tracking_Number_Search" time="7.784" classname="Test_Data_Generation.Tracking_Number_Systematic_Search"/>
  <testcase name="Tracking_Number_Search" time="27.099" classname="Test_Data_Generation.Tracking_Number_Systematic_Search"/>
  <testcase name="Tracking_Number_Search" time="6.802" classname="Test_Data_Generation.Tracking_Number_Systematic_Search"/>
  <testcase name="Tracking_Number_Search" time="18.538" classname="Test_Data_Generation.Tracking_Number_Systematic_Search"/>
  <testcase name="Tracking_Number_Search" time="22.791" classname="Test_Data_Generation.Tracking_Number_Systematic_Search"/>
  <testcase name="Tracking_Number_Search" time="8.910" classname="Test_Data_Generation.Tracking_Number_Systematic_Search"/>
  <testcase name="Tracking_Number_Search" time="15.025" classname="Test_Data_Generation.Tracking_Number_Systematic_Search"/>
  <testcase name="Tracking_Number_Search" time="26.584" classname="Test_Data_Generation.Tracking_Number_Systematic_Search"/>
  <testcase name="Tracking_Number_Search" time="35.853" classname="Test_Data_Generation.Tracking_Number_Systematic_Search"/>
  <testcase name="Tracking_Number_Search" time="29.091" classname="Test_Data_Generation.Tracking_Number_Systematic_Search"/>
  <testcase name="Tracking_Number_Search" time="27.470" classname="Test_Data_Generation.Tracking_Number_Systematic_Search"/>
  <testcase name="Tracking_Number_Search" time="18.740" classname="Test_Data_Generation.Tracking_Number_Systematic_Search"/>
  <testcase name="Tracking_Number_Search" time="37.429" classname="Test_Data_Generation.Tracking_Number_Systematic_Search"/>
  <testcase name="Tracking_Number_Search" time="71.951" classname="Test_Data_Generation.Tracking_Number_Systematic_Search"/>
  <testcase name="Tracking_Number_Search" time="28.120" classname="Test_Data_Generation.Tracking_Number_Systematic_Search"/>
  <testcase name="Tracking_Number_Search" time="33.361" classname="Test_Data_Generation.Tracking_Number_Systematic_Search"/>
  <testcase name="Tracking_Number_Search" time="24.394" classname="Test_Data_Generation.Tracking_Number_Systematic_Search"/>
  <testcase name="Tracking_Number_Search" time="22.474" classname="Test_Data_Generation.Tracking_Number_Systematic_Search"/>
  <testcase name="Tracking_Number_Search" time="13.888" classname="Test_Data_Generation.Tracking_Number_Systematic_Search"/>
  <testcase name="Tracking_Number_Search" time="28.786" classname="Test_Data_Generation.Tracking_Number_Systematic_Search"/>
  <testcase name="Tracking_Number_Search" time="57.391" classname="Test_Data_Generation.Tracking_Number_Systematic_Search"/>
  <testcase name="Tracking_Number_Search" time="48.917" classname="Test_Data_Generation.Tracking_Number_Systematic_Search"/>
  <testcase name="Tracking_Number_Search" time="37.444" classname="Test_Data_Generation.Tracking_Number_Systematic_Search"/>
  <testcase name="Tracking_Number_Search" time="18.272" classname="Test_Data_Generation.Tracking_Number_Systematic_Search"/>
  <testcase name="Tracking_Number_Search" time="41.032" classname="Test_Data_Generation.Tracking_Number_Systematic_Search"/>
  <testcase name="Tracking_Number_Search" time="24.720" classname="Test_Data_Generation.Tracking_Number_Systematic_Search"/>
  <testcase name="Tracking_Number_Search" time="30.140" classname="Test_Data_Generation.Tracking_Number_Systematic_Search"/>
  <testcase name="Tracking_Number_Search" time="33.985" classname="Test_Data_Generation.Tracking_Number_Systematic_Search"/>
  <testcase name="Tracking_Number_Search" time="59.794" classname="Test_Data_Generation.Tracking_Number_Systematic_Search"/>
  <testcase name="Tracking_Number_Search" time="63.523" classname="Test_Data_Generation.Tracking_Number_Systematic_Search"/>
  <testcase name="Tracking_Number_Search" time="17.249" classname="Test_Data_Generation.Tracking_Number_Systematic_Search"/>
  <testcase name="Tracking_Number_Search" time="22.310" classname="Test_Data_Generation.Tracking_Number_Systematic_Search"/>
  <testcase name="Tracking_Number_Search" time="30.057" classname="Test_Data_Generation.Tracking_Number_Systematic_Search"/>
  <testcase name="Tracking_Number_Search" time="21.252" classname="Test_Data_Generation.Tracking_Number_Systematic_Search"/>
  <testcase name="Tracking_Number_Search" time="1.603" classname="Test_Data_Generation.Tracking_Number_Systematic_Search"/>
  <testcase name="Tracking_Number_Search" time="26.312" classname="Test_Data_Generation.Tracking_Number_Systematic_Search"/>
  <testcase name="Tracking_Number_Search" time="39.426" classname="Test_Data_Generation.Tracking_Number_Systematic_Search"/>
  <testcase name="Tracking_Number_Search" time="20.003" classname="Test_Data_Generation.Tracking_Number_Systematic_Search"/>
  <testcase name="Tracking_Number_Search" time="24.071" classname="Test_Data_Generation.Tracking_Number_Systematic_Search"/>
  <testcase name="Tracking_Number_Search" time="87.565" classname="Test_Data_Generation.Tracking_Number_Systematic_Search"/>
  <testcase name="Tracking_Number_Search" time="56.866" classname="Test_Data_Generation.Tracking_Number_Systematic_Search"/>
  <testcase name="Tracking_Number_Search" time="40.614" classname="Test_Data_Generation.Tracking_Number_Systematic_Search"/>
  <testcase name="Tracking_Number_Search" time="8.149" classname="Test_Data_Generation.Tracking_Number_Systematic_Search"/>
  <testcase name="Tracking_Number_Search" time="20.754" classname="Test_Data_Generation.Tracking_Number_Systematic_Search"/>
  <testcase name="Tracking_Number_Search" time="17.701" classname="Test_Data_Generation.Tracking_Number_Systematic_Search"/>
  <testcase name="Tracking_Number_Search" time="14.872" classname="Test_Data_Generation.Tracking_Number_Systematic_Search"/>
  <testcase name="Tracking_Number_Search" time="34.788" classname="Test_Data_Generation.Tracking_Number_Systematic_Search"/>
  <testcase name="Tracking_Number_Search" time="23.347" classname="Test_Data_Generation.Tracking_Number_Systematic_Search"/>
  <testcase name="Tracking_Number_Search" time="56.595" classname="Test_Data_Generation.Tracking_Number_Systematic_Search"/>
  <testcase name="Tracking_Number_Search" time="14.062" classname="Test_Data_Generation.Tracking_Number_Systematic_Search"/>
  <testcase name="Tracking_Number_Search" time="16.503" classname="Test_Data_Generation.Tracking_Number_Systematic_Search"/>
  <testcase name="Tracking_Number_Search" time="36.540" classname="Test_Data_Generation.Tracking_Number_Systematic_Search"/>
  <testcase name="Tracking_Number_Search" time="38.249" classname="Test_Data_Generation.Tracking_Number_Systematic_Search"/>
  <testcase name="Tracking_Number_Search" time="1.287" classname="Test_Data_Generation.Tracking_Number_Systematic_Search"/>
  <testcase name="Tracking_Number_Search" time="25.926" classname="Test_Data_Generation.Tracking_Number_Systematic_Search"/>
  <testcase name="Tracking_Number_Search" time="14.960" classname="Test_Data_Generation.Tracking_Number_Systematic_Search"/>
  <testcase name="Tracking_Number_Search" time="15.874" classname="Test_Data_Generation.Tracking_Number_Systematic_Search"/>
  <testcase name="Tracking_Number_Search" time="9.185" classname="Test_Data_Generation.Tracking_Number_Systematic_Search"/>
  <testcase name="Tracking_Number_Search" time="26.278" classname="Test_Data_Generation.Tracking_Number_Systematic_Search"/>
  <testcase name="Tracking_Number_Search" time="26.773" classname="Test_Data_Generation.Tracking_Number_Systematic_Search"/>
  <testcase name="Tracking_Number_Search" time="29.364" classname="Test_Data_Generation.Tracking_Number_Systematic_Search"/>
  <testcase name="Tracking_Number_Search" time="30.904" classname="Test_Data_Generation.Tracking_Number_Systematic_Search"/>
  <testcase name="Tracking_Number_Search" time="34.989" classname="Test_Data_Generation.Tracking_Number_Systematic_Search"/>
  <testcase name="Tracking_Number_Search" time="28.410" classname="Test_Data_Generation.Tracking_Number_Systematic_Search"/>
  <testcase name="Tracking_Number_Search" time="51.853" classname="Test_Data_Generation.Tracking_Number_Systematic_Search"/>
  <testcase name="Tracking_Number_Search" time="22.925" classname="Test_Data_Generation.Tracking_Number_Systematic_Search"/>
  <testcase name="Tracking_Number_Search" time="1.073" classname="Test_Data_Generation.Tracking_Number_Systematic_Search"/>
  <testcase name="Tracking_Number_Search" time="17.155" classname="Test_Data_Generation.Tracking_Number_Systematic_Search"/>
  <testcase name="Tracking_Number_Search" time="20.004" classname="Test_Data_Generation.Tracking_Number_Systematic_Search"/>
  <testcase name="Tracking_Number_Search" time="7.684" classname="Test_Data_Generation.Tracking_Number_Systematic_Search"/>
  <testcase name="Tracking_Number_Search" time="18.470" classname="Test_Data_Generation.Tracking_Number_Systematic_Search"/>
  <testcase name="Tracking_Number_Search" time="96.760" classname="Test_Data_Generation.Tracking_Number_Systematic_Search"/>
  <testcase name="Tracking_Number_Search" time="15.491" classname="Test_Data_Generation.Tracking_Number_Systematic_Search"/>
  <testcase name="Tracking_Number_Search" time="25.175" classname="Test_Data_Generation.Tracking_Number_Systematic_Search"/>
  <testcase name="Tracking_Number_Search" time="16.352" classname="Test_Data_Generation.Tracking_Number_Systematic_Search"/>
  <testcase name="Tracking_Number_Search" time="15.754" classname="Test_Data_Generation.Tracking_Number_Systematic_Search"/>
  <testcase name="Tracking_Number_Search" time="19.056" classname="Test_Data_Generation.Tracking_Number_Systematic_Search"/>
  <testcase name="Tracking_Number_Search" time="9.673" classname="Test_Data_Generation.Tracking_Number_Systematic_Search"/>
  <testcase name="Tracking_Number_Search" time="26.931" classname="Test_Data_Generation.Tracking_Number_Systematic_Search"/>
  <testcase name="Tracking_Number_Search" time="21.873" classname="Test_Data_Generation.Tracking_Number_Systematic_Search"/>
  <testcase name="Tracking_Number_Search" time="23.091" classname="Test_Data_Generation.Tracking_Number_Systematic_Search"/>
  <testcase name="Tracking_Number_Search" time="36.244" classname="Test_Data_Generation.Tracking_Number_Systematic_Search"/>
  <testcase name="Tracking_Number_Search" time="25.182" classname="Test_Data_Generation.Tracking_Number_Systematic_Search"/>
  <testcase name="Tracking_Number_Search" time="88.997" classname="Test_Data_Generation.Tracking_Number_Systematic_Search"/>
  <testcase name="Tracking_Number_Search" time="8.775" classname="Test_Data_Generation.Tracking_Number_Systematic_Search"/>
  <testcase name="Tracking_Number_Search" time="43.214" classname="Test_Data_Generation.Tracking_Number_Systematic_Search"/>
  <testcase name="Tracking_Number_Search" time="42.899" classname="Test_Data_Generation.Tracking_Number_Systematic_Search"/>
  <testcase name="Tracking_Number_Search" time="38.527" classname="Test_Data_Generation.Tracking_Number_Systematic_Search"/>
  <testcase name="Tracking_Number_Search" time="13.083" classname="Test_Data_Generation.Tracking_Number_Systematic_Search"/>
  <testcase name="Tracking_Number_Search" time="32.203" classname="Test_Data_Generation.Tracking_Number_Systematic_Search"/>
  <testcase name="Tracking_Number_Search" time="41.298" classname="Test_Data_Generation.Tracking_Number_Systematic_Search"/>
  <testcase name="Tracking_Number_Search" time="18.442" classname="Test_Data_Generation.Tracking_Number_Systematic_Search"/>
  <testcase name="Tracking_Number_Search" time="50.996" classname="Test_Data_Generation.Tracking_Number_Systematic_Search"/>
  <testcase name="Tracking_Number_Search" time="47.879" classname="Test_Data_Generation.Tracking_Number_Systematic_Search"/>
  <testcase name="Tracking_Number_Search" time="20.474" classname="Test_Data_Generation.Tracking_Number_Systematic_Search"/>
  <testcase name="Tracking_Number_Search" time="39.333" classname="Test_Data_Generation.Tracking_Number_Systematic_Search"/>
  <testcase name="Tracking_Number_Search" time="13.725" classname="Test_Data_Generation.Tracking_Number_Systematic_Search"/>
  <testcase name="Tracking_Number_Search" time="23.989" classname="Test_Data_Generation.Tracking_Number_Systematic_Search"/>
  <testcase name="Tracking_Number_Search" time="13.915" classname="Test_Data_Generation.Tracking_Number_Systematic_Search"/>
  <testcase name="Tracking_Number_Search" time="26.627" classname="Test_Data_Generation.Tracking_Number_Systematic_Search"/>
  <testcase name="Tracking_Number_Search" time="58.677" classname="Test_Data_Generation.Tracking_Number_Systematic_Search"/>
  <testcase name="Tracking_Number_Search" time="22.178" classname="Test_Data_Generation.Tracking_Number_Systematic_Search"/>
  <testcase name="Tracking_Number_Search" time="12.400" classname="Test_Data_Generation.Tracking_Number_Systematic_Search"/>
  <testcase name="Tracking_Number_Search" time="16.963" classname="Test_Data_Generation.Tracking_Number_Systematic_Search"/>
  <testcase name="Tracking_Number_Search" time="17.598" classname="Test_Data_Generation.Tracking_Number_Systematic_Search"/>
  <testcase name="Tracking_Number_Search" time="36.089" classname="Test_Data_Generation.Tracking_Number_Systematic_Search"/>
  <testcase name="Tracking_Number_Search" time="48.642" classname="Test_Data_Generation.Tracking_Number_Systematic_Search"/>
  <testcase name="Tracking_Number_Search" time="16.933" classname="Test_Data_Generation.Tracking_Number_Systematic_Search"/>
  <testcase name="Tracking_Number_Search" time="28.022" classname="Test_Data_Generation.Tracking_Number_Systematic_Search"/>
  <testcase name="Tracking_Number_Search" time="12.451" classname="Test_Data_Generation.Tracking_Number_Systematic_Search"/>
  <testcase name="Tracking_Number_Search" time="24.365" classname="Test_Data_Generation.Tracking_Number_Systematic_Search"/>
  <testcase name="Tracking_Number_Search" time="26.063" classname="Test_Data_Generation.Tracking_Number_Systematic_Search"/>
  <testcase name="Tracking_Number_Search" time="24.884" classname="Test_Data_Generation.Tracking_Number_Systematic_Search"/>
  <testcase name="Tracking_Number_Search" time="24.615" classname="Test_Data_Generation.Tracking_Number_Systematic_Search"/>
  <testcase name="Tracking_Number_Search" time="18.749" classname="Test_Data_Generation.Tracking_Number_Systematic_Search"/>
  <testcase name="Tracking_Number_Search" time="59.662" classname="Test_Data_Generation.Tracking_Number_Systematic_Search"/>
  <testcase name="Tracking_Number_Search" time="27.938" classname="Test_Data_Generation.Tracking_Number_Systematic_Search"/>
  <testcase name="Tracking_Number_Search" time="19.598" classname="Test_Data_Generation.Tracking_Number_Systematic_Search"/>
  <testcase name="Tracking_Number_Search" time="25.472" classname="Test_Data_Generation.Tracking_Number_Systematic_Search"/>
  <testcase name="Tracking_Number_Search" time="37.249" classname="Test_Data_Generation.Tracking_Number_Systematic_Search"/>
  <testcase name="Tracking_Number_Search" time="26.338" classname="Test_Data_Generation.Tracking_Number_Systematic_Search"/>
  <testcase name="Tracking_Number_Search" time="44.814" classname="Test_Data_Generation.Tracking_Number_Systematic_Search"/>
  <testcase name="Tracking_Number_Search" time="15.595" classname="Test_Data_Generation.Tracking_Number_Systematic_Search"/>
  <testcase name="Tracking_Number_Search" time="5.385" classname="Test_Data_Generation.Tracking_Number_Systematic_Search"/>
  <testcase name="Tracking_Number_Search" time="30.568" classname="Test_Data_Generation.Tracking_Number_Systematic_Search"/>
  <testcase name="Tracking_Number_Search" time="32.255" classname="Test_Data_Generation.Tracking_Number_Systematic_Search"/>
  <testcase name="Tracking_Number_Search" time="34.028" classname="Test_Data_Generation.Tracking_Number_Systematic_Search"/>
  <testcase name="Tracking_Number_Search" time="28.807" classname="Test_Data_Generation.Tracking_Number_Systematic_Search"/>
  <testcase name="Tracking_Number_Search" time="55.880" classname="Test_Data_Generation.Tracking_Number_Systematic_Search"/>
  <testcase name="Tracking_Number_Search" time="68.803" classname="Test_Data_Generation.Tracking_Number_Systematic_Search"/>
  <testcase name="Tracking_Number_Search" time="22.934" classname="Test_Data_Generation.Tracking_Number_Systematic_Search"/>
  <testcase name="Tracking_Number_Search" time="20.313" classname="Test_Data_Generation.Tracking_Number_Systematic_Search"/>
  <testcase name="Tracking_Number_Search" time="22.843" classname="Test_Data_Generation.Tracking_Number_Systematic_Search"/>
  <testcase name="Tracking_Number_Search" time="8.212" classname="Test_Data_Generation.Tracking_Number_Systematic_Search"/>
  <testcase name="Tracking_Number_Search" time="36.761" classname="Test_Data_Generation.Tracking_Number_Systematic_Search"/>
  <testcase name="Tracking_Number_Search" time="32.247" classname="Test_Data_Generation.Tracking_Number_Systematic_Search"/>
  <testcase name="Tracking_Number_Search" time="14.093" classname="Test_Data_Generation.Tracking_Number_Systematic_Search"/>
  <testcase name="Tracking_Number_Search" time="71.016" classname="Test_Data_Generation.Tracking_Number_Systematic_Search"/>
  <testcase name="Tracking_Number_Search" time="30.866" classname="Test_Data_Generation.Tracking_Number_Systematic_Search"/>
  <testcase name="Tracking_Number_Search" time="29.627" classname="Test_Data_Generation.Tracking_Number_Systematic_Search"/>
  <testcase name="Tracking_Number_Search" time="14.257" classname="Test_Data_Generation.Tracking_Number_Systematic_Search"/>
  <testcase name="Tracking_Number_Search" time="92.770" classname="Test_Data_Generation.Tracking_Number_Systematic_Search"/>
  <testcase name="Tracking_Number_Search" time="53.258" classname="Test_Data_Generation.Tracking_Number_Systematic_Search"/>
  <testcase name="Tracking_Number_Search" time="7.969" classname="Test_Data_Generation.Tracking_Number_Systematic_Search"/>
  <testcase name="Tracking_Number_Search" time="31.665" classname="Test_Data_Generation.Tracking_Number_Systematic_Search"/>
  <testcase name="Tracking_Number_Search" time="14.138" classname="Test_Data_Generation.Tracking_Number_Systematic_Search"/>
  <testcase name="Tracking_Number_Search" time="30.923" classname="Test_Data_Generation.Tracking_Number_Systematic_Search"/>
  <testcase name="Tracking_Number_Search" time="23.264" classname="Test_Data_Generation.Tracking_Number_Systematic_Search"/>
  <testcase name="Tracking_Number_Search" time="17.970" classname="Test_Data_Generation.Tracking_Number_Systematic_Search"/>
  <testcase name="Tracking_Number_Search" time="26.414" classname="Test_Data_Generation.Tracking_Number_Systematic_Search"/>
  <testcase name="Tracking_Number_Search" time="24.944" classname="Test_Data_Generation.Tracking_Number_Systematic_Search"/>
  <testcase name="Tracking_Number_Search" time="17.436" classname="Test_Data_Generation.Tracking_Number_Systematic_Search"/>
  <testcase name="Tracking_Number_Search" time="20.271" classname="Test_Data_Generation.Tracking_Number_Systematic_Search"/>
  <testcase name="Tracking_Number_Search" time="36.896" classname="Test_Data_Generation.Tracking_Number_Systematic_Search"/>
  <testcase name="Tracking_Number_Search" time="6.790" classname="Test_Data_Generation.Tracking_Number_Systematic_Search"/>
  <testcase name="Tracking_Number_Search" time="8.370" classname="Test_Data_Generation.Tracking_Number_Systematic_Search"/>
  <testcase name="Tracking_Number_Search" time="9.426" classname="Test_Data_Generation.Tracking_Number_Systematic_Search"/>
  <testcase name="Tracking_Number_Search" time="34.970" classname="Test_Data_Generation.Tracking_Number_Systematic_Search"/>
  <testcase name="Tracking_Number_Search" time="20.291" classname="Test_Data_Generation.Tracking_Number_Systematic_Search"/>
  <testcase name="Tracking_Number_Search" time="29.820" classname="Test_Data_Generation.Tracking_Number_Systematic_Search"/>
  <testcase name="Tracking_Number_Search" time="15.271" classname="Test_Data_Generation.Tracking_Number_Systematic_Search"/>
  <testcase name="Tracking_Number_Search" time="43.138" classname="Test_Data_Generation.Tracking_Number_Systematic_Search"/>
  <testcase name="Tracking_Number_Search" time="49.017" classname="Test_Data_Generation.Tracking_Number_Systematic_Search"/>
  <testcase name="Tracking_Number_Search" time="35.362" classname="Test_Data_Generation.Tracking_Number_Systematic_Search"/>
  <testcase name="Tracking_Number_Search" time="20.734" classname="Test_Data_Generation.Tracking_Number_Systematic_Search"/>
  <testcase name="Tracking_Number_Search" time="31.327" classname="Test_Data_Generation.Tracking_Number_Systematic_Search"/>
  <testcase name="Tracking_Number_Search" time="69.747" classname="Test_Data_Generation.Tracking_Number_Systematic_Search"/>
  <testcase name="Tracking_Number_Search" time="24.220" classname="Test_Data_Generation.Tracking_Number_Systematic_Search"/>
  <testcase name="Tracking_Number_Search" time="23.884" classname="Test_Data_Generation.Tracking_Number_Systematic_Search"/>
  <testcase name="Tracking_Number_Search" time="19.674" classname="Test_Data_Generation.Tracking_Number_Systematic_Search"/>
  <testcase name="Tracking_Number_Search" time="3.366" classname="Test_Data_Generation.Tracking_Number_Systematic_Search"/>
  <testcase name="Tracking_Number_Search" time="10.623" classname="Test_Data_Generation.Tracking_Number_Systematic_Search"/>
  <testcase name="Tracking_Number_Search" time="85.015" classname="Test_Data_Generation.Tracking_Number_Systematic_Search"/>
  <testcase name="Tracking_Number_Search" time="29.635" classname="Test_Data_Generation.Tracking_Number_Systematic_Search"/>
  <testcase name="Tracking_Number_Search" time="38.593" classname="Test_Data_Generation.Tracking_Number_Systematic_Search"/>
  <testcase name="Tracking_Number_Search" time="32.261" classname="Test_Data_Generation.Tracking_Number_Systematic_Search"/>
  <testcase name="Tracking_Number_Search" time="30.328" classname="Test_Data_Generation.Tracking_Number_Systematic_Search"/>
  <testcase name="Tracking_Number_Search" time="7.520" classname="Test_Data_Generation.Tracking_Number_Systematic_Search"/>
  <testcase name="Tracking_Number_Search" time="20.668" classname="Test_Data_Generation.Tracking_Number_Systematic_Search"/>
  <testcase name="Tracking_Number_Search" time="3.460" classname="Test_Data_Generation.Tracking_Number_Systematic_Search"/>
  <testcase name="Tracking_Number_Search" time="36.019" classname="Test_Data_Generation.Tracking_Number_Systematic_Search"/>
  <testcase name="Tracking_Number_Search" time="59.710" classname="Test_Data_Generation.Tracking_Number_Systematic_Search"/>
  <testcase name="Tracking_Number_Search" time="19.450" classname="Test_Data_Generation.Tracking_Number_Systematic_Search"/>
  <testcase name="Tracking_Number_Search" time="30.020" classname="Test_Data_Generation.Tracking_Number_Systematic_Search"/>
  <testcase name="Tracking_Number_Search" time="34.627" classname="Test_Data_Generation.Tracking_Number_Systematic_Search"/>
  <testcase name="Tracking_Number_Search" time="22.823" classname="Test_Data_Generation.Tracking_Number_Systematic_Search"/>
  <testcase name="Tracking_Number_Search" time="22.498" classname="Test_Data_Generation.Tracking_Number_Systematic_Search"/>
  <testcase name="Tracking_Number_Search" time="56.722" classname="Test_Data_Generation.Tracking_Number_Systematic_Search"/>
  <testcase name="Tracking_Number_Search" time="52.791" classname="Test_Data_Generation.Tracking_Number_Systematic_Search"/>
  <testcase name="Tracking_Number_Search" time="26.199" classname="Test_Data_Generation.Tracking_Number_Systematic_Search"/>
  <testcase name="Tracking_Number_Search" time="60.062" classname="Test_Data_Generation.Tracking_Number_Systematic_Search"/>
  <testcase name="Tracking_Number_Search" time="23.115" classname="Test_Data_Generation.Tracking_Number_Systematic_Search"/>
  <testcase name="Tracking_Number_Search" time="15.362" classname="Test_Data_Generation.Tracking_Number_Systematic_Search"/>
  <testcase name="Tracking_Number_Search" time="89.622" classname="Test_Data_Generation.Tracking_Number_Systematic_Search"/>
  <testcase name="Tracking_Number_Search" time="21.833" classname="Test_Data_Generation.Tracking_Number_Systematic_Search"/>
  <testcase name="Tracking_Number_Search" time="27.877" classname="Test_Data_Generation.Tracking_Number_Systematic_Search"/>
  <testcase name="Tracking_Number_Search" time="62.774" classname="Test_Data_Generation.Tracking_Number_Systematic_Search"/>
  <testcase name="Tracking_Number_Search" time="19.593" classname="Test_Data_Generation.Tracking_Number_Systematic_Search"/>
  <testcase name="Tracking_Number_Search" time="9.423" classname="Test_Data_Generation.Tracking_Number_Systematic_Search"/>
  <testcase name="Tracking_Number_Search" time="28.340" classname="Test_Data_Generation.Tracking_Number_Systematic_Search"/>
  <testcase name="Tracking_Number_Search" time="26.889" classname="Test_Data_Generation.Tracking_Number_Systematic_Search"/>
  <testcase name="Tracking_Number_Search" time="48.730" classname="Test_Data_Generation.Tracking_Number_Systematic_Search"/>
  <testcase name="Tracking_Number_Search" time="21.835" classname="Test_Data_Generation.Tracking_Number_Systematic_Search"/>
  <testcase name="Tracking_Number_Search" time="26.128" classname="Test_Data_Generation.Tracking_Number_Systematic_Search"/>
  <testcase name="Tracking_Number_Search" time="25.936" classname="Test_Data_Generation.Tracking_Number_Systematic_Search"/>
  <testcase name="Tracking_Number_Search" time="1.658" classname="Test_Data_Generation.Tracking_Number_Systematic_Search"/>
  <testcase name="Tracking_Number_Search" time="33.068" classname="Test_Data_Generation.Tracking_Number_Systematic_Search"/>
  <testcase name="Tracking_Number_Search" time="39.267" classname="Test_Data_Generation.Tracking_Number_Systematic_Search"/>
  <testcase name="Tracking_Number_Search" time="44.585" classname="Test_Data_Generation.Tracking_Number_Systematic_Search"/>
  <testcase name="Tracking_Number_Search" time="14.452" classname="Test_Data_Generation.Tracking_Number_Systematic_Search"/>
  <testcase name="Tracking_Number_Search" time="41.228" classname="Test_Data_Generation.Tracking_Number_Systematic_Search"/>
  <testcase name="Tracking_Number_Search" time="106.074" classname="Test_Data_Generation.Tracking_Number_Systematic_Search"/>
  <testcase name="Tracking_Number_Search" time="25.763" classname="Test_Data_Generation.Tracking_Number_Systematic_Search"/>
  <testcase name="Tracking_Number_Search" time="35.537" classname="Test_Data_Generation.Tracking_Number_Systematic_Search"/>
  <testcase name="Tracking_Number_Search" time="29.019" classname="Test_Data_Generation.Tracking_Number_Systematic_Search"/>
  <testcase name="Tracking_Number_Search" time="45.151" classname="Test_Data_Generation.Tracking_Number_Systematic_Search"/>
  <testcase name="Tracking_Number_Search" time="21.447" classname="Test_Data_Generation.Tracking_Number_Systematic_Search"/>
  <testcase name="Tracking_Number_Search" time="38.413" classname="Test_Data_Generation.Tracking_Number_Systematic_Search"/>
  <testcase name="Tracking_Number_Search" time="64.225" classname="Test_Data_Generation.Tracking_Number_Systematic_Search"/>
  <testcase name="Tracking_Number_Search" time="24.304" classname="Test_Data_Generation.Tracking_Number_Systematic_Search"/>
  <testcase name="Tracking_Number_Search" time="30.146" classname="Test_Data_Generation.Tracking_Number_Systematic_Search"/>
  <testcase name="Tracking_Number_Search" time="15.058" classname="Test_Data_Generation.Tracking_Number_Systematic_Search"/>
  <testcase name="Tracking_Number_Search" time="18.218" classname="Test_Data_Generation.Tracking_Number_Systematic_Search"/>
  <testcase name="Tracking_Number_Search" time="26.211" classname="Test_Data_Generation.Tracking_Number_Systematic_Search"/>
  <testcase name="Tracking_Number_Search" time="29.333" classname="Test_Data_Generation.Tracking_Number_Systematic_Search"/>
  <testcase name="Tracking_Number_Search" time="13.812" classname="Test_Data_Generation.Tracking_Number_Systematic_Search"/>
  <testcase name="Tracking_Number_Search" time="31.170" classname="Test_Data_Generation.Tracking_Number_Systematic_Search"/>
  <testcase name="Tracking_Number_Search" time="16.712" classname="Test_Data_Generation.Tracking_Number_Systematic_Search"/>
  <testcase name="Tracking_Number_Search" time="14.843" classname="Test_Data_Generation.Tracking_Number_Systematic_Search"/>
  <testcase name="Tracking_Number_Search" time="21.198" classname="Test_Data_Generation.Tracking_Number_Systematic_Search"/>
  <testcase name="Tracking_Number_Search" time="19.197" classname="Test_Data_Generation.Tracking_Number_Systematic_Search"/>
  <testcase name="Tracking_Number_Search" time="15.444" classname="Test_Data_Generation.Tracking_Number_Systematic_Search"/>
  <testcase name="Tracking_Number_Search" time="9.773" classname="Test_Data_Generation.Tracking_Number_Systematic_Search"/>
  <testcase name="Tracking_Number_Search" time="45.441" classname="Test_Data_Generation.Tracking_Number_Systematic_Search"/>
  <testcase name="Tracking_Number_Search" time="26.718" classname="Test_Data_Generation.Tracking_Number_Systematic_Search"/>
  <testcase name="Tracking_Number_Search" time="35.739" classname="Test_Data_Generation.Tracking_Number_Systematic_Search"/>
  <testcase name="Tracking_Number_Search" time="21.283" classname="Test_Data_Generation.Tracking_Number_Systematic_Search"/>
  <testcase name="Tracking_Number_Search" time="9.053" classname="Test_Data_Generation.Tracking_Number_Systematic_Search"/>
  <testcase name="Tracking_Number_Search" time="39.764" classname="Test_Data_Generation.Tracking_Number_Systematic_Search"/>
  <testcase name="Tracking_Number_Search" time="28.056" classname="Test_Data_Generation.Tracking_Number_Systematic_Search"/>
  <testcase name="Tracking_Number_Search" time="28.012" classname="Test_Data_Generation.Tracking_Number_Systematic_Search"/>
  <testcase name="Tracking_Number_Search" time="13.858" classname="Test_Data_Generation.Tracking_Number_Systematic_Search"/>
  <testcase name="Tracking_Number_Search" time="28.811" classname="Test_Data_Generation.Tracking_Number_Systematic_Search"/>
  <testcase name="Tracking_Number_Search" time="36.703" classname="Test_Data_Generation.Tracking_Number_Systematic_Search"/>
  <testcase name="Tracking_Number_Search" time="63.457" classname="Test_Data_Generation.Tracking_Number_Systematic_Search"/>
  <testcase name="Tracking_Number_Search" time="13.694" classname="Test_Data_Generation.Tracking_Number_Systematic_Search"/>
  <testcase name="Tracking_Number_Search" time="60.538" classname="Test_Data_Generation.Tracking_Number_Systematic_Search"/>
  <testcase name="Tracking_Number_Search" time="29.442" classname="Test_Data_Generation.Tracking_Number_Systematic_Search"/>
  <testcase name="Tracking_Number_Search" time="15.713" classname="Test_Data_Generation.Tracking_Number_Systematic_Search"/>
  <testcase name="Tracking_Number_Search" time="13.941" classname="Test_Data_Generation.Tracking_Number_Systematic_Search"/>
  <testcase name="Tracking_Number_Search" time="26.998" classname="Test_Data_Generation.Tracking_Number_Systematic_Search"/>
  <testcase name="Tracking_Number_Search" time="1.134" classname="Test_Data_Generation.Tracking_Number_Systematic_Search"/>
  <testcase name="Tracking_Number_Search" time="20.194" classname="Test_Data_Generation.Tracking_Number_Systematic_Search"/>
  <testcase name="Tracking_Number_Search" time="20.111" classname="Test_Data_Generation.Tracking_Number_Systematic_Search"/>
  <testcase name="Tracking_Number_Search" time="53.295" classname="Test_Data_Generation.Tracking_Number_Systematic_Search"/>
  <testcase name="Tracking_Number_Search" time="23.233" classname="Test_Data_Generation.Tracking_Number_Systematic_Search"/>
  <testcase name="Tracking_Number_Search" time="102.922" classname="Test_Data_Generation.Tracking_Number_Systematic_Search"/>
  <testcase name="Tracking_Number_Search" time="40.288" classname="Test_Data_Generation.Tracking_Number_Systematic_Search"/>
  <testcase name="Tracking_Number_Search" time="6.999" classname="Test_Data_Generation.Tracking_Number_Systematic_Search"/>
  <testcase name="Tracking_Number_Search" time="23.391" classname="Test_Data_Generation.Tracking_Number_Systematic_Search"/>
  <testcase name="Tracking_Number_Search" time="45.562" classname="Test_Data_Generation.Tracking_Number_Systematic_Search"/>
  <testcase name="Tracking_Number_Search" time="39.775" classname="Test_Data_Generation.Tracking_Number_Systematic_Search"/>
  <testcase name="Tracking_Number_Search" time="23.586" classname="Test_Data_Generation.Tracking_Number_Systematic_Search"/>
  <testcase name="Tracking_Number_Search" time="4.860" classname="Test_Data_Generation.Tracking_Number_Systematic_Search"/>
  <testcase name="Tracking_Number_Search" time="14.832" classname="Test_Data_Generation.Tracking_Number_Systematic_Search"/>
  <testcase name="Tracking_Number_Search" time="36.171" classname="Test_Data_Generation.Tracking_Number_Systematic_Search"/>
  <testcase name="Tracking_Number_Search" time="33.794" classname="Test_Data_Generation.Tracking_Number_Systematic_Search"/>
  <testcase name="Tracking_Number_Search" time="26.065" classname="Test_Data_Generation.Tracking_Number_Systematic_Search"/>
  <testcase name="Tracking_Number_Search" time="20.471" classname="Test_Data_Generation.Tracking_Number_Systematic_Search"/>
  <testcase name="Tracking_Number_Search" time="28.864" classname="Test_Data_Generation.Tracking_Number_Systematic_Search"/>
  <testcase name="Tracking_Number_Search" time="28.212" classname="Test_Data_Generation.Tracking_Number_Systematic_Search"/>
  <testcase name="Tracking_Number_Search" time="19.110" classname="Test_Data_Generation.Tracking_Number_Systematic_Search"/>
  <testcase name="Tracking_Number_Search" time="121.960" classname="Test_Data_Generation.Tracking_Number_Systematic_Search"/>
  <testcase name="Tracking_Number_Search" time="16.448" classname="Test_Data_Generation.Tracking_Number_Systematic_Search"/>
  <testcase name="Tracking_Number_Search" time="18.938" classname="Test_Data_Generation.Tracking_Number_Systematic_Search"/>
  <testcase name="Tracking_Number_Search" time="16.242" classname="Test_Data_Generation.Tracking_Number_Systematic_Search"/>
  <testcase name="Tracking_Number_Search" time="26.792" classname="Test_Data_Generation.Tracking_Number_Systematic_Search"/>
  <testcase name="Tracking_Number_Search" time="69.060" classname="Test_Data_Generation.Tracking_Number_Systematic_Search"/>
  <testcase name="Tracking_Number_Search" time="26.274" classname="Test_Data_Generation.Tracking_Number_Systematic_Search"/>
  <testcase name="Tracking_Number_Search" time="17.570" classname="Test_Data_Generation.Tracking_Number_Systematic_Search"/>
  <testcase name="Tracking_Number_Search" time="25.437" classname="Test_Data_Generation.Tracking_Number_Systematic_Search"/>
  <testcase name="Tracking_Number_Search" time="30.655" classname="Test_Data_Generation.Tracking_Number_Systematic_Search"/>
  <testcase name="Tracking_Number_Search" time="9.660" classname="Test_Data_Generation.Tracking_Number_Systematic_Search"/>
  <testcase name="Tracking_Number_Search" time="13.520" classname="Test_Data_Generation.Tracking_Number_Systematic_Search"/>
  <testcase name="Tracking_Number_Search" time="31.333" classname="Test_Data_Generation.Tracking_Number_Systematic_Search"/>
  <testcase name="Tracking_Number_Search" time="27.535" classname="Test_Data_Generation.Tracking_Number_Systematic_Search"/>
  <testcase name="Tracking_Number_Search" time="15.423" classname="Test_Data_Generation.Tracking_Number_Systematic_Search"/>
  <testcase name="Tracking_Number_Search" time="33.315" classname="Test_Data_Generation.Tracking_Number_Systematic_Search"/>
  <testcase name="Tracking_Number_Search" time="16.714" classname="Test_Data_Generation.Tracking_Number_Systematic_Search"/>
  <testcase name="Tracking_Number_Search" time="16.963" classname="Test_Data_Generation.Tracking_Number_Systematic_Search"/>
  <testcase name="Tracking_Number_Search" time="19.694" classname="Test_Data_Generation.Tracking_Number_Systematic_Search"/>
  <testcase name="Tracking_Number_Search" time="30.938" classname="Test_Data_Generation.Tracking_Number_Systematic_Search"/>
  <testcase name="Tracking_Number_Search" time="26.723" classname="Test_Data_Generation.Tracking_Number_Systematic_Search"/>
  <testcase name="Tracking_Number_Search" time="9.410" classname="Test_Data_Generation.Tracking_Number_Systematic_Search"/>
  <testcase name="Tracking_Number_Search" time="45.840" classname="Test_Data_Generation.Tracking_Number_Systematic_Search"/>
  <testcase name="Tracking_Number_Search" time="25.535" classname="Test_Data_Generation.Tracking_Number_Systematic_Search"/>
  <testcase name="Tracking_Number_Search" time="34.418" classname="Test_Data_Generation.Tracking_Number_Systematic_Search"/>
  <testcase name="Tracking_Number_Search" time="120.085" classname="Test_Data_Generation.Tracking_Number_Systematic_Search"/>
  <testcase name="Tracking_Number_Search" time="22.685" classname="Test_Data_Generation.Tracking_Number_Systematic_Search"/>
  <testcase name="Tracking_Number_Search" time="20.885" classname="Test_Data_Generation.Tracking_Number_Systematic_Search"/>
  <testcase name="Tracking_Number_Search" time="23.222" classname="Test_Data_Generation.Tracking_Number_Systematic_Search"/>
  <testcase name="Tracking_Number_Search" time="62.161" classname="Test_Data_Generation.Tracking_Number_Systematic_Search"/>
  <testcase name="Tracking_Number_Search" time="45.075" classname="Test_Data_Generation.Tracking_Number_Systematic_Search"/>
  <testcase name="Tracking_Number_Search" time="23.194" classname="Test_Data_Generation.Tracking_Number_Systematic_Search"/>
  <testcase name="Tracking_Number_Search" time="19.511" classname="Test_Data_Generation.Tracking_Number_Systematic_Search"/>
  <testcase name="Tracking_Number_Search" time="15.875" classname="Test_Data_Generation.Tracking_Number_Systematic_Search"/>
  <testcase name="Tracking_Number_Search" time="37.132" classname="Test_Data_Generation.Tracking_Number_Systematic_Search"/>
  <testcase name="Tracking_Number_Search" time="16.664" classname="Test_Data_Generation.Tracking_Number_Systematic_Search"/>
  <testcase name="Tracking_Number_Search" time="22.375" classname="Test_Data_Generation.Tracking_Number_Systematic_Search"/>
  <testcase name="Tracking_Number_Search" time="24.894" classname="Test_Data_Generation.Tracking_Number_Systematic_Search"/>
  <testcase name="Tracking_Number_Search" time="25.836" classname="Test_Data_Generation.Tracking_Number_Systematic_Search"/>
  <testcase name="Tracking_Number_Search" time="25.800" classname="Test_Data_Generation.Tracking_Number_Systematic_Search"/>
  <testcase name="Tracking_Number_Search" time="25.413" classname="Test_Data_Generation.Tracking_Number_Systematic_Search"/>
  <testcase name="Tracking_Number_Search" time="26.495" classname="Test_Data_Generation.Tracking_Number_Systematic_Search"/>
  <testcase name="Tracking_Number_Search" time="26.888" classname="Test_Data_Generation.Tracking_Number_Systematic_Search"/>
  <testcase name="Tracking_Number_Search" time="17.997" classname="Test_Data_Generation.Tracking_Number_Systematic_Search"/>
  <testcase name="Tracking_Number_Search" time="48.158" classname="Test_Data_Generation.Tracking_Number_Systematic_Search"/>
  <testcase name="Tracking_Number_Search" time="28.866" classname="Test_Data_Generation.Tracking_Number_Systematic_Search"/>
  <testcase name="Tracking_Number_Search" time="42.704" classname="Test_Data_Generation.Tracking_Number_Systematic_Search"/>
  <testcase name="Tracking_Number_Search" time="26.178" classname="Test_Data_Generation.Tracking_Number_Systematic_Search"/>
  <testcase name="Tracking_Number_Search" time="71.183" classname="Test_Data_Generation.Tracking_Number_Systematic_Search"/>
  <testcase name="Tracking_Number_Search" time="5.179" classname="Test_Data_Generation.Tracking_Number_Systematic_Search"/>
  <testcase name="Tracking_Number_Search" time="89.642" classname="Test_Data_Generation.Tracking_Number_Systematic_Search"/>
  <testcase name="Tracking_Number_Search" time="21.049" classname="Test_Data_Generation.Tracking_Number_Systematic_Search"/>
  <testcase name="Tracking_Number_Search" time="23.465" classname="Test_Data_Generation.Tracking_Number_Systematic_Search"/>
  <testcase name="Tracking_Number_Search" time="177.405" classname="Test_Data_Generation.Tracking_Number_Systematic_Search"/>
  <testcase name="Tracking_Number_Search" time="17.114" classname="Test_Data_Generation.Tracking_Number_Systematic_Search"/>
  <testcase name="Tracking_Number_Search" time="76.859" classname="Test_Data_Generation.Tracking_Number_Systematic_Search"/>
  <testcase name="Tracking_Number_Search" time="25.041" classname="Test_Data_Generation.Tracking_Number_Systematic_Search"/>
  <testcase name="Tracking_Number_Search" time="12.694" classname="Test_Data_Generation.Tracking_Number_Systematic_Search"/>
  <testcase name="Tracking_Number_Search" time="15.208" classname="Test_Data_Generation.Tracking_Number_Systematic_Search"/>
  <testcase name="Tracking_Number_Search" time="4.830" classname="Test_Data_Generation.Tracking_Number_Systematic_Search"/>
  <testcase name="Tracking_Number_Search" time="10.359" classname="Test_Data_Generation.Tracking_Number_Systematic_Search"/>
  <testcase name="Tracking_Number_Search" time="24.241" classname="Test_Data_Generation.Tracking_Number_Systematic_Search"/>
  <testcase name="Tracking_Number_Search" time="23.653" classname="Test_Data_Generation.Tracking_Number_Systematic_Search"/>
  <testcase name="Tracking_Number_Search" time="22.901" classname="Test_Data_Generation.Tracking_Number_Systematic_Search"/>
  <testcase name="Tracking_Number_Search" time="29.576" classname="Test_Data_Generation.Tracking_Number_Systematic_Search"/>
  <testcase name="Tracking_Number_Search" time="17.691" classname="Test_Data_Generation.Tracking_Number_Systematic_Search"/>
  <testcase name="Tracking_Number_Search" time="14.359" classname="Test_Data_Generation.Tracking_Number_Systematic_Search"/>
  <testcase name="Tracking_Number_Search" time="22.863" classname="Test_Data_Generation.Tracking_Number_Systematic_Search"/>
  <testcase name="Tracking_Number_Search" time="29.986" classname="Test_Data_Generation.Tracking_Number_Systematic_Search"/>
  <testcase name="Tracking_Number_Search" time="36.993" classname="Test_Data_Generation.Tracking_Number_Systematic_Search"/>
  <testcase name="Tracking_Number_Search" time="9.766" classname="Test_Data_Generation.Tracking_Number_Systematic_Search"/>
  <testcase name="Tracking_Number_Search" time="87.005" classname="Test_Data_Generation.Tracking_Number_Systematic_Search"/>
  <testcase name="Tracking_Number_Search" time="17.157" classname="Test_Data_Generation.Tracking_Number_Systematic_Search"/>
  <testcase name="Tracking_Number_Search" time="23.681" classname="Test_Data_Generation.Tracking_Number_Systematic_Search"/>
  <testcase name="Tracking_Number_Search" time="104.896" classname="Test_Data_Generation.Tracking_Number_Systematic_Search"/>
  <testcase name="Tracking_Number_Search" time="15.159" classname="Test_Data_Generation.Tracking_Number_Systematic_Search"/>
  <testcase name="Tracking_Number_Search" time="21.560" classname="Test_Data_Generation.Tracking_Number_Systematic_Search"/>
  <testcase name="Tracking_Number_Search" time="30.304" classname="Test_Data_Generation.Tracking_Number_Systematic_Search"/>
  <testcase name="Tracking_Number_Search" time="7.746" classname="Test_Data_Generation.Tracking_Number_Systematic_Search"/>
  <testcase name="Tracking_Number_Search" time="22.917" classname="Test_Data_Generation.Tracking_Number_Systematic_Search"/>
  <testcase name="Tracking_Number_Search" time="22.384" classname="Test_Data_Generation.Tracking_Number_Systematic_Search"/>
  <testcase name="Tracking_Number_Search" time="22.857" classname="Test_Data_Generation.Tracking_Number_Systematic_Search"/>
  <testcase name="Tracking_Number_Search" time="35.237" classname="Test_Data_Generation.Tracking_Number_Systematic_Search"/>
  <testcase name="Tracking_Number_Search" time="25.537" classname="Test_Data_Generation.Tracking_Number_Systematic_Search"/>
  <testcase name="Tracking_Number_Search" time="25.141" classname="Test_Data_Generation.Tracking_Number_Systematic_Search"/>
  <testcase name="Tracking_Number_Search" time="24.341" classname="Test_Data_Generation.Tracking_Number_Systematic_Search"/>
  <testcase name="Tracking_Number_Search" time="89.006" classname="Test_Data_Generation.Tracking_Number_Systematic_Search"/>
  <testcase name="Tracking_Number_Search" time="11.815" classname="Test_Data_Generation.Tracking_Number_Systematic_Search"/>
  <testcase name="Tracking_Number_Search" time="13.892" classname="Test_Data_Generation.Tracking_Number_Systematic_Search"/>
  <testcase name="Tracking_Number_Search" time="11.860" classname="Test_Data_Generation.Tracking_Number_Systematic_Search"/>
  <testcase name="Tracking_Number_Search" time="6.362" classname="Test_Data_Generation.Tracking_Number_Systematic_Search"/>
  <testcase name="Tracking_Number_Search" time="22.592" classname="Test_Data_Generation.Tracking_Number_Systematic_Search"/>
  <testcase name="Tracking_Number_Search" time="114.811" classname="Test_Data_Generation.Tracking_Number_Systematic_Search"/>
  <testcase name="Tracking_Number_Search" time="27.429" classname="Test_Data_Generation.Tracking_Number_Systematic_Search"/>
  <testcase name="Tracking_Number_Search" time="42.684" classname="Test_Data_Generation.Tracking_Number_Systematic_Search"/>
  <testcase name="Tracking_Number_Search" time="39.548" classname="Test_Data_Generation.Tracking_Number_Systematic_Search"/>
  <testcase name="Tracking_Number_Search" time="21.343" classname="Test_Data_Generation.Tracking_Number_Systematic_Search"/>
  <testcase name="Tracking_Number_Search" time="27.505" classname="Test_Data_Generation.Tracking_Number_Systematic_Search"/>
  <testcase name="Tracking_Number_Search" time="26.134" classname="Test_Data_Generation.Tracking_Number_Systematic_Search"/>
  <testcase name="Tracking_Number_Search" time="42.355" classname="Test_Data_Generation.Tracking_Number_Systematic_Search"/>
  <testcase name="Tracking_Number_Search" time="18.721" classname="Test_Data_Generation.Tracking_Number_Systematic_Search"/>
  <testcase name="Tracking_Number_Search" time="26.382" classname="Test_Data_Generation.Tracking_Number_Systematic_Search"/>
  <testcase name="Tracking_Number_Search" time="42.427" classname="Test_Data_Generation.Tracking_Number_Systematic_Search"/>
  <testcase name="Tracking_Number_Search" time="27.185" classname="Test_Data_Generation.Tracking_Number_Systematic_Search"/>
  <testcase name="Tracking_Number_Search" time="65.800" classname="Test_Data_Generation.Tracking_Number_Systematic_Search"/>
  <testcase name="Tracking_Number_Search" time="8.074" classname="Test_Data_Generation.Tracking_Number_Systematic_Search"/>
  <testcase name="Tracking_Number_Search" time="24.507" classname="Test_Data_Generation.Tracking_Number_Systematic_Search"/>
  <testcase name="Tracking_Number_Search" time="25.744" classname="Test_Data_Generation.Tracking_Number_Systematic_Search"/>
  <testcase name="Tracking_Number_Search" time="16.922" classname="Test_Data_Generation.Tracking_Number_Systematic_Search"/>
  <testcase name="Tracking_Number_Search" time="38.112" classname="Test_Data_Generation.Tracking_Number_Systematic_Search"/>
  <testcase name="Tracking_Number_Search" time="19.985" classname="Test_Data_Generation.Tracking_Number_Systematic_Search"/>
  <testcase name="Tracking_Number_Search" time="17.316" classname="Test_Data_Generation.Tracking_Number_Systematic_Search"/>
  <testcase name="Tracking_Number_Search" time="30.803" classname="Test_Data_Generation.Tracking_Number_Systematic_Search"/>
  <testcase name="Tracking_Number_Search" time="25.669" classname="Test_Data_Generation.Tracking_Number_Systematic_Search"/>
  <testcase name="Tracking_Number_Search" time="38.787" classname="Test_Data_Generation.Tracking_Number_Systematic_Search"/>
  <testcase name="Tracking_Number_Search" time="26.464" classname="Test_Data_Generation.Tracking_Number_Systematic_Search"/>
  <testcase name="Tracking_Number_Search" time="18.730" classname="Test_Data_Generation.Tracking_Number_Systematic_Search"/>
  <testcase name="Tracking_Number_Search" time="25.767" classname="Test_Data_Generation.Tracking_Number_Systematic_Search"/>
  <testcase name="Tracking_Number_Search" time="15.584" classname="Test_Data_Generation.Tracking_Number_Systematic_Search"/>
  <testcase name="Tracking_Number_Search" time="48.682" classname="Test_Data_Generation.Tracking_Number_Systematic_Search"/>
  <testcase name="Tracking_Number_Search" time="24.293" classname="Test_Data_Generation.Tracking_Number_Systematic_Search"/>
  <testcase name="Tracking_Number_Search" time="27.769" classname="Test_Data_Generation.Tracking_Number_Systematic_Search"/>
  <testcase name="Tracking_Number_Search" time="47.285" classname="Test_Data_Generation.Tracking_Number_Systematic_Search"/>
  <testcase name="Tracking_Number_Search" time="30.301" classname="Test_Data_Generation.Tracking_Number_Systematic_Search"/>
  <testcase name="Tracking_Number_Search" time="26.770" classname="Test_Data_Generation.Tracking_Number_Systematic_Search"/>
  <testcase name="Tracking_Number_Search" time="18.933" classname="Test_Data_Generation.Tracking_Number_Systematic_Search"/>
  <testcase name="Tracking_Number_Search" time="18.071" classname="Test_Data_Generation.Tracking_Number_Systematic_Search"/>
  <testcase name="Tracking_Number_Search" time="25.425" classname="Test_Data_Generation.Tracking_Number_Systematic_Search"/>
  <testcase name="Tracking_Number_Search" time="5.014" classname="Test_Data_Generation.Tracking_Number_Systematic_Search"/>
  <testcase name="Tracking_Number_Search" time="25.140" classname="Test_Data_Generation.Tracking_Number_Systematic_Search"/>
  <testcase name="Tracking_Number_Search" time="15.352" classname="Test_Data_Generation.Tracking_Number_Systematic_Search"/>
  <testcase name="Tracking_Number_Search" time="23.863" classname="Test_Data_Generation.Tracking_Number_Systematic_Search"/>
  <testcase name="Tracking_Number_Search" time="21.678" classname="Test_Data_Generation.Tracking_Number_Systematic_Search"/>
  <testcase name="Tracking_Number_Search" time="9.220" classname="Test_Data_Generation.Tracking_Number_Systematic_Search"/>
  <testcase name="Tracking_Number_Search" time="23.885" classname="Test_Data_Generation.Tracking_Number_Systematic_Search"/>
  <testcase name="Tracking_Number_Search" time="27.969" classname="Test_Data_Generation.Tracking_Number_Systematic_Search"/>
  <testcase name="Tracking_Number_Search" time="21.501" classname="Test_Data_Generation.Tracking_Number_Systematic_Search"/>
  <testcase name="Tracking_Number_Search" time="26.556" classname="Test_Data_Generation.Tracking_Number_Systematic_Search"/>
  <testcase name="Tracking_Number_Search" time="34.764" classname="Test_Data_Generation.Tracking_Number_Systematic_Search"/>
  <testcase name="Tracking_Number_Search" time="26.391" classname="Test_Data_Generation.Tracking_Number_Systematic_Search"/>
  <testcase name="Tracking_Number_Search" time="69.699" classname="Test_Data_Generation.Tracking_Number_Systematic_Search"/>
  <testcase name="Tracking_Number_Search" time="18.734" classname="Test_Data_Generation.Tracking_Number_Systematic_Search"/>
  <testcase name="Tracking_Number_Search" time="19.311" classname="Test_Data_Generation.Tracking_Number_Systematic_Search"/>
  <testcase name="Tracking_Number_Search" time="30.735" classname="Test_Data_Generation.Tracking_Number_Systematic_Search"/>
  <testcase name="Tracking_Number_Search" time="25.993" classname="Test_Data_Generation.Tracking_Number_Systematic_Search"/>
  <testcase name="Tracking_Number_Search" time="95.059" classname="Test_Data_Generation.Tracking_Number_Systematic_Search"/>
  <testcase name="Tracking_Number_Search" time="16.327" classname="Test_Data_Generation.Tracking_Number_Systematic_Search"/>
  <testcase name="Tracking_Number_Search" time="43.206" classname="Test_Data_Generation.Tracking_Number_Systematic_Search"/>
  <testcase name="Tracking_Number_Search" time="12.529" classname="Test_Data_Generation.Tracking_Number_Systematic_Search"/>
  <testcase name="Tracking_Number_Search" time="15.964" classname="Test_Data_Generation.Tracking_Number_Systematic_Search"/>
  <testcase name="Tracking_Number_Search" time="18.305" classname="Test_Data_Generation.Tracking_Number_Systematic_Search"/>
  <testcase name="Tracking_Number_Search" time="10.209" classname="Test_Data_Generation.Tracking_Number_Systematic_Search"/>
  <testcase name="Tracking_Number_Search" time="95.815" classname="Test_Data_Generation.Tracking_Number_Systematic_Search"/>
  <testcase name="Tracking_Number_Search" time="24.396" classname="Test_Data_Generation.Tracking_Number_Systematic_Search"/>
  <testcase name="Tracking_Number_Search" time="18.093" classname="Test_Data_Generation.Tracking_Number_Systematic_Search"/>
  <testcase name="Tracking_Number_Search" time="22.542" classname="Test_Data_Generation.Tracking_Number_Systematic_Search"/>
  <testcase name="Tracking_Number_Search" time="13.064" classname="Test_Data_Generation.Tracking_Number_Systematic_Search"/>
  <testcase name="Tracking_Number_Search" time="25.853" classname="Test_Data_Generation.Tracking_Number_Systematic_Search"/>
  <testcase name="Tracking_Number_Search" time="10.343" classname="Test_Data_Generation.Tracking_Number_Systematic_Search"/>
  <testcase name="Tracking_Number_Search" time="25.744" classname="Test_Data_Generation.Tracking_Number_Systematic_Search"/>
  <testcase name="Tracking_Number_Search" time="38.327" classname="Test_Data_Generation.Tracking_Number_Systematic_Search"/>
  <testcase name="Tracking_Number_Search" time="37.646" classname="Test_Data_Generation.Tracking_Number_Systematic_Search"/>
  <testcase name="Tracking_Number_Search" time="18.476" classname="Test_Data_Generation.Tracking_Number_Systematic_Search"/>
  <testcase name="Tracking_Number_Search" time="45.730" classname="Test_Data_Generation.Tracking_Number_Systematic_Search"/>
  <testcase name="Tracking_Number_Search" time="20.242" classname="Test_Data_Generation.Tracking_Number_Systematic_Search"/>
  <testcase name="Tracking_Number_Search" time="161.507" classname="Test_Data_Generation.Tracking_Number_Systematic_Search"/>
  <testcase name="Tracking_Number_Search" time="42.821" classname="Test_Data_Generation.Tracking_Number_Systematic_Search"/>
  <testcase name="Tracking_Number_Search" time="78.052" classname="Test_Data_Generation.Tracking_Number_Systematic_Search"/>
  <testcase name="Tracking_Number_Search" time="19.606" classname="Test_Data_Generation.Tracking_Number_Systematic_Search"/>
  <testcase name="Tracking_Number_Search" time="17.781" classname="Test_Data_Generation.Tracking_Number_Systematic_Search"/>
  <testcase name="Tracking_Number_Search" time="42.239" classname="Test_Data_Generation.Tracking_Number_Systematic_Search"/>
  <testcase name="Tracking_Number_Search" time="26.618" classname="Test_Data_Generation.Tracking_Number_Systematic_Search"/>
  <testcase name="Tracking_Number_Search" time="50.168" classname="Test_Data_Generation.Tracking_Number_Systematic_Search"/>
  <testcase name="Tracking_Number_Search" time="26.304" classname="Test_Data_Generation.Tracking_Number_Systematic_Search"/>
  <testcase name="Tracking_Number_Search" time="11.832" classname="Test_Data_Generation.Tracking_Number_Systematic_Search"/>
  <testcase name="Tracking_Number_Search" time="29.195" classname="Test_Data_Generation.Tracking_Number_Systematic_Search"/>
  <testcase name="Tracking_Number_Search" time="22.814" classname="Test_Data_Generation.Tracking_Number_Systematic_Search"/>
  <testcase name="Tracking_Number_Search" time="10.609" classname="Test_Data_Generation.Tracking_Number_Systematic_Search"/>
  <testcase name="Tracking_Number_Search" time="7.907" classname="Test_Data_Generation.Tracking_Number_Systematic_Search"/>
  <testcase name="Tracking_Number_Search" time="21.261" classname="Test_Data_Generation.Tracking_Number_Systematic_Search"/>
  <testcase name="Tracking_Number_Search" time="38.326" classname="Test_Data_Generation.Tracking_Number_Systematic_Search"/>
  <testcase name="Tracking_Number_Search" time="9.894" classname="Test_Data_Generation.Tracking_Number_Systematic_Search"/>
  <testcase name="Tracking_Number_Search" time="33.656" classname="Test_Data_Generation.Tracking_Number_Systematic_Search"/>
  <testcase name="Tracking_Number_Search" time="56.979" classname="Test_Data_Generation.Tracking_Number_Systematic_Search"/>
  <testcase name="Tracking_Number_Search" time="15.796" classname="Test_Data_Generation.Tracking_Number_Systematic_Search"/>
  <testcase name="Tracking_Number_Search" time="13.231" classname="Test_Data_Generation.Tracking_Number_Systematic_Search"/>
  <testcase name="Tracking_Number_Search" time="35.083" classname="Test_Data_Generation.Tracking_Number_Systematic_Search"/>
  <testcase name="Tracking_Number_Search" time="10.485" classname="Test_Data_Generation.Tracking_Number_Systematic_Search"/>
  <testcase name="Tracking_Number_Search" time="15.971" classname="Test_Data_Generation.Tracking_Number_Systematic_Search"/>
  <testcase name="Tracking_Number_Search" time="26.585" classname="Test_Data_Generation.Tracking_Number_Systematic_Search"/>
  <testcase name="Tracking_Number_Search" time="28.328" classname="Test_Data_Generation.Tracking_Number_Systematic_Search"/>
  <testcase name="Tracking_Number_Search" time="1.060" classname="Test_Data_Generation.Tracking_Number_Systematic_Search"/>
  <testcase name="Tracking_Number_Search" time="31.050" classname="Test_Data_Generation.Tracking_Number_Systematic_Search"/>
  <testcase name="Tracking_Number_Search" time="35.430" classname="Test_Data_Generation.Tracking_Number_Systematic_Search"/>
  <testcase name="Tracking_Number_Search" time="16.597" classname="Test_Data_Generation.Tracking_Number_Systematic_Search"/>
  <testcase name="Tracking_Number_Search" time="72.486" classname="Test_Data_Generation.Tracking_Number_Systematic_Search"/>
  <testcase name="Tracking_Number_Search" time="28.016" classname="Test_Data_Generation.Tracking_Number_Systematic_Search"/>
  <testcase name="Tracking_Number_Search" time="20.595" classname="Test_Data_Generation.Tracking_Number_Systematic_Search"/>
  <testcase name="Tracking_Number_Search" time="1.246" classname="Test_Data_Generation.Tracking_Number_Systematic_Search"/>
  <testcase name="Tracking_Number_Search" time="33.021" classname="Test_Data_Generation.Tracking_Number_Systematic_Search"/>
  <testcase name="Tracking_Number_Search" time="27.304" classname="Test_Data_Generation.Tracking_Number_Systematic_Search"/>
  <testcase name="Tracking_Number_Search" time="25.661" classname="Test_Data_Generation.Tracking_Number_Systematic_Search"/>
  <testcase name="Tracking_Number_Search" time="12.117" classname="Test_Data_Generation.Tracking_Number_Systematic_Search"/>
  <testcase name="Tracking_Number_Search" time="38.838" classname="Test_Data_Generation.Tracking_Number_Systematic_Search"/>
  <testcase name="Tracking_Number_Search" time="37.482" classname="Test_Data_Generation.Tracking_Number_Systematic_Search"/>
  <testcase name="Tracking_Number_Search" time="25.298" classname="Test_Data_Generation.Tracking_Number_Systematic_Search"/>
  <testcase name="Tracking_Number_Search" time="18.963" classname="Test_Data_Generation.Tracking_Number_Systematic_Search"/>
  <testcase name="Tracking_Number_Search" time="41.882" classname="Test_Data_Generation.Tracking_Number_Systematic_Search"/>
  <testcase name="Tracking_Number_Search" time="34.442" classname="Test_Data_Generation.Tracking_Number_Systematic_Search"/>
  <testcase name="Tracking_Number_Search" time="17.846" classname="Test_Data_Generation.Tracking_Number_Systematic_Search"/>
  <testcase name="Tracking_Number_Search" time="25.278" classname="Test_Data_Generation.Tracking_Number_Systematic_Search"/>
  <testcase name="Tracking_Number_Search" time="14.061" classname="Test_Data_Generation.Tracking_Number_Systematic_Search"/>
  <testcase name="Tracking_Number_Search" time="35.472" classname="Test_Data_Generation.Tracking_Number_Systematic_Search"/>
  <testcase name="Tracking_Number_Search" time="19.955" classname="Test_Data_Generation.Tracking_Number_Systematic_Search"/>
  <testcase name="Tracking_Number_Search" time="16.700" classname="Test_Data_Generation.Tracking_Number_Systematic_Search"/>
  <testcase name="Tracking_Number_Search" time="28.085" classname="Test_Data_Generation.Tracking_Number_Systematic_Search"/>
  <testcase name="Tracking_Number_Search" time="28.419" classname="Test_Data_Generation.Tracking_Number_Systematic_Search"/>
  <testcase name="Tracking_Number_Search" time="6.033" classname="Test_Data_Generation.Tracking_Number_Systematic_Search"/>
  <testcase name="Tracking_Number_Search" time="19.864" classname="Test_Data_Generation.Tracking_Number_Systematic_Search"/>
  <testcase name="Tracking_Number_Search" time="7.562" classname="Test_Data_Generation.Tracking_Number_Systematic_Search"/>
  <testcase name="Tracking_Number_Search" time="10.994" classname="Test_Data_Generation.Tracking_Number_Systematic_Search"/>
  <testcase name="Tracking_Number_Search" time="20.733" classname="Test_Data_Generation.Tracking_Number_Systematic_Search"/>
  <testcase name="Tracking_Number_Search" time="52.224" classname="Test_Data_Generation.Tracking_Number_Systematic_Search"/>
  <testcase name="Tracking_Number_Search" time="12.868" classname="Test_Data_Generation.Tracking_Number_Systematic_Search"/>
  <testcase name="Tracking_Number_Search" time="132.893" classname="Test_Data_Generation.Tracking_Number_Systematic_Search"/>
  <testcase name="Tracking_Number_Search" time="36.190" classname="Test_Data_Generation.Tracking_Number_Systematic_Search"/>
  <testcase name="Tracking_Number_Search" time="33.720" classname="Test_Data_Generation.Tracking_Number_Systematic_Search"/>
  <testcase name="Tracking_Number_Search" time="15.782" classname="Test_Data_Generation.Tracking_Number_Systematic_Search"/>
  <testcase name="Tracking_Number_Search" time="131.252" classname="Test_Data_Generation.Tracking_Number_Systematic_Search"/>
  <testcase name="Tracking_Number_Search" time="26.250" classname="Test_Data_Generation.Tracking_Number_Systematic_Search"/>
  <testcase name="Tracking_Number_Search" time="17.319" classname="Test_Data_Generation.Tracking_Number_Systematic_Search"/>
  <testcase name="Tracking_Number_Search" time="104.474" classname="Test_Data_Generation.Tracking_Number_Systematic_Search"/>
  <testcase name="Tracking_Number_Search" time="50.879" classname="Test_Data_Generation.Tracking_Number_Systematic_Search"/>
  <testcase name="Tracking_Number_Search" time="115.368" classname="Test_Data_Generation.Tracking_Number_Systematic_Search"/>
  <testcase name="Tracking_Number_Search" time="19.737" classname="Test_Data_Generation.Tracking_Number_Systematic_Search"/>
  <testcase name="Tracking_Number_Search" time="26.669" classname="Test_Data_Generation.Tracking_Number_Systematic_Search"/>
  <testcase name="Tracking_Number_Search" time="23.783" classname="Test_Data_Generation.Tracking_Number_Systematic_Search"/>
  <testcase name="Tracking_Number_Search" time="1.536" classname="Test_Data_Generation.Tracking_Number_Systematic_Search"/>
  <testcase name="Tracking_Number_Search" time="22.684" classname="Test_Data_Generation.Tracking_Number_Systematic_Search"/>
  <testcase name="Tracking_Number_Search" time="38.630" classname="Test_Data_Generation.Tracking_Number_Systematic_Search"/>
  <testcase name="Tracking_Number_Search" time="18.670" classname="Test_Data_Generation.Tracking_Number_Systematic_Search"/>
  <testcase name="Tracking_Number_Search" time="15.174" classname="Test_Data_Generation.Tracking_Number_Systematic_Search"/>
  <testcase name="Tracking_Number_Search" time="27.573" classname="Test_Data_Generation.Tracking_Number_Systematic_Search"/>
  <testcase name="Tracking_Number_Search" time="23.388" classname="Test_Data_Generation.Tracking_Number_Systematic_Search"/>
  <testcase name="Tracking_Number_Search" time="68.379" classname="Test_Data_Generation.Tracking_Number_Systematic_Search"/>
  <testcase name="Tracking_Number_Search" time="20.269" classname="Test_Data_Generation.Tracking_Number_Systematic_Search"/>
  <testcase name="Tracking_Number_Search" time="7.119" classname="Test_Data_Generation.Tracking_Number_Systematic_Search"/>
  <testcase name="Tracking_Number_Search" time="46.512" classname="Test_Data_Generation.Tracking_Number_Systematic_Search"/>
  <testcase name="Tracking_Number_Search" time="35.418" classname="Test_Data_Generation.Tracking_Number_Systematic_Search"/>
  <testcase name="Tracking_Number_Search" time="23.844" classname="Test_Data_Generation.Tracking_Number_Systematic_Search"/>
  <testcase name="Tracking_Number_Search" time="20.764" classname="Test_Data_Generation.Tracking_Number_Systematic_Search"/>
  <testcase name="Tracking_Number_Search" time="14.449" classname="Test_Data_Generation.Tracking_Number_Systematic_Search"/>
  <testcase name="Tracking_Number_Search" time="78.244" classname="Test_Data_Generation.Tracking_Number_Systematic_Search"/>
  <testcase name="Tracking_Number_Search" time="16.808" classname="Test_Data_Generation.Tracking_Number_Systematic_Search"/>
  <testcase name="Tracking_Number_Search" time="41.459" classname="Test_Data_Generation.Tracking_Number_Systematic_Search"/>
  <testcase name="Tracking_Number_Search" time="43.544" classname="Test_Data_Generation.Tracking_Number_Systematic_Search"/>
  <testcase name="Tracking_Number_Search" time="48.967" classname="Test_Data_Generation.Tracking_Number_Systematic_Search"/>
  <testcase name="Tracking_Number_Search" time="21.319" classname="Test_Data_Generation.Tracking_Number_Systematic_Search"/>
  <testcase name="Tracking_Number_Search" time="16.178" classname="Test_Data_Generation.Tracking_Number_Systematic_Search"/>
  <testcase name="Tracking_Number_Search" time="24.076" classname="Test_Data_Generation.Tracking_Number_Systematic_Search"/>
  <testcase name="Tracking_Number_Search" time="13.415" classname="Test_Data_Generation.Tracking_Number_Systematic_Search"/>
  <testcase name="Tracking_Number_Search" time="26.914" classname="Test_Data_Generation.Tracking_Number_Systematic_Search"/>
  <testcase name="Tracking_Number_Search" time="105.530" classname="Test_Data_Generation.Tracking_Number_Systematic_Search"/>
  <testcase name="Tracking_Number_Search" time="34.917" classname="Test_Data_Generation.Tracking_Number_Systematic_Search"/>
  <testcase name="Tracking_Number_Search" time="25.114" classname="Test_Data_Generation.Tracking_Number_Systematic_Search"/>
  <testcase name="Tracking_Number_Search" time="45.161" classname="Test_Data_Generation.Tracking_Number_Systematic_Search"/>
  <testcase name="Tracking_Number_Search" time="19.513" classname="Test_Data_Generation.Tracking_Number_Systematic_Search"/>
  <testcase name="Tracking_Number_Search" time="6.502" classname="Test_Data_Generation.Tracking_Number_Systematic_Search"/>
  <testcase name="Tracking_Number_Search" time="14.258" classname="Test_Data_Generation.Tracking_Number_Systematic_Search"/>
  <testcase name="Tracking_Number_Search" time="23.460" classname="Test_Data_Generation.Tracking_Number_Systematic_Search"/>
  <testcase name="Tracking_Number_Search" time="19.827" classname="Test_Data_Generation.Tracking_Number_Systematic_Search"/>
  <testcase name="Tracking_Number_Search" time="34.754" classname="Test_Data_Generation.Tracking_Number_Systematic_Search"/>
  <testcase name="Tracking_Number_Search" time="25.802" classname="Test_Data_Generation.Tracking_Number_Systematic_Search"/>
  <testcase name="Tracking_Number_Search" time="43.591" classname="Test_Data_Generation.Tracking_Number_Systematic_Search"/>
  <testcase name="Tracking_Number_Search" time="13.109" classname="Test_Data_Generation.Tracking_Number_Systematic_Search"/>
  <testcase name="Tracking_Number_Search" time="11.917" classname="Test_Data_Generation.Tracking_Number_Systematic_Search"/>
  <testcase name="Tracking_Number_Search" time="35.375" classname="Test_Data_Generation.Tracking_Number_Systematic_Search"/>
  <testcase name="Tracking_Number_Search" time="20.847" classname="Test_Data_Generation.Tracking_Number_Systematic_Search"/>
  <testcase name="Tracking_Number_Search" time="22.694" classname="Test_Data_Generation.Tracking_Number_Systematic_Search"/>
  <testcase name="Tracking_Number_Search" time="21.136" classname="Test_Data_Generation.Tracking_Number_Systematic_Search"/>
  <testcase name="Tracking_Number_Search" time="27.310" classname="Test_Data_Generation.Tracking_Number_Systematic_Search"/>
  <testcase name="Tracking_Number_Search" time="19.634" classname="Test_Data_Generation.Tracking_Number_Systematic_Search"/>
  <testcase name="Tracking_Number_Search" time="23.477" classname="Test_Data_Generation.Tracking_Number_Systematic_Search"/>
  <testcase name="Tracking_Number_Search" time="61.489" classname="Test_Data_Generation.Tracking_Number_Systematic_Search"/>
  <testcase name="Tracking_Number_Search" time="18.063" classname="Test_Data_Generation.Tracking_Number_Systematic_Search"/>
  <testcase name="Tracking_Number_Search" time="73.459" classname="Test_Data_Generation.Tracking_Number_Systematic_Search"/>
  <testcase name="Tracking_Number_Search" time="100.187" classname="Test_Data_Generation.Tracking_Number_Systematic_Search"/>
  <testcase name="Tracking_Number_Search" time="33.809" classname="Test_Data_Generation.Tracking_Number_Systematic_Search"/>
  <testcase name="Tracking_Number_Search" time="25.393" classname="Test_Data_Generation.Tracking_Number_Systematic_Search"/>
  <testcase name="Tracking_Number_Search" time="37.924" classname="Test_Data_Generation.Tracking_Number_Systematic_Search"/>
  <testcase name="Tracking_Number_Search" time="25.181" classname="Test_Data_Generation.Tracking_Number_Systematic_Search"/>
  <testcase name="Tracking_Number_Search" time="13.450" classname="Test_Data_Generation.Tracking_Number_Systematic_Search"/>
  <testcase name="Tracking_Number_Search" time="5.914" classname="Test_Data_Generation.Tracking_Number_Systematic_Search"/>
  <testcase name="Tracking_Number_Search" time="34.052" classname="Test_Data_Generation.Tracking_Number_Systematic_Search"/>
  <testcase name="Tracking_Number_Search" time="44.008" classname="Test_Data_Generation.Tracking_Number_Systematic_Search"/>
  <testcase name="Tracking_Number_Search" time="3.396" classname="Test_Data_Generation.Tracking_Number_Systematic_Search"/>
  <testcase name="Tracking_Number_Search" time="54.790" classname="Test_Data_Generation.Tracking_Number_Systematic_Search"/>
  <testcase name="Tracking_Number_Search" time="18.181" classname="Test_Data_Generation.Tracking_Number_Systematic_Search"/>
  <testcase name="Tracking_Number_Search" time="29.169" classname="Test_Data_Generation.Tracking_Number_Systematic_Search"/>
  <testcase name="Tracking_Number_Search" time="132.760" classname="Test_Data_Generation.Tracking_Number_Systematic_Search"/>
  <testcase name="Tracking_Number_Search" time="23.599" classname="Test_Data_Generation.Tracking_Number_Systematic_Search"/>
  <testcase name="Tracking_Number_Search" time="2.108" classname="Test_Data_Generation.Tracking_Number_Systematic_Search"/>
  <testcase name="Tracking_Number_Search" time="11.800" classname="Test_Data_Generation.Tracking_Number_Systematic_Search"/>
  <testcase name="Tracking_Number_Search" time="25.522" classname="Test_Data_Generation.Tracking_Number_Systematic_Search"/>
  <testcase name="Tracking_Number_Search" time="41.246" classname="Test_Data_Generation.Tracking_Number_Systematic_Search"/>
  <testcase name="Tracking_Number_Search" time="15.173" classname="Test_Data_Generation.Tracking_Number_Systematic_Search"/>
  <testcase name="Tracking_Number_Search" time="8.485" classname="Test_Data_Generation.Tracking_Number_Systematic_Search"/>
  <testcase name="Tracking_Number_Search" time="23.048" classname="Test_Data_Generation.Tracking_Number_Systematic_Search"/>
  <testcase name="Tracking_Number_Search" time="9.172" classname="Test_Data_Generation.Tracking_Number_Systematic_Search"/>
  <testcase name="Tracking_Number_Search" time="30.667" classname="Test_Data_Generation.Tracking_Number_Systematic_Search"/>
  <testcase name="Tracking_Number_Search" time="23.216" classname="Test_Data_Generation.Tracking_Number_Systematic_Search"/>
  <testcase name="Tracking_Number_Search" time="16.614" classname="Test_Data_Generation.Tracking_Number_Systematic_Search"/>
  <testcase name="Tracking_Number_Search" time="33.811" classname="Test_Data_Generation.Tracking_Number_Systematic_Search"/>
  <testcase name="Tracking_Number_Search" time="43.639" classname="Test_Data_Generation.Tracking_Number_Systematic_Search"/>
  <testcase name="Tracking_Number_Search" time="9.450" classname="Test_Data_Generation.Tracking_Number_Systematic_Search"/>
  <testcase name="Tracking_Number_Search" time="21.021" classname="Test_Data_Generation.Tracking_Number_Systematic_Search"/>
  <testcase name="Tracking_Number_Search" time="20.898" classname="Test_Data_Generation.Tracking_Number_Systematic_Search"/>
  <testcase name="Tracking_Number_Search" time="50.858" classname="Test_Data_Generation.Tracking_Number_Systematic_Search"/>
  <testcase name="Tracking_Number_Search" time="45.764" classname="Test_Data_Generation.Tracking_Number_Systematic_Search"/>
  <testcase name="Tracking_Number_Search" time="58.651" classname="Test_Data_Generation.Tracking_Number_Systematic_Search"/>
  <testcase name="Tracking_Number_Search" time="15.970" classname="Test_Data_Generation.Tracking_Number_Systematic_Search"/>
  <testcase name="Tracking_Number_Search" time="21.709" classname="Test_Data_Generation.Tracking_Number_Systematic_Search"/>
  <testcase name="Tracking_Number_Search" time="37.482" classname="Test_Data_Generation.Tracking_Number_Systematic_Search"/>
  <testcase name="Tracking_Number_Search" time="34.567" classname="Test_Data_Generation.Tracking_Number_Systematic_Search"/>
  <testcase name="Tracking_Number_Search" time="115.069" classname="Test_Data_Generation.Tracking_Number_Systematic_Search"/>
  <testcase name="Tracking_Number_Search" time="25.329" classname="Test_Data_Generation.Tracking_Number_Systematic_Search"/>
  <testcase name="Tracking_Number_Search" time="34.189" classname="Test_Data_Generation.Tracking_Number_Systematic_Search"/>
  <testcase name="Tracking_Number_Search" time="35.905" classname="Test_Data_Generation.Tracking_Number_Systematic_Search"/>
  <testcase name="Tracking_Number_Search" time="82.309" classname="Test_Data_Generation.Tracking_Number_Systematic_Search"/>
  <testcase name="Tracking_Number_Search" time="31.754" classname="Test_Data_Generation.Tracking_Number_Systematic_Search"/>
  <testcase name="Tracking_Number_Search" time="48.825" classname="Test_Data_Generation.Tracking_Number_Systematic_Search"/>
  <testcase name="Tracking_Number_Search" time="26.200" classname="Test_Data_Generation.Tracking_Number_Systematic_Search"/>
  <testcase name="Tracking_Number_Search" time="31.894" classname="Test_Data_Generation.Tracking_Number_Systematic_Search"/>
  <testcase name="Tracking_Number_Search" time="29.578" classname="Test_Data_Generation.Tracking_Number_Systematic_Search"/>
  <testcase name="Tracking_Number_Search" time="23.081" classname="Test_Data_Generation.Tracking_Number_Systematic_Search"/>
  <testcase name="Tracking_Number_Search" time="25.728" classname="Test_Data_Generation.Tracking_Number_Systematic_Search"/>
  <testcase name="Tracking_Number_Search" time="12.523" classname="Test_Data_Generation.Tracking_Number_Systematic_Search"/>
  <testcase name="Tracking_Number_Search" time="26.646" classname="Test_Data_Generation.Tracking_Number_Systematic_Search"/>
  <testcase name="Tracking_Number_Search" time="34.858" classname="Test_Data_Generation.Tracking_Number_Systematic_Search"/>
  <testcase name="Tracking_Number_Search" time="38.090" classname="Test_Data_Generation.Tracking_Number_Systematic_Search"/>
  <testcase name="Tracking_Number_Search" time="28.991" classname="Test_Data_Generation.Tracking_Number_Systematic_Search"/>
  <testcase name="Tracking_Number_Search" time="79.613" classname="Test_Data_Generation.Tracking_Number_Systematic_Search"/>
  <testcase name="Tracking_Number_Search" time="26.550" classname="Test_Data_Generation.Tracking_Number_Systematic_Search"/>
  <testcase name="Tracking_Number_Search" time="26.057" classname="Test_Data_Generation.Tracking_Number_Systematic_Search"/>
  <testcase name="Tracking_Number_Search" time="19.106" classname="Test_Data_Generation.Tracking_Number_Systematic_Search"/>
  <testcase name="Tracking_Number_Search" time="34.158" classname="Test_Data_Generation.Tracking_Number_Systematic_Search"/>
  <testcase name="Tracking_Number_Search" time="34.487" classname="Test_Data_Generation.Tracking_Number_Systematic_Search"/>
  <testcase name="Tracking_Number_Search" time="79.763" classname="Test_Data_Generation.Tracking_Number_Systematic_Search"/>
  <testcase name="Tracking_Number_Search" time="17.918" classname="Test_Data_Generation.Tracking_Number_Systematic_Search"/>
  <testcase name="Tracking_Number_Search" time="16.340" classname="Test_Data_Generation.Tracking_Number_Systematic_Search"/>
  <testcase name="Tracking_Number_Search" time="1.840" classname="Test_Data_Generation.Tracking_Number_Systematic_Search"/>
  <testcase name="Tracking_Number_Search" time="39.395" classname="Test_Data_Generation.Tracking_Number_Systematic_Search"/>
  <testcase name="Tracking_Number_Search" time="88.931" classname="Test_Data_Generation.Tracking_Number_Systematic_Search"/>
  <testcase name="Tracking_Number_Search" time="28.471" classname="Test_Data_Generation.Tracking_Number_Systematic_Search"/>
  <testcase name="Tracking_Number_Search" time="123.314" classname="Test_Data_Generation.Tracking_Number_Systematic_Search"/>
  <testcase name="Tracking_Number_Search" time="16.627" classname="Test_Data_Generation.Tracking_Number_Systematic_Search"/>
  <testcase name="Tracking_Number_Search" time="16.929" classname="Test_Data_Generation.Tracking_Number_Systematic_Search"/>
  <testcase name="Tracking_Number_Search" time="26.209" classname="Test_Data_Generation.Tracking_Number_Systematic_Search"/>
  <testcase name="Tracking_Number_Search" time="3.940" classname="Test_Data_Generation.Tracking_Number_Systematic_Search"/>
  <testcase name="Tracking_Number_Search" time="14.151" classname="Test_Data_Generation.Tracking_Number_Systematic_Search"/>
  <testcase name="Tracking_Number_Search" time="29.859" classname="Test_Data_Generation.Tracking_Number_Systematic_Search"/>
  <testcase name="Tracking_Number_Search" time="10.190" classname="Test_Data_Generation.Tracking_Number_Systematic_Search"/>
  <testcase name="Tracking_Number_Search" time="16.081" classname="Test_Data_Generation.Tracking_Number_Systematic_Search"/>
  <testcase name="Tracking_Number_Search" time="63.312" classname="Test_Data_Generation.Tracking_Number_Systematic_Search"/>
  <testcase name="Tracking_Number_Search" time="115.295" classname="Test_Data_Generation.Tracking_Number_Systematic_Search"/>
  <testcase name="Tracking_Number_Search" time="27.802" classname="Test_Data_Generation.Tracking_Number_Systematic_Search"/>
  <testcase name="Tracking_Number_Search" time="25.156" classname="Test_Data_Generation.Tracking_Number_Systematic_Search"/>
  <testcase name="Tracking_Number_Search" time="24.702" classname="Test_Data_Generation.Tracking_Number_Systematic_Search"/>
  <testcase name="Tracking_Number_Search" time="23.713" classname="Test_Data_Generation.Tracking_Number_Systematic_Search"/>
  <testcase name="Tracking_Number_Search" time="18.551" classname="Test_Data_Generation.Tracking_Number_Systematic_Search"/>
  <testcase name="Tracking_Number_Search" time="18.220" classname="Test_Data_Generation.Tracking_Number_Systematic_Search"/>
  <testcase name="Tracking_Number_Search" time="17.370" classname="Test_Data_Generation.Tracking_Number_Systematic_Search"/>
  <testcase name="Tracking_Number_Search" time="86.490" classname="Test_Data_Generation.Tracking_Number_Systematic_Search"/>
  <testcase name="Tracking_Number_Search" time="21.412" classname="Test_Data_Generation.Tracking_Number_Systematic_Search"/>
  <testcase name="Tracking_Number_Search" time="16.457" classname="Test_Data_Generation.Tracking_Number_Systematic_Search"/>
  <testcase name="Tracking_Number_Search" time="174.297" classname="Test_Data_Generation.Tracking_Number_Systematic_Search"/>
  <testcase name="Tracking_Number_Search" time="24.886" classname="Test_Data_Generation.Tracking_Number_Systematic_Search"/>
  <testcase name="Tracking_Number_Search" time="101.637" classname="Test_Data_Generation.Tracking_Number_Systematic_Search"/>
  <testcase name="Tracking_Number_Search" time="21.821" classname="Test_Data_Generation.Tracking_Number_Systematic_Search"/>
  <testcase name="Tracking_Number_Search" time="30.273" classname="Test_Data_Generation.Tracking_Number_Systematic_Search"/>
  <testcase name="Tracking_Number_Search" time="15.309" classname="Test_Data_Generation.Tracking_Number_Systematic_Search"/>
  <testcase name="Tracking_Number_Search" time="34.702" classname="Test_Data_Generation.Tracking_Number_Systematic_Search"/>
  <testcase name="Tracking_Number_Search" time="26.249" classname="Test_Data_Generation.Tracking_Number_Systematic_Search"/>
  <testcase name="Tracking_Number_Search" time="14.105" classname="Test_Data_Generation.Tracking_Number_Systematic_Search"/>
  <testcase name="Tracking_Number_Search" time="22.247" classname="Test_Data_Generation.Tracking_Number_Systematic_Search"/>
  <testcase name="Tracking_Number_Search" time="8.225" classname="Test_Data_Generation.Tracking_Number_Systematic_Search"/>
  <testcase name="Tracking_Number_Search" time="29.644" classname="Test_Data_Generation.Tracking_Number_Systematic_Search"/>
  <testcase name="Tracking_Number_Search" time="22.673" classname="Test_Data_Generation.Tracking_Number_Systematic_Search"/>
  <testcase name="Tracking_Number_Search" time="109.041" classname="Test_Data_Generation.Tracking_Number_Systematic_Search"/>
  <testcase name="Tracking_Number_Search" time="16.899" classname="Test_Data_Generation.Tracking_Number_Systematic_Search"/>
  <testcase name="Tracking_Number_Search" time="42.001" classname="Test_Data_Generation.Tracking_Number_Systematic_Search"/>
  <testcase name="Tracking_Number_Search" time="26.478" classname="Test_Data_Generation.Tracking_Number_Systematic_Search"/>
  <testcase name="Tracking_Number_Search" time="22.413" classname="Test_Data_Generation.Tracking_Number_Systematic_Search"/>
  <testcase name="Tracking_Number_Search" time="32.094" classname="Test_Data_Generation.Tracking_Number_Systematic_Search"/>
  <testcase name="Tracking_Number_Search" time="35.284" classname="Test_Data_Generation.Tracking_Number_Systematic_Search"/>
  <testcase name="Tracking_Number_Search" time="27.316" classname="Test_Data_Generation.Tracking_Number_Systematic_Search"/>
  <testcase name="Tracking_Number_Search" time="19.014" classname="Test_Data_Generation.Tracking_Number_Systematic_Search"/>
  <testcase name="Tracking_Number_Search" time="15.457" classname="Test_Data_Generation.Tracking_Number_Systematic_Search"/>
  <testcase name="Tracking_Number_Search" time="12.439" classname="Test_Data_Generation.Tracking_Number_Systematic_Search"/>
  <testcase name="Tracking_Number_Search" time="22.357" classname="Test_Data_Generation.Tracking_Number_Systematic_Search"/>
  <testcase name="Tracking_Number_Search" time="28.984" classname="Test_Data_Generation.Tracking_Number_Systematic_Search"/>
  <testcase name="Tracking_Number_Search" time="29.261" classname="Test_Data_Generation.Tracking_Number_Systematic_Search"/>
  <testcase name="Tracking_Number_Search" time="16.263" classname="Test_Data_Generation.Tracking_Number_Systematic_Search"/>
  <testcase name="Tracking_Number_Search" time="33.631" classname="Test_Data_Generation.Tracking_Number_Systematic_Search"/>
  <testcase name="Tracking_Number_Search" time="36.755" classname="Test_Data_Generation.Tracking_Number_Systematic_Search"/>
  <testcase name="Tracking_Number_Search" time="30.337" classname="Test_Data_Generation.Tracking_Number_Systematic_Search"/>
  <testcase name="Tracking_Number_Search" time="4.451" classname="Test_Data_Generation.Tracking_Number_Systematic_Search"/>
  <testcase name="Tracking_Number_Search" time="16.172" classname="Test_Data_Generation.Tracking_Number_Systematic_Search"/>
  <testcase name="Tracking_Number_Search" time="18.984" classname="Test_Data_Generation.Tracking_Number_Systematic_Search"/>
  <testcase name="Tracking_Number_Search" time="15.178" classname="Test_Data_Generation.Tracking_Number_Systematic_Search"/>
  <testcase name="Tracking_Number_Search" time="42.987" classname="Test_Data_Generation.Tracking_Number_Systematic_Search"/>
  <testcase name="Tracking_Number_Search" time="42.960" classname="Test_Data_Generation.Tracking_Number_Systematic_Search"/>
  <testcase name="Tracking_Number_Search" time="126.965" classname="Test_Data_Generation.Tracking_Number_Systematic_Search"/>
  <testcase name="Tracking_Number_Search" time="42.315" classname="Test_Data_Generation.Tracking_Number_Systematic_Search"/>
  <testcase name="Tracking_Number_Search" time="25.737" classname="Test_Data_Generation.Tracking_Number_Systematic_Search"/>
  <testcase name="Tracking_Number_Search" time="76.514" classname="Test_Data_Generation.Tracking_Number_Systematic_Search"/>
  <testcase name="Tracking_Number_Search" time="7.172" classname="Test_Data_Generation.Tracking_Number_Systematic_Search"/>
  <testcase name="Tracking_Number_Search" time="16.004" classname="Test_Data_Generation.Tracking_Number_Systematic_Search"/>
  <testcase name="Tracking_Number_Search" time="17.583" classname="Test_Data_Generation.Tracking_Number_Systematic_Search"/>
  <testcase name="Tracking_Number_Search" time="21.845" classname="Test_Data_Generation.Tracking_Number_Systematic_Search"/>
  <testcase name="Tracking_Number_Search" time="24.983" classname="Test_Data_Generation.Tracking_Number_Systematic_Search"/>
  <testcase name="Tracking_Number_Search" time="10.022" classname="Test_Data_Generation.Tracking_Number_Systematic_Search"/>
  <testcase name="Tracking_Number_Search" time="11.473" classname="Test_Data_Generation.Tracking_Number_Systematic_Search"/>
  <testcase name="Tracking_Number_Search" time="34.599" classname="Test_Data_Generation.Tracking_Number_Systematic_Search"/>
  <testcase name="Tracking_Number_Search" time="5.314" classname="Test_Data_Generation.Tracking_Number_Systematic_Search"/>
  <testcase name="Tracking_Number_Search" time="12.594" classname="Test_Data_Generation.Tracking_Number_Systematic_Search"/>
  <testcase name="Tracking_Number_Search" time="27.254" classname="Test_Data_Generation.Tracking_Number_Systematic_Search"/>
  <testcase name="Tracking_Number_Search" time="16.348" classname="Test_Data_Generation.Tracking_Number_Systematic_Search"/>
  <testcase name="Tracking_Number_Search" time="12.907" classname="Test_Data_Generation.Tracking_Number_Systematic_Search"/>
  <testcase name="Tracking_Number_Search" time="50.671" classname="Test_Data_Generation.Tracking_Number_Systematic_Search"/>
  <testcase name="Tracking_Number_Search" time="26.113" classname="Test_Data_Generation.Tracking_Number_Systematic_Search"/>
  <testcase name="Tracking_Number_Search" time="9.480" classname="Test_Data_Generation.Tracking_Number_Systematic_Search"/>
  <testcase name="Tracking_Number_Search" time="23.897" classname="Test_Data_Generation.Tracking_Number_Systematic_Search"/>
  <testcase name="Tracking_Number_Search" time="113.550" classname="Test_Data_Generation.Tracking_Number_Systematic_Search"/>
  <testcase name="Tracking_Number_Search" time="25.026" classname="Test_Data_Generation.Tracking_Number_Systematic_Search"/>
  <testcase name="Tracking_Number_Search" time="23.096" classname="Test_Data_Generation.Tracking_Number_Systematic_Search"/>
  <testcase name="Tracking_Number_Search" time="34.495" classname="Test_Data_Generation.Tracking_Number_Systematic_Search"/>
  <testcase name="Tracking_Number_Search" time="116.236" classname="Test_Data_Generation.Tracking_Number_Systematic_Search"/>
  <testcase name="Tracking_Number_Search" time="10.160" classname="Test_Data_Generation.Tracking_Number_Systematic_Search"/>
  <testcase name="Tracking_Number_Search" time="18.937" classname="Test_Data_Generation.Tracking_Number_Systematic_Search"/>
  <testcase name="Tracking_Number_Search" time="42.584" classname="Test_Data_Generation.Tracking_Number_Systematic_Search"/>
  <testcase name="Tracking_Number_Search" time="9.402" classname="Test_Data_Generation.Tracking_Number_Systematic_Search"/>
  <testcase name="Tracking_Number_Search" time="21.720" classname="Test_Data_Generation.Tracking_Number_Systematic_Search"/>
  <testcase name="Tracking_Number_Search" time="20.184" classname="Test_Data_Generation.Tracking_Number_Systematic_Search"/>
  <testcase name="Tracking_Number_Search" time="19.214" classname="Test_Data_Generation.Tracking_Number_Systematic_Search"/>
  <testcase name="Tracking_Number_Search" time="18.348" classname="Test_Data_Generation.Tracking_Number_Systematic_Search"/>
  <testcase name="Tracking_Number_Search" time="26.768" classname="Test_Data_Generation.Tracking_Number_Systematic_Search"/>
  <testcase name="Tracking_Number_Search" time="25.437" classname="Test_Data_Generation.Tracking_Number_Systematic_Search"/>
  <testcase name="Tracking_Number_Search" time="27.465" classname="Test_Data_Generation.Tracking_Number_Systematic_Search"/>
  <testcase name="Tracking_Number_Search" time="20.632" classname="Test_Data_Generation.Tracking_Number_Systematic_Search"/>
  <testcase name="Tracking_Number_Search" time="32.174" classname="Test_Data_Generation.Tracking_Number_Systematic_Search"/>
  <testcase name="Tracking_Number_Search" time="17.311" classname="Test_Data_Generation.Tracking_Number_Systematic_Search"/>
  <testcase name="Tracking_Number_Search" time="23.961" classname="Test_Data_Generation.Tracking_Number_Systematic_Search"/>
  <testcase name="Tracking_Number_Search" time="25.896" classname="Test_Data_Generation.Tracking_Number_Systematic_Search"/>
  <testcase name="Tracking_Number_Search" time="25.554" classname="Test_Data_Generation.Tracking_Number_Systematic_Search"/>
  <testcase name="Tracking_Number_Search" time="31.405" classname="Test_Data_Generation.Tracking_Number_Systematic_Search"/>
  <testcase name="Tracking_Number_Search" time="22.591" classname="Test_Data_Generation.Tracking_Number_Systematic_Search"/>
  <testcase name="Tracking_Number_Search" time="16.911" classname="Test_Data_Generation.Tracking_Number_Systematic_Search"/>
  <testcase name="Tracking_Number_Search" time="111.587" classname="Test_Data_Generation.Tracking_Number_Systematic_Search"/>
  <testcase name="Tracking_Number_Search" time="27.473" classname="Test_Data_Generation.Tracking_Number_Systematic_Search"/>
  <testcase name="Tracking_Number_Search" time="14.600" classname="Test_Data_Generation.Tracking_Number_Systematic_Search"/>
  <testcase name="Tracking_Number_Search" time="16.038" classname="Test_Data_Generation.Tracking_Number_Systematic_Search"/>
  <testcase name="Tracking_Number_Search" time="140.301" classname="Test_Data_Generation.Tracking_Number_Systematic_Search"/>
  <testcase name="Tracking_Number_Search" time="14.044" classname="Test_Data_Generation.Tracking_Number_Systematic_Search"/>
  <testcase name="Tracking_Number_Search" time="68.656" classname="Test_Data_Generation.Tracking_Number_Systematic_Search"/>
  <testcase name="Tracking_Number_Search" time="26.982" classname="Test_Data_Generation.Tracking_Number_Systematic_Search"/>
  <testcase name="Tracking_Number_Search" time="127.608" classname="Test_Data_Generation.Tracking_Number_Systematic_Search"/>
  <testcase name="Tracking_Number_Search" time="13.345" classname="Test_Data_Generation.Tracking_Number_Systematic_Search"/>
  <testcase name="Tracking_Number_Search" time="24.674" classname="Test_Data_Generation.Tracking_Number_Systematic_Search"/>
  <testcase name="Tracking_Number_Search" time="36.032" classname="Test_Data_Generation.Tracking_Number_Systematic_Search"/>
  <testcase name="Tracking_Number_Search" time="25.779" classname="Test_Data_Generation.Tracking_Number_Systematic_Search"/>
  <testcase name="Tracking_Number_Search" time="19.688" classname="Test_Data_Generation.Tracking_Number_Systematic_Search"/>
  <testcase name="Tracking_Number_Search" time="93.679" classname="Test_Data_Generation.Tracking_Number_Systematic_Search"/>
  <testcase name="Tracking_Number_Search" time="20.790" classname="Test_Data_Generation.Tracking_Number_Systematic_Search"/>
  <testcase name="Tracking_Number_Search" time="26.250" classname="Test_Data_Generation.Tracking_Number_Systematic_Search"/>
  <testcase name="Tracking_Number_Search" time="91.538" classname="Test_Data_Generation.Tracking_Number_Systematic_Search"/>
  <testcase name="Tracking_Number_Search" time="55.406" classname="Test_Data_Generation.Tracking_Number_Systematic_Search"/>
  <testcase name="Tracking_Number_Search" time="13.457" classname="Test_Data_Generation.Tracking_Number_Systematic_Search"/>
  <testcase name="Tracking_Number_Search" time="21.757" classname="Test_Data_Generation.Tracking_Number_Systematic_Search"/>
  <testcase name="Tracking_Number_Search" time="18.183" classname="Test_Data_Generation.Tracking_Number_Systematic_Search"/>
  <testcase name="Tracking_Number_Search" time="13.983" classname="Test_Data_Generation.Tracking_Number_Systematic_Search"/>
  <testcase name="Tracking_Number_Search" time="75.168" classname="Test_Data_Generation.Tracking_Number_Systematic_Search"/>
  <testcase name="Tracking_Number_Search" time="23.672" classname="Test_Data_Generation.Tracking_Number_Systematic_Search"/>
  <testcase name="Tracking_Number_Search" time="23.752" classname="Test_Data_Generation.Tracking_Number_Systematic_Search"/>
  <testcase name="Tracking_Number_Search" time="26.778" classname="Test_Data_Generation.Tracking_Number_Systematic_Search"/>
  <testcase name="Tracking_Number_Search" time="37.457" classname="Test_Data_Generation.Tracking_Number_Systematic_Search"/>
  <testcase name="Tracking_Number_Search" time="35.015" classname="Test_Data_Generation.Tracking_Number_Systematic_Search"/>
  <testcase name="Tracking_Number_Search" time="67.378" classname="Test_Data_Generation.Tracking_Number_Systematic_Search"/>
  <testcase name="Tracking_Number_Search" time="83.521" classname="Test_Data_Generation.Tracking_Number_Systematic_Search"/>
  <testcase name="Tracking_Number_Search" time="12.256" classname="Test_Data_Generation.Tracking_Number_Systematic_Search"/>
  <testcase name="Tracking_Number_Search" time="33.356" classname="Test_Data_Generation.Tracking_Number_Systematic_Search"/>
  <testcase name="Tracking_Number_Search" time="43.516" classname="Test_Data_Generation.Tracking_Number_Systematic_Search"/>
  <testcase name="Tracking_Number_Search" time="18.237" classname="Test_Data_Generation.Tracking_Number_Systematic_Search"/>
  <testcase name="Tracking_Number_Search" time="16.005" classname="Test_Data_Generation.Tracking_Number_Systematic_Search"/>
  <testcase name="Tracking_Number_Search" time="45.528" classname="Test_Data_Generation.Tracking_Number_Systematic_Search"/>
  <testcase name="Tracking_Number_Search" time="28.680" classname="Test_Data_Generation.Tracking_Number_Systematic_Search"/>
  <testcase name="Tracking_Number_Search" time="167.321" classname="Test_Data_Generation.Tracking_Number_Systematic_Search"/>
  <testcase name="Tracking_Number_Search" time="92.996" classname="Test_Data_Generation.Tracking_Number_Systematic_Search"/>
  <testcase name="Tracking_Number_Search" time="27.810" classname="Test_Data_Generation.Tracking_Number_Systematic_Search"/>
  <testcase name="Tracking_Number_Search" time="21.997" classname="Test_Data_Generation.Tracking_Number_Systematic_Search"/>
  <testcase name="Tracking_Number_Search" time="41.274" classname="Test_Data_Generation.Tracking_Number_Systematic_Search"/>
  <testcase name="Tracking_Number_Search" time="1.463" classname="Test_Data_Generation.Tracking_Number_Systematic_Search"/>
  <testcase name="Tracking_Number_Search" time="14.084" classname="Test_Data_Generation.Tracking_Number_Systematic_Search"/>
  <testcase name="Tracking_Number_Search" time="19.953" classname="Test_Data_Generation.Tracking_Number_Systematic_Search"/>
  <testcase name="Tracking_Number_Search" time="6.586" classname="Test_Data_Generation.Tracking_Number_Systematic_Search"/>
  <testcase name="Tracking_Number_Search" time="32.106" classname="Test_Data_Generation.Tracking_Number_Systematic_Search"/>
  <testcase name="Tracking_Number_Search" time="1.219" classname="Test_Data_Generation.Tracking_Number_Systematic_Search"/>
  <testcase name="Tracking_Number_Search" time="19.316" classname="Test_Data_Generation.Tracking_Number_Systematic_Search"/>
  <testcase name="Tracking_Number_Search" time="29.358" classname="Test_Data_Generation.Tracking_Number_Systematic_Search"/>
  <testcase name="Tracking_Number_Search" time="85.164" classname="Test_Data_Generation.Tracking_Number_Systematic_Search"/>
  <testcase name="Tracking_Number_Search" time="25.921" classname="Test_Data_Generation.Tracking_Number_Systematic_Search"/>
  <testcase name="Tracking_Number_Search" time="44.311" classname="Test_Data_Generation.Tracking_Number_Systematic_Search"/>
  <testcase name="Tracking_Number_Search" time="46.232" classname="Test_Data_Generation.Tracking_Number_Systematic_Search"/>
  <testcase name="Tracking_Number_Search" time="29.705" classname="Test_Data_Generation.Tracking_Number_Systematic_Search"/>
  <testcase name="Tracking_Number_Search" time="35.502" classname="Test_Data_Generation.Tracking_Number_Systematic_Search"/>
  <testcase name="Tracking_Number_Search" time="29.883" classname="Test_Data_Generation.Tracking_Number_Systematic_Search"/>
  <testcase name="Tracking_Number_Search" time="20.286" classname="Test_Data_Generation.Tracking_Number_Systematic_Search"/>
  <testcase name="Tracking_Number_Search" time="22.880" classname="Test_Data_Generation.Tracking_Number_Systematic_Search"/>
  <testcase name="Tracking_Number_Search" time="44.082" classname="Test_Data_Generation.Tracking_Number_Systematic_Search"/>
  <testcase name="Tracking_Number_Search" time="102.598" classname="Test_Data_Generation.Tracking_Number_Systematic_Search"/>
  <testcase name="Tracking_Number_Search" time="28.767" classname="Test_Data_Generation.Tracking_Number_Systematic_Search"/>
  <testcase name="Tracking_Number_Search" time="26.066" classname="Test_Data_Generation.Tracking_Number_Systematic_Search"/>
  <testcase name="Tracking_Number_Search" time="37.840" classname="Test_Data_Generation.Tracking_Number_Systematic_Search"/>
  <testcase name="Tracking_Number_Search" time="58.980" classname="Test_Data_Generation.Tracking_Number_Systematic_Search"/>
  <testcase name="Tracking_Number_Search" time="34.042" classname="Test_Data_Generation.Tracking_Number_Systematic_Search"/>
  <testcase name="Tracking_Number_Search" time="21.449" classname="Test_Data_Generation.Tracking_Number_Systematic_Search"/>
  <testcase name="Tracking_Number_Search" time="21.498" classname="Test_Data_Generation.Tracking_Number_Systematic_Search"/>
  <testcase name="Tracking_Number_Search" time="24.159" classname="Test_Data_Generation.Tracking_Number_Systematic_Search"/>
  <testcase name="Tracking_Number_Search" time="126.360" classname="Test_Data_Generation.Tracking_Number_Systematic_Search"/>
  <testcase name="Tracking_Number_Search" time="7.488" classname="Test_Data_Generation.Tracking_Number_Systematic_Search"/>
  <testcase name="Tracking_Number_Search" time="24.100" classname="Test_Data_Generation.Tracking_Number_Systematic_Search"/>
  <testcase name="Tracking_Number_Search" time="20.441" classname="Test_Data_Generation.Tracking_Number_Systematic_Search"/>
  <testcase name="Tracking_Number_Search" time="27.704" classname="Test_Data_Generation.Tracking_Number_Systematic_Search"/>
  <testcase name="Tracking_Number_Search" time="39.555" classname="Test_Data_Generation.Tracking_Number_Systematic_Search"/>
  <testcase name="Tracking_Number_Search" time="36.424" classname="Test_Data_Generation.Tracking_Number_Systematic_Search"/>
  <testcase name="Tracking_Number_Search" time="1.668" classname="Test_Data_Generation.Tracking_Number_Systematic_Search"/>
  <testcase name="Tracking_Number_Search" time="23.774" classname="Test_Data_Generation.Tracking_Number_Systematic_Search"/>
  <testcase name="Tracking_Number_Search" time="39.576" classname="Test_Data_Generation.Tracking_Number_Systematic_Search"/>
  <testcase name="Tracking_Number_Search" time="32.124" classname="Test_Data_Generation.Tracking_Number_Systematic_Search"/>
  <testcase name="Tracking_Number_Search" time="16.827" classname="Test_Data_Generation.Tracking_Number_Systematic_Search"/>
  <testcase name="Tracking_Number_Search" time="13.134" classname="Test_Data_Generation.Tracking_Number_Systematic_Search"/>
  <testcase name="Tracking_Number_Search" time="36.867" classname="Test_Data_Generation.Tracking_Number_Systematic_Search"/>
  <testcase name="Tracking_Number_Search" time="25.066" classname="Test_Data_Generation.Tracking_Number_Systematic_Search"/>
  <testcase name="Tracking_Number_Search" time="29.472" classname="Test_Data_Generation.Tracking_Number_Systematic_Search"/>
  <testcase name="Tracking_Number_Search" time="15.580" classname="Test_Data_Generation.Tracking_Number_Systematic_Search"/>
  <testcase name="Tracking_Number_Search" time="26.190" classname="Test_Data_Generation.Tracking_Number_Systematic_Search"/>
  <testcase name="Tracking_Number_Search" time="3.735" classname="Test_Data_Generation.Tracking_Number_Systematic_Search"/>
  <testcase name="Tracking_Number_Search" time="32.352" classname="Test_Data_Generation.Tracking_Number_Systematic_Search"/>
  <testcase name="Tracking_Number_Search" time="30.379" classname="Test_Data_Generation.Tracking_Number_Systematic_Search"/>
  <testcase name="Tracking_Number_Search" time="23.499" classname="Test_Data_Generation.Tracking_Number_Systematic_Search"/>
  <testcase name="Tracking_Number_Search" time="19.754" classname="Test_Data_Generation.Tracking_Number_Systematic_Search"/>
  <testcase name="Tracking_Number_Search" time="30.650" classname="Test_Data_Generation.Tracking_Number_Systematic_Search"/>
  <testcase name="Tracking_Number_Search" time="24.509" classname="Test_Data_Generation.Tracking_Number_Systematic_Search"/>
  <testcase name="Tracking_Number_Search" time="25.274" classname="Test_Data_Generation.Tracking_Number_Systematic_Search"/>
  <testcase name="Tracking_Number_Search" time="1.768" classname="Test_Data_Generation.Tracking_Number_Systematic_Search"/>
  <testcase name="Tracking_Number_Search" time="24.676" classname="Test_Data_Generation.Tracking_Number_Systematic_Search"/>
  <testcase name="Tracking_Number_Search" time="30.083" classname="Test_Data_Generation.Tracking_Number_Systematic_Search"/>
  <testcase name="Tracking_Number_Search" time="23.958" classname="Test_Data_Generation.Tracking_Number_Systematic_Search"/>
  <testcase name="Tracking_Number_Search" time="27.870" classname="Test_Data_Generation.Tracking_Number_Systematic_Search"/>
  <testcase name="Tracking_Number_Search" time="63.599" classname="Test_Data_Generation.Tracking_Number_Systematic_Search"/>
  <testcase name="Tracking_Number_Search" time="16.450" classname="Test_Data_Generation.Tracking_Number_Systematic_Search"/>
  <testcase name="Tracking_Number_Search" time="15.659" classname="Test_Data_Generation.Tracking_Number_Systematic_Search"/>
  <testcase name="Tracking_Number_Search" time="43.275" classname="Test_Data_Generation.Tracking_Number_Systematic_Search"/>
  <testcase name="Tracking_Number_Search" time="37.847" classname="Test_Data_Generation.Tracking_Number_Systematic_Search"/>
  <testcase name="Tracking_Number_Search" time="22.457" classname="Test_Data_Generation.Tracking_Number_Systematic_Search"/>
  <testcase name="Tracking_Number_Search" time="34.695" classname="Test_Data_Generation.Tracking_Number_Systematic_Search"/>
  <testcase name="Tracking_Number_Search" time="15.789" classname="Test_Data_Generation.Tracking_Number_Systematic_Search"/>
  <testcase name="Tracking_Number_Search" time="26.755" classname="Test_Data_Generation.Tracking_Number_Systematic_Search"/>
  <testcase name="Tracking_Number_Search" time="27.562" classname="Test_Data_Generation.Tracking_Number_Systematic_Search"/>
  <testcase name="Tracking_Number_Search" time="29.640" classname="Test_Data_Generation.Tracking_Number_Systematic_Search"/>
  <testcase name="Tracking_Number_Search" time="25.265" classname="Test_Data_Generation.Tracking_Number_Systematic_Search"/>
  <testcase name="Tracking_Number_Search" time="20.754" classname="Test_Data_Generation.Tracking_Number_Systematic_Search"/>
  <testcase name="Tracking_Number_Search" time="16.844" classname="Test_Data_Generation.Tracking_Number_Systematic_Search"/>
  <testcase name="Tracking_Number_Search" time="15.734" classname="Test_Data_Generation.Tracking_Number_Systematic_Search"/>
  <testcase name="Tracking_Number_Search" time="11.885" classname="Test_Data_Generation.Tracking_Number_Systematic_Search"/>
  <testcase name="Tracking_Number_Search" time="24.272" classname="Test_Data_Generation.Tracking_Number_Systematic_Search"/>
  <testcase name="Tracking_Number_Search" time="82.222" classname="Test_Data_Generation.Tracking_Number_Systematic_Search"/>
  <testcase name="Tracking_Number_Search" time="24.228" classname="Test_Data_Generation.Tracking_Number_Systematic_Search"/>
  <testcase name="Tracking_Number_Search" time="8.153" classname="Test_Data_Generation.Tracking_Number_Systematic_Search"/>
  <testcase name="Tracking_Number_Search" time="22.057" classname="Test_Data_Generation.Tracking_Number_Systematic_Search"/>
  <testcase name="Tracking_Number_Search" time="34.122" classname="Test_Data_Generation.Tracking_Number_Systematic_Search"/>
  <testcase name="Tracking_Number_Search" time="66.982" classname="Test_Data_Generation.Tracking_Number_Systematic_Search"/>
  <testcase name="Tracking_Number_Search" time="16.446" classname="Test_Data_Generation.Tracking_Number_Systematic_Search"/>
  <testcase name="Tracking_Number_Search" time="19.693" classname="Test_Data_Generation.Tracking_Number_Systematic_Search"/>
  <testcase name="Tracking_Number_Search" time="27.023" classname="Test_Data_Generation.Tracking_Number_Systematic_Search"/>
  <testcase name="Tracking_Number_Search" time="87.782" classname="Test_Data_Generation.Tracking_Number_Systematic_Search"/>
  <testcase name="Tracking_Number_Search" time="61.313" classname="Test_Data_Generation.Tracking_Number_Systematic_Search"/>
  <testcase name="Tracking_Number_Search" time="131.412" classname="Test_Data_Generation.Tracking_Number_Systematic_Search"/>
  <testcase name="Tracking_Number_Search" time="37.697" classname="Test_Data_Generation.Tracking_Number_Systematic_Search"/>
  <testcase name="Tracking_Number_Search" time="25.210" classname="Test_Data_Generation.Tracking_Number_Systematic_Search"/>
  <testcase name="Tracking_Number_Search" time="13.651" classname="Test_Data_Generation.Tracking_Number_Systematic_Search"/>
  <testcase name="Tracking_Number_Search" time="29.002" classname="Test_Data_Generation.Tracking_Number_Systematic_Search"/>
  <testcase name="Tracking_Number_Search" time="16.708" classname="Test_Data_Generation.Tracking_Number_Systematic_Search"/>
  <testcase name="Tracking_Number_Search" time="1.141" classname="Test_Data_Generation.Tracking_Number_Systematic_Search"/>
  <testcase name="Tracking_Number_Search" time="15.900" classname="Test_Data_Generation.Tracking_Number_Systematic_Search"/>
  <testcase name="Tracking_Number_Search" time="35.476" classname="Test_Data_Generation.Tracking_Number_Systematic_Search"/>
  <testcase name="Tracking_Number_Search" time="30.493" classname="Test_Data_Generation.Tracking_Number_Systematic_Search"/>
  <testcase name="Tracking_Number_Search" time="15.617" classname="Test_Data_Generation.Tracking_Number_Systematic_Search"/>
  <testcase name="Tracking_Number_Search" time="15.670" classname="Test_Data_Generation.Tracking_Number_Systematic_Search"/>
  <testcase name="Tracking_Number_Search" time="51.708" classname="Test_Data_Generation.Tracking_Number_Systematic_Search"/>
  <testcase name="Tracking_Number_Search" time="31.148" classname="Test_Data_Generation.Tracking_Number_Systematic_Search"/>
  <testcase name="Tracking_Number_Search" time="17.715" classname="Test_Data_Generation.Tracking_Number_Systematic_Search"/>
  <testcase name="Tracking_Number_Search" time="31.355" classname="Test_Data_Generation.Tracking_Number_Systematic_Search"/>
  <testcase name="Tracking_Number_Search" time="21.035" classname="Test_Data_Generation.Tracking_Number_Systematic_Search"/>
  <testcase name="Tracking_Number_Search" time="20.833" classname="Test_Data_Generation.Tracking_Number_Systematic_Search"/>
  <testcase name="Tracking_Number_Search" time="9.295" classname="Test_Data_Generation.Tracking_Number_Systematic_Search"/>
  <testcase name="Tracking_Number_Search" time="4.927" classname="Test_Data_Generation.Tracking_Number_Systematic_Search"/>
  <testcase name="Tracking_Number_Search" time="24.103" classname="Test_Data_Generation.Tracking_Number_Systematic_Search"/>
  <testcase name="Tracking_Number_Search" time="10.544" classname="Test_Data_Generation.Tracking_Number_Systematic_Search"/>
  <testcase name="Tracking_Number_Search" time="77.679" classname="Test_Data_Generation.Tracking_Number_Systematic_Search"/>
  <testcase name="Tracking_Number_Search" time="12.813" classname="Test_Data_Generation.Tracking_Number_Systematic_Search"/>
  <testcase name="Tracking_Number_Search" time="30.265" classname="Test_Data_Generation.Tracking_Number_Systematic_Search"/>
  <testcase name="Tracking_Number_Search" time="31.495" classname="Test_Data_Generation.Tracking_Number_Systematic_Search"/>
  <testcase name="Tracking_Number_Search" time="23.190" classname="Test_Data_Generation.Tracking_Number_Systematic_Search"/>
  <testcase name="Tracking_Number_Search" time="32.588" classname="Test_Data_Generation.Tracking_Number_Systematic_Search"/>
  <testcase name="Tracking_Number_Search" time="20.514" classname="Test_Data_Generation.Tracking_Number_Systematic_Search"/>
  <testcase name="Tracking_Number_Search" time="16.551" classname="Test_Data_Generation.Tracking_Number_Systematic_Search"/>
  <testcase name="Tracking_Number_Search" time="27.880" classname="Test_Data_Generation.Tracking_Number_Systematic_Search"/>
  <testcase name="Tracking_Number_Search" time="14.456" classname="Test_Data_Generation.Tracking_Number_Systematic_Search"/>
  <testcase name="Tracking_Number_Search" time="29.055" classname="Test_Data_Generation.Tracking_Number_Systematic_Search"/>
  <testcase name="Tracking_Number_Search" time="28.138" classname="Test_Data_Generation.Tracking_Number_Systematic_Search"/>
  <testcase name="Tracking_Number_Search" time="47.206" classname="Test_Data_Generation.Tracking_Number_Systematic_Search"/>
  <testcase name="Tracking_Number_Search" time="17.689" classname="Test_Data_Generation.Tracking_Number_Systematic_Search"/>
  <testcase name="Tracking_Number_Search" time="12.466" classname="Test_Data_Generation.Tracking_Number_Systematic_Search"/>
  <testcase name="Tracking_Number_Search" time="20.341" classname="Test_Data_Generation.Tracking_Number_Systematic_Search"/>
  <testcase name="Tracking_Number_Search" time="33.333" classname="Test_Data_Generation.Tracking_Number_Systematic_Search"/>
  <testcase name="Tracking_Number_Search" time="60.737" classname="Test_Data_Generation.Tracking_Number_Systematic_Search"/>
  <testcase name="Tracking_Number_Search" time="12.475" classname="Test_Data_Generation.Tracking_Number_Systematic_Search"/>
  <testcase name="Tracking_Number_Search" time="17.832" classname="Test_Data_Generation.Tracking_Number_Systematic_Search"/>
  <testcase name="Tracking_Number_Search" time="34.895" classname="Test_Data_Generation.Tracking_Number_Systematic_Search"/>
  <testcase name="Tracking_Number_Search" time="66.697" classname="Test_Data_Generation.Tracking_Number_Systematic_Search"/>
  <testcase name="Tracking_Number_Search" time="25.815" classname="Test_Data_Generation.Tracking_Number_Systematic_Search"/>
  <testcase name="Tracking_Number_Search" time="22.433" classname="Test_Data_Generation.Tracking_Number_Systematic_Search"/>
  <testcase name="Tracking_Number_Search" time="22.875" classname="Test_Data_Generation.Tracking_Number_Systematic_Search"/>
  <testcase name="Tracking_Number_Search" time="90.360" classname="Test_Data_Generation.Tracking_Number_Systematic_Search"/>
  <testcase name="Tracking_Number_Search" time="21.582" classname="Test_Data_Generation.Tracking_Number_Systematic_Search"/>
  <testcase name="Tracking_Number_Search" time="20.332" classname="Test_Data_Generation.Tracking_Number_Systematic_Search"/>
  <testcase name="Tracking_Number_Search" time="7.991" classname="Test_Data_Generation.Tracking_Number_Systematic_Search"/>
  <testcase name="Tracking_Number_Search" time="34.955" classname="Test_Data_Generation.Tracking_Number_Systematic_Search"/>
  <testcase name="Tracking_Number_Search" time="29.500" classname="Test_Data_Generation.Tracking_Number_Systematic_Search"/>
  <testcase name="Tracking_Number_Search" time="5.635" classname="Test_Data_Generation.Tracking_Number_Systematic_Search"/>
  <testcase name="Tracking_Number_Search" time="39.184" classname="Test_Data_Generation.Tracking_Number_Systematic_Search"/>
  <testcase name="Tracking_Number_Search" time="26.793" classname="Test_Data_Generation.Tracking_Number_Systematic_Search"/>
  <testcase name="Tracking_Number_Search" time="17.614" classname="Test_Data_Generation.Tracking_Number_Systematic_Search"/>
  <testcase name="Tracking_Number_Search" time="15.467" classname="Test_Data_Generation.Tracking_Number_Systematic_Search"/>
  <testcase name="Tracking_Number_Search" time="23.560" classname="Test_Data_Generation.Tracking_Number_Systematic_Search"/>
  <testcase name="Tracking_Number_Search" time="15.771" classname="Test_Data_Generation.Tracking_Number_Systematic_Search"/>
  <testcase name="Tracking_Number_Search" time="13.527" classname="Test_Data_Generation.Tracking_Number_Systematic_Search"/>
  <testcase name="Tracking_Number_Search" time="26.041" classname="Test_Data_Generation.Tracking_Number_Systematic_Search"/>
  <testcase name="Tracking_Number_Search" time="31.441" classname="Test_Data_Generation.Tracking_Number_Systematic_Search"/>
  <testcase name="Tracking_Number_Search" time="25.180" classname="Test_Data_Generation.Tracking_Number_Systematic_Search"/>
  <testcase name="Tracking_Number_Search" time="28.443" classname="Test_Data_Generation.Tracking_Number_Systematic_Search"/>
  <testcase name="Tracking_Number_Search" time="21.018" classname="Test_Data_Generation.Tracking_Number_Systematic_Search"/>
  <testcase name="Tracking_Number_Search" time="13.823" classname="Test_Data_Generation.Tracking_Number_Systematic_Search"/>
  <testcase name="Tracking_Number_Search" time="18.020" classname="Test_Data_Generation.Tracking_Number_Systematic_Search"/>
  <testcase name="Tracking_Number_Search" time="15.482" classname="Test_Data_Generation.Tracking_Number_Systematic_Search"/>
  <testcase name="Tracking_Number_Search" time="13.935" classname="Test_Data_Generation.Tracking_Number_Systematic_Search"/>
  <testcase name="Tracking_Number_Search" time="20.773" classname="Test_Data_Generation.Tracking_Number_Systematic_Search"/>
  <testcase name="Tracking_Number_Search" time="32.133" classname="Test_Data_Generation.Tracking_Number_Systematic_Search"/>
  <testcase name="Tracking_Number_Search" time="21.232" classname="Test_Data_Generation.Tracking_Number_Systematic_Search"/>
  <testcase name="Tracking_Number_Search" time="1.520" classname="Test_Data_Generation.Tracking_Number_Systematic_Search"/>
  <testcase name="Tracking_Number_Search" time="37.240" classname="Test_Data_Generation.Tracking_Number_Systematic_Search"/>
  <testcase name="Tracking_Number_Search" time="28.577" classname="Test_Data_Generation.Tracking_Number_Systematic_Search"/>
  <testcase name="Tracking_Number_Search" time="98.673" classname="Test_Data_Generation.Tracking_Number_Systematic_Search"/>
  <testcase name="Tracking_Number_Search" time="47.176" classname="Test_Data_Generation.Tracking_Number_Systematic_Search"/>
  <testcase name="Tracking_Number_Search" time="17.165" classname="Test_Data_Generation.Tracking_Number_Systematic_Search"/>
  <testcase name="Tracking_Number_Search" time="13.146" classname="Test_Data_Generation.Tracking_Number_Systematic_Search"/>
  <testcase name="Tracking_Number_Search" time="16.849" classname="Test_Data_Generation.Tracking_Number_Systematic_Search"/>
  <testcase name="Tracking_Number_Search" time="16.852" classname="Test_Data_Generation.Tracking_Number_Systematic_Search"/>
  <testcase name="Tracking_Number_Search" time="142.301" classname="Test_Data_Generation.Tracking_Number_Systematic_Search"/>
  <testcase name="Tracking_Number_Search" time="38.624" classname="Test_Data_Generation.Tracking_Number_Systematic_Search"/>
  <testcase name="Tracking_Number_Search" time="46.847" classname="Test_Data_Generation.Tracking_Number_Systematic_Search"/>
  <testcase name="Tracking_Number_Search" time="30.259" classname="Test_Data_Generation.Tracking_Number_Systematic_Search"/>
  <testcase name="Tracking_Number_Search" time="25.988" classname="Test_Data_Generation.Tracking_Number_Systematic_Search"/>
  <testcase name="Tracking_Number_Search" time="26.713" classname="Test_Data_Generation.Tracking_Number_Systematic_Search"/>
  <testcase name="Tracking_Number_Search" time="24.599" classname="Test_Data_Generation.Tracking_Number_Systematic_Search"/>
  <testcase name="Tracking_Number_Search" time="18.923" classname="Test_Data_Generation.Tracking_Number_Systematic_Search"/>
  <testcase name="Tracking_Number_Search" time="1.434" classname="Test_Data_Generation.Tracking_Number_Systematic_Search"/>
  <testcase name="Tracking_Number_Search" time="21.659" classname="Test_Data_Generation.Tracking_Number_Systematic_Search"/>
  <testcase name="Tracking_Number_Search" time="27.320" classname="Test_Data_Generation.Tracking_Number_Systematic_Search"/>
  <testcase name="Tracking_Number_Search" time="25.751" classname="Test_Data_Generation.Tracking_Number_Systematic_Search"/>
  <testcase name="Tracking_Number_Search" time="49.336" classname="Test_Data_Generation.Tracking_Number_Systematic_Search"/>
  <testcase name="Tracking_Number_Search" time="9.155" classname="Test_Data_Generation.Tracking_Number_Systematic_Search"/>
  <testcase name="Tracking_Number_Search" time="13.911" classname="Test_Data_Generation.Tracking_Number_Systematic_Search"/>
  <testcase name="Tracking_Number_Search" time="36.757" classname="Test_Data_Generation.Tracking_Number_Systematic_Search"/>
  <testcase name="Tracking_Number_Search" time="9.002" classname="Test_Data_Generation.Tracking_Number_Systematic_Search"/>
  <testcase name="Tracking_Number_Search" time="23.107" classname="Test_Data_Generation.Tracking_Number_Systematic_Search"/>
  <testcase name="Tracking_Number_Search" time="14.895" classname="Test_Data_Generation.Tracking_Number_Systematic_Search"/>
  <testcase name="Tracking_Number_Search" time="5.784" classname="Test_Data_Generation.Tracking_Number_Systematic_Search"/>
  <testcase name="Tracking_Number_Search" time="36.903" classname="Test_Data_Generation.Tracking_Number_Systematic_Search"/>
  <testcase name="Tracking_Number_Search" time="58.793" classname="Test_Data_Generation.Tracking_Number_Systematic_Search"/>
  <testcase name="Tracking_Number_Search" time="22.709" classname="Test_Data_Generation.Tracking_Number_Systematic_Search"/>
  <testcase name="Tracking_Number_Search" time="42.973" classname="Test_Data_Generation.Tracking_Number_Systematic_Search"/>
  <testcase name="Tracking_Number_Search" time="18.682" classname="Test_Data_Generation.Tracking_Number_Systematic_Search"/>
  <testcase name="Tracking_Number_Search" time="57.051" classname="Test_Data_Generation.Tracking_Number_Systematic_Search"/>
  <testcase name="Tracking_Number_Search" time="14.129" classname="Test_Data_Generation.Tracking_Number_Systematic_Search"/>
  <testcase name="Tracking_Number_Search" time="86.476" classname="Test_Data_Generation.Tracking_Number_Systematic_Search"/>
  <testcase name="Tracking_Number_Search" time="46.932" classname="Test_Data_Generation.Tracking_Number_Systematic_Search"/>
  <testcase name="Tracking_Number_Search" time="20.810" classname="Test_Data_Generation.Tracking_Number_Systematic_Search"/>
  <testcase name="Tracking_Number_Search" time="18.413" classname="Test_Data_Generation.Tracking_Number_Systematic_Search"/>
  <testcase name="Tracking_Number_Search" time="9.541" classname="Test_Data_Generation.Tracking_Number_Systematic_Search"/>
  <testcase name="Tracking_Number_Search" time="14.043" classname="Test_Data_Generation.Tracking_Number_Systematic_Search"/>
  <testcase name="Tracking_Number_Search" time="33.465" classname="Test_Data_Generation.Tracking_Number_Systematic_Search"/>
  <testcase name="Tracking_Number_Search" time="26.076" classname="Test_Data_Generation.Tracking_Number_Systematic_Search"/>
  <testcase name="Tracking_Number_Search" time="12.962" classname="Test_Data_Generation.Tracking_Number_Systematic_Search"/>
  <testcase name="Tracking_Number_Search" time="26.727" classname="Test_Data_Generation.Tracking_Number_Systematic_Search"/>
  <testcase name="Tracking_Number_Search" time="7.183" classname="Test_Data_Generation.Tracking_Number_Systematic_Search"/>
  <testcase name="Tracking_Number_Search" time="94.820" classname="Test_Data_Generation.Tracking_Number_Systematic_Search"/>
  <testcase name="Tracking_Number_Search" time="24.907" classname="Test_Data_Generation.Tracking_Number_Systematic_Search"/>
  <testcase name="Tracking_Number_Search" time="26.919" classname="Test_Data_Generation.Tracking_Number_Systematic_Search"/>
  <testcase name="Tracking_Number_Search" time="20.624" classname="Test_Data_Generation.Tracking_Number_Systematic_Search"/>
  <testcase name="Tracking_Number_Search" time="42.615" classname="Test_Data_Generation.Tracking_Number_Systematic_Search"/>
  <testcase name="Tracking_Number_Search" time="47.879" classname="Test_Data_Generation.Tracking_Number_Systematic_Search"/>
  <testcase name="Tracking_Number_Search" time="24.450" classname="Test_Data_Generation.Tracking_Number_Systematic_Search"/>
  <testcase name="Tracking_Number_Search" time="35.700" classname="Test_Data_Generation.Tracking_Number_Systematic_Search"/>
  <testcase name="Tracking_Number_Search" time="71.587" classname="Test_Data_Generation.Tracking_Number_Systematic_Search"/>
  <testcase name="Tracking_Number_Search" time="25.922" classname="Test_Data_Generation.Tracking_Number_Systematic_Search"/>
  <testcase name="Tracking_Number_Search" time="22.356" classname="Test_Data_Generation.Tracking_Number_Systematic_Search"/>
  <testcase name="Tracking_Number_Search" time="12.647" classname="Test_Data_Generation.Tracking_Number_Systematic_Search"/>
  <testcase name="Tracking_Number_Search" time="22.475" classname="Test_Data_Generation.Tracking_Number_Systematic_Search"/>
  <testcase name="Tracking_Number_Search" time="15.280" classname="Test_Data_Generation.Tracking_Number_Systematic_Search"/>
  <testcase name="Tracking_Number_Search" time="57.131" classname="Test_Data_Generation.Tracking_Number_Systematic_Search"/>
  <testcase name="Tracking_Number_Search" time="15.953" classname="Test_Data_Generation.Tracking_Number_Systematic_Search"/>
  <testcase name="Tracking_Number_Search" time="16.985" classname="Test_Data_Generation.Tracking_Number_Systematic_Search"/>
  <testcase name="Tracking_Number_Search" time="72.835" classname="Test_Data_Generation.Tracking_Number_Systematic_Search"/>
  <testcase name="Tracking_Number_Search" time="29.508" classname="Test_Data_Generation.Tracking_Number_Systematic_Search"/>
  <testcase name="Tracking_Number_Search" time="37.424" classname="Test_Data_Generation.Tracking_Number_Systematic_Search"/>
  <testcase name="Tracking_Number_Search" time="31.788" classname="Test_Data_Generation.Tracking_Number_Systematic_Search"/>
  <testcase name="Tracking_Number_Search" time="24.589" classname="Test_Data_Generation.Tracking_Number_Systematic_Search"/>
  <testcase name="Tracking_Number_Search" time="125.569" classname="Test_Data_Generation.Tracking_Number_Systematic_Search"/>
  <testcase name="Tracking_Number_Search" time="25.269" classname="Test_Data_Generation.Tracking_Number_Systematic_Search"/>
  <testcase name="Tracking_Number_Search" time="17.581" classname="Test_Data_Generation.Tracking_Number_Systematic_Search"/>
  <testcase name="Tracking_Number_Search" time="128.508" classname="Test_Data_Generation.Tracking_Number_Systematic_Search"/>
  <testcase name="Tracking_Number_Search" time="19.111" classname="Test_Data_Generation.Tracking_Number_Systematic_Search"/>
  <testcase name="Tracking_Number_Search" time="56.943" classname="Test_Data_Generation.Tracking_Number_Systematic_Search"/>
  <testcase name="Tracking_Number_Search" time="33.895" classname="Test_Data_Generation.Tracking_Number_Systematic_Search"/>
  <testcase name="Tracking_Number_Search" time="17.080" classname="Test_Data_Generation.Tracking_Number_Systematic_Search"/>
  <testcase name="Tracking_Number_Search" time="147.781" classname="Test_Data_Generation.Tracking_Number_Systematic_Search"/>
  <testcase name="Tracking_Number_Search" time="16.614" classname="Test_Data_Generation.Tracking_Number_Systematic_Search"/>
  <testcase name="Tracking_Number_Search" time="32.169" classname="Test_Data_Generation.Tracking_Number_Systematic_Search"/>
  <testcase name="Tracking_Number_Search" time="32.732" classname="Test_Data_Generation.Tracking_Number_Systematic_Search"/>
  <testcase name="Tracking_Number_Search" time="141.301" classname="Test_Data_Generation.Tracking_Number_Systematic_Search"/>
  <testcase name="Tracking_Number_Search" time="3.334" classname="Test_Data_Generation.Tracking_Number_Systematic_Search"/>
  <testcase name="Tracking_Number_Search" time="36.154" classname="Test_Data_Generation.Tracking_Number_Systematic_Search"/>
  <testcase name="Tracking_Number_Search" time="23.860" classname="Test_Data_Generation.Tracking_Number_Systematic_Search"/>
  <testcase name="Tracking_Number_Search" time="28.455" classname="Test_Data_Generation.Tracking_Number_Systematic_Search"/>
  <testcase name="Tracking_Number_Search" time="13.349" classname="Test_Data_Generation.Tracking_Number_Systematic_Search"/>
  <testcase name="Tracking_Number_Search" time="60.516" classname="Test_Data_Generation.Tracking_Number_Systematic_Search"/>
  <testcase name="Tracking_Number_Search" time="27.987" classname="Test_Data_Generation.Tracking_Number_Systematic_Search"/>
  <testcase name="Tracking_Number_Search" time="16.913" classname="Test_Data_Generation.Tracking_Number_Systematic_Search"/>
  <testcase name="Tracking_Number_Search" time="22.812" classname="Test_Data_Generation.Tracking_Number_Systematic_Search"/>
  <testcase name="Tracking_Number_Search" time="29.745" classname="Test_Data_Generation.Tracking_Number_Systematic_Search"/>
  <testcase name="Tracking_Number_Search" time="13.802" classname="Test_Data_Generation.Tracking_Number_Systematic_Search"/>
  <testcase name="Tracking_Number_Search" time="25.282" classname="Test_Data_Generation.Tracking_Number_Systematic_Search"/>
  <testcase name="Tracking_Number_Search" time="31.537" classname="Test_Data_Generation.Tracking_Number_Systematic_Search"/>
  <testcase name="Tracking_Number_Search" time="19.952" classname="Test_Data_Generation.Tracking_Number_Systematic_Search"/>
  <testcase name="Tracking_Number_Search" time="58.292" classname="Test_Data_Generation.Tracking_Number_Systematic_Search"/>
  <testcase name="Tracking_Number_Search" time="30.541" classname="Test_Data_Generation.Tracking_Number_Systematic_Search"/>
  <testcase name="Tracking_Number_Search" time="16.494" classname="Test_Data_Generation.Tracking_Number_Systematic_Search"/>
  <testcase name="Tracking_Number_Search" time="22.076" classname="Test_Data_Generation.Tracking_Number_Systematic_Search"/>
  <testcase name="Tracking_Number_Search" time="70.354" classname="Test_Data_Generation.Tracking_Number_Systematic_Search"/>
  <testcase name="Tracking_Number_Search" time="29.122" classname="Test_Data_Generation.Tracking_Number_Systematic_Search"/>
  <testcase name="Tracking_Number_Search" time="16.212" classname="Test_Data_Generation.Tracking_Number_Systematic_Search"/>
  <testcase name="Tracking_Number_Search" time="16.618" classname="Test_Data_Generation.Tracking_Number_Systematic_Search"/>
  <testcase name="Tracking_Number_Search" time="82.553" classname="Test_Data_Generation.Tracking_Number_Systematic_Search"/>
  <testcase name="Tracking_Number_Search" time="27.654" classname="Test_Data_Generation.Tracking_Number_Systematic_Search"/>
  <testcase name="Tracking_Number_Search" time="18.218" classname="Test_Data_Generation.Tracking_Number_Systematic_Search"/>
  <testcase name="Tracking_Number_Search" time="26.693" classname="Test_Data_Generation.Tracking_Number_Systematic_Search"/>
  <testcase name="Tracking_Number_Search" time="26.684" classname="Test_Data_Generation.Tracking_Number_Systematic_Search"/>
  <testcase name="Tracking_Number_Search" time="35.996" classname="Test_Data_Generation.Tracking_Number_Systematic_Search"/>
  <testcase name="Tracking_Number_Search" time="1.796" classname="Test_Data_Generation.Tracking_Number_Systematic_Search"/>
  <testcase name="Tracking_Number_Search" time="95.513" classname="Test_Data_Generation.Tracking_Number_Systematic_Search"/>
  <testcase name="Tracking_Number_Search" time="35.669" classname="Test_Data_Generation.Tracking_Number_Systematic_Search"/>
  <testcase name="Tracking_Number_Search" time="47.837" classname="Test_Data_Generation.Tracking_Number_Systematic_Search"/>
  <testcase name="Tracking_Number_Search" time="21.923" classname="Test_Data_Generation.Tracking_Number_Systematic_Search"/>
  <testcase name="Tracking_Number_Search" time="17.671" classname="Test_Data_Generation.Tracking_Number_Systematic_Search"/>
  <testcase name="Tracking_Number_Search" time="88.657" classname="Test_Data_Generation.Tracking_Number_Systematic_Search"/>
  <testcase name="Tracking_Number_Search" time="12.988" classname="Test_Data_Generation.Tracking_Number_Systematic_Search"/>
  <testcase name="Tracking_Number_Search" time="36.848" classname="Test_Data_Generation.Tracking_Number_Systematic_Search"/>
  <testcase name="Tracking_Number_Search" time="17.771" classname="Test_Data_Generation.Tracking_Number_Systematic_Search"/>
  <testcase name="Tracking_Number_Search" time="29.639" classname="Test_Data_Generation.Tracking_Number_Systematic_Search"/>
  <testcase name="Tracking_Number_Search" time="15.346" classname="Test_Data_Generation.Tracking_Number_Systematic_Search"/>
  <testcase name="Tracking_Number_Search" time="39.208" classname="Test_Data_Generation.Tracking_Number_Systematic_Search"/>
  <testcase name="Tracking_Number_Search" time="20.725" classname="Test_Data_Generation.Tracking_Number_Systematic_Search"/>
  <testcase name="Tracking_Number_Search" time="35.451" classname="Test_Data_Generation.Tracking_Number_Systematic_Search"/>
  <testcase name="Tracking_Number_Search" time="29.321" classname="Test_Data_Generation.Tracking_Number_Systematic_Search"/>
  <testcase name="Tracking_Number_Search" time="33.277" classname="Test_Data_Generation.Tracking_Number_Systematic_Search"/>
  <testcase name="Tracking_Number_Search" time="20.989" classname="Test_Data_Generation.Tracking_Number_Systematic_Search"/>
  <testcase name="Tracking_Number_Search" time="8.709" classname="Test_Data_Generation.Tracking_Number_Systematic_Search"/>
  <testcase name="Tracking_Number_Search" time="24.796" classname="Test_Data_Generation.Tracking_Number_Systematic_Search"/>
  <testcase name="Tracking_Number_Search" time="38.262" classname="Test_Data_Generation.Tracking_Number_Systematic_Search"/>
  <testcase name="Tracking_Number_Search" time="29.311" classname="Test_Data_Generation.Tracking_Number_Systematic_Search"/>
  <testcase name="Tracking_Number_Search" time="10.311" classname="Test_Data_Generation.Tracking_Number_Systematic_Search"/>
  <testcase name="Tracking_Number_Search" time="24.973" classname="Test_Data_Generation.Tracking_Number_Systematic_Search"/>
  <testcase name="Tracking_Number_Search" time="47.571" classname="Test_Data_Generation.Tracking_Number_Systematic_Search"/>
  <testcase name="Tracking_Number_Search" time="42.321" classname="Test_Data_Generation.Tracking_Number_Systematic_Search"/>
  <testcase name="Tracking_Number_Search" time="31.957" classname="Test_Data_Generation.Tracking_Number_Systematic_Search"/>
  <testcase name="Tracking_Number_Search" time="13.590" classname="Test_Data_Generation.Tracking_Number_Systematic_Search"/>
  <testcase name="Tracking_Number_Search" time="16.426" classname="Test_Data_Generation.Tracking_Number_Systematic_Search"/>
  <testcase name="Tracking_Number_Search" time="41.212" classname="Test_Data_Generation.Tracking_Number_Systematic_Search"/>
  <testcase name="Tracking_Number_Search" time="20.779" classname="Test_Data_Generation.Tracking_Number_Systematic_Search"/>
  <testcase name="Tracking_Number_Search" time="36.734" classname="Test_Data_Generation.Tracking_Number_Systematic_Search"/>
  <testcase name="Tracking_Number_Search" time="21.066" classname="Test_Data_Generation.Tracking_Number_Systematic_Search"/>
  <testcase name="Tracking_Number_Search" time="71.397" classname="Test_Data_Generation.Tracking_Number_Systematic_Search"/>
  <testcase name="Tracking_Number_Search" time="16.156" classname="Test_Data_Generation.Tracking_Number_Systematic_Search"/>
  <testcase name="Tracking_Number_Search" time="12.233" classname="Test_Data_Generation.Tracking_Number_Systematic_Search"/>
  <testcase name="Tracking_Number_Search" time="35.489" classname="Test_Data_Generation.Tracking_Number_Systematic_Search"/>
  <testcase name="Tracking_Number_Search" time="18.915" classname="Test_Data_Generation.Tracking_Number_Systematic_Search"/>
  <testcase name="Tracking_Number_Search" time="113.676" classname="Test_Data_Generation.Tracking_Number_Systematic_Search"/>
  <testcase name="Tracking_Number_Search" time="26.515" classname="Test_Data_Generation.Tracking_Number_Systematic_Search"/>
  <testcase name="Tracking_Number_Search" time="12.485" classname="Test_Data_Generation.Tracking_Number_Systematic_Search"/>
  <testcase name="Tracking_Number_Search" time="17.271" classname="Test_Data_Generation.Tracking_Number_Systematic_Search"/>
  <testcase name="Tracking_Number_Search" time="138.851" classname="Test_Data_Generation.Tracking_Number_Systematic_Search"/>
  <testcase name="Tracking_Number_Search" time="29.396" classname="Test_Data_Generation.Tracking_Number_Systematic_Search"/>
  <testcase name="Tracking_Number_Search" time="21.920" classname="Test_Data_Generation.Tracking_Number_Systematic_Search"/>
  <testcase name="Tracking_Number_Search" time="137.887" classname="Test_Data_Generation.Tracking_Number_Systematic_Search"/>
  <testcase name="Tracking_Number_Search" time="17.520" classname="Test_Data_Generation.Tracking_Number_Systematic_Search"/>
  <testcase name="Tracking_Number_Search" time="25.069" classname="Test_Data_Generation.Tracking_Number_Systematic_Search"/>
  <testcase name="Tracking_Number_Search" time="54.150" classname="Test_Data_Generation.Tracking_Number_Systematic_Search"/>
  <testcase name="Tracking_Number_Search" time="19.700" classname="Test_Data_Generation.Tracking_Number_Systematic_Search"/>
  <testcase name="Tracking_Number_Search" time="34.743" classname="Test_Data_Generation.Tracking_Number_Systematic_Search"/>
  <testcase name="Tracking_Number_Search" time="19.396" classname="Test_Data_Generation.Tracking_Number_Systematic_Search"/>
  <testcase name="Tracking_Number_Search" time="140.606" classname="Test_Data_Generation.Tracking_Number_Systematic_Search"/>
  <testcase name="Tracking_Number_Search" time="21.610" classname="Test_Data_Generation.Tracking_Number_Systematic_Search"/>
  <testcase name="Tracking_Number_Search" time="9.383" classname="Test_Data_Generation.Tracking_Number_Systematic_Search"/>
  <testcase name="Tracking_Number_Search" time="19.546" classname="Test_Data_Generation.Tracking_Number_Systematic_Search"/>
  <testcase name="Tracking_Number_Search" time="2.053" classname="Test_Data_Generation.Tracking_Number_Systematic_Search"/>
  <testcase name="Tracking_Number_Search" time="45.680" classname="Test_Data_Generation.Tracking_Number_Systematic_Search"/>
  <testcase name="Tracking_Number_Search" time="36.766" classname="Test_Data_Generation.Tracking_Number_Systematic_Search"/>
  <testcase name="Tracking_Number_Search" time="29.887" classname="Test_Data_Generation.Tracking_Number_Systematic_Search"/>
  <testcase name="Tracking_Number_Search" time="17.778" classname="Test_Data_Generation.Tracking_Number_Systematic_Search"/>
  <testcase name="Tracking_Number_Search" time="10.707" classname="Test_Data_Generation.Tracking_Number_Systematic_Search"/>
  <testcase name="Tracking_Number_Search" time="31.538" classname="Test_Data_Generation.Tracking_Number_Systematic_Search"/>
  <testcase name="Tracking_Number_Search" time="31.625" classname="Test_Data_Generation.Tracking_Number_Systematic_Search"/>
  <testcase name="Tracking_Number_Search" time="32.272" classname="Test_Data_Generation.Tracking_Number_Systematic_Search"/>
  <testcase name="Tracking_Number_Search" time="11.167" classname="Test_Data_Generation.Tracking_Number_Systematic_Search"/>
  <testcase name="Tracking_Number_Search" time="32.957" classname="Test_Data_Generation.Tracking_Number_Systematic_Search"/>
  <testcase name="Tracking_Number_Search" time="16.218" classname="Test_Data_Generation.Tracking_Number_Systematic_Search"/>
  <testcase name="Tracking_Number_Search" time="18.537" classname="Test_Data_Generation.Tracking_Number_Systematic_Search"/>
  <testcase name="Tracking_Number_Search" time="59.294" classname="Test_Data_Generation.Tracking_Number_Systematic_Search"/>
  <testcase name="Tracking_Number_Search" time="18.181" classname="Test_Data_Generation.Tracking_Number_Systematic_Search"/>
  <testcase name="Tracking_Number_Search" time="18.133" classname="Test_Data_Generation.Tracking_Number_Systematic_Search"/>
  <testcase name="Tracking_Number_Search" time="17.333" classname="Test_Data_Generation.Tracking_Number_Systematic_Search"/>
  <testcase name="Tracking_Number_Search" time="17.679" classname="Test_Data_Generation.Tracking_Number_Systematic_Search"/>
  <testcase name="Tracking_Number_Search" time="15.774" classname="Test_Data_Generation.Tracking_Number_Systematic_Search"/>
  <testcase name="Tracking_Number_Search" time="17.458" classname="Test_Data_Generation.Tracking_Number_Systematic_Search"/>
  <testcase name="Tracking_Number_Search" time="38.402" classname="Test_Data_Generation.Tracking_Number_Systematic_Search"/>
  <testcase name="Tracking_Number_Search" time="46.042" classname="Test_Data_Generation.Tracking_Number_Systematic_Search"/>
  <testcase name="Tracking_Number_Search" time="21.574" classname="Test_Data_Generation.Tracking_Number_Systematic_Search"/>
  <testcase name="Tracking_Number_Search" time="17.815" classname="Test_Data_Generation.Tracking_Number_Systematic_Search"/>
  <testcase name="Tracking_Number_Search" time="19.238" classname="Test_Data_Generation.Tracking_Number_Systematic_Search"/>
  <testcase name="Tracking_Number_Search" time="23.928" classname="Test_Data_Generation.Tracking_Number_Systematic_Search"/>
  <testcase name="Tracking_Number_Search" time="24.891" classname="Test_Data_Generation.Tracking_Number_Systematic_Search"/>
  <testcase name="Tracking_Number_Search" time="27.631" classname="Test_Data_Generation.Tracking_Number_Systematic_Search"/>
  <testcase name="Tracking_Number_Search" time="36.826" classname="Test_Data_Generation.Tracking_Number_Systematic_Search"/>
  <testcase name="Tracking_Number_Search" time="44.314" classname="Test_Data_Generation.Tracking_Number_Systematic_Search"/>
  <testcase name="Tracking_Number_Search" time="19.592" classname="Test_Data_Generation.Tracking_Number_Systematic_Search"/>
  <testcase name="Tracking_Number_Search" time="30.426" classname="Test_Data_Generation.Tracking_Number_Systematic_Search"/>
  <testcase name="Tracking_Number_Search" time="1.250" classname="Test_Data_Generation.Tracking_Number_Systematic_Search"/>
  <testcase name="Tracking_Number_Search" time="19.528" classname="Test_Data_Generation.Tracking_Number_Systematic_Search"/>
  <testcase name="Tracking_Number_Search" time="18.078" classname="Test_Data_Generation.Tracking_Number_Systematic_Search"/>
  <testcase name="Tracking_Number_Search" time="24.215" classname="Test_Data_Generation.Tracking_Number_Systematic_Search"/>
  <testcase name="Tracking_Number_Search" time="10.271" classname="Test_Data_Generation.Tracking_Number_Systematic_Search"/>
  <testcase name="Tracking_Number_Search" time="13.431" classname="Test_Data_Generation.Tracking_Number_Systematic_Search"/>
  <testcase name="Tracking_Number_Search" time="21.045" classname="Test_Data_Generation.Tracking_Number_Systematic_Search"/>
  <testcase name="Tracking_Number_Search" time="11.940" classname="Test_Data_Generation.Tracking_Number_Systematic_Search"/>
  <testcase name="Tracking_Number_Search" time="36.189" classname="Test_Data_Generation.Tracking_Number_Systematic_Search"/>
  <testcase name="Tracking_Number_Search" time="66.058" classname="Test_Data_Generation.Tracking_Number_Systematic_Search"/>
  <testcase name="Tracking_Number_Search" time="16.543" classname="Test_Data_Generation.Tracking_Number_Systematic_Search"/>
  <testcase name="Tracking_Number_Search" time="10.913" classname="Test_Data_Generation.Tracking_Number_Systematic_Search"/>
  <testcase name="Tracking_Number_Search" time="11.882" classname="Test_Data_Generation.Tracking_Number_Systematic_Search"/>
  <testcase name="Tracking_Number_Search" time="20.217" classname="Test_Data_Generation.Tracking_Number_Systematic_Search"/>
  <testcase name="Tracking_Number_Search" time="21.820" classname="Test_Data_Generation.Tracking_Number_Systematic_Search"/>
  <testcase name="Tracking_Number_Search" time="106.500" classname="Test_Data_Generation.Tracking_Number_Systematic_Search"/>
  <testcase name="Tracking_Number_Search" time="33.222" classname="Test_Data_Generation.Tracking_Number_Systematic_Search"/>
  <testcase name="Tracking_Number_Search" time="30.970" classname="Test_Data_Generation.Tracking_Number_Systematic_Search"/>
  <testcase name="Tracking_Number_Search" time="28.154" classname="Test_Data_Generation.Tracking_Number_Systematic_Search"/>
  <testcase name="Tracking_Number_Search" time="30.444" classname="Test_Data_Generation.Tracking_Number_Systematic_Search"/>
  <testcase name="Tracking_Number_Search" time="35.068" classname="Test_Data_Generation.Tracking_Number_Systematic_Search"/>
  <testcase name="Tracking_Number_Search" time="18.819" classname="Test_Data_Generation.Tracking_Number_Systematic_Search"/>
  <testcase name="Tracking_Number_Search" time="27.227" classname="Test_Data_Generation.Tracking_Number_Systematic_Search"/>
  <testcase name="Tracking_Number_Search" time="1.693" classname="Test_Data_Generation.Tracking_Number_Systematic_Search"/>
  <testcase name="Tracking_Number_Search" time="23.315" classname="Test_Data_Generation.Tracking_Number_Systematic_Search"/>
  <testcase name="Tracking_Number_Search" time="15.768" classname="Test_Data_Generation.Tracking_Number_Systematic_Search"/>
  <testcase name="Tracking_Number_Search" time="26.448" classname="Test_Data_Generation.Tracking_Number_Systematic_Search"/>
  <testcase name="Tracking_Number_Search" time="33.776" classname="Test_Data_Generation.Tracking_Number_Systematic_Search"/>
  <testcase name="Tracking_Number_Search" time="24.911" classname="Test_Data_Generation.Tracking_Number_Systematic_Search"/>
  <testcase name="Tracking_Number_Search" time="12.814" classname="Test_Data_Generation.Tracking_Number_Systematic_Search"/>
  <testcase name="Tracking_Number_Search" time="15.011" classname="Test_Data_Generation.Tracking_Number_Systematic_Search"/>
  <testcase name="Tracking_Number_Search" time="16.816" classname="Test_Data_Generation.Tracking_Number_Systematic_Search"/>
  <testcase name="Tracking_Number_Search" time="17.107" classname="Test_Data_Generation.Tracking_Number_Systematic_Search"/>
  <testcase name="Tracking_Number_Search" time="14.560" classname="Test_Data_Generation.Tracking_Number_Systematic_Search"/>
  <testcase name="Tracking_Number_Search" time="23.949" classname="Test_Data_Generation.Tracking_Number_Systematic_Search"/>
  <testcase name="Tracking_Number_Search" time="50.739" classname="Test_Data_Generation.Tracking_Number_Systematic_Search"/>
  <testcase name="Tracking_Number_Search" time="10.327" classname="Test_Data_Generation.Tracking_Number_Systematic_Search"/>
  <testcase name="Tracking_Number_Search" time="45.173" classname="Test_Data_Generation.Tracking_Number_Systematic_Search"/>
  <testcase name="Tracking_Number_Search" time="4.594" classname="Test_Data_Generation.Tracking_Number_Systematic_Search"/>
  <testcase name="Tracking_Number_Search" time="41.386" classname="Test_Data_Generation.Tracking_Number_Systematic_Search"/>
  <testcase name="Tracking_Number_Search" time="25.041" classname="Test_Data_Generation.Tracking_Number_Systematic_Search"/>
  <testcase name="Tracking_Number_Search" time="25.855" classname="Test_Data_Generation.Tracking_Number_Systematic_Search"/>
  <testcase name="Tracking_Number_Search" time="135.503" classname="Test_Data_Generation.Tracking_Number_Systematic_Search"/>
  <testcase name="Tracking_Number_Search" time="75.562" classname="Test_Data_Generation.Tracking_Number_Systematic_Search"/>
  <testcase name="Tracking_Number_Search" time="35.945" classname="Test_Data_Generation.Tracking_Number_Systematic_Search"/>
  <testcase name="Tracking_Number_Search" time="20.556" classname="Test_Data_Generation.Tracking_Number_Systematic_Search"/>
  <testcase name="Tracking_Number_Search" time="23.434" classname="Test_Data_Generation.Tracking_Number_Systematic_Search"/>
  <testcase name="Tracking_Number_Search" time="12.747" classname="Test_Data_Generation.Tracking_Number_Systematic_Search"/>
  <testcase name="Tracking_Number_Search" time="11.175" classname="Test_Data_Generation.Tracking_Number_Systematic_Search"/>
  <testcase name="Tracking_Number_Search" time="29.711" classname="Test_Data_Generation.Tracking_Number_Systematic_Search"/>
  <testcase name="Tracking_Number_Search" time="26.986" classname="Test_Data_Generation.Tracking_Number_Systematic_Search"/>
  <testcase name="Tracking_Number_Search" time="1.817" classname="Test_Data_Generation.Tracking_Number_Systematic_Search"/>
  <testcase name="Tracking_Number_Search" time="27.106" classname="Test_Data_Generation.Tracking_Number_Systematic_Search"/>
  <testcase name="Tracking_Number_Search" time="16.948" classname="Test_Data_Generation.Tracking_Number_Systematic_Search"/>
  <testcase name="Tracking_Number_Search" time="24.520" classname="Test_Data_Generation.Tracking_Number_Systematic_Search"/>
  <testcase name="Tracking_Number_Search" time="26.205" classname="Test_Data_Generation.Tracking_Number_Systematic_Search"/>
  <testcase name="Tracking_Number_Search" time="29.663" classname="Test_Data_Generation.Tracking_Number_Systematic_Search"/>
  <testcase name="Tracking_Number_Search" time="10.729" classname="Test_Data_Generation.Tracking_Number_Systematic_Search"/>
  <testcase name="Tracking_Number_Search" time="29.594" classname="Test_Data_Generation.Tracking_Number_Systematic_Search"/>
  <testcase name="Tracking_Number_Search" time="24.253" classname="Test_Data_Generation.Tracking_Number_Systematic_Search"/>
  <testcase name="Tracking_Number_Search" time="56.025" classname="Test_Data_Generation.Tracking_Number_Systematic_Search"/>
  <testcase name="Tracking_Number_Search" time="37.439" classname="Test_Data_Generation.Tracking_Number_Systematic_Search"/>
  <testcase name="Tracking_Number_Search" time="58.407" classname="Test_Data_Generation.Tracking_Number_Systematic_Search"/>
  <testcase name="Tracking_Number_Search" time="14.616" classname="Test_Data_Generation.Tracking_Number_Systematic_Search"/>
  <testcase name="Tracking_Number_Search" time="16.576" classname="Test_Data_Generation.Tracking_Number_Systematic_Search"/>
  <testcase name="Tracking_Number_Search" time="18.254" classname="Test_Data_Generation.Tracking_Number_Systematic_Search"/>
  <testcase name="Tracking_Number_Search" time="14.555" classname="Test_Data_Generation.Tracking_Number_Systematic_Search"/>
  <testcase name="Tracking_Number_Search" time="24.758" classname="Test_Data_Generation.Tracking_Number_Systematic_Search"/>
  <testcase name="Tracking_Number_Search" time="24.257" classname="Test_Data_Generation.Tracking_Number_Systematic_Search"/>
  <testcase name="Tracking_Number_Search" time="27.026" classname="Test_Data_Generation.Tracking_Number_Systematic_Search"/>
  <testcase name="Tracking_Number_Search" time="14.882" classname="Test_Data_Generation.Tracking_Number_Systematic_Search"/>
  <testcase name="Tracking_Number_Search" time="17.611" classname="Test_Data_Generation.Tracking_Number_Systematic_Search"/>
  <testcase name="Tracking_Number_Search" time="23.266" classname="Test_Data_Generation.Tracking_Number_Systematic_Search"/>
  <testcase name="Tracking_Number_Search" time="22.261" classname="Test_Data_Generation.Tracking_Number_Systematic_Search"/>
  <testcase name="Tracking_Number_Search" time="18.234" classname="Test_Data_Generation.Tracking_Number_Systematic_Search"/>
  <testcase name="Tracking_Number_Search" time="73.571" classname="Test_Data_Generation.Tracking_Number_Systematic_Search"/>
  <testcase name="Tracking_Number_Search" time="23.324" classname="Test_Data_Generation.Tracking_Number_Systematic_Search"/>
  <testcase name="Tracking_Number_Search" time="45.628" classname="Test_Data_Generation.Tracking_Number_Systematic_Search"/>
  <testcase name="Tracking_Number_Search" time="9.676" classname="Test_Data_Generation.Tracking_Number_Systematic_Search"/>
  <testcase name="Tracking_Number_Search" time="27.815" classname="Test_Data_Generation.Tracking_Number_Systematic_Search"/>
  <testcase name="Tracking_Number_Search" time="12.862" classname="Test_Data_Generation.Tracking_Number_Systematic_Search"/>
  <testcase name="Tracking_Number_Search" time="109.197" classname="Test_Data_Generation.Tracking_Number_Systematic_Search"/>
  <testcase name="Tracking_Number_Search" time="22.164" classname="Test_Data_Generation.Tracking_Number_Systematic_Search"/>
  <testcase name="Tracking_Number_Search" time="10.227" classname="Test_Data_Generation.Tracking_Number_Systematic_Search"/>
  <testcase name="Tracking_Number_Search" time="28.910" classname="Test_Data_Generation.Tracking_Number_Systematic_Search"/>
  <testcase name="Tracking_Number_Search" time="88.973" classname="Test_Data_Generation.Tracking_Number_Systematic_Search"/>
  <testcase name="Tracking_Number_Search" time="18.352" classname="Test_Data_Generation.Tracking_Number_Systematic_Search"/>
  <testcase name="Tracking_Number_Search" time="21.715" classname="Test_Data_Generation.Tracking_Number_Systematic_Search"/>
  <testcase name="Tracking_Number_Search" time="19.981" classname="Test_Data_Generation.Tracking_Number_Systematic_Search"/>
  <testcase name="Tracking_Number_Search" time="4.353" classname="Test_Data_Generation.Tracking_Number_Systematic_Search"/>
  <testcase name="Tracking_Number_Search" time="114.915" classname="Test_Data_Generation.Tracking_Number_Systematic_Search"/>
  <testcase name="Tracking_Number_Search" time="23.487" classname="Test_Data_Generation.Tracking_Number_Systematic_Search"/>
  <testcase name="Tracking_Number_Search" time="29.767" classname="Test_Data_Generation.Tracking_Number_Systematic_Search"/>
  <testcase name="Tracking_Number_Search" time="8.338" classname="Test_Data_Generation.Tracking_Number_Systematic_Search"/>
  <testcase name="Tracking_Number_Search" time="124.647" classname="Test_Data_Generation.Tracking_Number_Systematic_Search"/>
  <testcase name="Tracking_Number_Search" time="72.375" classname="Test_Data_Generation.Tracking_Number_Systematic_Search"/>
  <testcase name="Tracking_Number_Search" time="19.634" classname="Test_Data_Generation.Tracking_Number_Systematic_Search"/>
  <testcase name="Tracking_Number_Search" time="7.004" classname="Test_Data_Generation.Tracking_Number_Systematic_Search"/>
  <testcase name="Tracking_Number_Search" time="31.755" classname="Test_Data_Generation.Tracking_Number_Systematic_Search"/>
  <testcase name="Tracking_Number_Search" time="32.036" classname="Test_Data_Generation.Tracking_Number_Systematic_Search"/>
  <testcase name="Tracking_Number_Search" time="41.377" classname="Test_Data_Generation.Tracking_Number_Systematic_Search"/>
  <testcase name="Tracking_Number_Search" time="6.786" classname="Test_Data_Generation.Tracking_Number_Systematic_Search"/>
  <testcase name="Tracking_Number_Search" time="31.646" classname="Test_Data_Generation.Tracking_Number_Systematic_Search"/>
  <testcase name="Tracking_Number_Search" time="16.723" classname="Test_Data_Generation.Tracking_Number_Systematic_Search"/>
  <testcase name="Tracking_Number_Search" time="37.012" classname="Test_Data_Generation.Tracking_Number_Systematic_Search"/>
  <testcase name="Tracking_Number_Search" time="30.615" classname="Test_Data_Generation.Tracking_Number_Systematic_Search"/>
  <testcase name="Tracking_Number_Search" time="21.382" classname="Test_Data_Generation.Tracking_Number_Systematic_Search"/>
  <testcase name="Tracking_Number_Search" time="108.215" classname="Test_Data_Generation.Tracking_Number_Systematic_Search"/>
  <testcase name="Tracking_Number_Search" time="24.441" classname="Test_Data_Generation.Tracking_Number_Systematic_Search"/>
  <testcase name="Tracking_Number_Search" time="31.662" classname="Test_Data_Generation.Tracking_Number_Systematic_Search"/>
  <testcase name="Tracking_Number_Search" time="83.624" classname="Test_Data_Generation.Tracking_Number_Systematic_Search"/>
  <testcase name="Tracking_Number_Search" time="38.253" classname="Test_Data_Generation.Tracking_Number_Systematic_Search"/>
  <testcase name="Tracking_Number_Search" time="58.115" classname="Test_Data_Generation.Tracking_Number_Systematic_Search"/>
  <testcase name="Tracking_Number_Search" time="14.654" classname="Test_Data_Generation.Tracking_Number_Systematic_Search"/>
  <testcase name="Tracking_Number_Search" time="15.818" classname="Test_Data_Generation.Tracking_Number_Systematic_Search"/>
  <testcase name="Tracking_Number_Search" time="27.391" classname="Test_Data_Generation.Tracking_Number_Systematic_Search"/>
  <testcase name="Tracking_Number_Search" time="10.414" classname="Test_Data_Generation.Tracking_Number_Systematic_Search"/>
  <testcase name="Tracking_Number_Search" time="18.525" classname="Test_Data_Generation.Tracking_Number_Systematic_Search"/>
  <testcase name="Tracking_Number_Search" time="23.926" classname="Test_Data_Generation.Tracking_Number_Systematic_Search"/>
  <testcase name="Tracking_Number_Search" time="21.704" classname="Test_Data_Generation.Tracking_Number_Systematic_Search"/>
  <testcase name="Tracking_Number_Search" time="36.190" classname="Test_Data_Generation.Tracking_Number_Systematic_Search"/>
  <testcase name="Tracking_Number_Search" time="49.213" classname="Test_Data_Generation.Tracking_Number_Systematic_Search"/>
  <testcase name="Tracking_Number_Search" time="12.811" classname="Test_Data_Generation.Tracking_Number_Systematic_Search"/>
  <testcase name="Tracking_Number_Search" time="1.590" classname="Test_Data_Generation.Tracking_Number_Systematic_Search"/>
  <testcase name="Tracking_Number_Search" time="105.469" classname="Test_Data_Generation.Tracking_Number_Systematic_Search"/>
  <testcase name="Tracking_Number_Search" time="8.755" classname="Test_Data_Generation.Tracking_Number_Systematic_Search"/>
  <testcase name="Tracking_Number_Search" time="28.009" classname="Test_Data_Generation.Tracking_Number_Systematic_Search"/>
  <testcase name="Tracking_Number_Search" time="17.612" classname="Test_Data_Generation.Tracking_Number_Systematic_Search"/>
  <testcase name="Tracking_Number_Search" time="21.421" classname="Test_Data_Generation.Tracking_Number_Systematic_Search"/>
  <testcase name="Tracking_Number_Search" time="51.231" classname="Test_Data_Generation.Tracking_Number_Systematic_Search"/>
  <testcase name="Tracking_Number_Search" time="22.344" classname="Test_Data_Generation.Tracking_Number_Systematic_Search"/>
  <testcase name="Tracking_Number_Search" time="41.211" classname="Test_Data_Generation.Tracking_Number_Systematic_Search"/>
  <testcase name="Tracking_Number_Search" time="46.716" classname="Test_Data_Generation.Tracking_Number_Systematic_Search"/>
  <testcase name="Tracking_Number_Search" time="25.918" classname="Test_Data_Generation.Tracking_Number_Systematic_Search"/>
  <testcase name="Tracking_Number_Search" time="84.450" classname="Test_Data_Generation.Tracking_Number_Systematic_Search"/>
  <testcase name="Tracking_Number_Search" time="46.419" classname="Test_Data_Generation.Tracking_Number_Systematic_Search"/>
  <testcase name="Tracking_Number_Search" time="25.226" classname="Test_Data_Generation.Tracking_Number_Systematic_Search"/>
  <testcase name="Tracking_Number_Search" time="18.366" classname="Test_Data_Generation.Tracking_Number_Systematic_Search"/>
  <testcase name="Tracking_Number_Search" time="34.740" classname="Test_Data_Generation.Tracking_Number_Systematic_Search"/>
  <testcase name="Tracking_Number_Search" time="32.512" classname="Test_Data_Generation.Tracking_Number_Systematic_Search"/>
  <testcase name="Tracking_Number_Search" time="17.496" classname="Test_Data_Generation.Tracking_Number_Systematic_Search"/>
  <testcase name="Tracking_Number_Search" time="20.535" classname="Test_Data_Generation.Tracking_Number_Systematic_Search"/>
  <testcase name="Tracking_Number_Search" time="17.010" classname="Test_Data_Generation.Tracking_Number_Systematic_Search"/>
  <testcase name="Tracking_Number_Search" time="99.985" classname="Test_Data_Generation.Tracking_Number_Systematic_Search"/>
  <testcase name="Tracking_Number_Search" time="16.693" classname="Test_Data_Generation.Tracking_Number_Systematic_Search"/>
  <testcase name="Tracking_Number_Search" time="28.604" classname="Test_Data_Generation.Tracking_Number_Systematic_Search"/>
  <testcase name="Tracking_Number_Search" time="26.998" classname="Test_Data_Generation.Tracking_Number_Systematic_Search"/>
  <testcase name="Tracking_Number_Search" time="10.616" classname="Test_Data_Generation.Tracking_Number_Systematic_Search"/>
  <testcase name="Tracking_Number_Search" time="26.459" classname="Test_Data_Generation.Tracking_Number_Systematic_Search"/>
  <testcase name="Tracking_Number_Search" time="38.735" classname="Test_Data_Generation.Tracking_Number_Systematic_Search"/>
  <testcase name="Tracking_Number_Search" time="35.555" classname="Test_Data_Generation.Tracking_Number_Systematic_Search"/>
  <testcase name="Tracking_Number_Search" time="16.792" classname="Test_Data_Generation.Tracking_Number_Systematic_Search"/>
  <testcase name="Tracking_Number_Search" time="15.380" classname="Test_Data_Generation.Tracking_Number_Systematic_Search"/>
  <testcase name="Tracking_Number_Search" time="35.346" classname="Test_Data_Generation.Tracking_Number_Systematic_Search"/>
  <testcase name="Tracking_Number_Search" time="6.148" classname="Test_Data_Generation.Tracking_Number_Systematic_Search"/>
  <testcase name="Tracking_Number_Search" time="36.502" classname="Test_Data_Generation.Tracking_Number_Systematic_Search"/>
  <testcase name="Tracking_Number_Search" time="30.837" classname="Test_Data_Generation.Tracking_Number_Systematic_Search"/>
  <testcase name="Tracking_Number_Search" time="60.634" classname="Test_Data_Generation.Tracking_Number_Systematic_Search"/>
  <testcase name="Tracking_Number_Search" time="37.330" classname="Test_Data_Generation.Tracking_Number_Systematic_Search"/>
  <testcase name="Tracking_Number_Search" time="25.579" classname="Test_Data_Generation.Tracking_Number_Systematic_Search"/>
  <testcase name="Tracking_Number_Search" time="10.891" classname="Test_Data_Generation.Tracking_Number_Systematic_Search"/>
  <testcase name="Tracking_Number_Search" time="17.817" classname="Test_Data_Generation.Tracking_Number_Systematic_Search"/>
  <testcase name="Tracking_Number_Search" time="38.074" classname="Test_Data_Generation.Tracking_Number_Systematic_Search"/>
  <testcase name="Tracking_Number_Search" time="11.028" classname="Test_Data_Generation.Tracking_Number_Systematic_Search"/>
  <testcase name="Tracking_Number_Search" time="11.718" classname="Test_Data_Generation.Tracking_Number_Systematic_Search"/>
  <testcase name="Tracking_Number_Search" time="21.621" classname="Test_Data_Generation.Tracking_Number_Systematic_Search"/>
  <testcase name="Tracking_Number_Search" time="12.001" classname="Test_Data_Generation.Tracking_Number_Systematic_Search"/>
  <testcase name="Tracking_Number_Search" time="32.272" classname="Test_Data_Generation.Tracking_Number_Systematic_Search"/>
  <testcase name="Tracking_Number_Search" time="21.082" classname="Test_Data_Generation.Tracking_Number_Systematic_Search"/>
  <testcase name="Tracking_Number_Search" time="22.323" classname="Test_Data_Generation.Tracking_Number_Systematic_Search"/>
  <testcase name="Tracking_Number_Search" time="70.917" classname="Test_Data_Generation.Tracking_Number_Systematic_Search"/>
  <testcase name="Tracking_Number_Search" time="10.767" classname="Test_Data_Generation.Tracking_Number_Systematic_Search"/>
  <testcase name="Tracking_Number_Search" time="29.268" classname="Test_Data_Generation.Tracking_Number_Systematic_Search"/>
  <testcase name="Tracking_Number_Search" time="17.382" classname="Test_Data_Generation.Tracking_Number_Systematic_Search"/>
  <testcase name="Tracking_Number_Search" time="23.187" classname="Test_Data_Generation.Tracking_Number_Systematic_Search"/>
  <testcase name="Tracking_Number_Search" time="50.068" classname="Test_Data_Generation.Tracking_Number_Systematic_Search"/>
  <testcase name="Tracking_Number_Search" time="40.737" classname="Test_Data_Generation.Tracking_Number_Systematic_Search"/>
  <testcase name="Tracking_Number_Search" time="62.776" classname="Test_Data_Generation.Tracking_Number_Systematic_Search"/>
  <testcase name="Tracking_Number_Search" time="14.013" classname="Test_Data_Generation.Tracking_Number_Systematic_Search"/>
  <testcase name="Tracking_Number_Search" time="87.586" classname="Test_Data_Generation.Tracking_Number_Systematic_Search"/>
  <testcase name="Tracking_Number_Search" time="24.886" classname="Test_Data_Generation.Tracking_Number_Systematic_Search"/>
  <testcase name="Tracking_Number_Search" time="19.018" classname="Test_Data_Generation.Tracking_Number_Systematic_Search"/>
  <testcase name="Tracking_Number_Search" time="65.832" classname="Test_Data_Generation.Tracking_Number_Systematic_Search"/>
  <testcase name="Tracking_Number_Search" time="13.753" classname="Test_Data_Generation.Tracking_Number_Systematic_Search"/>
  <testcase name="Tracking_Number_Search" time="28.704" classname="Test_Data_Generation.Tracking_Number_Systematic_Search"/>
  <testcase name="Tracking_Number_Search" time="33.404" classname="Test_Data_Generation.Tracking_Number_Systematic_Search"/>
  <testcase name="Tracking_Number_Search" time="3.024" classname="Test_Data_Generation.Tracking_Number_Systematic_Search"/>
  <testcase name="Tracking_Number_Search" time="22.837" classname="Test_Data_Generation.Tracking_Number_Systematic_Search"/>
  <testcase name="Tracking_Number_Search" time="26.427" classname="Test_Data_Generation.Tracking_Number_Systematic_Search"/>
  <testcase name="Tracking_Number_Search" time="66.159" classname="Test_Data_Generation.Tracking_Number_Systematic_Search"/>
  <testcase name="Tracking_Number_Search" time="7.363" classname="Test_Data_Generation.Tracking_Number_Systematic_Search"/>
  <testcase name="Tracking_Number_Search" time="27.069" classname="Test_Data_Generation.Tracking_Number_Systematic_Search"/>
  <testcase name="Tracking_Number_Search" time="31.426" classname="Test_Data_Generation.Tracking_Number_Systematic_Search"/>
  <testcase name="Tracking_Number_Search" time="11.387" classname="Test_Data_Generation.Tracking_Number_Systematic_Search"/>
  <testcase name="Tracking_Number_Search" time="26.554" classname="Test_Data_Generation.Tracking_Number_Systematic_Search"/>
  <testcase name="Tracking_Number_Search" time="21.558" classname="Test_Data_Generation.Tracking_Number_Systematic_Search"/>
  <testcase name="Tracking_Number_Search" time="20.171" classname="Test_Data_Generation.Tracking_Number_Systematic_Search"/>
  <testcase name="Tracking_Number_Search" time="32.952" classname="Test_Data_Generation.Tracking_Number_Systematic_Search"/>
  <testcase name="Tracking_Number_Search" time="20.855" classname="Test_Data_Generation.Tracking_Number_Systematic_Search"/>
  <testcase name="Tracking_Number_Search" time="32.521" classname="Test_Data_Generation.Tracking_Number_Systematic_Search"/>
  <testcase name="Tracking_Number_Search" time="85.782" classname="Test_Data_Generation.Tracking_Number_Systematic_Search"/>
  <testcase name="Tracking_Number_Search" time="35.994" classname="Test_Data_Generation.Tracking_Number_Systematic_Search"/>
  <testcase name="Tracking_Number_Search" time="25.168" classname="Test_Data_Generation.Tracking_Number_Systematic_Search"/>
  <testcase name="Tracking_Number_Search" time="25.419" classname="Test_Data_Generation.Tracking_Number_Systematic_Search"/>
  <testcase name="Tracking_Number_Search" time="80.148" classname="Test_Data_Generation.Tracking_Number_Systematic_Search"/>
  <testcase name="Tracking_Number_Search" time="42.598" classname="Test_Data_Generation.Tracking_Number_Systematic_Search"/>
  <testcase name="Tracking_Number_Search" time="44.073" classname="Test_Data_Generation.Tracking_Number_Systematic_Search"/>
  <testcase name="Tracking_Number_Search" time="33.083" classname="Test_Data_Generation.Tracking_Number_Systematic_Search"/>
  <testcase name="Tracking_Number_Search" time="21.101" classname="Test_Data_Generation.Tracking_Number_Systematic_Search"/>
  <testcase name="Tracking_Number_Search" time="16.374" classname="Test_Data_Generation.Tracking_Number_Systematic_Search"/>
  <testcase name="Tracking_Number_Search" time="39.207" classname="Test_Data_Generation.Tracking_Number_Systematic_Search"/>
  <testcase name="Tracking_Number_Search" time="35.313" classname="Test_Data_Generation.Tracking_Number_Systematic_Search"/>
  <testcase name="Tracking_Number_Search" time="20.372" classname="Test_Data_Generation.Tracking_Number_Systematic_Search"/>
  <testcase name="Tracking_Number_Search" time="7.276" classname="Test_Data_Generation.Tracking_Number_Systematic_Search"/>
  <testcase name="Tracking_Number_Search" time="28.358" classname="Test_Data_Generation.Tracking_Number_Systematic_Search"/>
  <testcase name="Tracking_Number_Search" time="27.620" classname="Test_Data_Generation.Tracking_Number_Systematic_Search"/>
  <testcase name="Tracking_Number_Search" time="18.124" classname="Test_Data_Generation.Tracking_Number_Systematic_Search"/>
  <testcase name="Tracking_Number_Search" time="23.956" classname="Test_Data_Generation.Tracking_Number_Systematic_Search"/>
  <testcase name="Tracking_Number_Search" time="22.155" classname="Test_Data_Generation.Tracking_Number_Systematic_Search"/>
  <testcase name="Tracking_Number_Search" time="16.005" classname="Test_Data_Generation.Tracking_Number_Systematic_Search"/>
  <testcase name="Tracking_Number_Search" time="3.587" classname="Test_Data_Generation.Tracking_Number_Systematic_Search"/>
  <testcase name="Tracking_Number_Search" time="33.716" classname="Test_Data_Generation.Tracking_Number_Systematic_Search"/>
  <testcase name="Tracking_Number_Search" time="14.768" classname="Test_Data_Generation.Tracking_Number_Systematic_Search"/>
  <testcase name="Tracking_Number_Search" time="47.482" classname="Test_Data_Generation.Tracking_Number_Systematic_Search"/>
  <testcase name="Tracking_Number_Search" time="45.101" classname="Test_Data_Generation.Tracking_Number_Systematic_Search"/>
  <testcase name="Tracking_Number_Search" time="28.056" classname="Test_Data_Generation.Tracking_Number_Systematic_Search"/>
  <testcase name="Tracking_Number_Search" time="9.970" classname="Test_Data_Generation.Tracking_Number_Systematic_Search"/>
  <testcase name="Tracking_Number_Search" time="18.845" classname="Test_Data_Generation.Tracking_Number_Systematic_Search"/>
  <testcase name="Tracking_Number_Search" time="26.594" classname="Test_Data_Generation.Tracking_Number_Systematic_Search"/>
  <testcase name="Tracking_Number_Search" time="26.538" classname="Test_Data_Generation.Tracking_Number_Systematic_Search"/>
  <testcase name="Tracking_Number_Search" time="101.421" classname="Test_Data_Generation.Tracking_Number_Systematic_Search"/>
  <testcase name="Tracking_Number_Search" time="36.240" classname="Test_Data_Generation.Tracking_Number_Systematic_Search"/>
  <testcase name="Tracking_Number_Search" time="9.962" classname="Test_Data_Generation.Tracking_Number_Systematic_Search"/>
  <testcase name="Tracking_Number_Search" time="21.701" classname="Test_Data_Generation.Tracking_Number_Systematic_Search"/>
  <testcase name="Tracking_Number_Search" time="7.522" classname="Test_Data_Generation.Tracking_Number_Systematic_Search"/>
  <testcase name="Tracking_Number_Search" time="18.234" classname="Test_Data_Generation.Tracking_Number_Systematic_Search"/>
  <testcase name="Tracking_Number_Search" time="9.213" classname="Test_Data_Generation.Tracking_Number_Systematic_Search"/>
  <testcase name="Tracking_Number_Search" time="23.318" classname="Test_Data_Generation.Tracking_Number_Systematic_Search"/>
  <testcase name="Tracking_Number_Search" time="21.008" classname="Test_Data_Generation.Tracking_Number_Systematic_Search"/>
  <testcase name="Tracking_Number_Search" time="51.525" classname="Test_Data_Generation.Tracking_Number_Systematic_Search"/>
  <testcase name="Tracking_Number_Search" time="45.066" classname="Test_Data_Generation.Tracking_Number_Systematic_Search"/>
  <testcase name="Tracking_Number_Search" time="22.272" classname="Test_Data_Generation.Tracking_Number_Systematic_Search"/>
  <testcase name="Tracking_Number_Search" time="148.637" classname="Test_Data_Generation.Tracking_Number_Systematic_Search"/>
  <testcase name="Tracking_Number_Search" time="37.080" classname="Test_Data_Generation.Tracking_Number_Systematic_Search"/>
  <testcase name="Tracking_Number_Search" time="19.446" classname="Test_Data_Generation.Tracking_Number_Systematic_Search"/>
  <testcase name="Tracking_Number_Search" time="19.878" classname="Test_Data_Generation.Tracking_Number_Systematic_Search"/>
  <testcase name="Tracking_Number_Search" time="25.064" classname="Test_Data_Generation.Tracking_Number_Systematic_Search"/>
  <testcase name="Tracking_Number_Search" time="28.191" classname="Test_Data_Generation.Tracking_Number_Systematic_Search"/>
  <testcase name="Tracking_Number_Search" time="24.328" classname="Test_Data_Generation.Tracking_Number_Systematic_Search"/>
  <testcase name="Tracking_Number_Search" time="18.977" classname="Test_Data_Generation.Tracking_Number_Systematic_Search"/>
  <testcase name="Tracking_Number_Search" time="24.981" classname="Test_Data_Generation.Tracking_Number_Systematic_Search"/>
  <testcase name="Tracking_Number_Search" time="9.494" classname="Test_Data_Generation.Tracking_Number_Systematic_Search"/>
  <testcase name="Tracking_Number_Search" time="9.051" classname="Test_Data_Generation.Tracking_Number_Systematic_Search"/>
  <testcase name="Tracking_Number_Search" time="1.578" classname="Test_Data_Generation.Tracking_Number_Systematic_Search"/>
  <testcase name="Tracking_Number_Search" time="15.162" classname="Test_Data_Generation.Tracking_Number_Systematic_Search"/>
  <testcase name="Tracking_Number_Search" time="24.765" classname="Test_Data_Generation.Tracking_Number_Systematic_Search"/>
  <testcase name="Tracking_Number_Search" time="6.616" classname="Test_Data_Generation.Tracking_Number_Systematic_Search"/>
  <testcase name="Tracking_Number_Search" time="14.670" classname="Test_Data_Generation.Tracking_Number_Systematic_Search"/>
  <testcase name="Tracking_Number_Search" time="25.194" classname="Test_Data_Generation.Tracking_Number_Systematic_Search"/>
  <testcase name="Tracking_Number_Search" time="28.747" classname="Test_Data_Generation.Tracking_Number_Systematic_Search"/>
  <testcase name="Tracking_Number_Search" time="44.994" classname="Test_Data_Generation.Tracking_Number_Systematic_Search"/>
  <testcase name="Tracking_Number_Search" time="22.929" classname="Test_Data_Generation.Tracking_Number_Systematic_Search"/>
  <testcase name="Tracking_Number_Search" time="27.294" classname="Test_Data_Generation.Tracking_Number_Systematic_Search"/>
  <testcase name="Tracking_Number_Search" time="71.343" classname="Test_Data_Generation.Tracking_Number_Systematic_Search"/>
  <testcase name="Tracking_Number_Search" time="16.042" classname="Test_Data_Generation.Tracking_Number_Systematic_Search"/>
  <testcase name="Tracking_Number_Search" time="52.534" classname="Test_Data_Generation.Tracking_Number_Systematic_Search"/>
  <testcase name="Tracking_Number_Search" time="28.987" classname="Test_Data_Generation.Tracking_Number_Systematic_Search"/>
  <testcase name="Tracking_Number_Search" time="11.900" classname="Test_Data_Generation.Tracking_Number_Systematic_Search"/>
  <testcase name="Tracking_Number_Search" time="21.636" classname="Test_Data_Generation.Tracking_Number_Systematic_Search"/>
  <testcase name="Tracking_Number_Search" time="122.983" classname="Test_Data_Generation.Tracking_Number_Systematic_Search"/>
  <testcase name="Tracking_Number_Search" time="22.167" classname="Test_Data_Generation.Tracking_Number_Systematic_Search"/>
  <testcase name="Tracking_Number_Search" time="118.312" classname="Test_Data_Generation.Tracking_Number_Systematic_Search"/>
  <testcase name="Tracking_Number_Search" time="25.130" classname="Test_Data_Generation.Tracking_Number_Systematic_Search"/>
  <testcase name="Tracking_Number_Search" time="24.468" classname="Test_Data_Generation.Tracking_Number_Systematic_Search"/>
  <testcase name="Tracking_Number_Search" time="18.954" classname="Test_Data_Generation.Tracking_Number_Systematic_Search"/>
  <testcase name="Tracking_Number_Search" time="46.174" classname="Test_Data_Generation.Tracking_Number_Systematic_Search"/>
  <testcase name="Tracking_Number_Search" time="104.674" classname="Test_Data_Generation.Tracking_Number_Systematic_Search"/>
  <testcase name="Tracking_Number_Search" time="32.772" classname="Test_Data_Generation.Tracking_Number_Systematic_Search"/>
  <testcase name="Tracking_Number_Search" time="33.342" classname="Test_Data_Generation.Tracking_Number_Systematic_Search"/>
  <testcase name="Tracking_Number_Search" time="16.480" classname="Test_Data_Generation.Tracking_Number_Systematic_Search"/>
  <testcase name="Tracking_Number_Search" time="16.069" classname="Test_Data_Generation.Tracking_Number_Systematic_Search"/>
  <testcase name="Tracking_Number_Search" time="21.456" classname="Test_Data_Generation.Tracking_Number_Systematic_Search"/>
  <testcase name="Tracking_Number_Search" time="26.602" classname="Test_Data_Generation.Tracking_Number_Systematic_Search"/>
  <testcase name="Tracking_Number_Search" time="16.065" classname="Test_Data_Generation.Tracking_Number_Systematic_Search"/>
  <testcase name="Tracking_Number_Search" time="8.831" classname="Test_Data_Generation.Tracking_Number_Systematic_Search"/>
  <testcase name="Tracking_Number_Search" time="26.107" classname="Test_Data_Generation.Tracking_Number_Systematic_Search"/>
  <testcase name="Tracking_Number_Search" time="13.309" classname="Test_Data_Generation.Tracking_Number_Systematic_Search"/>
  <testcase name="Tracking_Number_Search" time="17.817" classname="Test_Data_Generation.Tracking_Number_Systematic_Search"/>
  <testcase name="Tracking_Number_Search" time="43.989" classname="Test_Data_Generation.Tracking_Number_Systematic_Search"/>
  <testcase name="Tracking_Number_Search" time="14.960" classname="Test_Data_Generation.Tracking_Number_Systematic_Search"/>
  <testcase name="Tracking_Number_Search" time="33.278" classname="Test_Data_Generation.Tracking_Number_Systematic_Search"/>
  <testcase name="Tracking_Number_Search" time="30.998" classname="Test_Data_Generation.Tracking_Number_Systematic_Search"/>
  <testcase name="Tracking_Number_Search" time="27.361" classname="Test_Data_Generation.Tracking_Number_Systematic_Search"/>
  <testcase name="Tracking_Number_Search" time="9.847" classname="Test_Data_Generation.Tracking_Number_Systematic_Search"/>
  <testcase name="Tracking_Number_Search" time="15.324" classname="Test_Data_Generation.Tracking_Number_Systematic_Search"/>
  <testcase name="Tracking_Number_Search" time="18.575" classname="Test_Data_Generation.Tracking_Number_Systematic_Search"/>
  <testcase name="Tracking_Number_Search" time="52.160" classname="Test_Data_Generation.Tracking_Number_Systematic_Search"/>
  <testcase name="Tracking_Number_Search" time="60.536" classname="Test_Data_Generation.Tracking_Number_Systematic_Search"/>
  <testcase name="Tracking_Number_Search" time="36.740" classname="Test_Data_Generation.Tracking_Number_Systematic_Search"/>
  <testcase name="Tracking_Number_Search" time="32.970" classname="Test_Data_Generation.Tracking_Number_Systematic_Search"/>
  <testcase name="Tracking_Number_Search" time="64.153" classname="Test_Data_Generation.Tracking_Number_Systematic_Search"/>
  <testcase name="Tracking_Number_Search" time="17.594" classname="Test_Data_Generation.Tracking_Number_Systematic_Search"/>
  <testcase name="Tracking_Number_Search" time="17.176" classname="Test_Data_Generation.Tracking_Number_Systematic_Search"/>
  <testcase name="Tracking_Number_Search" time="21.358" classname="Test_Data_Generation.Tracking_Number_Systematic_Search"/>
  <testcase name="Tracking_Number_Search" time="18.348" classname="Test_Data_Generation.Tracking_Number_Systematic_Search"/>
  <testcase name="Tracking_Number_Search" time="13.409" classname="Test_Data_Generation.Tracking_Number_Systematic_Search"/>
  <testcase name="Tracking_Number_Search" time="33.188" classname="Test_Data_Generation.Tracking_Number_Systematic_Search"/>
  <testcase name="Tracking_Number_Search" time="28.398" classname="Test_Data_Generation.Tracking_Number_Systematic_Search"/>
  <testcase name="Tracking_Number_Search" time="33.994" classname="Test_Data_Generation.Tracking_Number_Systematic_Search"/>
  <testcase name="Tracking_Number_Search" time="25.442" classname="Test_Data_Generation.Tracking_Number_Systematic_Search"/>
  <testcase name="Tracking_Number_Search" time="10.981" classname="Test_Data_Generation.Tracking_Number_Systematic_Search"/>
  <testcase name="Tracking_Number_Search" time="25.051" classname="Test_Data_Generation.Tracking_Number_Systematic_Search"/>
  <testcase name="Tracking_Number_Search" time="13.631" classname="Test_Data_Generation.Tracking_Number_Systematic_Search"/>
  <testcase name="Tracking_Number_Search" time="22.694" classname="Test_Data_Generation.Tracking_Number_Systematic_Search"/>
  <testcase name="Tracking_Number_Search" time="1.595" classname="Test_Data_Generation.Tracking_Number_Systematic_Search"/>
  <testcase name="Tracking_Number_Search" time="27.766" classname="Test_Data_Generation.Tracking_Number_Systematic_Search"/>
  <testcase name="Tracking_Number_Search" time="20.123" classname="Test_Data_Generation.Tracking_Number_Systematic_Search"/>
  <testcase name="Tracking_Number_Search" time="18.015" classname="Test_Data_Generation.Tracking_Number_Systematic_Search"/>
  <testcase name="Tracking_Number_Search" time="22.714" classname="Test_Data_Generation.Tracking_Number_Systematic_Search"/>
  <testcase name="Tracking_Number_Search" time="18.028" classname="Test_Data_Generation.Tracking_Number_Systematic_Search"/>
  <testcase name="Tracking_Number_Search" time="47.709" classname="Test_Data_Generation.Tracking_Number_Systematic_Search"/>
  <testcase name="Tracking_Number_Search" time="25.948" classname="Test_Data_Generation.Tracking_Number_Systematic_Search"/>
  <testcase name="Tracking_Number_Search" time="86.847" classname="Test_Data_Generation.Tracking_Number_Systematic_Search"/>
  <testcase name="Tracking_Number_Search" time="25.935" classname="Test_Data_Generation.Tracking_Number_Systematic_Search"/>
  <testcase name="Tracking_Number_Search" time="8.591" classname="Test_Data_Generation.Tracking_Number_Systematic_Search"/>
  <testcase name="Tracking_Number_Search" time="18.460" classname="Test_Data_Generation.Tracking_Number_Systematic_Search"/>
  <testcase name="Tracking_Number_Search" time="28.447" classname="Test_Data_Generation.Tracking_Number_Systematic_Search"/>
  <testcase name="Tracking_Number_Search" time="21.090" classname="Test_Data_Generation.Tracking_Number_Systematic_Search"/>
  <testcase name="Tracking_Number_Search" time="23.080" classname="Test_Data_Generation.Tracking_Number_Systematic_Search"/>
  <testcase name="Tracking_Number_Search" time="43.850" classname="Test_Data_Generation.Tracking_Number_Systematic_Search"/>
  <testcase name="Tracking_Number_Search" time="72.438" classname="Test_Data_Generation.Tracking_Number_Systematic_Search"/>
  <testcase name="Tracking_Number_Search" time="35.438" classname="Test_Data_Generation.Tracking_Number_Systematic_Search"/>
  <testcase name="Tracking_Number_Search" time="121.251" classname="Test_Data_Generation.Tracking_Number_Systematic_Search"/>
  <testcase name="Tracking_Number_Search" time="34.259" classname="Test_Data_Generation.Tracking_Number_Systematic_Search"/>
  <testcase name="Tracking_Number_Search" time="20.994" classname="Test_Data_Generation.Tracking_Number_Systematic_Search"/>
  <testcase name="Tracking_Number_Search" time="18.826" classname="Test_Data_Generation.Tracking_Number_Systematic_Search"/>
  <testcase name="Tracking_Number_Search" time="8.855" classname="Test_Data_Generation.Tracking_Number_Systematic_Search"/>
  <testcase name="Tracking_Number_Search" time="22.432" classname="Test_Data_Generation.Tracking_Number_Systematic_Search"/>
  <testcase name="Tracking_Number_Search" time="27.592" classname="Test_Data_Generation.Tracking_Number_Systematic_Search"/>
  <testcase name="Tracking_Number_Search" time="3.878" classname="Test_Data_Generation.Tracking_Number_Systematic_Search"/>
  <testcase name="Tracking_Number_Search" time="19.568" classname="Test_Data_Generation.Tracking_Number_Systematic_Search"/>
  <testcase name="Tracking_Number_Search" time="9.594" classname="Test_Data_Generation.Tracking_Number_Systematic_Search"/>
  <testcase name="Tracking_Number_Search" time="29.706" classname="Test_Data_Generation.Tracking_Number_Systematic_Search"/>
  <testcase name="Tracking_Number_Search" time="36.199" classname="Test_Data_Generation.Tracking_Number_Systematic_Search"/>
  <testcase name="Tracking_Number_Search" time="22.786" classname="Test_Data_Generation.Tracking_Number_Systematic_Search"/>
  <testcase name="Tracking_Number_Search" time="29.142" classname="Test_Data_Generation.Tracking_Number_Systematic_Search"/>
  <testcase name="Tracking_Number_Search" time="20.700" classname="Test_Data_Generation.Tracking_Number_Systematic_Search"/>
  <testcase name="Tracking_Number_Search" time="23.256" classname="Test_Data_Generation.Tracking_Number_Systematic_Search"/>
  <testcase name="Tracking_Number_Search" time="26.043" classname="Test_Data_Generation.Tracking_Number_Systematic_Search"/>
  <testcase name="Tracking_Number_Search" time="5.954" classname="Test_Data_Generation.Tracking_Number_Systematic_Search"/>
  <testcase name="Tracking_Number_Search" time="14.105" classname="Test_Data_Generation.Tracking_Number_Systematic_Search"/>
  <testcase name="Tracking_Number_Search" time="38.146" classname="Test_Data_Generation.Tracking_Number_Systematic_Search"/>
  <testcase name="Tracking_Number_Search" time="14.918" classname="Test_Data_Generation.Tracking_Number_Systematic_Search"/>
  <testcase name="Tracking_Number_Search" time="22.223" classname="Test_Data_Generation.Tracking_Number_Systematic_Search"/>
  <testcase name="Tracking_Number_Search" time="24.456" classname="Test_Data_Generation.Tracking_Number_Systematic_Search"/>
  <testcase name="Tracking_Number_Search" time="13.659" classname="Test_Data_Generation.Tracking_Number_Systematic_Search"/>
  <testcase name="Tracking_Number_Search" time="15.207" classname="Test_Data_Generation.Tracking_Number_Systematic_Search"/>
  <testcase name="Tracking_Number_Search" time="29.613" classname="Test_Data_Generation.Tracking_Number_Systematic_Search"/>
  <testcase name="Tracking_Number_Search" time="4.226" classname="Test_Data_Generation.Tracking_Number_Systematic_Search"/>
  <testcase name="Tracking_Number_Search" time="25.697" classname="Test_Data_Generation.Tracking_Number_Systematic_Search"/>
  <testcase name="Tracking_Number_Search" time="5.829" classname="Test_Data_Generation.Tracking_Number_Systematic_Search"/>
  <testcase name="Tracking_Number_Search" time="27.921" classname="Test_Data_Generation.Tracking_Number_Systematic_Search"/>
  <testcase name="Tracking_Number_Search" time="137.215" classname="Test_Data_Generation.Tracking_Number_Systematic_Search"/>
  <testcase name="Tracking_Number_Search" time="22.094" classname="Test_Data_Generation.Tracking_Number_Systematic_Search"/>
  <testcase name="Tracking_Number_Search" time="43.655" classname="Test_Data_Generation.Tracking_Number_Systematic_Search"/>
  <testcase name="Tracking_Number_Search" time="29.342" classname="Test_Data_Generation.Tracking_Number_Systematic_Search"/>
  <testcase name="Tracking_Number_Search" time="27.335" classname="Test_Data_Generation.Tracking_Number_Systematic_Search"/>
  <testcase name="Tracking_Number_Search" time="24.177" classname="Test_Data_Generation.Tracking_Number_Systematic_Search"/>
  <testcase name="Tracking_Number_Search" time="38.109" classname="Test_Data_Generation.Tracking_Number_Systematic_Search"/>
  <testcase name="Tracking_Number_Search" time="33.016" classname="Test_Data_Generation.Tracking_Number_Systematic_Search"/>
  <testcase name="Tracking_Number_Search" time="82.056" classname="Test_Data_Generation.Tracking_Number_Systematic_Search"/>
  <testcase name="Tracking_Number_Search" time="13.660" classname="Test_Data_Generation.Tracking_Number_Systematic_Search"/>
  <testcase name="Tracking_Number_Search" time="34.173" classname="Test_Data_Generation.Tracking_Number_Systematic_Search"/>
  <testcase name="Tracking_Number_Search" time="20.723" classname="Test_Data_Generation.Tracking_Number_Systematic_Search"/>
  <testcase name="Tracking_Number_Search" time="36.107" classname="Test_Data_Generation.Tracking_Number_Systematic_Search"/>
  <testcase name="Tracking_Number_Search" time="23.000" classname="Test_Data_Generation.Tracking_Number_Systematic_Search"/>
  <testcase name="Tracking_Number_Search" time="16.056" classname="Test_Data_Generation.Tracking_Number_Systematic_Search"/>
  <testcase name="Tracking_Number_Search" time="30.261" classname="Test_Data_Generation.Tracking_Number_Systematic_Search"/>
  <testcase name="Tracking_Number_Search" time="32.701" classname="Test_Data_Generation.Tracking_Number_Systematic_Search"/>
  <testcase name="Tracking_Number_Search" time="29.255" classname="Test_Data_Generation.Tracking_Number_Systematic_Search"/>
  <testcase name="Tracking_Number_Search" time="16.270" classname="Test_Data_Generation.Tracking_Number_Systematic_Search"/>
  <testcase name="Tracking_Number_Search" time="88.245" classname="Test_Data_Generation.Tracking_Number_Systematic_Search"/>
  <testcase name="Tracking_Number_Search" time="29.428" classname="Test_Data_Generation.Tracking_Number_Systematic_Search"/>
  <testcase name="Tracking_Number_Search" time="29.567" classname="Test_Data_Generation.Tracking_Number_Systematic_Search"/>
  <testcase name="Tracking_Number_Search" time="16.097" classname="Test_Data_Generation.Tracking_Number_Systematic_Search"/>
  <testcase name="Tracking_Number_Search" time="31.030" classname="Test_Data_Generation.Tracking_Number_Systematic_Search"/>
  <testcase name="Tracking_Number_Search" time="84.053" classname="Test_Data_Generation.Tracking_Number_Systematic_Search"/>
  <testcase name="Tracking_Number_Search" time="105.959" classname="Test_Data_Generation.Tracking_Number_Systematic_Search"/>
  <testcase name="Tracking_Number_Search" time="18.231" classname="Test_Data_Generation.Tracking_Number_Systematic_Search"/>
  <testcase name="Tracking_Number_Search" time="11.224" classname="Test_Data_Generation.Tracking_Number_Systematic_Search"/>
  <testcase name="Tracking_Number_Search" time="15.782" classname="Test_Data_Generation.Tracking_Number_Systematic_Search"/>
  <testcase name="Tracking_Number_Search" time="36.079" classname="Test_Data_Generation.Tracking_Number_Systematic_Search"/>
  <testcase name="Tracking_Number_Search" time="1.152" classname="Test_Data_Generation.Tracking_Number_Systematic_Search"/>
  <testcase name="Tracking_Number_Search" time="27.324" classname="Test_Data_Generation.Tracking_Number_Systematic_Search"/>
  <testcase name="Tracking_Number_Search" time="41.438" classname="Test_Data_Generation.Tracking_Number_Systematic_Search"/>
  <testcase name="Tracking_Number_Search" time="27.856" classname="Test_Data_Generation.Tracking_Number_Systematic_Search"/>
  <testcase name="Tracking_Number_Search" time="11.069" classname="Test_Data_Generation.Tracking_Number_Systematic_Search"/>
  <testcase name="Tracking_Number_Search" time="17.115" classname="Test_Data_Generation.Tracking_Number_Systematic_Search"/>
  <testcase name="Tracking_Number_Search" time="32.678" classname="Test_Data_Generation.Tracking_Number_Systematic_Search"/>
  <testcase name="Tracking_Number_Search" time="27.584" classname="Test_Data_Generation.Tracking_Number_Systematic_Search"/>
  <testcase name="Tracking_Number_Search" time="26.664" classname="Test_Data_Generation.Tracking_Number_Systematic_Search"/>
  <testcase name="Tracking_Number_Search" time="4.282" classname="Test_Data_Generation.Tracking_Number_Systematic_Search"/>
  <testcase name="Tracking_Number_Search" time="20.305" classname="Test_Data_Generation.Tracking_Number_Systematic_Search"/>
  <testcase name="Tracking_Number_Search" time="24.648" classname="Test_Data_Generation.Tracking_Number_Systematic_Search"/>
  <testcase name="Tracking_Number_Search" time="27.874" classname="Test_Data_Generation.Tracking_Number_Systematic_Search"/>
  <testcase name="Tracking_Number_Search" time="16.944" classname="Test_Data_Generation.Tracking_Number_Systematic_Search"/>
  <testcase name="Tracking_Number_Search" time="23.806" classname="Test_Data_Generation.Tracking_Number_Systematic_Search"/>
  <testcase name="Tracking_Number_Search" time="14.672" classname="Test_Data_Generation.Tracking_Number_Systematic_Search"/>
  <testcase name="Tracking_Number_Search" time="4.970" classname="Test_Data_Generation.Tracking_Number_Systematic_Search"/>
  <testcase name="Tracking_Number_Search" time="33.133" classname="Test_Data_Generation.Tracking_Number_Systematic_Search"/>
  <testcase name="Tracking_Number_Search" time="89.012" classname="Test_Data_Generation.Tracking_Number_Systematic_Search"/>
  <testcase name="Tracking_Number_Search" time="24.307" classname="Test_Data_Generation.Tracking_Number_Systematic_Search"/>
  <testcase name="Tracking_Number_Search" time="19.105" classname="Test_Data_Generation.Tracking_Number_Systematic_Search"/>
  <testcase name="Tracking_Number_Search" time="20.845" classname="Test_Data_Generation.Tracking_Number_Systematic_Search"/>
  <testcase name="Tracking_Number_Search" time="38.114" classname="Test_Data_Generation.Tracking_Number_Systematic_Search"/>
  <testcase name="Tracking_Number_Search" time="13.152" classname="Test_Data_Generation.Tracking_Number_Systematic_Search"/>
  <testcase name="Tracking_Number_Search" time="61.354" classname="Test_Data_Generation.Tracking_Number_Systematic_Search"/>
  <testcase name="Tracking_Number_Search" time="37.130" classname="Test_Data_Generation.Tracking_Number_Systematic_Search"/>
  <testcase name="Tracking_Number_Search" time="10.080" classname="Test_Data_Generation.Tracking_Number_Systematic_Search"/>
  <testcase name="Tracking_Number_Search" time="27.596" classname="Test_Data_Generation.Tracking_Number_Systematic_Search"/>
  <testcase name="Tracking_Number_Search" time="18.308" classname="Test_Data_Generation.Tracking_Number_Systematic_Search"/>
  <testcase name="Tracking_Number_Search" time="44.796" classname="Test_Data_Generation.Tracking_Number_Systematic_Search"/>
  <testcase name="Tracking_Number_Search" time="39.038" classname="Test_Data_Generation.Tracking_Number_Systematic_Search"/>
  <testcase name="Tracking_Number_Search" time="18.892" classname="Test_Data_Generation.Tracking_Number_Systematic_Search"/>
  <testcase name="Tracking_Number_Search" time="17.167" classname="Test_Data_Generation.Tracking_Number_Systematic_Search"/>
  <testcase name="Tracking_Number_Search" time="13.065" classname="Test_Data_Generation.Tracking_Number_Systematic_Search"/>
  <testcase name="Tracking_Number_Search" time="21.417" classname="Test_Data_Generation.Tracking_Number_Systematic_Search"/>
  <testcase name="Tracking_Number_Search" time="28.212" classname="Test_Data_Generation.Tracking_Number_Systematic_Search"/>
  <testcase name="Tracking_Number_Search" time="66.744" classname="Test_Data_Generation.Tracking_Number_Systematic_Search"/>
  <testcase name="Tracking_Number_Search" time="35.450" classname="Test_Data_Generation.Tracking_Number_Systematic_Search"/>
  <testcase name="Tracking_Number_Search" time="157.915" classname="Test_Data_Generation.Tracking_Number_Systematic_Search"/>
  <testcase name="Tracking_Number_Search" time="16.682" classname="Test_Data_Generation.Tracking_Number_Systematic_Search"/>
  <testcase name="Tracking_Number_Search" time="17.999" classname="Test_Data_Generation.Tracking_Number_Systematic_Search"/>
  <testcase name="Tracking_Number_Search" time="46.183" classname="Test_Data_Generation.Tracking_Number_Systematic_Search"/>
  <testcase name="Tracking_Number_Search" time="31.878" classname="Test_Data_Generation.Tracking_Number_Systematic_Search"/>
  <testcase name="Tracking_Number_Search" time="25.932" classname="Test_Data_Generation.Tracking_Number_Systematic_Search"/>
  <testcase name="Tracking_Number_Search" time="28.935" classname="Test_Data_Generation.Tracking_Number_Systematic_Search"/>
  <testcase name="Tracking_Number_Search" time="50.460" classname="Test_Data_Generation.Tracking_Number_Systematic_Search"/>
  <testcase name="Tracking_Number_Search" time="26.917" classname="Test_Data_Generation.Tracking_Number_Systematic_Search"/>
  <testcase name="Tracking_Number_Search" time="40.060" classname="Test_Data_Generation.Tracking_Number_Systematic_Search"/>
  <testcase name="Tracking_Number_Search" time="27.327" classname="Test_Data_Generation.Tracking_Number_Systematic_Search"/>
  <testcase name="Tracking_Number_Search" time="69.733" classname="Test_Data_Generation.Tracking_Number_Systematic_Search"/>
  <testcase name="Tracking_Number_Search" time="22.991" classname="Test_Data_Generation.Tracking_Number_Systematic_Search"/>
  <testcase name="Tracking_Number_Search" time="5.445" classname="Test_Data_Generation.Tracking_Number_Systematic_Search"/>
  <testcase name="Tracking_Number_Search" time="14.138" classname="Test_Data_Generation.Tracking_Number_Systematic_Search"/>
  <testcase name="Tracking_Number_Search" time="32.998" classname="Test_Data_Generation.Tracking_Number_Systematic_Search"/>
  <testcase name="Tracking_Number_Search" time="25.416" classname="Test_Data_Generation.Tracking_Number_Systematic_Search"/>
  <testcase name="Tracking_Number_Search" time="32.684" classname="Test_Data_Generation.Tracking_Number_Systematic_Search"/>
  <testcase name="Tracking_Number_Search" time="53.717" classname="Test_Data_Generation.Tracking_Number_Systematic_Search"/>
  <testcase name="Tracking_Number_Search" time="17.628" classname="Test_Data_Generation.Tracking_Number_Systematic_Search"/>
  <testcase name="Tracking_Number_Search" time="43.501" classname="Test_Data_Generation.Tracking_Number_Systematic_Search"/>
  <testcase name="Tracking_Number_Search" time="25.374" classname="Test_Data_Generation.Tracking_Number_Systematic_Search"/>
  <testcase name="Tracking_Number_Search" time="19.166" classname="Test_Data_Generation.Tracking_Number_Systematic_Search"/>
  <testcase name="Tracking_Number_Search" time="30.769" classname="Test_Data_Generation.Tracking_Number_Systematic_Search"/>
  <testcase name="Tracking_Number_Search" time="4.396" classname="Test_Data_Generation.Tracking_Number_Systematic_Search"/>
  <testcase name="Tracking_Number_Search" time="19.225" classname="Test_Data_Generation.Tracking_Number_Systematic_Search"/>
  <testcase name="Tracking_Number_Search" time="67.635" classname="Test_Data_Generation.Tracking_Number_Systematic_Search"/>
  <testcase name="Tracking_Number_Search" time="15.593" classname="Test_Data_Generation.Tracking_Number_Systematic_Search"/>
  <testcase name="Tracking_Number_Search" time="27.085" classname="Test_Data_Generation.Tracking_Number_Systematic_Search"/>
  <testcase name="Tracking_Number_Search" time="9.543" classname="Test_Data_Generation.Tracking_Number_Systematic_Search"/>
  <testcase name="Tracking_Number_Search" time="12.287" classname="Test_Data_Generation.Tracking_Number_Systematic_Search"/>
  <testcase name="Tracking_Number_Search" time="15.826" classname="Test_Data_Generation.Tracking_Number_Systematic_Search"/>
  <testcase name="Tracking_Number_Search" time="15.198" classname="Test_Data_Generation.Tracking_Number_Systematic_Search"/>
  <testcase name="Tracking_Number_Search" time="14.677" classname="Test_Data_Generation.Tracking_Number_Systematic_Search"/>
  <testcase name="Tracking_Number_Search" time="23.182" classname="Test_Data_Generation.Tracking_Number_Systematic_Search"/>
  <testcase name="Tracking_Number_Search" time="4.857" classname="Test_Data_Generation.Tracking_Number_Systematic_Search"/>
  <testcase name="Tracking_Number_Search" time="27.557" classname="Test_Data_Generation.Tracking_Number_Systematic_Search"/>
  <testcase name="Tracking_Number_Search" time="61.167" classname="Test_Data_Generation.Tracking_Number_Systematic_Search"/>
  <testcase name="Tracking_Number_Search" time="80.086" classname="Test_Data_Generation.Tracking_Number_Systematic_Search"/>
  <testcase name="Tracking_Number_Search" time="112.080" classname="Test_Data_Generation.Tracking_Number_Systematic_Search"/>
  <testcase name="Tracking_Number_Search" time="40.830" classname="Test_Data_Generation.Tracking_Number_Systematic_Search"/>
  <testcase name="Tracking_Number_Search" time="29.406" classname="Test_Data_Generation.Tracking_Number_Systematic_Search"/>
  <testcase name="Tracking_Number_Search" time="25.631" classname="Test_Data_Generation.Tracking_Number_Systematic_Search"/>
  <testcase name="Tracking_Number_Search" time="27.840" classname="Test_Data_Generation.Tracking_Number_Systematic_Search"/>
  <testcase name="Tracking_Number_Search" time="128.955" classname="Test_Data_Generation.Tracking_Number_Systematic_Search"/>
  <testcase name="Tracking_Number_Search" time="22.393" classname="Test_Data_Generation.Tracking_Number_Systematic_Search"/>
  <testcase name="Tracking_Number_Search" time="25.416" classname="Test_Data_Generation.Tracking_Number_Systematic_Search"/>
  <testcase name="Tracking_Number_Search" time="17.033" classname="Test_Data_Generation.Tracking_Number_Systematic_Search"/>
  <testcase name="Tracking_Number_Search" time="29.485" classname="Test_Data_Generation.Tracking_Number_Systematic_Search"/>
  <testcase name="Tracking_Number_Search" time="44.839" classname="Test_Data_Generation.Tracking_Number_Systematic_Search"/>
  <testcase name="Tracking_Number_Search" time="54.929" classname="Test_Data_Generation.Tracking_Number_Systematic_Search"/>
  <testcase name="Tracking_Number_Search" time="22.647" classname="Test_Data_Generation.Tracking_Number_Systematic_Search"/>
  <testcase name="Tracking_Number_Search" time="14.214" classname="Test_Data_Generation.Tracking_Number_Systematic_Search"/>
  <testcase name="Tracking_Number_Search" time="29.275" classname="Test_Data_Generation.Tracking_Number_Systematic_Search"/>
  <testcase name="Tracking_Number_Search" time="36.788" classname="Test_Data_Generation.Tracking_Number_Systematic_Search"/>
  <testcase name="Tracking_Number_Search" time="21.969" classname="Test_Data_Generation.Tracking_Number_Systematic_Search"/>
  <testcase name="Tracking_Number_Search" time="12.017" classname="Test_Data_Generation.Tracking_Number_Systematic_Search"/>
  <testcase name="Tracking_Number_Search" time="10.217" classname="Test_Data_Generation.Tracking_Number_Systematic_Search"/>
  <testcase name="Tracking_Number_Search" time="29.925" classname="Test_Data_Generation.Tracking_Number_Systematic_Search"/>
  <testcase name="Tracking_Number_Search" time="9.908" classname="Test_Data_Generation.Tracking_Number_Systematic_Search"/>
  <testcase name="Tracking_Number_Search" time="26.148" classname="Test_Data_Generation.Tracking_Number_Systematic_Search"/>
  <testcase name="Tracking_Number_Search" time="42.449" classname="Test_Data_Generation.Tracking_Number_Systematic_Search"/>
  <testcase name="Tracking_Number_Search" time="52.798" classname="Test_Data_Generation.Tracking_Number_Systematic_Search"/>
  <testcase name="Tracking_Number_Search" time="38.673" classname="Test_Data_Generation.Tracking_Number_Systematic_Search"/>
  <testcase name="Tracking_Number_Search" time="17.730" classname="Test_Data_Generation.Tracking_Number_Systematic_Search"/>
  <testcase name="Tracking_Number_Search" time="20.267" classname="Test_Data_Generation.Tracking_Number_Systematic_Search"/>
  <testcase name="Tracking_Number_Search" time="4.183" classname="Test_Data_Generation.Tracking_Number_Systematic_Search"/>
  <testcase name="Tracking_Number_Search" time="160.397" classname="Test_Data_Generation.Tracking_Number_Systematic_Search"/>
  <testcase name="Tracking_Number_Search" time="50.440" classname="Test_Data_Generation.Tracking_Number_Systematic_Search"/>
  <testcase name="Tracking_Number_Search" time="42.004" classname="Test_Data_Generation.Tracking_Number_Systematic_Search"/>
  <testcase name="Tracking_Number_Search" time="16.739" classname="Test_Data_Generation.Tracking_Number_Systematic_Search"/>
  <testcase name="Tracking_Number_Search" time="44.197" classname="Test_Data_Generation.Tracking_Number_Systematic_Search"/>
  <testcase name="Tracking_Number_Search" time="29.277" classname="Test_Data_Generation.Tracking_Number_Systematic_Search"/>
  <testcase name="Tracking_Number_Search" time="10.953" classname="Test_Data_Generation.Tracking_Number_Systematic_Search"/>
  <testcase name="Tracking_Number_Search" time="17.946" classname="Test_Data_Generation.Tracking_Number_Systematic_Search"/>
  <testcase name="Tracking_Number_Search" time="21.778" classname="Test_Data_Generation.Tracking_Number_Systematic_Search"/>
  <testcase name="Tracking_Number_Search" time="1.983" classname="Test_Data_Generation.Tracking_Number_Systematic_Search"/>
  <testcase name="Tracking_Number_Search" time="22.821" classname="Test_Data_Generation.Tracking_Number_Systematic_Search"/>
  <testcase name="Tracking_Number_Search" time="10.536" classname="Test_Data_Generation.Tracking_Number_Systematic_Search"/>
  <testcase name="Tracking_Number_Search" time="43.402" classname="Test_Data_Generation.Tracking_Number_Systematic_Search"/>
  <testcase name="Tracking_Number_Search" time="26.324" classname="Test_Data_Generation.Tracking_Number_Systematic_Search"/>
  <testcase name="Tracking_Number_Search" time="16.847" classname="Test_Data_Generation.Tracking_Number_Systematic_Search"/>
  <testcase name="Tracking_Number_Search_Deep_Update" classname="Test_Data_Generation.Tracking_Number_Systematic_Search">
    <skipped/>
  </testcase> <!-- Tracking_Number_Search_Deep_Update -->
  <testcase name="Tracking_List_Number_Search" classname="Test_Data_Generation.Tracking_Number_Systematic_Search">
    <skipped/>
  </testcase> <!-- Tracking_List_Number_Search -->
</testsuite> <!-- Test_Data_Generation.Tracking_Number_Systematic_Search -->
