<?xml version="1.0" encoding="UTF-8"?>
<!-- Generated by org.testng.reporters.JUnitReportReporter -->
<testsuite skipped="0" hostname="WTC-5159473-l2" name="INET_Application.Olive_Garden" tests="8" failures="0" timestamp="15 Aug 2019 17:04:29 GMT" time="0.187" errors="0">
  <testcase name="Pasta_PASS" time="0.033" classname="INET_Application.Olive_Garden"/>
  <testcase name="Pasta_PASS" time="0.012" classname="INET_Application.Olive_Garden"/>
  <testcase name="Pasta_PASS" time="0.024" classname="INET_Application.Olive_Garden"/>
  <testcase name="Pasta_PASS" time="0.014" classname="INET_Application.Olive_Garden"/>
  <testcase name="Pasta_PASS" time="0.036" classname="INET_Application.Olive_Garden"/>
  <testcase name="Pasta_PASS" time="0.020" classname="INET_Application.Olive_Garden"/>
  <testcase name="Pasta_PASS" time="0.028" classname="INET_Application.Olive_Garden"/>
  <testcase name="Pasta_PASS" time="0.020" classname="INET_Application.Olive_Garden"/>
</testsuite> <!-- INET_Application.Olive_Garden -->
