<?xml version="1.0" encoding="UTF-8"?>
<!-- Generated by org.testng.reporters.JUnitReportReporter -->
<testsuite skipped="0" hostname="WTC-5159473-l2" name="Test_Data_Generation.Tracking_Number_Systematic_Search" tests="100" failures="0" timestamp="17 Sep 2019 17:08:35 GMT" time="619.064" errors="0">
  <testcase name="Tracking_Number_Search_V2" time="9.898" classname="Test_Data_Generation.Tracking_Number_Systematic_Search"/>
  <testcase name="Tracking_Number_Search_V2" time="5.496" classname="Test_Data_Generation.Tracking_Number_Systematic_Search"/>
  <testcase name="Tracking_Number_Search_V2" time="4.534" classname="Test_Data_Generation.Tracking_Number_Systematic_Search"/>
  <testcase name="Tracking_Number_Search_V2" time="4.482" classname="Test_Data_Generation.Tracking_Number_Systematic_Search"/>
  <testcase name="Tracking_Number_Search_V2" time="4.473" classname="Test_Data_Generation.Tracking_Number_Systematic_Search"/>
  <testcase name="Tracking_Number_Search_V2" time="9.482" classname="Test_Data_Generation.Tracking_Number_Systematic_Search"/>
  <testcase name="Tracking_Number_Search_V2" time="4.500" classname="Test_Data_Generation.Tracking_Number_Systematic_Search"/>
  <testcase name="Tracking_Number_Search_V2" time="8.434" classname="Test_Data_Generation.Tracking_Number_Systematic_Search"/>
  <testcase name="Tracking_Number_Search_V2" time="4.346" classname="Test_Data_Generation.Tracking_Number_Systematic_Search"/>
  <testcase name="Tracking_Number_Search_V2" time="7.549" classname="Test_Data_Generation.Tracking_Number_Systematic_Search"/>
  <testcase name="Tracking_Number_Search_V2" time="10.722" classname="Test_Data_Generation.Tracking_Number_Systematic_Search"/>
  <testcase name="Tracking_Number_Search_V2" time="3.763" classname="Test_Data_Generation.Tracking_Number_Systematic_Search"/>
  <testcase name="Tracking_Number_Search_V2" time="10.238" classname="Test_Data_Generation.Tracking_Number_Systematic_Search"/>
  <testcase name="Tracking_Number_Search_V2" time="5.349" classname="Test_Data_Generation.Tracking_Number_Systematic_Search"/>
  <testcase name="Tracking_Number_Search_V2" time="10.685" classname="Test_Data_Generation.Tracking_Number_Systematic_Search"/>
  <testcase name="Tracking_Number_Search_V2" time="5.066" classname="Test_Data_Generation.Tracking_Number_Systematic_Search"/>
  <testcase name="Tracking_Number_Search_V2" time="10.632" classname="Test_Data_Generation.Tracking_Number_Systematic_Search"/>
  <testcase name="Tracking_Number_Search_V2" time="6.863" classname="Test_Data_Generation.Tracking_Number_Systematic_Search"/>
  <testcase name="Tracking_Number_Search_V2" time="5.398" classname="Test_Data_Generation.Tracking_Number_Systematic_Search"/>
  <testcase name="Tracking_Number_Search_V2" time="4.828" classname="Test_Data_Generation.Tracking_Number_Systematic_Search"/>
  <testcase name="Tracking_Number_Search_V2" time="10.551" classname="Test_Data_Generation.Tracking_Number_Systematic_Search"/>
  <testcase name="Tracking_Number_Search_V2" time="9.451" classname="Test_Data_Generation.Tracking_Number_Systematic_Search"/>
  <testcase name="Tracking_Number_Search_V2" time="4.345" classname="Test_Data_Generation.Tracking_Number_Systematic_Search"/>
  <testcase name="Tracking_Number_Search_V2" time="4.779" classname="Test_Data_Generation.Tracking_Number_Systematic_Search"/>
  <testcase name="Tracking_Number_Search_V2" time="10.448" classname="Test_Data_Generation.Tracking_Number_Systematic_Search"/>
  <testcase name="Tracking_Number_Search_V2" time="4.381" classname="Test_Data_Generation.Tracking_Number_Systematic_Search"/>
  <testcase name="Tracking_Number_Search_V2" time="5.565" classname="Test_Data_Generation.Tracking_Number_Systematic_Search"/>
  <testcase name="Tracking_Number_Search_V2" time="4.565" classname="Test_Data_Generation.Tracking_Number_Systematic_Search"/>
  <testcase name="Tracking_Number_Search_V2" time="4.981" classname="Test_Data_Generation.Tracking_Number_Systematic_Search"/>
  <testcase name="Tracking_Number_Search_V2" time="6.729" classname="Test_Data_Generation.Tracking_Number_Systematic_Search"/>
  <testcase name="Tracking_Number_Search_V2" time="9.559" classname="Test_Data_Generation.Tracking_Number_Systematic_Search"/>
  <testcase name="Tracking_Number_Search_V2" time="4.439" classname="Test_Data_Generation.Tracking_Number_Systematic_Search"/>
  <testcase name="Tracking_Number_Search_V2" time="10.961" classname="Test_Data_Generation.Tracking_Number_Systematic_Search"/>
  <testcase name="Tracking_Number_Search_V2" time="5.391" classname="Test_Data_Generation.Tracking_Number_Systematic_Search"/>
  <testcase name="Tracking_Number_Search_V2" time="4.576" classname="Test_Data_Generation.Tracking_Number_Systematic_Search"/>
  <testcase name="Tracking_Number_Search_V2" time="5.519" classname="Test_Data_Generation.Tracking_Number_Systematic_Search"/>
  <testcase name="Tracking_Number_Search_V2" time="5.796" classname="Test_Data_Generation.Tracking_Number_Systematic_Search"/>
  <testcase name="Tracking_Number_Search_V2" time="9.445" classname="Test_Data_Generation.Tracking_Number_Systematic_Search"/>
  <testcase name="Tracking_Number_Search_V2" time="4.617" classname="Test_Data_Generation.Tracking_Number_Systematic_Search"/>
  <testcase name="Tracking_Number_Search_V2" time="2.720" classname="Test_Data_Generation.Tracking_Number_Systematic_Search"/>
  <testcase name="Tracking_Number_Search_V2" time="10.595" classname="Test_Data_Generation.Tracking_Number_Systematic_Search"/>
  <testcase name="Tracking_Number_Search_V2" time="4.592" classname="Test_Data_Generation.Tracking_Number_Systematic_Search"/>
  <testcase name="Tracking_Number_Search_V2" time="4.435" classname="Test_Data_Generation.Tracking_Number_Systematic_Search"/>
  <testcase name="Tracking_Number_Search_V2" time="10.459" classname="Test_Data_Generation.Tracking_Number_Systematic_Search"/>
  <testcase name="Tracking_Number_Search_V2" time="4.577" classname="Test_Data_Generation.Tracking_Number_Systematic_Search"/>
  <testcase name="Tracking_Number_Search_V2" time="4.831" classname="Test_Data_Generation.Tracking_Number_Systematic_Search"/>
  <testcase name="Tracking_Number_Search_V2" time="4.693" classname="Test_Data_Generation.Tracking_Number_Systematic_Search"/>
  <testcase name="Tracking_Number_Search_V2" time="4.688" classname="Test_Data_Generation.Tracking_Number_Systematic_Search"/>
  <testcase name="Tracking_Number_Search_V2" time="4.380" classname="Test_Data_Generation.Tracking_Number_Systematic_Search"/>
  <testcase name="Tracking_Number_Search_V2" time="4.481" classname="Test_Data_Generation.Tracking_Number_Systematic_Search"/>
  <testcase name="Tracking_Number_Search_V2" time="11.654" classname="Test_Data_Generation.Tracking_Number_Systematic_Search"/>
  <testcase name="Tracking_Number_Search_V2" time="4.454" classname="Test_Data_Generation.Tracking_Number_Systematic_Search"/>
  <testcase name="Tracking_Number_Search_V2" time="4.811" classname="Test_Data_Generation.Tracking_Number_Systematic_Search"/>
  <testcase name="Tracking_Number_Search_V2" time="1.602" classname="Test_Data_Generation.Tracking_Number_Systematic_Search"/>
  <testcase name="Tracking_Number_Search_V2" time="4.927" classname="Test_Data_Generation.Tracking_Number_Systematic_Search"/>
  <testcase name="Tracking_Number_Search_V2" time="4.425" classname="Test_Data_Generation.Tracking_Number_Systematic_Search"/>
  <testcase name="Tracking_Number_Search_V2" time="4.587" classname="Test_Data_Generation.Tracking_Number_Systematic_Search"/>
  <testcase name="Tracking_Number_Search_V2" time="4.555" classname="Test_Data_Generation.Tracking_Number_Systematic_Search"/>
  <testcase name="Tracking_Number_Search_V2" time="4.330" classname="Test_Data_Generation.Tracking_Number_Systematic_Search"/>
  <testcase name="Tracking_Number_Search_V2" time="4.583" classname="Test_Data_Generation.Tracking_Number_Systematic_Search"/>
  <testcase name="Tracking_Number_Search_V2" time="5.431" classname="Test_Data_Generation.Tracking_Number_Systematic_Search"/>
  <testcase name="Tracking_Number_Search_V2" time="7.287" classname="Test_Data_Generation.Tracking_Number_Systematic_Search"/>
  <testcase name="Tracking_Number_Search_V2" time="7.802" classname="Test_Data_Generation.Tracking_Number_Systematic_Search"/>
  <testcase name="Tracking_Number_Search_V2" time="6.192" classname="Test_Data_Generation.Tracking_Number_Systematic_Search"/>
  <testcase name="Tracking_Number_Search_V2" time="5.508" classname="Test_Data_Generation.Tracking_Number_Systematic_Search"/>
  <testcase name="Tracking_Number_Search_V2" time="10.945" classname="Test_Data_Generation.Tracking_Number_Systematic_Search"/>
  <testcase name="Tracking_Number_Search_V2" time="4.508" classname="Test_Data_Generation.Tracking_Number_Systematic_Search"/>
  <testcase name="Tracking_Number_Search_V2" time="9.744" classname="Test_Data_Generation.Tracking_Number_Systematic_Search"/>
  <testcase name="Tracking_Number_Search_V2" time="4.355" classname="Test_Data_Generation.Tracking_Number_Systematic_Search"/>
  <testcase name="Tracking_Number_Search_V2" time="9.839" classname="Test_Data_Generation.Tracking_Number_Systematic_Search"/>
  <testcase name="Tracking_Number_Search_V2" time="4.870" classname="Test_Data_Generation.Tracking_Number_Systematic_Search"/>
  <testcase name="Tracking_Number_Search_V2" time="4.500" classname="Test_Data_Generation.Tracking_Number_Systematic_Search"/>
  <testcase name="Tracking_Number_Search_V2" time="4.341" classname="Test_Data_Generation.Tracking_Number_Systematic_Search"/>
  <testcase name="Tracking_Number_Search_V2" time="9.038" classname="Test_Data_Generation.Tracking_Number_Systematic_Search"/>
  <testcase name="Tracking_Number_Search_V2" time="4.449" classname="Test_Data_Generation.Tracking_Number_Systematic_Search"/>
  <testcase name="Tracking_Number_Search_V2" time="4.392" classname="Test_Data_Generation.Tracking_Number_Systematic_Search"/>
  <testcase name="Tracking_Number_Search_V2" time="4.479" classname="Test_Data_Generation.Tracking_Number_Systematic_Search"/>
  <testcase name="Tracking_Number_Search_V2" time="4.249" classname="Test_Data_Generation.Tracking_Number_Systematic_Search"/>
  <testcase name="Tracking_Number_Search_V2" time="4.400" classname="Test_Data_Generation.Tracking_Number_Systematic_Search"/>
  <testcase name="Tracking_Number_Search_V2" time="4.592" classname="Test_Data_Generation.Tracking_Number_Systematic_Search"/>
  <testcase name="Tracking_Number_Search_V2" time="4.795" classname="Test_Data_Generation.Tracking_Number_Systematic_Search"/>
  <testcase name="Tracking_Number_Search_V2" time="5.312" classname="Test_Data_Generation.Tracking_Number_Systematic_Search"/>
  <testcase name="Tracking_Number_Search_V2" time="8.829" classname="Test_Data_Generation.Tracking_Number_Systematic_Search"/>
  <testcase name="Tracking_Number_Search_V2" time="4.585" classname="Test_Data_Generation.Tracking_Number_Systematic_Search"/>
  <testcase name="Tracking_Number_Search_V2" time="4.481" classname="Test_Data_Generation.Tracking_Number_Systematic_Search"/>
  <testcase name="Tracking_Number_Search_V2" time="4.452" classname="Test_Data_Generation.Tracking_Number_Systematic_Search"/>
  <testcase name="Tracking_Number_Search_V2" time="10.611" classname="Test_Data_Generation.Tracking_Number_Systematic_Search"/>
  <testcase name="Tracking_Number_Search_V2" time="10.751" classname="Test_Data_Generation.Tracking_Number_Systematic_Search"/>
  <testcase name="Tracking_Number_Search_V2" time="4.639" classname="Test_Data_Generation.Tracking_Number_Systematic_Search"/>
  <testcase name="Tracking_Number_Search_V2" time="10.465" classname="Test_Data_Generation.Tracking_Number_Systematic_Search"/>
  <testcase name="Tracking_Number_Search_V2" time="5.202" classname="Test_Data_Generation.Tracking_Number_Systematic_Search"/>
  <testcase name="Tracking_Number_Search_V2" time="4.512" classname="Test_Data_Generation.Tracking_Number_Systematic_Search"/>
  <testcase name="Tracking_Number_Search_V2" time="4.442" classname="Test_Data_Generation.Tracking_Number_Systematic_Search"/>
  <testcase name="Tracking_Number_Search_V2" time="8.083" classname="Test_Data_Generation.Tracking_Number_Systematic_Search"/>
  <testcase name="Tracking_Number_Search_V2" time="10.279" classname="Test_Data_Generation.Tracking_Number_Systematic_Search"/>
  <testcase name="Tracking_Number_Search_V2" time="4.415" classname="Test_Data_Generation.Tracking_Number_Systematic_Search"/>
  <testcase name="Tracking_Number_Search_V2" time="4.361" classname="Test_Data_Generation.Tracking_Number_Systematic_Search"/>
  <testcase name="Tracking_Number_Search_V2" time="5.485" classname="Test_Data_Generation.Tracking_Number_Systematic_Search"/>
  <testcase name="Tracking_Number_Search_V2" time="4.400" classname="Test_Data_Generation.Tracking_Number_Systematic_Search"/>
  <testcase name="Tracking_Number_Search_V2" time="4.829" classname="Test_Data_Generation.Tracking_Number_Systematic_Search"/>
</testsuite> <!-- Test_Data_Generation.Tracking_Number_Systematic_Search -->
