<?xml version="1.0" encoding="UTF-8"?>
<!-- Generated by org.testng.reporters.JUnitReportReporter -->
<testsuite skipped="3" hostname="WTC-5159473-l2" name="USRC_Application.USRC_TestData_Update" tests="239" failures="1" timestamp="13 Aug 2019 20:25:03 GMT" time="3541.852" errors="0">
  <testcase name="CheckLogin" time="11.052" classname="USRC_Application.USRC_TestData_Update"/>
  <testcase name="CheckLogin" time="10.432" classname="USRC_Application.USRC_TestData_Update"/>
  <testcase name="CheckLogin" time="16.780" classname="USRC_Application.USRC_TestData_Update"/>
  <testcase name="CheckLogin" time="9.629" classname="USRC_Application.USRC_TestData_Update"/>
  <testcase name="CheckLogin" time="11.994" classname="USRC_Application.USRC_TestData_Update"/>
  <testcase name="CheckLogin" time="19.863" classname="USRC_Application.USRC_TestData_Update"/>
  <testcase name="CheckLogin" time="21.319" classname="USRC_Application.USRC_TestData_Update"/>
  <testcase name="CheckLogin" time="16.406" classname="USRC_Application.USRC_TestData_Update"/>
  <testcase name="CheckLogin" time="17.411" classname="USRC_Application.USRC_TestData_Update"/>
  <testcase name="CheckLogin" time="17.963" classname="USRC_Application.USRC_TestData_Update"/>
  <testcase name="CheckLogin" time="10.696" classname="USRC_Application.USRC_TestData_Update"/>
  <testcase name="CheckLogin" time="12.181" classname="USRC_Application.USRC_TestData_Update"/>
  <testcase name="CheckLogin" time="17.314" classname="USRC_Application.USRC_TestData_Update"/>
  <testcase name="CheckLogin" time="17.459" classname="USRC_Application.USRC_TestData_Update"/>
  <testcase name="CheckLogin" time="14.332" classname="USRC_Application.USRC_TestData_Update"/>
  <testcase name="CheckLogin" time="19.296" classname="USRC_Application.USRC_TestData_Update"/>
  <testcase name="CheckLogin" time="8.762" classname="USRC_Application.USRC_TestData_Update"/>
  <testcase name="CheckLogin" time="16.941" classname="USRC_Application.USRC_TestData_Update"/>
  <testcase name="CheckLogin" time="9.251" classname="USRC_Application.USRC_TestData_Update"/>
  <testcase name="CheckLogin" time="9.224" classname="USRC_Application.USRC_TestData_Update"/>
  <testcase name="CheckLogin" time="21.242" classname="USRC_Application.USRC_TestData_Update"/>
  <testcase name="CheckLogin" time="17.676" classname="USRC_Application.USRC_TestData_Update"/>
  <testcase name="CheckLogin" time="13.849" classname="USRC_Application.USRC_TestData_Update"/>
  <testcase name="CheckLogin" time="18.047" classname="USRC_Application.USRC_TestData_Update"/>
  <testcase name="CheckLogin" time="19.898" classname="USRC_Application.USRC_TestData_Update"/>
  <testcase name="CheckLogin" time="20.956" classname="USRC_Application.USRC_TestData_Update"/>
  <testcase name="CheckLogin" time="24.227" classname="USRC_Application.USRC_TestData_Update"/>
  <testcase name="CheckLogin" time="20.582" classname="USRC_Application.USRC_TestData_Update"/>
  <testcase name="CheckLogin" time="16.810" classname="USRC_Application.USRC_TestData_Update"/>
  <testcase name="CheckLogin" time="10.413" classname="USRC_Application.USRC_TestData_Update"/>
  <testcase name="CheckLogin" time="7.701" classname="USRC_Application.USRC_TestData_Update"/>
  <testcase name="CheckLogin" time="26.509" classname="USRC_Application.USRC_TestData_Update"/>
  <testcase name="CheckLogin" time="13.040" classname="USRC_Application.USRC_TestData_Update"/>
  <testcase name="CheckLogin" time="8.640" classname="USRC_Application.USRC_TestData_Update"/>
  <testcase name="CheckLogin" time="6.027" classname="USRC_Application.USRC_TestData_Update"/>
  <testcase name="CheckLogin" time="20.111" classname="USRC_Application.USRC_TestData_Update"/>
  <testcase name="CheckLogin" time="14.583" classname="USRC_Application.USRC_TestData_Update"/>
  <testcase name="CheckLogin" time="10.698" classname="USRC_Application.USRC_TestData_Update"/>
  <testcase name="CheckLogin" time="21.211" classname="USRC_Application.USRC_TestData_Update"/>
  <testcase name="CheckLogin" time="7.322" classname="USRC_Application.USRC_TestData_Update"/>
  <testcase name="CheckLogin" time="11.649" classname="USRC_Application.USRC_TestData_Update"/>
  <testcase name="CheckLogin" time="18.120" classname="USRC_Application.USRC_TestData_Update"/>
  <testcase name="CheckLogin" time="15.095" classname="USRC_Application.USRC_TestData_Update"/>
  <testcase name="CheckLogin" time="16.024" classname="USRC_Application.USRC_TestData_Update"/>
  <testcase name="CheckLogin" time="16.715" classname="USRC_Application.USRC_TestData_Update"/>
  <testcase name="CheckLogin" time="20.756" classname="USRC_Application.USRC_TestData_Update"/>
  <testcase name="CheckLogin" time="8.075" classname="USRC_Application.USRC_TestData_Update"/>
  <testcase name="CheckLogin" time="23.804" classname="USRC_Application.USRC_TestData_Update"/>
  <testcase name="CheckLogin" time="11.516" classname="USRC_Application.USRC_TestData_Update"/>
  <testcase name="CheckLogin" time="17.422" classname="USRC_Application.USRC_TestData_Update"/>
  <testcase name="CheckLogin" time="13.200" classname="USRC_Application.USRC_TestData_Update"/>
  <testcase name="CheckLogin" time="9.765" classname="USRC_Application.USRC_TestData_Update"/>
  <testcase name="CheckLogin" time="20.506" classname="USRC_Application.USRC_TestData_Update"/>
  <testcase name="CheckLogin" time="21.670" classname="USRC_Application.USRC_TestData_Update"/>
  <testcase name="CheckLogin" time="22.077" classname="USRC_Application.USRC_TestData_Update"/>
  <testcase name="CheckLogin" time="18.610" classname="USRC_Application.USRC_TestData_Update"/>
  <testcase name="CheckLogin" time="13.913" classname="USRC_Application.USRC_TestData_Update"/>
  <testcase name="CheckLogin" time="7.850" classname="USRC_Application.USRC_TestData_Update"/>
  <testcase name="CheckLogin" time="16.514" classname="USRC_Application.USRC_TestData_Update"/>
  <testcase name="CheckLogin" time="20.910" classname="USRC_Application.USRC_TestData_Update"/>
  <testcase name="CheckLogin" time="19.188" classname="USRC_Application.USRC_TestData_Update"/>
  <testcase name="CheckLogin" time="14.740" classname="USRC_Application.USRC_TestData_Update"/>
  <testcase name="CheckLogin" time="17.632" classname="USRC_Application.USRC_TestData_Update"/>
  <testcase name="CheckLogin" time="7.817" classname="USRC_Application.USRC_TestData_Update"/>
  <testcase name="CheckLogin" time="11.069" classname="USRC_Application.USRC_TestData_Update"/>
  <testcase name="CheckLogin" time="11.700" classname="USRC_Application.USRC_TestData_Update"/>
  <testcase name="CheckLogin" time="13.330" classname="USRC_Application.USRC_TestData_Update"/>
  <testcase name="CheckLogin" time="11.668" classname="USRC_Application.USRC_TestData_Update"/>
  <testcase name="CheckLogin" time="15.475" classname="USRC_Application.USRC_TestData_Update"/>
  <testcase name="CheckLogin" time="18.166" classname="USRC_Application.USRC_TestData_Update"/>
  <testcase name="CheckLogin" time="10.174" classname="USRC_Application.USRC_TestData_Update"/>
  <testcase name="CheckLogin" time="13.456" classname="USRC_Application.USRC_TestData_Update"/>
  <testcase name="CheckLogin" time="19.953" classname="USRC_Application.USRC_TestData_Update"/>
  <testcase name="CheckLogin" time="13.066" classname="USRC_Application.USRC_TestData_Update"/>
  <testcase name="CheckLogin" time="19.582" classname="USRC_Application.USRC_TestData_Update"/>
  <testcase name="CheckLogin" time="14.031" classname="USRC_Application.USRC_TestData_Update"/>
  <testcase name="CheckLogin" time="20.696" classname="USRC_Application.USRC_TestData_Update"/>
  <testcase name="CheckLogin" time="8.696" classname="USRC_Application.USRC_TestData_Update"/>
  <testcase name="CheckLogin" time="11.257" classname="USRC_Application.USRC_TestData_Update"/>
  <testcase name="CheckLogin" time="18.504" classname="USRC_Application.USRC_TestData_Update"/>
  <testcase name="CheckLogin" time="13.331" classname="USRC_Application.USRC_TestData_Update"/>
  <testcase name="CheckLogin" time="20.048" classname="USRC_Application.USRC_TestData_Update"/>
  <testcase name="CheckLogin" time="6.892" classname="USRC_Application.USRC_TestData_Update"/>
  <testcase name="CheckLogin" time="17.162" classname="USRC_Application.USRC_TestData_Update"/>
  <testcase name="CheckLogin" time="19.544" classname="USRC_Application.USRC_TestData_Update"/>
  <testcase name="CheckLogin" time="17.212" classname="USRC_Application.USRC_TestData_Update"/>
  <testcase name="CheckLogin" time="14.414" classname="USRC_Application.USRC_TestData_Update"/>
  <testcase name="CheckLogin" time="9.422" classname="USRC_Application.USRC_TestData_Update"/>
  <testcase name="CheckLogin" time="22.683" classname="USRC_Application.USRC_TestData_Update"/>
  <testcase name="CheckLogin" time="15.521" classname="USRC_Application.USRC_TestData_Update"/>
  <testcase name="CheckLogin" time="16.051" classname="USRC_Application.USRC_TestData_Update"/>
  <testcase name="CheckLogin" time="21.113" classname="USRC_Application.USRC_TestData_Update"/>
  <testcase name="CheckLogin" time="7.571" classname="USRC_Application.USRC_TestData_Update"/>
  <testcase name="CheckLogin" time="14.807" classname="USRC_Application.USRC_TestData_Update"/>
  <testcase name="CheckLogin" time="10.406" classname="USRC_Application.USRC_TestData_Update"/>
  <testcase name="CheckLogin" time="20.232" classname="USRC_Application.USRC_TestData_Update"/>
  <testcase name="CheckLogin" time="15.868" classname="USRC_Application.USRC_TestData_Update"/>
  <testcase name="CheckLogin" time="15.244" classname="USRC_Application.USRC_TestData_Update"/>
  <testcase name="CheckLogin" time="14.809" classname="USRC_Application.USRC_TestData_Update"/>
  <testcase name="CheckLogin" time="8.518" classname="USRC_Application.USRC_TestData_Update"/>
  <testcase name="CheckLogin" time="10.300" classname="USRC_Application.USRC_TestData_Update"/>
  <testcase name="CheckLogin" time="16.109" classname="USRC_Application.USRC_TestData_Update"/>
  <testcase name="CheckLogin" time="8.040" classname="USRC_Application.USRC_TestData_Update"/>
  <testcase name="CheckLogin" time="18.077" classname="USRC_Application.USRC_TestData_Update"/>
  <testcase name="CheckLogin" time="9.200" classname="USRC_Application.USRC_TestData_Update"/>
  <testcase name="CheckLogin" time="8.662" classname="USRC_Application.USRC_TestData_Update"/>
  <testcase name="CheckLogin" time="15.457" classname="USRC_Application.USRC_TestData_Update"/>
  <testcase name="CheckLogin" time="17.568" classname="USRC_Application.USRC_TestData_Update"/>
  <testcase name="CheckLogin" time="16.709" classname="USRC_Application.USRC_TestData_Update"/>
  <testcase name="CheckLogin" time="20.420" classname="USRC_Application.USRC_TestData_Update"/>
  <testcase name="CheckLogin" time="19.493" classname="USRC_Application.USRC_TestData_Update"/>
  <testcase name="CheckLogin" time="11.392" classname="USRC_Application.USRC_TestData_Update"/>
  <testcase name="CheckLogin" time="15.544" classname="USRC_Application.USRC_TestData_Update"/>
  <testcase name="CheckLogin" time="10.395" classname="USRC_Application.USRC_TestData_Update"/>
  <testcase name="CheckLogin" time="21.385" classname="USRC_Application.USRC_TestData_Update"/>
  <testcase name="CheckLogin" time="7.381" classname="USRC_Application.USRC_TestData_Update"/>
  <testcase name="CheckLogin" time="16.480" classname="USRC_Application.USRC_TestData_Update"/>
  <testcase name="CheckLogin" time="19.396" classname="USRC_Application.USRC_TestData_Update"/>
  <testcase name="CheckLogin" time="19.700" classname="USRC_Application.USRC_TestData_Update"/>
  <testcase name="CheckLogin" time="11.956" classname="USRC_Application.USRC_TestData_Update"/>
  <testcase name="CheckLogin" time="14.039" classname="USRC_Application.USRC_TestData_Update"/>
  <testcase name="CheckLogin" time="17.477" classname="USRC_Application.USRC_TestData_Update"/>
  <testcase name="CheckLogin" time="12.868" classname="USRC_Application.USRC_TestData_Update"/>
  <testcase name="CheckLogin" time="11.176" classname="USRC_Application.USRC_TestData_Update"/>
  <testcase name="CheckLogin" time="11.807" classname="USRC_Application.USRC_TestData_Update"/>
  <testcase name="CheckLogin" time="16.373" classname="USRC_Application.USRC_TestData_Update"/>
  <testcase name="CheckLogin" time="9.647" classname="USRC_Application.USRC_TestData_Update"/>
  <testcase name="CheckLogin" time="10.939" classname="USRC_Application.USRC_TestData_Update"/>
  <testcase name="CheckLogin" time="14.233" classname="USRC_Application.USRC_TestData_Update"/>
  <testcase name="CheckLogin" time="15.627" classname="USRC_Application.USRC_TestData_Update"/>
  <testcase name="CheckLogin" time="6.680" classname="USRC_Application.USRC_TestData_Update"/>
  <testcase name="CheckLogin" time="22.189" classname="USRC_Application.USRC_TestData_Update"/>
  <testcase name="CheckLogin" time="24.305" classname="USRC_Application.USRC_TestData_Update"/>
  <testcase name="CheckLogin" time="12.229" classname="USRC_Application.USRC_TestData_Update"/>
  <testcase name="CheckLogin" time="20.095" classname="USRC_Application.USRC_TestData_Update"/>
  <testcase name="CheckLogin" time="13.597" classname="USRC_Application.USRC_TestData_Update"/>
  <testcase name="CheckLogin" time="13.891" classname="USRC_Application.USRC_TestData_Update"/>
  <testcase name="CheckLogin" time="10.476" classname="USRC_Application.USRC_TestData_Update"/>
  <testcase name="CheckLogin" time="21.184" classname="USRC_Application.USRC_TestData_Update"/>
  <testcase name="CheckLogin" time="17.751" classname="USRC_Application.USRC_TestData_Update"/>
  <testcase name="CheckLogin" time="16.546" classname="USRC_Application.USRC_TestData_Update"/>
  <testcase name="CheckLogin" time="5.484" classname="USRC_Application.USRC_TestData_Update"/>
  <testcase name="CheckLogin" time="12.422" classname="USRC_Application.USRC_TestData_Update"/>
  <testcase name="CheckLogin" time="23.247" classname="USRC_Application.USRC_TestData_Update"/>
  <testcase name="CheckLogin" time="15.416" classname="USRC_Application.USRC_TestData_Update"/>
  <testcase name="CheckLogin" time="15.158" classname="USRC_Application.USRC_TestData_Update"/>
  <testcase name="CheckLogin" time="22.882" classname="USRC_Application.USRC_TestData_Update"/>
  <testcase name="CheckLogin" time="19.671" classname="USRC_Application.USRC_TestData_Update"/>
  <testcase name="CheckLogin" time="13.568" classname="USRC_Application.USRC_TestData_Update"/>
  <testcase name="CheckLogin" time="20.969" classname="USRC_Application.USRC_TestData_Update"/>
  <testcase name="CheckLogin" time="8.643" classname="USRC_Application.USRC_TestData_Update"/>
  <testcase name="CheckLogin" time="19.037" classname="USRC_Application.USRC_TestData_Update"/>
  <testcase name="CheckLogin" time="13.946" classname="USRC_Application.USRC_TestData_Update"/>
  <testcase name="CheckLogin" time="15.754" classname="USRC_Application.USRC_TestData_Update"/>
  <testcase name="CheckLogin" time="7.161" classname="USRC_Application.USRC_TestData_Update"/>
  <testcase name="CheckLogin" time="14.989" classname="USRC_Application.USRC_TestData_Update"/>
  <testcase name="CheckLogin" time="13.167" classname="USRC_Application.USRC_TestData_Update"/>
  <testcase name="CheckLogin" time="18.646" classname="USRC_Application.USRC_TestData_Update"/>
  <testcase name="CheckLogin" time="10.222" classname="USRC_Application.USRC_TestData_Update"/>
  <testcase name="CheckLogin" time="14.964" classname="USRC_Application.USRC_TestData_Update"/>
  <testcase name="CheckLogin" time="17.473" classname="USRC_Application.USRC_TestData_Update"/>
  <testcase name="CheckLogin" time="15.743" classname="USRC_Application.USRC_TestData_Update"/>
  <testcase name="CheckLogin" time="28.137" classname="USRC_Application.USRC_TestData_Update"/>
  <testcase name="CheckLogin" time="20.806" classname="USRC_Application.USRC_TestData_Update"/>
  <testcase name="CheckLogin" time="12.573" classname="USRC_Application.USRC_TestData_Update"/>
  <testcase name="CheckLogin" time="7.295" classname="USRC_Application.USRC_TestData_Update"/>
  <testcase name="CheckLogin" time="19.170" classname="USRC_Application.USRC_TestData_Update"/>
  <testcase name="CheckLogin" time="16.985" classname="USRC_Application.USRC_TestData_Update"/>
  <testcase name="CheckLogin" time="14.995" classname="USRC_Application.USRC_TestData_Update"/>
  <testcase name="CheckLogin" time="11.536" classname="USRC_Application.USRC_TestData_Update"/>
  <testcase name="CheckLogin" time="15.818" classname="USRC_Application.USRC_TestData_Update"/>
  <testcase name="CheckLogin" time="12.493" classname="USRC_Application.USRC_TestData_Update"/>
  <testcase name="CheckLogin" time="19.745" classname="USRC_Application.USRC_TestData_Update"/>
  <testcase name="CheckLogin" time="14.377" classname="USRC_Application.USRC_TestData_Update"/>
  <testcase name="CheckLogin" time="14.136" classname="USRC_Application.USRC_TestData_Update"/>
  <testcase name="CheckLogin" time="9.809" classname="USRC_Application.USRC_TestData_Update"/>
  <testcase name="CheckLogin" time="14.311" classname="USRC_Application.USRC_TestData_Update"/>
  <testcase name="CheckLogin" time="19.680" classname="USRC_Application.USRC_TestData_Update"/>
  <testcase name="CheckLogin" time="16.444" classname="USRC_Application.USRC_TestData_Update"/>
  <testcase name="CheckLogin" time="12.480" classname="USRC_Application.USRC_TestData_Update"/>
  <testcase name="CheckLogin" time="14.459" classname="USRC_Application.USRC_TestData_Update"/>
  <testcase name="CheckLogin" time="1.224" classname="USRC_Application.USRC_TestData_Update">
    <failure type="java.lang.AssertionError" message="Not able to login">
      <![CDATA[java.lang.AssertionError: Not able to login
at org.junit.Assert.fail(Assert.java:88)
at USRC_Application.USRC_TestData_Update.CheckLogin(USRC_TestData_Update.java:188)
at sun.reflect.GeneratedMethodAccessor2.invoke(Unknown Source)
at sun.reflect.DelegatingMethodAccessorImpl.invoke(Unknown Source)
at java.lang.reflect.Method.invoke(Unknown Source)
at org.testng.internal.MethodInvocationHelper.invokeMethod(MethodInvocationHelper.java:124)
at org.testng.internal.Invoker.invokeMethod(Invoker.java:580)
at org.testng.internal.Invoker.invokeTestMethod(Invoker.java:716)
at org.testng.internal.TestMethodWithDataProviderMethodWorker.call(TestMethodWithDataProviderMethodWorker.java:71)
at org.testng.internal.TestMethodWithDataProviderMethodWorker.call(TestMethodWithDataProviderMethodWorker.java:14)
at java.util.concurrent.FutureTask.run(Unknown Source)
at java.util.concurrent.Executors$RunnableAdapter.call(Unknown Source)
at java.util.concurrent.FutureTask.run(Unknown Source)
at java.util.concurrent.ThreadPoolExecutor.runWorker(Unknown Source)
at java.util.concurrent.ThreadPoolExecutor$Worker.run(Unknown Source)
at java.lang.Thread.run(Unknown Source)
]]>
    </failure>
  </testcase> <!-- CheckLogin -->
  <testcase name="CheckLogin" time="9.623" classname="USRC_Application.USRC_TestData_Update"/>
  <testcase name="CheckLogin" time="14.513" classname="USRC_Application.USRC_TestData_Update"/>
  <testcase name="CheckLogin" time="16.575" classname="USRC_Application.USRC_TestData_Update"/>
  <testcase name="CheckLogin" time="16.772" classname="USRC_Application.USRC_TestData_Update"/>
  <testcase name="CheckLogin" time="19.374" classname="USRC_Application.USRC_TestData_Update"/>
  <testcase name="CheckLogin" time="10.641" classname="USRC_Application.USRC_TestData_Update"/>
  <testcase name="CheckLogin" time="20.230" classname="USRC_Application.USRC_TestData_Update"/>
  <testcase name="CheckLogin" time="24.020" classname="USRC_Application.USRC_TestData_Update"/>
  <testcase name="CheckLogin" time="23.404" classname="USRC_Application.USRC_TestData_Update"/>
  <testcase name="CheckLogin" time="14.198" classname="USRC_Application.USRC_TestData_Update"/>
  <testcase name="CheckLogin" time="11.445" classname="USRC_Application.USRC_TestData_Update"/>
  <testcase name="CheckLogin" time="23.335" classname="USRC_Application.USRC_TestData_Update"/>
  <testcase name="CheckLogin" time="6.710" classname="USRC_Application.USRC_TestData_Update"/>
  <testcase name="CheckLogin" time="10.856" classname="USRC_Application.USRC_TestData_Update"/>
  <testcase name="CheckLogin" time="15.413" classname="USRC_Application.USRC_TestData_Update"/>
  <testcase name="CheckLogin" time="20.166" classname="USRC_Application.USRC_TestData_Update"/>
  <testcase name="CheckLogin" time="17.165" classname="USRC_Application.USRC_TestData_Update"/>
  <testcase name="CheckLogin" time="18.248" classname="USRC_Application.USRC_TestData_Update"/>
  <testcase name="CheckLogin" time="22.458" classname="USRC_Application.USRC_TestData_Update"/>
  <testcase name="CheckLogin" time="12.342" classname="USRC_Application.USRC_TestData_Update"/>
  <testcase name="CheckLogin" time="20.101" classname="USRC_Application.USRC_TestData_Update"/>
  <testcase name="CheckLogin" time="18.992" classname="USRC_Application.USRC_TestData_Update"/>
  <testcase name="CheckLogin" time="4.802" classname="USRC_Application.USRC_TestData_Update"/>
  <testcase name="CheckLogin" time="15.022" classname="USRC_Application.USRC_TestData_Update"/>
  <testcase name="CheckLogin" time="17.466" classname="USRC_Application.USRC_TestData_Update"/>
  <testcase name="CheckLogin" time="13.646" classname="USRC_Application.USRC_TestData_Update"/>
  <testcase name="CheckLogin" time="21.729" classname="USRC_Application.USRC_TestData_Update"/>
  <testcase name="CheckLogin" time="12.318" classname="USRC_Application.USRC_TestData_Update"/>
  <testcase name="CheckLogin" time="14.770" classname="USRC_Application.USRC_TestData_Update"/>
  <testcase name="CheckLogin" time="19.965" classname="USRC_Application.USRC_TestData_Update"/>
  <testcase name="CheckLogin" time="15.862" classname="USRC_Application.USRC_TestData_Update"/>
  <testcase name="CheckLogin" time="17.832" classname="USRC_Application.USRC_TestData_Update"/>
  <testcase name="CheckLogin" time="14.625" classname="USRC_Application.USRC_TestData_Update"/>
  <testcase name="CheckLogin" time="17.097" classname="USRC_Application.USRC_TestData_Update"/>
  <testcase name="CheckLogin" time="11.301" classname="USRC_Application.USRC_TestData_Update"/>
  <testcase name="CheckLogin" time="6.749" classname="USRC_Application.USRC_TestData_Update"/>
  <testcase name="CheckLogin" time="10.045" classname="USRC_Application.USRC_TestData_Update"/>
  <testcase name="CheckLogin" time="10.619" classname="USRC_Application.USRC_TestData_Update"/>
  <testcase name="CheckLogin" time="7.984" classname="USRC_Application.USRC_TestData_Update"/>
  <testcase name="CheckLogin" time="13.407" classname="USRC_Application.USRC_TestData_Update"/>
  <testcase name="CheckLogin" time="17.122" classname="USRC_Application.USRC_TestData_Update"/>
  <testcase name="CheckLogin" time="7.847" classname="USRC_Application.USRC_TestData_Update"/>
  <testcase name="CheckLogin" time="24.003" classname="USRC_Application.USRC_TestData_Update"/>
  <testcase name="CheckLogin" time="11.878" classname="USRC_Application.USRC_TestData_Update"/>
  <testcase name="CheckLogin" time="7.765" classname="USRC_Application.USRC_TestData_Update"/>
  <testcase name="CheckLogin" time="10.864" classname="USRC_Application.USRC_TestData_Update"/>
  <testcase name="CheckLogin" time="16.941" classname="USRC_Application.USRC_TestData_Update"/>
  <testcase name="CheckLogin" time="12.897" classname="USRC_Application.USRC_TestData_Update"/>
  <testcase name="CheckLogin" time="9.938" classname="USRC_Application.USRC_TestData_Update"/>
  <testcase name="CheckLogin" time="9.232" classname="USRC_Application.USRC_TestData_Update"/>
  <testcase name="CheckLogin" time="11.715" classname="USRC_Application.USRC_TestData_Update"/>
  <testcase name="CheckLogin" time="11.252" classname="USRC_Application.USRC_TestData_Update"/>
  <testcase name="CheckLogin" time="19.835" classname="USRC_Application.USRC_TestData_Update"/>
  <testcase name="CheckLogin" time="13.829" classname="USRC_Application.USRC_TestData_Update"/>
  <testcase name="CheckMigration" classname="USRC_Application.USRC_TestData_Update">
    <skipped/>
  </testcase> <!-- CheckMigration -->
  <testcase name="Check_WCRV_Status" classname="USRC_Application.USRC_TestData_Update">
    <skipped/>
  </testcase> <!-- Check_WCRV_Status -->
  <testcase name="UpdateUser" classname="USRC_Application.USRC_TestData_Update">
    <skipped/>
  </testcase> <!-- UpdateUser -->
</testsuite> <!-- USRC_Application.USRC_TestData_Update -->
