<?xml version="1.0" encoding="UTF-8"?>
<!-- Generated by org.testng.reporters.JUnitReportReporter -->
<testsuite skipped="1" hostname="WTC-5159473-l2" name="SupportClasses.Account_Lookup" tests="11" failures="0" timestamp="10 Jun 2019 17:09:08 GMT" time="68.019" errors="0">
  <testcase name="AccountCheck" time="7.092" classname="SupportClasses.Account_Lookup"/>
  <testcase name="AccountCheck" time="4.699" classname="SupportClasses.Account_Lookup"/>
  <testcase name="AccountCheck" time="8.670" classname="SupportClasses.Account_Lookup"/>
  <testcase name="AccountCheck" time="5.229" classname="SupportClasses.Account_Lookup"/>
  <testcase name="AccountCheck" time="6.120" classname="SupportClasses.Account_Lookup"/>
  <testcase name="AccountCheck" time="9.232" classname="SupportClasses.Account_Lookup"/>
  <testcase name="AccountCheck" time="4.146" classname="SupportClasses.Account_Lookup"/>
  <testcase name="AccountCheck" time="5.683" classname="SupportClasses.Account_Lookup"/>
  <testcase name="AccountCheck" time="7.642" classname="SupportClasses.Account_Lookup"/>
  <testcase name="AccountCheck" time="9.506" classname="SupportClasses.Account_Lookup"/>
  <testcase name="Update_Account_Details" classname="SupportClasses.Account_Lookup">
    <skipped/>
  </testcase> <!-- Update_Account_Details -->
</testsuite> <!-- SupportClasses.Account_Lookup -->
