<?xml version="1.0" encoding="UTF-8"?>
<!-- Generated by org.testng.reporters.JUnitReportReporter -->
<testsuite skipped="0" hostname="WTC-5159473-l2" name="USRC_Application.USRC_TestData_Update" tests="237" failures="0" timestamp="24 Sep 2019 21:21:29 GMT" time="5191.403" errors="0">
  <testcase name="CheckLogin" time="31.382" classname="USRC_Application.USRC_TestData_Update"/>
  <testcase name="CheckLogin" time="23.804" classname="USRC_Application.USRC_TestData_Update"/>
  <testcase name="CheckLogin" time="32.410" classname="USRC_Application.USRC_TestData_Update"/>
  <testcase name="CheckLogin" time="20.724" classname="USRC_Application.USRC_TestData_Update"/>
  <testcase name="CheckLogin" time="19.247" classname="USRC_Application.USRC_TestData_Update"/>
  <testcase name="CheckLogin" time="18.935" classname="USRC_Application.USRC_TestData_Update"/>
  <testcase name="CheckLogin" time="18.679" classname="USRC_Application.USRC_TestData_Update"/>
  <testcase name="CheckLogin" time="20.329" classname="USRC_Application.USRC_TestData_Update"/>
  <testcase name="CheckLogin" time="29.965" classname="USRC_Application.USRC_TestData_Update"/>
  <testcase name="CheckLogin" time="29.720" classname="USRC_Application.USRC_TestData_Update"/>
  <testcase name="CheckLogin" time="23.943" classname="USRC_Application.USRC_TestData_Update"/>
  <testcase name="CheckLogin" time="18.978" classname="USRC_Application.USRC_TestData_Update"/>
  <testcase name="CheckLogin" time="23.161" classname="USRC_Application.USRC_TestData_Update"/>
  <testcase name="CheckLogin" time="26.890" classname="USRC_Application.USRC_TestData_Update"/>
  <testcase name="CheckLogin" time="21.229" classname="USRC_Application.USRC_TestData_Update"/>
  <testcase name="CheckLogin" time="14.872" classname="USRC_Application.USRC_TestData_Update"/>
  <testcase name="CheckLogin" time="23.792" classname="USRC_Application.USRC_TestData_Update"/>
  <testcase name="CheckLogin" time="17.652" classname="USRC_Application.USRC_TestData_Update"/>
  <testcase name="CheckLogin" time="17.057" classname="USRC_Application.USRC_TestData_Update"/>
  <testcase name="CheckLogin" time="20.847" classname="USRC_Application.USRC_TestData_Update"/>
  <testcase name="CheckLogin" time="23.971" classname="USRC_Application.USRC_TestData_Update"/>
  <testcase name="CheckLogin" time="19.787" classname="USRC_Application.USRC_TestData_Update"/>
  <testcase name="CheckLogin" time="15.721" classname="USRC_Application.USRC_TestData_Update"/>
  <testcase name="CheckLogin" time="17.854" classname="USRC_Application.USRC_TestData_Update"/>
  <testcase name="CheckLogin" time="17.361" classname="USRC_Application.USRC_TestData_Update"/>
  <testcase name="CheckLogin" time="14.760" classname="USRC_Application.USRC_TestData_Update"/>
  <testcase name="CheckLogin" time="13.104" classname="USRC_Application.USRC_TestData_Update"/>
  <testcase name="CheckLogin" time="23.473" classname="USRC_Application.USRC_TestData_Update"/>
  <testcase name="CheckLogin" time="19.977" classname="USRC_Application.USRC_TestData_Update"/>
  <testcase name="CheckLogin" time="25.835" classname="USRC_Application.USRC_TestData_Update"/>
  <testcase name="CheckLogin" time="15.900" classname="USRC_Application.USRC_TestData_Update"/>
  <testcase name="CheckLogin" time="14.764" classname="USRC_Application.USRC_TestData_Update"/>
  <testcase name="CheckLogin" time="25.854" classname="USRC_Application.USRC_TestData_Update"/>
  <testcase name="CheckLogin" time="21.917" classname="USRC_Application.USRC_TestData_Update"/>
  <testcase name="CheckLogin" time="24.884" classname="USRC_Application.USRC_TestData_Update"/>
  <testcase name="CheckLogin" time="26.715" classname="USRC_Application.USRC_TestData_Update"/>
  <testcase name="CheckLogin" time="26.890" classname="USRC_Application.USRC_TestData_Update"/>
  <testcase name="CheckLogin" time="22.538" classname="USRC_Application.USRC_TestData_Update"/>
  <testcase name="CheckLogin" time="26.154" classname="USRC_Application.USRC_TestData_Update"/>
  <testcase name="CheckLogin" time="23.066" classname="USRC_Application.USRC_TestData_Update"/>
  <testcase name="CheckLogin" time="16.752" classname="USRC_Application.USRC_TestData_Update"/>
  <testcase name="CheckLogin" time="40.307" classname="USRC_Application.USRC_TestData_Update"/>
  <testcase name="CheckLogin" time="20.129" classname="USRC_Application.USRC_TestData_Update"/>
  <testcase name="CheckLogin" time="20.005" classname="USRC_Application.USRC_TestData_Update"/>
  <testcase name="CheckLogin" time="25.527" classname="USRC_Application.USRC_TestData_Update"/>
  <testcase name="CheckLogin" time="25.545" classname="USRC_Application.USRC_TestData_Update"/>
  <testcase name="CheckLogin" time="19.319" classname="USRC_Application.USRC_TestData_Update"/>
  <testcase name="CheckLogin" time="25.377" classname="USRC_Application.USRC_TestData_Update"/>
  <testcase name="CheckLogin" time="19.273" classname="USRC_Application.USRC_TestData_Update"/>
  <testcase name="CheckLogin" time="16.652" classname="USRC_Application.USRC_TestData_Update"/>
  <testcase name="CheckLogin" time="26.785" classname="USRC_Application.USRC_TestData_Update"/>
  <testcase name="CheckLogin" time="23.931" classname="USRC_Application.USRC_TestData_Update"/>
  <testcase name="CheckLogin" time="24.050" classname="USRC_Application.USRC_TestData_Update"/>
  <testcase name="CheckLogin" time="25.046" classname="USRC_Application.USRC_TestData_Update"/>
  <testcase name="CheckLogin" time="18.190" classname="USRC_Application.USRC_TestData_Update"/>
  <testcase name="CheckLogin" time="11.083" classname="USRC_Application.USRC_TestData_Update"/>
  <testcase name="CheckLogin" time="4.604" classname="USRC_Application.USRC_TestData_Update"/>
  <testcase name="CheckLogin" time="22.591" classname="USRC_Application.USRC_TestData_Update"/>
  <testcase name="CheckLogin" time="20.111" classname="USRC_Application.USRC_TestData_Update"/>
  <testcase name="CheckLogin" time="19.251" classname="USRC_Application.USRC_TestData_Update"/>
  <testcase name="CheckLogin" time="13.570" classname="USRC_Application.USRC_TestData_Update"/>
  <testcase name="CheckLogin" time="27.771" classname="USRC_Application.USRC_TestData_Update"/>
  <testcase name="CheckLogin" time="15.437" classname="USRC_Application.USRC_TestData_Update"/>
  <testcase name="CheckLogin" time="23.249" classname="USRC_Application.USRC_TestData_Update"/>
  <testcase name="CheckLogin" time="13.914" classname="USRC_Application.USRC_TestData_Update"/>
  <testcase name="CheckLogin" time="29.302" classname="USRC_Application.USRC_TestData_Update"/>
  <testcase name="CheckLogin" time="20.805" classname="USRC_Application.USRC_TestData_Update"/>
  <testcase name="CheckLogin" time="26.399" classname="USRC_Application.USRC_TestData_Update"/>
  <testcase name="CheckLogin" time="27.609" classname="USRC_Application.USRC_TestData_Update"/>
  <testcase name="CheckLogin" time="24.311" classname="USRC_Application.USRC_TestData_Update"/>
  <testcase name="CheckLogin" time="21.121" classname="USRC_Application.USRC_TestData_Update"/>
  <testcase name="CheckLogin" time="22.539" classname="USRC_Application.USRC_TestData_Update"/>
  <testcase name="CheckLogin" time="15.746" classname="USRC_Application.USRC_TestData_Update"/>
  <testcase name="CheckLogin" time="34.507" classname="USRC_Application.USRC_TestData_Update"/>
  <testcase name="CheckLogin" time="29.097" classname="USRC_Application.USRC_TestData_Update"/>
  <testcase name="CheckLogin" time="29.119" classname="USRC_Application.USRC_TestData_Update"/>
  <testcase name="CheckLogin" time="19.621" classname="USRC_Application.USRC_TestData_Update"/>
  <testcase name="CheckLogin" time="19.031" classname="USRC_Application.USRC_TestData_Update"/>
  <testcase name="CheckLogin" time="28.185" classname="USRC_Application.USRC_TestData_Update"/>
  <testcase name="CheckLogin" time="14.600" classname="USRC_Application.USRC_TestData_Update"/>
  <testcase name="CheckLogin" time="18.088" classname="USRC_Application.USRC_TestData_Update"/>
  <testcase name="CheckLogin" time="23.270" classname="USRC_Application.USRC_TestData_Update"/>
  <testcase name="CheckLogin" time="27.964" classname="USRC_Application.USRC_TestData_Update"/>
  <testcase name="CheckLogin" time="23.139" classname="USRC_Application.USRC_TestData_Update"/>
  <testcase name="CheckLogin" time="12.739" classname="USRC_Application.USRC_TestData_Update"/>
  <testcase name="CheckLogin" time="19.590" classname="USRC_Application.USRC_TestData_Update"/>
  <testcase name="CheckLogin" time="30.674" classname="USRC_Application.USRC_TestData_Update"/>
  <testcase name="CheckLogin" time="27.481" classname="USRC_Application.USRC_TestData_Update"/>
  <testcase name="CheckLogin" time="21.103" classname="USRC_Application.USRC_TestData_Update"/>
  <testcase name="CheckLogin" time="29.114" classname="USRC_Application.USRC_TestData_Update"/>
  <testcase name="CheckLogin" time="16.825" classname="USRC_Application.USRC_TestData_Update"/>
  <testcase name="CheckLogin" time="17.877" classname="USRC_Application.USRC_TestData_Update"/>
  <testcase name="CheckLogin" time="23.275" classname="USRC_Application.USRC_TestData_Update"/>
  <testcase name="CheckLogin" time="21.066" classname="USRC_Application.USRC_TestData_Update"/>
  <testcase name="CheckLogin" time="28.540" classname="USRC_Application.USRC_TestData_Update"/>
  <testcase name="CheckLogin" time="24.739" classname="USRC_Application.USRC_TestData_Update"/>
  <testcase name="CheckLogin" time="14.197" classname="USRC_Application.USRC_TestData_Update"/>
  <testcase name="CheckLogin" time="18.758" classname="USRC_Application.USRC_TestData_Update"/>
  <testcase name="CheckLogin" time="13.374" classname="USRC_Application.USRC_TestData_Update"/>
  <testcase name="CheckLogin" time="23.406" classname="USRC_Application.USRC_TestData_Update"/>
  <testcase name="CheckLogin" time="18.349" classname="USRC_Application.USRC_TestData_Update"/>
  <testcase name="CheckLogin" time="14.914" classname="USRC_Application.USRC_TestData_Update"/>
  <testcase name="CheckLogin" time="19.530" classname="USRC_Application.USRC_TestData_Update"/>
  <testcase name="CheckLogin" time="31.039" classname="USRC_Application.USRC_TestData_Update"/>
  <testcase name="CheckLogin" time="17.624" classname="USRC_Application.USRC_TestData_Update"/>
  <testcase name="CheckLogin" time="27.373" classname="USRC_Application.USRC_TestData_Update"/>
  <testcase name="CheckLogin" time="27.979" classname="USRC_Application.USRC_TestData_Update"/>
  <testcase name="CheckLogin" time="22.356" classname="USRC_Application.USRC_TestData_Update"/>
  <testcase name="CheckLogin" time="29.283" classname="USRC_Application.USRC_TestData_Update"/>
  <testcase name="CheckLogin" time="23.431" classname="USRC_Application.USRC_TestData_Update"/>
  <testcase name="CheckLogin" time="21.922" classname="USRC_Application.USRC_TestData_Update"/>
  <testcase name="CheckLogin" time="16.621" classname="USRC_Application.USRC_TestData_Update"/>
  <testcase name="CheckLogin" time="22.848" classname="USRC_Application.USRC_TestData_Update"/>
  <testcase name="CheckLogin" time="14.791" classname="USRC_Application.USRC_TestData_Update"/>
  <testcase name="CheckLogin" time="25.239" classname="USRC_Application.USRC_TestData_Update"/>
  <testcase name="CheckLogin" time="23.581" classname="USRC_Application.USRC_TestData_Update"/>
  <testcase name="CheckLogin" time="20.149" classname="USRC_Application.USRC_TestData_Update"/>
  <testcase name="CheckLogin" time="26.432" classname="USRC_Application.USRC_TestData_Update"/>
  <testcase name="CheckLogin" time="13.554" classname="USRC_Application.USRC_TestData_Update"/>
  <testcase name="CheckLogin" time="24.991" classname="USRC_Application.USRC_TestData_Update"/>
  <testcase name="CheckLogin" time="16.180" classname="USRC_Application.USRC_TestData_Update"/>
  <testcase name="CheckLogin" time="17.002" classname="USRC_Application.USRC_TestData_Update"/>
  <testcase name="CheckLogin" time="26.700" classname="USRC_Application.USRC_TestData_Update"/>
  <testcase name="CheckLogin" time="24.394" classname="USRC_Application.USRC_TestData_Update"/>
  <testcase name="CheckLogin" time="12.007" classname="USRC_Application.USRC_TestData_Update"/>
  <testcase name="CheckLogin" time="27.547" classname="USRC_Application.USRC_TestData_Update"/>
  <testcase name="CheckLogin" time="17.435" classname="USRC_Application.USRC_TestData_Update"/>
  <testcase name="CheckLogin" time="13.718" classname="USRC_Application.USRC_TestData_Update"/>
  <testcase name="CheckLogin" time="20.328" classname="USRC_Application.USRC_TestData_Update"/>
  <testcase name="CheckLogin" time="27.220" classname="USRC_Application.USRC_TestData_Update"/>
  <testcase name="CheckLogin" time="18.310" classname="USRC_Application.USRC_TestData_Update"/>
  <testcase name="CheckLogin" time="24.452" classname="USRC_Application.USRC_TestData_Update"/>
  <testcase name="CheckLogin" time="30.601" classname="USRC_Application.USRC_TestData_Update"/>
  <testcase name="CheckLogin" time="23.692" classname="USRC_Application.USRC_TestData_Update"/>
  <testcase name="CheckLogin" time="29.598" classname="USRC_Application.USRC_TestData_Update"/>
  <testcase name="CheckLogin" time="29.457" classname="USRC_Application.USRC_TestData_Update"/>
  <testcase name="CheckLogin" time="21.264" classname="USRC_Application.USRC_TestData_Update"/>
  <testcase name="CheckLogin" time="19.247" classname="USRC_Application.USRC_TestData_Update"/>
  <testcase name="CheckLogin" time="24.163" classname="USRC_Application.USRC_TestData_Update"/>
  <testcase name="CheckLogin" time="15.280" classname="USRC_Application.USRC_TestData_Update"/>
  <testcase name="CheckLogin" time="23.758" classname="USRC_Application.USRC_TestData_Update"/>
  <testcase name="CheckLogin" time="15.796" classname="USRC_Application.USRC_TestData_Update"/>
  <testcase name="CheckLogin" time="24.601" classname="USRC_Application.USRC_TestData_Update"/>
  <testcase name="CheckLogin" time="18.206" classname="USRC_Application.USRC_TestData_Update"/>
  <testcase name="CheckLogin" time="16.677" classname="USRC_Application.USRC_TestData_Update"/>
  <testcase name="CheckLogin" time="20.796" classname="USRC_Application.USRC_TestData_Update"/>
  <testcase name="CheckLogin" time="24.602" classname="USRC_Application.USRC_TestData_Update"/>
  <testcase name="CheckLogin" time="19.723" classname="USRC_Application.USRC_TestData_Update"/>
  <testcase name="CheckLogin" time="12.296" classname="USRC_Application.USRC_TestData_Update"/>
  <testcase name="CheckLogin" time="25.977" classname="USRC_Application.USRC_TestData_Update"/>
  <testcase name="CheckLogin" time="15.113" classname="USRC_Application.USRC_TestData_Update"/>
  <testcase name="CheckLogin" time="19.783" classname="USRC_Application.USRC_TestData_Update"/>
  <testcase name="CheckLogin" time="34.820" classname="USRC_Application.USRC_TestData_Update"/>
  <testcase name="CheckLogin" time="21.966" classname="USRC_Application.USRC_TestData_Update"/>
  <testcase name="CheckLogin" time="16.432" classname="USRC_Application.USRC_TestData_Update"/>
  <testcase name="CheckLogin" time="16.279" classname="USRC_Application.USRC_TestData_Update"/>
  <testcase name="CheckLogin" time="21.739" classname="USRC_Application.USRC_TestData_Update"/>
  <testcase name="CheckLogin" time="26.478" classname="USRC_Application.USRC_TestData_Update"/>
  <testcase name="CheckLogin" time="14.956" classname="USRC_Application.USRC_TestData_Update"/>
  <testcase name="CheckLogin" time="20.601" classname="USRC_Application.USRC_TestData_Update"/>
  <testcase name="CheckLogin" time="25.986" classname="USRC_Application.USRC_TestData_Update"/>
  <testcase name="CheckLogin" time="22.551" classname="USRC_Application.USRC_TestData_Update"/>
  <testcase name="CheckLogin" time="23.421" classname="USRC_Application.USRC_TestData_Update"/>
  <testcase name="CheckLogin" time="6.979" classname="USRC_Application.USRC_TestData_Update"/>
  <testcase name="CheckLogin" time="27.663" classname="USRC_Application.USRC_TestData_Update"/>
  <testcase name="CheckLogin" time="30.081" classname="USRC_Application.USRC_TestData_Update"/>
  <testcase name="CheckLogin" time="22.783" classname="USRC_Application.USRC_TestData_Update"/>
  <testcase name="CheckLogin" time="22.920" classname="USRC_Application.USRC_TestData_Update"/>
  <testcase name="CheckLogin" time="13.055" classname="USRC_Application.USRC_TestData_Update"/>
  <testcase name="CheckLogin" time="15.484" classname="USRC_Application.USRC_TestData_Update"/>
  <testcase name="CheckLogin" time="17.865" classname="USRC_Application.USRC_TestData_Update"/>
  <testcase name="CheckLogin" time="18.514" classname="USRC_Application.USRC_TestData_Update"/>
  <testcase name="CheckLogin" time="19.980" classname="USRC_Application.USRC_TestData_Update"/>
  <testcase name="CheckLogin" time="24.330" classname="USRC_Application.USRC_TestData_Update"/>
  <testcase name="CheckLogin" time="22.969" classname="USRC_Application.USRC_TestData_Update"/>
  <testcase name="CheckLogin" time="20.109" classname="USRC_Application.USRC_TestData_Update"/>
  <testcase name="CheckLogin" time="23.391" classname="USRC_Application.USRC_TestData_Update"/>
  <testcase name="CheckLogin" time="22.481" classname="USRC_Application.USRC_TestData_Update"/>
  <testcase name="CheckLogin" time="35.984" classname="USRC_Application.USRC_TestData_Update"/>
  <testcase name="CheckLogin" time="23.383" classname="USRC_Application.USRC_TestData_Update"/>
  <testcase name="CheckLogin" time="18.474" classname="USRC_Application.USRC_TestData_Update"/>
  <testcase name="CheckLogin" time="21.997" classname="USRC_Application.USRC_TestData_Update"/>
  <testcase name="CheckLogin" time="24.756" classname="USRC_Application.USRC_TestData_Update"/>
  <testcase name="CheckLogin" time="21.686" classname="USRC_Application.USRC_TestData_Update"/>
  <testcase name="CheckLogin" time="11.964" classname="USRC_Application.USRC_TestData_Update"/>
  <testcase name="CheckLogin" time="29.250" classname="USRC_Application.USRC_TestData_Update"/>
  <testcase name="CheckLogin" time="16.749" classname="USRC_Application.USRC_TestData_Update"/>
  <testcase name="CheckLogin" time="25.886" classname="USRC_Application.USRC_TestData_Update"/>
  <testcase name="CheckLogin" time="23.663" classname="USRC_Application.USRC_TestData_Update"/>
  <testcase name="CheckLogin" time="24.658" classname="USRC_Application.USRC_TestData_Update"/>
  <testcase name="CheckLogin" time="16.084" classname="USRC_Application.USRC_TestData_Update"/>
  <testcase name="CheckLogin" time="16.064" classname="USRC_Application.USRC_TestData_Update"/>
  <testcase name="CheckLogin" time="25.312" classname="USRC_Application.USRC_TestData_Update"/>
  <testcase name="CheckLogin" time="27.179" classname="USRC_Application.USRC_TestData_Update"/>
  <testcase name="CheckLogin" time="31.242" classname="USRC_Application.USRC_TestData_Update"/>
  <testcase name="CheckLogin" time="19.835" classname="USRC_Application.USRC_TestData_Update"/>
  <testcase name="CheckLogin" time="30.145" classname="USRC_Application.USRC_TestData_Update"/>
  <testcase name="CheckLogin" time="24.614" classname="USRC_Application.USRC_TestData_Update"/>
  <testcase name="CheckLogin" time="27.932" classname="USRC_Application.USRC_TestData_Update"/>
  <testcase name="CheckLogin" time="19.946" classname="USRC_Application.USRC_TestData_Update"/>
  <testcase name="CheckLogin" time="21.862" classname="USRC_Application.USRC_TestData_Update"/>
  <testcase name="CheckLogin" time="19.383" classname="USRC_Application.USRC_TestData_Update"/>
  <testcase name="CheckLogin" time="22.750" classname="USRC_Application.USRC_TestData_Update"/>
  <testcase name="CheckLogin" time="17.566" classname="USRC_Application.USRC_TestData_Update"/>
  <testcase name="CheckLogin" time="15.307" classname="USRC_Application.USRC_TestData_Update"/>
  <testcase name="CheckLogin" time="17.202" classname="USRC_Application.USRC_TestData_Update"/>
  <testcase name="CheckLogin" time="24.073" classname="USRC_Application.USRC_TestData_Update"/>
  <testcase name="CheckLogin" time="20.837" classname="USRC_Application.USRC_TestData_Update"/>
  <testcase name="CheckLogin" time="27.371" classname="USRC_Application.USRC_TestData_Update"/>
  <testcase name="CheckLogin" time="25.941" classname="USRC_Application.USRC_TestData_Update"/>
  <testcase name="CheckLogin" time="22.574" classname="USRC_Application.USRC_TestData_Update"/>
  <testcase name="CheckLogin" time="23.346" classname="USRC_Application.USRC_TestData_Update"/>
  <testcase name="CheckLogin" time="23.982" classname="USRC_Application.USRC_TestData_Update"/>
  <testcase name="CheckLogin" time="24.083" classname="USRC_Application.USRC_TestData_Update"/>
  <testcase name="CheckLogin" time="27.837" classname="USRC_Application.USRC_TestData_Update"/>
  <testcase name="CheckLogin" time="13.458" classname="USRC_Application.USRC_TestData_Update"/>
  <testcase name="CheckLogin" time="30.456" classname="USRC_Application.USRC_TestData_Update"/>
  <testcase name="CheckLogin" time="11.282" classname="USRC_Application.USRC_TestData_Update"/>
  <testcase name="CheckLogin" time="16.066" classname="USRC_Application.USRC_TestData_Update"/>
  <testcase name="CheckLogin" time="30.626" classname="USRC_Application.USRC_TestData_Update"/>
  <testcase name="CheckLogin" time="19.090" classname="USRC_Application.USRC_TestData_Update"/>
  <testcase name="CheckLogin" time="13.062" classname="USRC_Application.USRC_TestData_Update"/>
  <testcase name="CheckLogin" time="20.402" classname="USRC_Application.USRC_TestData_Update"/>
  <testcase name="CheckLogin" time="17.210" classname="USRC_Application.USRC_TestData_Update"/>
  <testcase name="CheckLogin" time="28.763" classname="USRC_Application.USRC_TestData_Update"/>
  <testcase name="CheckLogin" time="29.231" classname="USRC_Application.USRC_TestData_Update"/>
  <testcase name="CheckLogin" time="24.600" classname="USRC_Application.USRC_TestData_Update"/>
  <testcase name="CheckLogin" time="29.584" classname="USRC_Application.USRC_TestData_Update"/>
  <testcase name="CheckLogin" time="18.471" classname="USRC_Application.USRC_TestData_Update"/>
  <testcase name="CheckLogin" time="16.832" classname="USRC_Application.USRC_TestData_Update"/>
  <testcase name="CheckLogin" time="24.096" classname="USRC_Application.USRC_TestData_Update"/>
  <testcase name="CheckLogin" time="27.858" classname="USRC_Application.USRC_TestData_Update"/>
  <testcase name="CheckLogin" time="23.795" classname="USRC_Application.USRC_TestData_Update"/>
  <testcase name="CheckLogin" time="25.008" classname="USRC_Application.USRC_TestData_Update"/>
  <testcase name="CheckLogin" time="18.270" classname="USRC_Application.USRC_TestData_Update"/>
  <testcase name="CheckLogin" time="20.397" classname="USRC_Application.USRC_TestData_Update"/>
  <testcase name="CheckLogin" time="20.346" classname="USRC_Application.USRC_TestData_Update"/>
</testsuite> <!-- USRC_Application.USRC_TestData_Update -->
