<?xml version="1.0" encoding="UTF-8"?>
<!-- Generated by org.testng.reporters.JUnitReportReporter -->
<testsuite skipped="0" hostname="WTC-5159473-l2" name="Test_Data_Generation.Add_Tracking_Numbers_To_User" tests="20090" failures="112" timestamp="30 Aug 2019 18:38:41 GMT" time="11562.773" errors="0">
  <testcase name="Add_Tracking_Number" time="0.910" classname="Test_Data_Generation.Add_Tracking_Numbers_To_User"/>
  <testcase name="Add_Tracking_Number" time="0.515" classname="Test_Data_Generation.Add_Tracking_Numbers_To_User"/>
  <testcase name="Add_Tracking_Number" time="0.507" classname="Test_Data_Generation.Add_Tracking_Numbers_To_User"/>
  <testcase name="Add_Tracking_Number" time="0.704" classname="Test_Data_Generation.Add_Tracking_Numbers_To_User"/>
  <testcase name="Add_Tracking_Number" time="0.537" classname="Test_Data_Generation.Add_Tracking_Numbers_To_User"/>
  <testcase name="Add_Tracking_Number" time="0.495" classname="Test_Data_Generation.Add_Tracking_Numbers_To_User"/>
  <testcase name="Add_Tracking_Number" time="0.531" classname="Test_Data_Generation.Add_Tracking_Numbers_To_User"/>
  <testcase name="Add_Tracking_Number" time="0.555" classname="Test_Data_Generation.Add_Tracking_Numbers_To_User"/>
  <testcase name="Add_Tracking_Number" time="0.580" classname="Test_Data_Generation.Add_Tracking_Numbers_To_User"/>
  <testcase name="Add_Tracking_Number" time="0.602" classname="Test_Data_Generation.Add_Tracking_Numbers_To_User"/>
  <testcase name="Add_Tracking_Number" time="0.607" classname="Test_Data_Generation.Add_Tracking_Numbers_To_User"/>
  <testcase name="Add_Tracking_Number" time="0.540" classname="Test_Data_Generation.Add_Tracking_Numbers_To_User"/>
  <testcase name="Add_Tracking_Number" time="0.485" classname="Test_Data_Generation.Add_Tracking_Numbers_To_User"/>
  <testcase name="Add_Tracking_Number" time="0.563" classname="Test_Data_Generation.Add_Tracking_Numbers_To_User"/>
  <testcase name="Add_Tracking_Number" time="0.608" classname="Test_Data_Generation.Add_Tracking_Numbers_To_User"/>
  <testcase name="Add_Tracking_Number" time="0.487" classname="Test_Data_Generation.Add_Tracking_Numbers_To_User"/>
  <testcase name="Add_Tracking_Number" time="0.450" classname="Test_Data_Generation.Add_Tracking_Numbers_To_User"/>
  <testcase name="Add_Tracking_Number" time="0.549" classname="Test_Data_Generation.Add_Tracking_Numbers_To_User"/>
  <testcase name="Add_Tracking_Number" time="0.046" classname="Test_Data_Generation.Add_Tracking_Numbers_To_User"/>
  <testcase name="Add_Tracking_Number" time="0.463" classname="Test_Data_Generation.Add_Tracking_Numbers_To_User"/>
  <testcase name="Add_Tracking_Number" time="0.669" classname="Test_Data_Generation.Add_Tracking_Numbers_To_User"/>
  <testcase name="Add_Tracking_Number" time="0.564" classname="Test_Data_Generation.Add_Tracking_Numbers_To_User"/>
  <testcase name="Add_Tracking_Number" time="0.542" classname="Test_Data_Generation.Add_Tracking_Numbers_To_User"/>
  <testcase name="Add_Tracking_Number" time="0.497" classname="Test_Data_Generation.Add_Tracking_Numbers_To_User"/>
  <testcase name="Add_Tracking_Number" time="0.519" classname="Test_Data_Generation.Add_Tracking_Numbers_To_User"/>
  <testcase name="Add_Tracking_Number" time="0.881" classname="Test_Data_Generation.Add_Tracking_Numbers_To_User"/>
  <testcase name="Add_Tracking_Number" time="0.600" classname="Test_Data_Generation.Add_Tracking_Numbers_To_User"/>
  <testcase name="Add_Tracking_Number" time="0.511" classname="Test_Data_Generation.Add_Tracking_Numbers_To_User"/>
  <testcase name="Add_Tracking_Number" time="0.524" classname="Test_Data_Generation.Add_Tracking_Numbers_To_User"/>
  <testcase name="Add_Tracking_Number" time="0.455" classname="Test_Data_Generation.Add_Tracking_Numbers_To_User"/>
  <testcase name="Add_Tracking_Number" time="0.484" classname="Test_Data_Generation.Add_Tracking_Numbers_To_User"/>
  <testcase name="Add_Tracking_Number" time="0.684" classname="Test_Data_Generation.Add_Tracking_Numbers_To_User"/>
  <testcase name="Add_Tracking_Number" time="0.623" classname="Test_Data_Generation.Add_Tracking_Numbers_To_User"/>
  <testcase name="Add_Tracking_Number" time="0.535" classname="Test_Data_Generation.Add_Tracking_Numbers_To_User"/>
  <testcase name="Add_Tracking_Number" time="0.801" classname="Test_Data_Generation.Add_Tracking_Numbers_To_User"/>
  <testcase name="Add_Tracking_Number" time="0.590" classname="Test_Data_Generation.Add_Tracking_Numbers_To_User"/>
  <testcase name="Add_Tracking_Number" time="0.524" classname="Test_Data_Generation.Add_Tracking_Numbers_To_User"/>
  <testcase name="Add_Tracking_Number" time="0.537" classname="Test_Data_Generation.Add_Tracking_Numbers_To_User"/>
  <testcase name="Add_Tracking_Number" time="0.550" classname="Test_Data_Generation.Add_Tracking_Numbers_To_User"/>
  <testcase name="Add_Tracking_Number" time="0.629" classname="Test_Data_Generation.Add_Tracking_Numbers_To_User"/>
  <testcase name="Add_Tracking_Number" time="0.551" classname="Test_Data_Generation.Add_Tracking_Numbers_To_User"/>
  <testcase name="Add_Tracking_Number" time="0.541" classname="Test_Data_Generation.Add_Tracking_Numbers_To_User"/>
  <testcase name="Add_Tracking_Number" time="0.639" classname="Test_Data_Generation.Add_Tracking_Numbers_To_User"/>
  <testcase name="Add_Tracking_Number" time="0.497" classname="Test_Data_Generation.Add_Tracking_Numbers_To_User"/>
  <testcase name="Add_Tracking_Number" time="0.575" classname="Test_Data_Generation.Add_Tracking_Numbers_To_User">
    <failure type="java.lang.AssertionError" message="
Expected: a string containing &quot;{\&quot;successful\&quot;:true&quot;
     but: was &quot;{&quot;ShipmentOptionResponse&quot;:{&quot;successful&quot;:false,&quot;errorList&quot;:[{&quot;code&quot;:&quot;2997&quot;,&quot;message&quot;:&quot;TRAQS connection/request problem&quot;,&quot;source&quot;:null,&quot;rootCause&quot;:null}],&quot;alerts&quot;:null,&quot;cxsalerts&quot;:null}}&quot;">
      <![CDATA[java.lang.AssertionError: 
Expected: a string containing "{\"successful\":true"
     but: was "{"ShipmentOptionResponse":{"successful":false,"errorList":[{"code":"2997","message":"TRAQS connection/request problem","source":null,"rootCause":null}],"alerts":null,"cxsalerts":null}}"
at org.hamcrest.MatcherAssert.assertThat(MatcherAssert.java:20)
at org.junit.Assert.assertThat(Assert.java:956)
at org.junit.Assert.assertThat(Assert.java:923)
at Test_Data_Generation.Add_Tracking_Numbers_To_User.Add_Tracking_Number(Add_Tracking_Numbers_To_User.java:69)
at sun.reflect.GeneratedMethodAccessor2.invoke(Unknown Source)
at sun.reflect.DelegatingMethodAccessorImpl.invoke(Unknown Source)
at java.lang.reflect.Method.invoke(Unknown Source)
at org.testng.internal.MethodInvocationHelper.invokeMethod(MethodInvocationHelper.java:124)
at org.testng.internal.Invoker.invokeMethod(Invoker.java:580)
at org.testng.internal.Invoker.invokeTestMethod(Invoker.java:716)
at org.testng.internal.TestMethodWithDataProviderMethodWorker.call(TestMethodWithDataProviderMethodWorker.java:71)
at org.testng.internal.TestMethodWithDataProviderMethodWorker.call(TestMethodWithDataProviderMethodWorker.java:14)
at java.util.concurrent.FutureTask.run(Unknown Source)
at java.util.concurrent.Executors$RunnableAdapter.call(Unknown Source)
at java.util.concurrent.FutureTask.run(Unknown Source)
at java.util.concurrent.ThreadPoolExecutor.runWorker(Unknown Source)
at java.util.concurrent.ThreadPoolExecutor$Worker.run(Unknown Source)
at java.lang.Thread.run(Unknown Source)
]]>
    </failure>
  </testcase> <!-- Add_Tracking_Number -->
  <testcase name="Add_Tracking_Number" time="0.632" classname="Test_Data_Generation.Add_Tracking_Numbers_To_User"/>
  <testcase name="Add_Tracking_Number" time="0.523" classname="Test_Data_Generation.Add_Tracking_Numbers_To_User"/>
  <testcase name="Add_Tracking_Number" time="1.029" classname="Test_Data_Generation.Add_Tracking_Numbers_To_User"/>
  <testcase name="Add_Tracking_Number" time="0.598" classname="Test_Data_Generation.Add_Tracking_Numbers_To_User"/>
  <testcase name="Add_Tracking_Number" time="0.617" classname="Test_Data_Generation.Add_Tracking_Numbers_To_User"/>
  <testcase name="Add_Tracking_Number" time="0.456" classname="Test_Data_Generation.Add_Tracking_Numbers_To_User"/>
  <testcase name="Add_Tracking_Number" time="0.410" classname="Test_Data_Generation.Add_Tracking_Numbers_To_User"/>
  <testcase name="Add_Tracking_Number" time="0.496" classname="Test_Data_Generation.Add_Tracking_Numbers_To_User"/>
  <testcase name="Add_Tracking_Number" time="0.534" classname="Test_Data_Generation.Add_Tracking_Numbers_To_User"/>
  <testcase name="Add_Tracking_Number" time="0.600" classname="Test_Data_Generation.Add_Tracking_Numbers_To_User"/>
  <testcase name="Add_Tracking_Number" time="0.373" classname="Test_Data_Generation.Add_Tracking_Numbers_To_User"/>
  <testcase name="Add_Tracking_Number" time="0.763" classname="Test_Data_Generation.Add_Tracking_Numbers_To_User"/>
  <testcase name="Add_Tracking_Number" time="0.560" classname="Test_Data_Generation.Add_Tracking_Numbers_To_User"/>
  <testcase name="Add_Tracking_Number" time="0.283" classname="Test_Data_Generation.Add_Tracking_Numbers_To_User"/>
  <testcase name="Add_Tracking_Number" time="0.752" classname="Test_Data_Generation.Add_Tracking_Numbers_To_User"/>
  <testcase name="Add_Tracking_Number" time="0.788" classname="Test_Data_Generation.Add_Tracking_Numbers_To_User"/>
  <testcase name="Add_Tracking_Number" time="0.551" classname="Test_Data_Generation.Add_Tracking_Numbers_To_User"/>
  <testcase name="Add_Tracking_Number" time="0.534" classname="Test_Data_Generation.Add_Tracking_Numbers_To_User"/>
  <testcase name="Add_Tracking_Number" time="0.678" classname="Test_Data_Generation.Add_Tracking_Numbers_To_User"/>
  <testcase name="Add_Tracking_Number" time="0.551" classname="Test_Data_Generation.Add_Tracking_Numbers_To_User"/>
  <testcase name="Add_Tracking_Number" time="0.617" classname="Test_Data_Generation.Add_Tracking_Numbers_To_User"/>
  <testcase name="Add_Tracking_Number" time="0.531" classname="Test_Data_Generation.Add_Tracking_Numbers_To_User"/>
  <testcase name="Add_Tracking_Number" time="0.546" classname="Test_Data_Generation.Add_Tracking_Numbers_To_User"/>
  <testcase name="Add_Tracking_Number" time="0.529" classname="Test_Data_Generation.Add_Tracking_Numbers_To_User"/>
  <testcase name="Add_Tracking_Number" time="0.557" classname="Test_Data_Generation.Add_Tracking_Numbers_To_User"/>
  <testcase name="Add_Tracking_Number" time="0.531" classname="Test_Data_Generation.Add_Tracking_Numbers_To_User"/>
  <testcase name="Add_Tracking_Number" time="0.502" classname="Test_Data_Generation.Add_Tracking_Numbers_To_User"/>
  <testcase name="Add_Tracking_Number" time="0.515" classname="Test_Data_Generation.Add_Tracking_Numbers_To_User"/>
  <testcase name="Add_Tracking_Number" time="0.715" classname="Test_Data_Generation.Add_Tracking_Numbers_To_User"/>
  <testcase name="Add_Tracking_Number" time="0.632" classname="Test_Data_Generation.Add_Tracking_Numbers_To_User"/>
  <testcase name="Add_Tracking_Number" time="0.606" classname="Test_Data_Generation.Add_Tracking_Numbers_To_User"/>
  <testcase name="Add_Tracking_Number" time="0.568" classname="Test_Data_Generation.Add_Tracking_Numbers_To_User"/>
  <testcase name="Add_Tracking_Number" time="0.651" classname="Test_Data_Generation.Add_Tracking_Numbers_To_User"/>
  <testcase name="Add_Tracking_Number" time="0.543" classname="Test_Data_Generation.Add_Tracking_Numbers_To_User"/>
  <testcase name="Add_Tracking_Number" time="0.515" classname="Test_Data_Generation.Add_Tracking_Numbers_To_User"/>
  <testcase name="Add_Tracking_Number" time="0.491" classname="Test_Data_Generation.Add_Tracking_Numbers_To_User"/>
  <testcase name="Add_Tracking_Number" time="0.557" classname="Test_Data_Generation.Add_Tracking_Numbers_To_User"/>
  <testcase name="Add_Tracking_Number" time="0.530" classname="Test_Data_Generation.Add_Tracking_Numbers_To_User"/>
  <testcase name="Add_Tracking_Number" time="0.584" classname="Test_Data_Generation.Add_Tracking_Numbers_To_User"/>
  <testcase name="Add_Tracking_Number" time="0.505" classname="Test_Data_Generation.Add_Tracking_Numbers_To_User"/>
  <testcase name="Add_Tracking_Number" time="0.600" classname="Test_Data_Generation.Add_Tracking_Numbers_To_User"/>
  <testcase name="Add_Tracking_Number" time="0.555" classname="Test_Data_Generation.Add_Tracking_Numbers_To_User"/>
  <testcase name="Add_Tracking_Number" time="0.587" classname="Test_Data_Generation.Add_Tracking_Numbers_To_User"/>
  <testcase name="Add_Tracking_Number" time="0.544" classname="Test_Data_Generation.Add_Tracking_Numbers_To_User"/>
  <testcase name="Add_Tracking_Number" time="0.621" classname="Test_Data_Generation.Add_Tracking_Numbers_To_User"/>
  <testcase name="Add_Tracking_Number" time="0.580" classname="Test_Data_Generation.Add_Tracking_Numbers_To_User"/>
  <testcase name="Add_Tracking_Number" time="0.479" classname="Test_Data_Generation.Add_Tracking_Numbers_To_User"/>
  <testcase name="Add_Tracking_Number" time="0.535" classname="Test_Data_Generation.Add_Tracking_Numbers_To_User"/>
  <testcase name="Add_Tracking_Number" time="0.535" classname="Test_Data_Generation.Add_Tracking_Numbers_To_User"/>
  <testcase name="Add_Tracking_Number" time="0.580" classname="Test_Data_Generation.Add_Tracking_Numbers_To_User"/>
  <testcase name="Add_Tracking_Number" time="0.536" classname="Test_Data_Generation.Add_Tracking_Numbers_To_User"/>
  <testcase name="Add_Tracking_Number" time="0.562" classname="Test_Data_Generation.Add_Tracking_Numbers_To_User"/>
  <testcase name="Add_Tracking_Number" time="0.544" classname="Test_Data_Generation.Add_Tracking_Numbers_To_User"/>
  <testcase name="Add_Tracking_Number" time="0.637" classname="Test_Data_Generation.Add_Tracking_Numbers_To_User"/>
  <testcase name="Add_Tracking_Number" time="0.526" classname="Test_Data_Generation.Add_Tracking_Numbers_To_User"/>
  <testcase name="Add_Tracking_Number" time="0.795" classname="Test_Data_Generation.Add_Tracking_Numbers_To_User"/>
  <testcase name="Add_Tracking_Number" time="0.753" classname="Test_Data_Generation.Add_Tracking_Numbers_To_User"/>
  <testcase name="Add_Tracking_Number" time="0.908" classname="Test_Data_Generation.Add_Tracking_Numbers_To_User"/>
  <testcase name="Add_Tracking_Number" time="0.548" classname="Test_Data_Generation.Add_Tracking_Numbers_To_User"/>
  <testcase name="Add_Tracking_Number" time="0.457" classname="Test_Data_Generation.Add_Tracking_Numbers_To_User"/>
  <testcase name="Add_Tracking_Number" time="0.519" classname="Test_Data_Generation.Add_Tracking_Numbers_To_User"/>
  <testcase name="Add_Tracking_Number" time="0.713" classname="Test_Data_Generation.Add_Tracking_Numbers_To_User"/>
  <testcase name="Add_Tracking_Number" time="0.563" classname="Test_Data_Generation.Add_Tracking_Numbers_To_User"/>
  <testcase name="Add_Tracking_Number" time="0.153" classname="Test_Data_Generation.Add_Tracking_Numbers_To_User"/>
  <testcase name="Add_Tracking_Number" time="0.498" classname="Test_Data_Generation.Add_Tracking_Numbers_To_User"/>
  <testcase name="Add_Tracking_Number" time="0.472" classname="Test_Data_Generation.Add_Tracking_Numbers_To_User"/>
  <testcase name="Add_Tracking_Number" time="0.443" classname="Test_Data_Generation.Add_Tracking_Numbers_To_User"/>
  <testcase name="Add_Tracking_Number" time="0.547" classname="Test_Data_Generation.Add_Tracking_Numbers_To_User"/>
  <testcase name="Add_Tracking_Number" time="0.701" classname="Test_Data_Generation.Add_Tracking_Numbers_To_User"/>
  <testcase name="Add_Tracking_Number" time="0.587" classname="Test_Data_Generation.Add_Tracking_Numbers_To_User"/>
  <testcase name="Add_Tracking_Number" time="0.691" classname="Test_Data_Generation.Add_Tracking_Numbers_To_User"/>
  <testcase name="Add_Tracking_Number" time="0.555" classname="Test_Data_Generation.Add_Tracking_Numbers_To_User"/>
  <testcase name="Add_Tracking_Number" time="0.928" classname="Test_Data_Generation.Add_Tracking_Numbers_To_User"/>
  <testcase name="Add_Tracking_Number" time="0.537" classname="Test_Data_Generation.Add_Tracking_Numbers_To_User"/>
  <testcase name="Add_Tracking_Number" time="0.625" classname="Test_Data_Generation.Add_Tracking_Numbers_To_User"/>
  <testcase name="Add_Tracking_Number" time="0.526" classname="Test_Data_Generation.Add_Tracking_Numbers_To_User"/>
  <testcase name="Add_Tracking_Number" time="0.543" classname="Test_Data_Generation.Add_Tracking_Numbers_To_User"/>
  <testcase name="Add_Tracking_Number" time="0.559" classname="Test_Data_Generation.Add_Tracking_Numbers_To_User"/>
  <testcase name="Add_Tracking_Number" time="0.631" classname="Test_Data_Generation.Add_Tracking_Numbers_To_User"/>
  <testcase name="Add_Tracking_Number" time="0.506" classname="Test_Data_Generation.Add_Tracking_Numbers_To_User"/>
  <testcase name="Add_Tracking_Number" time="1.316" classname="Test_Data_Generation.Add_Tracking_Numbers_To_User"/>
  <testcase name="Add_Tracking_Number" time="0.556" classname="Test_Data_Generation.Add_Tracking_Numbers_To_User"/>
  <testcase name="Add_Tracking_Number" time="0.474" classname="Test_Data_Generation.Add_Tracking_Numbers_To_User"/>
  <testcase name="Add_Tracking_Number" time="0.441" classname="Test_Data_Generation.Add_Tracking_Numbers_To_User"/>
  <testcase name="Add_Tracking_Number" time="0.508" classname="Test_Data_Generation.Add_Tracking_Numbers_To_User"/>
  <testcase name="Add_Tracking_Number" time="0.489" classname="Test_Data_Generation.Add_Tracking_Numbers_To_User"/>
  <testcase name="Add_Tracking_Number" time="0.460" classname="Test_Data_Generation.Add_Tracking_Numbers_To_User"/>
  <testcase name="Add_Tracking_Number" time="0.503" classname="Test_Data_Generation.Add_Tracking_Numbers_To_User"/>
  <testcase name="Add_Tracking_Number" time="0.532" classname="Test_Data_Generation.Add_Tracking_Numbers_To_User"/>
  <testcase name="Add_Tracking_Number" time="0.455" classname="Test_Data_Generation.Add_Tracking_Numbers_To_User"/>
  <testcase name="Add_Tracking_Number" time="0.616" classname="Test_Data_Generation.Add_Tracking_Numbers_To_User"/>
  <testcase name="Add_Tracking_Number" time="0.578" classname="Test_Data_Generation.Add_Tracking_Numbers_To_User"/>
  <testcase name="Add_Tracking_Number" time="0.493" classname="Test_Data_Generation.Add_Tracking_Numbers_To_User"/>
  <testcase name="Add_Tracking_Number" time="0.558" classname="Test_Data_Generation.Add_Tracking_Numbers_To_User"/>
  <testcase name="Add_Tracking_Number" time="0.554" classname="Test_Data_Generation.Add_Tracking_Numbers_To_User"/>
  <testcase name="Add_Tracking_Number" time="0.556" classname="Test_Data_Generation.Add_Tracking_Numbers_To_User"/>
  <testcase name="Add_Tracking_Number" time="0.526" classname="Test_Data_Generation.Add_Tracking_Numbers_To_User"/>
  <testcase name="Add_Tracking_Number" time="0.498" classname="Test_Data_Generation.Add_Tracking_Numbers_To_User"/>
  <testcase name="Add_Tracking_Number" time="0.480" classname="Test_Data_Generation.Add_Tracking_Numbers_To_User"/>
  <testcase name="Add_Tracking_Number" time="0.438" classname="Test_Data_Generation.Add_Tracking_Numbers_To_User"/>
  <testcase name="Add_Tracking_Number" time="0.576" classname="Test_Data_Generation.Add_Tracking_Numbers_To_User"/>
  <testcase name="Add_Tracking_Number" time="0.598" classname="Test_Data_Generation.Add_Tracking_Numbers_To_User"/>
  <testcase name="Add_Tracking_Number" time="0.477" classname="Test_Data_Generation.Add_Tracking_Numbers_To_User"/>
  <testcase name="Add_Tracking_Number" time="0.523" classname="Test_Data_Generation.Add_Tracking_Numbers_To_User"/>
  <testcase name="Add_Tracking_Number" time="0.663" classname="Test_Data_Generation.Add_Tracking_Numbers_To_User"/>
  <testcase name="Add_Tracking_Number" time="0.572" classname="Test_Data_Generation.Add_Tracking_Numbers_To_User"/>
  <testcase name="Add_Tracking_Number" time="0.536" classname="Test_Data_Generation.Add_Tracking_Numbers_To_User"/>
  <testcase name="Add_Tracking_Number" time="0.408" classname="Test_Data_Generation.Add_Tracking_Numbers_To_User"/>
  <testcase name="Add_Tracking_Number" time="0.585" classname="Test_Data_Generation.Add_Tracking_Numbers_To_User"/>
  <testcase name="Add_Tracking_Number" time="0.492" classname="Test_Data_Generation.Add_Tracking_Numbers_To_User"/>
  <testcase name="Add_Tracking_Number" time="0.494" classname="Test_Data_Generation.Add_Tracking_Numbers_To_User"/>
  <testcase name="Add_Tracking_Number" time="0.521" classname="Test_Data_Generation.Add_Tracking_Numbers_To_User"/>
  <testcase name="Add_Tracking_Number" time="0.568" classname="Test_Data_Generation.Add_Tracking_Numbers_To_User"/>
  <testcase name="Add_Tracking_Number" time="0.561" classname="Test_Data_Generation.Add_Tracking_Numbers_To_User"/>
  <testcase name="Add_Tracking_Number" time="0.526" classname="Test_Data_Generation.Add_Tracking_Numbers_To_User"/>
  <testcase name="Add_Tracking_Number" time="0.519" classname="Test_Data_Generation.Add_Tracking_Numbers_To_User"/>
  <testcase name="Add_Tracking_Number" time="0.541" classname="Test_Data_Generation.Add_Tracking_Numbers_To_User"/>
  <testcase name="Add_Tracking_Number" time="0.495" classname="Test_Data_Generation.Add_Tracking_Numbers_To_User"/>
  <testcase name="Add_Tracking_Number" time="0.545" classname="Test_Data_Generation.Add_Tracking_Numbers_To_User"/>
  <testcase name="Add_Tracking_Number" time="0.087" classname="Test_Data_Generation.Add_Tracking_Numbers_To_User"/>
  <testcase name="Add_Tracking_Number" time="0.520" classname="Test_Data_Generation.Add_Tracking_Numbers_To_User"/>
  <testcase name="Add_Tracking_Number" time="0.483" classname="Test_Data_Generation.Add_Tracking_Numbers_To_User"/>
  <testcase name="Add_Tracking_Number" time="0.432" classname="Test_Data_Generation.Add_Tracking_Numbers_To_User"/>
  <testcase name="Add_Tracking_Number" time="0.466" classname="Test_Data_Generation.Add_Tracking_Numbers_To_User"/>
  <testcase name="Add_Tracking_Number" time="0.485" classname="Test_Data_Generation.Add_Tracking_Numbers_To_User"/>
  <testcase name="Add_Tracking_Number" time="0.488" classname="Test_Data_Generation.Add_Tracking_Numbers_To_User"/>
  <testcase name="Add_Tracking_Number" time="0.589" classname="Test_Data_Generation.Add_Tracking_Numbers_To_User"/>
  <testcase name="Add_Tracking_Number" time="0.601" classname="Test_Data_Generation.Add_Tracking_Numbers_To_User"/>
  <testcase name="Add_Tracking_Number" time="0.577" classname="Test_Data_Generation.Add_Tracking_Numbers_To_User"/>
  <testcase name="Add_Tracking_Number" time="0.491" classname="Test_Data_Generation.Add_Tracking_Numbers_To_User"/>
  <testcase name="Add_Tracking_Number" time="1.078" classname="Test_Data_Generation.Add_Tracking_Numbers_To_User"/>
  <testcase name="Add_Tracking_Number" time="0.571" classname="Test_Data_Generation.Add_Tracking_Numbers_To_User"/>
  <testcase name="Add_Tracking_Number" time="0.635" classname="Test_Data_Generation.Add_Tracking_Numbers_To_User"/>
  <testcase name="Add_Tracking_Number" time="0.493" classname="Test_Data_Generation.Add_Tracking_Numbers_To_User"/>
  <testcase name="Add_Tracking_Number" time="0.664" classname="Test_Data_Generation.Add_Tracking_Numbers_To_User"/>
  <testcase name="Add_Tracking_Number" time="0.556" classname="Test_Data_Generation.Add_Tracking_Numbers_To_User"/>
  <testcase name="Add_Tracking_Number" time="0.642" classname="Test_Data_Generation.Add_Tracking_Numbers_To_User"/>
  <testcase name="Add_Tracking_Number" time="0.672" classname="Test_Data_Generation.Add_Tracking_Numbers_To_User"/>
  <testcase name="Add_Tracking_Number" time="0.487" classname="Test_Data_Generation.Add_Tracking_Numbers_To_User"/>
  <testcase name="Add_Tracking_Number" time="0.487" classname="Test_Data_Generation.Add_Tracking_Numbers_To_User"/>
  <testcase name="Add_Tracking_Number" time="0.581" classname="Test_Data_Generation.Add_Tracking_Numbers_To_User"/>
  <testcase name="Add_Tracking_Number" time="0.509" classname="Test_Data_Generation.Add_Tracking_Numbers_To_User"/>
  <testcase name="Add_Tracking_Number" time="0.492" classname="Test_Data_Generation.Add_Tracking_Numbers_To_User"/>
  <testcase name="Add_Tracking_Number" time="0.494" classname="Test_Data_Generation.Add_Tracking_Numbers_To_User"/>
  <testcase name="Add_Tracking_Number" time="0.506" classname="Test_Data_Generation.Add_Tracking_Numbers_To_User"/>
  <testcase name="Add_Tracking_Number" time="0.470" classname="Test_Data_Generation.Add_Tracking_Numbers_To_User"/>
  <testcase name="Add_Tracking_Number" time="0.540" classname="Test_Data_Generation.Add_Tracking_Numbers_To_User"/>
  <testcase name="Add_Tracking_Number" time="0.550" classname="Test_Data_Generation.Add_Tracking_Numbers_To_User"/>
  <testcase name="Add_Tracking_Number" time="0.496" classname="Test_Data_Generation.Add_Tracking_Numbers_To_User"/>
  <testcase name="Add_Tracking_Number" time="0.543" classname="Test_Data_Generation.Add_Tracking_Numbers_To_User"/>
  <testcase name="Add_Tracking_Number" time="0.510" classname="Test_Data_Generation.Add_Tracking_Numbers_To_User"/>
  <testcase name="Add_Tracking_Number" time="0.453" classname="Test_Data_Generation.Add_Tracking_Numbers_To_User"/>
  <testcase name="Add_Tracking_Number" time="0.507" classname="Test_Data_Generation.Add_Tracking_Numbers_To_User"/>
  <testcase name="Add_Tracking_Number" time="0.484" classname="Test_Data_Generation.Add_Tracking_Numbers_To_User"/>
  <testcase name="Add_Tracking_Number" time="0.429" classname="Test_Data_Generation.Add_Tracking_Numbers_To_User"/>
  <testcase name="Add_Tracking_Number" time="0.565" classname="Test_Data_Generation.Add_Tracking_Numbers_To_User"/>
  <testcase name="Add_Tracking_Number" time="0.559" classname="Test_Data_Generation.Add_Tracking_Numbers_To_User"/>
  <testcase name="Add_Tracking_Number" time="0.514" classname="Test_Data_Generation.Add_Tracking_Numbers_To_User"/>
  <testcase name="Add_Tracking_Number" time="0.502" classname="Test_Data_Generation.Add_Tracking_Numbers_To_User"/>
  <testcase name="Add_Tracking_Number" time="0.543" classname="Test_Data_Generation.Add_Tracking_Numbers_To_User"/>
  <testcase name="Add_Tracking_Number" time="0.510" classname="Test_Data_Generation.Add_Tracking_Numbers_To_User"/>
  <testcase name="Add_Tracking_Number" time="0.054" classname="Test_Data_Generation.Add_Tracking_Numbers_To_User"/>
  <testcase name="Add_Tracking_Number" time="0.211" classname="Test_Data_Generation.Add_Tracking_Numbers_To_User"/>
  <testcase name="Add_Tracking_Number" time="0.596" classname="Test_Data_Generation.Add_Tracking_Numbers_To_User"/>
  <testcase name="Add_Tracking_Number" time="0.524" classname="Test_Data_Generation.Add_Tracking_Numbers_To_User"/>
  <testcase name="Add_Tracking_Number" time="0.505" classname="Test_Data_Generation.Add_Tracking_Numbers_To_User"/>
  <testcase name="Add_Tracking_Number" time="0.500" classname="Test_Data_Generation.Add_Tracking_Numbers_To_User"/>
  <testcase name="Add_Tracking_Number" time="0.519" classname="Test_Data_Generation.Add_Tracking_Numbers_To_User"/>
  <testcase name="Add_Tracking_Number" time="0.562" classname="Test_Data_Generation.Add_Tracking_Numbers_To_User"/>
  <testcase name="Add_Tracking_Number" time="0.549" classname="Test_Data_Generation.Add_Tracking_Numbers_To_User"/>
  <testcase name="Add_Tracking_Number" time="0.558" classname="Test_Data_Generation.Add_Tracking_Numbers_To_User"/>
  <testcase name="Add_Tracking_Number" time="0.572" classname="Test_Data_Generation.Add_Tracking_Numbers_To_User"/>
  <testcase name="Add_Tracking_Number" time="0.467" classname="Test_Data_Generation.Add_Tracking_Numbers_To_User"/>
  <testcase name="Add_Tracking_Number" time="0.510" classname="Test_Data_Generation.Add_Tracking_Numbers_To_User"/>
  <testcase name="Add_Tracking_Number" time="0.633" classname="Test_Data_Generation.Add_Tracking_Numbers_To_User"/>
  <testcase name="Add_Tracking_Number" time="0.512" classname="Test_Data_Generation.Add_Tracking_Numbers_To_User"/>
  <testcase name="Add_Tracking_Number" time="0.738" classname="Test_Data_Generation.Add_Tracking_Numbers_To_User"/>
  <testcase name="Add_Tracking_Number" time="0.552" classname="Test_Data_Generation.Add_Tracking_Numbers_To_User"/>
  <testcase name="Add_Tracking_Number" time="0.539" classname="Test_Data_Generation.Add_Tracking_Numbers_To_User"/>
  <testcase name="Add_Tracking_Number" time="0.480" classname="Test_Data_Generation.Add_Tracking_Numbers_To_User"/>
  <testcase name="Add_Tracking_Number" time="0.555" classname="Test_Data_Generation.Add_Tracking_Numbers_To_User"/>
  <testcase name="Add_Tracking_Number" time="0.509" classname="Test_Data_Generation.Add_Tracking_Numbers_To_User"/>
  <testcase name="Add_Tracking_Number" time="0.494" classname="Test_Data_Generation.Add_Tracking_Numbers_To_User"/>
  <testcase name="Add_Tracking_Number" time="0.450" classname="Test_Data_Generation.Add_Tracking_Numbers_To_User"/>
  <testcase name="Add_Tracking_Number" time="0.603" classname="Test_Data_Generation.Add_Tracking_Numbers_To_User"/>
  <testcase name="Add_Tracking_Number" time="0.640" classname="Test_Data_Generation.Add_Tracking_Numbers_To_User"/>
  <testcase name="Add_Tracking_Number" time="0.573" classname="Test_Data_Generation.Add_Tracking_Numbers_To_User"/>
  <testcase name="Add_Tracking_Number" time="0.482" classname="Test_Data_Generation.Add_Tracking_Numbers_To_User"/>
  <testcase name="Add_Tracking_Number" time="0.466" classname="Test_Data_Generation.Add_Tracking_Numbers_To_User"/>
  <testcase name="Add_Tracking_Number" time="0.623" classname="Test_Data_Generation.Add_Tracking_Numbers_To_User"/>
  <testcase name="Add_Tracking_Number" time="0.605" classname="Test_Data_Generation.Add_Tracking_Numbers_To_User"/>
  <testcase name="Add_Tracking_Number" time="0.664" classname="Test_Data_Generation.Add_Tracking_Numbers_To_User"/>
  <testcase name="Add_Tracking_Number" time="0.521" classname="Test_Data_Generation.Add_Tracking_Numbers_To_User"/>
  <testcase name="Add_Tracking_Number" time="0.521" classname="Test_Data_Generation.Add_Tracking_Numbers_To_User"/>
  <testcase name="Add_Tracking_Number" time="0.495" classname="Test_Data_Generation.Add_Tracking_Numbers_To_User"/>
  <testcase name="Add_Tracking_Number" time="0.241" classname="Test_Data_Generation.Add_Tracking_Numbers_To_User"/>
  <testcase name="Add_Tracking_Number" time="0.562" classname="Test_Data_Generation.Add_Tracking_Numbers_To_User"/>
  <testcase name="Add_Tracking_Number" time="0.513" classname="Test_Data_Generation.Add_Tracking_Numbers_To_User"/>
  <testcase name="Add_Tracking_Number" time="0.552" classname="Test_Data_Generation.Add_Tracking_Numbers_To_User"/>
  <testcase name="Add_Tracking_Number" time="0.536" classname="Test_Data_Generation.Add_Tracking_Numbers_To_User"/>
  <testcase name="Add_Tracking_Number" time="0.559" classname="Test_Data_Generation.Add_Tracking_Numbers_To_User"/>
  <testcase name="Add_Tracking_Number" time="0.528" classname="Test_Data_Generation.Add_Tracking_Numbers_To_User"/>
  <testcase name="Add_Tracking_Number" time="0.523" classname="Test_Data_Generation.Add_Tracking_Numbers_To_User"/>
  <testcase name="Add_Tracking_Number" time="0.533" classname="Test_Data_Generation.Add_Tracking_Numbers_To_User"/>
  <testcase name="Add_Tracking_Number" time="0.502" classname="Test_Data_Generation.Add_Tracking_Numbers_To_User"/>
  <testcase name="Add_Tracking_Number" time="0.623" classname="Test_Data_Generation.Add_Tracking_Numbers_To_User"/>
  <testcase name="Add_Tracking_Number" time="0.513" classname="Test_Data_Generation.Add_Tracking_Numbers_To_User"/>
  <testcase name="Add_Tracking_Number" time="0.512" classname="Test_Data_Generation.Add_Tracking_Numbers_To_User"/>
  <testcase name="Add_Tracking_Number" time="0.452" classname="Test_Data_Generation.Add_Tracking_Numbers_To_User"/>
  <testcase name="Add_Tracking_Number" time="0.572" classname="Test_Data_Generation.Add_Tracking_Numbers_To_User"/>
  <testcase name="Add_Tracking_Number" time="0.664" classname="Test_Data_Generation.Add_Tracking_Numbers_To_User"/>
  <testcase name="Add_Tracking_Number" time="0.692" classname="Test_Data_Generation.Add_Tracking_Numbers_To_User"/>
  <testcase name="Add_Tracking_Number" time="0.467" classname="Test_Data_Generation.Add_Tracking_Numbers_To_User"/>
  <testcase name="Add_Tracking_Number" time="0.750" classname="Test_Data_Generation.Add_Tracking_Numbers_To_User"/>
  <testcase name="Add_Tracking_Number" time="1.159" classname="Test_Data_Generation.Add_Tracking_Numbers_To_User"/>
  <testcase name="Add_Tracking_Number" time="0.499" classname="Test_Data_Generation.Add_Tracking_Numbers_To_User"/>
  <testcase name="Add_Tracking_Number" time="0.528" classname="Test_Data_Generation.Add_Tracking_Numbers_To_User"/>
  <testcase name="Add_Tracking_Number" time="0.522" classname="Test_Data_Generation.Add_Tracking_Numbers_To_User"/>
  <testcase name="Add_Tracking_Number" time="0.520" classname="Test_Data_Generation.Add_Tracking_Numbers_To_User"/>
  <testcase name="Add_Tracking_Number" time="0.491" classname="Test_Data_Generation.Add_Tracking_Numbers_To_User"/>
  <testcase name="Add_Tracking_Number" time="0.584" classname="Test_Data_Generation.Add_Tracking_Numbers_To_User"/>
  <testcase name="Add_Tracking_Number" time="0.502" classname="Test_Data_Generation.Add_Tracking_Numbers_To_User"/>
  <testcase name="Add_Tracking_Number" time="0.582" classname="Test_Data_Generation.Add_Tracking_Numbers_To_User"/>
  <testcase name="Add_Tracking_Number" time="0.722" classname="Test_Data_Generation.Add_Tracking_Numbers_To_User"/>
  <testcase name="Add_Tracking_Number" time="0.506" classname="Test_Data_Generation.Add_Tracking_Numbers_To_User"/>
  <testcase name="Add_Tracking_Number" time="0.574" classname="Test_Data_Generation.Add_Tracking_Numbers_To_User"/>
  <testcase name="Add_Tracking_Number" time="0.071" classname="Test_Data_Generation.Add_Tracking_Numbers_To_User"/>
  <testcase name="Add_Tracking_Number" time="0.560" classname="Test_Data_Generation.Add_Tracking_Numbers_To_User"/>
  <testcase name="Add_Tracking_Number" time="0.566" classname="Test_Data_Generation.Add_Tracking_Numbers_To_User"/>
  <testcase name="Add_Tracking_Number" time="0.536" classname="Test_Data_Generation.Add_Tracking_Numbers_To_User"/>
  <testcase name="Add_Tracking_Number" time="0.648" classname="Test_Data_Generation.Add_Tracking_Numbers_To_User"/>
  <testcase name="Add_Tracking_Number" time="0.467" classname="Test_Data_Generation.Add_Tracking_Numbers_To_User"/>
  <testcase name="Add_Tracking_Number" time="0.802" classname="Test_Data_Generation.Add_Tracking_Numbers_To_User"/>
  <testcase name="Add_Tracking_Number" time="0.533" classname="Test_Data_Generation.Add_Tracking_Numbers_To_User"/>
  <testcase name="Add_Tracking_Number" time="0.601" classname="Test_Data_Generation.Add_Tracking_Numbers_To_User"/>
  <testcase name="Add_Tracking_Number" time="0.539" classname="Test_Data_Generation.Add_Tracking_Numbers_To_User"/>
  <testcase name="Add_Tracking_Number" time="0.577" classname="Test_Data_Generation.Add_Tracking_Numbers_To_User"/>
  <testcase name="Add_Tracking_Number" time="0.567" classname="Test_Data_Generation.Add_Tracking_Numbers_To_User"/>
  <testcase name="Add_Tracking_Number" time="0.542" classname="Test_Data_Generation.Add_Tracking_Numbers_To_User"/>
  <testcase name="Add_Tracking_Number" time="0.570" classname="Test_Data_Generation.Add_Tracking_Numbers_To_User"/>
  <testcase name="Add_Tracking_Number" time="0.544" classname="Test_Data_Generation.Add_Tracking_Numbers_To_User"/>
  <testcase name="Add_Tracking_Number" time="0.471" classname="Test_Data_Generation.Add_Tracking_Numbers_To_User"/>
  <testcase name="Add_Tracking_Number" time="0.645" classname="Test_Data_Generation.Add_Tracking_Numbers_To_User"/>
  <testcase name="Add_Tracking_Number" time="0.457" classname="Test_Data_Generation.Add_Tracking_Numbers_To_User"/>
  <testcase name="Add_Tracking_Number" time="0.637" classname="Test_Data_Generation.Add_Tracking_Numbers_To_User"/>
  <testcase name="Add_Tracking_Number" time="0.607" classname="Test_Data_Generation.Add_Tracking_Numbers_To_User"/>
  <testcase name="Add_Tracking_Number" time="0.482" classname="Test_Data_Generation.Add_Tracking_Numbers_To_User"/>
  <testcase name="Add_Tracking_Number" time="0.603" classname="Test_Data_Generation.Add_Tracking_Numbers_To_User"/>
  <testcase name="Add_Tracking_Number" time="0.458" classname="Test_Data_Generation.Add_Tracking_Numbers_To_User"/>
  <testcase name="Add_Tracking_Number" time="0.538" classname="Test_Data_Generation.Add_Tracking_Numbers_To_User"/>
  <testcase name="Add_Tracking_Number" time="0.548" classname="Test_Data_Generation.Add_Tracking_Numbers_To_User"/>
  <testcase name="Add_Tracking_Number" time="0.377" classname="Test_Data_Generation.Add_Tracking_Numbers_To_User"/>
  <testcase name="Add_Tracking_Number" time="0.645" classname="Test_Data_Generation.Add_Tracking_Numbers_To_User"/>
  <testcase name="Add_Tracking_Number" time="0.497" classname="Test_Data_Generation.Add_Tracking_Numbers_To_User"/>
  <testcase name="Add_Tracking_Number" time="0.594" classname="Test_Data_Generation.Add_Tracking_Numbers_To_User"/>
  <testcase name="Add_Tracking_Number" time="0.565" classname="Test_Data_Generation.Add_Tracking_Numbers_To_User"/>
  <testcase name="Add_Tracking_Number" time="0.588" classname="Test_Data_Generation.Add_Tracking_Numbers_To_User"/>
  <testcase name="Add_Tracking_Number" time="0.437" classname="Test_Data_Generation.Add_Tracking_Numbers_To_User"/>
  <testcase name="Add_Tracking_Number" time="0.571" classname="Test_Data_Generation.Add_Tracking_Numbers_To_User"/>
  <testcase name="Add_Tracking_Number" time="0.537" classname="Test_Data_Generation.Add_Tracking_Numbers_To_User"/>
  <testcase name="Add_Tracking_Number" time="0.528" classname="Test_Data_Generation.Add_Tracking_Numbers_To_User"/>
  <testcase name="Add_Tracking_Number" time="0.577" classname="Test_Data_Generation.Add_Tracking_Numbers_To_User"/>
  <testcase name="Add_Tracking_Number" time="0.517" classname="Test_Data_Generation.Add_Tracking_Numbers_To_User"/>
  <testcase name="Add_Tracking_Number" time="0.471" classname="Test_Data_Generation.Add_Tracking_Numbers_To_User"/>
  <testcase name="Add_Tracking_Number" time="0.504" classname="Test_Data_Generation.Add_Tracking_Numbers_To_User"/>
  <testcase name="Add_Tracking_Number" time="0.516" classname="Test_Data_Generation.Add_Tracking_Numbers_To_User"/>
  <testcase name="Add_Tracking_Number" time="0.486" classname="Test_Data_Generation.Add_Tracking_Numbers_To_User"/>
  <testcase name="Add_Tracking_Number" time="0.720" classname="Test_Data_Generation.Add_Tracking_Numbers_To_User"/>
  <testcase name="Add_Tracking_Number" time="0.787" classname="Test_Data_Generation.Add_Tracking_Numbers_To_User"/>
  <testcase name="Add_Tracking_Number" time="0.497" classname="Test_Data_Generation.Add_Tracking_Numbers_To_User"/>
  <testcase name="Add_Tracking_Number" time="0.441" classname="Test_Data_Generation.Add_Tracking_Numbers_To_User"/>
  <testcase name="Add_Tracking_Number" time="0.700" classname="Test_Data_Generation.Add_Tracking_Numbers_To_User"/>
  <testcase name="Add_Tracking_Number" time="0.576" classname="Test_Data_Generation.Add_Tracking_Numbers_To_User"/>
  <testcase name="Add_Tracking_Number" time="0.487" classname="Test_Data_Generation.Add_Tracking_Numbers_To_User"/>
  <testcase name="Add_Tracking_Number" time="0.557" classname="Test_Data_Generation.Add_Tracking_Numbers_To_User"/>
  <testcase name="Add_Tracking_Number" time="0.623" classname="Test_Data_Generation.Add_Tracking_Numbers_To_User"/>
  <testcase name="Add_Tracking_Number" time="0.603" classname="Test_Data_Generation.Add_Tracking_Numbers_To_User"/>
  <testcase name="Add_Tracking_Number" time="0.503" classname="Test_Data_Generation.Add_Tracking_Numbers_To_User"/>
  <testcase name="Add_Tracking_Number" time="0.915" classname="Test_Data_Generation.Add_Tracking_Numbers_To_User"/>
  <testcase name="Add_Tracking_Number" time="0.592" classname="Test_Data_Generation.Add_Tracking_Numbers_To_User"/>
  <testcase name="Add_Tracking_Number" time="0.547" classname="Test_Data_Generation.Add_Tracking_Numbers_To_User"/>
  <testcase name="Add_Tracking_Number" time="0.498" classname="Test_Data_Generation.Add_Tracking_Numbers_To_User"/>
  <testcase name="Add_Tracking_Number" time="0.547" classname="Test_Data_Generation.Add_Tracking_Numbers_To_User">
    <failure type="java.lang.AssertionError" message="
Expected: a string containing &quot;{\&quot;successful\&quot;:true&quot;
     but: was &quot;{&quot;ShipmentOptionResponse&quot;:{&quot;successful&quot;:false,&quot;errorList&quot;:[{&quot;code&quot;:&quot;2997&quot;,&quot;message&quot;:&quot;TRAQS connection/request problem&quot;,&quot;source&quot;:null,&quot;rootCause&quot;:null}],&quot;alerts&quot;:null,&quot;cxsalerts&quot;:null}}&quot;">
      <![CDATA[java.lang.AssertionError: 
Expected: a string containing "{\"successful\":true"
     but: was "{"ShipmentOptionResponse":{"successful":false,"errorList":[{"code":"2997","message":"TRAQS connection/request problem","source":null,"rootCause":null}],"alerts":null,"cxsalerts":null}}"
at org.hamcrest.MatcherAssert.assertThat(MatcherAssert.java:20)
at org.junit.Assert.assertThat(Assert.java:956)
at org.junit.Assert.assertThat(Assert.java:923)
at Test_Data_Generation.Add_Tracking_Numbers_To_User.Add_Tracking_Number(Add_Tracking_Numbers_To_User.java:69)
at sun.reflect.GeneratedMethodAccessor2.invoke(Unknown Source)
at sun.reflect.DelegatingMethodAccessorImpl.invoke(Unknown Source)
at java.lang.reflect.Method.invoke(Unknown Source)
at org.testng.internal.MethodInvocationHelper.invokeMethod(MethodInvocationHelper.java:124)
at org.testng.internal.Invoker.invokeMethod(Invoker.java:580)
at org.testng.internal.Invoker.invokeTestMethod(Invoker.java:716)
at org.testng.internal.TestMethodWithDataProviderMethodWorker.call(TestMethodWithDataProviderMethodWorker.java:71)
at org.testng.internal.TestMethodWithDataProviderMethodWorker.call(TestMethodWithDataProviderMethodWorker.java:14)
at java.util.concurrent.FutureTask.run(Unknown Source)
at java.util.concurrent.Executors$RunnableAdapter.call(Unknown Source)
at java.util.concurrent.FutureTask.run(Unknown Source)
at java.util.concurrent.ThreadPoolExecutor.runWorker(Unknown Source)
at java.util.concurrent.ThreadPoolExecutor$Worker.run(Unknown Source)
at java.lang.Thread.run(Unknown Source)
]]>
    </failure>
  </testcase> <!-- Add_Tracking_Number -->
  <testcase name="Add_Tracking_Number" time="1.039" classname="Test_Data_Generation.Add_Tracking_Numbers_To_User"/>
  <testcase name="Add_Tracking_Number" time="0.567" classname="Test_Data_Generation.Add_Tracking_Numbers_To_User"/>
  <testcase name="Add_Tracking_Number" time="0.567" classname="Test_Data_Generation.Add_Tracking_Numbers_To_User"/>
  <testcase name="Add_Tracking_Number" time="0.547" classname="Test_Data_Generation.Add_Tracking_Numbers_To_User"/>
  <testcase name="Add_Tracking_Number" time="0.524" classname="Test_Data_Generation.Add_Tracking_Numbers_To_User"/>
  <testcase name="Add_Tracking_Number" time="0.537" classname="Test_Data_Generation.Add_Tracking_Numbers_To_User"/>
  <testcase name="Add_Tracking_Number" time="0.541" classname="Test_Data_Generation.Add_Tracking_Numbers_To_User"/>
  <testcase name="Add_Tracking_Number" time="0.661" classname="Test_Data_Generation.Add_Tracking_Numbers_To_User"/>
  <testcase name="Add_Tracking_Number" time="0.507" classname="Test_Data_Generation.Add_Tracking_Numbers_To_User"/>
  <testcase name="Add_Tracking_Number" time="0.528" classname="Test_Data_Generation.Add_Tracking_Numbers_To_User"/>
  <testcase name="Add_Tracking_Number" time="0.498" classname="Test_Data_Generation.Add_Tracking_Numbers_To_User"/>
  <testcase name="Add_Tracking_Number" time="0.515" classname="Test_Data_Generation.Add_Tracking_Numbers_To_User"/>
  <testcase name="Add_Tracking_Number" time="0.504" classname="Test_Data_Generation.Add_Tracking_Numbers_To_User"/>
  <testcase name="Add_Tracking_Number" time="0.668" classname="Test_Data_Generation.Add_Tracking_Numbers_To_User"/>
  <testcase name="Add_Tracking_Number" time="0.579" classname="Test_Data_Generation.Add_Tracking_Numbers_To_User"/>
  <testcase name="Add_Tracking_Number" time="0.455" classname="Test_Data_Generation.Add_Tracking_Numbers_To_User"/>
  <testcase name="Add_Tracking_Number" time="0.551" classname="Test_Data_Generation.Add_Tracking_Numbers_To_User"/>
  <testcase name="Add_Tracking_Number" time="0.511" classname="Test_Data_Generation.Add_Tracking_Numbers_To_User"/>
  <testcase name="Add_Tracking_Number" time="0.763" classname="Test_Data_Generation.Add_Tracking_Numbers_To_User"/>
  <testcase name="Add_Tracking_Number" time="0.658" classname="Test_Data_Generation.Add_Tracking_Numbers_To_User"/>
  <testcase name="Add_Tracking_Number" time="0.585" classname="Test_Data_Generation.Add_Tracking_Numbers_To_User"/>
  <testcase name="Add_Tracking_Number" time="0.531" classname="Test_Data_Generation.Add_Tracking_Numbers_To_User"/>
  <testcase name="Add_Tracking_Number" time="0.586" classname="Test_Data_Generation.Add_Tracking_Numbers_To_User"/>
  <testcase name="Add_Tracking_Number" time="0.485" classname="Test_Data_Generation.Add_Tracking_Numbers_To_User"/>
  <testcase name="Add_Tracking_Number" time="0.062" classname="Test_Data_Generation.Add_Tracking_Numbers_To_User"/>
  <testcase name="Add_Tracking_Number" time="0.525" classname="Test_Data_Generation.Add_Tracking_Numbers_To_User"/>
  <testcase name="Add_Tracking_Number" time="0.563" classname="Test_Data_Generation.Add_Tracking_Numbers_To_User"/>
  <testcase name="Add_Tracking_Number" time="0.692" classname="Test_Data_Generation.Add_Tracking_Numbers_To_User"/>
  <testcase name="Add_Tracking_Number" time="0.512" classname="Test_Data_Generation.Add_Tracking_Numbers_To_User"/>
  <testcase name="Add_Tracking_Number" time="0.174" classname="Test_Data_Generation.Add_Tracking_Numbers_To_User">
    <failure type="java.lang.AssertionError" message="
Expected: a string containing &quot;{\&quot;successful\&quot;:true&quot;
     but: was &quot;{&quot;ShipmentOptionResponse&quot;:{&quot;successful&quot;:false,&quot;errorList&quot;:[{&quot;code&quot;:&quot;2997&quot;,&quot;message&quot;:&quot;TRAQS connection/request problem&quot;,&quot;source&quot;:null,&quot;rootCause&quot;:null}],&quot;alerts&quot;:null,&quot;cxsalerts&quot;:null}}&quot;">
      <![CDATA[java.lang.AssertionError: 
Expected: a string containing "{\"successful\":true"
     but: was "{"ShipmentOptionResponse":{"successful":false,"errorList":[{"code":"2997","message":"TRAQS connection/request problem","source":null,"rootCause":null}],"alerts":null,"cxsalerts":null}}"
at org.hamcrest.MatcherAssert.assertThat(MatcherAssert.java:20)
at org.junit.Assert.assertThat(Assert.java:956)
at org.junit.Assert.assertThat(Assert.java:923)
at Test_Data_Generation.Add_Tracking_Numbers_To_User.Add_Tracking_Number(Add_Tracking_Numbers_To_User.java:69)
at sun.reflect.GeneratedMethodAccessor2.invoke(Unknown Source)
at sun.reflect.DelegatingMethodAccessorImpl.invoke(Unknown Source)
at java.lang.reflect.Method.invoke(Unknown Source)
at org.testng.internal.MethodInvocationHelper.invokeMethod(MethodInvocationHelper.java:124)
at org.testng.internal.Invoker.invokeMethod(Invoker.java:580)
at org.testng.internal.Invoker.invokeTestMethod(Invoker.java:716)
at org.testng.internal.TestMethodWithDataProviderMethodWorker.call(TestMethodWithDataProviderMethodWorker.java:71)
at org.testng.internal.TestMethodWithDataProviderMethodWorker.call(TestMethodWithDataProviderMethodWorker.java:14)
at java.util.concurrent.FutureTask.run(Unknown Source)
at java.util.concurrent.Executors$RunnableAdapter.call(Unknown Source)
at java.util.concurrent.FutureTask.run(Unknown Source)
at java.util.concurrent.ThreadPoolExecutor.runWorker(Unknown Source)
at java.util.concurrent.ThreadPoolExecutor$Worker.run(Unknown Source)
at java.lang.Thread.run(Unknown Source)
]]>
    </failure>
  </testcase> <!-- Add_Tracking_Number -->
  <testcase name="Add_Tracking_Number" time="0.592" classname="Test_Data_Generation.Add_Tracking_Numbers_To_User"/>
  <testcase name="Add_Tracking_Number" time="0.535" classname="Test_Data_Generation.Add_Tracking_Numbers_To_User"/>
  <testcase name="Add_Tracking_Number" time="0.458" classname="Test_Data_Generation.Add_Tracking_Numbers_To_User"/>
  <testcase name="Add_Tracking_Number" time="0.503" classname="Test_Data_Generation.Add_Tracking_Numbers_To_User"/>
  <testcase name="Add_Tracking_Number" time="0.484" classname="Test_Data_Generation.Add_Tracking_Numbers_To_User"/>
  <testcase name="Add_Tracking_Number" time="0.530" classname="Test_Data_Generation.Add_Tracking_Numbers_To_User"/>
  <testcase name="Add_Tracking_Number" time="0.547" classname="Test_Data_Generation.Add_Tracking_Numbers_To_User"/>
  <testcase name="Add_Tracking_Number" time="0.661" classname="Test_Data_Generation.Add_Tracking_Numbers_To_User"/>
  <testcase name="Add_Tracking_Number" time="0.693" classname="Test_Data_Generation.Add_Tracking_Numbers_To_User"/>
  <testcase name="Add_Tracking_Number" time="0.534" classname="Test_Data_Generation.Add_Tracking_Numbers_To_User"/>
  <testcase name="Add_Tracking_Number" time="0.531" classname="Test_Data_Generation.Add_Tracking_Numbers_To_User"/>
  <testcase name="Add_Tracking_Number" time="0.675" classname="Test_Data_Generation.Add_Tracking_Numbers_To_User"/>
  <testcase name="Add_Tracking_Number" time="0.525" classname="Test_Data_Generation.Add_Tracking_Numbers_To_User"/>
  <testcase name="Add_Tracking_Number" time="0.485" classname="Test_Data_Generation.Add_Tracking_Numbers_To_User"/>
  <testcase name="Add_Tracking_Number" time="0.529" classname="Test_Data_Generation.Add_Tracking_Numbers_To_User"/>
  <testcase name="Add_Tracking_Number" time="0.475" classname="Test_Data_Generation.Add_Tracking_Numbers_To_User"/>
  <testcase name="Add_Tracking_Number" time="0.533" classname="Test_Data_Generation.Add_Tracking_Numbers_To_User"/>
  <testcase name="Add_Tracking_Number" time="0.598" classname="Test_Data_Generation.Add_Tracking_Numbers_To_User"/>
  <testcase name="Add_Tracking_Number" time="0.458" classname="Test_Data_Generation.Add_Tracking_Numbers_To_User"/>
  <testcase name="Add_Tracking_Number" time="0.507" classname="Test_Data_Generation.Add_Tracking_Numbers_To_User"/>
  <testcase name="Add_Tracking_Number" time="0.683" classname="Test_Data_Generation.Add_Tracking_Numbers_To_User"/>
  <testcase name="Add_Tracking_Number" time="0.483" classname="Test_Data_Generation.Add_Tracking_Numbers_To_User"/>
  <testcase name="Add_Tracking_Number" time="0.581" classname="Test_Data_Generation.Add_Tracking_Numbers_To_User"/>
  <testcase name="Add_Tracking_Number" time="0.479" classname="Test_Data_Generation.Add_Tracking_Numbers_To_User"/>
  <testcase name="Add_Tracking_Number" time="0.468" classname="Test_Data_Generation.Add_Tracking_Numbers_To_User"/>
  <testcase name="Add_Tracking_Number" time="0.508" classname="Test_Data_Generation.Add_Tracking_Numbers_To_User"/>
  <testcase name="Add_Tracking_Number" time="0.495" classname="Test_Data_Generation.Add_Tracking_Numbers_To_User"/>
  <testcase name="Add_Tracking_Number" time="0.593" classname="Test_Data_Generation.Add_Tracking_Numbers_To_User"/>
  <testcase name="Add_Tracking_Number" time="0.540" classname="Test_Data_Generation.Add_Tracking_Numbers_To_User"/>
  <testcase name="Add_Tracking_Number" time="0.547" classname="Test_Data_Generation.Add_Tracking_Numbers_To_User"/>
  <testcase name="Add_Tracking_Number" time="0.517" classname="Test_Data_Generation.Add_Tracking_Numbers_To_User"/>
  <testcase name="Add_Tracking_Number" time="0.502" classname="Test_Data_Generation.Add_Tracking_Numbers_To_User"/>
  <testcase name="Add_Tracking_Number" time="0.653" classname="Test_Data_Generation.Add_Tracking_Numbers_To_User"/>
  <testcase name="Add_Tracking_Number" time="0.655" classname="Test_Data_Generation.Add_Tracking_Numbers_To_User"/>
  <testcase name="Add_Tracking_Number" time="0.518" classname="Test_Data_Generation.Add_Tracking_Numbers_To_User"/>
  <testcase name="Add_Tracking_Number" time="0.460" classname="Test_Data_Generation.Add_Tracking_Numbers_To_User"/>
  <testcase name="Add_Tracking_Number" time="0.593" classname="Test_Data_Generation.Add_Tracking_Numbers_To_User"/>
  <testcase name="Add_Tracking_Number" time="0.694" classname="Test_Data_Generation.Add_Tracking_Numbers_To_User"/>
  <testcase name="Add_Tracking_Number" time="0.496" classname="Test_Data_Generation.Add_Tracking_Numbers_To_User"/>
  <testcase name="Add_Tracking_Number" time="0.521" classname="Test_Data_Generation.Add_Tracking_Numbers_To_User"/>
  <testcase name="Add_Tracking_Number" time="0.460" classname="Test_Data_Generation.Add_Tracking_Numbers_To_User"/>
  <testcase name="Add_Tracking_Number" time="0.479" classname="Test_Data_Generation.Add_Tracking_Numbers_To_User"/>
  <testcase name="Add_Tracking_Number" time="0.095" classname="Test_Data_Generation.Add_Tracking_Numbers_To_User"/>
  <testcase name="Add_Tracking_Number" time="0.551" classname="Test_Data_Generation.Add_Tracking_Numbers_To_User"/>
  <testcase name="Add_Tracking_Number" time="0.514" classname="Test_Data_Generation.Add_Tracking_Numbers_To_User"/>
  <testcase name="Add_Tracking_Number" time="0.602" classname="Test_Data_Generation.Add_Tracking_Numbers_To_User"/>
  <testcase name="Add_Tracking_Number" time="0.468" classname="Test_Data_Generation.Add_Tracking_Numbers_To_User"/>
  <testcase name="Add_Tracking_Number" time="0.584" classname="Test_Data_Generation.Add_Tracking_Numbers_To_User"/>
  <testcase name="Add_Tracking_Number" time="0.446" classname="Test_Data_Generation.Add_Tracking_Numbers_To_User"/>
  <testcase name="Add_Tracking_Number" time="0.502" classname="Test_Data_Generation.Add_Tracking_Numbers_To_User"/>
  <testcase name="Add_Tracking_Number" time="0.547" classname="Test_Data_Generation.Add_Tracking_Numbers_To_User"/>
  <testcase name="Add_Tracking_Number" time="0.561" classname="Test_Data_Generation.Add_Tracking_Numbers_To_User"/>
  <testcase name="Add_Tracking_Number" time="0.569" classname="Test_Data_Generation.Add_Tracking_Numbers_To_User"/>
  <testcase name="Add_Tracking_Number" time="0.575" classname="Test_Data_Generation.Add_Tracking_Numbers_To_User"/>
  <testcase name="Add_Tracking_Number" time="0.534" classname="Test_Data_Generation.Add_Tracking_Numbers_To_User"/>
  <testcase name="Add_Tracking_Number" time="0.484" classname="Test_Data_Generation.Add_Tracking_Numbers_To_User"/>
  <testcase name="Add_Tracking_Number" time="0.629" classname="Test_Data_Generation.Add_Tracking_Numbers_To_User"/>
  <testcase name="Add_Tracking_Number" time="0.484" classname="Test_Data_Generation.Add_Tracking_Numbers_To_User"/>
  <testcase name="Add_Tracking_Number" time="0.488" classname="Test_Data_Generation.Add_Tracking_Numbers_To_User"/>
  <testcase name="Add_Tracking_Number" time="0.551" classname="Test_Data_Generation.Add_Tracking_Numbers_To_User"/>
  <testcase name="Add_Tracking_Number" time="0.530" classname="Test_Data_Generation.Add_Tracking_Numbers_To_User"/>
  <testcase name="Add_Tracking_Number" time="0.663" classname="Test_Data_Generation.Add_Tracking_Numbers_To_User"/>
  <testcase name="Add_Tracking_Number" time="0.525" classname="Test_Data_Generation.Add_Tracking_Numbers_To_User"/>
  <testcase name="Add_Tracking_Number" time="0.468" classname="Test_Data_Generation.Add_Tracking_Numbers_To_User"/>
  <testcase name="Add_Tracking_Number" time="0.500" classname="Test_Data_Generation.Add_Tracking_Numbers_To_User"/>
  <testcase name="Add_Tracking_Number" time="0.733" classname="Test_Data_Generation.Add_Tracking_Numbers_To_User"/>
  <testcase name="Add_Tracking_Number" time="0.518" classname="Test_Data_Generation.Add_Tracking_Numbers_To_User"/>
  <testcase name="Add_Tracking_Number" time="0.611" classname="Test_Data_Generation.Add_Tracking_Numbers_To_User"/>
  <testcase name="Add_Tracking_Number" time="0.582" classname="Test_Data_Generation.Add_Tracking_Numbers_To_User"/>
  <testcase name="Add_Tracking_Number" time="0.535" classname="Test_Data_Generation.Add_Tracking_Numbers_To_User"/>
  <testcase name="Add_Tracking_Number" time="0.476" classname="Test_Data_Generation.Add_Tracking_Numbers_To_User"/>
  <testcase name="Add_Tracking_Number" time="0.506" classname="Test_Data_Generation.Add_Tracking_Numbers_To_User"/>
  <testcase name="Add_Tracking_Number" time="0.552" classname="Test_Data_Generation.Add_Tracking_Numbers_To_User"/>
  <testcase name="Add_Tracking_Number" time="0.649" classname="Test_Data_Generation.Add_Tracking_Numbers_To_User"/>
  <testcase name="Add_Tracking_Number" time="0.507" classname="Test_Data_Generation.Add_Tracking_Numbers_To_User"/>
  <testcase name="Add_Tracking_Number" time="0.566" classname="Test_Data_Generation.Add_Tracking_Numbers_To_User"/>
  <testcase name="Add_Tracking_Number" time="0.120" classname="Test_Data_Generation.Add_Tracking_Numbers_To_User"/>
  <testcase name="Add_Tracking_Number" time="0.588" classname="Test_Data_Generation.Add_Tracking_Numbers_To_User"/>
  <testcase name="Add_Tracking_Number" time="0.469" classname="Test_Data_Generation.Add_Tracking_Numbers_To_User"/>
  <testcase name="Add_Tracking_Number" time="0.513" classname="Test_Data_Generation.Add_Tracking_Numbers_To_User"/>
  <testcase name="Add_Tracking_Number" time="0.539" classname="Test_Data_Generation.Add_Tracking_Numbers_To_User"/>
  <testcase name="Add_Tracking_Number" time="0.568" classname="Test_Data_Generation.Add_Tracking_Numbers_To_User"/>
  <testcase name="Add_Tracking_Number" time="0.508" classname="Test_Data_Generation.Add_Tracking_Numbers_To_User"/>
  <testcase name="Add_Tracking_Number" time="0.485" classname="Test_Data_Generation.Add_Tracking_Numbers_To_User"/>
  <testcase name="Add_Tracking_Number" time="0.642" classname="Test_Data_Generation.Add_Tracking_Numbers_To_User"/>
  <testcase name="Add_Tracking_Number" time="0.550" classname="Test_Data_Generation.Add_Tracking_Numbers_To_User"/>
  <testcase name="Add_Tracking_Number" time="0.534" classname="Test_Data_Generation.Add_Tracking_Numbers_To_User"/>
  <testcase name="Add_Tracking_Number" time="0.504" classname="Test_Data_Generation.Add_Tracking_Numbers_To_User"/>
  <testcase name="Add_Tracking_Number" time="0.504" classname="Test_Data_Generation.Add_Tracking_Numbers_To_User"/>
  <testcase name="Add_Tracking_Number" time="0.469" classname="Test_Data_Generation.Add_Tracking_Numbers_To_User"/>
  <testcase name="Add_Tracking_Number" time="0.611" classname="Test_Data_Generation.Add_Tracking_Numbers_To_User"/>
  <testcase name="Add_Tracking_Number" time="0.631" classname="Test_Data_Generation.Add_Tracking_Numbers_To_User"/>
  <testcase name="Add_Tracking_Number" time="0.461" classname="Test_Data_Generation.Add_Tracking_Numbers_To_User"/>
  <testcase name="Add_Tracking_Number" time="0.475" classname="Test_Data_Generation.Add_Tracking_Numbers_To_User"/>
  <testcase name="Add_Tracking_Number" time="0.453" classname="Test_Data_Generation.Add_Tracking_Numbers_To_User"/>
  <testcase name="Add_Tracking_Number" time="6.036" classname="Test_Data_Generation.Add_Tracking_Numbers_To_User"/>
  <testcase name="Add_Tracking_Number" time="0.511" classname="Test_Data_Generation.Add_Tracking_Numbers_To_User"/>
  <testcase name="Add_Tracking_Number" time="0.496" classname="Test_Data_Generation.Add_Tracking_Numbers_To_User"/>
  <testcase name="Add_Tracking_Number" time="0.744" classname="Test_Data_Generation.Add_Tracking_Numbers_To_User"/>
  <testcase name="Add_Tracking_Number" time="0.547" classname="Test_Data_Generation.Add_Tracking_Numbers_To_User"/>
  <testcase name="Add_Tracking_Number" time="0.576" classname="Test_Data_Generation.Add_Tracking_Numbers_To_User"/>
  <testcase name="Add_Tracking_Number" time="0.507" classname="Test_Data_Generation.Add_Tracking_Numbers_To_User"/>
  <testcase name="Add_Tracking_Number" time="0.488" classname="Test_Data_Generation.Add_Tracking_Numbers_To_User"/>
  <testcase name="Add_Tracking_Number" time="0.638" classname="Test_Data_Generation.Add_Tracking_Numbers_To_User"/>
  <testcase name="Add_Tracking_Number" time="0.521" classname="Test_Data_Generation.Add_Tracking_Numbers_To_User"/>
  <testcase name="Add_Tracking_Number" time="0.527" classname="Test_Data_Generation.Add_Tracking_Numbers_To_User">
    <failure type="java.lang.AssertionError" message="
Expected: a string containing &quot;{\&quot;successful\&quot;:true&quot;
     but: was &quot;{&quot;ShipmentOptionResponse&quot;:{&quot;successful&quot;:false,&quot;errorList&quot;:[{&quot;code&quot;:&quot;2997&quot;,&quot;message&quot;:&quot;TRAQS connection/request problem&quot;,&quot;source&quot;:null,&quot;rootCause&quot;:null}],&quot;alerts&quot;:null,&quot;cxsalerts&quot;:null}}&quot;">
      <![CDATA[java.lang.AssertionError: 
Expected: a string containing "{\"successful\":true"
     but: was "{"ShipmentOptionResponse":{"successful":false,"errorList":[{"code":"2997","message":"TRAQS connection/request problem","source":null,"rootCause":null}],"alerts":null,"cxsalerts":null}}"
at org.hamcrest.MatcherAssert.assertThat(MatcherAssert.java:20)
at org.junit.Assert.assertThat(Assert.java:956)
at org.junit.Assert.assertThat(Assert.java:923)
at Test_Data_Generation.Add_Tracking_Numbers_To_User.Add_Tracking_Number(Add_Tracking_Numbers_To_User.java:69)
at sun.reflect.GeneratedMethodAccessor2.invoke(Unknown Source)
at sun.reflect.DelegatingMethodAccessorImpl.invoke(Unknown Source)
at java.lang.reflect.Method.invoke(Unknown Source)
at org.testng.internal.MethodInvocationHelper.invokeMethod(MethodInvocationHelper.java:124)
at org.testng.internal.Invoker.invokeMethod(Invoker.java:580)
at org.testng.internal.Invoker.invokeTestMethod(Invoker.java:716)
at org.testng.internal.TestMethodWithDataProviderMethodWorker.call(TestMethodWithDataProviderMethodWorker.java:71)
at org.testng.internal.TestMethodWithDataProviderMethodWorker.call(TestMethodWithDataProviderMethodWorker.java:14)
at java.util.concurrent.FutureTask.run(Unknown Source)
at java.util.concurrent.Executors$RunnableAdapter.call(Unknown Source)
at java.util.concurrent.FutureTask.run(Unknown Source)
at java.util.concurrent.ThreadPoolExecutor.runWorker(Unknown Source)
at java.util.concurrent.ThreadPoolExecutor$Worker.run(Unknown Source)
at java.lang.Thread.run(Unknown Source)
]]>
    </failure>
  </testcase> <!-- Add_Tracking_Number -->
  <testcase name="Add_Tracking_Number" time="0.540" classname="Test_Data_Generation.Add_Tracking_Numbers_To_User"/>
  <testcase name="Add_Tracking_Number" time="0.653" classname="Test_Data_Generation.Add_Tracking_Numbers_To_User"/>
  <testcase name="Add_Tracking_Number" time="0.469" classname="Test_Data_Generation.Add_Tracking_Numbers_To_User"/>
  <testcase name="Add_Tracking_Number" time="0.498" classname="Test_Data_Generation.Add_Tracking_Numbers_To_User"/>
  <testcase name="Add_Tracking_Number" time="0.631" classname="Test_Data_Generation.Add_Tracking_Numbers_To_User"/>
  <testcase name="Add_Tracking_Number" time="0.542" classname="Test_Data_Generation.Add_Tracking_Numbers_To_User"/>
  <testcase name="Add_Tracking_Number" time="0.055" classname="Test_Data_Generation.Add_Tracking_Numbers_To_User"/>
  <testcase name="Add_Tracking_Number" time="0.726" classname="Test_Data_Generation.Add_Tracking_Numbers_To_User"/>
  <testcase name="Add_Tracking_Number" time="0.865" classname="Test_Data_Generation.Add_Tracking_Numbers_To_User"/>
  <testcase name="Add_Tracking_Number" time="0.541" classname="Test_Data_Generation.Add_Tracking_Numbers_To_User"/>
  <testcase name="Add_Tracking_Number" time="0.553" classname="Test_Data_Generation.Add_Tracking_Numbers_To_User"/>
  <testcase name="Add_Tracking_Number" time="0.545" classname="Test_Data_Generation.Add_Tracking_Numbers_To_User"/>
  <testcase name="Add_Tracking_Number" time="0.523" classname="Test_Data_Generation.Add_Tracking_Numbers_To_User"/>
  <testcase name="Add_Tracking_Number" time="0.481" classname="Test_Data_Generation.Add_Tracking_Numbers_To_User"/>
  <testcase name="Add_Tracking_Number" time="0.542" classname="Test_Data_Generation.Add_Tracking_Numbers_To_User"/>
  <testcase name="Add_Tracking_Number" time="0.673" classname="Test_Data_Generation.Add_Tracking_Numbers_To_User"/>
  <testcase name="Add_Tracking_Number" time="0.536" classname="Test_Data_Generation.Add_Tracking_Numbers_To_User"/>
  <testcase name="Add_Tracking_Number" time="0.604" classname="Test_Data_Generation.Add_Tracking_Numbers_To_User"/>
  <testcase name="Add_Tracking_Number" time="0.584" classname="Test_Data_Generation.Add_Tracking_Numbers_To_User"/>
  <testcase name="Add_Tracking_Number" time="0.539" classname="Test_Data_Generation.Add_Tracking_Numbers_To_User"/>
  <testcase name="Add_Tracking_Number" time="0.562" classname="Test_Data_Generation.Add_Tracking_Numbers_To_User"/>
  <testcase name="Add_Tracking_Number" time="0.499" classname="Test_Data_Generation.Add_Tracking_Numbers_To_User"/>
  <testcase name="Add_Tracking_Number" time="0.047" classname="Test_Data_Generation.Add_Tracking_Numbers_To_User"/>
  <testcase name="Add_Tracking_Number" time="0.506" classname="Test_Data_Generation.Add_Tracking_Numbers_To_User"/>
  <testcase name="Add_Tracking_Number" time="0.472" classname="Test_Data_Generation.Add_Tracking_Numbers_To_User"/>
  <testcase name="Add_Tracking_Number" time="0.500" classname="Test_Data_Generation.Add_Tracking_Numbers_To_User"/>
  <testcase name="Add_Tracking_Number" time="0.879" classname="Test_Data_Generation.Add_Tracking_Numbers_To_User"/>
  <testcase name="Add_Tracking_Number" time="0.535" classname="Test_Data_Generation.Add_Tracking_Numbers_To_User"/>
  <testcase name="Add_Tracking_Number" time="0.273" classname="Test_Data_Generation.Add_Tracking_Numbers_To_User"/>
  <testcase name="Add_Tracking_Number" time="0.572" classname="Test_Data_Generation.Add_Tracking_Numbers_To_User"/>
  <testcase name="Add_Tracking_Number" time="0.605" classname="Test_Data_Generation.Add_Tracking_Numbers_To_User"/>
  <testcase name="Add_Tracking_Number" time="0.593" classname="Test_Data_Generation.Add_Tracking_Numbers_To_User"/>
  <testcase name="Add_Tracking_Number" time="0.463" classname="Test_Data_Generation.Add_Tracking_Numbers_To_User"/>
  <testcase name="Add_Tracking_Number" time="0.515" classname="Test_Data_Generation.Add_Tracking_Numbers_To_User"/>
  <testcase name="Add_Tracking_Number" time="0.513" classname="Test_Data_Generation.Add_Tracking_Numbers_To_User"/>
  <testcase name="Add_Tracking_Number" time="0.761" classname="Test_Data_Generation.Add_Tracking_Numbers_To_User"/>
  <testcase name="Add_Tracking_Number" time="0.699" classname="Test_Data_Generation.Add_Tracking_Numbers_To_User"/>
  <testcase name="Add_Tracking_Number" time="0.596" classname="Test_Data_Generation.Add_Tracking_Numbers_To_User"/>
  <testcase name="Add_Tracking_Number" time="0.559" classname="Test_Data_Generation.Add_Tracking_Numbers_To_User"/>
  <testcase name="Add_Tracking_Number" time="0.496" classname="Test_Data_Generation.Add_Tracking_Numbers_To_User"/>
  <testcase name="Add_Tracking_Number" time="0.611" classname="Test_Data_Generation.Add_Tracking_Numbers_To_User"/>
  <testcase name="Add_Tracking_Number" time="0.632" classname="Test_Data_Generation.Add_Tracking_Numbers_To_User"/>
  <testcase name="Add_Tracking_Number" time="0.490" classname="Test_Data_Generation.Add_Tracking_Numbers_To_User"/>
  <testcase name="Add_Tracking_Number" time="0.475" classname="Test_Data_Generation.Add_Tracking_Numbers_To_User"/>
  <testcase name="Add_Tracking_Number" time="0.544" classname="Test_Data_Generation.Add_Tracking_Numbers_To_User"/>
  <testcase name="Add_Tracking_Number" time="0.516" classname="Test_Data_Generation.Add_Tracking_Numbers_To_User"/>
  <testcase name="Add_Tracking_Number" time="0.577" classname="Test_Data_Generation.Add_Tracking_Numbers_To_User"/>
  <testcase name="Add_Tracking_Number" time="0.747" classname="Test_Data_Generation.Add_Tracking_Numbers_To_User"/>
  <testcase name="Add_Tracking_Number" time="0.492" classname="Test_Data_Generation.Add_Tracking_Numbers_To_User"/>
  <testcase name="Add_Tracking_Number" time="0.553" classname="Test_Data_Generation.Add_Tracking_Numbers_To_User"/>
  <testcase name="Add_Tracking_Number" time="0.513" classname="Test_Data_Generation.Add_Tracking_Numbers_To_User"/>
  <testcase name="Add_Tracking_Number" time="0.541" classname="Test_Data_Generation.Add_Tracking_Numbers_To_User"/>
  <testcase name="Add_Tracking_Number" time="0.512" classname="Test_Data_Generation.Add_Tracking_Numbers_To_User"/>
  <testcase name="Add_Tracking_Number" time="0.760" classname="Test_Data_Generation.Add_Tracking_Numbers_To_User"/>
  <testcase name="Add_Tracking_Number" time="0.550" classname="Test_Data_Generation.Add_Tracking_Numbers_To_User"/>
  <testcase name="Add_Tracking_Number" time="0.508" classname="Test_Data_Generation.Add_Tracking_Numbers_To_User"/>
  <testcase name="Add_Tracking_Number" time="0.619" classname="Test_Data_Generation.Add_Tracking_Numbers_To_User"/>
  <testcase name="Add_Tracking_Number" time="0.527" classname="Test_Data_Generation.Add_Tracking_Numbers_To_User"/>
  <testcase name="Add_Tracking_Number" time="0.557" classname="Test_Data_Generation.Add_Tracking_Numbers_To_User"/>
  <testcase name="Add_Tracking_Number" time="0.716" classname="Test_Data_Generation.Add_Tracking_Numbers_To_User"/>
  <testcase name="Add_Tracking_Number" time="0.779" classname="Test_Data_Generation.Add_Tracking_Numbers_To_User"/>
  <testcase name="Add_Tracking_Number" time="0.536" classname="Test_Data_Generation.Add_Tracking_Numbers_To_User"/>
  <testcase name="Add_Tracking_Number" time="0.640" classname="Test_Data_Generation.Add_Tracking_Numbers_To_User"/>
  <testcase name="Add_Tracking_Number" time="0.585" classname="Test_Data_Generation.Add_Tracking_Numbers_To_User"/>
  <testcase name="Add_Tracking_Number" time="0.503" classname="Test_Data_Generation.Add_Tracking_Numbers_To_User"/>
  <testcase name="Add_Tracking_Number" time="0.963" classname="Test_Data_Generation.Add_Tracking_Numbers_To_User"/>
  <testcase name="Add_Tracking_Number" time="0.543" classname="Test_Data_Generation.Add_Tracking_Numbers_To_User"/>
  <testcase name="Add_Tracking_Number" time="0.725" classname="Test_Data_Generation.Add_Tracking_Numbers_To_User"/>
  <testcase name="Add_Tracking_Number" time="0.535" classname="Test_Data_Generation.Add_Tracking_Numbers_To_User"/>
  <testcase name="Add_Tracking_Number" time="0.538" classname="Test_Data_Generation.Add_Tracking_Numbers_To_User"/>
  <testcase name="Add_Tracking_Number" time="1.056" classname="Test_Data_Generation.Add_Tracking_Numbers_To_User"/>
  <testcase name="Add_Tracking_Number" time="0.590" classname="Test_Data_Generation.Add_Tracking_Numbers_To_User"/>
  <testcase name="Add_Tracking_Number" time="0.553" classname="Test_Data_Generation.Add_Tracking_Numbers_To_User"/>
  <testcase name="Add_Tracking_Number" time="0.575" classname="Test_Data_Generation.Add_Tracking_Numbers_To_User"/>
  <testcase name="Add_Tracking_Number" time="0.454" classname="Test_Data_Generation.Add_Tracking_Numbers_To_User"/>
  <testcase name="Add_Tracking_Number" time="0.549" classname="Test_Data_Generation.Add_Tracking_Numbers_To_User"/>
  <testcase name="Add_Tracking_Number" time="0.560" classname="Test_Data_Generation.Add_Tracking_Numbers_To_User"/>
  <testcase name="Add_Tracking_Number" time="0.480" classname="Test_Data_Generation.Add_Tracking_Numbers_To_User"/>
  <testcase name="Add_Tracking_Number" time="0.595" classname="Test_Data_Generation.Add_Tracking_Numbers_To_User"/>
  <testcase name="Add_Tracking_Number" time="0.670" classname="Test_Data_Generation.Add_Tracking_Numbers_To_User"/>
  <testcase name="Add_Tracking_Number" time="0.508" classname="Test_Data_Generation.Add_Tracking_Numbers_To_User"/>
  <testcase name="Add_Tracking_Number" time="0.552" classname="Test_Data_Generation.Add_Tracking_Numbers_To_User"/>
  <testcase name="Add_Tracking_Number" time="0.108" classname="Test_Data_Generation.Add_Tracking_Numbers_To_User"/>
  <testcase name="Add_Tracking_Number" time="0.569" classname="Test_Data_Generation.Add_Tracking_Numbers_To_User"/>
  <testcase name="Add_Tracking_Number" time="0.578" classname="Test_Data_Generation.Add_Tracking_Numbers_To_User"/>
  <testcase name="Add_Tracking_Number" time="0.528" classname="Test_Data_Generation.Add_Tracking_Numbers_To_User"/>
  <testcase name="Add_Tracking_Number" time="0.761" classname="Test_Data_Generation.Add_Tracking_Numbers_To_User"/>
  <testcase name="Add_Tracking_Number" time="0.511" classname="Test_Data_Generation.Add_Tracking_Numbers_To_User"/>
  <testcase name="Add_Tracking_Number" time="0.671" classname="Test_Data_Generation.Add_Tracking_Numbers_To_User"/>
  <testcase name="Add_Tracking_Number" time="0.582" classname="Test_Data_Generation.Add_Tracking_Numbers_To_User"/>
  <testcase name="Add_Tracking_Number" time="0.480" classname="Test_Data_Generation.Add_Tracking_Numbers_To_User"/>
  <testcase name="Add_Tracking_Number" time="0.523" classname="Test_Data_Generation.Add_Tracking_Numbers_To_User"/>
  <testcase name="Add_Tracking_Number" time="0.533" classname="Test_Data_Generation.Add_Tracking_Numbers_To_User"/>
  <testcase name="Add_Tracking_Number" time="0.548" classname="Test_Data_Generation.Add_Tracking_Numbers_To_User"/>
  <testcase name="Add_Tracking_Number" time="0.476" classname="Test_Data_Generation.Add_Tracking_Numbers_To_User"/>
  <testcase name="Add_Tracking_Number" time="0.710" classname="Test_Data_Generation.Add_Tracking_Numbers_To_User"/>
  <testcase name="Add_Tracking_Number" time="0.519" classname="Test_Data_Generation.Add_Tracking_Numbers_To_User"/>
  <testcase name="Add_Tracking_Number" time="0.485" classname="Test_Data_Generation.Add_Tracking_Numbers_To_User"/>
  <testcase name="Add_Tracking_Number" time="0.497" classname="Test_Data_Generation.Add_Tracking_Numbers_To_User"/>
  <testcase name="Add_Tracking_Number" time="0.605" classname="Test_Data_Generation.Add_Tracking_Numbers_To_User"/>
  <testcase name="Add_Tracking_Number" time="0.563" classname="Test_Data_Generation.Add_Tracking_Numbers_To_User"/>
  <testcase name="Add_Tracking_Number" time="0.535" classname="Test_Data_Generation.Add_Tracking_Numbers_To_User"/>
  <testcase name="Add_Tracking_Number" time="0.578" classname="Test_Data_Generation.Add_Tracking_Numbers_To_User"/>
  <testcase name="Add_Tracking_Number" time="0.081" classname="Test_Data_Generation.Add_Tracking_Numbers_To_User"/>
  <testcase name="Add_Tracking_Number" time="0.066" classname="Test_Data_Generation.Add_Tracking_Numbers_To_User"/>
  <testcase name="Add_Tracking_Number" time="0.365" classname="Test_Data_Generation.Add_Tracking_Numbers_To_User"/>
  <testcase name="Add_Tracking_Number" time="0.803" classname="Test_Data_Generation.Add_Tracking_Numbers_To_User"/>
  <testcase name="Add_Tracking_Number" time="0.758" classname="Test_Data_Generation.Add_Tracking_Numbers_To_User"/>
  <testcase name="Add_Tracking_Number" time="0.775" classname="Test_Data_Generation.Add_Tracking_Numbers_To_User"/>
  <testcase name="Add_Tracking_Number" time="0.566" classname="Test_Data_Generation.Add_Tracking_Numbers_To_User"/>
  <testcase name="Add_Tracking_Number" time="0.525" classname="Test_Data_Generation.Add_Tracking_Numbers_To_User"/>
  <testcase name="Add_Tracking_Number" time="0.467" classname="Test_Data_Generation.Add_Tracking_Numbers_To_User"/>
  <testcase name="Add_Tracking_Number" time="0.716" classname="Test_Data_Generation.Add_Tracking_Numbers_To_User"/>
  <testcase name="Add_Tracking_Number" time="0.566" classname="Test_Data_Generation.Add_Tracking_Numbers_To_User"/>
  <testcase name="Add_Tracking_Number" time="0.519" classname="Test_Data_Generation.Add_Tracking_Numbers_To_User"/>
  <testcase name="Add_Tracking_Number" time="0.520" classname="Test_Data_Generation.Add_Tracking_Numbers_To_User"/>
  <testcase name="Add_Tracking_Number" time="1.092" classname="Test_Data_Generation.Add_Tracking_Numbers_To_User">
    <failure type="java.lang.AssertionError" message="
Expected: a string containing &quot;{\&quot;successful\&quot;:true&quot;
     but: was &quot;{&quot;ShipmentOptionResponse&quot;:{&quot;successful&quot;:false,&quot;errorList&quot;:[{&quot;code&quot;:&quot;2997&quot;,&quot;message&quot;:&quot;TRAQS connection/request problem&quot;,&quot;source&quot;:null,&quot;rootCause&quot;:null}],&quot;alerts&quot;:null,&quot;cxsalerts&quot;:null}}&quot;">
      <![CDATA[java.lang.AssertionError: 
Expected: a string containing "{\"successful\":true"
     but: was "{"ShipmentOptionResponse":{"successful":false,"errorList":[{"code":"2997","message":"TRAQS connection/request problem","source":null,"rootCause":null}],"alerts":null,"cxsalerts":null}}"
at org.hamcrest.MatcherAssert.assertThat(MatcherAssert.java:20)
at org.junit.Assert.assertThat(Assert.java:956)
at org.junit.Assert.assertThat(Assert.java:923)
at Test_Data_Generation.Add_Tracking_Numbers_To_User.Add_Tracking_Number(Add_Tracking_Numbers_To_User.java:69)
at sun.reflect.GeneratedMethodAccessor2.invoke(Unknown Source)
at sun.reflect.DelegatingMethodAccessorImpl.invoke(Unknown Source)
at java.lang.reflect.Method.invoke(Unknown Source)
at org.testng.internal.MethodInvocationHelper.invokeMethod(MethodInvocationHelper.java:124)
at org.testng.internal.Invoker.invokeMethod(Invoker.java:580)
at org.testng.internal.Invoker.invokeTestMethod(Invoker.java:716)
at org.testng.internal.TestMethodWithDataProviderMethodWorker.call(TestMethodWithDataProviderMethodWorker.java:71)
at org.testng.internal.TestMethodWithDataProviderMethodWorker.call(TestMethodWithDataProviderMethodWorker.java:14)
at java.util.concurrent.FutureTask.run(Unknown Source)
at java.util.concurrent.Executors$RunnableAdapter.call(Unknown Source)
at java.util.concurrent.FutureTask.run(Unknown Source)
at java.util.concurrent.ThreadPoolExecutor.runWorker(Unknown Source)
at java.util.concurrent.ThreadPoolExecutor$Worker.run(Unknown Source)
at java.lang.Thread.run(Unknown Source)
]]>
    </failure>
  </testcase> <!-- Add_Tracking_Number -->
  <testcase name="Add_Tracking_Number" time="0.558" classname="Test_Data_Generation.Add_Tracking_Numbers_To_User"/>
  <testcase name="Add_Tracking_Number" time="0.482" classname="Test_Data_Generation.Add_Tracking_Numbers_To_User"/>
  <testcase name="Add_Tracking_Number" time="0.530" classname="Test_Data_Generation.Add_Tracking_Numbers_To_User"/>
  <testcase name="Add_Tracking_Number" time="0.500" classname="Test_Data_Generation.Add_Tracking_Numbers_To_User"/>
  <testcase name="Add_Tracking_Number" time="0.783" classname="Test_Data_Generation.Add_Tracking_Numbers_To_User"/>
  <testcase name="Add_Tracking_Number" time="0.194" classname="Test_Data_Generation.Add_Tracking_Numbers_To_User"/>
  <testcase name="Add_Tracking_Number" time="0.509" classname="Test_Data_Generation.Add_Tracking_Numbers_To_User"/>
  <testcase name="Add_Tracking_Number" time="0.568" classname="Test_Data_Generation.Add_Tracking_Numbers_To_User"/>
  <testcase name="Add_Tracking_Number" time="0.627" classname="Test_Data_Generation.Add_Tracking_Numbers_To_User"/>
  <testcase name="Add_Tracking_Number" time="0.505" classname="Test_Data_Generation.Add_Tracking_Numbers_To_User"/>
  <testcase name="Add_Tracking_Number" time="0.152" classname="Test_Data_Generation.Add_Tracking_Numbers_To_User"/>
  <testcase name="Add_Tracking_Number" time="0.618" classname="Test_Data_Generation.Add_Tracking_Numbers_To_User"/>
  <testcase name="Add_Tracking_Number" time="0.675" classname="Test_Data_Generation.Add_Tracking_Numbers_To_User"/>
  <testcase name="Add_Tracking_Number" time="0.552" classname="Test_Data_Generation.Add_Tracking_Numbers_To_User"/>
  <testcase name="Add_Tracking_Number" time="0.636" classname="Test_Data_Generation.Add_Tracking_Numbers_To_User"/>
  <testcase name="Add_Tracking_Number" time="0.060" classname="Test_Data_Generation.Add_Tracking_Numbers_To_User"/>
  <testcase name="Add_Tracking_Number" time="0.510" classname="Test_Data_Generation.Add_Tracking_Numbers_To_User"/>
  <testcase name="Add_Tracking_Number" time="0.502" classname="Test_Data_Generation.Add_Tracking_Numbers_To_User"/>
  <testcase name="Add_Tracking_Number" time="0.572" classname="Test_Data_Generation.Add_Tracking_Numbers_To_User"/>
  <testcase name="Add_Tracking_Number" time="0.609" classname="Test_Data_Generation.Add_Tracking_Numbers_To_User"/>
  <testcase name="Add_Tracking_Number" time="0.575" classname="Test_Data_Generation.Add_Tracking_Numbers_To_User"/>
  <testcase name="Add_Tracking_Number" time="0.694" classname="Test_Data_Generation.Add_Tracking_Numbers_To_User"/>
  <testcase name="Add_Tracking_Number" time="0.487" classname="Test_Data_Generation.Add_Tracking_Numbers_To_User"/>
  <testcase name="Add_Tracking_Number" time="0.451" classname="Test_Data_Generation.Add_Tracking_Numbers_To_User"/>
  <testcase name="Add_Tracking_Number" time="0.504" classname="Test_Data_Generation.Add_Tracking_Numbers_To_User"/>
  <testcase name="Add_Tracking_Number" time="0.450" classname="Test_Data_Generation.Add_Tracking_Numbers_To_User"/>
  <testcase name="Add_Tracking_Number" time="0.504" classname="Test_Data_Generation.Add_Tracking_Numbers_To_User"/>
  <testcase name="Add_Tracking_Number" time="0.561" classname="Test_Data_Generation.Add_Tracking_Numbers_To_User"/>
  <testcase name="Add_Tracking_Number" time="0.492" classname="Test_Data_Generation.Add_Tracking_Numbers_To_User"/>
  <testcase name="Add_Tracking_Number" time="0.561" classname="Test_Data_Generation.Add_Tracking_Numbers_To_User"/>
  <testcase name="Add_Tracking_Number" time="0.634" classname="Test_Data_Generation.Add_Tracking_Numbers_To_User"/>
  <testcase name="Add_Tracking_Number" time="0.674" classname="Test_Data_Generation.Add_Tracking_Numbers_To_User"/>
  <testcase name="Add_Tracking_Number" time="0.788" classname="Test_Data_Generation.Add_Tracking_Numbers_To_User"/>
  <testcase name="Add_Tracking_Number" time="0.649" classname="Test_Data_Generation.Add_Tracking_Numbers_To_User"/>
  <testcase name="Add_Tracking_Number" time="0.528" classname="Test_Data_Generation.Add_Tracking_Numbers_To_User"/>
  <testcase name="Add_Tracking_Number" time="0.559" classname="Test_Data_Generation.Add_Tracking_Numbers_To_User"/>
  <testcase name="Add_Tracking_Number" time="0.503" classname="Test_Data_Generation.Add_Tracking_Numbers_To_User"/>
  <testcase name="Add_Tracking_Number" time="0.486" classname="Test_Data_Generation.Add_Tracking_Numbers_To_User"/>
  <testcase name="Add_Tracking_Number" time="0.068" classname="Test_Data_Generation.Add_Tracking_Numbers_To_User"/>
  <testcase name="Add_Tracking_Number" time="0.598" classname="Test_Data_Generation.Add_Tracking_Numbers_To_User"/>
  <testcase name="Add_Tracking_Number" time="0.462" classname="Test_Data_Generation.Add_Tracking_Numbers_To_User"/>
  <testcase name="Add_Tracking_Number" time="0.462" classname="Test_Data_Generation.Add_Tracking_Numbers_To_User"/>
  <testcase name="Add_Tracking_Number" time="0.494" classname="Test_Data_Generation.Add_Tracking_Numbers_To_User"/>
  <testcase name="Add_Tracking_Number" time="0.560" classname="Test_Data_Generation.Add_Tracking_Numbers_To_User"/>
  <testcase name="Add_Tracking_Number" time="0.586" classname="Test_Data_Generation.Add_Tracking_Numbers_To_User"/>
  <testcase name="Add_Tracking_Number" time="0.485" classname="Test_Data_Generation.Add_Tracking_Numbers_To_User"/>
  <testcase name="Add_Tracking_Number" time="0.492" classname="Test_Data_Generation.Add_Tracking_Numbers_To_User"/>
  <testcase name="Add_Tracking_Number" time="0.696" classname="Test_Data_Generation.Add_Tracking_Numbers_To_User"/>
  <testcase name="Add_Tracking_Number" time="0.907" classname="Test_Data_Generation.Add_Tracking_Numbers_To_User"/>
  <testcase name="Add_Tracking_Number" time="0.565" classname="Test_Data_Generation.Add_Tracking_Numbers_To_User"/>
  <testcase name="Add_Tracking_Number" time="0.514" classname="Test_Data_Generation.Add_Tracking_Numbers_To_User"/>
  <testcase name="Add_Tracking_Number" time="0.576" classname="Test_Data_Generation.Add_Tracking_Numbers_To_User"/>
  <testcase name="Add_Tracking_Number" time="0.569" classname="Test_Data_Generation.Add_Tracking_Numbers_To_User"/>
  <testcase name="Add_Tracking_Number" time="0.473" classname="Test_Data_Generation.Add_Tracking_Numbers_To_User"/>
  <testcase name="Add_Tracking_Number" time="0.559" classname="Test_Data_Generation.Add_Tracking_Numbers_To_User"/>
  <testcase name="Add_Tracking_Number" time="0.498" classname="Test_Data_Generation.Add_Tracking_Numbers_To_User"/>
  <testcase name="Add_Tracking_Number" time="0.706" classname="Test_Data_Generation.Add_Tracking_Numbers_To_User"/>
  <testcase name="Add_Tracking_Number" time="0.483" classname="Test_Data_Generation.Add_Tracking_Numbers_To_User"/>
  <testcase name="Add_Tracking_Number" time="0.428" classname="Test_Data_Generation.Add_Tracking_Numbers_To_User"/>
  <testcase name="Add_Tracking_Number" time="0.576" classname="Test_Data_Generation.Add_Tracking_Numbers_To_User"/>
  <testcase name="Add_Tracking_Number" time="0.444" classname="Test_Data_Generation.Add_Tracking_Numbers_To_User"/>
  <testcase name="Add_Tracking_Number" time="0.619" classname="Test_Data_Generation.Add_Tracking_Numbers_To_User"/>
  <testcase name="Add_Tracking_Number" time="0.550" classname="Test_Data_Generation.Add_Tracking_Numbers_To_User"/>
  <testcase name="Add_Tracking_Number" time="0.457" classname="Test_Data_Generation.Add_Tracking_Numbers_To_User"/>
  <testcase name="Add_Tracking_Number" time="0.684" classname="Test_Data_Generation.Add_Tracking_Numbers_To_User"/>
  <testcase name="Add_Tracking_Number" time="1.191" classname="Test_Data_Generation.Add_Tracking_Numbers_To_User"/>
  <testcase name="Add_Tracking_Number" time="0.510" classname="Test_Data_Generation.Add_Tracking_Numbers_To_User"/>
  <testcase name="Add_Tracking_Number" time="0.506" classname="Test_Data_Generation.Add_Tracking_Numbers_To_User"/>
  <testcase name="Add_Tracking_Number" time="0.527" classname="Test_Data_Generation.Add_Tracking_Numbers_To_User"/>
  <testcase name="Add_Tracking_Number" time="0.593" classname="Test_Data_Generation.Add_Tracking_Numbers_To_User"/>
  <testcase name="Add_Tracking_Number" time="0.304" classname="Test_Data_Generation.Add_Tracking_Numbers_To_User"/>
  <testcase name="Add_Tracking_Number" time="0.580" classname="Test_Data_Generation.Add_Tracking_Numbers_To_User"/>
  <testcase name="Add_Tracking_Number" time="0.499" classname="Test_Data_Generation.Add_Tracking_Numbers_To_User"/>
  <testcase name="Add_Tracking_Number" time="0.593" classname="Test_Data_Generation.Add_Tracking_Numbers_To_User"/>
  <testcase name="Add_Tracking_Number" time="0.588" classname="Test_Data_Generation.Add_Tracking_Numbers_To_User"/>
  <testcase name="Add_Tracking_Number" time="0.579" classname="Test_Data_Generation.Add_Tracking_Numbers_To_User"/>
  <testcase name="Add_Tracking_Number" time="0.494" classname="Test_Data_Generation.Add_Tracking_Numbers_To_User"/>
  <testcase name="Add_Tracking_Number" time="0.559" classname="Test_Data_Generation.Add_Tracking_Numbers_To_User"/>
  <testcase name="Add_Tracking_Number" time="0.506" classname="Test_Data_Generation.Add_Tracking_Numbers_To_User"/>
  <testcase name="Add_Tracking_Number" time="0.554" classname="Test_Data_Generation.Add_Tracking_Numbers_To_User"/>
  <testcase name="Add_Tracking_Number" time="0.578" classname="Test_Data_Generation.Add_Tracking_Numbers_To_User"/>
  <testcase name="Add_Tracking_Number" time="0.550" classname="Test_Data_Generation.Add_Tracking_Numbers_To_User"/>
  <testcase name="Add_Tracking_Number" time="0.546" classname="Test_Data_Generation.Add_Tracking_Numbers_To_User"/>
  <testcase name="Add_Tracking_Number" time="0.484" classname="Test_Data_Generation.Add_Tracking_Numbers_To_User">
    <failure type="java.lang.AssertionError" message="
Expected: a string containing &quot;{\&quot;successful\&quot;:true&quot;
     but: was &quot;{&quot;ShipmentOptionResponse&quot;:{&quot;successful&quot;:false,&quot;errorList&quot;:[{&quot;code&quot;:&quot;2997&quot;,&quot;message&quot;:&quot;TRAQS connection/request problem&quot;,&quot;source&quot;:null,&quot;rootCause&quot;:null}],&quot;alerts&quot;:null,&quot;cxsalerts&quot;:null}}&quot;">
      <![CDATA[java.lang.AssertionError: 
Expected: a string containing "{\"successful\":true"
     but: was "{"ShipmentOptionResponse":{"successful":false,"errorList":[{"code":"2997","message":"TRAQS connection/request problem","source":null,"rootCause":null}],"alerts":null,"cxsalerts":null}}"
at org.hamcrest.MatcherAssert.assertThat(MatcherAssert.java:20)
at org.junit.Assert.assertThat(Assert.java:956)
at org.junit.Assert.assertThat(Assert.java:923)
at Test_Data_Generation.Add_Tracking_Numbers_To_User.Add_Tracking_Number(Add_Tracking_Numbers_To_User.java:69)
at sun.reflect.GeneratedMethodAccessor2.invoke(Unknown Source)
at sun.reflect.DelegatingMethodAccessorImpl.invoke(Unknown Source)
at java.lang.reflect.Method.invoke(Unknown Source)
at org.testng.internal.MethodInvocationHelper.invokeMethod(MethodInvocationHelper.java:124)
at org.testng.internal.Invoker.invokeMethod(Invoker.java:580)
at org.testng.internal.Invoker.invokeTestMethod(Invoker.java:716)
at org.testng.internal.TestMethodWithDataProviderMethodWorker.call(TestMethodWithDataProviderMethodWorker.java:71)
at org.testng.internal.TestMethodWithDataProviderMethodWorker.call(TestMethodWithDataProviderMethodWorker.java:14)
at java.util.concurrent.FutureTask.run(Unknown Source)
at java.util.concurrent.Executors$RunnableAdapter.call(Unknown Source)
at java.util.concurrent.FutureTask.run(Unknown Source)
at java.util.concurrent.ThreadPoolExecutor.runWorker(Unknown Source)
at java.util.concurrent.ThreadPoolExecutor$Worker.run(Unknown Source)
at java.lang.Thread.run(Unknown Source)
]]>
    </failure>
  </testcase> <!-- Add_Tracking_Number -->
  <testcase name="Add_Tracking_Number" time="0.521" classname="Test_Data_Generation.Add_Tracking_Numbers_To_User"/>
  <testcase name="Add_Tracking_Number" time="0.550" classname="Test_Data_Generation.Add_Tracking_Numbers_To_User"/>
  <testcase name="Add_Tracking_Number" time="0.470" classname="Test_Data_Generation.Add_Tracking_Numbers_To_User"/>
  <testcase name="Add_Tracking_Number" time="0.560" classname="Test_Data_Generation.Add_Tracking_Numbers_To_User"/>
  <testcase name="Add_Tracking_Number" time="1.086" classname="Test_Data_Generation.Add_Tracking_Numbers_To_User"/>
  <testcase name="Add_Tracking_Number" time="0.681" classname="Test_Data_Generation.Add_Tracking_Numbers_To_User"/>
  <testcase name="Add_Tracking_Number" time="0.728" classname="Test_Data_Generation.Add_Tracking_Numbers_To_User"/>
  <testcase name="Add_Tracking_Number" time="0.537" classname="Test_Data_Generation.Add_Tracking_Numbers_To_User"/>
  <testcase name="Add_Tracking_Number" time="0.645" classname="Test_Data_Generation.Add_Tracking_Numbers_To_User"/>
  <testcase name="Add_Tracking_Number" time="0.486" classname="Test_Data_Generation.Add_Tracking_Numbers_To_User"/>
  <testcase name="Add_Tracking_Number" time="0.632" classname="Test_Data_Generation.Add_Tracking_Numbers_To_User"/>
  <testcase name="Add_Tracking_Number" time="0.466" classname="Test_Data_Generation.Add_Tracking_Numbers_To_User"/>
  <testcase name="Add_Tracking_Number" time="0.562" classname="Test_Data_Generation.Add_Tracking_Numbers_To_User"/>
  <testcase name="Add_Tracking_Number" time="0.598" classname="Test_Data_Generation.Add_Tracking_Numbers_To_User"/>
  <testcase name="Add_Tracking_Number" time="0.571" classname="Test_Data_Generation.Add_Tracking_Numbers_To_User"/>
  <testcase name="Add_Tracking_Number" time="0.835" classname="Test_Data_Generation.Add_Tracking_Numbers_To_User"/>
  <testcase name="Add_Tracking_Number" time="0.572" classname="Test_Data_Generation.Add_Tracking_Numbers_To_User"/>
  <testcase name="Add_Tracking_Number" time="0.554" classname="Test_Data_Generation.Add_Tracking_Numbers_To_User"/>
  <testcase name="Add_Tracking_Number" time="0.570" classname="Test_Data_Generation.Add_Tracking_Numbers_To_User"/>
  <testcase name="Add_Tracking_Number" time="0.529" classname="Test_Data_Generation.Add_Tracking_Numbers_To_User"/>
  <testcase name="Add_Tracking_Number" time="0.622" classname="Test_Data_Generation.Add_Tracking_Numbers_To_User"/>
  <testcase name="Add_Tracking_Number" time="0.491" classname="Test_Data_Generation.Add_Tracking_Numbers_To_User"/>
  <testcase name="Add_Tracking_Number" time="0.584" classname="Test_Data_Generation.Add_Tracking_Numbers_To_User"/>
  <testcase name="Add_Tracking_Number" time="0.677" classname="Test_Data_Generation.Add_Tracking_Numbers_To_User"/>
  <testcase name="Add_Tracking_Number" time="0.584" classname="Test_Data_Generation.Add_Tracking_Numbers_To_User"/>
  <testcase name="Add_Tracking_Number" time="0.479" classname="Test_Data_Generation.Add_Tracking_Numbers_To_User"/>
  <testcase name="Add_Tracking_Number" time="0.553" classname="Test_Data_Generation.Add_Tracking_Numbers_To_User"/>
  <testcase name="Add_Tracking_Number" time="0.545" classname="Test_Data_Generation.Add_Tracking_Numbers_To_User"/>
  <testcase name="Add_Tracking_Number" time="0.454" classname="Test_Data_Generation.Add_Tracking_Numbers_To_User"/>
  <testcase name="Add_Tracking_Number" time="0.500" classname="Test_Data_Generation.Add_Tracking_Numbers_To_User"/>
  <testcase name="Add_Tracking_Number" time="0.723" classname="Test_Data_Generation.Add_Tracking_Numbers_To_User"/>
  <testcase name="Add_Tracking_Number" time="0.545" classname="Test_Data_Generation.Add_Tracking_Numbers_To_User"/>
  <testcase name="Add_Tracking_Number" time="0.480" classname="Test_Data_Generation.Add_Tracking_Numbers_To_User"/>
  <testcase name="Add_Tracking_Number" time="0.619" classname="Test_Data_Generation.Add_Tracking_Numbers_To_User"/>
  <testcase name="Add_Tracking_Number" time="0.555" classname="Test_Data_Generation.Add_Tracking_Numbers_To_User"/>
  <testcase name="Add_Tracking_Number" time="0.580" classname="Test_Data_Generation.Add_Tracking_Numbers_To_User"/>
  <testcase name="Add_Tracking_Number" time="0.580" classname="Test_Data_Generation.Add_Tracking_Numbers_To_User"/>
  <testcase name="Add_Tracking_Number" time="0.470" classname="Test_Data_Generation.Add_Tracking_Numbers_To_User"/>
  <testcase name="Add_Tracking_Number" time="0.472" classname="Test_Data_Generation.Add_Tracking_Numbers_To_User"/>
  <testcase name="Add_Tracking_Number" time="0.463" classname="Test_Data_Generation.Add_Tracking_Numbers_To_User"/>
  <testcase name="Add_Tracking_Number" time="0.834" classname="Test_Data_Generation.Add_Tracking_Numbers_To_User"/>
  <testcase name="Add_Tracking_Number" time="0.671" classname="Test_Data_Generation.Add_Tracking_Numbers_To_User"/>
  <testcase name="Add_Tracking_Number" time="0.232" classname="Test_Data_Generation.Add_Tracking_Numbers_To_User"/>
  <testcase name="Add_Tracking_Number" time="0.484" classname="Test_Data_Generation.Add_Tracking_Numbers_To_User"/>
  <testcase name="Add_Tracking_Number" time="0.572" classname="Test_Data_Generation.Add_Tracking_Numbers_To_User"/>
  <testcase name="Add_Tracking_Number" time="0.468" classname="Test_Data_Generation.Add_Tracking_Numbers_To_User"/>
  <testcase name="Add_Tracking_Number" time="0.502" classname="Test_Data_Generation.Add_Tracking_Numbers_To_User"/>
  <testcase name="Add_Tracking_Number" time="0.501" classname="Test_Data_Generation.Add_Tracking_Numbers_To_User"/>
  <testcase name="Add_Tracking_Number" time="0.525" classname="Test_Data_Generation.Add_Tracking_Numbers_To_User"/>
  <testcase name="Add_Tracking_Number" time="0.569" classname="Test_Data_Generation.Add_Tracking_Numbers_To_User"/>
  <testcase name="Add_Tracking_Number" time="0.590" classname="Test_Data_Generation.Add_Tracking_Numbers_To_User"/>
  <testcase name="Add_Tracking_Number" time="0.552" classname="Test_Data_Generation.Add_Tracking_Numbers_To_User"/>
  <testcase name="Add_Tracking_Number" time="0.580" classname="Test_Data_Generation.Add_Tracking_Numbers_To_User"/>
  <testcase name="Add_Tracking_Number" time="0.505" classname="Test_Data_Generation.Add_Tracking_Numbers_To_User"/>
  <testcase name="Add_Tracking_Number" time="0.553" classname="Test_Data_Generation.Add_Tracking_Numbers_To_User"/>
  <testcase name="Add_Tracking_Number" time="0.515" classname="Test_Data_Generation.Add_Tracking_Numbers_To_User"/>
  <testcase name="Add_Tracking_Number" time="0.480" classname="Test_Data_Generation.Add_Tracking_Numbers_To_User"/>
  <testcase name="Add_Tracking_Number" time="0.527" classname="Test_Data_Generation.Add_Tracking_Numbers_To_User"/>
  <testcase name="Add_Tracking_Number" time="0.498" classname="Test_Data_Generation.Add_Tracking_Numbers_To_User"/>
  <testcase name="Add_Tracking_Number" time="0.526" classname="Test_Data_Generation.Add_Tracking_Numbers_To_User"/>
  <testcase name="Add_Tracking_Number" time="0.643" classname="Test_Data_Generation.Add_Tracking_Numbers_To_User"/>
  <testcase name="Add_Tracking_Number" time="0.497" classname="Test_Data_Generation.Add_Tracking_Numbers_To_User"/>
  <testcase name="Add_Tracking_Number" time="0.520" classname="Test_Data_Generation.Add_Tracking_Numbers_To_User"/>
  <testcase name="Add_Tracking_Number" time="0.527" classname="Test_Data_Generation.Add_Tracking_Numbers_To_User"/>
  <testcase name="Add_Tracking_Number" time="0.536" classname="Test_Data_Generation.Add_Tracking_Numbers_To_User"/>
  <testcase name="Add_Tracking_Number" time="0.656" classname="Test_Data_Generation.Add_Tracking_Numbers_To_User"/>
  <testcase name="Add_Tracking_Number" time="0.721" classname="Test_Data_Generation.Add_Tracking_Numbers_To_User"/>
  <testcase name="Add_Tracking_Number" time="0.556" classname="Test_Data_Generation.Add_Tracking_Numbers_To_User"/>
  <testcase name="Add_Tracking_Number" time="0.760" classname="Test_Data_Generation.Add_Tracking_Numbers_To_User"/>
  <testcase name="Add_Tracking_Number" time="0.529" classname="Test_Data_Generation.Add_Tracking_Numbers_To_User"/>
  <testcase name="Add_Tracking_Number" time="0.447" classname="Test_Data_Generation.Add_Tracking_Numbers_To_User"/>
  <testcase name="Add_Tracking_Number" time="0.553" classname="Test_Data_Generation.Add_Tracking_Numbers_To_User"/>
  <testcase name="Add_Tracking_Number" time="0.525" classname="Test_Data_Generation.Add_Tracking_Numbers_To_User"/>
  <testcase name="Add_Tracking_Number" time="0.482" classname="Test_Data_Generation.Add_Tracking_Numbers_To_User"/>
  <testcase name="Add_Tracking_Number" time="0.606" classname="Test_Data_Generation.Add_Tracking_Numbers_To_User"/>
  <testcase name="Add_Tracking_Number" time="0.511" classname="Test_Data_Generation.Add_Tracking_Numbers_To_User"/>
  <testcase name="Add_Tracking_Number" time="0.525" classname="Test_Data_Generation.Add_Tracking_Numbers_To_User"/>
  <testcase name="Add_Tracking_Number" time="0.565" classname="Test_Data_Generation.Add_Tracking_Numbers_To_User"/>
  <testcase name="Add_Tracking_Number" time="0.489" classname="Test_Data_Generation.Add_Tracking_Numbers_To_User"/>
  <testcase name="Add_Tracking_Number" time="0.552" classname="Test_Data_Generation.Add_Tracking_Numbers_To_User"/>
  <testcase name="Add_Tracking_Number" time="0.544" classname="Test_Data_Generation.Add_Tracking_Numbers_To_User"/>
  <testcase name="Add_Tracking_Number" time="0.536" classname="Test_Data_Generation.Add_Tracking_Numbers_To_User"/>
  <testcase name="Add_Tracking_Number" time="0.560" classname="Test_Data_Generation.Add_Tracking_Numbers_To_User"/>
  <testcase name="Add_Tracking_Number" time="0.075" classname="Test_Data_Generation.Add_Tracking_Numbers_To_User"/>
  <testcase name="Add_Tracking_Number" time="0.612" classname="Test_Data_Generation.Add_Tracking_Numbers_To_User"/>
  <testcase name="Add_Tracking_Number" time="0.510" classname="Test_Data_Generation.Add_Tracking_Numbers_To_User"/>
  <testcase name="Add_Tracking_Number" time="0.529" classname="Test_Data_Generation.Add_Tracking_Numbers_To_User"/>
  <testcase name="Add_Tracking_Number" time="0.463" classname="Test_Data_Generation.Add_Tracking_Numbers_To_User"/>
  <testcase name="Add_Tracking_Number" time="0.506" classname="Test_Data_Generation.Add_Tracking_Numbers_To_User"/>
  <testcase name="Add_Tracking_Number" time="0.048" classname="Test_Data_Generation.Add_Tracking_Numbers_To_User"/>
  <testcase name="Add_Tracking_Number" time="0.451" classname="Test_Data_Generation.Add_Tracking_Numbers_To_User"/>
  <testcase name="Add_Tracking_Number" time="0.466" classname="Test_Data_Generation.Add_Tracking_Numbers_To_User"/>
  <testcase name="Add_Tracking_Number" time="0.432" classname="Test_Data_Generation.Add_Tracking_Numbers_To_User"/>
  <testcase name="Add_Tracking_Number" time="0.481" classname="Test_Data_Generation.Add_Tracking_Numbers_To_User"/>
  <testcase name="Add_Tracking_Number" time="0.547" classname="Test_Data_Generation.Add_Tracking_Numbers_To_User"/>
  <testcase name="Add_Tracking_Number" time="0.478" classname="Test_Data_Generation.Add_Tracking_Numbers_To_User"/>
  <testcase name="Add_Tracking_Number" time="0.506" classname="Test_Data_Generation.Add_Tracking_Numbers_To_User"/>
  <testcase name="Add_Tracking_Number" time="0.495" classname="Test_Data_Generation.Add_Tracking_Numbers_To_User"/>
  <testcase name="Add_Tracking_Number" time="0.495" classname="Test_Data_Generation.Add_Tracking_Numbers_To_User"/>
  <testcase name="Add_Tracking_Number" time="0.547" classname="Test_Data_Generation.Add_Tracking_Numbers_To_User"/>
  <testcase name="Add_Tracking_Number" time="0.567" classname="Test_Data_Generation.Add_Tracking_Numbers_To_User"/>
  <testcase name="Add_Tracking_Number" time="0.571" classname="Test_Data_Generation.Add_Tracking_Numbers_To_User"/>
  <testcase name="Add_Tracking_Number" time="0.521" classname="Test_Data_Generation.Add_Tracking_Numbers_To_User"/>
  <testcase name="Add_Tracking_Number" time="0.574" classname="Test_Data_Generation.Add_Tracking_Numbers_To_User"/>
  <testcase name="Add_Tracking_Number" time="0.491" classname="Test_Data_Generation.Add_Tracking_Numbers_To_User"/>
  <testcase name="Add_Tracking_Number" time="0.585" classname="Test_Data_Generation.Add_Tracking_Numbers_To_User"/>
  <testcase name="Add_Tracking_Number" time="0.565" classname="Test_Data_Generation.Add_Tracking_Numbers_To_User"/>
  <testcase name="Add_Tracking_Number" time="0.712" classname="Test_Data_Generation.Add_Tracking_Numbers_To_User"/>
  <testcase name="Add_Tracking_Number" time="0.479" classname="Test_Data_Generation.Add_Tracking_Numbers_To_User"/>
  <testcase name="Add_Tracking_Number" time="0.552" classname="Test_Data_Generation.Add_Tracking_Numbers_To_User"/>
  <testcase name="Add_Tracking_Number" time="0.687" classname="Test_Data_Generation.Add_Tracking_Numbers_To_User"/>
  <testcase name="Add_Tracking_Number" time="0.532" classname="Test_Data_Generation.Add_Tracking_Numbers_To_User"/>
  <testcase name="Add_Tracking_Number" time="0.438" classname="Test_Data_Generation.Add_Tracking_Numbers_To_User"/>
  <testcase name="Add_Tracking_Number" time="0.589" classname="Test_Data_Generation.Add_Tracking_Numbers_To_User"/>
  <testcase name="Add_Tracking_Number" time="0.554" classname="Test_Data_Generation.Add_Tracking_Numbers_To_User"/>
  <testcase name="Add_Tracking_Number" time="0.528" classname="Test_Data_Generation.Add_Tracking_Numbers_To_User"/>
  <testcase name="Add_Tracking_Number" time="0.555" classname="Test_Data_Generation.Add_Tracking_Numbers_To_User"/>
  <testcase name="Add_Tracking_Number" time="0.513" classname="Test_Data_Generation.Add_Tracking_Numbers_To_User"/>
  <testcase name="Add_Tracking_Number" time="0.545" classname="Test_Data_Generation.Add_Tracking_Numbers_To_User"/>
  <testcase name="Add_Tracking_Number" time="0.558" classname="Test_Data_Generation.Add_Tracking_Numbers_To_User"/>
  <testcase name="Add_Tracking_Number" time="0.443" classname="Test_Data_Generation.Add_Tracking_Numbers_To_User"/>
  <testcase name="Add_Tracking_Number" time="1.000" classname="Test_Data_Generation.Add_Tracking_Numbers_To_User"/>
  <testcase name="Add_Tracking_Number" time="0.534" classname="Test_Data_Generation.Add_Tracking_Numbers_To_User"/>
  <testcase name="Add_Tracking_Number" time="0.542" classname="Test_Data_Generation.Add_Tracking_Numbers_To_User"/>
  <testcase name="Add_Tracking_Number" time="0.148" classname="Test_Data_Generation.Add_Tracking_Numbers_To_User"/>
  <testcase name="Add_Tracking_Number" time="0.582" classname="Test_Data_Generation.Add_Tracking_Numbers_To_User"/>
  <testcase name="Add_Tracking_Number" time="0.530" classname="Test_Data_Generation.Add_Tracking_Numbers_To_User"/>
  <testcase name="Add_Tracking_Number" time="0.597" classname="Test_Data_Generation.Add_Tracking_Numbers_To_User"/>
  <testcase name="Add_Tracking_Number" time="0.663" classname="Test_Data_Generation.Add_Tracking_Numbers_To_User"/>
  <testcase name="Add_Tracking_Number" time="0.520" classname="Test_Data_Generation.Add_Tracking_Numbers_To_User"/>
  <testcase name="Add_Tracking_Number" time="0.544" classname="Test_Data_Generation.Add_Tracking_Numbers_To_User"/>
  <testcase name="Add_Tracking_Number" time="0.653" classname="Test_Data_Generation.Add_Tracking_Numbers_To_User"/>
  <testcase name="Add_Tracking_Number" time="0.586" classname="Test_Data_Generation.Add_Tracking_Numbers_To_User"/>
  <testcase name="Add_Tracking_Number" time="0.050" classname="Test_Data_Generation.Add_Tracking_Numbers_To_User"/>
  <testcase name="Add_Tracking_Number" time="0.555" classname="Test_Data_Generation.Add_Tracking_Numbers_To_User"/>
  <testcase name="Add_Tracking_Number" time="0.563" classname="Test_Data_Generation.Add_Tracking_Numbers_To_User"/>
  <testcase name="Add_Tracking_Number" time="0.522" classname="Test_Data_Generation.Add_Tracking_Numbers_To_User"/>
  <testcase name="Add_Tracking_Number" time="0.474" classname="Test_Data_Generation.Add_Tracking_Numbers_To_User"/>
  <testcase name="Add_Tracking_Number" time="0.560" classname="Test_Data_Generation.Add_Tracking_Numbers_To_User"/>
  <testcase name="Add_Tracking_Number" time="0.654" classname="Test_Data_Generation.Add_Tracking_Numbers_To_User"/>
  <testcase name="Add_Tracking_Number" time="0.522" classname="Test_Data_Generation.Add_Tracking_Numbers_To_User"/>
  <testcase name="Add_Tracking_Number" time="0.272" classname="Test_Data_Generation.Add_Tracking_Numbers_To_User"/>
  <testcase name="Add_Tracking_Number" time="0.541" classname="Test_Data_Generation.Add_Tracking_Numbers_To_User"/>
  <testcase name="Add_Tracking_Number" time="0.574" classname="Test_Data_Generation.Add_Tracking_Numbers_To_User"/>
  <testcase name="Add_Tracking_Number" time="0.529" classname="Test_Data_Generation.Add_Tracking_Numbers_To_User"/>
  <testcase name="Add_Tracking_Number" time="0.478" classname="Test_Data_Generation.Add_Tracking_Numbers_To_User"/>
  <testcase name="Add_Tracking_Number" time="0.770" classname="Test_Data_Generation.Add_Tracking_Numbers_To_User"/>
  <testcase name="Add_Tracking_Number" time="0.522" classname="Test_Data_Generation.Add_Tracking_Numbers_To_User"/>
  <testcase name="Add_Tracking_Number" time="0.490" classname="Test_Data_Generation.Add_Tracking_Numbers_To_User"/>
  <testcase name="Add_Tracking_Number" time="0.516" classname="Test_Data_Generation.Add_Tracking_Numbers_To_User"/>
  <testcase name="Add_Tracking_Number" time="0.566" classname="Test_Data_Generation.Add_Tracking_Numbers_To_User"/>
  <testcase name="Add_Tracking_Number" time="0.632" classname="Test_Data_Generation.Add_Tracking_Numbers_To_User"/>
  <testcase name="Add_Tracking_Number" time="0.517" classname="Test_Data_Generation.Add_Tracking_Numbers_To_User"/>
  <testcase name="Add_Tracking_Number" time="0.557" classname="Test_Data_Generation.Add_Tracking_Numbers_To_User"/>
  <testcase name="Add_Tracking_Number" time="0.607" classname="Test_Data_Generation.Add_Tracking_Numbers_To_User"/>
  <testcase name="Add_Tracking_Number" time="0.540" classname="Test_Data_Generation.Add_Tracking_Numbers_To_User"/>
  <testcase name="Add_Tracking_Number" time="0.506" classname="Test_Data_Generation.Add_Tracking_Numbers_To_User"/>
  <testcase name="Add_Tracking_Number" time="0.568" classname="Test_Data_Generation.Add_Tracking_Numbers_To_User"/>
  <testcase name="Add_Tracking_Number" time="0.520" classname="Test_Data_Generation.Add_Tracking_Numbers_To_User"/>
  <testcase name="Add_Tracking_Number" time="0.571" classname="Test_Data_Generation.Add_Tracking_Numbers_To_User"/>
  <testcase name="Add_Tracking_Number" time="0.531" classname="Test_Data_Generation.Add_Tracking_Numbers_To_User"/>
  <testcase name="Add_Tracking_Number" time="0.490" classname="Test_Data_Generation.Add_Tracking_Numbers_To_User"/>
  <testcase name="Add_Tracking_Number" time="0.490" classname="Test_Data_Generation.Add_Tracking_Numbers_To_User"/>
  <testcase name="Add_Tracking_Number" time="0.546" classname="Test_Data_Generation.Add_Tracking_Numbers_To_User"/>
  <testcase name="Add_Tracking_Number" time="0.852" classname="Test_Data_Generation.Add_Tracking_Numbers_To_User"/>
  <testcase name="Add_Tracking_Number" time="0.570" classname="Test_Data_Generation.Add_Tracking_Numbers_To_User"/>
  <testcase name="Add_Tracking_Number" time="0.560" classname="Test_Data_Generation.Add_Tracking_Numbers_To_User"/>
  <testcase name="Add_Tracking_Number" time="0.501" classname="Test_Data_Generation.Add_Tracking_Numbers_To_User"/>
  <testcase name="Add_Tracking_Number" time="0.625" classname="Test_Data_Generation.Add_Tracking_Numbers_To_User"/>
  <testcase name="Add_Tracking_Number" time="0.546" classname="Test_Data_Generation.Add_Tracking_Numbers_To_User"/>
  <testcase name="Add_Tracking_Number" time="0.539" classname="Test_Data_Generation.Add_Tracking_Numbers_To_User"/>
  <testcase name="Add_Tracking_Number" time="0.556" classname="Test_Data_Generation.Add_Tracking_Numbers_To_User"/>
  <testcase name="Add_Tracking_Number" time="0.536" classname="Test_Data_Generation.Add_Tracking_Numbers_To_User"/>
  <testcase name="Add_Tracking_Number" time="0.837" classname="Test_Data_Generation.Add_Tracking_Numbers_To_User"/>
  <testcase name="Add_Tracking_Number" time="0.560" classname="Test_Data_Generation.Add_Tracking_Numbers_To_User"/>
  <testcase name="Add_Tracking_Number" time="0.754" classname="Test_Data_Generation.Add_Tracking_Numbers_To_User"/>
  <testcase name="Add_Tracking_Number" time="0.680" classname="Test_Data_Generation.Add_Tracking_Numbers_To_User"/>
  <testcase name="Add_Tracking_Number" time="0.517" classname="Test_Data_Generation.Add_Tracking_Numbers_To_User"/>
  <testcase name="Add_Tracking_Number" time="0.458" classname="Test_Data_Generation.Add_Tracking_Numbers_To_User"/>
  <testcase name="Add_Tracking_Number" time="0.514" classname="Test_Data_Generation.Add_Tracking_Numbers_To_User"/>
  <testcase name="Add_Tracking_Number" time="0.568" classname="Test_Data_Generation.Add_Tracking_Numbers_To_User"/>
  <testcase name="Add_Tracking_Number" time="0.525" classname="Test_Data_Generation.Add_Tracking_Numbers_To_User"/>
  <testcase name="Add_Tracking_Number" time="0.528" classname="Test_Data_Generation.Add_Tracking_Numbers_To_User"/>
  <testcase name="Add_Tracking_Number" time="0.515" classname="Test_Data_Generation.Add_Tracking_Numbers_To_User"/>
  <testcase name="Add_Tracking_Number" time="0.687" classname="Test_Data_Generation.Add_Tracking_Numbers_To_User"/>
  <testcase name="Add_Tracking_Number" time="0.733" classname="Test_Data_Generation.Add_Tracking_Numbers_To_User"/>
  <testcase name="Add_Tracking_Number" time="0.525" classname="Test_Data_Generation.Add_Tracking_Numbers_To_User"/>
  <testcase name="Add_Tracking_Number" time="0.492" classname="Test_Data_Generation.Add_Tracking_Numbers_To_User"/>
  <testcase name="Add_Tracking_Number" time="0.590" classname="Test_Data_Generation.Add_Tracking_Numbers_To_User"/>
  <testcase name="Add_Tracking_Number" time="0.600" classname="Test_Data_Generation.Add_Tracking_Numbers_To_User"/>
  <testcase name="Add_Tracking_Number" time="0.678" classname="Test_Data_Generation.Add_Tracking_Numbers_To_User"/>
  <testcase name="Add_Tracking_Number" time="0.623" classname="Test_Data_Generation.Add_Tracking_Numbers_To_User"/>
  <testcase name="Add_Tracking_Number" time="0.588" classname="Test_Data_Generation.Add_Tracking_Numbers_To_User"/>
  <testcase name="Add_Tracking_Number" time="0.046" classname="Test_Data_Generation.Add_Tracking_Numbers_To_User"/>
  <testcase name="Add_Tracking_Number" time="0.513" classname="Test_Data_Generation.Add_Tracking_Numbers_To_User"/>
  <testcase name="Add_Tracking_Number" time="0.504" classname="Test_Data_Generation.Add_Tracking_Numbers_To_User"/>
  <testcase name="Add_Tracking_Number" time="0.533" classname="Test_Data_Generation.Add_Tracking_Numbers_To_User"/>
  <testcase name="Add_Tracking_Number" time="0.609" classname="Test_Data_Generation.Add_Tracking_Numbers_To_User"/>
  <testcase name="Add_Tracking_Number" time="0.465" classname="Test_Data_Generation.Add_Tracking_Numbers_To_User"/>
  <testcase name="Add_Tracking_Number" time="0.707" classname="Test_Data_Generation.Add_Tracking_Numbers_To_User"/>
  <testcase name="Add_Tracking_Number" time="0.067" classname="Test_Data_Generation.Add_Tracking_Numbers_To_User"/>
  <testcase name="Add_Tracking_Number" time="0.510" classname="Test_Data_Generation.Add_Tracking_Numbers_To_User"/>
  <testcase name="Add_Tracking_Number" time="0.505" classname="Test_Data_Generation.Add_Tracking_Numbers_To_User"/>
  <testcase name="Add_Tracking_Number" time="0.517" classname="Test_Data_Generation.Add_Tracking_Numbers_To_User"/>
  <testcase name="Add_Tracking_Number" time="0.521" classname="Test_Data_Generation.Add_Tracking_Numbers_To_User"/>
  <testcase name="Add_Tracking_Number" time="0.597" classname="Test_Data_Generation.Add_Tracking_Numbers_To_User"/>
  <testcase name="Add_Tracking_Number" time="0.536" classname="Test_Data_Generation.Add_Tracking_Numbers_To_User"/>
  <testcase name="Add_Tracking_Number" time="0.612" classname="Test_Data_Generation.Add_Tracking_Numbers_To_User"/>
  <testcase name="Add_Tracking_Number" time="0.504" classname="Test_Data_Generation.Add_Tracking_Numbers_To_User"/>
  <testcase name="Add_Tracking_Number" time="0.497" classname="Test_Data_Generation.Add_Tracking_Numbers_To_User"/>
  <testcase name="Add_Tracking_Number" time="0.556" classname="Test_Data_Generation.Add_Tracking_Numbers_To_User"/>
  <testcase name="Add_Tracking_Number" time="0.733" classname="Test_Data_Generation.Add_Tracking_Numbers_To_User"/>
  <testcase name="Add_Tracking_Number" time="0.607" classname="Test_Data_Generation.Add_Tracking_Numbers_To_User"/>
  <testcase name="Add_Tracking_Number" time="0.705" classname="Test_Data_Generation.Add_Tracking_Numbers_To_User"/>
  <testcase name="Add_Tracking_Number" time="0.645" classname="Test_Data_Generation.Add_Tracking_Numbers_To_User"/>
  <testcase name="Add_Tracking_Number" time="0.569" classname="Test_Data_Generation.Add_Tracking_Numbers_To_User"/>
  <testcase name="Add_Tracking_Number" time="0.805" classname="Test_Data_Generation.Add_Tracking_Numbers_To_User"/>
  <testcase name="Add_Tracking_Number" time="0.504" classname="Test_Data_Generation.Add_Tracking_Numbers_To_User"/>
  <testcase name="Add_Tracking_Number" time="0.580" classname="Test_Data_Generation.Add_Tracking_Numbers_To_User"/>
  <testcase name="Add_Tracking_Number" time="0.648" classname="Test_Data_Generation.Add_Tracking_Numbers_To_User"/>
  <testcase name="Add_Tracking_Number" time="0.547" classname="Test_Data_Generation.Add_Tracking_Numbers_To_User"/>
  <testcase name="Add_Tracking_Number" time="0.351" classname="Test_Data_Generation.Add_Tracking_Numbers_To_User"/>
  <testcase name="Add_Tracking_Number" time="0.430" classname="Test_Data_Generation.Add_Tracking_Numbers_To_User"/>
  <testcase name="Add_Tracking_Number" time="0.751" classname="Test_Data_Generation.Add_Tracking_Numbers_To_User"/>
  <testcase name="Add_Tracking_Number" time="0.552" classname="Test_Data_Generation.Add_Tracking_Numbers_To_User"/>
  <testcase name="Add_Tracking_Number" time="0.601" classname="Test_Data_Generation.Add_Tracking_Numbers_To_User"/>
  <testcase name="Add_Tracking_Number" time="0.474" classname="Test_Data_Generation.Add_Tracking_Numbers_To_User"/>
  <testcase name="Add_Tracking_Number" time="0.520" classname="Test_Data_Generation.Add_Tracking_Numbers_To_User"/>
  <testcase name="Add_Tracking_Number" time="0.586" classname="Test_Data_Generation.Add_Tracking_Numbers_To_User"/>
  <testcase name="Add_Tracking_Number" time="0.569" classname="Test_Data_Generation.Add_Tracking_Numbers_To_User"/>
  <testcase name="Add_Tracking_Number" time="0.752" classname="Test_Data_Generation.Add_Tracking_Numbers_To_User"/>
  <testcase name="Add_Tracking_Number" time="0.545" classname="Test_Data_Generation.Add_Tracking_Numbers_To_User"/>
  <testcase name="Add_Tracking_Number" time="0.606" classname="Test_Data_Generation.Add_Tracking_Numbers_To_User"/>
  <testcase name="Add_Tracking_Number" time="0.492" classname="Test_Data_Generation.Add_Tracking_Numbers_To_User"/>
  <testcase name="Add_Tracking_Number" time="0.508" classname="Test_Data_Generation.Add_Tracking_Numbers_To_User"/>
  <testcase name="Add_Tracking_Number" time="0.846" classname="Test_Data_Generation.Add_Tracking_Numbers_To_User"/>
  <testcase name="Add_Tracking_Number" time="0.542" classname="Test_Data_Generation.Add_Tracking_Numbers_To_User"/>
  <testcase name="Add_Tracking_Number" time="1.056" classname="Test_Data_Generation.Add_Tracking_Numbers_To_User"/>
  <testcase name="Add_Tracking_Number" time="0.657" classname="Test_Data_Generation.Add_Tracking_Numbers_To_User"/>
  <testcase name="Add_Tracking_Number" time="0.506" classname="Test_Data_Generation.Add_Tracking_Numbers_To_User"/>
  <testcase name="Add_Tracking_Number" time="0.592" classname="Test_Data_Generation.Add_Tracking_Numbers_To_User"/>
  <testcase name="Add_Tracking_Number" time="0.677" classname="Test_Data_Generation.Add_Tracking_Numbers_To_User"/>
  <testcase name="Add_Tracking_Number" time="0.658" classname="Test_Data_Generation.Add_Tracking_Numbers_To_User"/>
  <testcase name="Add_Tracking_Number" time="0.567" classname="Test_Data_Generation.Add_Tracking_Numbers_To_User"/>
  <testcase name="Add_Tracking_Number" time="0.046" classname="Test_Data_Generation.Add_Tracking_Numbers_To_User"/>
  <testcase name="Add_Tracking_Number" time="0.458" classname="Test_Data_Generation.Add_Tracking_Numbers_To_User"/>
  <testcase name="Add_Tracking_Number" time="0.557" classname="Test_Data_Generation.Add_Tracking_Numbers_To_User"/>
  <testcase name="Add_Tracking_Number" time="0.470" classname="Test_Data_Generation.Add_Tracking_Numbers_To_User"/>
  <testcase name="Add_Tracking_Number" time="0.597" classname="Test_Data_Generation.Add_Tracking_Numbers_To_User"/>
  <testcase name="Add_Tracking_Number" time="0.579" classname="Test_Data_Generation.Add_Tracking_Numbers_To_User"/>
  <testcase name="Add_Tracking_Number" time="0.649" classname="Test_Data_Generation.Add_Tracking_Numbers_To_User"/>
  <testcase name="Add_Tracking_Number" time="0.568" classname="Test_Data_Generation.Add_Tracking_Numbers_To_User"/>
  <testcase name="Add_Tracking_Number" time="0.596" classname="Test_Data_Generation.Add_Tracking_Numbers_To_User"/>
  <testcase name="Add_Tracking_Number" time="0.502" classname="Test_Data_Generation.Add_Tracking_Numbers_To_User"/>
  <testcase name="Add_Tracking_Number" time="0.548" classname="Test_Data_Generation.Add_Tracking_Numbers_To_User"/>
  <testcase name="Add_Tracking_Number" time="0.457" classname="Test_Data_Generation.Add_Tracking_Numbers_To_User"/>
  <testcase name="Add_Tracking_Number" time="0.668" classname="Test_Data_Generation.Add_Tracking_Numbers_To_User"/>
  <testcase name="Add_Tracking_Number" time="0.611" classname="Test_Data_Generation.Add_Tracking_Numbers_To_User"/>
  <testcase name="Add_Tracking_Number" time="0.433" classname="Test_Data_Generation.Add_Tracking_Numbers_To_User"/>
  <testcase name="Add_Tracking_Number" time="0.599" classname="Test_Data_Generation.Add_Tracking_Numbers_To_User"/>
  <testcase name="Add_Tracking_Number" time="0.550" classname="Test_Data_Generation.Add_Tracking_Numbers_To_User"/>
  <testcase name="Add_Tracking_Number" time="0.692" classname="Test_Data_Generation.Add_Tracking_Numbers_To_User"/>
  <testcase name="Add_Tracking_Number" time="0.560" classname="Test_Data_Generation.Add_Tracking_Numbers_To_User"/>
  <testcase name="Add_Tracking_Number" time="0.628" classname="Test_Data_Generation.Add_Tracking_Numbers_To_User"/>
  <testcase name="Add_Tracking_Number" time="0.476" classname="Test_Data_Generation.Add_Tracking_Numbers_To_User"/>
  <testcase name="Add_Tracking_Number" time="0.458" classname="Test_Data_Generation.Add_Tracking_Numbers_To_User"/>
  <testcase name="Add_Tracking_Number" time="0.220" classname="Test_Data_Generation.Add_Tracking_Numbers_To_User"/>
  <testcase name="Add_Tracking_Number" time="0.724" classname="Test_Data_Generation.Add_Tracking_Numbers_To_User"/>
  <testcase name="Add_Tracking_Number" time="0.458" classname="Test_Data_Generation.Add_Tracking_Numbers_To_User"/>
  <testcase name="Add_Tracking_Number" time="0.757" classname="Test_Data_Generation.Add_Tracking_Numbers_To_User"/>
  <testcase name="Add_Tracking_Number" time="0.455" classname="Test_Data_Generation.Add_Tracking_Numbers_To_User"/>
  <testcase name="Add_Tracking_Number" time="0.475" classname="Test_Data_Generation.Add_Tracking_Numbers_To_User"/>
  <testcase name="Add_Tracking_Number" time="0.493" classname="Test_Data_Generation.Add_Tracking_Numbers_To_User"/>
  <testcase name="Add_Tracking_Number" time="0.479" classname="Test_Data_Generation.Add_Tracking_Numbers_To_User"/>
  <testcase name="Add_Tracking_Number" time="0.546" classname="Test_Data_Generation.Add_Tracking_Numbers_To_User"/>
  <testcase name="Add_Tracking_Number" time="0.626" classname="Test_Data_Generation.Add_Tracking_Numbers_To_User"/>
  <testcase name="Add_Tracking_Number" time="0.446" classname="Test_Data_Generation.Add_Tracking_Numbers_To_User"/>
  <testcase name="Add_Tracking_Number" time="0.642" classname="Test_Data_Generation.Add_Tracking_Numbers_To_User"/>
  <testcase name="Add_Tracking_Number" time="0.456" classname="Test_Data_Generation.Add_Tracking_Numbers_To_User"/>
  <testcase name="Add_Tracking_Number" time="0.652" classname="Test_Data_Generation.Add_Tracking_Numbers_To_User"/>
  <testcase name="Add_Tracking_Number" time="0.559" classname="Test_Data_Generation.Add_Tracking_Numbers_To_User"/>
  <testcase name="Add_Tracking_Number" time="0.604" classname="Test_Data_Generation.Add_Tracking_Numbers_To_User"/>
  <testcase name="Add_Tracking_Number" time="0.542" classname="Test_Data_Generation.Add_Tracking_Numbers_To_User"/>
  <testcase name="Add_Tracking_Number" time="0.608" classname="Test_Data_Generation.Add_Tracking_Numbers_To_User"/>
  <testcase name="Add_Tracking_Number" time="0.525" classname="Test_Data_Generation.Add_Tracking_Numbers_To_User"/>
  <testcase name="Add_Tracking_Number" time="0.593" classname="Test_Data_Generation.Add_Tracking_Numbers_To_User"/>
  <testcase name="Add_Tracking_Number" time="0.547" classname="Test_Data_Generation.Add_Tracking_Numbers_To_User"/>
  <testcase name="Add_Tracking_Number" time="0.593" classname="Test_Data_Generation.Add_Tracking_Numbers_To_User"/>
  <testcase name="Add_Tracking_Number" time="0.484" classname="Test_Data_Generation.Add_Tracking_Numbers_To_User"/>
  <testcase name="Add_Tracking_Number" time="0.546" classname="Test_Data_Generation.Add_Tracking_Numbers_To_User"/>
  <testcase name="Add_Tracking_Number" time="0.504" classname="Test_Data_Generation.Add_Tracking_Numbers_To_User"/>
  <testcase name="Add_Tracking_Number" time="0.664" classname="Test_Data_Generation.Add_Tracking_Numbers_To_User"/>
  <testcase name="Add_Tracking_Number" time="0.571" classname="Test_Data_Generation.Add_Tracking_Numbers_To_User"/>
  <testcase name="Add_Tracking_Number" time="0.769" classname="Test_Data_Generation.Add_Tracking_Numbers_To_User"/>
  <testcase name="Add_Tracking_Number" time="0.603" classname="Test_Data_Generation.Add_Tracking_Numbers_To_User"/>
  <testcase name="Add_Tracking_Number" time="0.587" classname="Test_Data_Generation.Add_Tracking_Numbers_To_User"/>
  <testcase name="Add_Tracking_Number" time="0.689" classname="Test_Data_Generation.Add_Tracking_Numbers_To_User"/>
  <testcase name="Add_Tracking_Number" time="0.481" classname="Test_Data_Generation.Add_Tracking_Numbers_To_User"/>
  <testcase name="Add_Tracking_Number" time="0.538" classname="Test_Data_Generation.Add_Tracking_Numbers_To_User"/>
  <testcase name="Add_Tracking_Number" time="0.645" classname="Test_Data_Generation.Add_Tracking_Numbers_To_User"/>
  <testcase name="Add_Tracking_Number" time="0.481" classname="Test_Data_Generation.Add_Tracking_Numbers_To_User"/>
  <testcase name="Add_Tracking_Number" time="0.545" classname="Test_Data_Generation.Add_Tracking_Numbers_To_User"/>
  <testcase name="Add_Tracking_Number" time="0.481" classname="Test_Data_Generation.Add_Tracking_Numbers_To_User"/>
  <testcase name="Add_Tracking_Number" time="0.530" classname="Test_Data_Generation.Add_Tracking_Numbers_To_User"/>
  <testcase name="Add_Tracking_Number" time="0.501" classname="Test_Data_Generation.Add_Tracking_Numbers_To_User"/>
  <testcase name="Add_Tracking_Number" time="0.546" classname="Test_Data_Generation.Add_Tracking_Numbers_To_User"/>
  <testcase name="Add_Tracking_Number" time="0.616" classname="Test_Data_Generation.Add_Tracking_Numbers_To_User"/>
  <testcase name="Add_Tracking_Number" time="0.550" classname="Test_Data_Generation.Add_Tracking_Numbers_To_User"/>
  <testcase name="Add_Tracking_Number" time="0.476" classname="Test_Data_Generation.Add_Tracking_Numbers_To_User"/>
  <testcase name="Add_Tracking_Number" time="0.472" classname="Test_Data_Generation.Add_Tracking_Numbers_To_User"/>
  <testcase name="Add_Tracking_Number" time="0.503" classname="Test_Data_Generation.Add_Tracking_Numbers_To_User"/>
  <testcase name="Add_Tracking_Number" time="0.551" classname="Test_Data_Generation.Add_Tracking_Numbers_To_User"/>
  <testcase name="Add_Tracking_Number" time="0.517" classname="Test_Data_Generation.Add_Tracking_Numbers_To_User"/>
  <testcase name="Add_Tracking_Number" time="0.654" classname="Test_Data_Generation.Add_Tracking_Numbers_To_User"/>
  <testcase name="Add_Tracking_Number" time="0.617" classname="Test_Data_Generation.Add_Tracking_Numbers_To_User"/>
  <testcase name="Add_Tracking_Number" time="0.067" classname="Test_Data_Generation.Add_Tracking_Numbers_To_User"/>
  <testcase name="Add_Tracking_Number" time="0.545" classname="Test_Data_Generation.Add_Tracking_Numbers_To_User"/>
  <testcase name="Add_Tracking_Number" time="0.475" classname="Test_Data_Generation.Add_Tracking_Numbers_To_User"/>
  <testcase name="Add_Tracking_Number" time="0.487" classname="Test_Data_Generation.Add_Tracking_Numbers_To_User"/>
  <testcase name="Add_Tracking_Number" time="0.571" classname="Test_Data_Generation.Add_Tracking_Numbers_To_User"/>
  <testcase name="Add_Tracking_Number" time="0.499" classname="Test_Data_Generation.Add_Tracking_Numbers_To_User"/>
  <testcase name="Add_Tracking_Number" time="0.510" classname="Test_Data_Generation.Add_Tracking_Numbers_To_User"/>
  <testcase name="Add_Tracking_Number" time="0.537" classname="Test_Data_Generation.Add_Tracking_Numbers_To_User"/>
  <testcase name="Add_Tracking_Number" time="0.611" classname="Test_Data_Generation.Add_Tracking_Numbers_To_User"/>
  <testcase name="Add_Tracking_Number" time="0.468" classname="Test_Data_Generation.Add_Tracking_Numbers_To_User"/>
  <testcase name="Add_Tracking_Number" time="0.452" classname="Test_Data_Generation.Add_Tracking_Numbers_To_User"/>
  <testcase name="Add_Tracking_Number" time="0.594" classname="Test_Data_Generation.Add_Tracking_Numbers_To_User"/>
  <testcase name="Add_Tracking_Number" time="0.494" classname="Test_Data_Generation.Add_Tracking_Numbers_To_User"/>
  <testcase name="Add_Tracking_Number" time="0.562" classname="Test_Data_Generation.Add_Tracking_Numbers_To_User"/>
  <testcase name="Add_Tracking_Number" time="0.563" classname="Test_Data_Generation.Add_Tracking_Numbers_To_User"/>
  <testcase name="Add_Tracking_Number" time="0.062" classname="Test_Data_Generation.Add_Tracking_Numbers_To_User"/>
  <testcase name="Add_Tracking_Number" time="0.504" classname="Test_Data_Generation.Add_Tracking_Numbers_To_User"/>
  <testcase name="Add_Tracking_Number" time="0.752" classname="Test_Data_Generation.Add_Tracking_Numbers_To_User"/>
  <testcase name="Add_Tracking_Number" time="0.506" classname="Test_Data_Generation.Add_Tracking_Numbers_To_User"/>
  <testcase name="Add_Tracking_Number" time="0.520" classname="Test_Data_Generation.Add_Tracking_Numbers_To_User"/>
  <testcase name="Add_Tracking_Number" time="0.573" classname="Test_Data_Generation.Add_Tracking_Numbers_To_User"/>
  <testcase name="Add_Tracking_Number" time="0.724" classname="Test_Data_Generation.Add_Tracking_Numbers_To_User"/>
  <testcase name="Add_Tracking_Number" time="0.404" classname="Test_Data_Generation.Add_Tracking_Numbers_To_User"/>
  <testcase name="Add_Tracking_Number" time="0.481" classname="Test_Data_Generation.Add_Tracking_Numbers_To_User"/>
  <testcase name="Add_Tracking_Number" time="0.496" classname="Test_Data_Generation.Add_Tracking_Numbers_To_User"/>
  <testcase name="Add_Tracking_Number" time="0.488" classname="Test_Data_Generation.Add_Tracking_Numbers_To_User"/>
  <testcase name="Add_Tracking_Number" time="0.787" classname="Test_Data_Generation.Add_Tracking_Numbers_To_User"/>
  <testcase name="Add_Tracking_Number" time="0.567" classname="Test_Data_Generation.Add_Tracking_Numbers_To_User"/>
  <testcase name="Add_Tracking_Number" time="0.724" classname="Test_Data_Generation.Add_Tracking_Numbers_To_User"/>
  <testcase name="Add_Tracking_Number" time="0.648" classname="Test_Data_Generation.Add_Tracking_Numbers_To_User"/>
  <testcase name="Add_Tracking_Number" time="0.591" classname="Test_Data_Generation.Add_Tracking_Numbers_To_User"/>
  <testcase name="Add_Tracking_Number" time="0.554" classname="Test_Data_Generation.Add_Tracking_Numbers_To_User"/>
  <testcase name="Add_Tracking_Number" time="0.575" classname="Test_Data_Generation.Add_Tracking_Numbers_To_User"/>
  <testcase name="Add_Tracking_Number" time="0.509" classname="Test_Data_Generation.Add_Tracking_Numbers_To_User"/>
  <testcase name="Add_Tracking_Number" time="0.570" classname="Test_Data_Generation.Add_Tracking_Numbers_To_User"/>
  <testcase name="Add_Tracking_Number" time="0.465" classname="Test_Data_Generation.Add_Tracking_Numbers_To_User"/>
  <testcase name="Add_Tracking_Number" time="0.463" classname="Test_Data_Generation.Add_Tracking_Numbers_To_User"/>
  <testcase name="Add_Tracking_Number" time="0.558" classname="Test_Data_Generation.Add_Tracking_Numbers_To_User"/>
  <testcase name="Add_Tracking_Number" time="0.527" classname="Test_Data_Generation.Add_Tracking_Numbers_To_User"/>
  <testcase name="Add_Tracking_Number" time="0.571" classname="Test_Data_Generation.Add_Tracking_Numbers_To_User"/>
  <testcase name="Add_Tracking_Number" time="0.539" classname="Test_Data_Generation.Add_Tracking_Numbers_To_User"/>
  <testcase name="Add_Tracking_Number" time="0.522" classname="Test_Data_Generation.Add_Tracking_Numbers_To_User"/>
  <testcase name="Add_Tracking_Number" time="0.060" classname="Test_Data_Generation.Add_Tracking_Numbers_To_User"/>
  <testcase name="Add_Tracking_Number" time="0.489" classname="Test_Data_Generation.Add_Tracking_Numbers_To_User"/>
  <testcase name="Add_Tracking_Number" time="0.486" classname="Test_Data_Generation.Add_Tracking_Numbers_To_User"/>
  <testcase name="Add_Tracking_Number" time="0.543" classname="Test_Data_Generation.Add_Tracking_Numbers_To_User"/>
  <testcase name="Add_Tracking_Number" time="0.534" classname="Test_Data_Generation.Add_Tracking_Numbers_To_User"/>
  <testcase name="Add_Tracking_Number" time="0.699" classname="Test_Data_Generation.Add_Tracking_Numbers_To_User"/>
  <testcase name="Add_Tracking_Number" time="0.703" classname="Test_Data_Generation.Add_Tracking_Numbers_To_User"/>
  <testcase name="Add_Tracking_Number" time="0.567" classname="Test_Data_Generation.Add_Tracking_Numbers_To_User"/>
  <testcase name="Add_Tracking_Number" time="0.532" classname="Test_Data_Generation.Add_Tracking_Numbers_To_User"/>
  <testcase name="Add_Tracking_Number" time="0.482" classname="Test_Data_Generation.Add_Tracking_Numbers_To_User"/>
  <testcase name="Add_Tracking_Number" time="0.523" classname="Test_Data_Generation.Add_Tracking_Numbers_To_User"/>
  <testcase name="Add_Tracking_Number" time="0.557" classname="Test_Data_Generation.Add_Tracking_Numbers_To_User"/>
  <testcase name="Add_Tracking_Number" time="0.524" classname="Test_Data_Generation.Add_Tracking_Numbers_To_User"/>
  <testcase name="Add_Tracking_Number" time="0.495" classname="Test_Data_Generation.Add_Tracking_Numbers_To_User"/>
  <testcase name="Add_Tracking_Number" time="0.484" classname="Test_Data_Generation.Add_Tracking_Numbers_To_User"/>
  <testcase name="Add_Tracking_Number" time="0.480" classname="Test_Data_Generation.Add_Tracking_Numbers_To_User"/>
  <testcase name="Add_Tracking_Number" time="0.507" classname="Test_Data_Generation.Add_Tracking_Numbers_To_User"/>
  <testcase name="Add_Tracking_Number" time="0.471" classname="Test_Data_Generation.Add_Tracking_Numbers_To_User"/>
  <testcase name="Add_Tracking_Number" time="0.656" classname="Test_Data_Generation.Add_Tracking_Numbers_To_User"/>
  <testcase name="Add_Tracking_Number" time="0.484" classname="Test_Data_Generation.Add_Tracking_Numbers_To_User"/>
  <testcase name="Add_Tracking_Number" time="0.224" classname="Test_Data_Generation.Add_Tracking_Numbers_To_User"/>
  <testcase name="Add_Tracking_Number" time="0.650" classname="Test_Data_Generation.Add_Tracking_Numbers_To_User"/>
  <testcase name="Add_Tracking_Number" time="0.503" classname="Test_Data_Generation.Add_Tracking_Numbers_To_User"/>
  <testcase name="Add_Tracking_Number" time="0.519" classname="Test_Data_Generation.Add_Tracking_Numbers_To_User"/>
  <testcase name="Add_Tracking_Number" time="0.532" classname="Test_Data_Generation.Add_Tracking_Numbers_To_User"/>
  <testcase name="Add_Tracking_Number" time="0.499" classname="Test_Data_Generation.Add_Tracking_Numbers_To_User"/>
  <testcase name="Add_Tracking_Number" time="0.506" classname="Test_Data_Generation.Add_Tracking_Numbers_To_User"/>
  <testcase name="Add_Tracking_Number" time="0.494" classname="Test_Data_Generation.Add_Tracking_Numbers_To_User"/>
  <testcase name="Add_Tracking_Number" time="0.542" classname="Test_Data_Generation.Add_Tracking_Numbers_To_User"/>
  <testcase name="Add_Tracking_Number" time="0.611" classname="Test_Data_Generation.Add_Tracking_Numbers_To_User"/>
  <testcase name="Add_Tracking_Number" time="0.519" classname="Test_Data_Generation.Add_Tracking_Numbers_To_User"/>
  <testcase name="Add_Tracking_Number" time="0.515" classname="Test_Data_Generation.Add_Tracking_Numbers_To_User"/>
  <testcase name="Add_Tracking_Number" time="0.711" classname="Test_Data_Generation.Add_Tracking_Numbers_To_User"/>
  <testcase name="Add_Tracking_Number" time="0.506" classname="Test_Data_Generation.Add_Tracking_Numbers_To_User"/>
  <testcase name="Add_Tracking_Number" time="0.680" classname="Test_Data_Generation.Add_Tracking_Numbers_To_User"/>
  <testcase name="Add_Tracking_Number" time="0.715" classname="Test_Data_Generation.Add_Tracking_Numbers_To_User"/>
  <testcase name="Add_Tracking_Number" time="0.572" classname="Test_Data_Generation.Add_Tracking_Numbers_To_User"/>
  <testcase name="Add_Tracking_Number" time="0.462" classname="Test_Data_Generation.Add_Tracking_Numbers_To_User"/>
  <testcase name="Add_Tracking_Number" time="0.525" classname="Test_Data_Generation.Add_Tracking_Numbers_To_User"/>
  <testcase name="Add_Tracking_Number" time="0.594" classname="Test_Data_Generation.Add_Tracking_Numbers_To_User"/>
  <testcase name="Add_Tracking_Number" time="0.582" classname="Test_Data_Generation.Add_Tracking_Numbers_To_User"/>
  <testcase name="Add_Tracking_Number" time="0.624" classname="Test_Data_Generation.Add_Tracking_Numbers_To_User"/>
  <testcase name="Add_Tracking_Number" time="0.529" classname="Test_Data_Generation.Add_Tracking_Numbers_To_User"/>
  <testcase name="Add_Tracking_Number" time="0.505" classname="Test_Data_Generation.Add_Tracking_Numbers_To_User"/>
  <testcase name="Add_Tracking_Number" time="0.812" classname="Test_Data_Generation.Add_Tracking_Numbers_To_User"/>
  <testcase name="Add_Tracking_Number" time="0.478" classname="Test_Data_Generation.Add_Tracking_Numbers_To_User"/>
  <testcase name="Add_Tracking_Number" time="0.466" classname="Test_Data_Generation.Add_Tracking_Numbers_To_User"/>
  <testcase name="Add_Tracking_Number" time="0.516" classname="Test_Data_Generation.Add_Tracking_Numbers_To_User"/>
  <testcase name="Add_Tracking_Number" time="0.438" classname="Test_Data_Generation.Add_Tracking_Numbers_To_User"/>
  <testcase name="Add_Tracking_Number" time="0.816" classname="Test_Data_Generation.Add_Tracking_Numbers_To_User"/>
  <testcase name="Add_Tracking_Number" time="0.539" classname="Test_Data_Generation.Add_Tracking_Numbers_To_User"/>
  <testcase name="Add_Tracking_Number" time="0.638" classname="Test_Data_Generation.Add_Tracking_Numbers_To_User"/>
  <testcase name="Add_Tracking_Number" time="0.522" classname="Test_Data_Generation.Add_Tracking_Numbers_To_User"/>
  <testcase name="Add_Tracking_Number" time="0.452" classname="Test_Data_Generation.Add_Tracking_Numbers_To_User"/>
  <testcase name="Add_Tracking_Number" time="0.537" classname="Test_Data_Generation.Add_Tracking_Numbers_To_User"/>
  <testcase name="Add_Tracking_Number" time="0.494" classname="Test_Data_Generation.Add_Tracking_Numbers_To_User"/>
  <testcase name="Add_Tracking_Number" time="0.630" classname="Test_Data_Generation.Add_Tracking_Numbers_To_User"/>
  <testcase name="Add_Tracking_Number" time="0.634" classname="Test_Data_Generation.Add_Tracking_Numbers_To_User"/>
  <testcase name="Add_Tracking_Number" time="0.633" classname="Test_Data_Generation.Add_Tracking_Numbers_To_User"/>
  <testcase name="Add_Tracking_Number" time="0.599" classname="Test_Data_Generation.Add_Tracking_Numbers_To_User"/>
  <testcase name="Add_Tracking_Number" time="0.777" classname="Test_Data_Generation.Add_Tracking_Numbers_To_User"/>
  <testcase name="Add_Tracking_Number" time="0.656" classname="Test_Data_Generation.Add_Tracking_Numbers_To_User"/>
  <testcase name="Add_Tracking_Number" time="0.535" classname="Test_Data_Generation.Add_Tracking_Numbers_To_User"/>
  <testcase name="Add_Tracking_Number" time="0.523" classname="Test_Data_Generation.Add_Tracking_Numbers_To_User"/>
  <testcase name="Add_Tracking_Number" time="0.564" classname="Test_Data_Generation.Add_Tracking_Numbers_To_User"/>
  <testcase name="Add_Tracking_Number" time="0.668" classname="Test_Data_Generation.Add_Tracking_Numbers_To_User"/>
  <testcase name="Add_Tracking_Number" time="0.617" classname="Test_Data_Generation.Add_Tracking_Numbers_To_User"/>
  <testcase name="Add_Tracking_Number" time="0.634" classname="Test_Data_Generation.Add_Tracking_Numbers_To_User"/>
  <testcase name="Add_Tracking_Number" time="0.476" classname="Test_Data_Generation.Add_Tracking_Numbers_To_User"/>
  <testcase name="Add_Tracking_Number" time="0.536" classname="Test_Data_Generation.Add_Tracking_Numbers_To_User"/>
  <testcase name="Add_Tracking_Number" time="0.676" classname="Test_Data_Generation.Add_Tracking_Numbers_To_User"/>
  <testcase name="Add_Tracking_Number" time="0.704" classname="Test_Data_Generation.Add_Tracking_Numbers_To_User"/>
  <testcase name="Add_Tracking_Number" time="0.509" classname="Test_Data_Generation.Add_Tracking_Numbers_To_User"/>
  <testcase name="Add_Tracking_Number" time="0.560" classname="Test_Data_Generation.Add_Tracking_Numbers_To_User"/>
  <testcase name="Add_Tracking_Number" time="0.053" classname="Test_Data_Generation.Add_Tracking_Numbers_To_User"/>
  <testcase name="Add_Tracking_Number" time="0.765" classname="Test_Data_Generation.Add_Tracking_Numbers_To_User"/>
  <testcase name="Add_Tracking_Number" time="0.556" classname="Test_Data_Generation.Add_Tracking_Numbers_To_User"/>
  <testcase name="Add_Tracking_Number" time="0.470" classname="Test_Data_Generation.Add_Tracking_Numbers_To_User"/>
  <testcase name="Add_Tracking_Number" time="0.799" classname="Test_Data_Generation.Add_Tracking_Numbers_To_User"/>
  <testcase name="Add_Tracking_Number" time="0.578" classname="Test_Data_Generation.Add_Tracking_Numbers_To_User"/>
  <testcase name="Add_Tracking_Number" time="0.521" classname="Test_Data_Generation.Add_Tracking_Numbers_To_User"/>
  <testcase name="Add_Tracking_Number" time="0.758" classname="Test_Data_Generation.Add_Tracking_Numbers_To_User"/>
  <testcase name="Add_Tracking_Number" time="0.479" classname="Test_Data_Generation.Add_Tracking_Numbers_To_User"/>
  <testcase name="Add_Tracking_Number" time="0.624" classname="Test_Data_Generation.Add_Tracking_Numbers_To_User"/>
  <testcase name="Add_Tracking_Number" time="0.449" classname="Test_Data_Generation.Add_Tracking_Numbers_To_User"/>
  <testcase name="Add_Tracking_Number" time="0.496" classname="Test_Data_Generation.Add_Tracking_Numbers_To_User"/>
  <testcase name="Add_Tracking_Number" time="0.626" classname="Test_Data_Generation.Add_Tracking_Numbers_To_User"/>
  <testcase name="Add_Tracking_Number" time="0.629" classname="Test_Data_Generation.Add_Tracking_Numbers_To_User"/>
  <testcase name="Add_Tracking_Number" time="0.235" classname="Test_Data_Generation.Add_Tracking_Numbers_To_User"/>
  <testcase name="Add_Tracking_Number" time="0.599" classname="Test_Data_Generation.Add_Tracking_Numbers_To_User"/>
  <testcase name="Add_Tracking_Number" time="0.684" classname="Test_Data_Generation.Add_Tracking_Numbers_To_User"/>
  <testcase name="Add_Tracking_Number" time="0.628" classname="Test_Data_Generation.Add_Tracking_Numbers_To_User"/>
  <testcase name="Add_Tracking_Number" time="0.713" classname="Test_Data_Generation.Add_Tracking_Numbers_To_User"/>
  <testcase name="Add_Tracking_Number" time="0.304" classname="Test_Data_Generation.Add_Tracking_Numbers_To_User"/>
  <testcase name="Add_Tracking_Number" time="0.648" classname="Test_Data_Generation.Add_Tracking_Numbers_To_User"/>
  <testcase name="Add_Tracking_Number" time="0.523" classname="Test_Data_Generation.Add_Tracking_Numbers_To_User"/>
  <testcase name="Add_Tracking_Number" time="0.575" classname="Test_Data_Generation.Add_Tracking_Numbers_To_User"/>
  <testcase name="Add_Tracking_Number" time="0.052" classname="Test_Data_Generation.Add_Tracking_Numbers_To_User"/>
  <testcase name="Add_Tracking_Number" time="0.579" classname="Test_Data_Generation.Add_Tracking_Numbers_To_User"/>
  <testcase name="Add_Tracking_Number" time="0.581" classname="Test_Data_Generation.Add_Tracking_Numbers_To_User"/>
  <testcase name="Add_Tracking_Number" time="0.426" classname="Test_Data_Generation.Add_Tracking_Numbers_To_User"/>
  <testcase name="Add_Tracking_Number" time="0.589" classname="Test_Data_Generation.Add_Tracking_Numbers_To_User"/>
  <testcase name="Add_Tracking_Number" time="0.515" classname="Test_Data_Generation.Add_Tracking_Numbers_To_User"/>
  <testcase name="Add_Tracking_Number" time="0.556" classname="Test_Data_Generation.Add_Tracking_Numbers_To_User"/>
  <testcase name="Add_Tracking_Number" time="0.451" classname="Test_Data_Generation.Add_Tracking_Numbers_To_User"/>
  <testcase name="Add_Tracking_Number" time="0.460" classname="Test_Data_Generation.Add_Tracking_Numbers_To_User"/>
  <testcase name="Add_Tracking_Number" time="0.489" classname="Test_Data_Generation.Add_Tracking_Numbers_To_User"/>
  <testcase name="Add_Tracking_Number" time="0.453" classname="Test_Data_Generation.Add_Tracking_Numbers_To_User"/>
  <testcase name="Add_Tracking_Number" time="0.680" classname="Test_Data_Generation.Add_Tracking_Numbers_To_User"/>
  <testcase name="Add_Tracking_Number" time="0.817" classname="Test_Data_Generation.Add_Tracking_Numbers_To_User"/>
  <testcase name="Add_Tracking_Number" time="0.464" classname="Test_Data_Generation.Add_Tracking_Numbers_To_User"/>
  <testcase name="Add_Tracking_Number" time="0.486" classname="Test_Data_Generation.Add_Tracking_Numbers_To_User"/>
  <testcase name="Add_Tracking_Number" time="0.592" classname="Test_Data_Generation.Add_Tracking_Numbers_To_User"/>
  <testcase name="Add_Tracking_Number" time="0.596" classname="Test_Data_Generation.Add_Tracking_Numbers_To_User"/>
  <testcase name="Add_Tracking_Number" time="0.533" classname="Test_Data_Generation.Add_Tracking_Numbers_To_User"/>
  <testcase name="Add_Tracking_Number" time="0.512" classname="Test_Data_Generation.Add_Tracking_Numbers_To_User"/>
  <testcase name="Add_Tracking_Number" time="0.510" classname="Test_Data_Generation.Add_Tracking_Numbers_To_User"/>
  <testcase name="Add_Tracking_Number" time="0.433" classname="Test_Data_Generation.Add_Tracking_Numbers_To_User"/>
  <testcase name="Add_Tracking_Number" time="0.556" classname="Test_Data_Generation.Add_Tracking_Numbers_To_User"/>
  <testcase name="Add_Tracking_Number" time="0.477" classname="Test_Data_Generation.Add_Tracking_Numbers_To_User"/>
  <testcase name="Add_Tracking_Number" time="0.608" classname="Test_Data_Generation.Add_Tracking_Numbers_To_User"/>
  <testcase name="Add_Tracking_Number" time="0.504" classname="Test_Data_Generation.Add_Tracking_Numbers_To_User"/>
  <testcase name="Add_Tracking_Number" time="0.498" classname="Test_Data_Generation.Add_Tracking_Numbers_To_User"/>
  <testcase name="Add_Tracking_Number" time="0.526" classname="Test_Data_Generation.Add_Tracking_Numbers_To_User"/>
  <testcase name="Add_Tracking_Number" time="0.527" classname="Test_Data_Generation.Add_Tracking_Numbers_To_User"/>
  <testcase name="Add_Tracking_Number" time="0.471" classname="Test_Data_Generation.Add_Tracking_Numbers_To_User"/>
  <testcase name="Add_Tracking_Number" time="0.551" classname="Test_Data_Generation.Add_Tracking_Numbers_To_User"/>
  <testcase name="Add_Tracking_Number" time="0.574" classname="Test_Data_Generation.Add_Tracking_Numbers_To_User"/>
  <testcase name="Add_Tracking_Number" time="0.501" classname="Test_Data_Generation.Add_Tracking_Numbers_To_User"/>
  <testcase name="Add_Tracking_Number" time="0.668" classname="Test_Data_Generation.Add_Tracking_Numbers_To_User"/>
  <testcase name="Add_Tracking_Number" time="0.576" classname="Test_Data_Generation.Add_Tracking_Numbers_To_User"/>
  <testcase name="Add_Tracking_Number" time="0.531" classname="Test_Data_Generation.Add_Tracking_Numbers_To_User"/>
  <testcase name="Add_Tracking_Number" time="0.548" classname="Test_Data_Generation.Add_Tracking_Numbers_To_User"/>
  <testcase name="Add_Tracking_Number" time="0.482" classname="Test_Data_Generation.Add_Tracking_Numbers_To_User"/>
  <testcase name="Add_Tracking_Number" time="0.543" classname="Test_Data_Generation.Add_Tracking_Numbers_To_User"/>
  <testcase name="Add_Tracking_Number" time="0.456" classname="Test_Data_Generation.Add_Tracking_Numbers_To_User"/>
  <testcase name="Add_Tracking_Number" time="0.476" classname="Test_Data_Generation.Add_Tracking_Numbers_To_User"/>
  <testcase name="Add_Tracking_Number" time="0.509" classname="Test_Data_Generation.Add_Tracking_Numbers_To_User"/>
  <testcase name="Add_Tracking_Number" time="0.661" classname="Test_Data_Generation.Add_Tracking_Numbers_To_User"/>
  <testcase name="Add_Tracking_Number" time="0.539" classname="Test_Data_Generation.Add_Tracking_Numbers_To_User"/>
  <testcase name="Add_Tracking_Number" time="0.095" classname="Test_Data_Generation.Add_Tracking_Numbers_To_User"/>
  <testcase name="Add_Tracking_Number" time="0.581" classname="Test_Data_Generation.Add_Tracking_Numbers_To_User"/>
  <testcase name="Add_Tracking_Number" time="0.249" classname="Test_Data_Generation.Add_Tracking_Numbers_To_User"/>
  <testcase name="Add_Tracking_Number" time="0.484" classname="Test_Data_Generation.Add_Tracking_Numbers_To_User"/>
  <testcase name="Add_Tracking_Number" time="0.485" classname="Test_Data_Generation.Add_Tracking_Numbers_To_User"/>
  <testcase name="Add_Tracking_Number" time="0.452" classname="Test_Data_Generation.Add_Tracking_Numbers_To_User"/>
  <testcase name="Add_Tracking_Number" time="0.517" classname="Test_Data_Generation.Add_Tracking_Numbers_To_User"/>
  <testcase name="Add_Tracking_Number" time="0.559" classname="Test_Data_Generation.Add_Tracking_Numbers_To_User"/>
  <testcase name="Add_Tracking_Number" time="0.545" classname="Test_Data_Generation.Add_Tracking_Numbers_To_User"/>
  <testcase name="Add_Tracking_Number" time="0.465" classname="Test_Data_Generation.Add_Tracking_Numbers_To_User"/>
  <testcase name="Add_Tracking_Number" time="0.640" classname="Test_Data_Generation.Add_Tracking_Numbers_To_User"/>
  <testcase name="Add_Tracking_Number" time="0.668" classname="Test_Data_Generation.Add_Tracking_Numbers_To_User"/>
  <testcase name="Add_Tracking_Number" time="0.530" classname="Test_Data_Generation.Add_Tracking_Numbers_To_User"/>
  <testcase name="Add_Tracking_Number" time="0.542" classname="Test_Data_Generation.Add_Tracking_Numbers_To_User"/>
  <testcase name="Add_Tracking_Number" time="0.448" classname="Test_Data_Generation.Add_Tracking_Numbers_To_User"/>
  <testcase name="Add_Tracking_Number" time="0.461" classname="Test_Data_Generation.Add_Tracking_Numbers_To_User"/>
  <testcase name="Add_Tracking_Number" time="0.445" classname="Test_Data_Generation.Add_Tracking_Numbers_To_User"/>
  <testcase name="Add_Tracking_Number" time="0.667" classname="Test_Data_Generation.Add_Tracking_Numbers_To_User"/>
  <testcase name="Add_Tracking_Number" time="0.566" classname="Test_Data_Generation.Add_Tracking_Numbers_To_User"/>
  <testcase name="Add_Tracking_Number" time="0.466" classname="Test_Data_Generation.Add_Tracking_Numbers_To_User"/>
  <testcase name="Add_Tracking_Number" time="0.573" classname="Test_Data_Generation.Add_Tracking_Numbers_To_User"/>
  <testcase name="Add_Tracking_Number" time="0.516" classname="Test_Data_Generation.Add_Tracking_Numbers_To_User"/>
  <testcase name="Add_Tracking_Number" time="0.527" classname="Test_Data_Generation.Add_Tracking_Numbers_To_User"/>
  <testcase name="Add_Tracking_Number" time="0.523" classname="Test_Data_Generation.Add_Tracking_Numbers_To_User"/>
  <testcase name="Add_Tracking_Number" time="0.562" classname="Test_Data_Generation.Add_Tracking_Numbers_To_User"/>
  <testcase name="Add_Tracking_Number" time="0.548" classname="Test_Data_Generation.Add_Tracking_Numbers_To_User"/>
  <testcase name="Add_Tracking_Number" time="0.489" classname="Test_Data_Generation.Add_Tracking_Numbers_To_User"/>
  <testcase name="Add_Tracking_Number" time="0.688" classname="Test_Data_Generation.Add_Tracking_Numbers_To_User"/>
  <testcase name="Add_Tracking_Number" time="0.661" classname="Test_Data_Generation.Add_Tracking_Numbers_To_User"/>
  <testcase name="Add_Tracking_Number" time="0.480" classname="Test_Data_Generation.Add_Tracking_Numbers_To_User"/>
  <testcase name="Add_Tracking_Number" time="0.494" classname="Test_Data_Generation.Add_Tracking_Numbers_To_User"/>
  <testcase name="Add_Tracking_Number" time="0.337" classname="Test_Data_Generation.Add_Tracking_Numbers_To_User"/>
  <testcase name="Add_Tracking_Number" time="0.438" classname="Test_Data_Generation.Add_Tracking_Numbers_To_User"/>
  <testcase name="Add_Tracking_Number" time="0.583" classname="Test_Data_Generation.Add_Tracking_Numbers_To_User"/>
  <testcase name="Add_Tracking_Number" time="0.466" classname="Test_Data_Generation.Add_Tracking_Numbers_To_User"/>
  <testcase name="Add_Tracking_Number" time="0.516" classname="Test_Data_Generation.Add_Tracking_Numbers_To_User"/>
  <testcase name="Add_Tracking_Number" time="0.111" classname="Test_Data_Generation.Add_Tracking_Numbers_To_User"/>
  <testcase name="Add_Tracking_Number" time="0.527" classname="Test_Data_Generation.Add_Tracking_Numbers_To_User"/>
  <testcase name="Add_Tracking_Number" time="0.460" classname="Test_Data_Generation.Add_Tracking_Numbers_To_User"/>
  <testcase name="Add_Tracking_Number" time="0.560" classname="Test_Data_Generation.Add_Tracking_Numbers_To_User"/>
  <testcase name="Add_Tracking_Number" time="0.472" classname="Test_Data_Generation.Add_Tracking_Numbers_To_User"/>
  <testcase name="Add_Tracking_Number" time="0.472" classname="Test_Data_Generation.Add_Tracking_Numbers_To_User"/>
  <testcase name="Add_Tracking_Number" time="0.768" classname="Test_Data_Generation.Add_Tracking_Numbers_To_User"/>
  <testcase name="Add_Tracking_Number" time="0.484" classname="Test_Data_Generation.Add_Tracking_Numbers_To_User"/>
  <testcase name="Add_Tracking_Number" time="0.683" classname="Test_Data_Generation.Add_Tracking_Numbers_To_User"/>
  <testcase name="Add_Tracking_Number" time="0.484" classname="Test_Data_Generation.Add_Tracking_Numbers_To_User"/>
  <testcase name="Add_Tracking_Number" time="0.529" classname="Test_Data_Generation.Add_Tracking_Numbers_To_User"/>
  <testcase name="Add_Tracking_Number" time="0.710" classname="Test_Data_Generation.Add_Tracking_Numbers_To_User"/>
  <testcase name="Add_Tracking_Number" time="0.718" classname="Test_Data_Generation.Add_Tracking_Numbers_To_User"/>
  <testcase name="Add_Tracking_Number" time="0.543" classname="Test_Data_Generation.Add_Tracking_Numbers_To_User"/>
  <testcase name="Add_Tracking_Number" time="0.569" classname="Test_Data_Generation.Add_Tracking_Numbers_To_User"/>
  <testcase name="Add_Tracking_Number" time="0.522" classname="Test_Data_Generation.Add_Tracking_Numbers_To_User"/>
  <testcase name="Add_Tracking_Number" time="0.510" classname="Test_Data_Generation.Add_Tracking_Numbers_To_User"/>
  <testcase name="Add_Tracking_Number" time="0.570" classname="Test_Data_Generation.Add_Tracking_Numbers_To_User"/>
  <testcase name="Add_Tracking_Number" time="0.359" classname="Test_Data_Generation.Add_Tracking_Numbers_To_User"/>
  <testcase name="Add_Tracking_Number" time="0.044" classname="Test_Data_Generation.Add_Tracking_Numbers_To_User"/>
  <testcase name="Add_Tracking_Number" time="0.544" classname="Test_Data_Generation.Add_Tracking_Numbers_To_User"/>
  <testcase name="Add_Tracking_Number" time="0.574" classname="Test_Data_Generation.Add_Tracking_Numbers_To_User"/>
  <testcase name="Add_Tracking_Number" time="0.572" classname="Test_Data_Generation.Add_Tracking_Numbers_To_User"/>
  <testcase name="Add_Tracking_Number" time="0.515" classname="Test_Data_Generation.Add_Tracking_Numbers_To_User"/>
  <testcase name="Add_Tracking_Number" time="0.531" classname="Test_Data_Generation.Add_Tracking_Numbers_To_User"/>
  <testcase name="Add_Tracking_Number" time="0.551" classname="Test_Data_Generation.Add_Tracking_Numbers_To_User"/>
  <testcase name="Add_Tracking_Number" time="0.566" classname="Test_Data_Generation.Add_Tracking_Numbers_To_User"/>
  <testcase name="Add_Tracking_Number" time="0.549" classname="Test_Data_Generation.Add_Tracking_Numbers_To_User"/>
  <testcase name="Add_Tracking_Number" time="0.633" classname="Test_Data_Generation.Add_Tracking_Numbers_To_User"/>
  <testcase name="Add_Tracking_Number" time="0.494" classname="Test_Data_Generation.Add_Tracking_Numbers_To_User"/>
  <testcase name="Add_Tracking_Number" time="0.549" classname="Test_Data_Generation.Add_Tracking_Numbers_To_User"/>
  <testcase name="Add_Tracking_Number" time="0.537" classname="Test_Data_Generation.Add_Tracking_Numbers_To_User"/>
  <testcase name="Add_Tracking_Number" time="0.621" classname="Test_Data_Generation.Add_Tracking_Numbers_To_User"/>
  <testcase name="Add_Tracking_Number" time="0.711" classname="Test_Data_Generation.Add_Tracking_Numbers_To_User"/>
  <testcase name="Add_Tracking_Number" time="0.650" classname="Test_Data_Generation.Add_Tracking_Numbers_To_User"/>
  <testcase name="Add_Tracking_Number" time="0.564" classname="Test_Data_Generation.Add_Tracking_Numbers_To_User"/>
  <testcase name="Add_Tracking_Number" time="0.524" classname="Test_Data_Generation.Add_Tracking_Numbers_To_User"/>
  <testcase name="Add_Tracking_Number" time="0.572" classname="Test_Data_Generation.Add_Tracking_Numbers_To_User"/>
  <testcase name="Add_Tracking_Number" time="0.546" classname="Test_Data_Generation.Add_Tracking_Numbers_To_User"/>
  <testcase name="Add_Tracking_Number" time="0.577" classname="Test_Data_Generation.Add_Tracking_Numbers_To_User"/>
  <testcase name="Add_Tracking_Number" time="0.457" classname="Test_Data_Generation.Add_Tracking_Numbers_To_User"/>
  <testcase name="Add_Tracking_Number" time="0.429" classname="Test_Data_Generation.Add_Tracking_Numbers_To_User"/>
  <testcase name="Add_Tracking_Number" time="0.522" classname="Test_Data_Generation.Add_Tracking_Numbers_To_User"/>
  <testcase name="Add_Tracking_Number" time="0.438" classname="Test_Data_Generation.Add_Tracking_Numbers_To_User"/>
  <testcase name="Add_Tracking_Number" time="0.471" classname="Test_Data_Generation.Add_Tracking_Numbers_To_User"/>
  <testcase name="Add_Tracking_Number" time="0.522" classname="Test_Data_Generation.Add_Tracking_Numbers_To_User"/>
  <testcase name="Add_Tracking_Number" time="0.503" classname="Test_Data_Generation.Add_Tracking_Numbers_To_User"/>
  <testcase name="Add_Tracking_Number" time="0.664" classname="Test_Data_Generation.Add_Tracking_Numbers_To_User"/>
  <testcase name="Add_Tracking_Number" time="0.637" classname="Test_Data_Generation.Add_Tracking_Numbers_To_User"/>
  <testcase name="Add_Tracking_Number" time="0.448" classname="Test_Data_Generation.Add_Tracking_Numbers_To_User"/>
  <testcase name="Add_Tracking_Number" time="0.517" classname="Test_Data_Generation.Add_Tracking_Numbers_To_User"/>
  <testcase name="Add_Tracking_Number" time="0.557" classname="Test_Data_Generation.Add_Tracking_Numbers_To_User"/>
  <testcase name="Add_Tracking_Number" time="0.558" classname="Test_Data_Generation.Add_Tracking_Numbers_To_User"/>
  <testcase name="Add_Tracking_Number" time="0.481" classname="Test_Data_Generation.Add_Tracking_Numbers_To_User"/>
  <testcase name="Add_Tracking_Number" time="0.536" classname="Test_Data_Generation.Add_Tracking_Numbers_To_User"/>
  <testcase name="Add_Tracking_Number" time="0.505" classname="Test_Data_Generation.Add_Tracking_Numbers_To_User"/>
  <testcase name="Add_Tracking_Number" time="0.513" classname="Test_Data_Generation.Add_Tracking_Numbers_To_User"/>
  <testcase name="Add_Tracking_Number" time="0.659" classname="Test_Data_Generation.Add_Tracking_Numbers_To_User"/>
  <testcase name="Add_Tracking_Number" time="0.448" classname="Test_Data_Generation.Add_Tracking_Numbers_To_User"/>
  <testcase name="Add_Tracking_Number" time="0.509" classname="Test_Data_Generation.Add_Tracking_Numbers_To_User"/>
  <testcase name="Add_Tracking_Number" time="0.508" classname="Test_Data_Generation.Add_Tracking_Numbers_To_User"/>
  <testcase name="Add_Tracking_Number" time="0.619" classname="Test_Data_Generation.Add_Tracking_Numbers_To_User"/>
  <testcase name="Add_Tracking_Number" time="0.112" classname="Test_Data_Generation.Add_Tracking_Numbers_To_User"/>
  <testcase name="Add_Tracking_Number" time="0.570" classname="Test_Data_Generation.Add_Tracking_Numbers_To_User"/>
  <testcase name="Add_Tracking_Number" time="0.564" classname="Test_Data_Generation.Add_Tracking_Numbers_To_User"/>
  <testcase name="Add_Tracking_Number" time="0.490" classname="Test_Data_Generation.Add_Tracking_Numbers_To_User"/>
  <testcase name="Add_Tracking_Number" time="0.472" classname="Test_Data_Generation.Add_Tracking_Numbers_To_User"/>
  <testcase name="Add_Tracking_Number" time="0.569" classname="Test_Data_Generation.Add_Tracking_Numbers_To_User"/>
  <testcase name="Add_Tracking_Number" time="0.497" classname="Test_Data_Generation.Add_Tracking_Numbers_To_User"/>
  <testcase name="Add_Tracking_Number" time="0.516" classname="Test_Data_Generation.Add_Tracking_Numbers_To_User"/>
  <testcase name="Add_Tracking_Number" time="0.534" classname="Test_Data_Generation.Add_Tracking_Numbers_To_User"/>
  <testcase name="Add_Tracking_Number" time="0.520" classname="Test_Data_Generation.Add_Tracking_Numbers_To_User"/>
  <testcase name="Add_Tracking_Number" time="0.583" classname="Test_Data_Generation.Add_Tracking_Numbers_To_User"/>
  <testcase name="Add_Tracking_Number" time="0.489" classname="Test_Data_Generation.Add_Tracking_Numbers_To_User"/>
  <testcase name="Add_Tracking_Number" time="0.539" classname="Test_Data_Generation.Add_Tracking_Numbers_To_User"/>
  <testcase name="Add_Tracking_Number" time="0.544" classname="Test_Data_Generation.Add_Tracking_Numbers_To_User"/>
  <testcase name="Add_Tracking_Number" time="0.576" classname="Test_Data_Generation.Add_Tracking_Numbers_To_User"/>
  <testcase name="Add_Tracking_Number" time="0.490" classname="Test_Data_Generation.Add_Tracking_Numbers_To_User"/>
  <testcase name="Add_Tracking_Number" time="0.601" classname="Test_Data_Generation.Add_Tracking_Numbers_To_User"/>
  <testcase name="Add_Tracking_Number" time="0.634" classname="Test_Data_Generation.Add_Tracking_Numbers_To_User"/>
  <testcase name="Add_Tracking_Number" time="0.509" classname="Test_Data_Generation.Add_Tracking_Numbers_To_User"/>
  <testcase name="Add_Tracking_Number" time="0.540" classname="Test_Data_Generation.Add_Tracking_Numbers_To_User"/>
  <testcase name="Add_Tracking_Number" time="0.522" classname="Test_Data_Generation.Add_Tracking_Numbers_To_User"/>
  <testcase name="Add_Tracking_Number" time="0.567" classname="Test_Data_Generation.Add_Tracking_Numbers_To_User"/>
  <testcase name="Add_Tracking_Number" time="0.659" classname="Test_Data_Generation.Add_Tracking_Numbers_To_User"/>
  <testcase name="Add_Tracking_Number" time="0.163" classname="Test_Data_Generation.Add_Tracking_Numbers_To_User"/>
  <testcase name="Add_Tracking_Number" time="0.622" classname="Test_Data_Generation.Add_Tracking_Numbers_To_User"/>
  <testcase name="Add_Tracking_Number" time="0.481" classname="Test_Data_Generation.Add_Tracking_Numbers_To_User"/>
  <testcase name="Add_Tracking_Number" time="0.438" classname="Test_Data_Generation.Add_Tracking_Numbers_To_User"/>
  <testcase name="Add_Tracking_Number" time="0.547" classname="Test_Data_Generation.Add_Tracking_Numbers_To_User"/>
  <testcase name="Add_Tracking_Number" time="0.581" classname="Test_Data_Generation.Add_Tracking_Numbers_To_User"/>
  <testcase name="Add_Tracking_Number" time="0.549" classname="Test_Data_Generation.Add_Tracking_Numbers_To_User"/>
  <testcase name="Add_Tracking_Number" time="0.472" classname="Test_Data_Generation.Add_Tracking_Numbers_To_User"/>
  <testcase name="Add_Tracking_Number" time="0.497" classname="Test_Data_Generation.Add_Tracking_Numbers_To_User"/>
  <testcase name="Add_Tracking_Number" time="0.482" classname="Test_Data_Generation.Add_Tracking_Numbers_To_User"/>
  <testcase name="Add_Tracking_Number" time="0.466" classname="Test_Data_Generation.Add_Tracking_Numbers_To_User"/>
  <testcase name="Add_Tracking_Number" time="0.520" classname="Test_Data_Generation.Add_Tracking_Numbers_To_User"/>
  <testcase name="Add_Tracking_Number" time="0.474" classname="Test_Data_Generation.Add_Tracking_Numbers_To_User"/>
  <testcase name="Add_Tracking_Number" time="0.631" classname="Test_Data_Generation.Add_Tracking_Numbers_To_User"/>
  <testcase name="Add_Tracking_Number" time="0.472" classname="Test_Data_Generation.Add_Tracking_Numbers_To_User"/>
  <testcase name="Add_Tracking_Number" time="0.482" classname="Test_Data_Generation.Add_Tracking_Numbers_To_User"/>
  <testcase name="Add_Tracking_Number" time="0.598" classname="Test_Data_Generation.Add_Tracking_Numbers_To_User"/>
  <testcase name="Add_Tracking_Number" time="0.569" classname="Test_Data_Generation.Add_Tracking_Numbers_To_User"/>
  <testcase name="Add_Tracking_Number" time="0.498" classname="Test_Data_Generation.Add_Tracking_Numbers_To_User"/>
  <testcase name="Add_Tracking_Number" time="0.561" classname="Test_Data_Generation.Add_Tracking_Numbers_To_User"/>
  <testcase name="Add_Tracking_Number" time="0.504" classname="Test_Data_Generation.Add_Tracking_Numbers_To_User"/>
  <testcase name="Add_Tracking_Number" time="0.568" classname="Test_Data_Generation.Add_Tracking_Numbers_To_User"/>
  <testcase name="Add_Tracking_Number" time="0.577" classname="Test_Data_Generation.Add_Tracking_Numbers_To_User"/>
  <testcase name="Add_Tracking_Number" time="0.506" classname="Test_Data_Generation.Add_Tracking_Numbers_To_User"/>
  <testcase name="Add_Tracking_Number" time="0.483" classname="Test_Data_Generation.Add_Tracking_Numbers_To_User"/>
  <testcase name="Add_Tracking_Number" time="0.503" classname="Test_Data_Generation.Add_Tracking_Numbers_To_User"/>
  <testcase name="Add_Tracking_Number" time="0.617" classname="Test_Data_Generation.Add_Tracking_Numbers_To_User"/>
  <testcase name="Add_Tracking_Number" time="0.530" classname="Test_Data_Generation.Add_Tracking_Numbers_To_User"/>
  <testcase name="Add_Tracking_Number" time="0.609" classname="Test_Data_Generation.Add_Tracking_Numbers_To_User"/>
  <testcase name="Add_Tracking_Number" time="0.518" classname="Test_Data_Generation.Add_Tracking_Numbers_To_User"/>
  <testcase name="Add_Tracking_Number" time="0.700" classname="Test_Data_Generation.Add_Tracking_Numbers_To_User"/>
  <testcase name="Add_Tracking_Number" time="0.601" classname="Test_Data_Generation.Add_Tracking_Numbers_To_User"/>
  <testcase name="Add_Tracking_Number" time="0.549" classname="Test_Data_Generation.Add_Tracking_Numbers_To_User"/>
  <testcase name="Add_Tracking_Number" time="0.652" classname="Test_Data_Generation.Add_Tracking_Numbers_To_User"/>
  <testcase name="Add_Tracking_Number" time="0.551" classname="Test_Data_Generation.Add_Tracking_Numbers_To_User"/>
  <testcase name="Add_Tracking_Number" time="10.753" classname="Test_Data_Generation.Add_Tracking_Numbers_To_User"/>
  <testcase name="Add_Tracking_Number" time="0.449" classname="Test_Data_Generation.Add_Tracking_Numbers_To_User"/>
  <testcase name="Add_Tracking_Number" time="0.608" classname="Test_Data_Generation.Add_Tracking_Numbers_To_User"/>
  <testcase name="Add_Tracking_Number" time="0.569" classname="Test_Data_Generation.Add_Tracking_Numbers_To_User"/>
  <testcase name="Add_Tracking_Number" time="0.522" classname="Test_Data_Generation.Add_Tracking_Numbers_To_User"/>
  <testcase name="Add_Tracking_Number" time="0.646" classname="Test_Data_Generation.Add_Tracking_Numbers_To_User"/>
  <testcase name="Add_Tracking_Number" time="0.511" classname="Test_Data_Generation.Add_Tracking_Numbers_To_User"/>
  <testcase name="Add_Tracking_Number" time="0.525" classname="Test_Data_Generation.Add_Tracking_Numbers_To_User"/>
  <testcase name="Add_Tracking_Number" time="0.174" classname="Test_Data_Generation.Add_Tracking_Numbers_To_User"/>
  <testcase name="Add_Tracking_Number" time="0.828" classname="Test_Data_Generation.Add_Tracking_Numbers_To_User"/>
  <testcase name="Add_Tracking_Number" time="0.739" classname="Test_Data_Generation.Add_Tracking_Numbers_To_User"/>
  <testcase name="Add_Tracking_Number" time="0.605" classname="Test_Data_Generation.Add_Tracking_Numbers_To_User"/>
  <testcase name="Add_Tracking_Number" time="0.588" classname="Test_Data_Generation.Add_Tracking_Numbers_To_User"/>
  <testcase name="Add_Tracking_Number" time="0.663" classname="Test_Data_Generation.Add_Tracking_Numbers_To_User"/>
  <testcase name="Add_Tracking_Number" time="0.656" classname="Test_Data_Generation.Add_Tracking_Numbers_To_User"/>
  <testcase name="Add_Tracking_Number" time="0.669" classname="Test_Data_Generation.Add_Tracking_Numbers_To_User"/>
  <testcase name="Add_Tracking_Number" time="0.587" classname="Test_Data_Generation.Add_Tracking_Numbers_To_User"/>
  <testcase name="Add_Tracking_Number" time="0.718" classname="Test_Data_Generation.Add_Tracking_Numbers_To_User"/>
  <testcase name="Add_Tracking_Number" time="0.674" classname="Test_Data_Generation.Add_Tracking_Numbers_To_User"/>
  <testcase name="Add_Tracking_Number" time="0.552" classname="Test_Data_Generation.Add_Tracking_Numbers_To_User"/>
  <testcase name="Add_Tracking_Number" time="1.048" classname="Test_Data_Generation.Add_Tracking_Numbers_To_User"/>
  <testcase name="Add_Tracking_Number" time="0.751" classname="Test_Data_Generation.Add_Tracking_Numbers_To_User"/>
  <testcase name="Add_Tracking_Number" time="0.557" classname="Test_Data_Generation.Add_Tracking_Numbers_To_User"/>
  <testcase name="Add_Tracking_Number" time="0.664" classname="Test_Data_Generation.Add_Tracking_Numbers_To_User"/>
  <testcase name="Add_Tracking_Number" time="0.546" classname="Test_Data_Generation.Add_Tracking_Numbers_To_User"/>
  <testcase name="Add_Tracking_Number" time="0.173" classname="Test_Data_Generation.Add_Tracking_Numbers_To_User"/>
  <testcase name="Add_Tracking_Number" time="0.538" classname="Test_Data_Generation.Add_Tracking_Numbers_To_User"/>
  <testcase name="Add_Tracking_Number" time="0.500" classname="Test_Data_Generation.Add_Tracking_Numbers_To_User"/>
  <testcase name="Add_Tracking_Number" time="0.540" classname="Test_Data_Generation.Add_Tracking_Numbers_To_User">
    <failure type="java.lang.AssertionError" message="
Expected: a string containing &quot;{\&quot;successful\&quot;:true&quot;
     but: was &quot;{&quot;ShipmentOptionResponse&quot;:{&quot;successful&quot;:false,&quot;errorList&quot;:[{&quot;code&quot;:&quot;2997&quot;,&quot;message&quot;:&quot;TRAQS connection/request problem&quot;,&quot;source&quot;:null,&quot;rootCause&quot;:null}],&quot;alerts&quot;:null,&quot;cxsalerts&quot;:null}}&quot;">
      <![CDATA[java.lang.AssertionError: 
Expected: a string containing "{\"successful\":true"
     but: was "{"ShipmentOptionResponse":{"successful":false,"errorList":[{"code":"2997","message":"TRAQS connection/request problem","source":null,"rootCause":null}],"alerts":null,"cxsalerts":null}}"
at org.hamcrest.MatcherAssert.assertThat(MatcherAssert.java:20)
at org.junit.Assert.assertThat(Assert.java:956)
at org.junit.Assert.assertThat(Assert.java:923)
at Test_Data_Generation.Add_Tracking_Numbers_To_User.Add_Tracking_Number(Add_Tracking_Numbers_To_User.java:69)
at sun.reflect.GeneratedMethodAccessor2.invoke(Unknown Source)
at sun.reflect.DelegatingMethodAccessorImpl.invoke(Unknown Source)
at java.lang.reflect.Method.invoke(Unknown Source)
at org.testng.internal.MethodInvocationHelper.invokeMethod(MethodInvocationHelper.java:124)
at org.testng.internal.Invoker.invokeMethod(Invoker.java:580)
at org.testng.internal.Invoker.invokeTestMethod(Invoker.java:716)
at org.testng.internal.TestMethodWithDataProviderMethodWorker.call(TestMethodWithDataProviderMethodWorker.java:71)
at org.testng.internal.TestMethodWithDataProviderMethodWorker.call(TestMethodWithDataProviderMethodWorker.java:14)
at java.util.concurrent.FutureTask.run(Unknown Source)
at java.util.concurrent.Executors$RunnableAdapter.call(Unknown Source)
at java.util.concurrent.FutureTask.run(Unknown Source)
at java.util.concurrent.ThreadPoolExecutor.runWorker(Unknown Source)
at java.util.concurrent.ThreadPoolExecutor$Worker.run(Unknown Source)
at java.lang.Thread.run(Unknown Source)
]]>
    </failure>
  </testcase> <!-- Add_Tracking_Number -->
  <testcase name="Add_Tracking_Number" time="0.612" classname="Test_Data_Generation.Add_Tracking_Numbers_To_User"/>
  <testcase name="Add_Tracking_Number" time="0.646" classname="Test_Data_Generation.Add_Tracking_Numbers_To_User"/>
  <testcase name="Add_Tracking_Number" time="0.818" classname="Test_Data_Generation.Add_Tracking_Numbers_To_User"/>
  <testcase name="Add_Tracking_Number" time="0.496" classname="Test_Data_Generation.Add_Tracking_Numbers_To_User"/>
  <testcase name="Add_Tracking_Number" time="0.616" classname="Test_Data_Generation.Add_Tracking_Numbers_To_User"/>
  <testcase name="Add_Tracking_Number" time="0.529" classname="Test_Data_Generation.Add_Tracking_Numbers_To_User"/>
  <testcase name="Add_Tracking_Number" time="0.561" classname="Test_Data_Generation.Add_Tracking_Numbers_To_User"/>
  <testcase name="Add_Tracking_Number" time="0.056" classname="Test_Data_Generation.Add_Tracking_Numbers_To_User"/>
  <testcase name="Add_Tracking_Number" time="0.545" classname="Test_Data_Generation.Add_Tracking_Numbers_To_User"/>
  <testcase name="Add_Tracking_Number" time="0.681" classname="Test_Data_Generation.Add_Tracking_Numbers_To_User"/>
  <testcase name="Add_Tracking_Number" time="0.508" classname="Test_Data_Generation.Add_Tracking_Numbers_To_User"/>
  <testcase name="Add_Tracking_Number" time="0.542" classname="Test_Data_Generation.Add_Tracking_Numbers_To_User"/>
  <testcase name="Add_Tracking_Number" time="0.558" classname="Test_Data_Generation.Add_Tracking_Numbers_To_User"/>
  <testcase name="Add_Tracking_Number" time="0.577" classname="Test_Data_Generation.Add_Tracking_Numbers_To_User"/>
  <testcase name="Add_Tracking_Number" time="0.518" classname="Test_Data_Generation.Add_Tracking_Numbers_To_User"/>
  <testcase name="Add_Tracking_Number" time="0.638" classname="Test_Data_Generation.Add_Tracking_Numbers_To_User"/>
  <testcase name="Add_Tracking_Number" time="0.699" classname="Test_Data_Generation.Add_Tracking_Numbers_To_User"/>
  <testcase name="Add_Tracking_Number" time="0.741" classname="Test_Data_Generation.Add_Tracking_Numbers_To_User"/>
  <testcase name="Add_Tracking_Number" time="0.673" classname="Test_Data_Generation.Add_Tracking_Numbers_To_User"/>
  <testcase name="Add_Tracking_Number" time="0.548" classname="Test_Data_Generation.Add_Tracking_Numbers_To_User"/>
  <testcase name="Add_Tracking_Number" time="0.500" classname="Test_Data_Generation.Add_Tracking_Numbers_To_User"/>
  <testcase name="Add_Tracking_Number" time="0.479" classname="Test_Data_Generation.Add_Tracking_Numbers_To_User"/>
  <testcase name="Add_Tracking_Number" time="0.619" classname="Test_Data_Generation.Add_Tracking_Numbers_To_User"/>
  <testcase name="Add_Tracking_Number" time="0.504" classname="Test_Data_Generation.Add_Tracking_Numbers_To_User"/>
  <testcase name="Add_Tracking_Number" time="0.496" classname="Test_Data_Generation.Add_Tracking_Numbers_To_User"/>
  <testcase name="Add_Tracking_Number" time="0.561" classname="Test_Data_Generation.Add_Tracking_Numbers_To_User"/>
  <testcase name="Add_Tracking_Number" time="0.517" classname="Test_Data_Generation.Add_Tracking_Numbers_To_User"/>
  <testcase name="Add_Tracking_Number" time="0.445" classname="Test_Data_Generation.Add_Tracking_Numbers_To_User"/>
  <testcase name="Add_Tracking_Number" time="0.667" classname="Test_Data_Generation.Add_Tracking_Numbers_To_User"/>
  <testcase name="Add_Tracking_Number" time="0.490" classname="Test_Data_Generation.Add_Tracking_Numbers_To_User"/>
  <testcase name="Add_Tracking_Number" time="0.867" classname="Test_Data_Generation.Add_Tracking_Numbers_To_User"/>
  <testcase name="Add_Tracking_Number" time="0.528" classname="Test_Data_Generation.Add_Tracking_Numbers_To_User"/>
  <testcase name="Add_Tracking_Number" time="0.521" classname="Test_Data_Generation.Add_Tracking_Numbers_To_User"/>
  <testcase name="Add_Tracking_Number" time="0.228" classname="Test_Data_Generation.Add_Tracking_Numbers_To_User"/>
  <testcase name="Add_Tracking_Number" time="0.497" classname="Test_Data_Generation.Add_Tracking_Numbers_To_User"/>
  <testcase name="Add_Tracking_Number" time="0.493" classname="Test_Data_Generation.Add_Tracking_Numbers_To_User"/>
  <testcase name="Add_Tracking_Number" time="0.532" classname="Test_Data_Generation.Add_Tracking_Numbers_To_User"/>
  <testcase name="Add_Tracking_Number" time="0.866" classname="Test_Data_Generation.Add_Tracking_Numbers_To_User"/>
  <testcase name="Add_Tracking_Number" time="0.582" classname="Test_Data_Generation.Add_Tracking_Numbers_To_User"/>
  <testcase name="Add_Tracking_Number" time="0.735" classname="Test_Data_Generation.Add_Tracking_Numbers_To_User"/>
  <testcase name="Add_Tracking_Number" time="0.465" classname="Test_Data_Generation.Add_Tracking_Numbers_To_User">
    <failure type="java.lang.AssertionError" message="
Expected: a string containing &quot;{\&quot;successful\&quot;:true&quot;
     but: was &quot;{&quot;ShipmentOptionResponse&quot;:{&quot;successful&quot;:false,&quot;errorList&quot;:[{&quot;code&quot;:&quot;2997&quot;,&quot;message&quot;:&quot;TRAQS connection/request problem&quot;,&quot;source&quot;:null,&quot;rootCause&quot;:null}],&quot;alerts&quot;:null,&quot;cxsalerts&quot;:null}}&quot;">
      <![CDATA[java.lang.AssertionError: 
Expected: a string containing "{\"successful\":true"
     but: was "{"ShipmentOptionResponse":{"successful":false,"errorList":[{"code":"2997","message":"TRAQS connection/request problem","source":null,"rootCause":null}],"alerts":null,"cxsalerts":null}}"
at org.hamcrest.MatcherAssert.assertThat(MatcherAssert.java:20)
at org.junit.Assert.assertThat(Assert.java:956)
at org.junit.Assert.assertThat(Assert.java:923)
at Test_Data_Generation.Add_Tracking_Numbers_To_User.Add_Tracking_Number(Add_Tracking_Numbers_To_User.java:69)
at sun.reflect.GeneratedMethodAccessor2.invoke(Unknown Source)
at sun.reflect.DelegatingMethodAccessorImpl.invoke(Unknown Source)
at java.lang.reflect.Method.invoke(Unknown Source)
at org.testng.internal.MethodInvocationHelper.invokeMethod(MethodInvocationHelper.java:124)
at org.testng.internal.Invoker.invokeMethod(Invoker.java:580)
at org.testng.internal.Invoker.invokeTestMethod(Invoker.java:716)
at org.testng.internal.TestMethodWithDataProviderMethodWorker.call(TestMethodWithDataProviderMethodWorker.java:71)
at org.testng.internal.TestMethodWithDataProviderMethodWorker.call(TestMethodWithDataProviderMethodWorker.java:14)
at java.util.concurrent.FutureTask.run(Unknown Source)
at java.util.concurrent.Executors$RunnableAdapter.call(Unknown Source)
at java.util.concurrent.FutureTask.run(Unknown Source)
at java.util.concurrent.ThreadPoolExecutor.runWorker(Unknown Source)
at java.util.concurrent.ThreadPoolExecutor$Worker.run(Unknown Source)
at java.lang.Thread.run(Unknown Source)
]]>
    </failure>
  </testcase> <!-- Add_Tracking_Number -->
  <testcase name="Add_Tracking_Number" time="0.495" classname="Test_Data_Generation.Add_Tracking_Numbers_To_User"/>
  <testcase name="Add_Tracking_Number" time="0.663" classname="Test_Data_Generation.Add_Tracking_Numbers_To_User"/>
  <testcase name="Add_Tracking_Number" time="0.624" classname="Test_Data_Generation.Add_Tracking_Numbers_To_User"/>
  <testcase name="Add_Tracking_Number" time="0.511" classname="Test_Data_Generation.Add_Tracking_Numbers_To_User"/>
  <testcase name="Add_Tracking_Number" time="0.585" classname="Test_Data_Generation.Add_Tracking_Numbers_To_User"/>
  <testcase name="Add_Tracking_Number" time="0.502" classname="Test_Data_Generation.Add_Tracking_Numbers_To_User"/>
  <testcase name="Add_Tracking_Number" time="0.545" classname="Test_Data_Generation.Add_Tracking_Numbers_To_User"/>
  <testcase name="Add_Tracking_Number" time="0.483" classname="Test_Data_Generation.Add_Tracking_Numbers_To_User"/>
  <testcase name="Add_Tracking_Number" time="0.552" classname="Test_Data_Generation.Add_Tracking_Numbers_To_User"/>
  <testcase name="Add_Tracking_Number" time="0.645" classname="Test_Data_Generation.Add_Tracking_Numbers_To_User"/>
  <testcase name="Add_Tracking_Number" time="0.512" classname="Test_Data_Generation.Add_Tracking_Numbers_To_User"/>
  <testcase name="Add_Tracking_Number" time="0.524" classname="Test_Data_Generation.Add_Tracking_Numbers_To_User"/>
  <testcase name="Add_Tracking_Number" time="0.525" classname="Test_Data_Generation.Add_Tracking_Numbers_To_User"/>
  <testcase name="Add_Tracking_Number" time="0.554" classname="Test_Data_Generation.Add_Tracking_Numbers_To_User"/>
  <testcase name="Add_Tracking_Number" time="0.479" classname="Test_Data_Generation.Add_Tracking_Numbers_To_User"/>
  <testcase name="Add_Tracking_Number" time="0.557" classname="Test_Data_Generation.Add_Tracking_Numbers_To_User"/>
  <testcase name="Add_Tracking_Number" time="0.570" classname="Test_Data_Generation.Add_Tracking_Numbers_To_User"/>
  <testcase name="Add_Tracking_Number" time="0.441" classname="Test_Data_Generation.Add_Tracking_Numbers_To_User"/>
  <testcase name="Add_Tracking_Number" time="0.446" classname="Test_Data_Generation.Add_Tracking_Numbers_To_User"/>
  <testcase name="Add_Tracking_Number" time="0.537" classname="Test_Data_Generation.Add_Tracking_Numbers_To_User"/>
  <testcase name="Add_Tracking_Number" time="0.561" classname="Test_Data_Generation.Add_Tracking_Numbers_To_User"/>
  <testcase name="Add_Tracking_Number" time="0.495" classname="Test_Data_Generation.Add_Tracking_Numbers_To_User"/>
  <testcase name="Add_Tracking_Number" time="0.540" classname="Test_Data_Generation.Add_Tracking_Numbers_To_User"/>
  <testcase name="Add_Tracking_Number" time="0.464" classname="Test_Data_Generation.Add_Tracking_Numbers_To_User"/>
  <testcase name="Add_Tracking_Number" time="0.463" classname="Test_Data_Generation.Add_Tracking_Numbers_To_User"/>
  <testcase name="Add_Tracking_Number" time="0.520" classname="Test_Data_Generation.Add_Tracking_Numbers_To_User"/>
  <testcase name="Add_Tracking_Number" time="0.627" classname="Test_Data_Generation.Add_Tracking_Numbers_To_User"/>
  <testcase name="Add_Tracking_Number" time="0.529" classname="Test_Data_Generation.Add_Tracking_Numbers_To_User"/>
  <testcase name="Add_Tracking_Number" time="0.499" classname="Test_Data_Generation.Add_Tracking_Numbers_To_User"/>
  <testcase name="Add_Tracking_Number" time="0.560" classname="Test_Data_Generation.Add_Tracking_Numbers_To_User"/>
  <testcase name="Add_Tracking_Number" time="0.544" classname="Test_Data_Generation.Add_Tracking_Numbers_To_User"/>
  <testcase name="Add_Tracking_Number" time="0.623" classname="Test_Data_Generation.Add_Tracking_Numbers_To_User"/>
  <testcase name="Add_Tracking_Number" time="0.513" classname="Test_Data_Generation.Add_Tracking_Numbers_To_User"/>
  <testcase name="Add_Tracking_Number" time="0.536" classname="Test_Data_Generation.Add_Tracking_Numbers_To_User"/>
  <testcase name="Add_Tracking_Number" time="0.582" classname="Test_Data_Generation.Add_Tracking_Numbers_To_User"/>
  <testcase name="Add_Tracking_Number" time="0.550" classname="Test_Data_Generation.Add_Tracking_Numbers_To_User"/>
  <testcase name="Add_Tracking_Number" time="0.501" classname="Test_Data_Generation.Add_Tracking_Numbers_To_User"/>
  <testcase name="Add_Tracking_Number" time="0.516" classname="Test_Data_Generation.Add_Tracking_Numbers_To_User"/>
  <testcase name="Add_Tracking_Number" time="0.466" classname="Test_Data_Generation.Add_Tracking_Numbers_To_User"/>
  <testcase name="Add_Tracking_Number" time="0.307" classname="Test_Data_Generation.Add_Tracking_Numbers_To_User"/>
  <testcase name="Add_Tracking_Number" time="0.655" classname="Test_Data_Generation.Add_Tracking_Numbers_To_User"/>
  <testcase name="Add_Tracking_Number" time="0.632" classname="Test_Data_Generation.Add_Tracking_Numbers_To_User"/>
  <testcase name="Add_Tracking_Number" time="0.574" classname="Test_Data_Generation.Add_Tracking_Numbers_To_User"/>
  <testcase name="Add_Tracking_Number" time="0.697" classname="Test_Data_Generation.Add_Tracking_Numbers_To_User"/>
  <testcase name="Add_Tracking_Number" time="0.536" classname="Test_Data_Generation.Add_Tracking_Numbers_To_User"/>
  <testcase name="Add_Tracking_Number" time="0.544" classname="Test_Data_Generation.Add_Tracking_Numbers_To_User"/>
  <testcase name="Add_Tracking_Number" time="0.522" classname="Test_Data_Generation.Add_Tracking_Numbers_To_User"/>
  <testcase name="Add_Tracking_Number" time="0.485" classname="Test_Data_Generation.Add_Tracking_Numbers_To_User"/>
  <testcase name="Add_Tracking_Number" time="0.493" classname="Test_Data_Generation.Add_Tracking_Numbers_To_User"/>
  <testcase name="Add_Tracking_Number" time="0.435" classname="Test_Data_Generation.Add_Tracking_Numbers_To_User"/>
  <testcase name="Add_Tracking_Number" time="0.401" classname="Test_Data_Generation.Add_Tracking_Numbers_To_User"/>
  <testcase name="Add_Tracking_Number" time="0.498" classname="Test_Data_Generation.Add_Tracking_Numbers_To_User"/>
  <testcase name="Add_Tracking_Number" time="0.549" classname="Test_Data_Generation.Add_Tracking_Numbers_To_User"/>
  <testcase name="Add_Tracking_Number" time="0.181" classname="Test_Data_Generation.Add_Tracking_Numbers_To_User"/>
  <testcase name="Add_Tracking_Number" time="0.547" classname="Test_Data_Generation.Add_Tracking_Numbers_To_User"/>
  <testcase name="Add_Tracking_Number" time="0.477" classname="Test_Data_Generation.Add_Tracking_Numbers_To_User"/>
  <testcase name="Add_Tracking_Number" time="0.496" classname="Test_Data_Generation.Add_Tracking_Numbers_To_User"/>
  <testcase name="Add_Tracking_Number" time="0.057" classname="Test_Data_Generation.Add_Tracking_Numbers_To_User"/>
  <testcase name="Add_Tracking_Number" time="0.536" classname="Test_Data_Generation.Add_Tracking_Numbers_To_User"/>
  <testcase name="Add_Tracking_Number" time="0.538" classname="Test_Data_Generation.Add_Tracking_Numbers_To_User"/>
  <testcase name="Add_Tracking_Number" time="0.654" classname="Test_Data_Generation.Add_Tracking_Numbers_To_User"/>
  <testcase name="Add_Tracking_Number" time="0.575" classname="Test_Data_Generation.Add_Tracking_Numbers_To_User"/>
  <testcase name="Add_Tracking_Number" time="0.586" classname="Test_Data_Generation.Add_Tracking_Numbers_To_User"/>
  <testcase name="Add_Tracking_Number" time="0.260" classname="Test_Data_Generation.Add_Tracking_Numbers_To_User"/>
  <testcase name="Add_Tracking_Number" time="0.526" classname="Test_Data_Generation.Add_Tracking_Numbers_To_User"/>
  <testcase name="Add_Tracking_Number" time="0.560" classname="Test_Data_Generation.Add_Tracking_Numbers_To_User"/>
  <testcase name="Add_Tracking_Number" time="0.511" classname="Test_Data_Generation.Add_Tracking_Numbers_To_User"/>
  <testcase name="Add_Tracking_Number" time="0.247" classname="Test_Data_Generation.Add_Tracking_Numbers_To_User"/>
  <testcase name="Add_Tracking_Number" time="0.546" classname="Test_Data_Generation.Add_Tracking_Numbers_To_User"/>
  <testcase name="Add_Tracking_Number" time="0.488" classname="Test_Data_Generation.Add_Tracking_Numbers_To_User"/>
  <testcase name="Add_Tracking_Number" time="0.722" classname="Test_Data_Generation.Add_Tracking_Numbers_To_User"/>
  <testcase name="Add_Tracking_Number" time="1.048" classname="Test_Data_Generation.Add_Tracking_Numbers_To_User"/>
  <testcase name="Add_Tracking_Number" time="0.575" classname="Test_Data_Generation.Add_Tracking_Numbers_To_User"/>
  <testcase name="Add_Tracking_Number" time="0.547" classname="Test_Data_Generation.Add_Tracking_Numbers_To_User"/>
  <testcase name="Add_Tracking_Number" time="0.764" classname="Test_Data_Generation.Add_Tracking_Numbers_To_User"/>
  <testcase name="Add_Tracking_Number" time="0.578" classname="Test_Data_Generation.Add_Tracking_Numbers_To_User"/>
  <testcase name="Add_Tracking_Number" time="0.531" classname="Test_Data_Generation.Add_Tracking_Numbers_To_User"/>
  <testcase name="Add_Tracking_Number" time="0.642" classname="Test_Data_Generation.Add_Tracking_Numbers_To_User"/>
  <testcase name="Add_Tracking_Number" time="0.619" classname="Test_Data_Generation.Add_Tracking_Numbers_To_User"/>
  <testcase name="Add_Tracking_Number" time="0.453" classname="Test_Data_Generation.Add_Tracking_Numbers_To_User"/>
  <testcase name="Add_Tracking_Number" time="0.472" classname="Test_Data_Generation.Add_Tracking_Numbers_To_User">
    <failure type="java.lang.AssertionError" message="
Expected: a string containing &quot;{\&quot;successful\&quot;:true&quot;
     but: was &quot;{&quot;ShipmentOptionResponse&quot;:{&quot;successful&quot;:false,&quot;errorList&quot;:[{&quot;code&quot;:&quot;2997&quot;,&quot;message&quot;:&quot;TRAQS connection/request problem&quot;,&quot;source&quot;:null,&quot;rootCause&quot;:null}],&quot;alerts&quot;:null,&quot;cxsalerts&quot;:null}}&quot;">
      <![CDATA[java.lang.AssertionError: 
Expected: a string containing "{\"successful\":true"
     but: was "{"ShipmentOptionResponse":{"successful":false,"errorList":[{"code":"2997","message":"TRAQS connection/request problem","source":null,"rootCause":null}],"alerts":null,"cxsalerts":null}}"
at org.hamcrest.MatcherAssert.assertThat(MatcherAssert.java:20)
at org.junit.Assert.assertThat(Assert.java:956)
at org.junit.Assert.assertThat(Assert.java:923)
at Test_Data_Generation.Add_Tracking_Numbers_To_User.Add_Tracking_Number(Add_Tracking_Numbers_To_User.java:69)
at sun.reflect.GeneratedMethodAccessor2.invoke(Unknown Source)
at sun.reflect.DelegatingMethodAccessorImpl.invoke(Unknown Source)
at java.lang.reflect.Method.invoke(Unknown Source)
at org.testng.internal.MethodInvocationHelper.invokeMethod(MethodInvocationHelper.java:124)
at org.testng.internal.Invoker.invokeMethod(Invoker.java:580)
at org.testng.internal.Invoker.invokeTestMethod(Invoker.java:716)
at org.testng.internal.TestMethodWithDataProviderMethodWorker.call(TestMethodWithDataProviderMethodWorker.java:71)
at org.testng.internal.TestMethodWithDataProviderMethodWorker.call(TestMethodWithDataProviderMethodWorker.java:14)
at java.util.concurrent.FutureTask.run(Unknown Source)
at java.util.concurrent.Executors$RunnableAdapter.call(Unknown Source)
at java.util.concurrent.FutureTask.run(Unknown Source)
at java.util.concurrent.ThreadPoolExecutor.runWorker(Unknown Source)
at java.util.concurrent.ThreadPoolExecutor$Worker.run(Unknown Source)
at java.lang.Thread.run(Unknown Source)
]]>
    </failure>
  </testcase> <!-- Add_Tracking_Number -->
  <testcase name="Add_Tracking_Number" time="0.619" classname="Test_Data_Generation.Add_Tracking_Numbers_To_User"/>
  <testcase name="Add_Tracking_Number" time="0.442" classname="Test_Data_Generation.Add_Tracking_Numbers_To_User"/>
  <testcase name="Add_Tracking_Number" time="0.503" classname="Test_Data_Generation.Add_Tracking_Numbers_To_User"/>
  <testcase name="Add_Tracking_Number" time="0.777" classname="Test_Data_Generation.Add_Tracking_Numbers_To_User"/>
  <testcase name="Add_Tracking_Number" time="0.520" classname="Test_Data_Generation.Add_Tracking_Numbers_To_User"/>
  <testcase name="Add_Tracking_Number" time="0.559" classname="Test_Data_Generation.Add_Tracking_Numbers_To_User"/>
  <testcase name="Add_Tracking_Number" time="0.670" classname="Test_Data_Generation.Add_Tracking_Numbers_To_User"/>
  <testcase name="Add_Tracking_Number" time="0.508" classname="Test_Data_Generation.Add_Tracking_Numbers_To_User"/>
  <testcase name="Add_Tracking_Number" time="0.524" classname="Test_Data_Generation.Add_Tracking_Numbers_To_User"/>
  <testcase name="Add_Tracking_Number" time="0.622" classname="Test_Data_Generation.Add_Tracking_Numbers_To_User"/>
  <testcase name="Add_Tracking_Number" time="0.488" classname="Test_Data_Generation.Add_Tracking_Numbers_To_User"/>
  <testcase name="Add_Tracking_Number" time="0.728" classname="Test_Data_Generation.Add_Tracking_Numbers_To_User"/>
  <testcase name="Add_Tracking_Number" time="0.676" classname="Test_Data_Generation.Add_Tracking_Numbers_To_User"/>
  <testcase name="Add_Tracking_Number" time="0.589" classname="Test_Data_Generation.Add_Tracking_Numbers_To_User"/>
  <testcase name="Add_Tracking_Number" time="0.809" classname="Test_Data_Generation.Add_Tracking_Numbers_To_User"/>
  <testcase name="Add_Tracking_Number" time="0.537" classname="Test_Data_Generation.Add_Tracking_Numbers_To_User"/>
  <testcase name="Add_Tracking_Number" time="0.550" classname="Test_Data_Generation.Add_Tracking_Numbers_To_User"/>
  <testcase name="Add_Tracking_Number" time="0.599" classname="Test_Data_Generation.Add_Tracking_Numbers_To_User"/>
  <testcase name="Add_Tracking_Number" time="0.502" classname="Test_Data_Generation.Add_Tracking_Numbers_To_User"/>
  <testcase name="Add_Tracking_Number" time="0.461" classname="Test_Data_Generation.Add_Tracking_Numbers_To_User"/>
  <testcase name="Add_Tracking_Number" time="0.559" classname="Test_Data_Generation.Add_Tracking_Numbers_To_User"/>
  <testcase name="Add_Tracking_Number" time="0.519" classname="Test_Data_Generation.Add_Tracking_Numbers_To_User"/>
  <testcase name="Add_Tracking_Number" time="0.483" classname="Test_Data_Generation.Add_Tracking_Numbers_To_User"/>
  <testcase name="Add_Tracking_Number" time="0.538" classname="Test_Data_Generation.Add_Tracking_Numbers_To_User"/>
  <testcase name="Add_Tracking_Number" time="0.054" classname="Test_Data_Generation.Add_Tracking_Numbers_To_User"/>
  <testcase name="Add_Tracking_Number" time="0.526" classname="Test_Data_Generation.Add_Tracking_Numbers_To_User"/>
  <testcase name="Add_Tracking_Number" time="0.557" classname="Test_Data_Generation.Add_Tracking_Numbers_To_User"/>
  <testcase name="Add_Tracking_Number" time="0.497" classname="Test_Data_Generation.Add_Tracking_Numbers_To_User"/>
  <testcase name="Add_Tracking_Number" time="1.011" classname="Test_Data_Generation.Add_Tracking_Numbers_To_User"/>
  <testcase name="Add_Tracking_Number" time="0.453" classname="Test_Data_Generation.Add_Tracking_Numbers_To_User"/>
  <testcase name="Add_Tracking_Number" time="0.496" classname="Test_Data_Generation.Add_Tracking_Numbers_To_User"/>
  <testcase name="Add_Tracking_Number" time="0.524" classname="Test_Data_Generation.Add_Tracking_Numbers_To_User"/>
  <testcase name="Add_Tracking_Number" time="0.626" classname="Test_Data_Generation.Add_Tracking_Numbers_To_User"/>
  <testcase name="Add_Tracking_Number" time="0.528" classname="Test_Data_Generation.Add_Tracking_Numbers_To_User"/>
  <testcase name="Add_Tracking_Number" time="0.442" classname="Test_Data_Generation.Add_Tracking_Numbers_To_User"/>
  <testcase name="Add_Tracking_Number" time="0.845" classname="Test_Data_Generation.Add_Tracking_Numbers_To_User"/>
  <testcase name="Add_Tracking_Number" time="0.613" classname="Test_Data_Generation.Add_Tracking_Numbers_To_User"/>
  <testcase name="Add_Tracking_Number" time="0.516" classname="Test_Data_Generation.Add_Tracking_Numbers_To_User"/>
  <testcase name="Add_Tracking_Number" time="0.496" classname="Test_Data_Generation.Add_Tracking_Numbers_To_User"/>
  <testcase name="Add_Tracking_Number" time="0.592" classname="Test_Data_Generation.Add_Tracking_Numbers_To_User"/>
  <testcase name="Add_Tracking_Number" time="0.580" classname="Test_Data_Generation.Add_Tracking_Numbers_To_User"/>
  <testcase name="Add_Tracking_Number" time="0.619" classname="Test_Data_Generation.Add_Tracking_Numbers_To_User"/>
  <testcase name="Add_Tracking_Number" time="0.568" classname="Test_Data_Generation.Add_Tracking_Numbers_To_User"/>
  <testcase name="Add_Tracking_Number" time="0.834" classname="Test_Data_Generation.Add_Tracking_Numbers_To_User"/>
  <testcase name="Add_Tracking_Number" time="0.570" classname="Test_Data_Generation.Add_Tracking_Numbers_To_User"/>
  <testcase name="Add_Tracking_Number" time="0.504" classname="Test_Data_Generation.Add_Tracking_Numbers_To_User"/>
  <testcase name="Add_Tracking_Number" time="0.555" classname="Test_Data_Generation.Add_Tracking_Numbers_To_User"/>
  <testcase name="Add_Tracking_Number" time="0.516" classname="Test_Data_Generation.Add_Tracking_Numbers_To_User"/>
  <testcase name="Add_Tracking_Number" time="0.588" classname="Test_Data_Generation.Add_Tracking_Numbers_To_User"/>
  <testcase name="Add_Tracking_Number" time="0.511" classname="Test_Data_Generation.Add_Tracking_Numbers_To_User"/>
  <testcase name="Add_Tracking_Number" time="0.501" classname="Test_Data_Generation.Add_Tracking_Numbers_To_User"/>
  <testcase name="Add_Tracking_Number" time="0.453" classname="Test_Data_Generation.Add_Tracking_Numbers_To_User"/>
  <testcase name="Add_Tracking_Number" time="0.774" classname="Test_Data_Generation.Add_Tracking_Numbers_To_User"/>
  <testcase name="Add_Tracking_Number" time="0.533" classname="Test_Data_Generation.Add_Tracking_Numbers_To_User"/>
  <testcase name="Add_Tracking_Number" time="0.524" classname="Test_Data_Generation.Add_Tracking_Numbers_To_User"/>
  <testcase name="Add_Tracking_Number" time="0.581" classname="Test_Data_Generation.Add_Tracking_Numbers_To_User"/>
  <testcase name="Add_Tracking_Number" time="0.558" classname="Test_Data_Generation.Add_Tracking_Numbers_To_User"/>
  <testcase name="Add_Tracking_Number" time="0.506" classname="Test_Data_Generation.Add_Tracking_Numbers_To_User"/>
  <testcase name="Add_Tracking_Number" time="0.489" classname="Test_Data_Generation.Add_Tracking_Numbers_To_User"/>
  <testcase name="Add_Tracking_Number" time="0.485" classname="Test_Data_Generation.Add_Tracking_Numbers_To_User"/>
  <testcase name="Add_Tracking_Number" time="0.544" classname="Test_Data_Generation.Add_Tracking_Numbers_To_User"/>
  <testcase name="Add_Tracking_Number" time="0.541" classname="Test_Data_Generation.Add_Tracking_Numbers_To_User"/>
  <testcase name="Add_Tracking_Number" time="0.579" classname="Test_Data_Generation.Add_Tracking_Numbers_To_User"/>
  <testcase name="Add_Tracking_Number" time="0.452" classname="Test_Data_Generation.Add_Tracking_Numbers_To_User"/>
  <testcase name="Add_Tracking_Number" time="0.070" classname="Test_Data_Generation.Add_Tracking_Numbers_To_User"/>
  <testcase name="Add_Tracking_Number" time="0.530" classname="Test_Data_Generation.Add_Tracking_Numbers_To_User"/>
  <testcase name="Add_Tracking_Number" time="0.558" classname="Test_Data_Generation.Add_Tracking_Numbers_To_User"/>
  <testcase name="Add_Tracking_Number" time="0.563" classname="Test_Data_Generation.Add_Tracking_Numbers_To_User"/>
  <testcase name="Add_Tracking_Number" time="0.588" classname="Test_Data_Generation.Add_Tracking_Numbers_To_User"/>
  <testcase name="Add_Tracking_Number" time="0.571" classname="Test_Data_Generation.Add_Tracking_Numbers_To_User"/>
  <testcase name="Add_Tracking_Number" time="0.482" classname="Test_Data_Generation.Add_Tracking_Numbers_To_User"/>
  <testcase name="Add_Tracking_Number" time="0.593" classname="Test_Data_Generation.Add_Tracking_Numbers_To_User"/>
  <testcase name="Add_Tracking_Number" time="0.605" classname="Test_Data_Generation.Add_Tracking_Numbers_To_User"/>
  <testcase name="Add_Tracking_Number" time="0.511" classname="Test_Data_Generation.Add_Tracking_Numbers_To_User"/>
  <testcase name="Add_Tracking_Number" time="0.548" classname="Test_Data_Generation.Add_Tracking_Numbers_To_User"/>
  <testcase name="Add_Tracking_Number" time="0.614" classname="Test_Data_Generation.Add_Tracking_Numbers_To_User"/>
  <testcase name="Add_Tracking_Number" time="0.506" classname="Test_Data_Generation.Add_Tracking_Numbers_To_User"/>
  <testcase name="Add_Tracking_Number" time="0.560" classname="Test_Data_Generation.Add_Tracking_Numbers_To_User"/>
  <testcase name="Add_Tracking_Number" time="0.609" classname="Test_Data_Generation.Add_Tracking_Numbers_To_User"/>
  <testcase name="Add_Tracking_Number" time="0.615" classname="Test_Data_Generation.Add_Tracking_Numbers_To_User"/>
  <testcase name="Add_Tracking_Number" time="0.540" classname="Test_Data_Generation.Add_Tracking_Numbers_To_User"/>
  <testcase name="Add_Tracking_Number" time="0.336" classname="Test_Data_Generation.Add_Tracking_Numbers_To_User"/>
  <testcase name="Add_Tracking_Number" time="0.528" classname="Test_Data_Generation.Add_Tracking_Numbers_To_User"/>
  <testcase name="Add_Tracking_Number" time="0.565" classname="Test_Data_Generation.Add_Tracking_Numbers_To_User"/>
  <testcase name="Add_Tracking_Number" time="0.542" classname="Test_Data_Generation.Add_Tracking_Numbers_To_User"/>
  <testcase name="Add_Tracking_Number" time="0.500" classname="Test_Data_Generation.Add_Tracking_Numbers_To_User"/>
  <testcase name="Add_Tracking_Number" time="0.729" classname="Test_Data_Generation.Add_Tracking_Numbers_To_User"/>
  <testcase name="Add_Tracking_Number" time="0.522" classname="Test_Data_Generation.Add_Tracking_Numbers_To_User"/>
  <testcase name="Add_Tracking_Number" time="0.588" classname="Test_Data_Generation.Add_Tracking_Numbers_To_User"/>
  <testcase name="Add_Tracking_Number" time="0.514" classname="Test_Data_Generation.Add_Tracking_Numbers_To_User"/>
  <testcase name="Add_Tracking_Number" time="0.465" classname="Test_Data_Generation.Add_Tracking_Numbers_To_User"/>
  <testcase name="Add_Tracking_Number" time="0.702" classname="Test_Data_Generation.Add_Tracking_Numbers_To_User"/>
  <testcase name="Add_Tracking_Number" time="0.460" classname="Test_Data_Generation.Add_Tracking_Numbers_To_User"/>
  <testcase name="Add_Tracking_Number" time="0.524" classname="Test_Data_Generation.Add_Tracking_Numbers_To_User"/>
  <testcase name="Add_Tracking_Number" time="0.665" classname="Test_Data_Generation.Add_Tracking_Numbers_To_User"/>
  <testcase name="Add_Tracking_Number" time="0.531" classname="Test_Data_Generation.Add_Tracking_Numbers_To_User"/>
  <testcase name="Add_Tracking_Number" time="0.493" classname="Test_Data_Generation.Add_Tracking_Numbers_To_User"/>
  <testcase name="Add_Tracking_Number" time="0.551" classname="Test_Data_Generation.Add_Tracking_Numbers_To_User"/>
  <testcase name="Add_Tracking_Number" time="0.703" classname="Test_Data_Generation.Add_Tracking_Numbers_To_User"/>
  <testcase name="Add_Tracking_Number" time="0.588" classname="Test_Data_Generation.Add_Tracking_Numbers_To_User"/>
  <testcase name="Add_Tracking_Number" time="0.607" classname="Test_Data_Generation.Add_Tracking_Numbers_To_User"/>
  <testcase name="Add_Tracking_Number" time="0.504" classname="Test_Data_Generation.Add_Tracking_Numbers_To_User"/>
  <testcase name="Add_Tracking_Number" time="0.524" classname="Test_Data_Generation.Add_Tracking_Numbers_To_User"/>
  <testcase name="Add_Tracking_Number" time="0.555" classname="Test_Data_Generation.Add_Tracking_Numbers_To_User"/>
  <testcase name="Add_Tracking_Number" time="0.621" classname="Test_Data_Generation.Add_Tracking_Numbers_To_User"/>
  <testcase name="Add_Tracking_Number" time="0.477" classname="Test_Data_Generation.Add_Tracking_Numbers_To_User"/>
  <testcase name="Add_Tracking_Number" time="0.557" classname="Test_Data_Generation.Add_Tracking_Numbers_To_User"/>
  <testcase name="Add_Tracking_Number" time="0.731" classname="Test_Data_Generation.Add_Tracking_Numbers_To_User"/>
  <testcase name="Add_Tracking_Number" time="0.532" classname="Test_Data_Generation.Add_Tracking_Numbers_To_User"/>
  <testcase name="Add_Tracking_Number" time="0.493" classname="Test_Data_Generation.Add_Tracking_Numbers_To_User"/>
  <testcase name="Add_Tracking_Number" time="0.810" classname="Test_Data_Generation.Add_Tracking_Numbers_To_User"/>
  <testcase name="Add_Tracking_Number" time="0.547" classname="Test_Data_Generation.Add_Tracking_Numbers_To_User"/>
  <testcase name="Add_Tracking_Number" time="0.564" classname="Test_Data_Generation.Add_Tracking_Numbers_To_User"/>
  <testcase name="Add_Tracking_Number" time="0.448" classname="Test_Data_Generation.Add_Tracking_Numbers_To_User"/>
  <testcase name="Add_Tracking_Number" time="0.568" classname="Test_Data_Generation.Add_Tracking_Numbers_To_User"/>
  <testcase name="Add_Tracking_Number" time="0.575" classname="Test_Data_Generation.Add_Tracking_Numbers_To_User"/>
  <testcase name="Add_Tracking_Number" time="0.495" classname="Test_Data_Generation.Add_Tracking_Numbers_To_User"/>
  <testcase name="Add_Tracking_Number" time="0.618" classname="Test_Data_Generation.Add_Tracking_Numbers_To_User"/>
  <testcase name="Add_Tracking_Number" time="0.565" classname="Test_Data_Generation.Add_Tracking_Numbers_To_User"/>
  <testcase name="Add_Tracking_Number" time="0.514" classname="Test_Data_Generation.Add_Tracking_Numbers_To_User"/>
  <testcase name="Add_Tracking_Number" time="0.482" classname="Test_Data_Generation.Add_Tracking_Numbers_To_User"/>
  <testcase name="Add_Tracking_Number" time="0.493" classname="Test_Data_Generation.Add_Tracking_Numbers_To_User"/>
  <testcase name="Add_Tracking_Number" time="0.537" classname="Test_Data_Generation.Add_Tracking_Numbers_To_User"/>
  <testcase name="Add_Tracking_Number" time="0.494" classname="Test_Data_Generation.Add_Tracking_Numbers_To_User"/>
  <testcase name="Add_Tracking_Number" time="0.453" classname="Test_Data_Generation.Add_Tracking_Numbers_To_User"/>
  <testcase name="Add_Tracking_Number" time="0.521" classname="Test_Data_Generation.Add_Tracking_Numbers_To_User"/>
  <testcase name="Add_Tracking_Number" time="0.523" classname="Test_Data_Generation.Add_Tracking_Numbers_To_User"/>
  <testcase name="Add_Tracking_Number" time="0.525" classname="Test_Data_Generation.Add_Tracking_Numbers_To_User"/>
  <testcase name="Add_Tracking_Number" time="0.603" classname="Test_Data_Generation.Add_Tracking_Numbers_To_User"/>
  <testcase name="Add_Tracking_Number" time="0.466" classname="Test_Data_Generation.Add_Tracking_Numbers_To_User"/>
  <testcase name="Add_Tracking_Number" time="0.574" classname="Test_Data_Generation.Add_Tracking_Numbers_To_User"/>
  <testcase name="Add_Tracking_Number" time="0.510" classname="Test_Data_Generation.Add_Tracking_Numbers_To_User"/>
  <testcase name="Add_Tracking_Number" time="0.546" classname="Test_Data_Generation.Add_Tracking_Numbers_To_User"/>
  <testcase name="Add_Tracking_Number" time="0.839" classname="Test_Data_Generation.Add_Tracking_Numbers_To_User"/>
  <testcase name="Add_Tracking_Number" time="0.493" classname="Test_Data_Generation.Add_Tracking_Numbers_To_User"/>
  <testcase name="Add_Tracking_Number" time="0.454" classname="Test_Data_Generation.Add_Tracking_Numbers_To_User"/>
  <testcase name="Add_Tracking_Number" time="0.668" classname="Test_Data_Generation.Add_Tracking_Numbers_To_User"/>
  <testcase name="Add_Tracking_Number" time="0.559" classname="Test_Data_Generation.Add_Tracking_Numbers_To_User"/>
  <testcase name="Add_Tracking_Number" time="0.711" classname="Test_Data_Generation.Add_Tracking_Numbers_To_User"/>
  <testcase name="Add_Tracking_Number" time="0.532" classname="Test_Data_Generation.Add_Tracking_Numbers_To_User"/>
  <testcase name="Add_Tracking_Number" time="0.495" classname="Test_Data_Generation.Add_Tracking_Numbers_To_User"/>
  <testcase name="Add_Tracking_Number" time="0.653" classname="Test_Data_Generation.Add_Tracking_Numbers_To_User"/>
  <testcase name="Add_Tracking_Number" time="0.460" classname="Test_Data_Generation.Add_Tracking_Numbers_To_User"/>
  <testcase name="Add_Tracking_Number" time="0.491" classname="Test_Data_Generation.Add_Tracking_Numbers_To_User"/>
  <testcase name="Add_Tracking_Number" time="0.520" classname="Test_Data_Generation.Add_Tracking_Numbers_To_User"/>
  <testcase name="Add_Tracking_Number" time="0.497" classname="Test_Data_Generation.Add_Tracking_Numbers_To_User"/>
  <testcase name="Add_Tracking_Number" time="0.498" classname="Test_Data_Generation.Add_Tracking_Numbers_To_User"/>
  <testcase name="Add_Tracking_Number" time="0.689" classname="Test_Data_Generation.Add_Tracking_Numbers_To_User"/>
  <testcase name="Add_Tracking_Number" time="0.562" classname="Test_Data_Generation.Add_Tracking_Numbers_To_User"/>
  <testcase name="Add_Tracking_Number" time="0.596" classname="Test_Data_Generation.Add_Tracking_Numbers_To_User"/>
  <testcase name="Add_Tracking_Number" time="0.742" classname="Test_Data_Generation.Add_Tracking_Numbers_To_User"/>
  <testcase name="Add_Tracking_Number" time="0.440" classname="Test_Data_Generation.Add_Tracking_Numbers_To_User"/>
  <testcase name="Add_Tracking_Number" time="0.515" classname="Test_Data_Generation.Add_Tracking_Numbers_To_User"/>
  <testcase name="Add_Tracking_Number" time="0.514" classname="Test_Data_Generation.Add_Tracking_Numbers_To_User"/>
  <testcase name="Add_Tracking_Number" time="0.503" classname="Test_Data_Generation.Add_Tracking_Numbers_To_User"/>
  <testcase name="Add_Tracking_Number" time="0.513" classname="Test_Data_Generation.Add_Tracking_Numbers_To_User"/>
  <testcase name="Add_Tracking_Number" time="0.519" classname="Test_Data_Generation.Add_Tracking_Numbers_To_User"/>
  <testcase name="Add_Tracking_Number" time="0.482" classname="Test_Data_Generation.Add_Tracking_Numbers_To_User"/>
  <testcase name="Add_Tracking_Number" time="0.478" classname="Test_Data_Generation.Add_Tracking_Numbers_To_User"/>
  <testcase name="Add_Tracking_Number" time="0.516" classname="Test_Data_Generation.Add_Tracking_Numbers_To_User"/>
  <testcase name="Add_Tracking_Number" time="0.564" classname="Test_Data_Generation.Add_Tracking_Numbers_To_User"/>
  <testcase name="Add_Tracking_Number" time="0.531" classname="Test_Data_Generation.Add_Tracking_Numbers_To_User"/>
  <testcase name="Add_Tracking_Number" time="0.699" classname="Test_Data_Generation.Add_Tracking_Numbers_To_User"/>
  <testcase name="Add_Tracking_Number" time="0.662" classname="Test_Data_Generation.Add_Tracking_Numbers_To_User"/>
  <testcase name="Add_Tracking_Number" time="0.386" classname="Test_Data_Generation.Add_Tracking_Numbers_To_User"/>
  <testcase name="Add_Tracking_Number" time="0.705" classname="Test_Data_Generation.Add_Tracking_Numbers_To_User"/>
  <testcase name="Add_Tracking_Number" time="0.523" classname="Test_Data_Generation.Add_Tracking_Numbers_To_User"/>
  <testcase name="Add_Tracking_Number" time="0.478" classname="Test_Data_Generation.Add_Tracking_Numbers_To_User"/>
  <testcase name="Add_Tracking_Number" time="0.766" classname="Test_Data_Generation.Add_Tracking_Numbers_To_User"/>
  <testcase name="Add_Tracking_Number" time="0.471" classname="Test_Data_Generation.Add_Tracking_Numbers_To_User"/>
  <testcase name="Add_Tracking_Number" time="0.555" classname="Test_Data_Generation.Add_Tracking_Numbers_To_User"/>
  <testcase name="Add_Tracking_Number" time="0.570" classname="Test_Data_Generation.Add_Tracking_Numbers_To_User"/>
  <testcase name="Add_Tracking_Number" time="0.546" classname="Test_Data_Generation.Add_Tracking_Numbers_To_User"/>
  <testcase name="Add_Tracking_Number" time="0.576" classname="Test_Data_Generation.Add_Tracking_Numbers_To_User"/>
  <testcase name="Add_Tracking_Number" time="0.508" classname="Test_Data_Generation.Add_Tracking_Numbers_To_User"/>
  <testcase name="Add_Tracking_Number" time="0.459" classname="Test_Data_Generation.Add_Tracking_Numbers_To_User"/>
  <testcase name="Add_Tracking_Number" time="0.533" classname="Test_Data_Generation.Add_Tracking_Numbers_To_User"/>
  <testcase name="Add_Tracking_Number" time="0.117" classname="Test_Data_Generation.Add_Tracking_Numbers_To_User"/>
  <testcase name="Add_Tracking_Number" time="0.484" classname="Test_Data_Generation.Add_Tracking_Numbers_To_User"/>
  <testcase name="Add_Tracking_Number" time="0.495" classname="Test_Data_Generation.Add_Tracking_Numbers_To_User"/>
  <testcase name="Add_Tracking_Number" time="0.490" classname="Test_Data_Generation.Add_Tracking_Numbers_To_User"/>
  <testcase name="Add_Tracking_Number" time="0.507" classname="Test_Data_Generation.Add_Tracking_Numbers_To_User"/>
  <testcase name="Add_Tracking_Number" time="0.491" classname="Test_Data_Generation.Add_Tracking_Numbers_To_User"/>
  <testcase name="Add_Tracking_Number" time="0.484" classname="Test_Data_Generation.Add_Tracking_Numbers_To_User"/>
  <testcase name="Add_Tracking_Number" time="0.553" classname="Test_Data_Generation.Add_Tracking_Numbers_To_User"/>
  <testcase name="Add_Tracking_Number" time="0.586" classname="Test_Data_Generation.Add_Tracking_Numbers_To_User"/>
  <testcase name="Add_Tracking_Number" time="0.488" classname="Test_Data_Generation.Add_Tracking_Numbers_To_User"/>
  <testcase name="Add_Tracking_Number" time="0.595" classname="Test_Data_Generation.Add_Tracking_Numbers_To_User"/>
  <testcase name="Add_Tracking_Number" time="0.583" classname="Test_Data_Generation.Add_Tracking_Numbers_To_User"/>
  <testcase name="Add_Tracking_Number" time="0.551" classname="Test_Data_Generation.Add_Tracking_Numbers_To_User"/>
  <testcase name="Add_Tracking_Number" time="0.605" classname="Test_Data_Generation.Add_Tracking_Numbers_To_User"/>
  <testcase name="Add_Tracking_Number" time="0.566" classname="Test_Data_Generation.Add_Tracking_Numbers_To_User"/>
  <testcase name="Add_Tracking_Number" time="0.616" classname="Test_Data_Generation.Add_Tracking_Numbers_To_User"/>
  <testcase name="Add_Tracking_Number" time="0.786" classname="Test_Data_Generation.Add_Tracking_Numbers_To_User"/>
  <testcase name="Add_Tracking_Number" time="0.529" classname="Test_Data_Generation.Add_Tracking_Numbers_To_User"/>
  <testcase name="Add_Tracking_Number" time="0.577" classname="Test_Data_Generation.Add_Tracking_Numbers_To_User"/>
  <testcase name="Add_Tracking_Number" time="0.575" classname="Test_Data_Generation.Add_Tracking_Numbers_To_User"/>
  <testcase name="Add_Tracking_Number" time="0.468" classname="Test_Data_Generation.Add_Tracking_Numbers_To_User"/>
  <testcase name="Add_Tracking_Number" time="0.574" classname="Test_Data_Generation.Add_Tracking_Numbers_To_User"/>
  <testcase name="Add_Tracking_Number" time="0.511" classname="Test_Data_Generation.Add_Tracking_Numbers_To_User"/>
  <testcase name="Add_Tracking_Number" time="0.476" classname="Test_Data_Generation.Add_Tracking_Numbers_To_User"/>
  <testcase name="Add_Tracking_Number" time="0.505" classname="Test_Data_Generation.Add_Tracking_Numbers_To_User"/>
  <testcase name="Add_Tracking_Number" time="0.543" classname="Test_Data_Generation.Add_Tracking_Numbers_To_User"/>
  <testcase name="Add_Tracking_Number" time="0.548" classname="Test_Data_Generation.Add_Tracking_Numbers_To_User"/>
  <testcase name="Add_Tracking_Number" time="0.557" classname="Test_Data_Generation.Add_Tracking_Numbers_To_User"/>
  <testcase name="Add_Tracking_Number" time="0.534" classname="Test_Data_Generation.Add_Tracking_Numbers_To_User"/>
  <testcase name="Add_Tracking_Number" time="0.498" classname="Test_Data_Generation.Add_Tracking_Numbers_To_User"/>
  <testcase name="Add_Tracking_Number" time="0.770" classname="Test_Data_Generation.Add_Tracking_Numbers_To_User"/>
  <testcase name="Add_Tracking_Number" time="0.503" classname="Test_Data_Generation.Add_Tracking_Numbers_To_User"/>
  <testcase name="Add_Tracking_Number" time="0.547" classname="Test_Data_Generation.Add_Tracking_Numbers_To_User"/>
  <testcase name="Add_Tracking_Number" time="0.662" classname="Test_Data_Generation.Add_Tracking_Numbers_To_User"/>
  <testcase name="Add_Tracking_Number" time="0.554" classname="Test_Data_Generation.Add_Tracking_Numbers_To_User"/>
  <testcase name="Add_Tracking_Number" time="0.487" classname="Test_Data_Generation.Add_Tracking_Numbers_To_User"/>
  <testcase name="Add_Tracking_Number" time="0.582" classname="Test_Data_Generation.Add_Tracking_Numbers_To_User"/>
  <testcase name="Add_Tracking_Number" time="0.672" classname="Test_Data_Generation.Add_Tracking_Numbers_To_User"/>
  <testcase name="Add_Tracking_Number" time="0.504" classname="Test_Data_Generation.Add_Tracking_Numbers_To_User"/>
  <testcase name="Add_Tracking_Number" time="0.455" classname="Test_Data_Generation.Add_Tracking_Numbers_To_User"/>
  <testcase name="Add_Tracking_Number" time="0.527" classname="Test_Data_Generation.Add_Tracking_Numbers_To_User"/>
  <testcase name="Add_Tracking_Number" time="0.502" classname="Test_Data_Generation.Add_Tracking_Numbers_To_User"/>
  <testcase name="Add_Tracking_Number" time="0.748" classname="Test_Data_Generation.Add_Tracking_Numbers_To_User"/>
  <testcase name="Add_Tracking_Number" time="0.555" classname="Test_Data_Generation.Add_Tracking_Numbers_To_User"/>
  <testcase name="Add_Tracking_Number" time="0.554" classname="Test_Data_Generation.Add_Tracking_Numbers_To_User"/>
  <testcase name="Add_Tracking_Number" time="0.500" classname="Test_Data_Generation.Add_Tracking_Numbers_To_User"/>
  <testcase name="Add_Tracking_Number" time="0.520" classname="Test_Data_Generation.Add_Tracking_Numbers_To_User"/>
  <testcase name="Add_Tracking_Number" time="0.068" classname="Test_Data_Generation.Add_Tracking_Numbers_To_User"/>
  <testcase name="Add_Tracking_Number" time="0.593" classname="Test_Data_Generation.Add_Tracking_Numbers_To_User"/>
  <testcase name="Add_Tracking_Number" time="0.711" classname="Test_Data_Generation.Add_Tracking_Numbers_To_User"/>
  <testcase name="Add_Tracking_Number" time="0.465" classname="Test_Data_Generation.Add_Tracking_Numbers_To_User"/>
  <testcase name="Add_Tracking_Number" time="0.443" classname="Test_Data_Generation.Add_Tracking_Numbers_To_User"/>
  <testcase name="Add_Tracking_Number" time="0.567" classname="Test_Data_Generation.Add_Tracking_Numbers_To_User"/>
  <testcase name="Add_Tracking_Number" time="0.536" classname="Test_Data_Generation.Add_Tracking_Numbers_To_User"/>
  <testcase name="Add_Tracking_Number" time="0.493" classname="Test_Data_Generation.Add_Tracking_Numbers_To_User"/>
  <testcase name="Add_Tracking_Number" time="0.517" classname="Test_Data_Generation.Add_Tracking_Numbers_To_User"/>
  <testcase name="Add_Tracking_Number" time="0.476" classname="Test_Data_Generation.Add_Tracking_Numbers_To_User"/>
  <testcase name="Add_Tracking_Number" time="0.586" classname="Test_Data_Generation.Add_Tracking_Numbers_To_User"/>
  <testcase name="Add_Tracking_Number" time="0.456" classname="Test_Data_Generation.Add_Tracking_Numbers_To_User"/>
  <testcase name="Add_Tracking_Number" time="0.526" classname="Test_Data_Generation.Add_Tracking_Numbers_To_User"/>
  <testcase name="Add_Tracking_Number" time="0.945" classname="Test_Data_Generation.Add_Tracking_Numbers_To_User"/>
  <testcase name="Add_Tracking_Number" time="0.543" classname="Test_Data_Generation.Add_Tracking_Numbers_To_User"/>
  <testcase name="Add_Tracking_Number" time="0.560" classname="Test_Data_Generation.Add_Tracking_Numbers_To_User"/>
  <testcase name="Add_Tracking_Number" time="0.695" classname="Test_Data_Generation.Add_Tracking_Numbers_To_User"/>
  <testcase name="Add_Tracking_Number" time="0.719" classname="Test_Data_Generation.Add_Tracking_Numbers_To_User"/>
  <testcase name="Add_Tracking_Number" time="0.666" classname="Test_Data_Generation.Add_Tracking_Numbers_To_User"/>
  <testcase name="Add_Tracking_Number" time="0.399" classname="Test_Data_Generation.Add_Tracking_Numbers_To_User"/>
  <testcase name="Add_Tracking_Number" time="0.050" classname="Test_Data_Generation.Add_Tracking_Numbers_To_User"/>
  <testcase name="Add_Tracking_Number" time="0.553" classname="Test_Data_Generation.Add_Tracking_Numbers_To_User"/>
  <testcase name="Add_Tracking_Number" time="6.332" classname="Test_Data_Generation.Add_Tracking_Numbers_To_User"/>
  <testcase name="Add_Tracking_Number" time="0.576" classname="Test_Data_Generation.Add_Tracking_Numbers_To_User"/>
  <testcase name="Add_Tracking_Number" time="0.550" classname="Test_Data_Generation.Add_Tracking_Numbers_To_User"/>
  <testcase name="Add_Tracking_Number" time="0.513" classname="Test_Data_Generation.Add_Tracking_Numbers_To_User"/>
  <testcase name="Add_Tracking_Number" time="0.773" classname="Test_Data_Generation.Add_Tracking_Numbers_To_User"/>
  <testcase name="Add_Tracking_Number" time="0.487" classname="Test_Data_Generation.Add_Tracking_Numbers_To_User"/>
  <testcase name="Add_Tracking_Number" time="0.110" classname="Test_Data_Generation.Add_Tracking_Numbers_To_User"/>
  <testcase name="Add_Tracking_Number" time="1.185" classname="Test_Data_Generation.Add_Tracking_Numbers_To_User"/>
  <testcase name="Add_Tracking_Number" time="0.596" classname="Test_Data_Generation.Add_Tracking_Numbers_To_User"/>
  <testcase name="Add_Tracking_Number" time="0.510" classname="Test_Data_Generation.Add_Tracking_Numbers_To_User"/>
  <testcase name="Add_Tracking_Number" time="0.336" classname="Test_Data_Generation.Add_Tracking_Numbers_To_User"/>
  <testcase name="Add_Tracking_Number" time="0.490" classname="Test_Data_Generation.Add_Tracking_Numbers_To_User"/>
  <testcase name="Add_Tracking_Number" time="0.521" classname="Test_Data_Generation.Add_Tracking_Numbers_To_User"/>
  <testcase name="Add_Tracking_Number" time="0.575" classname="Test_Data_Generation.Add_Tracking_Numbers_To_User"/>
  <testcase name="Add_Tracking_Number" time="0.482" classname="Test_Data_Generation.Add_Tracking_Numbers_To_User"/>
  <testcase name="Add_Tracking_Number" time="0.564" classname="Test_Data_Generation.Add_Tracking_Numbers_To_User"/>
  <testcase name="Add_Tracking_Number" time="0.423" classname="Test_Data_Generation.Add_Tracking_Numbers_To_User"/>
  <testcase name="Add_Tracking_Number" time="0.515" classname="Test_Data_Generation.Add_Tracking_Numbers_To_User"/>
  <testcase name="Add_Tracking_Number" time="0.567" classname="Test_Data_Generation.Add_Tracking_Numbers_To_User"/>
  <testcase name="Add_Tracking_Number" time="0.529" classname="Test_Data_Generation.Add_Tracking_Numbers_To_User"/>
  <testcase name="Add_Tracking_Number" time="0.632" classname="Test_Data_Generation.Add_Tracking_Numbers_To_User"/>
  <testcase name="Add_Tracking_Number" time="0.557" classname="Test_Data_Generation.Add_Tracking_Numbers_To_User"/>
  <testcase name="Add_Tracking_Number" time="1.044" classname="Test_Data_Generation.Add_Tracking_Numbers_To_User"/>
  <testcase name="Add_Tracking_Number" time="0.450" classname="Test_Data_Generation.Add_Tracking_Numbers_To_User"/>
  <testcase name="Add_Tracking_Number" time="0.770" classname="Test_Data_Generation.Add_Tracking_Numbers_To_User"/>
  <testcase name="Add_Tracking_Number" time="0.516" classname="Test_Data_Generation.Add_Tracking_Numbers_To_User"/>
  <testcase name="Add_Tracking_Number" time="0.671" classname="Test_Data_Generation.Add_Tracking_Numbers_To_User"/>
  <testcase name="Add_Tracking_Number" time="0.657" classname="Test_Data_Generation.Add_Tracking_Numbers_To_User"/>
  <testcase name="Add_Tracking_Number" time="0.561" classname="Test_Data_Generation.Add_Tracking_Numbers_To_User"/>
  <testcase name="Add_Tracking_Number" time="0.494" classname="Test_Data_Generation.Add_Tracking_Numbers_To_User"/>
  <testcase name="Add_Tracking_Number" time="0.467" classname="Test_Data_Generation.Add_Tracking_Numbers_To_User"/>
  <testcase name="Add_Tracking_Number" time="0.668" classname="Test_Data_Generation.Add_Tracking_Numbers_To_User"/>
  <testcase name="Add_Tracking_Number" time="0.502" classname="Test_Data_Generation.Add_Tracking_Numbers_To_User"/>
  <testcase name="Add_Tracking_Number" time="0.593" classname="Test_Data_Generation.Add_Tracking_Numbers_To_User"/>
  <testcase name="Add_Tracking_Number" time="0.532" classname="Test_Data_Generation.Add_Tracking_Numbers_To_User"/>
  <testcase name="Add_Tracking_Number" time="0.498" classname="Test_Data_Generation.Add_Tracking_Numbers_To_User"/>
  <testcase name="Add_Tracking_Number" time="0.546" classname="Test_Data_Generation.Add_Tracking_Numbers_To_User"/>
  <testcase name="Add_Tracking_Number" time="0.726" classname="Test_Data_Generation.Add_Tracking_Numbers_To_User"/>
  <testcase name="Add_Tracking_Number" time="1.210" classname="Test_Data_Generation.Add_Tracking_Numbers_To_User"/>
  <testcase name="Add_Tracking_Number" time="0.586" classname="Test_Data_Generation.Add_Tracking_Numbers_To_User"/>
  <testcase name="Add_Tracking_Number" time="0.623" classname="Test_Data_Generation.Add_Tracking_Numbers_To_User"/>
  <testcase name="Add_Tracking_Number" time="0.601" classname="Test_Data_Generation.Add_Tracking_Numbers_To_User"/>
  <testcase name="Add_Tracking_Number" time="0.527" classname="Test_Data_Generation.Add_Tracking_Numbers_To_User"/>
  <testcase name="Add_Tracking_Number" time="0.537" classname="Test_Data_Generation.Add_Tracking_Numbers_To_User"/>
  <testcase name="Add_Tracking_Number" time="0.524" classname="Test_Data_Generation.Add_Tracking_Numbers_To_User"/>
  <testcase name="Add_Tracking_Number" time="0.496" classname="Test_Data_Generation.Add_Tracking_Numbers_To_User"/>
  <testcase name="Add_Tracking_Number" time="0.460" classname="Test_Data_Generation.Add_Tracking_Numbers_To_User"/>
  <testcase name="Add_Tracking_Number" time="0.547" classname="Test_Data_Generation.Add_Tracking_Numbers_To_User"/>
  <testcase name="Add_Tracking_Number" time="0.558" classname="Test_Data_Generation.Add_Tracking_Numbers_To_User"/>
  <testcase name="Add_Tracking_Number" time="0.611" classname="Test_Data_Generation.Add_Tracking_Numbers_To_User"/>
  <testcase name="Add_Tracking_Number" time="0.723" classname="Test_Data_Generation.Add_Tracking_Numbers_To_User"/>
  <testcase name="Add_Tracking_Number" time="0.570" classname="Test_Data_Generation.Add_Tracking_Numbers_To_User"/>
  <testcase name="Add_Tracking_Number" time="0.611" classname="Test_Data_Generation.Add_Tracking_Numbers_To_User"/>
  <testcase name="Add_Tracking_Number" time="0.475" classname="Test_Data_Generation.Add_Tracking_Numbers_To_User"/>
  <testcase name="Add_Tracking_Number" time="0.515" classname="Test_Data_Generation.Add_Tracking_Numbers_To_User"/>
  <testcase name="Add_Tracking_Number" time="0.434" classname="Test_Data_Generation.Add_Tracking_Numbers_To_User"/>
  <testcase name="Add_Tracking_Number" time="0.454" classname="Test_Data_Generation.Add_Tracking_Numbers_To_User"/>
  <testcase name="Add_Tracking_Number" time="0.630" classname="Test_Data_Generation.Add_Tracking_Numbers_To_User"/>
  <testcase name="Add_Tracking_Number" time="0.596" classname="Test_Data_Generation.Add_Tracking_Numbers_To_User"/>
  <testcase name="Add_Tracking_Number" time="0.567" classname="Test_Data_Generation.Add_Tracking_Numbers_To_User"/>
  <testcase name="Add_Tracking_Number" time="0.542" classname="Test_Data_Generation.Add_Tracking_Numbers_To_User"/>
  <testcase name="Add_Tracking_Number" time="0.507" classname="Test_Data_Generation.Add_Tracking_Numbers_To_User"/>
  <testcase name="Add_Tracking_Number" time="0.534" classname="Test_Data_Generation.Add_Tracking_Numbers_To_User"/>
  <testcase name="Add_Tracking_Number" time="1.058" classname="Test_Data_Generation.Add_Tracking_Numbers_To_User"/>
  <testcase name="Add_Tracking_Number" time="0.604" classname="Test_Data_Generation.Add_Tracking_Numbers_To_User"/>
  <testcase name="Add_Tracking_Number" time="0.524" classname="Test_Data_Generation.Add_Tracking_Numbers_To_User"/>
  <testcase name="Add_Tracking_Number" time="0.571" classname="Test_Data_Generation.Add_Tracking_Numbers_To_User"/>
  <testcase name="Add_Tracking_Number" time="0.616" classname="Test_Data_Generation.Add_Tracking_Numbers_To_User"/>
  <testcase name="Add_Tracking_Number" time="0.515" classname="Test_Data_Generation.Add_Tracking_Numbers_To_User"/>
  <testcase name="Add_Tracking_Number" time="0.295" classname="Test_Data_Generation.Add_Tracking_Numbers_To_User"/>
  <testcase name="Add_Tracking_Number" time="0.472" classname="Test_Data_Generation.Add_Tracking_Numbers_To_User"/>
  <testcase name="Add_Tracking_Number" time="0.784" classname="Test_Data_Generation.Add_Tracking_Numbers_To_User"/>
  <testcase name="Add_Tracking_Number" time="0.607" classname="Test_Data_Generation.Add_Tracking_Numbers_To_User"/>
  <testcase name="Add_Tracking_Number" time="0.462" classname="Test_Data_Generation.Add_Tracking_Numbers_To_User"/>
  <testcase name="Add_Tracking_Number" time="0.524" classname="Test_Data_Generation.Add_Tracking_Numbers_To_User"/>
  <testcase name="Add_Tracking_Number" time="0.564" classname="Test_Data_Generation.Add_Tracking_Numbers_To_User"/>
  <testcase name="Add_Tracking_Number" time="0.593" classname="Test_Data_Generation.Add_Tracking_Numbers_To_User"/>
  <testcase name="Add_Tracking_Number" time="0.495" classname="Test_Data_Generation.Add_Tracking_Numbers_To_User"/>
  <testcase name="Add_Tracking_Number" time="0.512" classname="Test_Data_Generation.Add_Tracking_Numbers_To_User"/>
  <testcase name="Add_Tracking_Number" time="0.641" classname="Test_Data_Generation.Add_Tracking_Numbers_To_User"/>
  <testcase name="Add_Tracking_Number" time="0.527" classname="Test_Data_Generation.Add_Tracking_Numbers_To_User"/>
  <testcase name="Add_Tracking_Number" time="0.458" classname="Test_Data_Generation.Add_Tracking_Numbers_To_User"/>
  <testcase name="Add_Tracking_Number" time="0.550" classname="Test_Data_Generation.Add_Tracking_Numbers_To_User"/>
  <testcase name="Add_Tracking_Number" time="0.636" classname="Test_Data_Generation.Add_Tracking_Numbers_To_User"/>
  <testcase name="Add_Tracking_Number" time="0.533" classname="Test_Data_Generation.Add_Tracking_Numbers_To_User"/>
  <testcase name="Add_Tracking_Number" time="0.616" classname="Test_Data_Generation.Add_Tracking_Numbers_To_User"/>
  <testcase name="Add_Tracking_Number" time="0.583" classname="Test_Data_Generation.Add_Tracking_Numbers_To_User"/>
  <testcase name="Add_Tracking_Number" time="0.476" classname="Test_Data_Generation.Add_Tracking_Numbers_To_User"/>
  <testcase name="Add_Tracking_Number" time="0.579" classname="Test_Data_Generation.Add_Tracking_Numbers_To_User"/>
  <testcase name="Add_Tracking_Number" time="0.526" classname="Test_Data_Generation.Add_Tracking_Numbers_To_User"/>
  <testcase name="Add_Tracking_Number" time="0.571" classname="Test_Data_Generation.Add_Tracking_Numbers_To_User"/>
  <testcase name="Add_Tracking_Number" time="0.648" classname="Test_Data_Generation.Add_Tracking_Numbers_To_User"/>
  <testcase name="Add_Tracking_Number" time="0.675" classname="Test_Data_Generation.Add_Tracking_Numbers_To_User"/>
  <testcase name="Add_Tracking_Number" time="0.543" classname="Test_Data_Generation.Add_Tracking_Numbers_To_User"/>
  <testcase name="Add_Tracking_Number" time="0.521" classname="Test_Data_Generation.Add_Tracking_Numbers_To_User"/>
  <testcase name="Add_Tracking_Number" time="0.542" classname="Test_Data_Generation.Add_Tracking_Numbers_To_User"/>
  <testcase name="Add_Tracking_Number" time="0.502" classname="Test_Data_Generation.Add_Tracking_Numbers_To_User"/>
  <testcase name="Add_Tracking_Number" time="0.753" classname="Test_Data_Generation.Add_Tracking_Numbers_To_User"/>
  <testcase name="Add_Tracking_Number" time="0.552" classname="Test_Data_Generation.Add_Tracking_Numbers_To_User"/>
  <testcase name="Add_Tracking_Number" time="0.438" classname="Test_Data_Generation.Add_Tracking_Numbers_To_User"/>
  <testcase name="Add_Tracking_Number" time="0.511" classname="Test_Data_Generation.Add_Tracking_Numbers_To_User"/>
  <testcase name="Add_Tracking_Number" time="0.553" classname="Test_Data_Generation.Add_Tracking_Numbers_To_User"/>
  <testcase name="Add_Tracking_Number" time="0.445" classname="Test_Data_Generation.Add_Tracking_Numbers_To_User"/>
  <testcase name="Add_Tracking_Number" time="0.058" classname="Test_Data_Generation.Add_Tracking_Numbers_To_User"/>
  <testcase name="Add_Tracking_Number" time="0.504" classname="Test_Data_Generation.Add_Tracking_Numbers_To_User"/>
  <testcase name="Add_Tracking_Number" time="0.467" classname="Test_Data_Generation.Add_Tracking_Numbers_To_User"/>
  <testcase name="Add_Tracking_Number" time="0.475" classname="Test_Data_Generation.Add_Tracking_Numbers_To_User"/>
  <testcase name="Add_Tracking_Number" time="0.564" classname="Test_Data_Generation.Add_Tracking_Numbers_To_User"/>
  <testcase name="Add_Tracking_Number" time="0.493" classname="Test_Data_Generation.Add_Tracking_Numbers_To_User"/>
  <testcase name="Add_Tracking_Number" time="0.474" classname="Test_Data_Generation.Add_Tracking_Numbers_To_User"/>
  <testcase name="Add_Tracking_Number" time="0.530" classname="Test_Data_Generation.Add_Tracking_Numbers_To_User"/>
  <testcase name="Add_Tracking_Number" time="0.728" classname="Test_Data_Generation.Add_Tracking_Numbers_To_User"/>
  <testcase name="Add_Tracking_Number" time="0.527" classname="Test_Data_Generation.Add_Tracking_Numbers_To_User"/>
  <testcase name="Add_Tracking_Number" time="0.485" classname="Test_Data_Generation.Add_Tracking_Numbers_To_User"/>
  <testcase name="Add_Tracking_Number" time="0.671" classname="Test_Data_Generation.Add_Tracking_Numbers_To_User"/>
  <testcase name="Add_Tracking_Number" time="0.580" classname="Test_Data_Generation.Add_Tracking_Numbers_To_User"/>
  <testcase name="Add_Tracking_Number" time="0.681" classname="Test_Data_Generation.Add_Tracking_Numbers_To_User"/>
  <testcase name="Add_Tracking_Number" time="0.496" classname="Test_Data_Generation.Add_Tracking_Numbers_To_User"/>
  <testcase name="Add_Tracking_Number" time="0.479" classname="Test_Data_Generation.Add_Tracking_Numbers_To_User"/>
  <testcase name="Add_Tracking_Number" time="0.486" classname="Test_Data_Generation.Add_Tracking_Numbers_To_User"/>
  <testcase name="Add_Tracking_Number" time="0.607" classname="Test_Data_Generation.Add_Tracking_Numbers_To_User"/>
  <testcase name="Add_Tracking_Number" time="0.542" classname="Test_Data_Generation.Add_Tracking_Numbers_To_User"/>
  <testcase name="Add_Tracking_Number" time="0.650" classname="Test_Data_Generation.Add_Tracking_Numbers_To_User"/>
  <testcase name="Add_Tracking_Number" time="0.533" classname="Test_Data_Generation.Add_Tracking_Numbers_To_User"/>
  <testcase name="Add_Tracking_Number" time="0.539" classname="Test_Data_Generation.Add_Tracking_Numbers_To_User"/>
  <testcase name="Add_Tracking_Number" time="0.649" classname="Test_Data_Generation.Add_Tracking_Numbers_To_User"/>
  <testcase name="Add_Tracking_Number" time="0.623" classname="Test_Data_Generation.Add_Tracking_Numbers_To_User"/>
  <testcase name="Add_Tracking_Number" time="0.601" classname="Test_Data_Generation.Add_Tracking_Numbers_To_User"/>
  <testcase name="Add_Tracking_Number" time="0.714" classname="Test_Data_Generation.Add_Tracking_Numbers_To_User"/>
  <testcase name="Add_Tracking_Number" time="0.509" classname="Test_Data_Generation.Add_Tracking_Numbers_To_User"/>
  <testcase name="Add_Tracking_Number" time="0.497" classname="Test_Data_Generation.Add_Tracking_Numbers_To_User"/>
  <testcase name="Add_Tracking_Number" time="0.549" classname="Test_Data_Generation.Add_Tracking_Numbers_To_User"/>
  <testcase name="Add_Tracking_Number" time="0.653" classname="Test_Data_Generation.Add_Tracking_Numbers_To_User"/>
  <testcase name="Add_Tracking_Number" time="0.510" classname="Test_Data_Generation.Add_Tracking_Numbers_To_User"/>
  <testcase name="Add_Tracking_Number" time="0.597" classname="Test_Data_Generation.Add_Tracking_Numbers_To_User"/>
  <testcase name="Add_Tracking_Number" time="0.678" classname="Test_Data_Generation.Add_Tracking_Numbers_To_User"/>
  <testcase name="Add_Tracking_Number" time="0.477" classname="Test_Data_Generation.Add_Tracking_Numbers_To_User"/>
  <testcase name="Add_Tracking_Number" time="0.520" classname="Test_Data_Generation.Add_Tracking_Numbers_To_User"/>
  <testcase name="Add_Tracking_Number" time="0.501" classname="Test_Data_Generation.Add_Tracking_Numbers_To_User"/>
  <testcase name="Add_Tracking_Number" time="0.557" classname="Test_Data_Generation.Add_Tracking_Numbers_To_User"/>
  <testcase name="Add_Tracking_Number" time="0.601" classname="Test_Data_Generation.Add_Tracking_Numbers_To_User"/>
  <testcase name="Add_Tracking_Number" time="0.488" classname="Test_Data_Generation.Add_Tracking_Numbers_To_User"/>
  <testcase name="Add_Tracking_Number" time="0.499" classname="Test_Data_Generation.Add_Tracking_Numbers_To_User"/>
  <testcase name="Add_Tracking_Number" time="0.589" classname="Test_Data_Generation.Add_Tracking_Numbers_To_User"/>
  <testcase name="Add_Tracking_Number" time="0.539" classname="Test_Data_Generation.Add_Tracking_Numbers_To_User"/>
  <testcase name="Add_Tracking_Number" time="0.817" classname="Test_Data_Generation.Add_Tracking_Numbers_To_User"/>
  <testcase name="Add_Tracking_Number" time="0.512" classname="Test_Data_Generation.Add_Tracking_Numbers_To_User"/>
  <testcase name="Add_Tracking_Number" time="0.573" classname="Test_Data_Generation.Add_Tracking_Numbers_To_User"/>
  <testcase name="Add_Tracking_Number" time="0.488" classname="Test_Data_Generation.Add_Tracking_Numbers_To_User"/>
  <testcase name="Add_Tracking_Number" time="0.587" classname="Test_Data_Generation.Add_Tracking_Numbers_To_User"/>
  <testcase name="Add_Tracking_Number" time="0.507" classname="Test_Data_Generation.Add_Tracking_Numbers_To_User"/>
  <testcase name="Add_Tracking_Number" time="0.569" classname="Test_Data_Generation.Add_Tracking_Numbers_To_User"/>
  <testcase name="Add_Tracking_Number" time="0.564" classname="Test_Data_Generation.Add_Tracking_Numbers_To_User"/>
  <testcase name="Add_Tracking_Number" time="0.496" classname="Test_Data_Generation.Add_Tracking_Numbers_To_User"/>
  <testcase name="Add_Tracking_Number" time="0.524" classname="Test_Data_Generation.Add_Tracking_Numbers_To_User"/>
  <testcase name="Add_Tracking_Number" time="0.561" classname="Test_Data_Generation.Add_Tracking_Numbers_To_User"/>
  <testcase name="Add_Tracking_Number" time="0.542" classname="Test_Data_Generation.Add_Tracking_Numbers_To_User"/>
  <testcase name="Add_Tracking_Number" time="0.441" classname="Test_Data_Generation.Add_Tracking_Numbers_To_User"/>
  <testcase name="Add_Tracking_Number" time="0.502" classname="Test_Data_Generation.Add_Tracking_Numbers_To_User"/>
  <testcase name="Add_Tracking_Number" time="0.514" classname="Test_Data_Generation.Add_Tracking_Numbers_To_User"/>
  <testcase name="Add_Tracking_Number" time="0.546" classname="Test_Data_Generation.Add_Tracking_Numbers_To_User"/>
  <testcase name="Add_Tracking_Number" time="0.459" classname="Test_Data_Generation.Add_Tracking_Numbers_To_User"/>
  <testcase name="Add_Tracking_Number" time="0.567" classname="Test_Data_Generation.Add_Tracking_Numbers_To_User"/>
  <testcase name="Add_Tracking_Number" time="0.680" classname="Test_Data_Generation.Add_Tracking_Numbers_To_User"/>
  <testcase name="Add_Tracking_Number" time="0.660" classname="Test_Data_Generation.Add_Tracking_Numbers_To_User"/>
  <testcase name="Add_Tracking_Number" time="0.561" classname="Test_Data_Generation.Add_Tracking_Numbers_To_User"/>
  <testcase name="Add_Tracking_Number" time="0.552" classname="Test_Data_Generation.Add_Tracking_Numbers_To_User"/>
  <testcase name="Add_Tracking_Number" time="0.550" classname="Test_Data_Generation.Add_Tracking_Numbers_To_User"/>
  <testcase name="Add_Tracking_Number" time="0.490" classname="Test_Data_Generation.Add_Tracking_Numbers_To_User"/>
  <testcase name="Add_Tracking_Number" time="0.721" classname="Test_Data_Generation.Add_Tracking_Numbers_To_User"/>
  <testcase name="Add_Tracking_Number" time="0.731" classname="Test_Data_Generation.Add_Tracking_Numbers_To_User"/>
  <testcase name="Add_Tracking_Number" time="0.554" classname="Test_Data_Generation.Add_Tracking_Numbers_To_User"/>
  <testcase name="Add_Tracking_Number" time="0.508" classname="Test_Data_Generation.Add_Tracking_Numbers_To_User"/>
  <testcase name="Add_Tracking_Number" time="0.516" classname="Test_Data_Generation.Add_Tracking_Numbers_To_User"/>
  <testcase name="Add_Tracking_Number" time="0.585" classname="Test_Data_Generation.Add_Tracking_Numbers_To_User"/>
  <testcase name="Add_Tracking_Number" time="0.508" classname="Test_Data_Generation.Add_Tracking_Numbers_To_User"/>
  <testcase name="Add_Tracking_Number" time="0.837" classname="Test_Data_Generation.Add_Tracking_Numbers_To_User"/>
  <testcase name="Add_Tracking_Number" time="0.612" classname="Test_Data_Generation.Add_Tracking_Numbers_To_User"/>
  <testcase name="Add_Tracking_Number" time="0.590" classname="Test_Data_Generation.Add_Tracking_Numbers_To_User"/>
  <testcase name="Add_Tracking_Number" time="0.512" classname="Test_Data_Generation.Add_Tracking_Numbers_To_User"/>
  <testcase name="Add_Tracking_Number" time="0.647" classname="Test_Data_Generation.Add_Tracking_Numbers_To_User"/>
  <testcase name="Add_Tracking_Number" time="0.549" classname="Test_Data_Generation.Add_Tracking_Numbers_To_User"/>
  <testcase name="Add_Tracking_Number" time="0.728" classname="Test_Data_Generation.Add_Tracking_Numbers_To_User"/>
  <testcase name="Add_Tracking_Number" time="0.562" classname="Test_Data_Generation.Add_Tracking_Numbers_To_User"/>
  <testcase name="Add_Tracking_Number" time="0.566" classname="Test_Data_Generation.Add_Tracking_Numbers_To_User"/>
  <testcase name="Add_Tracking_Number" time="0.426" classname="Test_Data_Generation.Add_Tracking_Numbers_To_User"/>
  <testcase name="Add_Tracking_Number" time="0.523" classname="Test_Data_Generation.Add_Tracking_Numbers_To_User"/>
  <testcase name="Add_Tracking_Number" time="0.597" classname="Test_Data_Generation.Add_Tracking_Numbers_To_User"/>
  <testcase name="Add_Tracking_Number" time="0.791" classname="Test_Data_Generation.Add_Tracking_Numbers_To_User"/>
  <testcase name="Add_Tracking_Number" time="0.513" classname="Test_Data_Generation.Add_Tracking_Numbers_To_User"/>
  <testcase name="Add_Tracking_Number" time="0.614" classname="Test_Data_Generation.Add_Tracking_Numbers_To_User"/>
  <testcase name="Add_Tracking_Number" time="0.504" classname="Test_Data_Generation.Add_Tracking_Numbers_To_User"/>
  <testcase name="Add_Tracking_Number" time="0.468" classname="Test_Data_Generation.Add_Tracking_Numbers_To_User"/>
  <testcase name="Add_Tracking_Number" time="0.754" classname="Test_Data_Generation.Add_Tracking_Numbers_To_User"/>
  <testcase name="Add_Tracking_Number" time="0.587" classname="Test_Data_Generation.Add_Tracking_Numbers_To_User"/>
  <testcase name="Add_Tracking_Number" time="0.694" classname="Test_Data_Generation.Add_Tracking_Numbers_To_User"/>
  <testcase name="Add_Tracking_Number" time="0.565" classname="Test_Data_Generation.Add_Tracking_Numbers_To_User"/>
  <testcase name="Add_Tracking_Number" time="0.796" classname="Test_Data_Generation.Add_Tracking_Numbers_To_User"/>
  <testcase name="Add_Tracking_Number" time="0.521" classname="Test_Data_Generation.Add_Tracking_Numbers_To_User"/>
  <testcase name="Add_Tracking_Number" time="1.007" classname="Test_Data_Generation.Add_Tracking_Numbers_To_User"/>
  <testcase name="Add_Tracking_Number" time="0.494" classname="Test_Data_Generation.Add_Tracking_Numbers_To_User"/>
  <testcase name="Add_Tracking_Number" time="0.436" classname="Test_Data_Generation.Add_Tracking_Numbers_To_User"/>
  <testcase name="Add_Tracking_Number" time="0.529" classname="Test_Data_Generation.Add_Tracking_Numbers_To_User"/>
  <testcase name="Add_Tracking_Number" time="0.508" classname="Test_Data_Generation.Add_Tracking_Numbers_To_User"/>
  <testcase name="Add_Tracking_Number" time="0.482" classname="Test_Data_Generation.Add_Tracking_Numbers_To_User"/>
  <testcase name="Add_Tracking_Number" time="0.798" classname="Test_Data_Generation.Add_Tracking_Numbers_To_User"/>
  <testcase name="Add_Tracking_Number" time="0.517" classname="Test_Data_Generation.Add_Tracking_Numbers_To_User"/>
  <testcase name="Add_Tracking_Number" time="0.630" classname="Test_Data_Generation.Add_Tracking_Numbers_To_User"/>
  <testcase name="Add_Tracking_Number" time="0.496" classname="Test_Data_Generation.Add_Tracking_Numbers_To_User"/>
  <testcase name="Add_Tracking_Number" time="0.449" classname="Test_Data_Generation.Add_Tracking_Numbers_To_User"/>
  <testcase name="Add_Tracking_Number" time="0.490" classname="Test_Data_Generation.Add_Tracking_Numbers_To_User"/>
  <testcase name="Add_Tracking_Number" time="0.526" classname="Test_Data_Generation.Add_Tracking_Numbers_To_User"/>
  <testcase name="Add_Tracking_Number" time="0.525" classname="Test_Data_Generation.Add_Tracking_Numbers_To_User"/>
  <testcase name="Add_Tracking_Number" time="0.639" classname="Test_Data_Generation.Add_Tracking_Numbers_To_User"/>
  <testcase name="Add_Tracking_Number" time="0.471" classname="Test_Data_Generation.Add_Tracking_Numbers_To_User"/>
  <testcase name="Add_Tracking_Number" time="0.482" classname="Test_Data_Generation.Add_Tracking_Numbers_To_User"/>
  <testcase name="Add_Tracking_Number" time="0.742" classname="Test_Data_Generation.Add_Tracking_Numbers_To_User"/>
  <testcase name="Add_Tracking_Number" time="0.598" classname="Test_Data_Generation.Add_Tracking_Numbers_To_User"/>
  <testcase name="Add_Tracking_Number" time="0.656" classname="Test_Data_Generation.Add_Tracking_Numbers_To_User"/>
  <testcase name="Add_Tracking_Number" time="0.512" classname="Test_Data_Generation.Add_Tracking_Numbers_To_User"/>
  <testcase name="Add_Tracking_Number" time="0.440" classname="Test_Data_Generation.Add_Tracking_Numbers_To_User">
    <failure type="java.lang.AssertionError" message="
Expected: a string containing &quot;{\&quot;successful\&quot;:true&quot;
     but: was &quot;{&quot;ShipmentOptionResponse&quot;:{&quot;successful&quot;:false,&quot;errorList&quot;:[{&quot;code&quot;:&quot;2997&quot;,&quot;message&quot;:&quot;TRAQS connection/request problem&quot;,&quot;source&quot;:null,&quot;rootCause&quot;:null}],&quot;alerts&quot;:null,&quot;cxsalerts&quot;:null}}&quot;">
      <![CDATA[java.lang.AssertionError: 
Expected: a string containing "{\"successful\":true"
     but: was "{"ShipmentOptionResponse":{"successful":false,"errorList":[{"code":"2997","message":"TRAQS connection/request problem","source":null,"rootCause":null}],"alerts":null,"cxsalerts":null}}"
at org.hamcrest.MatcherAssert.assertThat(MatcherAssert.java:20)
at org.junit.Assert.assertThat(Assert.java:956)
at org.junit.Assert.assertThat(Assert.java:923)
at Test_Data_Generation.Add_Tracking_Numbers_To_User.Add_Tracking_Number(Add_Tracking_Numbers_To_User.java:69)
at sun.reflect.GeneratedMethodAccessor2.invoke(Unknown Source)
at sun.reflect.DelegatingMethodAccessorImpl.invoke(Unknown Source)
at java.lang.reflect.Method.invoke(Unknown Source)
at org.testng.internal.MethodInvocationHelper.invokeMethod(MethodInvocationHelper.java:124)
at org.testng.internal.Invoker.invokeMethod(Invoker.java:580)
at org.testng.internal.Invoker.invokeTestMethod(Invoker.java:716)
at org.testng.internal.TestMethodWithDataProviderMethodWorker.call(TestMethodWithDataProviderMethodWorker.java:71)
at org.testng.internal.TestMethodWithDataProviderMethodWorker.call(TestMethodWithDataProviderMethodWorker.java:14)
at java.util.concurrent.FutureTask.run(Unknown Source)
at java.util.concurrent.Executors$RunnableAdapter.call(Unknown Source)
at java.util.concurrent.FutureTask.run(Unknown Source)
at java.util.concurrent.ThreadPoolExecutor.runWorker(Unknown Source)
at java.util.concurrent.ThreadPoolExecutor$Worker.run(Unknown Source)
at java.lang.Thread.run(Unknown Source)
]]>
    </failure>
  </testcase> <!-- Add_Tracking_Number -->
  <testcase name="Add_Tracking_Number" time="0.554" classname="Test_Data_Generation.Add_Tracking_Numbers_To_User"/>
  <testcase name="Add_Tracking_Number" time="0.298" classname="Test_Data_Generation.Add_Tracking_Numbers_To_User"/>
  <testcase name="Add_Tracking_Number" time="0.394" classname="Test_Data_Generation.Add_Tracking_Numbers_To_User"/>
  <testcase name="Add_Tracking_Number" time="0.542" classname="Test_Data_Generation.Add_Tracking_Numbers_To_User"/>
  <testcase name="Add_Tracking_Number" time="0.436" classname="Test_Data_Generation.Add_Tracking_Numbers_To_User"/>
  <testcase name="Add_Tracking_Number" time="0.456" classname="Test_Data_Generation.Add_Tracking_Numbers_To_User"/>
  <testcase name="Add_Tracking_Number" time="0.541" classname="Test_Data_Generation.Add_Tracking_Numbers_To_User"/>
  <testcase name="Add_Tracking_Number" time="0.515" classname="Test_Data_Generation.Add_Tracking_Numbers_To_User"/>
  <testcase name="Add_Tracking_Number" time="0.484" classname="Test_Data_Generation.Add_Tracking_Numbers_To_User"/>
  <testcase name="Add_Tracking_Number" time="0.498" classname="Test_Data_Generation.Add_Tracking_Numbers_To_User"/>
  <testcase name="Add_Tracking_Number" time="0.579" classname="Test_Data_Generation.Add_Tracking_Numbers_To_User"/>
  <testcase name="Add_Tracking_Number" time="0.527" classname="Test_Data_Generation.Add_Tracking_Numbers_To_User"/>
  <testcase name="Add_Tracking_Number" time="0.545" classname="Test_Data_Generation.Add_Tracking_Numbers_To_User"/>
  <testcase name="Add_Tracking_Number" time="0.673" classname="Test_Data_Generation.Add_Tracking_Numbers_To_User"/>
  <testcase name="Add_Tracking_Number" time="0.564" classname="Test_Data_Generation.Add_Tracking_Numbers_To_User"/>
  <testcase name="Add_Tracking_Number" time="0.709" classname="Test_Data_Generation.Add_Tracking_Numbers_To_User"/>
  <testcase name="Add_Tracking_Number" time="0.567" classname="Test_Data_Generation.Add_Tracking_Numbers_To_User"/>
  <testcase name="Add_Tracking_Number" time="0.545" classname="Test_Data_Generation.Add_Tracking_Numbers_To_User"/>
  <testcase name="Add_Tracking_Number" time="0.532" classname="Test_Data_Generation.Add_Tracking_Numbers_To_User"/>
  <testcase name="Add_Tracking_Number" time="0.595" classname="Test_Data_Generation.Add_Tracking_Numbers_To_User"/>
  <testcase name="Add_Tracking_Number" time="0.644" classname="Test_Data_Generation.Add_Tracking_Numbers_To_User"/>
  <testcase name="Add_Tracking_Number" time="0.778" classname="Test_Data_Generation.Add_Tracking_Numbers_To_User"/>
  <testcase name="Add_Tracking_Number" time="0.132" classname="Test_Data_Generation.Add_Tracking_Numbers_To_User"/>
  <testcase name="Add_Tracking_Number" time="0.455" classname="Test_Data_Generation.Add_Tracking_Numbers_To_User"/>
  <testcase name="Add_Tracking_Number" time="0.609" classname="Test_Data_Generation.Add_Tracking_Numbers_To_User"/>
  <testcase name="Add_Tracking_Number" time="0.468" classname="Test_Data_Generation.Add_Tracking_Numbers_To_User">
    <failure type="java.lang.AssertionError" message="
Expected: a string containing &quot;{\&quot;successful\&quot;:true&quot;
     but: was &quot;{&quot;ShipmentOptionResponse&quot;:{&quot;successful&quot;:false,&quot;errorList&quot;:[{&quot;code&quot;:&quot;2997&quot;,&quot;message&quot;:&quot;TRAQS connection/request problem&quot;,&quot;source&quot;:null,&quot;rootCause&quot;:null}],&quot;alerts&quot;:null,&quot;cxsalerts&quot;:null}}&quot;">
      <![CDATA[java.lang.AssertionError: 
Expected: a string containing "{\"successful\":true"
     but: was "{"ShipmentOptionResponse":{"successful":false,"errorList":[{"code":"2997","message":"TRAQS connection/request problem","source":null,"rootCause":null}],"alerts":null,"cxsalerts":null}}"
at org.hamcrest.MatcherAssert.assertThat(MatcherAssert.java:20)
at org.junit.Assert.assertThat(Assert.java:956)
at org.junit.Assert.assertThat(Assert.java:923)
at Test_Data_Generation.Add_Tracking_Numbers_To_User.Add_Tracking_Number(Add_Tracking_Numbers_To_User.java:69)
at sun.reflect.GeneratedMethodAccessor2.invoke(Unknown Source)
at sun.reflect.DelegatingMethodAccessorImpl.invoke(Unknown Source)
at java.lang.reflect.Method.invoke(Unknown Source)
at org.testng.internal.MethodInvocationHelper.invokeMethod(MethodInvocationHelper.java:124)
at org.testng.internal.Invoker.invokeMethod(Invoker.java:580)
at org.testng.internal.Invoker.invokeTestMethod(Invoker.java:716)
at org.testng.internal.TestMethodWithDataProviderMethodWorker.call(TestMethodWithDataProviderMethodWorker.java:71)
at org.testng.internal.TestMethodWithDataProviderMethodWorker.call(TestMethodWithDataProviderMethodWorker.java:14)
at java.util.concurrent.FutureTask.run(Unknown Source)
at java.util.concurrent.Executors$RunnableAdapter.call(Unknown Source)
at java.util.concurrent.FutureTask.run(Unknown Source)
at java.util.concurrent.ThreadPoolExecutor.runWorker(Unknown Source)
at java.util.concurrent.ThreadPoolExecutor$Worker.run(Unknown Source)
at java.lang.Thread.run(Unknown Source)
]]>
    </failure>
  </testcase> <!-- Add_Tracking_Number -->
  <testcase name="Add_Tracking_Number" time="0.648" classname="Test_Data_Generation.Add_Tracking_Numbers_To_User"/>
  <testcase name="Add_Tracking_Number" time="0.501" classname="Test_Data_Generation.Add_Tracking_Numbers_To_User"/>
  <testcase name="Add_Tracking_Number" time="0.562" classname="Test_Data_Generation.Add_Tracking_Numbers_To_User"/>
  <testcase name="Add_Tracking_Number" time="0.438" classname="Test_Data_Generation.Add_Tracking_Numbers_To_User"/>
  <testcase name="Add_Tracking_Number" time="0.423" classname="Test_Data_Generation.Add_Tracking_Numbers_To_User"/>
  <testcase name="Add_Tracking_Number" time="0.579" classname="Test_Data_Generation.Add_Tracking_Numbers_To_User"/>
  <testcase name="Add_Tracking_Number" time="0.523" classname="Test_Data_Generation.Add_Tracking_Numbers_To_User"/>
  <testcase name="Add_Tracking_Number" time="0.476" classname="Test_Data_Generation.Add_Tracking_Numbers_To_User"/>
  <testcase name="Add_Tracking_Number" time="0.613" classname="Test_Data_Generation.Add_Tracking_Numbers_To_User"/>
  <testcase name="Add_Tracking_Number" time="0.521" classname="Test_Data_Generation.Add_Tracking_Numbers_To_User"/>
  <testcase name="Add_Tracking_Number" time="0.217" classname="Test_Data_Generation.Add_Tracking_Numbers_To_User"/>
  <testcase name="Add_Tracking_Number" time="0.547" classname="Test_Data_Generation.Add_Tracking_Numbers_To_User"/>
  <testcase name="Add_Tracking_Number" time="0.500" classname="Test_Data_Generation.Add_Tracking_Numbers_To_User"/>
  <testcase name="Add_Tracking_Number" time="0.446" classname="Test_Data_Generation.Add_Tracking_Numbers_To_User"/>
  <testcase name="Add_Tracking_Number" time="0.584" classname="Test_Data_Generation.Add_Tracking_Numbers_To_User"/>
  <testcase name="Add_Tracking_Number" time="0.561" classname="Test_Data_Generation.Add_Tracking_Numbers_To_User"/>
  <testcase name="Add_Tracking_Number" time="0.478" classname="Test_Data_Generation.Add_Tracking_Numbers_To_User"/>
  <testcase name="Add_Tracking_Number" time="0.560" classname="Test_Data_Generation.Add_Tracking_Numbers_To_User"/>
  <testcase name="Add_Tracking_Number" time="0.457" classname="Test_Data_Generation.Add_Tracking_Numbers_To_User"/>
  <testcase name="Add_Tracking_Number" time="0.459" classname="Test_Data_Generation.Add_Tracking_Numbers_To_User"/>
  <testcase name="Add_Tracking_Number" time="0.551" classname="Test_Data_Generation.Add_Tracking_Numbers_To_User"/>
  <testcase name="Add_Tracking_Number" time="0.592" classname="Test_Data_Generation.Add_Tracking_Numbers_To_User"/>
  <testcase name="Add_Tracking_Number" time="0.624" classname="Test_Data_Generation.Add_Tracking_Numbers_To_User"/>
  <testcase name="Add_Tracking_Number" time="0.458" classname="Test_Data_Generation.Add_Tracking_Numbers_To_User"/>
  <testcase name="Add_Tracking_Number" time="0.749" classname="Test_Data_Generation.Add_Tracking_Numbers_To_User"/>
  <testcase name="Add_Tracking_Number" time="0.669" classname="Test_Data_Generation.Add_Tracking_Numbers_To_User"/>
  <testcase name="Add_Tracking_Number" time="0.551" classname="Test_Data_Generation.Add_Tracking_Numbers_To_User"/>
  <testcase name="Add_Tracking_Number" time="0.572" classname="Test_Data_Generation.Add_Tracking_Numbers_To_User"/>
  <testcase name="Add_Tracking_Number" time="0.524" classname="Test_Data_Generation.Add_Tracking_Numbers_To_User"/>
  <testcase name="Add_Tracking_Number" time="0.533" classname="Test_Data_Generation.Add_Tracking_Numbers_To_User"/>
  <testcase name="Add_Tracking_Number" time="0.544" classname="Test_Data_Generation.Add_Tracking_Numbers_To_User"/>
  <testcase name="Add_Tracking_Number" time="0.489" classname="Test_Data_Generation.Add_Tracking_Numbers_To_User"/>
  <testcase name="Add_Tracking_Number" time="0.563" classname="Test_Data_Generation.Add_Tracking_Numbers_To_User"/>
  <testcase name="Add_Tracking_Number" time="0.349" classname="Test_Data_Generation.Add_Tracking_Numbers_To_User"/>
  <testcase name="Add_Tracking_Number" time="0.659" classname="Test_Data_Generation.Add_Tracking_Numbers_To_User"/>
  <testcase name="Add_Tracking_Number" time="0.538" classname="Test_Data_Generation.Add_Tracking_Numbers_To_User"/>
  <testcase name="Add_Tracking_Number" time="0.627" classname="Test_Data_Generation.Add_Tracking_Numbers_To_User"/>
  <testcase name="Add_Tracking_Number" time="0.545" classname="Test_Data_Generation.Add_Tracking_Numbers_To_User"/>
  <testcase name="Add_Tracking_Number" time="0.566" classname="Test_Data_Generation.Add_Tracking_Numbers_To_User"/>
  <testcase name="Add_Tracking_Number" time="0.531" classname="Test_Data_Generation.Add_Tracking_Numbers_To_User"/>
  <testcase name="Add_Tracking_Number" time="0.513" classname="Test_Data_Generation.Add_Tracking_Numbers_To_User"/>
  <testcase name="Add_Tracking_Number" time="0.609" classname="Test_Data_Generation.Add_Tracking_Numbers_To_User"/>
  <testcase name="Add_Tracking_Number" time="0.641" classname="Test_Data_Generation.Add_Tracking_Numbers_To_User"/>
  <testcase name="Add_Tracking_Number" time="0.527" classname="Test_Data_Generation.Add_Tracking_Numbers_To_User"/>
  <testcase name="Add_Tracking_Number" time="0.520" classname="Test_Data_Generation.Add_Tracking_Numbers_To_User"/>
  <testcase name="Add_Tracking_Number" time="0.630" classname="Test_Data_Generation.Add_Tracking_Numbers_To_User"/>
  <testcase name="Add_Tracking_Number" time="0.594" classname="Test_Data_Generation.Add_Tracking_Numbers_To_User"/>
  <testcase name="Add_Tracking_Number" time="0.552" classname="Test_Data_Generation.Add_Tracking_Numbers_To_User"/>
  <testcase name="Add_Tracking_Number" time="0.560" classname="Test_Data_Generation.Add_Tracking_Numbers_To_User"/>
  <testcase name="Add_Tracking_Number" time="0.567" classname="Test_Data_Generation.Add_Tracking_Numbers_To_User"/>
  <testcase name="Add_Tracking_Number" time="0.655" classname="Test_Data_Generation.Add_Tracking_Numbers_To_User"/>
  <testcase name="Add_Tracking_Number" time="0.486" classname="Test_Data_Generation.Add_Tracking_Numbers_To_User"/>
  <testcase name="Add_Tracking_Number" time="0.583" classname="Test_Data_Generation.Add_Tracking_Numbers_To_User"/>
  <testcase name="Add_Tracking_Number" time="0.587" classname="Test_Data_Generation.Add_Tracking_Numbers_To_User"/>
  <testcase name="Add_Tracking_Number" time="0.583" classname="Test_Data_Generation.Add_Tracking_Numbers_To_User"/>
  <testcase name="Add_Tracking_Number" time="0.558" classname="Test_Data_Generation.Add_Tracking_Numbers_To_User"/>
  <testcase name="Add_Tracking_Number" time="0.537" classname="Test_Data_Generation.Add_Tracking_Numbers_To_User"/>
  <testcase name="Add_Tracking_Number" time="0.495" classname="Test_Data_Generation.Add_Tracking_Numbers_To_User"/>
  <testcase name="Add_Tracking_Number" time="0.576" classname="Test_Data_Generation.Add_Tracking_Numbers_To_User"/>
  <testcase name="Add_Tracking_Number" time="0.517" classname="Test_Data_Generation.Add_Tracking_Numbers_To_User"/>
  <testcase name="Add_Tracking_Number" time="0.848" classname="Test_Data_Generation.Add_Tracking_Numbers_To_User"/>
  <testcase name="Add_Tracking_Number" time="0.578" classname="Test_Data_Generation.Add_Tracking_Numbers_To_User"/>
  <testcase name="Add_Tracking_Number" time="0.497" classname="Test_Data_Generation.Add_Tracking_Numbers_To_User"/>
  <testcase name="Add_Tracking_Number" time="0.548" classname="Test_Data_Generation.Add_Tracking_Numbers_To_User"/>
  <testcase name="Add_Tracking_Number" time="0.595" classname="Test_Data_Generation.Add_Tracking_Numbers_To_User"/>
  <testcase name="Add_Tracking_Number" time="0.576" classname="Test_Data_Generation.Add_Tracking_Numbers_To_User"/>
  <testcase name="Add_Tracking_Number" time="0.468" classname="Test_Data_Generation.Add_Tracking_Numbers_To_User"/>
  <testcase name="Add_Tracking_Number" time="0.665" classname="Test_Data_Generation.Add_Tracking_Numbers_To_User"/>
  <testcase name="Add_Tracking_Number" time="0.551" classname="Test_Data_Generation.Add_Tracking_Numbers_To_User"/>
  <testcase name="Add_Tracking_Number" time="0.546" classname="Test_Data_Generation.Add_Tracking_Numbers_To_User"/>
  <testcase name="Add_Tracking_Number" time="0.580" classname="Test_Data_Generation.Add_Tracking_Numbers_To_User"/>
  <testcase name="Add_Tracking_Number" time="0.563" classname="Test_Data_Generation.Add_Tracking_Numbers_To_User"/>
  <testcase name="Add_Tracking_Number" time="0.567" classname="Test_Data_Generation.Add_Tracking_Numbers_To_User"/>
  <testcase name="Add_Tracking_Number" time="0.463" classname="Test_Data_Generation.Add_Tracking_Numbers_To_User"/>
  <testcase name="Add_Tracking_Number" time="0.503" classname="Test_Data_Generation.Add_Tracking_Numbers_To_User"/>
  <testcase name="Add_Tracking_Number" time="0.544" classname="Test_Data_Generation.Add_Tracking_Numbers_To_User"/>
  <testcase name="Add_Tracking_Number" time="0.499" classname="Test_Data_Generation.Add_Tracking_Numbers_To_User"/>
  <testcase name="Add_Tracking_Number" time="0.500" classname="Test_Data_Generation.Add_Tracking_Numbers_To_User"/>
  <testcase name="Add_Tracking_Number" time="0.620" classname="Test_Data_Generation.Add_Tracking_Numbers_To_User"/>
  <testcase name="Add_Tracking_Number" time="0.449" classname="Test_Data_Generation.Add_Tracking_Numbers_To_User"/>
  <testcase name="Add_Tracking_Number" time="0.682" classname="Test_Data_Generation.Add_Tracking_Numbers_To_User"/>
  <testcase name="Add_Tracking_Number" time="0.809" classname="Test_Data_Generation.Add_Tracking_Numbers_To_User"/>
  <testcase name="Add_Tracking_Number" time="0.764" classname="Test_Data_Generation.Add_Tracking_Numbers_To_User"/>
  <testcase name="Add_Tracking_Number" time="0.659" classname="Test_Data_Generation.Add_Tracking_Numbers_To_User"/>
  <testcase name="Add_Tracking_Number" time="0.598" classname="Test_Data_Generation.Add_Tracking_Numbers_To_User"/>
  <testcase name="Add_Tracking_Number" time="0.638" classname="Test_Data_Generation.Add_Tracking_Numbers_To_User"/>
  <testcase name="Add_Tracking_Number" time="0.678" classname="Test_Data_Generation.Add_Tracking_Numbers_To_User"/>
  <testcase name="Add_Tracking_Number" time="0.500" classname="Test_Data_Generation.Add_Tracking_Numbers_To_User"/>
  <testcase name="Add_Tracking_Number" time="0.929" classname="Test_Data_Generation.Add_Tracking_Numbers_To_User"/>
  <testcase name="Add_Tracking_Number" time="0.597" classname="Test_Data_Generation.Add_Tracking_Numbers_To_User"/>
  <testcase name="Add_Tracking_Number" time="0.511" classname="Test_Data_Generation.Add_Tracking_Numbers_To_User"/>
  <testcase name="Add_Tracking_Number" time="0.607" classname="Test_Data_Generation.Add_Tracking_Numbers_To_User"/>
  <testcase name="Add_Tracking_Number" time="0.522" classname="Test_Data_Generation.Add_Tracking_Numbers_To_User"/>
  <testcase name="Add_Tracking_Number" time="0.473" classname="Test_Data_Generation.Add_Tracking_Numbers_To_User"/>
  <testcase name="Add_Tracking_Number" time="0.681" classname="Test_Data_Generation.Add_Tracking_Numbers_To_User"/>
  <testcase name="Add_Tracking_Number" time="0.545" classname="Test_Data_Generation.Add_Tracking_Numbers_To_User"/>
  <testcase name="Add_Tracking_Number" time="0.616" classname="Test_Data_Generation.Add_Tracking_Numbers_To_User"/>
  <testcase name="Add_Tracking_Number" time="0.484" classname="Test_Data_Generation.Add_Tracking_Numbers_To_User"/>
  <testcase name="Add_Tracking_Number" time="0.536" classname="Test_Data_Generation.Add_Tracking_Numbers_To_User"/>
  <testcase name="Add_Tracking_Number" time="0.579" classname="Test_Data_Generation.Add_Tracking_Numbers_To_User"/>
  <testcase name="Add_Tracking_Number" time="0.509" classname="Test_Data_Generation.Add_Tracking_Numbers_To_User"/>
  <testcase name="Add_Tracking_Number" time="0.516" classname="Test_Data_Generation.Add_Tracking_Numbers_To_User"/>
  <testcase name="Add_Tracking_Number" time="0.591" classname="Test_Data_Generation.Add_Tracking_Numbers_To_User"/>
  <testcase name="Add_Tracking_Number" time="0.491" classname="Test_Data_Generation.Add_Tracking_Numbers_To_User"/>
  <testcase name="Add_Tracking_Number" time="0.583" classname="Test_Data_Generation.Add_Tracking_Numbers_To_User"/>
  <testcase name="Add_Tracking_Number" time="0.610" classname="Test_Data_Generation.Add_Tracking_Numbers_To_User"/>
  <testcase name="Add_Tracking_Number" time="0.533" classname="Test_Data_Generation.Add_Tracking_Numbers_To_User"/>
  <testcase name="Add_Tracking_Number" time="0.510" classname="Test_Data_Generation.Add_Tracking_Numbers_To_User"/>
  <testcase name="Add_Tracking_Number" time="0.538" classname="Test_Data_Generation.Add_Tracking_Numbers_To_User"/>
  <testcase name="Add_Tracking_Number" time="0.539" classname="Test_Data_Generation.Add_Tracking_Numbers_To_User"/>
  <testcase name="Add_Tracking_Number" time="0.549" classname="Test_Data_Generation.Add_Tracking_Numbers_To_User"/>
  <testcase name="Add_Tracking_Number" time="6.194" classname="Test_Data_Generation.Add_Tracking_Numbers_To_User"/>
  <testcase name="Add_Tracking_Number" time="0.582" classname="Test_Data_Generation.Add_Tracking_Numbers_To_User"/>
  <testcase name="Add_Tracking_Number" time="0.492" classname="Test_Data_Generation.Add_Tracking_Numbers_To_User"/>
  <testcase name="Add_Tracking_Number" time="0.616" classname="Test_Data_Generation.Add_Tracking_Numbers_To_User"/>
  <testcase name="Add_Tracking_Number" time="0.565" classname="Test_Data_Generation.Add_Tracking_Numbers_To_User"/>
  <testcase name="Add_Tracking_Number" time="0.498" classname="Test_Data_Generation.Add_Tracking_Numbers_To_User"/>
  <testcase name="Add_Tracking_Number" time="0.503" classname="Test_Data_Generation.Add_Tracking_Numbers_To_User"/>
  <testcase name="Add_Tracking_Number" time="0.486" classname="Test_Data_Generation.Add_Tracking_Numbers_To_User"/>
  <testcase name="Add_Tracking_Number" time="0.836" classname="Test_Data_Generation.Add_Tracking_Numbers_To_User"/>
  <testcase name="Add_Tracking_Number" time="0.498" classname="Test_Data_Generation.Add_Tracking_Numbers_To_User"/>
  <testcase name="Add_Tracking_Number" time="0.568" classname="Test_Data_Generation.Add_Tracking_Numbers_To_User"/>
  <testcase name="Add_Tracking_Number" time="0.731" classname="Test_Data_Generation.Add_Tracking_Numbers_To_User"/>
  <testcase name="Add_Tracking_Number" time="0.491" classname="Test_Data_Generation.Add_Tracking_Numbers_To_User"/>
  <testcase name="Add_Tracking_Number" time="0.564" classname="Test_Data_Generation.Add_Tracking_Numbers_To_User"/>
  <testcase name="Add_Tracking_Number" time="0.522" classname="Test_Data_Generation.Add_Tracking_Numbers_To_User"/>
  <testcase name="Add_Tracking_Number" time="0.550" classname="Test_Data_Generation.Add_Tracking_Numbers_To_User"/>
  <testcase name="Add_Tracking_Number" time="0.736" classname="Test_Data_Generation.Add_Tracking_Numbers_To_User"/>
  <testcase name="Add_Tracking_Number" time="0.487" classname="Test_Data_Generation.Add_Tracking_Numbers_To_User"/>
  <testcase name="Add_Tracking_Number" time="0.439" classname="Test_Data_Generation.Add_Tracking_Numbers_To_User"/>
  <testcase name="Add_Tracking_Number" time="0.525" classname="Test_Data_Generation.Add_Tracking_Numbers_To_User"/>
  <testcase name="Add_Tracking_Number" time="0.558" classname="Test_Data_Generation.Add_Tracking_Numbers_To_User"/>
  <testcase name="Add_Tracking_Number" time="0.537" classname="Test_Data_Generation.Add_Tracking_Numbers_To_User"/>
  <testcase name="Add_Tracking_Number" time="0.484" classname="Test_Data_Generation.Add_Tracking_Numbers_To_User"/>
  <testcase name="Add_Tracking_Number" time="0.501" classname="Test_Data_Generation.Add_Tracking_Numbers_To_User"/>
  <testcase name="Add_Tracking_Number" time="0.530" classname="Test_Data_Generation.Add_Tracking_Numbers_To_User"/>
  <testcase name="Add_Tracking_Number" time="0.679" classname="Test_Data_Generation.Add_Tracking_Numbers_To_User"/>
  <testcase name="Add_Tracking_Number" time="0.577" classname="Test_Data_Generation.Add_Tracking_Numbers_To_User"/>
  <testcase name="Add_Tracking_Number" time="0.059" classname="Test_Data_Generation.Add_Tracking_Numbers_To_User"/>
  <testcase name="Add_Tracking_Number" time="0.602" classname="Test_Data_Generation.Add_Tracking_Numbers_To_User"/>
  <testcase name="Add_Tracking_Number" time="0.474" classname="Test_Data_Generation.Add_Tracking_Numbers_To_User"/>
  <testcase name="Add_Tracking_Number" time="0.540" classname="Test_Data_Generation.Add_Tracking_Numbers_To_User"/>
  <testcase name="Add_Tracking_Number" time="0.560" classname="Test_Data_Generation.Add_Tracking_Numbers_To_User"/>
  <testcase name="Add_Tracking_Number" time="0.489" classname="Test_Data_Generation.Add_Tracking_Numbers_To_User"/>
  <testcase name="Add_Tracking_Number" time="0.592" classname="Test_Data_Generation.Add_Tracking_Numbers_To_User"/>
  <testcase name="Add_Tracking_Number" time="0.686" classname="Test_Data_Generation.Add_Tracking_Numbers_To_User"/>
  <testcase name="Add_Tracking_Number" time="0.469" classname="Test_Data_Generation.Add_Tracking_Numbers_To_User"/>
  <testcase name="Add_Tracking_Number" time="0.635" classname="Test_Data_Generation.Add_Tracking_Numbers_To_User"/>
  <testcase name="Add_Tracking_Number" time="0.495" classname="Test_Data_Generation.Add_Tracking_Numbers_To_User"/>
  <testcase name="Add_Tracking_Number" time="0.531" classname="Test_Data_Generation.Add_Tracking_Numbers_To_User"/>
  <testcase name="Add_Tracking_Number" time="1.194" classname="Test_Data_Generation.Add_Tracking_Numbers_To_User"/>
  <testcase name="Add_Tracking_Number" time="0.544" classname="Test_Data_Generation.Add_Tracking_Numbers_To_User"/>
  <testcase name="Add_Tracking_Number" time="0.505" classname="Test_Data_Generation.Add_Tracking_Numbers_To_User"/>
  <testcase name="Add_Tracking_Number" time="0.551" classname="Test_Data_Generation.Add_Tracking_Numbers_To_User"/>
  <testcase name="Add_Tracking_Number" time="0.516" classname="Test_Data_Generation.Add_Tracking_Numbers_To_User"/>
  <testcase name="Add_Tracking_Number" time="0.708" classname="Test_Data_Generation.Add_Tracking_Numbers_To_User"/>
  <testcase name="Add_Tracking_Number" time="0.682" classname="Test_Data_Generation.Add_Tracking_Numbers_To_User"/>
  <testcase name="Add_Tracking_Number" time="0.577" classname="Test_Data_Generation.Add_Tracking_Numbers_To_User"/>
  <testcase name="Add_Tracking_Number" time="0.645" classname="Test_Data_Generation.Add_Tracking_Numbers_To_User"/>
  <testcase name="Add_Tracking_Number" time="0.487" classname="Test_Data_Generation.Add_Tracking_Numbers_To_User"/>
  <testcase name="Add_Tracking_Number" time="0.067" classname="Test_Data_Generation.Add_Tracking_Numbers_To_User"/>
  <testcase name="Add_Tracking_Number" time="0.606" classname="Test_Data_Generation.Add_Tracking_Numbers_To_User"/>
  <testcase name="Add_Tracking_Number" time="0.381" classname="Test_Data_Generation.Add_Tracking_Numbers_To_User"/>
  <testcase name="Add_Tracking_Number" time="0.610" classname="Test_Data_Generation.Add_Tracking_Numbers_To_User"/>
  <testcase name="Add_Tracking_Number" time="0.530" classname="Test_Data_Generation.Add_Tracking_Numbers_To_User"/>
  <testcase name="Add_Tracking_Number" time="0.900" classname="Test_Data_Generation.Add_Tracking_Numbers_To_User"/>
  <testcase name="Add_Tracking_Number" time="0.567" classname="Test_Data_Generation.Add_Tracking_Numbers_To_User"/>
  <testcase name="Add_Tracking_Number" time="0.535" classname="Test_Data_Generation.Add_Tracking_Numbers_To_User"/>
  <testcase name="Add_Tracking_Number" time="0.652" classname="Test_Data_Generation.Add_Tracking_Numbers_To_User"/>
  <testcase name="Add_Tracking_Number" time="0.594" classname="Test_Data_Generation.Add_Tracking_Numbers_To_User"/>
  <testcase name="Add_Tracking_Number" time="0.451" classname="Test_Data_Generation.Add_Tracking_Numbers_To_User"/>
  <testcase name="Add_Tracking_Number" time="0.511" classname="Test_Data_Generation.Add_Tracking_Numbers_To_User"/>
  <testcase name="Add_Tracking_Number" time="0.603" classname="Test_Data_Generation.Add_Tracking_Numbers_To_User"/>
  <testcase name="Add_Tracking_Number" time="0.479" classname="Test_Data_Generation.Add_Tracking_Numbers_To_User"/>
  <testcase name="Add_Tracking_Number" time="0.658" classname="Test_Data_Generation.Add_Tracking_Numbers_To_User"/>
  <testcase name="Add_Tracking_Number" time="0.495" classname="Test_Data_Generation.Add_Tracking_Numbers_To_User"/>
  <testcase name="Add_Tracking_Number" time="0.558" classname="Test_Data_Generation.Add_Tracking_Numbers_To_User"/>
  <testcase name="Add_Tracking_Number" time="0.456" classname="Test_Data_Generation.Add_Tracking_Numbers_To_User"/>
  <testcase name="Add_Tracking_Number" time="0.470" classname="Test_Data_Generation.Add_Tracking_Numbers_To_User"/>
  <testcase name="Add_Tracking_Number" time="0.572" classname="Test_Data_Generation.Add_Tracking_Numbers_To_User"/>
  <testcase name="Add_Tracking_Number" time="0.470" classname="Test_Data_Generation.Add_Tracking_Numbers_To_User"/>
  <testcase name="Add_Tracking_Number" time="0.492" classname="Test_Data_Generation.Add_Tracking_Numbers_To_User"/>
  <testcase name="Add_Tracking_Number" time="0.522" classname="Test_Data_Generation.Add_Tracking_Numbers_To_User"/>
  <testcase name="Add_Tracking_Number" time="0.629" classname="Test_Data_Generation.Add_Tracking_Numbers_To_User"/>
  <testcase name="Add_Tracking_Number" time="0.628" classname="Test_Data_Generation.Add_Tracking_Numbers_To_User"/>
  <testcase name="Add_Tracking_Number" time="0.489" classname="Test_Data_Generation.Add_Tracking_Numbers_To_User"/>
  <testcase name="Add_Tracking_Number" time="0.554" classname="Test_Data_Generation.Add_Tracking_Numbers_To_User"/>
  <testcase name="Add_Tracking_Number" time="0.537" classname="Test_Data_Generation.Add_Tracking_Numbers_To_User"/>
  <testcase name="Add_Tracking_Number" time="0.506" classname="Test_Data_Generation.Add_Tracking_Numbers_To_User"/>
  <testcase name="Add_Tracking_Number" time="0.555" classname="Test_Data_Generation.Add_Tracking_Numbers_To_User"/>
  <testcase name="Add_Tracking_Number" time="0.498" classname="Test_Data_Generation.Add_Tracking_Numbers_To_User"/>
  <testcase name="Add_Tracking_Number" time="0.515" classname="Test_Data_Generation.Add_Tracking_Numbers_To_User"/>
  <testcase name="Add_Tracking_Number" time="0.543" classname="Test_Data_Generation.Add_Tracking_Numbers_To_User"/>
  <testcase name="Add_Tracking_Number" time="0.573" classname="Test_Data_Generation.Add_Tracking_Numbers_To_User"/>
  <testcase name="Add_Tracking_Number" time="0.522" classname="Test_Data_Generation.Add_Tracking_Numbers_To_User"/>
  <testcase name="Add_Tracking_Number" time="0.459" classname="Test_Data_Generation.Add_Tracking_Numbers_To_User"/>
  <testcase name="Add_Tracking_Number" time="0.452" classname="Test_Data_Generation.Add_Tracking_Numbers_To_User"/>
  <testcase name="Add_Tracking_Number" time="0.490" classname="Test_Data_Generation.Add_Tracking_Numbers_To_User"/>
  <testcase name="Add_Tracking_Number" time="0.488" classname="Test_Data_Generation.Add_Tracking_Numbers_To_User"/>
  <testcase name="Add_Tracking_Number" time="0.571" classname="Test_Data_Generation.Add_Tracking_Numbers_To_User"/>
  <testcase name="Add_Tracking_Number" time="0.292" classname="Test_Data_Generation.Add_Tracking_Numbers_To_User"/>
  <testcase name="Add_Tracking_Number" time="0.630" classname="Test_Data_Generation.Add_Tracking_Numbers_To_User"/>
  <testcase name="Add_Tracking_Number" time="0.586" classname="Test_Data_Generation.Add_Tracking_Numbers_To_User"/>
  <testcase name="Add_Tracking_Number" time="0.493" classname="Test_Data_Generation.Add_Tracking_Numbers_To_User"/>
  <testcase name="Add_Tracking_Number" time="0.539" classname="Test_Data_Generation.Add_Tracking_Numbers_To_User"/>
  <testcase name="Add_Tracking_Number" time="0.607" classname="Test_Data_Generation.Add_Tracking_Numbers_To_User"/>
  <testcase name="Add_Tracking_Number" time="0.541" classname="Test_Data_Generation.Add_Tracking_Numbers_To_User"/>
  <testcase name="Add_Tracking_Number" time="0.500" classname="Test_Data_Generation.Add_Tracking_Numbers_To_User"/>
  <testcase name="Add_Tracking_Number" time="0.494" classname="Test_Data_Generation.Add_Tracking_Numbers_To_User"/>
  <testcase name="Add_Tracking_Number" time="0.506" classname="Test_Data_Generation.Add_Tracking_Numbers_To_User"/>
  <testcase name="Add_Tracking_Number" time="0.596" classname="Test_Data_Generation.Add_Tracking_Numbers_To_User"/>
  <testcase name="Add_Tracking_Number" time="0.474" classname="Test_Data_Generation.Add_Tracking_Numbers_To_User"/>
  <testcase name="Add_Tracking_Number" time="0.620" classname="Test_Data_Generation.Add_Tracking_Numbers_To_User"/>
  <testcase name="Add_Tracking_Number" time="0.491" classname="Test_Data_Generation.Add_Tracking_Numbers_To_User"/>
  <testcase name="Add_Tracking_Number" time="0.769" classname="Test_Data_Generation.Add_Tracking_Numbers_To_User"/>
  <testcase name="Add_Tracking_Number" time="0.618" classname="Test_Data_Generation.Add_Tracking_Numbers_To_User"/>
  <testcase name="Add_Tracking_Number" time="0.746" classname="Test_Data_Generation.Add_Tracking_Numbers_To_User"/>
  <testcase name="Add_Tracking_Number" time="0.558" classname="Test_Data_Generation.Add_Tracking_Numbers_To_User"/>
  <testcase name="Add_Tracking_Number" time="0.575" classname="Test_Data_Generation.Add_Tracking_Numbers_To_User"/>
  <testcase name="Add_Tracking_Number" time="0.605" classname="Test_Data_Generation.Add_Tracking_Numbers_To_User"/>
  <testcase name="Add_Tracking_Number" time="0.596" classname="Test_Data_Generation.Add_Tracking_Numbers_To_User"/>
  <testcase name="Add_Tracking_Number" time="0.607" classname="Test_Data_Generation.Add_Tracking_Numbers_To_User"/>
  <testcase name="Add_Tracking_Number" time="0.512" classname="Test_Data_Generation.Add_Tracking_Numbers_To_User"/>
  <testcase name="Add_Tracking_Number" time="0.565" classname="Test_Data_Generation.Add_Tracking_Numbers_To_User"/>
  <testcase name="Add_Tracking_Number" time="0.519" classname="Test_Data_Generation.Add_Tracking_Numbers_To_User"/>
  <testcase name="Add_Tracking_Number" time="0.605" classname="Test_Data_Generation.Add_Tracking_Numbers_To_User"/>
  <testcase name="Add_Tracking_Number" time="0.475" classname="Test_Data_Generation.Add_Tracking_Numbers_To_User"/>
  <testcase name="Add_Tracking_Number" time="0.750" classname="Test_Data_Generation.Add_Tracking_Numbers_To_User"/>
  <testcase name="Add_Tracking_Number" time="0.642" classname="Test_Data_Generation.Add_Tracking_Numbers_To_User"/>
  <testcase name="Add_Tracking_Number" time="0.586" classname="Test_Data_Generation.Add_Tracking_Numbers_To_User"/>
  <testcase name="Add_Tracking_Number" time="0.580" classname="Test_Data_Generation.Add_Tracking_Numbers_To_User"/>
  <testcase name="Add_Tracking_Number" time="0.657" classname="Test_Data_Generation.Add_Tracking_Numbers_To_User"/>
  <testcase name="Add_Tracking_Number" time="0.534" classname="Test_Data_Generation.Add_Tracking_Numbers_To_User"/>
  <testcase name="Add_Tracking_Number" time="0.512" classname="Test_Data_Generation.Add_Tracking_Numbers_To_User"/>
  <testcase name="Add_Tracking_Number" time="0.670" classname="Test_Data_Generation.Add_Tracking_Numbers_To_User"/>
  <testcase name="Add_Tracking_Number" time="0.565" classname="Test_Data_Generation.Add_Tracking_Numbers_To_User"/>
  <testcase name="Add_Tracking_Number" time="0.479" classname="Test_Data_Generation.Add_Tracking_Numbers_To_User"/>
  <testcase name="Add_Tracking_Number" time="0.532" classname="Test_Data_Generation.Add_Tracking_Numbers_To_User"/>
  <testcase name="Add_Tracking_Number" time="0.653" classname="Test_Data_Generation.Add_Tracking_Numbers_To_User"/>
  <testcase name="Add_Tracking_Number" time="0.497" classname="Test_Data_Generation.Add_Tracking_Numbers_To_User"/>
  <testcase name="Add_Tracking_Number" time="0.513" classname="Test_Data_Generation.Add_Tracking_Numbers_To_User"/>
  <testcase name="Add_Tracking_Number" time="0.675" classname="Test_Data_Generation.Add_Tracking_Numbers_To_User"/>
  <testcase name="Add_Tracking_Number" time="0.552" classname="Test_Data_Generation.Add_Tracking_Numbers_To_User"/>
  <testcase name="Add_Tracking_Number" time="0.625" classname="Test_Data_Generation.Add_Tracking_Numbers_To_User"/>
  <testcase name="Add_Tracking_Number" time="0.794" classname="Test_Data_Generation.Add_Tracking_Numbers_To_User"/>
  <testcase name="Add_Tracking_Number" time="0.527" classname="Test_Data_Generation.Add_Tracking_Numbers_To_User"/>
  <testcase name="Add_Tracking_Number" time="0.595" classname="Test_Data_Generation.Add_Tracking_Numbers_To_User"/>
  <testcase name="Add_Tracking_Number" time="0.503" classname="Test_Data_Generation.Add_Tracking_Numbers_To_User"/>
  <testcase name="Add_Tracking_Number" time="0.503" classname="Test_Data_Generation.Add_Tracking_Numbers_To_User"/>
  <testcase name="Add_Tracking_Number" time="0.508" classname="Test_Data_Generation.Add_Tracking_Numbers_To_User"/>
  <testcase name="Add_Tracking_Number" time="0.518" classname="Test_Data_Generation.Add_Tracking_Numbers_To_User"/>
  <testcase name="Add_Tracking_Number" time="0.641" classname="Test_Data_Generation.Add_Tracking_Numbers_To_User"/>
  <testcase name="Add_Tracking_Number" time="0.663" classname="Test_Data_Generation.Add_Tracking_Numbers_To_User"/>
  <testcase name="Add_Tracking_Number" time="0.668" classname="Test_Data_Generation.Add_Tracking_Numbers_To_User"/>
  <testcase name="Add_Tracking_Number" time="0.530" classname="Test_Data_Generation.Add_Tracking_Numbers_To_User"/>
  <testcase name="Add_Tracking_Number" time="0.490" classname="Test_Data_Generation.Add_Tracking_Numbers_To_User"/>
  <testcase name="Add_Tracking_Number" time="0.537" classname="Test_Data_Generation.Add_Tracking_Numbers_To_User"/>
  <testcase name="Add_Tracking_Number" time="0.536" classname="Test_Data_Generation.Add_Tracking_Numbers_To_User"/>
  <testcase name="Add_Tracking_Number" time="0.585" classname="Test_Data_Generation.Add_Tracking_Numbers_To_User"/>
  <testcase name="Add_Tracking_Number" time="0.520" classname="Test_Data_Generation.Add_Tracking_Numbers_To_User"/>
  <testcase name="Add_Tracking_Number" time="0.567" classname="Test_Data_Generation.Add_Tracking_Numbers_To_User"/>
  <testcase name="Add_Tracking_Number" time="0.587" classname="Test_Data_Generation.Add_Tracking_Numbers_To_User"/>
  <testcase name="Add_Tracking_Number" time="0.425" classname="Test_Data_Generation.Add_Tracking_Numbers_To_User"/>
  <testcase name="Add_Tracking_Number" time="0.498" classname="Test_Data_Generation.Add_Tracking_Numbers_To_User"/>
  <testcase name="Add_Tracking_Number" time="0.696" classname="Test_Data_Generation.Add_Tracking_Numbers_To_User"/>
  <testcase name="Add_Tracking_Number" time="0.527" classname="Test_Data_Generation.Add_Tracking_Numbers_To_User"/>
  <testcase name="Add_Tracking_Number" time="0.540" classname="Test_Data_Generation.Add_Tracking_Numbers_To_User"/>
  <testcase name="Add_Tracking_Number" time="0.445" classname="Test_Data_Generation.Add_Tracking_Numbers_To_User"/>
  <testcase name="Add_Tracking_Number" time="0.471" classname="Test_Data_Generation.Add_Tracking_Numbers_To_User"/>
  <testcase name="Add_Tracking_Number" time="0.517" classname="Test_Data_Generation.Add_Tracking_Numbers_To_User"/>
  <testcase name="Add_Tracking_Number" time="0.720" classname="Test_Data_Generation.Add_Tracking_Numbers_To_User"/>
  <testcase name="Add_Tracking_Number" time="0.562" classname="Test_Data_Generation.Add_Tracking_Numbers_To_User"/>
  <testcase name="Add_Tracking_Number" time="0.445" classname="Test_Data_Generation.Add_Tracking_Numbers_To_User">
    <failure type="java.lang.AssertionError" message="
Expected: a string containing &quot;{\&quot;successful\&quot;:true&quot;
     but: was &quot;{&quot;ShipmentOptionResponse&quot;:{&quot;successful&quot;:false,&quot;errorList&quot;:[{&quot;code&quot;:&quot;2997&quot;,&quot;message&quot;:&quot;TRAQS connection/request problem&quot;,&quot;source&quot;:null,&quot;rootCause&quot;:null}],&quot;alerts&quot;:null,&quot;cxsalerts&quot;:null}}&quot;">
      <![CDATA[java.lang.AssertionError: 
Expected: a string containing "{\"successful\":true"
     but: was "{"ShipmentOptionResponse":{"successful":false,"errorList":[{"code":"2997","message":"TRAQS connection/request problem","source":null,"rootCause":null}],"alerts":null,"cxsalerts":null}}"
at org.hamcrest.MatcherAssert.assertThat(MatcherAssert.java:20)
at org.junit.Assert.assertThat(Assert.java:956)
at org.junit.Assert.assertThat(Assert.java:923)
at Test_Data_Generation.Add_Tracking_Numbers_To_User.Add_Tracking_Number(Add_Tracking_Numbers_To_User.java:69)
at sun.reflect.GeneratedMethodAccessor2.invoke(Unknown Source)
at sun.reflect.DelegatingMethodAccessorImpl.invoke(Unknown Source)
at java.lang.reflect.Method.invoke(Unknown Source)
at org.testng.internal.MethodInvocationHelper.invokeMethod(MethodInvocationHelper.java:124)
at org.testng.internal.Invoker.invokeMethod(Invoker.java:580)
at org.testng.internal.Invoker.invokeTestMethod(Invoker.java:716)
at org.testng.internal.TestMethodWithDataProviderMethodWorker.call(TestMethodWithDataProviderMethodWorker.java:71)
at org.testng.internal.TestMethodWithDataProviderMethodWorker.call(TestMethodWithDataProviderMethodWorker.java:14)
at java.util.concurrent.FutureTask.run(Unknown Source)
at java.util.concurrent.Executors$RunnableAdapter.call(Unknown Source)
at java.util.concurrent.FutureTask.run(Unknown Source)
at java.util.concurrent.ThreadPoolExecutor.runWorker(Unknown Source)
at java.util.concurrent.ThreadPoolExecutor$Worker.run(Unknown Source)
at java.lang.Thread.run(Unknown Source)
]]>
    </failure>
  </testcase> <!-- Add_Tracking_Number -->
  <testcase name="Add_Tracking_Number" time="0.506" classname="Test_Data_Generation.Add_Tracking_Numbers_To_User"/>
  <testcase name="Add_Tracking_Number" time="0.509" classname="Test_Data_Generation.Add_Tracking_Numbers_To_User"/>
  <testcase name="Add_Tracking_Number" time="0.566" classname="Test_Data_Generation.Add_Tracking_Numbers_To_User"/>
  <testcase name="Add_Tracking_Number" time="0.616" classname="Test_Data_Generation.Add_Tracking_Numbers_To_User"/>
  <testcase name="Add_Tracking_Number" time="0.641" classname="Test_Data_Generation.Add_Tracking_Numbers_To_User"/>
  <testcase name="Add_Tracking_Number" time="0.653" classname="Test_Data_Generation.Add_Tracking_Numbers_To_User"/>
  <testcase name="Add_Tracking_Number" time="0.517" classname="Test_Data_Generation.Add_Tracking_Numbers_To_User"/>
  <testcase name="Add_Tracking_Number" time="0.048" classname="Test_Data_Generation.Add_Tracking_Numbers_To_User"/>
  <testcase name="Add_Tracking_Number" time="0.571" classname="Test_Data_Generation.Add_Tracking_Numbers_To_User"/>
  <testcase name="Add_Tracking_Number" time="0.587" classname="Test_Data_Generation.Add_Tracking_Numbers_To_User"/>
  <testcase name="Add_Tracking_Number" time="0.553" classname="Test_Data_Generation.Add_Tracking_Numbers_To_User"/>
  <testcase name="Add_Tracking_Number" time="0.494" classname="Test_Data_Generation.Add_Tracking_Numbers_To_User"/>
  <testcase name="Add_Tracking_Number" time="0.549" classname="Test_Data_Generation.Add_Tracking_Numbers_To_User"/>
  <testcase name="Add_Tracking_Number" time="0.629" classname="Test_Data_Generation.Add_Tracking_Numbers_To_User"/>
  <testcase name="Add_Tracking_Number" time="0.546" classname="Test_Data_Generation.Add_Tracking_Numbers_To_User"/>
  <testcase name="Add_Tracking_Number" time="0.961" classname="Test_Data_Generation.Add_Tracking_Numbers_To_User"/>
  <testcase name="Add_Tracking_Number" time="0.518" classname="Test_Data_Generation.Add_Tracking_Numbers_To_User"/>
  <testcase name="Add_Tracking_Number" time="0.626" classname="Test_Data_Generation.Add_Tracking_Numbers_To_User"/>
  <testcase name="Add_Tracking_Number" time="1.166" classname="Test_Data_Generation.Add_Tracking_Numbers_To_User"/>
  <testcase name="Add_Tracking_Number" time="0.696" classname="Test_Data_Generation.Add_Tracking_Numbers_To_User"/>
  <testcase name="Add_Tracking_Number" time="0.578" classname="Test_Data_Generation.Add_Tracking_Numbers_To_User"/>
  <testcase name="Add_Tracking_Number" time="0.499" classname="Test_Data_Generation.Add_Tracking_Numbers_To_User"/>
  <testcase name="Add_Tracking_Number" time="0.644" classname="Test_Data_Generation.Add_Tracking_Numbers_To_User"/>
  <testcase name="Add_Tracking_Number" time="0.514" classname="Test_Data_Generation.Add_Tracking_Numbers_To_User"/>
  <testcase name="Add_Tracking_Number" time="0.587" classname="Test_Data_Generation.Add_Tracking_Numbers_To_User"/>
  <testcase name="Add_Tracking_Number" time="0.516" classname="Test_Data_Generation.Add_Tracking_Numbers_To_User"/>
  <testcase name="Add_Tracking_Number" time="0.587" classname="Test_Data_Generation.Add_Tracking_Numbers_To_User"/>
  <testcase name="Add_Tracking_Number" time="0.565" classname="Test_Data_Generation.Add_Tracking_Numbers_To_User"/>
  <testcase name="Add_Tracking_Number" time="0.721" classname="Test_Data_Generation.Add_Tracking_Numbers_To_User"/>
  <testcase name="Add_Tracking_Number" time="0.713" classname="Test_Data_Generation.Add_Tracking_Numbers_To_User"/>
  <testcase name="Add_Tracking_Number" time="0.514" classname="Test_Data_Generation.Add_Tracking_Numbers_To_User"/>
  <testcase name="Add_Tracking_Number" time="0.500" classname="Test_Data_Generation.Add_Tracking_Numbers_To_User"/>
  <testcase name="Add_Tracking_Number" time="0.537" classname="Test_Data_Generation.Add_Tracking_Numbers_To_User"/>
  <testcase name="Add_Tracking_Number" time="0.483" classname="Test_Data_Generation.Add_Tracking_Numbers_To_User"/>
  <testcase name="Add_Tracking_Number" time="0.619" classname="Test_Data_Generation.Add_Tracking_Numbers_To_User"/>
  <testcase name="Add_Tracking_Number" time="0.610" classname="Test_Data_Generation.Add_Tracking_Numbers_To_User"/>
  <testcase name="Add_Tracking_Number" time="0.574" classname="Test_Data_Generation.Add_Tracking_Numbers_To_User"/>
  <testcase name="Add_Tracking_Number" time="0.520" classname="Test_Data_Generation.Add_Tracking_Numbers_To_User"/>
  <testcase name="Add_Tracking_Number" time="0.704" classname="Test_Data_Generation.Add_Tracking_Numbers_To_User"/>
  <testcase name="Add_Tracking_Number" time="0.616" classname="Test_Data_Generation.Add_Tracking_Numbers_To_User"/>
  <testcase name="Add_Tracking_Number" time="0.562" classname="Test_Data_Generation.Add_Tracking_Numbers_To_User"/>
  <testcase name="Add_Tracking_Number" time="0.487" classname="Test_Data_Generation.Add_Tracking_Numbers_To_User"/>
  <testcase name="Add_Tracking_Number" time="0.548" classname="Test_Data_Generation.Add_Tracking_Numbers_To_User"/>
  <testcase name="Add_Tracking_Number" time="0.718" classname="Test_Data_Generation.Add_Tracking_Numbers_To_User"/>
  <testcase name="Add_Tracking_Number" time="0.529" classname="Test_Data_Generation.Add_Tracking_Numbers_To_User"/>
  <testcase name="Add_Tracking_Number" time="0.493" classname="Test_Data_Generation.Add_Tracking_Numbers_To_User"/>
  <testcase name="Add_Tracking_Number" time="0.571" classname="Test_Data_Generation.Add_Tracking_Numbers_To_User"/>
  <testcase name="Add_Tracking_Number" time="0.566" classname="Test_Data_Generation.Add_Tracking_Numbers_To_User"/>
  <testcase name="Add_Tracking_Number" time="0.742" classname="Test_Data_Generation.Add_Tracking_Numbers_To_User"/>
  <testcase name="Add_Tracking_Number" time="0.489" classname="Test_Data_Generation.Add_Tracking_Numbers_To_User"/>
  <testcase name="Add_Tracking_Number" time="0.530" classname="Test_Data_Generation.Add_Tracking_Numbers_To_User"/>
  <testcase name="Add_Tracking_Number" time="0.684" classname="Test_Data_Generation.Add_Tracking_Numbers_To_User"/>
  <testcase name="Add_Tracking_Number" time="0.521" classname="Test_Data_Generation.Add_Tracking_Numbers_To_User"/>
  <testcase name="Add_Tracking_Number" time="0.493" classname="Test_Data_Generation.Add_Tracking_Numbers_To_User"/>
  <testcase name="Add_Tracking_Number" time="0.682" classname="Test_Data_Generation.Add_Tracking_Numbers_To_User"/>
  <testcase name="Add_Tracking_Number" time="0.601" classname="Test_Data_Generation.Add_Tracking_Numbers_To_User"/>
  <testcase name="Add_Tracking_Number" time="0.555" classname="Test_Data_Generation.Add_Tracking_Numbers_To_User"/>
  <testcase name="Add_Tracking_Number" time="0.485" classname="Test_Data_Generation.Add_Tracking_Numbers_To_User"/>
  <testcase name="Add_Tracking_Number" time="0.558" classname="Test_Data_Generation.Add_Tracking_Numbers_To_User"/>
  <testcase name="Add_Tracking_Number" time="0.551" classname="Test_Data_Generation.Add_Tracking_Numbers_To_User"/>
  <testcase name="Add_Tracking_Number" time="0.536" classname="Test_Data_Generation.Add_Tracking_Numbers_To_User"/>
  <testcase name="Add_Tracking_Number" time="0.256" classname="Test_Data_Generation.Add_Tracking_Numbers_To_User"/>
  <testcase name="Add_Tracking_Number" time="0.536" classname="Test_Data_Generation.Add_Tracking_Numbers_To_User"/>
  <testcase name="Add_Tracking_Number" time="0.537" classname="Test_Data_Generation.Add_Tracking_Numbers_To_User"/>
  <testcase name="Add_Tracking_Number" time="0.604" classname="Test_Data_Generation.Add_Tracking_Numbers_To_User"/>
  <testcase name="Add_Tracking_Number" time="0.532" classname="Test_Data_Generation.Add_Tracking_Numbers_To_User"/>
  <testcase name="Add_Tracking_Number" time="0.055" classname="Test_Data_Generation.Add_Tracking_Numbers_To_User"/>
  <testcase name="Add_Tracking_Number" time="0.750" classname="Test_Data_Generation.Add_Tracking_Numbers_To_User"/>
  <testcase name="Add_Tracking_Number" time="0.504" classname="Test_Data_Generation.Add_Tracking_Numbers_To_User"/>
  <testcase name="Add_Tracking_Number" time="0.603" classname="Test_Data_Generation.Add_Tracking_Numbers_To_User"/>
  <testcase name="Add_Tracking_Number" time="0.947" classname="Test_Data_Generation.Add_Tracking_Numbers_To_User"/>
  <testcase name="Add_Tracking_Number" time="0.553" classname="Test_Data_Generation.Add_Tracking_Numbers_To_User"/>
  <testcase name="Add_Tracking_Number" time="0.495" classname="Test_Data_Generation.Add_Tracking_Numbers_To_User"/>
  <testcase name="Add_Tracking_Number" time="0.551" classname="Test_Data_Generation.Add_Tracking_Numbers_To_User"/>
  <testcase name="Add_Tracking_Number" time="0.608" classname="Test_Data_Generation.Add_Tracking_Numbers_To_User"/>
  <testcase name="Add_Tracking_Number" time="0.525" classname="Test_Data_Generation.Add_Tracking_Numbers_To_User"/>
  <testcase name="Add_Tracking_Number" time="0.558" classname="Test_Data_Generation.Add_Tracking_Numbers_To_User"/>
  <testcase name="Add_Tracking_Number" time="0.469" classname="Test_Data_Generation.Add_Tracking_Numbers_To_User"/>
  <testcase name="Add_Tracking_Number" time="0.714" classname="Test_Data_Generation.Add_Tracking_Numbers_To_User"/>
  <testcase name="Add_Tracking_Number" time="0.750" classname="Test_Data_Generation.Add_Tracking_Numbers_To_User"/>
  <testcase name="Add_Tracking_Number" time="0.554" classname="Test_Data_Generation.Add_Tracking_Numbers_To_User"/>
  <testcase name="Add_Tracking_Number" time="0.568" classname="Test_Data_Generation.Add_Tracking_Numbers_To_User"/>
  <testcase name="Add_Tracking_Number" time="0.497" classname="Test_Data_Generation.Add_Tracking_Numbers_To_User"/>
  <testcase name="Add_Tracking_Number" time="0.605" classname="Test_Data_Generation.Add_Tracking_Numbers_To_User"/>
  <testcase name="Add_Tracking_Number" time="0.586" classname="Test_Data_Generation.Add_Tracking_Numbers_To_User"/>
  <testcase name="Add_Tracking_Number" time="0.497" classname="Test_Data_Generation.Add_Tracking_Numbers_To_User"/>
  <testcase name="Add_Tracking_Number" time="0.574" classname="Test_Data_Generation.Add_Tracking_Numbers_To_User"/>
  <testcase name="Add_Tracking_Number" time="0.526" classname="Test_Data_Generation.Add_Tracking_Numbers_To_User"/>
  <testcase name="Add_Tracking_Number" time="0.480" classname="Test_Data_Generation.Add_Tracking_Numbers_To_User"/>
  <testcase name="Add_Tracking_Number" time="0.293" classname="Test_Data_Generation.Add_Tracking_Numbers_To_User"/>
  <testcase name="Add_Tracking_Number" time="0.519" classname="Test_Data_Generation.Add_Tracking_Numbers_To_User"/>
  <testcase name="Add_Tracking_Number" time="0.596" classname="Test_Data_Generation.Add_Tracking_Numbers_To_User"/>
  <testcase name="Add_Tracking_Number" time="0.663" classname="Test_Data_Generation.Add_Tracking_Numbers_To_User"/>
  <testcase name="Add_Tracking_Number" time="0.615" classname="Test_Data_Generation.Add_Tracking_Numbers_To_User"/>
  <testcase name="Add_Tracking_Number" time="0.446" classname="Test_Data_Generation.Add_Tracking_Numbers_To_User"/>
  <testcase name="Add_Tracking_Number" time="0.533" classname="Test_Data_Generation.Add_Tracking_Numbers_To_User"/>
  <testcase name="Add_Tracking_Number" time="0.812" classname="Test_Data_Generation.Add_Tracking_Numbers_To_User"/>
  <testcase name="Add_Tracking_Number" time="0.520" classname="Test_Data_Generation.Add_Tracking_Numbers_To_User"/>
  <testcase name="Add_Tracking_Number" time="0.455" classname="Test_Data_Generation.Add_Tracking_Numbers_To_User"/>
  <testcase name="Add_Tracking_Number" time="0.511" classname="Test_Data_Generation.Add_Tracking_Numbers_To_User"/>
  <testcase name="Add_Tracking_Number" time="0.467" classname="Test_Data_Generation.Add_Tracking_Numbers_To_User"/>
  <testcase name="Add_Tracking_Number" time="0.441" classname="Test_Data_Generation.Add_Tracking_Numbers_To_User"/>
  <testcase name="Add_Tracking_Number" time="0.536" classname="Test_Data_Generation.Add_Tracking_Numbers_To_User"/>
  <testcase name="Add_Tracking_Number" time="0.653" classname="Test_Data_Generation.Add_Tracking_Numbers_To_User"/>
  <testcase name="Add_Tracking_Number" time="0.514" classname="Test_Data_Generation.Add_Tracking_Numbers_To_User"/>
  <testcase name="Add_Tracking_Number" time="0.676" classname="Test_Data_Generation.Add_Tracking_Numbers_To_User"/>
  <testcase name="Add_Tracking_Number" time="0.528" classname="Test_Data_Generation.Add_Tracking_Numbers_To_User"/>
  <testcase name="Add_Tracking_Number" time="0.544" classname="Test_Data_Generation.Add_Tracking_Numbers_To_User"/>
  <testcase name="Add_Tracking_Number" time="0.483" classname="Test_Data_Generation.Add_Tracking_Numbers_To_User"/>
  <testcase name="Add_Tracking_Number" time="0.690" classname="Test_Data_Generation.Add_Tracking_Numbers_To_User"/>
  <testcase name="Add_Tracking_Number" time="0.571" classname="Test_Data_Generation.Add_Tracking_Numbers_To_User"/>
  <testcase name="Add_Tracking_Number" time="0.558" classname="Test_Data_Generation.Add_Tracking_Numbers_To_User"/>
  <testcase name="Add_Tracking_Number" time="0.541" classname="Test_Data_Generation.Add_Tracking_Numbers_To_User"/>
  <testcase name="Add_Tracking_Number" time="0.573" classname="Test_Data_Generation.Add_Tracking_Numbers_To_User"/>
  <testcase name="Add_Tracking_Number" time="0.667" classname="Test_Data_Generation.Add_Tracking_Numbers_To_User"/>
  <testcase name="Add_Tracking_Number" time="0.522" classname="Test_Data_Generation.Add_Tracking_Numbers_To_User"/>
  <testcase name="Add_Tracking_Number" time="0.834" classname="Test_Data_Generation.Add_Tracking_Numbers_To_User"/>
  <testcase name="Add_Tracking_Number" time="0.615" classname="Test_Data_Generation.Add_Tracking_Numbers_To_User"/>
  <testcase name="Add_Tracking_Number" time="0.073" classname="Test_Data_Generation.Add_Tracking_Numbers_To_User"/>
  <testcase name="Add_Tracking_Number" time="0.544" classname="Test_Data_Generation.Add_Tracking_Numbers_To_User"/>
  <testcase name="Add_Tracking_Number" time="0.678" classname="Test_Data_Generation.Add_Tracking_Numbers_To_User"/>
  <testcase name="Add_Tracking_Number" time="0.506" classname="Test_Data_Generation.Add_Tracking_Numbers_To_User"/>
  <testcase name="Add_Tracking_Number" time="0.670" classname="Test_Data_Generation.Add_Tracking_Numbers_To_User"/>
  <testcase name="Add_Tracking_Number" time="0.481" classname="Test_Data_Generation.Add_Tracking_Numbers_To_User"/>
  <testcase name="Add_Tracking_Number" time="0.487" classname="Test_Data_Generation.Add_Tracking_Numbers_To_User"/>
  <testcase name="Add_Tracking_Number" time="0.521" classname="Test_Data_Generation.Add_Tracking_Numbers_To_User"/>
  <testcase name="Add_Tracking_Number" time="0.512" classname="Test_Data_Generation.Add_Tracking_Numbers_To_User"/>
  <testcase name="Add_Tracking_Number" time="0.568" classname="Test_Data_Generation.Add_Tracking_Numbers_To_User"/>
  <testcase name="Add_Tracking_Number" time="0.681" classname="Test_Data_Generation.Add_Tracking_Numbers_To_User"/>
  <testcase name="Add_Tracking_Number" time="0.060" classname="Test_Data_Generation.Add_Tracking_Numbers_To_User"/>
  <testcase name="Add_Tracking_Number" time="0.441" classname="Test_Data_Generation.Add_Tracking_Numbers_To_User"/>
  <testcase name="Add_Tracking_Number" time="0.682" classname="Test_Data_Generation.Add_Tracking_Numbers_To_User"/>
  <testcase name="Add_Tracking_Number" time="0.542" classname="Test_Data_Generation.Add_Tracking_Numbers_To_User"/>
  <testcase name="Add_Tracking_Number" time="0.677" classname="Test_Data_Generation.Add_Tracking_Numbers_To_User"/>
  <testcase name="Add_Tracking_Number" time="0.793" classname="Test_Data_Generation.Add_Tracking_Numbers_To_User"/>
  <testcase name="Add_Tracking_Number" time="0.528" classname="Test_Data_Generation.Add_Tracking_Numbers_To_User"/>
  <testcase name="Add_Tracking_Number" time="0.548" classname="Test_Data_Generation.Add_Tracking_Numbers_To_User"/>
  <testcase name="Add_Tracking_Number" time="0.623" classname="Test_Data_Generation.Add_Tracking_Numbers_To_User"/>
  <testcase name="Add_Tracking_Number" time="0.617" classname="Test_Data_Generation.Add_Tracking_Numbers_To_User"/>
  <testcase name="Add_Tracking_Number" time="0.508" classname="Test_Data_Generation.Add_Tracking_Numbers_To_User"/>
  <testcase name="Add_Tracking_Number" time="0.613" classname="Test_Data_Generation.Add_Tracking_Numbers_To_User"/>
  <testcase name="Add_Tracking_Number" time="0.510" classname="Test_Data_Generation.Add_Tracking_Numbers_To_User"/>
  <testcase name="Add_Tracking_Number" time="0.780" classname="Test_Data_Generation.Add_Tracking_Numbers_To_User"/>
  <testcase name="Add_Tracking_Number" time="0.632" classname="Test_Data_Generation.Add_Tracking_Numbers_To_User"/>
  <testcase name="Add_Tracking_Number" time="0.619" classname="Test_Data_Generation.Add_Tracking_Numbers_To_User"/>
  <testcase name="Add_Tracking_Number" time="0.529" classname="Test_Data_Generation.Add_Tracking_Numbers_To_User"/>
  <testcase name="Add_Tracking_Number" time="0.477" classname="Test_Data_Generation.Add_Tracking_Numbers_To_User"/>
  <testcase name="Add_Tracking_Number" time="0.519" classname="Test_Data_Generation.Add_Tracking_Numbers_To_User"/>
  <testcase name="Add_Tracking_Number" time="0.596" classname="Test_Data_Generation.Add_Tracking_Numbers_To_User"/>
  <testcase name="Add_Tracking_Number" time="0.616" classname="Test_Data_Generation.Add_Tracking_Numbers_To_User"/>
  <testcase name="Add_Tracking_Number" time="0.822" classname="Test_Data_Generation.Add_Tracking_Numbers_To_User"/>
  <testcase name="Add_Tracking_Number" time="0.852" classname="Test_Data_Generation.Add_Tracking_Numbers_To_User"/>
  <testcase name="Add_Tracking_Number" time="0.575" classname="Test_Data_Generation.Add_Tracking_Numbers_To_User"/>
  <testcase name="Add_Tracking_Number" time="0.569" classname="Test_Data_Generation.Add_Tracking_Numbers_To_User"/>
  <testcase name="Add_Tracking_Number" time="0.485" classname="Test_Data_Generation.Add_Tracking_Numbers_To_User"/>
  <testcase name="Add_Tracking_Number" time="0.564" classname="Test_Data_Generation.Add_Tracking_Numbers_To_User"/>
  <testcase name="Add_Tracking_Number" time="0.431" classname="Test_Data_Generation.Add_Tracking_Numbers_To_User"/>
  <testcase name="Add_Tracking_Number" time="0.469" classname="Test_Data_Generation.Add_Tracking_Numbers_To_User"/>
  <testcase name="Add_Tracking_Number" time="0.778" classname="Test_Data_Generation.Add_Tracking_Numbers_To_User"/>
  <testcase name="Add_Tracking_Number" time="1.016" classname="Test_Data_Generation.Add_Tracking_Numbers_To_User"/>
  <testcase name="Add_Tracking_Number" time="1.077" classname="Test_Data_Generation.Add_Tracking_Numbers_To_User"/>
  <testcase name="Add_Tracking_Number" time="0.485" classname="Test_Data_Generation.Add_Tracking_Numbers_To_User"/>
  <testcase name="Add_Tracking_Number" time="0.497" classname="Test_Data_Generation.Add_Tracking_Numbers_To_User"/>
  <testcase name="Add_Tracking_Number" time="0.568" classname="Test_Data_Generation.Add_Tracking_Numbers_To_User"/>
  <testcase name="Add_Tracking_Number" time="0.572" classname="Test_Data_Generation.Add_Tracking_Numbers_To_User"/>
  <testcase name="Add_Tracking_Number" time="0.571" classname="Test_Data_Generation.Add_Tracking_Numbers_To_User"/>
  <testcase name="Add_Tracking_Number" time="0.547" classname="Test_Data_Generation.Add_Tracking_Numbers_To_User"/>
  <testcase name="Add_Tracking_Number" time="0.587" classname="Test_Data_Generation.Add_Tracking_Numbers_To_User"/>
  <testcase name="Add_Tracking_Number" time="0.056" classname="Test_Data_Generation.Add_Tracking_Numbers_To_User"/>
  <testcase name="Add_Tracking_Number" time="0.499" classname="Test_Data_Generation.Add_Tracking_Numbers_To_User"/>
  <testcase name="Add_Tracking_Number" time="0.491" classname="Test_Data_Generation.Add_Tracking_Numbers_To_User"/>
  <testcase name="Add_Tracking_Number" time="0.263" classname="Test_Data_Generation.Add_Tracking_Numbers_To_User"/>
  <testcase name="Add_Tracking_Number" time="0.449" classname="Test_Data_Generation.Add_Tracking_Numbers_To_User"/>
  <testcase name="Add_Tracking_Number" time="0.537" classname="Test_Data_Generation.Add_Tracking_Numbers_To_User"/>
  <testcase name="Add_Tracking_Number" time="0.730" classname="Test_Data_Generation.Add_Tracking_Numbers_To_User"/>
  <testcase name="Add_Tracking_Number" time="0.569" classname="Test_Data_Generation.Add_Tracking_Numbers_To_User"/>
  <testcase name="Add_Tracking_Number" time="0.522" classname="Test_Data_Generation.Add_Tracking_Numbers_To_User"/>
  <testcase name="Add_Tracking_Number" time="0.478" classname="Test_Data_Generation.Add_Tracking_Numbers_To_User"/>
  <testcase name="Add_Tracking_Number" time="0.532" classname="Test_Data_Generation.Add_Tracking_Numbers_To_User"/>
  <testcase name="Add_Tracking_Number" time="0.603" classname="Test_Data_Generation.Add_Tracking_Numbers_To_User"/>
  <testcase name="Add_Tracking_Number" time="0.536" classname="Test_Data_Generation.Add_Tracking_Numbers_To_User"/>
  <testcase name="Add_Tracking_Number" time="0.584" classname="Test_Data_Generation.Add_Tracking_Numbers_To_User"/>
  <testcase name="Add_Tracking_Number" time="0.634" classname="Test_Data_Generation.Add_Tracking_Numbers_To_User"/>
  <testcase name="Add_Tracking_Number" time="0.471" classname="Test_Data_Generation.Add_Tracking_Numbers_To_User"/>
  <testcase name="Add_Tracking_Number" time="0.546" classname="Test_Data_Generation.Add_Tracking_Numbers_To_User"/>
  <testcase name="Add_Tracking_Number" time="0.557" classname="Test_Data_Generation.Add_Tracking_Numbers_To_User"/>
  <testcase name="Add_Tracking_Number" time="0.511" classname="Test_Data_Generation.Add_Tracking_Numbers_To_User"/>
  <testcase name="Add_Tracking_Number" time="0.510" classname="Test_Data_Generation.Add_Tracking_Numbers_To_User"/>
  <testcase name="Add_Tracking_Number" time="0.811" classname="Test_Data_Generation.Add_Tracking_Numbers_To_User"/>
  <testcase name="Add_Tracking_Number" time="0.721" classname="Test_Data_Generation.Add_Tracking_Numbers_To_User"/>
  <testcase name="Add_Tracking_Number" time="0.614" classname="Test_Data_Generation.Add_Tracking_Numbers_To_User"/>
  <testcase name="Add_Tracking_Number" time="0.455" classname="Test_Data_Generation.Add_Tracking_Numbers_To_User"/>
  <testcase name="Add_Tracking_Number" time="0.575" classname="Test_Data_Generation.Add_Tracking_Numbers_To_User"/>
  <testcase name="Add_Tracking_Number" time="0.479" classname="Test_Data_Generation.Add_Tracking_Numbers_To_User"/>
  <testcase name="Add_Tracking_Number" time="0.507" classname="Test_Data_Generation.Add_Tracking_Numbers_To_User"/>
  <testcase name="Add_Tracking_Number" time="0.544" classname="Test_Data_Generation.Add_Tracking_Numbers_To_User"/>
  <testcase name="Add_Tracking_Number" time="0.528" classname="Test_Data_Generation.Add_Tracking_Numbers_To_User"/>
  <testcase name="Add_Tracking_Number" time="0.578" classname="Test_Data_Generation.Add_Tracking_Numbers_To_User"/>
  <testcase name="Add_Tracking_Number" time="0.709" classname="Test_Data_Generation.Add_Tracking_Numbers_To_User"/>
  <testcase name="Add_Tracking_Number" time="0.608" classname="Test_Data_Generation.Add_Tracking_Numbers_To_User"/>
  <testcase name="Add_Tracking_Number" time="0.530" classname="Test_Data_Generation.Add_Tracking_Numbers_To_User"/>
  <testcase name="Add_Tracking_Number" time="0.539" classname="Test_Data_Generation.Add_Tracking_Numbers_To_User"/>
  <testcase name="Add_Tracking_Number" time="0.753" classname="Test_Data_Generation.Add_Tracking_Numbers_To_User"/>
  <testcase name="Add_Tracking_Number" time="0.547" classname="Test_Data_Generation.Add_Tracking_Numbers_To_User"/>
  <testcase name="Add_Tracking_Number" time="0.600" classname="Test_Data_Generation.Add_Tracking_Numbers_To_User"/>
  <testcase name="Add_Tracking_Number" time="0.658" classname="Test_Data_Generation.Add_Tracking_Numbers_To_User"/>
  <testcase name="Add_Tracking_Number" time="0.553" classname="Test_Data_Generation.Add_Tracking_Numbers_To_User"/>
  <testcase name="Add_Tracking_Number" time="0.491" classname="Test_Data_Generation.Add_Tracking_Numbers_To_User"/>
  <testcase name="Add_Tracking_Number" time="0.707" classname="Test_Data_Generation.Add_Tracking_Numbers_To_User"/>
  <testcase name="Add_Tracking_Number" time="0.590" classname="Test_Data_Generation.Add_Tracking_Numbers_To_User"/>
  <testcase name="Add_Tracking_Number" time="0.640" classname="Test_Data_Generation.Add_Tracking_Numbers_To_User"/>
  <testcase name="Add_Tracking_Number" time="0.488" classname="Test_Data_Generation.Add_Tracking_Numbers_To_User"/>
  <testcase name="Add_Tracking_Number" time="0.590" classname="Test_Data_Generation.Add_Tracking_Numbers_To_User"/>
  <testcase name="Add_Tracking_Number" time="0.777" classname="Test_Data_Generation.Add_Tracking_Numbers_To_User"/>
  <testcase name="Add_Tracking_Number" time="0.602" classname="Test_Data_Generation.Add_Tracking_Numbers_To_User"/>
  <testcase name="Add_Tracking_Number" time="0.599" classname="Test_Data_Generation.Add_Tracking_Numbers_To_User"/>
  <testcase name="Add_Tracking_Number" time="0.493" classname="Test_Data_Generation.Add_Tracking_Numbers_To_User"/>
  <testcase name="Add_Tracking_Number" time="0.678" classname="Test_Data_Generation.Add_Tracking_Numbers_To_User"/>
  <testcase name="Add_Tracking_Number" time="0.540" classname="Test_Data_Generation.Add_Tracking_Numbers_To_User"/>
  <testcase name="Add_Tracking_Number" time="0.530" classname="Test_Data_Generation.Add_Tracking_Numbers_To_User"/>
  <testcase name="Add_Tracking_Number" time="0.516" classname="Test_Data_Generation.Add_Tracking_Numbers_To_User"/>
  <testcase name="Add_Tracking_Number" time="0.453" classname="Test_Data_Generation.Add_Tracking_Numbers_To_User"/>
  <testcase name="Add_Tracking_Number" time="0.609" classname="Test_Data_Generation.Add_Tracking_Numbers_To_User"/>
  <testcase name="Add_Tracking_Number" time="0.496" classname="Test_Data_Generation.Add_Tracking_Numbers_To_User"/>
  <testcase name="Add_Tracking_Number" time="0.602" classname="Test_Data_Generation.Add_Tracking_Numbers_To_User"/>
  <testcase name="Add_Tracking_Number" time="0.540" classname="Test_Data_Generation.Add_Tracking_Numbers_To_User"/>
  <testcase name="Add_Tracking_Number" time="0.509" classname="Test_Data_Generation.Add_Tracking_Numbers_To_User"/>
  <testcase name="Add_Tracking_Number" time="0.534" classname="Test_Data_Generation.Add_Tracking_Numbers_To_User"/>
  <testcase name="Add_Tracking_Number" time="0.614" classname="Test_Data_Generation.Add_Tracking_Numbers_To_User"/>
  <testcase name="Add_Tracking_Number" time="0.485" classname="Test_Data_Generation.Add_Tracking_Numbers_To_User"/>
  <testcase name="Add_Tracking_Number" time="0.458" classname="Test_Data_Generation.Add_Tracking_Numbers_To_User"/>
  <testcase name="Add_Tracking_Number" time="0.558" classname="Test_Data_Generation.Add_Tracking_Numbers_To_User"/>
  <testcase name="Add_Tracking_Number" time="0.700" classname="Test_Data_Generation.Add_Tracking_Numbers_To_User"/>
  <testcase name="Add_Tracking_Number" time="0.508" classname="Test_Data_Generation.Add_Tracking_Numbers_To_User"/>
  <testcase name="Add_Tracking_Number" time="0.536" classname="Test_Data_Generation.Add_Tracking_Numbers_To_User"/>
  <testcase name="Add_Tracking_Number" time="0.504" classname="Test_Data_Generation.Add_Tracking_Numbers_To_User"/>
  <testcase name="Add_Tracking_Number" time="0.538" classname="Test_Data_Generation.Add_Tracking_Numbers_To_User"/>
  <testcase name="Add_Tracking_Number" time="0.523" classname="Test_Data_Generation.Add_Tracking_Numbers_To_User"/>
  <testcase name="Add_Tracking_Number" time="0.607" classname="Test_Data_Generation.Add_Tracking_Numbers_To_User"/>
  <testcase name="Add_Tracking_Number" time="0.671" classname="Test_Data_Generation.Add_Tracking_Numbers_To_User"/>
  <testcase name="Add_Tracking_Number" time="0.499" classname="Test_Data_Generation.Add_Tracking_Numbers_To_User"/>
  <testcase name="Add_Tracking_Number" time="0.481" classname="Test_Data_Generation.Add_Tracking_Numbers_To_User"/>
  <testcase name="Add_Tracking_Number" time="0.634" classname="Test_Data_Generation.Add_Tracking_Numbers_To_User"/>
  <testcase name="Add_Tracking_Number" time="0.534" classname="Test_Data_Generation.Add_Tracking_Numbers_To_User"/>
  <testcase name="Add_Tracking_Number" time="0.574" classname="Test_Data_Generation.Add_Tracking_Numbers_To_User"/>
  <testcase name="Add_Tracking_Number" time="0.636" classname="Test_Data_Generation.Add_Tracking_Numbers_To_User"/>
  <testcase name="Add_Tracking_Number" time="0.447" classname="Test_Data_Generation.Add_Tracking_Numbers_To_User"/>
  <testcase name="Add_Tracking_Number" time="0.525" classname="Test_Data_Generation.Add_Tracking_Numbers_To_User"/>
  <testcase name="Add_Tracking_Number" time="0.522" classname="Test_Data_Generation.Add_Tracking_Numbers_To_User"/>
  <testcase name="Add_Tracking_Number" time="0.541" classname="Test_Data_Generation.Add_Tracking_Numbers_To_User"/>
  <testcase name="Add_Tracking_Number" time="0.514" classname="Test_Data_Generation.Add_Tracking_Numbers_To_User"/>
  <testcase name="Add_Tracking_Number" time="0.606" classname="Test_Data_Generation.Add_Tracking_Numbers_To_User"/>
  <testcase name="Add_Tracking_Number" time="0.547" classname="Test_Data_Generation.Add_Tracking_Numbers_To_User"/>
  <testcase name="Add_Tracking_Number" time="0.532" classname="Test_Data_Generation.Add_Tracking_Numbers_To_User"/>
  <testcase name="Add_Tracking_Number" time="0.501" classname="Test_Data_Generation.Add_Tracking_Numbers_To_User">
    <failure type="java.lang.AssertionError" message="
Expected: a string containing &quot;{\&quot;successful\&quot;:true&quot;
     but: was &quot;{&quot;ShipmentOptionResponse&quot;:{&quot;successful&quot;:false,&quot;errorList&quot;:[{&quot;code&quot;:&quot;2997&quot;,&quot;message&quot;:&quot;TRAQS connection/request problem&quot;,&quot;source&quot;:null,&quot;rootCause&quot;:null}],&quot;alerts&quot;:null,&quot;cxsalerts&quot;:null}}&quot;">
      <![CDATA[java.lang.AssertionError: 
Expected: a string containing "{\"successful\":true"
     but: was "{"ShipmentOptionResponse":{"successful":false,"errorList":[{"code":"2997","message":"TRAQS connection/request problem","source":null,"rootCause":null}],"alerts":null,"cxsalerts":null}}"
at org.hamcrest.MatcherAssert.assertThat(MatcherAssert.java:20)
at org.junit.Assert.assertThat(Assert.java:956)
at org.junit.Assert.assertThat(Assert.java:923)
at Test_Data_Generation.Add_Tracking_Numbers_To_User.Add_Tracking_Number(Add_Tracking_Numbers_To_User.java:69)
at sun.reflect.GeneratedMethodAccessor2.invoke(Unknown Source)
at sun.reflect.DelegatingMethodAccessorImpl.invoke(Unknown Source)
at java.lang.reflect.Method.invoke(Unknown Source)
at org.testng.internal.MethodInvocationHelper.invokeMethod(MethodInvocationHelper.java:124)
at org.testng.internal.Invoker.invokeMethod(Invoker.java:580)
at org.testng.internal.Invoker.invokeTestMethod(Invoker.java:716)
at org.testng.internal.TestMethodWithDataProviderMethodWorker.call(TestMethodWithDataProviderMethodWorker.java:71)
at org.testng.internal.TestMethodWithDataProviderMethodWorker.call(TestMethodWithDataProviderMethodWorker.java:14)
at java.util.concurrent.FutureTask.run(Unknown Source)
at java.util.concurrent.Executors$RunnableAdapter.call(Unknown Source)
at java.util.concurrent.FutureTask.run(Unknown Source)
at java.util.concurrent.ThreadPoolExecutor.runWorker(Unknown Source)
at java.util.concurrent.ThreadPoolExecutor$Worker.run(Unknown Source)
at java.lang.Thread.run(Unknown Source)
]]>
    </failure>
  </testcase> <!-- Add_Tracking_Number -->
  <testcase name="Add_Tracking_Number" time="0.507" classname="Test_Data_Generation.Add_Tracking_Numbers_To_User"/>
  <testcase name="Add_Tracking_Number" time="0.658" classname="Test_Data_Generation.Add_Tracking_Numbers_To_User"/>
  <testcase name="Add_Tracking_Number" time="0.550" classname="Test_Data_Generation.Add_Tracking_Numbers_To_User"/>
  <testcase name="Add_Tracking_Number" time="0.559" classname="Test_Data_Generation.Add_Tracking_Numbers_To_User"/>
  <testcase name="Add_Tracking_Number" time="0.450" classname="Test_Data_Generation.Add_Tracking_Numbers_To_User"/>
  <testcase name="Add_Tracking_Number" time="0.513" classname="Test_Data_Generation.Add_Tracking_Numbers_To_User"/>
  <testcase name="Add_Tracking_Number" time="0.557" classname="Test_Data_Generation.Add_Tracking_Numbers_To_User"/>
  <testcase name="Add_Tracking_Number" time="0.519" classname="Test_Data_Generation.Add_Tracking_Numbers_To_User"/>
  <testcase name="Add_Tracking_Number" time="0.505" classname="Test_Data_Generation.Add_Tracking_Numbers_To_User"/>
  <testcase name="Add_Tracking_Number" time="0.054" classname="Test_Data_Generation.Add_Tracking_Numbers_To_User"/>
  <testcase name="Add_Tracking_Number" time="0.572" classname="Test_Data_Generation.Add_Tracking_Numbers_To_User"/>
  <testcase name="Add_Tracking_Number" time="0.510" classname="Test_Data_Generation.Add_Tracking_Numbers_To_User"/>
  <testcase name="Add_Tracking_Number" time="0.634" classname="Test_Data_Generation.Add_Tracking_Numbers_To_User"/>
  <testcase name="Add_Tracking_Number" time="0.493" classname="Test_Data_Generation.Add_Tracking_Numbers_To_User"/>
  <testcase name="Add_Tracking_Number" time="0.648" classname="Test_Data_Generation.Add_Tracking_Numbers_To_User"/>
  <testcase name="Add_Tracking_Number" time="0.559" classname="Test_Data_Generation.Add_Tracking_Numbers_To_User"/>
  <testcase name="Add_Tracking_Number" time="0.538" classname="Test_Data_Generation.Add_Tracking_Numbers_To_User"/>
  <testcase name="Add_Tracking_Number" time="0.513" classname="Test_Data_Generation.Add_Tracking_Numbers_To_User"/>
  <testcase name="Add_Tracking_Number" time="0.465" classname="Test_Data_Generation.Add_Tracking_Numbers_To_User"/>
  <testcase name="Add_Tracking_Number" time="0.484" classname="Test_Data_Generation.Add_Tracking_Numbers_To_User"/>
  <testcase name="Add_Tracking_Number" time="0.516" classname="Test_Data_Generation.Add_Tracking_Numbers_To_User"/>
  <testcase name="Add_Tracking_Number" time="0.497" classname="Test_Data_Generation.Add_Tracking_Numbers_To_User"/>
  <testcase name="Add_Tracking_Number" time="0.563" classname="Test_Data_Generation.Add_Tracking_Numbers_To_User"/>
  <testcase name="Add_Tracking_Number" time="0.513" classname="Test_Data_Generation.Add_Tracking_Numbers_To_User"/>
  <testcase name="Add_Tracking_Number" time="0.522" classname="Test_Data_Generation.Add_Tracking_Numbers_To_User"/>
  <testcase name="Add_Tracking_Number" time="0.568" classname="Test_Data_Generation.Add_Tracking_Numbers_To_User"/>
  <testcase name="Add_Tracking_Number" time="0.606" classname="Test_Data_Generation.Add_Tracking_Numbers_To_User"/>
  <testcase name="Add_Tracking_Number" time="0.615" classname="Test_Data_Generation.Add_Tracking_Numbers_To_User"/>
  <testcase name="Add_Tracking_Number" time="0.616" classname="Test_Data_Generation.Add_Tracking_Numbers_To_User"/>
  <testcase name="Add_Tracking_Number" time="0.716" classname="Test_Data_Generation.Add_Tracking_Numbers_To_User"/>
  <testcase name="Add_Tracking_Number" time="1.165" classname="Test_Data_Generation.Add_Tracking_Numbers_To_User"/>
  <testcase name="Add_Tracking_Number" time="0.503" classname="Test_Data_Generation.Add_Tracking_Numbers_To_User"/>
  <testcase name="Add_Tracking_Number" time="0.714" classname="Test_Data_Generation.Add_Tracking_Numbers_To_User"/>
  <testcase name="Add_Tracking_Number" time="0.517" classname="Test_Data_Generation.Add_Tracking_Numbers_To_User"/>
  <testcase name="Add_Tracking_Number" time="0.550" classname="Test_Data_Generation.Add_Tracking_Numbers_To_User"/>
  <testcase name="Add_Tracking_Number" time="0.565" classname="Test_Data_Generation.Add_Tracking_Numbers_To_User"/>
  <testcase name="Add_Tracking_Number" time="0.484" classname="Test_Data_Generation.Add_Tracking_Numbers_To_User"/>
  <testcase name="Add_Tracking_Number" time="0.525" classname="Test_Data_Generation.Add_Tracking_Numbers_To_User"/>
  <testcase name="Add_Tracking_Number" time="0.565" classname="Test_Data_Generation.Add_Tracking_Numbers_To_User"/>
  <testcase name="Add_Tracking_Number" time="0.734" classname="Test_Data_Generation.Add_Tracking_Numbers_To_User"/>
  <testcase name="Add_Tracking_Number" time="0.569" classname="Test_Data_Generation.Add_Tracking_Numbers_To_User"/>
  <testcase name="Add_Tracking_Number" time="0.524" classname="Test_Data_Generation.Add_Tracking_Numbers_To_User"/>
  <testcase name="Add_Tracking_Number" time="0.695" classname="Test_Data_Generation.Add_Tracking_Numbers_To_User"/>
  <testcase name="Add_Tracking_Number" time="0.499" classname="Test_Data_Generation.Add_Tracking_Numbers_To_User"/>
  <testcase name="Add_Tracking_Number" time="0.580" classname="Test_Data_Generation.Add_Tracking_Numbers_To_User"/>
  <testcase name="Add_Tracking_Number" time="0.641" classname="Test_Data_Generation.Add_Tracking_Numbers_To_User"/>
  <testcase name="Add_Tracking_Number" time="0.564" classname="Test_Data_Generation.Add_Tracking_Numbers_To_User"/>
  <testcase name="Add_Tracking_Number" time="0.473" classname="Test_Data_Generation.Add_Tracking_Numbers_To_User"/>
  <testcase name="Add_Tracking_Number" time="0.536" classname="Test_Data_Generation.Add_Tracking_Numbers_To_User"/>
  <testcase name="Add_Tracking_Number" time="0.498" classname="Test_Data_Generation.Add_Tracking_Numbers_To_User"/>
  <testcase name="Add_Tracking_Number" time="0.537" classname="Test_Data_Generation.Add_Tracking_Numbers_To_User"/>
  <testcase name="Add_Tracking_Number" time="0.503" classname="Test_Data_Generation.Add_Tracking_Numbers_To_User"/>
  <testcase name="Add_Tracking_Number" time="0.474" classname="Test_Data_Generation.Add_Tracking_Numbers_To_User"/>
  <testcase name="Add_Tracking_Number" time="0.583" classname="Test_Data_Generation.Add_Tracking_Numbers_To_User"/>
  <testcase name="Add_Tracking_Number" time="0.469" classname="Test_Data_Generation.Add_Tracking_Numbers_To_User"/>
  <testcase name="Add_Tracking_Number" time="0.616" classname="Test_Data_Generation.Add_Tracking_Numbers_To_User"/>
  <testcase name="Add_Tracking_Number" time="0.546" classname="Test_Data_Generation.Add_Tracking_Numbers_To_User"/>
  <testcase name="Add_Tracking_Number" time="0.463" classname="Test_Data_Generation.Add_Tracking_Numbers_To_User"/>
  <testcase name="Add_Tracking_Number" time="0.555" classname="Test_Data_Generation.Add_Tracking_Numbers_To_User"/>
  <testcase name="Add_Tracking_Number" time="0.575" classname="Test_Data_Generation.Add_Tracking_Numbers_To_User"/>
  <testcase name="Add_Tracking_Number" time="0.466" classname="Test_Data_Generation.Add_Tracking_Numbers_To_User"/>
  <testcase name="Add_Tracking_Number" time="0.551" classname="Test_Data_Generation.Add_Tracking_Numbers_To_User"/>
  <testcase name="Add_Tracking_Number" time="0.668" classname="Test_Data_Generation.Add_Tracking_Numbers_To_User"/>
  <testcase name="Add_Tracking_Number" time="0.590" classname="Test_Data_Generation.Add_Tracking_Numbers_To_User"/>
  <testcase name="Add_Tracking_Number" time="0.592" classname="Test_Data_Generation.Add_Tracking_Numbers_To_User"/>
  <testcase name="Add_Tracking_Number" time="0.487" classname="Test_Data_Generation.Add_Tracking_Numbers_To_User"/>
  <testcase name="Add_Tracking_Number" time="0.173" classname="Test_Data_Generation.Add_Tracking_Numbers_To_User"/>
  <testcase name="Add_Tracking_Number" time="0.651" classname="Test_Data_Generation.Add_Tracking_Numbers_To_User"/>
  <testcase name="Add_Tracking_Number" time="0.485" classname="Test_Data_Generation.Add_Tracking_Numbers_To_User"/>
  <testcase name="Add_Tracking_Number" time="0.497" classname="Test_Data_Generation.Add_Tracking_Numbers_To_User"/>
  <testcase name="Add_Tracking_Number" time="0.551" classname="Test_Data_Generation.Add_Tracking_Numbers_To_User"/>
  <testcase name="Add_Tracking_Number" time="0.650" classname="Test_Data_Generation.Add_Tracking_Numbers_To_User"/>
  <testcase name="Add_Tracking_Number" time="0.578" classname="Test_Data_Generation.Add_Tracking_Numbers_To_User"/>
  <testcase name="Add_Tracking_Number" time="0.538" classname="Test_Data_Generation.Add_Tracking_Numbers_To_User"/>
  <testcase name="Add_Tracking_Number" time="0.555" classname="Test_Data_Generation.Add_Tracking_Numbers_To_User"/>
  <testcase name="Add_Tracking_Number" time="0.493" classname="Test_Data_Generation.Add_Tracking_Numbers_To_User"/>
  <testcase name="Add_Tracking_Number" time="0.777" classname="Test_Data_Generation.Add_Tracking_Numbers_To_User"/>
  <testcase name="Add_Tracking_Number" time="0.646" classname="Test_Data_Generation.Add_Tracking_Numbers_To_User"/>
  <testcase name="Add_Tracking_Number" time="0.584" classname="Test_Data_Generation.Add_Tracking_Numbers_To_User"/>
  <testcase name="Add_Tracking_Number" time="0.531" classname="Test_Data_Generation.Add_Tracking_Numbers_To_User"/>
  <testcase name="Add_Tracking_Number" time="0.449" classname="Test_Data_Generation.Add_Tracking_Numbers_To_User"/>
  <testcase name="Add_Tracking_Number" time="0.590" classname="Test_Data_Generation.Add_Tracking_Numbers_To_User"/>
  <testcase name="Add_Tracking_Number" time="0.534" classname="Test_Data_Generation.Add_Tracking_Numbers_To_User"/>
  <testcase name="Add_Tracking_Number" time="0.430" classname="Test_Data_Generation.Add_Tracking_Numbers_To_User"/>
  <testcase name="Add_Tracking_Number" time="0.390" classname="Test_Data_Generation.Add_Tracking_Numbers_To_User"/>
  <testcase name="Add_Tracking_Number" time="0.741" classname="Test_Data_Generation.Add_Tracking_Numbers_To_User"/>
  <testcase name="Add_Tracking_Number" time="0.674" classname="Test_Data_Generation.Add_Tracking_Numbers_To_User"/>
  <testcase name="Add_Tracking_Number" time="0.490" classname="Test_Data_Generation.Add_Tracking_Numbers_To_User"/>
  <testcase name="Add_Tracking_Number" time="0.520" classname="Test_Data_Generation.Add_Tracking_Numbers_To_User"/>
  <testcase name="Add_Tracking_Number" time="0.513" classname="Test_Data_Generation.Add_Tracking_Numbers_To_User"/>
  <testcase name="Add_Tracking_Number" time="0.712" classname="Test_Data_Generation.Add_Tracking_Numbers_To_User"/>
  <testcase name="Add_Tracking_Number" time="0.532" classname="Test_Data_Generation.Add_Tracking_Numbers_To_User"/>
  <testcase name="Add_Tracking_Number" time="0.525" classname="Test_Data_Generation.Add_Tracking_Numbers_To_User"/>
  <testcase name="Add_Tracking_Number" time="0.533" classname="Test_Data_Generation.Add_Tracking_Numbers_To_User"/>
  <testcase name="Add_Tracking_Number" time="0.569" classname="Test_Data_Generation.Add_Tracking_Numbers_To_User"/>
  <testcase name="Add_Tracking_Number" time="0.539" classname="Test_Data_Generation.Add_Tracking_Numbers_To_User"/>
  <testcase name="Add_Tracking_Number" time="0.578" classname="Test_Data_Generation.Add_Tracking_Numbers_To_User"/>
  <testcase name="Add_Tracking_Number" time="0.569" classname="Test_Data_Generation.Add_Tracking_Numbers_To_User"/>
  <testcase name="Add_Tracking_Number" time="0.541" classname="Test_Data_Generation.Add_Tracking_Numbers_To_User"/>
  <testcase name="Add_Tracking_Number" time="0.590" classname="Test_Data_Generation.Add_Tracking_Numbers_To_User"/>
  <testcase name="Add_Tracking_Number" time="0.495" classname="Test_Data_Generation.Add_Tracking_Numbers_To_User"/>
  <testcase name="Add_Tracking_Number" time="0.572" classname="Test_Data_Generation.Add_Tracking_Numbers_To_User"/>
  <testcase name="Add_Tracking_Number" time="0.506" classname="Test_Data_Generation.Add_Tracking_Numbers_To_User"/>
  <testcase name="Add_Tracking_Number" time="0.550" classname="Test_Data_Generation.Add_Tracking_Numbers_To_User"/>
  <testcase name="Add_Tracking_Number" time="0.765" classname="Test_Data_Generation.Add_Tracking_Numbers_To_User"/>
  <testcase name="Add_Tracking_Number" time="0.516" classname="Test_Data_Generation.Add_Tracking_Numbers_To_User"/>
  <testcase name="Add_Tracking_Number" time="0.446" classname="Test_Data_Generation.Add_Tracking_Numbers_To_User"/>
  <testcase name="Add_Tracking_Number" time="0.500" classname="Test_Data_Generation.Add_Tracking_Numbers_To_User"/>
  <testcase name="Add_Tracking_Number" time="0.578" classname="Test_Data_Generation.Add_Tracking_Numbers_To_User"/>
  <testcase name="Add_Tracking_Number" time="0.495" classname="Test_Data_Generation.Add_Tracking_Numbers_To_User"/>
  <testcase name="Add_Tracking_Number" time="0.557" classname="Test_Data_Generation.Add_Tracking_Numbers_To_User"/>
  <testcase name="Add_Tracking_Number" time="0.514" classname="Test_Data_Generation.Add_Tracking_Numbers_To_User"/>
  <testcase name="Add_Tracking_Number" time="0.501" classname="Test_Data_Generation.Add_Tracking_Numbers_To_User"/>
  <testcase name="Add_Tracking_Number" time="0.474" classname="Test_Data_Generation.Add_Tracking_Numbers_To_User"/>
  <testcase name="Add_Tracking_Number" time="0.616" classname="Test_Data_Generation.Add_Tracking_Numbers_To_User"/>
  <testcase name="Add_Tracking_Number" time="0.543" classname="Test_Data_Generation.Add_Tracking_Numbers_To_User"/>
  <testcase name="Add_Tracking_Number" time="0.502" classname="Test_Data_Generation.Add_Tracking_Numbers_To_User"/>
  <testcase name="Add_Tracking_Number" time="0.553" classname="Test_Data_Generation.Add_Tracking_Numbers_To_User"/>
  <testcase name="Add_Tracking_Number" time="0.616" classname="Test_Data_Generation.Add_Tracking_Numbers_To_User"/>
  <testcase name="Add_Tracking_Number" time="0.760" classname="Test_Data_Generation.Add_Tracking_Numbers_To_User"/>
  <testcase name="Add_Tracking_Number" time="0.596" classname="Test_Data_Generation.Add_Tracking_Numbers_To_User"/>
  <testcase name="Add_Tracking_Number" time="0.550" classname="Test_Data_Generation.Add_Tracking_Numbers_To_User"/>
  <testcase name="Add_Tracking_Number" time="0.550" classname="Test_Data_Generation.Add_Tracking_Numbers_To_User"/>
  <testcase name="Add_Tracking_Number" time="0.538" classname="Test_Data_Generation.Add_Tracking_Numbers_To_User"/>
  <testcase name="Add_Tracking_Number" time="0.457" classname="Test_Data_Generation.Add_Tracking_Numbers_To_User"/>
  <testcase name="Add_Tracking_Number" time="0.509" classname="Test_Data_Generation.Add_Tracking_Numbers_To_User"/>
  <testcase name="Add_Tracking_Number" time="0.466" classname="Test_Data_Generation.Add_Tracking_Numbers_To_User"/>
  <testcase name="Add_Tracking_Number" time="0.561" classname="Test_Data_Generation.Add_Tracking_Numbers_To_User"/>
  <testcase name="Add_Tracking_Number" time="0.450" classname="Test_Data_Generation.Add_Tracking_Numbers_To_User"/>
  <testcase name="Add_Tracking_Number" time="0.689" classname="Test_Data_Generation.Add_Tracking_Numbers_To_User"/>
  <testcase name="Add_Tracking_Number" time="0.564" classname="Test_Data_Generation.Add_Tracking_Numbers_To_User"/>
  <testcase name="Add_Tracking_Number" time="0.508" classname="Test_Data_Generation.Add_Tracking_Numbers_To_User"/>
  <testcase name="Add_Tracking_Number" time="0.533" classname="Test_Data_Generation.Add_Tracking_Numbers_To_User"/>
  <testcase name="Add_Tracking_Number" time="0.447" classname="Test_Data_Generation.Add_Tracking_Numbers_To_User"/>
  <testcase name="Add_Tracking_Number" time="0.508" classname="Test_Data_Generation.Add_Tracking_Numbers_To_User"/>
  <testcase name="Add_Tracking_Number" time="0.499" classname="Test_Data_Generation.Add_Tracking_Numbers_To_User"/>
  <testcase name="Add_Tracking_Number" time="0.518" classname="Test_Data_Generation.Add_Tracking_Numbers_To_User"/>
  <testcase name="Add_Tracking_Number" time="0.579" classname="Test_Data_Generation.Add_Tracking_Numbers_To_User"/>
  <testcase name="Add_Tracking_Number" time="0.502" classname="Test_Data_Generation.Add_Tracking_Numbers_To_User"/>
  <testcase name="Add_Tracking_Number" time="0.560" classname="Test_Data_Generation.Add_Tracking_Numbers_To_User"/>
  <testcase name="Add_Tracking_Number" time="0.068" classname="Test_Data_Generation.Add_Tracking_Numbers_To_User"/>
  <testcase name="Add_Tracking_Number" time="0.477" classname="Test_Data_Generation.Add_Tracking_Numbers_To_User"/>
  <testcase name="Add_Tracking_Number" time="0.541" classname="Test_Data_Generation.Add_Tracking_Numbers_To_User"/>
  <testcase name="Add_Tracking_Number" time="0.648" classname="Test_Data_Generation.Add_Tracking_Numbers_To_User"/>
  <testcase name="Add_Tracking_Number" time="0.201" classname="Test_Data_Generation.Add_Tracking_Numbers_To_User"/>
  <testcase name="Add_Tracking_Number" time="0.545" classname="Test_Data_Generation.Add_Tracking_Numbers_To_User"/>
  <testcase name="Add_Tracking_Number" time="0.585" classname="Test_Data_Generation.Add_Tracking_Numbers_To_User"/>
  <testcase name="Add_Tracking_Number" time="0.555" classname="Test_Data_Generation.Add_Tracking_Numbers_To_User"/>
  <testcase name="Add_Tracking_Number" time="0.468" classname="Test_Data_Generation.Add_Tracking_Numbers_To_User"/>
  <testcase name="Add_Tracking_Number" time="0.057" classname="Test_Data_Generation.Add_Tracking_Numbers_To_User"/>
  <testcase name="Add_Tracking_Number" time="0.520" classname="Test_Data_Generation.Add_Tracking_Numbers_To_User"/>
  <testcase name="Add_Tracking_Number" time="0.792" classname="Test_Data_Generation.Add_Tracking_Numbers_To_User"/>
  <testcase name="Add_Tracking_Number" time="0.606" classname="Test_Data_Generation.Add_Tracking_Numbers_To_User"/>
  <testcase name="Add_Tracking_Number" time="0.273" classname="Test_Data_Generation.Add_Tracking_Numbers_To_User"/>
  <testcase name="Add_Tracking_Number" time="0.615" classname="Test_Data_Generation.Add_Tracking_Numbers_To_User"/>
  <testcase name="Add_Tracking_Number" time="0.596" classname="Test_Data_Generation.Add_Tracking_Numbers_To_User"/>
  <testcase name="Add_Tracking_Number" time="0.663" classname="Test_Data_Generation.Add_Tracking_Numbers_To_User"/>
  <testcase name="Add_Tracking_Number" time="0.654" classname="Test_Data_Generation.Add_Tracking_Numbers_To_User"/>
  <testcase name="Add_Tracking_Number" time="0.505" classname="Test_Data_Generation.Add_Tracking_Numbers_To_User"/>
  <testcase name="Add_Tracking_Number" time="0.572" classname="Test_Data_Generation.Add_Tracking_Numbers_To_User"/>
  <testcase name="Add_Tracking_Number" time="0.528" classname="Test_Data_Generation.Add_Tracking_Numbers_To_User"/>
  <testcase name="Add_Tracking_Number" time="5.244" classname="Test_Data_Generation.Add_Tracking_Numbers_To_User"/>
  <testcase name="Add_Tracking_Number" time="0.542" classname="Test_Data_Generation.Add_Tracking_Numbers_To_User"/>
  <testcase name="Add_Tracking_Number" time="0.802" classname="Test_Data_Generation.Add_Tracking_Numbers_To_User"/>
  <testcase name="Add_Tracking_Number" time="0.573" classname="Test_Data_Generation.Add_Tracking_Numbers_To_User"/>
  <testcase name="Add_Tracking_Number" time="0.521" classname="Test_Data_Generation.Add_Tracking_Numbers_To_User"/>
  <testcase name="Add_Tracking_Number" time="0.641" classname="Test_Data_Generation.Add_Tracking_Numbers_To_User"/>
  <testcase name="Add_Tracking_Number" time="0.453" classname="Test_Data_Generation.Add_Tracking_Numbers_To_User"/>
  <testcase name="Add_Tracking_Number" time="0.559" classname="Test_Data_Generation.Add_Tracking_Numbers_To_User"/>
  <testcase name="Add_Tracking_Number" time="0.449" classname="Test_Data_Generation.Add_Tracking_Numbers_To_User"/>
  <testcase name="Add_Tracking_Number" time="0.561" classname="Test_Data_Generation.Add_Tracking_Numbers_To_User"/>
  <testcase name="Add_Tracking_Number" time="0.480" classname="Test_Data_Generation.Add_Tracking_Numbers_To_User"/>
  <testcase name="Add_Tracking_Number" time="0.470" classname="Test_Data_Generation.Add_Tracking_Numbers_To_User"/>
  <testcase name="Add_Tracking_Number" time="0.511" classname="Test_Data_Generation.Add_Tracking_Numbers_To_User"/>
  <testcase name="Add_Tracking_Number" time="0.524" classname="Test_Data_Generation.Add_Tracking_Numbers_To_User"/>
  <testcase name="Add_Tracking_Number" time="0.741" classname="Test_Data_Generation.Add_Tracking_Numbers_To_User"/>
  <testcase name="Add_Tracking_Number" time="0.477" classname="Test_Data_Generation.Add_Tracking_Numbers_To_User"/>
  <testcase name="Add_Tracking_Number" time="0.523" classname="Test_Data_Generation.Add_Tracking_Numbers_To_User"/>
  <testcase name="Add_Tracking_Number" time="0.565" classname="Test_Data_Generation.Add_Tracking_Numbers_To_User"/>
  <testcase name="Add_Tracking_Number" time="0.583" classname="Test_Data_Generation.Add_Tracking_Numbers_To_User"/>
  <testcase name="Add_Tracking_Number" time="0.126" classname="Test_Data_Generation.Add_Tracking_Numbers_To_User"/>
  <testcase name="Add_Tracking_Number" time="0.455" classname="Test_Data_Generation.Add_Tracking_Numbers_To_User"/>
  <testcase name="Add_Tracking_Number" time="0.743" classname="Test_Data_Generation.Add_Tracking_Numbers_To_User"/>
  <testcase name="Add_Tracking_Number" time="0.598" classname="Test_Data_Generation.Add_Tracking_Numbers_To_User"/>
  <testcase name="Add_Tracking_Number" time="0.471" classname="Test_Data_Generation.Add_Tracking_Numbers_To_User"/>
  <testcase name="Add_Tracking_Number" time="0.733" classname="Test_Data_Generation.Add_Tracking_Numbers_To_User"/>
  <testcase name="Add_Tracking_Number" time="0.695" classname="Test_Data_Generation.Add_Tracking_Numbers_To_User"/>
  <testcase name="Add_Tracking_Number" time="0.504" classname="Test_Data_Generation.Add_Tracking_Numbers_To_User"/>
  <testcase name="Add_Tracking_Number" time="0.487" classname="Test_Data_Generation.Add_Tracking_Numbers_To_User"/>
  <testcase name="Add_Tracking_Number" time="0.586" classname="Test_Data_Generation.Add_Tracking_Numbers_To_User"/>
  <testcase name="Add_Tracking_Number" time="0.474" classname="Test_Data_Generation.Add_Tracking_Numbers_To_User"/>
  <testcase name="Add_Tracking_Number" time="0.506" classname="Test_Data_Generation.Add_Tracking_Numbers_To_User"/>
  <testcase name="Add_Tracking_Number" time="0.522" classname="Test_Data_Generation.Add_Tracking_Numbers_To_User"/>
  <testcase name="Add_Tracking_Number" time="0.578" classname="Test_Data_Generation.Add_Tracking_Numbers_To_User"/>
  <testcase name="Add_Tracking_Number" time="0.062" classname="Test_Data_Generation.Add_Tracking_Numbers_To_User"/>
  <testcase name="Add_Tracking_Number" time="0.510" classname="Test_Data_Generation.Add_Tracking_Numbers_To_User"/>
  <testcase name="Add_Tracking_Number" time="0.541" classname="Test_Data_Generation.Add_Tracking_Numbers_To_User"/>
  <testcase name="Add_Tracking_Number" time="0.432" classname="Test_Data_Generation.Add_Tracking_Numbers_To_User"/>
  <testcase name="Add_Tracking_Number" time="0.539" classname="Test_Data_Generation.Add_Tracking_Numbers_To_User"/>
  <testcase name="Add_Tracking_Number" time="0.504" classname="Test_Data_Generation.Add_Tracking_Numbers_To_User"/>
  <testcase name="Add_Tracking_Number" time="0.603" classname="Test_Data_Generation.Add_Tracking_Numbers_To_User"/>
  <testcase name="Add_Tracking_Number" time="0.817" classname="Test_Data_Generation.Add_Tracking_Numbers_To_User"/>
  <testcase name="Add_Tracking_Number" time="0.734" classname="Test_Data_Generation.Add_Tracking_Numbers_To_User"/>
  <testcase name="Add_Tracking_Number" time="0.522" classname="Test_Data_Generation.Add_Tracking_Numbers_To_User"/>
  <testcase name="Add_Tracking_Number" time="0.545" classname="Test_Data_Generation.Add_Tracking_Numbers_To_User"/>
  <testcase name="Add_Tracking_Number" time="0.560" classname="Test_Data_Generation.Add_Tracking_Numbers_To_User"/>
  <testcase name="Add_Tracking_Number" time="0.608" classname="Test_Data_Generation.Add_Tracking_Numbers_To_User"/>
  <testcase name="Add_Tracking_Number" time="0.535" classname="Test_Data_Generation.Add_Tracking_Numbers_To_User"/>
  <testcase name="Add_Tracking_Number" time="0.571" classname="Test_Data_Generation.Add_Tracking_Numbers_To_User"/>
  <testcase name="Add_Tracking_Number" time="0.521" classname="Test_Data_Generation.Add_Tracking_Numbers_To_User"/>
  <testcase name="Add_Tracking_Number" time="0.503" classname="Test_Data_Generation.Add_Tracking_Numbers_To_User"/>
  <testcase name="Add_Tracking_Number" time="0.512" classname="Test_Data_Generation.Add_Tracking_Numbers_To_User"/>
  <testcase name="Add_Tracking_Number" time="0.549" classname="Test_Data_Generation.Add_Tracking_Numbers_To_User"/>
  <testcase name="Add_Tracking_Number" time="0.523" classname="Test_Data_Generation.Add_Tracking_Numbers_To_User"/>
  <testcase name="Add_Tracking_Number" time="0.070" classname="Test_Data_Generation.Add_Tracking_Numbers_To_User"/>
  <testcase name="Add_Tracking_Number" time="0.480" classname="Test_Data_Generation.Add_Tracking_Numbers_To_User"/>
  <testcase name="Add_Tracking_Number" time="0.546" classname="Test_Data_Generation.Add_Tracking_Numbers_To_User"/>
  <testcase name="Add_Tracking_Number" time="0.518" classname="Test_Data_Generation.Add_Tracking_Numbers_To_User"/>
  <testcase name="Add_Tracking_Number" time="0.598" classname="Test_Data_Generation.Add_Tracking_Numbers_To_User"/>
  <testcase name="Add_Tracking_Number" time="0.603" classname="Test_Data_Generation.Add_Tracking_Numbers_To_User"/>
  <testcase name="Add_Tracking_Number" time="0.528" classname="Test_Data_Generation.Add_Tracking_Numbers_To_User"/>
  <testcase name="Add_Tracking_Number" time="0.438" classname="Test_Data_Generation.Add_Tracking_Numbers_To_User"/>
  <testcase name="Add_Tracking_Number" time="0.528" classname="Test_Data_Generation.Add_Tracking_Numbers_To_User"/>
  <testcase name="Add_Tracking_Number" time="0.479" classname="Test_Data_Generation.Add_Tracking_Numbers_To_User"/>
  <testcase name="Add_Tracking_Number" time="0.606" classname="Test_Data_Generation.Add_Tracking_Numbers_To_User"/>
  <testcase name="Add_Tracking_Number" time="0.545" classname="Test_Data_Generation.Add_Tracking_Numbers_To_User"/>
  <testcase name="Add_Tracking_Number" time="0.526" classname="Test_Data_Generation.Add_Tracking_Numbers_To_User"/>
  <testcase name="Add_Tracking_Number" time="0.571" classname="Test_Data_Generation.Add_Tracking_Numbers_To_User"/>
  <testcase name="Add_Tracking_Number" time="0.635" classname="Test_Data_Generation.Add_Tracking_Numbers_To_User"/>
  <testcase name="Add_Tracking_Number" time="0.624" classname="Test_Data_Generation.Add_Tracking_Numbers_To_User"/>
  <testcase name="Add_Tracking_Number" time="0.539" classname="Test_Data_Generation.Add_Tracking_Numbers_To_User"/>
  <testcase name="Add_Tracking_Number" time="0.543" classname="Test_Data_Generation.Add_Tracking_Numbers_To_User"/>
  <testcase name="Add_Tracking_Number" time="0.520" classname="Test_Data_Generation.Add_Tracking_Numbers_To_User"/>
  <testcase name="Add_Tracking_Number" time="0.557" classname="Test_Data_Generation.Add_Tracking_Numbers_To_User"/>
  <testcase name="Add_Tracking_Number" time="0.712" classname="Test_Data_Generation.Add_Tracking_Numbers_To_User"/>
  <testcase name="Add_Tracking_Number" time="0.573" classname="Test_Data_Generation.Add_Tracking_Numbers_To_User"/>
  <testcase name="Add_Tracking_Number" time="0.509" classname="Test_Data_Generation.Add_Tracking_Numbers_To_User"/>
  <testcase name="Add_Tracking_Number" time="0.532" classname="Test_Data_Generation.Add_Tracking_Numbers_To_User"/>
  <testcase name="Add_Tracking_Number" time="0.527" classname="Test_Data_Generation.Add_Tracking_Numbers_To_User"/>
  <testcase name="Add_Tracking_Number" time="0.619" classname="Test_Data_Generation.Add_Tracking_Numbers_To_User"/>
  <testcase name="Add_Tracking_Number" time="0.653" classname="Test_Data_Generation.Add_Tracking_Numbers_To_User"/>
  <testcase name="Add_Tracking_Number" time="0.485" classname="Test_Data_Generation.Add_Tracking_Numbers_To_User"/>
  <testcase name="Add_Tracking_Number" time="0.515" classname="Test_Data_Generation.Add_Tracking_Numbers_To_User"/>
  <testcase name="Add_Tracking_Number" time="0.627" classname="Test_Data_Generation.Add_Tracking_Numbers_To_User"/>
  <testcase name="Add_Tracking_Number" time="0.550" classname="Test_Data_Generation.Add_Tracking_Numbers_To_User"/>
  <testcase name="Add_Tracking_Number" time="0.660" classname="Test_Data_Generation.Add_Tracking_Numbers_To_User"/>
  <testcase name="Add_Tracking_Number" time="0.587" classname="Test_Data_Generation.Add_Tracking_Numbers_To_User"/>
  <testcase name="Add_Tracking_Number" time="0.688" classname="Test_Data_Generation.Add_Tracking_Numbers_To_User"/>
  <testcase name="Add_Tracking_Number" time="0.509" classname="Test_Data_Generation.Add_Tracking_Numbers_To_User"/>
  <testcase name="Add_Tracking_Number" time="0.478" classname="Test_Data_Generation.Add_Tracking_Numbers_To_User"/>
  <testcase name="Add_Tracking_Number" time="0.486" classname="Test_Data_Generation.Add_Tracking_Numbers_To_User"/>
  <testcase name="Add_Tracking_Number" time="0.688" classname="Test_Data_Generation.Add_Tracking_Numbers_To_User"/>
  <testcase name="Add_Tracking_Number" time="0.534" classname="Test_Data_Generation.Add_Tracking_Numbers_To_User"/>
  <testcase name="Add_Tracking_Number" time="0.777" classname="Test_Data_Generation.Add_Tracking_Numbers_To_User"/>
  <testcase name="Add_Tracking_Number" time="0.052" classname="Test_Data_Generation.Add_Tracking_Numbers_To_User"/>
  <testcase name="Add_Tracking_Number" time="0.521" classname="Test_Data_Generation.Add_Tracking_Numbers_To_User"/>
  <testcase name="Add_Tracking_Number" time="0.437" classname="Test_Data_Generation.Add_Tracking_Numbers_To_User"/>
  <testcase name="Add_Tracking_Number" time="0.842" classname="Test_Data_Generation.Add_Tracking_Numbers_To_User"/>
  <testcase name="Add_Tracking_Number" time="0.564" classname="Test_Data_Generation.Add_Tracking_Numbers_To_User"/>
  <testcase name="Add_Tracking_Number" time="0.504" classname="Test_Data_Generation.Add_Tracking_Numbers_To_User"/>
  <testcase name="Add_Tracking_Number" time="0.512" classname="Test_Data_Generation.Add_Tracking_Numbers_To_User"/>
  <testcase name="Add_Tracking_Number" time="0.521" classname="Test_Data_Generation.Add_Tracking_Numbers_To_User"/>
  <testcase name="Add_Tracking_Number" time="0.512" classname="Test_Data_Generation.Add_Tracking_Numbers_To_User"/>
  <testcase name="Add_Tracking_Number" time="0.609" classname="Test_Data_Generation.Add_Tracking_Numbers_To_User"/>
  <testcase name="Add_Tracking_Number" time="0.457" classname="Test_Data_Generation.Add_Tracking_Numbers_To_User"/>
  <testcase name="Add_Tracking_Number" time="0.505" classname="Test_Data_Generation.Add_Tracking_Numbers_To_User"/>
  <testcase name="Add_Tracking_Number" time="0.508" classname="Test_Data_Generation.Add_Tracking_Numbers_To_User"/>
  <testcase name="Add_Tracking_Number" time="0.599" classname="Test_Data_Generation.Add_Tracking_Numbers_To_User"/>
  <testcase name="Add_Tracking_Number" time="0.492" classname="Test_Data_Generation.Add_Tracking_Numbers_To_User"/>
  <testcase name="Add_Tracking_Number" time="0.552" classname="Test_Data_Generation.Add_Tracking_Numbers_To_User"/>
  <testcase name="Add_Tracking_Number" time="0.509" classname="Test_Data_Generation.Add_Tracking_Numbers_To_User"/>
  <testcase name="Add_Tracking_Number" time="0.476" classname="Test_Data_Generation.Add_Tracking_Numbers_To_User"/>
  <testcase name="Add_Tracking_Number" time="0.506" classname="Test_Data_Generation.Add_Tracking_Numbers_To_User"/>
  <testcase name="Add_Tracking_Number" time="0.583" classname="Test_Data_Generation.Add_Tracking_Numbers_To_User"/>
  <testcase name="Add_Tracking_Number" time="0.517" classname="Test_Data_Generation.Add_Tracking_Numbers_To_User"/>
  <testcase name="Add_Tracking_Number" time="0.476" classname="Test_Data_Generation.Add_Tracking_Numbers_To_User"/>
  <testcase name="Add_Tracking_Number" time="0.460" classname="Test_Data_Generation.Add_Tracking_Numbers_To_User"/>
  <testcase name="Add_Tracking_Number" time="0.555" classname="Test_Data_Generation.Add_Tracking_Numbers_To_User"/>
  <testcase name="Add_Tracking_Number" time="0.547" classname="Test_Data_Generation.Add_Tracking_Numbers_To_User"/>
  <testcase name="Add_Tracking_Number" time="0.504" classname="Test_Data_Generation.Add_Tracking_Numbers_To_User"/>
  <testcase name="Add_Tracking_Number" time="0.512" classname="Test_Data_Generation.Add_Tracking_Numbers_To_User"/>
  <testcase name="Add_Tracking_Number" time="0.524" classname="Test_Data_Generation.Add_Tracking_Numbers_To_User"/>
  <testcase name="Add_Tracking_Number" time="0.508" classname="Test_Data_Generation.Add_Tracking_Numbers_To_User"/>
  <testcase name="Add_Tracking_Number" time="0.588" classname="Test_Data_Generation.Add_Tracking_Numbers_To_User"/>
  <testcase name="Add_Tracking_Number" time="0.727" classname="Test_Data_Generation.Add_Tracking_Numbers_To_User"/>
  <testcase name="Add_Tracking_Number" time="0.769" classname="Test_Data_Generation.Add_Tracking_Numbers_To_User"/>
  <testcase name="Add_Tracking_Number" time="0.438" classname="Test_Data_Generation.Add_Tracking_Numbers_To_User"/>
  <testcase name="Add_Tracking_Number" time="0.581" classname="Test_Data_Generation.Add_Tracking_Numbers_To_User"/>
  <testcase name="Add_Tracking_Number" time="0.610" classname="Test_Data_Generation.Add_Tracking_Numbers_To_User"/>
  <testcase name="Add_Tracking_Number" time="0.614" classname="Test_Data_Generation.Add_Tracking_Numbers_To_User"/>
  <testcase name="Add_Tracking_Number" time="0.602" classname="Test_Data_Generation.Add_Tracking_Numbers_To_User"/>
  <testcase name="Add_Tracking_Number" time="0.533" classname="Test_Data_Generation.Add_Tracking_Numbers_To_User"/>
  <testcase name="Add_Tracking_Number" time="0.194" classname="Test_Data_Generation.Add_Tracking_Numbers_To_User"/>
  <testcase name="Add_Tracking_Number" time="0.568" classname="Test_Data_Generation.Add_Tracking_Numbers_To_User"/>
  <testcase name="Add_Tracking_Number" time="0.568" classname="Test_Data_Generation.Add_Tracking_Numbers_To_User"/>
  <testcase name="Add_Tracking_Number" time="0.493" classname="Test_Data_Generation.Add_Tracking_Numbers_To_User"/>
  <testcase name="Add_Tracking_Number" time="0.485" classname="Test_Data_Generation.Add_Tracking_Numbers_To_User"/>
  <testcase name="Add_Tracking_Number" time="0.533" classname="Test_Data_Generation.Add_Tracking_Numbers_To_User"/>
  <testcase name="Add_Tracking_Number" time="0.487" classname="Test_Data_Generation.Add_Tracking_Numbers_To_User"/>
  <testcase name="Add_Tracking_Number" time="0.219" classname="Test_Data_Generation.Add_Tracking_Numbers_To_User"/>
  <testcase name="Add_Tracking_Number" time="0.533" classname="Test_Data_Generation.Add_Tracking_Numbers_To_User"/>
  <testcase name="Add_Tracking_Number" time="0.541" classname="Test_Data_Generation.Add_Tracking_Numbers_To_User"/>
  <testcase name="Add_Tracking_Number" time="0.517" classname="Test_Data_Generation.Add_Tracking_Numbers_To_User"/>
  <testcase name="Add_Tracking_Number" time="0.504" classname="Test_Data_Generation.Add_Tracking_Numbers_To_User"/>
  <testcase name="Add_Tracking_Number" time="0.493" classname="Test_Data_Generation.Add_Tracking_Numbers_To_User"/>
  <testcase name="Add_Tracking_Number" time="0.490" classname="Test_Data_Generation.Add_Tracking_Numbers_To_User"/>
  <testcase name="Add_Tracking_Number" time="0.539" classname="Test_Data_Generation.Add_Tracking_Numbers_To_User"/>
  <testcase name="Add_Tracking_Number" time="0.541" classname="Test_Data_Generation.Add_Tracking_Numbers_To_User"/>
  <testcase name="Add_Tracking_Number" time="0.474" classname="Test_Data_Generation.Add_Tracking_Numbers_To_User"/>
  <testcase name="Add_Tracking_Number" time="0.476" classname="Test_Data_Generation.Add_Tracking_Numbers_To_User"/>
  <testcase name="Add_Tracking_Number" time="0.551" classname="Test_Data_Generation.Add_Tracking_Numbers_To_User"/>
  <testcase name="Add_Tracking_Number" time="0.525" classname="Test_Data_Generation.Add_Tracking_Numbers_To_User"/>
  <testcase name="Add_Tracking_Number" time="0.632" classname="Test_Data_Generation.Add_Tracking_Numbers_To_User"/>
  <testcase name="Add_Tracking_Number" time="0.491" classname="Test_Data_Generation.Add_Tracking_Numbers_To_User"/>
  <testcase name="Add_Tracking_Number" time="0.543" classname="Test_Data_Generation.Add_Tracking_Numbers_To_User"/>
  <testcase name="Add_Tracking_Number" time="0.631" classname="Test_Data_Generation.Add_Tracking_Numbers_To_User"/>
  <testcase name="Add_Tracking_Number" time="0.528" classname="Test_Data_Generation.Add_Tracking_Numbers_To_User"/>
  <testcase name="Add_Tracking_Number" time="0.743" classname="Test_Data_Generation.Add_Tracking_Numbers_To_User"/>
  <testcase name="Add_Tracking_Number" time="0.440" classname="Test_Data_Generation.Add_Tracking_Numbers_To_User"/>
  <testcase name="Add_Tracking_Number" time="0.481" classname="Test_Data_Generation.Add_Tracking_Numbers_To_User"/>
  <testcase name="Add_Tracking_Number" time="0.462" classname="Test_Data_Generation.Add_Tracking_Numbers_To_User">
    <failure type="java.lang.AssertionError" message="
Expected: a string containing &quot;{\&quot;successful\&quot;:true&quot;
     but: was &quot;{&quot;ShipmentOptionResponse&quot;:{&quot;successful&quot;:false,&quot;errorList&quot;:[{&quot;code&quot;:&quot;2997&quot;,&quot;message&quot;:&quot;TRAQS connection/request problem&quot;,&quot;source&quot;:null,&quot;rootCause&quot;:null}],&quot;alerts&quot;:null,&quot;cxsalerts&quot;:null}}&quot;">
      <![CDATA[java.lang.AssertionError: 
Expected: a string containing "{\"successful\":true"
     but: was "{"ShipmentOptionResponse":{"successful":false,"errorList":[{"code":"2997","message":"TRAQS connection/request problem","source":null,"rootCause":null}],"alerts":null,"cxsalerts":null}}"
at org.hamcrest.MatcherAssert.assertThat(MatcherAssert.java:20)
at org.junit.Assert.assertThat(Assert.java:956)
at org.junit.Assert.assertThat(Assert.java:923)
at Test_Data_Generation.Add_Tracking_Numbers_To_User.Add_Tracking_Number(Add_Tracking_Numbers_To_User.java:69)
at sun.reflect.GeneratedMethodAccessor2.invoke(Unknown Source)
at sun.reflect.DelegatingMethodAccessorImpl.invoke(Unknown Source)
at java.lang.reflect.Method.invoke(Unknown Source)
at org.testng.internal.MethodInvocationHelper.invokeMethod(MethodInvocationHelper.java:124)
at org.testng.internal.Invoker.invokeMethod(Invoker.java:580)
at org.testng.internal.Invoker.invokeTestMethod(Invoker.java:716)
at org.testng.internal.TestMethodWithDataProviderMethodWorker.call(TestMethodWithDataProviderMethodWorker.java:71)
at org.testng.internal.TestMethodWithDataProviderMethodWorker.call(TestMethodWithDataProviderMethodWorker.java:14)
at java.util.concurrent.FutureTask.run(Unknown Source)
at java.util.concurrent.Executors$RunnableAdapter.call(Unknown Source)
at java.util.concurrent.FutureTask.run(Unknown Source)
at java.util.concurrent.ThreadPoolExecutor.runWorker(Unknown Source)
at java.util.concurrent.ThreadPoolExecutor$Worker.run(Unknown Source)
at java.lang.Thread.run(Unknown Source)
]]>
    </failure>
  </testcase> <!-- Add_Tracking_Number -->
  <testcase name="Add_Tracking_Number" time="0.532" classname="Test_Data_Generation.Add_Tracking_Numbers_To_User"/>
  <testcase name="Add_Tracking_Number" time="0.464" classname="Test_Data_Generation.Add_Tracking_Numbers_To_User"/>
  <testcase name="Add_Tracking_Number" time="0.677" classname="Test_Data_Generation.Add_Tracking_Numbers_To_User"/>
  <testcase name="Add_Tracking_Number" time="0.937" classname="Test_Data_Generation.Add_Tracking_Numbers_To_User"/>
  <testcase name="Add_Tracking_Number" time="0.559" classname="Test_Data_Generation.Add_Tracking_Numbers_To_User"/>
  <testcase name="Add_Tracking_Number" time="0.621" classname="Test_Data_Generation.Add_Tracking_Numbers_To_User"/>
  <testcase name="Add_Tracking_Number" time="0.537" classname="Test_Data_Generation.Add_Tracking_Numbers_To_User"/>
  <testcase name="Add_Tracking_Number" time="0.512" classname="Test_Data_Generation.Add_Tracking_Numbers_To_User"/>
  <testcase name="Add_Tracking_Number" time="0.552" classname="Test_Data_Generation.Add_Tracking_Numbers_To_User"/>
  <testcase name="Add_Tracking_Number" time="0.474" classname="Test_Data_Generation.Add_Tracking_Numbers_To_User"/>
  <testcase name="Add_Tracking_Number" time="0.268" classname="Test_Data_Generation.Add_Tracking_Numbers_To_User"/>
  <testcase name="Add_Tracking_Number" time="0.450" classname="Test_Data_Generation.Add_Tracking_Numbers_To_User"/>
  <testcase name="Add_Tracking_Number" time="0.526" classname="Test_Data_Generation.Add_Tracking_Numbers_To_User"/>
  <testcase name="Add_Tracking_Number" time="0.505" classname="Test_Data_Generation.Add_Tracking_Numbers_To_User">
    <failure type="java.lang.AssertionError" message="
Expected: a string containing &quot;{\&quot;successful\&quot;:true&quot;
     but: was &quot;{&quot;ShipmentOptionResponse&quot;:{&quot;successful&quot;:false,&quot;errorList&quot;:[{&quot;code&quot;:&quot;2997&quot;,&quot;message&quot;:&quot;TRAQS connection/request problem&quot;,&quot;source&quot;:null,&quot;rootCause&quot;:null}],&quot;alerts&quot;:null,&quot;cxsalerts&quot;:null}}&quot;">
      <![CDATA[java.lang.AssertionError: 
Expected: a string containing "{\"successful\":true"
     but: was "{"ShipmentOptionResponse":{"successful":false,"errorList":[{"code":"2997","message":"TRAQS connection/request problem","source":null,"rootCause":null}],"alerts":null,"cxsalerts":null}}"
at org.hamcrest.MatcherAssert.assertThat(MatcherAssert.java:20)
at org.junit.Assert.assertThat(Assert.java:956)
at org.junit.Assert.assertThat(Assert.java:923)
at Test_Data_Generation.Add_Tracking_Numbers_To_User.Add_Tracking_Number(Add_Tracking_Numbers_To_User.java:69)
at sun.reflect.GeneratedMethodAccessor2.invoke(Unknown Source)
at sun.reflect.DelegatingMethodAccessorImpl.invoke(Unknown Source)
at java.lang.reflect.Method.invoke(Unknown Source)
at org.testng.internal.MethodInvocationHelper.invokeMethod(MethodInvocationHelper.java:124)
at org.testng.internal.Invoker.invokeMethod(Invoker.java:580)
at org.testng.internal.Invoker.invokeTestMethod(Invoker.java:716)
at org.testng.internal.TestMethodWithDataProviderMethodWorker.call(TestMethodWithDataProviderMethodWorker.java:71)
at org.testng.internal.TestMethodWithDataProviderMethodWorker.call(TestMethodWithDataProviderMethodWorker.java:14)
at java.util.concurrent.FutureTask.run(Unknown Source)
at java.util.concurrent.Executors$RunnableAdapter.call(Unknown Source)
at java.util.concurrent.FutureTask.run(Unknown Source)
at java.util.concurrent.ThreadPoolExecutor.runWorker(Unknown Source)
at java.util.concurrent.ThreadPoolExecutor$Worker.run(Unknown Source)
at java.lang.Thread.run(Unknown Source)
]]>
    </failure>
  </testcase> <!-- Add_Tracking_Number -->
  <testcase name="Add_Tracking_Number" time="0.639" classname="Test_Data_Generation.Add_Tracking_Numbers_To_User"/>
  <testcase name="Add_Tracking_Number" time="0.515" classname="Test_Data_Generation.Add_Tracking_Numbers_To_User"/>
  <testcase name="Add_Tracking_Number" time="0.520" classname="Test_Data_Generation.Add_Tracking_Numbers_To_User"/>
  <testcase name="Add_Tracking_Number" time="0.528" classname="Test_Data_Generation.Add_Tracking_Numbers_To_User"/>
  <testcase name="Add_Tracking_Number" time="0.533" classname="Test_Data_Generation.Add_Tracking_Numbers_To_User"/>
  <testcase name="Add_Tracking_Number" time="0.484" classname="Test_Data_Generation.Add_Tracking_Numbers_To_User"/>
  <testcase name="Add_Tracking_Number" time="0.565" classname="Test_Data_Generation.Add_Tracking_Numbers_To_User"/>
  <testcase name="Add_Tracking_Number" time="0.153" classname="Test_Data_Generation.Add_Tracking_Numbers_To_User"/>
  <testcase name="Add_Tracking_Number" time="0.778" classname="Test_Data_Generation.Add_Tracking_Numbers_To_User"/>
  <testcase name="Add_Tracking_Number" time="0.523" classname="Test_Data_Generation.Add_Tracking_Numbers_To_User"/>
  <testcase name="Add_Tracking_Number" time="0.552" classname="Test_Data_Generation.Add_Tracking_Numbers_To_User"/>
  <testcase name="Add_Tracking_Number" time="0.583" classname="Test_Data_Generation.Add_Tracking_Numbers_To_User"/>
  <testcase name="Add_Tracking_Number" time="0.558" classname="Test_Data_Generation.Add_Tracking_Numbers_To_User"/>
  <testcase name="Add_Tracking_Number" time="0.518" classname="Test_Data_Generation.Add_Tracking_Numbers_To_User"/>
  <testcase name="Add_Tracking_Number" time="0.626" classname="Test_Data_Generation.Add_Tracking_Numbers_To_User"/>
  <testcase name="Add_Tracking_Number" time="0.598" classname="Test_Data_Generation.Add_Tracking_Numbers_To_User"/>
  <testcase name="Add_Tracking_Number" time="0.467" classname="Test_Data_Generation.Add_Tracking_Numbers_To_User"/>
  <testcase name="Add_Tracking_Number" time="0.555" classname="Test_Data_Generation.Add_Tracking_Numbers_To_User"/>
  <testcase name="Add_Tracking_Number" time="0.429" classname="Test_Data_Generation.Add_Tracking_Numbers_To_User"/>
  <testcase name="Add_Tracking_Number" time="0.514" classname="Test_Data_Generation.Add_Tracking_Numbers_To_User"/>
  <testcase name="Add_Tracking_Number" time="0.479" classname="Test_Data_Generation.Add_Tracking_Numbers_To_User"/>
  <testcase name="Add_Tracking_Number" time="0.735" classname="Test_Data_Generation.Add_Tracking_Numbers_To_User"/>
  <testcase name="Add_Tracking_Number" time="0.607" classname="Test_Data_Generation.Add_Tracking_Numbers_To_User"/>
  <testcase name="Add_Tracking_Number" time="0.503" classname="Test_Data_Generation.Add_Tracking_Numbers_To_User"/>
  <testcase name="Add_Tracking_Number" time="0.050" classname="Test_Data_Generation.Add_Tracking_Numbers_To_User"/>
  <testcase name="Add_Tracking_Number" time="0.477" classname="Test_Data_Generation.Add_Tracking_Numbers_To_User"/>
  <testcase name="Add_Tracking_Number" time="0.476" classname="Test_Data_Generation.Add_Tracking_Numbers_To_User"/>
  <testcase name="Add_Tracking_Number" time="0.486" classname="Test_Data_Generation.Add_Tracking_Numbers_To_User"/>
  <testcase name="Add_Tracking_Number" time="0.636" classname="Test_Data_Generation.Add_Tracking_Numbers_To_User"/>
  <testcase name="Add_Tracking_Number" time="0.615" classname="Test_Data_Generation.Add_Tracking_Numbers_To_User"/>
  <testcase name="Add_Tracking_Number" time="0.567" classname="Test_Data_Generation.Add_Tracking_Numbers_To_User"/>
  <testcase name="Add_Tracking_Number" time="0.622" classname="Test_Data_Generation.Add_Tracking_Numbers_To_User"/>
  <testcase name="Add_Tracking_Number" time="0.483" classname="Test_Data_Generation.Add_Tracking_Numbers_To_User"/>
  <testcase name="Add_Tracking_Number" time="0.572" classname="Test_Data_Generation.Add_Tracking_Numbers_To_User"/>
  <testcase name="Add_Tracking_Number" time="0.592" classname="Test_Data_Generation.Add_Tracking_Numbers_To_User"/>
  <testcase name="Add_Tracking_Number" time="0.515" classname="Test_Data_Generation.Add_Tracking_Numbers_To_User"/>
  <testcase name="Add_Tracking_Number" time="0.504" classname="Test_Data_Generation.Add_Tracking_Numbers_To_User"/>
  <testcase name="Add_Tracking_Number" time="0.455" classname="Test_Data_Generation.Add_Tracking_Numbers_To_User"/>
  <testcase name="Add_Tracking_Number" time="0.606" classname="Test_Data_Generation.Add_Tracking_Numbers_To_User"/>
  <testcase name="Add_Tracking_Number" time="1.041" classname="Test_Data_Generation.Add_Tracking_Numbers_To_User"/>
  <testcase name="Add_Tracking_Number" time="0.487" classname="Test_Data_Generation.Add_Tracking_Numbers_To_User"/>
  <testcase name="Add_Tracking_Number" time="0.616" classname="Test_Data_Generation.Add_Tracking_Numbers_To_User"/>
  <testcase name="Add_Tracking_Number" time="0.539" classname="Test_Data_Generation.Add_Tracking_Numbers_To_User"/>
  <testcase name="Add_Tracking_Number" time="0.726" classname="Test_Data_Generation.Add_Tracking_Numbers_To_User"/>
  <testcase name="Add_Tracking_Number" time="0.629" classname="Test_Data_Generation.Add_Tracking_Numbers_To_User"/>
  <testcase name="Add_Tracking_Number" time="0.558" classname="Test_Data_Generation.Add_Tracking_Numbers_To_User"/>
  <testcase name="Add_Tracking_Number" time="0.490" classname="Test_Data_Generation.Add_Tracking_Numbers_To_User"/>
  <testcase name="Add_Tracking_Number" time="0.586" classname="Test_Data_Generation.Add_Tracking_Numbers_To_User"/>
  <testcase name="Add_Tracking_Number" time="0.121" classname="Test_Data_Generation.Add_Tracking_Numbers_To_User"/>
  <testcase name="Add_Tracking_Number" time="0.457" classname="Test_Data_Generation.Add_Tracking_Numbers_To_User"/>
  <testcase name="Add_Tracking_Number" time="0.494" classname="Test_Data_Generation.Add_Tracking_Numbers_To_User"/>
  <testcase name="Add_Tracking_Number" time="0.056" classname="Test_Data_Generation.Add_Tracking_Numbers_To_User"/>
  <testcase name="Add_Tracking_Number" time="0.511" classname="Test_Data_Generation.Add_Tracking_Numbers_To_User"/>
  <testcase name="Add_Tracking_Number" time="0.784" classname="Test_Data_Generation.Add_Tracking_Numbers_To_User"/>
  <testcase name="Add_Tracking_Number" time="0.474" classname="Test_Data_Generation.Add_Tracking_Numbers_To_User"/>
  <testcase name="Add_Tracking_Number" time="0.474" classname="Test_Data_Generation.Add_Tracking_Numbers_To_User"/>
  <testcase name="Add_Tracking_Number" time="0.552" classname="Test_Data_Generation.Add_Tracking_Numbers_To_User"/>
  <testcase name="Add_Tracking_Number" time="0.633" classname="Test_Data_Generation.Add_Tracking_Numbers_To_User"/>
  <testcase name="Add_Tracking_Number" time="0.480" classname="Test_Data_Generation.Add_Tracking_Numbers_To_User"/>
  <testcase name="Add_Tracking_Number" time="23.269" classname="Test_Data_Generation.Add_Tracking_Numbers_To_User"/>
  <testcase name="Add_Tracking_Number" time="0.787" classname="Test_Data_Generation.Add_Tracking_Numbers_To_User"/>
  <testcase name="Add_Tracking_Number" time="0.493" classname="Test_Data_Generation.Add_Tracking_Numbers_To_User"/>
  <testcase name="Add_Tracking_Number" time="0.569" classname="Test_Data_Generation.Add_Tracking_Numbers_To_User"/>
  <testcase name="Add_Tracking_Number" time="0.506" classname="Test_Data_Generation.Add_Tracking_Numbers_To_User"/>
  <testcase name="Add_Tracking_Number" time="0.507" classname="Test_Data_Generation.Add_Tracking_Numbers_To_User"/>
  <testcase name="Add_Tracking_Number" time="0.566" classname="Test_Data_Generation.Add_Tracking_Numbers_To_User"/>
  <testcase name="Add_Tracking_Number" time="0.555" classname="Test_Data_Generation.Add_Tracking_Numbers_To_User"/>
  <testcase name="Add_Tracking_Number" time="0.643" classname="Test_Data_Generation.Add_Tracking_Numbers_To_User"/>
  <testcase name="Add_Tracking_Number" time="0.530" classname="Test_Data_Generation.Add_Tracking_Numbers_To_User"/>
  <testcase name="Add_Tracking_Number" time="0.504" classname="Test_Data_Generation.Add_Tracking_Numbers_To_User"/>
  <testcase name="Add_Tracking_Number" time="0.540" classname="Test_Data_Generation.Add_Tracking_Numbers_To_User"/>
  <testcase name="Add_Tracking_Number" time="0.521" classname="Test_Data_Generation.Add_Tracking_Numbers_To_User"/>
  <testcase name="Add_Tracking_Number" time="0.467" classname="Test_Data_Generation.Add_Tracking_Numbers_To_User"/>
  <testcase name="Add_Tracking_Number" time="0.533" classname="Test_Data_Generation.Add_Tracking_Numbers_To_User"/>
  <testcase name="Add_Tracking_Number" time="0.522" classname="Test_Data_Generation.Add_Tracking_Numbers_To_User"/>
  <testcase name="Add_Tracking_Number" time="0.602" classname="Test_Data_Generation.Add_Tracking_Numbers_To_User"/>
  <testcase name="Add_Tracking_Number" time="0.484" classname="Test_Data_Generation.Add_Tracking_Numbers_To_User"/>
  <testcase name="Add_Tracking_Number" time="0.792" classname="Test_Data_Generation.Add_Tracking_Numbers_To_User"/>
  <testcase name="Add_Tracking_Number" time="0.537" classname="Test_Data_Generation.Add_Tracking_Numbers_To_User"/>
  <testcase name="Add_Tracking_Number" time="0.493" classname="Test_Data_Generation.Add_Tracking_Numbers_To_User"/>
  <testcase name="Add_Tracking_Number" time="0.537" classname="Test_Data_Generation.Add_Tracking_Numbers_To_User"/>
  <testcase name="Add_Tracking_Number" time="0.564" classname="Test_Data_Generation.Add_Tracking_Numbers_To_User"/>
  <testcase name="Add_Tracking_Number" time="0.465" classname="Test_Data_Generation.Add_Tracking_Numbers_To_User"/>
  <testcase name="Add_Tracking_Number" time="0.309" classname="Test_Data_Generation.Add_Tracking_Numbers_To_User"/>
  <testcase name="Add_Tracking_Number" time="0.464" classname="Test_Data_Generation.Add_Tracking_Numbers_To_User"/>
  <testcase name="Add_Tracking_Number" time="0.508" classname="Test_Data_Generation.Add_Tracking_Numbers_To_User"/>
  <testcase name="Add_Tracking_Number" time="0.661" classname="Test_Data_Generation.Add_Tracking_Numbers_To_User"/>
  <testcase name="Add_Tracking_Number" time="0.735" classname="Test_Data_Generation.Add_Tracking_Numbers_To_User"/>
  <testcase name="Add_Tracking_Number" time="0.497" classname="Test_Data_Generation.Add_Tracking_Numbers_To_User"/>
  <testcase name="Add_Tracking_Number" time="0.528" classname="Test_Data_Generation.Add_Tracking_Numbers_To_User"/>
  <testcase name="Add_Tracking_Number" time="0.493" classname="Test_Data_Generation.Add_Tracking_Numbers_To_User"/>
  <testcase name="Add_Tracking_Number" time="0.488" classname="Test_Data_Generation.Add_Tracking_Numbers_To_User"/>
  <testcase name="Add_Tracking_Number" time="0.521" classname="Test_Data_Generation.Add_Tracking_Numbers_To_User"/>
  <testcase name="Add_Tracking_Number" time="0.456" classname="Test_Data_Generation.Add_Tracking_Numbers_To_User"/>
  <testcase name="Add_Tracking_Number" time="0.502" classname="Test_Data_Generation.Add_Tracking_Numbers_To_User"/>
  <testcase name="Add_Tracking_Number" time="0.630" classname="Test_Data_Generation.Add_Tracking_Numbers_To_User"/>
  <testcase name="Add_Tracking_Number" time="0.608" classname="Test_Data_Generation.Add_Tracking_Numbers_To_User"/>
  <testcase name="Add_Tracking_Number" time="0.559" classname="Test_Data_Generation.Add_Tracking_Numbers_To_User"/>
  <testcase name="Add_Tracking_Number" time="0.666" classname="Test_Data_Generation.Add_Tracking_Numbers_To_User"/>
  <testcase name="Add_Tracking_Number" time="0.619" classname="Test_Data_Generation.Add_Tracking_Numbers_To_User"/>
  <testcase name="Add_Tracking_Number" time="0.458" classname="Test_Data_Generation.Add_Tracking_Numbers_To_User"/>
  <testcase name="Add_Tracking_Number" time="0.483" classname="Test_Data_Generation.Add_Tracking_Numbers_To_User"/>
  <testcase name="Add_Tracking_Number" time="0.741" classname="Test_Data_Generation.Add_Tracking_Numbers_To_User"/>
  <testcase name="Add_Tracking_Number" time="0.477" classname="Test_Data_Generation.Add_Tracking_Numbers_To_User"/>
  <testcase name="Add_Tracking_Number" time="0.518" classname="Test_Data_Generation.Add_Tracking_Numbers_To_User"/>
  <testcase name="Add_Tracking_Number" time="0.503" classname="Test_Data_Generation.Add_Tracking_Numbers_To_User"/>
  <testcase name="Add_Tracking_Number" time="0.535" classname="Test_Data_Generation.Add_Tracking_Numbers_To_User"/>
  <testcase name="Add_Tracking_Number" time="0.718" classname="Test_Data_Generation.Add_Tracking_Numbers_To_User"/>
  <testcase name="Add_Tracking_Number" time="0.502" classname="Test_Data_Generation.Add_Tracking_Numbers_To_User"/>
  <testcase name="Add_Tracking_Number" time="0.509" classname="Test_Data_Generation.Add_Tracking_Numbers_To_User"/>
  <testcase name="Add_Tracking_Number" time="0.634" classname="Test_Data_Generation.Add_Tracking_Numbers_To_User"/>
  <testcase name="Add_Tracking_Number" time="0.478" classname="Test_Data_Generation.Add_Tracking_Numbers_To_User"/>
  <testcase name="Add_Tracking_Number" time="0.697" classname="Test_Data_Generation.Add_Tracking_Numbers_To_User"/>
  <testcase name="Add_Tracking_Number" time="0.494" classname="Test_Data_Generation.Add_Tracking_Numbers_To_User"/>
  <testcase name="Add_Tracking_Number" time="0.570" classname="Test_Data_Generation.Add_Tracking_Numbers_To_User"/>
  <testcase name="Add_Tracking_Number" time="0.470" classname="Test_Data_Generation.Add_Tracking_Numbers_To_User"/>
  <testcase name="Add_Tracking_Number" time="0.581" classname="Test_Data_Generation.Add_Tracking_Numbers_To_User"/>
  <testcase name="Add_Tracking_Number" time="0.679" classname="Test_Data_Generation.Add_Tracking_Numbers_To_User"/>
  <testcase name="Add_Tracking_Number" time="0.483" classname="Test_Data_Generation.Add_Tracking_Numbers_To_User"/>
  <testcase name="Add_Tracking_Number" time="0.596" classname="Test_Data_Generation.Add_Tracking_Numbers_To_User"/>
  <testcase name="Add_Tracking_Number" time="0.498" classname="Test_Data_Generation.Add_Tracking_Numbers_To_User"/>
  <testcase name="Add_Tracking_Number" time="0.504" classname="Test_Data_Generation.Add_Tracking_Numbers_To_User"/>
  <testcase name="Add_Tracking_Number" time="0.584" classname="Test_Data_Generation.Add_Tracking_Numbers_To_User"/>
  <testcase name="Add_Tracking_Number" time="0.512" classname="Test_Data_Generation.Add_Tracking_Numbers_To_User"/>
  <testcase name="Add_Tracking_Number" time="0.518" classname="Test_Data_Generation.Add_Tracking_Numbers_To_User"/>
  <testcase name="Add_Tracking_Number" time="0.529" classname="Test_Data_Generation.Add_Tracking_Numbers_To_User"/>
  <testcase name="Add_Tracking_Number" time="0.548" classname="Test_Data_Generation.Add_Tracking_Numbers_To_User"/>
  <testcase name="Add_Tracking_Number" time="0.665" classname="Test_Data_Generation.Add_Tracking_Numbers_To_User"/>
  <testcase name="Add_Tracking_Number" time="0.548" classname="Test_Data_Generation.Add_Tracking_Numbers_To_User"/>
  <testcase name="Add_Tracking_Number" time="0.524" classname="Test_Data_Generation.Add_Tracking_Numbers_To_User"/>
  <testcase name="Add_Tracking_Number" time="0.684" classname="Test_Data_Generation.Add_Tracking_Numbers_To_User"/>
  <testcase name="Add_Tracking_Number" time="0.551" classname="Test_Data_Generation.Add_Tracking_Numbers_To_User"/>
  <testcase name="Add_Tracking_Number" time="0.482" classname="Test_Data_Generation.Add_Tracking_Numbers_To_User"/>
  <testcase name="Add_Tracking_Number" time="0.541" classname="Test_Data_Generation.Add_Tracking_Numbers_To_User"/>
  <testcase name="Add_Tracking_Number" time="0.571" classname="Test_Data_Generation.Add_Tracking_Numbers_To_User"/>
  <testcase name="Add_Tracking_Number" time="0.543" classname="Test_Data_Generation.Add_Tracking_Numbers_To_User"/>
  <testcase name="Add_Tracking_Number" time="0.582" classname="Test_Data_Generation.Add_Tracking_Numbers_To_User"/>
  <testcase name="Add_Tracking_Number" time="0.617" classname="Test_Data_Generation.Add_Tracking_Numbers_To_User"/>
  <testcase name="Add_Tracking_Number" time="0.506" classname="Test_Data_Generation.Add_Tracking_Numbers_To_User"/>
  <testcase name="Add_Tracking_Number" time="0.519" classname="Test_Data_Generation.Add_Tracking_Numbers_To_User"/>
  <testcase name="Add_Tracking_Number" time="0.569" classname="Test_Data_Generation.Add_Tracking_Numbers_To_User"/>
  <testcase name="Add_Tracking_Number" time="0.599" classname="Test_Data_Generation.Add_Tracking_Numbers_To_User"/>
  <testcase name="Add_Tracking_Number" time="0.550" classname="Test_Data_Generation.Add_Tracking_Numbers_To_User"/>
  <testcase name="Add_Tracking_Number" time="0.554" classname="Test_Data_Generation.Add_Tracking_Numbers_To_User"/>
  <testcase name="Add_Tracking_Number" time="0.550" classname="Test_Data_Generation.Add_Tracking_Numbers_To_User"/>
  <testcase name="Add_Tracking_Number" time="0.477" classname="Test_Data_Generation.Add_Tracking_Numbers_To_User"/>
  <testcase name="Add_Tracking_Number" time="0.446" classname="Test_Data_Generation.Add_Tracking_Numbers_To_User"/>
  <testcase name="Add_Tracking_Number" time="0.566" classname="Test_Data_Generation.Add_Tracking_Numbers_To_User"/>
  <testcase name="Add_Tracking_Number" time="0.719" classname="Test_Data_Generation.Add_Tracking_Numbers_To_User"/>
  <testcase name="Add_Tracking_Number" time="0.615" classname="Test_Data_Generation.Add_Tracking_Numbers_To_User"/>
  <testcase name="Add_Tracking_Number" time="0.585" classname="Test_Data_Generation.Add_Tracking_Numbers_To_User"/>
  <testcase name="Add_Tracking_Number" time="0.483" classname="Test_Data_Generation.Add_Tracking_Numbers_To_User"/>
  <testcase name="Add_Tracking_Number" time="0.574" classname="Test_Data_Generation.Add_Tracking_Numbers_To_User"/>
  <testcase name="Add_Tracking_Number" time="0.675" classname="Test_Data_Generation.Add_Tracking_Numbers_To_User"/>
  <testcase name="Add_Tracking_Number" time="0.531" classname="Test_Data_Generation.Add_Tracking_Numbers_To_User"/>
  <testcase name="Add_Tracking_Number" time="0.757" classname="Test_Data_Generation.Add_Tracking_Numbers_To_User"/>
  <testcase name="Add_Tracking_Number" time="0.523" classname="Test_Data_Generation.Add_Tracking_Numbers_To_User"/>
  <testcase name="Add_Tracking_Number" time="0.519" classname="Test_Data_Generation.Add_Tracking_Numbers_To_User"/>
  <testcase name="Add_Tracking_Number" time="0.467" classname="Test_Data_Generation.Add_Tracking_Numbers_To_User"/>
  <testcase name="Add_Tracking_Number" time="0.469" classname="Test_Data_Generation.Add_Tracking_Numbers_To_User"/>
  <testcase name="Add_Tracking_Number" time="0.541" classname="Test_Data_Generation.Add_Tracking_Numbers_To_User"/>
  <testcase name="Add_Tracking_Number" time="0.728" classname="Test_Data_Generation.Add_Tracking_Numbers_To_User"/>
  <testcase name="Add_Tracking_Number" time="0.531" classname="Test_Data_Generation.Add_Tracking_Numbers_To_User"/>
  <testcase name="Add_Tracking_Number" time="0.579" classname="Test_Data_Generation.Add_Tracking_Numbers_To_User"/>
  <testcase name="Add_Tracking_Number" time="0.677" classname="Test_Data_Generation.Add_Tracking_Numbers_To_User"/>
  <testcase name="Add_Tracking_Number" time="0.500" classname="Test_Data_Generation.Add_Tracking_Numbers_To_User"/>
  <testcase name="Add_Tracking_Number" time="0.553" classname="Test_Data_Generation.Add_Tracking_Numbers_To_User"/>
  <testcase name="Add_Tracking_Number" time="0.515" classname="Test_Data_Generation.Add_Tracking_Numbers_To_User"/>
  <testcase name="Add_Tracking_Number" time="0.548" classname="Test_Data_Generation.Add_Tracking_Numbers_To_User"/>
  <testcase name="Add_Tracking_Number" time="0.582" classname="Test_Data_Generation.Add_Tracking_Numbers_To_User"/>
  <testcase name="Add_Tracking_Number" time="0.504" classname="Test_Data_Generation.Add_Tracking_Numbers_To_User"/>
  <testcase name="Add_Tracking_Number" time="0.609" classname="Test_Data_Generation.Add_Tracking_Numbers_To_User"/>
  <testcase name="Add_Tracking_Number" time="0.540" classname="Test_Data_Generation.Add_Tracking_Numbers_To_User"/>
  <testcase name="Add_Tracking_Number" time="0.445" classname="Test_Data_Generation.Add_Tracking_Numbers_To_User"/>
  <testcase name="Add_Tracking_Number" time="0.663" classname="Test_Data_Generation.Add_Tracking_Numbers_To_User"/>
  <testcase name="Add_Tracking_Number" time="0.544" classname="Test_Data_Generation.Add_Tracking_Numbers_To_User"/>
  <testcase name="Add_Tracking_Number" time="0.517" classname="Test_Data_Generation.Add_Tracking_Numbers_To_User"/>
  <testcase name="Add_Tracking_Number" time="0.529" classname="Test_Data_Generation.Add_Tracking_Numbers_To_User"/>
  <testcase name="Add_Tracking_Number" time="0.491" classname="Test_Data_Generation.Add_Tracking_Numbers_To_User"/>
  <testcase name="Add_Tracking_Number" time="0.597" classname="Test_Data_Generation.Add_Tracking_Numbers_To_User"/>
  <testcase name="Add_Tracking_Number" time="0.464" classname="Test_Data_Generation.Add_Tracking_Numbers_To_User"/>
  <testcase name="Add_Tracking_Number" time="0.590" classname="Test_Data_Generation.Add_Tracking_Numbers_To_User"/>
  <testcase name="Add_Tracking_Number" time="0.512" classname="Test_Data_Generation.Add_Tracking_Numbers_To_User"/>
  <testcase name="Add_Tracking_Number" time="0.481" classname="Test_Data_Generation.Add_Tracking_Numbers_To_User"/>
  <testcase name="Add_Tracking_Number" time="0.369" classname="Test_Data_Generation.Add_Tracking_Numbers_To_User"/>
  <testcase name="Add_Tracking_Number" time="0.467" classname="Test_Data_Generation.Add_Tracking_Numbers_To_User"/>
  <testcase name="Add_Tracking_Number" time="0.478" classname="Test_Data_Generation.Add_Tracking_Numbers_To_User"/>
  <testcase name="Add_Tracking_Number" time="0.719" classname="Test_Data_Generation.Add_Tracking_Numbers_To_User"/>
  <testcase name="Add_Tracking_Number" time="0.517" classname="Test_Data_Generation.Add_Tracking_Numbers_To_User"/>
  <testcase name="Add_Tracking_Number" time="0.617" classname="Test_Data_Generation.Add_Tracking_Numbers_To_User"/>
  <testcase name="Add_Tracking_Number" time="0.737" classname="Test_Data_Generation.Add_Tracking_Numbers_To_User"/>
  <testcase name="Add_Tracking_Number" time="0.499" classname="Test_Data_Generation.Add_Tracking_Numbers_To_User"/>
  <testcase name="Add_Tracking_Number" time="0.571" classname="Test_Data_Generation.Add_Tracking_Numbers_To_User"/>
  <testcase name="Add_Tracking_Number" time="0.597" classname="Test_Data_Generation.Add_Tracking_Numbers_To_User"/>
  <testcase name="Add_Tracking_Number" time="0.582" classname="Test_Data_Generation.Add_Tracking_Numbers_To_User"/>
  <testcase name="Add_Tracking_Number" time="0.573" classname="Test_Data_Generation.Add_Tracking_Numbers_To_User"/>
  <testcase name="Add_Tracking_Number" time="0.439" classname="Test_Data_Generation.Add_Tracking_Numbers_To_User"/>
  <testcase name="Add_Tracking_Number" time="0.511" classname="Test_Data_Generation.Add_Tracking_Numbers_To_User"/>
  <testcase name="Add_Tracking_Number" time="0.512" classname="Test_Data_Generation.Add_Tracking_Numbers_To_User"/>
  <testcase name="Add_Tracking_Number" time="0.529" classname="Test_Data_Generation.Add_Tracking_Numbers_To_User"/>
  <testcase name="Add_Tracking_Number" time="0.579" classname="Test_Data_Generation.Add_Tracking_Numbers_To_User"/>
  <testcase name="Add_Tracking_Number" time="0.628" classname="Test_Data_Generation.Add_Tracking_Numbers_To_User"/>
  <testcase name="Add_Tracking_Number" time="0.653" classname="Test_Data_Generation.Add_Tracking_Numbers_To_User"/>
  <testcase name="Add_Tracking_Number" time="0.607" classname="Test_Data_Generation.Add_Tracking_Numbers_To_User"/>
  <testcase name="Add_Tracking_Number" time="0.463" classname="Test_Data_Generation.Add_Tracking_Numbers_To_User"/>
  <testcase name="Add_Tracking_Number" time="0.560" classname="Test_Data_Generation.Add_Tracking_Numbers_To_User"/>
  <testcase name="Add_Tracking_Number" time="0.503" classname="Test_Data_Generation.Add_Tracking_Numbers_To_User"/>
  <testcase name="Add_Tracking_Number" time="0.545" classname="Test_Data_Generation.Add_Tracking_Numbers_To_User"/>
  <testcase name="Add_Tracking_Number" time="0.528" classname="Test_Data_Generation.Add_Tracking_Numbers_To_User"/>
  <testcase name="Add_Tracking_Number" time="0.497" classname="Test_Data_Generation.Add_Tracking_Numbers_To_User"/>
  <testcase name="Add_Tracking_Number" time="0.143" classname="Test_Data_Generation.Add_Tracking_Numbers_To_User"/>
  <testcase name="Add_Tracking_Number" time="0.493" classname="Test_Data_Generation.Add_Tracking_Numbers_To_User"/>
  <testcase name="Add_Tracking_Number" time="0.504" classname="Test_Data_Generation.Add_Tracking_Numbers_To_User"/>
  <testcase name="Add_Tracking_Number" time="0.068" classname="Test_Data_Generation.Add_Tracking_Numbers_To_User"/>
  <testcase name="Add_Tracking_Number" time="0.571" classname="Test_Data_Generation.Add_Tracking_Numbers_To_User"/>
  <testcase name="Add_Tracking_Number" time="0.546" classname="Test_Data_Generation.Add_Tracking_Numbers_To_User"/>
  <testcase name="Add_Tracking_Number" time="0.503" classname="Test_Data_Generation.Add_Tracking_Numbers_To_User"/>
  <testcase name="Add_Tracking_Number" time="0.595" classname="Test_Data_Generation.Add_Tracking_Numbers_To_User"/>
  <testcase name="Add_Tracking_Number" time="0.530" classname="Test_Data_Generation.Add_Tracking_Numbers_To_User"/>
  <testcase name="Add_Tracking_Number" time="0.608" classname="Test_Data_Generation.Add_Tracking_Numbers_To_User"/>
  <testcase name="Add_Tracking_Number" time="0.679" classname="Test_Data_Generation.Add_Tracking_Numbers_To_User"/>
  <testcase name="Add_Tracking_Number" time="0.546" classname="Test_Data_Generation.Add_Tracking_Numbers_To_User"/>
  <testcase name="Add_Tracking_Number" time="1.205" classname="Test_Data_Generation.Add_Tracking_Numbers_To_User"/>
  <testcase name="Add_Tracking_Number" time="0.642" classname="Test_Data_Generation.Add_Tracking_Numbers_To_User"/>
  <testcase name="Add_Tracking_Number" time="0.536" classname="Test_Data_Generation.Add_Tracking_Numbers_To_User"/>
  <testcase name="Add_Tracking_Number" time="0.513" classname="Test_Data_Generation.Add_Tracking_Numbers_To_User"/>
  <testcase name="Add_Tracking_Number" time="0.599" classname="Test_Data_Generation.Add_Tracking_Numbers_To_User"/>
  <testcase name="Add_Tracking_Number" time="0.647" classname="Test_Data_Generation.Add_Tracking_Numbers_To_User"/>
  <testcase name="Add_Tracking_Number" time="0.573" classname="Test_Data_Generation.Add_Tracking_Numbers_To_User"/>
  <testcase name="Add_Tracking_Number" time="0.716" classname="Test_Data_Generation.Add_Tracking_Numbers_To_User"/>
  <testcase name="Add_Tracking_Number" time="0.519" classname="Test_Data_Generation.Add_Tracking_Numbers_To_User"/>
  <testcase name="Add_Tracking_Number" time="0.745" classname="Test_Data_Generation.Add_Tracking_Numbers_To_User"/>
  <testcase name="Add_Tracking_Number" time="0.554" classname="Test_Data_Generation.Add_Tracking_Numbers_To_User"/>
  <testcase name="Add_Tracking_Number" time="0.425" classname="Test_Data_Generation.Add_Tracking_Numbers_To_User"/>
  <testcase name="Add_Tracking_Number" time="0.454" classname="Test_Data_Generation.Add_Tracking_Numbers_To_User"/>
  <testcase name="Add_Tracking_Number" time="0.558" classname="Test_Data_Generation.Add_Tracking_Numbers_To_User"/>
  <testcase name="Add_Tracking_Number" time="0.503" classname="Test_Data_Generation.Add_Tracking_Numbers_To_User"/>
  <testcase name="Add_Tracking_Number" time="0.630" classname="Test_Data_Generation.Add_Tracking_Numbers_To_User"/>
  <testcase name="Add_Tracking_Number" time="0.623" classname="Test_Data_Generation.Add_Tracking_Numbers_To_User"/>
  <testcase name="Add_Tracking_Number" time="0.475" classname="Test_Data_Generation.Add_Tracking_Numbers_To_User"/>
  <testcase name="Add_Tracking_Number" time="0.643" classname="Test_Data_Generation.Add_Tracking_Numbers_To_User"/>
  <testcase name="Add_Tracking_Number" time="0.588" classname="Test_Data_Generation.Add_Tracking_Numbers_To_User"/>
  <testcase name="Add_Tracking_Number" time="0.457" classname="Test_Data_Generation.Add_Tracking_Numbers_To_User"/>
  <testcase name="Add_Tracking_Number" time="0.223" classname="Test_Data_Generation.Add_Tracking_Numbers_To_User"/>
  <testcase name="Add_Tracking_Number" time="0.555" classname="Test_Data_Generation.Add_Tracking_Numbers_To_User"/>
  <testcase name="Add_Tracking_Number" time="0.440" classname="Test_Data_Generation.Add_Tracking_Numbers_To_User"/>
  <testcase name="Add_Tracking_Number" time="0.466" classname="Test_Data_Generation.Add_Tracking_Numbers_To_User"/>
  <testcase name="Add_Tracking_Number" time="0.494" classname="Test_Data_Generation.Add_Tracking_Numbers_To_User"/>
  <testcase name="Add_Tracking_Number" time="0.544" classname="Test_Data_Generation.Add_Tracking_Numbers_To_User"/>
  <testcase name="Add_Tracking_Number" time="0.823" classname="Test_Data_Generation.Add_Tracking_Numbers_To_User"/>
  <testcase name="Add_Tracking_Number" time="0.515" classname="Test_Data_Generation.Add_Tracking_Numbers_To_User"/>
  <testcase name="Add_Tracking_Number" time="0.487" classname="Test_Data_Generation.Add_Tracking_Numbers_To_User"/>
  <testcase name="Add_Tracking_Number" time="0.557" classname="Test_Data_Generation.Add_Tracking_Numbers_To_User"/>
  <testcase name="Add_Tracking_Number" time="0.482" classname="Test_Data_Generation.Add_Tracking_Numbers_To_User"/>
  <testcase name="Add_Tracking_Number" time="0.559" classname="Test_Data_Generation.Add_Tracking_Numbers_To_User"/>
  <testcase name="Add_Tracking_Number" time="0.499" classname="Test_Data_Generation.Add_Tracking_Numbers_To_User"/>
  <testcase name="Add_Tracking_Number" time="0.542" classname="Test_Data_Generation.Add_Tracking_Numbers_To_User"/>
  <testcase name="Add_Tracking_Number" time="0.768" classname="Test_Data_Generation.Add_Tracking_Numbers_To_User"/>
  <testcase name="Add_Tracking_Number" time="0.438" classname="Test_Data_Generation.Add_Tracking_Numbers_To_User"/>
  <testcase name="Add_Tracking_Number" time="0.554" classname="Test_Data_Generation.Add_Tracking_Numbers_To_User"/>
  <testcase name="Add_Tracking_Number" time="0.594" classname="Test_Data_Generation.Add_Tracking_Numbers_To_User"/>
  <testcase name="Add_Tracking_Number" time="0.724" classname="Test_Data_Generation.Add_Tracking_Numbers_To_User"/>
  <testcase name="Add_Tracking_Number" time="0.693" classname="Test_Data_Generation.Add_Tracking_Numbers_To_User"/>
  <testcase name="Add_Tracking_Number" time="0.639" classname="Test_Data_Generation.Add_Tracking_Numbers_To_User"/>
  <testcase name="Add_Tracking_Number" time="0.624" classname="Test_Data_Generation.Add_Tracking_Numbers_To_User"/>
  <testcase name="Add_Tracking_Number" time="0.722" classname="Test_Data_Generation.Add_Tracking_Numbers_To_User"/>
  <testcase name="Add_Tracking_Number" time="0.495" classname="Test_Data_Generation.Add_Tracking_Numbers_To_User"/>
  <testcase name="Add_Tracking_Number" time="0.469" classname="Test_Data_Generation.Add_Tracking_Numbers_To_User"/>
  <testcase name="Add_Tracking_Number" time="0.738" classname="Test_Data_Generation.Add_Tracking_Numbers_To_User"/>
  <testcase name="Add_Tracking_Number" time="0.559" classname="Test_Data_Generation.Add_Tracking_Numbers_To_User"/>
  <testcase name="Add_Tracking_Number" time="0.539" classname="Test_Data_Generation.Add_Tracking_Numbers_To_User"/>
  <testcase name="Add_Tracking_Number" time="0.569" classname="Test_Data_Generation.Add_Tracking_Numbers_To_User"/>
  <testcase name="Add_Tracking_Number" time="0.477" classname="Test_Data_Generation.Add_Tracking_Numbers_To_User"/>
  <testcase name="Add_Tracking_Number" time="0.532" classname="Test_Data_Generation.Add_Tracking_Numbers_To_User"/>
  <testcase name="Add_Tracking_Number" time="0.457" classname="Test_Data_Generation.Add_Tracking_Numbers_To_User"/>
  <testcase name="Add_Tracking_Number" time="0.571" classname="Test_Data_Generation.Add_Tracking_Numbers_To_User"/>
  <testcase name="Add_Tracking_Number" time="0.505" classname="Test_Data_Generation.Add_Tracking_Numbers_To_User"/>
  <testcase name="Add_Tracking_Number" time="0.557" classname="Test_Data_Generation.Add_Tracking_Numbers_To_User"/>
  <testcase name="Add_Tracking_Number" time="0.516" classname="Test_Data_Generation.Add_Tracking_Numbers_To_User"/>
  <testcase name="Add_Tracking_Number" time="0.570" classname="Test_Data_Generation.Add_Tracking_Numbers_To_User"/>
  <testcase name="Add_Tracking_Number" time="0.477" classname="Test_Data_Generation.Add_Tracking_Numbers_To_User"/>
  <testcase name="Add_Tracking_Number" time="0.505" classname="Test_Data_Generation.Add_Tracking_Numbers_To_User"/>
  <testcase name="Add_Tracking_Number" time="0.671" classname="Test_Data_Generation.Add_Tracking_Numbers_To_User"/>
  <testcase name="Add_Tracking_Number" time="0.597" classname="Test_Data_Generation.Add_Tracking_Numbers_To_User"/>
  <testcase name="Add_Tracking_Number" time="0.563" classname="Test_Data_Generation.Add_Tracking_Numbers_To_User"/>
  <testcase name="Add_Tracking_Number" time="0.497" classname="Test_Data_Generation.Add_Tracking_Numbers_To_User"/>
  <testcase name="Add_Tracking_Number" time="0.473" classname="Test_Data_Generation.Add_Tracking_Numbers_To_User"/>
  <testcase name="Add_Tracking_Number" time="0.532" classname="Test_Data_Generation.Add_Tracking_Numbers_To_User"/>
  <testcase name="Add_Tracking_Number" time="0.537" classname="Test_Data_Generation.Add_Tracking_Numbers_To_User"/>
  <testcase name="Add_Tracking_Number" time="0.649" classname="Test_Data_Generation.Add_Tracking_Numbers_To_User"/>
  <testcase name="Add_Tracking_Number" time="0.831" classname="Test_Data_Generation.Add_Tracking_Numbers_To_User"/>
  <testcase name="Add_Tracking_Number" time="0.556" classname="Test_Data_Generation.Add_Tracking_Numbers_To_User"/>
  <testcase name="Add_Tracking_Number" time="0.569" classname="Test_Data_Generation.Add_Tracking_Numbers_To_User"/>
  <testcase name="Add_Tracking_Number" time="0.632" classname="Test_Data_Generation.Add_Tracking_Numbers_To_User"/>
  <testcase name="Add_Tracking_Number" time="0.662" classname="Test_Data_Generation.Add_Tracking_Numbers_To_User"/>
  <testcase name="Add_Tracking_Number" time="0.374" classname="Test_Data_Generation.Add_Tracking_Numbers_To_User"/>
  <testcase name="Add_Tracking_Number" time="0.489" classname="Test_Data_Generation.Add_Tracking_Numbers_To_User"/>
  <testcase name="Add_Tracking_Number" time="0.565" classname="Test_Data_Generation.Add_Tracking_Numbers_To_User"/>
  <testcase name="Add_Tracking_Number" time="0.442" classname="Test_Data_Generation.Add_Tracking_Numbers_To_User">
    <failure type="java.lang.AssertionError" message="
Expected: a string containing &quot;{\&quot;successful\&quot;:true&quot;
     but: was &quot;{&quot;ShipmentOptionResponse&quot;:{&quot;successful&quot;:false,&quot;errorList&quot;:[{&quot;code&quot;:&quot;2997&quot;,&quot;message&quot;:&quot;TRAQS connection/request problem&quot;,&quot;source&quot;:null,&quot;rootCause&quot;:null}],&quot;alerts&quot;:null,&quot;cxsalerts&quot;:null}}&quot;">
      <![CDATA[java.lang.AssertionError: 
Expected: a string containing "{\"successful\":true"
     but: was "{"ShipmentOptionResponse":{"successful":false,"errorList":[{"code":"2997","message":"TRAQS connection/request problem","source":null,"rootCause":null}],"alerts":null,"cxsalerts":null}}"
at org.hamcrest.MatcherAssert.assertThat(MatcherAssert.java:20)
at org.junit.Assert.assertThat(Assert.java:956)
at org.junit.Assert.assertThat(Assert.java:923)
at Test_Data_Generation.Add_Tracking_Numbers_To_User.Add_Tracking_Number(Add_Tracking_Numbers_To_User.java:69)
at sun.reflect.GeneratedMethodAccessor2.invoke(Unknown Source)
at sun.reflect.DelegatingMethodAccessorImpl.invoke(Unknown Source)
at java.lang.reflect.Method.invoke(Unknown Source)
at org.testng.internal.MethodInvocationHelper.invokeMethod(MethodInvocationHelper.java:124)
at org.testng.internal.Invoker.invokeMethod(Invoker.java:580)
at org.testng.internal.Invoker.invokeTestMethod(Invoker.java:716)
at org.testng.internal.TestMethodWithDataProviderMethodWorker.call(TestMethodWithDataProviderMethodWorker.java:71)
at org.testng.internal.TestMethodWithDataProviderMethodWorker.call(TestMethodWithDataProviderMethodWorker.java:14)
at java.util.concurrent.FutureTask.run(Unknown Source)
at java.util.concurrent.Executors$RunnableAdapter.call(Unknown Source)
at java.util.concurrent.FutureTask.run(Unknown Source)
at java.util.concurrent.ThreadPoolExecutor.runWorker(Unknown Source)
at java.util.concurrent.ThreadPoolExecutor$Worker.run(Unknown Source)
at java.lang.Thread.run(Unknown Source)
]]>
    </failure>
  </testcase> <!-- Add_Tracking_Number -->
  <testcase name="Add_Tracking_Number" time="0.605" classname="Test_Data_Generation.Add_Tracking_Numbers_To_User"/>
  <testcase name="Add_Tracking_Number" time="0.602" classname="Test_Data_Generation.Add_Tracking_Numbers_To_User"/>
  <testcase name="Add_Tracking_Number" time="0.550" classname="Test_Data_Generation.Add_Tracking_Numbers_To_User"/>
  <testcase name="Add_Tracking_Number" time="0.549" classname="Test_Data_Generation.Add_Tracking_Numbers_To_User"/>
  <testcase name="Add_Tracking_Number" time="0.540" classname="Test_Data_Generation.Add_Tracking_Numbers_To_User"/>
  <testcase name="Add_Tracking_Number" time="0.483" classname="Test_Data_Generation.Add_Tracking_Numbers_To_User"/>
  <testcase name="Add_Tracking_Number" time="0.494" classname="Test_Data_Generation.Add_Tracking_Numbers_To_User"/>
  <testcase name="Add_Tracking_Number" time="0.511" classname="Test_Data_Generation.Add_Tracking_Numbers_To_User"/>
  <testcase name="Add_Tracking_Number" time="0.985" classname="Test_Data_Generation.Add_Tracking_Numbers_To_User"/>
  <testcase name="Add_Tracking_Number" time="0.515" classname="Test_Data_Generation.Add_Tracking_Numbers_To_User"/>
  <testcase name="Add_Tracking_Number" time="0.473" classname="Test_Data_Generation.Add_Tracking_Numbers_To_User"/>
  <testcase name="Add_Tracking_Number" time="0.544" classname="Test_Data_Generation.Add_Tracking_Numbers_To_User"/>
  <testcase name="Add_Tracking_Number" time="0.571" classname="Test_Data_Generation.Add_Tracking_Numbers_To_User"/>
  <testcase name="Add_Tracking_Number" time="0.586" classname="Test_Data_Generation.Add_Tracking_Numbers_To_User"/>
  <testcase name="Add_Tracking_Number" time="0.541" classname="Test_Data_Generation.Add_Tracking_Numbers_To_User"/>
  <testcase name="Add_Tracking_Number" time="0.481" classname="Test_Data_Generation.Add_Tracking_Numbers_To_User"/>
  <testcase name="Add_Tracking_Number" time="0.507" classname="Test_Data_Generation.Add_Tracking_Numbers_To_User"/>
  <testcase name="Add_Tracking_Number" time="0.476" classname="Test_Data_Generation.Add_Tracking_Numbers_To_User"/>
  <testcase name="Add_Tracking_Number" time="0.460" classname="Test_Data_Generation.Add_Tracking_Numbers_To_User"/>
  <testcase name="Add_Tracking_Number" time="0.547" classname="Test_Data_Generation.Add_Tracking_Numbers_To_User"/>
  <testcase name="Add_Tracking_Number" time="0.570" classname="Test_Data_Generation.Add_Tracking_Numbers_To_User"/>
  <testcase name="Add_Tracking_Number" time="0.516" classname="Test_Data_Generation.Add_Tracking_Numbers_To_User"/>
  <testcase name="Add_Tracking_Number" time="0.721" classname="Test_Data_Generation.Add_Tracking_Numbers_To_User"/>
  <testcase name="Add_Tracking_Number" time="0.738" classname="Test_Data_Generation.Add_Tracking_Numbers_To_User"/>
  <testcase name="Add_Tracking_Number" time="0.466" classname="Test_Data_Generation.Add_Tracking_Numbers_To_User"/>
  <testcase name="Add_Tracking_Number" time="0.497" classname="Test_Data_Generation.Add_Tracking_Numbers_To_User"/>
  <testcase name="Add_Tracking_Number" time="0.483" classname="Test_Data_Generation.Add_Tracking_Numbers_To_User"/>
  <testcase name="Add_Tracking_Number" time="0.546" classname="Test_Data_Generation.Add_Tracking_Numbers_To_User"/>
  <testcase name="Add_Tracking_Number" time="0.508" classname="Test_Data_Generation.Add_Tracking_Numbers_To_User"/>
  <testcase name="Add_Tracking_Number" time="0.577" classname="Test_Data_Generation.Add_Tracking_Numbers_To_User"/>
  <testcase name="Add_Tracking_Number" time="0.652" classname="Test_Data_Generation.Add_Tracking_Numbers_To_User"/>
  <testcase name="Add_Tracking_Number" time="0.505" classname="Test_Data_Generation.Add_Tracking_Numbers_To_User"/>
  <testcase name="Add_Tracking_Number" time="0.505" classname="Test_Data_Generation.Add_Tracking_Numbers_To_User"/>
  <testcase name="Add_Tracking_Number" time="0.534" classname="Test_Data_Generation.Add_Tracking_Numbers_To_User"/>
  <testcase name="Add_Tracking_Number" time="0.533" classname="Test_Data_Generation.Add_Tracking_Numbers_To_User"/>
  <testcase name="Add_Tracking_Number" time="0.499" classname="Test_Data_Generation.Add_Tracking_Numbers_To_User"/>
  <testcase name="Add_Tracking_Number" time="0.492" classname="Test_Data_Generation.Add_Tracking_Numbers_To_User"/>
  <testcase name="Add_Tracking_Number" time="0.504" classname="Test_Data_Generation.Add_Tracking_Numbers_To_User"/>
  <testcase name="Add_Tracking_Number" time="0.517" classname="Test_Data_Generation.Add_Tracking_Numbers_To_User"/>
  <testcase name="Add_Tracking_Number" time="0.516" classname="Test_Data_Generation.Add_Tracking_Numbers_To_User"/>
  <testcase name="Add_Tracking_Number" time="0.675" classname="Test_Data_Generation.Add_Tracking_Numbers_To_User"/>
  <testcase name="Add_Tracking_Number" time="0.562" classname="Test_Data_Generation.Add_Tracking_Numbers_To_User"/>
  <testcase name="Add_Tracking_Number" time="0.571" classname="Test_Data_Generation.Add_Tracking_Numbers_To_User"/>
  <testcase name="Add_Tracking_Number" time="0.654" classname="Test_Data_Generation.Add_Tracking_Numbers_To_User"/>
  <testcase name="Add_Tracking_Number" time="0.703" classname="Test_Data_Generation.Add_Tracking_Numbers_To_User"/>
  <testcase name="Add_Tracking_Number" time="0.566" classname="Test_Data_Generation.Add_Tracking_Numbers_To_User"/>
  <testcase name="Add_Tracking_Number" time="0.063" classname="Test_Data_Generation.Add_Tracking_Numbers_To_User"/>
  <testcase name="Add_Tracking_Number" time="0.532" classname="Test_Data_Generation.Add_Tracking_Numbers_To_User"/>
  <testcase name="Add_Tracking_Number" time="0.531" classname="Test_Data_Generation.Add_Tracking_Numbers_To_User"/>
  <testcase name="Add_Tracking_Number" time="0.468" classname="Test_Data_Generation.Add_Tracking_Numbers_To_User"/>
  <testcase name="Add_Tracking_Number" time="0.486" classname="Test_Data_Generation.Add_Tracking_Numbers_To_User"/>
  <testcase name="Add_Tracking_Number" time="0.587" classname="Test_Data_Generation.Add_Tracking_Numbers_To_User"/>
  <testcase name="Add_Tracking_Number" time="0.523" classname="Test_Data_Generation.Add_Tracking_Numbers_To_User"/>
  <testcase name="Add_Tracking_Number" time="1.344" classname="Test_Data_Generation.Add_Tracking_Numbers_To_User"/>
  <testcase name="Add_Tracking_Number" time="0.613" classname="Test_Data_Generation.Add_Tracking_Numbers_To_User"/>
  <testcase name="Add_Tracking_Number" time="0.521" classname="Test_Data_Generation.Add_Tracking_Numbers_To_User"/>
  <testcase name="Add_Tracking_Number" time="0.598" classname="Test_Data_Generation.Add_Tracking_Numbers_To_User"/>
  <testcase name="Add_Tracking_Number" time="0.099" classname="Test_Data_Generation.Add_Tracking_Numbers_To_User"/>
  <testcase name="Add_Tracking_Number" time="0.467" classname="Test_Data_Generation.Add_Tracking_Numbers_To_User"/>
  <testcase name="Add_Tracking_Number" time="0.530" classname="Test_Data_Generation.Add_Tracking_Numbers_To_User"/>
  <testcase name="Add_Tracking_Number" time="0.467" classname="Test_Data_Generation.Add_Tracking_Numbers_To_User"/>
  <testcase name="Add_Tracking_Number" time="0.518" classname="Test_Data_Generation.Add_Tracking_Numbers_To_User"/>
  <testcase name="Add_Tracking_Number" time="0.610" classname="Test_Data_Generation.Add_Tracking_Numbers_To_User"/>
  <testcase name="Add_Tracking_Number" time="0.650" classname="Test_Data_Generation.Add_Tracking_Numbers_To_User"/>
  <testcase name="Add_Tracking_Number" time="0.461" classname="Test_Data_Generation.Add_Tracking_Numbers_To_User"/>
  <testcase name="Add_Tracking_Number" time="0.533" classname="Test_Data_Generation.Add_Tracking_Numbers_To_User"/>
  <testcase name="Add_Tracking_Number" time="0.497" classname="Test_Data_Generation.Add_Tracking_Numbers_To_User"/>
  <testcase name="Add_Tracking_Number" time="0.507" classname="Test_Data_Generation.Add_Tracking_Numbers_To_User"/>
  <testcase name="Add_Tracking_Number" time="0.515" classname="Test_Data_Generation.Add_Tracking_Numbers_To_User"/>
  <testcase name="Add_Tracking_Number" time="0.573" classname="Test_Data_Generation.Add_Tracking_Numbers_To_User"/>
  <testcase name="Add_Tracking_Number" time="0.678" classname="Test_Data_Generation.Add_Tracking_Numbers_To_User"/>
  <testcase name="Add_Tracking_Number" time="0.509" classname="Test_Data_Generation.Add_Tracking_Numbers_To_User"/>
  <testcase name="Add_Tracking_Number" time="0.723" classname="Test_Data_Generation.Add_Tracking_Numbers_To_User"/>
  <testcase name="Add_Tracking_Number" time="0.495" classname="Test_Data_Generation.Add_Tracking_Numbers_To_User"/>
  <testcase name="Add_Tracking_Number" time="0.511" classname="Test_Data_Generation.Add_Tracking_Numbers_To_User"/>
  <testcase name="Add_Tracking_Number" time="0.511" classname="Test_Data_Generation.Add_Tracking_Numbers_To_User"/>
  <testcase name="Add_Tracking_Number" time="0.493" classname="Test_Data_Generation.Add_Tracking_Numbers_To_User"/>
  <testcase name="Add_Tracking_Number" time="0.512" classname="Test_Data_Generation.Add_Tracking_Numbers_To_User"/>
  <testcase name="Add_Tracking_Number" time="0.561" classname="Test_Data_Generation.Add_Tracking_Numbers_To_User"/>
  <testcase name="Add_Tracking_Number" time="0.539" classname="Test_Data_Generation.Add_Tracking_Numbers_To_User"/>
  <testcase name="Add_Tracking_Number" time="0.505" classname="Test_Data_Generation.Add_Tracking_Numbers_To_User"/>
  <testcase name="Add_Tracking_Number" time="0.589" classname="Test_Data_Generation.Add_Tracking_Numbers_To_User"/>
  <testcase name="Add_Tracking_Number" time="0.556" classname="Test_Data_Generation.Add_Tracking_Numbers_To_User"/>
  <testcase name="Add_Tracking_Number" time="0.597" classname="Test_Data_Generation.Add_Tracking_Numbers_To_User"/>
  <testcase name="Add_Tracking_Number" time="0.501" classname="Test_Data_Generation.Add_Tracking_Numbers_To_User"/>
  <testcase name="Add_Tracking_Number" time="0.592" classname="Test_Data_Generation.Add_Tracking_Numbers_To_User"/>
  <testcase name="Add_Tracking_Number" time="0.592" classname="Test_Data_Generation.Add_Tracking_Numbers_To_User"/>
  <testcase name="Add_Tracking_Number" time="1.136" classname="Test_Data_Generation.Add_Tracking_Numbers_To_User"/>
  <testcase name="Add_Tracking_Number" time="0.619" classname="Test_Data_Generation.Add_Tracking_Numbers_To_User"/>
  <testcase name="Add_Tracking_Number" time="0.481" classname="Test_Data_Generation.Add_Tracking_Numbers_To_User"/>
  <testcase name="Add_Tracking_Number" time="0.588" classname="Test_Data_Generation.Add_Tracking_Numbers_To_User"/>
  <testcase name="Add_Tracking_Number" time="0.627" classname="Test_Data_Generation.Add_Tracking_Numbers_To_User"/>
  <testcase name="Add_Tracking_Number" time="0.587" classname="Test_Data_Generation.Add_Tracking_Numbers_To_User"/>
  <testcase name="Add_Tracking_Number" time="0.562" classname="Test_Data_Generation.Add_Tracking_Numbers_To_User"/>
  <testcase name="Add_Tracking_Number" time="0.483" classname="Test_Data_Generation.Add_Tracking_Numbers_To_User"/>
  <testcase name="Add_Tracking_Number" time="0.599" classname="Test_Data_Generation.Add_Tracking_Numbers_To_User"/>
  <testcase name="Add_Tracking_Number" time="0.488" classname="Test_Data_Generation.Add_Tracking_Numbers_To_User"/>
  <testcase name="Add_Tracking_Number" time="0.631" classname="Test_Data_Generation.Add_Tracking_Numbers_To_User"/>
  <testcase name="Add_Tracking_Number" time="0.594" classname="Test_Data_Generation.Add_Tracking_Numbers_To_User"/>
  <testcase name="Add_Tracking_Number" time="0.553" classname="Test_Data_Generation.Add_Tracking_Numbers_To_User"/>
  <testcase name="Add_Tracking_Number" time="0.462" classname="Test_Data_Generation.Add_Tracking_Numbers_To_User"/>
  <testcase name="Add_Tracking_Number" time="0.574" classname="Test_Data_Generation.Add_Tracking_Numbers_To_User"/>
  <testcase name="Add_Tracking_Number" time="0.510" classname="Test_Data_Generation.Add_Tracking_Numbers_To_User"/>
  <testcase name="Add_Tracking_Number" time="0.568" classname="Test_Data_Generation.Add_Tracking_Numbers_To_User"/>
  <testcase name="Add_Tracking_Number" time="0.489" classname="Test_Data_Generation.Add_Tracking_Numbers_To_User"/>
  <testcase name="Add_Tracking_Number" time="0.474" classname="Test_Data_Generation.Add_Tracking_Numbers_To_User"/>
  <testcase name="Add_Tracking_Number" time="0.531" classname="Test_Data_Generation.Add_Tracking_Numbers_To_User"/>
  <testcase name="Add_Tracking_Number" time="0.518" classname="Test_Data_Generation.Add_Tracking_Numbers_To_User"/>
  <testcase name="Add_Tracking_Number" time="0.575" classname="Test_Data_Generation.Add_Tracking_Numbers_To_User"/>
  <testcase name="Add_Tracking_Number" time="0.538" classname="Test_Data_Generation.Add_Tracking_Numbers_To_User"/>
  <testcase name="Add_Tracking_Number" time="0.429" classname="Test_Data_Generation.Add_Tracking_Numbers_To_User"/>
  <testcase name="Add_Tracking_Number" time="0.468" classname="Test_Data_Generation.Add_Tracking_Numbers_To_User"/>
  <testcase name="Add_Tracking_Number" time="0.471" classname="Test_Data_Generation.Add_Tracking_Numbers_To_User"/>
  <testcase name="Add_Tracking_Number" time="0.624" classname="Test_Data_Generation.Add_Tracking_Numbers_To_User"/>
  <testcase name="Add_Tracking_Number" time="0.502" classname="Test_Data_Generation.Add_Tracking_Numbers_To_User"/>
  <testcase name="Add_Tracking_Number" time="0.605" classname="Test_Data_Generation.Add_Tracking_Numbers_To_User"/>
  <testcase name="Add_Tracking_Number" time="0.508" classname="Test_Data_Generation.Add_Tracking_Numbers_To_User"/>
  <testcase name="Add_Tracking_Number" time="0.467" classname="Test_Data_Generation.Add_Tracking_Numbers_To_User"/>
  <testcase name="Add_Tracking_Number" time="0.467" classname="Test_Data_Generation.Add_Tracking_Numbers_To_User"/>
  <testcase name="Add_Tracking_Number" time="0.457" classname="Test_Data_Generation.Add_Tracking_Numbers_To_User"/>
  <testcase name="Add_Tracking_Number" time="0.495" classname="Test_Data_Generation.Add_Tracking_Numbers_To_User"/>
  <testcase name="Add_Tracking_Number" time="0.462" classname="Test_Data_Generation.Add_Tracking_Numbers_To_User"/>
  <testcase name="Add_Tracking_Number" time="0.663" classname="Test_Data_Generation.Add_Tracking_Numbers_To_User"/>
  <testcase name="Add_Tracking_Number" time="0.548" classname="Test_Data_Generation.Add_Tracking_Numbers_To_User"/>
  <testcase name="Add_Tracking_Number" time="0.232" classname="Test_Data_Generation.Add_Tracking_Numbers_To_User"/>
  <testcase name="Add_Tracking_Number" time="0.649" classname="Test_Data_Generation.Add_Tracking_Numbers_To_User"/>
  <testcase name="Add_Tracking_Number" time="0.594" classname="Test_Data_Generation.Add_Tracking_Numbers_To_User"/>
  <testcase name="Add_Tracking_Number" time="0.648" classname="Test_Data_Generation.Add_Tracking_Numbers_To_User"/>
  <testcase name="Add_Tracking_Number" time="0.465" classname="Test_Data_Generation.Add_Tracking_Numbers_To_User"/>
  <testcase name="Add_Tracking_Number" time="0.565" classname="Test_Data_Generation.Add_Tracking_Numbers_To_User"/>
  <testcase name="Add_Tracking_Number" time="0.539" classname="Test_Data_Generation.Add_Tracking_Numbers_To_User"/>
  <testcase name="Add_Tracking_Number" time="0.587" classname="Test_Data_Generation.Add_Tracking_Numbers_To_User"/>
  <testcase name="Add_Tracking_Number" time="0.509" classname="Test_Data_Generation.Add_Tracking_Numbers_To_User"/>
  <testcase name="Add_Tracking_Number" time="0.512" classname="Test_Data_Generation.Add_Tracking_Numbers_To_User"/>
  <testcase name="Add_Tracking_Number" time="0.603" classname="Test_Data_Generation.Add_Tracking_Numbers_To_User"/>
  <testcase name="Add_Tracking_Number" time="0.490" classname="Test_Data_Generation.Add_Tracking_Numbers_To_User"/>
  <testcase name="Add_Tracking_Number" time="0.487" classname="Test_Data_Generation.Add_Tracking_Numbers_To_User"/>
  <testcase name="Add_Tracking_Number" time="0.512" classname="Test_Data_Generation.Add_Tracking_Numbers_To_User"/>
  <testcase name="Add_Tracking_Number" time="0.529" classname="Test_Data_Generation.Add_Tracking_Numbers_To_User"/>
  <testcase name="Add_Tracking_Number" time="0.682" classname="Test_Data_Generation.Add_Tracking_Numbers_To_User"/>
  <testcase name="Add_Tracking_Number" time="0.583" classname="Test_Data_Generation.Add_Tracking_Numbers_To_User"/>
  <testcase name="Add_Tracking_Number" time="0.648" classname="Test_Data_Generation.Add_Tracking_Numbers_To_User"/>
  <testcase name="Add_Tracking_Number" time="0.552" classname="Test_Data_Generation.Add_Tracking_Numbers_To_User"/>
  <testcase name="Add_Tracking_Number" time="0.524" classname="Test_Data_Generation.Add_Tracking_Numbers_To_User"/>
  <testcase name="Add_Tracking_Number" time="0.495" classname="Test_Data_Generation.Add_Tracking_Numbers_To_User"/>
  <testcase name="Add_Tracking_Number" time="0.495" classname="Test_Data_Generation.Add_Tracking_Numbers_To_User"/>
  <testcase name="Add_Tracking_Number" time="0.469" classname="Test_Data_Generation.Add_Tracking_Numbers_To_User"/>
  <testcase name="Add_Tracking_Number" time="0.603" classname="Test_Data_Generation.Add_Tracking_Numbers_To_User"/>
  <testcase name="Add_Tracking_Number" time="0.593" classname="Test_Data_Generation.Add_Tracking_Numbers_To_User"/>
  <testcase name="Add_Tracking_Number" time="0.627" classname="Test_Data_Generation.Add_Tracking_Numbers_To_User"/>
  <testcase name="Add_Tracking_Number" time="0.525" classname="Test_Data_Generation.Add_Tracking_Numbers_To_User"/>
  <testcase name="Add_Tracking_Number" time="0.063" classname="Test_Data_Generation.Add_Tracking_Numbers_To_User"/>
  <testcase name="Add_Tracking_Number" time="0.710" classname="Test_Data_Generation.Add_Tracking_Numbers_To_User"/>
  <testcase name="Add_Tracking_Number" time="0.498" classname="Test_Data_Generation.Add_Tracking_Numbers_To_User"/>
  <testcase name="Add_Tracking_Number" time="0.486" classname="Test_Data_Generation.Add_Tracking_Numbers_To_User"/>
  <testcase name="Add_Tracking_Number" time="0.520" classname="Test_Data_Generation.Add_Tracking_Numbers_To_User"/>
  <testcase name="Add_Tracking_Number" time="0.524" classname="Test_Data_Generation.Add_Tracking_Numbers_To_User"/>
  <testcase name="Add_Tracking_Number" time="0.565" classname="Test_Data_Generation.Add_Tracking_Numbers_To_User"/>
  <testcase name="Add_Tracking_Number" time="0.721" classname="Test_Data_Generation.Add_Tracking_Numbers_To_User"/>
  <testcase name="Add_Tracking_Number" time="0.505" classname="Test_Data_Generation.Add_Tracking_Numbers_To_User"/>
  <testcase name="Add_Tracking_Number" time="0.624" classname="Test_Data_Generation.Add_Tracking_Numbers_To_User"/>
  <testcase name="Add_Tracking_Number" time="0.718" classname="Test_Data_Generation.Add_Tracking_Numbers_To_User"/>
  <testcase name="Add_Tracking_Number" time="0.410" classname="Test_Data_Generation.Add_Tracking_Numbers_To_User"/>
  <testcase name="Add_Tracking_Number" time="0.537" classname="Test_Data_Generation.Add_Tracking_Numbers_To_User"/>
  <testcase name="Add_Tracking_Number" time="0.526" classname="Test_Data_Generation.Add_Tracking_Numbers_To_User"/>
  <testcase name="Add_Tracking_Number" time="0.547" classname="Test_Data_Generation.Add_Tracking_Numbers_To_User"/>
  <testcase name="Add_Tracking_Number" time="0.584" classname="Test_Data_Generation.Add_Tracking_Numbers_To_User"/>
  <testcase name="Add_Tracking_Number" time="0.557" classname="Test_Data_Generation.Add_Tracking_Numbers_To_User"/>
  <testcase name="Add_Tracking_Number" time="0.504" classname="Test_Data_Generation.Add_Tracking_Numbers_To_User"/>
  <testcase name="Add_Tracking_Number" time="0.720" classname="Test_Data_Generation.Add_Tracking_Numbers_To_User"/>
  <testcase name="Add_Tracking_Number" time="0.534" classname="Test_Data_Generation.Add_Tracking_Numbers_To_User"/>
  <testcase name="Add_Tracking_Number" time="0.640" classname="Test_Data_Generation.Add_Tracking_Numbers_To_User"/>
  <testcase name="Add_Tracking_Number" time="0.601" classname="Test_Data_Generation.Add_Tracking_Numbers_To_User"/>
  <testcase name="Add_Tracking_Number" time="0.470" classname="Test_Data_Generation.Add_Tracking_Numbers_To_User"/>
  <testcase name="Add_Tracking_Number" time="0.500" classname="Test_Data_Generation.Add_Tracking_Numbers_To_User"/>
  <testcase name="Add_Tracking_Number" time="0.468" classname="Test_Data_Generation.Add_Tracking_Numbers_To_User"/>
  <testcase name="Add_Tracking_Number" time="0.542" classname="Test_Data_Generation.Add_Tracking_Numbers_To_User"/>
  <testcase name="Add_Tracking_Number" time="0.461" classname="Test_Data_Generation.Add_Tracking_Numbers_To_User"/>
  <testcase name="Add_Tracking_Number" time="0.535" classname="Test_Data_Generation.Add_Tracking_Numbers_To_User"/>
  <testcase name="Add_Tracking_Number" time="0.559" classname="Test_Data_Generation.Add_Tracking_Numbers_To_User"/>
  <testcase name="Add_Tracking_Number" time="0.515" classname="Test_Data_Generation.Add_Tracking_Numbers_To_User"/>
  <testcase name="Add_Tracking_Number" time="0.536" classname="Test_Data_Generation.Add_Tracking_Numbers_To_User"/>
  <testcase name="Add_Tracking_Number" time="0.498" classname="Test_Data_Generation.Add_Tracking_Numbers_To_User"/>
  <testcase name="Add_Tracking_Number" time="0.613" classname="Test_Data_Generation.Add_Tracking_Numbers_To_User"/>
  <testcase name="Add_Tracking_Number" time="0.517" classname="Test_Data_Generation.Add_Tracking_Numbers_To_User"/>
  <testcase name="Add_Tracking_Number" time="0.485" classname="Test_Data_Generation.Add_Tracking_Numbers_To_User"/>
  <testcase name="Add_Tracking_Number" time="0.492" classname="Test_Data_Generation.Add_Tracking_Numbers_To_User"/>
  <testcase name="Add_Tracking_Number" time="0.637" classname="Test_Data_Generation.Add_Tracking_Numbers_To_User"/>
  <testcase name="Add_Tracking_Number" time="0.519" classname="Test_Data_Generation.Add_Tracking_Numbers_To_User"/>
  <testcase name="Add_Tracking_Number" time="0.547" classname="Test_Data_Generation.Add_Tracking_Numbers_To_User"/>
  <testcase name="Add_Tracking_Number" time="0.645" classname="Test_Data_Generation.Add_Tracking_Numbers_To_User"/>
  <testcase name="Add_Tracking_Number" time="0.495" classname="Test_Data_Generation.Add_Tracking_Numbers_To_User"/>
  <testcase name="Add_Tracking_Number" time="0.657" classname="Test_Data_Generation.Add_Tracking_Numbers_To_User"/>
  <testcase name="Add_Tracking_Number" time="0.523" classname="Test_Data_Generation.Add_Tracking_Numbers_To_User"/>
  <testcase name="Add_Tracking_Number" time="0.573" classname="Test_Data_Generation.Add_Tracking_Numbers_To_User"/>
  <testcase name="Add_Tracking_Number" time="0.568" classname="Test_Data_Generation.Add_Tracking_Numbers_To_User"/>
  <testcase name="Add_Tracking_Number" time="0.528" classname="Test_Data_Generation.Add_Tracking_Numbers_To_User"/>
  <testcase name="Add_Tracking_Number" time="0.522" classname="Test_Data_Generation.Add_Tracking_Numbers_To_User"/>
  <testcase name="Add_Tracking_Number" time="0.411" classname="Test_Data_Generation.Add_Tracking_Numbers_To_User"/>
  <testcase name="Add_Tracking_Number" time="0.539" classname="Test_Data_Generation.Add_Tracking_Numbers_To_User"/>
  <testcase name="Add_Tracking_Number" time="0.516" classname="Test_Data_Generation.Add_Tracking_Numbers_To_User"/>
  <testcase name="Add_Tracking_Number" time="0.672" classname="Test_Data_Generation.Add_Tracking_Numbers_To_User"/>
  <testcase name="Add_Tracking_Number" time="0.621" classname="Test_Data_Generation.Add_Tracking_Numbers_To_User"/>
  <testcase name="Add_Tracking_Number" time="0.606" classname="Test_Data_Generation.Add_Tracking_Numbers_To_User"/>
  <testcase name="Add_Tracking_Number" time="0.534" classname="Test_Data_Generation.Add_Tracking_Numbers_To_User"/>
  <testcase name="Add_Tracking_Number" time="0.467" classname="Test_Data_Generation.Add_Tracking_Numbers_To_User"/>
  <testcase name="Add_Tracking_Number" time="0.531" classname="Test_Data_Generation.Add_Tracking_Numbers_To_User"/>
  <testcase name="Add_Tracking_Number" time="0.469" classname="Test_Data_Generation.Add_Tracking_Numbers_To_User"/>
  <testcase name="Add_Tracking_Number" time="0.347" classname="Test_Data_Generation.Add_Tracking_Numbers_To_User"/>
  <testcase name="Add_Tracking_Number" time="0.524" classname="Test_Data_Generation.Add_Tracking_Numbers_To_User"/>
  <testcase name="Add_Tracking_Number" time="0.653" classname="Test_Data_Generation.Add_Tracking_Numbers_To_User"/>
  <testcase name="Add_Tracking_Number" time="0.606" classname="Test_Data_Generation.Add_Tracking_Numbers_To_User"/>
  <testcase name="Add_Tracking_Number" time="0.483" classname="Test_Data_Generation.Add_Tracking_Numbers_To_User"/>
  <testcase name="Add_Tracking_Number" time="0.578" classname="Test_Data_Generation.Add_Tracking_Numbers_To_User"/>
  <testcase name="Add_Tracking_Number" time="0.498" classname="Test_Data_Generation.Add_Tracking_Numbers_To_User"/>
  <testcase name="Add_Tracking_Number" time="0.551" classname="Test_Data_Generation.Add_Tracking_Numbers_To_User"/>
  <testcase name="Add_Tracking_Number" time="0.507" classname="Test_Data_Generation.Add_Tracking_Numbers_To_User"/>
  <testcase name="Add_Tracking_Number" time="0.654" classname="Test_Data_Generation.Add_Tracking_Numbers_To_User"/>
  <testcase name="Add_Tracking_Number" time="0.584" classname="Test_Data_Generation.Add_Tracking_Numbers_To_User"/>
  <testcase name="Add_Tracking_Number" time="0.486" classname="Test_Data_Generation.Add_Tracking_Numbers_To_User"/>
  <testcase name="Add_Tracking_Number" time="0.484" classname="Test_Data_Generation.Add_Tracking_Numbers_To_User"/>
  <testcase name="Add_Tracking_Number" time="0.888" classname="Test_Data_Generation.Add_Tracking_Numbers_To_User"/>
  <testcase name="Add_Tracking_Number" time="0.516" classname="Test_Data_Generation.Add_Tracking_Numbers_To_User"/>
  <testcase name="Add_Tracking_Number" time="0.562" classname="Test_Data_Generation.Add_Tracking_Numbers_To_User"/>
  <testcase name="Add_Tracking_Number" time="0.468" classname="Test_Data_Generation.Add_Tracking_Numbers_To_User"/>
  <testcase name="Add_Tracking_Number" time="0.513" classname="Test_Data_Generation.Add_Tracking_Numbers_To_User"/>
  <testcase name="Add_Tracking_Number" time="0.672" classname="Test_Data_Generation.Add_Tracking_Numbers_To_User"/>
  <testcase name="Add_Tracking_Number" time="0.681" classname="Test_Data_Generation.Add_Tracking_Numbers_To_User"/>
  <testcase name="Add_Tracking_Number" time="0.463" classname="Test_Data_Generation.Add_Tracking_Numbers_To_User"/>
  <testcase name="Add_Tracking_Number" time="0.470" classname="Test_Data_Generation.Add_Tracking_Numbers_To_User"/>
  <testcase name="Add_Tracking_Number" time="0.532" classname="Test_Data_Generation.Add_Tracking_Numbers_To_User"/>
  <testcase name="Add_Tracking_Number" time="0.545" classname="Test_Data_Generation.Add_Tracking_Numbers_To_User"/>
  <testcase name="Add_Tracking_Number" time="0.731" classname="Test_Data_Generation.Add_Tracking_Numbers_To_User"/>
  <testcase name="Add_Tracking_Number" time="0.556" classname="Test_Data_Generation.Add_Tracking_Numbers_To_User"/>
  <testcase name="Add_Tracking_Number" time="0.580" classname="Test_Data_Generation.Add_Tracking_Numbers_To_User"/>
  <testcase name="Add_Tracking_Number" time="0.789" classname="Test_Data_Generation.Add_Tracking_Numbers_To_User"/>
  <testcase name="Add_Tracking_Number" time="0.567" classname="Test_Data_Generation.Add_Tracking_Numbers_To_User"/>
  <testcase name="Add_Tracking_Number" time="0.566" classname="Test_Data_Generation.Add_Tracking_Numbers_To_User"/>
  <testcase name="Add_Tracking_Number" time="0.531" classname="Test_Data_Generation.Add_Tracking_Numbers_To_User"/>
  <testcase name="Add_Tracking_Number" time="0.494" classname="Test_Data_Generation.Add_Tracking_Numbers_To_User"/>
  <testcase name="Add_Tracking_Number" time="0.644" classname="Test_Data_Generation.Add_Tracking_Numbers_To_User"/>
  <testcase name="Add_Tracking_Number" time="0.497" classname="Test_Data_Generation.Add_Tracking_Numbers_To_User"/>
  <testcase name="Add_Tracking_Number" time="0.502" classname="Test_Data_Generation.Add_Tracking_Numbers_To_User"/>
  <testcase name="Add_Tracking_Number" time="0.559" classname="Test_Data_Generation.Add_Tracking_Numbers_To_User"/>
  <testcase name="Add_Tracking_Number" time="0.492" classname="Test_Data_Generation.Add_Tracking_Numbers_To_User"/>
  <testcase name="Add_Tracking_Number" time="0.520" classname="Test_Data_Generation.Add_Tracking_Numbers_To_User"/>
  <testcase name="Add_Tracking_Number" time="0.484" classname="Test_Data_Generation.Add_Tracking_Numbers_To_User"/>
  <testcase name="Add_Tracking_Number" time="0.617" classname="Test_Data_Generation.Add_Tracking_Numbers_To_User"/>
  <testcase name="Add_Tracking_Number" time="0.514" classname="Test_Data_Generation.Add_Tracking_Numbers_To_User"/>
  <testcase name="Add_Tracking_Number" time="0.498" classname="Test_Data_Generation.Add_Tracking_Numbers_To_User"/>
  <testcase name="Add_Tracking_Number" time="0.552" classname="Test_Data_Generation.Add_Tracking_Numbers_To_User"/>
  <testcase name="Add_Tracking_Number" time="0.582" classname="Test_Data_Generation.Add_Tracking_Numbers_To_User"/>
  <testcase name="Add_Tracking_Number" time="0.451" classname="Test_Data_Generation.Add_Tracking_Numbers_To_User"/>
  <testcase name="Add_Tracking_Number" time="0.277" classname="Test_Data_Generation.Add_Tracking_Numbers_To_User"/>
  <testcase name="Add_Tracking_Number" time="0.518" classname="Test_Data_Generation.Add_Tracking_Numbers_To_User"/>
  <testcase name="Add_Tracking_Number" time="0.469" classname="Test_Data_Generation.Add_Tracking_Numbers_To_User"/>
  <testcase name="Add_Tracking_Number" time="0.515" classname="Test_Data_Generation.Add_Tracking_Numbers_To_User"/>
  <testcase name="Add_Tracking_Number" time="0.532" classname="Test_Data_Generation.Add_Tracking_Numbers_To_User"/>
  <testcase name="Add_Tracking_Number" time="0.800" classname="Test_Data_Generation.Add_Tracking_Numbers_To_User"/>
  <testcase name="Add_Tracking_Number" time="0.563" classname="Test_Data_Generation.Add_Tracking_Numbers_To_User"/>
  <testcase name="Add_Tracking_Number" time="0.065" classname="Test_Data_Generation.Add_Tracking_Numbers_To_User"/>
  <testcase name="Add_Tracking_Number" time="0.503" classname="Test_Data_Generation.Add_Tracking_Numbers_To_User"/>
  <testcase name="Add_Tracking_Number" time="0.526" classname="Test_Data_Generation.Add_Tracking_Numbers_To_User"/>
  <testcase name="Add_Tracking_Number" time="0.513" classname="Test_Data_Generation.Add_Tracking_Numbers_To_User"/>
  <testcase name="Add_Tracking_Number" time="0.473" classname="Test_Data_Generation.Add_Tracking_Numbers_To_User"/>
  <testcase name="Add_Tracking_Number" time="0.538" classname="Test_Data_Generation.Add_Tracking_Numbers_To_User"/>
  <testcase name="Add_Tracking_Number" time="0.542" classname="Test_Data_Generation.Add_Tracking_Numbers_To_User"/>
  <testcase name="Add_Tracking_Number" time="0.481" classname="Test_Data_Generation.Add_Tracking_Numbers_To_User"/>
  <testcase name="Add_Tracking_Number" time="0.543" classname="Test_Data_Generation.Add_Tracking_Numbers_To_User"/>
  <testcase name="Add_Tracking_Number" time="0.632" classname="Test_Data_Generation.Add_Tracking_Numbers_To_User"/>
  <testcase name="Add_Tracking_Number" time="0.500" classname="Test_Data_Generation.Add_Tracking_Numbers_To_User"/>
  <testcase name="Add_Tracking_Number" time="0.516" classname="Test_Data_Generation.Add_Tracking_Numbers_To_User"/>
  <testcase name="Add_Tracking_Number" time="0.516" classname="Test_Data_Generation.Add_Tracking_Numbers_To_User"/>
  <testcase name="Add_Tracking_Number" time="0.601" classname="Test_Data_Generation.Add_Tracking_Numbers_To_User"/>
  <testcase name="Add_Tracking_Number" time="0.492" classname="Test_Data_Generation.Add_Tracking_Numbers_To_User"/>
  <testcase name="Add_Tracking_Number" time="0.631" classname="Test_Data_Generation.Add_Tracking_Numbers_To_User"/>
  <testcase name="Add_Tracking_Number" time="0.497" classname="Test_Data_Generation.Add_Tracking_Numbers_To_User"/>
  <testcase name="Add_Tracking_Number" time="0.489" classname="Test_Data_Generation.Add_Tracking_Numbers_To_User"/>
  <testcase name="Add_Tracking_Number" time="0.554" classname="Test_Data_Generation.Add_Tracking_Numbers_To_User"/>
  <testcase name="Add_Tracking_Number" time="0.536" classname="Test_Data_Generation.Add_Tracking_Numbers_To_User"/>
  <testcase name="Add_Tracking_Number" time="0.534" classname="Test_Data_Generation.Add_Tracking_Numbers_To_User"/>
  <testcase name="Add_Tracking_Number" time="0.576" classname="Test_Data_Generation.Add_Tracking_Numbers_To_User"/>
  <testcase name="Add_Tracking_Number" time="0.178" classname="Test_Data_Generation.Add_Tracking_Numbers_To_User"/>
  <testcase name="Add_Tracking_Number" time="0.555" classname="Test_Data_Generation.Add_Tracking_Numbers_To_User"/>
  <testcase name="Add_Tracking_Number" time="0.499" classname="Test_Data_Generation.Add_Tracking_Numbers_To_User"/>
  <testcase name="Add_Tracking_Number" time="0.509" classname="Test_Data_Generation.Add_Tracking_Numbers_To_User"/>
  <testcase name="Add_Tracking_Number" time="0.562" classname="Test_Data_Generation.Add_Tracking_Numbers_To_User"/>
  <testcase name="Add_Tracking_Number" time="0.470" classname="Test_Data_Generation.Add_Tracking_Numbers_To_User"/>
  <testcase name="Add_Tracking_Number" time="0.469" classname="Test_Data_Generation.Add_Tracking_Numbers_To_User"/>
  <testcase name="Add_Tracking_Number" time="0.591" classname="Test_Data_Generation.Add_Tracking_Numbers_To_User"/>
  <testcase name="Add_Tracking_Number" time="0.586" classname="Test_Data_Generation.Add_Tracking_Numbers_To_User"/>
  <testcase name="Add_Tracking_Number" time="0.556" classname="Test_Data_Generation.Add_Tracking_Numbers_To_User"/>
  <testcase name="Add_Tracking_Number" time="0.503" classname="Test_Data_Generation.Add_Tracking_Numbers_To_User"/>
  <testcase name="Add_Tracking_Number" time="0.730" classname="Test_Data_Generation.Add_Tracking_Numbers_To_User"/>
  <testcase name="Add_Tracking_Number" time="0.519" classname="Test_Data_Generation.Add_Tracking_Numbers_To_User"/>
  <testcase name="Add_Tracking_Number" time="0.537" classname="Test_Data_Generation.Add_Tracking_Numbers_To_User"/>
  <testcase name="Add_Tracking_Number" time="0.585" classname="Test_Data_Generation.Add_Tracking_Numbers_To_User"/>
  <testcase name="Add_Tracking_Number" time="1.000" classname="Test_Data_Generation.Add_Tracking_Numbers_To_User"/>
  <testcase name="Add_Tracking_Number" time="0.566" classname="Test_Data_Generation.Add_Tracking_Numbers_To_User"/>
  <testcase name="Add_Tracking_Number" time="0.482" classname="Test_Data_Generation.Add_Tracking_Numbers_To_User"/>
  <testcase name="Add_Tracking_Number" time="0.204" classname="Test_Data_Generation.Add_Tracking_Numbers_To_User"/>
  <testcase name="Add_Tracking_Number" time="0.630" classname="Test_Data_Generation.Add_Tracking_Numbers_To_User"/>
  <testcase name="Add_Tracking_Number" time="0.506" classname="Test_Data_Generation.Add_Tracking_Numbers_To_User"/>
  <testcase name="Add_Tracking_Number" time="0.675" classname="Test_Data_Generation.Add_Tracking_Numbers_To_User"/>
  <testcase name="Add_Tracking_Number" time="0.624" classname="Test_Data_Generation.Add_Tracking_Numbers_To_User"/>
  <testcase name="Add_Tracking_Number" time="0.533" classname="Test_Data_Generation.Add_Tracking_Numbers_To_User"/>
  <testcase name="Add_Tracking_Number" time="0.656" classname="Test_Data_Generation.Add_Tracking_Numbers_To_User"/>
  <testcase name="Add_Tracking_Number" time="0.537" classname="Test_Data_Generation.Add_Tracking_Numbers_To_User"/>
  <testcase name="Add_Tracking_Number" time="0.532" classname="Test_Data_Generation.Add_Tracking_Numbers_To_User"/>
  <testcase name="Add_Tracking_Number" time="0.498" classname="Test_Data_Generation.Add_Tracking_Numbers_To_User"/>
  <testcase name="Add_Tracking_Number" time="0.527" classname="Test_Data_Generation.Add_Tracking_Numbers_To_User"/>
  <testcase name="Add_Tracking_Number" time="0.534" classname="Test_Data_Generation.Add_Tracking_Numbers_To_User"/>
  <testcase name="Add_Tracking_Number" time="0.532" classname="Test_Data_Generation.Add_Tracking_Numbers_To_User"/>
  <testcase name="Add_Tracking_Number" time="0.615" classname="Test_Data_Generation.Add_Tracking_Numbers_To_User"/>
  <testcase name="Add_Tracking_Number" time="0.770" classname="Test_Data_Generation.Add_Tracking_Numbers_To_User"/>
  <testcase name="Add_Tracking_Number" time="0.680" classname="Test_Data_Generation.Add_Tracking_Numbers_To_User"/>
  <testcase name="Add_Tracking_Number" time="0.810" classname="Test_Data_Generation.Add_Tracking_Numbers_To_User"/>
  <testcase name="Add_Tracking_Number" time="0.672" classname="Test_Data_Generation.Add_Tracking_Numbers_To_User"/>
  <testcase name="Add_Tracking_Number" time="0.541" classname="Test_Data_Generation.Add_Tracking_Numbers_To_User"/>
  <testcase name="Add_Tracking_Number" time="0.770" classname="Test_Data_Generation.Add_Tracking_Numbers_To_User"/>
  <testcase name="Add_Tracking_Number" time="0.499" classname="Test_Data_Generation.Add_Tracking_Numbers_To_User"/>
  <testcase name="Add_Tracking_Number" time="0.528" classname="Test_Data_Generation.Add_Tracking_Numbers_To_User"/>
  <testcase name="Add_Tracking_Number" time="0.536" classname="Test_Data_Generation.Add_Tracking_Numbers_To_User"/>
  <testcase name="Add_Tracking_Number" time="0.534" classname="Test_Data_Generation.Add_Tracking_Numbers_To_User"/>
  <testcase name="Add_Tracking_Number" time="0.516" classname="Test_Data_Generation.Add_Tracking_Numbers_To_User"/>
  <testcase name="Add_Tracking_Number" time="0.548" classname="Test_Data_Generation.Add_Tracking_Numbers_To_User"/>
  <testcase name="Add_Tracking_Number" time="0.471" classname="Test_Data_Generation.Add_Tracking_Numbers_To_User">
    <failure type="java.lang.AssertionError" message="
Expected: a string containing &quot;{\&quot;successful\&quot;:true&quot;
     but: was &quot;{&quot;ShipmentOptionResponse&quot;:{&quot;successful&quot;:false,&quot;errorList&quot;:[{&quot;code&quot;:&quot;2997&quot;,&quot;message&quot;:&quot;TRAQS connection/request problem&quot;,&quot;source&quot;:null,&quot;rootCause&quot;:null}],&quot;alerts&quot;:null,&quot;cxsalerts&quot;:null}}&quot;">
      <![CDATA[java.lang.AssertionError: 
Expected: a string containing "{\"successful\":true"
     but: was "{"ShipmentOptionResponse":{"successful":false,"errorList":[{"code":"2997","message":"TRAQS connection/request problem","source":null,"rootCause":null}],"alerts":null,"cxsalerts":null}}"
at org.hamcrest.MatcherAssert.assertThat(MatcherAssert.java:20)
at org.junit.Assert.assertThat(Assert.java:956)
at org.junit.Assert.assertThat(Assert.java:923)
at Test_Data_Generation.Add_Tracking_Numbers_To_User.Add_Tracking_Number(Add_Tracking_Numbers_To_User.java:69)
at sun.reflect.GeneratedMethodAccessor2.invoke(Unknown Source)
at sun.reflect.DelegatingMethodAccessorImpl.invoke(Unknown Source)
at java.lang.reflect.Method.invoke(Unknown Source)
at org.testng.internal.MethodInvocationHelper.invokeMethod(MethodInvocationHelper.java:124)
at org.testng.internal.Invoker.invokeMethod(Invoker.java:580)
at org.testng.internal.Invoker.invokeTestMethod(Invoker.java:716)
at org.testng.internal.TestMethodWithDataProviderMethodWorker.call(TestMethodWithDataProviderMethodWorker.java:71)
at org.testng.internal.TestMethodWithDataProviderMethodWorker.call(TestMethodWithDataProviderMethodWorker.java:14)
at java.util.concurrent.FutureTask.run(Unknown Source)
at java.util.concurrent.Executors$RunnableAdapter.call(Unknown Source)
at java.util.concurrent.FutureTask.run(Unknown Source)
at java.util.concurrent.ThreadPoolExecutor.runWorker(Unknown Source)
at java.util.concurrent.ThreadPoolExecutor$Worker.run(Unknown Source)
at java.lang.Thread.run(Unknown Source)
]]>
    </failure>
  </testcase> <!-- Add_Tracking_Number -->
  <testcase name="Add_Tracking_Number" time="0.530" classname="Test_Data_Generation.Add_Tracking_Numbers_To_User"/>
  <testcase name="Add_Tracking_Number" time="0.359" classname="Test_Data_Generation.Add_Tracking_Numbers_To_User"/>
  <testcase name="Add_Tracking_Number" time="0.590" classname="Test_Data_Generation.Add_Tracking_Numbers_To_User"/>
  <testcase name="Add_Tracking_Number" time="0.439" classname="Test_Data_Generation.Add_Tracking_Numbers_To_User"/>
  <testcase name="Add_Tracking_Number" time="0.654" classname="Test_Data_Generation.Add_Tracking_Numbers_To_User"/>
  <testcase name="Add_Tracking_Number" time="0.489" classname="Test_Data_Generation.Add_Tracking_Numbers_To_User"/>
  <testcase name="Add_Tracking_Number" time="0.536" classname="Test_Data_Generation.Add_Tracking_Numbers_To_User"/>
  <testcase name="Add_Tracking_Number" time="0.567" classname="Test_Data_Generation.Add_Tracking_Numbers_To_User"/>
  <testcase name="Add_Tracking_Number" time="0.608" classname="Test_Data_Generation.Add_Tracking_Numbers_To_User"/>
  <testcase name="Add_Tracking_Number" time="0.523" classname="Test_Data_Generation.Add_Tracking_Numbers_To_User"/>
  <testcase name="Add_Tracking_Number" time="0.497" classname="Test_Data_Generation.Add_Tracking_Numbers_To_User"/>
  <testcase name="Add_Tracking_Number" time="0.520" classname="Test_Data_Generation.Add_Tracking_Numbers_To_User"/>
  <testcase name="Add_Tracking_Number" time="0.460" classname="Test_Data_Generation.Add_Tracking_Numbers_To_User"/>
  <testcase name="Add_Tracking_Number" time="0.486" classname="Test_Data_Generation.Add_Tracking_Numbers_To_User"/>
  <testcase name="Add_Tracking_Number" time="0.556" classname="Test_Data_Generation.Add_Tracking_Numbers_To_User"/>
  <testcase name="Add_Tracking_Number" time="0.498" classname="Test_Data_Generation.Add_Tracking_Numbers_To_User"/>
  <testcase name="Add_Tracking_Number" time="0.456" classname="Test_Data_Generation.Add_Tracking_Numbers_To_User"/>
  <testcase name="Add_Tracking_Number" time="0.558" classname="Test_Data_Generation.Add_Tracking_Numbers_To_User"/>
  <testcase name="Add_Tracking_Number" time="0.608" classname="Test_Data_Generation.Add_Tracking_Numbers_To_User"/>
  <testcase name="Add_Tracking_Number" time="0.545" classname="Test_Data_Generation.Add_Tracking_Numbers_To_User"/>
  <testcase name="Add_Tracking_Number" time="0.460" classname="Test_Data_Generation.Add_Tracking_Numbers_To_User"/>
  <testcase name="Add_Tracking_Number" time="0.540" classname="Test_Data_Generation.Add_Tracking_Numbers_To_User"/>
  <testcase name="Add_Tracking_Number" time="0.518" classname="Test_Data_Generation.Add_Tracking_Numbers_To_User"/>
  <testcase name="Add_Tracking_Number" time="0.485" classname="Test_Data_Generation.Add_Tracking_Numbers_To_User"/>
  <testcase name="Add_Tracking_Number" time="0.473" classname="Test_Data_Generation.Add_Tracking_Numbers_To_User"/>
  <testcase name="Add_Tracking_Number" time="0.491" classname="Test_Data_Generation.Add_Tracking_Numbers_To_User"/>
  <testcase name="Add_Tracking_Number" time="0.663" classname="Test_Data_Generation.Add_Tracking_Numbers_To_User"/>
  <testcase name="Add_Tracking_Number" time="0.476" classname="Test_Data_Generation.Add_Tracking_Numbers_To_User"/>
  <testcase name="Add_Tracking_Number" time="0.482" classname="Test_Data_Generation.Add_Tracking_Numbers_To_User"/>
  <testcase name="Add_Tracking_Number" time="0.491" classname="Test_Data_Generation.Add_Tracking_Numbers_To_User"/>
  <testcase name="Add_Tracking_Number" time="0.436" classname="Test_Data_Generation.Add_Tracking_Numbers_To_User"/>
  <testcase name="Add_Tracking_Number" time="0.479" classname="Test_Data_Generation.Add_Tracking_Numbers_To_User"/>
  <testcase name="Add_Tracking_Number" time="0.460" classname="Test_Data_Generation.Add_Tracking_Numbers_To_User"/>
  <testcase name="Add_Tracking_Number" time="0.490" classname="Test_Data_Generation.Add_Tracking_Numbers_To_User"/>
  <testcase name="Add_Tracking_Number" time="0.498" classname="Test_Data_Generation.Add_Tracking_Numbers_To_User"/>
  <testcase name="Add_Tracking_Number" time="0.587" classname="Test_Data_Generation.Add_Tracking_Numbers_To_User"/>
  <testcase name="Add_Tracking_Number" time="0.557" classname="Test_Data_Generation.Add_Tracking_Numbers_To_User"/>
  <testcase name="Add_Tracking_Number" time="0.807" classname="Test_Data_Generation.Add_Tracking_Numbers_To_User"/>
  <testcase name="Add_Tracking_Number" time="0.497" classname="Test_Data_Generation.Add_Tracking_Numbers_To_User"/>
  <testcase name="Add_Tracking_Number" time="0.690" classname="Test_Data_Generation.Add_Tracking_Numbers_To_User"/>
  <testcase name="Add_Tracking_Number" time="0.588" classname="Test_Data_Generation.Add_Tracking_Numbers_To_User"/>
  <testcase name="Add_Tracking_Number" time="0.588" classname="Test_Data_Generation.Add_Tracking_Numbers_To_User"/>
  <testcase name="Add_Tracking_Number" time="0.544" classname="Test_Data_Generation.Add_Tracking_Numbers_To_User"/>
  <testcase name="Add_Tracking_Number" time="0.444" classname="Test_Data_Generation.Add_Tracking_Numbers_To_User"/>
  <testcase name="Add_Tracking_Number" time="0.558" classname="Test_Data_Generation.Add_Tracking_Numbers_To_User"/>
  <testcase name="Add_Tracking_Number" time="0.505" classname="Test_Data_Generation.Add_Tracking_Numbers_To_User"/>
  <testcase name="Add_Tracking_Number" time="0.647" classname="Test_Data_Generation.Add_Tracking_Numbers_To_User"/>
  <testcase name="Add_Tracking_Number" time="0.471" classname="Test_Data_Generation.Add_Tracking_Numbers_To_User"/>
  <testcase name="Add_Tracking_Number" time="0.562" classname="Test_Data_Generation.Add_Tracking_Numbers_To_User"/>
  <testcase name="Add_Tracking_Number" time="0.561" classname="Test_Data_Generation.Add_Tracking_Numbers_To_User"/>
  <testcase name="Add_Tracking_Number" time="0.803" classname="Test_Data_Generation.Add_Tracking_Numbers_To_User"/>
  <testcase name="Add_Tracking_Number" time="0.521" classname="Test_Data_Generation.Add_Tracking_Numbers_To_User"/>
  <testcase name="Add_Tracking_Number" time="0.061" classname="Test_Data_Generation.Add_Tracking_Numbers_To_User"/>
  <testcase name="Add_Tracking_Number" time="0.500" classname="Test_Data_Generation.Add_Tracking_Numbers_To_User"/>
  <testcase name="Add_Tracking_Number" time="0.479" classname="Test_Data_Generation.Add_Tracking_Numbers_To_User"/>
  <testcase name="Add_Tracking_Number" time="0.564" classname="Test_Data_Generation.Add_Tracking_Numbers_To_User"/>
  <testcase name="Add_Tracking_Number" time="0.571" classname="Test_Data_Generation.Add_Tracking_Numbers_To_User"/>
  <testcase name="Add_Tracking_Number" time="0.501" classname="Test_Data_Generation.Add_Tracking_Numbers_To_User"/>
  <testcase name="Add_Tracking_Number" time="0.530" classname="Test_Data_Generation.Add_Tracking_Numbers_To_User"/>
  <testcase name="Add_Tracking_Number" time="0.559" classname="Test_Data_Generation.Add_Tracking_Numbers_To_User"/>
  <testcase name="Add_Tracking_Number" time="0.511" classname="Test_Data_Generation.Add_Tracking_Numbers_To_User"/>
  <testcase name="Add_Tracking_Number" time="0.540" classname="Test_Data_Generation.Add_Tracking_Numbers_To_User"/>
  <testcase name="Add_Tracking_Number" time="0.611" classname="Test_Data_Generation.Add_Tracking_Numbers_To_User"/>
  <testcase name="Add_Tracking_Number" time="0.473" classname="Test_Data_Generation.Add_Tracking_Numbers_To_User"/>
  <testcase name="Add_Tracking_Number" time="0.535" classname="Test_Data_Generation.Add_Tracking_Numbers_To_User"/>
  <testcase name="Add_Tracking_Number" time="0.584" classname="Test_Data_Generation.Add_Tracking_Numbers_To_User"/>
  <testcase name="Add_Tracking_Number" time="0.476" classname="Test_Data_Generation.Add_Tracking_Numbers_To_User"/>
  <testcase name="Add_Tracking_Number" time="0.470" classname="Test_Data_Generation.Add_Tracking_Numbers_To_User"/>
  <testcase name="Add_Tracking_Number" time="0.547" classname="Test_Data_Generation.Add_Tracking_Numbers_To_User"/>
  <testcase name="Add_Tracking_Number" time="0.616" classname="Test_Data_Generation.Add_Tracking_Numbers_To_User"/>
  <testcase name="Add_Tracking_Number" time="0.523" classname="Test_Data_Generation.Add_Tracking_Numbers_To_User"/>
  <testcase name="Add_Tracking_Number" time="0.565" classname="Test_Data_Generation.Add_Tracking_Numbers_To_User"/>
  <testcase name="Add_Tracking_Number" time="0.590" classname="Test_Data_Generation.Add_Tracking_Numbers_To_User"/>
  <testcase name="Add_Tracking_Number" time="0.608" classname="Test_Data_Generation.Add_Tracking_Numbers_To_User"/>
  <testcase name="Add_Tracking_Number" time="0.059" classname="Test_Data_Generation.Add_Tracking_Numbers_To_User"/>
  <testcase name="Add_Tracking_Number" time="0.515" classname="Test_Data_Generation.Add_Tracking_Numbers_To_User"/>
  <testcase name="Add_Tracking_Number" time="0.667" classname="Test_Data_Generation.Add_Tracking_Numbers_To_User"/>
  <testcase name="Add_Tracking_Number" time="0.555" classname="Test_Data_Generation.Add_Tracking_Numbers_To_User"/>
  <testcase name="Add_Tracking_Number" time="0.508" classname="Test_Data_Generation.Add_Tracking_Numbers_To_User"/>
  <testcase name="Add_Tracking_Number" time="0.722" classname="Test_Data_Generation.Add_Tracking_Numbers_To_User"/>
  <testcase name="Add_Tracking_Number" time="0.564" classname="Test_Data_Generation.Add_Tracking_Numbers_To_User"/>
  <testcase name="Add_Tracking_Number" time="0.424" classname="Test_Data_Generation.Add_Tracking_Numbers_To_User"/>
  <testcase name="Add_Tracking_Number" time="0.594" classname="Test_Data_Generation.Add_Tracking_Numbers_To_User"/>
  <testcase name="Add_Tracking_Number" time="0.656" classname="Test_Data_Generation.Add_Tracking_Numbers_To_User"/>
  <testcase name="Add_Tracking_Number" time="0.253" classname="Test_Data_Generation.Add_Tracking_Numbers_To_User"/>
  <testcase name="Add_Tracking_Number" time="0.602" classname="Test_Data_Generation.Add_Tracking_Numbers_To_User"/>
  <testcase name="Add_Tracking_Number" time="0.528" classname="Test_Data_Generation.Add_Tracking_Numbers_To_User"/>
  <testcase name="Add_Tracking_Number" time="0.455" classname="Test_Data_Generation.Add_Tracking_Numbers_To_User"/>
  <testcase name="Add_Tracking_Number" time="0.538" classname="Test_Data_Generation.Add_Tracking_Numbers_To_User"/>
  <testcase name="Add_Tracking_Number" time="0.548" classname="Test_Data_Generation.Add_Tracking_Numbers_To_User"/>
  <testcase name="Add_Tracking_Number" time="0.608" classname="Test_Data_Generation.Add_Tracking_Numbers_To_User"/>
  <testcase name="Add_Tracking_Number" time="0.582" classname="Test_Data_Generation.Add_Tracking_Numbers_To_User"/>
  <testcase name="Add_Tracking_Number" time="0.487" classname="Test_Data_Generation.Add_Tracking_Numbers_To_User"/>
  <testcase name="Add_Tracking_Number" time="0.523" classname="Test_Data_Generation.Add_Tracking_Numbers_To_User"/>
  <testcase name="Add_Tracking_Number" time="0.478" classname="Test_Data_Generation.Add_Tracking_Numbers_To_User"/>
  <testcase name="Add_Tracking_Number" time="0.642" classname="Test_Data_Generation.Add_Tracking_Numbers_To_User"/>
  <testcase name="Add_Tracking_Number" time="0.478" classname="Test_Data_Generation.Add_Tracking_Numbers_To_User"/>
  <testcase name="Add_Tracking_Number" time="0.472" classname="Test_Data_Generation.Add_Tracking_Numbers_To_User"/>
  <testcase name="Add_Tracking_Number" time="0.627" classname="Test_Data_Generation.Add_Tracking_Numbers_To_User"/>
  <testcase name="Add_Tracking_Number" time="0.611" classname="Test_Data_Generation.Add_Tracking_Numbers_To_User"/>
  <testcase name="Add_Tracking_Number" time="0.517" classname="Test_Data_Generation.Add_Tracking_Numbers_To_User"/>
  <testcase name="Add_Tracking_Number" time="0.567" classname="Test_Data_Generation.Add_Tracking_Numbers_To_User"/>
  <testcase name="Add_Tracking_Number" time="0.523" classname="Test_Data_Generation.Add_Tracking_Numbers_To_User"/>
  <testcase name="Add_Tracking_Number" time="0.569" classname="Test_Data_Generation.Add_Tracking_Numbers_To_User"/>
  <testcase name="Add_Tracking_Number" time="0.465" classname="Test_Data_Generation.Add_Tracking_Numbers_To_User"/>
  <testcase name="Add_Tracking_Number" time="0.512" classname="Test_Data_Generation.Add_Tracking_Numbers_To_User"/>
  <testcase name="Add_Tracking_Number" time="0.674" classname="Test_Data_Generation.Add_Tracking_Numbers_To_User"/>
  <testcase name="Add_Tracking_Number" time="0.612" classname="Test_Data_Generation.Add_Tracking_Numbers_To_User"/>
  <testcase name="Add_Tracking_Number" time="0.527" classname="Test_Data_Generation.Add_Tracking_Numbers_To_User"/>
  <testcase name="Add_Tracking_Number" time="0.047" classname="Test_Data_Generation.Add_Tracking_Numbers_To_User"/>
  <testcase name="Add_Tracking_Number" time="0.622" classname="Test_Data_Generation.Add_Tracking_Numbers_To_User"/>
  <testcase name="Add_Tracking_Number" time="0.490" classname="Test_Data_Generation.Add_Tracking_Numbers_To_User"/>
  <testcase name="Add_Tracking_Number" time="0.771" classname="Test_Data_Generation.Add_Tracking_Numbers_To_User"/>
  <testcase name="Add_Tracking_Number" time="0.580" classname="Test_Data_Generation.Add_Tracking_Numbers_To_User"/>
  <testcase name="Add_Tracking_Number" time="0.434" classname="Test_Data_Generation.Add_Tracking_Numbers_To_User"/>
  <testcase name="Add_Tracking_Number" time="0.559" classname="Test_Data_Generation.Add_Tracking_Numbers_To_User"/>
  <testcase name="Add_Tracking_Number" time="0.478" classname="Test_Data_Generation.Add_Tracking_Numbers_To_User"/>
  <testcase name="Add_Tracking_Number" time="0.510" classname="Test_Data_Generation.Add_Tracking_Numbers_To_User"/>
  <testcase name="Add_Tracking_Number" time="0.343" classname="Test_Data_Generation.Add_Tracking_Numbers_To_User"/>
  <testcase name="Add_Tracking_Number" time="0.656" classname="Test_Data_Generation.Add_Tracking_Numbers_To_User"/>
  <testcase name="Add_Tracking_Number" time="0.527" classname="Test_Data_Generation.Add_Tracking_Numbers_To_User"/>
  <testcase name="Add_Tracking_Number" time="0.604" classname="Test_Data_Generation.Add_Tracking_Numbers_To_User"/>
  <testcase name="Add_Tracking_Number" time="0.734" classname="Test_Data_Generation.Add_Tracking_Numbers_To_User"/>
  <testcase name="Add_Tracking_Number" time="0.755" classname="Test_Data_Generation.Add_Tracking_Numbers_To_User"/>
  <testcase name="Add_Tracking_Number" time="0.549" classname="Test_Data_Generation.Add_Tracking_Numbers_To_User"/>
  <testcase name="Add_Tracking_Number" time="0.466" classname="Test_Data_Generation.Add_Tracking_Numbers_To_User"/>
  <testcase name="Add_Tracking_Number" time="0.582" classname="Test_Data_Generation.Add_Tracking_Numbers_To_User"/>
  <testcase name="Add_Tracking_Number" time="0.538" classname="Test_Data_Generation.Add_Tracking_Numbers_To_User"/>
  <testcase name="Add_Tracking_Number" time="0.699" classname="Test_Data_Generation.Add_Tracking_Numbers_To_User"/>
  <testcase name="Add_Tracking_Number" time="0.519" classname="Test_Data_Generation.Add_Tracking_Numbers_To_User"/>
  <testcase name="Add_Tracking_Number" time="0.708" classname="Test_Data_Generation.Add_Tracking_Numbers_To_User"/>
  <testcase name="Add_Tracking_Number" time="0.795" classname="Test_Data_Generation.Add_Tracking_Numbers_To_User"/>
  <testcase name="Add_Tracking_Number" time="0.573" classname="Test_Data_Generation.Add_Tracking_Numbers_To_User"/>
  <testcase name="Add_Tracking_Number" time="0.568" classname="Test_Data_Generation.Add_Tracking_Numbers_To_User"/>
  <testcase name="Add_Tracking_Number" time="0.601" classname="Test_Data_Generation.Add_Tracking_Numbers_To_User"/>
  <testcase name="Add_Tracking_Number" time="0.527" classname="Test_Data_Generation.Add_Tracking_Numbers_To_User"/>
  <testcase name="Add_Tracking_Number" time="0.483" classname="Test_Data_Generation.Add_Tracking_Numbers_To_User"/>
  <testcase name="Add_Tracking_Number" time="0.486" classname="Test_Data_Generation.Add_Tracking_Numbers_To_User"/>
  <testcase name="Add_Tracking_Number" time="0.693" classname="Test_Data_Generation.Add_Tracking_Numbers_To_User"/>
  <testcase name="Add_Tracking_Number" time="0.608" classname="Test_Data_Generation.Add_Tracking_Numbers_To_User"/>
  <testcase name="Add_Tracking_Number" time="0.488" classname="Test_Data_Generation.Add_Tracking_Numbers_To_User"/>
  <testcase name="Add_Tracking_Number" time="0.535" classname="Test_Data_Generation.Add_Tracking_Numbers_To_User"/>
  <testcase name="Add_Tracking_Number" time="0.510" classname="Test_Data_Generation.Add_Tracking_Numbers_To_User"/>
  <testcase name="Add_Tracking_Number" time="0.475" classname="Test_Data_Generation.Add_Tracking_Numbers_To_User"/>
  <testcase name="Add_Tracking_Number" time="0.573" classname="Test_Data_Generation.Add_Tracking_Numbers_To_User"/>
  <testcase name="Add_Tracking_Number" time="0.474" classname="Test_Data_Generation.Add_Tracking_Numbers_To_User"/>
  <testcase name="Add_Tracking_Number" time="0.515" classname="Test_Data_Generation.Add_Tracking_Numbers_To_User"/>
  <testcase name="Add_Tracking_Number" time="0.530" classname="Test_Data_Generation.Add_Tracking_Numbers_To_User"/>
  <testcase name="Add_Tracking_Number" time="0.496" classname="Test_Data_Generation.Add_Tracking_Numbers_To_User"/>
  <testcase name="Add_Tracking_Number" time="0.518" classname="Test_Data_Generation.Add_Tracking_Numbers_To_User"/>
  <testcase name="Add_Tracking_Number" time="0.065" classname="Test_Data_Generation.Add_Tracking_Numbers_To_User"/>
  <testcase name="Add_Tracking_Number" time="0.493" classname="Test_Data_Generation.Add_Tracking_Numbers_To_User"/>
  <testcase name="Add_Tracking_Number" time="0.576" classname="Test_Data_Generation.Add_Tracking_Numbers_To_User"/>
  <testcase name="Add_Tracking_Number" time="0.535" classname="Test_Data_Generation.Add_Tracking_Numbers_To_User"/>
  <testcase name="Add_Tracking_Number" time="0.509" classname="Test_Data_Generation.Add_Tracking_Numbers_To_User"/>
  <testcase name="Add_Tracking_Number" time="0.505" classname="Test_Data_Generation.Add_Tracking_Numbers_To_User"/>
  <testcase name="Add_Tracking_Number" time="0.518" classname="Test_Data_Generation.Add_Tracking_Numbers_To_User"/>
  <testcase name="Add_Tracking_Number" time="0.661" classname="Test_Data_Generation.Add_Tracking_Numbers_To_User"/>
  <testcase name="Add_Tracking_Number" time="0.566" classname="Test_Data_Generation.Add_Tracking_Numbers_To_User"/>
  <testcase name="Add_Tracking_Number" time="0.571" classname="Test_Data_Generation.Add_Tracking_Numbers_To_User"/>
  <testcase name="Add_Tracking_Number" time="0.674" classname="Test_Data_Generation.Add_Tracking_Numbers_To_User"/>
  <testcase name="Add_Tracking_Number" time="0.475" classname="Test_Data_Generation.Add_Tracking_Numbers_To_User"/>
  <testcase name="Add_Tracking_Number" time="0.604" classname="Test_Data_Generation.Add_Tracking_Numbers_To_User"/>
  <testcase name="Add_Tracking_Number" time="0.536" classname="Test_Data_Generation.Add_Tracking_Numbers_To_User"/>
  <testcase name="Add_Tracking_Number" time="0.492" classname="Test_Data_Generation.Add_Tracking_Numbers_To_User"/>
  <testcase name="Add_Tracking_Number" time="0.916" classname="Test_Data_Generation.Add_Tracking_Numbers_To_User"/>
  <testcase name="Add_Tracking_Number" time="0.440" classname="Test_Data_Generation.Add_Tracking_Numbers_To_User"/>
  <testcase name="Add_Tracking_Number" time="0.596" classname="Test_Data_Generation.Add_Tracking_Numbers_To_User"/>
  <testcase name="Add_Tracking_Number" time="0.810" classname="Test_Data_Generation.Add_Tracking_Numbers_To_User"/>
  <testcase name="Add_Tracking_Number" time="0.608" classname="Test_Data_Generation.Add_Tracking_Numbers_To_User"/>
  <testcase name="Add_Tracking_Number" time="0.553" classname="Test_Data_Generation.Add_Tracking_Numbers_To_User"/>
  <testcase name="Add_Tracking_Number" time="0.055" classname="Test_Data_Generation.Add_Tracking_Numbers_To_User"/>
  <testcase name="Add_Tracking_Number" time="0.526" classname="Test_Data_Generation.Add_Tracking_Numbers_To_User"/>
  <testcase name="Add_Tracking_Number" time="0.526" classname="Test_Data_Generation.Add_Tracking_Numbers_To_User"/>
  <testcase name="Add_Tracking_Number" time="0.537" classname="Test_Data_Generation.Add_Tracking_Numbers_To_User"/>
  <testcase name="Add_Tracking_Number" time="0.516" classname="Test_Data_Generation.Add_Tracking_Numbers_To_User"/>
  <testcase name="Add_Tracking_Number" time="0.561" classname="Test_Data_Generation.Add_Tracking_Numbers_To_User"/>
  <testcase name="Add_Tracking_Number" time="0.534" classname="Test_Data_Generation.Add_Tracking_Numbers_To_User"/>
  <testcase name="Add_Tracking_Number" time="0.546" classname="Test_Data_Generation.Add_Tracking_Numbers_To_User"/>
  <testcase name="Add_Tracking_Number" time="0.563" classname="Test_Data_Generation.Add_Tracking_Numbers_To_User"/>
  <testcase name="Add_Tracking_Number" time="0.689" classname="Test_Data_Generation.Add_Tracking_Numbers_To_User"/>
  <testcase name="Add_Tracking_Number" time="0.565" classname="Test_Data_Generation.Add_Tracking_Numbers_To_User"/>
  <testcase name="Add_Tracking_Number" time="0.547" classname="Test_Data_Generation.Add_Tracking_Numbers_To_User"/>
  <testcase name="Add_Tracking_Number" time="0.542" classname="Test_Data_Generation.Add_Tracking_Numbers_To_User"/>
  <testcase name="Add_Tracking_Number" time="0.577" classname="Test_Data_Generation.Add_Tracking_Numbers_To_User"/>
  <testcase name="Add_Tracking_Number" time="0.756" classname="Test_Data_Generation.Add_Tracking_Numbers_To_User"/>
  <testcase name="Add_Tracking_Number" time="0.642" classname="Test_Data_Generation.Add_Tracking_Numbers_To_User"/>
  <testcase name="Add_Tracking_Number" time="0.592" classname="Test_Data_Generation.Add_Tracking_Numbers_To_User"/>
  <testcase name="Add_Tracking_Number" time="0.673" classname="Test_Data_Generation.Add_Tracking_Numbers_To_User"/>
  <testcase name="Add_Tracking_Number" time="0.673" classname="Test_Data_Generation.Add_Tracking_Numbers_To_User"/>
  <testcase name="Add_Tracking_Number" time="0.683" classname="Test_Data_Generation.Add_Tracking_Numbers_To_User"/>
  <testcase name="Add_Tracking_Number" time="0.506" classname="Test_Data_Generation.Add_Tracking_Numbers_To_User"/>
  <testcase name="Add_Tracking_Number" time="0.547" classname="Test_Data_Generation.Add_Tracking_Numbers_To_User"/>
  <testcase name="Add_Tracking_Number" time="0.610" classname="Test_Data_Generation.Add_Tracking_Numbers_To_User"/>
  <testcase name="Add_Tracking_Number" time="0.504" classname="Test_Data_Generation.Add_Tracking_Numbers_To_User"/>
  <testcase name="Add_Tracking_Number" time="0.502" classname="Test_Data_Generation.Add_Tracking_Numbers_To_User"/>
  <testcase name="Add_Tracking_Number" time="0.684" classname="Test_Data_Generation.Add_Tracking_Numbers_To_User"/>
  <testcase name="Add_Tracking_Number" time="0.471" classname="Test_Data_Generation.Add_Tracking_Numbers_To_User"/>
  <testcase name="Add_Tracking_Number" time="0.526" classname="Test_Data_Generation.Add_Tracking_Numbers_To_User"/>
  <testcase name="Add_Tracking_Number" time="0.519" classname="Test_Data_Generation.Add_Tracking_Numbers_To_User"/>
  <testcase name="Add_Tracking_Number" time="0.700" classname="Test_Data_Generation.Add_Tracking_Numbers_To_User"/>
  <testcase name="Add_Tracking_Number" time="0.493" classname="Test_Data_Generation.Add_Tracking_Numbers_To_User"/>
  <testcase name="Add_Tracking_Number" time="0.609" classname="Test_Data_Generation.Add_Tracking_Numbers_To_User"/>
  <testcase name="Add_Tracking_Number" time="0.525" classname="Test_Data_Generation.Add_Tracking_Numbers_To_User"/>
  <testcase name="Add_Tracking_Number" time="0.611" classname="Test_Data_Generation.Add_Tracking_Numbers_To_User"/>
  <testcase name="Add_Tracking_Number" time="0.477" classname="Test_Data_Generation.Add_Tracking_Numbers_To_User"/>
  <testcase name="Add_Tracking_Number" time="0.644" classname="Test_Data_Generation.Add_Tracking_Numbers_To_User"/>
  <testcase name="Add_Tracking_Number" time="0.552" classname="Test_Data_Generation.Add_Tracking_Numbers_To_User"/>
  <testcase name="Add_Tracking_Number" time="0.510" classname="Test_Data_Generation.Add_Tracking_Numbers_To_User"/>
  <testcase name="Add_Tracking_Number" time="0.462" classname="Test_Data_Generation.Add_Tracking_Numbers_To_User"/>
  <testcase name="Add_Tracking_Number" time="0.645" classname="Test_Data_Generation.Add_Tracking_Numbers_To_User"/>
  <testcase name="Add_Tracking_Number" time="0.580" classname="Test_Data_Generation.Add_Tracking_Numbers_To_User"/>
  <testcase name="Add_Tracking_Number" time="0.531" classname="Test_Data_Generation.Add_Tracking_Numbers_To_User"/>
  <testcase name="Add_Tracking_Number" time="0.502" classname="Test_Data_Generation.Add_Tracking_Numbers_To_User"/>
  <testcase name="Add_Tracking_Number" time="0.497" classname="Test_Data_Generation.Add_Tracking_Numbers_To_User"/>
  <testcase name="Add_Tracking_Number" time="0.715" classname="Test_Data_Generation.Add_Tracking_Numbers_To_User"/>
  <testcase name="Add_Tracking_Number" time="0.500" classname="Test_Data_Generation.Add_Tracking_Numbers_To_User"/>
  <testcase name="Add_Tracking_Number" time="0.525" classname="Test_Data_Generation.Add_Tracking_Numbers_To_User"/>
  <testcase name="Add_Tracking_Number" time="0.600" classname="Test_Data_Generation.Add_Tracking_Numbers_To_User"/>
  <testcase name="Add_Tracking_Number" time="0.577" classname="Test_Data_Generation.Add_Tracking_Numbers_To_User"/>
  <testcase name="Add_Tracking_Number" time="0.074" classname="Test_Data_Generation.Add_Tracking_Numbers_To_User"/>
  <testcase name="Add_Tracking_Number" time="0.054" classname="Test_Data_Generation.Add_Tracking_Numbers_To_User"/>
  <testcase name="Add_Tracking_Number" time="0.420" classname="Test_Data_Generation.Add_Tracking_Numbers_To_User"/>
  <testcase name="Add_Tracking_Number" time="0.495" classname="Test_Data_Generation.Add_Tracking_Numbers_To_User"/>
  <testcase name="Add_Tracking_Number" time="0.485" classname="Test_Data_Generation.Add_Tracking_Numbers_To_User"/>
  <testcase name="Add_Tracking_Number" time="0.558" classname="Test_Data_Generation.Add_Tracking_Numbers_To_User"/>
  <testcase name="Add_Tracking_Number" time="0.498" classname="Test_Data_Generation.Add_Tracking_Numbers_To_User"/>
  <testcase name="Add_Tracking_Number" time="0.533" classname="Test_Data_Generation.Add_Tracking_Numbers_To_User"/>
  <testcase name="Add_Tracking_Number" time="0.469" classname="Test_Data_Generation.Add_Tracking_Numbers_To_User"/>
  <testcase name="Add_Tracking_Number" time="0.574" classname="Test_Data_Generation.Add_Tracking_Numbers_To_User"/>
  <testcase name="Add_Tracking_Number" time="0.569" classname="Test_Data_Generation.Add_Tracking_Numbers_To_User"/>
  <testcase name="Add_Tracking_Number" time="0.490" classname="Test_Data_Generation.Add_Tracking_Numbers_To_User"/>
  <testcase name="Add_Tracking_Number" time="0.527" classname="Test_Data_Generation.Add_Tracking_Numbers_To_User"/>
  <testcase name="Add_Tracking_Number" time="0.488" classname="Test_Data_Generation.Add_Tracking_Numbers_To_User"/>
  <testcase name="Add_Tracking_Number" time="0.554" classname="Test_Data_Generation.Add_Tracking_Numbers_To_User"/>
  <testcase name="Add_Tracking_Number" time="0.590" classname="Test_Data_Generation.Add_Tracking_Numbers_To_User"/>
  <testcase name="Add_Tracking_Number" time="0.533" classname="Test_Data_Generation.Add_Tracking_Numbers_To_User"/>
  <testcase name="Add_Tracking_Number" time="0.540" classname="Test_Data_Generation.Add_Tracking_Numbers_To_User"/>
  <testcase name="Add_Tracking_Number" time="0.484" classname="Test_Data_Generation.Add_Tracking_Numbers_To_User"/>
  <testcase name="Add_Tracking_Number" time="0.735" classname="Test_Data_Generation.Add_Tracking_Numbers_To_User"/>
  <testcase name="Add_Tracking_Number" time="0.506" classname="Test_Data_Generation.Add_Tracking_Numbers_To_User"/>
  <testcase name="Add_Tracking_Number" time="0.253" classname="Test_Data_Generation.Add_Tracking_Numbers_To_User"/>
  <testcase name="Add_Tracking_Number" time="0.520" classname="Test_Data_Generation.Add_Tracking_Numbers_To_User"/>
  <testcase name="Add_Tracking_Number" time="0.507" classname="Test_Data_Generation.Add_Tracking_Numbers_To_User"/>
  <testcase name="Add_Tracking_Number" time="0.477" classname="Test_Data_Generation.Add_Tracking_Numbers_To_User"/>
  <testcase name="Add_Tracking_Number" time="0.424" classname="Test_Data_Generation.Add_Tracking_Numbers_To_User"/>
  <testcase name="Add_Tracking_Number" time="0.582" classname="Test_Data_Generation.Add_Tracking_Numbers_To_User"/>
  <testcase name="Add_Tracking_Number" time="0.725" classname="Test_Data_Generation.Add_Tracking_Numbers_To_User"/>
  <testcase name="Add_Tracking_Number" time="0.585" classname="Test_Data_Generation.Add_Tracking_Numbers_To_User"/>
  <testcase name="Add_Tracking_Number" time="0.275" classname="Test_Data_Generation.Add_Tracking_Numbers_To_User"/>
  <testcase name="Add_Tracking_Number" time="0.543" classname="Test_Data_Generation.Add_Tracking_Numbers_To_User"/>
  <testcase name="Add_Tracking_Number" time="0.523" classname="Test_Data_Generation.Add_Tracking_Numbers_To_User"/>
  <testcase name="Add_Tracking_Number" time="0.506" classname="Test_Data_Generation.Add_Tracking_Numbers_To_User"/>
  <testcase name="Add_Tracking_Number" time="0.453" classname="Test_Data_Generation.Add_Tracking_Numbers_To_User"/>
  <testcase name="Add_Tracking_Number" time="0.463" classname="Test_Data_Generation.Add_Tracking_Numbers_To_User"/>
  <testcase name="Add_Tracking_Number" time="0.494" classname="Test_Data_Generation.Add_Tracking_Numbers_To_User"/>
  <testcase name="Add_Tracking_Number" time="0.133" classname="Test_Data_Generation.Add_Tracking_Numbers_To_User"/>
  <testcase name="Add_Tracking_Number" time="0.597" classname="Test_Data_Generation.Add_Tracking_Numbers_To_User"/>
  <testcase name="Add_Tracking_Number" time="0.474" classname="Test_Data_Generation.Add_Tracking_Numbers_To_User"/>
  <testcase name="Add_Tracking_Number" time="0.509" classname="Test_Data_Generation.Add_Tracking_Numbers_To_User"/>
  <testcase name="Add_Tracking_Number" time="0.485" classname="Test_Data_Generation.Add_Tracking_Numbers_To_User"/>
  <testcase name="Add_Tracking_Number" time="0.575" classname="Test_Data_Generation.Add_Tracking_Numbers_To_User"/>
  <testcase name="Add_Tracking_Number" time="0.534" classname="Test_Data_Generation.Add_Tracking_Numbers_To_User"/>
  <testcase name="Add_Tracking_Number" time="0.052" classname="Test_Data_Generation.Add_Tracking_Numbers_To_User"/>
  <testcase name="Add_Tracking_Number" time="0.466" classname="Test_Data_Generation.Add_Tracking_Numbers_To_User"/>
  <testcase name="Add_Tracking_Number" time="0.692" classname="Test_Data_Generation.Add_Tracking_Numbers_To_User"/>
  <testcase name="Add_Tracking_Number" time="0.656" classname="Test_Data_Generation.Add_Tracking_Numbers_To_User"/>
  <testcase name="Add_Tracking_Number" time="0.469" classname="Test_Data_Generation.Add_Tracking_Numbers_To_User"/>
  <testcase name="Add_Tracking_Number" time="0.489" classname="Test_Data_Generation.Add_Tracking_Numbers_To_User"/>
  <testcase name="Add_Tracking_Number" time="0.507" classname="Test_Data_Generation.Add_Tracking_Numbers_To_User"/>
  <testcase name="Add_Tracking_Number" time="0.532" classname="Test_Data_Generation.Add_Tracking_Numbers_To_User"/>
  <testcase name="Add_Tracking_Number" time="0.549" classname="Test_Data_Generation.Add_Tracking_Numbers_To_User"/>
  <testcase name="Add_Tracking_Number" time="0.598" classname="Test_Data_Generation.Add_Tracking_Numbers_To_User"/>
  <testcase name="Add_Tracking_Number" time="0.522" classname="Test_Data_Generation.Add_Tracking_Numbers_To_User"/>
  <testcase name="Add_Tracking_Number" time="0.576" classname="Test_Data_Generation.Add_Tracking_Numbers_To_User"/>
  <testcase name="Add_Tracking_Number" time="0.701" classname="Test_Data_Generation.Add_Tracking_Numbers_To_User"/>
  <testcase name="Add_Tracking_Number" time="0.622" classname="Test_Data_Generation.Add_Tracking_Numbers_To_User"/>
  <testcase name="Add_Tracking_Number" time="0.459" classname="Test_Data_Generation.Add_Tracking_Numbers_To_User"/>
  <testcase name="Add_Tracking_Number" time="0.515" classname="Test_Data_Generation.Add_Tracking_Numbers_To_User"/>
  <testcase name="Add_Tracking_Number" time="0.455" classname="Test_Data_Generation.Add_Tracking_Numbers_To_User"/>
  <testcase name="Add_Tracking_Number" time="0.461" classname="Test_Data_Generation.Add_Tracking_Numbers_To_User"/>
  <testcase name="Add_Tracking_Number" time="0.695" classname="Test_Data_Generation.Add_Tracking_Numbers_To_User"/>
  <testcase name="Add_Tracking_Number" time="0.605" classname="Test_Data_Generation.Add_Tracking_Numbers_To_User"/>
  <testcase name="Add_Tracking_Number" time="0.566" classname="Test_Data_Generation.Add_Tracking_Numbers_To_User"/>
  <testcase name="Add_Tracking_Number" time="0.805" classname="Test_Data_Generation.Add_Tracking_Numbers_To_User">
    <failure type="java.lang.AssertionError" message="
Expected: a string containing &quot;{\&quot;successful\&quot;:true&quot;
     but: was &quot;{&quot;ShipmentOptionResponse&quot;:{&quot;successful&quot;:false,&quot;errorList&quot;:[{&quot;code&quot;:&quot;2997&quot;,&quot;message&quot;:&quot;TRAQS connection/request problem&quot;,&quot;source&quot;:null,&quot;rootCause&quot;:null}],&quot;alerts&quot;:null,&quot;cxsalerts&quot;:null}}&quot;">
      <![CDATA[java.lang.AssertionError: 
Expected: a string containing "{\"successful\":true"
     but: was "{"ShipmentOptionResponse":{"successful":false,"errorList":[{"code":"2997","message":"TRAQS connection/request problem","source":null,"rootCause":null}],"alerts":null,"cxsalerts":null}}"
at org.hamcrest.MatcherAssert.assertThat(MatcherAssert.java:20)
at org.junit.Assert.assertThat(Assert.java:956)
at org.junit.Assert.assertThat(Assert.java:923)
at Test_Data_Generation.Add_Tracking_Numbers_To_User.Add_Tracking_Number(Add_Tracking_Numbers_To_User.java:69)
at sun.reflect.GeneratedMethodAccessor2.invoke(Unknown Source)
at sun.reflect.DelegatingMethodAccessorImpl.invoke(Unknown Source)
at java.lang.reflect.Method.invoke(Unknown Source)
at org.testng.internal.MethodInvocationHelper.invokeMethod(MethodInvocationHelper.java:124)
at org.testng.internal.Invoker.invokeMethod(Invoker.java:580)
at org.testng.internal.Invoker.invokeTestMethod(Invoker.java:716)
at org.testng.internal.TestMethodWithDataProviderMethodWorker.call(TestMethodWithDataProviderMethodWorker.java:71)
at org.testng.internal.TestMethodWithDataProviderMethodWorker.call(TestMethodWithDataProviderMethodWorker.java:14)
at java.util.concurrent.FutureTask.run(Unknown Source)
at java.util.concurrent.Executors$RunnableAdapter.call(Unknown Source)
at java.util.concurrent.FutureTask.run(Unknown Source)
at java.util.concurrent.ThreadPoolExecutor.runWorker(Unknown Source)
at java.util.concurrent.ThreadPoolExecutor$Worker.run(Unknown Source)
at java.lang.Thread.run(Unknown Source)
]]>
    </failure>
  </testcase> <!-- Add_Tracking_Number -->
  <testcase name="Add_Tracking_Number" time="0.530" classname="Test_Data_Generation.Add_Tracking_Numbers_To_User"/>
  <testcase name="Add_Tracking_Number" time="0.720" classname="Test_Data_Generation.Add_Tracking_Numbers_To_User"/>
  <testcase name="Add_Tracking_Number" time="0.611" classname="Test_Data_Generation.Add_Tracking_Numbers_To_User"/>
  <testcase name="Add_Tracking_Number" time="0.556" classname="Test_Data_Generation.Add_Tracking_Numbers_To_User"/>
  <testcase name="Add_Tracking_Number" time="0.485" classname="Test_Data_Generation.Add_Tracking_Numbers_To_User"/>
  <testcase name="Add_Tracking_Number" time="0.498" classname="Test_Data_Generation.Add_Tracking_Numbers_To_User"/>
  <testcase name="Add_Tracking_Number" time="0.541" classname="Test_Data_Generation.Add_Tracking_Numbers_To_User"/>
  <testcase name="Add_Tracking_Number" time="0.668" classname="Test_Data_Generation.Add_Tracking_Numbers_To_User"/>
  <testcase name="Add_Tracking_Number" time="0.465" classname="Test_Data_Generation.Add_Tracking_Numbers_To_User"/>
  <testcase name="Add_Tracking_Number" time="0.800" classname="Test_Data_Generation.Add_Tracking_Numbers_To_User"/>
  <testcase name="Add_Tracking_Number" time="0.495" classname="Test_Data_Generation.Add_Tracking_Numbers_To_User"/>
  <testcase name="Add_Tracking_Number" time="0.477" classname="Test_Data_Generation.Add_Tracking_Numbers_To_User"/>
  <testcase name="Add_Tracking_Number" time="27.898" classname="Test_Data_Generation.Add_Tracking_Numbers_To_User"/>
  <testcase name="Add_Tracking_Number" time="0.364" classname="Test_Data_Generation.Add_Tracking_Numbers_To_User"/>
  <testcase name="Add_Tracking_Number" time="0.480" classname="Test_Data_Generation.Add_Tracking_Numbers_To_User"/>
  <testcase name="Add_Tracking_Number" time="0.541" classname="Test_Data_Generation.Add_Tracking_Numbers_To_User"/>
  <testcase name="Add_Tracking_Number" time="0.578" classname="Test_Data_Generation.Add_Tracking_Numbers_To_User"/>
  <testcase name="Add_Tracking_Number" time="0.509" classname="Test_Data_Generation.Add_Tracking_Numbers_To_User"/>
  <testcase name="Add_Tracking_Number" time="0.538" classname="Test_Data_Generation.Add_Tracking_Numbers_To_User"/>
  <testcase name="Add_Tracking_Number" time="0.489" classname="Test_Data_Generation.Add_Tracking_Numbers_To_User"/>
  <testcase name="Add_Tracking_Number" time="0.511" classname="Test_Data_Generation.Add_Tracking_Numbers_To_User"/>
  <testcase name="Add_Tracking_Number" time="0.481" classname="Test_Data_Generation.Add_Tracking_Numbers_To_User"/>
  <testcase name="Add_Tracking_Number" time="0.499" classname="Test_Data_Generation.Add_Tracking_Numbers_To_User"/>
  <testcase name="Add_Tracking_Number" time="0.571" classname="Test_Data_Generation.Add_Tracking_Numbers_To_User"/>
  <testcase name="Add_Tracking_Number" time="0.700" classname="Test_Data_Generation.Add_Tracking_Numbers_To_User"/>
  <testcase name="Add_Tracking_Number" time="0.640" classname="Test_Data_Generation.Add_Tracking_Numbers_To_User"/>
  <testcase name="Add_Tracking_Number" time="0.468" classname="Test_Data_Generation.Add_Tracking_Numbers_To_User"/>
  <testcase name="Add_Tracking_Number" time="0.516" classname="Test_Data_Generation.Add_Tracking_Numbers_To_User"/>
  <testcase name="Add_Tracking_Number" time="0.502" classname="Test_Data_Generation.Add_Tracking_Numbers_To_User"/>
  <testcase name="Add_Tracking_Number" time="0.573" classname="Test_Data_Generation.Add_Tracking_Numbers_To_User"/>
  <testcase name="Add_Tracking_Number" time="0.621" classname="Test_Data_Generation.Add_Tracking_Numbers_To_User"/>
  <testcase name="Add_Tracking_Number" time="0.499" classname="Test_Data_Generation.Add_Tracking_Numbers_To_User"/>
  <testcase name="Add_Tracking_Number" time="0.477" classname="Test_Data_Generation.Add_Tracking_Numbers_To_User"/>
  <testcase name="Add_Tracking_Number" time="0.510" classname="Test_Data_Generation.Add_Tracking_Numbers_To_User"/>
  <testcase name="Add_Tracking_Number" time="0.626" classname="Test_Data_Generation.Add_Tracking_Numbers_To_User"/>
  <testcase name="Add_Tracking_Number" time="0.510" classname="Test_Data_Generation.Add_Tracking_Numbers_To_User"/>
  <testcase name="Add_Tracking_Number" time="0.544" classname="Test_Data_Generation.Add_Tracking_Numbers_To_User"/>
  <testcase name="Add_Tracking_Number" time="0.536" classname="Test_Data_Generation.Add_Tracking_Numbers_To_User"/>
  <testcase name="Add_Tracking_Number" time="0.214" classname="Test_Data_Generation.Add_Tracking_Numbers_To_User"/>
  <testcase name="Add_Tracking_Number" time="0.589" classname="Test_Data_Generation.Add_Tracking_Numbers_To_User"/>
  <testcase name="Add_Tracking_Number" time="0.565" classname="Test_Data_Generation.Add_Tracking_Numbers_To_User"/>
  <testcase name="Add_Tracking_Number" time="0.691" classname="Test_Data_Generation.Add_Tracking_Numbers_To_User"/>
  <testcase name="Add_Tracking_Number" time="0.491" classname="Test_Data_Generation.Add_Tracking_Numbers_To_User"/>
  <testcase name="Add_Tracking_Number" time="0.645" classname="Test_Data_Generation.Add_Tracking_Numbers_To_User"/>
  <testcase name="Add_Tracking_Number" time="0.581" classname="Test_Data_Generation.Add_Tracking_Numbers_To_User"/>
  <testcase name="Add_Tracking_Number" time="0.619" classname="Test_Data_Generation.Add_Tracking_Numbers_To_User"/>
  <testcase name="Add_Tracking_Number" time="0.611" classname="Test_Data_Generation.Add_Tracking_Numbers_To_User"/>
  <testcase name="Add_Tracking_Number" time="0.522" classname="Test_Data_Generation.Add_Tracking_Numbers_To_User"/>
  <testcase name="Add_Tracking_Number" time="0.248" classname="Test_Data_Generation.Add_Tracking_Numbers_To_User"/>
  <testcase name="Add_Tracking_Number" time="0.493" classname="Test_Data_Generation.Add_Tracking_Numbers_To_User"/>
  <testcase name="Add_Tracking_Number" time="0.527" classname="Test_Data_Generation.Add_Tracking_Numbers_To_User"/>
  <testcase name="Add_Tracking_Number" time="0.768" classname="Test_Data_Generation.Add_Tracking_Numbers_To_User"/>
  <testcase name="Add_Tracking_Number" time="0.651" classname="Test_Data_Generation.Add_Tracking_Numbers_To_User"/>
  <testcase name="Add_Tracking_Number" time="0.464" classname="Test_Data_Generation.Add_Tracking_Numbers_To_User"/>
  <testcase name="Add_Tracking_Number" time="0.573" classname="Test_Data_Generation.Add_Tracking_Numbers_To_User"/>
  <testcase name="Add_Tracking_Number" time="0.630" classname="Test_Data_Generation.Add_Tracking_Numbers_To_User"/>
  <testcase name="Add_Tracking_Number" time="0.655" classname="Test_Data_Generation.Add_Tracking_Numbers_To_User"/>
  <testcase name="Add_Tracking_Number" time="0.535" classname="Test_Data_Generation.Add_Tracking_Numbers_To_User"/>
  <testcase name="Add_Tracking_Number" time="0.527" classname="Test_Data_Generation.Add_Tracking_Numbers_To_User"/>
  <testcase name="Add_Tracking_Number" time="0.520" classname="Test_Data_Generation.Add_Tracking_Numbers_To_User"/>
  <testcase name="Add_Tracking_Number" time="0.695" classname="Test_Data_Generation.Add_Tracking_Numbers_To_User"/>
  <testcase name="Add_Tracking_Number" time="0.596" classname="Test_Data_Generation.Add_Tracking_Numbers_To_User"/>
  <testcase name="Add_Tracking_Number" time="0.586" classname="Test_Data_Generation.Add_Tracking_Numbers_To_User"/>
  <testcase name="Add_Tracking_Number" time="0.743" classname="Test_Data_Generation.Add_Tracking_Numbers_To_User"/>
  <testcase name="Add_Tracking_Number" time="0.583" classname="Test_Data_Generation.Add_Tracking_Numbers_To_User"/>
  <testcase name="Add_Tracking_Number" time="0.535" classname="Test_Data_Generation.Add_Tracking_Numbers_To_User"/>
  <testcase name="Add_Tracking_Number" time="0.507" classname="Test_Data_Generation.Add_Tracking_Numbers_To_User"/>
  <testcase name="Add_Tracking_Number" time="0.574" classname="Test_Data_Generation.Add_Tracking_Numbers_To_User"/>
  <testcase name="Add_Tracking_Number" time="0.546" classname="Test_Data_Generation.Add_Tracking_Numbers_To_User"/>
  <testcase name="Add_Tracking_Number" time="0.522" classname="Test_Data_Generation.Add_Tracking_Numbers_To_User"/>
  <testcase name="Add_Tracking_Number" time="0.761" classname="Test_Data_Generation.Add_Tracking_Numbers_To_User"/>
  <testcase name="Add_Tracking_Number" time="0.488" classname="Test_Data_Generation.Add_Tracking_Numbers_To_User"/>
  <testcase name="Add_Tracking_Number" time="0.521" classname="Test_Data_Generation.Add_Tracking_Numbers_To_User"/>
  <testcase name="Add_Tracking_Number" time="0.523" classname="Test_Data_Generation.Add_Tracking_Numbers_To_User"/>
  <testcase name="Add_Tracking_Number" time="0.463" classname="Test_Data_Generation.Add_Tracking_Numbers_To_User"/>
  <testcase name="Add_Tracking_Number" time="0.605" classname="Test_Data_Generation.Add_Tracking_Numbers_To_User"/>
  <testcase name="Add_Tracking_Number" time="0.632" classname="Test_Data_Generation.Add_Tracking_Numbers_To_User"/>
  <testcase name="Add_Tracking_Number" time="0.500" classname="Test_Data_Generation.Add_Tracking_Numbers_To_User"/>
  <testcase name="Add_Tracking_Number" time="0.687" classname="Test_Data_Generation.Add_Tracking_Numbers_To_User"/>
  <testcase name="Add_Tracking_Number" time="0.635" classname="Test_Data_Generation.Add_Tracking_Numbers_To_User"/>
  <testcase name="Add_Tracking_Number" time="0.515" classname="Test_Data_Generation.Add_Tracking_Numbers_To_User"/>
  <testcase name="Add_Tracking_Number" time="0.575" classname="Test_Data_Generation.Add_Tracking_Numbers_To_User"/>
  <testcase name="Add_Tracking_Number" time="0.494" classname="Test_Data_Generation.Add_Tracking_Numbers_To_User"/>
  <testcase name="Add_Tracking_Number" time="0.467" classname="Test_Data_Generation.Add_Tracking_Numbers_To_User"/>
  <testcase name="Add_Tracking_Number" time="0.523" classname="Test_Data_Generation.Add_Tracking_Numbers_To_User"/>
  <testcase name="Add_Tracking_Number" time="0.055" classname="Test_Data_Generation.Add_Tracking_Numbers_To_User"/>
  <testcase name="Add_Tracking_Number" time="0.520" classname="Test_Data_Generation.Add_Tracking_Numbers_To_User"/>
  <testcase name="Add_Tracking_Number" time="0.513" classname="Test_Data_Generation.Add_Tracking_Numbers_To_User"/>
  <testcase name="Add_Tracking_Number" time="18.361" classname="Test_Data_Generation.Add_Tracking_Numbers_To_User">
    <failure type="java.lang.AssertionError" message="
Expected: a string containing &quot;{\&quot;successful\&quot;:true&quot;
     but: was &quot;{&quot;ShipmentOptionResponse&quot;:{&quot;successful&quot;:false,&quot;errorList&quot;:[{&quot;code&quot;:&quot;2997&quot;,&quot;message&quot;:&quot;TRAQS connection/request problem&quot;,&quot;source&quot;:null,&quot;rootCause&quot;:null}],&quot;alerts&quot;:null,&quot;cxsalerts&quot;:null}}&quot;">
      <![CDATA[java.lang.AssertionError: 
Expected: a string containing "{\"successful\":true"
     but: was "{"ShipmentOptionResponse":{"successful":false,"errorList":[{"code":"2997","message":"TRAQS connection/request problem","source":null,"rootCause":null}],"alerts":null,"cxsalerts":null}}"
at org.hamcrest.MatcherAssert.assertThat(MatcherAssert.java:20)
at org.junit.Assert.assertThat(Assert.java:956)
at org.junit.Assert.assertThat(Assert.java:923)
at Test_Data_Generation.Add_Tracking_Numbers_To_User.Add_Tracking_Number(Add_Tracking_Numbers_To_User.java:69)
at sun.reflect.GeneratedMethodAccessor2.invoke(Unknown Source)
at sun.reflect.DelegatingMethodAccessorImpl.invoke(Unknown Source)
at java.lang.reflect.Method.invoke(Unknown Source)
at org.testng.internal.MethodInvocationHelper.invokeMethod(MethodInvocationHelper.java:124)
at org.testng.internal.Invoker.invokeMethod(Invoker.java:580)
at org.testng.internal.Invoker.invokeTestMethod(Invoker.java:716)
at org.testng.internal.TestMethodWithDataProviderMethodWorker.call(TestMethodWithDataProviderMethodWorker.java:71)
at org.testng.internal.TestMethodWithDataProviderMethodWorker.call(TestMethodWithDataProviderMethodWorker.java:14)
at java.util.concurrent.FutureTask.run(Unknown Source)
at java.util.concurrent.Executors$RunnableAdapter.call(Unknown Source)
at java.util.concurrent.FutureTask.run(Unknown Source)
at java.util.concurrent.ThreadPoolExecutor.runWorker(Unknown Source)
at java.util.concurrent.ThreadPoolExecutor$Worker.run(Unknown Source)
at java.lang.Thread.run(Unknown Source)
]]>
    </failure>
  </testcase> <!-- Add_Tracking_Number -->
  <testcase name="Add_Tracking_Number" time="0.586" classname="Test_Data_Generation.Add_Tracking_Numbers_To_User"/>
  <testcase name="Add_Tracking_Number" time="0.562" classname="Test_Data_Generation.Add_Tracking_Numbers_To_User"/>
  <testcase name="Add_Tracking_Number" time="0.474" classname="Test_Data_Generation.Add_Tracking_Numbers_To_User"/>
  <testcase name="Add_Tracking_Number" time="0.527" classname="Test_Data_Generation.Add_Tracking_Numbers_To_User"/>
  <testcase name="Add_Tracking_Number" time="0.497" classname="Test_Data_Generation.Add_Tracking_Numbers_To_User"/>
  <testcase name="Add_Tracking_Number" time="0.493" classname="Test_Data_Generation.Add_Tracking_Numbers_To_User"/>
  <testcase name="Add_Tracking_Number" time="0.559" classname="Test_Data_Generation.Add_Tracking_Numbers_To_User"/>
  <testcase name="Add_Tracking_Number" time="0.433" classname="Test_Data_Generation.Add_Tracking_Numbers_To_User">
    <failure type="java.lang.AssertionError" message="
Expected: a string containing &quot;{\&quot;successful\&quot;:true&quot;
     but: was &quot;{&quot;ShipmentOptionResponse&quot;:{&quot;successful&quot;:false,&quot;errorList&quot;:[{&quot;code&quot;:&quot;2997&quot;,&quot;message&quot;:&quot;TRAQS connection/request problem&quot;,&quot;source&quot;:null,&quot;rootCause&quot;:null}],&quot;alerts&quot;:null,&quot;cxsalerts&quot;:null}}&quot;">
      <![CDATA[java.lang.AssertionError: 
Expected: a string containing "{\"successful\":true"
     but: was "{"ShipmentOptionResponse":{"successful":false,"errorList":[{"code":"2997","message":"TRAQS connection/request problem","source":null,"rootCause":null}],"alerts":null,"cxsalerts":null}}"
at org.hamcrest.MatcherAssert.assertThat(MatcherAssert.java:20)
at org.junit.Assert.assertThat(Assert.java:956)
at org.junit.Assert.assertThat(Assert.java:923)
at Test_Data_Generation.Add_Tracking_Numbers_To_User.Add_Tracking_Number(Add_Tracking_Numbers_To_User.java:69)
at sun.reflect.GeneratedMethodAccessor2.invoke(Unknown Source)
at sun.reflect.DelegatingMethodAccessorImpl.invoke(Unknown Source)
at java.lang.reflect.Method.invoke(Unknown Source)
at org.testng.internal.MethodInvocationHelper.invokeMethod(MethodInvocationHelper.java:124)
at org.testng.internal.Invoker.invokeMethod(Invoker.java:580)
at org.testng.internal.Invoker.invokeTestMethod(Invoker.java:716)
at org.testng.internal.TestMethodWithDataProviderMethodWorker.call(TestMethodWithDataProviderMethodWorker.java:71)
at org.testng.internal.TestMethodWithDataProviderMethodWorker.call(TestMethodWithDataProviderMethodWorker.java:14)
at java.util.concurrent.FutureTask.run(Unknown Source)
at java.util.concurrent.Executors$RunnableAdapter.call(Unknown Source)
at java.util.concurrent.FutureTask.run(Unknown Source)
at java.util.concurrent.ThreadPoolExecutor.runWorker(Unknown Source)
at java.util.concurrent.ThreadPoolExecutor$Worker.run(Unknown Source)
at java.lang.Thread.run(Unknown Source)
]]>
    </failure>
  </testcase> <!-- Add_Tracking_Number -->
  <testcase name="Add_Tracking_Number" time="0.670" classname="Test_Data_Generation.Add_Tracking_Numbers_To_User"/>
  <testcase name="Add_Tracking_Number" time="0.481" classname="Test_Data_Generation.Add_Tracking_Numbers_To_User"/>
  <testcase name="Add_Tracking_Number" time="0.536" classname="Test_Data_Generation.Add_Tracking_Numbers_To_User"/>
  <testcase name="Add_Tracking_Number" time="0.484" classname="Test_Data_Generation.Add_Tracking_Numbers_To_User"/>
  <testcase name="Add_Tracking_Number" time="0.575" classname="Test_Data_Generation.Add_Tracking_Numbers_To_User">
    <failure type="java.lang.AssertionError" message="
Expected: a string containing &quot;{\&quot;successful\&quot;:true&quot;
     but: was &quot;{&quot;ShipmentOptionResponse&quot;:{&quot;successful&quot;:false,&quot;errorList&quot;:[{&quot;code&quot;:&quot;2997&quot;,&quot;message&quot;:&quot;TRAQS connection/request problem&quot;,&quot;source&quot;:null,&quot;rootCause&quot;:null}],&quot;alerts&quot;:null,&quot;cxsalerts&quot;:null}}&quot;">
      <![CDATA[java.lang.AssertionError: 
Expected: a string containing "{\"successful\":true"
     but: was "{"ShipmentOptionResponse":{"successful":false,"errorList":[{"code":"2997","message":"TRAQS connection/request problem","source":null,"rootCause":null}],"alerts":null,"cxsalerts":null}}"
at org.hamcrest.MatcherAssert.assertThat(MatcherAssert.java:20)
at org.junit.Assert.assertThat(Assert.java:956)
at org.junit.Assert.assertThat(Assert.java:923)
at Test_Data_Generation.Add_Tracking_Numbers_To_User.Add_Tracking_Number(Add_Tracking_Numbers_To_User.java:69)
at sun.reflect.GeneratedMethodAccessor2.invoke(Unknown Source)
at sun.reflect.DelegatingMethodAccessorImpl.invoke(Unknown Source)
at java.lang.reflect.Method.invoke(Unknown Source)
at org.testng.internal.MethodInvocationHelper.invokeMethod(MethodInvocationHelper.java:124)
at org.testng.internal.Invoker.invokeMethod(Invoker.java:580)
at org.testng.internal.Invoker.invokeTestMethod(Invoker.java:716)
at org.testng.internal.TestMethodWithDataProviderMethodWorker.call(TestMethodWithDataProviderMethodWorker.java:71)
at org.testng.internal.TestMethodWithDataProviderMethodWorker.call(TestMethodWithDataProviderMethodWorker.java:14)
at java.util.concurrent.FutureTask.run(Unknown Source)
at java.util.concurrent.Executors$RunnableAdapter.call(Unknown Source)
at java.util.concurrent.FutureTask.run(Unknown Source)
at java.util.concurrent.ThreadPoolExecutor.runWorker(Unknown Source)
at java.util.concurrent.ThreadPoolExecutor$Worker.run(Unknown Source)
at java.lang.Thread.run(Unknown Source)
]]>
    </failure>
  </testcase> <!-- Add_Tracking_Number -->
  <testcase name="Add_Tracking_Number" time="0.543" classname="Test_Data_Generation.Add_Tracking_Numbers_To_User"/>
  <testcase name="Add_Tracking_Number" time="0.533" classname="Test_Data_Generation.Add_Tracking_Numbers_To_User"/>
  <testcase name="Add_Tracking_Number" time="0.581" classname="Test_Data_Generation.Add_Tracking_Numbers_To_User"/>
  <testcase name="Add_Tracking_Number" time="0.554" classname="Test_Data_Generation.Add_Tracking_Numbers_To_User"/>
  <testcase name="Add_Tracking_Number" time="0.458" classname="Test_Data_Generation.Add_Tracking_Numbers_To_User"/>
  <testcase name="Add_Tracking_Number" time="0.527" classname="Test_Data_Generation.Add_Tracking_Numbers_To_User"/>
  <testcase name="Add_Tracking_Number" time="0.494" classname="Test_Data_Generation.Add_Tracking_Numbers_To_User"/>
  <testcase name="Add_Tracking_Number" time="0.566" classname="Test_Data_Generation.Add_Tracking_Numbers_To_User"/>
  <testcase name="Add_Tracking_Number" time="0.534" classname="Test_Data_Generation.Add_Tracking_Numbers_To_User"/>
  <testcase name="Add_Tracking_Number" time="0.687" classname="Test_Data_Generation.Add_Tracking_Numbers_To_User"/>
  <testcase name="Add_Tracking_Number" time="0.477" classname="Test_Data_Generation.Add_Tracking_Numbers_To_User"/>
  <testcase name="Add_Tracking_Number" time="0.491" classname="Test_Data_Generation.Add_Tracking_Numbers_To_User"/>
  <testcase name="Add_Tracking_Number" time="0.483" classname="Test_Data_Generation.Add_Tracking_Numbers_To_User"/>
  <testcase name="Add_Tracking_Number" time="0.704" classname="Test_Data_Generation.Add_Tracking_Numbers_To_User"/>
  <testcase name="Add_Tracking_Number" time="0.604" classname="Test_Data_Generation.Add_Tracking_Numbers_To_User"/>
  <testcase name="Add_Tracking_Number" time="0.661" classname="Test_Data_Generation.Add_Tracking_Numbers_To_User"/>
  <testcase name="Add_Tracking_Number" time="0.576" classname="Test_Data_Generation.Add_Tracking_Numbers_To_User"/>
  <testcase name="Add_Tracking_Number" time="0.471" classname="Test_Data_Generation.Add_Tracking_Numbers_To_User"/>
  <testcase name="Add_Tracking_Number" time="0.472" classname="Test_Data_Generation.Add_Tracking_Numbers_To_User"/>
  <testcase name="Add_Tracking_Number" time="0.587" classname="Test_Data_Generation.Add_Tracking_Numbers_To_User"/>
  <testcase name="Add_Tracking_Number" time="0.576" classname="Test_Data_Generation.Add_Tracking_Numbers_To_User"/>
  <testcase name="Add_Tracking_Number" time="0.499" classname="Test_Data_Generation.Add_Tracking_Numbers_To_User"/>
  <testcase name="Add_Tracking_Number" time="0.529" classname="Test_Data_Generation.Add_Tracking_Numbers_To_User"/>
  <testcase name="Add_Tracking_Number" time="0.514" classname="Test_Data_Generation.Add_Tracking_Numbers_To_User"/>
  <testcase name="Add_Tracking_Number" time="0.657" classname="Test_Data_Generation.Add_Tracking_Numbers_To_User"/>
  <testcase name="Add_Tracking_Number" time="0.529" classname="Test_Data_Generation.Add_Tracking_Numbers_To_User"/>
  <testcase name="Add_Tracking_Number" time="0.521" classname="Test_Data_Generation.Add_Tracking_Numbers_To_User"/>
  <testcase name="Add_Tracking_Number" time="0.605" classname="Test_Data_Generation.Add_Tracking_Numbers_To_User"/>
  <testcase name="Add_Tracking_Number" time="0.609" classname="Test_Data_Generation.Add_Tracking_Numbers_To_User"/>
  <testcase name="Add_Tracking_Number" time="0.678" classname="Test_Data_Generation.Add_Tracking_Numbers_To_User"/>
  <testcase name="Add_Tracking_Number" time="0.532" classname="Test_Data_Generation.Add_Tracking_Numbers_To_User"/>
  <testcase name="Add_Tracking_Number" time="0.611" classname="Test_Data_Generation.Add_Tracking_Numbers_To_User"/>
  <testcase name="Add_Tracking_Number" time="0.556" classname="Test_Data_Generation.Add_Tracking_Numbers_To_User"/>
  <testcase name="Add_Tracking_Number" time="0.743" classname="Test_Data_Generation.Add_Tracking_Numbers_To_User"/>
  <testcase name="Add_Tracking_Number" time="0.487" classname="Test_Data_Generation.Add_Tracking_Numbers_To_User"/>
  <testcase name="Add_Tracking_Number" time="0.524" classname="Test_Data_Generation.Add_Tracking_Numbers_To_User"/>
  <testcase name="Add_Tracking_Number" time="0.649" classname="Test_Data_Generation.Add_Tracking_Numbers_To_User"/>
  <testcase name="Add_Tracking_Number" time="0.595" classname="Test_Data_Generation.Add_Tracking_Numbers_To_User"/>
  <testcase name="Add_Tracking_Number" time="0.475" classname="Test_Data_Generation.Add_Tracking_Numbers_To_User"/>
  <testcase name="Add_Tracking_Number" time="0.545" classname="Test_Data_Generation.Add_Tracking_Numbers_To_User"/>
  <testcase name="Add_Tracking_Number" time="0.602" classname="Test_Data_Generation.Add_Tracking_Numbers_To_User"/>
  <testcase name="Add_Tracking_Number" time="0.702" classname="Test_Data_Generation.Add_Tracking_Numbers_To_User"/>
  <testcase name="Add_Tracking_Number" time="0.552" classname="Test_Data_Generation.Add_Tracking_Numbers_To_User"/>
  <testcase name="Add_Tracking_Number" time="0.489" classname="Test_Data_Generation.Add_Tracking_Numbers_To_User"/>
  <testcase name="Add_Tracking_Number" time="0.581" classname="Test_Data_Generation.Add_Tracking_Numbers_To_User"/>
  <testcase name="Add_Tracking_Number" time="0.472" classname="Test_Data_Generation.Add_Tracking_Numbers_To_User"/>
  <testcase name="Add_Tracking_Number" time="0.544" classname="Test_Data_Generation.Add_Tracking_Numbers_To_User"/>
  <testcase name="Add_Tracking_Number" time="0.474" classname="Test_Data_Generation.Add_Tracking_Numbers_To_User"/>
  <testcase name="Add_Tracking_Number" time="0.515" classname="Test_Data_Generation.Add_Tracking_Numbers_To_User"/>
  <testcase name="Add_Tracking_Number" time="0.692" classname="Test_Data_Generation.Add_Tracking_Numbers_To_User"/>
  <testcase name="Add_Tracking_Number" time="0.554" classname="Test_Data_Generation.Add_Tracking_Numbers_To_User"/>
  <testcase name="Add_Tracking_Number" time="0.554" classname="Test_Data_Generation.Add_Tracking_Numbers_To_User"/>
  <testcase name="Add_Tracking_Number" time="0.474" classname="Test_Data_Generation.Add_Tracking_Numbers_To_User"/>
  <testcase name="Add_Tracking_Number" time="0.516" classname="Test_Data_Generation.Add_Tracking_Numbers_To_User"/>
  <testcase name="Add_Tracking_Number" time="0.714" classname="Test_Data_Generation.Add_Tracking_Numbers_To_User"/>
  <testcase name="Add_Tracking_Number" time="0.576" classname="Test_Data_Generation.Add_Tracking_Numbers_To_User"/>
  <testcase name="Add_Tracking_Number" time="0.477" classname="Test_Data_Generation.Add_Tracking_Numbers_To_User"/>
  <testcase name="Add_Tracking_Number" time="0.547" classname="Test_Data_Generation.Add_Tracking_Numbers_To_User"/>
  <testcase name="Add_Tracking_Number" time="0.723" classname="Test_Data_Generation.Add_Tracking_Numbers_To_User"/>
  <testcase name="Add_Tracking_Number" time="0.497" classname="Test_Data_Generation.Add_Tracking_Numbers_To_User"/>
  <testcase name="Add_Tracking_Number" time="0.583" classname="Test_Data_Generation.Add_Tracking_Numbers_To_User"/>
  <testcase name="Add_Tracking_Number" time="0.766" classname="Test_Data_Generation.Add_Tracking_Numbers_To_User"/>
  <testcase name="Add_Tracking_Number" time="0.556" classname="Test_Data_Generation.Add_Tracking_Numbers_To_User"/>
  <testcase name="Add_Tracking_Number" time="0.512" classname="Test_Data_Generation.Add_Tracking_Numbers_To_User"/>
  <testcase name="Add_Tracking_Number" time="0.618" classname="Test_Data_Generation.Add_Tracking_Numbers_To_User"/>
  <testcase name="Add_Tracking_Number" time="0.624" classname="Test_Data_Generation.Add_Tracking_Numbers_To_User"/>
  <testcase name="Add_Tracking_Number" time="1.090" classname="Test_Data_Generation.Add_Tracking_Numbers_To_User"/>
  <testcase name="Add_Tracking_Number" time="0.503" classname="Test_Data_Generation.Add_Tracking_Numbers_To_User"/>
  <testcase name="Add_Tracking_Number" time="0.589" classname="Test_Data_Generation.Add_Tracking_Numbers_To_User"/>
  <testcase name="Add_Tracking_Number" time="0.640" classname="Test_Data_Generation.Add_Tracking_Numbers_To_User"/>
  <testcase name="Add_Tracking_Number" time="0.508" classname="Test_Data_Generation.Add_Tracking_Numbers_To_User"/>
  <testcase name="Add_Tracking_Number" time="0.521" classname="Test_Data_Generation.Add_Tracking_Numbers_To_User"/>
  <testcase name="Add_Tracking_Number" time="0.494" classname="Test_Data_Generation.Add_Tracking_Numbers_To_User"/>
  <testcase name="Add_Tracking_Number" time="0.538" classname="Test_Data_Generation.Add_Tracking_Numbers_To_User"/>
  <testcase name="Add_Tracking_Number" time="0.524" classname="Test_Data_Generation.Add_Tracking_Numbers_To_User"/>
  <testcase name="Add_Tracking_Number" time="0.502" classname="Test_Data_Generation.Add_Tracking_Numbers_To_User"/>
  <testcase name="Add_Tracking_Number" time="0.494" classname="Test_Data_Generation.Add_Tracking_Numbers_To_User"/>
  <testcase name="Add_Tracking_Number" time="0.482" classname="Test_Data_Generation.Add_Tracking_Numbers_To_User"/>
  <testcase name="Add_Tracking_Number" time="0.579" classname="Test_Data_Generation.Add_Tracking_Numbers_To_User"/>
  <testcase name="Add_Tracking_Number" time="0.518" classname="Test_Data_Generation.Add_Tracking_Numbers_To_User"/>
  <testcase name="Add_Tracking_Number" time="0.538" classname="Test_Data_Generation.Add_Tracking_Numbers_To_User"/>
  <testcase name="Add_Tracking_Number" time="0.542" classname="Test_Data_Generation.Add_Tracking_Numbers_To_User"/>
  <testcase name="Add_Tracking_Number" time="0.533" classname="Test_Data_Generation.Add_Tracking_Numbers_To_User"/>
  <testcase name="Add_Tracking_Number" time="0.529" classname="Test_Data_Generation.Add_Tracking_Numbers_To_User"/>
  <testcase name="Add_Tracking_Number" time="0.511" classname="Test_Data_Generation.Add_Tracking_Numbers_To_User"/>
  <testcase name="Add_Tracking_Number" time="0.486" classname="Test_Data_Generation.Add_Tracking_Numbers_To_User"/>
  <testcase name="Add_Tracking_Number" time="0.596" classname="Test_Data_Generation.Add_Tracking_Numbers_To_User"/>
  <testcase name="Add_Tracking_Number" time="0.490" classname="Test_Data_Generation.Add_Tracking_Numbers_To_User"/>
  <testcase name="Add_Tracking_Number" time="0.537" classname="Test_Data_Generation.Add_Tracking_Numbers_To_User"/>
  <testcase name="Add_Tracking_Number" time="0.571" classname="Test_Data_Generation.Add_Tracking_Numbers_To_User"/>
  <testcase name="Add_Tracking_Number" time="0.519" classname="Test_Data_Generation.Add_Tracking_Numbers_To_User"/>
  <testcase name="Add_Tracking_Number" time="0.538" classname="Test_Data_Generation.Add_Tracking_Numbers_To_User"/>
  <testcase name="Add_Tracking_Number" time="0.714" classname="Test_Data_Generation.Add_Tracking_Numbers_To_User"/>
  <testcase name="Add_Tracking_Number" time="0.517" classname="Test_Data_Generation.Add_Tracking_Numbers_To_User"/>
  <testcase name="Add_Tracking_Number" time="0.512" classname="Test_Data_Generation.Add_Tracking_Numbers_To_User"/>
  <testcase name="Add_Tracking_Number" time="0.538" classname="Test_Data_Generation.Add_Tracking_Numbers_To_User"/>
  <testcase name="Add_Tracking_Number" time="0.529" classname="Test_Data_Generation.Add_Tracking_Numbers_To_User"/>
  <testcase name="Add_Tracking_Number" time="0.463" classname="Test_Data_Generation.Add_Tracking_Numbers_To_User"/>
  <testcase name="Add_Tracking_Number" time="0.504" classname="Test_Data_Generation.Add_Tracking_Numbers_To_User"/>
  <testcase name="Add_Tracking_Number" time="0.483" classname="Test_Data_Generation.Add_Tracking_Numbers_To_User"/>
  <testcase name="Add_Tracking_Number" time="0.750" classname="Test_Data_Generation.Add_Tracking_Numbers_To_User"/>
  <testcase name="Add_Tracking_Number" time="0.490" classname="Test_Data_Generation.Add_Tracking_Numbers_To_User"/>
  <testcase name="Add_Tracking_Number" time="0.621" classname="Test_Data_Generation.Add_Tracking_Numbers_To_User"/>
  <testcase name="Add_Tracking_Number" time="0.696" classname="Test_Data_Generation.Add_Tracking_Numbers_To_User"/>
  <testcase name="Add_Tracking_Number" time="0.694" classname="Test_Data_Generation.Add_Tracking_Numbers_To_User"/>
  <testcase name="Add_Tracking_Number" time="0.519" classname="Test_Data_Generation.Add_Tracking_Numbers_To_User"/>
  <testcase name="Add_Tracking_Number" time="0.517" classname="Test_Data_Generation.Add_Tracking_Numbers_To_User"/>
  <testcase name="Add_Tracking_Number" time="0.701" classname="Test_Data_Generation.Add_Tracking_Numbers_To_User"/>
  <testcase name="Add_Tracking_Number" time="0.457" classname="Test_Data_Generation.Add_Tracking_Numbers_To_User"/>
  <testcase name="Add_Tracking_Number" time="0.553" classname="Test_Data_Generation.Add_Tracking_Numbers_To_User"/>
  <testcase name="Add_Tracking_Number" time="0.540" classname="Test_Data_Generation.Add_Tracking_Numbers_To_User"/>
  <testcase name="Add_Tracking_Number" time="0.539" classname="Test_Data_Generation.Add_Tracking_Numbers_To_User"/>
  <testcase name="Add_Tracking_Number" time="0.468" classname="Test_Data_Generation.Add_Tracking_Numbers_To_User"/>
  <testcase name="Add_Tracking_Number" time="0.600" classname="Test_Data_Generation.Add_Tracking_Numbers_To_User"/>
  <testcase name="Add_Tracking_Number" time="0.546" classname="Test_Data_Generation.Add_Tracking_Numbers_To_User"/>
  <testcase name="Add_Tracking_Number" time="0.535" classname="Test_Data_Generation.Add_Tracking_Numbers_To_User"/>
  <testcase name="Add_Tracking_Number" time="0.595" classname="Test_Data_Generation.Add_Tracking_Numbers_To_User"/>
  <testcase name="Add_Tracking_Number" time="0.647" classname="Test_Data_Generation.Add_Tracking_Numbers_To_User"/>
  <testcase name="Add_Tracking_Number" time="0.484" classname="Test_Data_Generation.Add_Tracking_Numbers_To_User"/>
  <testcase name="Add_Tracking_Number" time="0.696" classname="Test_Data_Generation.Add_Tracking_Numbers_To_User"/>
  <testcase name="Add_Tracking_Number" time="0.589" classname="Test_Data_Generation.Add_Tracking_Numbers_To_User"/>
  <testcase name="Add_Tracking_Number" time="0.067" classname="Test_Data_Generation.Add_Tracking_Numbers_To_User"/>
  <testcase name="Add_Tracking_Number" time="0.635" classname="Test_Data_Generation.Add_Tracking_Numbers_To_User"/>
  <testcase name="Add_Tracking_Number" time="0.529" classname="Test_Data_Generation.Add_Tracking_Numbers_To_User"/>
  <testcase name="Add_Tracking_Number" time="0.524" classname="Test_Data_Generation.Add_Tracking_Numbers_To_User"/>
  <testcase name="Add_Tracking_Number" time="0.499" classname="Test_Data_Generation.Add_Tracking_Numbers_To_User"/>
  <testcase name="Add_Tracking_Number" time="0.457" classname="Test_Data_Generation.Add_Tracking_Numbers_To_User"/>
  <testcase name="Add_Tracking_Number" time="0.527" classname="Test_Data_Generation.Add_Tracking_Numbers_To_User"/>
  <testcase name="Add_Tracking_Number" time="0.500" classname="Test_Data_Generation.Add_Tracking_Numbers_To_User"/>
  <testcase name="Add_Tracking_Number" time="0.198" classname="Test_Data_Generation.Add_Tracking_Numbers_To_User"/>
  <testcase name="Add_Tracking_Number" time="0.612" classname="Test_Data_Generation.Add_Tracking_Numbers_To_User"/>
  <testcase name="Add_Tracking_Number" time="0.549" classname="Test_Data_Generation.Add_Tracking_Numbers_To_User"/>
  <testcase name="Add_Tracking_Number" time="0.545" classname="Test_Data_Generation.Add_Tracking_Numbers_To_User"/>
  <testcase name="Add_Tracking_Number" time="0.633" classname="Test_Data_Generation.Add_Tracking_Numbers_To_User"/>
  <testcase name="Add_Tracking_Number" time="0.472" classname="Test_Data_Generation.Add_Tracking_Numbers_To_User"/>
  <testcase name="Add_Tracking_Number" time="0.544" classname="Test_Data_Generation.Add_Tracking_Numbers_To_User"/>
  <testcase name="Add_Tracking_Number" time="0.556" classname="Test_Data_Generation.Add_Tracking_Numbers_To_User"/>
  <testcase name="Add_Tracking_Number" time="0.541" classname="Test_Data_Generation.Add_Tracking_Numbers_To_User"/>
  <testcase name="Add_Tracking_Number" time="0.560" classname="Test_Data_Generation.Add_Tracking_Numbers_To_User"/>
  <testcase name="Add_Tracking_Number" time="0.567" classname="Test_Data_Generation.Add_Tracking_Numbers_To_User"/>
  <testcase name="Add_Tracking_Number" time="0.543" classname="Test_Data_Generation.Add_Tracking_Numbers_To_User"/>
  <testcase name="Add_Tracking_Number" time="0.485" classname="Test_Data_Generation.Add_Tracking_Numbers_To_User"/>
  <testcase name="Add_Tracking_Number" time="0.547" classname="Test_Data_Generation.Add_Tracking_Numbers_To_User"/>
  <testcase name="Add_Tracking_Number" time="0.484" classname="Test_Data_Generation.Add_Tracking_Numbers_To_User"/>
  <testcase name="Add_Tracking_Number" time="0.486" classname="Test_Data_Generation.Add_Tracking_Numbers_To_User"/>
  <testcase name="Add_Tracking_Number" time="0.776" classname="Test_Data_Generation.Add_Tracking_Numbers_To_User"/>
  <testcase name="Add_Tracking_Number" time="0.576" classname="Test_Data_Generation.Add_Tracking_Numbers_To_User"/>
  <testcase name="Add_Tracking_Number" time="0.529" classname="Test_Data_Generation.Add_Tracking_Numbers_To_User"/>
  <testcase name="Add_Tracking_Number" time="0.644" classname="Test_Data_Generation.Add_Tracking_Numbers_To_User"/>
  <testcase name="Add_Tracking_Number" time="0.643" classname="Test_Data_Generation.Add_Tracking_Numbers_To_User"/>
  <testcase name="Add_Tracking_Number" time="0.539" classname="Test_Data_Generation.Add_Tracking_Numbers_To_User"/>
  <testcase name="Add_Tracking_Number" time="0.265" classname="Test_Data_Generation.Add_Tracking_Numbers_To_User"/>
  <testcase name="Add_Tracking_Number" time="0.553" classname="Test_Data_Generation.Add_Tracking_Numbers_To_User"/>
  <testcase name="Add_Tracking_Number" time="0.353" classname="Test_Data_Generation.Add_Tracking_Numbers_To_User"/>
  <testcase name="Add_Tracking_Number" time="0.433" classname="Test_Data_Generation.Add_Tracking_Numbers_To_User"/>
  <testcase name="Add_Tracking_Number" time="0.499" classname="Test_Data_Generation.Add_Tracking_Numbers_To_User"/>
  <testcase name="Add_Tracking_Number" time="0.499" classname="Test_Data_Generation.Add_Tracking_Numbers_To_User"/>
  <testcase name="Add_Tracking_Number" time="0.972" classname="Test_Data_Generation.Add_Tracking_Numbers_To_User"/>
  <testcase name="Add_Tracking_Number" time="0.178" classname="Test_Data_Generation.Add_Tracking_Numbers_To_User"/>
  <testcase name="Add_Tracking_Number" time="0.513" classname="Test_Data_Generation.Add_Tracking_Numbers_To_User"/>
  <testcase name="Add_Tracking_Number" time="0.514" classname="Test_Data_Generation.Add_Tracking_Numbers_To_User"/>
  <testcase name="Add_Tracking_Number" time="0.648" classname="Test_Data_Generation.Add_Tracking_Numbers_To_User"/>
  <testcase name="Add_Tracking_Number" time="0.556" classname="Test_Data_Generation.Add_Tracking_Numbers_To_User"/>
  <testcase name="Add_Tracking_Number" time="0.522" classname="Test_Data_Generation.Add_Tracking_Numbers_To_User"/>
  <testcase name="Add_Tracking_Number" time="0.599" classname="Test_Data_Generation.Add_Tracking_Numbers_To_User"/>
  <testcase name="Add_Tracking_Number" time="0.551" classname="Test_Data_Generation.Add_Tracking_Numbers_To_User"/>
  <testcase name="Add_Tracking_Number" time="0.604" classname="Test_Data_Generation.Add_Tracking_Numbers_To_User"/>
  <testcase name="Add_Tracking_Number" time="0.529" classname="Test_Data_Generation.Add_Tracking_Numbers_To_User"/>
  <testcase name="Add_Tracking_Number" time="0.557" classname="Test_Data_Generation.Add_Tracking_Numbers_To_User"/>
  <testcase name="Add_Tracking_Number" time="0.504" classname="Test_Data_Generation.Add_Tracking_Numbers_To_User"/>
  <testcase name="Add_Tracking_Number" time="0.472" classname="Test_Data_Generation.Add_Tracking_Numbers_To_User"/>
  <testcase name="Add_Tracking_Number" time="0.541" classname="Test_Data_Generation.Add_Tracking_Numbers_To_User"/>
  <testcase name="Add_Tracking_Number" time="0.599" classname="Test_Data_Generation.Add_Tracking_Numbers_To_User"/>
  <testcase name="Add_Tracking_Number" time="0.490" classname="Test_Data_Generation.Add_Tracking_Numbers_To_User"/>
  <testcase name="Add_Tracking_Number" time="0.802" classname="Test_Data_Generation.Add_Tracking_Numbers_To_User"/>
  <testcase name="Add_Tracking_Number" time="0.512" classname="Test_Data_Generation.Add_Tracking_Numbers_To_User"/>
  <testcase name="Add_Tracking_Number" time="0.470" classname="Test_Data_Generation.Add_Tracking_Numbers_To_User"/>
  <testcase name="Add_Tracking_Number" time="0.516" classname="Test_Data_Generation.Add_Tracking_Numbers_To_User"/>
  <testcase name="Add_Tracking_Number" time="0.496" classname="Test_Data_Generation.Add_Tracking_Numbers_To_User"/>
  <testcase name="Add_Tracking_Number" time="0.910" classname="Test_Data_Generation.Add_Tracking_Numbers_To_User"/>
  <testcase name="Add_Tracking_Number" time="0.548" classname="Test_Data_Generation.Add_Tracking_Numbers_To_User"/>
  <testcase name="Add_Tracking_Number" time="0.208" classname="Test_Data_Generation.Add_Tracking_Numbers_To_User"/>
  <testcase name="Add_Tracking_Number" time="0.100" classname="Test_Data_Generation.Add_Tracking_Numbers_To_User"/>
  <testcase name="Add_Tracking_Number" time="0.471" classname="Test_Data_Generation.Add_Tracking_Numbers_To_User"/>
  <testcase name="Add_Tracking_Number" time="0.686" classname="Test_Data_Generation.Add_Tracking_Numbers_To_User"/>
  <testcase name="Add_Tracking_Number" time="0.565" classname="Test_Data_Generation.Add_Tracking_Numbers_To_User"/>
  <testcase name="Add_Tracking_Number" time="0.572" classname="Test_Data_Generation.Add_Tracking_Numbers_To_User"/>
  <testcase name="Add_Tracking_Number" time="0.489" classname="Test_Data_Generation.Add_Tracking_Numbers_To_User"/>
  <testcase name="Add_Tracking_Number" time="0.525" classname="Test_Data_Generation.Add_Tracking_Numbers_To_User"/>
  <testcase name="Add_Tracking_Number" time="0.546" classname="Test_Data_Generation.Add_Tracking_Numbers_To_User"/>
  <testcase name="Add_Tracking_Number" time="0.517" classname="Test_Data_Generation.Add_Tracking_Numbers_To_User"/>
  <testcase name="Add_Tracking_Number" time="0.578" classname="Test_Data_Generation.Add_Tracking_Numbers_To_User"/>
  <testcase name="Add_Tracking_Number" time="0.517" classname="Test_Data_Generation.Add_Tracking_Numbers_To_User"/>
  <testcase name="Add_Tracking_Number" time="0.588" classname="Test_Data_Generation.Add_Tracking_Numbers_To_User"/>
  <testcase name="Add_Tracking_Number" time="0.540" classname="Test_Data_Generation.Add_Tracking_Numbers_To_User"/>
  <testcase name="Add_Tracking_Number" time="0.418" classname="Test_Data_Generation.Add_Tracking_Numbers_To_User"/>
  <testcase name="Add_Tracking_Number" time="0.706" classname="Test_Data_Generation.Add_Tracking_Numbers_To_User"/>
  <testcase name="Add_Tracking_Number" time="0.479" classname="Test_Data_Generation.Add_Tracking_Numbers_To_User"/>
  <testcase name="Add_Tracking_Number" time="0.596" classname="Test_Data_Generation.Add_Tracking_Numbers_To_User"/>
  <testcase name="Add_Tracking_Number" time="0.519" classname="Test_Data_Generation.Add_Tracking_Numbers_To_User"/>
  <testcase name="Add_Tracking_Number" time="0.625" classname="Test_Data_Generation.Add_Tracking_Numbers_To_User"/>
  <testcase name="Add_Tracking_Number" time="0.609" classname="Test_Data_Generation.Add_Tracking_Numbers_To_User"/>
  <testcase name="Add_Tracking_Number" time="0.614" classname="Test_Data_Generation.Add_Tracking_Numbers_To_User"/>
  <testcase name="Add_Tracking_Number" time="0.504" classname="Test_Data_Generation.Add_Tracking_Numbers_To_User"/>
  <testcase name="Add_Tracking_Number" time="0.516" classname="Test_Data_Generation.Add_Tracking_Numbers_To_User"/>
  <testcase name="Add_Tracking_Number" time="0.598" classname="Test_Data_Generation.Add_Tracking_Numbers_To_User"/>
  <testcase name="Add_Tracking_Number" time="0.539" classname="Test_Data_Generation.Add_Tracking_Numbers_To_User"/>
  <testcase name="Add_Tracking_Number" time="0.587" classname="Test_Data_Generation.Add_Tracking_Numbers_To_User"/>
  <testcase name="Add_Tracking_Number" time="0.469" classname="Test_Data_Generation.Add_Tracking_Numbers_To_User"/>
  <testcase name="Add_Tracking_Number" time="0.787" classname="Test_Data_Generation.Add_Tracking_Numbers_To_User"/>
  <testcase name="Add_Tracking_Number" time="0.682" classname="Test_Data_Generation.Add_Tracking_Numbers_To_User"/>
  <testcase name="Add_Tracking_Number" time="0.533" classname="Test_Data_Generation.Add_Tracking_Numbers_To_User"/>
  <testcase name="Add_Tracking_Number" time="0.531" classname="Test_Data_Generation.Add_Tracking_Numbers_To_User"/>
  <testcase name="Add_Tracking_Number" time="0.117" classname="Test_Data_Generation.Add_Tracking_Numbers_To_User"/>
  <testcase name="Add_Tracking_Number" time="0.469" classname="Test_Data_Generation.Add_Tracking_Numbers_To_User"/>
  <testcase name="Add_Tracking_Number" time="0.564" classname="Test_Data_Generation.Add_Tracking_Numbers_To_User"/>
  <testcase name="Add_Tracking_Number" time="0.506" classname="Test_Data_Generation.Add_Tracking_Numbers_To_User"/>
  <testcase name="Add_Tracking_Number" time="0.482" classname="Test_Data_Generation.Add_Tracking_Numbers_To_User"/>
  <testcase name="Add_Tracking_Number" time="0.536" classname="Test_Data_Generation.Add_Tracking_Numbers_To_User"/>
  <testcase name="Add_Tracking_Number" time="0.634" classname="Test_Data_Generation.Add_Tracking_Numbers_To_User"/>
  <testcase name="Add_Tracking_Number" time="0.503" classname="Test_Data_Generation.Add_Tracking_Numbers_To_User"/>
  <testcase name="Add_Tracking_Number" time="0.536" classname="Test_Data_Generation.Add_Tracking_Numbers_To_User"/>
  <testcase name="Add_Tracking_Number" time="0.461" classname="Test_Data_Generation.Add_Tracking_Numbers_To_User"/>
  <testcase name="Add_Tracking_Number" time="0.657" classname="Test_Data_Generation.Add_Tracking_Numbers_To_User"/>
  <testcase name="Add_Tracking_Number" time="0.617" classname="Test_Data_Generation.Add_Tracking_Numbers_To_User"/>
  <testcase name="Add_Tracking_Number" time="0.568" classname="Test_Data_Generation.Add_Tracking_Numbers_To_User"/>
  <testcase name="Add_Tracking_Number" time="0.328" classname="Test_Data_Generation.Add_Tracking_Numbers_To_User"/>
  <testcase name="Add_Tracking_Number" time="0.545" classname="Test_Data_Generation.Add_Tracking_Numbers_To_User"/>
  <testcase name="Add_Tracking_Number" time="0.548" classname="Test_Data_Generation.Add_Tracking_Numbers_To_User"/>
  <testcase name="Add_Tracking_Number" time="0.581" classname="Test_Data_Generation.Add_Tracking_Numbers_To_User"/>
  <testcase name="Add_Tracking_Number" time="0.577" classname="Test_Data_Generation.Add_Tracking_Numbers_To_User"/>
  <testcase name="Add_Tracking_Number" time="0.494" classname="Test_Data_Generation.Add_Tracking_Numbers_To_User"/>
  <testcase name="Add_Tracking_Number" time="0.721" classname="Test_Data_Generation.Add_Tracking_Numbers_To_User"/>
  <testcase name="Add_Tracking_Number" time="0.465" classname="Test_Data_Generation.Add_Tracking_Numbers_To_User"/>
  <testcase name="Add_Tracking_Number" time="0.568" classname="Test_Data_Generation.Add_Tracking_Numbers_To_User"/>
  <testcase name="Add_Tracking_Number" time="0.583" classname="Test_Data_Generation.Add_Tracking_Numbers_To_User"/>
  <testcase name="Add_Tracking_Number" time="0.542" classname="Test_Data_Generation.Add_Tracking_Numbers_To_User"/>
  <testcase name="Add_Tracking_Number" time="0.512" classname="Test_Data_Generation.Add_Tracking_Numbers_To_User"/>
  <testcase name="Add_Tracking_Number" time="0.705" classname="Test_Data_Generation.Add_Tracking_Numbers_To_User"/>
  <testcase name="Add_Tracking_Number" time="0.469" classname="Test_Data_Generation.Add_Tracking_Numbers_To_User"/>
  <testcase name="Add_Tracking_Number" time="0.636" classname="Test_Data_Generation.Add_Tracking_Numbers_To_User"/>
  <testcase name="Add_Tracking_Number" time="0.608" classname="Test_Data_Generation.Add_Tracking_Numbers_To_User"/>
  <testcase name="Add_Tracking_Number" time="0.637" classname="Test_Data_Generation.Add_Tracking_Numbers_To_User"/>
  <testcase name="Add_Tracking_Number" time="0.520" classname="Test_Data_Generation.Add_Tracking_Numbers_To_User"/>
  <testcase name="Add_Tracking_Number" time="0.579" classname="Test_Data_Generation.Add_Tracking_Numbers_To_User"/>
  <testcase name="Add_Tracking_Number" time="0.548" classname="Test_Data_Generation.Add_Tracking_Numbers_To_User"/>
  <testcase name="Add_Tracking_Number" time="0.561" classname="Test_Data_Generation.Add_Tracking_Numbers_To_User"/>
  <testcase name="Add_Tracking_Number" time="0.056" classname="Test_Data_Generation.Add_Tracking_Numbers_To_User"/>
  <testcase name="Add_Tracking_Number" time="0.620" classname="Test_Data_Generation.Add_Tracking_Numbers_To_User"/>
  <testcase name="Add_Tracking_Number" time="0.424" classname="Test_Data_Generation.Add_Tracking_Numbers_To_User"/>
  <testcase name="Add_Tracking_Number" time="0.547" classname="Test_Data_Generation.Add_Tracking_Numbers_To_User"/>
  <testcase name="Add_Tracking_Number" time="0.454" classname="Test_Data_Generation.Add_Tracking_Numbers_To_User"/>
  <testcase name="Add_Tracking_Number" time="0.510" classname="Test_Data_Generation.Add_Tracking_Numbers_To_User"/>
  <testcase name="Add_Tracking_Number" time="0.669" classname="Test_Data_Generation.Add_Tracking_Numbers_To_User"/>
  <testcase name="Add_Tracking_Number" time="0.609" classname="Test_Data_Generation.Add_Tracking_Numbers_To_User"/>
  <testcase name="Add_Tracking_Number" time="0.574" classname="Test_Data_Generation.Add_Tracking_Numbers_To_User"/>
  <testcase name="Add_Tracking_Number" time="0.506" classname="Test_Data_Generation.Add_Tracking_Numbers_To_User"/>
  <testcase name="Add_Tracking_Number" time="0.290" classname="Test_Data_Generation.Add_Tracking_Numbers_To_User"/>
  <testcase name="Add_Tracking_Number" time="0.450" classname="Test_Data_Generation.Add_Tracking_Numbers_To_User"/>
  <testcase name="Add_Tracking_Number" time="0.539" classname="Test_Data_Generation.Add_Tracking_Numbers_To_User"/>
  <testcase name="Add_Tracking_Number" time="0.517" classname="Test_Data_Generation.Add_Tracking_Numbers_To_User"/>
  <testcase name="Add_Tracking_Number" time="0.673" classname="Test_Data_Generation.Add_Tracking_Numbers_To_User"/>
  <testcase name="Add_Tracking_Number" time="0.536" classname="Test_Data_Generation.Add_Tracking_Numbers_To_User"/>
  <testcase name="Add_Tracking_Number" time="0.678" classname="Test_Data_Generation.Add_Tracking_Numbers_To_User"/>
  <testcase name="Add_Tracking_Number" time="0.528" classname="Test_Data_Generation.Add_Tracking_Numbers_To_User"/>
  <testcase name="Add_Tracking_Number" time="0.664" classname="Test_Data_Generation.Add_Tracking_Numbers_To_User"/>
  <testcase name="Add_Tracking_Number" time="0.467" classname="Test_Data_Generation.Add_Tracking_Numbers_To_User"/>
  <testcase name="Add_Tracking_Number" time="0.541" classname="Test_Data_Generation.Add_Tracking_Numbers_To_User"/>
  <testcase name="Add_Tracking_Number" time="0.524" classname="Test_Data_Generation.Add_Tracking_Numbers_To_User"/>
  <testcase name="Add_Tracking_Number" time="0.629" classname="Test_Data_Generation.Add_Tracking_Numbers_To_User"/>
  <testcase name="Add_Tracking_Number" time="0.641" classname="Test_Data_Generation.Add_Tracking_Numbers_To_User"/>
  <testcase name="Add_Tracking_Number" time="0.501" classname="Test_Data_Generation.Add_Tracking_Numbers_To_User"/>
  <testcase name="Add_Tracking_Number" time="0.539" classname="Test_Data_Generation.Add_Tracking_Numbers_To_User"/>
  <testcase name="Add_Tracking_Number" time="0.482" classname="Test_Data_Generation.Add_Tracking_Numbers_To_User"/>
  <testcase name="Add_Tracking_Number" time="0.625" classname="Test_Data_Generation.Add_Tracking_Numbers_To_User"/>
  <testcase name="Add_Tracking_Number" time="0.723" classname="Test_Data_Generation.Add_Tracking_Numbers_To_User"/>
  <testcase name="Add_Tracking_Number" time="0.508" classname="Test_Data_Generation.Add_Tracking_Numbers_To_User"/>
  <testcase name="Add_Tracking_Number" time="0.481" classname="Test_Data_Generation.Add_Tracking_Numbers_To_User"/>
  <testcase name="Add_Tracking_Number" time="0.577" classname="Test_Data_Generation.Add_Tracking_Numbers_To_User"/>
  <testcase name="Add_Tracking_Number" time="0.617" classname="Test_Data_Generation.Add_Tracking_Numbers_To_User"/>
  <testcase name="Add_Tracking_Number" time="0.541" classname="Test_Data_Generation.Add_Tracking_Numbers_To_User"/>
  <testcase name="Add_Tracking_Number" time="0.787" classname="Test_Data_Generation.Add_Tracking_Numbers_To_User"/>
  <testcase name="Add_Tracking_Number" time="0.492" classname="Test_Data_Generation.Add_Tracking_Numbers_To_User"/>
  <testcase name="Add_Tracking_Number" time="0.599" classname="Test_Data_Generation.Add_Tracking_Numbers_To_User"/>
  <testcase name="Add_Tracking_Number" time="0.473" classname="Test_Data_Generation.Add_Tracking_Numbers_To_User"/>
  <testcase name="Add_Tracking_Number" time="0.485" classname="Test_Data_Generation.Add_Tracking_Numbers_To_User"/>
  <testcase name="Add_Tracking_Number" time="0.662" classname="Test_Data_Generation.Add_Tracking_Numbers_To_User"/>
  <testcase name="Add_Tracking_Number" time="0.477" classname="Test_Data_Generation.Add_Tracking_Numbers_To_User"/>
  <testcase name="Add_Tracking_Number" time="0.545" classname="Test_Data_Generation.Add_Tracking_Numbers_To_User"/>
  <testcase name="Add_Tracking_Number" time="0.518" classname="Test_Data_Generation.Add_Tracking_Numbers_To_User"/>
  <testcase name="Add_Tracking_Number" time="0.507" classname="Test_Data_Generation.Add_Tracking_Numbers_To_User"/>
  <testcase name="Add_Tracking_Number" time="22.173" classname="Test_Data_Generation.Add_Tracking_Numbers_To_User"/>
  <testcase name="Add_Tracking_Number" time="0.564" classname="Test_Data_Generation.Add_Tracking_Numbers_To_User"/>
  <testcase name="Add_Tracking_Number" time="0.555" classname="Test_Data_Generation.Add_Tracking_Numbers_To_User"/>
  <testcase name="Add_Tracking_Number" time="0.487" classname="Test_Data_Generation.Add_Tracking_Numbers_To_User"/>
  <testcase name="Add_Tracking_Number" time="0.556" classname="Test_Data_Generation.Add_Tracking_Numbers_To_User"/>
  <testcase name="Add_Tracking_Number" time="0.500" classname="Test_Data_Generation.Add_Tracking_Numbers_To_User"/>
  <testcase name="Add_Tracking_Number" time="0.471" classname="Test_Data_Generation.Add_Tracking_Numbers_To_User"/>
  <testcase name="Add_Tracking_Number" time="0.545" classname="Test_Data_Generation.Add_Tracking_Numbers_To_User"/>
  <testcase name="Add_Tracking_Number" time="0.604" classname="Test_Data_Generation.Add_Tracking_Numbers_To_User"/>
  <testcase name="Add_Tracking_Number" time="0.534" classname="Test_Data_Generation.Add_Tracking_Numbers_To_User"/>
  <testcase name="Add_Tracking_Number" time="0.588" classname="Test_Data_Generation.Add_Tracking_Numbers_To_User"/>
  <testcase name="Add_Tracking_Number" time="0.588" classname="Test_Data_Generation.Add_Tracking_Numbers_To_User"/>
  <testcase name="Add_Tracking_Number" time="0.524" classname="Test_Data_Generation.Add_Tracking_Numbers_To_User"/>
  <testcase name="Add_Tracking_Number" time="0.598" classname="Test_Data_Generation.Add_Tracking_Numbers_To_User"/>
  <testcase name="Add_Tracking_Number" time="0.556" classname="Test_Data_Generation.Add_Tracking_Numbers_To_User"/>
  <testcase name="Add_Tracking_Number" time="0.545" classname="Test_Data_Generation.Add_Tracking_Numbers_To_User"/>
  <testcase name="Add_Tracking_Number" time="0.489" classname="Test_Data_Generation.Add_Tracking_Numbers_To_User"/>
  <testcase name="Add_Tracking_Number" time="0.501" classname="Test_Data_Generation.Add_Tracking_Numbers_To_User"/>
  <testcase name="Add_Tracking_Number" time="0.489" classname="Test_Data_Generation.Add_Tracking_Numbers_To_User"/>
  <testcase name="Add_Tracking_Number" time="0.504" classname="Test_Data_Generation.Add_Tracking_Numbers_To_User"/>
  <testcase name="Add_Tracking_Number" time="0.568" classname="Test_Data_Generation.Add_Tracking_Numbers_To_User"/>
  <testcase name="Add_Tracking_Number" time="0.588" classname="Test_Data_Generation.Add_Tracking_Numbers_To_User"/>
  <testcase name="Add_Tracking_Number" time="0.527" classname="Test_Data_Generation.Add_Tracking_Numbers_To_User"/>
  <testcase name="Add_Tracking_Number" time="0.489" classname="Test_Data_Generation.Add_Tracking_Numbers_To_User"/>
  <testcase name="Add_Tracking_Number" time="0.541" classname="Test_Data_Generation.Add_Tracking_Numbers_To_User"/>
  <testcase name="Add_Tracking_Number" time="0.533" classname="Test_Data_Generation.Add_Tracking_Numbers_To_User"/>
  <testcase name="Add_Tracking_Number" time="0.522" classname="Test_Data_Generation.Add_Tracking_Numbers_To_User"/>
  <testcase name="Add_Tracking_Number" time="0.624" classname="Test_Data_Generation.Add_Tracking_Numbers_To_User"/>
  <testcase name="Add_Tracking_Number" time="0.564" classname="Test_Data_Generation.Add_Tracking_Numbers_To_User"/>
  <testcase name="Add_Tracking_Number" time="0.530" classname="Test_Data_Generation.Add_Tracking_Numbers_To_User"/>
  <testcase name="Add_Tracking_Number" time="0.522" classname="Test_Data_Generation.Add_Tracking_Numbers_To_User"/>
  <testcase name="Add_Tracking_Number" time="0.561" classname="Test_Data_Generation.Add_Tracking_Numbers_To_User"/>
  <testcase name="Add_Tracking_Number" time="0.554" classname="Test_Data_Generation.Add_Tracking_Numbers_To_User"/>
  <testcase name="Add_Tracking_Number" time="0.534" classname="Test_Data_Generation.Add_Tracking_Numbers_To_User"/>
  <testcase name="Add_Tracking_Number" time="0.671" classname="Test_Data_Generation.Add_Tracking_Numbers_To_User"/>
  <testcase name="Add_Tracking_Number" time="0.586" classname="Test_Data_Generation.Add_Tracking_Numbers_To_User"/>
  <testcase name="Add_Tracking_Number" time="0.559" classname="Test_Data_Generation.Add_Tracking_Numbers_To_User"/>
  <testcase name="Add_Tracking_Number" time="0.584" classname="Test_Data_Generation.Add_Tracking_Numbers_To_User"/>
  <testcase name="Add_Tracking_Number" time="0.645" classname="Test_Data_Generation.Add_Tracking_Numbers_To_User"/>
  <testcase name="Add_Tracking_Number" time="0.544" classname="Test_Data_Generation.Add_Tracking_Numbers_To_User"/>
  <testcase name="Add_Tracking_Number" time="0.094" classname="Test_Data_Generation.Add_Tracking_Numbers_To_User"/>
  <testcase name="Add_Tracking_Number" time="0.517" classname="Test_Data_Generation.Add_Tracking_Numbers_To_User"/>
  <testcase name="Add_Tracking_Number" time="0.483" classname="Test_Data_Generation.Add_Tracking_Numbers_To_User"/>
  <testcase name="Add_Tracking_Number" time="0.517" classname="Test_Data_Generation.Add_Tracking_Numbers_To_User"/>
  <testcase name="Add_Tracking_Number" time="0.489" classname="Test_Data_Generation.Add_Tracking_Numbers_To_User"/>
  <testcase name="Add_Tracking_Number" time="0.523" classname="Test_Data_Generation.Add_Tracking_Numbers_To_User"/>
  <testcase name="Add_Tracking_Number" time="0.561" classname="Test_Data_Generation.Add_Tracking_Numbers_To_User"/>
  <testcase name="Add_Tracking_Number" time="0.555" classname="Test_Data_Generation.Add_Tracking_Numbers_To_User"/>
  <testcase name="Add_Tracking_Number" time="0.557" classname="Test_Data_Generation.Add_Tracking_Numbers_To_User"/>
  <testcase name="Add_Tracking_Number" time="0.553" classname="Test_Data_Generation.Add_Tracking_Numbers_To_User"/>
  <testcase name="Add_Tracking_Number" time="0.533" classname="Test_Data_Generation.Add_Tracking_Numbers_To_User"/>
  <testcase name="Add_Tracking_Number" time="0.546" classname="Test_Data_Generation.Add_Tracking_Numbers_To_User"/>
  <testcase name="Add_Tracking_Number" time="0.511" classname="Test_Data_Generation.Add_Tracking_Numbers_To_User"/>
  <testcase name="Add_Tracking_Number" time="0.550" classname="Test_Data_Generation.Add_Tracking_Numbers_To_User"/>
  <testcase name="Add_Tracking_Number" time="0.543" classname="Test_Data_Generation.Add_Tracking_Numbers_To_User"/>
  <testcase name="Add_Tracking_Number" time="0.523" classname="Test_Data_Generation.Add_Tracking_Numbers_To_User"/>
  <testcase name="Add_Tracking_Number" time="0.576" classname="Test_Data_Generation.Add_Tracking_Numbers_To_User"/>
  <testcase name="Add_Tracking_Number" time="0.551" classname="Test_Data_Generation.Add_Tracking_Numbers_To_User"/>
  <testcase name="Add_Tracking_Number" time="0.509" classname="Test_Data_Generation.Add_Tracking_Numbers_To_User"/>
  <testcase name="Add_Tracking_Number" time="0.583" classname="Test_Data_Generation.Add_Tracking_Numbers_To_User"/>
  <testcase name="Add_Tracking_Number" time="0.579" classname="Test_Data_Generation.Add_Tracking_Numbers_To_User"/>
  <testcase name="Add_Tracking_Number" time="0.651" classname="Test_Data_Generation.Add_Tracking_Numbers_To_User"/>
  <testcase name="Add_Tracking_Number" time="0.519" classname="Test_Data_Generation.Add_Tracking_Numbers_To_User"/>
  <testcase name="Add_Tracking_Number" time="0.482" classname="Test_Data_Generation.Add_Tracking_Numbers_To_User"/>
  <testcase name="Add_Tracking_Number" time="0.109" classname="Test_Data_Generation.Add_Tracking_Numbers_To_User">
    <failure type="java.lang.AssertionError" message="
Expected: a string containing &quot;{\&quot;successful\&quot;:true&quot;
     but: was &quot;{&quot;ShipmentOptionResponse&quot;:{&quot;successful&quot;:false,&quot;errorList&quot;:[{&quot;code&quot;:&quot;2997&quot;,&quot;message&quot;:&quot;TRAQS connection/request problem&quot;,&quot;source&quot;:null,&quot;rootCause&quot;:null}],&quot;alerts&quot;:null,&quot;cxsalerts&quot;:null}}&quot;">
      <![CDATA[java.lang.AssertionError: 
Expected: a string containing "{\"successful\":true"
     but: was "{"ShipmentOptionResponse":{"successful":false,"errorList":[{"code":"2997","message":"TRAQS connection/request problem","source":null,"rootCause":null}],"alerts":null,"cxsalerts":null}}"
at org.hamcrest.MatcherAssert.assertThat(MatcherAssert.java:20)
at org.junit.Assert.assertThat(Assert.java:956)
at org.junit.Assert.assertThat(Assert.java:923)
at Test_Data_Generation.Add_Tracking_Numbers_To_User.Add_Tracking_Number(Add_Tracking_Numbers_To_User.java:69)
at sun.reflect.GeneratedMethodAccessor2.invoke(Unknown Source)
at sun.reflect.DelegatingMethodAccessorImpl.invoke(Unknown Source)
at java.lang.reflect.Method.invoke(Unknown Source)
at org.testng.internal.MethodInvocationHelper.invokeMethod(MethodInvocationHelper.java:124)
at org.testng.internal.Invoker.invokeMethod(Invoker.java:580)
at org.testng.internal.Invoker.invokeTestMethod(Invoker.java:716)
at org.testng.internal.TestMethodWithDataProviderMethodWorker.call(TestMethodWithDataProviderMethodWorker.java:71)
at org.testng.internal.TestMethodWithDataProviderMethodWorker.call(TestMethodWithDataProviderMethodWorker.java:14)
at java.util.concurrent.FutureTask.run(Unknown Source)
at java.util.concurrent.Executors$RunnableAdapter.call(Unknown Source)
at java.util.concurrent.FutureTask.run(Unknown Source)
at java.util.concurrent.ThreadPoolExecutor.runWorker(Unknown Source)
at java.util.concurrent.ThreadPoolExecutor$Worker.run(Unknown Source)
at java.lang.Thread.run(Unknown Source)
]]>
    </failure>
  </testcase> <!-- Add_Tracking_Number -->
  <testcase name="Add_Tracking_Number" time="0.694" classname="Test_Data_Generation.Add_Tracking_Numbers_To_User"/>
  <testcase name="Add_Tracking_Number" time="0.637" classname="Test_Data_Generation.Add_Tracking_Numbers_To_User"/>
  <testcase name="Add_Tracking_Number" time="0.590" classname="Test_Data_Generation.Add_Tracking_Numbers_To_User"/>
  <testcase name="Add_Tracking_Number" time="0.538" classname="Test_Data_Generation.Add_Tracking_Numbers_To_User"/>
  <testcase name="Add_Tracking_Number" time="0.429" classname="Test_Data_Generation.Add_Tracking_Numbers_To_User"/>
  <testcase name="Add_Tracking_Number" time="0.452" classname="Test_Data_Generation.Add_Tracking_Numbers_To_User"/>
  <testcase name="Add_Tracking_Number" time="0.456" classname="Test_Data_Generation.Add_Tracking_Numbers_To_User"/>
  <testcase name="Add_Tracking_Number" time="0.736" classname="Test_Data_Generation.Add_Tracking_Numbers_To_User"/>
  <testcase name="Add_Tracking_Number" time="0.570" classname="Test_Data_Generation.Add_Tracking_Numbers_To_User"/>
  <testcase name="Add_Tracking_Number" time="0.514" classname="Test_Data_Generation.Add_Tracking_Numbers_To_User"/>
  <testcase name="Add_Tracking_Number" time="0.120" classname="Test_Data_Generation.Add_Tracking_Numbers_To_User"/>
  <testcase name="Add_Tracking_Number" time="0.578" classname="Test_Data_Generation.Add_Tracking_Numbers_To_User"/>
  <testcase name="Add_Tracking_Number" time="0.684" classname="Test_Data_Generation.Add_Tracking_Numbers_To_User"/>
  <testcase name="Add_Tracking_Number" time="0.485" classname="Test_Data_Generation.Add_Tracking_Numbers_To_User"/>
  <testcase name="Add_Tracking_Number" time="0.509" classname="Test_Data_Generation.Add_Tracking_Numbers_To_User"/>
  <testcase name="Add_Tracking_Number" time="0.598" classname="Test_Data_Generation.Add_Tracking_Numbers_To_User"/>
  <testcase name="Add_Tracking_Number" time="0.505" classname="Test_Data_Generation.Add_Tracking_Numbers_To_User"/>
  <testcase name="Add_Tracking_Number" time="0.610" classname="Test_Data_Generation.Add_Tracking_Numbers_To_User"/>
  <testcase name="Add_Tracking_Number" time="0.548" classname="Test_Data_Generation.Add_Tracking_Numbers_To_User"/>
  <testcase name="Add_Tracking_Number" time="0.538" classname="Test_Data_Generation.Add_Tracking_Numbers_To_User"/>
  <testcase name="Add_Tracking_Number" time="0.484" classname="Test_Data_Generation.Add_Tracking_Numbers_To_User"/>
  <testcase name="Add_Tracking_Number" time="0.511" classname="Test_Data_Generation.Add_Tracking_Numbers_To_User"/>
  <testcase name="Add_Tracking_Number" time="0.430" classname="Test_Data_Generation.Add_Tracking_Numbers_To_User"/>
  <testcase name="Add_Tracking_Number" time="0.539" classname="Test_Data_Generation.Add_Tracking_Numbers_To_User"/>
  <testcase name="Add_Tracking_Number" time="0.458" classname="Test_Data_Generation.Add_Tracking_Numbers_To_User"/>
  <testcase name="Add_Tracking_Number" time="0.653" classname="Test_Data_Generation.Add_Tracking_Numbers_To_User"/>
  <testcase name="Add_Tracking_Number" time="0.566" classname="Test_Data_Generation.Add_Tracking_Numbers_To_User"/>
  <testcase name="Add_Tracking_Number" time="0.500" classname="Test_Data_Generation.Add_Tracking_Numbers_To_User"/>
  <testcase name="Add_Tracking_Number" time="0.666" classname="Test_Data_Generation.Add_Tracking_Numbers_To_User"/>
  <testcase name="Add_Tracking_Number" time="0.526" classname="Test_Data_Generation.Add_Tracking_Numbers_To_User"/>
  <testcase name="Add_Tracking_Number" time="0.480" classname="Test_Data_Generation.Add_Tracking_Numbers_To_User"/>
  <testcase name="Add_Tracking_Number" time="1.020" classname="Test_Data_Generation.Add_Tracking_Numbers_To_User"/>
  <testcase name="Add_Tracking_Number" time="0.490" classname="Test_Data_Generation.Add_Tracking_Numbers_To_User"/>
  <testcase name="Add_Tracking_Number" time="0.780" classname="Test_Data_Generation.Add_Tracking_Numbers_To_User"/>
  <testcase name="Add_Tracking_Number" time="0.557" classname="Test_Data_Generation.Add_Tracking_Numbers_To_User"/>
  <testcase name="Add_Tracking_Number" time="0.477" classname="Test_Data_Generation.Add_Tracking_Numbers_To_User"/>
  <testcase name="Add_Tracking_Number" time="0.732" classname="Test_Data_Generation.Add_Tracking_Numbers_To_User"/>
  <testcase name="Add_Tracking_Number" time="0.485" classname="Test_Data_Generation.Add_Tracking_Numbers_To_User"/>
  <testcase name="Add_Tracking_Number" time="0.671" classname="Test_Data_Generation.Add_Tracking_Numbers_To_User"/>
  <testcase name="Add_Tracking_Number" time="0.448" classname="Test_Data_Generation.Add_Tracking_Numbers_To_User"/>
  <testcase name="Add_Tracking_Number" time="0.531" classname="Test_Data_Generation.Add_Tracking_Numbers_To_User"/>
  <testcase name="Add_Tracking_Number" time="0.171" classname="Test_Data_Generation.Add_Tracking_Numbers_To_User"/>
  <testcase name="Add_Tracking_Number" time="0.484" classname="Test_Data_Generation.Add_Tracking_Numbers_To_User"/>
  <testcase name="Add_Tracking_Number" time="0.524" classname="Test_Data_Generation.Add_Tracking_Numbers_To_User"/>
  <testcase name="Add_Tracking_Number" time="0.596" classname="Test_Data_Generation.Add_Tracking_Numbers_To_User"/>
  <testcase name="Add_Tracking_Number" time="0.567" classname="Test_Data_Generation.Add_Tracking_Numbers_To_User"/>
  <testcase name="Add_Tracking_Number" time="0.553" classname="Test_Data_Generation.Add_Tracking_Numbers_To_User"/>
  <testcase name="Add_Tracking_Number" time="0.498" classname="Test_Data_Generation.Add_Tracking_Numbers_To_User"/>
  <testcase name="Add_Tracking_Number" time="0.469" classname="Test_Data_Generation.Add_Tracking_Numbers_To_User"/>
  <testcase name="Add_Tracking_Number" time="0.583" classname="Test_Data_Generation.Add_Tracking_Numbers_To_User"/>
  <testcase name="Add_Tracking_Number" time="0.543" classname="Test_Data_Generation.Add_Tracking_Numbers_To_User"/>
  <testcase name="Add_Tracking_Number" time="0.445" classname="Test_Data_Generation.Add_Tracking_Numbers_To_User"/>
  <testcase name="Add_Tracking_Number" time="0.459" classname="Test_Data_Generation.Add_Tracking_Numbers_To_User"/>
  <testcase name="Add_Tracking_Number" time="0.544" classname="Test_Data_Generation.Add_Tracking_Numbers_To_User"/>
  <testcase name="Add_Tracking_Number" time="0.503" classname="Test_Data_Generation.Add_Tracking_Numbers_To_User"/>
  <testcase name="Add_Tracking_Number" time="0.655" classname="Test_Data_Generation.Add_Tracking_Numbers_To_User"/>
  <testcase name="Add_Tracking_Number" time="0.785" classname="Test_Data_Generation.Add_Tracking_Numbers_To_User"/>
  <testcase name="Add_Tracking_Number" time="0.521" classname="Test_Data_Generation.Add_Tracking_Numbers_To_User"/>
  <testcase name="Add_Tracking_Number" time="0.647" classname="Test_Data_Generation.Add_Tracking_Numbers_To_User"/>
  <testcase name="Add_Tracking_Number" time="0.581" classname="Test_Data_Generation.Add_Tracking_Numbers_To_User"/>
  <testcase name="Add_Tracking_Number" time="0.490" classname="Test_Data_Generation.Add_Tracking_Numbers_To_User"/>
  <testcase name="Add_Tracking_Number" time="0.586" classname="Test_Data_Generation.Add_Tracking_Numbers_To_User"/>
  <testcase name="Add_Tracking_Number" time="0.563" classname="Test_Data_Generation.Add_Tracking_Numbers_To_User"/>
  <testcase name="Add_Tracking_Number" time="0.536" classname="Test_Data_Generation.Add_Tracking_Numbers_To_User"/>
  <testcase name="Add_Tracking_Number" time="0.424" classname="Test_Data_Generation.Add_Tracking_Numbers_To_User"/>
  <testcase name="Add_Tracking_Number" time="0.666" classname="Test_Data_Generation.Add_Tracking_Numbers_To_User"/>
  <testcase name="Add_Tracking_Number" time="0.590" classname="Test_Data_Generation.Add_Tracking_Numbers_To_User"/>
  <testcase name="Add_Tracking_Number" time="0.502" classname="Test_Data_Generation.Add_Tracking_Numbers_To_User"/>
  <testcase name="Add_Tracking_Number" time="0.482" classname="Test_Data_Generation.Add_Tracking_Numbers_To_User"/>
  <testcase name="Add_Tracking_Number" time="0.633" classname="Test_Data_Generation.Add_Tracking_Numbers_To_User"/>
  <testcase name="Add_Tracking_Number" time="0.561" classname="Test_Data_Generation.Add_Tracking_Numbers_To_User"/>
  <testcase name="Add_Tracking_Number" time="0.595" classname="Test_Data_Generation.Add_Tracking_Numbers_To_User"/>
  <testcase name="Add_Tracking_Number" time="0.701" classname="Test_Data_Generation.Add_Tracking_Numbers_To_User"/>
  <testcase name="Add_Tracking_Number" time="0.604" classname="Test_Data_Generation.Add_Tracking_Numbers_To_User"/>
  <testcase name="Add_Tracking_Number" time="0.491" classname="Test_Data_Generation.Add_Tracking_Numbers_To_User"/>
  <testcase name="Add_Tracking_Number" time="0.645" classname="Test_Data_Generation.Add_Tracking_Numbers_To_User"/>
  <testcase name="Add_Tracking_Number" time="0.615" classname="Test_Data_Generation.Add_Tracking_Numbers_To_User"/>
  <testcase name="Add_Tracking_Number" time="0.474" classname="Test_Data_Generation.Add_Tracking_Numbers_To_User"/>
  <testcase name="Add_Tracking_Number" time="0.588" classname="Test_Data_Generation.Add_Tracking_Numbers_To_User"/>
  <testcase name="Add_Tracking_Number" time="0.513" classname="Test_Data_Generation.Add_Tracking_Numbers_To_User"/>
  <testcase name="Add_Tracking_Number" time="0.595" classname="Test_Data_Generation.Add_Tracking_Numbers_To_User"/>
  <testcase name="Add_Tracking_Number" time="19.607" classname="Test_Data_Generation.Add_Tracking_Numbers_To_User"/>
  <testcase name="Add_Tracking_Number" time="0.481" classname="Test_Data_Generation.Add_Tracking_Numbers_To_User"/>
  <testcase name="Add_Tracking_Number" time="0.508" classname="Test_Data_Generation.Add_Tracking_Numbers_To_User"/>
  <testcase name="Add_Tracking_Number" time="0.478" classname="Test_Data_Generation.Add_Tracking_Numbers_To_User"/>
  <testcase name="Add_Tracking_Number" time="0.603" classname="Test_Data_Generation.Add_Tracking_Numbers_To_User"/>
  <testcase name="Add_Tracking_Number" time="0.600" classname="Test_Data_Generation.Add_Tracking_Numbers_To_User"/>
  <testcase name="Add_Tracking_Number" time="0.624" classname="Test_Data_Generation.Add_Tracking_Numbers_To_User"/>
  <testcase name="Add_Tracking_Number" time="0.512" classname="Test_Data_Generation.Add_Tracking_Numbers_To_User"/>
  <testcase name="Add_Tracking_Number" time="0.549" classname="Test_Data_Generation.Add_Tracking_Numbers_To_User"/>
  <testcase name="Add_Tracking_Number" time="0.541" classname="Test_Data_Generation.Add_Tracking_Numbers_To_User"/>
  <testcase name="Add_Tracking_Number" time="0.394" classname="Test_Data_Generation.Add_Tracking_Numbers_To_User"/>
  <testcase name="Add_Tracking_Number" time="0.501" classname="Test_Data_Generation.Add_Tracking_Numbers_To_User"/>
  <testcase name="Add_Tracking_Number" time="0.600" classname="Test_Data_Generation.Add_Tracking_Numbers_To_User"/>
  <testcase name="Add_Tracking_Number" time="0.587" classname="Test_Data_Generation.Add_Tracking_Numbers_To_User"/>
  <testcase name="Add_Tracking_Number" time="0.561" classname="Test_Data_Generation.Add_Tracking_Numbers_To_User"/>
  <testcase name="Add_Tracking_Number" time="0.468" classname="Test_Data_Generation.Add_Tracking_Numbers_To_User"/>
  <testcase name="Add_Tracking_Number" time="0.763" classname="Test_Data_Generation.Add_Tracking_Numbers_To_User"/>
  <testcase name="Add_Tracking_Number" time="0.733" classname="Test_Data_Generation.Add_Tracking_Numbers_To_User"/>
  <testcase name="Add_Tracking_Number" time="0.576" classname="Test_Data_Generation.Add_Tracking_Numbers_To_User"/>
  <testcase name="Add_Tracking_Number" time="0.481" classname="Test_Data_Generation.Add_Tracking_Numbers_To_User"/>
  <testcase name="Add_Tracking_Number" time="0.511" classname="Test_Data_Generation.Add_Tracking_Numbers_To_User"/>
  <testcase name="Add_Tracking_Number" time="0.531" classname="Test_Data_Generation.Add_Tracking_Numbers_To_User"/>
  <testcase name="Add_Tracking_Number" time="0.532" classname="Test_Data_Generation.Add_Tracking_Numbers_To_User"/>
  <testcase name="Add_Tracking_Number" time="1.056" classname="Test_Data_Generation.Add_Tracking_Numbers_To_User"/>
  <testcase name="Add_Tracking_Number" time="0.499" classname="Test_Data_Generation.Add_Tracking_Numbers_To_User"/>
  <testcase name="Add_Tracking_Number" time="0.731" classname="Test_Data_Generation.Add_Tracking_Numbers_To_User"/>
  <testcase name="Add_Tracking_Number" time="0.489" classname="Test_Data_Generation.Add_Tracking_Numbers_To_User"/>
  <testcase name="Add_Tracking_Number" time="0.568" classname="Test_Data_Generation.Add_Tracking_Numbers_To_User"/>
  <testcase name="Add_Tracking_Number" time="0.518" classname="Test_Data_Generation.Add_Tracking_Numbers_To_User"/>
  <testcase name="Add_Tracking_Number" time="0.490" classname="Test_Data_Generation.Add_Tracking_Numbers_To_User"/>
  <testcase name="Add_Tracking_Number" time="0.474" classname="Test_Data_Generation.Add_Tracking_Numbers_To_User"/>
  <testcase name="Add_Tracking_Number" time="0.553" classname="Test_Data_Generation.Add_Tracking_Numbers_To_User"/>
  <testcase name="Add_Tracking_Number" time="0.507" classname="Test_Data_Generation.Add_Tracking_Numbers_To_User"/>
  <testcase name="Add_Tracking_Number" time="0.668" classname="Test_Data_Generation.Add_Tracking_Numbers_To_User"/>
  <testcase name="Add_Tracking_Number" time="0.540" classname="Test_Data_Generation.Add_Tracking_Numbers_To_User"/>
  <testcase name="Add_Tracking_Number" time="0.050" classname="Test_Data_Generation.Add_Tracking_Numbers_To_User"/>
  <testcase name="Add_Tracking_Number" time="0.528" classname="Test_Data_Generation.Add_Tracking_Numbers_To_User"/>
  <testcase name="Add_Tracking_Number" time="0.569" classname="Test_Data_Generation.Add_Tracking_Numbers_To_User"/>
  <testcase name="Add_Tracking_Number" time="0.415" classname="Test_Data_Generation.Add_Tracking_Numbers_To_User"/>
  <testcase name="Add_Tracking_Number" time="0.562" classname="Test_Data_Generation.Add_Tracking_Numbers_To_User"/>
  <testcase name="Add_Tracking_Number" time="0.598" classname="Test_Data_Generation.Add_Tracking_Numbers_To_User"/>
  <testcase name="Add_Tracking_Number" time="0.691" classname="Test_Data_Generation.Add_Tracking_Numbers_To_User"/>
  <testcase name="Add_Tracking_Number" time="0.701" classname="Test_Data_Generation.Add_Tracking_Numbers_To_User"/>
  <testcase name="Add_Tracking_Number" time="0.579" classname="Test_Data_Generation.Add_Tracking_Numbers_To_User"/>
  <testcase name="Add_Tracking_Number" time="0.472" classname="Test_Data_Generation.Add_Tracking_Numbers_To_User"/>
  <testcase name="Add_Tracking_Number" time="0.440" classname="Test_Data_Generation.Add_Tracking_Numbers_To_User"/>
  <testcase name="Add_Tracking_Number" time="0.481" classname="Test_Data_Generation.Add_Tracking_Numbers_To_User"/>
  <testcase name="Add_Tracking_Number" time="0.441" classname="Test_Data_Generation.Add_Tracking_Numbers_To_User"/>
  <testcase name="Add_Tracking_Number" time="0.676" classname="Test_Data_Generation.Add_Tracking_Numbers_To_User"/>
  <testcase name="Add_Tracking_Number" time="0.533" classname="Test_Data_Generation.Add_Tracking_Numbers_To_User"/>
  <testcase name="Add_Tracking_Number" time="0.509" classname="Test_Data_Generation.Add_Tracking_Numbers_To_User"/>
  <testcase name="Add_Tracking_Number" time="0.507" classname="Test_Data_Generation.Add_Tracking_Numbers_To_User"/>
  <testcase name="Add_Tracking_Number" time="0.202" classname="Test_Data_Generation.Add_Tracking_Numbers_To_User"/>
  <testcase name="Add_Tracking_Number" time="0.051" classname="Test_Data_Generation.Add_Tracking_Numbers_To_User"/>
  <testcase name="Add_Tracking_Number" time="0.503" classname="Test_Data_Generation.Add_Tracking_Numbers_To_User"/>
  <testcase name="Add_Tracking_Number" time="0.500" classname="Test_Data_Generation.Add_Tracking_Numbers_To_User"/>
  <testcase name="Add_Tracking_Number" time="0.559" classname="Test_Data_Generation.Add_Tracking_Numbers_To_User"/>
  <testcase name="Add_Tracking_Number" time="0.608" classname="Test_Data_Generation.Add_Tracking_Numbers_To_User"/>
  <testcase name="Add_Tracking_Number" time="0.495" classname="Test_Data_Generation.Add_Tracking_Numbers_To_User"/>
  <testcase name="Add_Tracking_Number" time="0.863" classname="Test_Data_Generation.Add_Tracking_Numbers_To_User"/>
  <testcase name="Add_Tracking_Number" time="0.537" classname="Test_Data_Generation.Add_Tracking_Numbers_To_User"/>
  <testcase name="Add_Tracking_Number" time="0.501" classname="Test_Data_Generation.Add_Tracking_Numbers_To_User"/>
  <testcase name="Add_Tracking_Number" time="0.174" classname="Test_Data_Generation.Add_Tracking_Numbers_To_User"/>
  <testcase name="Add_Tracking_Number" time="0.578" classname="Test_Data_Generation.Add_Tracking_Numbers_To_User"/>
  <testcase name="Add_Tracking_Number" time="0.553" classname="Test_Data_Generation.Add_Tracking_Numbers_To_User"/>
  <testcase name="Add_Tracking_Number" time="0.727" classname="Test_Data_Generation.Add_Tracking_Numbers_To_User"/>
  <testcase name="Add_Tracking_Number" time="0.489" classname="Test_Data_Generation.Add_Tracking_Numbers_To_User"/>
  <testcase name="Add_Tracking_Number" time="0.480" classname="Test_Data_Generation.Add_Tracking_Numbers_To_User"/>
  <testcase name="Add_Tracking_Number" time="0.568" classname="Test_Data_Generation.Add_Tracking_Numbers_To_User"/>
  <testcase name="Add_Tracking_Number" time="0.618" classname="Test_Data_Generation.Add_Tracking_Numbers_To_User"/>
  <testcase name="Add_Tracking_Number" time="0.456" classname="Test_Data_Generation.Add_Tracking_Numbers_To_User"/>
  <testcase name="Add_Tracking_Number" time="0.548" classname="Test_Data_Generation.Add_Tracking_Numbers_To_User"/>
  <testcase name="Add_Tracking_Number" time="0.577" classname="Test_Data_Generation.Add_Tracking_Numbers_To_User"/>
  <testcase name="Add_Tracking_Number" time="0.468" classname="Test_Data_Generation.Add_Tracking_Numbers_To_User"/>
  <testcase name="Add_Tracking_Number" time="0.835" classname="Test_Data_Generation.Add_Tracking_Numbers_To_User"/>
  <testcase name="Add_Tracking_Number" time="0.473" classname="Test_Data_Generation.Add_Tracking_Numbers_To_User"/>
  <testcase name="Add_Tracking_Number" time="0.577" classname="Test_Data_Generation.Add_Tracking_Numbers_To_User"/>
  <testcase name="Add_Tracking_Number" time="0.638" classname="Test_Data_Generation.Add_Tracking_Numbers_To_User"/>
  <testcase name="Add_Tracking_Number" time="0.536" classname="Test_Data_Generation.Add_Tracking_Numbers_To_User"/>
  <testcase name="Add_Tracking_Number" time="0.549" classname="Test_Data_Generation.Add_Tracking_Numbers_To_User"/>
  <testcase name="Add_Tracking_Number" time="0.621" classname="Test_Data_Generation.Add_Tracking_Numbers_To_User"/>
  <testcase name="Add_Tracking_Number" time="0.407" classname="Test_Data_Generation.Add_Tracking_Numbers_To_User">
    <failure type="java.lang.AssertionError" message="
Expected: a string containing &quot;{\&quot;successful\&quot;:true&quot;
     but: was &quot;{&quot;ShipmentOptionResponse&quot;:{&quot;successful&quot;:false,&quot;errorList&quot;:[{&quot;code&quot;:&quot;2997&quot;,&quot;message&quot;:&quot;TRAQS connection/request problem&quot;,&quot;source&quot;:null,&quot;rootCause&quot;:null}],&quot;alerts&quot;:null,&quot;cxsalerts&quot;:null}}&quot;">
      <![CDATA[java.lang.AssertionError: 
Expected: a string containing "{\"successful\":true"
     but: was "{"ShipmentOptionResponse":{"successful":false,"errorList":[{"code":"2997","message":"TRAQS connection/request problem","source":null,"rootCause":null}],"alerts":null,"cxsalerts":null}}"
at org.hamcrest.MatcherAssert.assertThat(MatcherAssert.java:20)
at org.junit.Assert.assertThat(Assert.java:956)
at org.junit.Assert.assertThat(Assert.java:923)
at Test_Data_Generation.Add_Tracking_Numbers_To_User.Add_Tracking_Number(Add_Tracking_Numbers_To_User.java:69)
at sun.reflect.GeneratedMethodAccessor2.invoke(Unknown Source)
at sun.reflect.DelegatingMethodAccessorImpl.invoke(Unknown Source)
at java.lang.reflect.Method.invoke(Unknown Source)
at org.testng.internal.MethodInvocationHelper.invokeMethod(MethodInvocationHelper.java:124)
at org.testng.internal.Invoker.invokeMethod(Invoker.java:580)
at org.testng.internal.Invoker.invokeTestMethod(Invoker.java:716)
at org.testng.internal.TestMethodWithDataProviderMethodWorker.call(TestMethodWithDataProviderMethodWorker.java:71)
at org.testng.internal.TestMethodWithDataProviderMethodWorker.call(TestMethodWithDataProviderMethodWorker.java:14)
at java.util.concurrent.FutureTask.run(Unknown Source)
at java.util.concurrent.Executors$RunnableAdapter.call(Unknown Source)
at java.util.concurrent.FutureTask.run(Unknown Source)
at java.util.concurrent.ThreadPoolExecutor.runWorker(Unknown Source)
at java.util.concurrent.ThreadPoolExecutor$Worker.run(Unknown Source)
at java.lang.Thread.run(Unknown Source)
]]>
    </failure>
  </testcase> <!-- Add_Tracking_Number -->
  <testcase name="Add_Tracking_Number" time="0.561" classname="Test_Data_Generation.Add_Tracking_Numbers_To_User"/>
  <testcase name="Add_Tracking_Number" time="0.413" classname="Test_Data_Generation.Add_Tracking_Numbers_To_User"/>
  <testcase name="Add_Tracking_Number" time="0.480" classname="Test_Data_Generation.Add_Tracking_Numbers_To_User"/>
  <testcase name="Add_Tracking_Number" time="0.474" classname="Test_Data_Generation.Add_Tracking_Numbers_To_User"/>
  <testcase name="Add_Tracking_Number" time="0.628" classname="Test_Data_Generation.Add_Tracking_Numbers_To_User"/>
  <testcase name="Add_Tracking_Number" time="0.572" classname="Test_Data_Generation.Add_Tracking_Numbers_To_User"/>
  <testcase name="Add_Tracking_Number" time="0.549" classname="Test_Data_Generation.Add_Tracking_Numbers_To_User"/>
  <testcase name="Add_Tracking_Number" time="0.574" classname="Test_Data_Generation.Add_Tracking_Numbers_To_User"/>
  <testcase name="Add_Tracking_Number" time="0.561" classname="Test_Data_Generation.Add_Tracking_Numbers_To_User"/>
  <testcase name="Add_Tracking_Number" time="0.570" classname="Test_Data_Generation.Add_Tracking_Numbers_To_User"/>
  <testcase name="Add_Tracking_Number" time="0.526" classname="Test_Data_Generation.Add_Tracking_Numbers_To_User"/>
  <testcase name="Add_Tracking_Number" time="0.731" classname="Test_Data_Generation.Add_Tracking_Numbers_To_User"/>
  <testcase name="Add_Tracking_Number" time="0.579" classname="Test_Data_Generation.Add_Tracking_Numbers_To_User"/>
  <testcase name="Add_Tracking_Number" time="0.491" classname="Test_Data_Generation.Add_Tracking_Numbers_To_User"/>
  <testcase name="Add_Tracking_Number" time="0.536" classname="Test_Data_Generation.Add_Tracking_Numbers_To_User"/>
  <testcase name="Add_Tracking_Number" time="0.530" classname="Test_Data_Generation.Add_Tracking_Numbers_To_User"/>
  <testcase name="Add_Tracking_Number" time="0.518" classname="Test_Data_Generation.Add_Tracking_Numbers_To_User"/>
  <testcase name="Add_Tracking_Number" time="0.557" classname="Test_Data_Generation.Add_Tracking_Numbers_To_User"/>
  <testcase name="Add_Tracking_Number" time="1.035" classname="Test_Data_Generation.Add_Tracking_Numbers_To_User"/>
  <testcase name="Add_Tracking_Number" time="0.569" classname="Test_Data_Generation.Add_Tracking_Numbers_To_User"/>
  <testcase name="Add_Tracking_Number" time="0.692" classname="Test_Data_Generation.Add_Tracking_Numbers_To_User"/>
  <testcase name="Add_Tracking_Number" time="0.491" classname="Test_Data_Generation.Add_Tracking_Numbers_To_User"/>
  <testcase name="Add_Tracking_Number" time="0.512" classname="Test_Data_Generation.Add_Tracking_Numbers_To_User"/>
  <testcase name="Add_Tracking_Number" time="0.751" classname="Test_Data_Generation.Add_Tracking_Numbers_To_User"/>
  <testcase name="Add_Tracking_Number" time="0.659" classname="Test_Data_Generation.Add_Tracking_Numbers_To_User"/>
  <testcase name="Add_Tracking_Number" time="0.048" classname="Test_Data_Generation.Add_Tracking_Numbers_To_User"/>
  <testcase name="Add_Tracking_Number" time="0.551" classname="Test_Data_Generation.Add_Tracking_Numbers_To_User"/>
  <testcase name="Add_Tracking_Number" time="0.532" classname="Test_Data_Generation.Add_Tracking_Numbers_To_User"/>
  <testcase name="Add_Tracking_Number" time="0.487" classname="Test_Data_Generation.Add_Tracking_Numbers_To_User"/>
  <testcase name="Add_Tracking_Number" time="0.554" classname="Test_Data_Generation.Add_Tracking_Numbers_To_User"/>
  <testcase name="Add_Tracking_Number" time="0.538" classname="Test_Data_Generation.Add_Tracking_Numbers_To_User"/>
  <testcase name="Add_Tracking_Number" time="0.487" classname="Test_Data_Generation.Add_Tracking_Numbers_To_User"/>
  <testcase name="Add_Tracking_Number" time="0.496" classname="Test_Data_Generation.Add_Tracking_Numbers_To_User"/>
  <testcase name="Add_Tracking_Number" time="0.481" classname="Test_Data_Generation.Add_Tracking_Numbers_To_User"/>
  <testcase name="Add_Tracking_Number" time="0.501" classname="Test_Data_Generation.Add_Tracking_Numbers_To_User"/>
  <testcase name="Add_Tracking_Number" time="0.533" classname="Test_Data_Generation.Add_Tracking_Numbers_To_User"/>
  <testcase name="Add_Tracking_Number" time="0.130" classname="Test_Data_Generation.Add_Tracking_Numbers_To_User"/>
  <testcase name="Add_Tracking_Number" time="0.582" classname="Test_Data_Generation.Add_Tracking_Numbers_To_User"/>
  <testcase name="Add_Tracking_Number" time="0.595" classname="Test_Data_Generation.Add_Tracking_Numbers_To_User"/>
  <testcase name="Add_Tracking_Number" time="0.509" classname="Test_Data_Generation.Add_Tracking_Numbers_To_User"/>
  <testcase name="Add_Tracking_Number" time="0.483" classname="Test_Data_Generation.Add_Tracking_Numbers_To_User"/>
  <testcase name="Add_Tracking_Number" time="0.619" classname="Test_Data_Generation.Add_Tracking_Numbers_To_User"/>
  <testcase name="Add_Tracking_Number" time="0.512" classname="Test_Data_Generation.Add_Tracking_Numbers_To_User"/>
  <testcase name="Add_Tracking_Number" time="0.267" classname="Test_Data_Generation.Add_Tracking_Numbers_To_User"/>
  <testcase name="Add_Tracking_Number" time="0.583" classname="Test_Data_Generation.Add_Tracking_Numbers_To_User"/>
  <testcase name="Add_Tracking_Number" time="0.523" classname="Test_Data_Generation.Add_Tracking_Numbers_To_User"/>
  <testcase name="Add_Tracking_Number" time="0.443" classname="Test_Data_Generation.Add_Tracking_Numbers_To_User"/>
  <testcase name="Add_Tracking_Number" time="0.557" classname="Test_Data_Generation.Add_Tracking_Numbers_To_User"/>
  <testcase name="Add_Tracking_Number" time="0.161" classname="Test_Data_Generation.Add_Tracking_Numbers_To_User"/>
  <testcase name="Add_Tracking_Number" time="0.535" classname="Test_Data_Generation.Add_Tracking_Numbers_To_User"/>
  <testcase name="Add_Tracking_Number" time="0.514" classname="Test_Data_Generation.Add_Tracking_Numbers_To_User"/>
  <testcase name="Add_Tracking_Number" time="0.493" classname="Test_Data_Generation.Add_Tracking_Numbers_To_User"/>
  <testcase name="Add_Tracking_Number" time="0.644" classname="Test_Data_Generation.Add_Tracking_Numbers_To_User"/>
  <testcase name="Add_Tracking_Number" time="0.691" classname="Test_Data_Generation.Add_Tracking_Numbers_To_User"/>
  <testcase name="Add_Tracking_Number" time="0.778" classname="Test_Data_Generation.Add_Tracking_Numbers_To_User"/>
  <testcase name="Add_Tracking_Number" time="0.827" classname="Test_Data_Generation.Add_Tracking_Numbers_To_User"/>
  <testcase name="Add_Tracking_Number" time="0.498" classname="Test_Data_Generation.Add_Tracking_Numbers_To_User"/>
  <testcase name="Add_Tracking_Number" time="0.472" classname="Test_Data_Generation.Add_Tracking_Numbers_To_User"/>
  <testcase name="Add_Tracking_Number" time="0.546" classname="Test_Data_Generation.Add_Tracking_Numbers_To_User"/>
  <testcase name="Add_Tracking_Number" time="0.468" classname="Test_Data_Generation.Add_Tracking_Numbers_To_User"/>
  <testcase name="Add_Tracking_Number" time="0.512" classname="Test_Data_Generation.Add_Tracking_Numbers_To_User"/>
  <testcase name="Add_Tracking_Number" time="0.539" classname="Test_Data_Generation.Add_Tracking_Numbers_To_User"/>
  <testcase name="Add_Tracking_Number" time="0.496" classname="Test_Data_Generation.Add_Tracking_Numbers_To_User"/>
  <testcase name="Add_Tracking_Number" time="0.743" classname="Test_Data_Generation.Add_Tracking_Numbers_To_User"/>
  <testcase name="Add_Tracking_Number" time="0.523" classname="Test_Data_Generation.Add_Tracking_Numbers_To_User"/>
  <testcase name="Add_Tracking_Number" time="0.056" classname="Test_Data_Generation.Add_Tracking_Numbers_To_User"/>
  <testcase name="Add_Tracking_Number" time="1.315" classname="Test_Data_Generation.Add_Tracking_Numbers_To_User"/>
  <testcase name="Add_Tracking_Number" time="0.505" classname="Test_Data_Generation.Add_Tracking_Numbers_To_User"/>
  <testcase name="Add_Tracking_Number" time="0.628" classname="Test_Data_Generation.Add_Tracking_Numbers_To_User"/>
  <testcase name="Add_Tracking_Number" time="0.513" classname="Test_Data_Generation.Add_Tracking_Numbers_To_User"/>
  <testcase name="Add_Tracking_Number" time="0.474" classname="Test_Data_Generation.Add_Tracking_Numbers_To_User"/>
  <testcase name="Add_Tracking_Number" time="0.532" classname="Test_Data_Generation.Add_Tracking_Numbers_To_User"/>
  <testcase name="Add_Tracking_Number" time="0.509" classname="Test_Data_Generation.Add_Tracking_Numbers_To_User"/>
  <testcase name="Add_Tracking_Number" time="0.501" classname="Test_Data_Generation.Add_Tracking_Numbers_To_User"/>
  <testcase name="Add_Tracking_Number" time="0.750" classname="Test_Data_Generation.Add_Tracking_Numbers_To_User"/>
  <testcase name="Add_Tracking_Number" time="0.531" classname="Test_Data_Generation.Add_Tracking_Numbers_To_User"/>
  <testcase name="Add_Tracking_Number" time="0.493" classname="Test_Data_Generation.Add_Tracking_Numbers_To_User"/>
  <testcase name="Add_Tracking_Number" time="0.662" classname="Test_Data_Generation.Add_Tracking_Numbers_To_User"/>
  <testcase name="Add_Tracking_Number" time="0.054" classname="Test_Data_Generation.Add_Tracking_Numbers_To_User"/>
  <testcase name="Add_Tracking_Number" time="0.767" classname="Test_Data_Generation.Add_Tracking_Numbers_To_User"/>
  <testcase name="Add_Tracking_Number" time="0.540" classname="Test_Data_Generation.Add_Tracking_Numbers_To_User"/>
  <testcase name="Add_Tracking_Number" time="0.671" classname="Test_Data_Generation.Add_Tracking_Numbers_To_User"/>
  <testcase name="Add_Tracking_Number" time="0.124" classname="Test_Data_Generation.Add_Tracking_Numbers_To_User"/>
  <testcase name="Add_Tracking_Number" time="0.540" classname="Test_Data_Generation.Add_Tracking_Numbers_To_User"/>
  <testcase name="Add_Tracking_Number" time="0.573" classname="Test_Data_Generation.Add_Tracking_Numbers_To_User"/>
  <testcase name="Add_Tracking_Number" time="0.527" classname="Test_Data_Generation.Add_Tracking_Numbers_To_User"/>
  <testcase name="Add_Tracking_Number" time="0.547" classname="Test_Data_Generation.Add_Tracking_Numbers_To_User"/>
  <testcase name="Add_Tracking_Number" time="0.490" classname="Test_Data_Generation.Add_Tracking_Numbers_To_User"/>
  <testcase name="Add_Tracking_Number" time="0.545" classname="Test_Data_Generation.Add_Tracking_Numbers_To_User"/>
  <testcase name="Add_Tracking_Number" time="0.534" classname="Test_Data_Generation.Add_Tracking_Numbers_To_User"/>
  <testcase name="Add_Tracking_Number" time="0.451" classname="Test_Data_Generation.Add_Tracking_Numbers_To_User"/>
  <testcase name="Add_Tracking_Number" time="0.713" classname="Test_Data_Generation.Add_Tracking_Numbers_To_User"/>
  <testcase name="Add_Tracking_Number" time="0.498" classname="Test_Data_Generation.Add_Tracking_Numbers_To_User"/>
  <testcase name="Add_Tracking_Number" time="1.042" classname="Test_Data_Generation.Add_Tracking_Numbers_To_User"/>
  <testcase name="Add_Tracking_Number" time="0.512" classname="Test_Data_Generation.Add_Tracking_Numbers_To_User"/>
  <testcase name="Add_Tracking_Number" time="0.777" classname="Test_Data_Generation.Add_Tracking_Numbers_To_User"/>
  <testcase name="Add_Tracking_Number" time="0.583" classname="Test_Data_Generation.Add_Tracking_Numbers_To_User"/>
  <testcase name="Add_Tracking_Number" time="0.067" classname="Test_Data_Generation.Add_Tracking_Numbers_To_User"/>
  <testcase name="Add_Tracking_Number" time="0.592" classname="Test_Data_Generation.Add_Tracking_Numbers_To_User"/>
  <testcase name="Add_Tracking_Number" time="0.524" classname="Test_Data_Generation.Add_Tracking_Numbers_To_User"/>
  <testcase name="Add_Tracking_Number" time="0.480" classname="Test_Data_Generation.Add_Tracking_Numbers_To_User"/>
  <testcase name="Add_Tracking_Number" time="0.702" classname="Test_Data_Generation.Add_Tracking_Numbers_To_User"/>
  <testcase name="Add_Tracking_Number" time="0.777" classname="Test_Data_Generation.Add_Tracking_Numbers_To_User"/>
  <testcase name="Add_Tracking_Number" time="0.500" classname="Test_Data_Generation.Add_Tracking_Numbers_To_User"/>
  <testcase name="Add_Tracking_Number" time="0.633" classname="Test_Data_Generation.Add_Tracking_Numbers_To_User"/>
  <testcase name="Add_Tracking_Number" time="1.214" classname="Test_Data_Generation.Add_Tracking_Numbers_To_User"/>
  <testcase name="Add_Tracking_Number" time="0.710" classname="Test_Data_Generation.Add_Tracking_Numbers_To_User"/>
  <testcase name="Add_Tracking_Number" time="0.591" classname="Test_Data_Generation.Add_Tracking_Numbers_To_User"/>
  <testcase name="Add_Tracking_Number" time="0.301" classname="Test_Data_Generation.Add_Tracking_Numbers_To_User"/>
  <testcase name="Add_Tracking_Number" time="0.496" classname="Test_Data_Generation.Add_Tracking_Numbers_To_User"/>
  <testcase name="Add_Tracking_Number" time="0.545" classname="Test_Data_Generation.Add_Tracking_Numbers_To_User"/>
  <testcase name="Add_Tracking_Number" time="0.499" classname="Test_Data_Generation.Add_Tracking_Numbers_To_User"/>
  <testcase name="Add_Tracking_Number" time="0.509" classname="Test_Data_Generation.Add_Tracking_Numbers_To_User"/>
  <testcase name="Add_Tracking_Number" time="0.521" classname="Test_Data_Generation.Add_Tracking_Numbers_To_User"/>
  <testcase name="Add_Tracking_Number" time="0.486" classname="Test_Data_Generation.Add_Tracking_Numbers_To_User"/>
  <testcase name="Add_Tracking_Number" time="0.522" classname="Test_Data_Generation.Add_Tracking_Numbers_To_User"/>
  <testcase name="Add_Tracking_Number" time="0.542" classname="Test_Data_Generation.Add_Tracking_Numbers_To_User"/>
  <testcase name="Add_Tracking_Number" time="0.435" classname="Test_Data_Generation.Add_Tracking_Numbers_To_User"/>
  <testcase name="Add_Tracking_Number" time="0.696" classname="Test_Data_Generation.Add_Tracking_Numbers_To_User"/>
  <testcase name="Add_Tracking_Number" time="0.457" classname="Test_Data_Generation.Add_Tracking_Numbers_To_User"/>
  <testcase name="Add_Tracking_Number" time="0.701" classname="Test_Data_Generation.Add_Tracking_Numbers_To_User"/>
  <testcase name="Add_Tracking_Number" time="0.480" classname="Test_Data_Generation.Add_Tracking_Numbers_To_User"/>
  <testcase name="Add_Tracking_Number" time="0.503" classname="Test_Data_Generation.Add_Tracking_Numbers_To_User"/>
  <testcase name="Add_Tracking_Number" time="0.543" classname="Test_Data_Generation.Add_Tracking_Numbers_To_User"/>
  <testcase name="Add_Tracking_Number" time="0.551" classname="Test_Data_Generation.Add_Tracking_Numbers_To_User"/>
  <testcase name="Add_Tracking_Number" time="0.486" classname="Test_Data_Generation.Add_Tracking_Numbers_To_User"/>
  <testcase name="Add_Tracking_Number" time="0.548" classname="Test_Data_Generation.Add_Tracking_Numbers_To_User"/>
  <testcase name="Add_Tracking_Number" time="0.593" classname="Test_Data_Generation.Add_Tracking_Numbers_To_User"/>
  <testcase name="Add_Tracking_Number" time="0.569" classname="Test_Data_Generation.Add_Tracking_Numbers_To_User"/>
  <testcase name="Add_Tracking_Number" time="0.885" classname="Test_Data_Generation.Add_Tracking_Numbers_To_User"/>
  <testcase name="Add_Tracking_Number" time="0.464" classname="Test_Data_Generation.Add_Tracking_Numbers_To_User"/>
  <testcase name="Add_Tracking_Number" time="0.557" classname="Test_Data_Generation.Add_Tracking_Numbers_To_User"/>
  <testcase name="Add_Tracking_Number" time="0.517" classname="Test_Data_Generation.Add_Tracking_Numbers_To_User"/>
  <testcase name="Add_Tracking_Number" time="0.507" classname="Test_Data_Generation.Add_Tracking_Numbers_To_User"/>
  <testcase name="Add_Tracking_Number" time="0.560" classname="Test_Data_Generation.Add_Tracking_Numbers_To_User"/>
  <testcase name="Add_Tracking_Number" time="0.585" classname="Test_Data_Generation.Add_Tracking_Numbers_To_User"/>
  <testcase name="Add_Tracking_Number" time="0.454" classname="Test_Data_Generation.Add_Tracking_Numbers_To_User"/>
  <testcase name="Add_Tracking_Number" time="0.558" classname="Test_Data_Generation.Add_Tracking_Numbers_To_User"/>
  <testcase name="Add_Tracking_Number" time="0.495" classname="Test_Data_Generation.Add_Tracking_Numbers_To_User"/>
  <testcase name="Add_Tracking_Number" time="0.562" classname="Test_Data_Generation.Add_Tracking_Numbers_To_User"/>
  <testcase name="Add_Tracking_Number" time="0.488" classname="Test_Data_Generation.Add_Tracking_Numbers_To_User"/>
  <testcase name="Add_Tracking_Number" time="0.475" classname="Test_Data_Generation.Add_Tracking_Numbers_To_User"/>
  <testcase name="Add_Tracking_Number" time="0.503" classname="Test_Data_Generation.Add_Tracking_Numbers_To_User"/>
  <testcase name="Add_Tracking_Number" time="0.520" classname="Test_Data_Generation.Add_Tracking_Numbers_To_User"/>
  <testcase name="Add_Tracking_Number" time="0.568" classname="Test_Data_Generation.Add_Tracking_Numbers_To_User"/>
  <testcase name="Add_Tracking_Number" time="0.566" classname="Test_Data_Generation.Add_Tracking_Numbers_To_User"/>
  <testcase name="Add_Tracking_Number" time="0.043" classname="Test_Data_Generation.Add_Tracking_Numbers_To_User"/>
  <testcase name="Add_Tracking_Number" time="0.554" classname="Test_Data_Generation.Add_Tracking_Numbers_To_User"/>
  <testcase name="Add_Tracking_Number" time="0.624" classname="Test_Data_Generation.Add_Tracking_Numbers_To_User"/>
  <testcase name="Add_Tracking_Number" time="0.484" classname="Test_Data_Generation.Add_Tracking_Numbers_To_User"/>
  <testcase name="Add_Tracking_Number" time="0.605" classname="Test_Data_Generation.Add_Tracking_Numbers_To_User"/>
  <testcase name="Add_Tracking_Number" time="0.527" classname="Test_Data_Generation.Add_Tracking_Numbers_To_User"/>
  <testcase name="Add_Tracking_Number" time="0.841" classname="Test_Data_Generation.Add_Tracking_Numbers_To_User"/>
  <testcase name="Add_Tracking_Number" time="0.548" classname="Test_Data_Generation.Add_Tracking_Numbers_To_User"/>
  <testcase name="Add_Tracking_Number" time="0.558" classname="Test_Data_Generation.Add_Tracking_Numbers_To_User"/>
  <testcase name="Add_Tracking_Number" time="0.052" classname="Test_Data_Generation.Add_Tracking_Numbers_To_User"/>
  <testcase name="Add_Tracking_Number" time="0.529" classname="Test_Data_Generation.Add_Tracking_Numbers_To_User"/>
  <testcase name="Add_Tracking_Number" time="0.512" classname="Test_Data_Generation.Add_Tracking_Numbers_To_User"/>
  <testcase name="Add_Tracking_Number" time="0.537" classname="Test_Data_Generation.Add_Tracking_Numbers_To_User"/>
  <testcase name="Add_Tracking_Number" time="0.606" classname="Test_Data_Generation.Add_Tracking_Numbers_To_User"/>
  <testcase name="Add_Tracking_Number" time="0.499" classname="Test_Data_Generation.Add_Tracking_Numbers_To_User"/>
  <testcase name="Add_Tracking_Number" time="0.593" classname="Test_Data_Generation.Add_Tracking_Numbers_To_User"/>
  <testcase name="Add_Tracking_Number" time="0.604" classname="Test_Data_Generation.Add_Tracking_Numbers_To_User"/>
  <testcase name="Add_Tracking_Number" time="0.797" classname="Test_Data_Generation.Add_Tracking_Numbers_To_User"/>
  <testcase name="Add_Tracking_Number" time="0.506" classname="Test_Data_Generation.Add_Tracking_Numbers_To_User"/>
  <testcase name="Add_Tracking_Number" time="0.558" classname="Test_Data_Generation.Add_Tracking_Numbers_To_User"/>
  <testcase name="Add_Tracking_Number" time="0.621" classname="Test_Data_Generation.Add_Tracking_Numbers_To_User"/>
  <testcase name="Add_Tracking_Number" time="0.643" classname="Test_Data_Generation.Add_Tracking_Numbers_To_User"/>
  <testcase name="Add_Tracking_Number" time="0.503" classname="Test_Data_Generation.Add_Tracking_Numbers_To_User"/>
  <testcase name="Add_Tracking_Number" time="0.469" classname="Test_Data_Generation.Add_Tracking_Numbers_To_User"/>
  <testcase name="Add_Tracking_Number" time="0.618" classname="Test_Data_Generation.Add_Tracking_Numbers_To_User"/>
  <testcase name="Add_Tracking_Number" time="0.452" classname="Test_Data_Generation.Add_Tracking_Numbers_To_User"/>
  <testcase name="Add_Tracking_Number" time="0.457" classname="Test_Data_Generation.Add_Tracking_Numbers_To_User"/>
  <testcase name="Add_Tracking_Number" time="0.571" classname="Test_Data_Generation.Add_Tracking_Numbers_To_User"/>
  <testcase name="Add_Tracking_Number" time="0.967" classname="Test_Data_Generation.Add_Tracking_Numbers_To_User"/>
  <testcase name="Add_Tracking_Number" time="0.281" classname="Test_Data_Generation.Add_Tracking_Numbers_To_User"/>
  <testcase name="Add_Tracking_Number" time="0.543" classname="Test_Data_Generation.Add_Tracking_Numbers_To_User"/>
  <testcase name="Add_Tracking_Number" time="0.492" classname="Test_Data_Generation.Add_Tracking_Numbers_To_User"/>
  <testcase name="Add_Tracking_Number" time="0.689" classname="Test_Data_Generation.Add_Tracking_Numbers_To_User"/>
  <testcase name="Add_Tracking_Number" time="0.521" classname="Test_Data_Generation.Add_Tracking_Numbers_To_User"/>
  <testcase name="Add_Tracking_Number" time="0.448" classname="Test_Data_Generation.Add_Tracking_Numbers_To_User"/>
  <testcase name="Add_Tracking_Number" time="0.562" classname="Test_Data_Generation.Add_Tracking_Numbers_To_User"/>
  <testcase name="Add_Tracking_Number" time="0.699" classname="Test_Data_Generation.Add_Tracking_Numbers_To_User"/>
  <testcase name="Add_Tracking_Number" time="0.507" classname="Test_Data_Generation.Add_Tracking_Numbers_To_User"/>
  <testcase name="Add_Tracking_Number" time="0.503" classname="Test_Data_Generation.Add_Tracking_Numbers_To_User"/>
  <testcase name="Add_Tracking_Number" time="0.516" classname="Test_Data_Generation.Add_Tracking_Numbers_To_User"/>
  <testcase name="Add_Tracking_Number" time="0.525" classname="Test_Data_Generation.Add_Tracking_Numbers_To_User"/>
  <testcase name="Add_Tracking_Number" time="0.683" classname="Test_Data_Generation.Add_Tracking_Numbers_To_User"/>
  <testcase name="Add_Tracking_Number" time="0.454" classname="Test_Data_Generation.Add_Tracking_Numbers_To_User"/>
  <testcase name="Add_Tracking_Number" time="0.610" classname="Test_Data_Generation.Add_Tracking_Numbers_To_User"/>
  <testcase name="Add_Tracking_Number" time="0.597" classname="Test_Data_Generation.Add_Tracking_Numbers_To_User"/>
  <testcase name="Add_Tracking_Number" time="0.473" classname="Test_Data_Generation.Add_Tracking_Numbers_To_User"/>
  <testcase name="Add_Tracking_Number" time="14.857" classname="Test_Data_Generation.Add_Tracking_Numbers_To_User"/>
  <testcase name="Add_Tracking_Number" time="0.480" classname="Test_Data_Generation.Add_Tracking_Numbers_To_User"/>
  <testcase name="Add_Tracking_Number" time="0.525" classname="Test_Data_Generation.Add_Tracking_Numbers_To_User"/>
  <testcase name="Add_Tracking_Number" time="6.871" classname="Test_Data_Generation.Add_Tracking_Numbers_To_User"/>
  <testcase name="Add_Tracking_Number" time="0.487" classname="Test_Data_Generation.Add_Tracking_Numbers_To_User"/>
  <testcase name="Add_Tracking_Number" time="0.502" classname="Test_Data_Generation.Add_Tracking_Numbers_To_User"/>
  <testcase name="Add_Tracking_Number" time="0.494" classname="Test_Data_Generation.Add_Tracking_Numbers_To_User"/>
  <testcase name="Add_Tracking_Number" time="0.514" classname="Test_Data_Generation.Add_Tracking_Numbers_To_User"/>
  <testcase name="Add_Tracking_Number" time="0.510" classname="Test_Data_Generation.Add_Tracking_Numbers_To_User"/>
  <testcase name="Add_Tracking_Number" time="0.498" classname="Test_Data_Generation.Add_Tracking_Numbers_To_User"/>
  <testcase name="Add_Tracking_Number" time="0.562" classname="Test_Data_Generation.Add_Tracking_Numbers_To_User"/>
  <testcase name="Add_Tracking_Number" time="0.502" classname="Test_Data_Generation.Add_Tracking_Numbers_To_User"/>
  <testcase name="Add_Tracking_Number" time="0.518" classname="Test_Data_Generation.Add_Tracking_Numbers_To_User"/>
  <testcase name="Add_Tracking_Number" time="0.515" classname="Test_Data_Generation.Add_Tracking_Numbers_To_User"/>
  <testcase name="Add_Tracking_Number" time="0.473" classname="Test_Data_Generation.Add_Tracking_Numbers_To_User"/>
  <testcase name="Add_Tracking_Number" time="1.848" classname="Test_Data_Generation.Add_Tracking_Numbers_To_User"/>
  <testcase name="Add_Tracking_Number" time="0.570" classname="Test_Data_Generation.Add_Tracking_Numbers_To_User"/>
  <testcase name="Add_Tracking_Number" time="0.596" classname="Test_Data_Generation.Add_Tracking_Numbers_To_User"/>
  <testcase name="Add_Tracking_Number" time="0.496" classname="Test_Data_Generation.Add_Tracking_Numbers_To_User"/>
  <testcase name="Add_Tracking_Number" time="0.616" classname="Test_Data_Generation.Add_Tracking_Numbers_To_User"/>
  <testcase name="Add_Tracking_Number" time="0.071" classname="Test_Data_Generation.Add_Tracking_Numbers_To_User"/>
  <testcase name="Add_Tracking_Number" time="0.580" classname="Test_Data_Generation.Add_Tracking_Numbers_To_User"/>
  <testcase name="Add_Tracking_Number" time="1.006" classname="Test_Data_Generation.Add_Tracking_Numbers_To_User"/>
  <testcase name="Add_Tracking_Number" time="0.455" classname="Test_Data_Generation.Add_Tracking_Numbers_To_User"/>
  <testcase name="Add_Tracking_Number" time="0.558" classname="Test_Data_Generation.Add_Tracking_Numbers_To_User"/>
  <testcase name="Add_Tracking_Number" time="0.487" classname="Test_Data_Generation.Add_Tracking_Numbers_To_User"/>
  <testcase name="Add_Tracking_Number" time="0.593" classname="Test_Data_Generation.Add_Tracking_Numbers_To_User"/>
  <testcase name="Add_Tracking_Number" time="0.591" classname="Test_Data_Generation.Add_Tracking_Numbers_To_User"/>
  <testcase name="Add_Tracking_Number" time="0.530" classname="Test_Data_Generation.Add_Tracking_Numbers_To_User"/>
  <testcase name="Add_Tracking_Number" time="0.634" classname="Test_Data_Generation.Add_Tracking_Numbers_To_User"/>
  <testcase name="Add_Tracking_Number" time="0.477" classname="Test_Data_Generation.Add_Tracking_Numbers_To_User"/>
  <testcase name="Add_Tracking_Number" time="0.611" classname="Test_Data_Generation.Add_Tracking_Numbers_To_User"/>
  <testcase name="Add_Tracking_Number" time="0.615" classname="Test_Data_Generation.Add_Tracking_Numbers_To_User"/>
  <testcase name="Add_Tracking_Number" time="0.604" classname="Test_Data_Generation.Add_Tracking_Numbers_To_User"/>
  <testcase name="Add_Tracking_Number" time="0.618" classname="Test_Data_Generation.Add_Tracking_Numbers_To_User"/>
  <testcase name="Add_Tracking_Number" time="0.745" classname="Test_Data_Generation.Add_Tracking_Numbers_To_User"/>
  <testcase name="Add_Tracking_Number" time="0.500" classname="Test_Data_Generation.Add_Tracking_Numbers_To_User"/>
  <testcase name="Add_Tracking_Number" time="0.497" classname="Test_Data_Generation.Add_Tracking_Numbers_To_User"/>
  <testcase name="Add_Tracking_Number" time="0.669" classname="Test_Data_Generation.Add_Tracking_Numbers_To_User"/>
  <testcase name="Add_Tracking_Number" time="0.600" classname="Test_Data_Generation.Add_Tracking_Numbers_To_User"/>
  <testcase name="Add_Tracking_Number" time="0.569" classname="Test_Data_Generation.Add_Tracking_Numbers_To_User"/>
  <testcase name="Add_Tracking_Number" time="0.694" classname="Test_Data_Generation.Add_Tracking_Numbers_To_User"/>
  <testcase name="Add_Tracking_Number" time="0.444" classname="Test_Data_Generation.Add_Tracking_Numbers_To_User"/>
  <testcase name="Add_Tracking_Number" time="0.464" classname="Test_Data_Generation.Add_Tracking_Numbers_To_User"/>
  <testcase name="Add_Tracking_Number" time="0.522" classname="Test_Data_Generation.Add_Tracking_Numbers_To_User"/>
  <testcase name="Add_Tracking_Number" time="0.451" classname="Test_Data_Generation.Add_Tracking_Numbers_To_User"/>
  <testcase name="Add_Tracking_Number" time="0.619" classname="Test_Data_Generation.Add_Tracking_Numbers_To_User"/>
  <testcase name="Add_Tracking_Number" time="0.495" classname="Test_Data_Generation.Add_Tracking_Numbers_To_User"/>
  <testcase name="Add_Tracking_Number" time="0.671" classname="Test_Data_Generation.Add_Tracking_Numbers_To_User"/>
  <testcase name="Add_Tracking_Number" time="0.597" classname="Test_Data_Generation.Add_Tracking_Numbers_To_User"/>
  <testcase name="Add_Tracking_Number" time="0.489" classname="Test_Data_Generation.Add_Tracking_Numbers_To_User"/>
  <testcase name="Add_Tracking_Number" time="0.522" classname="Test_Data_Generation.Add_Tracking_Numbers_To_User"/>
  <testcase name="Add_Tracking_Number" time="0.400" classname="Test_Data_Generation.Add_Tracking_Numbers_To_User"/>
  <testcase name="Add_Tracking_Number" time="0.608" classname="Test_Data_Generation.Add_Tracking_Numbers_To_User"/>
  <testcase name="Add_Tracking_Number" time="0.615" classname="Test_Data_Generation.Add_Tracking_Numbers_To_User"/>
  <testcase name="Add_Tracking_Number" time="0.485" classname="Test_Data_Generation.Add_Tracking_Numbers_To_User"/>
  <testcase name="Add_Tracking_Number" time="0.676" classname="Test_Data_Generation.Add_Tracking_Numbers_To_User"/>
  <testcase name="Add_Tracking_Number" time="0.511" classname="Test_Data_Generation.Add_Tracking_Numbers_To_User"/>
  <testcase name="Add_Tracking_Number" time="0.449" classname="Test_Data_Generation.Add_Tracking_Numbers_To_User"/>
  <testcase name="Add_Tracking_Number" time="0.738" classname="Test_Data_Generation.Add_Tracking_Numbers_To_User"/>
  <testcase name="Add_Tracking_Number" time="0.715" classname="Test_Data_Generation.Add_Tracking_Numbers_To_User"/>
  <testcase name="Add_Tracking_Number" time="0.590" classname="Test_Data_Generation.Add_Tracking_Numbers_To_User"/>
  <testcase name="Add_Tracking_Number" time="0.551" classname="Test_Data_Generation.Add_Tracking_Numbers_To_User"/>
  <testcase name="Add_Tracking_Number" time="0.482" classname="Test_Data_Generation.Add_Tracking_Numbers_To_User"/>
  <testcase name="Add_Tracking_Number" time="0.554" classname="Test_Data_Generation.Add_Tracking_Numbers_To_User"/>
  <testcase name="Add_Tracking_Number" time="0.538" classname="Test_Data_Generation.Add_Tracking_Numbers_To_User"/>
  <testcase name="Add_Tracking_Number" time="0.489" classname="Test_Data_Generation.Add_Tracking_Numbers_To_User"/>
  <testcase name="Add_Tracking_Number" time="0.530" classname="Test_Data_Generation.Add_Tracking_Numbers_To_User"/>
  <testcase name="Add_Tracking_Number" time="0.579" classname="Test_Data_Generation.Add_Tracking_Numbers_To_User"/>
  <testcase name="Add_Tracking_Number" time="0.475" classname="Test_Data_Generation.Add_Tracking_Numbers_To_User"/>
  <testcase name="Add_Tracking_Number" time="0.562" classname="Test_Data_Generation.Add_Tracking_Numbers_To_User"/>
  <testcase name="Add_Tracking_Number" time="0.500" classname="Test_Data_Generation.Add_Tracking_Numbers_To_User"/>
  <testcase name="Add_Tracking_Number" time="0.516" classname="Test_Data_Generation.Add_Tracking_Numbers_To_User"/>
  <testcase name="Add_Tracking_Number" time="0.500" classname="Test_Data_Generation.Add_Tracking_Numbers_To_User"/>
  <testcase name="Add_Tracking_Number" time="0.493" classname="Test_Data_Generation.Add_Tracking_Numbers_To_User"/>
  <testcase name="Add_Tracking_Number" time="0.587" classname="Test_Data_Generation.Add_Tracking_Numbers_To_User"/>
  <testcase name="Add_Tracking_Number" time="0.523" classname="Test_Data_Generation.Add_Tracking_Numbers_To_User"/>
  <testcase name="Add_Tracking_Number" time="0.668" classname="Test_Data_Generation.Add_Tracking_Numbers_To_User"/>
  <testcase name="Add_Tracking_Number" time="0.541" classname="Test_Data_Generation.Add_Tracking_Numbers_To_User"/>
  <testcase name="Add_Tracking_Number" time="0.635" classname="Test_Data_Generation.Add_Tracking_Numbers_To_User"/>
  <testcase name="Add_Tracking_Number" time="0.501" classname="Test_Data_Generation.Add_Tracking_Numbers_To_User"/>
  <testcase name="Add_Tracking_Number" time="0.485" classname="Test_Data_Generation.Add_Tracking_Numbers_To_User"/>
  <testcase name="Add_Tracking_Number" time="0.565" classname="Test_Data_Generation.Add_Tracking_Numbers_To_User"/>
  <testcase name="Add_Tracking_Number" time="0.527" classname="Test_Data_Generation.Add_Tracking_Numbers_To_User"/>
  <testcase name="Add_Tracking_Number" time="0.527" classname="Test_Data_Generation.Add_Tracking_Numbers_To_User"/>
  <testcase name="Add_Tracking_Number" time="0.483" classname="Test_Data_Generation.Add_Tracking_Numbers_To_User"/>
  <testcase name="Add_Tracking_Number" time="0.549" classname="Test_Data_Generation.Add_Tracking_Numbers_To_User"/>
  <testcase name="Add_Tracking_Number" time="0.548" classname="Test_Data_Generation.Add_Tracking_Numbers_To_User"/>
  <testcase name="Add_Tracking_Number" time="0.535" classname="Test_Data_Generation.Add_Tracking_Numbers_To_User"/>
  <testcase name="Add_Tracking_Number" time="0.481" classname="Test_Data_Generation.Add_Tracking_Numbers_To_User"/>
  <testcase name="Add_Tracking_Number" time="0.492" classname="Test_Data_Generation.Add_Tracking_Numbers_To_User"/>
  <testcase name="Add_Tracking_Number" time="0.285" classname="Test_Data_Generation.Add_Tracking_Numbers_To_User"/>
  <testcase name="Add_Tracking_Number" time="0.585" classname="Test_Data_Generation.Add_Tracking_Numbers_To_User"/>
  <testcase name="Add_Tracking_Number" time="0.691" classname="Test_Data_Generation.Add_Tracking_Numbers_To_User"/>
  <testcase name="Add_Tracking_Number" time="0.500" classname="Test_Data_Generation.Add_Tracking_Numbers_To_User"/>
  <testcase name="Add_Tracking_Number" time="0.243" classname="Test_Data_Generation.Add_Tracking_Numbers_To_User"/>
  <testcase name="Add_Tracking_Number" time="0.717" classname="Test_Data_Generation.Add_Tracking_Numbers_To_User"/>
  <testcase name="Add_Tracking_Number" time="0.729" classname="Test_Data_Generation.Add_Tracking_Numbers_To_User"/>
  <testcase name="Add_Tracking_Number" time="0.546" classname="Test_Data_Generation.Add_Tracking_Numbers_To_User"/>
  <testcase name="Add_Tracking_Number" time="0.548" classname="Test_Data_Generation.Add_Tracking_Numbers_To_User"/>
  <testcase name="Add_Tracking_Number" time="0.667" classname="Test_Data_Generation.Add_Tracking_Numbers_To_User"/>
  <testcase name="Add_Tracking_Number" time="0.504" classname="Test_Data_Generation.Add_Tracking_Numbers_To_User"/>
  <testcase name="Add_Tracking_Number" time="0.513" classname="Test_Data_Generation.Add_Tracking_Numbers_To_User"/>
  <testcase name="Add_Tracking_Number" time="0.575" classname="Test_Data_Generation.Add_Tracking_Numbers_To_User"/>
  <testcase name="Add_Tracking_Number" time="0.047" classname="Test_Data_Generation.Add_Tracking_Numbers_To_User"/>
  <testcase name="Add_Tracking_Number" time="0.494" classname="Test_Data_Generation.Add_Tracking_Numbers_To_User"/>
  <testcase name="Add_Tracking_Number" time="0.536" classname="Test_Data_Generation.Add_Tracking_Numbers_To_User"/>
  <testcase name="Add_Tracking_Number" time="0.543" classname="Test_Data_Generation.Add_Tracking_Numbers_To_User"/>
  <testcase name="Add_Tracking_Number" time="0.549" classname="Test_Data_Generation.Add_Tracking_Numbers_To_User"/>
  <testcase name="Add_Tracking_Number" time="0.461" classname="Test_Data_Generation.Add_Tracking_Numbers_To_User"/>
  <testcase name="Add_Tracking_Number" time="0.582" classname="Test_Data_Generation.Add_Tracking_Numbers_To_User"/>
  <testcase name="Add_Tracking_Number" time="0.509" classname="Test_Data_Generation.Add_Tracking_Numbers_To_User"/>
  <testcase name="Add_Tracking_Number" time="0.460" classname="Test_Data_Generation.Add_Tracking_Numbers_To_User"/>
  <testcase name="Add_Tracking_Number" time="0.520" classname="Test_Data_Generation.Add_Tracking_Numbers_To_User"/>
  <testcase name="Add_Tracking_Number" time="0.643" classname="Test_Data_Generation.Add_Tracking_Numbers_To_User"/>
  <testcase name="Add_Tracking_Number" time="0.515" classname="Test_Data_Generation.Add_Tracking_Numbers_To_User"/>
  <testcase name="Add_Tracking_Number" time="0.581" classname="Test_Data_Generation.Add_Tracking_Numbers_To_User"/>
  <testcase name="Add_Tracking_Number" time="0.728" classname="Test_Data_Generation.Add_Tracking_Numbers_To_User"/>
  <testcase name="Add_Tracking_Number" time="0.616" classname="Test_Data_Generation.Add_Tracking_Numbers_To_User"/>
  <testcase name="Add_Tracking_Number" time="0.477" classname="Test_Data_Generation.Add_Tracking_Numbers_To_User"/>
  <testcase name="Add_Tracking_Number" time="0.562" classname="Test_Data_Generation.Add_Tracking_Numbers_To_User"/>
  <testcase name="Add_Tracking_Number" time="0.617" classname="Test_Data_Generation.Add_Tracking_Numbers_To_User"/>
  <testcase name="Add_Tracking_Number" time="0.212" classname="Test_Data_Generation.Add_Tracking_Numbers_To_User"/>
  <testcase name="Add_Tracking_Number" time="0.555" classname="Test_Data_Generation.Add_Tracking_Numbers_To_User"/>
  <testcase name="Add_Tracking_Number" time="0.591" classname="Test_Data_Generation.Add_Tracking_Numbers_To_User"/>
  <testcase name="Add_Tracking_Number" time="0.647" classname="Test_Data_Generation.Add_Tracking_Numbers_To_User"/>
  <testcase name="Add_Tracking_Number" time="0.515" classname="Test_Data_Generation.Add_Tracking_Numbers_To_User"/>
  <testcase name="Add_Tracking_Number" time="0.502" classname="Test_Data_Generation.Add_Tracking_Numbers_To_User"/>
  <testcase name="Add_Tracking_Number" time="0.518" classname="Test_Data_Generation.Add_Tracking_Numbers_To_User"/>
  <testcase name="Add_Tracking_Number" time="0.516" classname="Test_Data_Generation.Add_Tracking_Numbers_To_User"/>
  <testcase name="Add_Tracking_Number" time="0.498" classname="Test_Data_Generation.Add_Tracking_Numbers_To_User"/>
  <testcase name="Add_Tracking_Number" time="1.589" classname="Test_Data_Generation.Add_Tracking_Numbers_To_User"/>
  <testcase name="Add_Tracking_Number" time="0.481" classname="Test_Data_Generation.Add_Tracking_Numbers_To_User"/>
  <testcase name="Add_Tracking_Number" time="0.616" classname="Test_Data_Generation.Add_Tracking_Numbers_To_User"/>
  <testcase name="Add_Tracking_Number" time="0.780" classname="Test_Data_Generation.Add_Tracking_Numbers_To_User"/>
  <testcase name="Add_Tracking_Number" time="0.500" classname="Test_Data_Generation.Add_Tracking_Numbers_To_User"/>
  <testcase name="Add_Tracking_Number" time="0.542" classname="Test_Data_Generation.Add_Tracking_Numbers_To_User"/>
  <testcase name="Add_Tracking_Number" time="0.489" classname="Test_Data_Generation.Add_Tracking_Numbers_To_User"/>
  <testcase name="Add_Tracking_Number" time="0.657" classname="Test_Data_Generation.Add_Tracking_Numbers_To_User"/>
  <testcase name="Add_Tracking_Number" time="0.530" classname="Test_Data_Generation.Add_Tracking_Numbers_To_User"/>
  <testcase name="Add_Tracking_Number" time="0.556" classname="Test_Data_Generation.Add_Tracking_Numbers_To_User"/>
  <testcase name="Add_Tracking_Number" time="0.508" classname="Test_Data_Generation.Add_Tracking_Numbers_To_User"/>
  <testcase name="Add_Tracking_Number" time="0.536" classname="Test_Data_Generation.Add_Tracking_Numbers_To_User"/>
  <testcase name="Add_Tracking_Number" time="0.572" classname="Test_Data_Generation.Add_Tracking_Numbers_To_User"/>
  <testcase name="Add_Tracking_Number" time="0.659" classname="Test_Data_Generation.Add_Tracking_Numbers_To_User"/>
  <testcase name="Add_Tracking_Number" time="0.485" classname="Test_Data_Generation.Add_Tracking_Numbers_To_User"/>
  <testcase name="Add_Tracking_Number" time="0.528" classname="Test_Data_Generation.Add_Tracking_Numbers_To_User"/>
  <testcase name="Add_Tracking_Number" time="0.553" classname="Test_Data_Generation.Add_Tracking_Numbers_To_User"/>
  <testcase name="Add_Tracking_Number" time="0.296" classname="Test_Data_Generation.Add_Tracking_Numbers_To_User"/>
  <testcase name="Add_Tracking_Number" time="0.556" classname="Test_Data_Generation.Add_Tracking_Numbers_To_User"/>
  <testcase name="Add_Tracking_Number" time="0.700" classname="Test_Data_Generation.Add_Tracking_Numbers_To_User"/>
  <testcase name="Add_Tracking_Number" time="0.789" classname="Test_Data_Generation.Add_Tracking_Numbers_To_User"/>
  <testcase name="Add_Tracking_Number" time="0.558" classname="Test_Data_Generation.Add_Tracking_Numbers_To_User"/>
  <testcase name="Add_Tracking_Number" time="0.826" classname="Test_Data_Generation.Add_Tracking_Numbers_To_User"/>
  <testcase name="Add_Tracking_Number" time="0.672" classname="Test_Data_Generation.Add_Tracking_Numbers_To_User"/>
  <testcase name="Add_Tracking_Number" time="0.636" classname="Test_Data_Generation.Add_Tracking_Numbers_To_User"/>
  <testcase name="Add_Tracking_Number" time="0.580" classname="Test_Data_Generation.Add_Tracking_Numbers_To_User"/>
  <testcase name="Add_Tracking_Number" time="0.683" classname="Test_Data_Generation.Add_Tracking_Numbers_To_User"/>
  <testcase name="Add_Tracking_Number" time="0.566" classname="Test_Data_Generation.Add_Tracking_Numbers_To_User"/>
  <testcase name="Add_Tracking_Number" time="0.489" classname="Test_Data_Generation.Add_Tracking_Numbers_To_User"/>
  <testcase name="Add_Tracking_Number" time="0.601" classname="Test_Data_Generation.Add_Tracking_Numbers_To_User"/>
  <testcase name="Add_Tracking_Number" time="0.731" classname="Test_Data_Generation.Add_Tracking_Numbers_To_User"/>
  <testcase name="Add_Tracking_Number" time="0.561" classname="Test_Data_Generation.Add_Tracking_Numbers_To_User"/>
  <testcase name="Add_Tracking_Number" time="0.519" classname="Test_Data_Generation.Add_Tracking_Numbers_To_User"/>
  <testcase name="Add_Tracking_Number" time="0.451" classname="Test_Data_Generation.Add_Tracking_Numbers_To_User"/>
  <testcase name="Add_Tracking_Number" time="0.559" classname="Test_Data_Generation.Add_Tracking_Numbers_To_User"/>
  <testcase name="Add_Tracking_Number" time="0.556" classname="Test_Data_Generation.Add_Tracking_Numbers_To_User"/>
  <testcase name="Add_Tracking_Number" time="0.600" classname="Test_Data_Generation.Add_Tracking_Numbers_To_User"/>
  <testcase name="Add_Tracking_Number" time="0.551" classname="Test_Data_Generation.Add_Tracking_Numbers_To_User"/>
  <testcase name="Add_Tracking_Number" time="0.221" classname="Test_Data_Generation.Add_Tracking_Numbers_To_User"/>
  <testcase name="Add_Tracking_Number" time="0.527" classname="Test_Data_Generation.Add_Tracking_Numbers_To_User"/>
  <testcase name="Add_Tracking_Number" time="0.683" classname="Test_Data_Generation.Add_Tracking_Numbers_To_User"/>
  <testcase name="Add_Tracking_Number" time="0.471" classname="Test_Data_Generation.Add_Tracking_Numbers_To_User"/>
  <testcase name="Add_Tracking_Number" time="0.553" classname="Test_Data_Generation.Add_Tracking_Numbers_To_User"/>
  <testcase name="Add_Tracking_Number" time="0.536" classname="Test_Data_Generation.Add_Tracking_Numbers_To_User"/>
  <testcase name="Add_Tracking_Number" time="0.543" classname="Test_Data_Generation.Add_Tracking_Numbers_To_User"/>
  <testcase name="Add_Tracking_Number" time="0.538" classname="Test_Data_Generation.Add_Tracking_Numbers_To_User"/>
  <testcase name="Add_Tracking_Number" time="0.625" classname="Test_Data_Generation.Add_Tracking_Numbers_To_User"/>
  <testcase name="Add_Tracking_Number" time="1.077" classname="Test_Data_Generation.Add_Tracking_Numbers_To_User"/>
  <testcase name="Add_Tracking_Number" time="0.451" classname="Test_Data_Generation.Add_Tracking_Numbers_To_User"/>
  <testcase name="Add_Tracking_Number" time="0.619" classname="Test_Data_Generation.Add_Tracking_Numbers_To_User"/>
  <testcase name="Add_Tracking_Number" time="0.404" classname="Test_Data_Generation.Add_Tracking_Numbers_To_User"/>
  <testcase name="Add_Tracking_Number" time="0.526" classname="Test_Data_Generation.Add_Tracking_Numbers_To_User"/>
  <testcase name="Add_Tracking_Number" time="0.638" classname="Test_Data_Generation.Add_Tracking_Numbers_To_User"/>
  <testcase name="Add_Tracking_Number" time="0.506" classname="Test_Data_Generation.Add_Tracking_Numbers_To_User"/>
  <testcase name="Add_Tracking_Number" time="0.584" classname="Test_Data_Generation.Add_Tracking_Numbers_To_User"/>
  <testcase name="Add_Tracking_Number" time="0.549" classname="Test_Data_Generation.Add_Tracking_Numbers_To_User"/>
  <testcase name="Add_Tracking_Number" time="0.535" classname="Test_Data_Generation.Add_Tracking_Numbers_To_User"/>
  <testcase name="Add_Tracking_Number" time="0.610" classname="Test_Data_Generation.Add_Tracking_Numbers_To_User"/>
  <testcase name="Add_Tracking_Number" time="0.312" classname="Test_Data_Generation.Add_Tracking_Numbers_To_User"/>
  <testcase name="Add_Tracking_Number" time="0.527" classname="Test_Data_Generation.Add_Tracking_Numbers_To_User"/>
  <testcase name="Add_Tracking_Number" time="0.580" classname="Test_Data_Generation.Add_Tracking_Numbers_To_User"/>
  <testcase name="Add_Tracking_Number" time="0.508" classname="Test_Data_Generation.Add_Tracking_Numbers_To_User"/>
  <testcase name="Add_Tracking_Number" time="0.769" classname="Test_Data_Generation.Add_Tracking_Numbers_To_User"/>
  <testcase name="Add_Tracking_Number" time="0.475" classname="Test_Data_Generation.Add_Tracking_Numbers_To_User"/>
  <testcase name="Add_Tracking_Number" time="0.509" classname="Test_Data_Generation.Add_Tracking_Numbers_To_User"/>
  <testcase name="Add_Tracking_Number" time="0.563" classname="Test_Data_Generation.Add_Tracking_Numbers_To_User"/>
  <testcase name="Add_Tracking_Number" time="0.501" classname="Test_Data_Generation.Add_Tracking_Numbers_To_User"/>
  <testcase name="Add_Tracking_Number" time="0.665" classname="Test_Data_Generation.Add_Tracking_Numbers_To_User"/>
  <testcase name="Add_Tracking_Number" time="0.559" classname="Test_Data_Generation.Add_Tracking_Numbers_To_User"/>
  <testcase name="Add_Tracking_Number" time="0.582" classname="Test_Data_Generation.Add_Tracking_Numbers_To_User"/>
  <testcase name="Add_Tracking_Number" time="0.460" classname="Test_Data_Generation.Add_Tracking_Numbers_To_User"/>
  <testcase name="Add_Tracking_Number" time="0.601" classname="Test_Data_Generation.Add_Tracking_Numbers_To_User"/>
  <testcase name="Add_Tracking_Number" time="0.451" classname="Test_Data_Generation.Add_Tracking_Numbers_To_User"/>
  <testcase name="Add_Tracking_Number" time="0.544" classname="Test_Data_Generation.Add_Tracking_Numbers_To_User"/>
  <testcase name="Add_Tracking_Number" time="0.510" classname="Test_Data_Generation.Add_Tracking_Numbers_To_User"/>
  <testcase name="Add_Tracking_Number" time="0.507" classname="Test_Data_Generation.Add_Tracking_Numbers_To_User"/>
  <testcase name="Add_Tracking_Number" time="0.529" classname="Test_Data_Generation.Add_Tracking_Numbers_To_User"/>
  <testcase name="Add_Tracking_Number" time="0.576" classname="Test_Data_Generation.Add_Tracking_Numbers_To_User"/>
  <testcase name="Add_Tracking_Number" time="0.452" classname="Test_Data_Generation.Add_Tracking_Numbers_To_User"/>
  <testcase name="Add_Tracking_Number" time="0.095" classname="Test_Data_Generation.Add_Tracking_Numbers_To_User"/>
  <testcase name="Add_Tracking_Number" time="0.495" classname="Test_Data_Generation.Add_Tracking_Numbers_To_User"/>
  <testcase name="Add_Tracking_Number" time="0.521" classname="Test_Data_Generation.Add_Tracking_Numbers_To_User"/>
  <testcase name="Add_Tracking_Number" time="0.479" classname="Test_Data_Generation.Add_Tracking_Numbers_To_User"/>
  <testcase name="Add_Tracking_Number" time="0.473" classname="Test_Data_Generation.Add_Tracking_Numbers_To_User"/>
  <testcase name="Add_Tracking_Number" time="0.675" classname="Test_Data_Generation.Add_Tracking_Numbers_To_User"/>
  <testcase name="Add_Tracking_Number" time="0.501" classname="Test_Data_Generation.Add_Tracking_Numbers_To_User"/>
  <testcase name="Add_Tracking_Number" time="0.576" classname="Test_Data_Generation.Add_Tracking_Numbers_To_User"/>
  <testcase name="Add_Tracking_Number" time="0.527" classname="Test_Data_Generation.Add_Tracking_Numbers_To_User"/>
  <testcase name="Add_Tracking_Number" time="0.556" classname="Test_Data_Generation.Add_Tracking_Numbers_To_User"/>
  <testcase name="Add_Tracking_Number" time="0.480" classname="Test_Data_Generation.Add_Tracking_Numbers_To_User"/>
  <testcase name="Add_Tracking_Number" time="0.456" classname="Test_Data_Generation.Add_Tracking_Numbers_To_User">
    <failure type="java.lang.AssertionError" message="
Expected: a string containing &quot;{\&quot;successful\&quot;:true&quot;
     but: was &quot;{&quot;ShipmentOptionResponse&quot;:{&quot;successful&quot;:false,&quot;errorList&quot;:[{&quot;code&quot;:&quot;2997&quot;,&quot;message&quot;:&quot;TRAQS connection/request problem&quot;,&quot;source&quot;:null,&quot;rootCause&quot;:null}],&quot;alerts&quot;:null,&quot;cxsalerts&quot;:null}}&quot;">
      <![CDATA[java.lang.AssertionError: 
Expected: a string containing "{\"successful\":true"
     but: was "{"ShipmentOptionResponse":{"successful":false,"errorList":[{"code":"2997","message":"TRAQS connection/request problem","source":null,"rootCause":null}],"alerts":null,"cxsalerts":null}}"
at org.hamcrest.MatcherAssert.assertThat(MatcherAssert.java:20)
at org.junit.Assert.assertThat(Assert.java:956)
at org.junit.Assert.assertThat(Assert.java:923)
at Test_Data_Generation.Add_Tracking_Numbers_To_User.Add_Tracking_Number(Add_Tracking_Numbers_To_User.java:69)
at sun.reflect.GeneratedMethodAccessor2.invoke(Unknown Source)
at sun.reflect.DelegatingMethodAccessorImpl.invoke(Unknown Source)
at java.lang.reflect.Method.invoke(Unknown Source)
at org.testng.internal.MethodInvocationHelper.invokeMethod(MethodInvocationHelper.java:124)
at org.testng.internal.Invoker.invokeMethod(Invoker.java:580)
at org.testng.internal.Invoker.invokeTestMethod(Invoker.java:716)
at org.testng.internal.TestMethodWithDataProviderMethodWorker.call(TestMethodWithDataProviderMethodWorker.java:71)
at org.testng.internal.TestMethodWithDataProviderMethodWorker.call(TestMethodWithDataProviderMethodWorker.java:14)
at java.util.concurrent.FutureTask.run(Unknown Source)
at java.util.concurrent.Executors$RunnableAdapter.call(Unknown Source)
at java.util.concurrent.FutureTask.run(Unknown Source)
at java.util.concurrent.ThreadPoolExecutor.runWorker(Unknown Source)
at java.util.concurrent.ThreadPoolExecutor$Worker.run(Unknown Source)
at java.lang.Thread.run(Unknown Source)
]]>
    </failure>
  </testcase> <!-- Add_Tracking_Number -->
  <testcase name="Add_Tracking_Number" time="0.552" classname="Test_Data_Generation.Add_Tracking_Numbers_To_User"/>
  <testcase name="Add_Tracking_Number" time="0.559" classname="Test_Data_Generation.Add_Tracking_Numbers_To_User"/>
  <testcase name="Add_Tracking_Number" time="0.467" classname="Test_Data_Generation.Add_Tracking_Numbers_To_User"/>
  <testcase name="Add_Tracking_Number" time="0.557" classname="Test_Data_Generation.Add_Tracking_Numbers_To_User"/>
  <testcase name="Add_Tracking_Number" time="0.620" classname="Test_Data_Generation.Add_Tracking_Numbers_To_User"/>
  <testcase name="Add_Tracking_Number" time="0.511" classname="Test_Data_Generation.Add_Tracking_Numbers_To_User"/>
  <testcase name="Add_Tracking_Number" time="0.699" classname="Test_Data_Generation.Add_Tracking_Numbers_To_User"/>
  <testcase name="Add_Tracking_Number" time="0.508" classname="Test_Data_Generation.Add_Tracking_Numbers_To_User"/>
  <testcase name="Add_Tracking_Number" time="0.514" classname="Test_Data_Generation.Add_Tracking_Numbers_To_User"/>
  <testcase name="Add_Tracking_Number" time="0.521" classname="Test_Data_Generation.Add_Tracking_Numbers_To_User"/>
  <testcase name="Add_Tracking_Number" time="0.523" classname="Test_Data_Generation.Add_Tracking_Numbers_To_User"/>
  <testcase name="Add_Tracking_Number" time="0.580" classname="Test_Data_Generation.Add_Tracking_Numbers_To_User"/>
  <testcase name="Add_Tracking_Number" time="0.518" classname="Test_Data_Generation.Add_Tracking_Numbers_To_User"/>
  <testcase name="Add_Tracking_Number" time="0.612" classname="Test_Data_Generation.Add_Tracking_Numbers_To_User">
    <failure type="java.lang.AssertionError" message="
Expected: a string containing &quot;{\&quot;successful\&quot;:true&quot;
     but: was &quot;{&quot;ShipmentOptionResponse&quot;:{&quot;successful&quot;:false,&quot;errorList&quot;:[{&quot;code&quot;:&quot;2997&quot;,&quot;message&quot;:&quot;TRAQS connection/request problem&quot;,&quot;source&quot;:null,&quot;rootCause&quot;:null}],&quot;alerts&quot;:null,&quot;cxsalerts&quot;:null}}&quot;">
      <![CDATA[java.lang.AssertionError: 
Expected: a string containing "{\"successful\":true"
     but: was "{"ShipmentOptionResponse":{"successful":false,"errorList":[{"code":"2997","message":"TRAQS connection/request problem","source":null,"rootCause":null}],"alerts":null,"cxsalerts":null}}"
at org.hamcrest.MatcherAssert.assertThat(MatcherAssert.java:20)
at org.junit.Assert.assertThat(Assert.java:956)
at org.junit.Assert.assertThat(Assert.java:923)
at Test_Data_Generation.Add_Tracking_Numbers_To_User.Add_Tracking_Number(Add_Tracking_Numbers_To_User.java:69)
at sun.reflect.GeneratedMethodAccessor2.invoke(Unknown Source)
at sun.reflect.DelegatingMethodAccessorImpl.invoke(Unknown Source)
at java.lang.reflect.Method.invoke(Unknown Source)
at org.testng.internal.MethodInvocationHelper.invokeMethod(MethodInvocationHelper.java:124)
at org.testng.internal.Invoker.invokeMethod(Invoker.java:580)
at org.testng.internal.Invoker.invokeTestMethod(Invoker.java:716)
at org.testng.internal.TestMethodWithDataProviderMethodWorker.call(TestMethodWithDataProviderMethodWorker.java:71)
at org.testng.internal.TestMethodWithDataProviderMethodWorker.call(TestMethodWithDataProviderMethodWorker.java:14)
at java.util.concurrent.FutureTask.run(Unknown Source)
at java.util.concurrent.Executors$RunnableAdapter.call(Unknown Source)
at java.util.concurrent.FutureTask.run(Unknown Source)
at java.util.concurrent.ThreadPoolExecutor.runWorker(Unknown Source)
at java.util.concurrent.ThreadPoolExecutor$Worker.run(Unknown Source)
at java.lang.Thread.run(Unknown Source)
]]>
    </failure>
  </testcase> <!-- Add_Tracking_Number -->
  <testcase name="Add_Tracking_Number" time="0.543" classname="Test_Data_Generation.Add_Tracking_Numbers_To_User"/>
  <testcase name="Add_Tracking_Number" time="0.499" classname="Test_Data_Generation.Add_Tracking_Numbers_To_User"/>
  <testcase name="Add_Tracking_Number" time="0.516" classname="Test_Data_Generation.Add_Tracking_Numbers_To_User"/>
  <testcase name="Add_Tracking_Number" time="0.603" classname="Test_Data_Generation.Add_Tracking_Numbers_To_User"/>
  <testcase name="Add_Tracking_Number" time="0.773" classname="Test_Data_Generation.Add_Tracking_Numbers_To_User"/>
  <testcase name="Add_Tracking_Number" time="0.554" classname="Test_Data_Generation.Add_Tracking_Numbers_To_User"/>
  <testcase name="Add_Tracking_Number" time="0.500" classname="Test_Data_Generation.Add_Tracking_Numbers_To_User"/>
  <testcase name="Add_Tracking_Number" time="0.500" classname="Test_Data_Generation.Add_Tracking_Numbers_To_User"/>
  <testcase name="Add_Tracking_Number" time="0.566" classname="Test_Data_Generation.Add_Tracking_Numbers_To_User"/>
  <testcase name="Add_Tracking_Number" time="0.454" classname="Test_Data_Generation.Add_Tracking_Numbers_To_User">
    <failure type="java.lang.AssertionError" message="
Expected: a string containing &quot;{\&quot;successful\&quot;:true&quot;
     but: was &quot;{&quot;ShipmentOptionResponse&quot;:{&quot;successful&quot;:false,&quot;errorList&quot;:[{&quot;code&quot;:&quot;2997&quot;,&quot;message&quot;:&quot;TRAQS connection/request problem&quot;,&quot;source&quot;:null,&quot;rootCause&quot;:null}],&quot;alerts&quot;:null,&quot;cxsalerts&quot;:null}}&quot;">
      <![CDATA[java.lang.AssertionError: 
Expected: a string containing "{\"successful\":true"
     but: was "{"ShipmentOptionResponse":{"successful":false,"errorList":[{"code":"2997","message":"TRAQS connection/request problem","source":null,"rootCause":null}],"alerts":null,"cxsalerts":null}}"
at org.hamcrest.MatcherAssert.assertThat(MatcherAssert.java:20)
at org.junit.Assert.assertThat(Assert.java:956)
at org.junit.Assert.assertThat(Assert.java:923)
at Test_Data_Generation.Add_Tracking_Numbers_To_User.Add_Tracking_Number(Add_Tracking_Numbers_To_User.java:69)
at sun.reflect.GeneratedMethodAccessor2.invoke(Unknown Source)
at sun.reflect.DelegatingMethodAccessorImpl.invoke(Unknown Source)
at java.lang.reflect.Method.invoke(Unknown Source)
at org.testng.internal.MethodInvocationHelper.invokeMethod(MethodInvocationHelper.java:124)
at org.testng.internal.Invoker.invokeMethod(Invoker.java:580)
at org.testng.internal.Invoker.invokeTestMethod(Invoker.java:716)
at org.testng.internal.TestMethodWithDataProviderMethodWorker.call(TestMethodWithDataProviderMethodWorker.java:71)
at org.testng.internal.TestMethodWithDataProviderMethodWorker.call(TestMethodWithDataProviderMethodWorker.java:14)
at java.util.concurrent.FutureTask.run(Unknown Source)
at java.util.concurrent.Executors$RunnableAdapter.call(Unknown Source)
at java.util.concurrent.FutureTask.run(Unknown Source)
at java.util.concurrent.ThreadPoolExecutor.runWorker(Unknown Source)
at java.util.concurrent.ThreadPoolExecutor$Worker.run(Unknown Source)
at java.lang.Thread.run(Unknown Source)
]]>
    </failure>
  </testcase> <!-- Add_Tracking_Number -->
  <testcase name="Add_Tracking_Number" time="0.585" classname="Test_Data_Generation.Add_Tracking_Numbers_To_User"/>
  <testcase name="Add_Tracking_Number" time="0.389" classname="Test_Data_Generation.Add_Tracking_Numbers_To_User"/>
  <testcase name="Add_Tracking_Number" time="0.714" classname="Test_Data_Generation.Add_Tracking_Numbers_To_User"/>
  <testcase name="Add_Tracking_Number" time="0.530" classname="Test_Data_Generation.Add_Tracking_Numbers_To_User"/>
  <testcase name="Add_Tracking_Number" time="0.124" classname="Test_Data_Generation.Add_Tracking_Numbers_To_User"/>
  <testcase name="Add_Tracking_Number" time="0.533" classname="Test_Data_Generation.Add_Tracking_Numbers_To_User"/>
  <testcase name="Add_Tracking_Number" time="0.254" classname="Test_Data_Generation.Add_Tracking_Numbers_To_User"/>
  <testcase name="Add_Tracking_Number" time="0.528" classname="Test_Data_Generation.Add_Tracking_Numbers_To_User"/>
  <testcase name="Add_Tracking_Number" time="0.525" classname="Test_Data_Generation.Add_Tracking_Numbers_To_User"/>
  <testcase name="Add_Tracking_Number" time="0.479" classname="Test_Data_Generation.Add_Tracking_Numbers_To_User"/>
  <testcase name="Add_Tracking_Number" time="0.459" classname="Test_Data_Generation.Add_Tracking_Numbers_To_User"/>
  <testcase name="Add_Tracking_Number" time="0.579" classname="Test_Data_Generation.Add_Tracking_Numbers_To_User"/>
  <testcase name="Add_Tracking_Number" time="0.565" classname="Test_Data_Generation.Add_Tracking_Numbers_To_User"/>
  <testcase name="Add_Tracking_Number" time="0.548" classname="Test_Data_Generation.Add_Tracking_Numbers_To_User"/>
  <testcase name="Add_Tracking_Number" time="0.532" classname="Test_Data_Generation.Add_Tracking_Numbers_To_User"/>
  <testcase name="Add_Tracking_Number" time="0.498" classname="Test_Data_Generation.Add_Tracking_Numbers_To_User"/>
  <testcase name="Add_Tracking_Number" time="0.528" classname="Test_Data_Generation.Add_Tracking_Numbers_To_User"/>
  <testcase name="Add_Tracking_Number" time="0.556" classname="Test_Data_Generation.Add_Tracking_Numbers_To_User"/>
  <testcase name="Add_Tracking_Number" time="0.532" classname="Test_Data_Generation.Add_Tracking_Numbers_To_User"/>
  <testcase name="Add_Tracking_Number" time="0.504" classname="Test_Data_Generation.Add_Tracking_Numbers_To_User"/>
  <testcase name="Add_Tracking_Number" time="0.724" classname="Test_Data_Generation.Add_Tracking_Numbers_To_User"/>
  <testcase name="Add_Tracking_Number" time="0.550" classname="Test_Data_Generation.Add_Tracking_Numbers_To_User"/>
  <testcase name="Add_Tracking_Number" time="0.411" classname="Test_Data_Generation.Add_Tracking_Numbers_To_User"/>
  <testcase name="Add_Tracking_Number" time="0.439" classname="Test_Data_Generation.Add_Tracking_Numbers_To_User">
    <failure type="java.lang.AssertionError" message="
Expected: a string containing &quot;{\&quot;successful\&quot;:true&quot;
     but: was &quot;{&quot;ShipmentOptionResponse&quot;:{&quot;successful&quot;:false,&quot;errorList&quot;:[{&quot;code&quot;:&quot;2997&quot;,&quot;message&quot;:&quot;TRAQS connection/request problem&quot;,&quot;source&quot;:null,&quot;rootCause&quot;:null}],&quot;alerts&quot;:null,&quot;cxsalerts&quot;:null}}&quot;">
      <![CDATA[java.lang.AssertionError: 
Expected: a string containing "{\"successful\":true"
     but: was "{"ShipmentOptionResponse":{"successful":false,"errorList":[{"code":"2997","message":"TRAQS connection/request problem","source":null,"rootCause":null}],"alerts":null,"cxsalerts":null}}"
at org.hamcrest.MatcherAssert.assertThat(MatcherAssert.java:20)
at org.junit.Assert.assertThat(Assert.java:956)
at org.junit.Assert.assertThat(Assert.java:923)
at Test_Data_Generation.Add_Tracking_Numbers_To_User.Add_Tracking_Number(Add_Tracking_Numbers_To_User.java:69)
at sun.reflect.GeneratedMethodAccessor2.invoke(Unknown Source)
at sun.reflect.DelegatingMethodAccessorImpl.invoke(Unknown Source)
at java.lang.reflect.Method.invoke(Unknown Source)
at org.testng.internal.MethodInvocationHelper.invokeMethod(MethodInvocationHelper.java:124)
at org.testng.internal.Invoker.invokeMethod(Invoker.java:580)
at org.testng.internal.Invoker.invokeTestMethod(Invoker.java:716)
at org.testng.internal.TestMethodWithDataProviderMethodWorker.call(TestMethodWithDataProviderMethodWorker.java:71)
at org.testng.internal.TestMethodWithDataProviderMethodWorker.call(TestMethodWithDataProviderMethodWorker.java:14)
at java.util.concurrent.FutureTask.run(Unknown Source)
at java.util.concurrent.Executors$RunnableAdapter.call(Unknown Source)
at java.util.concurrent.FutureTask.run(Unknown Source)
at java.util.concurrent.ThreadPoolExecutor.runWorker(Unknown Source)
at java.util.concurrent.ThreadPoolExecutor$Worker.run(Unknown Source)
at java.lang.Thread.run(Unknown Source)
]]>
    </failure>
  </testcase> <!-- Add_Tracking_Number -->
  <testcase name="Add_Tracking_Number" time="0.452" classname="Test_Data_Generation.Add_Tracking_Numbers_To_User"/>
  <testcase name="Add_Tracking_Number" time="0.508" classname="Test_Data_Generation.Add_Tracking_Numbers_To_User"/>
  <testcase name="Add_Tracking_Number" time="0.722" classname="Test_Data_Generation.Add_Tracking_Numbers_To_User"/>
  <testcase name="Add_Tracking_Number" time="0.520" classname="Test_Data_Generation.Add_Tracking_Numbers_To_User"/>
  <testcase name="Add_Tracking_Number" time="0.585" classname="Test_Data_Generation.Add_Tracking_Numbers_To_User"/>
  <testcase name="Add_Tracking_Number" time="0.530" classname="Test_Data_Generation.Add_Tracking_Numbers_To_User"/>
  <testcase name="Add_Tracking_Number" time="0.588" classname="Test_Data_Generation.Add_Tracking_Numbers_To_User"/>
  <testcase name="Add_Tracking_Number" time="0.457" classname="Test_Data_Generation.Add_Tracking_Numbers_To_User"/>
  <testcase name="Add_Tracking_Number" time="0.538" classname="Test_Data_Generation.Add_Tracking_Numbers_To_User"/>
  <testcase name="Add_Tracking_Number" time="0.541" classname="Test_Data_Generation.Add_Tracking_Numbers_To_User"/>
  <testcase name="Add_Tracking_Number" time="0.548" classname="Test_Data_Generation.Add_Tracking_Numbers_To_User">
    <failure type="java.lang.AssertionError" message="
Expected: a string containing &quot;{\&quot;successful\&quot;:true&quot;
     but: was &quot;{&quot;ShipmentOptionResponse&quot;:{&quot;successful&quot;:false,&quot;errorList&quot;:[{&quot;code&quot;:&quot;2997&quot;,&quot;message&quot;:&quot;TRAQS connection/request problem&quot;,&quot;source&quot;:null,&quot;rootCause&quot;:null}],&quot;alerts&quot;:null,&quot;cxsalerts&quot;:null}}&quot;">
      <![CDATA[java.lang.AssertionError: 
Expected: a string containing "{\"successful\":true"
     but: was "{"ShipmentOptionResponse":{"successful":false,"errorList":[{"code":"2997","message":"TRAQS connection/request problem","source":null,"rootCause":null}],"alerts":null,"cxsalerts":null}}"
at org.hamcrest.MatcherAssert.assertThat(MatcherAssert.java:20)
at org.junit.Assert.assertThat(Assert.java:956)
at org.junit.Assert.assertThat(Assert.java:923)
at Test_Data_Generation.Add_Tracking_Numbers_To_User.Add_Tracking_Number(Add_Tracking_Numbers_To_User.java:69)
at sun.reflect.GeneratedMethodAccessor2.invoke(Unknown Source)
at sun.reflect.DelegatingMethodAccessorImpl.invoke(Unknown Source)
at java.lang.reflect.Method.invoke(Unknown Source)
at org.testng.internal.MethodInvocationHelper.invokeMethod(MethodInvocationHelper.java:124)
at org.testng.internal.Invoker.invokeMethod(Invoker.java:580)
at org.testng.internal.Invoker.invokeTestMethod(Invoker.java:716)
at org.testng.internal.TestMethodWithDataProviderMethodWorker.call(TestMethodWithDataProviderMethodWorker.java:71)
at org.testng.internal.TestMethodWithDataProviderMethodWorker.call(TestMethodWithDataProviderMethodWorker.java:14)
at java.util.concurrent.FutureTask.run(Unknown Source)
at java.util.concurrent.Executors$RunnableAdapter.call(Unknown Source)
at java.util.concurrent.FutureTask.run(Unknown Source)
at java.util.concurrent.ThreadPoolExecutor.runWorker(Unknown Source)
at java.util.concurrent.ThreadPoolExecutor$Worker.run(Unknown Source)
at java.lang.Thread.run(Unknown Source)
]]>
    </failure>
  </testcase> <!-- Add_Tracking_Number -->
  <testcase name="Add_Tracking_Number" time="0.481" classname="Test_Data_Generation.Add_Tracking_Numbers_To_User"/>
  <testcase name="Add_Tracking_Number" time="0.464" classname="Test_Data_Generation.Add_Tracking_Numbers_To_User"/>
  <testcase name="Add_Tracking_Number" time="0.567" classname="Test_Data_Generation.Add_Tracking_Numbers_To_User"/>
  <testcase name="Add_Tracking_Number" time="0.721" classname="Test_Data_Generation.Add_Tracking_Numbers_To_User"/>
  <testcase name="Add_Tracking_Number" time="0.483" classname="Test_Data_Generation.Add_Tracking_Numbers_To_User"/>
  <testcase name="Add_Tracking_Number" time="0.682" classname="Test_Data_Generation.Add_Tracking_Numbers_To_User"/>
  <testcase name="Add_Tracking_Number" time="0.543" classname="Test_Data_Generation.Add_Tracking_Numbers_To_User"/>
  <testcase name="Add_Tracking_Number" time="0.207" classname="Test_Data_Generation.Add_Tracking_Numbers_To_User"/>
  <testcase name="Add_Tracking_Number" time="0.587" classname="Test_Data_Generation.Add_Tracking_Numbers_To_User"/>
  <testcase name="Add_Tracking_Number" time="0.607" classname="Test_Data_Generation.Add_Tracking_Numbers_To_User"/>
  <testcase name="Add_Tracking_Number" time="0.481" classname="Test_Data_Generation.Add_Tracking_Numbers_To_User"/>
  <testcase name="Add_Tracking_Number" time="0.548" classname="Test_Data_Generation.Add_Tracking_Numbers_To_User"/>
  <testcase name="Add_Tracking_Number" time="0.522" classname="Test_Data_Generation.Add_Tracking_Numbers_To_User"/>
  <testcase name="Add_Tracking_Number" time="0.500" classname="Test_Data_Generation.Add_Tracking_Numbers_To_User"/>
  <testcase name="Add_Tracking_Number" time="0.614" classname="Test_Data_Generation.Add_Tracking_Numbers_To_User"/>
  <testcase name="Add_Tracking_Number" time="1.218" classname="Test_Data_Generation.Add_Tracking_Numbers_To_User"/>
  <testcase name="Add_Tracking_Number" time="0.451" classname="Test_Data_Generation.Add_Tracking_Numbers_To_User"/>
  <testcase name="Add_Tracking_Number" time="0.527" classname="Test_Data_Generation.Add_Tracking_Numbers_To_User"/>
  <testcase name="Add_Tracking_Number" time="0.442" classname="Test_Data_Generation.Add_Tracking_Numbers_To_User"/>
  <testcase name="Add_Tracking_Number" time="0.474" classname="Test_Data_Generation.Add_Tracking_Numbers_To_User"/>
  <testcase name="Add_Tracking_Number" time="0.502" classname="Test_Data_Generation.Add_Tracking_Numbers_To_User"/>
  <testcase name="Add_Tracking_Number" time="0.525" classname="Test_Data_Generation.Add_Tracking_Numbers_To_User"/>
  <testcase name="Add_Tracking_Number" time="0.363" classname="Test_Data_Generation.Add_Tracking_Numbers_To_User"/>
  <testcase name="Add_Tracking_Number" time="0.509" classname="Test_Data_Generation.Add_Tracking_Numbers_To_User"/>
  <testcase name="Add_Tracking_Number" time="0.533" classname="Test_Data_Generation.Add_Tracking_Numbers_To_User"/>
  <testcase name="Add_Tracking_Number" time="0.466" classname="Test_Data_Generation.Add_Tracking_Numbers_To_User"/>
  <testcase name="Add_Tracking_Number" time="0.594" classname="Test_Data_Generation.Add_Tracking_Numbers_To_User"/>
  <testcase name="Add_Tracking_Number" time="0.636" classname="Test_Data_Generation.Add_Tracking_Numbers_To_User"/>
  <testcase name="Add_Tracking_Number" time="0.515" classname="Test_Data_Generation.Add_Tracking_Numbers_To_User"/>
  <testcase name="Add_Tracking_Number" time="0.453" classname="Test_Data_Generation.Add_Tracking_Numbers_To_User"/>
  <testcase name="Add_Tracking_Number" time="0.529" classname="Test_Data_Generation.Add_Tracking_Numbers_To_User"/>
  <testcase name="Add_Tracking_Number" time="0.618" classname="Test_Data_Generation.Add_Tracking_Numbers_To_User"/>
  <testcase name="Add_Tracking_Number" time="0.660" classname="Test_Data_Generation.Add_Tracking_Numbers_To_User"/>
  <testcase name="Add_Tracking_Number" time="0.483" classname="Test_Data_Generation.Add_Tracking_Numbers_To_User"/>
  <testcase name="Add_Tracking_Number" time="0.495" classname="Test_Data_Generation.Add_Tracking_Numbers_To_User"/>
  <testcase name="Add_Tracking_Number" time="0.496" classname="Test_Data_Generation.Add_Tracking_Numbers_To_User"/>
  <testcase name="Add_Tracking_Number" time="0.556" classname="Test_Data_Generation.Add_Tracking_Numbers_To_User"/>
  <testcase name="Add_Tracking_Number" time="0.566" classname="Test_Data_Generation.Add_Tracking_Numbers_To_User"/>
  <testcase name="Add_Tracking_Number" time="0.774" classname="Test_Data_Generation.Add_Tracking_Numbers_To_User"/>
  <testcase name="Add_Tracking_Number" time="0.614" classname="Test_Data_Generation.Add_Tracking_Numbers_To_User"/>
  <testcase name="Add_Tracking_Number" time="0.480" classname="Test_Data_Generation.Add_Tracking_Numbers_To_User"/>
  <testcase name="Add_Tracking_Number" time="0.644" classname="Test_Data_Generation.Add_Tracking_Numbers_To_User"/>
  <testcase name="Add_Tracking_Number" time="0.705" classname="Test_Data_Generation.Add_Tracking_Numbers_To_User"/>
  <testcase name="Add_Tracking_Number" time="0.547" classname="Test_Data_Generation.Add_Tracking_Numbers_To_User"/>
  <testcase name="Add_Tracking_Number" time="0.538" classname="Test_Data_Generation.Add_Tracking_Numbers_To_User"/>
  <testcase name="Add_Tracking_Number" time="0.571" classname="Test_Data_Generation.Add_Tracking_Numbers_To_User"/>
  <testcase name="Add_Tracking_Number" time="0.476" classname="Test_Data_Generation.Add_Tracking_Numbers_To_User"/>
  <testcase name="Add_Tracking_Number" time="0.506" classname="Test_Data_Generation.Add_Tracking_Numbers_To_User"/>
  <testcase name="Add_Tracking_Number" time="0.135" classname="Test_Data_Generation.Add_Tracking_Numbers_To_User"/>
  <testcase name="Add_Tracking_Number" time="0.488" classname="Test_Data_Generation.Add_Tracking_Numbers_To_User"/>
  <testcase name="Add_Tracking_Number" time="0.529" classname="Test_Data_Generation.Add_Tracking_Numbers_To_User"/>
  <testcase name="Add_Tracking_Number" time="0.725" classname="Test_Data_Generation.Add_Tracking_Numbers_To_User"/>
  <testcase name="Add_Tracking_Number" time="0.528" classname="Test_Data_Generation.Add_Tracking_Numbers_To_User"/>
  <testcase name="Add_Tracking_Number" time="0.392" classname="Test_Data_Generation.Add_Tracking_Numbers_To_User"/>
  <testcase name="Add_Tracking_Number" time="0.548" classname="Test_Data_Generation.Add_Tracking_Numbers_To_User"/>
  <testcase name="Add_Tracking_Number" time="0.594" classname="Test_Data_Generation.Add_Tracking_Numbers_To_User"/>
  <testcase name="Add_Tracking_Number" time="0.479" classname="Test_Data_Generation.Add_Tracking_Numbers_To_User"/>
  <testcase name="Add_Tracking_Number" time="0.545" classname="Test_Data_Generation.Add_Tracking_Numbers_To_User"/>
  <testcase name="Add_Tracking_Number" time="0.467" classname="Test_Data_Generation.Add_Tracking_Numbers_To_User"/>
  <testcase name="Add_Tracking_Number" time="0.536" classname="Test_Data_Generation.Add_Tracking_Numbers_To_User"/>
  <testcase name="Add_Tracking_Number" time="0.631" classname="Test_Data_Generation.Add_Tracking_Numbers_To_User"/>
  <testcase name="Add_Tracking_Number" time="0.679" classname="Test_Data_Generation.Add_Tracking_Numbers_To_User"/>
  <testcase name="Add_Tracking_Number" time="0.529" classname="Test_Data_Generation.Add_Tracking_Numbers_To_User"/>
  <testcase name="Add_Tracking_Number" time="0.674" classname="Test_Data_Generation.Add_Tracking_Numbers_To_User"/>
  <testcase name="Add_Tracking_Number" time="0.475" classname="Test_Data_Generation.Add_Tracking_Numbers_To_User"/>
  <testcase name="Add_Tracking_Number" time="0.604" classname="Test_Data_Generation.Add_Tracking_Numbers_To_User"/>
  <testcase name="Add_Tracking_Number" time="0.551" classname="Test_Data_Generation.Add_Tracking_Numbers_To_User"/>
  <testcase name="Add_Tracking_Number" time="0.534" classname="Test_Data_Generation.Add_Tracking_Numbers_To_User"/>
  <testcase name="Add_Tracking_Number" time="0.527" classname="Test_Data_Generation.Add_Tracking_Numbers_To_User"/>
  <testcase name="Add_Tracking_Number" time="0.618" classname="Test_Data_Generation.Add_Tracking_Numbers_To_User"/>
  <testcase name="Add_Tracking_Number" time="0.645" classname="Test_Data_Generation.Add_Tracking_Numbers_To_User"/>
  <testcase name="Add_Tracking_Number" time="0.512" classname="Test_Data_Generation.Add_Tracking_Numbers_To_User"/>
  <testcase name="Add_Tracking_Number" time="0.528" classname="Test_Data_Generation.Add_Tracking_Numbers_To_User"/>
  <testcase name="Add_Tracking_Number" time="0.551" classname="Test_Data_Generation.Add_Tracking_Numbers_To_User"/>
  <testcase name="Add_Tracking_Number" time="0.614" classname="Test_Data_Generation.Add_Tracking_Numbers_To_User"/>
  <testcase name="Add_Tracking_Number" time="0.470" classname="Test_Data_Generation.Add_Tracking_Numbers_To_User"/>
  <testcase name="Add_Tracking_Number" time="0.536" classname="Test_Data_Generation.Add_Tracking_Numbers_To_User"/>
  <testcase name="Add_Tracking_Number" time="0.540" classname="Test_Data_Generation.Add_Tracking_Numbers_To_User"/>
  <testcase name="Add_Tracking_Number" time="0.657" classname="Test_Data_Generation.Add_Tracking_Numbers_To_User"/>
  <testcase name="Add_Tracking_Number" time="0.570" classname="Test_Data_Generation.Add_Tracking_Numbers_To_User"/>
  <testcase name="Add_Tracking_Number" time="0.127" classname="Test_Data_Generation.Add_Tracking_Numbers_To_User"/>
  <testcase name="Add_Tracking_Number" time="0.555" classname="Test_Data_Generation.Add_Tracking_Numbers_To_User"/>
  <testcase name="Add_Tracking_Number" time="0.611" classname="Test_Data_Generation.Add_Tracking_Numbers_To_User"/>
  <testcase name="Add_Tracking_Number" time="0.599" classname="Test_Data_Generation.Add_Tracking_Numbers_To_User"/>
  <testcase name="Add_Tracking_Number" time="0.663" classname="Test_Data_Generation.Add_Tracking_Numbers_To_User"/>
  <testcase name="Add_Tracking_Number" time="0.719" classname="Test_Data_Generation.Add_Tracking_Numbers_To_User"/>
  <testcase name="Add_Tracking_Number" time="0.449" classname="Test_Data_Generation.Add_Tracking_Numbers_To_User"/>
  <testcase name="Add_Tracking_Number" time="1.029" classname="Test_Data_Generation.Add_Tracking_Numbers_To_User"/>
  <testcase name="Add_Tracking_Number" time="0.570" classname="Test_Data_Generation.Add_Tracking_Numbers_To_User"/>
  <testcase name="Add_Tracking_Number" time="0.532" classname="Test_Data_Generation.Add_Tracking_Numbers_To_User"/>
  <testcase name="Add_Tracking_Number" time="0.668" classname="Test_Data_Generation.Add_Tracking_Numbers_To_User"/>
  <testcase name="Add_Tracking_Number" time="0.557" classname="Test_Data_Generation.Add_Tracking_Numbers_To_User"/>
  <testcase name="Add_Tracking_Number" time="0.428" classname="Test_Data_Generation.Add_Tracking_Numbers_To_User"/>
  <testcase name="Add_Tracking_Number" time="0.557" classname="Test_Data_Generation.Add_Tracking_Numbers_To_User"/>
  <testcase name="Add_Tracking_Number" time="0.529" classname="Test_Data_Generation.Add_Tracking_Numbers_To_User"/>
  <testcase name="Add_Tracking_Number" time="0.497" classname="Test_Data_Generation.Add_Tracking_Numbers_To_User"/>
  <testcase name="Add_Tracking_Number" time="0.555" classname="Test_Data_Generation.Add_Tracking_Numbers_To_User"/>
  <testcase name="Add_Tracking_Number" time="0.517" classname="Test_Data_Generation.Add_Tracking_Numbers_To_User"/>
  <testcase name="Add_Tracking_Number" time="0.468" classname="Test_Data_Generation.Add_Tracking_Numbers_To_User"/>
  <testcase name="Add_Tracking_Number" time="0.664" classname="Test_Data_Generation.Add_Tracking_Numbers_To_User"/>
  <testcase name="Add_Tracking_Number" time="0.660" classname="Test_Data_Generation.Add_Tracking_Numbers_To_User"/>
  <testcase name="Add_Tracking_Number" time="0.701" classname="Test_Data_Generation.Add_Tracking_Numbers_To_User"/>
  <testcase name="Add_Tracking_Number" time="0.483" classname="Test_Data_Generation.Add_Tracking_Numbers_To_User"/>
  <testcase name="Add_Tracking_Number" time="0.462" classname="Test_Data_Generation.Add_Tracking_Numbers_To_User"/>
  <testcase name="Add_Tracking_Number" time="0.567" classname="Test_Data_Generation.Add_Tracking_Numbers_To_User"/>
  <testcase name="Add_Tracking_Number" time="0.516" classname="Test_Data_Generation.Add_Tracking_Numbers_To_User"/>
  <testcase name="Add_Tracking_Number" time="0.672" classname="Test_Data_Generation.Add_Tracking_Numbers_To_User"/>
  <testcase name="Add_Tracking_Number" time="0.485" classname="Test_Data_Generation.Add_Tracking_Numbers_To_User"/>
  <testcase name="Add_Tracking_Number" time="0.550" classname="Test_Data_Generation.Add_Tracking_Numbers_To_User"/>
  <testcase name="Add_Tracking_Number" time="0.500" classname="Test_Data_Generation.Add_Tracking_Numbers_To_User"/>
  <testcase name="Add_Tracking_Number" time="0.646" classname="Test_Data_Generation.Add_Tracking_Numbers_To_User"/>
  <testcase name="Add_Tracking_Number" time="0.609" classname="Test_Data_Generation.Add_Tracking_Numbers_To_User"/>
  <testcase name="Add_Tracking_Number" time="0.517" classname="Test_Data_Generation.Add_Tracking_Numbers_To_User"/>
  <testcase name="Add_Tracking_Number" time="0.462" classname="Test_Data_Generation.Add_Tracking_Numbers_To_User"/>
  <testcase name="Add_Tracking_Number" time="0.397" classname="Test_Data_Generation.Add_Tracking_Numbers_To_User"/>
  <testcase name="Add_Tracking_Number" time="0.741" classname="Test_Data_Generation.Add_Tracking_Numbers_To_User"/>
  <testcase name="Add_Tracking_Number" time="0.776" classname="Test_Data_Generation.Add_Tracking_Numbers_To_User"/>
  <testcase name="Add_Tracking_Number" time="0.542" classname="Test_Data_Generation.Add_Tracking_Numbers_To_User"/>
  <testcase name="Add_Tracking_Number" time="0.541" classname="Test_Data_Generation.Add_Tracking_Numbers_To_User"/>
  <testcase name="Add_Tracking_Number" time="0.532" classname="Test_Data_Generation.Add_Tracking_Numbers_To_User"/>
  <testcase name="Add_Tracking_Number" time="0.550" classname="Test_Data_Generation.Add_Tracking_Numbers_To_User"/>
  <testcase name="Add_Tracking_Number" time="0.496" classname="Test_Data_Generation.Add_Tracking_Numbers_To_User"/>
  <testcase name="Add_Tracking_Number" time="0.585" classname="Test_Data_Generation.Add_Tracking_Numbers_To_User"/>
  <testcase name="Add_Tracking_Number" time="0.686" classname="Test_Data_Generation.Add_Tracking_Numbers_To_User"/>
  <testcase name="Add_Tracking_Number" time="0.484" classname="Test_Data_Generation.Add_Tracking_Numbers_To_User"/>
  <testcase name="Add_Tracking_Number" time="0.541" classname="Test_Data_Generation.Add_Tracking_Numbers_To_User"/>
  <testcase name="Add_Tracking_Number" time="0.550" classname="Test_Data_Generation.Add_Tracking_Numbers_To_User"/>
  <testcase name="Add_Tracking_Number" time="0.485" classname="Test_Data_Generation.Add_Tracking_Numbers_To_User"/>
  <testcase name="Add_Tracking_Number" time="0.510" classname="Test_Data_Generation.Add_Tracking_Numbers_To_User"/>
  <testcase name="Add_Tracking_Number" time="0.456" classname="Test_Data_Generation.Add_Tracking_Numbers_To_User"/>
  <testcase name="Add_Tracking_Number" time="0.726" classname="Test_Data_Generation.Add_Tracking_Numbers_To_User"/>
  <testcase name="Add_Tracking_Number" time="0.566" classname="Test_Data_Generation.Add_Tracking_Numbers_To_User"/>
  <testcase name="Add_Tracking_Number" time="0.502" classname="Test_Data_Generation.Add_Tracking_Numbers_To_User"/>
  <testcase name="Add_Tracking_Number" time="0.557" classname="Test_Data_Generation.Add_Tracking_Numbers_To_User"/>
  <testcase name="Add_Tracking_Number" time="0.583" classname="Test_Data_Generation.Add_Tracking_Numbers_To_User"/>
  <testcase name="Add_Tracking_Number" time="0.533" classname="Test_Data_Generation.Add_Tracking_Numbers_To_User"/>
  <testcase name="Add_Tracking_Number" time="0.490" classname="Test_Data_Generation.Add_Tracking_Numbers_To_User"/>
  <testcase name="Add_Tracking_Number" time="0.582" classname="Test_Data_Generation.Add_Tracking_Numbers_To_User"/>
  <testcase name="Add_Tracking_Number" time="0.609" classname="Test_Data_Generation.Add_Tracking_Numbers_To_User"/>
  <testcase name="Add_Tracking_Number" time="0.511" classname="Test_Data_Generation.Add_Tracking_Numbers_To_User"/>
  <testcase name="Add_Tracking_Number" time="0.557" classname="Test_Data_Generation.Add_Tracking_Numbers_To_User"/>
  <testcase name="Add_Tracking_Number" time="0.636" classname="Test_Data_Generation.Add_Tracking_Numbers_To_User"/>
  <testcase name="Add_Tracking_Number" time="0.515" classname="Test_Data_Generation.Add_Tracking_Numbers_To_User"/>
  <testcase name="Add_Tracking_Number" time="0.521" classname="Test_Data_Generation.Add_Tracking_Numbers_To_User"/>
  <testcase name="Add_Tracking_Number" time="0.337" classname="Test_Data_Generation.Add_Tracking_Numbers_To_User"/>
  <testcase name="Add_Tracking_Number" time="0.506" classname="Test_Data_Generation.Add_Tracking_Numbers_To_User"/>
  <testcase name="Add_Tracking_Number" time="0.524" classname="Test_Data_Generation.Add_Tracking_Numbers_To_User"/>
  <testcase name="Add_Tracking_Number" time="0.447" classname="Test_Data_Generation.Add_Tracking_Numbers_To_User"/>
  <testcase name="Add_Tracking_Number" time="0.555" classname="Test_Data_Generation.Add_Tracking_Numbers_To_User"/>
  <testcase name="Add_Tracking_Number" time="0.513" classname="Test_Data_Generation.Add_Tracking_Numbers_To_User"/>
  <testcase name="Add_Tracking_Number" time="0.799" classname="Test_Data_Generation.Add_Tracking_Numbers_To_User"/>
  <testcase name="Add_Tracking_Number" time="0.631" classname="Test_Data_Generation.Add_Tracking_Numbers_To_User"/>
  <testcase name="Add_Tracking_Number" time="0.473" classname="Test_Data_Generation.Add_Tracking_Numbers_To_User"/>
  <testcase name="Add_Tracking_Number" time="0.733" classname="Test_Data_Generation.Add_Tracking_Numbers_To_User"/>
  <testcase name="Add_Tracking_Number" time="0.890" classname="Test_Data_Generation.Add_Tracking_Numbers_To_User"/>
  <testcase name="Add_Tracking_Number" time="0.548" classname="Test_Data_Generation.Add_Tracking_Numbers_To_User"/>
  <testcase name="Add_Tracking_Number" time="0.472" classname="Test_Data_Generation.Add_Tracking_Numbers_To_User"/>
  <testcase name="Add_Tracking_Number" time="0.506" classname="Test_Data_Generation.Add_Tracking_Numbers_To_User"/>
  <testcase name="Add_Tracking_Number" time="0.559" classname="Test_Data_Generation.Add_Tracking_Numbers_To_User"/>
  <testcase name="Add_Tracking_Number" time="0.666" classname="Test_Data_Generation.Add_Tracking_Numbers_To_User"/>
  <testcase name="Add_Tracking_Number" time="0.566" classname="Test_Data_Generation.Add_Tracking_Numbers_To_User"/>
  <testcase name="Add_Tracking_Number" time="0.501" classname="Test_Data_Generation.Add_Tracking_Numbers_To_User"/>
  <testcase name="Add_Tracking_Number" time="0.518" classname="Test_Data_Generation.Add_Tracking_Numbers_To_User"/>
  <testcase name="Add_Tracking_Number" time="0.573" classname="Test_Data_Generation.Add_Tracking_Numbers_To_User"/>
  <testcase name="Add_Tracking_Number" time="0.501" classname="Test_Data_Generation.Add_Tracking_Numbers_To_User"/>
  <testcase name="Add_Tracking_Number" time="0.541" classname="Test_Data_Generation.Add_Tracking_Numbers_To_User"/>
  <testcase name="Add_Tracking_Number" time="0.575" classname="Test_Data_Generation.Add_Tracking_Numbers_To_User"/>
  <testcase name="Add_Tracking_Number" time="0.574" classname="Test_Data_Generation.Add_Tracking_Numbers_To_User"/>
  <testcase name="Add_Tracking_Number" time="0.568" classname="Test_Data_Generation.Add_Tracking_Numbers_To_User"/>
  <testcase name="Add_Tracking_Number" time="0.508" classname="Test_Data_Generation.Add_Tracking_Numbers_To_User"/>
  <testcase name="Add_Tracking_Number" time="0.564" classname="Test_Data_Generation.Add_Tracking_Numbers_To_User"/>
  <testcase name="Add_Tracking_Number" time="0.537" classname="Test_Data_Generation.Add_Tracking_Numbers_To_User"/>
  <testcase name="Add_Tracking_Number" time="0.525" classname="Test_Data_Generation.Add_Tracking_Numbers_To_User"/>
  <testcase name="Add_Tracking_Number" time="0.864" classname="Test_Data_Generation.Add_Tracking_Numbers_To_User"/>
  <testcase name="Add_Tracking_Number" time="0.667" classname="Test_Data_Generation.Add_Tracking_Numbers_To_User"/>
  <testcase name="Add_Tracking_Number" time="0.588" classname="Test_Data_Generation.Add_Tracking_Numbers_To_User"/>
  <testcase name="Add_Tracking_Number" time="0.557" classname="Test_Data_Generation.Add_Tracking_Numbers_To_User"/>
  <testcase name="Add_Tracking_Number" time="0.067" classname="Test_Data_Generation.Add_Tracking_Numbers_To_User"/>
  <testcase name="Add_Tracking_Number" time="0.560" classname="Test_Data_Generation.Add_Tracking_Numbers_To_User"/>
  <testcase name="Add_Tracking_Number" time="0.520" classname="Test_Data_Generation.Add_Tracking_Numbers_To_User"/>
  <testcase name="Add_Tracking_Number" time="0.502" classname="Test_Data_Generation.Add_Tracking_Numbers_To_User"/>
  <testcase name="Add_Tracking_Number" time="0.580" classname="Test_Data_Generation.Add_Tracking_Numbers_To_User"/>
  <testcase name="Add_Tracking_Number" time="0.695" classname="Test_Data_Generation.Add_Tracking_Numbers_To_User"/>
  <testcase name="Add_Tracking_Number" time="0.546" classname="Test_Data_Generation.Add_Tracking_Numbers_To_User"/>
  <testcase name="Add_Tracking_Number" time="0.617" classname="Test_Data_Generation.Add_Tracking_Numbers_To_User"/>
  <testcase name="Add_Tracking_Number" time="0.569" classname="Test_Data_Generation.Add_Tracking_Numbers_To_User"/>
  <testcase name="Add_Tracking_Number" time="0.572" classname="Test_Data_Generation.Add_Tracking_Numbers_To_User"/>
  <testcase name="Add_Tracking_Number" time="0.418" classname="Test_Data_Generation.Add_Tracking_Numbers_To_User"/>
  <testcase name="Add_Tracking_Number" time="0.566" classname="Test_Data_Generation.Add_Tracking_Numbers_To_User"/>
  <testcase name="Add_Tracking_Number" time="0.566" classname="Test_Data_Generation.Add_Tracking_Numbers_To_User"/>
  <testcase name="Add_Tracking_Number" time="0.561" classname="Test_Data_Generation.Add_Tracking_Numbers_To_User"/>
  <testcase name="Add_Tracking_Number" time="0.629" classname="Test_Data_Generation.Add_Tracking_Numbers_To_User"/>
  <testcase name="Add_Tracking_Number" time="0.595" classname="Test_Data_Generation.Add_Tracking_Numbers_To_User"/>
  <testcase name="Add_Tracking_Number" time="0.569" classname="Test_Data_Generation.Add_Tracking_Numbers_To_User"/>
  <testcase name="Add_Tracking_Number" time="0.116" classname="Test_Data_Generation.Add_Tracking_Numbers_To_User"/>
  <testcase name="Add_Tracking_Number" time="0.491" classname="Test_Data_Generation.Add_Tracking_Numbers_To_User"/>
  <testcase name="Add_Tracking_Number" time="0.763" classname="Test_Data_Generation.Add_Tracking_Numbers_To_User"/>
  <testcase name="Add_Tracking_Number" time="0.553" classname="Test_Data_Generation.Add_Tracking_Numbers_To_User"/>
  <testcase name="Add_Tracking_Number" time="0.688" classname="Test_Data_Generation.Add_Tracking_Numbers_To_User"/>
  <testcase name="Add_Tracking_Number" time="0.489" classname="Test_Data_Generation.Add_Tracking_Numbers_To_User"/>
  <testcase name="Add_Tracking_Number" time="0.567" classname="Test_Data_Generation.Add_Tracking_Numbers_To_User"/>
  <testcase name="Add_Tracking_Number" time="0.485" classname="Test_Data_Generation.Add_Tracking_Numbers_To_User"/>
  <testcase name="Add_Tracking_Number" time="0.639" classname="Test_Data_Generation.Add_Tracking_Numbers_To_User"/>
  <testcase name="Add_Tracking_Number" time="0.624" classname="Test_Data_Generation.Add_Tracking_Numbers_To_User"/>
  <testcase name="Add_Tracking_Number" time="0.442" classname="Test_Data_Generation.Add_Tracking_Numbers_To_User"/>
  <testcase name="Add_Tracking_Number" time="0.439" classname="Test_Data_Generation.Add_Tracking_Numbers_To_User"/>
  <testcase name="Add_Tracking_Number" time="0.592" classname="Test_Data_Generation.Add_Tracking_Numbers_To_User"/>
  <testcase name="Add_Tracking_Number" time="0.532" classname="Test_Data_Generation.Add_Tracking_Numbers_To_User"/>
  <testcase name="Add_Tracking_Number" time="0.522" classname="Test_Data_Generation.Add_Tracking_Numbers_To_User"/>
  <testcase name="Add_Tracking_Number" time="0.643" classname="Test_Data_Generation.Add_Tracking_Numbers_To_User"/>
  <testcase name="Add_Tracking_Number" time="0.491" classname="Test_Data_Generation.Add_Tracking_Numbers_To_User"/>
  <testcase name="Add_Tracking_Number" time="0.474" classname="Test_Data_Generation.Add_Tracking_Numbers_To_User"/>
  <testcase name="Add_Tracking_Number" time="0.564" classname="Test_Data_Generation.Add_Tracking_Numbers_To_User"/>
  <testcase name="Add_Tracking_Number" time="0.511" classname="Test_Data_Generation.Add_Tracking_Numbers_To_User"/>
  <testcase name="Add_Tracking_Number" time="0.735" classname="Test_Data_Generation.Add_Tracking_Numbers_To_User"/>
  <testcase name="Add_Tracking_Number" time="0.528" classname="Test_Data_Generation.Add_Tracking_Numbers_To_User"/>
  <testcase name="Add_Tracking_Number" time="0.551" classname="Test_Data_Generation.Add_Tracking_Numbers_To_User"/>
  <testcase name="Add_Tracking_Number" time="0.592" classname="Test_Data_Generation.Add_Tracking_Numbers_To_User"/>
  <testcase name="Add_Tracking_Number" time="0.057" classname="Test_Data_Generation.Add_Tracking_Numbers_To_User"/>
  <testcase name="Add_Tracking_Number" time="0.581" classname="Test_Data_Generation.Add_Tracking_Numbers_To_User"/>
  <testcase name="Add_Tracking_Number" time="0.474" classname="Test_Data_Generation.Add_Tracking_Numbers_To_User"/>
  <testcase name="Add_Tracking_Number" time="0.506" classname="Test_Data_Generation.Add_Tracking_Numbers_To_User"/>
  <testcase name="Add_Tracking_Number" time="0.492" classname="Test_Data_Generation.Add_Tracking_Numbers_To_User"/>
  <testcase name="Add_Tracking_Number" time="0.543" classname="Test_Data_Generation.Add_Tracking_Numbers_To_User"/>
  <testcase name="Add_Tracking_Number" time="0.504" classname="Test_Data_Generation.Add_Tracking_Numbers_To_User"/>
  <testcase name="Add_Tracking_Number" time="0.682" classname="Test_Data_Generation.Add_Tracking_Numbers_To_User"/>
  <testcase name="Add_Tracking_Number" time="0.489" classname="Test_Data_Generation.Add_Tracking_Numbers_To_User"/>
  <testcase name="Add_Tracking_Number" time="0.445" classname="Test_Data_Generation.Add_Tracking_Numbers_To_User"/>
  <testcase name="Add_Tracking_Number" time="0.522" classname="Test_Data_Generation.Add_Tracking_Numbers_To_User"/>
  <testcase name="Add_Tracking_Number" time="0.537" classname="Test_Data_Generation.Add_Tracking_Numbers_To_User"/>
  <testcase name="Add_Tracking_Number" time="0.505" classname="Test_Data_Generation.Add_Tracking_Numbers_To_User"/>
  <testcase name="Add_Tracking_Number" time="0.534" classname="Test_Data_Generation.Add_Tracking_Numbers_To_User"/>
  <testcase name="Add_Tracking_Number" time="0.551" classname="Test_Data_Generation.Add_Tracking_Numbers_To_User"/>
  <testcase name="Add_Tracking_Number" time="0.500" classname="Test_Data_Generation.Add_Tracking_Numbers_To_User"/>
  <testcase name="Add_Tracking_Number" time="0.476" classname="Test_Data_Generation.Add_Tracking_Numbers_To_User"/>
  <testcase name="Add_Tracking_Number" time="0.513" classname="Test_Data_Generation.Add_Tracking_Numbers_To_User"/>
  <testcase name="Add_Tracking_Number" time="0.515" classname="Test_Data_Generation.Add_Tracking_Numbers_To_User"/>
  <testcase name="Add_Tracking_Number" time="0.685" classname="Test_Data_Generation.Add_Tracking_Numbers_To_User"/>
  <testcase name="Add_Tracking_Number" time="0.498" classname="Test_Data_Generation.Add_Tracking_Numbers_To_User"/>
  <testcase name="Add_Tracking_Number" time="0.635" classname="Test_Data_Generation.Add_Tracking_Numbers_To_User"/>
  <testcase name="Add_Tracking_Number" time="0.452" classname="Test_Data_Generation.Add_Tracking_Numbers_To_User"/>
  <testcase name="Add_Tracking_Number" time="0.549" classname="Test_Data_Generation.Add_Tracking_Numbers_To_User"/>
  <testcase name="Add_Tracking_Number" time="0.484" classname="Test_Data_Generation.Add_Tracking_Numbers_To_User"/>
  <testcase name="Add_Tracking_Number" time="0.691" classname="Test_Data_Generation.Add_Tracking_Numbers_To_User"/>
  <testcase name="Add_Tracking_Number" time="0.637" classname="Test_Data_Generation.Add_Tracking_Numbers_To_User"/>
  <testcase name="Add_Tracking_Number" time="1.197" classname="Test_Data_Generation.Add_Tracking_Numbers_To_User"/>
  <testcase name="Add_Tracking_Number" time="0.487" classname="Test_Data_Generation.Add_Tracking_Numbers_To_User"/>
  <testcase name="Add_Tracking_Number" time="0.509" classname="Test_Data_Generation.Add_Tracking_Numbers_To_User"/>
  <testcase name="Add_Tracking_Number" time="0.169" classname="Test_Data_Generation.Add_Tracking_Numbers_To_User"/>
  <testcase name="Add_Tracking_Number" time="0.389" classname="Test_Data_Generation.Add_Tracking_Numbers_To_User"/>
  <testcase name="Add_Tracking_Number" time="0.479" classname="Test_Data_Generation.Add_Tracking_Numbers_To_User"/>
  <testcase name="Add_Tracking_Number" time="0.542" classname="Test_Data_Generation.Add_Tracking_Numbers_To_User"/>
  <testcase name="Add_Tracking_Number" time="0.590" classname="Test_Data_Generation.Add_Tracking_Numbers_To_User"/>
  <testcase name="Add_Tracking_Number" time="0.526" classname="Test_Data_Generation.Add_Tracking_Numbers_To_User"/>
  <testcase name="Add_Tracking_Number" time="0.506" classname="Test_Data_Generation.Add_Tracking_Numbers_To_User"/>
  <testcase name="Add_Tracking_Number" time="9.638" classname="Test_Data_Generation.Add_Tracking_Numbers_To_User"/>
  <testcase name="Add_Tracking_Number" time="0.675" classname="Test_Data_Generation.Add_Tracking_Numbers_To_User"/>
  <testcase name="Add_Tracking_Number" time="0.496" classname="Test_Data_Generation.Add_Tracking_Numbers_To_User"/>
  <testcase name="Add_Tracking_Number" time="0.624" classname="Test_Data_Generation.Add_Tracking_Numbers_To_User"/>
  <testcase name="Add_Tracking_Number" time="0.066" classname="Test_Data_Generation.Add_Tracking_Numbers_To_User"/>
  <testcase name="Add_Tracking_Number" time="0.516" classname="Test_Data_Generation.Add_Tracking_Numbers_To_User"/>
  <testcase name="Add_Tracking_Number" time="0.701" classname="Test_Data_Generation.Add_Tracking_Numbers_To_User"/>
  <testcase name="Add_Tracking_Number" time="0.542" classname="Test_Data_Generation.Add_Tracking_Numbers_To_User"/>
  <testcase name="Add_Tracking_Number" time="0.526" classname="Test_Data_Generation.Add_Tracking_Numbers_To_User"/>
  <testcase name="Add_Tracking_Number" time="0.724" classname="Test_Data_Generation.Add_Tracking_Numbers_To_User"/>
  <testcase name="Add_Tracking_Number" time="0.476" classname="Test_Data_Generation.Add_Tracking_Numbers_To_User"/>
  <testcase name="Add_Tracking_Number" time="0.501" classname="Test_Data_Generation.Add_Tracking_Numbers_To_User"/>
  <testcase name="Add_Tracking_Number" time="0.669" classname="Test_Data_Generation.Add_Tracking_Numbers_To_User"/>
  <testcase name="Add_Tracking_Number" time="0.513" classname="Test_Data_Generation.Add_Tracking_Numbers_To_User"/>
  <testcase name="Add_Tracking_Number" time="0.716" classname="Test_Data_Generation.Add_Tracking_Numbers_To_User"/>
  <testcase name="Add_Tracking_Number" time="0.500" classname="Test_Data_Generation.Add_Tracking_Numbers_To_User"/>
  <testcase name="Add_Tracking_Number" time="0.609" classname="Test_Data_Generation.Add_Tracking_Numbers_To_User"/>
  <testcase name="Add_Tracking_Number" time="0.551" classname="Test_Data_Generation.Add_Tracking_Numbers_To_User"/>
  <testcase name="Add_Tracking_Number" time="0.668" classname="Test_Data_Generation.Add_Tracking_Numbers_To_User"/>
  <testcase name="Add_Tracking_Number" time="0.508" classname="Test_Data_Generation.Add_Tracking_Numbers_To_User"/>
  <testcase name="Add_Tracking_Number" time="0.571" classname="Test_Data_Generation.Add_Tracking_Numbers_To_User"/>
  <testcase name="Add_Tracking_Number" time="0.507" classname="Test_Data_Generation.Add_Tracking_Numbers_To_User"/>
  <testcase name="Add_Tracking_Number" time="0.482" classname="Test_Data_Generation.Add_Tracking_Numbers_To_User"/>
  <testcase name="Add_Tracking_Number" time="0.786" classname="Test_Data_Generation.Add_Tracking_Numbers_To_User"/>
  <testcase name="Add_Tracking_Number" time="0.560" classname="Test_Data_Generation.Add_Tracking_Numbers_To_User"/>
  <testcase name="Add_Tracking_Number" time="0.495" classname="Test_Data_Generation.Add_Tracking_Numbers_To_User"/>
  <testcase name="Add_Tracking_Number" time="0.537" classname="Test_Data_Generation.Add_Tracking_Numbers_To_User"/>
  <testcase name="Add_Tracking_Number" time="0.558" classname="Test_Data_Generation.Add_Tracking_Numbers_To_User"/>
  <testcase name="Add_Tracking_Number" time="0.496" classname="Test_Data_Generation.Add_Tracking_Numbers_To_User"/>
  <testcase name="Add_Tracking_Number" time="0.548" classname="Test_Data_Generation.Add_Tracking_Numbers_To_User"/>
  <testcase name="Add_Tracking_Number" time="0.352" classname="Test_Data_Generation.Add_Tracking_Numbers_To_User"/>
  <testcase name="Add_Tracking_Number" time="0.621" classname="Test_Data_Generation.Add_Tracking_Numbers_To_User"/>
  <testcase name="Add_Tracking_Number" time="0.525" classname="Test_Data_Generation.Add_Tracking_Numbers_To_User"/>
  <testcase name="Add_Tracking_Number" time="0.505" classname="Test_Data_Generation.Add_Tracking_Numbers_To_User"/>
  <testcase name="Add_Tracking_Number" time="0.525" classname="Test_Data_Generation.Add_Tracking_Numbers_To_User"/>
  <testcase name="Add_Tracking_Number" time="0.510" classname="Test_Data_Generation.Add_Tracking_Numbers_To_User"/>
  <testcase name="Add_Tracking_Number" time="0.515" classname="Test_Data_Generation.Add_Tracking_Numbers_To_User"/>
  <testcase name="Add_Tracking_Number" time="0.479" classname="Test_Data_Generation.Add_Tracking_Numbers_To_User"/>
  <testcase name="Add_Tracking_Number" time="0.200" classname="Test_Data_Generation.Add_Tracking_Numbers_To_User"/>
  <testcase name="Add_Tracking_Number" time="0.523" classname="Test_Data_Generation.Add_Tracking_Numbers_To_User"/>
  <testcase name="Add_Tracking_Number" time="0.561" classname="Test_Data_Generation.Add_Tracking_Numbers_To_User"/>
  <testcase name="Add_Tracking_Number" time="0.561" classname="Test_Data_Generation.Add_Tracking_Numbers_To_User"/>
  <testcase name="Add_Tracking_Number" time="0.521" classname="Test_Data_Generation.Add_Tracking_Numbers_To_User"/>
  <testcase name="Add_Tracking_Number" time="0.102" classname="Test_Data_Generation.Add_Tracking_Numbers_To_User"/>
  <testcase name="Add_Tracking_Number" time="0.645" classname="Test_Data_Generation.Add_Tracking_Numbers_To_User"/>
  <testcase name="Add_Tracking_Number" time="0.481" classname="Test_Data_Generation.Add_Tracking_Numbers_To_User"/>
  <testcase name="Add_Tracking_Number" time="14.730" classname="Test_Data_Generation.Add_Tracking_Numbers_To_User"/>
  <testcase name="Add_Tracking_Number" time="0.503" classname="Test_Data_Generation.Add_Tracking_Numbers_To_User"/>
  <testcase name="Add_Tracking_Number" time="0.523" classname="Test_Data_Generation.Add_Tracking_Numbers_To_User"/>
  <testcase name="Add_Tracking_Number" time="0.600" classname="Test_Data_Generation.Add_Tracking_Numbers_To_User"/>
  <testcase name="Add_Tracking_Number" time="0.666" classname="Test_Data_Generation.Add_Tracking_Numbers_To_User"/>
  <testcase name="Add_Tracking_Number" time="0.561" classname="Test_Data_Generation.Add_Tracking_Numbers_To_User"/>
  <testcase name="Add_Tracking_Number" time="0.552" classname="Test_Data_Generation.Add_Tracking_Numbers_To_User"/>
  <testcase name="Add_Tracking_Number" time="0.689" classname="Test_Data_Generation.Add_Tracking_Numbers_To_User"/>
  <testcase name="Add_Tracking_Number" time="0.570" classname="Test_Data_Generation.Add_Tracking_Numbers_To_User"/>
  <testcase name="Add_Tracking_Number" time="0.583" classname="Test_Data_Generation.Add_Tracking_Numbers_To_User"/>
  <testcase name="Add_Tracking_Number" time="0.565" classname="Test_Data_Generation.Add_Tracking_Numbers_To_User"/>
  <testcase name="Add_Tracking_Number" time="0.537" classname="Test_Data_Generation.Add_Tracking_Numbers_To_User"/>
  <testcase name="Add_Tracking_Number" time="0.519" classname="Test_Data_Generation.Add_Tracking_Numbers_To_User"/>
  <testcase name="Add_Tracking_Number" time="0.526" classname="Test_Data_Generation.Add_Tracking_Numbers_To_User"/>
  <testcase name="Add_Tracking_Number" time="0.523" classname="Test_Data_Generation.Add_Tracking_Numbers_To_User"/>
  <testcase name="Add_Tracking_Number" time="0.504" classname="Test_Data_Generation.Add_Tracking_Numbers_To_User"/>
  <testcase name="Add_Tracking_Number" time="0.446" classname="Test_Data_Generation.Add_Tracking_Numbers_To_User"/>
  <testcase name="Add_Tracking_Number" time="0.527" classname="Test_Data_Generation.Add_Tracking_Numbers_To_User"/>
  <testcase name="Add_Tracking_Number" time="0.571" classname="Test_Data_Generation.Add_Tracking_Numbers_To_User"/>
  <testcase name="Add_Tracking_Number" time="0.557" classname="Test_Data_Generation.Add_Tracking_Numbers_To_User"/>
  <testcase name="Add_Tracking_Number" time="13.062" classname="Test_Data_Generation.Add_Tracking_Numbers_To_User"/>
  <testcase name="Add_Tracking_Number" time="0.676" classname="Test_Data_Generation.Add_Tracking_Numbers_To_User"/>
  <testcase name="Add_Tracking_Number" time="0.531" classname="Test_Data_Generation.Add_Tracking_Numbers_To_User"/>
  <testcase name="Add_Tracking_Number" time="0.493" classname="Test_Data_Generation.Add_Tracking_Numbers_To_User"/>
  <testcase name="Add_Tracking_Number" time="0.602" classname="Test_Data_Generation.Add_Tracking_Numbers_To_User"/>
  <testcase name="Add_Tracking_Number" time="0.505" classname="Test_Data_Generation.Add_Tracking_Numbers_To_User"/>
  <testcase name="Add_Tracking_Number" time="0.568" classname="Test_Data_Generation.Add_Tracking_Numbers_To_User"/>
  <testcase name="Add_Tracking_Number" time="0.503" classname="Test_Data_Generation.Add_Tracking_Numbers_To_User"/>
  <testcase name="Add_Tracking_Number" time="0.556" classname="Test_Data_Generation.Add_Tracking_Numbers_To_User"/>
  <testcase name="Add_Tracking_Number" time="0.391" classname="Test_Data_Generation.Add_Tracking_Numbers_To_User"/>
  <testcase name="Add_Tracking_Number" time="0.605" classname="Test_Data_Generation.Add_Tracking_Numbers_To_User"/>
  <testcase name="Add_Tracking_Number" time="0.623" classname="Test_Data_Generation.Add_Tracking_Numbers_To_User"/>
  <testcase name="Add_Tracking_Number" time="0.503" classname="Test_Data_Generation.Add_Tracking_Numbers_To_User"/>
  <testcase name="Add_Tracking_Number" time="0.758" classname="Test_Data_Generation.Add_Tracking_Numbers_To_User"/>
  <testcase name="Add_Tracking_Number" time="0.528" classname="Test_Data_Generation.Add_Tracking_Numbers_To_User"/>
  <testcase name="Add_Tracking_Number" time="0.601" classname="Test_Data_Generation.Add_Tracking_Numbers_To_User"/>
  <testcase name="Add_Tracking_Number" time="0.483" classname="Test_Data_Generation.Add_Tracking_Numbers_To_User"/>
  <testcase name="Add_Tracking_Number" time="0.473" classname="Test_Data_Generation.Add_Tracking_Numbers_To_User"/>
  <testcase name="Add_Tracking_Number" time="0.581" classname="Test_Data_Generation.Add_Tracking_Numbers_To_User"/>
  <testcase name="Add_Tracking_Number" time="0.613" classname="Test_Data_Generation.Add_Tracking_Numbers_To_User"/>
  <testcase name="Add_Tracking_Number" time="0.483" classname="Test_Data_Generation.Add_Tracking_Numbers_To_User"/>
  <testcase name="Add_Tracking_Number" time="0.552" classname="Test_Data_Generation.Add_Tracking_Numbers_To_User"/>
  <testcase name="Add_Tracking_Number" time="0.432" classname="Test_Data_Generation.Add_Tracking_Numbers_To_User"/>
  <testcase name="Add_Tracking_Number" time="0.544" classname="Test_Data_Generation.Add_Tracking_Numbers_To_User"/>
  <testcase name="Add_Tracking_Number" time="0.526" classname="Test_Data_Generation.Add_Tracking_Numbers_To_User"/>
  <testcase name="Add_Tracking_Number" time="0.656" classname="Test_Data_Generation.Add_Tracking_Numbers_To_User"/>
  <testcase name="Add_Tracking_Number" time="0.552" classname="Test_Data_Generation.Add_Tracking_Numbers_To_User"/>
  <testcase name="Add_Tracking_Number" time="0.541" classname="Test_Data_Generation.Add_Tracking_Numbers_To_User"/>
  <testcase name="Add_Tracking_Number" time="0.477" classname="Test_Data_Generation.Add_Tracking_Numbers_To_User"/>
  <testcase name="Add_Tracking_Number" time="0.477" classname="Test_Data_Generation.Add_Tracking_Numbers_To_User"/>
  <testcase name="Add_Tracking_Number" time="0.549" classname="Test_Data_Generation.Add_Tracking_Numbers_To_User"/>
  <testcase name="Add_Tracking_Number" time="0.067" classname="Test_Data_Generation.Add_Tracking_Numbers_To_User"/>
  <testcase name="Add_Tracking_Number" time="0.565" classname="Test_Data_Generation.Add_Tracking_Numbers_To_User"/>
  <testcase name="Add_Tracking_Number" time="0.050" classname="Test_Data_Generation.Add_Tracking_Numbers_To_User"/>
  <testcase name="Add_Tracking_Number" time="0.551" classname="Test_Data_Generation.Add_Tracking_Numbers_To_User"/>
  <testcase name="Add_Tracking_Number" time="0.238" classname="Test_Data_Generation.Add_Tracking_Numbers_To_User"/>
  <testcase name="Add_Tracking_Number" time="0.506" classname="Test_Data_Generation.Add_Tracking_Numbers_To_User"/>
  <testcase name="Add_Tracking_Number" time="0.523" classname="Test_Data_Generation.Add_Tracking_Numbers_To_User"/>
  <testcase name="Add_Tracking_Number" time="0.529" classname="Test_Data_Generation.Add_Tracking_Numbers_To_User"/>
  <testcase name="Add_Tracking_Number" time="0.660" classname="Test_Data_Generation.Add_Tracking_Numbers_To_User"/>
  <testcase name="Add_Tracking_Number" time="0.520" classname="Test_Data_Generation.Add_Tracking_Numbers_To_User"/>
  <testcase name="Add_Tracking_Number" time="0.540" classname="Test_Data_Generation.Add_Tracking_Numbers_To_User"/>
  <testcase name="Add_Tracking_Number" time="0.332" classname="Test_Data_Generation.Add_Tracking_Numbers_To_User"/>
  <testcase name="Add_Tracking_Number" time="0.581" classname="Test_Data_Generation.Add_Tracking_Numbers_To_User"/>
  <testcase name="Add_Tracking_Number" time="0.546" classname="Test_Data_Generation.Add_Tracking_Numbers_To_User"/>
  <testcase name="Add_Tracking_Number" time="0.446" classname="Test_Data_Generation.Add_Tracking_Numbers_To_User"/>
  <testcase name="Add_Tracking_Number" time="0.528" classname="Test_Data_Generation.Add_Tracking_Numbers_To_User"/>
  <testcase name="Add_Tracking_Number" time="0.625" classname="Test_Data_Generation.Add_Tracking_Numbers_To_User"/>
  <testcase name="Add_Tracking_Number" time="0.492" classname="Test_Data_Generation.Add_Tracking_Numbers_To_User"/>
  <testcase name="Add_Tracking_Number" time="0.552" classname="Test_Data_Generation.Add_Tracking_Numbers_To_User"/>
  <testcase name="Add_Tracking_Number" time="0.511" classname="Test_Data_Generation.Add_Tracking_Numbers_To_User"/>
  <testcase name="Add_Tracking_Number" time="0.525" classname="Test_Data_Generation.Add_Tracking_Numbers_To_User"/>
  <testcase name="Add_Tracking_Number" time="0.620" classname="Test_Data_Generation.Add_Tracking_Numbers_To_User"/>
  <testcase name="Add_Tracking_Number" time="0.657" classname="Test_Data_Generation.Add_Tracking_Numbers_To_User"/>
  <testcase name="Add_Tracking_Number" time="0.583" classname="Test_Data_Generation.Add_Tracking_Numbers_To_User"/>
  <testcase name="Add_Tracking_Number" time="0.511" classname="Test_Data_Generation.Add_Tracking_Numbers_To_User"/>
  <testcase name="Add_Tracking_Number" time="0.522" classname="Test_Data_Generation.Add_Tracking_Numbers_To_User"/>
  <testcase name="Add_Tracking_Number" time="0.555" classname="Test_Data_Generation.Add_Tracking_Numbers_To_User"/>
  <testcase name="Add_Tracking_Number" time="0.521" classname="Test_Data_Generation.Add_Tracking_Numbers_To_User"/>
  <testcase name="Add_Tracking_Number" time="0.658" classname="Test_Data_Generation.Add_Tracking_Numbers_To_User"/>
  <testcase name="Add_Tracking_Number" time="0.063" classname="Test_Data_Generation.Add_Tracking_Numbers_To_User"/>
  <testcase name="Add_Tracking_Number" time="0.211" classname="Test_Data_Generation.Add_Tracking_Numbers_To_User"/>
  <testcase name="Add_Tracking_Number" time="0.522" classname="Test_Data_Generation.Add_Tracking_Numbers_To_User"/>
  <testcase name="Add_Tracking_Number" time="0.496" classname="Test_Data_Generation.Add_Tracking_Numbers_To_User"/>
  <testcase name="Add_Tracking_Number" time="0.777" classname="Test_Data_Generation.Add_Tracking_Numbers_To_User"/>
  <testcase name="Add_Tracking_Number" time="0.535" classname="Test_Data_Generation.Add_Tracking_Numbers_To_User"/>
  <testcase name="Add_Tracking_Number" time="0.519" classname="Test_Data_Generation.Add_Tracking_Numbers_To_User"/>
  <testcase name="Add_Tracking_Number" time="0.513" classname="Test_Data_Generation.Add_Tracking_Numbers_To_User"/>
  <testcase name="Add_Tracking_Number" time="0.489" classname="Test_Data_Generation.Add_Tracking_Numbers_To_User"/>
  <testcase name="Add_Tracking_Number" time="0.487" classname="Test_Data_Generation.Add_Tracking_Numbers_To_User"/>
  <testcase name="Add_Tracking_Number" time="0.576" classname="Test_Data_Generation.Add_Tracking_Numbers_To_User"/>
  <testcase name="Add_Tracking_Number" time="0.529" classname="Test_Data_Generation.Add_Tracking_Numbers_To_User"/>
  <testcase name="Add_Tracking_Number" time="0.441" classname="Test_Data_Generation.Add_Tracking_Numbers_To_User"/>
  <testcase name="Add_Tracking_Number" time="0.558" classname="Test_Data_Generation.Add_Tracking_Numbers_To_User"/>
  <testcase name="Add_Tracking_Number" time="0.573" classname="Test_Data_Generation.Add_Tracking_Numbers_To_User"/>
  <testcase name="Add_Tracking_Number" time="0.550" classname="Test_Data_Generation.Add_Tracking_Numbers_To_User"/>
  <testcase name="Add_Tracking_Number" time="0.473" classname="Test_Data_Generation.Add_Tracking_Numbers_To_User"/>
  <testcase name="Add_Tracking_Number" time="0.544" classname="Test_Data_Generation.Add_Tracking_Numbers_To_User"/>
  <testcase name="Add_Tracking_Number" time="0.453" classname="Test_Data_Generation.Add_Tracking_Numbers_To_User">
    <failure type="java.lang.AssertionError" message="
Expected: a string containing &quot;{\&quot;successful\&quot;:true&quot;
     but: was &quot;{&quot;ShipmentOptionResponse&quot;:{&quot;successful&quot;:false,&quot;errorList&quot;:[{&quot;code&quot;:&quot;2997&quot;,&quot;message&quot;:&quot;TRAQS connection/request problem&quot;,&quot;source&quot;:null,&quot;rootCause&quot;:null}],&quot;alerts&quot;:null,&quot;cxsalerts&quot;:null}}&quot;">
      <![CDATA[java.lang.AssertionError: 
Expected: a string containing "{\"successful\":true"
     but: was "{"ShipmentOptionResponse":{"successful":false,"errorList":[{"code":"2997","message":"TRAQS connection/request problem","source":null,"rootCause":null}],"alerts":null,"cxsalerts":null}}"
at org.hamcrest.MatcherAssert.assertThat(MatcherAssert.java:20)
at org.junit.Assert.assertThat(Assert.java:956)
at org.junit.Assert.assertThat(Assert.java:923)
at Test_Data_Generation.Add_Tracking_Numbers_To_User.Add_Tracking_Number(Add_Tracking_Numbers_To_User.java:69)
at sun.reflect.GeneratedMethodAccessor2.invoke(Unknown Source)
at sun.reflect.DelegatingMethodAccessorImpl.invoke(Unknown Source)
at java.lang.reflect.Method.invoke(Unknown Source)
at org.testng.internal.MethodInvocationHelper.invokeMethod(MethodInvocationHelper.java:124)
at org.testng.internal.Invoker.invokeMethod(Invoker.java:580)
at org.testng.internal.Invoker.invokeTestMethod(Invoker.java:716)
at org.testng.internal.TestMethodWithDataProviderMethodWorker.call(TestMethodWithDataProviderMethodWorker.java:71)
at org.testng.internal.TestMethodWithDataProviderMethodWorker.call(TestMethodWithDataProviderMethodWorker.java:14)
at java.util.concurrent.FutureTask.run(Unknown Source)
at java.util.concurrent.Executors$RunnableAdapter.call(Unknown Source)
at java.util.concurrent.FutureTask.run(Unknown Source)
at java.util.concurrent.ThreadPoolExecutor.runWorker(Unknown Source)
at java.util.concurrent.ThreadPoolExecutor$Worker.run(Unknown Source)
at java.lang.Thread.run(Unknown Source)
]]>
    </failure>
  </testcase> <!-- Add_Tracking_Number -->
  <testcase name="Add_Tracking_Number" time="0.576" classname="Test_Data_Generation.Add_Tracking_Numbers_To_User"/>
  <testcase name="Add_Tracking_Number" time="0.505" classname="Test_Data_Generation.Add_Tracking_Numbers_To_User"/>
  <testcase name="Add_Tracking_Number" time="0.571" classname="Test_Data_Generation.Add_Tracking_Numbers_To_User"/>
  <testcase name="Add_Tracking_Number" time="0.556" classname="Test_Data_Generation.Add_Tracking_Numbers_To_User"/>
  <testcase name="Add_Tracking_Number" time="0.528" classname="Test_Data_Generation.Add_Tracking_Numbers_To_User"/>
  <testcase name="Add_Tracking_Number" time="0.618" classname="Test_Data_Generation.Add_Tracking_Numbers_To_User"/>
  <testcase name="Add_Tracking_Number" time="0.516" classname="Test_Data_Generation.Add_Tracking_Numbers_To_User"/>
  <testcase name="Add_Tracking_Number" time="0.552" classname="Test_Data_Generation.Add_Tracking_Numbers_To_User"/>
  <testcase name="Add_Tracking_Number" time="0.505" classname="Test_Data_Generation.Add_Tracking_Numbers_To_User"/>
  <testcase name="Add_Tracking_Number" time="0.487" classname="Test_Data_Generation.Add_Tracking_Numbers_To_User"/>
  <testcase name="Add_Tracking_Number" time="0.598" classname="Test_Data_Generation.Add_Tracking_Numbers_To_User"/>
  <testcase name="Add_Tracking_Number" time="0.593" classname="Test_Data_Generation.Add_Tracking_Numbers_To_User"/>
  <testcase name="Add_Tracking_Number" time="0.574" classname="Test_Data_Generation.Add_Tracking_Numbers_To_User">
    <failure type="java.lang.AssertionError" message="
Expected: a string containing &quot;{\&quot;successful\&quot;:true&quot;
     but: was &quot;{&quot;ShipmentOptionResponse&quot;:{&quot;successful&quot;:false,&quot;errorList&quot;:[{&quot;code&quot;:&quot;2997&quot;,&quot;message&quot;:&quot;TRAQS connection/request problem&quot;,&quot;source&quot;:null,&quot;rootCause&quot;:null}],&quot;alerts&quot;:null,&quot;cxsalerts&quot;:null}}&quot;">
      <![CDATA[java.lang.AssertionError: 
Expected: a string containing "{\"successful\":true"
     but: was "{"ShipmentOptionResponse":{"successful":false,"errorList":[{"code":"2997","message":"TRAQS connection/request problem","source":null,"rootCause":null}],"alerts":null,"cxsalerts":null}}"
at org.hamcrest.MatcherAssert.assertThat(MatcherAssert.java:20)
at org.junit.Assert.assertThat(Assert.java:956)
at org.junit.Assert.assertThat(Assert.java:923)
at Test_Data_Generation.Add_Tracking_Numbers_To_User.Add_Tracking_Number(Add_Tracking_Numbers_To_User.java:69)
at sun.reflect.GeneratedMethodAccessor2.invoke(Unknown Source)
at sun.reflect.DelegatingMethodAccessorImpl.invoke(Unknown Source)
at java.lang.reflect.Method.invoke(Unknown Source)
at org.testng.internal.MethodInvocationHelper.invokeMethod(MethodInvocationHelper.java:124)
at org.testng.internal.Invoker.invokeMethod(Invoker.java:580)
at org.testng.internal.Invoker.invokeTestMethod(Invoker.java:716)
at org.testng.internal.TestMethodWithDataProviderMethodWorker.call(TestMethodWithDataProviderMethodWorker.java:71)
at org.testng.internal.TestMethodWithDataProviderMethodWorker.call(TestMethodWithDataProviderMethodWorker.java:14)
at java.util.concurrent.FutureTask.run(Unknown Source)
at java.util.concurrent.Executors$RunnableAdapter.call(Unknown Source)
at java.util.concurrent.FutureTask.run(Unknown Source)
at java.util.concurrent.ThreadPoolExecutor.runWorker(Unknown Source)
at java.util.concurrent.ThreadPoolExecutor$Worker.run(Unknown Source)
at java.lang.Thread.run(Unknown Source)
]]>
    </failure>
  </testcase> <!-- Add_Tracking_Number -->
  <testcase name="Add_Tracking_Number" time="0.559" classname="Test_Data_Generation.Add_Tracking_Numbers_To_User"/>
  <testcase name="Add_Tracking_Number" time="0.459" classname="Test_Data_Generation.Add_Tracking_Numbers_To_User"/>
  <testcase name="Add_Tracking_Number" time="0.503" classname="Test_Data_Generation.Add_Tracking_Numbers_To_User"/>
  <testcase name="Add_Tracking_Number" time="0.654" classname="Test_Data_Generation.Add_Tracking_Numbers_To_User"/>
  <testcase name="Add_Tracking_Number" time="0.507" classname="Test_Data_Generation.Add_Tracking_Numbers_To_User"/>
  <testcase name="Add_Tracking_Number" time="0.548" classname="Test_Data_Generation.Add_Tracking_Numbers_To_User"/>
  <testcase name="Add_Tracking_Number" time="0.600" classname="Test_Data_Generation.Add_Tracking_Numbers_To_User"/>
  <testcase name="Add_Tracking_Number" time="0.622" classname="Test_Data_Generation.Add_Tracking_Numbers_To_User"/>
  <testcase name="Add_Tracking_Number" time="0.517" classname="Test_Data_Generation.Add_Tracking_Numbers_To_User"/>
  <testcase name="Add_Tracking_Number" time="0.518" classname="Test_Data_Generation.Add_Tracking_Numbers_To_User"/>
  <testcase name="Add_Tracking_Number" time="0.741" classname="Test_Data_Generation.Add_Tracking_Numbers_To_User"/>
  <testcase name="Add_Tracking_Number" time="0.536" classname="Test_Data_Generation.Add_Tracking_Numbers_To_User"/>
  <testcase name="Add_Tracking_Number" time="0.386" classname="Test_Data_Generation.Add_Tracking_Numbers_To_User"/>
  <testcase name="Add_Tracking_Number" time="0.613" classname="Test_Data_Generation.Add_Tracking_Numbers_To_User"/>
  <testcase name="Add_Tracking_Number" time="0.496" classname="Test_Data_Generation.Add_Tracking_Numbers_To_User"/>
  <testcase name="Add_Tracking_Number" time="0.536" classname="Test_Data_Generation.Add_Tracking_Numbers_To_User"/>
  <testcase name="Add_Tracking_Number" time="0.486" classname="Test_Data_Generation.Add_Tracking_Numbers_To_User"/>
  <testcase name="Add_Tracking_Number" time="0.494" classname="Test_Data_Generation.Add_Tracking_Numbers_To_User"/>
  <testcase name="Add_Tracking_Number" time="0.524" classname="Test_Data_Generation.Add_Tracking_Numbers_To_User"/>
  <testcase name="Add_Tracking_Number" time="0.565" classname="Test_Data_Generation.Add_Tracking_Numbers_To_User"/>
  <testcase name="Add_Tracking_Number" time="0.064" classname="Test_Data_Generation.Add_Tracking_Numbers_To_User"/>
  <testcase name="Add_Tracking_Number" time="0.553" classname="Test_Data_Generation.Add_Tracking_Numbers_To_User"/>
  <testcase name="Add_Tracking_Number" time="0.491" classname="Test_Data_Generation.Add_Tracking_Numbers_To_User"/>
  <testcase name="Add_Tracking_Number" time="0.490" classname="Test_Data_Generation.Add_Tracking_Numbers_To_User"/>
  <testcase name="Add_Tracking_Number" time="0.617" classname="Test_Data_Generation.Add_Tracking_Numbers_To_User"/>
  <testcase name="Add_Tracking_Number" time="0.566" classname="Test_Data_Generation.Add_Tracking_Numbers_To_User"/>
  <testcase name="Add_Tracking_Number" time="0.538" classname="Test_Data_Generation.Add_Tracking_Numbers_To_User"/>
  <testcase name="Add_Tracking_Number" time="0.526" classname="Test_Data_Generation.Add_Tracking_Numbers_To_User"/>
  <testcase name="Add_Tracking_Number" time="0.623" classname="Test_Data_Generation.Add_Tracking_Numbers_To_User"/>
  <testcase name="Add_Tracking_Number" time="0.592" classname="Test_Data_Generation.Add_Tracking_Numbers_To_User"/>
  <testcase name="Add_Tracking_Number" time="0.521" classname="Test_Data_Generation.Add_Tracking_Numbers_To_User"/>
  <testcase name="Add_Tracking_Number" time="0.730" classname="Test_Data_Generation.Add_Tracking_Numbers_To_User"/>
  <testcase name="Add_Tracking_Number" time="0.485" classname="Test_Data_Generation.Add_Tracking_Numbers_To_User"/>
  <testcase name="Add_Tracking_Number" time="0.599" classname="Test_Data_Generation.Add_Tracking_Numbers_To_User"/>
  <testcase name="Add_Tracking_Number" time="0.627" classname="Test_Data_Generation.Add_Tracking_Numbers_To_User"/>
  <testcase name="Add_Tracking_Number" time="0.527" classname="Test_Data_Generation.Add_Tracking_Numbers_To_User"/>
  <testcase name="Add_Tracking_Number" time="0.478" classname="Test_Data_Generation.Add_Tracking_Numbers_To_User"/>
  <testcase name="Add_Tracking_Number" time="0.575" classname="Test_Data_Generation.Add_Tracking_Numbers_To_User"/>
  <testcase name="Add_Tracking_Number" time="0.541" classname="Test_Data_Generation.Add_Tracking_Numbers_To_User"/>
  <testcase name="Add_Tracking_Number" time="0.321" classname="Test_Data_Generation.Add_Tracking_Numbers_To_User"/>
  <testcase name="Add_Tracking_Number" time="0.580" classname="Test_Data_Generation.Add_Tracking_Numbers_To_User"/>
  <testcase name="Add_Tracking_Number" time="0.569" classname="Test_Data_Generation.Add_Tracking_Numbers_To_User"/>
  <testcase name="Add_Tracking_Number" time="0.518" classname="Test_Data_Generation.Add_Tracking_Numbers_To_User"/>
  <testcase name="Add_Tracking_Number" time="0.446" classname="Test_Data_Generation.Add_Tracking_Numbers_To_User"/>
  <testcase name="Add_Tracking_Number" time="0.606" classname="Test_Data_Generation.Add_Tracking_Numbers_To_User"/>
  <testcase name="Add_Tracking_Number" time="0.721" classname="Test_Data_Generation.Add_Tracking_Numbers_To_User"/>
  <testcase name="Add_Tracking_Number" time="0.884" classname="Test_Data_Generation.Add_Tracking_Numbers_To_User"/>
  <testcase name="Add_Tracking_Number" time="0.498" classname="Test_Data_Generation.Add_Tracking_Numbers_To_User"/>
  <testcase name="Add_Tracking_Number" time="0.455" classname="Test_Data_Generation.Add_Tracking_Numbers_To_User"/>
  <testcase name="Add_Tracking_Number" time="0.615" classname="Test_Data_Generation.Add_Tracking_Numbers_To_User"/>
  <testcase name="Add_Tracking_Number" time="0.520" classname="Test_Data_Generation.Add_Tracking_Numbers_To_User"/>
  <testcase name="Add_Tracking_Number" time="0.624" classname="Test_Data_Generation.Add_Tracking_Numbers_To_User"/>
  <testcase name="Add_Tracking_Number" time="0.604" classname="Test_Data_Generation.Add_Tracking_Numbers_To_User"/>
  <testcase name="Add_Tracking_Number" time="0.481" classname="Test_Data_Generation.Add_Tracking_Numbers_To_User"/>
  <testcase name="Add_Tracking_Number" time="0.494" classname="Test_Data_Generation.Add_Tracking_Numbers_To_User"/>
  <testcase name="Add_Tracking_Number" time="0.554" classname="Test_Data_Generation.Add_Tracking_Numbers_To_User"/>
  <testcase name="Add_Tracking_Number" time="0.504" classname="Test_Data_Generation.Add_Tracking_Numbers_To_User"/>
  <testcase name="Add_Tracking_Number" time="0.647" classname="Test_Data_Generation.Add_Tracking_Numbers_To_User"/>
  <testcase name="Add_Tracking_Number" time="0.804" classname="Test_Data_Generation.Add_Tracking_Numbers_To_User"/>
  <testcase name="Add_Tracking_Number" time="0.523" classname="Test_Data_Generation.Add_Tracking_Numbers_To_User"/>
  <testcase name="Add_Tracking_Number" time="0.565" classname="Test_Data_Generation.Add_Tracking_Numbers_To_User"/>
  <testcase name="Add_Tracking_Number" time="0.574" classname="Test_Data_Generation.Add_Tracking_Numbers_To_User"/>
  <testcase name="Add_Tracking_Number" time="0.651" classname="Test_Data_Generation.Add_Tracking_Numbers_To_User"/>
  <testcase name="Add_Tracking_Number" time="0.678" classname="Test_Data_Generation.Add_Tracking_Numbers_To_User"/>
  <testcase name="Add_Tracking_Number" time="0.464" classname="Test_Data_Generation.Add_Tracking_Numbers_To_User"/>
  <testcase name="Add_Tracking_Number" time="0.545" classname="Test_Data_Generation.Add_Tracking_Numbers_To_User"/>
  <testcase name="Add_Tracking_Number" time="0.625" classname="Test_Data_Generation.Add_Tracking_Numbers_To_User"/>
  <testcase name="Add_Tracking_Number" time="0.600" classname="Test_Data_Generation.Add_Tracking_Numbers_To_User"/>
  <testcase name="Add_Tracking_Number" time="0.624" classname="Test_Data_Generation.Add_Tracking_Numbers_To_User"/>
  <testcase name="Add_Tracking_Number" time="0.728" classname="Test_Data_Generation.Add_Tracking_Numbers_To_User"/>
  <testcase name="Add_Tracking_Number" time="0.512" classname="Test_Data_Generation.Add_Tracking_Numbers_To_User"/>
  <testcase name="Add_Tracking_Number" time="0.554" classname="Test_Data_Generation.Add_Tracking_Numbers_To_User"/>
  <testcase name="Add_Tracking_Number" time="0.714" classname="Test_Data_Generation.Add_Tracking_Numbers_To_User"/>
  <testcase name="Add_Tracking_Number" time="0.515" classname="Test_Data_Generation.Add_Tracking_Numbers_To_User"/>
  <testcase name="Add_Tracking_Number" time="0.123" classname="Test_Data_Generation.Add_Tracking_Numbers_To_User"/>
  <testcase name="Add_Tracking_Number" time="0.538" classname="Test_Data_Generation.Add_Tracking_Numbers_To_User"/>
  <testcase name="Add_Tracking_Number" time="0.658" classname="Test_Data_Generation.Add_Tracking_Numbers_To_User"/>
  <testcase name="Add_Tracking_Number" time="0.475" classname="Test_Data_Generation.Add_Tracking_Numbers_To_User"/>
  <testcase name="Add_Tracking_Number" time="0.470" classname="Test_Data_Generation.Add_Tracking_Numbers_To_User"/>
  <testcase name="Add_Tracking_Number" time="0.488" classname="Test_Data_Generation.Add_Tracking_Numbers_To_User"/>
  <testcase name="Add_Tracking_Number" time="0.534" classname="Test_Data_Generation.Add_Tracking_Numbers_To_User"/>
  <testcase name="Add_Tracking_Number" time="0.552" classname="Test_Data_Generation.Add_Tracking_Numbers_To_User"/>
  <testcase name="Add_Tracking_Number" time="0.448" classname="Test_Data_Generation.Add_Tracking_Numbers_To_User"/>
  <testcase name="Add_Tracking_Number" time="0.498" classname="Test_Data_Generation.Add_Tracking_Numbers_To_User"/>
  <testcase name="Add_Tracking_Number" time="0.560" classname="Test_Data_Generation.Add_Tracking_Numbers_To_User"/>
  <testcase name="Add_Tracking_Number" time="0.528" classname="Test_Data_Generation.Add_Tracking_Numbers_To_User"/>
  <testcase name="Add_Tracking_Number" time="0.479" classname="Test_Data_Generation.Add_Tracking_Numbers_To_User"/>
  <testcase name="Add_Tracking_Number" time="0.512" classname="Test_Data_Generation.Add_Tracking_Numbers_To_User"/>
  <testcase name="Add_Tracking_Number" time="0.588" classname="Test_Data_Generation.Add_Tracking_Numbers_To_User"/>
  <testcase name="Add_Tracking_Number" time="0.560" classname="Test_Data_Generation.Add_Tracking_Numbers_To_User"/>
  <testcase name="Add_Tracking_Number" time="0.672" classname="Test_Data_Generation.Add_Tracking_Numbers_To_User"/>
  <testcase name="Add_Tracking_Number" time="0.692" classname="Test_Data_Generation.Add_Tracking_Numbers_To_User"/>
  <testcase name="Add_Tracking_Number" time="0.537" classname="Test_Data_Generation.Add_Tracking_Numbers_To_User"/>
  <testcase name="Add_Tracking_Number" time="0.449" classname="Test_Data_Generation.Add_Tracking_Numbers_To_User"/>
  <testcase name="Add_Tracking_Number" time="0.476" classname="Test_Data_Generation.Add_Tracking_Numbers_To_User"/>
  <testcase name="Add_Tracking_Number" time="0.557" classname="Test_Data_Generation.Add_Tracking_Numbers_To_User"/>
  <testcase name="Add_Tracking_Number" time="0.553" classname="Test_Data_Generation.Add_Tracking_Numbers_To_User"/>
  <testcase name="Add_Tracking_Number" time="0.905" classname="Test_Data_Generation.Add_Tracking_Numbers_To_User"/>
  <testcase name="Add_Tracking_Number" time="0.482" classname="Test_Data_Generation.Add_Tracking_Numbers_To_User"/>
  <testcase name="Add_Tracking_Number" time="0.610" classname="Test_Data_Generation.Add_Tracking_Numbers_To_User"/>
  <testcase name="Add_Tracking_Number" time="0.579" classname="Test_Data_Generation.Add_Tracking_Numbers_To_User"/>
  <testcase name="Add_Tracking_Number" time="0.464" classname="Test_Data_Generation.Add_Tracking_Numbers_To_User"/>
  <testcase name="Add_Tracking_Number" time="0.551" classname="Test_Data_Generation.Add_Tracking_Numbers_To_User"/>
  <testcase name="Add_Tracking_Number" time="0.564" classname="Test_Data_Generation.Add_Tracking_Numbers_To_User"/>
  <testcase name="Add_Tracking_Number" time="0.549" classname="Test_Data_Generation.Add_Tracking_Numbers_To_User"/>
  <testcase name="Add_Tracking_Number" time="0.574" classname="Test_Data_Generation.Add_Tracking_Numbers_To_User"/>
  <testcase name="Add_Tracking_Number" time="0.813" classname="Test_Data_Generation.Add_Tracking_Numbers_To_User"/>
  <testcase name="Add_Tracking_Number" time="0.695" classname="Test_Data_Generation.Add_Tracking_Numbers_To_User"/>
  <testcase name="Add_Tracking_Number" time="0.803" classname="Test_Data_Generation.Add_Tracking_Numbers_To_User"/>
  <testcase name="Add_Tracking_Number" time="0.469" classname="Test_Data_Generation.Add_Tracking_Numbers_To_User"/>
  <testcase name="Add_Tracking_Number" time="0.572" classname="Test_Data_Generation.Add_Tracking_Numbers_To_User"/>
  <testcase name="Add_Tracking_Number" time="0.501" classname="Test_Data_Generation.Add_Tracking_Numbers_To_User"/>
  <testcase name="Add_Tracking_Number" time="0.550" classname="Test_Data_Generation.Add_Tracking_Numbers_To_User"/>
  <testcase name="Add_Tracking_Number" time="0.461" classname="Test_Data_Generation.Add_Tracking_Numbers_To_User">
    <failure type="java.lang.AssertionError" message="
Expected: a string containing &quot;{\&quot;successful\&quot;:true&quot;
     but: was &quot;{&quot;ShipmentOptionResponse&quot;:{&quot;successful&quot;:false,&quot;errorList&quot;:[{&quot;code&quot;:&quot;2997&quot;,&quot;message&quot;:&quot;TRAQS connection/request problem&quot;,&quot;source&quot;:null,&quot;rootCause&quot;:null}],&quot;alerts&quot;:null,&quot;cxsalerts&quot;:null}}&quot;">
      <![CDATA[java.lang.AssertionError: 
Expected: a string containing "{\"successful\":true"
     but: was "{"ShipmentOptionResponse":{"successful":false,"errorList":[{"code":"2997","message":"TRAQS connection/request problem","source":null,"rootCause":null}],"alerts":null,"cxsalerts":null}}"
at org.hamcrest.MatcherAssert.assertThat(MatcherAssert.java:20)
at org.junit.Assert.assertThat(Assert.java:956)
at org.junit.Assert.assertThat(Assert.java:923)
at Test_Data_Generation.Add_Tracking_Numbers_To_User.Add_Tracking_Number(Add_Tracking_Numbers_To_User.java:69)
at sun.reflect.GeneratedMethodAccessor2.invoke(Unknown Source)
at sun.reflect.DelegatingMethodAccessorImpl.invoke(Unknown Source)
at java.lang.reflect.Method.invoke(Unknown Source)
at org.testng.internal.MethodInvocationHelper.invokeMethod(MethodInvocationHelper.java:124)
at org.testng.internal.Invoker.invokeMethod(Invoker.java:580)
at org.testng.internal.Invoker.invokeTestMethod(Invoker.java:716)
at org.testng.internal.TestMethodWithDataProviderMethodWorker.call(TestMethodWithDataProviderMethodWorker.java:71)
at org.testng.internal.TestMethodWithDataProviderMethodWorker.call(TestMethodWithDataProviderMethodWorker.java:14)
at java.util.concurrent.FutureTask.run(Unknown Source)
at java.util.concurrent.Executors$RunnableAdapter.call(Unknown Source)
at java.util.concurrent.FutureTask.run(Unknown Source)
at java.util.concurrent.ThreadPoolExecutor.runWorker(Unknown Source)
at java.util.concurrent.ThreadPoolExecutor$Worker.run(Unknown Source)
at java.lang.Thread.run(Unknown Source)
]]>
    </failure>
  </testcase> <!-- Add_Tracking_Number -->
  <testcase name="Add_Tracking_Number" time="0.547" classname="Test_Data_Generation.Add_Tracking_Numbers_To_User"/>
  <testcase name="Add_Tracking_Number" time="0.619" classname="Test_Data_Generation.Add_Tracking_Numbers_To_User"/>
  <testcase name="Add_Tracking_Number" time="0.565" classname="Test_Data_Generation.Add_Tracking_Numbers_To_User"/>
  <testcase name="Add_Tracking_Number" time="0.578" classname="Test_Data_Generation.Add_Tracking_Numbers_To_User"/>
  <testcase name="Add_Tracking_Number" time="0.577" classname="Test_Data_Generation.Add_Tracking_Numbers_To_User"/>
  <testcase name="Add_Tracking_Number" time="0.633" classname="Test_Data_Generation.Add_Tracking_Numbers_To_User"/>
  <testcase name="Add_Tracking_Number" time="0.074" classname="Test_Data_Generation.Add_Tracking_Numbers_To_User"/>
  <testcase name="Add_Tracking_Number" time="0.787" classname="Test_Data_Generation.Add_Tracking_Numbers_To_User"/>
  <testcase name="Add_Tracking_Number" time="0.487" classname="Test_Data_Generation.Add_Tracking_Numbers_To_User"/>
  <testcase name="Add_Tracking_Number" time="0.584" classname="Test_Data_Generation.Add_Tracking_Numbers_To_User"/>
  <testcase name="Add_Tracking_Number" time="0.578" classname="Test_Data_Generation.Add_Tracking_Numbers_To_User"/>
  <testcase name="Add_Tracking_Number" time="0.637" classname="Test_Data_Generation.Add_Tracking_Numbers_To_User"/>
  <testcase name="Add_Tracking_Number" time="0.626" classname="Test_Data_Generation.Add_Tracking_Numbers_To_User"/>
  <testcase name="Add_Tracking_Number" time="0.443" classname="Test_Data_Generation.Add_Tracking_Numbers_To_User"/>
  <testcase name="Add_Tracking_Number" time="0.561" classname="Test_Data_Generation.Add_Tracking_Numbers_To_User"/>
  <testcase name="Add_Tracking_Number" time="0.475" classname="Test_Data_Generation.Add_Tracking_Numbers_To_User"/>
  <testcase name="Add_Tracking_Number" time="0.522" classname="Test_Data_Generation.Add_Tracking_Numbers_To_User"/>
  <testcase name="Add_Tracking_Number" time="0.440" classname="Test_Data_Generation.Add_Tracking_Numbers_To_User"/>
  <testcase name="Add_Tracking_Number" time="0.493" classname="Test_Data_Generation.Add_Tracking_Numbers_To_User"/>
  <testcase name="Add_Tracking_Number" time="0.568" classname="Test_Data_Generation.Add_Tracking_Numbers_To_User"/>
  <testcase name="Add_Tracking_Number" time="0.547" classname="Test_Data_Generation.Add_Tracking_Numbers_To_User"/>
  <testcase name="Add_Tracking_Number" time="0.689" classname="Test_Data_Generation.Add_Tracking_Numbers_To_User"/>
  <testcase name="Add_Tracking_Number" time="0.496" classname="Test_Data_Generation.Add_Tracking_Numbers_To_User"/>
  <testcase name="Add_Tracking_Number" time="0.507" classname="Test_Data_Generation.Add_Tracking_Numbers_To_User"/>
  <testcase name="Add_Tracking_Number" time="0.586" classname="Test_Data_Generation.Add_Tracking_Numbers_To_User"/>
  <testcase name="Add_Tracking_Number" time="0.620" classname="Test_Data_Generation.Add_Tracking_Numbers_To_User"/>
  <testcase name="Add_Tracking_Number" time="0.490" classname="Test_Data_Generation.Add_Tracking_Numbers_To_User"/>
  <testcase name="Add_Tracking_Number" time="0.590" classname="Test_Data_Generation.Add_Tracking_Numbers_To_User"/>
  <testcase name="Add_Tracking_Number" time="0.576" classname="Test_Data_Generation.Add_Tracking_Numbers_To_User"/>
  <testcase name="Add_Tracking_Number" time="0.841" classname="Test_Data_Generation.Add_Tracking_Numbers_To_User"/>
  <testcase name="Add_Tracking_Number" time="0.498" classname="Test_Data_Generation.Add_Tracking_Numbers_To_User"/>
  <testcase name="Add_Tracking_Number" time="0.705" classname="Test_Data_Generation.Add_Tracking_Numbers_To_User"/>
  <testcase name="Add_Tracking_Number" time="0.564" classname="Test_Data_Generation.Add_Tracking_Numbers_To_User"/>
  <testcase name="Add_Tracking_Number" time="0.513" classname="Test_Data_Generation.Add_Tracking_Numbers_To_User"/>
  <testcase name="Add_Tracking_Number" time="0.562" classname="Test_Data_Generation.Add_Tracking_Numbers_To_User"/>
  <testcase name="Add_Tracking_Number" time="0.526" classname="Test_Data_Generation.Add_Tracking_Numbers_To_User"/>
  <testcase name="Add_Tracking_Number" time="0.592" classname="Test_Data_Generation.Add_Tracking_Numbers_To_User"/>
  <testcase name="Add_Tracking_Number" time="0.538" classname="Test_Data_Generation.Add_Tracking_Numbers_To_User"/>
  <testcase name="Add_Tracking_Number" time="0.624" classname="Test_Data_Generation.Add_Tracking_Numbers_To_User"/>
  <testcase name="Add_Tracking_Number" time="0.539" classname="Test_Data_Generation.Add_Tracking_Numbers_To_User"/>
  <testcase name="Add_Tracking_Number" time="0.589" classname="Test_Data_Generation.Add_Tracking_Numbers_To_User"/>
  <testcase name="Add_Tracking_Number" time="0.433" classname="Test_Data_Generation.Add_Tracking_Numbers_To_User"/>
  <testcase name="Add_Tracking_Number" time="0.769" classname="Test_Data_Generation.Add_Tracking_Numbers_To_User"/>
  <testcase name="Add_Tracking_Number" time="0.742" classname="Test_Data_Generation.Add_Tracking_Numbers_To_User"/>
  <testcase name="Add_Tracking_Number" time="0.472" classname="Test_Data_Generation.Add_Tracking_Numbers_To_User"/>
  <testcase name="Add_Tracking_Number" time="0.465" classname="Test_Data_Generation.Add_Tracking_Numbers_To_User"/>
  <testcase name="Add_Tracking_Number" time="0.669" classname="Test_Data_Generation.Add_Tracking_Numbers_To_User"/>
  <testcase name="Add_Tracking_Number" time="0.599" classname="Test_Data_Generation.Add_Tracking_Numbers_To_User"/>
  <testcase name="Add_Tracking_Number" time="0.482" classname="Test_Data_Generation.Add_Tracking_Numbers_To_User"/>
  <testcase name="Add_Tracking_Number" time="0.436" classname="Test_Data_Generation.Add_Tracking_Numbers_To_User"/>
  <testcase name="Add_Tracking_Number" time="0.501" classname="Test_Data_Generation.Add_Tracking_Numbers_To_User"/>
  <testcase name="Add_Tracking_Number" time="0.701" classname="Test_Data_Generation.Add_Tracking_Numbers_To_User"/>
  <testcase name="Add_Tracking_Number" time="0.730" classname="Test_Data_Generation.Add_Tracking_Numbers_To_User"/>
  <testcase name="Add_Tracking_Number" time="0.470" classname="Test_Data_Generation.Add_Tracking_Numbers_To_User"/>
  <testcase name="Add_Tracking_Number" time="0.662" classname="Test_Data_Generation.Add_Tracking_Numbers_To_User"/>
  <testcase name="Add_Tracking_Number" time="0.544" classname="Test_Data_Generation.Add_Tracking_Numbers_To_User"/>
  <testcase name="Add_Tracking_Number" time="0.476" classname="Test_Data_Generation.Add_Tracking_Numbers_To_User"/>
  <testcase name="Add_Tracking_Number" time="0.526" classname="Test_Data_Generation.Add_Tracking_Numbers_To_User"/>
  <testcase name="Add_Tracking_Number" time="0.563" classname="Test_Data_Generation.Add_Tracking_Numbers_To_User"/>
  <testcase name="Add_Tracking_Number" time="0.604" classname="Test_Data_Generation.Add_Tracking_Numbers_To_User"/>
  <testcase name="Add_Tracking_Number" time="0.499" classname="Test_Data_Generation.Add_Tracking_Numbers_To_User"/>
  <testcase name="Add_Tracking_Number" time="0.506" classname="Test_Data_Generation.Add_Tracking_Numbers_To_User"/>
  <testcase name="Add_Tracking_Number" time="0.590" classname="Test_Data_Generation.Add_Tracking_Numbers_To_User"/>
  <testcase name="Add_Tracking_Number" time="0.485" classname="Test_Data_Generation.Add_Tracking_Numbers_To_User"/>
  <testcase name="Add_Tracking_Number" time="0.527" classname="Test_Data_Generation.Add_Tracking_Numbers_To_User"/>
  <testcase name="Add_Tracking_Number" time="0.521" classname="Test_Data_Generation.Add_Tracking_Numbers_To_User"/>
  <testcase name="Add_Tracking_Number" time="0.681" classname="Test_Data_Generation.Add_Tracking_Numbers_To_User"/>
  <testcase name="Add_Tracking_Number" time="0.502" classname="Test_Data_Generation.Add_Tracking_Numbers_To_User"/>
  <testcase name="Add_Tracking_Number" time="0.528" classname="Test_Data_Generation.Add_Tracking_Numbers_To_User"/>
  <testcase name="Add_Tracking_Number" time="0.528" classname="Test_Data_Generation.Add_Tracking_Numbers_To_User"/>
  <testcase name="Add_Tracking_Number" time="0.508" classname="Test_Data_Generation.Add_Tracking_Numbers_To_User"/>
  <testcase name="Add_Tracking_Number" time="0.584" classname="Test_Data_Generation.Add_Tracking_Numbers_To_User"/>
  <testcase name="Add_Tracking_Number" time="0.512" classname="Test_Data_Generation.Add_Tracking_Numbers_To_User"/>
  <testcase name="Add_Tracking_Number" time="0.561" classname="Test_Data_Generation.Add_Tracking_Numbers_To_User"/>
  <testcase name="Add_Tracking_Number" time="0.536" classname="Test_Data_Generation.Add_Tracking_Numbers_To_User"/>
  <testcase name="Add_Tracking_Number" time="0.565" classname="Test_Data_Generation.Add_Tracking_Numbers_To_User"/>
  <testcase name="Add_Tracking_Number" time="0.459" classname="Test_Data_Generation.Add_Tracking_Numbers_To_User">
    <failure type="java.lang.AssertionError" message="
Expected: a string containing &quot;{\&quot;successful\&quot;:true&quot;
     but: was &quot;{&quot;ShipmentOptionResponse&quot;:{&quot;successful&quot;:false,&quot;errorList&quot;:[{&quot;code&quot;:&quot;2997&quot;,&quot;message&quot;:&quot;TRAQS connection/request problem&quot;,&quot;source&quot;:null,&quot;rootCause&quot;:null}],&quot;alerts&quot;:null,&quot;cxsalerts&quot;:null}}&quot;">
      <![CDATA[java.lang.AssertionError: 
Expected: a string containing "{\"successful\":true"
     but: was "{"ShipmentOptionResponse":{"successful":false,"errorList":[{"code":"2997","message":"TRAQS connection/request problem","source":null,"rootCause":null}],"alerts":null,"cxsalerts":null}}"
at org.hamcrest.MatcherAssert.assertThat(MatcherAssert.java:20)
at org.junit.Assert.assertThat(Assert.java:956)
at org.junit.Assert.assertThat(Assert.java:923)
at Test_Data_Generation.Add_Tracking_Numbers_To_User.Add_Tracking_Number(Add_Tracking_Numbers_To_User.java:69)
at sun.reflect.GeneratedMethodAccessor2.invoke(Unknown Source)
at sun.reflect.DelegatingMethodAccessorImpl.invoke(Unknown Source)
at java.lang.reflect.Method.invoke(Unknown Source)
at org.testng.internal.MethodInvocationHelper.invokeMethod(MethodInvocationHelper.java:124)
at org.testng.internal.Invoker.invokeMethod(Invoker.java:580)
at org.testng.internal.Invoker.invokeTestMethod(Invoker.java:716)
at org.testng.internal.TestMethodWithDataProviderMethodWorker.call(TestMethodWithDataProviderMethodWorker.java:71)
at org.testng.internal.TestMethodWithDataProviderMethodWorker.call(TestMethodWithDataProviderMethodWorker.java:14)
at java.util.concurrent.FutureTask.run(Unknown Source)
at java.util.concurrent.Executors$RunnableAdapter.call(Unknown Source)
at java.util.concurrent.FutureTask.run(Unknown Source)
at java.util.concurrent.ThreadPoolExecutor.runWorker(Unknown Source)
at java.util.concurrent.ThreadPoolExecutor$Worker.run(Unknown Source)
at java.lang.Thread.run(Unknown Source)
]]>
    </failure>
  </testcase> <!-- Add_Tracking_Number -->
  <testcase name="Add_Tracking_Number" time="0.570" classname="Test_Data_Generation.Add_Tracking_Numbers_To_User"/>
  <testcase name="Add_Tracking_Number" time="0.557" classname="Test_Data_Generation.Add_Tracking_Numbers_To_User"/>
  <testcase name="Add_Tracking_Number" time="0.437" classname="Test_Data_Generation.Add_Tracking_Numbers_To_User"/>
  <testcase name="Add_Tracking_Number" time="0.052" classname="Test_Data_Generation.Add_Tracking_Numbers_To_User"/>
  <testcase name="Add_Tracking_Number" time="0.832" classname="Test_Data_Generation.Add_Tracking_Numbers_To_User"/>
  <testcase name="Add_Tracking_Number" time="0.510" classname="Test_Data_Generation.Add_Tracking_Numbers_To_User"/>
  <testcase name="Add_Tracking_Number" time="0.547" classname="Test_Data_Generation.Add_Tracking_Numbers_To_User"/>
  <testcase name="Add_Tracking_Number" time="0.541" classname="Test_Data_Generation.Add_Tracking_Numbers_To_User"/>
  <testcase name="Add_Tracking_Number" time="0.476" classname="Test_Data_Generation.Add_Tracking_Numbers_To_User"/>
  <testcase name="Add_Tracking_Number" time="0.482" classname="Test_Data_Generation.Add_Tracking_Numbers_To_User"/>
  <testcase name="Add_Tracking_Number" time="0.477" classname="Test_Data_Generation.Add_Tracking_Numbers_To_User"/>
  <testcase name="Add_Tracking_Number" time="0.581" classname="Test_Data_Generation.Add_Tracking_Numbers_To_User"/>
  <testcase name="Add_Tracking_Number" time="0.497" classname="Test_Data_Generation.Add_Tracking_Numbers_To_User"/>
  <testcase name="Add_Tracking_Number" time="0.661" classname="Test_Data_Generation.Add_Tracking_Numbers_To_User"/>
  <testcase name="Add_Tracking_Number" time="0.494" classname="Test_Data_Generation.Add_Tracking_Numbers_To_User"/>
  <testcase name="Add_Tracking_Number" time="0.476" classname="Test_Data_Generation.Add_Tracking_Numbers_To_User"/>
  <testcase name="Add_Tracking_Number" time="0.396" classname="Test_Data_Generation.Add_Tracking_Numbers_To_User"/>
  <testcase name="Add_Tracking_Number" time="0.581" classname="Test_Data_Generation.Add_Tracking_Numbers_To_User"/>
  <testcase name="Add_Tracking_Number" time="0.642" classname="Test_Data_Generation.Add_Tracking_Numbers_To_User"/>
  <testcase name="Add_Tracking_Number" time="0.584" classname="Test_Data_Generation.Add_Tracking_Numbers_To_User"/>
  <testcase name="Add_Tracking_Number" time="0.536" classname="Test_Data_Generation.Add_Tracking_Numbers_To_User"/>
  <testcase name="Add_Tracking_Number" time="0.562" classname="Test_Data_Generation.Add_Tracking_Numbers_To_User"/>
  <testcase name="Add_Tracking_Number" time="0.551" classname="Test_Data_Generation.Add_Tracking_Numbers_To_User"/>
  <testcase name="Add_Tracking_Number" time="0.777" classname="Test_Data_Generation.Add_Tracking_Numbers_To_User"/>
  <testcase name="Add_Tracking_Number" time="0.646" classname="Test_Data_Generation.Add_Tracking_Numbers_To_User"/>
  <testcase name="Add_Tracking_Number" time="0.523" classname="Test_Data_Generation.Add_Tracking_Numbers_To_User"/>
  <testcase name="Add_Tracking_Number" time="0.061" classname="Test_Data_Generation.Add_Tracking_Numbers_To_User"/>
  <testcase name="Add_Tracking_Number" time="0.606" classname="Test_Data_Generation.Add_Tracking_Numbers_To_User"/>
  <testcase name="Add_Tracking_Number" time="0.565" classname="Test_Data_Generation.Add_Tracking_Numbers_To_User"/>
  <testcase name="Add_Tracking_Number" time="0.541" classname="Test_Data_Generation.Add_Tracking_Numbers_To_User"/>
  <testcase name="Add_Tracking_Number" time="0.485" classname="Test_Data_Generation.Add_Tracking_Numbers_To_User"/>
  <testcase name="Add_Tracking_Number" time="0.622" classname="Test_Data_Generation.Add_Tracking_Numbers_To_User"/>
  <testcase name="Add_Tracking_Number" time="0.449" classname="Test_Data_Generation.Add_Tracking_Numbers_To_User"/>
  <testcase name="Add_Tracking_Number" time="0.569" classname="Test_Data_Generation.Add_Tracking_Numbers_To_User"/>
  <testcase name="Add_Tracking_Number" time="0.537" classname="Test_Data_Generation.Add_Tracking_Numbers_To_User"/>
  <testcase name="Add_Tracking_Number" time="0.517" classname="Test_Data_Generation.Add_Tracking_Numbers_To_User"/>
  <testcase name="Add_Tracking_Number" time="0.465" classname="Test_Data_Generation.Add_Tracking_Numbers_To_User"/>
  <testcase name="Add_Tracking_Number" time="0.160" classname="Test_Data_Generation.Add_Tracking_Numbers_To_User"/>
  <testcase name="Add_Tracking_Number" time="0.571" classname="Test_Data_Generation.Add_Tracking_Numbers_To_User"/>
  <testcase name="Add_Tracking_Number" time="0.522" classname="Test_Data_Generation.Add_Tracking_Numbers_To_User"/>
  <testcase name="Add_Tracking_Number" time="0.469" classname="Test_Data_Generation.Add_Tracking_Numbers_To_User"/>
  <testcase name="Add_Tracking_Number" time="0.536" classname="Test_Data_Generation.Add_Tracking_Numbers_To_User"/>
  <testcase name="Add_Tracking_Number" time="0.506" classname="Test_Data_Generation.Add_Tracking_Numbers_To_User"/>
  <testcase name="Add_Tracking_Number" time="0.537" classname="Test_Data_Generation.Add_Tracking_Numbers_To_User"/>
  <testcase name="Add_Tracking_Number" time="0.593" classname="Test_Data_Generation.Add_Tracking_Numbers_To_User"/>
  <testcase name="Add_Tracking_Number" time="0.539" classname="Test_Data_Generation.Add_Tracking_Numbers_To_User"/>
  <testcase name="Add_Tracking_Number" time="0.489" classname="Test_Data_Generation.Add_Tracking_Numbers_To_User"/>
  <testcase name="Add_Tracking_Number" time="0.808" classname="Test_Data_Generation.Add_Tracking_Numbers_To_User"/>
  <testcase name="Add_Tracking_Number" time="0.738" classname="Test_Data_Generation.Add_Tracking_Numbers_To_User"/>
  <testcase name="Add_Tracking_Number" time="0.566" classname="Test_Data_Generation.Add_Tracking_Numbers_To_User"/>
  <testcase name="Add_Tracking_Number" time="0.586" classname="Test_Data_Generation.Add_Tracking_Numbers_To_User"/>
  <testcase name="Add_Tracking_Number" time="0.509" classname="Test_Data_Generation.Add_Tracking_Numbers_To_User"/>
  <testcase name="Add_Tracking_Number" time="0.472" classname="Test_Data_Generation.Add_Tracking_Numbers_To_User"/>
  <testcase name="Add_Tracking_Number" time="0.803" classname="Test_Data_Generation.Add_Tracking_Numbers_To_User"/>
  <testcase name="Add_Tracking_Number" time="0.565" classname="Test_Data_Generation.Add_Tracking_Numbers_To_User"/>
  <testcase name="Add_Tracking_Number" time="0.583" classname="Test_Data_Generation.Add_Tracking_Numbers_To_User"/>
  <testcase name="Add_Tracking_Number" time="0.809" classname="Test_Data_Generation.Add_Tracking_Numbers_To_User"/>
  <testcase name="Add_Tracking_Number" time="0.531" classname="Test_Data_Generation.Add_Tracking_Numbers_To_User"/>
  <testcase name="Add_Tracking_Number" time="0.472" classname="Test_Data_Generation.Add_Tracking_Numbers_To_User"/>
  <testcase name="Add_Tracking_Number" time="0.577" classname="Test_Data_Generation.Add_Tracking_Numbers_To_User"/>
  <testcase name="Add_Tracking_Number" time="0.505" classname="Test_Data_Generation.Add_Tracking_Numbers_To_User"/>
  <testcase name="Add_Tracking_Number" time="0.532" classname="Test_Data_Generation.Add_Tracking_Numbers_To_User"/>
  <testcase name="Add_Tracking_Number" time="0.538" classname="Test_Data_Generation.Add_Tracking_Numbers_To_User"/>
  <testcase name="Add_Tracking_Number" time="0.565" classname="Test_Data_Generation.Add_Tracking_Numbers_To_User"/>
  <testcase name="Add_Tracking_Number" time="0.553" classname="Test_Data_Generation.Add_Tracking_Numbers_To_User"/>
  <testcase name="Add_Tracking_Number" time="0.534" classname="Test_Data_Generation.Add_Tracking_Numbers_To_User"/>
  <testcase name="Add_Tracking_Number" time="0.697" classname="Test_Data_Generation.Add_Tracking_Numbers_To_User"/>
  <testcase name="Add_Tracking_Number" time="0.630" classname="Test_Data_Generation.Add_Tracking_Numbers_To_User"/>
  <testcase name="Add_Tracking_Number" time="0.551" classname="Test_Data_Generation.Add_Tracking_Numbers_To_User"/>
  <testcase name="Add_Tracking_Number" time="0.621" classname="Test_Data_Generation.Add_Tracking_Numbers_To_User"/>
  <testcase name="Add_Tracking_Number" time="0.546" classname="Test_Data_Generation.Add_Tracking_Numbers_To_User"/>
  <testcase name="Add_Tracking_Number" time="0.527" classname="Test_Data_Generation.Add_Tracking_Numbers_To_User"/>
  <testcase name="Add_Tracking_Number" time="0.518" classname="Test_Data_Generation.Add_Tracking_Numbers_To_User"/>
  <testcase name="Add_Tracking_Number" time="0.495" classname="Test_Data_Generation.Add_Tracking_Numbers_To_User"/>
  <testcase name="Add_Tracking_Number" time="0.543" classname="Test_Data_Generation.Add_Tracking_Numbers_To_User"/>
  <testcase name="Add_Tracking_Number" time="0.058" classname="Test_Data_Generation.Add_Tracking_Numbers_To_User"/>
  <testcase name="Add_Tracking_Number" time="0.456" classname="Test_Data_Generation.Add_Tracking_Numbers_To_User"/>
  <testcase name="Add_Tracking_Number" time="0.361" classname="Test_Data_Generation.Add_Tracking_Numbers_To_User"/>
  <testcase name="Add_Tracking_Number" time="0.461" classname="Test_Data_Generation.Add_Tracking_Numbers_To_User"/>
  <testcase name="Add_Tracking_Number" time="0.550" classname="Test_Data_Generation.Add_Tracking_Numbers_To_User"/>
  <testcase name="Add_Tracking_Number" time="0.630" classname="Test_Data_Generation.Add_Tracking_Numbers_To_User"/>
  <testcase name="Add_Tracking_Number" time="0.485" classname="Test_Data_Generation.Add_Tracking_Numbers_To_User"/>
  <testcase name="Add_Tracking_Number" time="0.576" classname="Test_Data_Generation.Add_Tracking_Numbers_To_User"/>
  <testcase name="Add_Tracking_Number" time="0.433" classname="Test_Data_Generation.Add_Tracking_Numbers_To_User">
    <failure type="java.lang.AssertionError" message="
Expected: a string containing &quot;{\&quot;successful\&quot;:true&quot;
     but: was &quot;{&quot;ShipmentOptionResponse&quot;:{&quot;successful&quot;:false,&quot;errorList&quot;:[{&quot;code&quot;:&quot;2997&quot;,&quot;message&quot;:&quot;TRAQS connection/request problem&quot;,&quot;source&quot;:null,&quot;rootCause&quot;:null}],&quot;alerts&quot;:null,&quot;cxsalerts&quot;:null}}&quot;">
      <![CDATA[java.lang.AssertionError: 
Expected: a string containing "{\"successful\":true"
     but: was "{"ShipmentOptionResponse":{"successful":false,"errorList":[{"code":"2997","message":"TRAQS connection/request problem","source":null,"rootCause":null}],"alerts":null,"cxsalerts":null}}"
at org.hamcrest.MatcherAssert.assertThat(MatcherAssert.java:20)
at org.junit.Assert.assertThat(Assert.java:956)
at org.junit.Assert.assertThat(Assert.java:923)
at Test_Data_Generation.Add_Tracking_Numbers_To_User.Add_Tracking_Number(Add_Tracking_Numbers_To_User.java:69)
at sun.reflect.GeneratedMethodAccessor2.invoke(Unknown Source)
at sun.reflect.DelegatingMethodAccessorImpl.invoke(Unknown Source)
at java.lang.reflect.Method.invoke(Unknown Source)
at org.testng.internal.MethodInvocationHelper.invokeMethod(MethodInvocationHelper.java:124)
at org.testng.internal.Invoker.invokeMethod(Invoker.java:580)
at org.testng.internal.Invoker.invokeTestMethod(Invoker.java:716)
at org.testng.internal.TestMethodWithDataProviderMethodWorker.call(TestMethodWithDataProviderMethodWorker.java:71)
at org.testng.internal.TestMethodWithDataProviderMethodWorker.call(TestMethodWithDataProviderMethodWorker.java:14)
at java.util.concurrent.FutureTask.run(Unknown Source)
at java.util.concurrent.Executors$RunnableAdapter.call(Unknown Source)
at java.util.concurrent.FutureTask.run(Unknown Source)
at java.util.concurrent.ThreadPoolExecutor.runWorker(Unknown Source)
at java.util.concurrent.ThreadPoolExecutor$Worker.run(Unknown Source)
at java.lang.Thread.run(Unknown Source)
]]>
    </failure>
  </testcase> <!-- Add_Tracking_Number -->
  <testcase name="Add_Tracking_Number" time="0.470" classname="Test_Data_Generation.Add_Tracking_Numbers_To_User"/>
  <testcase name="Add_Tracking_Number" time="0.671" classname="Test_Data_Generation.Add_Tracking_Numbers_To_User"/>
  <testcase name="Add_Tracking_Number" time="0.611" classname="Test_Data_Generation.Add_Tracking_Numbers_To_User"/>
  <testcase name="Add_Tracking_Number" time="0.581" classname="Test_Data_Generation.Add_Tracking_Numbers_To_User"/>
  <testcase name="Add_Tracking_Number" time="0.550" classname="Test_Data_Generation.Add_Tracking_Numbers_To_User"/>
  <testcase name="Add_Tracking_Number" time="0.491" classname="Test_Data_Generation.Add_Tracking_Numbers_To_User"/>
  <testcase name="Add_Tracking_Number" time="0.478" classname="Test_Data_Generation.Add_Tracking_Numbers_To_User"/>
  <testcase name="Add_Tracking_Number" time="0.354" classname="Test_Data_Generation.Add_Tracking_Numbers_To_User"/>
  <testcase name="Add_Tracking_Number" time="0.584" classname="Test_Data_Generation.Add_Tracking_Numbers_To_User"/>
  <testcase name="Add_Tracking_Number" time="0.692" classname="Test_Data_Generation.Add_Tracking_Numbers_To_User"/>
  <testcase name="Add_Tracking_Number" time="0.520" classname="Test_Data_Generation.Add_Tracking_Numbers_To_User"/>
  <testcase name="Add_Tracking_Number" time="0.845" classname="Test_Data_Generation.Add_Tracking_Numbers_To_User"/>
  <testcase name="Add_Tracking_Number" time="0.579" classname="Test_Data_Generation.Add_Tracking_Numbers_To_User"/>
  <testcase name="Add_Tracking_Number" time="0.518" classname="Test_Data_Generation.Add_Tracking_Numbers_To_User"/>
  <testcase name="Add_Tracking_Number" time="0.509" classname="Test_Data_Generation.Add_Tracking_Numbers_To_User"/>
  <testcase name="Add_Tracking_Number" time="0.525" classname="Test_Data_Generation.Add_Tracking_Numbers_To_User"/>
  <testcase name="Add_Tracking_Number" time="0.527" classname="Test_Data_Generation.Add_Tracking_Numbers_To_User"/>
  <testcase name="Add_Tracking_Number" time="0.574" classname="Test_Data_Generation.Add_Tracking_Numbers_To_User"/>
  <testcase name="Add_Tracking_Number" time="0.606" classname="Test_Data_Generation.Add_Tracking_Numbers_To_User"/>
  <testcase name="Add_Tracking_Number" time="0.520" classname="Test_Data_Generation.Add_Tracking_Numbers_To_User"/>
  <testcase name="Add_Tracking_Number" time="0.510" classname="Test_Data_Generation.Add_Tracking_Numbers_To_User"/>
  <testcase name="Add_Tracking_Number" time="0.592" classname="Test_Data_Generation.Add_Tracking_Numbers_To_User"/>
  <testcase name="Add_Tracking_Number" time="0.542" classname="Test_Data_Generation.Add_Tracking_Numbers_To_User"/>
  <testcase name="Add_Tracking_Number" time="1.209" classname="Test_Data_Generation.Add_Tracking_Numbers_To_User"/>
  <testcase name="Add_Tracking_Number" time="0.479" classname="Test_Data_Generation.Add_Tracking_Numbers_To_User"/>
  <testcase name="Add_Tracking_Number" time="0.532" classname="Test_Data_Generation.Add_Tracking_Numbers_To_User"/>
  <testcase name="Add_Tracking_Number" time="0.523" classname="Test_Data_Generation.Add_Tracking_Numbers_To_User"/>
  <testcase name="Add_Tracking_Number" time="0.549" classname="Test_Data_Generation.Add_Tracking_Numbers_To_User"/>
  <testcase name="Add_Tracking_Number" time="0.619" classname="Test_Data_Generation.Add_Tracking_Numbers_To_User"/>
  <testcase name="Add_Tracking_Number" time="0.515" classname="Test_Data_Generation.Add_Tracking_Numbers_To_User"/>
  <testcase name="Add_Tracking_Number" time="0.525" classname="Test_Data_Generation.Add_Tracking_Numbers_To_User"/>
  <testcase name="Add_Tracking_Number" time="0.592" classname="Test_Data_Generation.Add_Tracking_Numbers_To_User"/>
  <testcase name="Add_Tracking_Number" time="0.563" classname="Test_Data_Generation.Add_Tracking_Numbers_To_User"/>
  <testcase name="Add_Tracking_Number" time="0.527" classname="Test_Data_Generation.Add_Tracking_Numbers_To_User"/>
  <testcase name="Add_Tracking_Number" time="0.559" classname="Test_Data_Generation.Add_Tracking_Numbers_To_User"/>
  <testcase name="Add_Tracking_Number" time="0.464" classname="Test_Data_Generation.Add_Tracking_Numbers_To_User"/>
  <testcase name="Add_Tracking_Number" time="0.548" classname="Test_Data_Generation.Add_Tracking_Numbers_To_User"/>
  <testcase name="Add_Tracking_Number" time="0.982" classname="Test_Data_Generation.Add_Tracking_Numbers_To_User"/>
  <testcase name="Add_Tracking_Number" time="0.627" classname="Test_Data_Generation.Add_Tracking_Numbers_To_User"/>
  <testcase name="Add_Tracking_Number" time="0.584" classname="Test_Data_Generation.Add_Tracking_Numbers_To_User"/>
  <testcase name="Add_Tracking_Number" time="0.492" classname="Test_Data_Generation.Add_Tracking_Numbers_To_User"/>
  <testcase name="Add_Tracking_Number" time="0.493" classname="Test_Data_Generation.Add_Tracking_Numbers_To_User"/>
  <testcase name="Add_Tracking_Number" time="0.204" classname="Test_Data_Generation.Add_Tracking_Numbers_To_User"/>
  <testcase name="Add_Tracking_Number" time="0.521" classname="Test_Data_Generation.Add_Tracking_Numbers_To_User"/>
  <testcase name="Add_Tracking_Number" time="0.667" classname="Test_Data_Generation.Add_Tracking_Numbers_To_User"/>
  <testcase name="Add_Tracking_Number" time="0.477" classname="Test_Data_Generation.Add_Tracking_Numbers_To_User"/>
  <testcase name="Add_Tracking_Number" time="0.459" classname="Test_Data_Generation.Add_Tracking_Numbers_To_User"/>
  <testcase name="Add_Tracking_Number" time="1.085" classname="Test_Data_Generation.Add_Tracking_Numbers_To_User">
    <failure type="java.lang.AssertionError" message="
Expected: a string containing &quot;{\&quot;successful\&quot;:true&quot;
     but: was &quot;{&quot;ShipmentOptionResponse&quot;:{&quot;successful&quot;:false,&quot;errorList&quot;:[{&quot;code&quot;:&quot;2997&quot;,&quot;message&quot;:&quot;TRAQS connection/request problem&quot;,&quot;source&quot;:null,&quot;rootCause&quot;:null}],&quot;alerts&quot;:null,&quot;cxsalerts&quot;:null}}&quot;">
      <![CDATA[java.lang.AssertionError: 
Expected: a string containing "{\"successful\":true"
     but: was "{"ShipmentOptionResponse":{"successful":false,"errorList":[{"code":"2997","message":"TRAQS connection/request problem","source":null,"rootCause":null}],"alerts":null,"cxsalerts":null}}"
at org.hamcrest.MatcherAssert.assertThat(MatcherAssert.java:20)
at org.junit.Assert.assertThat(Assert.java:956)
at org.junit.Assert.assertThat(Assert.java:923)
at Test_Data_Generation.Add_Tracking_Numbers_To_User.Add_Tracking_Number(Add_Tracking_Numbers_To_User.java:69)
at sun.reflect.GeneratedMethodAccessor2.invoke(Unknown Source)
at sun.reflect.DelegatingMethodAccessorImpl.invoke(Unknown Source)
at java.lang.reflect.Method.invoke(Unknown Source)
at org.testng.internal.MethodInvocationHelper.invokeMethod(MethodInvocationHelper.java:124)
at org.testng.internal.Invoker.invokeMethod(Invoker.java:580)
at org.testng.internal.Invoker.invokeTestMethod(Invoker.java:716)
at org.testng.internal.TestMethodWithDataProviderMethodWorker.call(TestMethodWithDataProviderMethodWorker.java:71)
at org.testng.internal.TestMethodWithDataProviderMethodWorker.call(TestMethodWithDataProviderMethodWorker.java:14)
at java.util.concurrent.FutureTask.run(Unknown Source)
at java.util.concurrent.Executors$RunnableAdapter.call(Unknown Source)
at java.util.concurrent.FutureTask.run(Unknown Source)
at java.util.concurrent.ThreadPoolExecutor.runWorker(Unknown Source)
at java.util.concurrent.ThreadPoolExecutor$Worker.run(Unknown Source)
at java.lang.Thread.run(Unknown Source)
]]>
    </failure>
  </testcase> <!-- Add_Tracking_Number -->
  <testcase name="Add_Tracking_Number" time="0.486" classname="Test_Data_Generation.Add_Tracking_Numbers_To_User"/>
  <testcase name="Add_Tracking_Number" time="0.529" classname="Test_Data_Generation.Add_Tracking_Numbers_To_User"/>
  <testcase name="Add_Tracking_Number" time="0.502" classname="Test_Data_Generation.Add_Tracking_Numbers_To_User"/>
  <testcase name="Add_Tracking_Number" time="0.546" classname="Test_Data_Generation.Add_Tracking_Numbers_To_User"/>
  <testcase name="Add_Tracking_Number" time="0.531" classname="Test_Data_Generation.Add_Tracking_Numbers_To_User"/>
  <testcase name="Add_Tracking_Number" time="0.282" classname="Test_Data_Generation.Add_Tracking_Numbers_To_User"/>
  <testcase name="Add_Tracking_Number" time="0.635" classname="Test_Data_Generation.Add_Tracking_Numbers_To_User"/>
  <testcase name="Add_Tracking_Number" time="0.493" classname="Test_Data_Generation.Add_Tracking_Numbers_To_User"/>
  <testcase name="Add_Tracking_Number" time="0.635" classname="Test_Data_Generation.Add_Tracking_Numbers_To_User"/>
  <testcase name="Add_Tracking_Number" time="0.548" classname="Test_Data_Generation.Add_Tracking_Numbers_To_User"/>
  <testcase name="Add_Tracking_Number" time="0.334" classname="Test_Data_Generation.Add_Tracking_Numbers_To_User"/>
  <testcase name="Add_Tracking_Number" time="0.768" classname="Test_Data_Generation.Add_Tracking_Numbers_To_User"/>
  <testcase name="Add_Tracking_Number" time="0.428" classname="Test_Data_Generation.Add_Tracking_Numbers_To_User"/>
  <testcase name="Add_Tracking_Number" time="0.612" classname="Test_Data_Generation.Add_Tracking_Numbers_To_User"/>
  <testcase name="Add_Tracking_Number" time="0.059" classname="Test_Data_Generation.Add_Tracking_Numbers_To_User"/>
  <testcase name="Add_Tracking_Number" time="0.511" classname="Test_Data_Generation.Add_Tracking_Numbers_To_User"/>
  <testcase name="Add_Tracking_Number" time="0.764" classname="Test_Data_Generation.Add_Tracking_Numbers_To_User"/>
  <testcase name="Add_Tracking_Number" time="0.186" classname="Test_Data_Generation.Add_Tracking_Numbers_To_User"/>
  <testcase name="Add_Tracking_Number" time="0.516" classname="Test_Data_Generation.Add_Tracking_Numbers_To_User"/>
  <testcase name="Add_Tracking_Number" time="0.487" classname="Test_Data_Generation.Add_Tracking_Numbers_To_User"/>
  <testcase name="Add_Tracking_Number" time="0.503" classname="Test_Data_Generation.Add_Tracking_Numbers_To_User"/>
  <testcase name="Add_Tracking_Number" time="0.517" classname="Test_Data_Generation.Add_Tracking_Numbers_To_User"/>
  <testcase name="Add_Tracking_Number" time="0.578" classname="Test_Data_Generation.Add_Tracking_Numbers_To_User"/>
  <testcase name="Add_Tracking_Number" time="0.652" classname="Test_Data_Generation.Add_Tracking_Numbers_To_User"/>
  <testcase name="Add_Tracking_Number" time="0.421" classname="Test_Data_Generation.Add_Tracking_Numbers_To_User"/>
  <testcase name="Add_Tracking_Number" time="0.502" classname="Test_Data_Generation.Add_Tracking_Numbers_To_User"/>
  <testcase name="Add_Tracking_Number" time="0.599" classname="Test_Data_Generation.Add_Tracking_Numbers_To_User"/>
  <testcase name="Add_Tracking_Number" time="0.522" classname="Test_Data_Generation.Add_Tracking_Numbers_To_User"/>
  <testcase name="Add_Tracking_Number" time="0.499" classname="Test_Data_Generation.Add_Tracking_Numbers_To_User"/>
  <testcase name="Add_Tracking_Number" time="0.508" classname="Test_Data_Generation.Add_Tracking_Numbers_To_User"/>
  <testcase name="Add_Tracking_Number" time="0.584" classname="Test_Data_Generation.Add_Tracking_Numbers_To_User"/>
  <testcase name="Add_Tracking_Number" time="0.539" classname="Test_Data_Generation.Add_Tracking_Numbers_To_User"/>
  <testcase name="Add_Tracking_Number" time="0.552" classname="Test_Data_Generation.Add_Tracking_Numbers_To_User"/>
  <testcase name="Add_Tracking_Number" time="0.511" classname="Test_Data_Generation.Add_Tracking_Numbers_To_User"/>
  <testcase name="Add_Tracking_Number" time="0.564" classname="Test_Data_Generation.Add_Tracking_Numbers_To_User"/>
  <testcase name="Add_Tracking_Number" time="0.498" classname="Test_Data_Generation.Add_Tracking_Numbers_To_User"/>
  <testcase name="Add_Tracking_Number" time="0.454" classname="Test_Data_Generation.Add_Tracking_Numbers_To_User"/>
  <testcase name="Add_Tracking_Number" time="0.454" classname="Test_Data_Generation.Add_Tracking_Numbers_To_User"/>
  <testcase name="Add_Tracking_Number" time="0.541" classname="Test_Data_Generation.Add_Tracking_Numbers_To_User"/>
  <testcase name="Add_Tracking_Number" time="0.555" classname="Test_Data_Generation.Add_Tracking_Numbers_To_User"/>
  <testcase name="Add_Tracking_Number" time="0.501" classname="Test_Data_Generation.Add_Tracking_Numbers_To_User"/>
  <testcase name="Add_Tracking_Number" time="0.534" classname="Test_Data_Generation.Add_Tracking_Numbers_To_User"/>
  <testcase name="Add_Tracking_Number" time="0.508" classname="Test_Data_Generation.Add_Tracking_Numbers_To_User"/>
  <testcase name="Add_Tracking_Number" time="0.531" classname="Test_Data_Generation.Add_Tracking_Numbers_To_User"/>
  <testcase name="Add_Tracking_Number" time="0.518" classname="Test_Data_Generation.Add_Tracking_Numbers_To_User"/>
  <testcase name="Add_Tracking_Number" time="0.531" classname="Test_Data_Generation.Add_Tracking_Numbers_To_User"/>
  <testcase name="Add_Tracking_Number" time="0.543" classname="Test_Data_Generation.Add_Tracking_Numbers_To_User"/>
  <testcase name="Add_Tracking_Number" time="0.519" classname="Test_Data_Generation.Add_Tracking_Numbers_To_User"/>
  <testcase name="Add_Tracking_Number" time="0.583" classname="Test_Data_Generation.Add_Tracking_Numbers_To_User"/>
  <testcase name="Add_Tracking_Number" time="0.525" classname="Test_Data_Generation.Add_Tracking_Numbers_To_User"/>
  <testcase name="Add_Tracking_Number" time="0.557" classname="Test_Data_Generation.Add_Tracking_Numbers_To_User"/>
  <testcase name="Add_Tracking_Number" time="0.578" classname="Test_Data_Generation.Add_Tracking_Numbers_To_User"/>
  <testcase name="Add_Tracking_Number" time="0.548" classname="Test_Data_Generation.Add_Tracking_Numbers_To_User"/>
  <testcase name="Add_Tracking_Number" time="0.667" classname="Test_Data_Generation.Add_Tracking_Numbers_To_User"/>
  <testcase name="Add_Tracking_Number" time="0.528" classname="Test_Data_Generation.Add_Tracking_Numbers_To_User"/>
  <testcase name="Add_Tracking_Number" time="0.580" classname="Test_Data_Generation.Add_Tracking_Numbers_To_User"/>
  <testcase name="Add_Tracking_Number" time="0.631" classname="Test_Data_Generation.Add_Tracking_Numbers_To_User"/>
  <testcase name="Add_Tracking_Number" time="0.552" classname="Test_Data_Generation.Add_Tracking_Numbers_To_User"/>
  <testcase name="Add_Tracking_Number" time="0.574" classname="Test_Data_Generation.Add_Tracking_Numbers_To_User"/>
  <testcase name="Add_Tracking_Number" time="0.535" classname="Test_Data_Generation.Add_Tracking_Numbers_To_User"/>
  <testcase name="Add_Tracking_Number" time="0.454" classname="Test_Data_Generation.Add_Tracking_Numbers_To_User"/>
  <testcase name="Add_Tracking_Number" time="0.063" classname="Test_Data_Generation.Add_Tracking_Numbers_To_User"/>
  <testcase name="Add_Tracking_Number" time="0.480" classname="Test_Data_Generation.Add_Tracking_Numbers_To_User"/>
  <testcase name="Add_Tracking_Number" time="0.659" classname="Test_Data_Generation.Add_Tracking_Numbers_To_User"/>
  <testcase name="Add_Tracking_Number" time="0.664" classname="Test_Data_Generation.Add_Tracking_Numbers_To_User"/>
  <testcase name="Add_Tracking_Number" time="0.502" classname="Test_Data_Generation.Add_Tracking_Numbers_To_User"/>
  <testcase name="Add_Tracking_Number" time="0.517" classname="Test_Data_Generation.Add_Tracking_Numbers_To_User"/>
  <testcase name="Add_Tracking_Number" time="0.526" classname="Test_Data_Generation.Add_Tracking_Numbers_To_User"/>
  <testcase name="Add_Tracking_Number" time="0.492" classname="Test_Data_Generation.Add_Tracking_Numbers_To_User"/>
  <testcase name="Add_Tracking_Number" time="0.486" classname="Test_Data_Generation.Add_Tracking_Numbers_To_User"/>
  <testcase name="Add_Tracking_Number" time="0.437" classname="Test_Data_Generation.Add_Tracking_Numbers_To_User"/>
  <testcase name="Add_Tracking_Number" time="0.210" classname="Test_Data_Generation.Add_Tracking_Numbers_To_User"/>
  <testcase name="Add_Tracking_Number" time="0.645" classname="Test_Data_Generation.Add_Tracking_Numbers_To_User"/>
  <testcase name="Add_Tracking_Number" time="0.480" classname="Test_Data_Generation.Add_Tracking_Numbers_To_User"/>
  <testcase name="Add_Tracking_Number" time="0.549" classname="Test_Data_Generation.Add_Tracking_Numbers_To_User"/>
  <testcase name="Add_Tracking_Number" time="0.547" classname="Test_Data_Generation.Add_Tracking_Numbers_To_User"/>
  <testcase name="Add_Tracking_Number" time="0.482" classname="Test_Data_Generation.Add_Tracking_Numbers_To_User"/>
  <testcase name="Add_Tracking_Number" time="0.536" classname="Test_Data_Generation.Add_Tracking_Numbers_To_User"/>
  <testcase name="Add_Tracking_Number" time="0.542" classname="Test_Data_Generation.Add_Tracking_Numbers_To_User">
    <failure type="java.lang.AssertionError" message="
Expected: a string containing &quot;{\&quot;successful\&quot;:true&quot;
     but: was &quot;{&quot;ShipmentOptionResponse&quot;:{&quot;successful&quot;:false,&quot;errorList&quot;:[{&quot;code&quot;:&quot;2997&quot;,&quot;message&quot;:&quot;TRAQS connection/request problem&quot;,&quot;source&quot;:null,&quot;rootCause&quot;:null}],&quot;alerts&quot;:null,&quot;cxsalerts&quot;:null}}&quot;">
      <![CDATA[java.lang.AssertionError: 
Expected: a string containing "{\"successful\":true"
     but: was "{"ShipmentOptionResponse":{"successful":false,"errorList":[{"code":"2997","message":"TRAQS connection/request problem","source":null,"rootCause":null}],"alerts":null,"cxsalerts":null}}"
at org.hamcrest.MatcherAssert.assertThat(MatcherAssert.java:20)
at org.junit.Assert.assertThat(Assert.java:956)
at org.junit.Assert.assertThat(Assert.java:923)
at Test_Data_Generation.Add_Tracking_Numbers_To_User.Add_Tracking_Number(Add_Tracking_Numbers_To_User.java:69)
at sun.reflect.GeneratedMethodAccessor2.invoke(Unknown Source)
at sun.reflect.DelegatingMethodAccessorImpl.invoke(Unknown Source)
at java.lang.reflect.Method.invoke(Unknown Source)
at org.testng.internal.MethodInvocationHelper.invokeMethod(MethodInvocationHelper.java:124)
at org.testng.internal.Invoker.invokeMethod(Invoker.java:580)
at org.testng.internal.Invoker.invokeTestMethod(Invoker.java:716)
at org.testng.internal.TestMethodWithDataProviderMethodWorker.call(TestMethodWithDataProviderMethodWorker.java:71)
at org.testng.internal.TestMethodWithDataProviderMethodWorker.call(TestMethodWithDataProviderMethodWorker.java:14)
at java.util.concurrent.FutureTask.run(Unknown Source)
at java.util.concurrent.Executors$RunnableAdapter.call(Unknown Source)
at java.util.concurrent.FutureTask.run(Unknown Source)
at java.util.concurrent.ThreadPoolExecutor.runWorker(Unknown Source)
at java.util.concurrent.ThreadPoolExecutor$Worker.run(Unknown Source)
at java.lang.Thread.run(Unknown Source)
]]>
    </failure>
  </testcase> <!-- Add_Tracking_Number -->
  <testcase name="Add_Tracking_Number" time="0.557" classname="Test_Data_Generation.Add_Tracking_Numbers_To_User"/>
  <testcase name="Add_Tracking_Number" time="0.453" classname="Test_Data_Generation.Add_Tracking_Numbers_To_User"/>
  <testcase name="Add_Tracking_Number" time="0.485" classname="Test_Data_Generation.Add_Tracking_Numbers_To_User"/>
  <testcase name="Add_Tracking_Number" time="0.528" classname="Test_Data_Generation.Add_Tracking_Numbers_To_User"/>
  <testcase name="Add_Tracking_Number" time="1.007" classname="Test_Data_Generation.Add_Tracking_Numbers_To_User"/>
  <testcase name="Add_Tracking_Number" time="0.672" classname="Test_Data_Generation.Add_Tracking_Numbers_To_User"/>
  <testcase name="Add_Tracking_Number" time="0.654" classname="Test_Data_Generation.Add_Tracking_Numbers_To_User"/>
  <testcase name="Add_Tracking_Number" time="0.605" classname="Test_Data_Generation.Add_Tracking_Numbers_To_User"/>
  <testcase name="Add_Tracking_Number" time="0.568" classname="Test_Data_Generation.Add_Tracking_Numbers_To_User"/>
  <testcase name="Add_Tracking_Number" time="0.504" classname="Test_Data_Generation.Add_Tracking_Numbers_To_User"/>
  <testcase name="Add_Tracking_Number" time="0.544" classname="Test_Data_Generation.Add_Tracking_Numbers_To_User"/>
  <testcase name="Add_Tracking_Number" time="0.497" classname="Test_Data_Generation.Add_Tracking_Numbers_To_User"/>
  <testcase name="Add_Tracking_Number" time="0.475" classname="Test_Data_Generation.Add_Tracking_Numbers_To_User"/>
  <testcase name="Add_Tracking_Number" time="0.514" classname="Test_Data_Generation.Add_Tracking_Numbers_To_User"/>
  <testcase name="Add_Tracking_Number" time="0.392" classname="Test_Data_Generation.Add_Tracking_Numbers_To_User"/>
  <testcase name="Add_Tracking_Number" time="0.470" classname="Test_Data_Generation.Add_Tracking_Numbers_To_User"/>
  <testcase name="Add_Tracking_Number" time="0.560" classname="Test_Data_Generation.Add_Tracking_Numbers_To_User"/>
  <testcase name="Add_Tracking_Number" time="0.606" classname="Test_Data_Generation.Add_Tracking_Numbers_To_User"/>
  <testcase name="Add_Tracking_Number" time="0.450" classname="Test_Data_Generation.Add_Tracking_Numbers_To_User"/>
  <testcase name="Add_Tracking_Number" time="0.458" classname="Test_Data_Generation.Add_Tracking_Numbers_To_User"/>
  <testcase name="Add_Tracking_Number" time="0.665" classname="Test_Data_Generation.Add_Tracking_Numbers_To_User"/>
  <testcase name="Add_Tracking_Number" time="0.533" classname="Test_Data_Generation.Add_Tracking_Numbers_To_User"/>
  <testcase name="Add_Tracking_Number" time="0.439" classname="Test_Data_Generation.Add_Tracking_Numbers_To_User"/>
  <testcase name="Add_Tracking_Number" time="0.526" classname="Test_Data_Generation.Add_Tracking_Numbers_To_User"/>
  <testcase name="Add_Tracking_Number" time="0.554" classname="Test_Data_Generation.Add_Tracking_Numbers_To_User"/>
  <testcase name="Add_Tracking_Number" time="0.524" classname="Test_Data_Generation.Add_Tracking_Numbers_To_User"/>
  <testcase name="Add_Tracking_Number" time="0.526" classname="Test_Data_Generation.Add_Tracking_Numbers_To_User"/>
  <testcase name="Add_Tracking_Number" time="0.562" classname="Test_Data_Generation.Add_Tracking_Numbers_To_User"/>
  <testcase name="Add_Tracking_Number" time="0.508" classname="Test_Data_Generation.Add_Tracking_Numbers_To_User"/>
  <testcase name="Add_Tracking_Number" time="0.508" classname="Test_Data_Generation.Add_Tracking_Numbers_To_User"/>
  <testcase name="Add_Tracking_Number" time="0.524" classname="Test_Data_Generation.Add_Tracking_Numbers_To_User"/>
  <testcase name="Add_Tracking_Number" time="0.461" classname="Test_Data_Generation.Add_Tracking_Numbers_To_User"/>
  <testcase name="Add_Tracking_Number" time="0.589" classname="Test_Data_Generation.Add_Tracking_Numbers_To_User"/>
  <testcase name="Add_Tracking_Number" time="0.549" classname="Test_Data_Generation.Add_Tracking_Numbers_To_User"/>
  <testcase name="Add_Tracking_Number" time="0.778" classname="Test_Data_Generation.Add_Tracking_Numbers_To_User"/>
  <testcase name="Add_Tracking_Number" time="0.481" classname="Test_Data_Generation.Add_Tracking_Numbers_To_User"/>
  <testcase name="Add_Tracking_Number" time="0.589" classname="Test_Data_Generation.Add_Tracking_Numbers_To_User"/>
  <testcase name="Add_Tracking_Number" time="0.598" classname="Test_Data_Generation.Add_Tracking_Numbers_To_User"/>
  <testcase name="Add_Tracking_Number" time="0.616" classname="Test_Data_Generation.Add_Tracking_Numbers_To_User"/>
  <testcase name="Add_Tracking_Number" time="0.467" classname="Test_Data_Generation.Add_Tracking_Numbers_To_User"/>
  <testcase name="Add_Tracking_Number" time="0.738" classname="Test_Data_Generation.Add_Tracking_Numbers_To_User"/>
  <testcase name="Add_Tracking_Number" time="0.553" classname="Test_Data_Generation.Add_Tracking_Numbers_To_User"/>
  <testcase name="Add_Tracking_Number" time="0.585" classname="Test_Data_Generation.Add_Tracking_Numbers_To_User"/>
  <testcase name="Add_Tracking_Number" time="0.592" classname="Test_Data_Generation.Add_Tracking_Numbers_To_User"/>
  <testcase name="Add_Tracking_Number" time="0.529" classname="Test_Data_Generation.Add_Tracking_Numbers_To_User"/>
  <testcase name="Add_Tracking_Number" time="0.608" classname="Test_Data_Generation.Add_Tracking_Numbers_To_User"/>
  <testcase name="Add_Tracking_Number" time="0.491" classname="Test_Data_Generation.Add_Tracking_Numbers_To_User"/>
  <testcase name="Add_Tracking_Number" time="0.537" classname="Test_Data_Generation.Add_Tracking_Numbers_To_User"/>
  <testcase name="Add_Tracking_Number" time="0.407" classname="Test_Data_Generation.Add_Tracking_Numbers_To_User"/>
  <testcase name="Add_Tracking_Number" time="0.494" classname="Test_Data_Generation.Add_Tracking_Numbers_To_User"/>
  <testcase name="Add_Tracking_Number" time="0.474" classname="Test_Data_Generation.Add_Tracking_Numbers_To_User"/>
  <testcase name="Add_Tracking_Number" time="0.066" classname="Test_Data_Generation.Add_Tracking_Numbers_To_User"/>
  <testcase name="Add_Tracking_Number" time="0.437" classname="Test_Data_Generation.Add_Tracking_Numbers_To_User"/>
  <testcase name="Add_Tracking_Number" time="0.505" classname="Test_Data_Generation.Add_Tracking_Numbers_To_User"/>
  <testcase name="Add_Tracking_Number" time="0.488" classname="Test_Data_Generation.Add_Tracking_Numbers_To_User"/>
  <testcase name="Add_Tracking_Number" time="0.679" classname="Test_Data_Generation.Add_Tracking_Numbers_To_User"/>
  <testcase name="Add_Tracking_Number" time="0.576" classname="Test_Data_Generation.Add_Tracking_Numbers_To_User"/>
  <testcase name="Add_Tracking_Number" time="0.522" classname="Test_Data_Generation.Add_Tracking_Numbers_To_User"/>
  <testcase name="Add_Tracking_Number" time="0.552" classname="Test_Data_Generation.Add_Tracking_Numbers_To_User"/>
  <testcase name="Add_Tracking_Number" time="0.543" classname="Test_Data_Generation.Add_Tracking_Numbers_To_User"/>
  <testcase name="Add_Tracking_Number" time="0.437" classname="Test_Data_Generation.Add_Tracking_Numbers_To_User"/>
  <testcase name="Add_Tracking_Number" time="0.587" classname="Test_Data_Generation.Add_Tracking_Numbers_To_User"/>
  <testcase name="Add_Tracking_Number" time="0.536" classname="Test_Data_Generation.Add_Tracking_Numbers_To_User"/>
  <testcase name="Add_Tracking_Number" time="0.769" classname="Test_Data_Generation.Add_Tracking_Numbers_To_User"/>
  <testcase name="Add_Tracking_Number" time="0.481" classname="Test_Data_Generation.Add_Tracking_Numbers_To_User"/>
  <testcase name="Add_Tracking_Number" time="0.217" classname="Test_Data_Generation.Add_Tracking_Numbers_To_User"/>
  <testcase name="Add_Tracking_Number" time="0.729" classname="Test_Data_Generation.Add_Tracking_Numbers_To_User"/>
  <testcase name="Add_Tracking_Number" time="0.516" classname="Test_Data_Generation.Add_Tracking_Numbers_To_User"/>
  <testcase name="Add_Tracking_Number" time="0.612" classname="Test_Data_Generation.Add_Tracking_Numbers_To_User"/>
  <testcase name="Add_Tracking_Number" time="0.055" classname="Test_Data_Generation.Add_Tracking_Numbers_To_User"/>
  <testcase name="Add_Tracking_Number" time="0.583" classname="Test_Data_Generation.Add_Tracking_Numbers_To_User"/>
  <testcase name="Add_Tracking_Number" time="0.515" classname="Test_Data_Generation.Add_Tracking_Numbers_To_User"/>
  <testcase name="Add_Tracking_Number" time="0.475" classname="Test_Data_Generation.Add_Tracking_Numbers_To_User"/>
  <testcase name="Add_Tracking_Number" time="0.567" classname="Test_Data_Generation.Add_Tracking_Numbers_To_User"/>
  <testcase name="Add_Tracking_Number" time="0.749" classname="Test_Data_Generation.Add_Tracking_Numbers_To_User"/>
  <testcase name="Add_Tracking_Number" time="0.425" classname="Test_Data_Generation.Add_Tracking_Numbers_To_User"/>
  <testcase name="Add_Tracking_Number" time="0.454" classname="Test_Data_Generation.Add_Tracking_Numbers_To_User"/>
  <testcase name="Add_Tracking_Number" time="0.559" classname="Test_Data_Generation.Add_Tracking_Numbers_To_User"/>
  <testcase name="Add_Tracking_Number" time="0.499" classname="Test_Data_Generation.Add_Tracking_Numbers_To_User"/>
  <testcase name="Add_Tracking_Number" time="0.566" classname="Test_Data_Generation.Add_Tracking_Numbers_To_User"/>
  <testcase name="Add_Tracking_Number" time="0.513" classname="Test_Data_Generation.Add_Tracking_Numbers_To_User"/>
  <testcase name="Add_Tracking_Number" time="0.568" classname="Test_Data_Generation.Add_Tracking_Numbers_To_User"/>
  <testcase name="Add_Tracking_Number" time="0.498" classname="Test_Data_Generation.Add_Tracking_Numbers_To_User"/>
  <testcase name="Add_Tracking_Number" time="0.615" classname="Test_Data_Generation.Add_Tracking_Numbers_To_User"/>
  <testcase name="Add_Tracking_Number" time="0.250" classname="Test_Data_Generation.Add_Tracking_Numbers_To_User">
    <failure type="java.lang.AssertionError" message="
Expected: a string containing &quot;{\&quot;successful\&quot;:true&quot;
     but: was &quot;{&quot;ShipmentOptionResponse&quot;:{&quot;successful&quot;:false,&quot;errorList&quot;:[{&quot;code&quot;:&quot;2997&quot;,&quot;message&quot;:&quot;TRAQS connection/request problem&quot;,&quot;source&quot;:null,&quot;rootCause&quot;:null}],&quot;alerts&quot;:null,&quot;cxsalerts&quot;:null}}&quot;">
      <![CDATA[java.lang.AssertionError: 
Expected: a string containing "{\"successful\":true"
     but: was "{"ShipmentOptionResponse":{"successful":false,"errorList":[{"code":"2997","message":"TRAQS connection/request problem","source":null,"rootCause":null}],"alerts":null,"cxsalerts":null}}"
at org.hamcrest.MatcherAssert.assertThat(MatcherAssert.java:20)
at org.junit.Assert.assertThat(Assert.java:956)
at org.junit.Assert.assertThat(Assert.java:923)
at Test_Data_Generation.Add_Tracking_Numbers_To_User.Add_Tracking_Number(Add_Tracking_Numbers_To_User.java:69)
at sun.reflect.GeneratedMethodAccessor2.invoke(Unknown Source)
at sun.reflect.DelegatingMethodAccessorImpl.invoke(Unknown Source)
at java.lang.reflect.Method.invoke(Unknown Source)
at org.testng.internal.MethodInvocationHelper.invokeMethod(MethodInvocationHelper.java:124)
at org.testng.internal.Invoker.invokeMethod(Invoker.java:580)
at org.testng.internal.Invoker.invokeTestMethod(Invoker.java:716)
at org.testng.internal.TestMethodWithDataProviderMethodWorker.call(TestMethodWithDataProviderMethodWorker.java:71)
at org.testng.internal.TestMethodWithDataProviderMethodWorker.call(TestMethodWithDataProviderMethodWorker.java:14)
at java.util.concurrent.FutureTask.run(Unknown Source)
at java.util.concurrent.Executors$RunnableAdapter.call(Unknown Source)
at java.util.concurrent.FutureTask.run(Unknown Source)
at java.util.concurrent.ThreadPoolExecutor.runWorker(Unknown Source)
at java.util.concurrent.ThreadPoolExecutor$Worker.run(Unknown Source)
at java.lang.Thread.run(Unknown Source)
]]>
    </failure>
  </testcase> <!-- Add_Tracking_Number -->
  <testcase name="Add_Tracking_Number" time="0.535" classname="Test_Data_Generation.Add_Tracking_Numbers_To_User"/>
  <testcase name="Add_Tracking_Number" time="0.547" classname="Test_Data_Generation.Add_Tracking_Numbers_To_User"/>
  <testcase name="Add_Tracking_Number" time="0.603" classname="Test_Data_Generation.Add_Tracking_Numbers_To_User"/>
  <testcase name="Add_Tracking_Number" time="0.761" classname="Test_Data_Generation.Add_Tracking_Numbers_To_User"/>
  <testcase name="Add_Tracking_Number" time="0.701" classname="Test_Data_Generation.Add_Tracking_Numbers_To_User"/>
  <testcase name="Add_Tracking_Number" time="0.068" classname="Test_Data_Generation.Add_Tracking_Numbers_To_User"/>
  <testcase name="Add_Tracking_Number" time="0.501" classname="Test_Data_Generation.Add_Tracking_Numbers_To_User"/>
  <testcase name="Add_Tracking_Number" time="0.475" classname="Test_Data_Generation.Add_Tracking_Numbers_To_User"/>
  <testcase name="Add_Tracking_Number" time="0.486" classname="Test_Data_Generation.Add_Tracking_Numbers_To_User"/>
  <testcase name="Add_Tracking_Number" time="0.511" classname="Test_Data_Generation.Add_Tracking_Numbers_To_User"/>
  <testcase name="Add_Tracking_Number" time="0.486" classname="Test_Data_Generation.Add_Tracking_Numbers_To_User"/>
  <testcase name="Add_Tracking_Number" time="0.633" classname="Test_Data_Generation.Add_Tracking_Numbers_To_User"/>
  <testcase name="Add_Tracking_Number" time="0.451" classname="Test_Data_Generation.Add_Tracking_Numbers_To_User"/>
  <testcase name="Add_Tracking_Number" time="0.046" classname="Test_Data_Generation.Add_Tracking_Numbers_To_User"/>
  <testcase name="Add_Tracking_Number" time="0.447" classname="Test_Data_Generation.Add_Tracking_Numbers_To_User"/>
  <testcase name="Add_Tracking_Number" time="0.554" classname="Test_Data_Generation.Add_Tracking_Numbers_To_User"/>
  <testcase name="Add_Tracking_Number" time="0.053" classname="Test_Data_Generation.Add_Tracking_Numbers_To_User"/>
  <testcase name="Add_Tracking_Number" time="0.089" classname="Test_Data_Generation.Add_Tracking_Numbers_To_User"/>
  <testcase name="Add_Tracking_Number" time="0.464" classname="Test_Data_Generation.Add_Tracking_Numbers_To_User"/>
  <testcase name="Add_Tracking_Number" time="0.707" classname="Test_Data_Generation.Add_Tracking_Numbers_To_User"/>
  <testcase name="Add_Tracking_Number" time="0.541" classname="Test_Data_Generation.Add_Tracking_Numbers_To_User"/>
  <testcase name="Add_Tracking_Number" time="0.499" classname="Test_Data_Generation.Add_Tracking_Numbers_To_User"/>
  <testcase name="Add_Tracking_Number" time="0.046" classname="Test_Data_Generation.Add_Tracking_Numbers_To_User"/>
  <testcase name="Add_Tracking_Number" time="0.550" classname="Test_Data_Generation.Add_Tracking_Numbers_To_User"/>
  <testcase name="Add_Tracking_Number" time="0.453" classname="Test_Data_Generation.Add_Tracking_Numbers_To_User"/>
  <testcase name="Add_Tracking_Number" time="0.535" classname="Test_Data_Generation.Add_Tracking_Numbers_To_User"/>
  <testcase name="Add_Tracking_Number" time="0.472" classname="Test_Data_Generation.Add_Tracking_Numbers_To_User"/>
  <testcase name="Add_Tracking_Number" time="0.504" classname="Test_Data_Generation.Add_Tracking_Numbers_To_User"/>
  <testcase name="Add_Tracking_Number" time="0.661" classname="Test_Data_Generation.Add_Tracking_Numbers_To_User"/>
  <testcase name="Add_Tracking_Number" time="0.523" classname="Test_Data_Generation.Add_Tracking_Numbers_To_User"/>
  <testcase name="Add_Tracking_Number" time="0.508" classname="Test_Data_Generation.Add_Tracking_Numbers_To_User"/>
  <testcase name="Add_Tracking_Number" time="0.641" classname="Test_Data_Generation.Add_Tracking_Numbers_To_User"/>
  <testcase name="Add_Tracking_Number" time="0.639" classname="Test_Data_Generation.Add_Tracking_Numbers_To_User"/>
  <testcase name="Add_Tracking_Number" time="0.559" classname="Test_Data_Generation.Add_Tracking_Numbers_To_User"/>
  <testcase name="Add_Tracking_Number" time="0.510" classname="Test_Data_Generation.Add_Tracking_Numbers_To_User"/>
  <testcase name="Add_Tracking_Number" time="0.580" classname="Test_Data_Generation.Add_Tracking_Numbers_To_User"/>
  <testcase name="Add_Tracking_Number" time="0.559" classname="Test_Data_Generation.Add_Tracking_Numbers_To_User"/>
  <testcase name="Add_Tracking_Number" time="0.564" classname="Test_Data_Generation.Add_Tracking_Numbers_To_User"/>
  <testcase name="Add_Tracking_Number" time="0.606" classname="Test_Data_Generation.Add_Tracking_Numbers_To_User"/>
  <testcase name="Add_Tracking_Number" time="0.942" classname="Test_Data_Generation.Add_Tracking_Numbers_To_User"/>
  <testcase name="Add_Tracking_Number" time="0.593" classname="Test_Data_Generation.Add_Tracking_Numbers_To_User"/>
  <testcase name="Add_Tracking_Number" time="0.564" classname="Test_Data_Generation.Add_Tracking_Numbers_To_User"/>
  <testcase name="Add_Tracking_Number" time="0.323" classname="Test_Data_Generation.Add_Tracking_Numbers_To_User"/>
  <testcase name="Add_Tracking_Number" time="0.587" classname="Test_Data_Generation.Add_Tracking_Numbers_To_User"/>
  <testcase name="Add_Tracking_Number" time="0.143" classname="Test_Data_Generation.Add_Tracking_Numbers_To_User"/>
  <testcase name="Add_Tracking_Number" time="0.647" classname="Test_Data_Generation.Add_Tracking_Numbers_To_User"/>
  <testcase name="Add_Tracking_Number" time="0.621" classname="Test_Data_Generation.Add_Tracking_Numbers_To_User"/>
  <testcase name="Add_Tracking_Number" time="0.510" classname="Test_Data_Generation.Add_Tracking_Numbers_To_User"/>
  <testcase name="Add_Tracking_Number" time="0.455" classname="Test_Data_Generation.Add_Tracking_Numbers_To_User"/>
  <testcase name="Add_Tracking_Number" time="0.641" classname="Test_Data_Generation.Add_Tracking_Numbers_To_User"/>
  <testcase name="Add_Tracking_Number" time="0.563" classname="Test_Data_Generation.Add_Tracking_Numbers_To_User"/>
  <testcase name="Add_Tracking_Number" time="0.457" classname="Test_Data_Generation.Add_Tracking_Numbers_To_User"/>
  <testcase name="Add_Tracking_Number" time="0.557" classname="Test_Data_Generation.Add_Tracking_Numbers_To_User"/>
  <testcase name="Add_Tracking_Number" time="0.500" classname="Test_Data_Generation.Add_Tracking_Numbers_To_User"/>
  <testcase name="Add_Tracking_Number" time="0.508" classname="Test_Data_Generation.Add_Tracking_Numbers_To_User"/>
  <testcase name="Add_Tracking_Number" time="0.486" classname="Test_Data_Generation.Add_Tracking_Numbers_To_User"/>
  <testcase name="Add_Tracking_Number" time="0.831" classname="Test_Data_Generation.Add_Tracking_Numbers_To_User"/>
  <testcase name="Add_Tracking_Number" time="0.595" classname="Test_Data_Generation.Add_Tracking_Numbers_To_User"/>
  <testcase name="Add_Tracking_Number" time="0.473" classname="Test_Data_Generation.Add_Tracking_Numbers_To_User"/>
  <testcase name="Add_Tracking_Number" time="0.638" classname="Test_Data_Generation.Add_Tracking_Numbers_To_User"/>
  <testcase name="Add_Tracking_Number" time="0.536" classname="Test_Data_Generation.Add_Tracking_Numbers_To_User"/>
  <testcase name="Add_Tracking_Number" time="0.619" classname="Test_Data_Generation.Add_Tracking_Numbers_To_User"/>
  <testcase name="Add_Tracking_Number" time="0.522" classname="Test_Data_Generation.Add_Tracking_Numbers_To_User"/>
  <testcase name="Add_Tracking_Number" time="0.494" classname="Test_Data_Generation.Add_Tracking_Numbers_To_User"/>
  <testcase name="Add_Tracking_Number" time="0.662" classname="Test_Data_Generation.Add_Tracking_Numbers_To_User"/>
  <testcase name="Add_Tracking_Number" time="0.620" classname="Test_Data_Generation.Add_Tracking_Numbers_To_User"/>
  <testcase name="Add_Tracking_Number" time="0.550" classname="Test_Data_Generation.Add_Tracking_Numbers_To_User"/>
  <testcase name="Add_Tracking_Number" time="0.470" classname="Test_Data_Generation.Add_Tracking_Numbers_To_User"/>
  <testcase name="Add_Tracking_Number" time="0.713" classname="Test_Data_Generation.Add_Tracking_Numbers_To_User"/>
  <testcase name="Add_Tracking_Number" time="0.608" classname="Test_Data_Generation.Add_Tracking_Numbers_To_User"/>
  <testcase name="Add_Tracking_Number" time="0.496" classname="Test_Data_Generation.Add_Tracking_Numbers_To_User"/>
  <testcase name="Add_Tracking_Number" time="0.276" classname="Test_Data_Generation.Add_Tracking_Numbers_To_User"/>
  <testcase name="Add_Tracking_Number" time="0.756" classname="Test_Data_Generation.Add_Tracking_Numbers_To_User"/>
  <testcase name="Add_Tracking_Number" time="0.302" classname="Test_Data_Generation.Add_Tracking_Numbers_To_User"/>
  <testcase name="Add_Tracking_Number" time="0.580" classname="Test_Data_Generation.Add_Tracking_Numbers_To_User"/>
  <testcase name="Add_Tracking_Number" time="0.443" classname="Test_Data_Generation.Add_Tracking_Numbers_To_User"/>
  <testcase name="Add_Tracking_Number" time="0.587" classname="Test_Data_Generation.Add_Tracking_Numbers_To_User"/>
  <testcase name="Add_Tracking_Number" time="0.502" classname="Test_Data_Generation.Add_Tracking_Numbers_To_User"/>
  <testcase name="Add_Tracking_Number" time="0.482" classname="Test_Data_Generation.Add_Tracking_Numbers_To_User"/>
  <testcase name="Add_Tracking_Number" time="0.498" classname="Test_Data_Generation.Add_Tracking_Numbers_To_User"/>
  <testcase name="Add_Tracking_Number" time="0.581" classname="Test_Data_Generation.Add_Tracking_Numbers_To_User"/>
  <testcase name="Add_Tracking_Number" time="0.578" classname="Test_Data_Generation.Add_Tracking_Numbers_To_User"/>
  <testcase name="Add_Tracking_Number" time="1.085" classname="Test_Data_Generation.Add_Tracking_Numbers_To_User"/>
  <testcase name="Add_Tracking_Number" time="0.571" classname="Test_Data_Generation.Add_Tracking_Numbers_To_User"/>
  <testcase name="Add_Tracking_Number" time="0.617" classname="Test_Data_Generation.Add_Tracking_Numbers_To_User"/>
  <testcase name="Add_Tracking_Number" time="0.527" classname="Test_Data_Generation.Add_Tracking_Numbers_To_User"/>
  <testcase name="Add_Tracking_Number" time="0.577" classname="Test_Data_Generation.Add_Tracking_Numbers_To_User"/>
  <testcase name="Add_Tracking_Number" time="0.517" classname="Test_Data_Generation.Add_Tracking_Numbers_To_User"/>
  <testcase name="Add_Tracking_Number" time="0.460" classname="Test_Data_Generation.Add_Tracking_Numbers_To_User"/>
  <testcase name="Add_Tracking_Number" time="0.591" classname="Test_Data_Generation.Add_Tracking_Numbers_To_User"/>
  <testcase name="Add_Tracking_Number" time="0.533" classname="Test_Data_Generation.Add_Tracking_Numbers_To_User"/>
  <testcase name="Add_Tracking_Number" time="0.526" classname="Test_Data_Generation.Add_Tracking_Numbers_To_User"/>
  <testcase name="Add_Tracking_Number" time="0.562" classname="Test_Data_Generation.Add_Tracking_Numbers_To_User"/>
  <testcase name="Add_Tracking_Number" time="0.615" classname="Test_Data_Generation.Add_Tracking_Numbers_To_User"/>
  <testcase name="Add_Tracking_Number" time="0.522" classname="Test_Data_Generation.Add_Tracking_Numbers_To_User"/>
  <testcase name="Add_Tracking_Number" time="0.502" classname="Test_Data_Generation.Add_Tracking_Numbers_To_User"/>
  <testcase name="Add_Tracking_Number" time="0.519" classname="Test_Data_Generation.Add_Tracking_Numbers_To_User"/>
  <testcase name="Add_Tracking_Number" time="0.506" classname="Test_Data_Generation.Add_Tracking_Numbers_To_User"/>
  <testcase name="Add_Tracking_Number" time="0.609" classname="Test_Data_Generation.Add_Tracking_Numbers_To_User"/>
  <testcase name="Add_Tracking_Number" time="0.550" classname="Test_Data_Generation.Add_Tracking_Numbers_To_User"/>
  <testcase name="Add_Tracking_Number" time="0.318" classname="Test_Data_Generation.Add_Tracking_Numbers_To_User"/>
  <testcase name="Add_Tracking_Number" time="0.600" classname="Test_Data_Generation.Add_Tracking_Numbers_To_User"/>
  <testcase name="Add_Tracking_Number" time="0.562" classname="Test_Data_Generation.Add_Tracking_Numbers_To_User"/>
  <testcase name="Add_Tracking_Number" time="0.142" classname="Test_Data_Generation.Add_Tracking_Numbers_To_User"/>
  <testcase name="Add_Tracking_Number" time="0.601" classname="Test_Data_Generation.Add_Tracking_Numbers_To_User"/>
  <testcase name="Add_Tracking_Number" time="0.469" classname="Test_Data_Generation.Add_Tracking_Numbers_To_User"/>
  <testcase name="Add_Tracking_Number" time="0.645" classname="Test_Data_Generation.Add_Tracking_Numbers_To_User"/>
  <testcase name="Add_Tracking_Number" time="0.512" classname="Test_Data_Generation.Add_Tracking_Numbers_To_User"/>
  <testcase name="Add_Tracking_Number" time="0.490" classname="Test_Data_Generation.Add_Tracking_Numbers_To_User"/>
  <testcase name="Add_Tracking_Number" time="0.127" classname="Test_Data_Generation.Add_Tracking_Numbers_To_User"/>
  <testcase name="Add_Tracking_Number" time="0.499" classname="Test_Data_Generation.Add_Tracking_Numbers_To_User"/>
  <testcase name="Add_Tracking_Number" time="0.782" classname="Test_Data_Generation.Add_Tracking_Numbers_To_User"/>
  <testcase name="Add_Tracking_Number" time="0.748" classname="Test_Data_Generation.Add_Tracking_Numbers_To_User"/>
  <testcase name="Add_Tracking_Number" time="0.454" classname="Test_Data_Generation.Add_Tracking_Numbers_To_User"/>
  <testcase name="Add_Tracking_Number" time="0.509" classname="Test_Data_Generation.Add_Tracking_Numbers_To_User"/>
  <testcase name="Add_Tracking_Number" time="0.442" classname="Test_Data_Generation.Add_Tracking_Numbers_To_User"/>
  <testcase name="Add_Tracking_Number" time="0.474" classname="Test_Data_Generation.Add_Tracking_Numbers_To_User"/>
  <testcase name="Add_Tracking_Number" time="0.551" classname="Test_Data_Generation.Add_Tracking_Numbers_To_User"/>
  <testcase name="Add_Tracking_Number" time="0.500" classname="Test_Data_Generation.Add_Tracking_Numbers_To_User"/>
  <testcase name="Add_Tracking_Number" time="0.567" classname="Test_Data_Generation.Add_Tracking_Numbers_To_User"/>
  <testcase name="Add_Tracking_Number" time="0.452" classname="Test_Data_Generation.Add_Tracking_Numbers_To_User"/>
  <testcase name="Add_Tracking_Number" time="0.588" classname="Test_Data_Generation.Add_Tracking_Numbers_To_User"/>
  <testcase name="Add_Tracking_Number" time="0.666" classname="Test_Data_Generation.Add_Tracking_Numbers_To_User"/>
  <testcase name="Add_Tracking_Number" time="0.525" classname="Test_Data_Generation.Add_Tracking_Numbers_To_User"/>
  <testcase name="Add_Tracking_Number" time="0.574" classname="Test_Data_Generation.Add_Tracking_Numbers_To_User"/>
  <testcase name="Add_Tracking_Number" time="0.609" classname="Test_Data_Generation.Add_Tracking_Numbers_To_User"/>
  <testcase name="Add_Tracking_Number" time="0.481" classname="Test_Data_Generation.Add_Tracking_Numbers_To_User"/>
  <testcase name="Add_Tracking_Number" time="0.530" classname="Test_Data_Generation.Add_Tracking_Numbers_To_User"/>
  <testcase name="Add_Tracking_Number" time="0.326" classname="Test_Data_Generation.Add_Tracking_Numbers_To_User"/>
  <testcase name="Add_Tracking_Number" time="0.655" classname="Test_Data_Generation.Add_Tracking_Numbers_To_User"/>
  <testcase name="Add_Tracking_Number" time="0.510" classname="Test_Data_Generation.Add_Tracking_Numbers_To_User"/>
  <testcase name="Add_Tracking_Number" time="0.616" classname="Test_Data_Generation.Add_Tracking_Numbers_To_User"/>
  <testcase name="Add_Tracking_Number" time="0.610" classname="Test_Data_Generation.Add_Tracking_Numbers_To_User"/>
  <testcase name="Add_Tracking_Number" time="0.660" classname="Test_Data_Generation.Add_Tracking_Numbers_To_User"/>
  <testcase name="Add_Tracking_Number" time="0.488" classname="Test_Data_Generation.Add_Tracking_Numbers_To_User"/>
  <testcase name="Add_Tracking_Number" time="0.500" classname="Test_Data_Generation.Add_Tracking_Numbers_To_User"/>
  <testcase name="Add_Tracking_Number" time="0.512" classname="Test_Data_Generation.Add_Tracking_Numbers_To_User"/>
  <testcase name="Add_Tracking_Number" time="0.624" classname="Test_Data_Generation.Add_Tracking_Numbers_To_User"/>
  <testcase name="Add_Tracking_Number" time="0.486" classname="Test_Data_Generation.Add_Tracking_Numbers_To_User"/>
  <testcase name="Add_Tracking_Number" time="0.541" classname="Test_Data_Generation.Add_Tracking_Numbers_To_User"/>
  <testcase name="Add_Tracking_Number" time="0.450" classname="Test_Data_Generation.Add_Tracking_Numbers_To_User"/>
  <testcase name="Add_Tracking_Number" time="0.552" classname="Test_Data_Generation.Add_Tracking_Numbers_To_User"/>
  <testcase name="Add_Tracking_Number" time="0.553" classname="Test_Data_Generation.Add_Tracking_Numbers_To_User"/>
  <testcase name="Add_Tracking_Number" time="0.483" classname="Test_Data_Generation.Add_Tracking_Numbers_To_User"/>
  <testcase name="Add_Tracking_Number" time="0.563" classname="Test_Data_Generation.Add_Tracking_Numbers_To_User"/>
  <testcase name="Add_Tracking_Number" time="0.778" classname="Test_Data_Generation.Add_Tracking_Numbers_To_User"/>
  <testcase name="Add_Tracking_Number" time="0.393" classname="Test_Data_Generation.Add_Tracking_Numbers_To_User"/>
  <testcase name="Add_Tracking_Number" time="0.513" classname="Test_Data_Generation.Add_Tracking_Numbers_To_User"/>
  <testcase name="Add_Tracking_Number" time="0.654" classname="Test_Data_Generation.Add_Tracking_Numbers_To_User"/>
  <testcase name="Add_Tracking_Number" time="0.611" classname="Test_Data_Generation.Add_Tracking_Numbers_To_User"/>
  <testcase name="Add_Tracking_Number" time="0.511" classname="Test_Data_Generation.Add_Tracking_Numbers_To_User"/>
  <testcase name="Add_Tracking_Number" time="0.641" classname="Test_Data_Generation.Add_Tracking_Numbers_To_User"/>
  <testcase name="Add_Tracking_Number" time="0.572" classname="Test_Data_Generation.Add_Tracking_Numbers_To_User"/>
  <testcase name="Add_Tracking_Number" time="0.654" classname="Test_Data_Generation.Add_Tracking_Numbers_To_User"/>
  <testcase name="Add_Tracking_Number" time="0.500" classname="Test_Data_Generation.Add_Tracking_Numbers_To_User"/>
  <testcase name="Add_Tracking_Number" time="0.471" classname="Test_Data_Generation.Add_Tracking_Numbers_To_User"/>
  <testcase name="Add_Tracking_Number" time="0.482" classname="Test_Data_Generation.Add_Tracking_Numbers_To_User"/>
  <testcase name="Add_Tracking_Number" time="0.571" classname="Test_Data_Generation.Add_Tracking_Numbers_To_User"/>
  <testcase name="Add_Tracking_Number" time="0.506" classname="Test_Data_Generation.Add_Tracking_Numbers_To_User"/>
  <testcase name="Add_Tracking_Number" time="0.521" classname="Test_Data_Generation.Add_Tracking_Numbers_To_User"/>
  <testcase name="Add_Tracking_Number" time="0.560" classname="Test_Data_Generation.Add_Tracking_Numbers_To_User"/>
  <testcase name="Add_Tracking_Number" time="0.516" classname="Test_Data_Generation.Add_Tracking_Numbers_To_User"/>
  <testcase name="Add_Tracking_Number" time="0.474" classname="Test_Data_Generation.Add_Tracking_Numbers_To_User"/>
  <testcase name="Add_Tracking_Number" time="0.569" classname="Test_Data_Generation.Add_Tracking_Numbers_To_User"/>
  <testcase name="Add_Tracking_Number" time="0.614" classname="Test_Data_Generation.Add_Tracking_Numbers_To_User"/>
  <testcase name="Add_Tracking_Number" time="0.573" classname="Test_Data_Generation.Add_Tracking_Numbers_To_User"/>
  <testcase name="Add_Tracking_Number" time="0.512" classname="Test_Data_Generation.Add_Tracking_Numbers_To_User"/>
  <testcase name="Add_Tracking_Number" time="0.544" classname="Test_Data_Generation.Add_Tracking_Numbers_To_User"/>
  <testcase name="Add_Tracking_Number" time="0.563" classname="Test_Data_Generation.Add_Tracking_Numbers_To_User"/>
  <testcase name="Add_Tracking_Number" time="0.498" classname="Test_Data_Generation.Add_Tracking_Numbers_To_User"/>
  <testcase name="Add_Tracking_Number" time="0.654" classname="Test_Data_Generation.Add_Tracking_Numbers_To_User"/>
  <testcase name="Add_Tracking_Number" time="0.491" classname="Test_Data_Generation.Add_Tracking_Numbers_To_User"/>
  <testcase name="Add_Tracking_Number" time="0.597" classname="Test_Data_Generation.Add_Tracking_Numbers_To_User"/>
  <testcase name="Add_Tracking_Number" time="0.238" classname="Test_Data_Generation.Add_Tracking_Numbers_To_User"/>
  <testcase name="Add_Tracking_Number" time="0.486" classname="Test_Data_Generation.Add_Tracking_Numbers_To_User"/>
  <testcase name="Add_Tracking_Number" time="0.470" classname="Test_Data_Generation.Add_Tracking_Numbers_To_User"/>
  <testcase name="Add_Tracking_Number" time="0.759" classname="Test_Data_Generation.Add_Tracking_Numbers_To_User"/>
  <testcase name="Add_Tracking_Number" time="0.690" classname="Test_Data_Generation.Add_Tracking_Numbers_To_User"/>
  <testcase name="Add_Tracking_Number" time="0.578" classname="Test_Data_Generation.Add_Tracking_Numbers_To_User"/>
  <testcase name="Add_Tracking_Number" time="0.490" classname="Test_Data_Generation.Add_Tracking_Numbers_To_User"/>
  <testcase name="Add_Tracking_Number" time="0.560" classname="Test_Data_Generation.Add_Tracking_Numbers_To_User"/>
  <testcase name="Add_Tracking_Number" time="0.493" classname="Test_Data_Generation.Add_Tracking_Numbers_To_User"/>
  <testcase name="Add_Tracking_Number" time="0.596" classname="Test_Data_Generation.Add_Tracking_Numbers_To_User"/>
  <testcase name="Add_Tracking_Number" time="0.473" classname="Test_Data_Generation.Add_Tracking_Numbers_To_User"/>
  <testcase name="Add_Tracking_Number" time="0.846" classname="Test_Data_Generation.Add_Tracking_Numbers_To_User"/>
  <testcase name="Add_Tracking_Number" time="0.524" classname="Test_Data_Generation.Add_Tracking_Numbers_To_User"/>
  <testcase name="Add_Tracking_Number" time="0.615" classname="Test_Data_Generation.Add_Tracking_Numbers_To_User"/>
  <testcase name="Add_Tracking_Number" time="0.645" classname="Test_Data_Generation.Add_Tracking_Numbers_To_User"/>
  <testcase name="Add_Tracking_Number" time="0.053" classname="Test_Data_Generation.Add_Tracking_Numbers_To_User"/>
  <testcase name="Add_Tracking_Number" time="0.540" classname="Test_Data_Generation.Add_Tracking_Numbers_To_User"/>
  <testcase name="Add_Tracking_Number" time="0.579" classname="Test_Data_Generation.Add_Tracking_Numbers_To_User"/>
  <testcase name="Add_Tracking_Number" time="0.532" classname="Test_Data_Generation.Add_Tracking_Numbers_To_User"/>
  <testcase name="Add_Tracking_Number" time="0.628" classname="Test_Data_Generation.Add_Tracking_Numbers_To_User"/>
  <testcase name="Add_Tracking_Number" time="0.650" classname="Test_Data_Generation.Add_Tracking_Numbers_To_User"/>
  <testcase name="Add_Tracking_Number" time="0.570" classname="Test_Data_Generation.Add_Tracking_Numbers_To_User"/>
  <testcase name="Add_Tracking_Number" time="0.541" classname="Test_Data_Generation.Add_Tracking_Numbers_To_User"/>
  <testcase name="Add_Tracking_Number" time="0.550" classname="Test_Data_Generation.Add_Tracking_Numbers_To_User"/>
  <testcase name="Add_Tracking_Number" time="0.476" classname="Test_Data_Generation.Add_Tracking_Numbers_To_User"/>
  <testcase name="Add_Tracking_Number" time="0.595" classname="Test_Data_Generation.Add_Tracking_Numbers_To_User"/>
  <testcase name="Add_Tracking_Number" time="0.600" classname="Test_Data_Generation.Add_Tracking_Numbers_To_User"/>
  <testcase name="Add_Tracking_Number" time="0.511" classname="Test_Data_Generation.Add_Tracking_Numbers_To_User"/>
  <testcase name="Add_Tracking_Number" time="0.522" classname="Test_Data_Generation.Add_Tracking_Numbers_To_User"/>
  <testcase name="Add_Tracking_Number" time="0.556" classname="Test_Data_Generation.Add_Tracking_Numbers_To_User"/>
  <testcase name="Add_Tracking_Number" time="0.541" classname="Test_Data_Generation.Add_Tracking_Numbers_To_User"/>
  <testcase name="Add_Tracking_Number" time="0.578" classname="Test_Data_Generation.Add_Tracking_Numbers_To_User"/>
  <testcase name="Add_Tracking_Number" time="0.536" classname="Test_Data_Generation.Add_Tracking_Numbers_To_User"/>
  <testcase name="Add_Tracking_Number" time="0.521" classname="Test_Data_Generation.Add_Tracking_Numbers_To_User"/>
  <testcase name="Add_Tracking_Number" time="0.477" classname="Test_Data_Generation.Add_Tracking_Numbers_To_User"/>
  <testcase name="Add_Tracking_Number" time="0.506" classname="Test_Data_Generation.Add_Tracking_Numbers_To_User"/>
  <testcase name="Add_Tracking_Number" time="0.478" classname="Test_Data_Generation.Add_Tracking_Numbers_To_User"/>
  <testcase name="Add_Tracking_Number" time="0.774" classname="Test_Data_Generation.Add_Tracking_Numbers_To_User"/>
  <testcase name="Add_Tracking_Number" time="0.561" classname="Test_Data_Generation.Add_Tracking_Numbers_To_User"/>
  <testcase name="Add_Tracking_Number" time="0.577" classname="Test_Data_Generation.Add_Tracking_Numbers_To_User"/>
  <testcase name="Add_Tracking_Number" time="0.534" classname="Test_Data_Generation.Add_Tracking_Numbers_To_User"/>
  <testcase name="Add_Tracking_Number" time="0.668" classname="Test_Data_Generation.Add_Tracking_Numbers_To_User"/>
  <testcase name="Add_Tracking_Number" time="0.811" classname="Test_Data_Generation.Add_Tracking_Numbers_To_User"/>
  <testcase name="Add_Tracking_Number" time="0.437" classname="Test_Data_Generation.Add_Tracking_Numbers_To_User"/>
  <testcase name="Add_Tracking_Number" time="0.547" classname="Test_Data_Generation.Add_Tracking_Numbers_To_User"/>
  <testcase name="Add_Tracking_Number" time="0.466" classname="Test_Data_Generation.Add_Tracking_Numbers_To_User"/>
  <testcase name="Add_Tracking_Number" time="0.544" classname="Test_Data_Generation.Add_Tracking_Numbers_To_User"/>
  <testcase name="Add_Tracking_Number" time="0.642" classname="Test_Data_Generation.Add_Tracking_Numbers_To_User"/>
  <testcase name="Add_Tracking_Number" time="0.557" classname="Test_Data_Generation.Add_Tracking_Numbers_To_User"/>
  <testcase name="Add_Tracking_Number" time="0.528" classname="Test_Data_Generation.Add_Tracking_Numbers_To_User"/>
  <testcase name="Add_Tracking_Number" time="0.560" classname="Test_Data_Generation.Add_Tracking_Numbers_To_User"/>
  <testcase name="Add_Tracking_Number" time="0.507" classname="Test_Data_Generation.Add_Tracking_Numbers_To_User"/>
  <testcase name="Add_Tracking_Number" time="0.639" classname="Test_Data_Generation.Add_Tracking_Numbers_To_User"/>
  <testcase name="Add_Tracking_Number" time="0.483" classname="Test_Data_Generation.Add_Tracking_Numbers_To_User"/>
  <testcase name="Add_Tracking_Number" time="0.713" classname="Test_Data_Generation.Add_Tracking_Numbers_To_User"/>
  <testcase name="Add_Tracking_Number" time="0.779" classname="Test_Data_Generation.Add_Tracking_Numbers_To_User"/>
  <testcase name="Add_Tracking_Number" time="0.634" classname="Test_Data_Generation.Add_Tracking_Numbers_To_User"/>
  <testcase name="Add_Tracking_Number" time="0.586" classname="Test_Data_Generation.Add_Tracking_Numbers_To_User"/>
  <testcase name="Add_Tracking_Number" time="0.572" classname="Test_Data_Generation.Add_Tracking_Numbers_To_User"/>
  <testcase name="Add_Tracking_Number" time="0.532" classname="Test_Data_Generation.Add_Tracking_Numbers_To_User"/>
  <testcase name="Add_Tracking_Number" time="0.467" classname="Test_Data_Generation.Add_Tracking_Numbers_To_User"/>
  <testcase name="Add_Tracking_Number" time="1.864" classname="Test_Data_Generation.Add_Tracking_Numbers_To_User"/>
  <testcase name="Add_Tracking_Number" time="0.790" classname="Test_Data_Generation.Add_Tracking_Numbers_To_User"/>
  <testcase name="Add_Tracking_Number" time="0.505" classname="Test_Data_Generation.Add_Tracking_Numbers_To_User"/>
  <testcase name="Add_Tracking_Number" time="0.561" classname="Test_Data_Generation.Add_Tracking_Numbers_To_User"/>
  <testcase name="Add_Tracking_Number" time="0.600" classname="Test_Data_Generation.Add_Tracking_Numbers_To_User"/>
  <testcase name="Add_Tracking_Number" time="0.535" classname="Test_Data_Generation.Add_Tracking_Numbers_To_User"/>
  <testcase name="Add_Tracking_Number" time="0.717" classname="Test_Data_Generation.Add_Tracking_Numbers_To_User"/>
  <testcase name="Add_Tracking_Number" time="0.458" classname="Test_Data_Generation.Add_Tracking_Numbers_To_User"/>
  <testcase name="Add_Tracking_Number" time="0.565" classname="Test_Data_Generation.Add_Tracking_Numbers_To_User"/>
  <testcase name="Add_Tracking_Number" time="0.833" classname="Test_Data_Generation.Add_Tracking_Numbers_To_User"/>
  <testcase name="Add_Tracking_Number" time="0.501" classname="Test_Data_Generation.Add_Tracking_Numbers_To_User"/>
  <testcase name="Add_Tracking_Number" time="0.704" classname="Test_Data_Generation.Add_Tracking_Numbers_To_User"/>
  <testcase name="Add_Tracking_Number" time="0.164" classname="Test_Data_Generation.Add_Tracking_Numbers_To_User"/>
  <testcase name="Add_Tracking_Number" time="0.496" classname="Test_Data_Generation.Add_Tracking_Numbers_To_User"/>
  <testcase name="Add_Tracking_Number" time="0.515" classname="Test_Data_Generation.Add_Tracking_Numbers_To_User"/>
  <testcase name="Add_Tracking_Number" time="0.515" classname="Test_Data_Generation.Add_Tracking_Numbers_To_User"/>
  <testcase name="Add_Tracking_Number" time="0.487" classname="Test_Data_Generation.Add_Tracking_Numbers_To_User"/>
  <testcase name="Add_Tracking_Number" time="0.541" classname="Test_Data_Generation.Add_Tracking_Numbers_To_User"/>
  <testcase name="Add_Tracking_Number" time="0.513" classname="Test_Data_Generation.Add_Tracking_Numbers_To_User"/>
  <testcase name="Add_Tracking_Number" time="0.532" classname="Test_Data_Generation.Add_Tracking_Numbers_To_User"/>
  <testcase name="Add_Tracking_Number" time="0.539" classname="Test_Data_Generation.Add_Tracking_Numbers_To_User"/>
  <testcase name="Add_Tracking_Number" time="0.598" classname="Test_Data_Generation.Add_Tracking_Numbers_To_User"/>
  <testcase name="Add_Tracking_Number" time="0.472" classname="Test_Data_Generation.Add_Tracking_Numbers_To_User"/>
  <testcase name="Add_Tracking_Number" time="1.403" classname="Test_Data_Generation.Add_Tracking_Numbers_To_User"/>
  <testcase name="Add_Tracking_Number" time="0.229" classname="Test_Data_Generation.Add_Tracking_Numbers_To_User"/>
  <testcase name="Add_Tracking_Number" time="0.520" classname="Test_Data_Generation.Add_Tracking_Numbers_To_User"/>
  <testcase name="Add_Tracking_Number" time="0.520" classname="Test_Data_Generation.Add_Tracking_Numbers_To_User"/>
  <testcase name="Add_Tracking_Number" time="0.588" classname="Test_Data_Generation.Add_Tracking_Numbers_To_User"/>
  <testcase name="Add_Tracking_Number" time="0.530" classname="Test_Data_Generation.Add_Tracking_Numbers_To_User"/>
  <testcase name="Add_Tracking_Number" time="0.523" classname="Test_Data_Generation.Add_Tracking_Numbers_To_User"/>
  <testcase name="Add_Tracking_Number" time="0.508" classname="Test_Data_Generation.Add_Tracking_Numbers_To_User"/>
  <testcase name="Add_Tracking_Number" time="0.528" classname="Test_Data_Generation.Add_Tracking_Numbers_To_User"/>
  <testcase name="Add_Tracking_Number" time="0.618" classname="Test_Data_Generation.Add_Tracking_Numbers_To_User"/>
  <testcase name="Add_Tracking_Number" time="0.489" classname="Test_Data_Generation.Add_Tracking_Numbers_To_User"/>
  <testcase name="Add_Tracking_Number" time="0.744" classname="Test_Data_Generation.Add_Tracking_Numbers_To_User"/>
  <testcase name="Add_Tracking_Number" time="0.542" classname="Test_Data_Generation.Add_Tracking_Numbers_To_User"/>
  <testcase name="Add_Tracking_Number" time="0.675" classname="Test_Data_Generation.Add_Tracking_Numbers_To_User"/>
  <testcase name="Add_Tracking_Number" time="0.553" classname="Test_Data_Generation.Add_Tracking_Numbers_To_User"/>
  <testcase name="Add_Tracking_Number" time="0.575" classname="Test_Data_Generation.Add_Tracking_Numbers_To_User"/>
  <testcase name="Add_Tracking_Number" time="0.500" classname="Test_Data_Generation.Add_Tracking_Numbers_To_User"/>
  <testcase name="Add_Tracking_Number" time="0.536" classname="Test_Data_Generation.Add_Tracking_Numbers_To_User"/>
  <testcase name="Add_Tracking_Number" time="0.556" classname="Test_Data_Generation.Add_Tracking_Numbers_To_User"/>
  <testcase name="Add_Tracking_Number" time="0.617" classname="Test_Data_Generation.Add_Tracking_Numbers_To_User"/>
  <testcase name="Add_Tracking_Number" time="0.725" classname="Test_Data_Generation.Add_Tracking_Numbers_To_User"/>
  <testcase name="Add_Tracking_Number" time="0.555" classname="Test_Data_Generation.Add_Tracking_Numbers_To_User"/>
  <testcase name="Add_Tracking_Number" time="0.116" classname="Test_Data_Generation.Add_Tracking_Numbers_To_User"/>
  <testcase name="Add_Tracking_Number" time="0.397" classname="Test_Data_Generation.Add_Tracking_Numbers_To_User"/>
  <testcase name="Add_Tracking_Number" time="0.538" classname="Test_Data_Generation.Add_Tracking_Numbers_To_User"/>
  <testcase name="Add_Tracking_Number" time="0.578" classname="Test_Data_Generation.Add_Tracking_Numbers_To_User"/>
  <testcase name="Add_Tracking_Number" time="0.649" classname="Test_Data_Generation.Add_Tracking_Numbers_To_User"/>
  <testcase name="Add_Tracking_Number" time="0.589" classname="Test_Data_Generation.Add_Tracking_Numbers_To_User"/>
  <testcase name="Add_Tracking_Number" time="0.571" classname="Test_Data_Generation.Add_Tracking_Numbers_To_User"/>
  <testcase name="Add_Tracking_Number" time="0.509" classname="Test_Data_Generation.Add_Tracking_Numbers_To_User"/>
  <testcase name="Add_Tracking_Number" time="0.601" classname="Test_Data_Generation.Add_Tracking_Numbers_To_User"/>
  <testcase name="Add_Tracking_Number" time="0.503" classname="Test_Data_Generation.Add_Tracking_Numbers_To_User"/>
  <testcase name="Add_Tracking_Number" time="0.708" classname="Test_Data_Generation.Add_Tracking_Numbers_To_User"/>
  <testcase name="Add_Tracking_Number" time="0.452" classname="Test_Data_Generation.Add_Tracking_Numbers_To_User"/>
  <testcase name="Add_Tracking_Number" time="0.643" classname="Test_Data_Generation.Add_Tracking_Numbers_To_User"/>
  <testcase name="Add_Tracking_Number" time="0.501" classname="Test_Data_Generation.Add_Tracking_Numbers_To_User"/>
  <testcase name="Add_Tracking_Number" time="0.900" classname="Test_Data_Generation.Add_Tracking_Numbers_To_User"/>
  <testcase name="Add_Tracking_Number" time="0.484" classname="Test_Data_Generation.Add_Tracking_Numbers_To_User"/>
  <testcase name="Add_Tracking_Number" time="0.626" classname="Test_Data_Generation.Add_Tracking_Numbers_To_User"/>
  <testcase name="Add_Tracking_Number" time="0.538" classname="Test_Data_Generation.Add_Tracking_Numbers_To_User"/>
  <testcase name="Add_Tracking_Number" time="0.535" classname="Test_Data_Generation.Add_Tracking_Numbers_To_User"/>
  <testcase name="Add_Tracking_Number" time="0.665" classname="Test_Data_Generation.Add_Tracking_Numbers_To_User"/>
  <testcase name="Add_Tracking_Number" time="0.530" classname="Test_Data_Generation.Add_Tracking_Numbers_To_User"/>
  <testcase name="Add_Tracking_Number" time="0.663" classname="Test_Data_Generation.Add_Tracking_Numbers_To_User"/>
  <testcase name="Add_Tracking_Number" time="0.629" classname="Test_Data_Generation.Add_Tracking_Numbers_To_User"/>
  <testcase name="Add_Tracking_Number" time="0.577" classname="Test_Data_Generation.Add_Tracking_Numbers_To_User"/>
  <testcase name="Add_Tracking_Number" time="0.535" classname="Test_Data_Generation.Add_Tracking_Numbers_To_User"/>
  <testcase name="Add_Tracking_Number" time="0.453" classname="Test_Data_Generation.Add_Tracking_Numbers_To_User"/>
  <testcase name="Add_Tracking_Number" time="0.596" classname="Test_Data_Generation.Add_Tracking_Numbers_To_User"/>
  <testcase name="Add_Tracking_Number" time="0.619" classname="Test_Data_Generation.Add_Tracking_Numbers_To_User"/>
  <testcase name="Add_Tracking_Number" time="0.502" classname="Test_Data_Generation.Add_Tracking_Numbers_To_User"/>
  <testcase name="Add_Tracking_Number" time="0.550" classname="Test_Data_Generation.Add_Tracking_Numbers_To_User"/>
  <testcase name="Add_Tracking_Number" time="0.585" classname="Test_Data_Generation.Add_Tracking_Numbers_To_User"/>
  <testcase name="Add_Tracking_Number" time="0.541" classname="Test_Data_Generation.Add_Tracking_Numbers_To_User"/>
  <testcase name="Add_Tracking_Number" time="0.530" classname="Test_Data_Generation.Add_Tracking_Numbers_To_User"/>
  <testcase name="Add_Tracking_Number" time="0.626" classname="Test_Data_Generation.Add_Tracking_Numbers_To_User"/>
  <testcase name="Add_Tracking_Number" time="0.573" classname="Test_Data_Generation.Add_Tracking_Numbers_To_User"/>
  <testcase name="Add_Tracking_Number" time="0.531" classname="Test_Data_Generation.Add_Tracking_Numbers_To_User"/>
  <testcase name="Add_Tracking_Number" time="0.535" classname="Test_Data_Generation.Add_Tracking_Numbers_To_User"/>
  <testcase name="Add_Tracking_Number" time="0.520" classname="Test_Data_Generation.Add_Tracking_Numbers_To_User"/>
  <testcase name="Add_Tracking_Number" time="0.489" classname="Test_Data_Generation.Add_Tracking_Numbers_To_User"/>
  <testcase name="Add_Tracking_Number" time="0.635" classname="Test_Data_Generation.Add_Tracking_Numbers_To_User"/>
  <testcase name="Add_Tracking_Number" time="0.516" classname="Test_Data_Generation.Add_Tracking_Numbers_To_User"/>
  <testcase name="Add_Tracking_Number" time="0.528" classname="Test_Data_Generation.Add_Tracking_Numbers_To_User"/>
  <testcase name="Add_Tracking_Number" time="0.597" classname="Test_Data_Generation.Add_Tracking_Numbers_To_User"/>
  <testcase name="Add_Tracking_Number" time="0.502" classname="Test_Data_Generation.Add_Tracking_Numbers_To_User"/>
  <testcase name="Add_Tracking_Number" time="0.537" classname="Test_Data_Generation.Add_Tracking_Numbers_To_User"/>
  <testcase name="Add_Tracking_Number" time="0.532" classname="Test_Data_Generation.Add_Tracking_Numbers_To_User"/>
  <testcase name="Add_Tracking_Number" time="0.657" classname="Test_Data_Generation.Add_Tracking_Numbers_To_User"/>
  <testcase name="Add_Tracking_Number" time="0.478" classname="Test_Data_Generation.Add_Tracking_Numbers_To_User"/>
  <testcase name="Add_Tracking_Number" time="0.614" classname="Test_Data_Generation.Add_Tracking_Numbers_To_User"/>
  <testcase name="Add_Tracking_Number" time="0.450" classname="Test_Data_Generation.Add_Tracking_Numbers_To_User"/>
  <testcase name="Add_Tracking_Number" time="0.565" classname="Test_Data_Generation.Add_Tracking_Numbers_To_User"/>
  <testcase name="Add_Tracking_Number" time="1.445" classname="Test_Data_Generation.Add_Tracking_Numbers_To_User"/>
  <testcase name="Add_Tracking_Number" time="0.539" classname="Test_Data_Generation.Add_Tracking_Numbers_To_User"/>
  <testcase name="Add_Tracking_Number" time="0.503" classname="Test_Data_Generation.Add_Tracking_Numbers_To_User"/>
  <testcase name="Add_Tracking_Number" time="0.474" classname="Test_Data_Generation.Add_Tracking_Numbers_To_User"/>
  <testcase name="Add_Tracking_Number" time="0.515" classname="Test_Data_Generation.Add_Tracking_Numbers_To_User"/>
  <testcase name="Add_Tracking_Number" time="0.623" classname="Test_Data_Generation.Add_Tracking_Numbers_To_User"/>
  <testcase name="Add_Tracking_Number" time="0.576" classname="Test_Data_Generation.Add_Tracking_Numbers_To_User"/>
  <testcase name="Add_Tracking_Number" time="0.561" classname="Test_Data_Generation.Add_Tracking_Numbers_To_User"/>
  <testcase name="Add_Tracking_Number" time="0.581" classname="Test_Data_Generation.Add_Tracking_Numbers_To_User"/>
  <testcase name="Add_Tracking_Number" time="0.545" classname="Test_Data_Generation.Add_Tracking_Numbers_To_User"/>
  <testcase name="Add_Tracking_Number" time="0.573" classname="Test_Data_Generation.Add_Tracking_Numbers_To_User"/>
  <testcase name="Add_Tracking_Number" time="0.665" classname="Test_Data_Generation.Add_Tracking_Numbers_To_User"/>
  <testcase name="Add_Tracking_Number" time="8.701" classname="Test_Data_Generation.Add_Tracking_Numbers_To_User"/>
  <testcase name="Add_Tracking_Number" time="7.244" classname="Test_Data_Generation.Add_Tracking_Numbers_To_User"/>
  <testcase name="Add_Tracking_Number" time="0.490" classname="Test_Data_Generation.Add_Tracking_Numbers_To_User"/>
  <testcase name="Add_Tracking_Number" time="0.497" classname="Test_Data_Generation.Add_Tracking_Numbers_To_User"/>
  <testcase name="Add_Tracking_Number" time="0.624" classname="Test_Data_Generation.Add_Tracking_Numbers_To_User"/>
  <testcase name="Add_Tracking_Number" time="0.596" classname="Test_Data_Generation.Add_Tracking_Numbers_To_User"/>
  <testcase name="Add_Tracking_Number" time="0.544" classname="Test_Data_Generation.Add_Tracking_Numbers_To_User"/>
  <testcase name="Add_Tracking_Number" time="0.569" classname="Test_Data_Generation.Add_Tracking_Numbers_To_User"/>
  <testcase name="Add_Tracking_Number" time="0.601" classname="Test_Data_Generation.Add_Tracking_Numbers_To_User"/>
  <testcase name="Add_Tracking_Number" time="0.498" classname="Test_Data_Generation.Add_Tracking_Numbers_To_User"/>
  <testcase name="Add_Tracking_Number" time="0.590" classname="Test_Data_Generation.Add_Tracking_Numbers_To_User"/>
  <testcase name="Add_Tracking_Number" time="0.681" classname="Test_Data_Generation.Add_Tracking_Numbers_To_User"/>
  <testcase name="Add_Tracking_Number" time="0.621" classname="Test_Data_Generation.Add_Tracking_Numbers_To_User"/>
  <testcase name="Add_Tracking_Number" time="0.679" classname="Test_Data_Generation.Add_Tracking_Numbers_To_User"/>
  <testcase name="Add_Tracking_Number" time="0.467" classname="Test_Data_Generation.Add_Tracking_Numbers_To_User"/>
  <testcase name="Add_Tracking_Number" time="0.473" classname="Test_Data_Generation.Add_Tracking_Numbers_To_User"/>
  <testcase name="Add_Tracking_Number" time="0.645" classname="Test_Data_Generation.Add_Tracking_Numbers_To_User"/>
  <testcase name="Add_Tracking_Number" time="0.495" classname="Test_Data_Generation.Add_Tracking_Numbers_To_User"/>
  <testcase name="Add_Tracking_Number" time="0.444" classname="Test_Data_Generation.Add_Tracking_Numbers_To_User"/>
  <testcase name="Add_Tracking_Number" time="0.506" classname="Test_Data_Generation.Add_Tracking_Numbers_To_User"/>
  <testcase name="Add_Tracking_Number" time="0.547" classname="Test_Data_Generation.Add_Tracking_Numbers_To_User"/>
  <testcase name="Add_Tracking_Number" time="0.676" classname="Test_Data_Generation.Add_Tracking_Numbers_To_User"/>
  <testcase name="Add_Tracking_Number" time="0.503" classname="Test_Data_Generation.Add_Tracking_Numbers_To_User"/>
  <testcase name="Add_Tracking_Number" time="0.649" classname="Test_Data_Generation.Add_Tracking_Numbers_To_User"/>
  <testcase name="Add_Tracking_Number" time="0.480" classname="Test_Data_Generation.Add_Tracking_Numbers_To_User"/>
  <testcase name="Add_Tracking_Number" time="0.544" classname="Test_Data_Generation.Add_Tracking_Numbers_To_User"/>
  <testcase name="Add_Tracking_Number" time="0.552" classname="Test_Data_Generation.Add_Tracking_Numbers_To_User"/>
  <testcase name="Add_Tracking_Number" time="0.582" classname="Test_Data_Generation.Add_Tracking_Numbers_To_User"/>
  <testcase name="Add_Tracking_Number" time="0.579" classname="Test_Data_Generation.Add_Tracking_Numbers_To_User"/>
  <testcase name="Add_Tracking_Number" time="0.667" classname="Test_Data_Generation.Add_Tracking_Numbers_To_User"/>
  <testcase name="Add_Tracking_Number" time="0.772" classname="Test_Data_Generation.Add_Tracking_Numbers_To_User"/>
  <testcase name="Add_Tracking_Number" time="0.539" classname="Test_Data_Generation.Add_Tracking_Numbers_To_User"/>
  <testcase name="Add_Tracking_Number" time="0.508" classname="Test_Data_Generation.Add_Tracking_Numbers_To_User"/>
  <testcase name="Add_Tracking_Number" time="0.498" classname="Test_Data_Generation.Add_Tracking_Numbers_To_User"/>
  <testcase name="Add_Tracking_Number" time="0.649" classname="Test_Data_Generation.Add_Tracking_Numbers_To_User"/>
  <testcase name="Add_Tracking_Number" time="0.490" classname="Test_Data_Generation.Add_Tracking_Numbers_To_User"/>
  <testcase name="Add_Tracking_Number" time="0.424" classname="Test_Data_Generation.Add_Tracking_Numbers_To_User"/>
  <testcase name="Add_Tracking_Number" time="0.521" classname="Test_Data_Generation.Add_Tracking_Numbers_To_User"/>
  <testcase name="Add_Tracking_Number" time="0.563" classname="Test_Data_Generation.Add_Tracking_Numbers_To_User"/>
  <testcase name="Add_Tracking_Number" time="0.568" classname="Test_Data_Generation.Add_Tracking_Numbers_To_User"/>
  <testcase name="Add_Tracking_Number" time="0.560" classname="Test_Data_Generation.Add_Tracking_Numbers_To_User"/>
  <testcase name="Add_Tracking_Number" time="0.583" classname="Test_Data_Generation.Add_Tracking_Numbers_To_User"/>
  <testcase name="Add_Tracking_Number" time="0.544" classname="Test_Data_Generation.Add_Tracking_Numbers_To_User"/>
  <testcase name="Add_Tracking_Number" time="0.569" classname="Test_Data_Generation.Add_Tracking_Numbers_To_User"/>
  <testcase name="Add_Tracking_Number" time="0.584" classname="Test_Data_Generation.Add_Tracking_Numbers_To_User"/>
  <testcase name="Add_Tracking_Number" time="0.516" classname="Test_Data_Generation.Add_Tracking_Numbers_To_User"/>
  <testcase name="Add_Tracking_Number" time="0.586" classname="Test_Data_Generation.Add_Tracking_Numbers_To_User"/>
  <testcase name="Add_Tracking_Number" time="0.466" classname="Test_Data_Generation.Add_Tracking_Numbers_To_User"/>
  <testcase name="Add_Tracking_Number" time="0.449" classname="Test_Data_Generation.Add_Tracking_Numbers_To_User"/>
  <testcase name="Add_Tracking_Number" time="0.581" classname="Test_Data_Generation.Add_Tracking_Numbers_To_User"/>
  <testcase name="Add_Tracking_Number" time="0.557" classname="Test_Data_Generation.Add_Tracking_Numbers_To_User"/>
  <testcase name="Add_Tracking_Number" time="0.513" classname="Test_Data_Generation.Add_Tracking_Numbers_To_User"/>
  <testcase name="Add_Tracking_Number" time="0.534" classname="Test_Data_Generation.Add_Tracking_Numbers_To_User"/>
  <testcase name="Add_Tracking_Number" time="0.523" classname="Test_Data_Generation.Add_Tracking_Numbers_To_User"/>
  <testcase name="Add_Tracking_Number" time="0.585" classname="Test_Data_Generation.Add_Tracking_Numbers_To_User"/>
  <testcase name="Add_Tracking_Number" time="0.554" classname="Test_Data_Generation.Add_Tracking_Numbers_To_User"/>
  <testcase name="Add_Tracking_Number" time="0.477" classname="Test_Data_Generation.Add_Tracking_Numbers_To_User"/>
  <testcase name="Add_Tracking_Number" time="0.509" classname="Test_Data_Generation.Add_Tracking_Numbers_To_User"/>
  <testcase name="Add_Tracking_Number" time="0.495" classname="Test_Data_Generation.Add_Tracking_Numbers_To_User"/>
  <testcase name="Add_Tracking_Number" time="0.549" classname="Test_Data_Generation.Add_Tracking_Numbers_To_User"/>
  <testcase name="Add_Tracking_Number" time="0.532" classname="Test_Data_Generation.Add_Tracking_Numbers_To_User"/>
  <testcase name="Add_Tracking_Number" time="0.550" classname="Test_Data_Generation.Add_Tracking_Numbers_To_User"/>
  <testcase name="Add_Tracking_Number" time="0.571" classname="Test_Data_Generation.Add_Tracking_Numbers_To_User"/>
  <testcase name="Add_Tracking_Number" time="0.517" classname="Test_Data_Generation.Add_Tracking_Numbers_To_User"/>
  <testcase name="Add_Tracking_Number" time="0.503" classname="Test_Data_Generation.Add_Tracking_Numbers_To_User"/>
  <testcase name="Add_Tracking_Number" time="0.702" classname="Test_Data_Generation.Add_Tracking_Numbers_To_User"/>
  <testcase name="Add_Tracking_Number" time="0.522" classname="Test_Data_Generation.Add_Tracking_Numbers_To_User"/>
  <testcase name="Add_Tracking_Number" time="0.684" classname="Test_Data_Generation.Add_Tracking_Numbers_To_User"/>
  <testcase name="Add_Tracking_Number" time="0.461" classname="Test_Data_Generation.Add_Tracking_Numbers_To_User"/>
  <testcase name="Add_Tracking_Number" time="0.555" classname="Test_Data_Generation.Add_Tracking_Numbers_To_User"/>
  <testcase name="Add_Tracking_Number" time="0.440" classname="Test_Data_Generation.Add_Tracking_Numbers_To_User"/>
  <testcase name="Add_Tracking_Number" time="0.444" classname="Test_Data_Generation.Add_Tracking_Numbers_To_User"/>
  <testcase name="Add_Tracking_Number" time="0.630" classname="Test_Data_Generation.Add_Tracking_Numbers_To_User"/>
  <testcase name="Add_Tracking_Number" time="0.541" classname="Test_Data_Generation.Add_Tracking_Numbers_To_User"/>
  <testcase name="Add_Tracking_Number" time="0.638" classname="Test_Data_Generation.Add_Tracking_Numbers_To_User"/>
  <testcase name="Add_Tracking_Number" time="0.535" classname="Test_Data_Generation.Add_Tracking_Numbers_To_User"/>
  <testcase name="Add_Tracking_Number" time="0.544" classname="Test_Data_Generation.Add_Tracking_Numbers_To_User"/>
  <testcase name="Add_Tracking_Number" time="0.547" classname="Test_Data_Generation.Add_Tracking_Numbers_To_User"/>
  <testcase name="Add_Tracking_Number" time="0.486" classname="Test_Data_Generation.Add_Tracking_Numbers_To_User"/>
  <testcase name="Add_Tracking_Number" time="0.573" classname="Test_Data_Generation.Add_Tracking_Numbers_To_User"/>
  <testcase name="Add_Tracking_Number" time="0.514" classname="Test_Data_Generation.Add_Tracking_Numbers_To_User"/>
  <testcase name="Add_Tracking_Number" time="0.554" classname="Test_Data_Generation.Add_Tracking_Numbers_To_User"/>
  <testcase name="Add_Tracking_Number" time="0.583" classname="Test_Data_Generation.Add_Tracking_Numbers_To_User"/>
  <testcase name="Add_Tracking_Number" time="0.484" classname="Test_Data_Generation.Add_Tracking_Numbers_To_User"/>
  <testcase name="Add_Tracking_Number" time="0.461" classname="Test_Data_Generation.Add_Tracking_Numbers_To_User"/>
  <testcase name="Add_Tracking_Number" time="0.585" classname="Test_Data_Generation.Add_Tracking_Numbers_To_User"/>
  <testcase name="Add_Tracking_Number" time="0.501" classname="Test_Data_Generation.Add_Tracking_Numbers_To_User"/>
  <testcase name="Add_Tracking_Number" time="0.479" classname="Test_Data_Generation.Add_Tracking_Numbers_To_User"/>
  <testcase name="Add_Tracking_Number" time="0.511" classname="Test_Data_Generation.Add_Tracking_Numbers_To_User"/>
  <testcase name="Add_Tracking_Number" time="0.520" classname="Test_Data_Generation.Add_Tracking_Numbers_To_User"/>
  <testcase name="Add_Tracking_Number" time="0.592" classname="Test_Data_Generation.Add_Tracking_Numbers_To_User"/>
  <testcase name="Add_Tracking_Number" time="0.493" classname="Test_Data_Generation.Add_Tracking_Numbers_To_User"/>
  <testcase name="Add_Tracking_Number" time="0.508" classname="Test_Data_Generation.Add_Tracking_Numbers_To_User"/>
  <testcase name="Add_Tracking_Number" time="0.499" classname="Test_Data_Generation.Add_Tracking_Numbers_To_User"/>
  <testcase name="Add_Tracking_Number" time="0.106" classname="Test_Data_Generation.Add_Tracking_Numbers_To_User"/>
  <testcase name="Add_Tracking_Number" time="0.538" classname="Test_Data_Generation.Add_Tracking_Numbers_To_User"/>
  <testcase name="Add_Tracking_Number" time="0.137" classname="Test_Data_Generation.Add_Tracking_Numbers_To_User"/>
  <testcase name="Add_Tracking_Number" time="0.785" classname="Test_Data_Generation.Add_Tracking_Numbers_To_User"/>
  <testcase name="Add_Tracking_Number" time="0.540" classname="Test_Data_Generation.Add_Tracking_Numbers_To_User"/>
  <testcase name="Add_Tracking_Number" time="0.630" classname="Test_Data_Generation.Add_Tracking_Numbers_To_User"/>
  <testcase name="Add_Tracking_Number" time="0.560" classname="Test_Data_Generation.Add_Tracking_Numbers_To_User"/>
  <testcase name="Add_Tracking_Number" time="0.579" classname="Test_Data_Generation.Add_Tracking_Numbers_To_User"/>
  <testcase name="Add_Tracking_Number" time="0.663" classname="Test_Data_Generation.Add_Tracking_Numbers_To_User"/>
  <testcase name="Add_Tracking_Number" time="0.716" classname="Test_Data_Generation.Add_Tracking_Numbers_To_User"/>
  <testcase name="Add_Tracking_Number" time="0.578" classname="Test_Data_Generation.Add_Tracking_Numbers_To_User"/>
  <testcase name="Add_Tracking_Number" time="0.524" classname="Test_Data_Generation.Add_Tracking_Numbers_To_User"/>
  <testcase name="Add_Tracking_Number" time="0.587" classname="Test_Data_Generation.Add_Tracking_Numbers_To_User"/>
  <testcase name="Add_Tracking_Number" time="0.562" classname="Test_Data_Generation.Add_Tracking_Numbers_To_User"/>
  <testcase name="Add_Tracking_Number" time="0.578" classname="Test_Data_Generation.Add_Tracking_Numbers_To_User"/>
  <testcase name="Add_Tracking_Number" time="0.572" classname="Test_Data_Generation.Add_Tracking_Numbers_To_User"/>
  <testcase name="Add_Tracking_Number" time="0.466" classname="Test_Data_Generation.Add_Tracking_Numbers_To_User"/>
  <testcase name="Add_Tracking_Number" time="0.464" classname="Test_Data_Generation.Add_Tracking_Numbers_To_User"/>
  <testcase name="Add_Tracking_Number" time="0.511" classname="Test_Data_Generation.Add_Tracking_Numbers_To_User"/>
  <testcase name="Add_Tracking_Number" time="0.496" classname="Test_Data_Generation.Add_Tracking_Numbers_To_User"/>
  <testcase name="Add_Tracking_Number" time="0.577" classname="Test_Data_Generation.Add_Tracking_Numbers_To_User"/>
  <testcase name="Add_Tracking_Number" time="0.653" classname="Test_Data_Generation.Add_Tracking_Numbers_To_User"/>
  <testcase name="Add_Tracking_Number" time="0.581" classname="Test_Data_Generation.Add_Tracking_Numbers_To_User"/>
  <testcase name="Add_Tracking_Number" time="0.492" classname="Test_Data_Generation.Add_Tracking_Numbers_To_User"/>
  <testcase name="Add_Tracking_Number" time="0.531" classname="Test_Data_Generation.Add_Tracking_Numbers_To_User"/>
  <testcase name="Add_Tracking_Number" time="0.613" classname="Test_Data_Generation.Add_Tracking_Numbers_To_User"/>
  <testcase name="Add_Tracking_Number" time="0.555" classname="Test_Data_Generation.Add_Tracking_Numbers_To_User"/>
  <testcase name="Add_Tracking_Number" time="0.515" classname="Test_Data_Generation.Add_Tracking_Numbers_To_User"/>
  <testcase name="Add_Tracking_Number" time="0.592" classname="Test_Data_Generation.Add_Tracking_Numbers_To_User"/>
  <testcase name="Add_Tracking_Number" time="0.489" classname="Test_Data_Generation.Add_Tracking_Numbers_To_User"/>
  <testcase name="Add_Tracking_Number" time="0.493" classname="Test_Data_Generation.Add_Tracking_Numbers_To_User"/>
  <testcase name="Add_Tracking_Number" time="0.439" classname="Test_Data_Generation.Add_Tracking_Numbers_To_User"/>
  <testcase name="Add_Tracking_Number" time="0.505" classname="Test_Data_Generation.Add_Tracking_Numbers_To_User"/>
  <testcase name="Add_Tracking_Number" time="0.452" classname="Test_Data_Generation.Add_Tracking_Numbers_To_User"/>
  <testcase name="Add_Tracking_Number" time="0.501" classname="Test_Data_Generation.Add_Tracking_Numbers_To_User"/>
  <testcase name="Add_Tracking_Number" time="0.575" classname="Test_Data_Generation.Add_Tracking_Numbers_To_User"/>
  <testcase name="Add_Tracking_Number" time="0.438" classname="Test_Data_Generation.Add_Tracking_Numbers_To_User"/>
  <testcase name="Add_Tracking_Number" time="0.596" classname="Test_Data_Generation.Add_Tracking_Numbers_To_User"/>
  <testcase name="Add_Tracking_Number" time="0.518" classname="Test_Data_Generation.Add_Tracking_Numbers_To_User"/>
  <testcase name="Add_Tracking_Number" time="0.440" classname="Test_Data_Generation.Add_Tracking_Numbers_To_User"/>
  <testcase name="Add_Tracking_Number" time="0.579" classname="Test_Data_Generation.Add_Tracking_Numbers_To_User"/>
  <testcase name="Add_Tracking_Number" time="0.531" classname="Test_Data_Generation.Add_Tracking_Numbers_To_User"/>
  <testcase name="Add_Tracking_Number" time="0.690" classname="Test_Data_Generation.Add_Tracking_Numbers_To_User"/>
  <testcase name="Add_Tracking_Number" time="0.462" classname="Test_Data_Generation.Add_Tracking_Numbers_To_User"/>
  <testcase name="Add_Tracking_Number" time="0.694" classname="Test_Data_Generation.Add_Tracking_Numbers_To_User"/>
  <testcase name="Add_Tracking_Number" time="0.564" classname="Test_Data_Generation.Add_Tracking_Numbers_To_User"/>
  <testcase name="Add_Tracking_Number" time="0.513" classname="Test_Data_Generation.Add_Tracking_Numbers_To_User"/>
  <testcase name="Add_Tracking_Number" time="0.603" classname="Test_Data_Generation.Add_Tracking_Numbers_To_User"/>
  <testcase name="Add_Tracking_Number" time="0.471" classname="Test_Data_Generation.Add_Tracking_Numbers_To_User"/>
  <testcase name="Add_Tracking_Number" time="0.518" classname="Test_Data_Generation.Add_Tracking_Numbers_To_User"/>
  <testcase name="Add_Tracking_Number" time="0.489" classname="Test_Data_Generation.Add_Tracking_Numbers_To_User"/>
  <testcase name="Add_Tracking_Number" time="0.516" classname="Test_Data_Generation.Add_Tracking_Numbers_To_User">
    <failure type="java.lang.AssertionError" message="
Expected: a string containing &quot;{\&quot;successful\&quot;:true&quot;
     but: was &quot;{&quot;ShipmentOptionResponse&quot;:{&quot;successful&quot;:false,&quot;errorList&quot;:[{&quot;code&quot;:&quot;2997&quot;,&quot;message&quot;:&quot;TRAQS connection/request problem&quot;,&quot;source&quot;:null,&quot;rootCause&quot;:null}],&quot;alerts&quot;:null,&quot;cxsalerts&quot;:null}}&quot;">
      <![CDATA[java.lang.AssertionError: 
Expected: a string containing "{\"successful\":true"
     but: was "{"ShipmentOptionResponse":{"successful":false,"errorList":[{"code":"2997","message":"TRAQS connection/request problem","source":null,"rootCause":null}],"alerts":null,"cxsalerts":null}}"
at org.hamcrest.MatcherAssert.assertThat(MatcherAssert.java:20)
at org.junit.Assert.assertThat(Assert.java:956)
at org.junit.Assert.assertThat(Assert.java:923)
at Test_Data_Generation.Add_Tracking_Numbers_To_User.Add_Tracking_Number(Add_Tracking_Numbers_To_User.java:69)
at sun.reflect.GeneratedMethodAccessor2.invoke(Unknown Source)
at sun.reflect.DelegatingMethodAccessorImpl.invoke(Unknown Source)
at java.lang.reflect.Method.invoke(Unknown Source)
at org.testng.internal.MethodInvocationHelper.invokeMethod(MethodInvocationHelper.java:124)
at org.testng.internal.Invoker.invokeMethod(Invoker.java:580)
at org.testng.internal.Invoker.invokeTestMethod(Invoker.java:716)
at org.testng.internal.TestMethodWithDataProviderMethodWorker.call(TestMethodWithDataProviderMethodWorker.java:71)
at org.testng.internal.TestMethodWithDataProviderMethodWorker.call(TestMethodWithDataProviderMethodWorker.java:14)
at java.util.concurrent.FutureTask.run(Unknown Source)
at java.util.concurrent.Executors$RunnableAdapter.call(Unknown Source)
at java.util.concurrent.FutureTask.run(Unknown Source)
at java.util.concurrent.ThreadPoolExecutor.runWorker(Unknown Source)
at java.util.concurrent.ThreadPoolExecutor$Worker.run(Unknown Source)
at java.lang.Thread.run(Unknown Source)
]]>
    </failure>
  </testcase> <!-- Add_Tracking_Number -->
  <testcase name="Add_Tracking_Number" time="0.524" classname="Test_Data_Generation.Add_Tracking_Numbers_To_User"/>
  <testcase name="Add_Tracking_Number" time="0.462" classname="Test_Data_Generation.Add_Tracking_Numbers_To_User"/>
  <testcase name="Add_Tracking_Number" time="0.495" classname="Test_Data_Generation.Add_Tracking_Numbers_To_User"/>
  <testcase name="Add_Tracking_Number" time="0.603" classname="Test_Data_Generation.Add_Tracking_Numbers_To_User"/>
  <testcase name="Add_Tracking_Number" time="0.488" classname="Test_Data_Generation.Add_Tracking_Numbers_To_User"/>
  <testcase name="Add_Tracking_Number" time="0.592" classname="Test_Data_Generation.Add_Tracking_Numbers_To_User"/>
  <testcase name="Add_Tracking_Number" time="0.489" classname="Test_Data_Generation.Add_Tracking_Numbers_To_User"/>
  <testcase name="Add_Tracking_Number" time="0.571" classname="Test_Data_Generation.Add_Tracking_Numbers_To_User"/>
  <testcase name="Add_Tracking_Number" time="0.537" classname="Test_Data_Generation.Add_Tracking_Numbers_To_User"/>
  <testcase name="Add_Tracking_Number" time="0.609" classname="Test_Data_Generation.Add_Tracking_Numbers_To_User"/>
  <testcase name="Add_Tracking_Number" time="0.560" classname="Test_Data_Generation.Add_Tracking_Numbers_To_User"/>
  <testcase name="Add_Tracking_Number" time="0.515" classname="Test_Data_Generation.Add_Tracking_Numbers_To_User"/>
  <testcase name="Add_Tracking_Number" time="0.536" classname="Test_Data_Generation.Add_Tracking_Numbers_To_User"/>
  <testcase name="Add_Tracking_Number" time="0.491" classname="Test_Data_Generation.Add_Tracking_Numbers_To_User"/>
  <testcase name="Add_Tracking_Number" time="0.714" classname="Test_Data_Generation.Add_Tracking_Numbers_To_User"/>
  <testcase name="Add_Tracking_Number" time="0.633" classname="Test_Data_Generation.Add_Tracking_Numbers_To_User"/>
  <testcase name="Add_Tracking_Number" time="0.613" classname="Test_Data_Generation.Add_Tracking_Numbers_To_User"/>
  <testcase name="Add_Tracking_Number" time="0.677" classname="Test_Data_Generation.Add_Tracking_Numbers_To_User"/>
  <testcase name="Add_Tracking_Number" time="0.536" classname="Test_Data_Generation.Add_Tracking_Numbers_To_User"/>
  <testcase name="Add_Tracking_Number" time="0.568" classname="Test_Data_Generation.Add_Tracking_Numbers_To_User"/>
  <testcase name="Add_Tracking_Number" time="0.540" classname="Test_Data_Generation.Add_Tracking_Numbers_To_User"/>
  <testcase name="Add_Tracking_Number" time="0.485" classname="Test_Data_Generation.Add_Tracking_Numbers_To_User"/>
  <testcase name="Add_Tracking_Number" time="0.764" classname="Test_Data_Generation.Add_Tracking_Numbers_To_User"/>
  <testcase name="Add_Tracking_Number" time="0.513" classname="Test_Data_Generation.Add_Tracking_Numbers_To_User"/>
  <testcase name="Add_Tracking_Number" time="0.448" classname="Test_Data_Generation.Add_Tracking_Numbers_To_User"/>
  <testcase name="Add_Tracking_Number" time="0.772" classname="Test_Data_Generation.Add_Tracking_Numbers_To_User"/>
  <testcase name="Add_Tracking_Number" time="0.486" classname="Test_Data_Generation.Add_Tracking_Numbers_To_User"/>
  <testcase name="Add_Tracking_Number" time="0.589" classname="Test_Data_Generation.Add_Tracking_Numbers_To_User"/>
  <testcase name="Add_Tracking_Number" time="0.563" classname="Test_Data_Generation.Add_Tracking_Numbers_To_User"/>
  <testcase name="Add_Tracking_Number" time="0.589" classname="Test_Data_Generation.Add_Tracking_Numbers_To_User"/>
  <testcase name="Add_Tracking_Number" time="0.717" classname="Test_Data_Generation.Add_Tracking_Numbers_To_User"/>
  <testcase name="Add_Tracking_Number" time="0.483" classname="Test_Data_Generation.Add_Tracking_Numbers_To_User"/>
  <testcase name="Add_Tracking_Number" time="0.573" classname="Test_Data_Generation.Add_Tracking_Numbers_To_User"/>
  <testcase name="Add_Tracking_Number" time="0.543" classname="Test_Data_Generation.Add_Tracking_Numbers_To_User"/>
  <testcase name="Add_Tracking_Number" time="0.487" classname="Test_Data_Generation.Add_Tracking_Numbers_To_User"/>
  <testcase name="Add_Tracking_Number" time="0.540" classname="Test_Data_Generation.Add_Tracking_Numbers_To_User"/>
  <testcase name="Add_Tracking_Number" time="0.532" classname="Test_Data_Generation.Add_Tracking_Numbers_To_User"/>
  <testcase name="Add_Tracking_Number" time="0.560" classname="Test_Data_Generation.Add_Tracking_Numbers_To_User"/>
  <testcase name="Add_Tracking_Number" time="0.593" classname="Test_Data_Generation.Add_Tracking_Numbers_To_User"/>
  <testcase name="Add_Tracking_Number" time="0.551" classname="Test_Data_Generation.Add_Tracking_Numbers_To_User"/>
  <testcase name="Add_Tracking_Number" time="0.496" classname="Test_Data_Generation.Add_Tracking_Numbers_To_User"/>
  <testcase name="Add_Tracking_Number" time="0.519" classname="Test_Data_Generation.Add_Tracking_Numbers_To_User"/>
  <testcase name="Add_Tracking_Number" time="0.210" classname="Test_Data_Generation.Add_Tracking_Numbers_To_User"/>
  <testcase name="Add_Tracking_Number" time="0.454" classname="Test_Data_Generation.Add_Tracking_Numbers_To_User"/>
  <testcase name="Add_Tracking_Number" time="0.547" classname="Test_Data_Generation.Add_Tracking_Numbers_To_User"/>
  <testcase name="Add_Tracking_Number" time="0.577" classname="Test_Data_Generation.Add_Tracking_Numbers_To_User"/>
  <testcase name="Add_Tracking_Number" time="0.468" classname="Test_Data_Generation.Add_Tracking_Numbers_To_User"/>
  <testcase name="Add_Tracking_Number" time="0.512" classname="Test_Data_Generation.Add_Tracking_Numbers_To_User"/>
  <testcase name="Add_Tracking_Number" time="0.585" classname="Test_Data_Generation.Add_Tracking_Numbers_To_User"/>
  <testcase name="Add_Tracking_Number" time="0.517" classname="Test_Data_Generation.Add_Tracking_Numbers_To_User"/>
  <testcase name="Add_Tracking_Number" time="0.722" classname="Test_Data_Generation.Add_Tracking_Numbers_To_User"/>
  <testcase name="Add_Tracking_Number" time="0.608" classname="Test_Data_Generation.Add_Tracking_Numbers_To_User"/>
  <testcase name="Add_Tracking_Number" time="0.563" classname="Test_Data_Generation.Add_Tracking_Numbers_To_User"/>
  <testcase name="Add_Tracking_Number" time="0.783" classname="Test_Data_Generation.Add_Tracking_Numbers_To_User"/>
  <testcase name="Add_Tracking_Number" time="0.687" classname="Test_Data_Generation.Add_Tracking_Numbers_To_User"/>
  <testcase name="Add_Tracking_Number" time="0.542" classname="Test_Data_Generation.Add_Tracking_Numbers_To_User"/>
  <testcase name="Add_Tracking_Number" time="0.641" classname="Test_Data_Generation.Add_Tracking_Numbers_To_User"/>
  <testcase name="Add_Tracking_Number" time="0.680" classname="Test_Data_Generation.Add_Tracking_Numbers_To_User"/>
  <testcase name="Add_Tracking_Number" time="0.544" classname="Test_Data_Generation.Add_Tracking_Numbers_To_User"/>
  <testcase name="Add_Tracking_Number" time="0.724" classname="Test_Data_Generation.Add_Tracking_Numbers_To_User"/>
  <testcase name="Add_Tracking_Number" time="0.513" classname="Test_Data_Generation.Add_Tracking_Numbers_To_User"/>
  <testcase name="Add_Tracking_Number" time="0.590" classname="Test_Data_Generation.Add_Tracking_Numbers_To_User"/>
  <testcase name="Add_Tracking_Number" time="0.505" classname="Test_Data_Generation.Add_Tracking_Numbers_To_User"/>
  <testcase name="Add_Tracking_Number" time="0.700" classname="Test_Data_Generation.Add_Tracking_Numbers_To_User"/>
  <testcase name="Add_Tracking_Number" time="0.738" classname="Test_Data_Generation.Add_Tracking_Numbers_To_User"/>
  <testcase name="Add_Tracking_Number" time="0.584" classname="Test_Data_Generation.Add_Tracking_Numbers_To_User"/>
  <testcase name="Add_Tracking_Number" time="0.526" classname="Test_Data_Generation.Add_Tracking_Numbers_To_User"/>
  <testcase name="Add_Tracking_Number" time="0.411" classname="Test_Data_Generation.Add_Tracking_Numbers_To_User"/>
  <testcase name="Add_Tracking_Number" time="0.484" classname="Test_Data_Generation.Add_Tracking_Numbers_To_User"/>
  <testcase name="Add_Tracking_Number" time="0.563" classname="Test_Data_Generation.Add_Tracking_Numbers_To_User"/>
  <testcase name="Add_Tracking_Number" time="0.658" classname="Test_Data_Generation.Add_Tracking_Numbers_To_User"/>
  <testcase name="Add_Tracking_Number" time="0.547" classname="Test_Data_Generation.Add_Tracking_Numbers_To_User"/>
  <testcase name="Add_Tracking_Number" time="0.570" classname="Test_Data_Generation.Add_Tracking_Numbers_To_User"/>
  <testcase name="Add_Tracking_Number" time="0.494" classname="Test_Data_Generation.Add_Tracking_Numbers_To_User"/>
  <testcase name="Add_Tracking_Number" time="0.507" classname="Test_Data_Generation.Add_Tracking_Numbers_To_User"/>
  <testcase name="Add_Tracking_Number" time="0.495" classname="Test_Data_Generation.Add_Tracking_Numbers_To_User"/>
  <testcase name="Add_Tracking_Number" time="0.459" classname="Test_Data_Generation.Add_Tracking_Numbers_To_User"/>
  <testcase name="Add_Tracking_Number" time="0.594" classname="Test_Data_Generation.Add_Tracking_Numbers_To_User"/>
  <testcase name="Add_Tracking_Number" time="0.562" classname="Test_Data_Generation.Add_Tracking_Numbers_To_User"/>
  <testcase name="Add_Tracking_Number" time="0.491" classname="Test_Data_Generation.Add_Tracking_Numbers_To_User"/>
  <testcase name="Add_Tracking_Number" time="0.509" classname="Test_Data_Generation.Add_Tracking_Numbers_To_User"/>
  <testcase name="Add_Tracking_Number" time="0.520" classname="Test_Data_Generation.Add_Tracking_Numbers_To_User"/>
  <testcase name="Add_Tracking_Number" time="0.499" classname="Test_Data_Generation.Add_Tracking_Numbers_To_User"/>
  <testcase name="Add_Tracking_Number" time="0.697" classname="Test_Data_Generation.Add_Tracking_Numbers_To_User"/>
  <testcase name="Add_Tracking_Number" time="0.651" classname="Test_Data_Generation.Add_Tracking_Numbers_To_User"/>
  <testcase name="Add_Tracking_Number" time="0.521" classname="Test_Data_Generation.Add_Tracking_Numbers_To_User"/>
  <testcase name="Add_Tracking_Number" time="0.497" classname="Test_Data_Generation.Add_Tracking_Numbers_To_User"/>
  <testcase name="Add_Tracking_Number" time="0.873" classname="Test_Data_Generation.Add_Tracking_Numbers_To_User"/>
  <testcase name="Add_Tracking_Number" time="0.514" classname="Test_Data_Generation.Add_Tracking_Numbers_To_User"/>
  <testcase name="Add_Tracking_Number" time="0.645" classname="Test_Data_Generation.Add_Tracking_Numbers_To_User"/>
  <testcase name="Add_Tracking_Number" time="0.524" classname="Test_Data_Generation.Add_Tracking_Numbers_To_User"/>
  <testcase name="Add_Tracking_Number" time="0.501" classname="Test_Data_Generation.Add_Tracking_Numbers_To_User"/>
  <testcase name="Add_Tracking_Number" time="0.536" classname="Test_Data_Generation.Add_Tracking_Numbers_To_User"/>
  <testcase name="Add_Tracking_Number" time="0.553" classname="Test_Data_Generation.Add_Tracking_Numbers_To_User"/>
  <testcase name="Add_Tracking_Number" time="0.599" classname="Test_Data_Generation.Add_Tracking_Numbers_To_User"/>
  <testcase name="Add_Tracking_Number" time="0.498" classname="Test_Data_Generation.Add_Tracking_Numbers_To_User"/>
  <testcase name="Add_Tracking_Number" time="0.571" classname="Test_Data_Generation.Add_Tracking_Numbers_To_User"/>
  <testcase name="Add_Tracking_Number" time="0.450" classname="Test_Data_Generation.Add_Tracking_Numbers_To_User"/>
  <testcase name="Add_Tracking_Number" time="0.579" classname="Test_Data_Generation.Add_Tracking_Numbers_To_User"/>
  <testcase name="Add_Tracking_Number" time="0.655" classname="Test_Data_Generation.Add_Tracking_Numbers_To_User"/>
  <testcase name="Add_Tracking_Number" time="0.721" classname="Test_Data_Generation.Add_Tracking_Numbers_To_User"/>
  <testcase name="Add_Tracking_Number" time="0.670" classname="Test_Data_Generation.Add_Tracking_Numbers_To_User"/>
  <testcase name="Add_Tracking_Number" time="0.504" classname="Test_Data_Generation.Add_Tracking_Numbers_To_User"/>
  <testcase name="Add_Tracking_Number" time="0.566" classname="Test_Data_Generation.Add_Tracking_Numbers_To_User"/>
  <testcase name="Add_Tracking_Number" time="0.486" classname="Test_Data_Generation.Add_Tracking_Numbers_To_User"/>
  <testcase name="Add_Tracking_Number" time="0.568" classname="Test_Data_Generation.Add_Tracking_Numbers_To_User"/>
  <testcase name="Add_Tracking_Number" time="0.062" classname="Test_Data_Generation.Add_Tracking_Numbers_To_User"/>
  <testcase name="Add_Tracking_Number" time="0.519" classname="Test_Data_Generation.Add_Tracking_Numbers_To_User"/>
  <testcase name="Add_Tracking_Number" time="0.553" classname="Test_Data_Generation.Add_Tracking_Numbers_To_User"/>
  <testcase name="Add_Tracking_Number" time="0.624" classname="Test_Data_Generation.Add_Tracking_Numbers_To_User"/>
  <testcase name="Add_Tracking_Number" time="0.510" classname="Test_Data_Generation.Add_Tracking_Numbers_To_User"/>
  <testcase name="Add_Tracking_Number" time="0.478" classname="Test_Data_Generation.Add_Tracking_Numbers_To_User"/>
  <testcase name="Add_Tracking_Number" time="0.589" classname="Test_Data_Generation.Add_Tracking_Numbers_To_User"/>
  <testcase name="Add_Tracking_Number" time="0.461" classname="Test_Data_Generation.Add_Tracking_Numbers_To_User"/>
  <testcase name="Add_Tracking_Number" time="0.569" classname="Test_Data_Generation.Add_Tracking_Numbers_To_User"/>
  <testcase name="Add_Tracking_Number" time="0.525" classname="Test_Data_Generation.Add_Tracking_Numbers_To_User"/>
  <testcase name="Add_Tracking_Number" time="0.568" classname="Test_Data_Generation.Add_Tracking_Numbers_To_User"/>
  <testcase name="Add_Tracking_Number" time="1.082" classname="Test_Data_Generation.Add_Tracking_Numbers_To_User"/>
  <testcase name="Add_Tracking_Number" time="0.516" classname="Test_Data_Generation.Add_Tracking_Numbers_To_User"/>
  <testcase name="Add_Tracking_Number" time="0.492" classname="Test_Data_Generation.Add_Tracking_Numbers_To_User"/>
  <testcase name="Add_Tracking_Number" time="0.533" classname="Test_Data_Generation.Add_Tracking_Numbers_To_User"/>
  <testcase name="Add_Tracking_Number" time="0.561" classname="Test_Data_Generation.Add_Tracking_Numbers_To_User"/>
  <testcase name="Add_Tracking_Number" time="0.511" classname="Test_Data_Generation.Add_Tracking_Numbers_To_User"/>
  <testcase name="Add_Tracking_Number" time="0.470" classname="Test_Data_Generation.Add_Tracking_Numbers_To_User"/>
  <testcase name="Add_Tracking_Number" time="0.523" classname="Test_Data_Generation.Add_Tracking_Numbers_To_User"/>
  <testcase name="Add_Tracking_Number" time="0.823" classname="Test_Data_Generation.Add_Tracking_Numbers_To_User"/>
  <testcase name="Add_Tracking_Number" time="0.470" classname="Test_Data_Generation.Add_Tracking_Numbers_To_User"/>
  <testcase name="Add_Tracking_Number" time="0.554" classname="Test_Data_Generation.Add_Tracking_Numbers_To_User"/>
  <testcase name="Add_Tracking_Number" time="0.517" classname="Test_Data_Generation.Add_Tracking_Numbers_To_User"/>
  <testcase name="Add_Tracking_Number" time="0.497" classname="Test_Data_Generation.Add_Tracking_Numbers_To_User"/>
  <testcase name="Add_Tracking_Number" time="0.504" classname="Test_Data_Generation.Add_Tracking_Numbers_To_User"/>
  <testcase name="Add_Tracking_Number" time="0.604" classname="Test_Data_Generation.Add_Tracking_Numbers_To_User"/>
  <testcase name="Add_Tracking_Number" time="0.557" classname="Test_Data_Generation.Add_Tracking_Numbers_To_User"/>
  <testcase name="Add_Tracking_Number" time="0.496" classname="Test_Data_Generation.Add_Tracking_Numbers_To_User"/>
  <testcase name="Add_Tracking_Number" time="0.560" classname="Test_Data_Generation.Add_Tracking_Numbers_To_User"/>
  <testcase name="Add_Tracking_Number" time="0.644" classname="Test_Data_Generation.Add_Tracking_Numbers_To_User"/>
  <testcase name="Add_Tracking_Number" time="0.570" classname="Test_Data_Generation.Add_Tracking_Numbers_To_User"/>
  <testcase name="Add_Tracking_Number" time="0.568" classname="Test_Data_Generation.Add_Tracking_Numbers_To_User"/>
  <testcase name="Add_Tracking_Number" time="0.541" classname="Test_Data_Generation.Add_Tracking_Numbers_To_User"/>
  <testcase name="Add_Tracking_Number" time="0.495" classname="Test_Data_Generation.Add_Tracking_Numbers_To_User"/>
  <testcase name="Add_Tracking_Number" time="0.484" classname="Test_Data_Generation.Add_Tracking_Numbers_To_User"/>
  <testcase name="Add_Tracking_Number" time="0.533" classname="Test_Data_Generation.Add_Tracking_Numbers_To_User"/>
  <testcase name="Add_Tracking_Number" time="0.558" classname="Test_Data_Generation.Add_Tracking_Numbers_To_User"/>
  <testcase name="Add_Tracking_Number" time="0.570" classname="Test_Data_Generation.Add_Tracking_Numbers_To_User"/>
  <testcase name="Add_Tracking_Number" time="0.710" classname="Test_Data_Generation.Add_Tracking_Numbers_To_User"/>
  <testcase name="Add_Tracking_Number" time="0.581" classname="Test_Data_Generation.Add_Tracking_Numbers_To_User"/>
  <testcase name="Add_Tracking_Number" time="0.696" classname="Test_Data_Generation.Add_Tracking_Numbers_To_User"/>
  <testcase name="Add_Tracking_Number" time="0.529" classname="Test_Data_Generation.Add_Tracking_Numbers_To_User"/>
  <testcase name="Add_Tracking_Number" time="0.573" classname="Test_Data_Generation.Add_Tracking_Numbers_To_User"/>
  <testcase name="Add_Tracking_Number" time="0.505" classname="Test_Data_Generation.Add_Tracking_Numbers_To_User"/>
  <testcase name="Add_Tracking_Number" time="0.528" classname="Test_Data_Generation.Add_Tracking_Numbers_To_User"/>
  <testcase name="Add_Tracking_Number" time="0.494" classname="Test_Data_Generation.Add_Tracking_Numbers_To_User"/>
  <testcase name="Add_Tracking_Number" time="0.533" classname="Test_Data_Generation.Add_Tracking_Numbers_To_User"/>
  <testcase name="Add_Tracking_Number" time="0.509" classname="Test_Data_Generation.Add_Tracking_Numbers_To_User"/>
  <testcase name="Add_Tracking_Number" time="0.505" classname="Test_Data_Generation.Add_Tracking_Numbers_To_User"/>
  <testcase name="Add_Tracking_Number" time="0.551" classname="Test_Data_Generation.Add_Tracking_Numbers_To_User"/>
  <testcase name="Add_Tracking_Number" time="0.555" classname="Test_Data_Generation.Add_Tracking_Numbers_To_User"/>
  <testcase name="Add_Tracking_Number" time="0.606" classname="Test_Data_Generation.Add_Tracking_Numbers_To_User"/>
  <testcase name="Add_Tracking_Number" time="0.508" classname="Test_Data_Generation.Add_Tracking_Numbers_To_User"/>
  <testcase name="Add_Tracking_Number" time="0.468" classname="Test_Data_Generation.Add_Tracking_Numbers_To_User"/>
  <testcase name="Add_Tracking_Number" time="0.476" classname="Test_Data_Generation.Add_Tracking_Numbers_To_User"/>
  <testcase name="Add_Tracking_Number" time="0.534" classname="Test_Data_Generation.Add_Tracking_Numbers_To_User"/>
  <testcase name="Add_Tracking_Number" time="0.158" classname="Test_Data_Generation.Add_Tracking_Numbers_To_User"/>
  <testcase name="Add_Tracking_Number" time="0.594" classname="Test_Data_Generation.Add_Tracking_Numbers_To_User"/>
  <testcase name="Add_Tracking_Number" time="0.518" classname="Test_Data_Generation.Add_Tracking_Numbers_To_User"/>
  <testcase name="Add_Tracking_Number" time="0.535" classname="Test_Data_Generation.Add_Tracking_Numbers_To_User"/>
  <testcase name="Add_Tracking_Number" time="0.535" classname="Test_Data_Generation.Add_Tracking_Numbers_To_User"/>
  <testcase name="Add_Tracking_Number" time="0.649" classname="Test_Data_Generation.Add_Tracking_Numbers_To_User"/>
  <testcase name="Add_Tracking_Number" time="0.511" classname="Test_Data_Generation.Add_Tracking_Numbers_To_User"/>
  <testcase name="Add_Tracking_Number" time="0.472" classname="Test_Data_Generation.Add_Tracking_Numbers_To_User"/>
  <testcase name="Add_Tracking_Number" time="0.513" classname="Test_Data_Generation.Add_Tracking_Numbers_To_User"/>
  <testcase name="Add_Tracking_Number" time="0.519" classname="Test_Data_Generation.Add_Tracking_Numbers_To_User"/>
  <testcase name="Add_Tracking_Number" time="0.583" classname="Test_Data_Generation.Add_Tracking_Numbers_To_User"/>
  <testcase name="Add_Tracking_Number" time="0.836" classname="Test_Data_Generation.Add_Tracking_Numbers_To_User"/>
  <testcase name="Add_Tracking_Number" time="0.556" classname="Test_Data_Generation.Add_Tracking_Numbers_To_User"/>
  <testcase name="Add_Tracking_Number" time="0.542" classname="Test_Data_Generation.Add_Tracking_Numbers_To_User"/>
  <testcase name="Add_Tracking_Number" time="0.537" classname="Test_Data_Generation.Add_Tracking_Numbers_To_User"/>
  <testcase name="Add_Tracking_Number" time="0.702" classname="Test_Data_Generation.Add_Tracking_Numbers_To_User"/>
  <testcase name="Add_Tracking_Number" time="0.659" classname="Test_Data_Generation.Add_Tracking_Numbers_To_User"/>
  <testcase name="Add_Tracking_Number" time="0.508" classname="Test_Data_Generation.Add_Tracking_Numbers_To_User"/>
  <testcase name="Add_Tracking_Number" time="0.529" classname="Test_Data_Generation.Add_Tracking_Numbers_To_User"/>
  <testcase name="Add_Tracking_Number" time="0.547" classname="Test_Data_Generation.Add_Tracking_Numbers_To_User"/>
  <testcase name="Add_Tracking_Number" time="0.648" classname="Test_Data_Generation.Add_Tracking_Numbers_To_User"/>
  <testcase name="Add_Tracking_Number" time="0.553" classname="Test_Data_Generation.Add_Tracking_Numbers_To_User"/>
  <testcase name="Add_Tracking_Number" time="0.767" classname="Test_Data_Generation.Add_Tracking_Numbers_To_User"/>
  <testcase name="Add_Tracking_Number" time="0.178" classname="Test_Data_Generation.Add_Tracking_Numbers_To_User"/>
  <testcase name="Add_Tracking_Number" time="0.483" classname="Test_Data_Generation.Add_Tracking_Numbers_To_User"/>
  <testcase name="Add_Tracking_Number" time="0.553" classname="Test_Data_Generation.Add_Tracking_Numbers_To_User"/>
  <testcase name="Add_Tracking_Number" time="0.453" classname="Test_Data_Generation.Add_Tracking_Numbers_To_User"/>
  <testcase name="Add_Tracking_Number" time="0.447" classname="Test_Data_Generation.Add_Tracking_Numbers_To_User"/>
  <testcase name="Add_Tracking_Number" time="0.569" classname="Test_Data_Generation.Add_Tracking_Numbers_To_User"/>
  <testcase name="Add_Tracking_Number" time="0.523" classname="Test_Data_Generation.Add_Tracking_Numbers_To_User"/>
  <testcase name="Add_Tracking_Number" time="0.618" classname="Test_Data_Generation.Add_Tracking_Numbers_To_User"/>
  <testcase name="Add_Tracking_Number" time="0.538" classname="Test_Data_Generation.Add_Tracking_Numbers_To_User"/>
  <testcase name="Add_Tracking_Number" time="0.547" classname="Test_Data_Generation.Add_Tracking_Numbers_To_User"/>
  <testcase name="Add_Tracking_Number" time="0.467" classname="Test_Data_Generation.Add_Tracking_Numbers_To_User"/>
  <testcase name="Add_Tracking_Number" time="0.716" classname="Test_Data_Generation.Add_Tracking_Numbers_To_User"/>
  <testcase name="Add_Tracking_Number" time="0.348" classname="Test_Data_Generation.Add_Tracking_Numbers_To_User"/>
  <testcase name="Add_Tracking_Number" time="0.535" classname="Test_Data_Generation.Add_Tracking_Numbers_To_User"/>
  <testcase name="Add_Tracking_Number" time="0.634" classname="Test_Data_Generation.Add_Tracking_Numbers_To_User"/>
  <testcase name="Add_Tracking_Number" time="0.643" classname="Test_Data_Generation.Add_Tracking_Numbers_To_User"/>
  <testcase name="Add_Tracking_Number" time="0.545" classname="Test_Data_Generation.Add_Tracking_Numbers_To_User"/>
  <testcase name="Add_Tracking_Number" time="0.541" classname="Test_Data_Generation.Add_Tracking_Numbers_To_User"/>
  <testcase name="Add_Tracking_Number" time="0.515" classname="Test_Data_Generation.Add_Tracking_Numbers_To_User"/>
  <testcase name="Add_Tracking_Number" time="0.484" classname="Test_Data_Generation.Add_Tracking_Numbers_To_User"/>
  <testcase name="Add_Tracking_Number" time="0.445" classname="Test_Data_Generation.Add_Tracking_Numbers_To_User"/>
  <testcase name="Add_Tracking_Number" time="0.642" classname="Test_Data_Generation.Add_Tracking_Numbers_To_User"/>
  <testcase name="Add_Tracking_Number" time="0.246" classname="Test_Data_Generation.Add_Tracking_Numbers_To_User"/>
  <testcase name="Add_Tracking_Number" time="0.699" classname="Test_Data_Generation.Add_Tracking_Numbers_To_User"/>
  <testcase name="Add_Tracking_Number" time="0.069" classname="Test_Data_Generation.Add_Tracking_Numbers_To_User"/>
  <testcase name="Add_Tracking_Number" time="0.565" classname="Test_Data_Generation.Add_Tracking_Numbers_To_User"/>
  <testcase name="Add_Tracking_Number" time="0.522" classname="Test_Data_Generation.Add_Tracking_Numbers_To_User"/>
  <testcase name="Add_Tracking_Number" time="0.691" classname="Test_Data_Generation.Add_Tracking_Numbers_To_User"/>
  <testcase name="Add_Tracking_Number" time="0.586" classname="Test_Data_Generation.Add_Tracking_Numbers_To_User"/>
  <testcase name="Add_Tracking_Number" time="0.553" classname="Test_Data_Generation.Add_Tracking_Numbers_To_User"/>
  <testcase name="Add_Tracking_Number" time="0.745" classname="Test_Data_Generation.Add_Tracking_Numbers_To_User"/>
  <testcase name="Add_Tracking_Number" time="0.071" classname="Test_Data_Generation.Add_Tracking_Numbers_To_User"/>
  <testcase name="Add_Tracking_Number" time="0.586" classname="Test_Data_Generation.Add_Tracking_Numbers_To_User"/>
  <testcase name="Add_Tracking_Number" time="0.545" classname="Test_Data_Generation.Add_Tracking_Numbers_To_User"/>
  <testcase name="Add_Tracking_Number" time="0.609" classname="Test_Data_Generation.Add_Tracking_Numbers_To_User"/>
  <testcase name="Add_Tracking_Number" time="0.105" classname="Test_Data_Generation.Add_Tracking_Numbers_To_User"/>
  <testcase name="Add_Tracking_Number" time="0.635" classname="Test_Data_Generation.Add_Tracking_Numbers_To_User"/>
  <testcase name="Add_Tracking_Number" time="0.558" classname="Test_Data_Generation.Add_Tracking_Numbers_To_User"/>
  <testcase name="Add_Tracking_Number" time="0.538" classname="Test_Data_Generation.Add_Tracking_Numbers_To_User"/>
  <testcase name="Add_Tracking_Number" time="0.584" classname="Test_Data_Generation.Add_Tracking_Numbers_To_User"/>
  <testcase name="Add_Tracking_Number" time="0.496" classname="Test_Data_Generation.Add_Tracking_Numbers_To_User"/>
  <testcase name="Add_Tracking_Number" time="0.513" classname="Test_Data_Generation.Add_Tracking_Numbers_To_User"/>
  <testcase name="Add_Tracking_Number" time="0.535" classname="Test_Data_Generation.Add_Tracking_Numbers_To_User"/>
  <testcase name="Add_Tracking_Number" time="0.578" classname="Test_Data_Generation.Add_Tracking_Numbers_To_User"/>
  <testcase name="Add_Tracking_Number" time="0.514" classname="Test_Data_Generation.Add_Tracking_Numbers_To_User"/>
  <testcase name="Add_Tracking_Number" time="0.499" classname="Test_Data_Generation.Add_Tracking_Numbers_To_User"/>
  <testcase name="Add_Tracking_Number" time="0.495" classname="Test_Data_Generation.Add_Tracking_Numbers_To_User"/>
  <testcase name="Add_Tracking_Number" time="0.585" classname="Test_Data_Generation.Add_Tracking_Numbers_To_User"/>
  <testcase name="Add_Tracking_Number" time="0.714" classname="Test_Data_Generation.Add_Tracking_Numbers_To_User"/>
  <testcase name="Add_Tracking_Number" time="0.505" classname="Test_Data_Generation.Add_Tracking_Numbers_To_User"/>
  <testcase name="Add_Tracking_Number" time="0.620" classname="Test_Data_Generation.Add_Tracking_Numbers_To_User"/>
  <testcase name="Add_Tracking_Number" time="0.587" classname="Test_Data_Generation.Add_Tracking_Numbers_To_User"/>
  <testcase name="Add_Tracking_Number" time="0.482" classname="Test_Data_Generation.Add_Tracking_Numbers_To_User"/>
  <testcase name="Add_Tracking_Number" time="0.519" classname="Test_Data_Generation.Add_Tracking_Numbers_To_User"/>
  <testcase name="Add_Tracking_Number" time="0.530" classname="Test_Data_Generation.Add_Tracking_Numbers_To_User"/>
  <testcase name="Add_Tracking_Number" time="0.445" classname="Test_Data_Generation.Add_Tracking_Numbers_To_User"/>
  <testcase name="Add_Tracking_Number" time="0.486" classname="Test_Data_Generation.Add_Tracking_Numbers_To_User"/>
  <testcase name="Add_Tracking_Number" time="0.509" classname="Test_Data_Generation.Add_Tracking_Numbers_To_User"/>
  <testcase name="Add_Tracking_Number" time="0.587" classname="Test_Data_Generation.Add_Tracking_Numbers_To_User"/>
  <testcase name="Add_Tracking_Number" time="0.561" classname="Test_Data_Generation.Add_Tracking_Numbers_To_User"/>
  <testcase name="Add_Tracking_Number" time="0.569" classname="Test_Data_Generation.Add_Tracking_Numbers_To_User"/>
  <testcase name="Add_Tracking_Number" time="0.555" classname="Test_Data_Generation.Add_Tracking_Numbers_To_User"/>
  <testcase name="Add_Tracking_Number" time="0.549" classname="Test_Data_Generation.Add_Tracking_Numbers_To_User"/>
  <testcase name="Add_Tracking_Number" time="0.513" classname="Test_Data_Generation.Add_Tracking_Numbers_To_User"/>
  <testcase name="Add_Tracking_Number" time="0.539" classname="Test_Data_Generation.Add_Tracking_Numbers_To_User"/>
  <testcase name="Add_Tracking_Number" time="0.526" classname="Test_Data_Generation.Add_Tracking_Numbers_To_User"/>
  <testcase name="Add_Tracking_Number" time="0.434" classname="Test_Data_Generation.Add_Tracking_Numbers_To_User"/>
  <testcase name="Add_Tracking_Number" time="0.774" classname="Test_Data_Generation.Add_Tracking_Numbers_To_User"/>
  <testcase name="Add_Tracking_Number" time="0.508" classname="Test_Data_Generation.Add_Tracking_Numbers_To_User"/>
  <testcase name="Add_Tracking_Number" time="0.672" classname="Test_Data_Generation.Add_Tracking_Numbers_To_User"/>
  <testcase name="Add_Tracking_Number" time="0.539" classname="Test_Data_Generation.Add_Tracking_Numbers_To_User"/>
  <testcase name="Add_Tracking_Number" time="0.477" classname="Test_Data_Generation.Add_Tracking_Numbers_To_User"/>
  <testcase name="Add_Tracking_Number" time="0.636" classname="Test_Data_Generation.Add_Tracking_Numbers_To_User"/>
  <testcase name="Add_Tracking_Number" time="0.475" classname="Test_Data_Generation.Add_Tracking_Numbers_To_User"/>
  <testcase name="Add_Tracking_Number" time="0.495" classname="Test_Data_Generation.Add_Tracking_Numbers_To_User"/>
  <testcase name="Add_Tracking_Number" time="0.556" classname="Test_Data_Generation.Add_Tracking_Numbers_To_User"/>
  <testcase name="Add_Tracking_Number" time="0.480" classname="Test_Data_Generation.Add_Tracking_Numbers_To_User"/>
  <testcase name="Add_Tracking_Number" time="0.636" classname="Test_Data_Generation.Add_Tracking_Numbers_To_User"/>
  <testcase name="Add_Tracking_Number" time="0.482" classname="Test_Data_Generation.Add_Tracking_Numbers_To_User"/>
  <testcase name="Add_Tracking_Number" time="0.513" classname="Test_Data_Generation.Add_Tracking_Numbers_To_User"/>
  <testcase name="Add_Tracking_Number" time="0.547" classname="Test_Data_Generation.Add_Tracking_Numbers_To_User"/>
  <testcase name="Add_Tracking_Number" time="0.563" classname="Test_Data_Generation.Add_Tracking_Numbers_To_User"/>
  <testcase name="Add_Tracking_Number" time="0.541" classname="Test_Data_Generation.Add_Tracking_Numbers_To_User"/>
  <testcase name="Add_Tracking_Number" time="0.552" classname="Test_Data_Generation.Add_Tracking_Numbers_To_User"/>
  <testcase name="Add_Tracking_Number" time="0.636" classname="Test_Data_Generation.Add_Tracking_Numbers_To_User"/>
  <testcase name="Add_Tracking_Number" time="0.629" classname="Test_Data_Generation.Add_Tracking_Numbers_To_User"/>
  <testcase name="Add_Tracking_Number" time="0.054" classname="Test_Data_Generation.Add_Tracking_Numbers_To_User"/>
  <testcase name="Add_Tracking_Number" time="0.577" classname="Test_Data_Generation.Add_Tracking_Numbers_To_User"/>
  <testcase name="Add_Tracking_Number" time="0.516" classname="Test_Data_Generation.Add_Tracking_Numbers_To_User"/>
  <testcase name="Add_Tracking_Number" time="0.497" classname="Test_Data_Generation.Add_Tracking_Numbers_To_User"/>
  <testcase name="Add_Tracking_Number" time="0.757" classname="Test_Data_Generation.Add_Tracking_Numbers_To_User"/>
  <testcase name="Add_Tracking_Number" time="0.593" classname="Test_Data_Generation.Add_Tracking_Numbers_To_User"/>
  <testcase name="Add_Tracking_Number" time="0.448" classname="Test_Data_Generation.Add_Tracking_Numbers_To_User"/>
  <testcase name="Add_Tracking_Number" time="0.555" classname="Test_Data_Generation.Add_Tracking_Numbers_To_User"/>
  <testcase name="Add_Tracking_Number" time="0.758" classname="Test_Data_Generation.Add_Tracking_Numbers_To_User"/>
  <testcase name="Add_Tracking_Number" time="0.509" classname="Test_Data_Generation.Add_Tracking_Numbers_To_User"/>
  <testcase name="Add_Tracking_Number" time="0.618" classname="Test_Data_Generation.Add_Tracking_Numbers_To_User"/>
  <testcase name="Add_Tracking_Number" time="0.521" classname="Test_Data_Generation.Add_Tracking_Numbers_To_User"/>
  <testcase name="Add_Tracking_Number" time="0.499" classname="Test_Data_Generation.Add_Tracking_Numbers_To_User"/>
  <testcase name="Add_Tracking_Number" time="0.521" classname="Test_Data_Generation.Add_Tracking_Numbers_To_User"/>
  <testcase name="Add_Tracking_Number" time="0.593" classname="Test_Data_Generation.Add_Tracking_Numbers_To_User"/>
  <testcase name="Add_Tracking_Number" time="0.454" classname="Test_Data_Generation.Add_Tracking_Numbers_To_User"/>
  <testcase name="Add_Tracking_Number" time="0.473" classname="Test_Data_Generation.Add_Tracking_Numbers_To_User"/>
  <testcase name="Add_Tracking_Number" time="0.540" classname="Test_Data_Generation.Add_Tracking_Numbers_To_User"/>
  <testcase name="Add_Tracking_Number" time="0.616" classname="Test_Data_Generation.Add_Tracking_Numbers_To_User"/>
  <testcase name="Add_Tracking_Number" time="0.424" classname="Test_Data_Generation.Add_Tracking_Numbers_To_User"/>
  <testcase name="Add_Tracking_Number" time="0.521" classname="Test_Data_Generation.Add_Tracking_Numbers_To_User"/>
  <testcase name="Add_Tracking_Number" time="0.558" classname="Test_Data_Generation.Add_Tracking_Numbers_To_User"/>
  <testcase name="Add_Tracking_Number" time="0.511" classname="Test_Data_Generation.Add_Tracking_Numbers_To_User"/>
  <testcase name="Add_Tracking_Number" time="0.645" classname="Test_Data_Generation.Add_Tracking_Numbers_To_User"/>
  <testcase name="Add_Tracking_Number" time="0.601" classname="Test_Data_Generation.Add_Tracking_Numbers_To_User"/>
  <testcase name="Add_Tracking_Number" time="0.480" classname="Test_Data_Generation.Add_Tracking_Numbers_To_User"/>
  <testcase name="Add_Tracking_Number" time="0.440" classname="Test_Data_Generation.Add_Tracking_Numbers_To_User"/>
  <testcase name="Add_Tracking_Number" time="0.571" classname="Test_Data_Generation.Add_Tracking_Numbers_To_User"/>
  <testcase name="Add_Tracking_Number" time="0.517" classname="Test_Data_Generation.Add_Tracking_Numbers_To_User"/>
  <testcase name="Add_Tracking_Number" time="0.605" classname="Test_Data_Generation.Add_Tracking_Numbers_To_User"/>
  <testcase name="Add_Tracking_Number" time="0.452" classname="Test_Data_Generation.Add_Tracking_Numbers_To_User"/>
  <testcase name="Add_Tracking_Number" time="0.655" classname="Test_Data_Generation.Add_Tracking_Numbers_To_User"/>
  <testcase name="Add_Tracking_Number" time="0.551" classname="Test_Data_Generation.Add_Tracking_Numbers_To_User"/>
  <testcase name="Add_Tracking_Number" time="0.574" classname="Test_Data_Generation.Add_Tracking_Numbers_To_User"/>
  <testcase name="Add_Tracking_Number" time="0.495" classname="Test_Data_Generation.Add_Tracking_Numbers_To_User"/>
  <testcase name="Add_Tracking_Number" time="0.654" classname="Test_Data_Generation.Add_Tracking_Numbers_To_User"/>
  <testcase name="Add_Tracking_Number" time="0.526" classname="Test_Data_Generation.Add_Tracking_Numbers_To_User"/>
  <testcase name="Add_Tracking_Number" time="0.666" classname="Test_Data_Generation.Add_Tracking_Numbers_To_User"/>
  <testcase name="Add_Tracking_Number" time="0.570" classname="Test_Data_Generation.Add_Tracking_Numbers_To_User"/>
  <testcase name="Add_Tracking_Number" time="0.696" classname="Test_Data_Generation.Add_Tracking_Numbers_To_User"/>
  <testcase name="Add_Tracking_Number" time="0.554" classname="Test_Data_Generation.Add_Tracking_Numbers_To_User"/>
  <testcase name="Add_Tracking_Number" time="0.689" classname="Test_Data_Generation.Add_Tracking_Numbers_To_User"/>
  <testcase name="Add_Tracking_Number" time="0.518" classname="Test_Data_Generation.Add_Tracking_Numbers_To_User"/>
  <testcase name="Add_Tracking_Number" time="0.488" classname="Test_Data_Generation.Add_Tracking_Numbers_To_User"/>
  <testcase name="Add_Tracking_Number" time="0.514" classname="Test_Data_Generation.Add_Tracking_Numbers_To_User"/>
  <testcase name="Add_Tracking_Number" time="0.574" classname="Test_Data_Generation.Add_Tracking_Numbers_To_User"/>
  <testcase name="Add_Tracking_Number" time="0.529" classname="Test_Data_Generation.Add_Tracking_Numbers_To_User"/>
  <testcase name="Add_Tracking_Number" time="0.490" classname="Test_Data_Generation.Add_Tracking_Numbers_To_User"/>
  <testcase name="Add_Tracking_Number" time="0.490" classname="Test_Data_Generation.Add_Tracking_Numbers_To_User"/>
  <testcase name="Add_Tracking_Number" time="0.569" classname="Test_Data_Generation.Add_Tracking_Numbers_To_User"/>
  <testcase name="Add_Tracking_Number" time="0.499" classname="Test_Data_Generation.Add_Tracking_Numbers_To_User"/>
  <testcase name="Add_Tracking_Number" time="0.518" classname="Test_Data_Generation.Add_Tracking_Numbers_To_User"/>
  <testcase name="Add_Tracking_Number" time="0.568" classname="Test_Data_Generation.Add_Tracking_Numbers_To_User"/>
  <testcase name="Add_Tracking_Number" time="0.537" classname="Test_Data_Generation.Add_Tracking_Numbers_To_User"/>
  <testcase name="Add_Tracking_Number" time="0.452" classname="Test_Data_Generation.Add_Tracking_Numbers_To_User"/>
  <testcase name="Add_Tracking_Number" time="0.534" classname="Test_Data_Generation.Add_Tracking_Numbers_To_User"/>
  <testcase name="Add_Tracking_Number" time="0.534" classname="Test_Data_Generation.Add_Tracking_Numbers_To_User"/>
  <testcase name="Add_Tracking_Number" time="0.512" classname="Test_Data_Generation.Add_Tracking_Numbers_To_User"/>
  <testcase name="Add_Tracking_Number" time="0.564" classname="Test_Data_Generation.Add_Tracking_Numbers_To_User"/>
  <testcase name="Add_Tracking_Number" time="0.446" classname="Test_Data_Generation.Add_Tracking_Numbers_To_User"/>
  <testcase name="Add_Tracking_Number" time="0.551" classname="Test_Data_Generation.Add_Tracking_Numbers_To_User"/>
  <testcase name="Add_Tracking_Number" time="0.858" classname="Test_Data_Generation.Add_Tracking_Numbers_To_User"/>
  <testcase name="Add_Tracking_Number" time="0.515" classname="Test_Data_Generation.Add_Tracking_Numbers_To_User"/>
  <testcase name="Add_Tracking_Number" time="0.551" classname="Test_Data_Generation.Add_Tracking_Numbers_To_User"/>
  <testcase name="Add_Tracking_Number" time="0.596" classname="Test_Data_Generation.Add_Tracking_Numbers_To_User"/>
  <testcase name="Add_Tracking_Number" time="0.439" classname="Test_Data_Generation.Add_Tracking_Numbers_To_User"/>
  <testcase name="Add_Tracking_Number" time="0.571" classname="Test_Data_Generation.Add_Tracking_Numbers_To_User"/>
  <testcase name="Add_Tracking_Number" time="0.580" classname="Test_Data_Generation.Add_Tracking_Numbers_To_User"/>
  <testcase name="Add_Tracking_Number" time="0.534" classname="Test_Data_Generation.Add_Tracking_Numbers_To_User"/>
  <testcase name="Add_Tracking_Number" time="0.535" classname="Test_Data_Generation.Add_Tracking_Numbers_To_User"/>
  <testcase name="Add_Tracking_Number" time="0.255" classname="Test_Data_Generation.Add_Tracking_Numbers_To_User"/>
  <testcase name="Add_Tracking_Number" time="0.588" classname="Test_Data_Generation.Add_Tracking_Numbers_To_User"/>
  <testcase name="Add_Tracking_Number" time="0.543" classname="Test_Data_Generation.Add_Tracking_Numbers_To_User"/>
  <testcase name="Add_Tracking_Number" time="0.763" classname="Test_Data_Generation.Add_Tracking_Numbers_To_User"/>
  <testcase name="Add_Tracking_Number" time="0.558" classname="Test_Data_Generation.Add_Tracking_Numbers_To_User"/>
  <testcase name="Add_Tracking_Number" time="0.508" classname="Test_Data_Generation.Add_Tracking_Numbers_To_User"/>
  <testcase name="Add_Tracking_Number" time="0.644" classname="Test_Data_Generation.Add_Tracking_Numbers_To_User"/>
  <testcase name="Add_Tracking_Number" time="0.536" classname="Test_Data_Generation.Add_Tracking_Numbers_To_User"/>
  <testcase name="Add_Tracking_Number" time="0.555" classname="Test_Data_Generation.Add_Tracking_Numbers_To_User"/>
  <testcase name="Add_Tracking_Number" time="0.588" classname="Test_Data_Generation.Add_Tracking_Numbers_To_User"/>
  <testcase name="Add_Tracking_Number" time="0.480" classname="Test_Data_Generation.Add_Tracking_Numbers_To_User"/>
  <testcase name="Add_Tracking_Number" time="0.564" classname="Test_Data_Generation.Add_Tracking_Numbers_To_User"/>
  <testcase name="Add_Tracking_Number" time="0.106" classname="Test_Data_Generation.Add_Tracking_Numbers_To_User"/>
  <testcase name="Add_Tracking_Number" time="0.689" classname="Test_Data_Generation.Add_Tracking_Numbers_To_User"/>
  <testcase name="Add_Tracking_Number" time="0.575" classname="Test_Data_Generation.Add_Tracking_Numbers_To_User"/>
  <testcase name="Add_Tracking_Number" time="0.593" classname="Test_Data_Generation.Add_Tracking_Numbers_To_User"/>
  <testcase name="Add_Tracking_Number" time="0.507" classname="Test_Data_Generation.Add_Tracking_Numbers_To_User"/>
  <testcase name="Add_Tracking_Number" time="0.065" classname="Test_Data_Generation.Add_Tracking_Numbers_To_User"/>
  <testcase name="Add_Tracking_Number" time="0.536" classname="Test_Data_Generation.Add_Tracking_Numbers_To_User"/>
  <testcase name="Add_Tracking_Number" time="0.656" classname="Test_Data_Generation.Add_Tracking_Numbers_To_User"/>
  <testcase name="Add_Tracking_Number" time="0.550" classname="Test_Data_Generation.Add_Tracking_Numbers_To_User"/>
  <testcase name="Add_Tracking_Number" time="0.538" classname="Test_Data_Generation.Add_Tracking_Numbers_To_User"/>
  <testcase name="Add_Tracking_Number" time="0.721" classname="Test_Data_Generation.Add_Tracking_Numbers_To_User"/>
  <testcase name="Add_Tracking_Number" time="0.705" classname="Test_Data_Generation.Add_Tracking_Numbers_To_User"/>
  <testcase name="Add_Tracking_Number" time="0.596" classname="Test_Data_Generation.Add_Tracking_Numbers_To_User"/>
  <testcase name="Add_Tracking_Number" time="0.550" classname="Test_Data_Generation.Add_Tracking_Numbers_To_User"/>
  <testcase name="Add_Tracking_Number" time="0.587" classname="Test_Data_Generation.Add_Tracking_Numbers_To_User"/>
  <testcase name="Add_Tracking_Number" time="0.538" classname="Test_Data_Generation.Add_Tracking_Numbers_To_User"/>
  <testcase name="Add_Tracking_Number" time="0.497" classname="Test_Data_Generation.Add_Tracking_Numbers_To_User"/>
  <testcase name="Add_Tracking_Number" time="0.574" classname="Test_Data_Generation.Add_Tracking_Numbers_To_User"/>
  <testcase name="Add_Tracking_Number" time="0.557" classname="Test_Data_Generation.Add_Tracking_Numbers_To_User"/>
  <testcase name="Add_Tracking_Number" time="0.493" classname="Test_Data_Generation.Add_Tracking_Numbers_To_User"/>
  <testcase name="Add_Tracking_Number" time="0.481" classname="Test_Data_Generation.Add_Tracking_Numbers_To_User"/>
  <testcase name="Add_Tracking_Number" time="1.051" classname="Test_Data_Generation.Add_Tracking_Numbers_To_User"/>
  <testcase name="Add_Tracking_Number" time="0.524" classname="Test_Data_Generation.Add_Tracking_Numbers_To_User"/>
  <testcase name="Add_Tracking_Number" time="0.526" classname="Test_Data_Generation.Add_Tracking_Numbers_To_User"/>
  <testcase name="Add_Tracking_Number" time="0.507" classname="Test_Data_Generation.Add_Tracking_Numbers_To_User"/>
  <testcase name="Add_Tracking_Number" time="0.587" classname="Test_Data_Generation.Add_Tracking_Numbers_To_User"/>
  <testcase name="Add_Tracking_Number" time="0.432" classname="Test_Data_Generation.Add_Tracking_Numbers_To_User"/>
  <testcase name="Add_Tracking_Number" time="0.645" classname="Test_Data_Generation.Add_Tracking_Numbers_To_User"/>
  <testcase name="Add_Tracking_Number" time="0.589" classname="Test_Data_Generation.Add_Tracking_Numbers_To_User"/>
  <testcase name="Add_Tracking_Number" time="0.581" classname="Test_Data_Generation.Add_Tracking_Numbers_To_User"/>
  <testcase name="Add_Tracking_Number" time="0.512" classname="Test_Data_Generation.Add_Tracking_Numbers_To_User"/>
  <testcase name="Add_Tracking_Number" time="0.652" classname="Test_Data_Generation.Add_Tracking_Numbers_To_User"/>
  <testcase name="Add_Tracking_Number" time="0.592" classname="Test_Data_Generation.Add_Tracking_Numbers_To_User"/>
  <testcase name="Add_Tracking_Number" time="0.577" classname="Test_Data_Generation.Add_Tracking_Numbers_To_User"/>
  <testcase name="Add_Tracking_Number" time="0.563" classname="Test_Data_Generation.Add_Tracking_Numbers_To_User"/>
  <testcase name="Add_Tracking_Number" time="0.548" classname="Test_Data_Generation.Add_Tracking_Numbers_To_User"/>
  <testcase name="Add_Tracking_Number" time="0.557" classname="Test_Data_Generation.Add_Tracking_Numbers_To_User"/>
  <testcase name="Add_Tracking_Number" time="0.449" classname="Test_Data_Generation.Add_Tracking_Numbers_To_User"/>
  <testcase name="Add_Tracking_Number" time="0.574" classname="Test_Data_Generation.Add_Tracking_Numbers_To_User"/>
  <testcase name="Add_Tracking_Number" time="0.553" classname="Test_Data_Generation.Add_Tracking_Numbers_To_User"/>
  <testcase name="Add_Tracking_Number" time="0.583" classname="Test_Data_Generation.Add_Tracking_Numbers_To_User"/>
  <testcase name="Add_Tracking_Number" time="0.598" classname="Test_Data_Generation.Add_Tracking_Numbers_To_User"/>
  <testcase name="Add_Tracking_Number" time="0.539" classname="Test_Data_Generation.Add_Tracking_Numbers_To_User"/>
  <testcase name="Add_Tracking_Number" time="0.486" classname="Test_Data_Generation.Add_Tracking_Numbers_To_User"/>
  <testcase name="Add_Tracking_Number" time="0.654" classname="Test_Data_Generation.Add_Tracking_Numbers_To_User"/>
  <testcase name="Add_Tracking_Number" time="0.495" classname="Test_Data_Generation.Add_Tracking_Numbers_To_User"/>
  <testcase name="Add_Tracking_Number" time="0.566" classname="Test_Data_Generation.Add_Tracking_Numbers_To_User"/>
  <testcase name="Add_Tracking_Number" time="0.459" classname="Test_Data_Generation.Add_Tracking_Numbers_To_User">
    <failure type="java.lang.AssertionError" message="
Expected: a string containing &quot;{\&quot;successful\&quot;:true&quot;
     but: was &quot;{&quot;ShipmentOptionResponse&quot;:{&quot;successful&quot;:false,&quot;errorList&quot;:[{&quot;code&quot;:&quot;2997&quot;,&quot;message&quot;:&quot;TRAQS connection/request problem&quot;,&quot;source&quot;:null,&quot;rootCause&quot;:null}],&quot;alerts&quot;:null,&quot;cxsalerts&quot;:null}}&quot;">
      <![CDATA[java.lang.AssertionError: 
Expected: a string containing "{\"successful\":true"
     but: was "{"ShipmentOptionResponse":{"successful":false,"errorList":[{"code":"2997","message":"TRAQS connection/request problem","source":null,"rootCause":null}],"alerts":null,"cxsalerts":null}}"
at org.hamcrest.MatcherAssert.assertThat(MatcherAssert.java:20)
at org.junit.Assert.assertThat(Assert.java:956)
at org.junit.Assert.assertThat(Assert.java:923)
at Test_Data_Generation.Add_Tracking_Numbers_To_User.Add_Tracking_Number(Add_Tracking_Numbers_To_User.java:69)
at sun.reflect.GeneratedMethodAccessor2.invoke(Unknown Source)
at sun.reflect.DelegatingMethodAccessorImpl.invoke(Unknown Source)
at java.lang.reflect.Method.invoke(Unknown Source)
at org.testng.internal.MethodInvocationHelper.invokeMethod(MethodInvocationHelper.java:124)
at org.testng.internal.Invoker.invokeMethod(Invoker.java:580)
at org.testng.internal.Invoker.invokeTestMethod(Invoker.java:716)
at org.testng.internal.TestMethodWithDataProviderMethodWorker.call(TestMethodWithDataProviderMethodWorker.java:71)
at org.testng.internal.TestMethodWithDataProviderMethodWorker.call(TestMethodWithDataProviderMethodWorker.java:14)
at java.util.concurrent.FutureTask.run(Unknown Source)
at java.util.concurrent.Executors$RunnableAdapter.call(Unknown Source)
at java.util.concurrent.FutureTask.run(Unknown Source)
at java.util.concurrent.ThreadPoolExecutor.runWorker(Unknown Source)
at java.util.concurrent.ThreadPoolExecutor$Worker.run(Unknown Source)
at java.lang.Thread.run(Unknown Source)
]]>
    </failure>
  </testcase> <!-- Add_Tracking_Number -->
  <testcase name="Add_Tracking_Number" time="0.590" classname="Test_Data_Generation.Add_Tracking_Numbers_To_User"/>
  <testcase name="Add_Tracking_Number" time="0.529" classname="Test_Data_Generation.Add_Tracking_Numbers_To_User"/>
  <testcase name="Add_Tracking_Number" time="0.512" classname="Test_Data_Generation.Add_Tracking_Numbers_To_User"/>
  <testcase name="Add_Tracking_Number" time="0.652" classname="Test_Data_Generation.Add_Tracking_Numbers_To_User"/>
  <testcase name="Add_Tracking_Number" time="0.676" classname="Test_Data_Generation.Add_Tracking_Numbers_To_User"/>
  <testcase name="Add_Tracking_Number" time="0.513" classname="Test_Data_Generation.Add_Tracking_Numbers_To_User"/>
  <testcase name="Add_Tracking_Number" time="1.179" classname="Test_Data_Generation.Add_Tracking_Numbers_To_User"/>
  <testcase name="Add_Tracking_Number" time="0.500" classname="Test_Data_Generation.Add_Tracking_Numbers_To_User"/>
  <testcase name="Add_Tracking_Number" time="0.814" classname="Test_Data_Generation.Add_Tracking_Numbers_To_User"/>
  <testcase name="Add_Tracking_Number" time="0.530" classname="Test_Data_Generation.Add_Tracking_Numbers_To_User"/>
  <testcase name="Add_Tracking_Number" time="0.559" classname="Test_Data_Generation.Add_Tracking_Numbers_To_User"/>
  <testcase name="Add_Tracking_Number" time="0.773" classname="Test_Data_Generation.Add_Tracking_Numbers_To_User"/>
  <testcase name="Add_Tracking_Number" time="0.486" classname="Test_Data_Generation.Add_Tracking_Numbers_To_User"/>
  <testcase name="Add_Tracking_Number" time="0.603" classname="Test_Data_Generation.Add_Tracking_Numbers_To_User"/>
  <testcase name="Add_Tracking_Number" time="0.607" classname="Test_Data_Generation.Add_Tracking_Numbers_To_User"/>
  <testcase name="Add_Tracking_Number" time="0.515" classname="Test_Data_Generation.Add_Tracking_Numbers_To_User"/>
  <testcase name="Add_Tracking_Number" time="0.603" classname="Test_Data_Generation.Add_Tracking_Numbers_To_User"/>
  <testcase name="Add_Tracking_Number" time="0.474" classname="Test_Data_Generation.Add_Tracking_Numbers_To_User"/>
  <testcase name="Add_Tracking_Number" time="0.596" classname="Test_Data_Generation.Add_Tracking_Numbers_To_User"/>
  <testcase name="Add_Tracking_Number" time="0.529" classname="Test_Data_Generation.Add_Tracking_Numbers_To_User"/>
  <testcase name="Add_Tracking_Number" time="0.499" classname="Test_Data_Generation.Add_Tracking_Numbers_To_User"/>
  <testcase name="Add_Tracking_Number" time="0.533" classname="Test_Data_Generation.Add_Tracking_Numbers_To_User"/>
  <testcase name="Add_Tracking_Number" time="0.507" classname="Test_Data_Generation.Add_Tracking_Numbers_To_User"/>
  <testcase name="Add_Tracking_Number" time="0.563" classname="Test_Data_Generation.Add_Tracking_Numbers_To_User"/>
  <testcase name="Add_Tracking_Number" time="0.516" classname="Test_Data_Generation.Add_Tracking_Numbers_To_User"/>
  <testcase name="Add_Tracking_Number" time="0.558" classname="Test_Data_Generation.Add_Tracking_Numbers_To_User"/>
  <testcase name="Add_Tracking_Number" time="0.503" classname="Test_Data_Generation.Add_Tracking_Numbers_To_User"/>
  <testcase name="Add_Tracking_Number" time="0.510" classname="Test_Data_Generation.Add_Tracking_Numbers_To_User"/>
  <testcase name="Add_Tracking_Number" time="0.532" classname="Test_Data_Generation.Add_Tracking_Numbers_To_User"/>
  <testcase name="Add_Tracking_Number" time="0.779" classname="Test_Data_Generation.Add_Tracking_Numbers_To_User"/>
  <testcase name="Add_Tracking_Number" time="0.434" classname="Test_Data_Generation.Add_Tracking_Numbers_To_User"/>
  <testcase name="Add_Tracking_Number" time="0.547" classname="Test_Data_Generation.Add_Tracking_Numbers_To_User"/>
  <testcase name="Add_Tracking_Number" time="0.485" classname="Test_Data_Generation.Add_Tracking_Numbers_To_User"/>
  <testcase name="Add_Tracking_Number" time="0.492" classname="Test_Data_Generation.Add_Tracking_Numbers_To_User"/>
  <testcase name="Add_Tracking_Number" time="0.116" classname="Test_Data_Generation.Add_Tracking_Numbers_To_User"/>
  <testcase name="Add_Tracking_Number" time="0.525" classname="Test_Data_Generation.Add_Tracking_Numbers_To_User"/>
  <testcase name="Add_Tracking_Number" time="0.565" classname="Test_Data_Generation.Add_Tracking_Numbers_To_User"/>
  <testcase name="Add_Tracking_Number" time="0.533" classname="Test_Data_Generation.Add_Tracking_Numbers_To_User"/>
  <testcase name="Add_Tracking_Number" time="0.548" classname="Test_Data_Generation.Add_Tracking_Numbers_To_User"/>
  <testcase name="Add_Tracking_Number" time="0.518" classname="Test_Data_Generation.Add_Tracking_Numbers_To_User"/>
  <testcase name="Add_Tracking_Number" time="0.522" classname="Test_Data_Generation.Add_Tracking_Numbers_To_User"/>
  <testcase name="Add_Tracking_Number" time="0.543" classname="Test_Data_Generation.Add_Tracking_Numbers_To_User"/>
  <testcase name="Add_Tracking_Number" time="0.452" classname="Test_Data_Generation.Add_Tracking_Numbers_To_User"/>
  <testcase name="Add_Tracking_Number" time="0.458" classname="Test_Data_Generation.Add_Tracking_Numbers_To_User"/>
  <testcase name="Add_Tracking_Number" time="0.538" classname="Test_Data_Generation.Add_Tracking_Numbers_To_User"/>
  <testcase name="Add_Tracking_Number" time="0.509" classname="Test_Data_Generation.Add_Tracking_Numbers_To_User"/>
  <testcase name="Add_Tracking_Number" time="0.543" classname="Test_Data_Generation.Add_Tracking_Numbers_To_User"/>
  <testcase name="Add_Tracking_Number" time="0.435" classname="Test_Data_Generation.Add_Tracking_Numbers_To_User"/>
  <testcase name="Add_Tracking_Number" time="0.554" classname="Test_Data_Generation.Add_Tracking_Numbers_To_User"/>
  <testcase name="Add_Tracking_Number" time="0.527" classname="Test_Data_Generation.Add_Tracking_Numbers_To_User"/>
  <testcase name="Add_Tracking_Number" time="0.500" classname="Test_Data_Generation.Add_Tracking_Numbers_To_User"/>
  <testcase name="Add_Tracking_Number" time="0.479" classname="Test_Data_Generation.Add_Tracking_Numbers_To_User"/>
  <testcase name="Add_Tracking_Number" time="0.482" classname="Test_Data_Generation.Add_Tracking_Numbers_To_User"/>
  <testcase name="Add_Tracking_Number" time="0.532" classname="Test_Data_Generation.Add_Tracking_Numbers_To_User"/>
  <testcase name="Add_Tracking_Number" time="0.583" classname="Test_Data_Generation.Add_Tracking_Numbers_To_User"/>
  <testcase name="Add_Tracking_Number" time="0.473" classname="Test_Data_Generation.Add_Tracking_Numbers_To_User"/>
  <testcase name="Add_Tracking_Number" time="0.474" classname="Test_Data_Generation.Add_Tracking_Numbers_To_User"/>
  <testcase name="Add_Tracking_Number" time="0.506" classname="Test_Data_Generation.Add_Tracking_Numbers_To_User"/>
  <testcase name="Add_Tracking_Number" time="0.564" classname="Test_Data_Generation.Add_Tracking_Numbers_To_User"/>
  <testcase name="Add_Tracking_Number" time="0.544" classname="Test_Data_Generation.Add_Tracking_Numbers_To_User"/>
  <testcase name="Add_Tracking_Number" time="0.633" classname="Test_Data_Generation.Add_Tracking_Numbers_To_User"/>
  <testcase name="Add_Tracking_Number" time="0.490" classname="Test_Data_Generation.Add_Tracking_Numbers_To_User"/>
  <testcase name="Add_Tracking_Number" time="0.494" classname="Test_Data_Generation.Add_Tracking_Numbers_To_User"/>
  <testcase name="Add_Tracking_Number" time="0.619" classname="Test_Data_Generation.Add_Tracking_Numbers_To_User"/>
  <testcase name="Add_Tracking_Number" time="0.453" classname="Test_Data_Generation.Add_Tracking_Numbers_To_User"/>
  <testcase name="Add_Tracking_Number" time="0.490" classname="Test_Data_Generation.Add_Tracking_Numbers_To_User"/>
  <testcase name="Add_Tracking_Number" time="0.535" classname="Test_Data_Generation.Add_Tracking_Numbers_To_User"/>
  <testcase name="Add_Tracking_Number" time="0.663" classname="Test_Data_Generation.Add_Tracking_Numbers_To_User"/>
  <testcase name="Add_Tracking_Number" time="0.504" classname="Test_Data_Generation.Add_Tracking_Numbers_To_User"/>
  <testcase name="Add_Tracking_Number" time="0.745" classname="Test_Data_Generation.Add_Tracking_Numbers_To_User"/>
  <testcase name="Add_Tracking_Number" time="0.520" classname="Test_Data_Generation.Add_Tracking_Numbers_To_User"/>
  <testcase name="Add_Tracking_Number" time="0.527" classname="Test_Data_Generation.Add_Tracking_Numbers_To_User"/>
  <testcase name="Add_Tracking_Number" time="0.631" classname="Test_Data_Generation.Add_Tracking_Numbers_To_User"/>
  <testcase name="Add_Tracking_Number" time="0.515" classname="Test_Data_Generation.Add_Tracking_Numbers_To_User"/>
  <testcase name="Add_Tracking_Number" time="0.545" classname="Test_Data_Generation.Add_Tracking_Numbers_To_User"/>
  <testcase name="Add_Tracking_Number" time="0.663" classname="Test_Data_Generation.Add_Tracking_Numbers_To_User"/>
  <testcase name="Add_Tracking_Number" time="0.617" classname="Test_Data_Generation.Add_Tracking_Numbers_To_User"/>
  <testcase name="Add_Tracking_Number" time="0.522" classname="Test_Data_Generation.Add_Tracking_Numbers_To_User"/>
  <testcase name="Add_Tracking_Number" time="0.506" classname="Test_Data_Generation.Add_Tracking_Numbers_To_User"/>
  <testcase name="Add_Tracking_Number" time="0.479" classname="Test_Data_Generation.Add_Tracking_Numbers_To_User"/>
  <testcase name="Add_Tracking_Number" time="0.569" classname="Test_Data_Generation.Add_Tracking_Numbers_To_User"/>
  <testcase name="Add_Tracking_Number" time="0.529" classname="Test_Data_Generation.Add_Tracking_Numbers_To_User"/>
  <testcase name="Add_Tracking_Number" time="0.520" classname="Test_Data_Generation.Add_Tracking_Numbers_To_User"/>
  <testcase name="Add_Tracking_Number" time="0.179" classname="Test_Data_Generation.Add_Tracking_Numbers_To_User"/>
  <testcase name="Add_Tracking_Number" time="0.440" classname="Test_Data_Generation.Add_Tracking_Numbers_To_User"/>
  <testcase name="Add_Tracking_Number" time="0.626" classname="Test_Data_Generation.Add_Tracking_Numbers_To_User"/>
  <testcase name="Add_Tracking_Number" time="0.496" classname="Test_Data_Generation.Add_Tracking_Numbers_To_User"/>
  <testcase name="Add_Tracking_Number" time="0.622" classname="Test_Data_Generation.Add_Tracking_Numbers_To_User"/>
  <testcase name="Add_Tracking_Number" time="0.538" classname="Test_Data_Generation.Add_Tracking_Numbers_To_User"/>
  <testcase name="Add_Tracking_Number" time="0.521" classname="Test_Data_Generation.Add_Tracking_Numbers_To_User"/>
  <testcase name="Add_Tracking_Number" time="0.585" classname="Test_Data_Generation.Add_Tracking_Numbers_To_User"/>
  <testcase name="Add_Tracking_Number" time="0.589" classname="Test_Data_Generation.Add_Tracking_Numbers_To_User"/>
  <testcase name="Add_Tracking_Number" time="0.560" classname="Test_Data_Generation.Add_Tracking_Numbers_To_User"/>
  <testcase name="Add_Tracking_Number" time="0.522" classname="Test_Data_Generation.Add_Tracking_Numbers_To_User"/>
  <testcase name="Add_Tracking_Number" time="0.584" classname="Test_Data_Generation.Add_Tracking_Numbers_To_User"/>
  <testcase name="Add_Tracking_Number" time="0.520" classname="Test_Data_Generation.Add_Tracking_Numbers_To_User"/>
  <testcase name="Add_Tracking_Number" time="0.549" classname="Test_Data_Generation.Add_Tracking_Numbers_To_User"/>
  <testcase name="Add_Tracking_Number" time="0.442" classname="Test_Data_Generation.Add_Tracking_Numbers_To_User"/>
  <testcase name="Add_Tracking_Number" time="0.520" classname="Test_Data_Generation.Add_Tracking_Numbers_To_User"/>
  <testcase name="Add_Tracking_Number" time="0.627" classname="Test_Data_Generation.Add_Tracking_Numbers_To_User"/>
  <testcase name="Add_Tracking_Number" time="0.539" classname="Test_Data_Generation.Add_Tracking_Numbers_To_User"/>
  <testcase name="Add_Tracking_Number" time="0.562" classname="Test_Data_Generation.Add_Tracking_Numbers_To_User"/>
  <testcase name="Add_Tracking_Number" time="0.451" classname="Test_Data_Generation.Add_Tracking_Numbers_To_User"/>
  <testcase name="Add_Tracking_Number" time="0.562" classname="Test_Data_Generation.Add_Tracking_Numbers_To_User"/>
  <testcase name="Add_Tracking_Number" time="12.165" classname="Test_Data_Generation.Add_Tracking_Numbers_To_User"/>
  <testcase name="Add_Tracking_Number" time="0.544" classname="Test_Data_Generation.Add_Tracking_Numbers_To_User"/>
  <testcase name="Add_Tracking_Number" time="0.511" classname="Test_Data_Generation.Add_Tracking_Numbers_To_User"/>
  <testcase name="Add_Tracking_Number" time="0.437" classname="Test_Data_Generation.Add_Tracking_Numbers_To_User"/>
  <testcase name="Add_Tracking_Number" time="0.534" classname="Test_Data_Generation.Add_Tracking_Numbers_To_User"/>
  <testcase name="Add_Tracking_Number" time="0.604" classname="Test_Data_Generation.Add_Tracking_Numbers_To_User"/>
  <testcase name="Add_Tracking_Number" time="0.746" classname="Test_Data_Generation.Add_Tracking_Numbers_To_User"/>
  <testcase name="Add_Tracking_Number" time="0.560" classname="Test_Data_Generation.Add_Tracking_Numbers_To_User"/>
  <testcase name="Add_Tracking_Number" time="0.528" classname="Test_Data_Generation.Add_Tracking_Numbers_To_User"/>
  <testcase name="Add_Tracking_Number" time="0.515" classname="Test_Data_Generation.Add_Tracking_Numbers_To_User"/>
  <testcase name="Add_Tracking_Number" time="0.717" classname="Test_Data_Generation.Add_Tracking_Numbers_To_User"/>
  <testcase name="Add_Tracking_Number" time="0.599" classname="Test_Data_Generation.Add_Tracking_Numbers_To_User"/>
  <testcase name="Add_Tracking_Number" time="0.158" classname="Test_Data_Generation.Add_Tracking_Numbers_To_User"/>
  <testcase name="Add_Tracking_Number" time="0.558" classname="Test_Data_Generation.Add_Tracking_Numbers_To_User"/>
  <testcase name="Add_Tracking_Number" time="0.515" classname="Test_Data_Generation.Add_Tracking_Numbers_To_User"/>
  <testcase name="Add_Tracking_Number" time="0.658" classname="Test_Data_Generation.Add_Tracking_Numbers_To_User"/>
  <testcase name="Add_Tracking_Number" time="0.642" classname="Test_Data_Generation.Add_Tracking_Numbers_To_User"/>
  <testcase name="Add_Tracking_Number" time="0.551" classname="Test_Data_Generation.Add_Tracking_Numbers_To_User"/>
  <testcase name="Add_Tracking_Number" time="0.508" classname="Test_Data_Generation.Add_Tracking_Numbers_To_User"/>
  <testcase name="Add_Tracking_Number" time="0.623" classname="Test_Data_Generation.Add_Tracking_Numbers_To_User"/>
  <testcase name="Add_Tracking_Number" time="0.487" classname="Test_Data_Generation.Add_Tracking_Numbers_To_User"/>
  <testcase name="Add_Tracking_Number" time="0.552" classname="Test_Data_Generation.Add_Tracking_Numbers_To_User"/>
  <testcase name="Add_Tracking_Number" time="0.492" classname="Test_Data_Generation.Add_Tracking_Numbers_To_User"/>
  <testcase name="Add_Tracking_Number" time="0.553" classname="Test_Data_Generation.Add_Tracking_Numbers_To_User"/>
  <testcase name="Add_Tracking_Number" time="0.723" classname="Test_Data_Generation.Add_Tracking_Numbers_To_User"/>
  <testcase name="Add_Tracking_Number" time="0.659" classname="Test_Data_Generation.Add_Tracking_Numbers_To_User"/>
  <testcase name="Add_Tracking_Number" time="0.604" classname="Test_Data_Generation.Add_Tracking_Numbers_To_User"/>
  <testcase name="Add_Tracking_Number" time="0.587" classname="Test_Data_Generation.Add_Tracking_Numbers_To_User"/>
  <testcase name="Add_Tracking_Number" time="0.533" classname="Test_Data_Generation.Add_Tracking_Numbers_To_User"/>
  <testcase name="Add_Tracking_Number" time="0.481" classname="Test_Data_Generation.Add_Tracking_Numbers_To_User"/>
  <testcase name="Add_Tracking_Number" time="0.589" classname="Test_Data_Generation.Add_Tracking_Numbers_To_User"/>
  <testcase name="Add_Tracking_Number" time="0.576" classname="Test_Data_Generation.Add_Tracking_Numbers_To_User"/>
  <testcase name="Add_Tracking_Number" time="0.483" classname="Test_Data_Generation.Add_Tracking_Numbers_To_User"/>
  <testcase name="Add_Tracking_Number" time="0.484" classname="Test_Data_Generation.Add_Tracking_Numbers_To_User"/>
  <testcase name="Add_Tracking_Number" time="0.060" classname="Test_Data_Generation.Add_Tracking_Numbers_To_User"/>
  <testcase name="Add_Tracking_Number" time="0.535" classname="Test_Data_Generation.Add_Tracking_Numbers_To_User"/>
  <testcase name="Add_Tracking_Number" time="0.498" classname="Test_Data_Generation.Add_Tracking_Numbers_To_User"/>
  <testcase name="Add_Tracking_Number" time="0.604" classname="Test_Data_Generation.Add_Tracking_Numbers_To_User"/>
  <testcase name="Add_Tracking_Number" time="0.749" classname="Test_Data_Generation.Add_Tracking_Numbers_To_User"/>
  <testcase name="Add_Tracking_Number" time="0.621" classname="Test_Data_Generation.Add_Tracking_Numbers_To_User"/>
  <testcase name="Add_Tracking_Number" time="0.485" classname="Test_Data_Generation.Add_Tracking_Numbers_To_User"/>
  <testcase name="Add_Tracking_Number" time="1.013" classname="Test_Data_Generation.Add_Tracking_Numbers_To_User">
    <failure type="java.lang.AssertionError" message="
Expected: a string containing &quot;{\&quot;successful\&quot;:true&quot;
     but: was &quot;{&quot;ShipmentOptionResponse&quot;:{&quot;successful&quot;:false,&quot;errorList&quot;:[{&quot;code&quot;:&quot;2997&quot;,&quot;message&quot;:&quot;TRAQS connection/request problem&quot;,&quot;source&quot;:null,&quot;rootCause&quot;:null}],&quot;alerts&quot;:null,&quot;cxsalerts&quot;:null}}&quot;">
      <![CDATA[java.lang.AssertionError: 
Expected: a string containing "{\"successful\":true"
     but: was "{"ShipmentOptionResponse":{"successful":false,"errorList":[{"code":"2997","message":"TRAQS connection/request problem","source":null,"rootCause":null}],"alerts":null,"cxsalerts":null}}"
at org.hamcrest.MatcherAssert.assertThat(MatcherAssert.java:20)
at org.junit.Assert.assertThat(Assert.java:956)
at org.junit.Assert.assertThat(Assert.java:923)
at Test_Data_Generation.Add_Tracking_Numbers_To_User.Add_Tracking_Number(Add_Tracking_Numbers_To_User.java:69)
at sun.reflect.GeneratedMethodAccessor2.invoke(Unknown Source)
at sun.reflect.DelegatingMethodAccessorImpl.invoke(Unknown Source)
at java.lang.reflect.Method.invoke(Unknown Source)
at org.testng.internal.MethodInvocationHelper.invokeMethod(MethodInvocationHelper.java:124)
at org.testng.internal.Invoker.invokeMethod(Invoker.java:580)
at org.testng.internal.Invoker.invokeTestMethod(Invoker.java:716)
at org.testng.internal.TestMethodWithDataProviderMethodWorker.call(TestMethodWithDataProviderMethodWorker.java:71)
at org.testng.internal.TestMethodWithDataProviderMethodWorker.call(TestMethodWithDataProviderMethodWorker.java:14)
at java.util.concurrent.FutureTask.run(Unknown Source)
at java.util.concurrent.Executors$RunnableAdapter.call(Unknown Source)
at java.util.concurrent.FutureTask.run(Unknown Source)
at java.util.concurrent.ThreadPoolExecutor.runWorker(Unknown Source)
at java.util.concurrent.ThreadPoolExecutor$Worker.run(Unknown Source)
at java.lang.Thread.run(Unknown Source)
]]>
    </failure>
  </testcase> <!-- Add_Tracking_Number -->
  <testcase name="Add_Tracking_Number" time="0.526" classname="Test_Data_Generation.Add_Tracking_Numbers_To_User"/>
  <testcase name="Add_Tracking_Number" time="0.471" classname="Test_Data_Generation.Add_Tracking_Numbers_To_User"/>
  <testcase name="Add_Tracking_Number" time="0.563" classname="Test_Data_Generation.Add_Tracking_Numbers_To_User"/>
  <testcase name="Add_Tracking_Number" time="0.528" classname="Test_Data_Generation.Add_Tracking_Numbers_To_User"/>
  <testcase name="Add_Tracking_Number" time="0.577" classname="Test_Data_Generation.Add_Tracking_Numbers_To_User"/>
  <testcase name="Add_Tracking_Number" time="0.654" classname="Test_Data_Generation.Add_Tracking_Numbers_To_User"/>
  <testcase name="Add_Tracking_Number" time="0.477" classname="Test_Data_Generation.Add_Tracking_Numbers_To_User"/>
  <testcase name="Add_Tracking_Number" time="0.528" classname="Test_Data_Generation.Add_Tracking_Numbers_To_User"/>
  <testcase name="Add_Tracking_Number" time="0.538" classname="Test_Data_Generation.Add_Tracking_Numbers_To_User"/>
  <testcase name="Add_Tracking_Number" time="0.548" classname="Test_Data_Generation.Add_Tracking_Numbers_To_User"/>
  <testcase name="Add_Tracking_Number" time="0.571" classname="Test_Data_Generation.Add_Tracking_Numbers_To_User"/>
  <testcase name="Add_Tracking_Number" time="0.618" classname="Test_Data_Generation.Add_Tracking_Numbers_To_User"/>
  <testcase name="Add_Tracking_Number" time="0.485" classname="Test_Data_Generation.Add_Tracking_Numbers_To_User"/>
  <testcase name="Add_Tracking_Number" time="0.664" classname="Test_Data_Generation.Add_Tracking_Numbers_To_User"/>
  <testcase name="Add_Tracking_Number" time="0.459" classname="Test_Data_Generation.Add_Tracking_Numbers_To_User"/>
  <testcase name="Add_Tracking_Number" time="0.638" classname="Test_Data_Generation.Add_Tracking_Numbers_To_User"/>
  <testcase name="Add_Tracking_Number" time="0.562" classname="Test_Data_Generation.Add_Tracking_Numbers_To_User"/>
  <testcase name="Add_Tracking_Number" time="0.562" classname="Test_Data_Generation.Add_Tracking_Numbers_To_User"/>
  <testcase name="Add_Tracking_Number" time="0.545" classname="Test_Data_Generation.Add_Tracking_Numbers_To_User"/>
  <testcase name="Add_Tracking_Number" time="0.586" classname="Test_Data_Generation.Add_Tracking_Numbers_To_User"/>
  <testcase name="Add_Tracking_Number" time="0.578" classname="Test_Data_Generation.Add_Tracking_Numbers_To_User"/>
  <testcase name="Add_Tracking_Number" time="0.507" classname="Test_Data_Generation.Add_Tracking_Numbers_To_User"/>
  <testcase name="Add_Tracking_Number" time="0.634" classname="Test_Data_Generation.Add_Tracking_Numbers_To_User"/>
  <testcase name="Add_Tracking_Number" time="0.450" classname="Test_Data_Generation.Add_Tracking_Numbers_To_User"/>
  <testcase name="Add_Tracking_Number" time="0.565" classname="Test_Data_Generation.Add_Tracking_Numbers_To_User"/>
  <testcase name="Add_Tracking_Number" time="0.098" classname="Test_Data_Generation.Add_Tracking_Numbers_To_User"/>
  <testcase name="Add_Tracking_Number" time="0.594" classname="Test_Data_Generation.Add_Tracking_Numbers_To_User"/>
  <testcase name="Add_Tracking_Number" time="0.560" classname="Test_Data_Generation.Add_Tracking_Numbers_To_User"/>
  <testcase name="Add_Tracking_Number" time="0.557" classname="Test_Data_Generation.Add_Tracking_Numbers_To_User"/>
  <testcase name="Add_Tracking_Number" time="0.503" classname="Test_Data_Generation.Add_Tracking_Numbers_To_User"/>
  <testcase name="Add_Tracking_Number" time="0.520" classname="Test_Data_Generation.Add_Tracking_Numbers_To_User"/>
  <testcase name="Add_Tracking_Number" time="0.490" classname="Test_Data_Generation.Add_Tracking_Numbers_To_User"/>
  <testcase name="Add_Tracking_Number" time="0.688" classname="Test_Data_Generation.Add_Tracking_Numbers_To_User"/>
  <testcase name="Add_Tracking_Number" time="0.594" classname="Test_Data_Generation.Add_Tracking_Numbers_To_User"/>
  <testcase name="Add_Tracking_Number" time="0.656" classname="Test_Data_Generation.Add_Tracking_Numbers_To_User"/>
  <testcase name="Add_Tracking_Number" time="0.560" classname="Test_Data_Generation.Add_Tracking_Numbers_To_User"/>
  <testcase name="Add_Tracking_Number" time="0.558" classname="Test_Data_Generation.Add_Tracking_Numbers_To_User"/>
  <testcase name="Add_Tracking_Number" time="0.654" classname="Test_Data_Generation.Add_Tracking_Numbers_To_User"/>
  <testcase name="Add_Tracking_Number" time="0.672" classname="Test_Data_Generation.Add_Tracking_Numbers_To_User"/>
  <testcase name="Add_Tracking_Number" time="0.657" classname="Test_Data_Generation.Add_Tracking_Numbers_To_User"/>
  <testcase name="Add_Tracking_Number" time="0.541" classname="Test_Data_Generation.Add_Tracking_Numbers_To_User"/>
  <testcase name="Add_Tracking_Number" time="0.631" classname="Test_Data_Generation.Add_Tracking_Numbers_To_User"/>
  <testcase name="Add_Tracking_Number" time="0.622" classname="Test_Data_Generation.Add_Tracking_Numbers_To_User"/>
  <testcase name="Add_Tracking_Number" time="0.625" classname="Test_Data_Generation.Add_Tracking_Numbers_To_User"/>
  <testcase name="Add_Tracking_Number" time="0.498" classname="Test_Data_Generation.Add_Tracking_Numbers_To_User"/>
  <testcase name="Add_Tracking_Number" time="0.534" classname="Test_Data_Generation.Add_Tracking_Numbers_To_User"/>
  <testcase name="Add_Tracking_Number" time="0.505" classname="Test_Data_Generation.Add_Tracking_Numbers_To_User"/>
  <testcase name="Add_Tracking_Number" time="0.443" classname="Test_Data_Generation.Add_Tracking_Numbers_To_User"/>
  <testcase name="Add_Tracking_Number" time="0.610" classname="Test_Data_Generation.Add_Tracking_Numbers_To_User"/>
  <testcase name="Add_Tracking_Number" time="0.224" classname="Test_Data_Generation.Add_Tracking_Numbers_To_User"/>
  <testcase name="Add_Tracking_Number" time="0.648" classname="Test_Data_Generation.Add_Tracking_Numbers_To_User"/>
  <testcase name="Add_Tracking_Number" time="0.522" classname="Test_Data_Generation.Add_Tracking_Numbers_To_User"/>
  <testcase name="Add_Tracking_Number" time="0.465" classname="Test_Data_Generation.Add_Tracking_Numbers_To_User"/>
  <testcase name="Add_Tracking_Number" time="0.640" classname="Test_Data_Generation.Add_Tracking_Numbers_To_User"/>
  <testcase name="Add_Tracking_Number" time="0.489" classname="Test_Data_Generation.Add_Tracking_Numbers_To_User"/>
  <testcase name="Add_Tracking_Number" time="0.627" classname="Test_Data_Generation.Add_Tracking_Numbers_To_User"/>
  <testcase name="Add_Tracking_Number" time="0.493" classname="Test_Data_Generation.Add_Tracking_Numbers_To_User"/>
  <testcase name="Add_Tracking_Number" time="0.613" classname="Test_Data_Generation.Add_Tracking_Numbers_To_User"/>
  <testcase name="Add_Tracking_Number" time="0.555" classname="Test_Data_Generation.Add_Tracking_Numbers_To_User"/>
  <testcase name="Add_Tracking_Number" time="0.050" classname="Test_Data_Generation.Add_Tracking_Numbers_To_User"/>
  <testcase name="Add_Tracking_Number" time="0.612" classname="Test_Data_Generation.Add_Tracking_Numbers_To_User"/>
  <testcase name="Add_Tracking_Number" time="0.513" classname="Test_Data_Generation.Add_Tracking_Numbers_To_User"/>
  <testcase name="Add_Tracking_Number" time="0.557" classname="Test_Data_Generation.Add_Tracking_Numbers_To_User"/>
  <testcase name="Add_Tracking_Number" time="0.539" classname="Test_Data_Generation.Add_Tracking_Numbers_To_User"/>
  <testcase name="Add_Tracking_Number" time="0.518" classname="Test_Data_Generation.Add_Tracking_Numbers_To_User"/>
  <testcase name="Add_Tracking_Number" time="0.500" classname="Test_Data_Generation.Add_Tracking_Numbers_To_User"/>
  <testcase name="Add_Tracking_Number" time="0.499" classname="Test_Data_Generation.Add_Tracking_Numbers_To_User"/>
  <testcase name="Add_Tracking_Number" time="0.703" classname="Test_Data_Generation.Add_Tracking_Numbers_To_User"/>
  <testcase name="Add_Tracking_Number" time="0.513" classname="Test_Data_Generation.Add_Tracking_Numbers_To_User"/>
  <testcase name="Add_Tracking_Number" time="0.502" classname="Test_Data_Generation.Add_Tracking_Numbers_To_User"/>
  <testcase name="Add_Tracking_Number" time="0.531" classname="Test_Data_Generation.Add_Tracking_Numbers_To_User"/>
  <testcase name="Add_Tracking_Number" time="0.681" classname="Test_Data_Generation.Add_Tracking_Numbers_To_User"/>
  <testcase name="Add_Tracking_Number" time="0.525" classname="Test_Data_Generation.Add_Tracking_Numbers_To_User"/>
  <testcase name="Add_Tracking_Number" time="0.552" classname="Test_Data_Generation.Add_Tracking_Numbers_To_User"/>
  <testcase name="Add_Tracking_Number" time="0.499" classname="Test_Data_Generation.Add_Tracking_Numbers_To_User"/>
  <testcase name="Add_Tracking_Number" time="0.533" classname="Test_Data_Generation.Add_Tracking_Numbers_To_User"/>
  <testcase name="Add_Tracking_Number" time="0.496" classname="Test_Data_Generation.Add_Tracking_Numbers_To_User"/>
  <testcase name="Add_Tracking_Number" time="0.571" classname="Test_Data_Generation.Add_Tracking_Numbers_To_User"/>
  <testcase name="Add_Tracking_Number" time="0.669" classname="Test_Data_Generation.Add_Tracking_Numbers_To_User"/>
  <testcase name="Add_Tracking_Number" time="0.685" classname="Test_Data_Generation.Add_Tracking_Numbers_To_User"/>
  <testcase name="Add_Tracking_Number" time="1.841" classname="Test_Data_Generation.Add_Tracking_Numbers_To_User"/>
  <testcase name="Add_Tracking_Number" time="0.527" classname="Test_Data_Generation.Add_Tracking_Numbers_To_User"/>
  <testcase name="Add_Tracking_Number" time="0.509" classname="Test_Data_Generation.Add_Tracking_Numbers_To_User"/>
  <testcase name="Add_Tracking_Number" time="0.098" classname="Test_Data_Generation.Add_Tracking_Numbers_To_User"/>
  <testcase name="Add_Tracking_Number" time="0.519" classname="Test_Data_Generation.Add_Tracking_Numbers_To_User"/>
  <testcase name="Add_Tracking_Number" time="0.488" classname="Test_Data_Generation.Add_Tracking_Numbers_To_User"/>
  <testcase name="Add_Tracking_Number" time="0.536" classname="Test_Data_Generation.Add_Tracking_Numbers_To_User"/>
  <testcase name="Add_Tracking_Number" time="0.465" classname="Test_Data_Generation.Add_Tracking_Numbers_To_User"/>
  <testcase name="Add_Tracking_Number" time="0.496" classname="Test_Data_Generation.Add_Tracking_Numbers_To_User"/>
  <testcase name="Add_Tracking_Number" time="0.534" classname="Test_Data_Generation.Add_Tracking_Numbers_To_User"/>
  <testcase name="Add_Tracking_Number" time="0.474" classname="Test_Data_Generation.Add_Tracking_Numbers_To_User"/>
  <testcase name="Add_Tracking_Number" time="0.531" classname="Test_Data_Generation.Add_Tracking_Numbers_To_User"/>
  <testcase name="Add_Tracking_Number" time="0.523" classname="Test_Data_Generation.Add_Tracking_Numbers_To_User"/>
  <testcase name="Add_Tracking_Number" time="0.529" classname="Test_Data_Generation.Add_Tracking_Numbers_To_User"/>
  <testcase name="Add_Tracking_Number" time="0.668" classname="Test_Data_Generation.Add_Tracking_Numbers_To_User"/>
  <testcase name="Add_Tracking_Number" time="0.518" classname="Test_Data_Generation.Add_Tracking_Numbers_To_User"/>
  <testcase name="Add_Tracking_Number" time="0.544" classname="Test_Data_Generation.Add_Tracking_Numbers_To_User"/>
  <testcase name="Add_Tracking_Number" time="0.516" classname="Test_Data_Generation.Add_Tracking_Numbers_To_User"/>
  <testcase name="Add_Tracking_Number" time="0.457" classname="Test_Data_Generation.Add_Tracking_Numbers_To_User"/>
  <testcase name="Add_Tracking_Number" time="0.564" classname="Test_Data_Generation.Add_Tracking_Numbers_To_User"/>
  <testcase name="Add_Tracking_Number" time="0.575" classname="Test_Data_Generation.Add_Tracking_Numbers_To_User"/>
  <testcase name="Add_Tracking_Number" time="0.520" classname="Test_Data_Generation.Add_Tracking_Numbers_To_User"/>
  <testcase name="Add_Tracking_Number" time="0.490" classname="Test_Data_Generation.Add_Tracking_Numbers_To_User"/>
  <testcase name="Add_Tracking_Number" time="0.430" classname="Test_Data_Generation.Add_Tracking_Numbers_To_User"/>
  <testcase name="Add_Tracking_Number" time="0.557" classname="Test_Data_Generation.Add_Tracking_Numbers_To_User"/>
  <testcase name="Add_Tracking_Number" time="0.549" classname="Test_Data_Generation.Add_Tracking_Numbers_To_User"/>
  <testcase name="Add_Tracking_Number" time="0.511" classname="Test_Data_Generation.Add_Tracking_Numbers_To_User"/>
  <testcase name="Add_Tracking_Number" time="0.542" classname="Test_Data_Generation.Add_Tracking_Numbers_To_User"/>
  <testcase name="Add_Tracking_Number" time="0.609" classname="Test_Data_Generation.Add_Tracking_Numbers_To_User"/>
  <testcase name="Add_Tracking_Number" time="0.555" classname="Test_Data_Generation.Add_Tracking_Numbers_To_User"/>
  <testcase name="Add_Tracking_Number" time="0.527" classname="Test_Data_Generation.Add_Tracking_Numbers_To_User"/>
  <testcase name="Add_Tracking_Number" time="0.587" classname="Test_Data_Generation.Add_Tracking_Numbers_To_User"/>
  <testcase name="Add_Tracking_Number" time="0.455" classname="Test_Data_Generation.Add_Tracking_Numbers_To_User"/>
  <testcase name="Add_Tracking_Number" time="0.535" classname="Test_Data_Generation.Add_Tracking_Numbers_To_User"/>
  <testcase name="Add_Tracking_Number" time="0.530" classname="Test_Data_Generation.Add_Tracking_Numbers_To_User"/>
  <testcase name="Add_Tracking_Number" time="0.541" classname="Test_Data_Generation.Add_Tracking_Numbers_To_User"/>
  <testcase name="Add_Tracking_Number" time="0.888" classname="Test_Data_Generation.Add_Tracking_Numbers_To_User"/>
  <testcase name="Add_Tracking_Number" time="0.508" classname="Test_Data_Generation.Add_Tracking_Numbers_To_User"/>
  <testcase name="Add_Tracking_Number" time="0.592" classname="Test_Data_Generation.Add_Tracking_Numbers_To_User"/>
  <testcase name="Add_Tracking_Number" time="0.712" classname="Test_Data_Generation.Add_Tracking_Numbers_To_User"/>
  <testcase name="Add_Tracking_Number" time="0.553" classname="Test_Data_Generation.Add_Tracking_Numbers_To_User"/>
  <testcase name="Add_Tracking_Number" time="0.688" classname="Test_Data_Generation.Add_Tracking_Numbers_To_User"/>
  <testcase name="Add_Tracking_Number" time="0.490" classname="Test_Data_Generation.Add_Tracking_Numbers_To_User"/>
  <testcase name="Add_Tracking_Number" time="0.506" classname="Test_Data_Generation.Add_Tracking_Numbers_To_User"/>
  <testcase name="Add_Tracking_Number" time="0.456" classname="Test_Data_Generation.Add_Tracking_Numbers_To_User"/>
  <testcase name="Add_Tracking_Number" time="0.538" classname="Test_Data_Generation.Add_Tracking_Numbers_To_User"/>
  <testcase name="Add_Tracking_Number" time="0.572" classname="Test_Data_Generation.Add_Tracking_Numbers_To_User"/>
  <testcase name="Add_Tracking_Number" time="0.484" classname="Test_Data_Generation.Add_Tracking_Numbers_To_User"/>
  <testcase name="Add_Tracking_Number" time="0.694" classname="Test_Data_Generation.Add_Tracking_Numbers_To_User"/>
  <testcase name="Add_Tracking_Number" time="0.635" classname="Test_Data_Generation.Add_Tracking_Numbers_To_User"/>
  <testcase name="Add_Tracking_Number" time="0.569" classname="Test_Data_Generation.Add_Tracking_Numbers_To_User"/>
  <testcase name="Add_Tracking_Number" time="0.543" classname="Test_Data_Generation.Add_Tracking_Numbers_To_User"/>
  <testcase name="Add_Tracking_Number" time="0.497" classname="Test_Data_Generation.Add_Tracking_Numbers_To_User"/>
  <testcase name="Add_Tracking_Number" time="0.499" classname="Test_Data_Generation.Add_Tracking_Numbers_To_User"/>
  <testcase name="Add_Tracking_Number" time="0.051" classname="Test_Data_Generation.Add_Tracking_Numbers_To_User"/>
  <testcase name="Add_Tracking_Number" time="0.454" classname="Test_Data_Generation.Add_Tracking_Numbers_To_User"/>
  <testcase name="Add_Tracking_Number" time="0.999" classname="Test_Data_Generation.Add_Tracking_Numbers_To_User"/>
  <testcase name="Add_Tracking_Number" time="0.508" classname="Test_Data_Generation.Add_Tracking_Numbers_To_User"/>
  <testcase name="Add_Tracking_Number" time="0.460" classname="Test_Data_Generation.Add_Tracking_Numbers_To_User"/>
  <testcase name="Add_Tracking_Number" time="0.570" classname="Test_Data_Generation.Add_Tracking_Numbers_To_User"/>
  <testcase name="Add_Tracking_Number" time="0.582" classname="Test_Data_Generation.Add_Tracking_Numbers_To_User"/>
  <testcase name="Add_Tracking_Number" time="0.534" classname="Test_Data_Generation.Add_Tracking_Numbers_To_User"/>
  <testcase name="Add_Tracking_Number" time="0.524" classname="Test_Data_Generation.Add_Tracking_Numbers_To_User"/>
  <testcase name="Add_Tracking_Number" time="0.543" classname="Test_Data_Generation.Add_Tracking_Numbers_To_User"/>
  <testcase name="Add_Tracking_Number" time="0.477" classname="Test_Data_Generation.Add_Tracking_Numbers_To_User"/>
  <testcase name="Add_Tracking_Number" time="0.816" classname="Test_Data_Generation.Add_Tracking_Numbers_To_User"/>
  <testcase name="Add_Tracking_Number" time="0.490" classname="Test_Data_Generation.Add_Tracking_Numbers_To_User"/>
  <testcase name="Add_Tracking_Number" time="0.457" classname="Test_Data_Generation.Add_Tracking_Numbers_To_User"/>
  <testcase name="Add_Tracking_Number" time="0.435" classname="Test_Data_Generation.Add_Tracking_Numbers_To_User"/>
  <testcase name="Add_Tracking_Number" time="0.543" classname="Test_Data_Generation.Add_Tracking_Numbers_To_User"/>
  <testcase name="Add_Tracking_Number" time="0.539" classname="Test_Data_Generation.Add_Tracking_Numbers_To_User"/>
  <testcase name="Add_Tracking_Number" time="0.510" classname="Test_Data_Generation.Add_Tracking_Numbers_To_User"/>
  <testcase name="Add_Tracking_Number" time="0.553" classname="Test_Data_Generation.Add_Tracking_Numbers_To_User"/>
  <testcase name="Add_Tracking_Number" time="0.617" classname="Test_Data_Generation.Add_Tracking_Numbers_To_User"/>
  <testcase name="Add_Tracking_Number" time="0.462" classname="Test_Data_Generation.Add_Tracking_Numbers_To_User"/>
  <testcase name="Add_Tracking_Number" time="0.503" classname="Test_Data_Generation.Add_Tracking_Numbers_To_User"/>
  <testcase name="Add_Tracking_Number" time="0.558" classname="Test_Data_Generation.Add_Tracking_Numbers_To_User"/>
  <testcase name="Add_Tracking_Number" time="0.473" classname="Test_Data_Generation.Add_Tracking_Numbers_To_User"/>
  <testcase name="Add_Tracking_Number" time="0.513" classname="Test_Data_Generation.Add_Tracking_Numbers_To_User"/>
  <testcase name="Add_Tracking_Number" time="0.538" classname="Test_Data_Generation.Add_Tracking_Numbers_To_User"/>
  <testcase name="Add_Tracking_Number" time="0.588" classname="Test_Data_Generation.Add_Tracking_Numbers_To_User"/>
  <testcase name="Add_Tracking_Number" time="0.623" classname="Test_Data_Generation.Add_Tracking_Numbers_To_User"/>
  <testcase name="Add_Tracking_Number" time="0.527" classname="Test_Data_Generation.Add_Tracking_Numbers_To_User"/>
  <testcase name="Add_Tracking_Number" time="0.640" classname="Test_Data_Generation.Add_Tracking_Numbers_To_User"/>
  <testcase name="Add_Tracking_Number" time="0.323" classname="Test_Data_Generation.Add_Tracking_Numbers_To_User"/>
  <testcase name="Add_Tracking_Number" time="0.635" classname="Test_Data_Generation.Add_Tracking_Numbers_To_User"/>
  <testcase name="Add_Tracking_Number" time="0.497" classname="Test_Data_Generation.Add_Tracking_Numbers_To_User"/>
  <testcase name="Add_Tracking_Number" time="0.519" classname="Test_Data_Generation.Add_Tracking_Numbers_To_User"/>
  <testcase name="Add_Tracking_Number" time="0.539" classname="Test_Data_Generation.Add_Tracking_Numbers_To_User"/>
  <testcase name="Add_Tracking_Number" time="0.540" classname="Test_Data_Generation.Add_Tracking_Numbers_To_User"/>
  <testcase name="Add_Tracking_Number" time="0.535" classname="Test_Data_Generation.Add_Tracking_Numbers_To_User"/>
  <testcase name="Add_Tracking_Number" time="0.469" classname="Test_Data_Generation.Add_Tracking_Numbers_To_User"/>
  <testcase name="Add_Tracking_Number" time="0.572" classname="Test_Data_Generation.Add_Tracking_Numbers_To_User"/>
  <testcase name="Add_Tracking_Number" time="0.567" classname="Test_Data_Generation.Add_Tracking_Numbers_To_User"/>
  <testcase name="Add_Tracking_Number" time="0.585" classname="Test_Data_Generation.Add_Tracking_Numbers_To_User"/>
  <testcase name="Add_Tracking_Number" time="0.598" classname="Test_Data_Generation.Add_Tracking_Numbers_To_User"/>
  <testcase name="Add_Tracking_Number" time="0.558" classname="Test_Data_Generation.Add_Tracking_Numbers_To_User"/>
  <testcase name="Add_Tracking_Number" time="0.621" classname="Test_Data_Generation.Add_Tracking_Numbers_To_User"/>
  <testcase name="Add_Tracking_Number" time="0.628" classname="Test_Data_Generation.Add_Tracking_Numbers_To_User"/>
  <testcase name="Add_Tracking_Number" time="0.895" classname="Test_Data_Generation.Add_Tracking_Numbers_To_User"/>
  <testcase name="Add_Tracking_Number" time="0.540" classname="Test_Data_Generation.Add_Tracking_Numbers_To_User"/>
  <testcase name="Add_Tracking_Number" time="0.500" classname="Test_Data_Generation.Add_Tracking_Numbers_To_User"/>
  <testcase name="Add_Tracking_Number" time="0.541" classname="Test_Data_Generation.Add_Tracking_Numbers_To_User"/>
  <testcase name="Add_Tracking_Number" time="0.474" classname="Test_Data_Generation.Add_Tracking_Numbers_To_User">
    <failure type="java.lang.AssertionError" message="
Expected: a string containing &quot;{\&quot;successful\&quot;:true&quot;
     but: was &quot;{&quot;ShipmentOptionResponse&quot;:{&quot;successful&quot;:false,&quot;errorList&quot;:[{&quot;code&quot;:&quot;2997&quot;,&quot;message&quot;:&quot;TRAQS connection/request problem&quot;,&quot;source&quot;:null,&quot;rootCause&quot;:null}],&quot;alerts&quot;:null,&quot;cxsalerts&quot;:null}}&quot;">
      <![CDATA[java.lang.AssertionError: 
Expected: a string containing "{\"successful\":true"
     but: was "{"ShipmentOptionResponse":{"successful":false,"errorList":[{"code":"2997","message":"TRAQS connection/request problem","source":null,"rootCause":null}],"alerts":null,"cxsalerts":null}}"
at org.hamcrest.MatcherAssert.assertThat(MatcherAssert.java:20)
at org.junit.Assert.assertThat(Assert.java:956)
at org.junit.Assert.assertThat(Assert.java:923)
at Test_Data_Generation.Add_Tracking_Numbers_To_User.Add_Tracking_Number(Add_Tracking_Numbers_To_User.java:69)
at sun.reflect.GeneratedMethodAccessor2.invoke(Unknown Source)
at sun.reflect.DelegatingMethodAccessorImpl.invoke(Unknown Source)
at java.lang.reflect.Method.invoke(Unknown Source)
at org.testng.internal.MethodInvocationHelper.invokeMethod(MethodInvocationHelper.java:124)
at org.testng.internal.Invoker.invokeMethod(Invoker.java:580)
at org.testng.internal.Invoker.invokeTestMethod(Invoker.java:716)
at org.testng.internal.TestMethodWithDataProviderMethodWorker.call(TestMethodWithDataProviderMethodWorker.java:71)
at org.testng.internal.TestMethodWithDataProviderMethodWorker.call(TestMethodWithDataProviderMethodWorker.java:14)
at java.util.concurrent.FutureTask.run(Unknown Source)
at java.util.concurrent.Executors$RunnableAdapter.call(Unknown Source)
at java.util.concurrent.FutureTask.run(Unknown Source)
at java.util.concurrent.ThreadPoolExecutor.runWorker(Unknown Source)
at java.util.concurrent.ThreadPoolExecutor$Worker.run(Unknown Source)
at java.lang.Thread.run(Unknown Source)
]]>
    </failure>
  </testcase> <!-- Add_Tracking_Number -->
  <testcase name="Add_Tracking_Number" time="0.538" classname="Test_Data_Generation.Add_Tracking_Numbers_To_User"/>
  <testcase name="Add_Tracking_Number" time="0.626" classname="Test_Data_Generation.Add_Tracking_Numbers_To_User"/>
  <testcase name="Add_Tracking_Number" time="0.533" classname="Test_Data_Generation.Add_Tracking_Numbers_To_User"/>
  <testcase name="Add_Tracking_Number" time="0.565" classname="Test_Data_Generation.Add_Tracking_Numbers_To_User"/>
  <testcase name="Add_Tracking_Number" time="0.536" classname="Test_Data_Generation.Add_Tracking_Numbers_To_User"/>
  <testcase name="Add_Tracking_Number" time="0.496" classname="Test_Data_Generation.Add_Tracking_Numbers_To_User"/>
  <testcase name="Add_Tracking_Number" time="0.456" classname="Test_Data_Generation.Add_Tracking_Numbers_To_User"/>
  <testcase name="Add_Tracking_Number" time="0.680" classname="Test_Data_Generation.Add_Tracking_Numbers_To_User"/>
  <testcase name="Add_Tracking_Number" time="0.575" classname="Test_Data_Generation.Add_Tracking_Numbers_To_User"/>
  <testcase name="Add_Tracking_Number" time="0.535" classname="Test_Data_Generation.Add_Tracking_Numbers_To_User"/>
  <testcase name="Add_Tracking_Number" time="0.593" classname="Test_Data_Generation.Add_Tracking_Numbers_To_User"/>
  <testcase name="Add_Tracking_Number" time="0.494" classname="Test_Data_Generation.Add_Tracking_Numbers_To_User"/>
  <testcase name="Add_Tracking_Number" time="0.523" classname="Test_Data_Generation.Add_Tracking_Numbers_To_User"/>
  <testcase name="Add_Tracking_Number" time="0.594" classname="Test_Data_Generation.Add_Tracking_Numbers_To_User"/>
  <testcase name="Add_Tracking_Number" time="0.594" classname="Test_Data_Generation.Add_Tracking_Numbers_To_User"/>
  <testcase name="Add_Tracking_Number" time="0.550" classname="Test_Data_Generation.Add_Tracking_Numbers_To_User"/>
  <testcase name="Add_Tracking_Number" time="0.600" classname="Test_Data_Generation.Add_Tracking_Numbers_To_User"/>
  <testcase name="Add_Tracking_Number" time="0.569" classname="Test_Data_Generation.Add_Tracking_Numbers_To_User"/>
  <testcase name="Add_Tracking_Number" time="0.534" classname="Test_Data_Generation.Add_Tracking_Numbers_To_User"/>
  <testcase name="Add_Tracking_Number" time="0.521" classname="Test_Data_Generation.Add_Tracking_Numbers_To_User"/>
  <testcase name="Add_Tracking_Number" time="0.549" classname="Test_Data_Generation.Add_Tracking_Numbers_To_User"/>
  <testcase name="Add_Tracking_Number" time="0.798" classname="Test_Data_Generation.Add_Tracking_Numbers_To_User"/>
  <testcase name="Add_Tracking_Number" time="0.496" classname="Test_Data_Generation.Add_Tracking_Numbers_To_User"/>
  <testcase name="Add_Tracking_Number" time="0.589" classname="Test_Data_Generation.Add_Tracking_Numbers_To_User"/>
  <testcase name="Add_Tracking_Number" time="0.511" classname="Test_Data_Generation.Add_Tracking_Numbers_To_User"/>
  <testcase name="Add_Tracking_Number" time="0.541" classname="Test_Data_Generation.Add_Tracking_Numbers_To_User"/>
  <testcase name="Add_Tracking_Number" time="0.474" classname="Test_Data_Generation.Add_Tracking_Numbers_To_User"/>
  <testcase name="Add_Tracking_Number" time="0.526" classname="Test_Data_Generation.Add_Tracking_Numbers_To_User"/>
  <testcase name="Add_Tracking_Number" time="0.674" classname="Test_Data_Generation.Add_Tracking_Numbers_To_User"/>
  <testcase name="Add_Tracking_Number" time="0.537" classname="Test_Data_Generation.Add_Tracking_Numbers_To_User"/>
  <testcase name="Add_Tracking_Number" time="0.489" classname="Test_Data_Generation.Add_Tracking_Numbers_To_User"/>
  <testcase name="Add_Tracking_Number" time="0.472" classname="Test_Data_Generation.Add_Tracking_Numbers_To_User"/>
  <testcase name="Add_Tracking_Number" time="0.633" classname="Test_Data_Generation.Add_Tracking_Numbers_To_User"/>
  <testcase name="Add_Tracking_Number" time="0.522" classname="Test_Data_Generation.Add_Tracking_Numbers_To_User"/>
  <testcase name="Add_Tracking_Number" time="0.469" classname="Test_Data_Generation.Add_Tracking_Numbers_To_User"/>
  <testcase name="Add_Tracking_Number" time="0.498" classname="Test_Data_Generation.Add_Tracking_Numbers_To_User"/>
  <testcase name="Add_Tracking_Number" time="0.560" classname="Test_Data_Generation.Add_Tracking_Numbers_To_User"/>
  <testcase name="Add_Tracking_Number" time="0.565" classname="Test_Data_Generation.Add_Tracking_Numbers_To_User"/>
  <testcase name="Add_Tracking_Number" time="0.474" classname="Test_Data_Generation.Add_Tracking_Numbers_To_User"/>
  <testcase name="Add_Tracking_Number" time="0.065" classname="Test_Data_Generation.Add_Tracking_Numbers_To_User"/>
  <testcase name="Add_Tracking_Number" time="0.820" classname="Test_Data_Generation.Add_Tracking_Numbers_To_User"/>
  <testcase name="Add_Tracking_Number" time="0.529" classname="Test_Data_Generation.Add_Tracking_Numbers_To_User"/>
  <testcase name="Add_Tracking_Number" time="0.470" classname="Test_Data_Generation.Add_Tracking_Numbers_To_User"/>
  <testcase name="Add_Tracking_Number" time="0.229" classname="Test_Data_Generation.Add_Tracking_Numbers_To_User"/>
  <testcase name="Add_Tracking_Number" time="0.567" classname="Test_Data_Generation.Add_Tracking_Numbers_To_User"/>
  <testcase name="Add_Tracking_Number" time="0.519" classname="Test_Data_Generation.Add_Tracking_Numbers_To_User"/>
  <testcase name="Add_Tracking_Number" time="0.647" classname="Test_Data_Generation.Add_Tracking_Numbers_To_User"/>
  <testcase name="Add_Tracking_Number" time="0.533" classname="Test_Data_Generation.Add_Tracking_Numbers_To_User"/>
  <testcase name="Add_Tracking_Number" time="0.512" classname="Test_Data_Generation.Add_Tracking_Numbers_To_User"/>
  <testcase name="Add_Tracking_Number" time="0.571" classname="Test_Data_Generation.Add_Tracking_Numbers_To_User"/>
  <testcase name="Add_Tracking_Number" time="0.550" classname="Test_Data_Generation.Add_Tracking_Numbers_To_User"/>
  <testcase name="Add_Tracking_Number" time="0.573" classname="Test_Data_Generation.Add_Tracking_Numbers_To_User"/>
  <testcase name="Add_Tracking_Number" time="0.560" classname="Test_Data_Generation.Add_Tracking_Numbers_To_User"/>
  <testcase name="Add_Tracking_Number" time="0.696" classname="Test_Data_Generation.Add_Tracking_Numbers_To_User"/>
  <testcase name="Add_Tracking_Number" time="0.666" classname="Test_Data_Generation.Add_Tracking_Numbers_To_User"/>
  <testcase name="Add_Tracking_Number" time="0.492" classname="Test_Data_Generation.Add_Tracking_Numbers_To_User"/>
  <testcase name="Add_Tracking_Number" time="0.623" classname="Test_Data_Generation.Add_Tracking_Numbers_To_User"/>
  <testcase name="Add_Tracking_Number" time="0.628" classname="Test_Data_Generation.Add_Tracking_Numbers_To_User"/>
  <testcase name="Add_Tracking_Number" time="0.688" classname="Test_Data_Generation.Add_Tracking_Numbers_To_User"/>
  <testcase name="Add_Tracking_Number" time="0.361" classname="Test_Data_Generation.Add_Tracking_Numbers_To_User">
    <failure type="java.lang.AssertionError" message="
Expected: a string containing &quot;{\&quot;successful\&quot;:true&quot;
     but: was &quot;{&quot;ShipmentOptionResponse&quot;:{&quot;successful&quot;:false,&quot;errorList&quot;:[{&quot;code&quot;:&quot;2997&quot;,&quot;message&quot;:&quot;TRAQS connection/request problem&quot;,&quot;source&quot;:null,&quot;rootCause&quot;:null}],&quot;alerts&quot;:null,&quot;cxsalerts&quot;:null}}&quot;">
      <![CDATA[java.lang.AssertionError: 
Expected: a string containing "{\"successful\":true"
     but: was "{"ShipmentOptionResponse":{"successful":false,"errorList":[{"code":"2997","message":"TRAQS connection/request problem","source":null,"rootCause":null}],"alerts":null,"cxsalerts":null}}"
at org.hamcrest.MatcherAssert.assertThat(MatcherAssert.java:20)
at org.junit.Assert.assertThat(Assert.java:956)
at org.junit.Assert.assertThat(Assert.java:923)
at Test_Data_Generation.Add_Tracking_Numbers_To_User.Add_Tracking_Number(Add_Tracking_Numbers_To_User.java:69)
at sun.reflect.GeneratedMethodAccessor2.invoke(Unknown Source)
at sun.reflect.DelegatingMethodAccessorImpl.invoke(Unknown Source)
at java.lang.reflect.Method.invoke(Unknown Source)
at org.testng.internal.MethodInvocationHelper.invokeMethod(MethodInvocationHelper.java:124)
at org.testng.internal.Invoker.invokeMethod(Invoker.java:580)
at org.testng.internal.Invoker.invokeTestMethod(Invoker.java:716)
at org.testng.internal.TestMethodWithDataProviderMethodWorker.call(TestMethodWithDataProviderMethodWorker.java:71)
at org.testng.internal.TestMethodWithDataProviderMethodWorker.call(TestMethodWithDataProviderMethodWorker.java:14)
at java.util.concurrent.FutureTask.run(Unknown Source)
at java.util.concurrent.Executors$RunnableAdapter.call(Unknown Source)
at java.util.concurrent.FutureTask.run(Unknown Source)
at java.util.concurrent.ThreadPoolExecutor.runWorker(Unknown Source)
at java.util.concurrent.ThreadPoolExecutor$Worker.run(Unknown Source)
at java.lang.Thread.run(Unknown Source)
]]>
    </failure>
  </testcase> <!-- Add_Tracking_Number -->
  <testcase name="Add_Tracking_Number" time="0.494" classname="Test_Data_Generation.Add_Tracking_Numbers_To_User"/>
  <testcase name="Add_Tracking_Number" time="0.531" classname="Test_Data_Generation.Add_Tracking_Numbers_To_User"/>
  <testcase name="Add_Tracking_Number" time="0.508" classname="Test_Data_Generation.Add_Tracking_Numbers_To_User"/>
  <testcase name="Add_Tracking_Number" time="0.565" classname="Test_Data_Generation.Add_Tracking_Numbers_To_User"/>
  <testcase name="Add_Tracking_Number" time="0.711" classname="Test_Data_Generation.Add_Tracking_Numbers_To_User"/>
  <testcase name="Add_Tracking_Number" time="0.570" classname="Test_Data_Generation.Add_Tracking_Numbers_To_User"/>
  <testcase name="Add_Tracking_Number" time="0.658" classname="Test_Data_Generation.Add_Tracking_Numbers_To_User"/>
  <testcase name="Add_Tracking_Number" time="0.496" classname="Test_Data_Generation.Add_Tracking_Numbers_To_User"/>
  <testcase name="Add_Tracking_Number" time="0.612" classname="Test_Data_Generation.Add_Tracking_Numbers_To_User"/>
  <testcase name="Add_Tracking_Number" time="0.488" classname="Test_Data_Generation.Add_Tracking_Numbers_To_User"/>
  <testcase name="Add_Tracking_Number" time="0.503" classname="Test_Data_Generation.Add_Tracking_Numbers_To_User"/>
  <testcase name="Add_Tracking_Number" time="0.517" classname="Test_Data_Generation.Add_Tracking_Numbers_To_User"/>
  <testcase name="Add_Tracking_Number" time="0.533" classname="Test_Data_Generation.Add_Tracking_Numbers_To_User"/>
  <testcase name="Add_Tracking_Number" time="0.480" classname="Test_Data_Generation.Add_Tracking_Numbers_To_User"/>
  <testcase name="Add_Tracking_Number" time="0.659" classname="Test_Data_Generation.Add_Tracking_Numbers_To_User"/>
  <testcase name="Add_Tracking_Number" time="0.630" classname="Test_Data_Generation.Add_Tracking_Numbers_To_User"/>
  <testcase name="Add_Tracking_Number" time="0.487" classname="Test_Data_Generation.Add_Tracking_Numbers_To_User"/>
  <testcase name="Add_Tracking_Number" time="0.805" classname="Test_Data_Generation.Add_Tracking_Numbers_To_User"/>
  <testcase name="Add_Tracking_Number" time="0.629" classname="Test_Data_Generation.Add_Tracking_Numbers_To_User"/>
  <testcase name="Add_Tracking_Number" time="0.595" classname="Test_Data_Generation.Add_Tracking_Numbers_To_User"/>
  <testcase name="Add_Tracking_Number" time="0.497" classname="Test_Data_Generation.Add_Tracking_Numbers_To_User"/>
  <testcase name="Add_Tracking_Number" time="0.493" classname="Test_Data_Generation.Add_Tracking_Numbers_To_User"/>
  <testcase name="Add_Tracking_Number" time="0.457" classname="Test_Data_Generation.Add_Tracking_Numbers_To_User"/>
  <testcase name="Add_Tracking_Number" time="0.598" classname="Test_Data_Generation.Add_Tracking_Numbers_To_User"/>
  <testcase name="Add_Tracking_Number" time="0.518" classname="Test_Data_Generation.Add_Tracking_Numbers_To_User"/>
  <testcase name="Add_Tracking_Number" time="0.585" classname="Test_Data_Generation.Add_Tracking_Numbers_To_User"/>
  <testcase name="Add_Tracking_Number" time="0.678" classname="Test_Data_Generation.Add_Tracking_Numbers_To_User"/>
  <testcase name="Add_Tracking_Number" time="0.596" classname="Test_Data_Generation.Add_Tracking_Numbers_To_User"/>
  <testcase name="Add_Tracking_Number" time="0.582" classname="Test_Data_Generation.Add_Tracking_Numbers_To_User"/>
  <testcase name="Add_Tracking_Number" time="0.631" classname="Test_Data_Generation.Add_Tracking_Numbers_To_User"/>
  <testcase name="Add_Tracking_Number" time="0.549" classname="Test_Data_Generation.Add_Tracking_Numbers_To_User"/>
  <testcase name="Add_Tracking_Number" time="0.557" classname="Test_Data_Generation.Add_Tracking_Numbers_To_User"/>
  <testcase name="Add_Tracking_Number" time="0.582" classname="Test_Data_Generation.Add_Tracking_Numbers_To_User"/>
  <testcase name="Add_Tracking_Number" time="0.562" classname="Test_Data_Generation.Add_Tracking_Numbers_To_User"/>
  <testcase name="Add_Tracking_Number" time="0.677" classname="Test_Data_Generation.Add_Tracking_Numbers_To_User"/>
  <testcase name="Add_Tracking_Number" time="0.616" classname="Test_Data_Generation.Add_Tracking_Numbers_To_User"/>
  <testcase name="Add_Tracking_Number" time="0.590" classname="Test_Data_Generation.Add_Tracking_Numbers_To_User"/>
  <testcase name="Add_Tracking_Number" time="0.562" classname="Test_Data_Generation.Add_Tracking_Numbers_To_User"/>
  <testcase name="Add_Tracking_Number" time="0.497" classname="Test_Data_Generation.Add_Tracking_Numbers_To_User"/>
  <testcase name="Add_Tracking_Number" time="0.500" classname="Test_Data_Generation.Add_Tracking_Numbers_To_User"/>
  <testcase name="Add_Tracking_Number" time="0.446" classname="Test_Data_Generation.Add_Tracking_Numbers_To_User"/>
  <testcase name="Add_Tracking_Number" time="0.607" classname="Test_Data_Generation.Add_Tracking_Numbers_To_User"/>
  <testcase name="Add_Tracking_Number" time="0.535" classname="Test_Data_Generation.Add_Tracking_Numbers_To_User"/>
  <testcase name="Add_Tracking_Number" time="0.508" classname="Test_Data_Generation.Add_Tracking_Numbers_To_User"/>
  <testcase name="Add_Tracking_Number" time="0.556" classname="Test_Data_Generation.Add_Tracking_Numbers_To_User"/>
  <testcase name="Add_Tracking_Number" time="0.523" classname="Test_Data_Generation.Add_Tracking_Numbers_To_User"/>
  <testcase name="Add_Tracking_Number" time="0.531" classname="Test_Data_Generation.Add_Tracking_Numbers_To_User"/>
  <testcase name="Add_Tracking_Number" time="0.564" classname="Test_Data_Generation.Add_Tracking_Numbers_To_User"/>
  <testcase name="Add_Tracking_Number" time="0.526" classname="Test_Data_Generation.Add_Tracking_Numbers_To_User"/>
  <testcase name="Add_Tracking_Number" time="0.520" classname="Test_Data_Generation.Add_Tracking_Numbers_To_User"/>
  <testcase name="Add_Tracking_Number" time="0.541" classname="Test_Data_Generation.Add_Tracking_Numbers_To_User"/>
  <testcase name="Add_Tracking_Number" time="0.592" classname="Test_Data_Generation.Add_Tracking_Numbers_To_User"/>
  <testcase name="Add_Tracking_Number" time="0.516" classname="Test_Data_Generation.Add_Tracking_Numbers_To_User"/>
  <testcase name="Add_Tracking_Number" time="0.545" classname="Test_Data_Generation.Add_Tracking_Numbers_To_User"/>
  <testcase name="Add_Tracking_Number" time="0.522" classname="Test_Data_Generation.Add_Tracking_Numbers_To_User"/>
  <testcase name="Add_Tracking_Number" time="0.452" classname="Test_Data_Generation.Add_Tracking_Numbers_To_User"/>
  <testcase name="Add_Tracking_Number" time="0.531" classname="Test_Data_Generation.Add_Tracking_Numbers_To_User"/>
  <testcase name="Add_Tracking_Number" time="0.513" classname="Test_Data_Generation.Add_Tracking_Numbers_To_User"/>
  <testcase name="Add_Tracking_Number" time="0.492" classname="Test_Data_Generation.Add_Tracking_Numbers_To_User"/>
  <testcase name="Add_Tracking_Number" time="0.493" classname="Test_Data_Generation.Add_Tracking_Numbers_To_User"/>
  <testcase name="Add_Tracking_Number" time="0.486" classname="Test_Data_Generation.Add_Tracking_Numbers_To_User"/>
  <testcase name="Add_Tracking_Number" time="0.485" classname="Test_Data_Generation.Add_Tracking_Numbers_To_User"/>
  <testcase name="Add_Tracking_Number" time="0.586" classname="Test_Data_Generation.Add_Tracking_Numbers_To_User"/>
  <testcase name="Add_Tracking_Number" time="0.142" classname="Test_Data_Generation.Add_Tracking_Numbers_To_User"/>
  <testcase name="Add_Tracking_Number" time="0.521" classname="Test_Data_Generation.Add_Tracking_Numbers_To_User"/>
  <testcase name="Add_Tracking_Number" time="0.521" classname="Test_Data_Generation.Add_Tracking_Numbers_To_User"/>
  <testcase name="Add_Tracking_Number" time="0.475" classname="Test_Data_Generation.Add_Tracking_Numbers_To_User"/>
  <testcase name="Add_Tracking_Number" time="0.452" classname="Test_Data_Generation.Add_Tracking_Numbers_To_User"/>
  <testcase name="Add_Tracking_Number" time="0.480" classname="Test_Data_Generation.Add_Tracking_Numbers_To_User"/>
  <testcase name="Add_Tracking_Number" time="0.684" classname="Test_Data_Generation.Add_Tracking_Numbers_To_User"/>
  <testcase name="Add_Tracking_Number" time="0.515" classname="Test_Data_Generation.Add_Tracking_Numbers_To_User"/>
  <testcase name="Add_Tracking_Number" time="0.508" classname="Test_Data_Generation.Add_Tracking_Numbers_To_User"/>
  <testcase name="Add_Tracking_Number" time="0.552" classname="Test_Data_Generation.Add_Tracking_Numbers_To_User"/>
  <testcase name="Add_Tracking_Number" time="0.699" classname="Test_Data_Generation.Add_Tracking_Numbers_To_User"/>
  <testcase name="Add_Tracking_Number" time="0.504" classname="Test_Data_Generation.Add_Tracking_Numbers_To_User"/>
  <testcase name="Add_Tracking_Number" time="0.583" classname="Test_Data_Generation.Add_Tracking_Numbers_To_User"/>
  <testcase name="Add_Tracking_Number" time="0.526" classname="Test_Data_Generation.Add_Tracking_Numbers_To_User"/>
  <testcase name="Add_Tracking_Number" time="0.449" classname="Test_Data_Generation.Add_Tracking_Numbers_To_User"/>
  <testcase name="Add_Tracking_Number" time="0.579" classname="Test_Data_Generation.Add_Tracking_Numbers_To_User"/>
  <testcase name="Add_Tracking_Number" time="0.582" classname="Test_Data_Generation.Add_Tracking_Numbers_To_User"/>
  <testcase name="Add_Tracking_Number" time="0.632" classname="Test_Data_Generation.Add_Tracking_Numbers_To_User"/>
  <testcase name="Add_Tracking_Number" time="0.783" classname="Test_Data_Generation.Add_Tracking_Numbers_To_User"/>
  <testcase name="Add_Tracking_Number" time="0.594" classname="Test_Data_Generation.Add_Tracking_Numbers_To_User"/>
  <testcase name="Add_Tracking_Number" time="0.520" classname="Test_Data_Generation.Add_Tracking_Numbers_To_User"/>
  <testcase name="Add_Tracking_Number" time="0.528" classname="Test_Data_Generation.Add_Tracking_Numbers_To_User"/>
  <testcase name="Add_Tracking_Number" time="0.044" classname="Test_Data_Generation.Add_Tracking_Numbers_To_User"/>
  <testcase name="Add_Tracking_Number" time="0.605" classname="Test_Data_Generation.Add_Tracking_Numbers_To_User"/>
  <testcase name="Add_Tracking_Number" time="0.481" classname="Test_Data_Generation.Add_Tracking_Numbers_To_User"/>
  <testcase name="Add_Tracking_Number" time="0.527" classname="Test_Data_Generation.Add_Tracking_Numbers_To_User"/>
  <testcase name="Add_Tracking_Number" time="0.637" classname="Test_Data_Generation.Add_Tracking_Numbers_To_User"/>
  <testcase name="Add_Tracking_Number" time="0.667" classname="Test_Data_Generation.Add_Tracking_Numbers_To_User"/>
  <testcase name="Add_Tracking_Number" time="0.615" classname="Test_Data_Generation.Add_Tracking_Numbers_To_User"/>
  <testcase name="Add_Tracking_Number" time="0.534" classname="Test_Data_Generation.Add_Tracking_Numbers_To_User"/>
  <testcase name="Add_Tracking_Number" time="0.502" classname="Test_Data_Generation.Add_Tracking_Numbers_To_User"/>
  <testcase name="Add_Tracking_Number" time="0.595" classname="Test_Data_Generation.Add_Tracking_Numbers_To_User"/>
  <testcase name="Add_Tracking_Number" time="0.609" classname="Test_Data_Generation.Add_Tracking_Numbers_To_User"/>
  <testcase name="Add_Tracking_Number" time="0.593" classname="Test_Data_Generation.Add_Tracking_Numbers_To_User"/>
  <testcase name="Add_Tracking_Number" time="0.440" classname="Test_Data_Generation.Add_Tracking_Numbers_To_User"/>
  <testcase name="Add_Tracking_Number" time="0.571" classname="Test_Data_Generation.Add_Tracking_Numbers_To_User"/>
  <testcase name="Add_Tracking_Number" time="0.745" classname="Test_Data_Generation.Add_Tracking_Numbers_To_User"/>
  <testcase name="Add_Tracking_Number" time="0.475" classname="Test_Data_Generation.Add_Tracking_Numbers_To_User"/>
  <testcase name="Add_Tracking_Number" time="0.480" classname="Test_Data_Generation.Add_Tracking_Numbers_To_User"/>
  <testcase name="Add_Tracking_Number" time="0.492" classname="Test_Data_Generation.Add_Tracking_Numbers_To_User"/>
  <testcase name="Add_Tracking_Number" time="0.594" classname="Test_Data_Generation.Add_Tracking_Numbers_To_User"/>
  <testcase name="Add_Tracking_Number" time="0.461" classname="Test_Data_Generation.Add_Tracking_Numbers_To_User"/>
  <testcase name="Add_Tracking_Number" time="0.577" classname="Test_Data_Generation.Add_Tracking_Numbers_To_User"/>
  <testcase name="Add_Tracking_Number" time="0.587" classname="Test_Data_Generation.Add_Tracking_Numbers_To_User"/>
  <testcase name="Add_Tracking_Number" time="0.549" classname="Test_Data_Generation.Add_Tracking_Numbers_To_User"/>
  <testcase name="Add_Tracking_Number" time="0.520" classname="Test_Data_Generation.Add_Tracking_Numbers_To_User"/>
  <testcase name="Add_Tracking_Number" time="0.540" classname="Test_Data_Generation.Add_Tracking_Numbers_To_User"/>
  <testcase name="Add_Tracking_Number" time="0.505" classname="Test_Data_Generation.Add_Tracking_Numbers_To_User"/>
  <testcase name="Add_Tracking_Number" time="0.803" classname="Test_Data_Generation.Add_Tracking_Numbers_To_User"/>
  <testcase name="Add_Tracking_Number" time="0.522" classname="Test_Data_Generation.Add_Tracking_Numbers_To_User"/>
  <testcase name="Add_Tracking_Number" time="0.798" classname="Test_Data_Generation.Add_Tracking_Numbers_To_User"/>
  <testcase name="Add_Tracking_Number" time="0.680" classname="Test_Data_Generation.Add_Tracking_Numbers_To_User"/>
  <testcase name="Add_Tracking_Number" time="0.476" classname="Test_Data_Generation.Add_Tracking_Numbers_To_User"/>
  <testcase name="Add_Tracking_Number" time="0.615" classname="Test_Data_Generation.Add_Tracking_Numbers_To_User"/>
  <testcase name="Add_Tracking_Number" time="0.494" classname="Test_Data_Generation.Add_Tracking_Numbers_To_User"/>
  <testcase name="Add_Tracking_Number" time="0.568" classname="Test_Data_Generation.Add_Tracking_Numbers_To_User"/>
  <testcase name="Add_Tracking_Number" time="0.771" classname="Test_Data_Generation.Add_Tracking_Numbers_To_User"/>
  <testcase name="Add_Tracking_Number" time="0.481" classname="Test_Data_Generation.Add_Tracking_Numbers_To_User"/>
  <testcase name="Add_Tracking_Number" time="0.507" classname="Test_Data_Generation.Add_Tracking_Numbers_To_User"/>
  <testcase name="Add_Tracking_Number" time="0.817" classname="Test_Data_Generation.Add_Tracking_Numbers_To_User"/>
  <testcase name="Add_Tracking_Number" time="0.533" classname="Test_Data_Generation.Add_Tracking_Numbers_To_User"/>
  <testcase name="Add_Tracking_Number" time="0.476" classname="Test_Data_Generation.Add_Tracking_Numbers_To_User"/>
  <testcase name="Add_Tracking_Number" time="0.470" classname="Test_Data_Generation.Add_Tracking_Numbers_To_User"/>
  <testcase name="Add_Tracking_Number" time="0.585" classname="Test_Data_Generation.Add_Tracking_Numbers_To_User"/>
  <testcase name="Add_Tracking_Number" time="1.086" classname="Test_Data_Generation.Add_Tracking_Numbers_To_User"/>
  <testcase name="Add_Tracking_Number" time="0.577" classname="Test_Data_Generation.Add_Tracking_Numbers_To_User"/>
  <testcase name="Add_Tracking_Number" time="0.711" classname="Test_Data_Generation.Add_Tracking_Numbers_To_User"/>
  <testcase name="Add_Tracking_Number" time="0.560" classname="Test_Data_Generation.Add_Tracking_Numbers_To_User"/>
  <testcase name="Add_Tracking_Number" time="0.511" classname="Test_Data_Generation.Add_Tracking_Numbers_To_User"/>
  <testcase name="Add_Tracking_Number" time="0.547" classname="Test_Data_Generation.Add_Tracking_Numbers_To_User"/>
  <testcase name="Add_Tracking_Number" time="0.491" classname="Test_Data_Generation.Add_Tracking_Numbers_To_User"/>
  <testcase name="Add_Tracking_Number" time="0.618" classname="Test_Data_Generation.Add_Tracking_Numbers_To_User"/>
  <testcase name="Add_Tracking_Number" time="0.668" classname="Test_Data_Generation.Add_Tracking_Numbers_To_User"/>
  <testcase name="Add_Tracking_Number" time="0.681" classname="Test_Data_Generation.Add_Tracking_Numbers_To_User"/>
  <testcase name="Add_Tracking_Number" time="0.517" classname="Test_Data_Generation.Add_Tracking_Numbers_To_User"/>
  <testcase name="Add_Tracking_Number" time="1.053" classname="Test_Data_Generation.Add_Tracking_Numbers_To_User"/>
  <testcase name="Add_Tracking_Number" time="0.480" classname="Test_Data_Generation.Add_Tracking_Numbers_To_User"/>
  <testcase name="Add_Tracking_Number" time="0.564" classname="Test_Data_Generation.Add_Tracking_Numbers_To_User"/>
  <testcase name="Add_Tracking_Number" time="0.448" classname="Test_Data_Generation.Add_Tracking_Numbers_To_User"/>
  <testcase name="Add_Tracking_Number" time="0.596" classname="Test_Data_Generation.Add_Tracking_Numbers_To_User"/>
  <testcase name="Add_Tracking_Number" time="0.476" classname="Test_Data_Generation.Add_Tracking_Numbers_To_User"/>
  <testcase name="Add_Tracking_Number" time="0.499" classname="Test_Data_Generation.Add_Tracking_Numbers_To_User"/>
  <testcase name="Add_Tracking_Number" time="0.508" classname="Test_Data_Generation.Add_Tracking_Numbers_To_User"/>
  <testcase name="Add_Tracking_Number" time="0.555" classname="Test_Data_Generation.Add_Tracking_Numbers_To_User"/>
  <testcase name="Add_Tracking_Number" time="0.618" classname="Test_Data_Generation.Add_Tracking_Numbers_To_User"/>
  <testcase name="Add_Tracking_Number" time="0.606" classname="Test_Data_Generation.Add_Tracking_Numbers_To_User"/>
  <testcase name="Add_Tracking_Number" time="0.500" classname="Test_Data_Generation.Add_Tracking_Numbers_To_User"/>
  <testcase name="Add_Tracking_Number" time="0.505" classname="Test_Data_Generation.Add_Tracking_Numbers_To_User"/>
  <testcase name="Add_Tracking_Number" time="0.568" classname="Test_Data_Generation.Add_Tracking_Numbers_To_User"/>
  <testcase name="Add_Tracking_Number" time="0.640" classname="Test_Data_Generation.Add_Tracking_Numbers_To_User"/>
  <testcase name="Add_Tracking_Number" time="0.553" classname="Test_Data_Generation.Add_Tracking_Numbers_To_User"/>
  <testcase name="Add_Tracking_Number" time="0.510" classname="Test_Data_Generation.Add_Tracking_Numbers_To_User"/>
  <testcase name="Add_Tracking_Number" time="0.657" classname="Test_Data_Generation.Add_Tracking_Numbers_To_User"/>
  <testcase name="Add_Tracking_Number" time="0.520" classname="Test_Data_Generation.Add_Tracking_Numbers_To_User"/>
  <testcase name="Add_Tracking_Number" time="0.530" classname="Test_Data_Generation.Add_Tracking_Numbers_To_User"/>
  <testcase name="Add_Tracking_Number" time="0.533" classname="Test_Data_Generation.Add_Tracking_Numbers_To_User"/>
  <testcase name="Add_Tracking_Number" time="0.707" classname="Test_Data_Generation.Add_Tracking_Numbers_To_User"/>
  <testcase name="Add_Tracking_Number" time="0.641" classname="Test_Data_Generation.Add_Tracking_Numbers_To_User"/>
  <testcase name="Add_Tracking_Number" time="0.602" classname="Test_Data_Generation.Add_Tracking_Numbers_To_User"/>
  <testcase name="Add_Tracking_Number" time="0.561" classname="Test_Data_Generation.Add_Tracking_Numbers_To_User"/>
  <testcase name="Add_Tracking_Number" time="0.719" classname="Test_Data_Generation.Add_Tracking_Numbers_To_User"/>
  <testcase name="Add_Tracking_Number" time="0.537" classname="Test_Data_Generation.Add_Tracking_Numbers_To_User"/>
  <testcase name="Add_Tracking_Number" time="0.536" classname="Test_Data_Generation.Add_Tracking_Numbers_To_User"/>
  <testcase name="Add_Tracking_Number" time="0.681" classname="Test_Data_Generation.Add_Tracking_Numbers_To_User"/>
  <testcase name="Add_Tracking_Number" time="0.620" classname="Test_Data_Generation.Add_Tracking_Numbers_To_User"/>
  <testcase name="Add_Tracking_Number" time="0.429" classname="Test_Data_Generation.Add_Tracking_Numbers_To_User"/>
  <testcase name="Add_Tracking_Number" time="0.882" classname="Test_Data_Generation.Add_Tracking_Numbers_To_User"/>
  <testcase name="Add_Tracking_Number" time="0.551" classname="Test_Data_Generation.Add_Tracking_Numbers_To_User"/>
  <testcase name="Add_Tracking_Number" time="0.495" classname="Test_Data_Generation.Add_Tracking_Numbers_To_User"/>
  <testcase name="Add_Tracking_Number" time="0.612" classname="Test_Data_Generation.Add_Tracking_Numbers_To_User"/>
  <testcase name="Add_Tracking_Number" time="0.056" classname="Test_Data_Generation.Add_Tracking_Numbers_To_User"/>
  <testcase name="Add_Tracking_Number" time="0.514" classname="Test_Data_Generation.Add_Tracking_Numbers_To_User"/>
  <testcase name="Add_Tracking_Number" time="0.652" classname="Test_Data_Generation.Add_Tracking_Numbers_To_User"/>
  <testcase name="Add_Tracking_Number" time="0.554" classname="Test_Data_Generation.Add_Tracking_Numbers_To_User"/>
  <testcase name="Add_Tracking_Number" time="0.597" classname="Test_Data_Generation.Add_Tracking_Numbers_To_User"/>
  <testcase name="Add_Tracking_Number" time="0.460" classname="Test_Data_Generation.Add_Tracking_Numbers_To_User"/>
  <testcase name="Add_Tracking_Number" time="0.539" classname="Test_Data_Generation.Add_Tracking_Numbers_To_User"/>
  <testcase name="Add_Tracking_Number" time="0.502" classname="Test_Data_Generation.Add_Tracking_Numbers_To_User"/>
  <testcase name="Add_Tracking_Number" time="0.496" classname="Test_Data_Generation.Add_Tracking_Numbers_To_User"/>
  <testcase name="Add_Tracking_Number" time="0.295" classname="Test_Data_Generation.Add_Tracking_Numbers_To_User"/>
  <testcase name="Add_Tracking_Number" time="0.500" classname="Test_Data_Generation.Add_Tracking_Numbers_To_User"/>
  <testcase name="Add_Tracking_Number" time="0.467" classname="Test_Data_Generation.Add_Tracking_Numbers_To_User"/>
  <testcase name="Add_Tracking_Number" time="0.551" classname="Test_Data_Generation.Add_Tracking_Numbers_To_User"/>
  <testcase name="Add_Tracking_Number" time="0.686" classname="Test_Data_Generation.Add_Tracking_Numbers_To_User"/>
  <testcase name="Add_Tracking_Number" time="0.473" classname="Test_Data_Generation.Add_Tracking_Numbers_To_User"/>
  <testcase name="Add_Tracking_Number" time="0.484" classname="Test_Data_Generation.Add_Tracking_Numbers_To_User"/>
  <testcase name="Add_Tracking_Number" time="0.497" classname="Test_Data_Generation.Add_Tracking_Numbers_To_User"/>
  <testcase name="Add_Tracking_Number" time="0.489" classname="Test_Data_Generation.Add_Tracking_Numbers_To_User"/>
  <testcase name="Add_Tracking_Number" time="0.606" classname="Test_Data_Generation.Add_Tracking_Numbers_To_User"/>
  <testcase name="Add_Tracking_Number" time="0.656" classname="Test_Data_Generation.Add_Tracking_Numbers_To_User"/>
  <testcase name="Add_Tracking_Number" time="0.818" classname="Test_Data_Generation.Add_Tracking_Numbers_To_User"/>
  <testcase name="Add_Tracking_Number" time="0.610" classname="Test_Data_Generation.Add_Tracking_Numbers_To_User"/>
  <testcase name="Add_Tracking_Number" time="0.595" classname="Test_Data_Generation.Add_Tracking_Numbers_To_User"/>
  <testcase name="Add_Tracking_Number" time="0.443" classname="Test_Data_Generation.Add_Tracking_Numbers_To_User"/>
  <testcase name="Add_Tracking_Number" time="0.641" classname="Test_Data_Generation.Add_Tracking_Numbers_To_User"/>
  <testcase name="Add_Tracking_Number" time="0.492" classname="Test_Data_Generation.Add_Tracking_Numbers_To_User"/>
  <testcase name="Add_Tracking_Number" time="0.525" classname="Test_Data_Generation.Add_Tracking_Numbers_To_User"/>
  <testcase name="Add_Tracking_Number" time="0.510" classname="Test_Data_Generation.Add_Tracking_Numbers_To_User"/>
  <testcase name="Add_Tracking_Number" time="0.603" classname="Test_Data_Generation.Add_Tracking_Numbers_To_User"/>
  <testcase name="Add_Tracking_Number" time="0.468" classname="Test_Data_Generation.Add_Tracking_Numbers_To_User"/>
  <testcase name="Add_Tracking_Number" time="0.472" classname="Test_Data_Generation.Add_Tracking_Numbers_To_User"/>
  <testcase name="Add_Tracking_Number" time="0.540" classname="Test_Data_Generation.Add_Tracking_Numbers_To_User"/>
  <testcase name="Add_Tracking_Number" time="0.549" classname="Test_Data_Generation.Add_Tracking_Numbers_To_User"/>
  <testcase name="Add_Tracking_Number" time="4.193" classname="Test_Data_Generation.Add_Tracking_Numbers_To_User"/>
  <testcase name="Add_Tracking_Number" time="0.535" classname="Test_Data_Generation.Add_Tracking_Numbers_To_User"/>
  <testcase name="Add_Tracking_Number" time="0.593" classname="Test_Data_Generation.Add_Tracking_Numbers_To_User"/>
  <testcase name="Add_Tracking_Number" time="0.445" classname="Test_Data_Generation.Add_Tracking_Numbers_To_User"/>
  <testcase name="Add_Tracking_Number" time="0.515" classname="Test_Data_Generation.Add_Tracking_Numbers_To_User"/>
  <testcase name="Add_Tracking_Number" time="0.585" classname="Test_Data_Generation.Add_Tracking_Numbers_To_User"/>
  <testcase name="Add_Tracking_Number" time="8.589" classname="Test_Data_Generation.Add_Tracking_Numbers_To_User"/>
  <testcase name="Add_Tracking_Number" time="0.571" classname="Test_Data_Generation.Add_Tracking_Numbers_To_User"/>
  <testcase name="Add_Tracking_Number" time="0.505" classname="Test_Data_Generation.Add_Tracking_Numbers_To_User"/>
  <testcase name="Add_Tracking_Number" time="0.500" classname="Test_Data_Generation.Add_Tracking_Numbers_To_User"/>
  <testcase name="Add_Tracking_Number" time="0.475" classname="Test_Data_Generation.Add_Tracking_Numbers_To_User"/>
  <testcase name="Add_Tracking_Number" time="0.508" classname="Test_Data_Generation.Add_Tracking_Numbers_To_User"/>
  <testcase name="Add_Tracking_Number" time="0.552" classname="Test_Data_Generation.Add_Tracking_Numbers_To_User"/>
  <testcase name="Add_Tracking_Number" time="0.669" classname="Test_Data_Generation.Add_Tracking_Numbers_To_User"/>
  <testcase name="Add_Tracking_Number" time="0.662" classname="Test_Data_Generation.Add_Tracking_Numbers_To_User"/>
  <testcase name="Add_Tracking_Number" time="0.510" classname="Test_Data_Generation.Add_Tracking_Numbers_To_User"/>
  <testcase name="Add_Tracking_Number" time="0.560" classname="Test_Data_Generation.Add_Tracking_Numbers_To_User"/>
  <testcase name="Add_Tracking_Number" time="0.587" classname="Test_Data_Generation.Add_Tracking_Numbers_To_User"/>
  <testcase name="Add_Tracking_Number" time="0.550" classname="Test_Data_Generation.Add_Tracking_Numbers_To_User"/>
  <testcase name="Add_Tracking_Number" time="0.591" classname="Test_Data_Generation.Add_Tracking_Numbers_To_User"/>
  <testcase name="Add_Tracking_Number" time="0.575" classname="Test_Data_Generation.Add_Tracking_Numbers_To_User"/>
  <testcase name="Add_Tracking_Number" time="0.658" classname="Test_Data_Generation.Add_Tracking_Numbers_To_User"/>
  <testcase name="Add_Tracking_Number" time="0.687" classname="Test_Data_Generation.Add_Tracking_Numbers_To_User"/>
  <testcase name="Add_Tracking_Number" time="0.480" classname="Test_Data_Generation.Add_Tracking_Numbers_To_User"/>
  <testcase name="Add_Tracking_Number" time="0.464" classname="Test_Data_Generation.Add_Tracking_Numbers_To_User"/>
  <testcase name="Add_Tracking_Number" time="0.490" classname="Test_Data_Generation.Add_Tracking_Numbers_To_User"/>
  <testcase name="Add_Tracking_Number" time="0.456" classname="Test_Data_Generation.Add_Tracking_Numbers_To_User"/>
  <testcase name="Add_Tracking_Number" time="0.489" classname="Test_Data_Generation.Add_Tracking_Numbers_To_User"/>
  <testcase name="Add_Tracking_Number" time="0.694" classname="Test_Data_Generation.Add_Tracking_Numbers_To_User"/>
  <testcase name="Add_Tracking_Number" time="0.473" classname="Test_Data_Generation.Add_Tracking_Numbers_To_User"/>
  <testcase name="Add_Tracking_Number" time="0.598" classname="Test_Data_Generation.Add_Tracking_Numbers_To_User"/>
  <testcase name="Add_Tracking_Number" time="0.621" classname="Test_Data_Generation.Add_Tracking_Numbers_To_User"/>
  <testcase name="Add_Tracking_Number" time="0.479" classname="Test_Data_Generation.Add_Tracking_Numbers_To_User"/>
  <testcase name="Add_Tracking_Number" time="0.498" classname="Test_Data_Generation.Add_Tracking_Numbers_To_User"/>
  <testcase name="Add_Tracking_Number" time="0.644" classname="Test_Data_Generation.Add_Tracking_Numbers_To_User"/>
  <testcase name="Add_Tracking_Number" time="0.581" classname="Test_Data_Generation.Add_Tracking_Numbers_To_User"/>
  <testcase name="Add_Tracking_Number" time="0.492" classname="Test_Data_Generation.Add_Tracking_Numbers_To_User"/>
  <testcase name="Add_Tracking_Number" time="0.511" classname="Test_Data_Generation.Add_Tracking_Numbers_To_User"/>
  <testcase name="Add_Tracking_Number" time="0.513" classname="Test_Data_Generation.Add_Tracking_Numbers_To_User"/>
  <testcase name="Add_Tracking_Number" time="0.526" classname="Test_Data_Generation.Add_Tracking_Numbers_To_User"/>
  <testcase name="Add_Tracking_Number" time="0.443" classname="Test_Data_Generation.Add_Tracking_Numbers_To_User"/>
  <testcase name="Add_Tracking_Number" time="0.427" classname="Test_Data_Generation.Add_Tracking_Numbers_To_User"/>
  <testcase name="Add_Tracking_Number" time="0.501" classname="Test_Data_Generation.Add_Tracking_Numbers_To_User"/>
  <testcase name="Add_Tracking_Number" time="0.447" classname="Test_Data_Generation.Add_Tracking_Numbers_To_User"/>
  <testcase name="Add_Tracking_Number" time="0.542" classname="Test_Data_Generation.Add_Tracking_Numbers_To_User"/>
  <testcase name="Add_Tracking_Number" time="0.651" classname="Test_Data_Generation.Add_Tracking_Numbers_To_User"/>
  <testcase name="Add_Tracking_Number" time="0.505" classname="Test_Data_Generation.Add_Tracking_Numbers_To_User"/>
  <testcase name="Add_Tracking_Number" time="0.491" classname="Test_Data_Generation.Add_Tracking_Numbers_To_User"/>
  <testcase name="Add_Tracking_Number" time="0.424" classname="Test_Data_Generation.Add_Tracking_Numbers_To_User"/>
  <testcase name="Add_Tracking_Number" time="0.533" classname="Test_Data_Generation.Add_Tracking_Numbers_To_User"/>
  <testcase name="Add_Tracking_Number" time="0.679" classname="Test_Data_Generation.Add_Tracking_Numbers_To_User"/>
  <testcase name="Add_Tracking_Number" time="0.484" classname="Test_Data_Generation.Add_Tracking_Numbers_To_User"/>
  <testcase name="Add_Tracking_Number" time="0.808" classname="Test_Data_Generation.Add_Tracking_Numbers_To_User"/>
  <testcase name="Add_Tracking_Number" time="0.765" classname="Test_Data_Generation.Add_Tracking_Numbers_To_User"/>
  <testcase name="Add_Tracking_Number" time="0.554" classname="Test_Data_Generation.Add_Tracking_Numbers_To_User"/>
  <testcase name="Add_Tracking_Number" time="0.588" classname="Test_Data_Generation.Add_Tracking_Numbers_To_User"/>
  <testcase name="Add_Tracking_Number" time="0.528" classname="Test_Data_Generation.Add_Tracking_Numbers_To_User"/>
  <testcase name="Add_Tracking_Number" time="0.579" classname="Test_Data_Generation.Add_Tracking_Numbers_To_User"/>
  <testcase name="Add_Tracking_Number" time="0.572" classname="Test_Data_Generation.Add_Tracking_Numbers_To_User"/>
  <testcase name="Add_Tracking_Number" time="0.684" classname="Test_Data_Generation.Add_Tracking_Numbers_To_User"/>
  <testcase name="Add_Tracking_Number" time="0.556" classname="Test_Data_Generation.Add_Tracking_Numbers_To_User"/>
  <testcase name="Add_Tracking_Number" time="0.495" classname="Test_Data_Generation.Add_Tracking_Numbers_To_User"/>
  <testcase name="Add_Tracking_Number" time="0.609" classname="Test_Data_Generation.Add_Tracking_Numbers_To_User"/>
  <testcase name="Add_Tracking_Number" time="0.563" classname="Test_Data_Generation.Add_Tracking_Numbers_To_User"/>
  <testcase name="Add_Tracking_Number" time="0.551" classname="Test_Data_Generation.Add_Tracking_Numbers_To_User"/>
  <testcase name="Add_Tracking_Number" time="0.482" classname="Test_Data_Generation.Add_Tracking_Numbers_To_User"/>
  <testcase name="Add_Tracking_Number" time="0.664" classname="Test_Data_Generation.Add_Tracking_Numbers_To_User"/>
  <testcase name="Add_Tracking_Number" time="0.502" classname="Test_Data_Generation.Add_Tracking_Numbers_To_User"/>
  <testcase name="Add_Tracking_Number" time="0.565" classname="Test_Data_Generation.Add_Tracking_Numbers_To_User"/>
  <testcase name="Add_Tracking_Number" time="0.444" classname="Test_Data_Generation.Add_Tracking_Numbers_To_User"/>
  <testcase name="Add_Tracking_Number" time="0.474" classname="Test_Data_Generation.Add_Tracking_Numbers_To_User"/>
  <testcase name="Add_Tracking_Number" time="0.580" classname="Test_Data_Generation.Add_Tracking_Numbers_To_User"/>
  <testcase name="Add_Tracking_Number" time="0.603" classname="Test_Data_Generation.Add_Tracking_Numbers_To_User"/>
  <testcase name="Add_Tracking_Number" time="0.498" classname="Test_Data_Generation.Add_Tracking_Numbers_To_User"/>
  <testcase name="Add_Tracking_Number" time="0.609" classname="Test_Data_Generation.Add_Tracking_Numbers_To_User"/>
  <testcase name="Add_Tracking_Number" time="0.516" classname="Test_Data_Generation.Add_Tracking_Numbers_To_User"/>
  <testcase name="Add_Tracking_Number" time="0.789" classname="Test_Data_Generation.Add_Tracking_Numbers_To_User"/>
  <testcase name="Add_Tracking_Number" time="0.617" classname="Test_Data_Generation.Add_Tracking_Numbers_To_User"/>
  <testcase name="Add_Tracking_Number" time="0.456" classname="Test_Data_Generation.Add_Tracking_Numbers_To_User"/>
  <testcase name="Add_Tracking_Number" time="0.516" classname="Test_Data_Generation.Add_Tracking_Numbers_To_User"/>
  <testcase name="Add_Tracking_Number" time="0.473" classname="Test_Data_Generation.Add_Tracking_Numbers_To_User"/>
  <testcase name="Add_Tracking_Number" time="0.596" classname="Test_Data_Generation.Add_Tracking_Numbers_To_User"/>
  <testcase name="Add_Tracking_Number" time="0.479" classname="Test_Data_Generation.Add_Tracking_Numbers_To_User"/>
  <testcase name="Add_Tracking_Number" time="0.534" classname="Test_Data_Generation.Add_Tracking_Numbers_To_User"/>
  <testcase name="Add_Tracking_Number" time="0.404" classname="Test_Data_Generation.Add_Tracking_Numbers_To_User"/>
  <testcase name="Add_Tracking_Number" time="0.588" classname="Test_Data_Generation.Add_Tracking_Numbers_To_User"/>
  <testcase name="Add_Tracking_Number" time="0.525" classname="Test_Data_Generation.Add_Tracking_Numbers_To_User"/>
  <testcase name="Add_Tracking_Number" time="0.546" classname="Test_Data_Generation.Add_Tracking_Numbers_To_User"/>
  <testcase name="Add_Tracking_Number" time="0.459" classname="Test_Data_Generation.Add_Tracking_Numbers_To_User"/>
  <testcase name="Add_Tracking_Number" time="0.533" classname="Test_Data_Generation.Add_Tracking_Numbers_To_User"/>
  <testcase name="Add_Tracking_Number" time="0.057" classname="Test_Data_Generation.Add_Tracking_Numbers_To_User"/>
  <testcase name="Add_Tracking_Number" time="0.478" classname="Test_Data_Generation.Add_Tracking_Numbers_To_User"/>
  <testcase name="Add_Tracking_Number" time="0.533" classname="Test_Data_Generation.Add_Tracking_Numbers_To_User"/>
  <testcase name="Add_Tracking_Number" time="0.527" classname="Test_Data_Generation.Add_Tracking_Numbers_To_User"/>
  <testcase name="Add_Tracking_Number" time="0.601" classname="Test_Data_Generation.Add_Tracking_Numbers_To_User"/>
  <testcase name="Add_Tracking_Number" time="0.533" classname="Test_Data_Generation.Add_Tracking_Numbers_To_User"/>
  <testcase name="Add_Tracking_Number" time="0.652" classname="Test_Data_Generation.Add_Tracking_Numbers_To_User"/>
  <testcase name="Add_Tracking_Number" time="0.554" classname="Test_Data_Generation.Add_Tracking_Numbers_To_User"/>
  <testcase name="Add_Tracking_Number" time="1.121" classname="Test_Data_Generation.Add_Tracking_Numbers_To_User"/>
  <testcase name="Add_Tracking_Number" time="0.532" classname="Test_Data_Generation.Add_Tracking_Numbers_To_User"/>
  <testcase name="Add_Tracking_Number" time="0.467" classname="Test_Data_Generation.Add_Tracking_Numbers_To_User"/>
  <testcase name="Add_Tracking_Number" time="0.587" classname="Test_Data_Generation.Add_Tracking_Numbers_To_User"/>
  <testcase name="Add_Tracking_Number" time="0.605" classname="Test_Data_Generation.Add_Tracking_Numbers_To_User"/>
  <testcase name="Add_Tracking_Number" time="0.489" classname="Test_Data_Generation.Add_Tracking_Numbers_To_User"/>
  <testcase name="Add_Tracking_Number" time="0.479" classname="Test_Data_Generation.Add_Tracking_Numbers_To_User"/>
  <testcase name="Add_Tracking_Number" time="0.616" classname="Test_Data_Generation.Add_Tracking_Numbers_To_User"/>
  <testcase name="Add_Tracking_Number" time="0.476" classname="Test_Data_Generation.Add_Tracking_Numbers_To_User"/>
  <testcase name="Add_Tracking_Number" time="0.546" classname="Test_Data_Generation.Add_Tracking_Numbers_To_User"/>
  <testcase name="Add_Tracking_Number" time="0.549" classname="Test_Data_Generation.Add_Tracking_Numbers_To_User"/>
  <testcase name="Add_Tracking_Number" time="0.503" classname="Test_Data_Generation.Add_Tracking_Numbers_To_User"/>
  <testcase name="Add_Tracking_Number" time="0.634" classname="Test_Data_Generation.Add_Tracking_Numbers_To_User"/>
  <testcase name="Add_Tracking_Number" time="0.439" classname="Test_Data_Generation.Add_Tracking_Numbers_To_User"/>
  <testcase name="Add_Tracking_Number" time="0.528" classname="Test_Data_Generation.Add_Tracking_Numbers_To_User"/>
  <testcase name="Add_Tracking_Number" time="0.655" classname="Test_Data_Generation.Add_Tracking_Numbers_To_User"/>
  <testcase name="Add_Tracking_Number" time="0.554" classname="Test_Data_Generation.Add_Tracking_Numbers_To_User"/>
  <testcase name="Add_Tracking_Number" time="0.546" classname="Test_Data_Generation.Add_Tracking_Numbers_To_User"/>
  <testcase name="Add_Tracking_Number" time="0.519" classname="Test_Data_Generation.Add_Tracking_Numbers_To_User"/>
  <testcase name="Add_Tracking_Number" time="0.443" classname="Test_Data_Generation.Add_Tracking_Numbers_To_User"/>
  <testcase name="Add_Tracking_Number" time="0.679" classname="Test_Data_Generation.Add_Tracking_Numbers_To_User"/>
  <testcase name="Add_Tracking_Number" time="0.557" classname="Test_Data_Generation.Add_Tracking_Numbers_To_User"/>
  <testcase name="Add_Tracking_Number" time="0.585" classname="Test_Data_Generation.Add_Tracking_Numbers_To_User"/>
  <testcase name="Add_Tracking_Number" time="0.506" classname="Test_Data_Generation.Add_Tracking_Numbers_To_User"/>
  <testcase name="Add_Tracking_Number" time="22.894" classname="Test_Data_Generation.Add_Tracking_Numbers_To_User"/>
  <testcase name="Add_Tracking_Number" time="0.214" classname="Test_Data_Generation.Add_Tracking_Numbers_To_User"/>
  <testcase name="Add_Tracking_Number" time="0.700" classname="Test_Data_Generation.Add_Tracking_Numbers_To_User"/>
  <testcase name="Add_Tracking_Number" time="0.791" classname="Test_Data_Generation.Add_Tracking_Numbers_To_User"/>
  <testcase name="Add_Tracking_Number" time="0.500" classname="Test_Data_Generation.Add_Tracking_Numbers_To_User"/>
  <testcase name="Add_Tracking_Number" time="0.445" classname="Test_Data_Generation.Add_Tracking_Numbers_To_User"/>
  <testcase name="Add_Tracking_Number" time="0.712" classname="Test_Data_Generation.Add_Tracking_Numbers_To_User"/>
  <testcase name="Add_Tracking_Number" time="0.531" classname="Test_Data_Generation.Add_Tracking_Numbers_To_User"/>
  <testcase name="Add_Tracking_Number" time="0.606" classname="Test_Data_Generation.Add_Tracking_Numbers_To_User"/>
  <testcase name="Add_Tracking_Number" time="0.464" classname="Test_Data_Generation.Add_Tracking_Numbers_To_User"/>
  <testcase name="Add_Tracking_Number" time="0.560" classname="Test_Data_Generation.Add_Tracking_Numbers_To_User"/>
  <testcase name="Add_Tracking_Number" time="0.440" classname="Test_Data_Generation.Add_Tracking_Numbers_To_User"/>
  <testcase name="Add_Tracking_Number" time="0.578" classname="Test_Data_Generation.Add_Tracking_Numbers_To_User"/>
  <testcase name="Add_Tracking_Number" time="0.446" classname="Test_Data_Generation.Add_Tracking_Numbers_To_User"/>
  <testcase name="Add_Tracking_Number" time="0.507" classname="Test_Data_Generation.Add_Tracking_Numbers_To_User"/>
  <testcase name="Add_Tracking_Number" time="0.468" classname="Test_Data_Generation.Add_Tracking_Numbers_To_User"/>
  <testcase name="Add_Tracking_Number" time="0.707" classname="Test_Data_Generation.Add_Tracking_Numbers_To_User"/>
  <testcase name="Add_Tracking_Number" time="0.556" classname="Test_Data_Generation.Add_Tracking_Numbers_To_User"/>
  <testcase name="Add_Tracking_Number" time="0.701" classname="Test_Data_Generation.Add_Tracking_Numbers_To_User"/>
  <testcase name="Add_Tracking_Number" time="0.608" classname="Test_Data_Generation.Add_Tracking_Numbers_To_User"/>
  <testcase name="Add_Tracking_Number" time="0.758" classname="Test_Data_Generation.Add_Tracking_Numbers_To_User"/>
  <testcase name="Add_Tracking_Number" time="0.702" classname="Test_Data_Generation.Add_Tracking_Numbers_To_User"/>
  <testcase name="Add_Tracking_Number" time="0.505" classname="Test_Data_Generation.Add_Tracking_Numbers_To_User"/>
  <testcase name="Add_Tracking_Number" time="0.510" classname="Test_Data_Generation.Add_Tracking_Numbers_To_User"/>
  <testcase name="Add_Tracking_Number" time="0.527" classname="Test_Data_Generation.Add_Tracking_Numbers_To_User"/>
  <testcase name="Add_Tracking_Number" time="0.668" classname="Test_Data_Generation.Add_Tracking_Numbers_To_User"/>
  <testcase name="Add_Tracking_Number" time="0.568" classname="Test_Data_Generation.Add_Tracking_Numbers_To_User"/>
  <testcase name="Add_Tracking_Number" time="0.541" classname="Test_Data_Generation.Add_Tracking_Numbers_To_User"/>
  <testcase name="Add_Tracking_Number" time="0.469" classname="Test_Data_Generation.Add_Tracking_Numbers_To_User"/>
  <testcase name="Add_Tracking_Number" time="0.503" classname="Test_Data_Generation.Add_Tracking_Numbers_To_User"/>
  <testcase name="Add_Tracking_Number" time="0.487" classname="Test_Data_Generation.Add_Tracking_Numbers_To_User"/>
  <testcase name="Add_Tracking_Number" time="0.572" classname="Test_Data_Generation.Add_Tracking_Numbers_To_User"/>
  <testcase name="Add_Tracking_Number" time="0.455" classname="Test_Data_Generation.Add_Tracking_Numbers_To_User"/>
  <testcase name="Add_Tracking_Number" time="0.521" classname="Test_Data_Generation.Add_Tracking_Numbers_To_User"/>
  <testcase name="Add_Tracking_Number" time="0.787" classname="Test_Data_Generation.Add_Tracking_Numbers_To_User"/>
  <testcase name="Add_Tracking_Number" time="0.554" classname="Test_Data_Generation.Add_Tracking_Numbers_To_User"/>
  <testcase name="Add_Tracking_Number" time="0.486" classname="Test_Data_Generation.Add_Tracking_Numbers_To_User"/>
  <testcase name="Add_Tracking_Number" time="0.451" classname="Test_Data_Generation.Add_Tracking_Numbers_To_User"/>
  <testcase name="Add_Tracking_Number" time="0.461" classname="Test_Data_Generation.Add_Tracking_Numbers_To_User"/>
  <testcase name="Add_Tracking_Number" time="0.775" classname="Test_Data_Generation.Add_Tracking_Numbers_To_User"/>
  <testcase name="Add_Tracking_Number" time="0.567" classname="Test_Data_Generation.Add_Tracking_Numbers_To_User"/>
  <testcase name="Add_Tracking_Number" time="0.524" classname="Test_Data_Generation.Add_Tracking_Numbers_To_User"/>
  <testcase name="Add_Tracking_Number" time="0.481" classname="Test_Data_Generation.Add_Tracking_Numbers_To_User"/>
  <testcase name="Add_Tracking_Number" time="0.461" classname="Test_Data_Generation.Add_Tracking_Numbers_To_User"/>
  <testcase name="Add_Tracking_Number" time="0.558" classname="Test_Data_Generation.Add_Tracking_Numbers_To_User"/>
  <testcase name="Add_Tracking_Number" time="0.499" classname="Test_Data_Generation.Add_Tracking_Numbers_To_User"/>
  <testcase name="Add_Tracking_Number" time="0.507" classname="Test_Data_Generation.Add_Tracking_Numbers_To_User"/>
  <testcase name="Add_Tracking_Number" time="0.611" classname="Test_Data_Generation.Add_Tracking_Numbers_To_User"/>
  <testcase name="Add_Tracking_Number" time="0.571" classname="Test_Data_Generation.Add_Tracking_Numbers_To_User"/>
  <testcase name="Add_Tracking_Number" time="0.455" classname="Test_Data_Generation.Add_Tracking_Numbers_To_User"/>
  <testcase name="Add_Tracking_Number" time="0.469" classname="Test_Data_Generation.Add_Tracking_Numbers_To_User"/>
  <testcase name="Add_Tracking_Number" time="0.572" classname="Test_Data_Generation.Add_Tracking_Numbers_To_User"/>
  <testcase name="Add_Tracking_Number" time="0.535" classname="Test_Data_Generation.Add_Tracking_Numbers_To_User"/>
  <testcase name="Add_Tracking_Number" time="0.513" classname="Test_Data_Generation.Add_Tracking_Numbers_To_User"/>
  <testcase name="Add_Tracking_Number" time="0.481" classname="Test_Data_Generation.Add_Tracking_Numbers_To_User"/>
  <testcase name="Add_Tracking_Number" time="0.492" classname="Test_Data_Generation.Add_Tracking_Numbers_To_User"/>
  <testcase name="Add_Tracking_Number" time="0.517" classname="Test_Data_Generation.Add_Tracking_Numbers_To_User"/>
  <testcase name="Add_Tracking_Number" time="0.520" classname="Test_Data_Generation.Add_Tracking_Numbers_To_User"/>
  <testcase name="Add_Tracking_Number" time="0.537" classname="Test_Data_Generation.Add_Tracking_Numbers_To_User"/>
  <testcase name="Add_Tracking_Number" time="0.887" classname="Test_Data_Generation.Add_Tracking_Numbers_To_User"/>
  <testcase name="Add_Tracking_Number" time="0.507" classname="Test_Data_Generation.Add_Tracking_Numbers_To_User"/>
  <testcase name="Add_Tracking_Number" time="0.579" classname="Test_Data_Generation.Add_Tracking_Numbers_To_User"/>
  <testcase name="Add_Tracking_Number" time="0.542" classname="Test_Data_Generation.Add_Tracking_Numbers_To_User"/>
  <testcase name="Add_Tracking_Number" time="0.464" classname="Test_Data_Generation.Add_Tracking_Numbers_To_User"/>
  <testcase name="Add_Tracking_Number" time="0.606" classname="Test_Data_Generation.Add_Tracking_Numbers_To_User"/>
  <testcase name="Add_Tracking_Number" time="0.186" classname="Test_Data_Generation.Add_Tracking_Numbers_To_User"/>
  <testcase name="Add_Tracking_Number" time="0.554" classname="Test_Data_Generation.Add_Tracking_Numbers_To_User"/>
  <testcase name="Add_Tracking_Number" time="0.515" classname="Test_Data_Generation.Add_Tracking_Numbers_To_User"/>
  <testcase name="Add_Tracking_Number" time="0.469" classname="Test_Data_Generation.Add_Tracking_Numbers_To_User"/>
  <testcase name="Add_Tracking_Number" time="0.580" classname="Test_Data_Generation.Add_Tracking_Numbers_To_User"/>
  <testcase name="Add_Tracking_Number" time="0.429" classname="Test_Data_Generation.Add_Tracking_Numbers_To_User"/>
  <testcase name="Add_Tracking_Number" time="0.530" classname="Test_Data_Generation.Add_Tracking_Numbers_To_User"/>
  <testcase name="Add_Tracking_Number" time="0.648" classname="Test_Data_Generation.Add_Tracking_Numbers_To_User"/>
  <testcase name="Add_Tracking_Number" time="0.523" classname="Test_Data_Generation.Add_Tracking_Numbers_To_User"/>
  <testcase name="Add_Tracking_Number" time="0.194" classname="Test_Data_Generation.Add_Tracking_Numbers_To_User"/>
  <testcase name="Add_Tracking_Number" time="0.450" classname="Test_Data_Generation.Add_Tracking_Numbers_To_User"/>
  <testcase name="Add_Tracking_Number" time="0.530" classname="Test_Data_Generation.Add_Tracking_Numbers_To_User"/>
  <testcase name="Add_Tracking_Number" time="0.583" classname="Test_Data_Generation.Add_Tracking_Numbers_To_User"/>
  <testcase name="Add_Tracking_Number" time="0.050" classname="Test_Data_Generation.Add_Tracking_Numbers_To_User"/>
  <testcase name="Add_Tracking_Number" time="0.500" classname="Test_Data_Generation.Add_Tracking_Numbers_To_User"/>
  <testcase name="Add_Tracking_Number" time="0.776" classname="Test_Data_Generation.Add_Tracking_Numbers_To_User"/>
  <testcase name="Add_Tracking_Number" time="0.417" classname="Test_Data_Generation.Add_Tracking_Numbers_To_User"/>
  <testcase name="Add_Tracking_Number" time="0.502" classname="Test_Data_Generation.Add_Tracking_Numbers_To_User"/>
  <testcase name="Add_Tracking_Number" time="0.457" classname="Test_Data_Generation.Add_Tracking_Numbers_To_User"/>
  <testcase name="Add_Tracking_Number" time="0.600" classname="Test_Data_Generation.Add_Tracking_Numbers_To_User"/>
  <testcase name="Add_Tracking_Number" time="0.589" classname="Test_Data_Generation.Add_Tracking_Numbers_To_User"/>
  <testcase name="Add_Tracking_Number" time="0.512" classname="Test_Data_Generation.Add_Tracking_Numbers_To_User"/>
  <testcase name="Add_Tracking_Number" time="0.576" classname="Test_Data_Generation.Add_Tracking_Numbers_To_User"/>
  <testcase name="Add_Tracking_Number" time="0.483" classname="Test_Data_Generation.Add_Tracking_Numbers_To_User"/>
  <testcase name="Add_Tracking_Number" time="0.657" classname="Test_Data_Generation.Add_Tracking_Numbers_To_User"/>
  <testcase name="Add_Tracking_Number" time="0.526" classname="Test_Data_Generation.Add_Tracking_Numbers_To_User"/>
  <testcase name="Add_Tracking_Number" time="0.730" classname="Test_Data_Generation.Add_Tracking_Numbers_To_User"/>
  <testcase name="Add_Tracking_Number" time="0.706" classname="Test_Data_Generation.Add_Tracking_Numbers_To_User"/>
  <testcase name="Add_Tracking_Number" time="0.493" classname="Test_Data_Generation.Add_Tracking_Numbers_To_User"/>
  <testcase name="Add_Tracking_Number" time="0.566" classname="Test_Data_Generation.Add_Tracking_Numbers_To_User"/>
  <testcase name="Add_Tracking_Number" time="0.615" classname="Test_Data_Generation.Add_Tracking_Numbers_To_User"/>
  <testcase name="Add_Tracking_Number" time="0.547" classname="Test_Data_Generation.Add_Tracking_Numbers_To_User"/>
  <testcase name="Add_Tracking_Number" time="0.633" classname="Test_Data_Generation.Add_Tracking_Numbers_To_User"/>
  <testcase name="Add_Tracking_Number" time="0.623" classname="Test_Data_Generation.Add_Tracking_Numbers_To_User"/>
  <testcase name="Add_Tracking_Number" time="0.573" classname="Test_Data_Generation.Add_Tracking_Numbers_To_User"/>
  <testcase name="Add_Tracking_Number" time="0.583" classname="Test_Data_Generation.Add_Tracking_Numbers_To_User"/>
  <testcase name="Add_Tracking_Number" time="0.739" classname="Test_Data_Generation.Add_Tracking_Numbers_To_User"/>
  <testcase name="Add_Tracking_Number" time="0.544" classname="Test_Data_Generation.Add_Tracking_Numbers_To_User"/>
  <testcase name="Add_Tracking_Number" time="0.460" classname="Test_Data_Generation.Add_Tracking_Numbers_To_User"/>
  <testcase name="Add_Tracking_Number" time="0.552" classname="Test_Data_Generation.Add_Tracking_Numbers_To_User"/>
  <testcase name="Add_Tracking_Number" time="0.561" classname="Test_Data_Generation.Add_Tracking_Numbers_To_User"/>
  <testcase name="Add_Tracking_Number" time="0.536" classname="Test_Data_Generation.Add_Tracking_Numbers_To_User"/>
  <testcase name="Add_Tracking_Number" time="0.662" classname="Test_Data_Generation.Add_Tracking_Numbers_To_User"/>
  <testcase name="Add_Tracking_Number" time="0.631" classname="Test_Data_Generation.Add_Tracking_Numbers_To_User"/>
  <testcase name="Add_Tracking_Number" time="0.631" classname="Test_Data_Generation.Add_Tracking_Numbers_To_User"/>
  <testcase name="Add_Tracking_Number" time="0.469" classname="Test_Data_Generation.Add_Tracking_Numbers_To_User"/>
  <testcase name="Add_Tracking_Number" time="0.462" classname="Test_Data_Generation.Add_Tracking_Numbers_To_User"/>
  <testcase name="Add_Tracking_Number" time="0.553" classname="Test_Data_Generation.Add_Tracking_Numbers_To_User"/>
  <testcase name="Add_Tracking_Number" time="0.490" classname="Test_Data_Generation.Add_Tracking_Numbers_To_User"/>
  <testcase name="Add_Tracking_Number" time="0.512" classname="Test_Data_Generation.Add_Tracking_Numbers_To_User"/>
  <testcase name="Add_Tracking_Number" time="0.525" classname="Test_Data_Generation.Add_Tracking_Numbers_To_User"/>
  <testcase name="Add_Tracking_Number" time="1.056" classname="Test_Data_Generation.Add_Tracking_Numbers_To_User"/>
  <testcase name="Add_Tracking_Number" time="0.521" classname="Test_Data_Generation.Add_Tracking_Numbers_To_User"/>
  <testcase name="Add_Tracking_Number" time="0.720" classname="Test_Data_Generation.Add_Tracking_Numbers_To_User"/>
  <testcase name="Add_Tracking_Number" time="0.770" classname="Test_Data_Generation.Add_Tracking_Numbers_To_User"/>
  <testcase name="Add_Tracking_Number" time="0.900" classname="Test_Data_Generation.Add_Tracking_Numbers_To_User"/>
  <testcase name="Add_Tracking_Number" time="0.474" classname="Test_Data_Generation.Add_Tracking_Numbers_To_User"/>
  <testcase name="Add_Tracking_Number" time="0.512" classname="Test_Data_Generation.Add_Tracking_Numbers_To_User"/>
  <testcase name="Add_Tracking_Number" time="0.528" classname="Test_Data_Generation.Add_Tracking_Numbers_To_User">
    <failure type="java.lang.AssertionError" message="
Expected: a string containing &quot;{\&quot;successful\&quot;:true&quot;
     but: was &quot;{&quot;ShipmentOptionResponse&quot;:{&quot;successful&quot;:false,&quot;errorList&quot;:[{&quot;code&quot;:&quot;2997&quot;,&quot;message&quot;:&quot;TRAQS connection/request problem&quot;,&quot;source&quot;:null,&quot;rootCause&quot;:null}],&quot;alerts&quot;:null,&quot;cxsalerts&quot;:null}}&quot;">
      <![CDATA[java.lang.AssertionError: 
Expected: a string containing "{\"successful\":true"
     but: was "{"ShipmentOptionResponse":{"successful":false,"errorList":[{"code":"2997","message":"TRAQS connection/request problem","source":null,"rootCause":null}],"alerts":null,"cxsalerts":null}}"
at org.hamcrest.MatcherAssert.assertThat(MatcherAssert.java:20)
at org.junit.Assert.assertThat(Assert.java:956)
at org.junit.Assert.assertThat(Assert.java:923)
at Test_Data_Generation.Add_Tracking_Numbers_To_User.Add_Tracking_Number(Add_Tracking_Numbers_To_User.java:69)
at sun.reflect.GeneratedMethodAccessor2.invoke(Unknown Source)
at sun.reflect.DelegatingMethodAccessorImpl.invoke(Unknown Source)
at java.lang.reflect.Method.invoke(Unknown Source)
at org.testng.internal.MethodInvocationHelper.invokeMethod(MethodInvocationHelper.java:124)
at org.testng.internal.Invoker.invokeMethod(Invoker.java:580)
at org.testng.internal.Invoker.invokeTestMethod(Invoker.java:716)
at org.testng.internal.TestMethodWithDataProviderMethodWorker.call(TestMethodWithDataProviderMethodWorker.java:71)
at org.testng.internal.TestMethodWithDataProviderMethodWorker.call(TestMethodWithDataProviderMethodWorker.java:14)
at java.util.concurrent.FutureTask.run(Unknown Source)
at java.util.concurrent.Executors$RunnableAdapter.call(Unknown Source)
at java.util.concurrent.FutureTask.run(Unknown Source)
at java.util.concurrent.ThreadPoolExecutor.runWorker(Unknown Source)
at java.util.concurrent.ThreadPoolExecutor$Worker.run(Unknown Source)
at java.lang.Thread.run(Unknown Source)
]]>
    </failure>
  </testcase> <!-- Add_Tracking_Number -->
  <testcase name="Add_Tracking_Number" time="0.543" classname="Test_Data_Generation.Add_Tracking_Numbers_To_User"/>
  <testcase name="Add_Tracking_Number" time="0.676" classname="Test_Data_Generation.Add_Tracking_Numbers_To_User"/>
  <testcase name="Add_Tracking_Number" time="0.532" classname="Test_Data_Generation.Add_Tracking_Numbers_To_User"/>
  <testcase name="Add_Tracking_Number" time="0.429" classname="Test_Data_Generation.Add_Tracking_Numbers_To_User"/>
  <testcase name="Add_Tracking_Number" time="0.534" classname="Test_Data_Generation.Add_Tracking_Numbers_To_User"/>
  <testcase name="Add_Tracking_Number" time="0.500" classname="Test_Data_Generation.Add_Tracking_Numbers_To_User"/>
  <testcase name="Add_Tracking_Number" time="0.626" classname="Test_Data_Generation.Add_Tracking_Numbers_To_User"/>
  <testcase name="Add_Tracking_Number" time="0.584" classname="Test_Data_Generation.Add_Tracking_Numbers_To_User"/>
  <testcase name="Add_Tracking_Number" time="0.474" classname="Test_Data_Generation.Add_Tracking_Numbers_To_User"/>
  <testcase name="Add_Tracking_Number" time="0.488" classname="Test_Data_Generation.Add_Tracking_Numbers_To_User"/>
  <testcase name="Add_Tracking_Number" time="0.593" classname="Test_Data_Generation.Add_Tracking_Numbers_To_User"/>
  <testcase name="Add_Tracking_Number" time="0.484" classname="Test_Data_Generation.Add_Tracking_Numbers_To_User"/>
  <testcase name="Add_Tracking_Number" time="0.568" classname="Test_Data_Generation.Add_Tracking_Numbers_To_User"/>
  <testcase name="Add_Tracking_Number" time="1.154" classname="Test_Data_Generation.Add_Tracking_Numbers_To_User"/>
  <testcase name="Add_Tracking_Number" time="0.589" classname="Test_Data_Generation.Add_Tracking_Numbers_To_User"/>
  <testcase name="Add_Tracking_Number" time="0.525" classname="Test_Data_Generation.Add_Tracking_Numbers_To_User"/>
  <testcase name="Add_Tracking_Number" time="0.527" classname="Test_Data_Generation.Add_Tracking_Numbers_To_User"/>
  <testcase name="Add_Tracking_Number" time="0.535" classname="Test_Data_Generation.Add_Tracking_Numbers_To_User"/>
  <testcase name="Add_Tracking_Number" time="0.628" classname="Test_Data_Generation.Add_Tracking_Numbers_To_User"/>
  <testcase name="Add_Tracking_Number" time="0.461" classname="Test_Data_Generation.Add_Tracking_Numbers_To_User"/>
  <testcase name="Add_Tracking_Number" time="0.154" classname="Test_Data_Generation.Add_Tracking_Numbers_To_User"/>
  <testcase name="Add_Tracking_Number" time="0.673" classname="Test_Data_Generation.Add_Tracking_Numbers_To_User"/>
  <testcase name="Add_Tracking_Number" time="0.604" classname="Test_Data_Generation.Add_Tracking_Numbers_To_User"/>
  <testcase name="Add_Tracking_Number" time="0.684" classname="Test_Data_Generation.Add_Tracking_Numbers_To_User"/>
  <testcase name="Add_Tracking_Number" time="0.552" classname="Test_Data_Generation.Add_Tracking_Numbers_To_User"/>
  <testcase name="Add_Tracking_Number" time="0.485" classname="Test_Data_Generation.Add_Tracking_Numbers_To_User"/>
  <testcase name="Add_Tracking_Number" time="0.501" classname="Test_Data_Generation.Add_Tracking_Numbers_To_User"/>
  <testcase name="Add_Tracking_Number" time="0.503" classname="Test_Data_Generation.Add_Tracking_Numbers_To_User"/>
  <testcase name="Add_Tracking_Number" time="0.189" classname="Test_Data_Generation.Add_Tracking_Numbers_To_User"/>
  <testcase name="Add_Tracking_Number" time="0.480" classname="Test_Data_Generation.Add_Tracking_Numbers_To_User"/>
  <testcase name="Add_Tracking_Number" time="0.599" classname="Test_Data_Generation.Add_Tracking_Numbers_To_User"/>
  <testcase name="Add_Tracking_Number" time="0.636" classname="Test_Data_Generation.Add_Tracking_Numbers_To_User"/>
  <testcase name="Add_Tracking_Number" time="0.548" classname="Test_Data_Generation.Add_Tracking_Numbers_To_User"/>
  <testcase name="Add_Tracking_Number" time="0.633" classname="Test_Data_Generation.Add_Tracking_Numbers_To_User"/>
  <testcase name="Add_Tracking_Number" time="0.506" classname="Test_Data_Generation.Add_Tracking_Numbers_To_User"/>
  <testcase name="Add_Tracking_Number" time="0.538" classname="Test_Data_Generation.Add_Tracking_Numbers_To_User"/>
  <testcase name="Add_Tracking_Number" time="0.702" classname="Test_Data_Generation.Add_Tracking_Numbers_To_User"/>
  <testcase name="Add_Tracking_Number" time="0.547" classname="Test_Data_Generation.Add_Tracking_Numbers_To_User"/>
  <testcase name="Add_Tracking_Number" time="0.624" classname="Test_Data_Generation.Add_Tracking_Numbers_To_User"/>
  <testcase name="Add_Tracking_Number" time="0.535" classname="Test_Data_Generation.Add_Tracking_Numbers_To_User"/>
  <testcase name="Add_Tracking_Number" time="0.538" classname="Test_Data_Generation.Add_Tracking_Numbers_To_User"/>
  <testcase name="Add_Tracking_Number" time="0.588" classname="Test_Data_Generation.Add_Tracking_Numbers_To_User"/>
  <testcase name="Add_Tracking_Number" time="0.456" classname="Test_Data_Generation.Add_Tracking_Numbers_To_User"/>
  <testcase name="Add_Tracking_Number" time="0.680" classname="Test_Data_Generation.Add_Tracking_Numbers_To_User"/>
  <testcase name="Add_Tracking_Number" time="0.489" classname="Test_Data_Generation.Add_Tracking_Numbers_To_User"/>
  <testcase name="Add_Tracking_Number" time="0.574" classname="Test_Data_Generation.Add_Tracking_Numbers_To_User"/>
  <testcase name="Add_Tracking_Number" time="0.160" classname="Test_Data_Generation.Add_Tracking_Numbers_To_User"/>
  <testcase name="Add_Tracking_Number" time="0.522" classname="Test_Data_Generation.Add_Tracking_Numbers_To_User"/>
  <testcase name="Add_Tracking_Number" time="0.517" classname="Test_Data_Generation.Add_Tracking_Numbers_To_User"/>
  <testcase name="Add_Tracking_Number" time="0.721" classname="Test_Data_Generation.Add_Tracking_Numbers_To_User"/>
  <testcase name="Add_Tracking_Number" time="0.497" classname="Test_Data_Generation.Add_Tracking_Numbers_To_User"/>
  <testcase name="Add_Tracking_Number" time="0.744" classname="Test_Data_Generation.Add_Tracking_Numbers_To_User"/>
  <testcase name="Add_Tracking_Number" time="0.620" classname="Test_Data_Generation.Add_Tracking_Numbers_To_User"/>
  <testcase name="Add_Tracking_Number" time="0.525" classname="Test_Data_Generation.Add_Tracking_Numbers_To_User"/>
  <testcase name="Add_Tracking_Number" time="0.545" classname="Test_Data_Generation.Add_Tracking_Numbers_To_User"/>
  <testcase name="Add_Tracking_Number" time="0.437" classname="Test_Data_Generation.Add_Tracking_Numbers_To_User"/>
  <testcase name="Add_Tracking_Number" time="0.564" classname="Test_Data_Generation.Add_Tracking_Numbers_To_User"/>
  <testcase name="Add_Tracking_Number" time="0.527" classname="Test_Data_Generation.Add_Tracking_Numbers_To_User"/>
  <testcase name="Add_Tracking_Number" time="0.566" classname="Test_Data_Generation.Add_Tracking_Numbers_To_User"/>
  <testcase name="Add_Tracking_Number" time="0.697" classname="Test_Data_Generation.Add_Tracking_Numbers_To_User"/>
  <testcase name="Add_Tracking_Number" time="0.539" classname="Test_Data_Generation.Add_Tracking_Numbers_To_User"/>
  <testcase name="Add_Tracking_Number" time="0.571" classname="Test_Data_Generation.Add_Tracking_Numbers_To_User"/>
  <testcase name="Add_Tracking_Number" time="0.531" classname="Test_Data_Generation.Add_Tracking_Numbers_To_User"/>
  <testcase name="Add_Tracking_Number" time="0.519" classname="Test_Data_Generation.Add_Tracking_Numbers_To_User"/>
  <testcase name="Add_Tracking_Number" time="0.562" classname="Test_Data_Generation.Add_Tracking_Numbers_To_User"/>
  <testcase name="Add_Tracking_Number" time="0.510" classname="Test_Data_Generation.Add_Tracking_Numbers_To_User"/>
  <testcase name="Add_Tracking_Number" time="0.556" classname="Test_Data_Generation.Add_Tracking_Numbers_To_User"/>
  <testcase name="Add_Tracking_Number" time="0.548" classname="Test_Data_Generation.Add_Tracking_Numbers_To_User"/>
  <testcase name="Add_Tracking_Number" time="0.520" classname="Test_Data_Generation.Add_Tracking_Numbers_To_User"/>
  <testcase name="Add_Tracking_Number" time="0.599" classname="Test_Data_Generation.Add_Tracking_Numbers_To_User"/>
  <testcase name="Add_Tracking_Number" time="0.513" classname="Test_Data_Generation.Add_Tracking_Numbers_To_User"/>
  <testcase name="Add_Tracking_Number" time="0.584" classname="Test_Data_Generation.Add_Tracking_Numbers_To_User"/>
  <testcase name="Add_Tracking_Number" time="0.628" classname="Test_Data_Generation.Add_Tracking_Numbers_To_User"/>
  <testcase name="Add_Tracking_Number" time="0.642" classname="Test_Data_Generation.Add_Tracking_Numbers_To_User"/>
  <testcase name="Add_Tracking_Number" time="0.582" classname="Test_Data_Generation.Add_Tracking_Numbers_To_User"/>
  <testcase name="Add_Tracking_Number" time="0.777" classname="Test_Data_Generation.Add_Tracking_Numbers_To_User"/>
  <testcase name="Add_Tracking_Number" time="0.714" classname="Test_Data_Generation.Add_Tracking_Numbers_To_User"/>
  <testcase name="Add_Tracking_Number" time="0.536" classname="Test_Data_Generation.Add_Tracking_Numbers_To_User"/>
  <testcase name="Add_Tracking_Number" time="0.509" classname="Test_Data_Generation.Add_Tracking_Numbers_To_User"/>
  <testcase name="Add_Tracking_Number" time="0.178" classname="Test_Data_Generation.Add_Tracking_Numbers_To_User"/>
  <testcase name="Add_Tracking_Number" time="0.728" classname="Test_Data_Generation.Add_Tracking_Numbers_To_User"/>
  <testcase name="Add_Tracking_Number" time="0.541" classname="Test_Data_Generation.Add_Tracking_Numbers_To_User"/>
  <testcase name="Add_Tracking_Number" time="0.510" classname="Test_Data_Generation.Add_Tracking_Numbers_To_User"/>
  <testcase name="Add_Tracking_Number" time="0.501" classname="Test_Data_Generation.Add_Tracking_Numbers_To_User"/>
  <testcase name="Add_Tracking_Number" time="0.567" classname="Test_Data_Generation.Add_Tracking_Numbers_To_User"/>
  <testcase name="Add_Tracking_Number" time="0.490" classname="Test_Data_Generation.Add_Tracking_Numbers_To_User"/>
  <testcase name="Add_Tracking_Number" time="0.517" classname="Test_Data_Generation.Add_Tracking_Numbers_To_User"/>
  <testcase name="Add_Tracking_Number" time="0.473" classname="Test_Data_Generation.Add_Tracking_Numbers_To_User"/>
  <testcase name="Add_Tracking_Number" time="0.575" classname="Test_Data_Generation.Add_Tracking_Numbers_To_User"/>
  <testcase name="Add_Tracking_Number" time="0.480" classname="Test_Data_Generation.Add_Tracking_Numbers_To_User"/>
  <testcase name="Add_Tracking_Number" time="0.689" classname="Test_Data_Generation.Add_Tracking_Numbers_To_User"/>
  <testcase name="Add_Tracking_Number" time="0.559" classname="Test_Data_Generation.Add_Tracking_Numbers_To_User"/>
  <testcase name="Add_Tracking_Number" time="0.795" classname="Test_Data_Generation.Add_Tracking_Numbers_To_User"/>
  <testcase name="Add_Tracking_Number" time="0.541" classname="Test_Data_Generation.Add_Tracking_Numbers_To_User"/>
  <testcase name="Add_Tracking_Number" time="0.643" classname="Test_Data_Generation.Add_Tracking_Numbers_To_User"/>
  <testcase name="Add_Tracking_Number" time="0.517" classname="Test_Data_Generation.Add_Tracking_Numbers_To_User"/>
  <testcase name="Add_Tracking_Number" time="0.463" classname="Test_Data_Generation.Add_Tracking_Numbers_To_User"/>
  <testcase name="Add_Tracking_Number" time="0.067" classname="Test_Data_Generation.Add_Tracking_Numbers_To_User"/>
  <testcase name="Add_Tracking_Number" time="0.436" classname="Test_Data_Generation.Add_Tracking_Numbers_To_User"/>
  <testcase name="Add_Tracking_Number" time="0.509" classname="Test_Data_Generation.Add_Tracking_Numbers_To_User"/>
  <testcase name="Add_Tracking_Number" time="0.484" classname="Test_Data_Generation.Add_Tracking_Numbers_To_User"/>
  <testcase name="Add_Tracking_Number" time="0.545" classname="Test_Data_Generation.Add_Tracking_Numbers_To_User"/>
  <testcase name="Add_Tracking_Number" time="0.483" classname="Test_Data_Generation.Add_Tracking_Numbers_To_User"/>
  <testcase name="Add_Tracking_Number" time="0.539" classname="Test_Data_Generation.Add_Tracking_Numbers_To_User"/>
  <testcase name="Add_Tracking_Number" time="0.465" classname="Test_Data_Generation.Add_Tracking_Numbers_To_User"/>
  <testcase name="Add_Tracking_Number" time="0.486" classname="Test_Data_Generation.Add_Tracking_Numbers_To_User"/>
  <testcase name="Add_Tracking_Number" time="0.592" classname="Test_Data_Generation.Add_Tracking_Numbers_To_User"/>
  <testcase name="Add_Tracking_Number" time="0.674" classname="Test_Data_Generation.Add_Tracking_Numbers_To_User"/>
  <testcase name="Add_Tracking_Number" time="0.491" classname="Test_Data_Generation.Add_Tracking_Numbers_To_User"/>
  <testcase name="Add_Tracking_Number" time="0.557" classname="Test_Data_Generation.Add_Tracking_Numbers_To_User"/>
  <testcase name="Add_Tracking_Number" time="0.573" classname="Test_Data_Generation.Add_Tracking_Numbers_To_User"/>
  <testcase name="Add_Tracking_Number" time="0.660" classname="Test_Data_Generation.Add_Tracking_Numbers_To_User"/>
  <testcase name="Add_Tracking_Number" time="0.588" classname="Test_Data_Generation.Add_Tracking_Numbers_To_User"/>
  <testcase name="Add_Tracking_Number" time="0.515" classname="Test_Data_Generation.Add_Tracking_Numbers_To_User"/>
  <testcase name="Add_Tracking_Number" time="0.467" classname="Test_Data_Generation.Add_Tracking_Numbers_To_User"/>
  <testcase name="Add_Tracking_Number" time="0.587" classname="Test_Data_Generation.Add_Tracking_Numbers_To_User"/>
  <testcase name="Add_Tracking_Number" time="0.641" classname="Test_Data_Generation.Add_Tracking_Numbers_To_User"/>
  <testcase name="Add_Tracking_Number" time="0.074" classname="Test_Data_Generation.Add_Tracking_Numbers_To_User"/>
  <testcase name="Add_Tracking_Number" time="0.589" classname="Test_Data_Generation.Add_Tracking_Numbers_To_User"/>
  <testcase name="Add_Tracking_Number" time="0.585" classname="Test_Data_Generation.Add_Tracking_Numbers_To_User"/>
  <testcase name="Add_Tracking_Number" time="0.578" classname="Test_Data_Generation.Add_Tracking_Numbers_To_User"/>
  <testcase name="Add_Tracking_Number" time="0.494" classname="Test_Data_Generation.Add_Tracking_Numbers_To_User"/>
  <testcase name="Add_Tracking_Number" time="0.714" classname="Test_Data_Generation.Add_Tracking_Numbers_To_User"/>
  <testcase name="Add_Tracking_Number" time="0.485" classname="Test_Data_Generation.Add_Tracking_Numbers_To_User"/>
  <testcase name="Add_Tracking_Number" time="0.521" classname="Test_Data_Generation.Add_Tracking_Numbers_To_User"/>
  <testcase name="Add_Tracking_Number" time="0.562" classname="Test_Data_Generation.Add_Tracking_Numbers_To_User"/>
  <testcase name="Add_Tracking_Number" time="0.777" classname="Test_Data_Generation.Add_Tracking_Numbers_To_User"/>
  <testcase name="Add_Tracking_Number" time="0.564" classname="Test_Data_Generation.Add_Tracking_Numbers_To_User"/>
  <testcase name="Add_Tracking_Number" time="0.567" classname="Test_Data_Generation.Add_Tracking_Numbers_To_User"/>
  <testcase name="Add_Tracking_Number" time="0.635" classname="Test_Data_Generation.Add_Tracking_Numbers_To_User"/>
  <testcase name="Add_Tracking_Number" time="0.653" classname="Test_Data_Generation.Add_Tracking_Numbers_To_User"/>
  <testcase name="Add_Tracking_Number" time="0.531" classname="Test_Data_Generation.Add_Tracking_Numbers_To_User"/>
  <testcase name="Add_Tracking_Number" time="0.494" classname="Test_Data_Generation.Add_Tracking_Numbers_To_User"/>
  <testcase name="Add_Tracking_Number" time="0.636" classname="Test_Data_Generation.Add_Tracking_Numbers_To_User"/>
  <testcase name="Add_Tracking_Number" time="0.659" classname="Test_Data_Generation.Add_Tracking_Numbers_To_User"/>
  <testcase name="Add_Tracking_Number" time="0.520" classname="Test_Data_Generation.Add_Tracking_Numbers_To_User"/>
  <testcase name="Add_Tracking_Number" time="0.493" classname="Test_Data_Generation.Add_Tracking_Numbers_To_User"/>
  <testcase name="Add_Tracking_Number" time="0.541" classname="Test_Data_Generation.Add_Tracking_Numbers_To_User"/>
  <testcase name="Add_Tracking_Number" time="0.583" classname="Test_Data_Generation.Add_Tracking_Numbers_To_User"/>
  <testcase name="Add_Tracking_Number" time="0.547" classname="Test_Data_Generation.Add_Tracking_Numbers_To_User"/>
  <testcase name="Add_Tracking_Number" time="0.648" classname="Test_Data_Generation.Add_Tracking_Numbers_To_User"/>
  <testcase name="Add_Tracking_Number" time="0.466" classname="Test_Data_Generation.Add_Tracking_Numbers_To_User"/>
  <testcase name="Add_Tracking_Number" time="0.706" classname="Test_Data_Generation.Add_Tracking_Numbers_To_User"/>
  <testcase name="Add_Tracking_Number" time="0.548" classname="Test_Data_Generation.Add_Tracking_Numbers_To_User"/>
  <testcase name="Add_Tracking_Number" time="0.483" classname="Test_Data_Generation.Add_Tracking_Numbers_To_User"/>
  <testcase name="Add_Tracking_Number" time="0.520" classname="Test_Data_Generation.Add_Tracking_Numbers_To_User"/>
  <testcase name="Add_Tracking_Number" time="0.588" classname="Test_Data_Generation.Add_Tracking_Numbers_To_User"/>
  <testcase name="Add_Tracking_Number" time="0.611" classname="Test_Data_Generation.Add_Tracking_Numbers_To_User"/>
  <testcase name="Add_Tracking_Number" time="0.542" classname="Test_Data_Generation.Add_Tracking_Numbers_To_User"/>
  <testcase name="Add_Tracking_Number" time="0.512" classname="Test_Data_Generation.Add_Tracking_Numbers_To_User"/>
  <testcase name="Add_Tracking_Number" time="0.057" classname="Test_Data_Generation.Add_Tracking_Numbers_To_User"/>
  <testcase name="Add_Tracking_Number" time="0.567" classname="Test_Data_Generation.Add_Tracking_Numbers_To_User"/>
  <testcase name="Add_Tracking_Number" time="0.536" classname="Test_Data_Generation.Add_Tracking_Numbers_To_User"/>
  <testcase name="Add_Tracking_Number" time="0.479" classname="Test_Data_Generation.Add_Tracking_Numbers_To_User"/>
  <testcase name="Add_Tracking_Number" time="0.503" classname="Test_Data_Generation.Add_Tracking_Numbers_To_User"/>
  <testcase name="Add_Tracking_Number" time="0.499" classname="Test_Data_Generation.Add_Tracking_Numbers_To_User"/>
  <testcase name="Add_Tracking_Number" time="0.488" classname="Test_Data_Generation.Add_Tracking_Numbers_To_User"/>
  <testcase name="Add_Tracking_Number" time="0.572" classname="Test_Data_Generation.Add_Tracking_Numbers_To_User"/>
  <testcase name="Add_Tracking_Number" time="0.517" classname="Test_Data_Generation.Add_Tracking_Numbers_To_User"/>
  <testcase name="Add_Tracking_Number" time="0.522" classname="Test_Data_Generation.Add_Tracking_Numbers_To_User"/>
  <testcase name="Add_Tracking_Number" time="0.553" classname="Test_Data_Generation.Add_Tracking_Numbers_To_User"/>
  <testcase name="Add_Tracking_Number" time="0.832" classname="Test_Data_Generation.Add_Tracking_Numbers_To_User"/>
  <testcase name="Add_Tracking_Number" time="0.611" classname="Test_Data_Generation.Add_Tracking_Numbers_To_User"/>
  <testcase name="Add_Tracking_Number" time="0.311" classname="Test_Data_Generation.Add_Tracking_Numbers_To_User"/>
  <testcase name="Add_Tracking_Number" time="0.580" classname="Test_Data_Generation.Add_Tracking_Numbers_To_User"/>
  <testcase name="Add_Tracking_Number" time="0.707" classname="Test_Data_Generation.Add_Tracking_Numbers_To_User"/>
  <testcase name="Add_Tracking_Number" time="0.784" classname="Test_Data_Generation.Add_Tracking_Numbers_To_User"/>
  <testcase name="Add_Tracking_Number" time="0.479" classname="Test_Data_Generation.Add_Tracking_Numbers_To_User"/>
  <testcase name="Add_Tracking_Number" time="0.750" classname="Test_Data_Generation.Add_Tracking_Numbers_To_User"/>
  <testcase name="Add_Tracking_Number" time="0.512" classname="Test_Data_Generation.Add_Tracking_Numbers_To_User"/>
  <testcase name="Add_Tracking_Number" time="0.457" classname="Test_Data_Generation.Add_Tracking_Numbers_To_User"/>
  <testcase name="Add_Tracking_Number" time="0.550" classname="Test_Data_Generation.Add_Tracking_Numbers_To_User"/>
  <testcase name="Add_Tracking_Number" time="0.564" classname="Test_Data_Generation.Add_Tracking_Numbers_To_User"/>
  <testcase name="Add_Tracking_Number" time="0.628" classname="Test_Data_Generation.Add_Tracking_Numbers_To_User"/>
  <testcase name="Add_Tracking_Number" time="0.600" classname="Test_Data_Generation.Add_Tracking_Numbers_To_User"/>
  <testcase name="Add_Tracking_Number" time="0.618" classname="Test_Data_Generation.Add_Tracking_Numbers_To_User"/>
  <testcase name="Add_Tracking_Number" time="0.441" classname="Test_Data_Generation.Add_Tracking_Numbers_To_User"/>
  <testcase name="Add_Tracking_Number" time="0.549" classname="Test_Data_Generation.Add_Tracking_Numbers_To_User"/>
  <testcase name="Add_Tracking_Number" time="0.548" classname="Test_Data_Generation.Add_Tracking_Numbers_To_User"/>
  <testcase name="Add_Tracking_Number" time="0.523" classname="Test_Data_Generation.Add_Tracking_Numbers_To_User"/>
  <testcase name="Add_Tracking_Number" time="0.536" classname="Test_Data_Generation.Add_Tracking_Numbers_To_User"/>
  <testcase name="Add_Tracking_Number" time="0.445" classname="Test_Data_Generation.Add_Tracking_Numbers_To_User"/>
  <testcase name="Add_Tracking_Number" time="0.522" classname="Test_Data_Generation.Add_Tracking_Numbers_To_User"/>
  <testcase name="Add_Tracking_Number" time="0.491" classname="Test_Data_Generation.Add_Tracking_Numbers_To_User"/>
  <testcase name="Add_Tracking_Number" time="0.452" classname="Test_Data_Generation.Add_Tracking_Numbers_To_User"/>
  <testcase name="Add_Tracking_Number" time="0.579" classname="Test_Data_Generation.Add_Tracking_Numbers_To_User"/>
  <testcase name="Add_Tracking_Number" time="0.477" classname="Test_Data_Generation.Add_Tracking_Numbers_To_User"/>
  <testcase name="Add_Tracking_Number" time="0.576" classname="Test_Data_Generation.Add_Tracking_Numbers_To_User"/>
  <testcase name="Add_Tracking_Number" time="0.477" classname="Test_Data_Generation.Add_Tracking_Numbers_To_User"/>
  <testcase name="Add_Tracking_Number" time="0.113" classname="Test_Data_Generation.Add_Tracking_Numbers_To_User"/>
  <testcase name="Add_Tracking_Number" time="0.499" classname="Test_Data_Generation.Add_Tracking_Numbers_To_User"/>
  <testcase name="Add_Tracking_Number" time="0.503" classname="Test_Data_Generation.Add_Tracking_Numbers_To_User"/>
  <testcase name="Add_Tracking_Number" time="0.548" classname="Test_Data_Generation.Add_Tracking_Numbers_To_User"/>
  <testcase name="Add_Tracking_Number" time="0.738" classname="Test_Data_Generation.Add_Tracking_Numbers_To_User"/>
  <testcase name="Add_Tracking_Number" time="0.448" classname="Test_Data_Generation.Add_Tracking_Numbers_To_User"/>
  <testcase name="Add_Tracking_Number" time="0.849" classname="Test_Data_Generation.Add_Tracking_Numbers_To_User"/>
  <testcase name="Add_Tracking_Number" time="0.450" classname="Test_Data_Generation.Add_Tracking_Numbers_To_User"/>
  <testcase name="Add_Tracking_Number" time="0.774" classname="Test_Data_Generation.Add_Tracking_Numbers_To_User"/>
  <testcase name="Add_Tracking_Number" time="0.524" classname="Test_Data_Generation.Add_Tracking_Numbers_To_User"/>
  <testcase name="Add_Tracking_Number" time="0.519" classname="Test_Data_Generation.Add_Tracking_Numbers_To_User"/>
  <testcase name="Add_Tracking_Number" time="0.713" classname="Test_Data_Generation.Add_Tracking_Numbers_To_User"/>
  <testcase name="Add_Tracking_Number" time="0.600" classname="Test_Data_Generation.Add_Tracking_Numbers_To_User"/>
  <testcase name="Add_Tracking_Number" time="0.573" classname="Test_Data_Generation.Add_Tracking_Numbers_To_User"/>
  <testcase name="Add_Tracking_Number" time="0.502" classname="Test_Data_Generation.Add_Tracking_Numbers_To_User"/>
  <testcase name="Add_Tracking_Number" time="0.548" classname="Test_Data_Generation.Add_Tracking_Numbers_To_User"/>
  <testcase name="Add_Tracking_Number" time="0.545" classname="Test_Data_Generation.Add_Tracking_Numbers_To_User"/>
  <testcase name="Add_Tracking_Number" time="0.556" classname="Test_Data_Generation.Add_Tracking_Numbers_To_User"/>
  <testcase name="Add_Tracking_Number" time="0.618" classname="Test_Data_Generation.Add_Tracking_Numbers_To_User"/>
  <testcase name="Add_Tracking_Number" time="0.529" classname="Test_Data_Generation.Add_Tracking_Numbers_To_User"/>
  <testcase name="Add_Tracking_Number" time="0.559" classname="Test_Data_Generation.Add_Tracking_Numbers_To_User"/>
  <testcase name="Add_Tracking_Number" time="0.515" classname="Test_Data_Generation.Add_Tracking_Numbers_To_User"/>
  <testcase name="Add_Tracking_Number" time="0.510" classname="Test_Data_Generation.Add_Tracking_Numbers_To_User"/>
  <testcase name="Add_Tracking_Number" time="0.500" classname="Test_Data_Generation.Add_Tracking_Numbers_To_User"/>
  <testcase name="Add_Tracking_Number" time="0.054" classname="Test_Data_Generation.Add_Tracking_Numbers_To_User"/>
  <testcase name="Add_Tracking_Number" time="0.055" classname="Test_Data_Generation.Add_Tracking_Numbers_To_User"/>
  <testcase name="Add_Tracking_Number" time="0.573" classname="Test_Data_Generation.Add_Tracking_Numbers_To_User"/>
  <testcase name="Add_Tracking_Number" time="0.536" classname="Test_Data_Generation.Add_Tracking_Numbers_To_User"/>
  <testcase name="Add_Tracking_Number" time="0.658" classname="Test_Data_Generation.Add_Tracking_Numbers_To_User"/>
  <testcase name="Add_Tracking_Number" time="0.578" classname="Test_Data_Generation.Add_Tracking_Numbers_To_User"/>
  <testcase name="Add_Tracking_Number" time="0.515" classname="Test_Data_Generation.Add_Tracking_Numbers_To_User"/>
  <testcase name="Add_Tracking_Number" time="0.523" classname="Test_Data_Generation.Add_Tracking_Numbers_To_User"/>
  <testcase name="Add_Tracking_Number" time="0.608" classname="Test_Data_Generation.Add_Tracking_Numbers_To_User"/>
  <testcase name="Add_Tracking_Number" time="0.555" classname="Test_Data_Generation.Add_Tracking_Numbers_To_User"/>
  <testcase name="Add_Tracking_Number" time="0.672" classname="Test_Data_Generation.Add_Tracking_Numbers_To_User"/>
  <testcase name="Add_Tracking_Number" time="0.564" classname="Test_Data_Generation.Add_Tracking_Numbers_To_User"/>
  <testcase name="Add_Tracking_Number" time="0.522" classname="Test_Data_Generation.Add_Tracking_Numbers_To_User"/>
  <testcase name="Add_Tracking_Number" time="0.581" classname="Test_Data_Generation.Add_Tracking_Numbers_To_User"/>
  <testcase name="Add_Tracking_Number" time="0.592" classname="Test_Data_Generation.Add_Tracking_Numbers_To_User"/>
  <testcase name="Add_Tracking_Number" time="0.562" classname="Test_Data_Generation.Add_Tracking_Numbers_To_User"/>
  <testcase name="Add_Tracking_Number" time="0.559" classname="Test_Data_Generation.Add_Tracking_Numbers_To_User"/>
  <testcase name="Add_Tracking_Number" time="0.598" classname="Test_Data_Generation.Add_Tracking_Numbers_To_User"/>
  <testcase name="Add_Tracking_Number" time="0.675" classname="Test_Data_Generation.Add_Tracking_Numbers_To_User"/>
  <testcase name="Add_Tracking_Number" time="0.552" classname="Test_Data_Generation.Add_Tracking_Numbers_To_User"/>
  <testcase name="Add_Tracking_Number" time="0.592" classname="Test_Data_Generation.Add_Tracking_Numbers_To_User"/>
  <testcase name="Add_Tracking_Number" time="0.968" classname="Test_Data_Generation.Add_Tracking_Numbers_To_User"/>
  <testcase name="Add_Tracking_Number" time="0.878" classname="Test_Data_Generation.Add_Tracking_Numbers_To_User"/>
  <testcase name="Add_Tracking_Number" time="0.477" classname="Test_Data_Generation.Add_Tracking_Numbers_To_User"/>
  <testcase name="Add_Tracking_Number" time="0.487" classname="Test_Data_Generation.Add_Tracking_Numbers_To_User"/>
  <testcase name="Add_Tracking_Number" time="0.564" classname="Test_Data_Generation.Add_Tracking_Numbers_To_User"/>
  <testcase name="Add_Tracking_Number" time="0.503" classname="Test_Data_Generation.Add_Tracking_Numbers_To_User"/>
  <testcase name="Add_Tracking_Number" time="0.499" classname="Test_Data_Generation.Add_Tracking_Numbers_To_User"/>
  <testcase name="Add_Tracking_Number" time="0.612" classname="Test_Data_Generation.Add_Tracking_Numbers_To_User"/>
  <testcase name="Add_Tracking_Number" time="0.612" classname="Test_Data_Generation.Add_Tracking_Numbers_To_User"/>
  <testcase name="Add_Tracking_Number" time="0.544" classname="Test_Data_Generation.Add_Tracking_Numbers_To_User"/>
  <testcase name="Add_Tracking_Number" time="0.566" classname="Test_Data_Generation.Add_Tracking_Numbers_To_User"/>
  <testcase name="Add_Tracking_Number" time="0.519" classname="Test_Data_Generation.Add_Tracking_Numbers_To_User"/>
  <testcase name="Add_Tracking_Number" time="0.569" classname="Test_Data_Generation.Add_Tracking_Numbers_To_User"/>
  <testcase name="Add_Tracking_Number" time="0.593" classname="Test_Data_Generation.Add_Tracking_Numbers_To_User"/>
  <testcase name="Add_Tracking_Number" time="0.547" classname="Test_Data_Generation.Add_Tracking_Numbers_To_User"/>
  <testcase name="Add_Tracking_Number" time="0.547" classname="Test_Data_Generation.Add_Tracking_Numbers_To_User"/>
  <testcase name="Add_Tracking_Number" time="0.436" classname="Test_Data_Generation.Add_Tracking_Numbers_To_User"/>
  <testcase name="Add_Tracking_Number" time="0.548" classname="Test_Data_Generation.Add_Tracking_Numbers_To_User"/>
  <testcase name="Add_Tracking_Number" time="0.746" classname="Test_Data_Generation.Add_Tracking_Numbers_To_User"/>
  <testcase name="Add_Tracking_Number" time="0.519" classname="Test_Data_Generation.Add_Tracking_Numbers_To_User"/>
  <testcase name="Add_Tracking_Number" time="0.632" classname="Test_Data_Generation.Add_Tracking_Numbers_To_User"/>
  <testcase name="Add_Tracking_Number" time="0.529" classname="Test_Data_Generation.Add_Tracking_Numbers_To_User"/>
  <testcase name="Add_Tracking_Number" time="0.585" classname="Test_Data_Generation.Add_Tracking_Numbers_To_User"/>
  <testcase name="Add_Tracking_Number" time="0.604" classname="Test_Data_Generation.Add_Tracking_Numbers_To_User"/>
  <testcase name="Add_Tracking_Number" time="0.536" classname="Test_Data_Generation.Add_Tracking_Numbers_To_User"/>
  <testcase name="Add_Tracking_Number" time="0.537" classname="Test_Data_Generation.Add_Tracking_Numbers_To_User"/>
  <testcase name="Add_Tracking_Number" time="0.529" classname="Test_Data_Generation.Add_Tracking_Numbers_To_User"/>
  <testcase name="Add_Tracking_Number" time="0.562" classname="Test_Data_Generation.Add_Tracking_Numbers_To_User"/>
  <testcase name="Add_Tracking_Number" time="0.622" classname="Test_Data_Generation.Add_Tracking_Numbers_To_User"/>
  <testcase name="Add_Tracking_Number" time="0.727" classname="Test_Data_Generation.Add_Tracking_Numbers_To_User"/>
  <testcase name="Add_Tracking_Number" time="0.050" classname="Test_Data_Generation.Add_Tracking_Numbers_To_User"/>
  <testcase name="Add_Tracking_Number" time="0.533" classname="Test_Data_Generation.Add_Tracking_Numbers_To_User"/>
  <testcase name="Add_Tracking_Number" time="0.733" classname="Test_Data_Generation.Add_Tracking_Numbers_To_User"/>
  <testcase name="Add_Tracking_Number" time="0.534" classname="Test_Data_Generation.Add_Tracking_Numbers_To_User"/>
  <testcase name="Add_Tracking_Number" time="0.445" classname="Test_Data_Generation.Add_Tracking_Numbers_To_User"/>
  <testcase name="Add_Tracking_Number" time="0.488" classname="Test_Data_Generation.Add_Tracking_Numbers_To_User"/>
  <testcase name="Add_Tracking_Number" time="0.558" classname="Test_Data_Generation.Add_Tracking_Numbers_To_User"/>
  <testcase name="Add_Tracking_Number" time="0.482" classname="Test_Data_Generation.Add_Tracking_Numbers_To_User"/>
  <testcase name="Add_Tracking_Number" time="0.615" classname="Test_Data_Generation.Add_Tracking_Numbers_To_User"/>
  <testcase name="Add_Tracking_Number" time="0.617" classname="Test_Data_Generation.Add_Tracking_Numbers_To_User"/>
  <testcase name="Add_Tracking_Number" time="0.482" classname="Test_Data_Generation.Add_Tracking_Numbers_To_User"/>
  <testcase name="Add_Tracking_Number" time="0.806" classname="Test_Data_Generation.Add_Tracking_Numbers_To_User"/>
  <testcase name="Add_Tracking_Number" time="0.510" classname="Test_Data_Generation.Add_Tracking_Numbers_To_User"/>
  <testcase name="Add_Tracking_Number" time="0.447" classname="Test_Data_Generation.Add_Tracking_Numbers_To_User"/>
  <testcase name="Add_Tracking_Number" time="0.571" classname="Test_Data_Generation.Add_Tracking_Numbers_To_User"/>
  <testcase name="Add_Tracking_Number" time="0.464" classname="Test_Data_Generation.Add_Tracking_Numbers_To_User"/>
  <testcase name="Add_Tracking_Number" time="0.542" classname="Test_Data_Generation.Add_Tracking_Numbers_To_User"/>
  <testcase name="Add_Tracking_Number" time="0.571" classname="Test_Data_Generation.Add_Tracking_Numbers_To_User"/>
  <testcase name="Add_Tracking_Number" time="0.571" classname="Test_Data_Generation.Add_Tracking_Numbers_To_User"/>
  <testcase name="Add_Tracking_Number" time="0.551" classname="Test_Data_Generation.Add_Tracking_Numbers_To_User"/>
  <testcase name="Add_Tracking_Number" time="0.516" classname="Test_Data_Generation.Add_Tracking_Numbers_To_User"/>
  <testcase name="Add_Tracking_Number" time="0.498" classname="Test_Data_Generation.Add_Tracking_Numbers_To_User"/>
  <testcase name="Add_Tracking_Number" time="0.500" classname="Test_Data_Generation.Add_Tracking_Numbers_To_User"/>
  <testcase name="Add_Tracking_Number" time="0.687" classname="Test_Data_Generation.Add_Tracking_Numbers_To_User"/>
  <testcase name="Add_Tracking_Number" time="0.468" classname="Test_Data_Generation.Add_Tracking_Numbers_To_User"/>
  <testcase name="Add_Tracking_Number" time="0.496" classname="Test_Data_Generation.Add_Tracking_Numbers_To_User"/>
  <testcase name="Add_Tracking_Number" time="0.527" classname="Test_Data_Generation.Add_Tracking_Numbers_To_User"/>
  <testcase name="Add_Tracking_Number" time="0.537" classname="Test_Data_Generation.Add_Tracking_Numbers_To_User"/>
  <testcase name="Add_Tracking_Number" time="0.445" classname="Test_Data_Generation.Add_Tracking_Numbers_To_User"/>
  <testcase name="Add_Tracking_Number" time="0.687" classname="Test_Data_Generation.Add_Tracking_Numbers_To_User"/>
  <testcase name="Add_Tracking_Number" time="0.617" classname="Test_Data_Generation.Add_Tracking_Numbers_To_User"/>
  <testcase name="Add_Tracking_Number" time="0.647" classname="Test_Data_Generation.Add_Tracking_Numbers_To_User"/>
  <testcase name="Add_Tracking_Number" time="0.563" classname="Test_Data_Generation.Add_Tracking_Numbers_To_User"/>
  <testcase name="Add_Tracking_Number" time="0.471" classname="Test_Data_Generation.Add_Tracking_Numbers_To_User"/>
  <testcase name="Add_Tracking_Number" time="0.477" classname="Test_Data_Generation.Add_Tracking_Numbers_To_User"/>
  <testcase name="Add_Tracking_Number" time="0.538" classname="Test_Data_Generation.Add_Tracking_Numbers_To_User"/>
  <testcase name="Add_Tracking_Number" time="0.523" classname="Test_Data_Generation.Add_Tracking_Numbers_To_User"/>
  <testcase name="Add_Tracking_Number" time="0.451" classname="Test_Data_Generation.Add_Tracking_Numbers_To_User"/>
  <testcase name="Add_Tracking_Number" time="0.515" classname="Test_Data_Generation.Add_Tracking_Numbers_To_User"/>
  <testcase name="Add_Tracking_Number" time="0.494" classname="Test_Data_Generation.Add_Tracking_Numbers_To_User"/>
  <testcase name="Add_Tracking_Number" time="0.512" classname="Test_Data_Generation.Add_Tracking_Numbers_To_User"/>
  <testcase name="Add_Tracking_Number" time="0.585" classname="Test_Data_Generation.Add_Tracking_Numbers_To_User"/>
  <testcase name="Add_Tracking_Number" time="0.499" classname="Test_Data_Generation.Add_Tracking_Numbers_To_User"/>
  <testcase name="Add_Tracking_Number" time="0.567" classname="Test_Data_Generation.Add_Tracking_Numbers_To_User"/>
  <testcase name="Add_Tracking_Number" time="0.685" classname="Test_Data_Generation.Add_Tracking_Numbers_To_User"/>
  <testcase name="Add_Tracking_Number" time="0.541" classname="Test_Data_Generation.Add_Tracking_Numbers_To_User"/>
  <testcase name="Add_Tracking_Number" time="0.520" classname="Test_Data_Generation.Add_Tracking_Numbers_To_User"/>
  <testcase name="Add_Tracking_Number" time="0.366" classname="Test_Data_Generation.Add_Tracking_Numbers_To_User"/>
  <testcase name="Add_Tracking_Number" time="0.666" classname="Test_Data_Generation.Add_Tracking_Numbers_To_User"/>
  <testcase name="Add_Tracking_Number" time="0.569" classname="Test_Data_Generation.Add_Tracking_Numbers_To_User"/>
  <testcase name="Add_Tracking_Number" time="0.768" classname="Test_Data_Generation.Add_Tracking_Numbers_To_User"/>
  <testcase name="Add_Tracking_Number" time="0.545" classname="Test_Data_Generation.Add_Tracking_Numbers_To_User"/>
  <testcase name="Add_Tracking_Number" time="0.490" classname="Test_Data_Generation.Add_Tracking_Numbers_To_User"/>
  <testcase name="Add_Tracking_Number" time="0.506" classname="Test_Data_Generation.Add_Tracking_Numbers_To_User"/>
  <testcase name="Add_Tracking_Number" time="0.605" classname="Test_Data_Generation.Add_Tracking_Numbers_To_User"/>
  <testcase name="Add_Tracking_Number" time="0.519" classname="Test_Data_Generation.Add_Tracking_Numbers_To_User"/>
  <testcase name="Add_Tracking_Number" time="0.470" classname="Test_Data_Generation.Add_Tracking_Numbers_To_User"/>
  <testcase name="Add_Tracking_Number" time="0.503" classname="Test_Data_Generation.Add_Tracking_Numbers_To_User"/>
  <testcase name="Add_Tracking_Number" time="0.540" classname="Test_Data_Generation.Add_Tracking_Numbers_To_User"/>
  <testcase name="Add_Tracking_Number" time="0.449" classname="Test_Data_Generation.Add_Tracking_Numbers_To_User"/>
  <testcase name="Add_Tracking_Number" time="0.549" classname="Test_Data_Generation.Add_Tracking_Numbers_To_User"/>
  <testcase name="Add_Tracking_Number" time="0.498" classname="Test_Data_Generation.Add_Tracking_Numbers_To_User"/>
  <testcase name="Add_Tracking_Number" time="0.540" classname="Test_Data_Generation.Add_Tracking_Numbers_To_User"/>
  <testcase name="Add_Tracking_Number" time="0.569" classname="Test_Data_Generation.Add_Tracking_Numbers_To_User"/>
  <testcase name="Add_Tracking_Number" time="0.503" classname="Test_Data_Generation.Add_Tracking_Numbers_To_User"/>
  <testcase name="Add_Tracking_Number" time="0.547" classname="Test_Data_Generation.Add_Tracking_Numbers_To_User"/>
  <testcase name="Add_Tracking_Number" time="0.633" classname="Test_Data_Generation.Add_Tracking_Numbers_To_User"/>
  <testcase name="Add_Tracking_Number" time="0.541" classname="Test_Data_Generation.Add_Tracking_Numbers_To_User"/>
  <testcase name="Add_Tracking_Number" time="0.506" classname="Test_Data_Generation.Add_Tracking_Numbers_To_User"/>
  <testcase name="Add_Tracking_Number" time="0.591" classname="Test_Data_Generation.Add_Tracking_Numbers_To_User"/>
  <testcase name="Add_Tracking_Number" time="0.557" classname="Test_Data_Generation.Add_Tracking_Numbers_To_User"/>
  <testcase name="Add_Tracking_Number" time="0.525" classname="Test_Data_Generation.Add_Tracking_Numbers_To_User"/>
  <testcase name="Add_Tracking_Number" time="0.588" classname="Test_Data_Generation.Add_Tracking_Numbers_To_User"/>
  <testcase name="Add_Tracking_Number" time="0.516" classname="Test_Data_Generation.Add_Tracking_Numbers_To_User"/>
  <testcase name="Add_Tracking_Number" time="0.569" classname="Test_Data_Generation.Add_Tracking_Numbers_To_User"/>
  <testcase name="Add_Tracking_Number" time="0.580" classname="Test_Data_Generation.Add_Tracking_Numbers_To_User"/>
  <testcase name="Add_Tracking_Number" time="0.676" classname="Test_Data_Generation.Add_Tracking_Numbers_To_User"/>
  <testcase name="Add_Tracking_Number" time="0.510" classname="Test_Data_Generation.Add_Tracking_Numbers_To_User"/>
  <testcase name="Add_Tracking_Number" time="0.526" classname="Test_Data_Generation.Add_Tracking_Numbers_To_User"/>
  <testcase name="Add_Tracking_Number" time="0.613" classname="Test_Data_Generation.Add_Tracking_Numbers_To_User"/>
  <testcase name="Add_Tracking_Number" time="0.649" classname="Test_Data_Generation.Add_Tracking_Numbers_To_User"/>
  <testcase name="Add_Tracking_Number" time="0.492" classname="Test_Data_Generation.Add_Tracking_Numbers_To_User"/>
  <testcase name="Add_Tracking_Number" time="0.624" classname="Test_Data_Generation.Add_Tracking_Numbers_To_User"/>
  <testcase name="Add_Tracking_Number" time="0.486" classname="Test_Data_Generation.Add_Tracking_Numbers_To_User"/>
  <testcase name="Add_Tracking_Number" time="0.794" classname="Test_Data_Generation.Add_Tracking_Numbers_To_User"/>
  <testcase name="Add_Tracking_Number" time="0.467" classname="Test_Data_Generation.Add_Tracking_Numbers_To_User"/>
  <testcase name="Add_Tracking_Number" time="0.519" classname="Test_Data_Generation.Add_Tracking_Numbers_To_User"/>
  <testcase name="Add_Tracking_Number" time="0.808" classname="Test_Data_Generation.Add_Tracking_Numbers_To_User"/>
  <testcase name="Add_Tracking_Number" time="0.508" classname="Test_Data_Generation.Add_Tracking_Numbers_To_User"/>
  <testcase name="Add_Tracking_Number" time="0.716" classname="Test_Data_Generation.Add_Tracking_Numbers_To_User"/>
  <testcase name="Add_Tracking_Number" time="0.579" classname="Test_Data_Generation.Add_Tracking_Numbers_To_User"/>
  <testcase name="Add_Tracking_Number" time="0.560" classname="Test_Data_Generation.Add_Tracking_Numbers_To_User"/>
  <testcase name="Add_Tracking_Number" time="0.808" classname="Test_Data_Generation.Add_Tracking_Numbers_To_User"/>
  <testcase name="Add_Tracking_Number" time="0.646" classname="Test_Data_Generation.Add_Tracking_Numbers_To_User"/>
  <testcase name="Add_Tracking_Number" time="0.504" classname="Test_Data_Generation.Add_Tracking_Numbers_To_User"/>
  <testcase name="Add_Tracking_Number" time="0.473" classname="Test_Data_Generation.Add_Tracking_Numbers_To_User"/>
  <testcase name="Add_Tracking_Number" time="0.654" classname="Test_Data_Generation.Add_Tracking_Numbers_To_User"/>
  <testcase name="Add_Tracking_Number" time="0.502" classname="Test_Data_Generation.Add_Tracking_Numbers_To_User"/>
  <testcase name="Add_Tracking_Number" time="0.700" classname="Test_Data_Generation.Add_Tracking_Numbers_To_User"/>
  <testcase name="Add_Tracking_Number" time="0.448" classname="Test_Data_Generation.Add_Tracking_Numbers_To_User"/>
  <testcase name="Add_Tracking_Number" time="0.648" classname="Test_Data_Generation.Add_Tracking_Numbers_To_User"/>
  <testcase name="Add_Tracking_Number" time="0.056" classname="Test_Data_Generation.Add_Tracking_Numbers_To_User"/>
  <testcase name="Add_Tracking_Number" time="0.560" classname="Test_Data_Generation.Add_Tracking_Numbers_To_User"/>
  <testcase name="Add_Tracking_Number" time="0.730" classname="Test_Data_Generation.Add_Tracking_Numbers_To_User"/>
  <testcase name="Add_Tracking_Number" time="0.786" classname="Test_Data_Generation.Add_Tracking_Numbers_To_User"/>
  <testcase name="Add_Tracking_Number" time="0.470" classname="Test_Data_Generation.Add_Tracking_Numbers_To_User"/>
  <testcase name="Add_Tracking_Number" time="0.492" classname="Test_Data_Generation.Add_Tracking_Numbers_To_User"/>
  <testcase name="Add_Tracking_Number" time="0.367" classname="Test_Data_Generation.Add_Tracking_Numbers_To_User"/>
  <testcase name="Add_Tracking_Number" time="0.508" classname="Test_Data_Generation.Add_Tracking_Numbers_To_User"/>
  <testcase name="Add_Tracking_Number" time="0.632" classname="Test_Data_Generation.Add_Tracking_Numbers_To_User"/>
  <testcase name="Add_Tracking_Number" time="0.579" classname="Test_Data_Generation.Add_Tracking_Numbers_To_User"/>
  <testcase name="Add_Tracking_Number" time="0.483" classname="Test_Data_Generation.Add_Tracking_Numbers_To_User"/>
  <testcase name="Add_Tracking_Number" time="0.482" classname="Test_Data_Generation.Add_Tracking_Numbers_To_User"/>
  <testcase name="Add_Tracking_Number" time="0.784" classname="Test_Data_Generation.Add_Tracking_Numbers_To_User"/>
  <testcase name="Add_Tracking_Number" time="0.555" classname="Test_Data_Generation.Add_Tracking_Numbers_To_User"/>
  <testcase name="Add_Tracking_Number" time="0.749" classname="Test_Data_Generation.Add_Tracking_Numbers_To_User"/>
  <testcase name="Add_Tracking_Number" time="0.507" classname="Test_Data_Generation.Add_Tracking_Numbers_To_User"/>
  <testcase name="Add_Tracking_Number" time="0.493" classname="Test_Data_Generation.Add_Tracking_Numbers_To_User"/>
  <testcase name="Add_Tracking_Number" time="1.822" classname="Test_Data_Generation.Add_Tracking_Numbers_To_User"/>
  <testcase name="Add_Tracking_Number" time="0.518" classname="Test_Data_Generation.Add_Tracking_Numbers_To_User"/>
  <testcase name="Add_Tracking_Number" time="0.451" classname="Test_Data_Generation.Add_Tracking_Numbers_To_User"/>
  <testcase name="Add_Tracking_Number" time="0.478" classname="Test_Data_Generation.Add_Tracking_Numbers_To_User"/>
  <testcase name="Add_Tracking_Number" time="0.519" classname="Test_Data_Generation.Add_Tracking_Numbers_To_User"/>
  <testcase name="Add_Tracking_Number" time="0.562" classname="Test_Data_Generation.Add_Tracking_Numbers_To_User"/>
  <testcase name="Add_Tracking_Number" time="0.626" classname="Test_Data_Generation.Add_Tracking_Numbers_To_User"/>
  <testcase name="Add_Tracking_Number" time="0.558" classname="Test_Data_Generation.Add_Tracking_Numbers_To_User"/>
  <testcase name="Add_Tracking_Number" time="0.808" classname="Test_Data_Generation.Add_Tracking_Numbers_To_User"/>
  <testcase name="Add_Tracking_Number" time="0.146" classname="Test_Data_Generation.Add_Tracking_Numbers_To_User"/>
  <testcase name="Add_Tracking_Number" time="0.624" classname="Test_Data_Generation.Add_Tracking_Numbers_To_User"/>
  <testcase name="Add_Tracking_Number" time="0.661" classname="Test_Data_Generation.Add_Tracking_Numbers_To_User"/>
  <testcase name="Add_Tracking_Number" time="0.542" classname="Test_Data_Generation.Add_Tracking_Numbers_To_User"/>
  <testcase name="Add_Tracking_Number" time="0.748" classname="Test_Data_Generation.Add_Tracking_Numbers_To_User"/>
  <testcase name="Add_Tracking_Number" time="0.524" classname="Test_Data_Generation.Add_Tracking_Numbers_To_User"/>
  <testcase name="Add_Tracking_Number" time="0.528" classname="Test_Data_Generation.Add_Tracking_Numbers_To_User"/>
  <testcase name="Add_Tracking_Number" time="0.439" classname="Test_Data_Generation.Add_Tracking_Numbers_To_User"/>
  <testcase name="Add_Tracking_Number" time="0.529" classname="Test_Data_Generation.Add_Tracking_Numbers_To_User"/>
  <testcase name="Add_Tracking_Number" time="0.462" classname="Test_Data_Generation.Add_Tracking_Numbers_To_User"/>
  <testcase name="Add_Tracking_Number" time="0.615" classname="Test_Data_Generation.Add_Tracking_Numbers_To_User"/>
  <testcase name="Add_Tracking_Number" time="0.522" classname="Test_Data_Generation.Add_Tracking_Numbers_To_User"/>
  <testcase name="Add_Tracking_Number" time="0.047" classname="Test_Data_Generation.Add_Tracking_Numbers_To_User"/>
  <testcase name="Add_Tracking_Number" time="0.500" classname="Test_Data_Generation.Add_Tracking_Numbers_To_User"/>
  <testcase name="Add_Tracking_Number" time="0.673" classname="Test_Data_Generation.Add_Tracking_Numbers_To_User"/>
  <testcase name="Add_Tracking_Number" time="0.571" classname="Test_Data_Generation.Add_Tracking_Numbers_To_User"/>
  <testcase name="Add_Tracking_Number" time="0.549" classname="Test_Data_Generation.Add_Tracking_Numbers_To_User"/>
  <testcase name="Add_Tracking_Number" time="0.653" classname="Test_Data_Generation.Add_Tracking_Numbers_To_User"/>
  <testcase name="Add_Tracking_Number" time="0.564" classname="Test_Data_Generation.Add_Tracking_Numbers_To_User"/>
  <testcase name="Add_Tracking_Number" time="0.523" classname="Test_Data_Generation.Add_Tracking_Numbers_To_User"/>
  <testcase name="Add_Tracking_Number" time="0.267" classname="Test_Data_Generation.Add_Tracking_Numbers_To_User"/>
  <testcase name="Add_Tracking_Number" time="0.760" classname="Test_Data_Generation.Add_Tracking_Numbers_To_User"/>
  <testcase name="Add_Tracking_Number" time="0.556" classname="Test_Data_Generation.Add_Tracking_Numbers_To_User"/>
  <testcase name="Add_Tracking_Number" time="0.635" classname="Test_Data_Generation.Add_Tracking_Numbers_To_User"/>
  <testcase name="Add_Tracking_Number" time="0.612" classname="Test_Data_Generation.Add_Tracking_Numbers_To_User"/>
  <testcase name="Add_Tracking_Number" time="0.504" classname="Test_Data_Generation.Add_Tracking_Numbers_To_User"/>
  <testcase name="Add_Tracking_Number" time="0.563" classname="Test_Data_Generation.Add_Tracking_Numbers_To_User"/>
  <testcase name="Add_Tracking_Number" time="0.449" classname="Test_Data_Generation.Add_Tracking_Numbers_To_User"/>
  <testcase name="Add_Tracking_Number" time="0.569" classname="Test_Data_Generation.Add_Tracking_Numbers_To_User"/>
  <testcase name="Add_Tracking_Number" time="0.626" classname="Test_Data_Generation.Add_Tracking_Numbers_To_User"/>
  <testcase name="Add_Tracking_Number" time="0.588" classname="Test_Data_Generation.Add_Tracking_Numbers_To_User"/>
  <testcase name="Add_Tracking_Number" time="0.487" classname="Test_Data_Generation.Add_Tracking_Numbers_To_User"/>
  <testcase name="Add_Tracking_Number" time="0.486" classname="Test_Data_Generation.Add_Tracking_Numbers_To_User"/>
  <testcase name="Add_Tracking_Number" time="0.524" classname="Test_Data_Generation.Add_Tracking_Numbers_To_User"/>
  <testcase name="Add_Tracking_Number" time="0.044" classname="Test_Data_Generation.Add_Tracking_Numbers_To_User"/>
  <testcase name="Add_Tracking_Number" time="0.493" classname="Test_Data_Generation.Add_Tracking_Numbers_To_User"/>
  <testcase name="Add_Tracking_Number" time="0.737" classname="Test_Data_Generation.Add_Tracking_Numbers_To_User"/>
  <testcase name="Add_Tracking_Number" time="0.503" classname="Test_Data_Generation.Add_Tracking_Numbers_To_User"/>
  <testcase name="Add_Tracking_Number" time="0.582" classname="Test_Data_Generation.Add_Tracking_Numbers_To_User"/>
  <testcase name="Add_Tracking_Number" time="0.493" classname="Test_Data_Generation.Add_Tracking_Numbers_To_User"/>
  <testcase name="Add_Tracking_Number" time="0.532" classname="Test_Data_Generation.Add_Tracking_Numbers_To_User"/>
  <testcase name="Add_Tracking_Number" time="0.519" classname="Test_Data_Generation.Add_Tracking_Numbers_To_User"/>
  <testcase name="Add_Tracking_Number" time="0.583" classname="Test_Data_Generation.Add_Tracking_Numbers_To_User"/>
  <testcase name="Add_Tracking_Number" time="0.582" classname="Test_Data_Generation.Add_Tracking_Numbers_To_User"/>
  <testcase name="Add_Tracking_Number" time="0.487" classname="Test_Data_Generation.Add_Tracking_Numbers_To_User"/>
  <testcase name="Add_Tracking_Number" time="0.532" classname="Test_Data_Generation.Add_Tracking_Numbers_To_User"/>
  <testcase name="Add_Tracking_Number" time="0.380" classname="Test_Data_Generation.Add_Tracking_Numbers_To_User"/>
  <testcase name="Add_Tracking_Number" time="0.483" classname="Test_Data_Generation.Add_Tracking_Numbers_To_User"/>
  <testcase name="Add_Tracking_Number" time="0.616" classname="Test_Data_Generation.Add_Tracking_Numbers_To_User"/>
  <testcase name="Add_Tracking_Number" time="0.707" classname="Test_Data_Generation.Add_Tracking_Numbers_To_User"/>
  <testcase name="Add_Tracking_Number" time="0.517" classname="Test_Data_Generation.Add_Tracking_Numbers_To_User"/>
  <testcase name="Add_Tracking_Number" time="0.584" classname="Test_Data_Generation.Add_Tracking_Numbers_To_User"/>
  <testcase name="Add_Tracking_Number" time="0.574" classname="Test_Data_Generation.Add_Tracking_Numbers_To_User"/>
  <testcase name="Add_Tracking_Number" time="0.534" classname="Test_Data_Generation.Add_Tracking_Numbers_To_User"/>
  <testcase name="Add_Tracking_Number" time="0.509" classname="Test_Data_Generation.Add_Tracking_Numbers_To_User"/>
  <testcase name="Add_Tracking_Number" time="0.460" classname="Test_Data_Generation.Add_Tracking_Numbers_To_User"/>
  <testcase name="Add_Tracking_Number" time="0.163" classname="Test_Data_Generation.Add_Tracking_Numbers_To_User"/>
  <testcase name="Add_Tracking_Number" time="0.545" classname="Test_Data_Generation.Add_Tracking_Numbers_To_User"/>
  <testcase name="Add_Tracking_Number" time="0.566" classname="Test_Data_Generation.Add_Tracking_Numbers_To_User"/>
  <testcase name="Add_Tracking_Number" time="0.542" classname="Test_Data_Generation.Add_Tracking_Numbers_To_User"/>
  <testcase name="Add_Tracking_Number" time="0.409" classname="Test_Data_Generation.Add_Tracking_Numbers_To_User"/>
  <testcase name="Add_Tracking_Number" time="0.560" classname="Test_Data_Generation.Add_Tracking_Numbers_To_User"/>
  <testcase name="Add_Tracking_Number" time="0.524" classname="Test_Data_Generation.Add_Tracking_Numbers_To_User"/>
  <testcase name="Add_Tracking_Number" time="0.582" classname="Test_Data_Generation.Add_Tracking_Numbers_To_User"/>
  <testcase name="Add_Tracking_Number" time="0.557" classname="Test_Data_Generation.Add_Tracking_Numbers_To_User"/>
  <testcase name="Add_Tracking_Number" time="0.531" classname="Test_Data_Generation.Add_Tracking_Numbers_To_User"/>
  <testcase name="Add_Tracking_Number" time="0.588" classname="Test_Data_Generation.Add_Tracking_Numbers_To_User"/>
  <testcase name="Add_Tracking_Number" time="0.572" classname="Test_Data_Generation.Add_Tracking_Numbers_To_User"/>
  <testcase name="Add_Tracking_Number" time="0.550" classname="Test_Data_Generation.Add_Tracking_Numbers_To_User"/>
  <testcase name="Add_Tracking_Number" time="0.656" classname="Test_Data_Generation.Add_Tracking_Numbers_To_User"/>
  <testcase name="Add_Tracking_Number" time="0.531" classname="Test_Data_Generation.Add_Tracking_Numbers_To_User"/>
  <testcase name="Add_Tracking_Number" time="0.628" classname="Test_Data_Generation.Add_Tracking_Numbers_To_User"/>
  <testcase name="Add_Tracking_Number" time="0.640" classname="Test_Data_Generation.Add_Tracking_Numbers_To_User"/>
  <testcase name="Add_Tracking_Number" time="0.536" classname="Test_Data_Generation.Add_Tracking_Numbers_To_User"/>
  <testcase name="Add_Tracking_Number" time="0.422" classname="Test_Data_Generation.Add_Tracking_Numbers_To_User"/>
  <testcase name="Add_Tracking_Number" time="0.487" classname="Test_Data_Generation.Add_Tracking_Numbers_To_User"/>
  <testcase name="Add_Tracking_Number" time="0.476" classname="Test_Data_Generation.Add_Tracking_Numbers_To_User"/>
  <testcase name="Add_Tracking_Number" time="0.468" classname="Test_Data_Generation.Add_Tracking_Numbers_To_User"/>
  <testcase name="Add_Tracking_Number" time="4.168" classname="Test_Data_Generation.Add_Tracking_Numbers_To_User"/>
  <testcase name="Add_Tracking_Number" time="0.587" classname="Test_Data_Generation.Add_Tracking_Numbers_To_User"/>
  <testcase name="Add_Tracking_Number" time="0.636" classname="Test_Data_Generation.Add_Tracking_Numbers_To_User"/>
  <testcase name="Add_Tracking_Number" time="0.728" classname="Test_Data_Generation.Add_Tracking_Numbers_To_User"/>
  <testcase name="Add_Tracking_Number" time="0.497" classname="Test_Data_Generation.Add_Tracking_Numbers_To_User"/>
  <testcase name="Add_Tracking_Number" time="0.686" classname="Test_Data_Generation.Add_Tracking_Numbers_To_User"/>
  <testcase name="Add_Tracking_Number" time="0.520" classname="Test_Data_Generation.Add_Tracking_Numbers_To_User"/>
  <testcase name="Add_Tracking_Number" time="0.424" classname="Test_Data_Generation.Add_Tracking_Numbers_To_User"/>
  <testcase name="Add_Tracking_Number" time="0.720" classname="Test_Data_Generation.Add_Tracking_Numbers_To_User"/>
  <testcase name="Add_Tracking_Number" time="0.578" classname="Test_Data_Generation.Add_Tracking_Numbers_To_User"/>
  <testcase name="Add_Tracking_Number" time="0.531" classname="Test_Data_Generation.Add_Tracking_Numbers_To_User"/>
  <testcase name="Add_Tracking_Number" time="0.584" classname="Test_Data_Generation.Add_Tracking_Numbers_To_User"/>
  <testcase name="Add_Tracking_Number" time="0.583" classname="Test_Data_Generation.Add_Tracking_Numbers_To_User"/>
  <testcase name="Add_Tracking_Number" time="0.569" classname="Test_Data_Generation.Add_Tracking_Numbers_To_User"/>
  <testcase name="Add_Tracking_Number" time="0.526" classname="Test_Data_Generation.Add_Tracking_Numbers_To_User"/>
  <testcase name="Add_Tracking_Number" time="0.586" classname="Test_Data_Generation.Add_Tracking_Numbers_To_User"/>
  <testcase name="Add_Tracking_Number" time="0.555" classname="Test_Data_Generation.Add_Tracking_Numbers_To_User"/>
  <testcase name="Add_Tracking_Number" time="0.693" classname="Test_Data_Generation.Add_Tracking_Numbers_To_User"/>
  <testcase name="Add_Tracking_Number" time="0.946" classname="Test_Data_Generation.Add_Tracking_Numbers_To_User"/>
  <testcase name="Add_Tracking_Number" time="0.511" classname="Test_Data_Generation.Add_Tracking_Numbers_To_User"/>
  <testcase name="Add_Tracking_Number" time="0.565" classname="Test_Data_Generation.Add_Tracking_Numbers_To_User"/>
  <testcase name="Add_Tracking_Number" time="0.519" classname="Test_Data_Generation.Add_Tracking_Numbers_To_User"/>
  <testcase name="Add_Tracking_Number" time="0.506" classname="Test_Data_Generation.Add_Tracking_Numbers_To_User"/>
  <testcase name="Add_Tracking_Number" time="0.478" classname="Test_Data_Generation.Add_Tracking_Numbers_To_User"/>
  <testcase name="Add_Tracking_Number" time="0.637" classname="Test_Data_Generation.Add_Tracking_Numbers_To_User"/>
  <testcase name="Add_Tracking_Number" time="0.566" classname="Test_Data_Generation.Add_Tracking_Numbers_To_User"/>
  <testcase name="Add_Tracking_Number" time="0.867" classname="Test_Data_Generation.Add_Tracking_Numbers_To_User"/>
  <testcase name="Add_Tracking_Number" time="0.556" classname="Test_Data_Generation.Add_Tracking_Numbers_To_User"/>
  <testcase name="Add_Tracking_Number" time="0.634" classname="Test_Data_Generation.Add_Tracking_Numbers_To_User"/>
  <testcase name="Add_Tracking_Number" time="0.538" classname="Test_Data_Generation.Add_Tracking_Numbers_To_User"/>
  <testcase name="Add_Tracking_Number" time="0.564" classname="Test_Data_Generation.Add_Tracking_Numbers_To_User"/>
  <testcase name="Add_Tracking_Number" time="0.898" classname="Test_Data_Generation.Add_Tracking_Numbers_To_User"/>
  <testcase name="Add_Tracking_Number" time="0.560" classname="Test_Data_Generation.Add_Tracking_Numbers_To_User"/>
  <testcase name="Add_Tracking_Number" time="0.508" classname="Test_Data_Generation.Add_Tracking_Numbers_To_User"/>
  <testcase name="Add_Tracking_Number" time="0.562" classname="Test_Data_Generation.Add_Tracking_Numbers_To_User"/>
  <testcase name="Add_Tracking_Number" time="0.607" classname="Test_Data_Generation.Add_Tracking_Numbers_To_User"/>
  <testcase name="Add_Tracking_Number" time="0.552" classname="Test_Data_Generation.Add_Tracking_Numbers_To_User"/>
  <testcase name="Add_Tracking_Number" time="0.498" classname="Test_Data_Generation.Add_Tracking_Numbers_To_User"/>
  <testcase name="Add_Tracking_Number" time="0.524" classname="Test_Data_Generation.Add_Tracking_Numbers_To_User"/>
  <testcase name="Add_Tracking_Number" time="0.581" classname="Test_Data_Generation.Add_Tracking_Numbers_To_User"/>
  <testcase name="Add_Tracking_Number" time="0.632" classname="Test_Data_Generation.Add_Tracking_Numbers_To_User"/>
  <testcase name="Add_Tracking_Number" time="0.513" classname="Test_Data_Generation.Add_Tracking_Numbers_To_User"/>
  <testcase name="Add_Tracking_Number" time="0.552" classname="Test_Data_Generation.Add_Tracking_Numbers_To_User"/>
  <testcase name="Add_Tracking_Number" time="0.827" classname="Test_Data_Generation.Add_Tracking_Numbers_To_User"/>
  <testcase name="Add_Tracking_Number" time="0.553" classname="Test_Data_Generation.Add_Tracking_Numbers_To_User"/>
  <testcase name="Add_Tracking_Number" time="0.539" classname="Test_Data_Generation.Add_Tracking_Numbers_To_User">
    <failure type="java.lang.AssertionError" message="
Expected: a string containing &quot;{\&quot;successful\&quot;:true&quot;
     but: was &quot;{&quot;ShipmentOptionResponse&quot;:{&quot;successful&quot;:false,&quot;errorList&quot;:[{&quot;code&quot;:&quot;2997&quot;,&quot;message&quot;:&quot;TRAQS connection/request problem&quot;,&quot;source&quot;:null,&quot;rootCause&quot;:null}],&quot;alerts&quot;:null,&quot;cxsalerts&quot;:null}}&quot;">
      <![CDATA[java.lang.AssertionError: 
Expected: a string containing "{\"successful\":true"
     but: was "{"ShipmentOptionResponse":{"successful":false,"errorList":[{"code":"2997","message":"TRAQS connection/request problem","source":null,"rootCause":null}],"alerts":null,"cxsalerts":null}}"
at org.hamcrest.MatcherAssert.assertThat(MatcherAssert.java:20)
at org.junit.Assert.assertThat(Assert.java:956)
at org.junit.Assert.assertThat(Assert.java:923)
at Test_Data_Generation.Add_Tracking_Numbers_To_User.Add_Tracking_Number(Add_Tracking_Numbers_To_User.java:69)
at sun.reflect.GeneratedMethodAccessor2.invoke(Unknown Source)
at sun.reflect.DelegatingMethodAccessorImpl.invoke(Unknown Source)
at java.lang.reflect.Method.invoke(Unknown Source)
at org.testng.internal.MethodInvocationHelper.invokeMethod(MethodInvocationHelper.java:124)
at org.testng.internal.Invoker.invokeMethod(Invoker.java:580)
at org.testng.internal.Invoker.invokeTestMethod(Invoker.java:716)
at org.testng.internal.TestMethodWithDataProviderMethodWorker.call(TestMethodWithDataProviderMethodWorker.java:71)
at org.testng.internal.TestMethodWithDataProviderMethodWorker.call(TestMethodWithDataProviderMethodWorker.java:14)
at java.util.concurrent.FutureTask.run(Unknown Source)
at java.util.concurrent.Executors$RunnableAdapter.call(Unknown Source)
at java.util.concurrent.FutureTask.run(Unknown Source)
at java.util.concurrent.ThreadPoolExecutor.runWorker(Unknown Source)
at java.util.concurrent.ThreadPoolExecutor$Worker.run(Unknown Source)
at java.lang.Thread.run(Unknown Source)
]]>
    </failure>
  </testcase> <!-- Add_Tracking_Number -->
  <testcase name="Add_Tracking_Number" time="0.647" classname="Test_Data_Generation.Add_Tracking_Numbers_To_User"/>
  <testcase name="Add_Tracking_Number" time="0.480" classname="Test_Data_Generation.Add_Tracking_Numbers_To_User"/>
  <testcase name="Add_Tracking_Number" time="0.527" classname="Test_Data_Generation.Add_Tracking_Numbers_To_User"/>
  <testcase name="Add_Tracking_Number" time="0.534" classname="Test_Data_Generation.Add_Tracking_Numbers_To_User"/>
  <testcase name="Add_Tracking_Number" time="0.621" classname="Test_Data_Generation.Add_Tracking_Numbers_To_User"/>
  <testcase name="Add_Tracking_Number" time="0.047" classname="Test_Data_Generation.Add_Tracking_Numbers_To_User"/>
  <testcase name="Add_Tracking_Number" time="0.651" classname="Test_Data_Generation.Add_Tracking_Numbers_To_User"/>
  <testcase name="Add_Tracking_Number" time="0.450" classname="Test_Data_Generation.Add_Tracking_Numbers_To_User"/>
  <testcase name="Add_Tracking_Number" time="0.647" classname="Test_Data_Generation.Add_Tracking_Numbers_To_User"/>
  <testcase name="Add_Tracking_Number" time="0.574" classname="Test_Data_Generation.Add_Tracking_Numbers_To_User"/>
  <testcase name="Add_Tracking_Number" time="0.551" classname="Test_Data_Generation.Add_Tracking_Numbers_To_User"/>
  <testcase name="Add_Tracking_Number" time="0.583" classname="Test_Data_Generation.Add_Tracking_Numbers_To_User"/>
  <testcase name="Add_Tracking_Number" time="0.791" classname="Test_Data_Generation.Add_Tracking_Numbers_To_User"/>
  <testcase name="Add_Tracking_Number" time="0.567" classname="Test_Data_Generation.Add_Tracking_Numbers_To_User"/>
  <testcase name="Add_Tracking_Number" time="0.512" classname="Test_Data_Generation.Add_Tracking_Numbers_To_User"/>
  <testcase name="Add_Tracking_Number" time="0.533" classname="Test_Data_Generation.Add_Tracking_Numbers_To_User"/>
  <testcase name="Add_Tracking_Number" time="0.563" classname="Test_Data_Generation.Add_Tracking_Numbers_To_User"/>
  <testcase name="Add_Tracking_Number" time="0.797" classname="Test_Data_Generation.Add_Tracking_Numbers_To_User"/>
  <testcase name="Add_Tracking_Number" time="0.626" classname="Test_Data_Generation.Add_Tracking_Numbers_To_User"/>
  <testcase name="Add_Tracking_Number" time="0.470" classname="Test_Data_Generation.Add_Tracking_Numbers_To_User"/>
  <testcase name="Add_Tracking_Number" time="0.721" classname="Test_Data_Generation.Add_Tracking_Numbers_To_User"/>
  <testcase name="Add_Tracking_Number" time="0.491" classname="Test_Data_Generation.Add_Tracking_Numbers_To_User"/>
  <testcase name="Add_Tracking_Number" time="0.555" classname="Test_Data_Generation.Add_Tracking_Numbers_To_User"/>
  <testcase name="Add_Tracking_Number" time="0.521" classname="Test_Data_Generation.Add_Tracking_Numbers_To_User"/>
  <testcase name="Add_Tracking_Number" time="0.600" classname="Test_Data_Generation.Add_Tracking_Numbers_To_User"/>
  <testcase name="Add_Tracking_Number" time="0.594" classname="Test_Data_Generation.Add_Tracking_Numbers_To_User"/>
  <testcase name="Add_Tracking_Number" time="0.541" classname="Test_Data_Generation.Add_Tracking_Numbers_To_User"/>
  <testcase name="Add_Tracking_Number" time="0.493" classname="Test_Data_Generation.Add_Tracking_Numbers_To_User"/>
  <testcase name="Add_Tracking_Number" time="0.536" classname="Test_Data_Generation.Add_Tracking_Numbers_To_User"/>
  <testcase name="Add_Tracking_Number" time="0.060" classname="Test_Data_Generation.Add_Tracking_Numbers_To_User"/>
  <testcase name="Add_Tracking_Number" time="0.508" classname="Test_Data_Generation.Add_Tracking_Numbers_To_User"/>
  <testcase name="Add_Tracking_Number" time="0.571" classname="Test_Data_Generation.Add_Tracking_Numbers_To_User"/>
  <testcase name="Add_Tracking_Number" time="0.469" classname="Test_Data_Generation.Add_Tracking_Numbers_To_User"/>
  <testcase name="Add_Tracking_Number" time="0.518" classname="Test_Data_Generation.Add_Tracking_Numbers_To_User"/>
  <testcase name="Add_Tracking_Number" time="0.495" classname="Test_Data_Generation.Add_Tracking_Numbers_To_User"/>
  <testcase name="Add_Tracking_Number" time="0.551" classname="Test_Data_Generation.Add_Tracking_Numbers_To_User"/>
  <testcase name="Add_Tracking_Number" time="0.527" classname="Test_Data_Generation.Add_Tracking_Numbers_To_User"/>
  <testcase name="Add_Tracking_Number" time="0.354" classname="Test_Data_Generation.Add_Tracking_Numbers_To_User"/>
  <testcase name="Add_Tracking_Number" time="0.539" classname="Test_Data_Generation.Add_Tracking_Numbers_To_User"/>
  <testcase name="Add_Tracking_Number" time="0.529" classname="Test_Data_Generation.Add_Tracking_Numbers_To_User"/>
  <testcase name="Add_Tracking_Number" time="0.607" classname="Test_Data_Generation.Add_Tracking_Numbers_To_User"/>
  <testcase name="Add_Tracking_Number" time="0.321" classname="Test_Data_Generation.Add_Tracking_Numbers_To_User"/>
  <testcase name="Add_Tracking_Number" time="0.530" classname="Test_Data_Generation.Add_Tracking_Numbers_To_User"/>
  <testcase name="Add_Tracking_Number" time="0.826" classname="Test_Data_Generation.Add_Tracking_Numbers_To_User"/>
  <testcase name="Add_Tracking_Number" time="0.567" classname="Test_Data_Generation.Add_Tracking_Numbers_To_User"/>
  <testcase name="Add_Tracking_Number" time="0.475" classname="Test_Data_Generation.Add_Tracking_Numbers_To_User"/>
  <testcase name="Add_Tracking_Number" time="0.532" classname="Test_Data_Generation.Add_Tracking_Numbers_To_User"/>
  <testcase name="Add_Tracking_Number" time="0.510" classname="Test_Data_Generation.Add_Tracking_Numbers_To_User"/>
  <testcase name="Add_Tracking_Number" time="0.538" classname="Test_Data_Generation.Add_Tracking_Numbers_To_User"/>
  <testcase name="Add_Tracking_Number" time="0.500" classname="Test_Data_Generation.Add_Tracking_Numbers_To_User"/>
  <testcase name="Add_Tracking_Number" time="0.773" classname="Test_Data_Generation.Add_Tracking_Numbers_To_User"/>
  <testcase name="Add_Tracking_Number" time="0.582" classname="Test_Data_Generation.Add_Tracking_Numbers_To_User"/>
  <testcase name="Add_Tracking_Number" time="0.576" classname="Test_Data_Generation.Add_Tracking_Numbers_To_User"/>
  <testcase name="Add_Tracking_Number" time="0.533" classname="Test_Data_Generation.Add_Tracking_Numbers_To_User"/>
  <testcase name="Add_Tracking_Number" time="0.468" classname="Test_Data_Generation.Add_Tracking_Numbers_To_User"/>
  <testcase name="Add_Tracking_Number" time="0.512" classname="Test_Data_Generation.Add_Tracking_Numbers_To_User"/>
  <testcase name="Add_Tracking_Number" time="0.451" classname="Test_Data_Generation.Add_Tracking_Numbers_To_User"/>
  <testcase name="Add_Tracking_Number" time="0.552" classname="Test_Data_Generation.Add_Tracking_Numbers_To_User"/>
  <testcase name="Add_Tracking_Number" time="0.701" classname="Test_Data_Generation.Add_Tracking_Numbers_To_User"/>
  <testcase name="Add_Tracking_Number" time="0.496" classname="Test_Data_Generation.Add_Tracking_Numbers_To_User"/>
  <testcase name="Add_Tracking_Number" time="0.504" classname="Test_Data_Generation.Add_Tracking_Numbers_To_User"/>
  <testcase name="Add_Tracking_Number" time="0.572" classname="Test_Data_Generation.Add_Tracking_Numbers_To_User"/>
  <testcase name="Add_Tracking_Number" time="0.525" classname="Test_Data_Generation.Add_Tracking_Numbers_To_User"/>
  <testcase name="Add_Tracking_Number" time="0.498" classname="Test_Data_Generation.Add_Tracking_Numbers_To_User"/>
  <testcase name="Add_Tracking_Number" time="0.503" classname="Test_Data_Generation.Add_Tracking_Numbers_To_User"/>
  <testcase name="Add_Tracking_Number" time="0.556" classname="Test_Data_Generation.Add_Tracking_Numbers_To_User"/>
  <testcase name="Add_Tracking_Number" time="0.605" classname="Test_Data_Generation.Add_Tracking_Numbers_To_User"/>
  <testcase name="Add_Tracking_Number" time="0.458" classname="Test_Data_Generation.Add_Tracking_Numbers_To_User"/>
  <testcase name="Add_Tracking_Number" time="0.441" classname="Test_Data_Generation.Add_Tracking_Numbers_To_User">
    <failure type="java.lang.AssertionError" message="
Expected: a string containing &quot;{\&quot;successful\&quot;:true&quot;
     but: was &quot;{&quot;ShipmentOptionResponse&quot;:{&quot;successful&quot;:false,&quot;errorList&quot;:[{&quot;code&quot;:&quot;2997&quot;,&quot;message&quot;:&quot;TRAQS connection/request problem&quot;,&quot;source&quot;:null,&quot;rootCause&quot;:null}],&quot;alerts&quot;:null,&quot;cxsalerts&quot;:null}}&quot;">
      <![CDATA[java.lang.AssertionError: 
Expected: a string containing "{\"successful\":true"
     but: was "{"ShipmentOptionResponse":{"successful":false,"errorList":[{"code":"2997","message":"TRAQS connection/request problem","source":null,"rootCause":null}],"alerts":null,"cxsalerts":null}}"
at org.hamcrest.MatcherAssert.assertThat(MatcherAssert.java:20)
at org.junit.Assert.assertThat(Assert.java:956)
at org.junit.Assert.assertThat(Assert.java:923)
at Test_Data_Generation.Add_Tracking_Numbers_To_User.Add_Tracking_Number(Add_Tracking_Numbers_To_User.java:69)
at sun.reflect.GeneratedMethodAccessor2.invoke(Unknown Source)
at sun.reflect.DelegatingMethodAccessorImpl.invoke(Unknown Source)
at java.lang.reflect.Method.invoke(Unknown Source)
at org.testng.internal.MethodInvocationHelper.invokeMethod(MethodInvocationHelper.java:124)
at org.testng.internal.Invoker.invokeMethod(Invoker.java:580)
at org.testng.internal.Invoker.invokeTestMethod(Invoker.java:716)
at org.testng.internal.TestMethodWithDataProviderMethodWorker.call(TestMethodWithDataProviderMethodWorker.java:71)
at org.testng.internal.TestMethodWithDataProviderMethodWorker.call(TestMethodWithDataProviderMethodWorker.java:14)
at java.util.concurrent.FutureTask.run(Unknown Source)
at java.util.concurrent.Executors$RunnableAdapter.call(Unknown Source)
at java.util.concurrent.FutureTask.run(Unknown Source)
at java.util.concurrent.ThreadPoolExecutor.runWorker(Unknown Source)
at java.util.concurrent.ThreadPoolExecutor$Worker.run(Unknown Source)
at java.lang.Thread.run(Unknown Source)
]]>
    </failure>
  </testcase> <!-- Add_Tracking_Number -->
  <testcase name="Add_Tracking_Number" time="0.531" classname="Test_Data_Generation.Add_Tracking_Numbers_To_User"/>
  <testcase name="Add_Tracking_Number" time="0.482" classname="Test_Data_Generation.Add_Tracking_Numbers_To_User"/>
  <testcase name="Add_Tracking_Number" time="0.475" classname="Test_Data_Generation.Add_Tracking_Numbers_To_User"/>
  <testcase name="Add_Tracking_Number" time="0.559" classname="Test_Data_Generation.Add_Tracking_Numbers_To_User"/>
  <testcase name="Add_Tracking_Number" time="1.298" classname="Test_Data_Generation.Add_Tracking_Numbers_To_User"/>
  <testcase name="Add_Tracking_Number" time="0.559" classname="Test_Data_Generation.Add_Tracking_Numbers_To_User"/>
  <testcase name="Add_Tracking_Number" time="0.186" classname="Test_Data_Generation.Add_Tracking_Numbers_To_User"/>
  <testcase name="Add_Tracking_Number" time="0.484" classname="Test_Data_Generation.Add_Tracking_Numbers_To_User"/>
  <testcase name="Add_Tracking_Number" time="0.614" classname="Test_Data_Generation.Add_Tracking_Numbers_To_User"/>
  <testcase name="Add_Tracking_Number" time="0.508" classname="Test_Data_Generation.Add_Tracking_Numbers_To_User"/>
  <testcase name="Add_Tracking_Number" time="0.523" classname="Test_Data_Generation.Add_Tracking_Numbers_To_User"/>
  <testcase name="Add_Tracking_Number" time="0.659" classname="Test_Data_Generation.Add_Tracking_Numbers_To_User"/>
  <testcase name="Add_Tracking_Number" time="0.544" classname="Test_Data_Generation.Add_Tracking_Numbers_To_User"/>
  <testcase name="Add_Tracking_Number" time="0.725" classname="Test_Data_Generation.Add_Tracking_Numbers_To_User"/>
  <testcase name="Add_Tracking_Number" time="0.514" classname="Test_Data_Generation.Add_Tracking_Numbers_To_User"/>
  <testcase name="Add_Tracking_Number" time="0.560" classname="Test_Data_Generation.Add_Tracking_Numbers_To_User"/>
  <testcase name="Add_Tracking_Number" time="0.536" classname="Test_Data_Generation.Add_Tracking_Numbers_To_User"/>
  <testcase name="Add_Tracking_Number" time="0.519" classname="Test_Data_Generation.Add_Tracking_Numbers_To_User"/>
  <testcase name="Add_Tracking_Number" time="0.490" classname="Test_Data_Generation.Add_Tracking_Numbers_To_User"/>
  <testcase name="Add_Tracking_Number" time="0.489" classname="Test_Data_Generation.Add_Tracking_Numbers_To_User"/>
  <testcase name="Add_Tracking_Number" time="0.612" classname="Test_Data_Generation.Add_Tracking_Numbers_To_User"/>
  <testcase name="Add_Tracking_Number" time="0.562" classname="Test_Data_Generation.Add_Tracking_Numbers_To_User"/>
  <testcase name="Add_Tracking_Number" time="0.548" classname="Test_Data_Generation.Add_Tracking_Numbers_To_User"/>
  <testcase name="Add_Tracking_Number" time="0.648" classname="Test_Data_Generation.Add_Tracking_Numbers_To_User"/>
  <testcase name="Add_Tracking_Number" time="0.060" classname="Test_Data_Generation.Add_Tracking_Numbers_To_User"/>
  <testcase name="Add_Tracking_Number" time="0.582" classname="Test_Data_Generation.Add_Tracking_Numbers_To_User"/>
  <testcase name="Add_Tracking_Number" time="0.592" classname="Test_Data_Generation.Add_Tracking_Numbers_To_User"/>
  <testcase name="Add_Tracking_Number" time="0.601" classname="Test_Data_Generation.Add_Tracking_Numbers_To_User"/>
  <testcase name="Add_Tracking_Number" time="0.470" classname="Test_Data_Generation.Add_Tracking_Numbers_To_User"/>
  <testcase name="Add_Tracking_Number" time="0.533" classname="Test_Data_Generation.Add_Tracking_Numbers_To_User"/>
  <testcase name="Add_Tracking_Number" time="0.537" classname="Test_Data_Generation.Add_Tracking_Numbers_To_User"/>
  <testcase name="Add_Tracking_Number" time="0.506" classname="Test_Data_Generation.Add_Tracking_Numbers_To_User"/>
  <testcase name="Add_Tracking_Number" time="0.475" classname="Test_Data_Generation.Add_Tracking_Numbers_To_User"/>
  <testcase name="Add_Tracking_Number" time="0.546" classname="Test_Data_Generation.Add_Tracking_Numbers_To_User"/>
  <testcase name="Add_Tracking_Number" time="0.586" classname="Test_Data_Generation.Add_Tracking_Numbers_To_User"/>
  <testcase name="Add_Tracking_Number" time="0.059" classname="Test_Data_Generation.Add_Tracking_Numbers_To_User"/>
  <testcase name="Add_Tracking_Number" time="0.621" classname="Test_Data_Generation.Add_Tracking_Numbers_To_User"/>
  <testcase name="Add_Tracking_Number" time="0.530" classname="Test_Data_Generation.Add_Tracking_Numbers_To_User"/>
  <testcase name="Add_Tracking_Number" time="0.477" classname="Test_Data_Generation.Add_Tracking_Numbers_To_User"/>
  <testcase name="Add_Tracking_Number" time="0.623" classname="Test_Data_Generation.Add_Tracking_Numbers_To_User"/>
  <testcase name="Add_Tracking_Number" time="0.544" classname="Test_Data_Generation.Add_Tracking_Numbers_To_User"/>
  <testcase name="Add_Tracking_Number" time="0.530" classname="Test_Data_Generation.Add_Tracking_Numbers_To_User"/>
  <testcase name="Add_Tracking_Number" time="0.707" classname="Test_Data_Generation.Add_Tracking_Numbers_To_User"/>
  <testcase name="Add_Tracking_Number" time="0.573" classname="Test_Data_Generation.Add_Tracking_Numbers_To_User"/>
  <testcase name="Add_Tracking_Number" time="0.655" classname="Test_Data_Generation.Add_Tracking_Numbers_To_User"/>
  <testcase name="Add_Tracking_Number" time="0.671" classname="Test_Data_Generation.Add_Tracking_Numbers_To_User"/>
  <testcase name="Add_Tracking_Number" time="0.547" classname="Test_Data_Generation.Add_Tracking_Numbers_To_User"/>
  <testcase name="Add_Tracking_Number" time="0.570" classname="Test_Data_Generation.Add_Tracking_Numbers_To_User"/>
  <testcase name="Add_Tracking_Number" time="0.505" classname="Test_Data_Generation.Add_Tracking_Numbers_To_User"/>
  <testcase name="Add_Tracking_Number" time="0.511" classname="Test_Data_Generation.Add_Tracking_Numbers_To_User"/>
  <testcase name="Add_Tracking_Number" time="0.537" classname="Test_Data_Generation.Add_Tracking_Numbers_To_User"/>
  <testcase name="Add_Tracking_Number" time="0.456" classname="Test_Data_Generation.Add_Tracking_Numbers_To_User"/>
  <testcase name="Add_Tracking_Number" time="0.514" classname="Test_Data_Generation.Add_Tracking_Numbers_To_User"/>
  <testcase name="Add_Tracking_Number" time="0.602" classname="Test_Data_Generation.Add_Tracking_Numbers_To_User"/>
  <testcase name="Add_Tracking_Number" time="0.681" classname="Test_Data_Generation.Add_Tracking_Numbers_To_User"/>
  <testcase name="Add_Tracking_Number" time="0.576" classname="Test_Data_Generation.Add_Tracking_Numbers_To_User"/>
  <testcase name="Add_Tracking_Number" time="0.494" classname="Test_Data_Generation.Add_Tracking_Numbers_To_User"/>
  <testcase name="Add_Tracking_Number" time="0.725" classname="Test_Data_Generation.Add_Tracking_Numbers_To_User"/>
  <testcase name="Add_Tracking_Number" time="0.564" classname="Test_Data_Generation.Add_Tracking_Numbers_To_User"/>
  <testcase name="Add_Tracking_Number" time="0.476" classname="Test_Data_Generation.Add_Tracking_Numbers_To_User"/>
  <testcase name="Add_Tracking_Number" time="0.509" classname="Test_Data_Generation.Add_Tracking_Numbers_To_User"/>
  <testcase name="Add_Tracking_Number" time="0.519" classname="Test_Data_Generation.Add_Tracking_Numbers_To_User">
    <failure type="java.lang.AssertionError" message="
Expected: a string containing &quot;{\&quot;successful\&quot;:true&quot;
     but: was &quot;{&quot;ShipmentOptionResponse&quot;:{&quot;successful&quot;:false,&quot;errorList&quot;:[{&quot;code&quot;:&quot;2997&quot;,&quot;message&quot;:&quot;TRAQS connection/request problem&quot;,&quot;source&quot;:null,&quot;rootCause&quot;:null}],&quot;alerts&quot;:null,&quot;cxsalerts&quot;:null}}&quot;">
      <![CDATA[java.lang.AssertionError: 
Expected: a string containing "{\"successful\":true"
     but: was "{"ShipmentOptionResponse":{"successful":false,"errorList":[{"code":"2997","message":"TRAQS connection/request problem","source":null,"rootCause":null}],"alerts":null,"cxsalerts":null}}"
at org.hamcrest.MatcherAssert.assertThat(MatcherAssert.java:20)
at org.junit.Assert.assertThat(Assert.java:956)
at org.junit.Assert.assertThat(Assert.java:923)
at Test_Data_Generation.Add_Tracking_Numbers_To_User.Add_Tracking_Number(Add_Tracking_Numbers_To_User.java:69)
at sun.reflect.GeneratedMethodAccessor2.invoke(Unknown Source)
at sun.reflect.DelegatingMethodAccessorImpl.invoke(Unknown Source)
at java.lang.reflect.Method.invoke(Unknown Source)
at org.testng.internal.MethodInvocationHelper.invokeMethod(MethodInvocationHelper.java:124)
at org.testng.internal.Invoker.invokeMethod(Invoker.java:580)
at org.testng.internal.Invoker.invokeTestMethod(Invoker.java:716)
at org.testng.internal.TestMethodWithDataProviderMethodWorker.call(TestMethodWithDataProviderMethodWorker.java:71)
at org.testng.internal.TestMethodWithDataProviderMethodWorker.call(TestMethodWithDataProviderMethodWorker.java:14)
at java.util.concurrent.FutureTask.run(Unknown Source)
at java.util.concurrent.Executors$RunnableAdapter.call(Unknown Source)
at java.util.concurrent.FutureTask.run(Unknown Source)
at java.util.concurrent.ThreadPoolExecutor.runWorker(Unknown Source)
at java.util.concurrent.ThreadPoolExecutor$Worker.run(Unknown Source)
at java.lang.Thread.run(Unknown Source)
]]>
    </failure>
  </testcase> <!-- Add_Tracking_Number -->
  <testcase name="Add_Tracking_Number" time="0.422" classname="Test_Data_Generation.Add_Tracking_Numbers_To_User"/>
  <testcase name="Add_Tracking_Number" time="0.535" classname="Test_Data_Generation.Add_Tracking_Numbers_To_User"/>
  <testcase name="Add_Tracking_Number" time="0.057" classname="Test_Data_Generation.Add_Tracking_Numbers_To_User"/>
  <testcase name="Add_Tracking_Number" time="0.549" classname="Test_Data_Generation.Add_Tracking_Numbers_To_User"/>
  <testcase name="Add_Tracking_Number" time="0.567" classname="Test_Data_Generation.Add_Tracking_Numbers_To_User"/>
  <testcase name="Add_Tracking_Number" time="0.694" classname="Test_Data_Generation.Add_Tracking_Numbers_To_User"/>
  <testcase name="Add_Tracking_Number" time="0.769" classname="Test_Data_Generation.Add_Tracking_Numbers_To_User"/>
  <testcase name="Add_Tracking_Number" time="0.503" classname="Test_Data_Generation.Add_Tracking_Numbers_To_User"/>
  <testcase name="Add_Tracking_Number" time="0.556" classname="Test_Data_Generation.Add_Tracking_Numbers_To_User"/>
  <testcase name="Add_Tracking_Number" time="0.509" classname="Test_Data_Generation.Add_Tracking_Numbers_To_User"/>
  <testcase name="Add_Tracking_Number" time="0.458" classname="Test_Data_Generation.Add_Tracking_Numbers_To_User"/>
  <testcase name="Add_Tracking_Number" time="0.664" classname="Test_Data_Generation.Add_Tracking_Numbers_To_User"/>
  <testcase name="Add_Tracking_Number" time="0.486" classname="Test_Data_Generation.Add_Tracking_Numbers_To_User"/>
  <testcase name="Add_Tracking_Number" time="0.557" classname="Test_Data_Generation.Add_Tracking_Numbers_To_User"/>
  <testcase name="Add_Tracking_Number" time="0.475" classname="Test_Data_Generation.Add_Tracking_Numbers_To_User"/>
  <testcase name="Add_Tracking_Number" time="0.513" classname="Test_Data_Generation.Add_Tracking_Numbers_To_User"/>
  <testcase name="Add_Tracking_Number" time="0.520" classname="Test_Data_Generation.Add_Tracking_Numbers_To_User"/>
  <testcase name="Add_Tracking_Number" time="0.545" classname="Test_Data_Generation.Add_Tracking_Numbers_To_User"/>
  <testcase name="Add_Tracking_Number" time="0.506" classname="Test_Data_Generation.Add_Tracking_Numbers_To_User"/>
  <testcase name="Add_Tracking_Number" time="0.486" classname="Test_Data_Generation.Add_Tracking_Numbers_To_User"/>
  <testcase name="Add_Tracking_Number" time="0.293" classname="Test_Data_Generation.Add_Tracking_Numbers_To_User"/>
  <testcase name="Add_Tracking_Number" time="0.599" classname="Test_Data_Generation.Add_Tracking_Numbers_To_User"/>
  <testcase name="Add_Tracking_Number" time="0.591" classname="Test_Data_Generation.Add_Tracking_Numbers_To_User"/>
  <testcase name="Add_Tracking_Number" time="0.483" classname="Test_Data_Generation.Add_Tracking_Numbers_To_User"/>
  <testcase name="Add_Tracking_Number" time="0.516" classname="Test_Data_Generation.Add_Tracking_Numbers_To_User"/>
  <testcase name="Add_Tracking_Number" time="0.478" classname="Test_Data_Generation.Add_Tracking_Numbers_To_User"/>
  <testcase name="Add_Tracking_Number" time="0.567" classname="Test_Data_Generation.Add_Tracking_Numbers_To_User"/>
  <testcase name="Add_Tracking_Number" time="0.530" classname="Test_Data_Generation.Add_Tracking_Numbers_To_User"/>
  <testcase name="Add_Tracking_Number" time="0.549" classname="Test_Data_Generation.Add_Tracking_Numbers_To_User"/>
  <testcase name="Add_Tracking_Number" time="0.384" classname="Test_Data_Generation.Add_Tracking_Numbers_To_User"/>
  <testcase name="Add_Tracking_Number" time="0.572" classname="Test_Data_Generation.Add_Tracking_Numbers_To_User"/>
  <testcase name="Add_Tracking_Number" time="0.514" classname="Test_Data_Generation.Add_Tracking_Numbers_To_User"/>
  <testcase name="Add_Tracking_Number" time="0.519" classname="Test_Data_Generation.Add_Tracking_Numbers_To_User"/>
  <testcase name="Add_Tracking_Number" time="0.473" classname="Test_Data_Generation.Add_Tracking_Numbers_To_User"/>
  <testcase name="Add_Tracking_Number" time="0.590" classname="Test_Data_Generation.Add_Tracking_Numbers_To_User"/>
  <testcase name="Add_Tracking_Number" time="0.468" classname="Test_Data_Generation.Add_Tracking_Numbers_To_User"/>
  <testcase name="Add_Tracking_Number" time="0.463" classname="Test_Data_Generation.Add_Tracking_Numbers_To_User"/>
  <testcase name="Add_Tracking_Number" time="0.114" classname="Test_Data_Generation.Add_Tracking_Numbers_To_User"/>
  <testcase name="Add_Tracking_Number" time="0.521" classname="Test_Data_Generation.Add_Tracking_Numbers_To_User"/>
  <testcase name="Add_Tracking_Number" time="0.530" classname="Test_Data_Generation.Add_Tracking_Numbers_To_User"/>
  <testcase name="Add_Tracking_Number" time="0.584" classname="Test_Data_Generation.Add_Tracking_Numbers_To_User"/>
  <testcase name="Add_Tracking_Number" time="0.572" classname="Test_Data_Generation.Add_Tracking_Numbers_To_User"/>
  <testcase name="Add_Tracking_Number" time="0.609" classname="Test_Data_Generation.Add_Tracking_Numbers_To_User"/>
  <testcase name="Add_Tracking_Number" time="0.557" classname="Test_Data_Generation.Add_Tracking_Numbers_To_User"/>
  <testcase name="Add_Tracking_Number" time="0.486" classname="Test_Data_Generation.Add_Tracking_Numbers_To_User"/>
  <testcase name="Add_Tracking_Number" time="0.737" classname="Test_Data_Generation.Add_Tracking_Numbers_To_User"/>
  <testcase name="Add_Tracking_Number" time="0.487" classname="Test_Data_Generation.Add_Tracking_Numbers_To_User"/>
  <testcase name="Add_Tracking_Number" time="0.492" classname="Test_Data_Generation.Add_Tracking_Numbers_To_User"/>
  <testcase name="Add_Tracking_Number" time="0.061" classname="Test_Data_Generation.Add_Tracking_Numbers_To_User"/>
  <testcase name="Add_Tracking_Number" time="0.535" classname="Test_Data_Generation.Add_Tracking_Numbers_To_User"/>
  <testcase name="Add_Tracking_Number" time="0.521" classname="Test_Data_Generation.Add_Tracking_Numbers_To_User"/>
  <testcase name="Add_Tracking_Number" time="0.862" classname="Test_Data_Generation.Add_Tracking_Numbers_To_User"/>
  <testcase name="Add_Tracking_Number" time="0.652" classname="Test_Data_Generation.Add_Tracking_Numbers_To_User"/>
  <testcase name="Add_Tracking_Number" time="0.591" classname="Test_Data_Generation.Add_Tracking_Numbers_To_User"/>
  <testcase name="Add_Tracking_Number" time="0.616" classname="Test_Data_Generation.Add_Tracking_Numbers_To_User"/>
  <testcase name="Add_Tracking_Number" time="0.550" classname="Test_Data_Generation.Add_Tracking_Numbers_To_User"/>
  <testcase name="Add_Tracking_Number" time="0.534" classname="Test_Data_Generation.Add_Tracking_Numbers_To_User"/>
  <testcase name="Add_Tracking_Number" time="0.637" classname="Test_Data_Generation.Add_Tracking_Numbers_To_User"/>
  <testcase name="Add_Tracking_Number" time="0.528" classname="Test_Data_Generation.Add_Tracking_Numbers_To_User"/>
  <testcase name="Add_Tracking_Number" time="0.486" classname="Test_Data_Generation.Add_Tracking_Numbers_To_User"/>
  <testcase name="Add_Tracking_Number" time="0.618" classname="Test_Data_Generation.Add_Tracking_Numbers_To_User"/>
  <testcase name="Add_Tracking_Number" time="0.537" classname="Test_Data_Generation.Add_Tracking_Numbers_To_User"/>
  <testcase name="Add_Tracking_Number" time="0.546" classname="Test_Data_Generation.Add_Tracking_Numbers_To_User"/>
  <testcase name="Add_Tracking_Number" time="0.564" classname="Test_Data_Generation.Add_Tracking_Numbers_To_User"/>
  <testcase name="Add_Tracking_Number" time="0.452" classname="Test_Data_Generation.Add_Tracking_Numbers_To_User"/>
  <testcase name="Add_Tracking_Number" time="0.519" classname="Test_Data_Generation.Add_Tracking_Numbers_To_User"/>
  <testcase name="Add_Tracking_Number" time="0.542" classname="Test_Data_Generation.Add_Tracking_Numbers_To_User"/>
  <testcase name="Add_Tracking_Number" time="0.490" classname="Test_Data_Generation.Add_Tracking_Numbers_To_User"/>
  <testcase name="Add_Tracking_Number" time="0.466" classname="Test_Data_Generation.Add_Tracking_Numbers_To_User"/>
  <testcase name="Add_Tracking_Number" time="0.517" classname="Test_Data_Generation.Add_Tracking_Numbers_To_User"/>
  <testcase name="Add_Tracking_Number" time="0.563" classname="Test_Data_Generation.Add_Tracking_Numbers_To_User"/>
  <testcase name="Add_Tracking_Number" time="0.530" classname="Test_Data_Generation.Add_Tracking_Numbers_To_User"/>
  <testcase name="Add_Tracking_Number" time="0.514" classname="Test_Data_Generation.Add_Tracking_Numbers_To_User"/>
  <testcase name="Add_Tracking_Number" time="1.354" classname="Test_Data_Generation.Add_Tracking_Numbers_To_User"/>
  <testcase name="Add_Tracking_Number" time="0.501" classname="Test_Data_Generation.Add_Tracking_Numbers_To_User"/>
  <testcase name="Add_Tracking_Number" time="0.758" classname="Test_Data_Generation.Add_Tracking_Numbers_To_User"/>
  <testcase name="Add_Tracking_Number" time="0.471" classname="Test_Data_Generation.Add_Tracking_Numbers_To_User"/>
  <testcase name="Add_Tracking_Number" time="0.542" classname="Test_Data_Generation.Add_Tracking_Numbers_To_User"/>
  <testcase name="Add_Tracking_Number" time="0.596" classname="Test_Data_Generation.Add_Tracking_Numbers_To_User"/>
  <testcase name="Add_Tracking_Number" time="0.560" classname="Test_Data_Generation.Add_Tracking_Numbers_To_User"/>
  <testcase name="Add_Tracking_Number" time="0.449" classname="Test_Data_Generation.Add_Tracking_Numbers_To_User"/>
  <testcase name="Add_Tracking_Number" time="0.579" classname="Test_Data_Generation.Add_Tracking_Numbers_To_User"/>
  <testcase name="Add_Tracking_Number" time="0.508" classname="Test_Data_Generation.Add_Tracking_Numbers_To_User"/>
  <testcase name="Add_Tracking_Number" time="0.476" classname="Test_Data_Generation.Add_Tracking_Numbers_To_User"/>
  <testcase name="Add_Tracking_Number" time="0.553" classname="Test_Data_Generation.Add_Tracking_Numbers_To_User"/>
  <testcase name="Add_Tracking_Number" time="0.559" classname="Test_Data_Generation.Add_Tracking_Numbers_To_User"/>
  <testcase name="Add_Tracking_Number" time="0.440" classname="Test_Data_Generation.Add_Tracking_Numbers_To_User"/>
  <testcase name="Add_Tracking_Number" time="0.517" classname="Test_Data_Generation.Add_Tracking_Numbers_To_User"/>
  <testcase name="Add_Tracking_Number" time="0.611" classname="Test_Data_Generation.Add_Tracking_Numbers_To_User"/>
  <testcase name="Add_Tracking_Number" time="0.579" classname="Test_Data_Generation.Add_Tracking_Numbers_To_User"/>
  <testcase name="Add_Tracking_Number" time="0.507" classname="Test_Data_Generation.Add_Tracking_Numbers_To_User"/>
  <testcase name="Add_Tracking_Number" time="0.473" classname="Test_Data_Generation.Add_Tracking_Numbers_To_User"/>
  <testcase name="Add_Tracking_Number" time="0.434" classname="Test_Data_Generation.Add_Tracking_Numbers_To_User"/>
  <testcase name="Add_Tracking_Number" time="0.573" classname="Test_Data_Generation.Add_Tracking_Numbers_To_User"/>
  <testcase name="Add_Tracking_Number" time="0.055" classname="Test_Data_Generation.Add_Tracking_Numbers_To_User"/>
  <testcase name="Add_Tracking_Number" time="0.597" classname="Test_Data_Generation.Add_Tracking_Numbers_To_User"/>
  <testcase name="Add_Tracking_Number" time="0.489" classname="Test_Data_Generation.Add_Tracking_Numbers_To_User"/>
  <testcase name="Add_Tracking_Number" time="0.483" classname="Test_Data_Generation.Add_Tracking_Numbers_To_User"/>
  <testcase name="Add_Tracking_Number" time="0.534" classname="Test_Data_Generation.Add_Tracking_Numbers_To_User"/>
  <testcase name="Add_Tracking_Number" time="0.061" classname="Test_Data_Generation.Add_Tracking_Numbers_To_User"/>
  <testcase name="Add_Tracking_Number" time="0.605" classname="Test_Data_Generation.Add_Tracking_Numbers_To_User"/>
  <testcase name="Add_Tracking_Number" time="0.461" classname="Test_Data_Generation.Add_Tracking_Numbers_To_User"/>
  <testcase name="Add_Tracking_Number" time="0.652" classname="Test_Data_Generation.Add_Tracking_Numbers_To_User"/>
  <testcase name="Add_Tracking_Number" time="0.545" classname="Test_Data_Generation.Add_Tracking_Numbers_To_User"/>
  <testcase name="Add_Tracking_Number" time="0.474" classname="Test_Data_Generation.Add_Tracking_Numbers_To_User"/>
  <testcase name="Add_Tracking_Number" time="0.487" classname="Test_Data_Generation.Add_Tracking_Numbers_To_User"/>
  <testcase name="Add_Tracking_Number" time="0.565" classname="Test_Data_Generation.Add_Tracking_Numbers_To_User"/>
  <testcase name="Add_Tracking_Number" time="0.540" classname="Test_Data_Generation.Add_Tracking_Numbers_To_User"/>
  <testcase name="Add_Tracking_Number" time="0.530" classname="Test_Data_Generation.Add_Tracking_Numbers_To_User"/>
  <testcase name="Add_Tracking_Number" time="0.620" classname="Test_Data_Generation.Add_Tracking_Numbers_To_User"/>
  <testcase name="Add_Tracking_Number" time="0.513" classname="Test_Data_Generation.Add_Tracking_Numbers_To_User"/>
  <testcase name="Add_Tracking_Number" time="0.568" classname="Test_Data_Generation.Add_Tracking_Numbers_To_User"/>
  <testcase name="Add_Tracking_Number" time="0.568" classname="Test_Data_Generation.Add_Tracking_Numbers_To_User"/>
  <testcase name="Add_Tracking_Number" time="0.510" classname="Test_Data_Generation.Add_Tracking_Numbers_To_User"/>
  <testcase name="Add_Tracking_Number" time="0.491" classname="Test_Data_Generation.Add_Tracking_Numbers_To_User"/>
  <testcase name="Add_Tracking_Number" time="0.522" classname="Test_Data_Generation.Add_Tracking_Numbers_To_User"/>
  <testcase name="Add_Tracking_Number" time="0.533" classname="Test_Data_Generation.Add_Tracking_Numbers_To_User"/>
  <testcase name="Add_Tracking_Number" time="0.542" classname="Test_Data_Generation.Add_Tracking_Numbers_To_User"/>
  <testcase name="Add_Tracking_Number" time="0.570" classname="Test_Data_Generation.Add_Tracking_Numbers_To_User"/>
  <testcase name="Add_Tracking_Number" time="0.657" classname="Test_Data_Generation.Add_Tracking_Numbers_To_User"/>
  <testcase name="Add_Tracking_Number" time="0.597" classname="Test_Data_Generation.Add_Tracking_Numbers_To_User"/>
  <testcase name="Add_Tracking_Number" time="0.557" classname="Test_Data_Generation.Add_Tracking_Numbers_To_User"/>
  <testcase name="Add_Tracking_Number" time="0.610" classname="Test_Data_Generation.Add_Tracking_Numbers_To_User"/>
  <testcase name="Add_Tracking_Number" time="0.820" classname="Test_Data_Generation.Add_Tracking_Numbers_To_User"/>
  <testcase name="Add_Tracking_Number" time="0.618" classname="Test_Data_Generation.Add_Tracking_Numbers_To_User"/>
  <testcase name="Add_Tracking_Number" time="0.642" classname="Test_Data_Generation.Add_Tracking_Numbers_To_User"/>
  <testcase name="Add_Tracking_Number" time="0.501" classname="Test_Data_Generation.Add_Tracking_Numbers_To_User"/>
  <testcase name="Add_Tracking_Number" time="0.517" classname="Test_Data_Generation.Add_Tracking_Numbers_To_User"/>
  <testcase name="Add_Tracking_Number" time="0.561" classname="Test_Data_Generation.Add_Tracking_Numbers_To_User"/>
  <testcase name="Add_Tracking_Number" time="1.202" classname="Test_Data_Generation.Add_Tracking_Numbers_To_User"/>
  <testcase name="Add_Tracking_Number" time="0.708" classname="Test_Data_Generation.Add_Tracking_Numbers_To_User"/>
  <testcase name="Add_Tracking_Number" time="0.512" classname="Test_Data_Generation.Add_Tracking_Numbers_To_User"/>
  <testcase name="Add_Tracking_Number" time="0.678" classname="Test_Data_Generation.Add_Tracking_Numbers_To_User"/>
  <testcase name="Add_Tracking_Number" time="0.645" classname="Test_Data_Generation.Add_Tracking_Numbers_To_User"/>
  <testcase name="Add_Tracking_Number" time="0.440" classname="Test_Data_Generation.Add_Tracking_Numbers_To_User"/>
  <testcase name="Add_Tracking_Number" time="0.518" classname="Test_Data_Generation.Add_Tracking_Numbers_To_User"/>
  <testcase name="Add_Tracking_Number" time="0.592" classname="Test_Data_Generation.Add_Tracking_Numbers_To_User"/>
  <testcase name="Add_Tracking_Number" time="0.458" classname="Test_Data_Generation.Add_Tracking_Numbers_To_User"/>
  <testcase name="Add_Tracking_Number" time="0.578" classname="Test_Data_Generation.Add_Tracking_Numbers_To_User"/>
  <testcase name="Add_Tracking_Number" time="0.572" classname="Test_Data_Generation.Add_Tracking_Numbers_To_User"/>
  <testcase name="Add_Tracking_Number" time="0.505" classname="Test_Data_Generation.Add_Tracking_Numbers_To_User"/>
  <testcase name="Add_Tracking_Number" time="0.645" classname="Test_Data_Generation.Add_Tracking_Numbers_To_User"/>
  <testcase name="Add_Tracking_Number" time="0.547" classname="Test_Data_Generation.Add_Tracking_Numbers_To_User"/>
  <testcase name="Add_Tracking_Number" time="0.163" classname="Test_Data_Generation.Add_Tracking_Numbers_To_User"/>
  <testcase name="Add_Tracking_Number" time="0.602" classname="Test_Data_Generation.Add_Tracking_Numbers_To_User"/>
  <testcase name="Add_Tracking_Number" time="0.494" classname="Test_Data_Generation.Add_Tracking_Numbers_To_User"/>
  <testcase name="Add_Tracking_Number" time="0.724" classname="Test_Data_Generation.Add_Tracking_Numbers_To_User"/>
  <testcase name="Add_Tracking_Number" time="0.528" classname="Test_Data_Generation.Add_Tracking_Numbers_To_User"/>
  <testcase name="Add_Tracking_Number" time="0.529" classname="Test_Data_Generation.Add_Tracking_Numbers_To_User"/>
  <testcase name="Add_Tracking_Number" time="0.626" classname="Test_Data_Generation.Add_Tracking_Numbers_To_User"/>
  <testcase name="Add_Tracking_Number" time="0.624" classname="Test_Data_Generation.Add_Tracking_Numbers_To_User"/>
  <testcase name="Add_Tracking_Number" time="0.519" classname="Test_Data_Generation.Add_Tracking_Numbers_To_User"/>
  <testcase name="Add_Tracking_Number" time="0.438" classname="Test_Data_Generation.Add_Tracking_Numbers_To_User"/>
  <testcase name="Add_Tracking_Number" time="0.579" classname="Test_Data_Generation.Add_Tracking_Numbers_To_User"/>
  <testcase name="Add_Tracking_Number" time="0.771" classname="Test_Data_Generation.Add_Tracking_Numbers_To_User"/>
  <testcase name="Add_Tracking_Number" time="0.511" classname="Test_Data_Generation.Add_Tracking_Numbers_To_User"/>
  <testcase name="Add_Tracking_Number" time="0.612" classname="Test_Data_Generation.Add_Tracking_Numbers_To_User"/>
  <testcase name="Add_Tracking_Number" time="0.513" classname="Test_Data_Generation.Add_Tracking_Numbers_To_User"/>
  <testcase name="Add_Tracking_Number" time="0.572" classname="Test_Data_Generation.Add_Tracking_Numbers_To_User"/>
  <testcase name="Add_Tracking_Number" time="0.523" classname="Test_Data_Generation.Add_Tracking_Numbers_To_User"/>
  <testcase name="Add_Tracking_Number" time="0.484" classname="Test_Data_Generation.Add_Tracking_Numbers_To_User"/>
  <testcase name="Add_Tracking_Number" time="0.689" classname="Test_Data_Generation.Add_Tracking_Numbers_To_User"/>
  <testcase name="Add_Tracking_Number" time="0.669" classname="Test_Data_Generation.Add_Tracking_Numbers_To_User"/>
  <testcase name="Add_Tracking_Number" time="0.583" classname="Test_Data_Generation.Add_Tracking_Numbers_To_User"/>
  <testcase name="Add_Tracking_Number" time="0.496" classname="Test_Data_Generation.Add_Tracking_Numbers_To_User"/>
  <testcase name="Add_Tracking_Number" time="0.510" classname="Test_Data_Generation.Add_Tracking_Numbers_To_User"/>
  <testcase name="Add_Tracking_Number" time="0.438" classname="Test_Data_Generation.Add_Tracking_Numbers_To_User"/>
  <testcase name="Add_Tracking_Number" time="0.543" classname="Test_Data_Generation.Add_Tracking_Numbers_To_User"/>
  <testcase name="Add_Tracking_Number" time="0.532" classname="Test_Data_Generation.Add_Tracking_Numbers_To_User"/>
  <testcase name="Add_Tracking_Number" time="0.463" classname="Test_Data_Generation.Add_Tracking_Numbers_To_User"/>
  <testcase name="Add_Tracking_Number" time="0.491" classname="Test_Data_Generation.Add_Tracking_Numbers_To_User"/>
  <testcase name="Add_Tracking_Number" time="0.493" classname="Test_Data_Generation.Add_Tracking_Numbers_To_User"/>
  <testcase name="Add_Tracking_Number" time="0.515" classname="Test_Data_Generation.Add_Tracking_Numbers_To_User"/>
  <testcase name="Add_Tracking_Number" time="0.515" classname="Test_Data_Generation.Add_Tracking_Numbers_To_User"/>
  <testcase name="Add_Tracking_Number" time="0.443" classname="Test_Data_Generation.Add_Tracking_Numbers_To_User"/>
  <testcase name="Add_Tracking_Number" time="0.579" classname="Test_Data_Generation.Add_Tracking_Numbers_To_User"/>
  <testcase name="Add_Tracking_Number" time="0.590" classname="Test_Data_Generation.Add_Tracking_Numbers_To_User"/>
  <testcase name="Add_Tracking_Number" time="0.725" classname="Test_Data_Generation.Add_Tracking_Numbers_To_User"/>
  <testcase name="Add_Tracking_Number" time="0.506" classname="Test_Data_Generation.Add_Tracking_Numbers_To_User"/>
  <testcase name="Add_Tracking_Number" time="0.515" classname="Test_Data_Generation.Add_Tracking_Numbers_To_User"/>
  <testcase name="Add_Tracking_Number" time="0.481" classname="Test_Data_Generation.Add_Tracking_Numbers_To_User"/>
  <testcase name="Add_Tracking_Number" time="0.552" classname="Test_Data_Generation.Add_Tracking_Numbers_To_User"/>
  <testcase name="Add_Tracking_Number" time="0.469" classname="Test_Data_Generation.Add_Tracking_Numbers_To_User"/>
  <testcase name="Add_Tracking_Number" time="0.653" classname="Test_Data_Generation.Add_Tracking_Numbers_To_User"/>
  <testcase name="Add_Tracking_Number" time="0.521" classname="Test_Data_Generation.Add_Tracking_Numbers_To_User"/>
  <testcase name="Add_Tracking_Number" time="0.522" classname="Test_Data_Generation.Add_Tracking_Numbers_To_User"/>
  <testcase name="Add_Tracking_Number" time="0.486" classname="Test_Data_Generation.Add_Tracking_Numbers_To_User"/>
  <testcase name="Add_Tracking_Number" time="0.741" classname="Test_Data_Generation.Add_Tracking_Numbers_To_User"/>
  <testcase name="Add_Tracking_Number" time="0.599" classname="Test_Data_Generation.Add_Tracking_Numbers_To_User"/>
  <testcase name="Add_Tracking_Number" time="0.475" classname="Test_Data_Generation.Add_Tracking_Numbers_To_User"/>
  <testcase name="Add_Tracking_Number" time="0.567" classname="Test_Data_Generation.Add_Tracking_Numbers_To_User"/>
  <testcase name="Add_Tracking_Number" time="0.600" classname="Test_Data_Generation.Add_Tracking_Numbers_To_User"/>
  <testcase name="Add_Tracking_Number" time="0.571" classname="Test_Data_Generation.Add_Tracking_Numbers_To_User"/>
  <testcase name="Add_Tracking_Number" time="0.474" classname="Test_Data_Generation.Add_Tracking_Numbers_To_User"/>
  <testcase name="Add_Tracking_Number" time="0.535" classname="Test_Data_Generation.Add_Tracking_Numbers_To_User"/>
  <testcase name="Add_Tracking_Number" time="0.575" classname="Test_Data_Generation.Add_Tracking_Numbers_To_User"/>
  <testcase name="Add_Tracking_Number" time="0.668" classname="Test_Data_Generation.Add_Tracking_Numbers_To_User"/>
  <testcase name="Add_Tracking_Number" time="0.502" classname="Test_Data_Generation.Add_Tracking_Numbers_To_User"/>
  <testcase name="Add_Tracking_Number" time="0.530" classname="Test_Data_Generation.Add_Tracking_Numbers_To_User"/>
  <testcase name="Add_Tracking_Number" time="0.638" classname="Test_Data_Generation.Add_Tracking_Numbers_To_User"/>
  <testcase name="Add_Tracking_Number" time="0.613" classname="Test_Data_Generation.Add_Tracking_Numbers_To_User"/>
  <testcase name="Add_Tracking_Number" time="0.528" classname="Test_Data_Generation.Add_Tracking_Numbers_To_User"/>
  <testcase name="Add_Tracking_Number" time="0.495" classname="Test_Data_Generation.Add_Tracking_Numbers_To_User"/>
  <testcase name="Add_Tracking_Number" time="0.518" classname="Test_Data_Generation.Add_Tracking_Numbers_To_User"/>
  <testcase name="Add_Tracking_Number" time="0.422" classname="Test_Data_Generation.Add_Tracking_Numbers_To_User"/>
  <testcase name="Add_Tracking_Number" time="0.545" classname="Test_Data_Generation.Add_Tracking_Numbers_To_User"/>
  <testcase name="Add_Tracking_Number" time="0.467" classname="Test_Data_Generation.Add_Tracking_Numbers_To_User"/>
  <testcase name="Add_Tracking_Number" time="0.498" classname="Test_Data_Generation.Add_Tracking_Numbers_To_User"/>
  <testcase name="Add_Tracking_Number" time="0.638" classname="Test_Data_Generation.Add_Tracking_Numbers_To_User"/>
  <testcase name="Add_Tracking_Number" time="0.638" classname="Test_Data_Generation.Add_Tracking_Numbers_To_User"/>
  <testcase name="Add_Tracking_Number" time="0.543" classname="Test_Data_Generation.Add_Tracking_Numbers_To_User"/>
  <testcase name="Add_Tracking_Number" time="0.516" classname="Test_Data_Generation.Add_Tracking_Numbers_To_User"/>
  <testcase name="Add_Tracking_Number" time="0.627" classname="Test_Data_Generation.Add_Tracking_Numbers_To_User"/>
  <testcase name="Add_Tracking_Number" time="0.564" classname="Test_Data_Generation.Add_Tracking_Numbers_To_User"/>
  <testcase name="Add_Tracking_Number" time="0.491" classname="Test_Data_Generation.Add_Tracking_Numbers_To_User"/>
  <testcase name="Add_Tracking_Number" time="0.588" classname="Test_Data_Generation.Add_Tracking_Numbers_To_User"/>
  <testcase name="Add_Tracking_Number" time="0.577" classname="Test_Data_Generation.Add_Tracking_Numbers_To_User"/>
  <testcase name="Add_Tracking_Number" time="0.515" classname="Test_Data_Generation.Add_Tracking_Numbers_To_User"/>
  <testcase name="Add_Tracking_Number" time="0.451" classname="Test_Data_Generation.Add_Tracking_Numbers_To_User"/>
  <testcase name="Add_Tracking_Number" time="0.464" classname="Test_Data_Generation.Add_Tracking_Numbers_To_User"/>
  <testcase name="Add_Tracking_Number" time="0.560" classname="Test_Data_Generation.Add_Tracking_Numbers_To_User"/>
  <testcase name="Add_Tracking_Number" time="0.498" classname="Test_Data_Generation.Add_Tracking_Numbers_To_User"/>
  <testcase name="Add_Tracking_Number" time="0.478" classname="Test_Data_Generation.Add_Tracking_Numbers_To_User"/>
  <testcase name="Add_Tracking_Number" time="0.557" classname="Test_Data_Generation.Add_Tracking_Numbers_To_User"/>
  <testcase name="Add_Tracking_Number" time="0.572" classname="Test_Data_Generation.Add_Tracking_Numbers_To_User"/>
  <testcase name="Add_Tracking_Number" time="0.701" classname="Test_Data_Generation.Add_Tracking_Numbers_To_User"/>
  <testcase name="Add_Tracking_Number" time="0.481" classname="Test_Data_Generation.Add_Tracking_Numbers_To_User"/>
  <testcase name="Add_Tracking_Number" time="0.605" classname="Test_Data_Generation.Add_Tracking_Numbers_To_User"/>
  <testcase name="Add_Tracking_Number" time="0.578" classname="Test_Data_Generation.Add_Tracking_Numbers_To_User"/>
  <testcase name="Add_Tracking_Number" time="0.600" classname="Test_Data_Generation.Add_Tracking_Numbers_To_User"/>
  <testcase name="Add_Tracking_Number" time="0.485" classname="Test_Data_Generation.Add_Tracking_Numbers_To_User"/>
  <testcase name="Add_Tracking_Number" time="0.705" classname="Test_Data_Generation.Add_Tracking_Numbers_To_User"/>
  <testcase name="Add_Tracking_Number" time="0.720" classname="Test_Data_Generation.Add_Tracking_Numbers_To_User"/>
  <testcase name="Add_Tracking_Number" time="0.639" classname="Test_Data_Generation.Add_Tracking_Numbers_To_User"/>
  <testcase name="Add_Tracking_Number" time="0.606" classname="Test_Data_Generation.Add_Tracking_Numbers_To_User"/>
  <testcase name="Add_Tracking_Number" time="0.569" classname="Test_Data_Generation.Add_Tracking_Numbers_To_User"/>
  <testcase name="Add_Tracking_Number" time="0.566" classname="Test_Data_Generation.Add_Tracking_Numbers_To_User"/>
  <testcase name="Add_Tracking_Number" time="0.482" classname="Test_Data_Generation.Add_Tracking_Numbers_To_User"/>
  <testcase name="Add_Tracking_Number" time="0.556" classname="Test_Data_Generation.Add_Tracking_Numbers_To_User"/>
  <testcase name="Add_Tracking_Number" time="0.473" classname="Test_Data_Generation.Add_Tracking_Numbers_To_User"/>
  <testcase name="Add_Tracking_Number" time="0.581" classname="Test_Data_Generation.Add_Tracking_Numbers_To_User"/>
  <testcase name="Add_Tracking_Number" time="0.504" classname="Test_Data_Generation.Add_Tracking_Numbers_To_User"/>
  <testcase name="Add_Tracking_Number" time="0.521" classname="Test_Data_Generation.Add_Tracking_Numbers_To_User"/>
  <testcase name="Add_Tracking_Number" time="0.642" classname="Test_Data_Generation.Add_Tracking_Numbers_To_User"/>
  <testcase name="Add_Tracking_Number" time="0.071" classname="Test_Data_Generation.Add_Tracking_Numbers_To_User"/>
  <testcase name="Add_Tracking_Number" time="0.640" classname="Test_Data_Generation.Add_Tracking_Numbers_To_User"/>
  <testcase name="Add_Tracking_Number" time="0.569" classname="Test_Data_Generation.Add_Tracking_Numbers_To_User"/>
  <testcase name="Add_Tracking_Number" time="0.577" classname="Test_Data_Generation.Add_Tracking_Numbers_To_User"/>
  <testcase name="Add_Tracking_Number" time="0.616" classname="Test_Data_Generation.Add_Tracking_Numbers_To_User"/>
  <testcase name="Add_Tracking_Number" time="0.624" classname="Test_Data_Generation.Add_Tracking_Numbers_To_User"/>
  <testcase name="Add_Tracking_Number" time="0.534" classname="Test_Data_Generation.Add_Tracking_Numbers_To_User"/>
  <testcase name="Add_Tracking_Number" time="0.457" classname="Test_Data_Generation.Add_Tracking_Numbers_To_User"/>
  <testcase name="Add_Tracking_Number" time="0.560" classname="Test_Data_Generation.Add_Tracking_Numbers_To_User"/>
  <testcase name="Add_Tracking_Number" time="0.632" classname="Test_Data_Generation.Add_Tracking_Numbers_To_User"/>
  <testcase name="Add_Tracking_Number" time="0.576" classname="Test_Data_Generation.Add_Tracking_Numbers_To_User"/>
  <testcase name="Add_Tracking_Number" time="0.521" classname="Test_Data_Generation.Add_Tracking_Numbers_To_User"/>
  <testcase name="Add_Tracking_Number" time="0.535" classname="Test_Data_Generation.Add_Tracking_Numbers_To_User"/>
  <testcase name="Add_Tracking_Number" time="0.513" classname="Test_Data_Generation.Add_Tracking_Numbers_To_User"/>
  <testcase name="Add_Tracking_Number" time="0.824" classname="Test_Data_Generation.Add_Tracking_Numbers_To_User"/>
  <testcase name="Add_Tracking_Number" time="0.651" classname="Test_Data_Generation.Add_Tracking_Numbers_To_User"/>
  <testcase name="Add_Tracking_Number" time="0.576" classname="Test_Data_Generation.Add_Tracking_Numbers_To_User"/>
  <testcase name="Add_Tracking_Number" time="0.461" classname="Test_Data_Generation.Add_Tracking_Numbers_To_User"/>
  <testcase name="Add_Tracking_Number" time="0.536" classname="Test_Data_Generation.Add_Tracking_Numbers_To_User"/>
  <testcase name="Add_Tracking_Number" time="0.495" classname="Test_Data_Generation.Add_Tracking_Numbers_To_User"/>
  <testcase name="Add_Tracking_Number" time="0.698" classname="Test_Data_Generation.Add_Tracking_Numbers_To_User"/>
  <testcase name="Add_Tracking_Number" time="0.530" classname="Test_Data_Generation.Add_Tracking_Numbers_To_User"/>
  <testcase name="Add_Tracking_Number" time="1.154" classname="Test_Data_Generation.Add_Tracking_Numbers_To_User"/>
  <testcase name="Add_Tracking_Number" time="0.523" classname="Test_Data_Generation.Add_Tracking_Numbers_To_User"/>
  <testcase name="Add_Tracking_Number" time="0.529" classname="Test_Data_Generation.Add_Tracking_Numbers_To_User"/>
  <testcase name="Add_Tracking_Number" time="0.482" classname="Test_Data_Generation.Add_Tracking_Numbers_To_User"/>
  <testcase name="Add_Tracking_Number" time="0.522" classname="Test_Data_Generation.Add_Tracking_Numbers_To_User"/>
  <testcase name="Add_Tracking_Number" time="0.584" classname="Test_Data_Generation.Add_Tracking_Numbers_To_User"/>
  <testcase name="Add_Tracking_Number" time="0.550" classname="Test_Data_Generation.Add_Tracking_Numbers_To_User"/>
  <testcase name="Add_Tracking_Number" time="0.537" classname="Test_Data_Generation.Add_Tracking_Numbers_To_User"/>
  <testcase name="Add_Tracking_Number" time="0.541" classname="Test_Data_Generation.Add_Tracking_Numbers_To_User"/>
  <testcase name="Add_Tracking_Number" time="0.628" classname="Test_Data_Generation.Add_Tracking_Numbers_To_User"/>
  <testcase name="Add_Tracking_Number" time="0.485" classname="Test_Data_Generation.Add_Tracking_Numbers_To_User"/>
  <testcase name="Add_Tracking_Number" time="0.529" classname="Test_Data_Generation.Add_Tracking_Numbers_To_User"/>
  <testcase name="Add_Tracking_Number" time="0.579" classname="Test_Data_Generation.Add_Tracking_Numbers_To_User"/>
  <testcase name="Add_Tracking_Number" time="0.474" classname="Test_Data_Generation.Add_Tracking_Numbers_To_User"/>
  <testcase name="Add_Tracking_Number" time="0.505" classname="Test_Data_Generation.Add_Tracking_Numbers_To_User"/>
  <testcase name="Add_Tracking_Number" time="0.573" classname="Test_Data_Generation.Add_Tracking_Numbers_To_User"/>
  <testcase name="Add_Tracking_Number" time="0.528" classname="Test_Data_Generation.Add_Tracking_Numbers_To_User"/>
  <testcase name="Add_Tracking_Number" time="0.440" classname="Test_Data_Generation.Add_Tracking_Numbers_To_User"/>
  <testcase name="Add_Tracking_Number" time="0.527" classname="Test_Data_Generation.Add_Tracking_Numbers_To_User"/>
  <testcase name="Add_Tracking_Number" time="0.601" classname="Test_Data_Generation.Add_Tracking_Numbers_To_User"/>
  <testcase name="Add_Tracking_Number" time="0.448" classname="Test_Data_Generation.Add_Tracking_Numbers_To_User"/>
  <testcase name="Add_Tracking_Number" time="0.443" classname="Test_Data_Generation.Add_Tracking_Numbers_To_User"/>
  <testcase name="Add_Tracking_Number" time="0.527" classname="Test_Data_Generation.Add_Tracking_Numbers_To_User"/>
  <testcase name="Add_Tracking_Number" time="0.461" classname="Test_Data_Generation.Add_Tracking_Numbers_To_User"/>
  <testcase name="Add_Tracking_Number" time="0.528" classname="Test_Data_Generation.Add_Tracking_Numbers_To_User"/>
  <testcase name="Add_Tracking_Number" time="0.631" classname="Test_Data_Generation.Add_Tracking_Numbers_To_User"/>
  <testcase name="Add_Tracking_Number" time="0.491" classname="Test_Data_Generation.Add_Tracking_Numbers_To_User"/>
  <testcase name="Add_Tracking_Number" time="0.584" classname="Test_Data_Generation.Add_Tracking_Numbers_To_User"/>
  <testcase name="Add_Tracking_Number" time="0.774" classname="Test_Data_Generation.Add_Tracking_Numbers_To_User"/>
  <testcase name="Add_Tracking_Number" time="0.508" classname="Test_Data_Generation.Add_Tracking_Numbers_To_User"/>
  <testcase name="Add_Tracking_Number" time="0.544" classname="Test_Data_Generation.Add_Tracking_Numbers_To_User"/>
  <testcase name="Add_Tracking_Number" time="0.449" classname="Test_Data_Generation.Add_Tracking_Numbers_To_User"/>
  <testcase name="Add_Tracking_Number" time="0.562" classname="Test_Data_Generation.Add_Tracking_Numbers_To_User"/>
  <testcase name="Add_Tracking_Number" time="0.775" classname="Test_Data_Generation.Add_Tracking_Numbers_To_User"/>
  <testcase name="Add_Tracking_Number" time="0.716" classname="Test_Data_Generation.Add_Tracking_Numbers_To_User"/>
  <testcase name="Add_Tracking_Number" time="0.646" classname="Test_Data_Generation.Add_Tracking_Numbers_To_User"/>
  <testcase name="Add_Tracking_Number" time="0.584" classname="Test_Data_Generation.Add_Tracking_Numbers_To_User"/>
  <testcase name="Add_Tracking_Number" time="0.592" classname="Test_Data_Generation.Add_Tracking_Numbers_To_User"/>
  <testcase name="Add_Tracking_Number" time="1.138" classname="Test_Data_Generation.Add_Tracking_Numbers_To_User"/>
  <testcase name="Add_Tracking_Number" time="0.669" classname="Test_Data_Generation.Add_Tracking_Numbers_To_User"/>
  <testcase name="Add_Tracking_Number" time="0.115" classname="Test_Data_Generation.Add_Tracking_Numbers_To_User"/>
  <testcase name="Add_Tracking_Number" time="0.612" classname="Test_Data_Generation.Add_Tracking_Numbers_To_User"/>
  <testcase name="Add_Tracking_Number" time="0.503" classname="Test_Data_Generation.Add_Tracking_Numbers_To_User"/>
  <testcase name="Add_Tracking_Number" time="0.440" classname="Test_Data_Generation.Add_Tracking_Numbers_To_User"/>
  <testcase name="Add_Tracking_Number" time="0.552" classname="Test_Data_Generation.Add_Tracking_Numbers_To_User"/>
  <testcase name="Add_Tracking_Number" time="0.642" classname="Test_Data_Generation.Add_Tracking_Numbers_To_User"/>
  <testcase name="Add_Tracking_Number" time="0.506" classname="Test_Data_Generation.Add_Tracking_Numbers_To_User"/>
  <testcase name="Add_Tracking_Number" time="0.618" classname="Test_Data_Generation.Add_Tracking_Numbers_To_User"/>
  <testcase name="Add_Tracking_Number" time="0.209" classname="Test_Data_Generation.Add_Tracking_Numbers_To_User"/>
  <testcase name="Add_Tracking_Number" time="0.823" classname="Test_Data_Generation.Add_Tracking_Numbers_To_User"/>
  <testcase name="Add_Tracking_Number" time="0.566" classname="Test_Data_Generation.Add_Tracking_Numbers_To_User"/>
  <testcase name="Add_Tracking_Number" time="0.515" classname="Test_Data_Generation.Add_Tracking_Numbers_To_User"/>
  <testcase name="Add_Tracking_Number" time="0.525" classname="Test_Data_Generation.Add_Tracking_Numbers_To_User"/>
  <testcase name="Add_Tracking_Number" time="0.483" classname="Test_Data_Generation.Add_Tracking_Numbers_To_User"/>
  <testcase name="Add_Tracking_Number" time="0.543" classname="Test_Data_Generation.Add_Tracking_Numbers_To_User"/>
  <testcase name="Add_Tracking_Number" time="0.441" classname="Test_Data_Generation.Add_Tracking_Numbers_To_User"/>
  <testcase name="Add_Tracking_Number" time="0.775" classname="Test_Data_Generation.Add_Tracking_Numbers_To_User"/>
  <testcase name="Add_Tracking_Number" time="0.545" classname="Test_Data_Generation.Add_Tracking_Numbers_To_User"/>
  <testcase name="Add_Tracking_Number" time="0.502" classname="Test_Data_Generation.Add_Tracking_Numbers_To_User"/>
  <testcase name="Add_Tracking_Number" time="0.579" classname="Test_Data_Generation.Add_Tracking_Numbers_To_User"/>
  <testcase name="Add_Tracking_Number" time="0.472" classname="Test_Data_Generation.Add_Tracking_Numbers_To_User"/>
  <testcase name="Add_Tracking_Number" time="0.552" classname="Test_Data_Generation.Add_Tracking_Numbers_To_User"/>
  <testcase name="Add_Tracking_Number" time="0.677" classname="Test_Data_Generation.Add_Tracking_Numbers_To_User"/>
  <testcase name="Add_Tracking_Number" time="0.503" classname="Test_Data_Generation.Add_Tracking_Numbers_To_User"/>
  <testcase name="Add_Tracking_Number" time="0.521" classname="Test_Data_Generation.Add_Tracking_Numbers_To_User"/>
  <testcase name="Add_Tracking_Number" time="0.489" classname="Test_Data_Generation.Add_Tracking_Numbers_To_User"/>
  <testcase name="Add_Tracking_Number" time="0.547" classname="Test_Data_Generation.Add_Tracking_Numbers_To_User"/>
  <testcase name="Add_Tracking_Number" time="0.513" classname="Test_Data_Generation.Add_Tracking_Numbers_To_User"/>
  <testcase name="Add_Tracking_Number" time="0.576" classname="Test_Data_Generation.Add_Tracking_Numbers_To_User"/>
  <testcase name="Add_Tracking_Number" time="0.487" classname="Test_Data_Generation.Add_Tracking_Numbers_To_User"/>
  <testcase name="Add_Tracking_Number" time="0.495" classname="Test_Data_Generation.Add_Tracking_Numbers_To_User"/>
  <testcase name="Add_Tracking_Number" time="0.495" classname="Test_Data_Generation.Add_Tracking_Numbers_To_User"/>
  <testcase name="Add_Tracking_Number" time="0.620" classname="Test_Data_Generation.Add_Tracking_Numbers_To_User"/>
  <testcase name="Add_Tracking_Number" time="0.480" classname="Test_Data_Generation.Add_Tracking_Numbers_To_User"/>
  <testcase name="Add_Tracking_Number" time="0.544" classname="Test_Data_Generation.Add_Tracking_Numbers_To_User"/>
  <testcase name="Add_Tracking_Number" time="0.491" classname="Test_Data_Generation.Add_Tracking_Numbers_To_User"/>
  <testcase name="Add_Tracking_Number" time="0.469" classname="Test_Data_Generation.Add_Tracking_Numbers_To_User"/>
  <testcase name="Add_Tracking_Number" time="0.561" classname="Test_Data_Generation.Add_Tracking_Numbers_To_User"/>
  <testcase name="Add_Tracking_Number" time="0.526" classname="Test_Data_Generation.Add_Tracking_Numbers_To_User"/>
  <testcase name="Add_Tracking_Number" time="0.580" classname="Test_Data_Generation.Add_Tracking_Numbers_To_User"/>
  <testcase name="Add_Tracking_Number" time="0.586" classname="Test_Data_Generation.Add_Tracking_Numbers_To_User"/>
  <testcase name="Add_Tracking_Number" time="0.542" classname="Test_Data_Generation.Add_Tracking_Numbers_To_User"/>
  <testcase name="Add_Tracking_Number" time="0.604" classname="Test_Data_Generation.Add_Tracking_Numbers_To_User"/>
  <testcase name="Add_Tracking_Number" time="0.591" classname="Test_Data_Generation.Add_Tracking_Numbers_To_User"/>
  <testcase name="Add_Tracking_Number" time="0.801" classname="Test_Data_Generation.Add_Tracking_Numbers_To_User"/>
  <testcase name="Add_Tracking_Number" time="0.587" classname="Test_Data_Generation.Add_Tracking_Numbers_To_User"/>
  <testcase name="Add_Tracking_Number" time="0.422" classname="Test_Data_Generation.Add_Tracking_Numbers_To_User"/>
  <testcase name="Add_Tracking_Number" time="0.466" classname="Test_Data_Generation.Add_Tracking_Numbers_To_User"/>
  <testcase name="Add_Tracking_Number" time="0.498" classname="Test_Data_Generation.Add_Tracking_Numbers_To_User"/>
  <testcase name="Add_Tracking_Number" time="0.513" classname="Test_Data_Generation.Add_Tracking_Numbers_To_User"/>
  <testcase name="Add_Tracking_Number" time="0.468" classname="Test_Data_Generation.Add_Tracking_Numbers_To_User"/>
  <testcase name="Add_Tracking_Number" time="0.576" classname="Test_Data_Generation.Add_Tracking_Numbers_To_User"/>
  <testcase name="Add_Tracking_Number" time="0.536" classname="Test_Data_Generation.Add_Tracking_Numbers_To_User"/>
  <testcase name="Add_Tracking_Number" time="0.072" classname="Test_Data_Generation.Add_Tracking_Numbers_To_User"/>
  <testcase name="Add_Tracking_Number" time="0.498" classname="Test_Data_Generation.Add_Tracking_Numbers_To_User"/>
  <testcase name="Add_Tracking_Number" time="0.536" classname="Test_Data_Generation.Add_Tracking_Numbers_To_User"/>
  <testcase name="Add_Tracking_Number" time="0.542" classname="Test_Data_Generation.Add_Tracking_Numbers_To_User"/>
  <testcase name="Add_Tracking_Number" time="0.500" classname="Test_Data_Generation.Add_Tracking_Numbers_To_User"/>
  <testcase name="Add_Tracking_Number" time="0.490" classname="Test_Data_Generation.Add_Tracking_Numbers_To_User"/>
  <testcase name="Add_Tracking_Number" time="0.450" classname="Test_Data_Generation.Add_Tracking_Numbers_To_User"/>
  <testcase name="Add_Tracking_Number" time="0.538" classname="Test_Data_Generation.Add_Tracking_Numbers_To_User"/>
  <testcase name="Add_Tracking_Number" time="0.565" classname="Test_Data_Generation.Add_Tracking_Numbers_To_User"/>
  <testcase name="Add_Tracking_Number" time="0.572" classname="Test_Data_Generation.Add_Tracking_Numbers_To_User"/>
  <testcase name="Add_Tracking_Number" time="0.564" classname="Test_Data_Generation.Add_Tracking_Numbers_To_User"/>
  <testcase name="Add_Tracking_Number" time="0.509" classname="Test_Data_Generation.Add_Tracking_Numbers_To_User"/>
  <testcase name="Add_Tracking_Number" time="0.529" classname="Test_Data_Generation.Add_Tracking_Numbers_To_User"/>
  <testcase name="Add_Tracking_Number" time="0.739" classname="Test_Data_Generation.Add_Tracking_Numbers_To_User"/>
  <testcase name="Add_Tracking_Number" time="0.478" classname="Test_Data_Generation.Add_Tracking_Numbers_To_User"/>
  <testcase name="Add_Tracking_Number" time="0.598" classname="Test_Data_Generation.Add_Tracking_Numbers_To_User"/>
  <testcase name="Add_Tracking_Number" time="0.568" classname="Test_Data_Generation.Add_Tracking_Numbers_To_User"/>
  <testcase name="Add_Tracking_Number" time="0.541" classname="Test_Data_Generation.Add_Tracking_Numbers_To_User"/>
  <testcase name="Add_Tracking_Number" time="0.654" classname="Test_Data_Generation.Add_Tracking_Numbers_To_User"/>
  <testcase name="Add_Tracking_Number" time="0.535" classname="Test_Data_Generation.Add_Tracking_Numbers_To_User"/>
  <testcase name="Add_Tracking_Number" time="0.563" classname="Test_Data_Generation.Add_Tracking_Numbers_To_User"/>
  <testcase name="Add_Tracking_Number" time="0.439" classname="Test_Data_Generation.Add_Tracking_Numbers_To_User"/>
  <testcase name="Add_Tracking_Number" time="0.498" classname="Test_Data_Generation.Add_Tracking_Numbers_To_User"/>
  <testcase name="Add_Tracking_Number" time="0.613" classname="Test_Data_Generation.Add_Tracking_Numbers_To_User"/>
  <testcase name="Add_Tracking_Number" time="0.765" classname="Test_Data_Generation.Add_Tracking_Numbers_To_User"/>
  <testcase name="Add_Tracking_Number" time="0.528" classname="Test_Data_Generation.Add_Tracking_Numbers_To_User"/>
  <testcase name="Add_Tracking_Number" time="0.581" classname="Test_Data_Generation.Add_Tracking_Numbers_To_User"/>
  <testcase name="Add_Tracking_Number" time="0.497" classname="Test_Data_Generation.Add_Tracking_Numbers_To_User"/>
  <testcase name="Add_Tracking_Number" time="0.621" classname="Test_Data_Generation.Add_Tracking_Numbers_To_User"/>
  <testcase name="Add_Tracking_Number" time="0.576" classname="Test_Data_Generation.Add_Tracking_Numbers_To_User"/>
  <testcase name="Add_Tracking_Number" time="0.540" classname="Test_Data_Generation.Add_Tracking_Numbers_To_User"/>
  <testcase name="Add_Tracking_Number" time="0.496" classname="Test_Data_Generation.Add_Tracking_Numbers_To_User"/>
  <testcase name="Add_Tracking_Number" time="0.545" classname="Test_Data_Generation.Add_Tracking_Numbers_To_User"/>
  <testcase name="Add_Tracking_Number" time="0.530" classname="Test_Data_Generation.Add_Tracking_Numbers_To_User"/>
  <testcase name="Add_Tracking_Number" time="0.659" classname="Test_Data_Generation.Add_Tracking_Numbers_To_User"/>
  <testcase name="Add_Tracking_Number" time="0.059" classname="Test_Data_Generation.Add_Tracking_Numbers_To_User"/>
  <testcase name="Add_Tracking_Number" time="0.484" classname="Test_Data_Generation.Add_Tracking_Numbers_To_User"/>
  <testcase name="Add_Tracking_Number" time="0.659" classname="Test_Data_Generation.Add_Tracking_Numbers_To_User"/>
  <testcase name="Add_Tracking_Number" time="0.539" classname="Test_Data_Generation.Add_Tracking_Numbers_To_User"/>
  <testcase name="Add_Tracking_Number" time="0.517" classname="Test_Data_Generation.Add_Tracking_Numbers_To_User"/>
  <testcase name="Add_Tracking_Number" time="0.513" classname="Test_Data_Generation.Add_Tracking_Numbers_To_User"/>
  <testcase name="Add_Tracking_Number" time="0.507" classname="Test_Data_Generation.Add_Tracking_Numbers_To_User"/>
  <testcase name="Add_Tracking_Number" time="0.547" classname="Test_Data_Generation.Add_Tracking_Numbers_To_User"/>
  <testcase name="Add_Tracking_Number" time="0.488" classname="Test_Data_Generation.Add_Tracking_Numbers_To_User"/>
  <testcase name="Add_Tracking_Number" time="0.066" classname="Test_Data_Generation.Add_Tracking_Numbers_To_User"/>
  <testcase name="Add_Tracking_Number" time="0.630" classname="Test_Data_Generation.Add_Tracking_Numbers_To_User"/>
  <testcase name="Add_Tracking_Number" time="0.584" classname="Test_Data_Generation.Add_Tracking_Numbers_To_User"/>
  <testcase name="Add_Tracking_Number" time="0.541" classname="Test_Data_Generation.Add_Tracking_Numbers_To_User"/>
  <testcase name="Add_Tracking_Number" time="0.460" classname="Test_Data_Generation.Add_Tracking_Numbers_To_User"/>
  <testcase name="Add_Tracking_Number" time="0.666" classname="Test_Data_Generation.Add_Tracking_Numbers_To_User"/>
  <testcase name="Add_Tracking_Number" time="0.066" classname="Test_Data_Generation.Add_Tracking_Numbers_To_User"/>
  <testcase name="Add_Tracking_Number" time="0.554" classname="Test_Data_Generation.Add_Tracking_Numbers_To_User"/>
  <testcase name="Add_Tracking_Number" time="0.485" classname="Test_Data_Generation.Add_Tracking_Numbers_To_User"/>
  <testcase name="Add_Tracking_Number" time="0.631" classname="Test_Data_Generation.Add_Tracking_Numbers_To_User"/>
  <testcase name="Add_Tracking_Number" time="0.560" classname="Test_Data_Generation.Add_Tracking_Numbers_To_User"/>
  <testcase name="Add_Tracking_Number" time="0.531" classname="Test_Data_Generation.Add_Tracking_Numbers_To_User"/>
  <testcase name="Add_Tracking_Number" time="0.496" classname="Test_Data_Generation.Add_Tracking_Numbers_To_User"/>
  <testcase name="Add_Tracking_Number" time="0.482" classname="Test_Data_Generation.Add_Tracking_Numbers_To_User"/>
  <testcase name="Add_Tracking_Number" time="0.604" classname="Test_Data_Generation.Add_Tracking_Numbers_To_User"/>
  <testcase name="Add_Tracking_Number" time="0.691" classname="Test_Data_Generation.Add_Tracking_Numbers_To_User"/>
  <testcase name="Add_Tracking_Number" time="0.505" classname="Test_Data_Generation.Add_Tracking_Numbers_To_User"/>
  <testcase name="Add_Tracking_Number" time="0.680" classname="Test_Data_Generation.Add_Tracking_Numbers_To_User"/>
  <testcase name="Add_Tracking_Number" time="0.529" classname="Test_Data_Generation.Add_Tracking_Numbers_To_User"/>
  <testcase name="Add_Tracking_Number" time="0.527" classname="Test_Data_Generation.Add_Tracking_Numbers_To_User"/>
  <testcase name="Add_Tracking_Number" time="0.595" classname="Test_Data_Generation.Add_Tracking_Numbers_To_User"/>
  <testcase name="Add_Tracking_Number" time="0.506" classname="Test_Data_Generation.Add_Tracking_Numbers_To_User"/>
  <testcase name="Add_Tracking_Number" time="0.612" classname="Test_Data_Generation.Add_Tracking_Numbers_To_User"/>
  <testcase name="Add_Tracking_Number" time="0.525" classname="Test_Data_Generation.Add_Tracking_Numbers_To_User"/>
  <testcase name="Add_Tracking_Number" time="0.446" classname="Test_Data_Generation.Add_Tracking_Numbers_To_User"/>
  <testcase name="Add_Tracking_Number" time="0.484" classname="Test_Data_Generation.Add_Tracking_Numbers_To_User"/>
  <testcase name="Add_Tracking_Number" time="0.708" classname="Test_Data_Generation.Add_Tracking_Numbers_To_User"/>
  <testcase name="Add_Tracking_Number" time="0.626" classname="Test_Data_Generation.Add_Tracking_Numbers_To_User"/>
  <testcase name="Add_Tracking_Number" time="0.582" classname="Test_Data_Generation.Add_Tracking_Numbers_To_User"/>
  <testcase name="Add_Tracking_Number" time="0.580" classname="Test_Data_Generation.Add_Tracking_Numbers_To_User"/>
  <testcase name="Add_Tracking_Number" time="0.485" classname="Test_Data_Generation.Add_Tracking_Numbers_To_User"/>
  <testcase name="Add_Tracking_Number" time="0.502" classname="Test_Data_Generation.Add_Tracking_Numbers_To_User"/>
  <testcase name="Add_Tracking_Number" time="0.534" classname="Test_Data_Generation.Add_Tracking_Numbers_To_User"/>
  <testcase name="Add_Tracking_Number" time="0.587" classname="Test_Data_Generation.Add_Tracking_Numbers_To_User"/>
  <testcase name="Add_Tracking_Number" time="0.535" classname="Test_Data_Generation.Add_Tracking_Numbers_To_User"/>
  <testcase name="Add_Tracking_Number" time="0.508" classname="Test_Data_Generation.Add_Tracking_Numbers_To_User"/>
  <testcase name="Add_Tracking_Number" time="0.591" classname="Test_Data_Generation.Add_Tracking_Numbers_To_User"/>
  <testcase name="Add_Tracking_Number" time="0.547" classname="Test_Data_Generation.Add_Tracking_Numbers_To_User"/>
  <testcase name="Add_Tracking_Number" time="0.667" classname="Test_Data_Generation.Add_Tracking_Numbers_To_User"/>
  <testcase name="Add_Tracking_Number" time="0.095" classname="Test_Data_Generation.Add_Tracking_Numbers_To_User"/>
  <testcase name="Add_Tracking_Number" time="0.441" classname="Test_Data_Generation.Add_Tracking_Numbers_To_User"/>
  <testcase name="Add_Tracking_Number" time="0.351" classname="Test_Data_Generation.Add_Tracking_Numbers_To_User"/>
  <testcase name="Add_Tracking_Number" time="0.615" classname="Test_Data_Generation.Add_Tracking_Numbers_To_User"/>
  <testcase name="Add_Tracking_Number" time="0.504" classname="Test_Data_Generation.Add_Tracking_Numbers_To_User"/>
  <testcase name="Add_Tracking_Number" time="0.566" classname="Test_Data_Generation.Add_Tracking_Numbers_To_User"/>
  <testcase name="Add_Tracking_Number" time="0.588" classname="Test_Data_Generation.Add_Tracking_Numbers_To_User"/>
  <testcase name="Add_Tracking_Number" time="0.546" classname="Test_Data_Generation.Add_Tracking_Numbers_To_User"/>
  <testcase name="Add_Tracking_Number" time="0.582" classname="Test_Data_Generation.Add_Tracking_Numbers_To_User"/>
  <testcase name="Add_Tracking_Number" time="0.522" classname="Test_Data_Generation.Add_Tracking_Numbers_To_User"/>
  <testcase name="Add_Tracking_Number" time="0.486" classname="Test_Data_Generation.Add_Tracking_Numbers_To_User"/>
  <testcase name="Add_Tracking_Number" time="0.582" classname="Test_Data_Generation.Add_Tracking_Numbers_To_User"/>
  <testcase name="Add_Tracking_Number" time="0.489" classname="Test_Data_Generation.Add_Tracking_Numbers_To_User"/>
  <testcase name="Add_Tracking_Number" time="0.502" classname="Test_Data_Generation.Add_Tracking_Numbers_To_User"/>
  <testcase name="Add_Tracking_Number" time="0.567" classname="Test_Data_Generation.Add_Tracking_Numbers_To_User"/>
  <testcase name="Add_Tracking_Number" time="0.498" classname="Test_Data_Generation.Add_Tracking_Numbers_To_User"/>
  <testcase name="Add_Tracking_Number" time="0.054" classname="Test_Data_Generation.Add_Tracking_Numbers_To_User"/>
  <testcase name="Add_Tracking_Number" time="0.056" classname="Test_Data_Generation.Add_Tracking_Numbers_To_User"/>
  <testcase name="Add_Tracking_Number" time="0.579" classname="Test_Data_Generation.Add_Tracking_Numbers_To_User"/>
  <testcase name="Add_Tracking_Number" time="0.611" classname="Test_Data_Generation.Add_Tracking_Numbers_To_User"/>
  <testcase name="Add_Tracking_Number" time="0.476" classname="Test_Data_Generation.Add_Tracking_Numbers_To_User"/>
  <testcase name="Add_Tracking_Number" time="0.556" classname="Test_Data_Generation.Add_Tracking_Numbers_To_User"/>
  <testcase name="Add_Tracking_Number" time="0.560" classname="Test_Data_Generation.Add_Tracking_Numbers_To_User"/>
  <testcase name="Add_Tracking_Number" time="0.562" classname="Test_Data_Generation.Add_Tracking_Numbers_To_User"/>
  <testcase name="Add_Tracking_Number" time="0.810" classname="Test_Data_Generation.Add_Tracking_Numbers_To_User"/>
  <testcase name="Add_Tracking_Number" time="0.638" classname="Test_Data_Generation.Add_Tracking_Numbers_To_User"/>
  <testcase name="Add_Tracking_Number" time="0.547" classname="Test_Data_Generation.Add_Tracking_Numbers_To_User"/>
  <testcase name="Add_Tracking_Number" time="0.718" classname="Test_Data_Generation.Add_Tracking_Numbers_To_User"/>
  <testcase name="Add_Tracking_Number" time="0.604" classname="Test_Data_Generation.Add_Tracking_Numbers_To_User"/>
  <testcase name="Add_Tracking_Number" time="0.519" classname="Test_Data_Generation.Add_Tracking_Numbers_To_User"/>
  <testcase name="Add_Tracking_Number" time="0.719" classname="Test_Data_Generation.Add_Tracking_Numbers_To_User"/>
  <testcase name="Add_Tracking_Number" time="0.788" classname="Test_Data_Generation.Add_Tracking_Numbers_To_User"/>
  <testcase name="Add_Tracking_Number" time="0.517" classname="Test_Data_Generation.Add_Tracking_Numbers_To_User"/>
  <testcase name="Add_Tracking_Number" time="0.532" classname="Test_Data_Generation.Add_Tracking_Numbers_To_User"/>
  <testcase name="Add_Tracking_Number" time="0.484" classname="Test_Data_Generation.Add_Tracking_Numbers_To_User"/>
  <testcase name="Add_Tracking_Number" time="1.319" classname="Test_Data_Generation.Add_Tracking_Numbers_To_User">
    <failure type="java.lang.AssertionError" message="
Expected: a string containing &quot;{\&quot;successful\&quot;:true&quot;
     but: was &quot;{&quot;ShipmentOptionResponse&quot;:{&quot;successful&quot;:false,&quot;errorList&quot;:[{&quot;code&quot;:&quot;2997&quot;,&quot;message&quot;:&quot;TRAQS connection/request problem&quot;,&quot;source&quot;:null,&quot;rootCause&quot;:null}],&quot;alerts&quot;:null,&quot;cxsalerts&quot;:null}}&quot;">
      <![CDATA[java.lang.AssertionError: 
Expected: a string containing "{\"successful\":true"
     but: was "{"ShipmentOptionResponse":{"successful":false,"errorList":[{"code":"2997","message":"TRAQS connection/request problem","source":null,"rootCause":null}],"alerts":null,"cxsalerts":null}}"
at org.hamcrest.MatcherAssert.assertThat(MatcherAssert.java:20)
at org.junit.Assert.assertThat(Assert.java:956)
at org.junit.Assert.assertThat(Assert.java:923)
at Test_Data_Generation.Add_Tracking_Numbers_To_User.Add_Tracking_Number(Add_Tracking_Numbers_To_User.java:69)
at sun.reflect.GeneratedMethodAccessor2.invoke(Unknown Source)
at sun.reflect.DelegatingMethodAccessorImpl.invoke(Unknown Source)
at java.lang.reflect.Method.invoke(Unknown Source)
at org.testng.internal.MethodInvocationHelper.invokeMethod(MethodInvocationHelper.java:124)
at org.testng.internal.Invoker.invokeMethod(Invoker.java:580)
at org.testng.internal.Invoker.invokeTestMethod(Invoker.java:716)
at org.testng.internal.TestMethodWithDataProviderMethodWorker.call(TestMethodWithDataProviderMethodWorker.java:71)
at org.testng.internal.TestMethodWithDataProviderMethodWorker.call(TestMethodWithDataProviderMethodWorker.java:14)
at java.util.concurrent.FutureTask.run(Unknown Source)
at java.util.concurrent.Executors$RunnableAdapter.call(Unknown Source)
at java.util.concurrent.FutureTask.run(Unknown Source)
at java.util.concurrent.ThreadPoolExecutor.runWorker(Unknown Source)
at java.util.concurrent.ThreadPoolExecutor$Worker.run(Unknown Source)
at java.lang.Thread.run(Unknown Source)
]]>
    </failure>
  </testcase> <!-- Add_Tracking_Number -->
  <testcase name="Add_Tracking_Number" time="1.388" classname="Test_Data_Generation.Add_Tracking_Numbers_To_User"/>
  <testcase name="Add_Tracking_Number" time="0.479" classname="Test_Data_Generation.Add_Tracking_Numbers_To_User"/>
  <testcase name="Add_Tracking_Number" time="0.573" classname="Test_Data_Generation.Add_Tracking_Numbers_To_User"/>
  <testcase name="Add_Tracking_Number" time="0.146" classname="Test_Data_Generation.Add_Tracking_Numbers_To_User"/>
  <testcase name="Add_Tracking_Number" time="0.499" classname="Test_Data_Generation.Add_Tracking_Numbers_To_User"/>
  <testcase name="Add_Tracking_Number" time="0.610" classname="Test_Data_Generation.Add_Tracking_Numbers_To_User"/>
  <testcase name="Add_Tracking_Number" time="0.516" classname="Test_Data_Generation.Add_Tracking_Numbers_To_User"/>
  <testcase name="Add_Tracking_Number" time="0.461" classname="Test_Data_Generation.Add_Tracking_Numbers_To_User"/>
  <testcase name="Add_Tracking_Number" time="0.544" classname="Test_Data_Generation.Add_Tracking_Numbers_To_User"/>
  <testcase name="Add_Tracking_Number" time="0.643" classname="Test_Data_Generation.Add_Tracking_Numbers_To_User"/>
  <testcase name="Add_Tracking_Number" time="0.547" classname="Test_Data_Generation.Add_Tracking_Numbers_To_User"/>
  <testcase name="Add_Tracking_Number" time="0.540" classname="Test_Data_Generation.Add_Tracking_Numbers_To_User"/>
  <testcase name="Add_Tracking_Number" time="0.520" classname="Test_Data_Generation.Add_Tracking_Numbers_To_User"/>
  <testcase name="Add_Tracking_Number" time="0.571" classname="Test_Data_Generation.Add_Tracking_Numbers_To_User"/>
  <testcase name="Add_Tracking_Number" time="0.522" classname="Test_Data_Generation.Add_Tracking_Numbers_To_User"/>
  <testcase name="Add_Tracking_Number" time="0.307" classname="Test_Data_Generation.Add_Tracking_Numbers_To_User"/>
  <testcase name="Add_Tracking_Number" time="0.480" classname="Test_Data_Generation.Add_Tracking_Numbers_To_User"/>
  <testcase name="Add_Tracking_Number" time="0.593" classname="Test_Data_Generation.Add_Tracking_Numbers_To_User"/>
  <testcase name="Add_Tracking_Number" time="0.601" classname="Test_Data_Generation.Add_Tracking_Numbers_To_User"/>
  <testcase name="Add_Tracking_Number" time="0.479" classname="Test_Data_Generation.Add_Tracking_Numbers_To_User"/>
  <testcase name="Add_Tracking_Number" time="0.591" classname="Test_Data_Generation.Add_Tracking_Numbers_To_User"/>
  <testcase name="Add_Tracking_Number" time="0.485" classname="Test_Data_Generation.Add_Tracking_Numbers_To_User"/>
  <testcase name="Add_Tracking_Number" time="0.482" classname="Test_Data_Generation.Add_Tracking_Numbers_To_User"/>
  <testcase name="Add_Tracking_Number" time="0.533" classname="Test_Data_Generation.Add_Tracking_Numbers_To_User"/>
  <testcase name="Add_Tracking_Number" time="0.552" classname="Test_Data_Generation.Add_Tracking_Numbers_To_User"/>
  <testcase name="Add_Tracking_Number" time="0.518" classname="Test_Data_Generation.Add_Tracking_Numbers_To_User"/>
  <testcase name="Add_Tracking_Number" time="0.567" classname="Test_Data_Generation.Add_Tracking_Numbers_To_User"/>
  <testcase name="Add_Tracking_Number" time="0.501" classname="Test_Data_Generation.Add_Tracking_Numbers_To_User"/>
  <testcase name="Add_Tracking_Number" time="0.790" classname="Test_Data_Generation.Add_Tracking_Numbers_To_User"/>
  <testcase name="Add_Tracking_Number" time="0.483" classname="Test_Data_Generation.Add_Tracking_Numbers_To_User"/>
  <testcase name="Add_Tracking_Number" time="0.575" classname="Test_Data_Generation.Add_Tracking_Numbers_To_User"/>
  <testcase name="Add_Tracking_Number" time="0.455" classname="Test_Data_Generation.Add_Tracking_Numbers_To_User"/>
  <testcase name="Add_Tracking_Number" time="0.476" classname="Test_Data_Generation.Add_Tracking_Numbers_To_User"/>
  <testcase name="Add_Tracking_Number" time="0.451" classname="Test_Data_Generation.Add_Tracking_Numbers_To_User"/>
  <testcase name="Add_Tracking_Number" time="0.501" classname="Test_Data_Generation.Add_Tracking_Numbers_To_User"/>
  <testcase name="Add_Tracking_Number" time="0.498" classname="Test_Data_Generation.Add_Tracking_Numbers_To_User"/>
  <testcase name="Add_Tracking_Number" time="1.292" classname="Test_Data_Generation.Add_Tracking_Numbers_To_User"/>
  <testcase name="Add_Tracking_Number" time="0.600" classname="Test_Data_Generation.Add_Tracking_Numbers_To_User"/>
  <testcase name="Add_Tracking_Number" time="0.266" classname="Test_Data_Generation.Add_Tracking_Numbers_To_User"/>
  <testcase name="Add_Tracking_Number" time="0.538" classname="Test_Data_Generation.Add_Tracking_Numbers_To_User"/>
  <testcase name="Add_Tracking_Number" time="0.781" classname="Test_Data_Generation.Add_Tracking_Numbers_To_User"/>
  <testcase name="Add_Tracking_Number" time="0.600" classname="Test_Data_Generation.Add_Tracking_Numbers_To_User"/>
  <testcase name="Add_Tracking_Number" time="0.483" classname="Test_Data_Generation.Add_Tracking_Numbers_To_User"/>
  <testcase name="Add_Tracking_Number" time="0.548" classname="Test_Data_Generation.Add_Tracking_Numbers_To_User"/>
  <testcase name="Add_Tracking_Number" time="0.533" classname="Test_Data_Generation.Add_Tracking_Numbers_To_User"/>
  <testcase name="Add_Tracking_Number" time="0.959" classname="Test_Data_Generation.Add_Tracking_Numbers_To_User"/>
  <testcase name="Add_Tracking_Number" time="0.626" classname="Test_Data_Generation.Add_Tracking_Numbers_To_User"/>
  <testcase name="Add_Tracking_Number" time="0.640" classname="Test_Data_Generation.Add_Tracking_Numbers_To_User"/>
  <testcase name="Add_Tracking_Number" time="0.551" classname="Test_Data_Generation.Add_Tracking_Numbers_To_User"/>
  <testcase name="Add_Tracking_Number" time="0.511" classname="Test_Data_Generation.Add_Tracking_Numbers_To_User"/>
  <testcase name="Add_Tracking_Number" time="0.661" classname="Test_Data_Generation.Add_Tracking_Numbers_To_User"/>
  <testcase name="Add_Tracking_Number" time="0.589" classname="Test_Data_Generation.Add_Tracking_Numbers_To_User"/>
  <testcase name="Add_Tracking_Number" time="0.487" classname="Test_Data_Generation.Add_Tracking_Numbers_To_User"/>
  <testcase name="Add_Tracking_Number" time="0.531" classname="Test_Data_Generation.Add_Tracking_Numbers_To_User"/>
  <testcase name="Add_Tracking_Number" time="0.451" classname="Test_Data_Generation.Add_Tracking_Numbers_To_User"/>
  <testcase name="Add_Tracking_Number" time="0.562" classname="Test_Data_Generation.Add_Tracking_Numbers_To_User"/>
  <testcase name="Add_Tracking_Number" time="0.293" classname="Test_Data_Generation.Add_Tracking_Numbers_To_User"/>
  <testcase name="Add_Tracking_Number" time="0.526" classname="Test_Data_Generation.Add_Tracking_Numbers_To_User"/>
  <testcase name="Add_Tracking_Number" time="0.554" classname="Test_Data_Generation.Add_Tracking_Numbers_To_User"/>
  <testcase name="Add_Tracking_Number" time="0.660" classname="Test_Data_Generation.Add_Tracking_Numbers_To_User"/>
  <testcase name="Add_Tracking_Number" time="0.835" classname="Test_Data_Generation.Add_Tracking_Numbers_To_User"/>
  <testcase name="Add_Tracking_Number" time="0.560" classname="Test_Data_Generation.Add_Tracking_Numbers_To_User"/>
  <testcase name="Add_Tracking_Number" time="0.499" classname="Test_Data_Generation.Add_Tracking_Numbers_To_User"/>
  <testcase name="Add_Tracking_Number" time="0.050" classname="Test_Data_Generation.Add_Tracking_Numbers_To_User"/>
  <testcase name="Add_Tracking_Number" time="0.473" classname="Test_Data_Generation.Add_Tracking_Numbers_To_User"/>
  <testcase name="Add_Tracking_Number" time="0.461" classname="Test_Data_Generation.Add_Tracking_Numbers_To_User"/>
  <testcase name="Add_Tracking_Number" time="0.644" classname="Test_Data_Generation.Add_Tracking_Numbers_To_User"/>
  <testcase name="Add_Tracking_Number" time="0.052" classname="Test_Data_Generation.Add_Tracking_Numbers_To_User"/>
  <testcase name="Add_Tracking_Number" time="0.793" classname="Test_Data_Generation.Add_Tracking_Numbers_To_User"/>
  <testcase name="Add_Tracking_Number" time="0.669" classname="Test_Data_Generation.Add_Tracking_Numbers_To_User"/>
  <testcase name="Add_Tracking_Number" time="0.575" classname="Test_Data_Generation.Add_Tracking_Numbers_To_User"/>
  <testcase name="Add_Tracking_Number" time="0.417" classname="Test_Data_Generation.Add_Tracking_Numbers_To_User"/>
  <testcase name="Add_Tracking_Number" time="0.484" classname="Test_Data_Generation.Add_Tracking_Numbers_To_User"/>
  <testcase name="Add_Tracking_Number" time="0.548" classname="Test_Data_Generation.Add_Tracking_Numbers_To_User"/>
  <testcase name="Add_Tracking_Number" time="0.585" classname="Test_Data_Generation.Add_Tracking_Numbers_To_User"/>
  <testcase name="Add_Tracking_Number" time="0.718" classname="Test_Data_Generation.Add_Tracking_Numbers_To_User"/>
  <testcase name="Add_Tracking_Number" time="0.697" classname="Test_Data_Generation.Add_Tracking_Numbers_To_User"/>
  <testcase name="Add_Tracking_Number" time="0.679" classname="Test_Data_Generation.Add_Tracking_Numbers_To_User"/>
  <testcase name="Add_Tracking_Number" time="0.488" classname="Test_Data_Generation.Add_Tracking_Numbers_To_User"/>
  <testcase name="Add_Tracking_Number" time="0.473" classname="Test_Data_Generation.Add_Tracking_Numbers_To_User"/>
  <testcase name="Add_Tracking_Number" time="0.677" classname="Test_Data_Generation.Add_Tracking_Numbers_To_User"/>
  <testcase name="Add_Tracking_Number" time="0.565" classname="Test_Data_Generation.Add_Tracking_Numbers_To_User"/>
  <testcase name="Add_Tracking_Number" time="0.555" classname="Test_Data_Generation.Add_Tracking_Numbers_To_User"/>
  <testcase name="Add_Tracking_Number" time="0.526" classname="Test_Data_Generation.Add_Tracking_Numbers_To_User"/>
  <testcase name="Add_Tracking_Number" time="0.490" classname="Test_Data_Generation.Add_Tracking_Numbers_To_User"/>
  <testcase name="Add_Tracking_Number" time="0.543" classname="Test_Data_Generation.Add_Tracking_Numbers_To_User"/>
  <testcase name="Add_Tracking_Number" time="0.477" classname="Test_Data_Generation.Add_Tracking_Numbers_To_User"/>
  <testcase name="Add_Tracking_Number" time="0.612" classname="Test_Data_Generation.Add_Tracking_Numbers_To_User"/>
  <testcase name="Add_Tracking_Number" time="0.558" classname="Test_Data_Generation.Add_Tracking_Numbers_To_User"/>
  <testcase name="Add_Tracking_Number" time="0.441" classname="Test_Data_Generation.Add_Tracking_Numbers_To_User"/>
  <testcase name="Add_Tracking_Number" time="0.578" classname="Test_Data_Generation.Add_Tracking_Numbers_To_User"/>
  <testcase name="Add_Tracking_Number" time="0.594" classname="Test_Data_Generation.Add_Tracking_Numbers_To_User"/>
  <testcase name="Add_Tracking_Number" time="0.487" classname="Test_Data_Generation.Add_Tracking_Numbers_To_User"/>
  <testcase name="Add_Tracking_Number" time="0.556" classname="Test_Data_Generation.Add_Tracking_Numbers_To_User"/>
  <testcase name="Add_Tracking_Number" time="0.489" classname="Test_Data_Generation.Add_Tracking_Numbers_To_User"/>
  <testcase name="Add_Tracking_Number" time="0.691" classname="Test_Data_Generation.Add_Tracking_Numbers_To_User"/>
  <testcase name="Add_Tracking_Number" time="0.734" classname="Test_Data_Generation.Add_Tracking_Numbers_To_User"/>
  <testcase name="Add_Tracking_Number" time="0.463" classname="Test_Data_Generation.Add_Tracking_Numbers_To_User"/>
  <testcase name="Add_Tracking_Number" time="0.580" classname="Test_Data_Generation.Add_Tracking_Numbers_To_User"/>
  <testcase name="Add_Tracking_Number" time="0.482" classname="Test_Data_Generation.Add_Tracking_Numbers_To_User"/>
  <testcase name="Add_Tracking_Number" time="0.399" classname="Test_Data_Generation.Add_Tracking_Numbers_To_User">
    <failure type="java.lang.AssertionError" message="
Expected: a string containing &quot;{\&quot;successful\&quot;:true&quot;
     but: was &quot;{&quot;ShipmentOptionResponse&quot;:{&quot;successful&quot;:false,&quot;errorList&quot;:[{&quot;code&quot;:&quot;2997&quot;,&quot;message&quot;:&quot;TRAQS connection/request problem&quot;,&quot;source&quot;:null,&quot;rootCause&quot;:null}],&quot;alerts&quot;:null,&quot;cxsalerts&quot;:null}}&quot;">
      <![CDATA[java.lang.AssertionError: 
Expected: a string containing "{\"successful\":true"
     but: was "{"ShipmentOptionResponse":{"successful":false,"errorList":[{"code":"2997","message":"TRAQS connection/request problem","source":null,"rootCause":null}],"alerts":null,"cxsalerts":null}}"
at org.hamcrest.MatcherAssert.assertThat(MatcherAssert.java:20)
at org.junit.Assert.assertThat(Assert.java:956)
at org.junit.Assert.assertThat(Assert.java:923)
at Test_Data_Generation.Add_Tracking_Numbers_To_User.Add_Tracking_Number(Add_Tracking_Numbers_To_User.java:69)
at sun.reflect.GeneratedMethodAccessor2.invoke(Unknown Source)
at sun.reflect.DelegatingMethodAccessorImpl.invoke(Unknown Source)
at java.lang.reflect.Method.invoke(Unknown Source)
at org.testng.internal.MethodInvocationHelper.invokeMethod(MethodInvocationHelper.java:124)
at org.testng.internal.Invoker.invokeMethod(Invoker.java:580)
at org.testng.internal.Invoker.invokeTestMethod(Invoker.java:716)
at org.testng.internal.TestMethodWithDataProviderMethodWorker.call(TestMethodWithDataProviderMethodWorker.java:71)
at org.testng.internal.TestMethodWithDataProviderMethodWorker.call(TestMethodWithDataProviderMethodWorker.java:14)
at java.util.concurrent.FutureTask.run(Unknown Source)
at java.util.concurrent.Executors$RunnableAdapter.call(Unknown Source)
at java.util.concurrent.FutureTask.run(Unknown Source)
at java.util.concurrent.ThreadPoolExecutor.runWorker(Unknown Source)
at java.util.concurrent.ThreadPoolExecutor$Worker.run(Unknown Source)
at java.lang.Thread.run(Unknown Source)
]]>
    </failure>
  </testcase> <!-- Add_Tracking_Number -->
  <testcase name="Add_Tracking_Number" time="0.447" classname="Test_Data_Generation.Add_Tracking_Numbers_To_User"/>
  <testcase name="Add_Tracking_Number" time="0.699" classname="Test_Data_Generation.Add_Tracking_Numbers_To_User"/>
  <testcase name="Add_Tracking_Number" time="0.604" classname="Test_Data_Generation.Add_Tracking_Numbers_To_User"/>
  <testcase name="Add_Tracking_Number" time="0.487" classname="Test_Data_Generation.Add_Tracking_Numbers_To_User"/>
  <testcase name="Add_Tracking_Number" time="0.464" classname="Test_Data_Generation.Add_Tracking_Numbers_To_User"/>
  <testcase name="Add_Tracking_Number" time="0.563" classname="Test_Data_Generation.Add_Tracking_Numbers_To_User"/>
  <testcase name="Add_Tracking_Number" time="0.583" classname="Test_Data_Generation.Add_Tracking_Numbers_To_User"/>
  <testcase name="Add_Tracking_Number" time="0.560" classname="Test_Data_Generation.Add_Tracking_Numbers_To_User"/>
  <testcase name="Add_Tracking_Number" time="0.489" classname="Test_Data_Generation.Add_Tracking_Numbers_To_User"/>
  <testcase name="Add_Tracking_Number" time="0.708" classname="Test_Data_Generation.Add_Tracking_Numbers_To_User"/>
  <testcase name="Add_Tracking_Number" time="0.488" classname="Test_Data_Generation.Add_Tracking_Numbers_To_User"/>
  <testcase name="Add_Tracking_Number" time="0.781" classname="Test_Data_Generation.Add_Tracking_Numbers_To_User"/>
  <testcase name="Add_Tracking_Number" time="0.534" classname="Test_Data_Generation.Add_Tracking_Numbers_To_User"/>
  <testcase name="Add_Tracking_Number" time="0.469" classname="Test_Data_Generation.Add_Tracking_Numbers_To_User"/>
  <testcase name="Add_Tracking_Number" time="0.480" classname="Test_Data_Generation.Add_Tracking_Numbers_To_User"/>
  <testcase name="Add_Tracking_Number" time="0.570" classname="Test_Data_Generation.Add_Tracking_Numbers_To_User"/>
  <testcase name="Add_Tracking_Number" time="0.661" classname="Test_Data_Generation.Add_Tracking_Numbers_To_User"/>
  <testcase name="Add_Tracking_Number" time="0.525" classname="Test_Data_Generation.Add_Tracking_Numbers_To_User"/>
  <testcase name="Add_Tracking_Number" time="0.728" classname="Test_Data_Generation.Add_Tracking_Numbers_To_User"/>
  <testcase name="Add_Tracking_Number" time="0.554" classname="Test_Data_Generation.Add_Tracking_Numbers_To_User"/>
  <testcase name="Add_Tracking_Number" time="0.733" classname="Test_Data_Generation.Add_Tracking_Numbers_To_User"/>
  <testcase name="Add_Tracking_Number" time="1.104" classname="Test_Data_Generation.Add_Tracking_Numbers_To_User"/>
  <testcase name="Add_Tracking_Number" time="0.479" classname="Test_Data_Generation.Add_Tracking_Numbers_To_User"/>
  <testcase name="Add_Tracking_Number" time="0.672" classname="Test_Data_Generation.Add_Tracking_Numbers_To_User"/>
  <testcase name="Add_Tracking_Number" time="0.575" classname="Test_Data_Generation.Add_Tracking_Numbers_To_User"/>
  <testcase name="Add_Tracking_Number" time="0.401" classname="Test_Data_Generation.Add_Tracking_Numbers_To_User">
    <failure type="java.lang.AssertionError" message="
Expected: a string containing &quot;{\&quot;successful\&quot;:true&quot;
     but: was &quot;{&quot;ShipmentOptionResponse&quot;:{&quot;successful&quot;:false,&quot;errorList&quot;:[{&quot;code&quot;:&quot;2997&quot;,&quot;message&quot;:&quot;TRAQS connection/request problem&quot;,&quot;source&quot;:null,&quot;rootCause&quot;:null}],&quot;alerts&quot;:null,&quot;cxsalerts&quot;:null}}&quot;">
      <![CDATA[java.lang.AssertionError: 
Expected: a string containing "{\"successful\":true"
     but: was "{"ShipmentOptionResponse":{"successful":false,"errorList":[{"code":"2997","message":"TRAQS connection/request problem","source":null,"rootCause":null}],"alerts":null,"cxsalerts":null}}"
at org.hamcrest.MatcherAssert.assertThat(MatcherAssert.java:20)
at org.junit.Assert.assertThat(Assert.java:956)
at org.junit.Assert.assertThat(Assert.java:923)
at Test_Data_Generation.Add_Tracking_Numbers_To_User.Add_Tracking_Number(Add_Tracking_Numbers_To_User.java:69)
at sun.reflect.GeneratedMethodAccessor2.invoke(Unknown Source)
at sun.reflect.DelegatingMethodAccessorImpl.invoke(Unknown Source)
at java.lang.reflect.Method.invoke(Unknown Source)
at org.testng.internal.MethodInvocationHelper.invokeMethod(MethodInvocationHelper.java:124)
at org.testng.internal.Invoker.invokeMethod(Invoker.java:580)
at org.testng.internal.Invoker.invokeTestMethod(Invoker.java:716)
at org.testng.internal.TestMethodWithDataProviderMethodWorker.call(TestMethodWithDataProviderMethodWorker.java:71)
at org.testng.internal.TestMethodWithDataProviderMethodWorker.call(TestMethodWithDataProviderMethodWorker.java:14)
at java.util.concurrent.FutureTask.run(Unknown Source)
at java.util.concurrent.Executors$RunnableAdapter.call(Unknown Source)
at java.util.concurrent.FutureTask.run(Unknown Source)
at java.util.concurrent.ThreadPoolExecutor.runWorker(Unknown Source)
at java.util.concurrent.ThreadPoolExecutor$Worker.run(Unknown Source)
at java.lang.Thread.run(Unknown Source)
]]>
    </failure>
  </testcase> <!-- Add_Tracking_Number -->
  <testcase name="Add_Tracking_Number" time="0.495" classname="Test_Data_Generation.Add_Tracking_Numbers_To_User"/>
  <testcase name="Add_Tracking_Number" time="0.667" classname="Test_Data_Generation.Add_Tracking_Numbers_To_User"/>
  <testcase name="Add_Tracking_Number" time="0.531" classname="Test_Data_Generation.Add_Tracking_Numbers_To_User"/>
  <testcase name="Add_Tracking_Number" time="0.516" classname="Test_Data_Generation.Add_Tracking_Numbers_To_User"/>
  <testcase name="Add_Tracking_Number" time="0.549" classname="Test_Data_Generation.Add_Tracking_Numbers_To_User">
    <failure type="java.lang.AssertionError" message="
Expected: a string containing &quot;{\&quot;successful\&quot;:true&quot;
     but: was &quot;{&quot;ShipmentOptionResponse&quot;:{&quot;successful&quot;:false,&quot;errorList&quot;:[{&quot;code&quot;:&quot;2997&quot;,&quot;message&quot;:&quot;TRAQS connection/request problem&quot;,&quot;source&quot;:null,&quot;rootCause&quot;:null}],&quot;alerts&quot;:null,&quot;cxsalerts&quot;:null}}&quot;">
      <![CDATA[java.lang.AssertionError: 
Expected: a string containing "{\"successful\":true"
     but: was "{"ShipmentOptionResponse":{"successful":false,"errorList":[{"code":"2997","message":"TRAQS connection/request problem","source":null,"rootCause":null}],"alerts":null,"cxsalerts":null}}"
at org.hamcrest.MatcherAssert.assertThat(MatcherAssert.java:20)
at org.junit.Assert.assertThat(Assert.java:956)
at org.junit.Assert.assertThat(Assert.java:923)
at Test_Data_Generation.Add_Tracking_Numbers_To_User.Add_Tracking_Number(Add_Tracking_Numbers_To_User.java:69)
at sun.reflect.GeneratedMethodAccessor2.invoke(Unknown Source)
at sun.reflect.DelegatingMethodAccessorImpl.invoke(Unknown Source)
at java.lang.reflect.Method.invoke(Unknown Source)
at org.testng.internal.MethodInvocationHelper.invokeMethod(MethodInvocationHelper.java:124)
at org.testng.internal.Invoker.invokeMethod(Invoker.java:580)
at org.testng.internal.Invoker.invokeTestMethod(Invoker.java:716)
at org.testng.internal.TestMethodWithDataProviderMethodWorker.call(TestMethodWithDataProviderMethodWorker.java:71)
at org.testng.internal.TestMethodWithDataProviderMethodWorker.call(TestMethodWithDataProviderMethodWorker.java:14)
at java.util.concurrent.FutureTask.run(Unknown Source)
at java.util.concurrent.Executors$RunnableAdapter.call(Unknown Source)
at java.util.concurrent.FutureTask.run(Unknown Source)
at java.util.concurrent.ThreadPoolExecutor.runWorker(Unknown Source)
at java.util.concurrent.ThreadPoolExecutor$Worker.run(Unknown Source)
at java.lang.Thread.run(Unknown Source)
]]>
    </failure>
  </testcase> <!-- Add_Tracking_Number -->
  <testcase name="Add_Tracking_Number" time="0.568" classname="Test_Data_Generation.Add_Tracking_Numbers_To_User"/>
  <testcase name="Add_Tracking_Number" time="0.566" classname="Test_Data_Generation.Add_Tracking_Numbers_To_User"/>
  <testcase name="Add_Tracking_Number" time="0.510" classname="Test_Data_Generation.Add_Tracking_Numbers_To_User"/>
  <testcase name="Add_Tracking_Number" time="0.486" classname="Test_Data_Generation.Add_Tracking_Numbers_To_User"/>
  <testcase name="Add_Tracking_Number" time="0.466" classname="Test_Data_Generation.Add_Tracking_Numbers_To_User"/>
  <testcase name="Add_Tracking_Number" time="0.484" classname="Test_Data_Generation.Add_Tracking_Numbers_To_User"/>
  <testcase name="Add_Tracking_Number" time="0.551" classname="Test_Data_Generation.Add_Tracking_Numbers_To_User"/>
  <testcase name="Add_Tracking_Number" time="0.628" classname="Test_Data_Generation.Add_Tracking_Numbers_To_User"/>
  <testcase name="Add_Tracking_Number" time="0.741" classname="Test_Data_Generation.Add_Tracking_Numbers_To_User"/>
  <testcase name="Add_Tracking_Number" time="0.516" classname="Test_Data_Generation.Add_Tracking_Numbers_To_User"/>
  <testcase name="Add_Tracking_Number" time="0.547" classname="Test_Data_Generation.Add_Tracking_Numbers_To_User"/>
  <testcase name="Add_Tracking_Number" time="0.441" classname="Test_Data_Generation.Add_Tracking_Numbers_To_User"/>
  <testcase name="Add_Tracking_Number" time="0.996" classname="Test_Data_Generation.Add_Tracking_Numbers_To_User"/>
  <testcase name="Add_Tracking_Number" time="0.461" classname="Test_Data_Generation.Add_Tracking_Numbers_To_User"/>
  <testcase name="Add_Tracking_Number" time="0.249" classname="Test_Data_Generation.Add_Tracking_Numbers_To_User"/>
  <testcase name="Add_Tracking_Number" time="0.576" classname="Test_Data_Generation.Add_Tracking_Numbers_To_User"/>
  <testcase name="Add_Tracking_Number" time="0.542" classname="Test_Data_Generation.Add_Tracking_Numbers_To_User"/>
  <testcase name="Add_Tracking_Number" time="0.531" classname="Test_Data_Generation.Add_Tracking_Numbers_To_User"/>
  <testcase name="Add_Tracking_Number" time="0.483" classname="Test_Data_Generation.Add_Tracking_Numbers_To_User"/>
  <testcase name="Add_Tracking_Number" time="0.495" classname="Test_Data_Generation.Add_Tracking_Numbers_To_User">
    <failure type="java.lang.AssertionError" message="
Expected: a string containing &quot;{\&quot;successful\&quot;:true&quot;
     but: was &quot;{&quot;ShipmentOptionResponse&quot;:{&quot;successful&quot;:false,&quot;errorList&quot;:[{&quot;code&quot;:&quot;2997&quot;,&quot;message&quot;:&quot;TRAQS connection/request problem&quot;,&quot;source&quot;:null,&quot;rootCause&quot;:null}],&quot;alerts&quot;:null,&quot;cxsalerts&quot;:null}}&quot;">
      <![CDATA[java.lang.AssertionError: 
Expected: a string containing "{\"successful\":true"
     but: was "{"ShipmentOptionResponse":{"successful":false,"errorList":[{"code":"2997","message":"TRAQS connection/request problem","source":null,"rootCause":null}],"alerts":null,"cxsalerts":null}}"
at org.hamcrest.MatcherAssert.assertThat(MatcherAssert.java:20)
at org.junit.Assert.assertThat(Assert.java:956)
at org.junit.Assert.assertThat(Assert.java:923)
at Test_Data_Generation.Add_Tracking_Numbers_To_User.Add_Tracking_Number(Add_Tracking_Numbers_To_User.java:69)
at sun.reflect.GeneratedMethodAccessor2.invoke(Unknown Source)
at sun.reflect.DelegatingMethodAccessorImpl.invoke(Unknown Source)
at java.lang.reflect.Method.invoke(Unknown Source)
at org.testng.internal.MethodInvocationHelper.invokeMethod(MethodInvocationHelper.java:124)
at org.testng.internal.Invoker.invokeMethod(Invoker.java:580)
at org.testng.internal.Invoker.invokeTestMethod(Invoker.java:716)
at org.testng.internal.TestMethodWithDataProviderMethodWorker.call(TestMethodWithDataProviderMethodWorker.java:71)
at org.testng.internal.TestMethodWithDataProviderMethodWorker.call(TestMethodWithDataProviderMethodWorker.java:14)
at java.util.concurrent.FutureTask.run(Unknown Source)
at java.util.concurrent.Executors$RunnableAdapter.call(Unknown Source)
at java.util.concurrent.FutureTask.run(Unknown Source)
at java.util.concurrent.ThreadPoolExecutor.runWorker(Unknown Source)
at java.util.concurrent.ThreadPoolExecutor$Worker.run(Unknown Source)
at java.lang.Thread.run(Unknown Source)
]]>
    </failure>
  </testcase> <!-- Add_Tracking_Number -->
  <testcase name="Add_Tracking_Number" time="0.735" classname="Test_Data_Generation.Add_Tracking_Numbers_To_User"/>
  <testcase name="Add_Tracking_Number" time="0.511" classname="Test_Data_Generation.Add_Tracking_Numbers_To_User"/>
  <testcase name="Add_Tracking_Number" time="0.057" classname="Test_Data_Generation.Add_Tracking_Numbers_To_User"/>
  <testcase name="Add_Tracking_Number" time="0.577" classname="Test_Data_Generation.Add_Tracking_Numbers_To_User"/>
  <testcase name="Add_Tracking_Number" time="0.613" classname="Test_Data_Generation.Add_Tracking_Numbers_To_User"/>
  <testcase name="Add_Tracking_Number" time="0.433" classname="Test_Data_Generation.Add_Tracking_Numbers_To_User"/>
  <testcase name="Add_Tracking_Number" time="0.515" classname="Test_Data_Generation.Add_Tracking_Numbers_To_User"/>
  <testcase name="Add_Tracking_Number" time="0.586" classname="Test_Data_Generation.Add_Tracking_Numbers_To_User"/>
  <testcase name="Add_Tracking_Number" time="0.503" classname="Test_Data_Generation.Add_Tracking_Numbers_To_User"/>
  <testcase name="Add_Tracking_Number" time="0.553" classname="Test_Data_Generation.Add_Tracking_Numbers_To_User"/>
  <testcase name="Add_Tracking_Number" time="0.565" classname="Test_Data_Generation.Add_Tracking_Numbers_To_User"/>
  <testcase name="Add_Tracking_Number" time="0.520" classname="Test_Data_Generation.Add_Tracking_Numbers_To_User"/>
  <testcase name="Add_Tracking_Number" time="0.485" classname="Test_Data_Generation.Add_Tracking_Numbers_To_User"/>
  <testcase name="Add_Tracking_Number" time="0.457" classname="Test_Data_Generation.Add_Tracking_Numbers_To_User"/>
  <testcase name="Add_Tracking_Number" time="0.507" classname="Test_Data_Generation.Add_Tracking_Numbers_To_User"/>
  <testcase name="Add_Tracking_Number" time="0.570" classname="Test_Data_Generation.Add_Tracking_Numbers_To_User"/>
  <testcase name="Add_Tracking_Number" time="0.511" classname="Test_Data_Generation.Add_Tracking_Numbers_To_User"/>
  <testcase name="Add_Tracking_Number" time="0.449" classname="Test_Data_Generation.Add_Tracking_Numbers_To_User"/>
  <testcase name="Add_Tracking_Number" time="0.568" classname="Test_Data_Generation.Add_Tracking_Numbers_To_User"/>
  <testcase name="Add_Tracking_Number" time="0.059" classname="Test_Data_Generation.Add_Tracking_Numbers_To_User"/>
  <testcase name="Add_Tracking_Number" time="0.445" classname="Test_Data_Generation.Add_Tracking_Numbers_To_User"/>
  <testcase name="Add_Tracking_Number" time="0.556" classname="Test_Data_Generation.Add_Tracking_Numbers_To_User"/>
  <testcase name="Add_Tracking_Number" time="0.610" classname="Test_Data_Generation.Add_Tracking_Numbers_To_User"/>
  <testcase name="Add_Tracking_Number" time="0.590" classname="Test_Data_Generation.Add_Tracking_Numbers_To_User"/>
  <testcase name="Add_Tracking_Number" time="0.516" classname="Test_Data_Generation.Add_Tracking_Numbers_To_User"/>
  <testcase name="Add_Tracking_Number" time="0.604" classname="Test_Data_Generation.Add_Tracking_Numbers_To_User"/>
  <testcase name="Add_Tracking_Number" time="0.492" classname="Test_Data_Generation.Add_Tracking_Numbers_To_User"/>
  <testcase name="Add_Tracking_Number" time="0.566" classname="Test_Data_Generation.Add_Tracking_Numbers_To_User"/>
  <testcase name="Add_Tracking_Number" time="0.718" classname="Test_Data_Generation.Add_Tracking_Numbers_To_User"/>
  <testcase name="Add_Tracking_Number" time="0.533" classname="Test_Data_Generation.Add_Tracking_Numbers_To_User"/>
  <testcase name="Add_Tracking_Number" time="0.516" classname="Test_Data_Generation.Add_Tracking_Numbers_To_User"/>
  <testcase name="Add_Tracking_Number" time="0.681" classname="Test_Data_Generation.Add_Tracking_Numbers_To_User"/>
  <testcase name="Add_Tracking_Number" time="0.603" classname="Test_Data_Generation.Add_Tracking_Numbers_To_User"/>
  <testcase name="Add_Tracking_Number" time="0.665" classname="Test_Data_Generation.Add_Tracking_Numbers_To_User"/>
  <testcase name="Add_Tracking_Number" time="0.496" classname="Test_Data_Generation.Add_Tracking_Numbers_To_User"/>
  <testcase name="Add_Tracking_Number" time="0.266" classname="Test_Data_Generation.Add_Tracking_Numbers_To_User"/>
  <testcase name="Add_Tracking_Number" time="0.528" classname="Test_Data_Generation.Add_Tracking_Numbers_To_User"/>
  <testcase name="Add_Tracking_Number" time="0.575" classname="Test_Data_Generation.Add_Tracking_Numbers_To_User"/>
  <testcase name="Add_Tracking_Number" time="0.457" classname="Test_Data_Generation.Add_Tracking_Numbers_To_User"/>
  <testcase name="Add_Tracking_Number" time="0.687" classname="Test_Data_Generation.Add_Tracking_Numbers_To_User"/>
  <testcase name="Add_Tracking_Number" time="0.539" classname="Test_Data_Generation.Add_Tracking_Numbers_To_User"/>
  <testcase name="Add_Tracking_Number" time="0.443" classname="Test_Data_Generation.Add_Tracking_Numbers_To_User"/>
  <testcase name="Add_Tracking_Number" time="0.472" classname="Test_Data_Generation.Add_Tracking_Numbers_To_User"/>
  <testcase name="Add_Tracking_Number" time="0.504" classname="Test_Data_Generation.Add_Tracking_Numbers_To_User"/>
  <testcase name="Add_Tracking_Number" time="0.465" classname="Test_Data_Generation.Add_Tracking_Numbers_To_User"/>
  <testcase name="Add_Tracking_Number" time="0.530" classname="Test_Data_Generation.Add_Tracking_Numbers_To_User"/>
  <testcase name="Add_Tracking_Number" time="0.557" classname="Test_Data_Generation.Add_Tracking_Numbers_To_User"/>
  <testcase name="Add_Tracking_Number" time="0.574" classname="Test_Data_Generation.Add_Tracking_Numbers_To_User"/>
  <testcase name="Add_Tracking_Number" time="0.478" classname="Test_Data_Generation.Add_Tracking_Numbers_To_User"/>
  <testcase name="Add_Tracking_Number" time="0.474" classname="Test_Data_Generation.Add_Tracking_Numbers_To_User"/>
  <testcase name="Add_Tracking_Number" time="0.519" classname="Test_Data_Generation.Add_Tracking_Numbers_To_User"/>
  <testcase name="Add_Tracking_Number" time="0.503" classname="Test_Data_Generation.Add_Tracking_Numbers_To_User"/>
  <testcase name="Add_Tracking_Number" time="0.606" classname="Test_Data_Generation.Add_Tracking_Numbers_To_User"/>
  <testcase name="Add_Tracking_Number" time="0.557" classname="Test_Data_Generation.Add_Tracking_Numbers_To_User"/>
  <testcase name="Add_Tracking_Number" time="0.523" classname="Test_Data_Generation.Add_Tracking_Numbers_To_User"/>
  <testcase name="Add_Tracking_Number" time="0.674" classname="Test_Data_Generation.Add_Tracking_Numbers_To_User"/>
  <testcase name="Add_Tracking_Number" time="0.551" classname="Test_Data_Generation.Add_Tracking_Numbers_To_User"/>
  <testcase name="Add_Tracking_Number" time="0.642" classname="Test_Data_Generation.Add_Tracking_Numbers_To_User"/>
  <testcase name="Add_Tracking_Number" time="0.596" classname="Test_Data_Generation.Add_Tracking_Numbers_To_User"/>
  <testcase name="Add_Tracking_Number" time="0.673" classname="Test_Data_Generation.Add_Tracking_Numbers_To_User"/>
  <testcase name="Add_Tracking_Number" time="0.494" classname="Test_Data_Generation.Add_Tracking_Numbers_To_User"/>
  <testcase name="Add_Tracking_Number" time="0.526" classname="Test_Data_Generation.Add_Tracking_Numbers_To_User"/>
  <testcase name="Add_Tracking_Number" time="0.660" classname="Test_Data_Generation.Add_Tracking_Numbers_To_User"/>
  <testcase name="Add_Tracking_Number" time="0.635" classname="Test_Data_Generation.Add_Tracking_Numbers_To_User"/>
  <testcase name="Add_Tracking_Number" time="0.476" classname="Test_Data_Generation.Add_Tracking_Numbers_To_User"/>
  <testcase name="Add_Tracking_Number" time="0.507" classname="Test_Data_Generation.Add_Tracking_Numbers_To_User"/>
  <testcase name="Add_Tracking_Number" time="0.494" classname="Test_Data_Generation.Add_Tracking_Numbers_To_User"/>
  <testcase name="Add_Tracking_Number" time="0.581" classname="Test_Data_Generation.Add_Tracking_Numbers_To_User"/>
  <testcase name="Add_Tracking_Number" time="0.497" classname="Test_Data_Generation.Add_Tracking_Numbers_To_User"/>
  <testcase name="Add_Tracking_Number" time="0.460" classname="Test_Data_Generation.Add_Tracking_Numbers_To_User"/>
  <testcase name="Add_Tracking_Number" time="0.459" classname="Test_Data_Generation.Add_Tracking_Numbers_To_User"/>
  <testcase name="Add_Tracking_Number" time="0.618" classname="Test_Data_Generation.Add_Tracking_Numbers_To_User"/>
  <testcase name="Add_Tracking_Number" time="0.590" classname="Test_Data_Generation.Add_Tracking_Numbers_To_User"/>
  <testcase name="Add_Tracking_Number" time="0.536" classname="Test_Data_Generation.Add_Tracking_Numbers_To_User"/>
  <testcase name="Add_Tracking_Number" time="0.567" classname="Test_Data_Generation.Add_Tracking_Numbers_To_User"/>
  <testcase name="Add_Tracking_Number" time="1.449" classname="Test_Data_Generation.Add_Tracking_Numbers_To_User"/>
  <testcase name="Add_Tracking_Number" time="0.511" classname="Test_Data_Generation.Add_Tracking_Numbers_To_User"/>
  <testcase name="Add_Tracking_Number" time="0.480" classname="Test_Data_Generation.Add_Tracking_Numbers_To_User"/>
  <testcase name="Add_Tracking_Number" time="0.568" classname="Test_Data_Generation.Add_Tracking_Numbers_To_User"/>
  <testcase name="Add_Tracking_Number" time="0.700" classname="Test_Data_Generation.Add_Tracking_Numbers_To_User"/>
  <testcase name="Add_Tracking_Number" time="0.518" classname="Test_Data_Generation.Add_Tracking_Numbers_To_User"/>
  <testcase name="Add_Tracking_Number" time="0.479" classname="Test_Data_Generation.Add_Tracking_Numbers_To_User"/>
  <testcase name="Add_Tracking_Number" time="0.439" classname="Test_Data_Generation.Add_Tracking_Numbers_To_User"/>
  <testcase name="Add_Tracking_Number" time="0.543" classname="Test_Data_Generation.Add_Tracking_Numbers_To_User"/>
  <testcase name="Add_Tracking_Number" time="0.461" classname="Test_Data_Generation.Add_Tracking_Numbers_To_User"/>
  <testcase name="Add_Tracking_Number" time="0.645" classname="Test_Data_Generation.Add_Tracking_Numbers_To_User"/>
  <testcase name="Add_Tracking_Number" time="0.590" classname="Test_Data_Generation.Add_Tracking_Numbers_To_User"/>
  <testcase name="Add_Tracking_Number" time="0.320" classname="Test_Data_Generation.Add_Tracking_Numbers_To_User"/>
  <testcase name="Add_Tracking_Number" time="0.560" classname="Test_Data_Generation.Add_Tracking_Numbers_To_User"/>
  <testcase name="Add_Tracking_Number" time="0.593" classname="Test_Data_Generation.Add_Tracking_Numbers_To_User"/>
  <testcase name="Add_Tracking_Number" time="0.522" classname="Test_Data_Generation.Add_Tracking_Numbers_To_User"/>
  <testcase name="Add_Tracking_Number" time="0.529" classname="Test_Data_Generation.Add_Tracking_Numbers_To_User"/>
  <testcase name="Add_Tracking_Number" time="0.494" classname="Test_Data_Generation.Add_Tracking_Numbers_To_User"/>
  <testcase name="Add_Tracking_Number" time="0.513" classname="Test_Data_Generation.Add_Tracking_Numbers_To_User"/>
  <testcase name="Add_Tracking_Number" time="0.562" classname="Test_Data_Generation.Add_Tracking_Numbers_To_User"/>
  <testcase name="Add_Tracking_Number" time="0.612" classname="Test_Data_Generation.Add_Tracking_Numbers_To_User"/>
  <testcase name="Add_Tracking_Number" time="0.512" classname="Test_Data_Generation.Add_Tracking_Numbers_To_User"/>
  <testcase name="Add_Tracking_Number" time="0.539" classname="Test_Data_Generation.Add_Tracking_Numbers_To_User"/>
  <testcase name="Add_Tracking_Number" time="0.501" classname="Test_Data_Generation.Add_Tracking_Numbers_To_User"/>
  <testcase name="Add_Tracking_Number" time="0.516" classname="Test_Data_Generation.Add_Tracking_Numbers_To_User"/>
  <testcase name="Add_Tracking_Number" time="0.498" classname="Test_Data_Generation.Add_Tracking_Numbers_To_User"/>
  <testcase name="Add_Tracking_Number" time="0.790" classname="Test_Data_Generation.Add_Tracking_Numbers_To_User"/>
  <testcase name="Add_Tracking_Number" time="0.520" classname="Test_Data_Generation.Add_Tracking_Numbers_To_User"/>
  <testcase name="Add_Tracking_Number" time="0.528" classname="Test_Data_Generation.Add_Tracking_Numbers_To_User"/>
  <testcase name="Add_Tracking_Number" time="0.593" classname="Test_Data_Generation.Add_Tracking_Numbers_To_User"/>
  <testcase name="Add_Tracking_Number" time="0.508" classname="Test_Data_Generation.Add_Tracking_Numbers_To_User"/>
  <testcase name="Add_Tracking_Number" time="0.514" classname="Test_Data_Generation.Add_Tracking_Numbers_To_User"/>
  <testcase name="Add_Tracking_Number" time="0.167" classname="Test_Data_Generation.Add_Tracking_Numbers_To_User"/>
  <testcase name="Add_Tracking_Number" time="0.508" classname="Test_Data_Generation.Add_Tracking_Numbers_To_User"/>
  <testcase name="Add_Tracking_Number" time="0.462" classname="Test_Data_Generation.Add_Tracking_Numbers_To_User"/>
  <testcase name="Add_Tracking_Number" time="0.524" classname="Test_Data_Generation.Add_Tracking_Numbers_To_User"/>
  <testcase name="Add_Tracking_Number" time="0.433" classname="Test_Data_Generation.Add_Tracking_Numbers_To_User"/>
  <testcase name="Add_Tracking_Number" time="0.497" classname="Test_Data_Generation.Add_Tracking_Numbers_To_User"/>
  <testcase name="Add_Tracking_Number" time="0.465" classname="Test_Data_Generation.Add_Tracking_Numbers_To_User"/>
  <testcase name="Add_Tracking_Number" time="0.728" classname="Test_Data_Generation.Add_Tracking_Numbers_To_User"/>
  <testcase name="Add_Tracking_Number" time="1.122" classname="Test_Data_Generation.Add_Tracking_Numbers_To_User"/>
  <testcase name="Add_Tracking_Number" time="0.702" classname="Test_Data_Generation.Add_Tracking_Numbers_To_User"/>
  <testcase name="Add_Tracking_Number" time="0.518" classname="Test_Data_Generation.Add_Tracking_Numbers_To_User"/>
  <testcase name="Add_Tracking_Number" time="0.520" classname="Test_Data_Generation.Add_Tracking_Numbers_To_User"/>
  <testcase name="Add_Tracking_Number" time="0.571" classname="Test_Data_Generation.Add_Tracking_Numbers_To_User"/>
  <testcase name="Add_Tracking_Number" time="0.447" classname="Test_Data_Generation.Add_Tracking_Numbers_To_User"/>
  <testcase name="Add_Tracking_Number" time="0.564" classname="Test_Data_Generation.Add_Tracking_Numbers_To_User"/>
  <testcase name="Add_Tracking_Number" time="0.531" classname="Test_Data_Generation.Add_Tracking_Numbers_To_User"/>
  <testcase name="Add_Tracking_Number" time="0.484" classname="Test_Data_Generation.Add_Tracking_Numbers_To_User"/>
  <testcase name="Add_Tracking_Number" time="0.657" classname="Test_Data_Generation.Add_Tracking_Numbers_To_User"/>
  <testcase name="Add_Tracking_Number" time="0.499" classname="Test_Data_Generation.Add_Tracking_Numbers_To_User"/>
  <testcase name="Add_Tracking_Number" time="0.494" classname="Test_Data_Generation.Add_Tracking_Numbers_To_User"/>
  <testcase name="Add_Tracking_Number" time="0.505" classname="Test_Data_Generation.Add_Tracking_Numbers_To_User"/>
  <testcase name="Add_Tracking_Number" time="0.500" classname="Test_Data_Generation.Add_Tracking_Numbers_To_User"/>
  <testcase name="Add_Tracking_Number" time="0.635" classname="Test_Data_Generation.Add_Tracking_Numbers_To_User"/>
  <testcase name="Add_Tracking_Number" time="0.763" classname="Test_Data_Generation.Add_Tracking_Numbers_To_User"/>
  <testcase name="Add_Tracking_Number" time="0.751" classname="Test_Data_Generation.Add_Tracking_Numbers_To_User"/>
  <testcase name="Add_Tracking_Number" time="0.651" classname="Test_Data_Generation.Add_Tracking_Numbers_To_User"/>
  <testcase name="Add_Tracking_Number" time="0.553" classname="Test_Data_Generation.Add_Tracking_Numbers_To_User"/>
  <testcase name="Add_Tracking_Number" time="0.707" classname="Test_Data_Generation.Add_Tracking_Numbers_To_User"/>
  <testcase name="Add_Tracking_Number" time="0.506" classname="Test_Data_Generation.Add_Tracking_Numbers_To_User"/>
  <testcase name="Add_Tracking_Number" time="0.641" classname="Test_Data_Generation.Add_Tracking_Numbers_To_User"/>
  <testcase name="Add_Tracking_Number" time="0.501" classname="Test_Data_Generation.Add_Tracking_Numbers_To_User"/>
  <testcase name="Add_Tracking_Number" time="0.520" classname="Test_Data_Generation.Add_Tracking_Numbers_To_User"/>
  <testcase name="Add_Tracking_Number" time="0.596" classname="Test_Data_Generation.Add_Tracking_Numbers_To_User"/>
  <testcase name="Add_Tracking_Number" time="0.633" classname="Test_Data_Generation.Add_Tracking_Numbers_To_User"/>
  <testcase name="Add_Tracking_Number" time="0.505" classname="Test_Data_Generation.Add_Tracking_Numbers_To_User"/>
  <testcase name="Add_Tracking_Number" time="0.536" classname="Test_Data_Generation.Add_Tracking_Numbers_To_User"/>
  <testcase name="Add_Tracking_Number" time="0.459" classname="Test_Data_Generation.Add_Tracking_Numbers_To_User"/>
  <testcase name="Add_Tracking_Number" time="0.491" classname="Test_Data_Generation.Add_Tracking_Numbers_To_User"/>
  <testcase name="Add_Tracking_Number" time="0.479" classname="Test_Data_Generation.Add_Tracking_Numbers_To_User"/>
  <testcase name="Add_Tracking_Number" time="0.539" classname="Test_Data_Generation.Add_Tracking_Numbers_To_User"/>
  <testcase name="Add_Tracking_Number" time="0.692" classname="Test_Data_Generation.Add_Tracking_Numbers_To_User"/>
  <testcase name="Add_Tracking_Number" time="0.552" classname="Test_Data_Generation.Add_Tracking_Numbers_To_User"/>
  <testcase name="Add_Tracking_Number" time="0.573" classname="Test_Data_Generation.Add_Tracking_Numbers_To_User"/>
  <testcase name="Add_Tracking_Number" time="0.556" classname="Test_Data_Generation.Add_Tracking_Numbers_To_User"/>
  <testcase name="Add_Tracking_Number" time="0.528" classname="Test_Data_Generation.Add_Tracking_Numbers_To_User"/>
  <testcase name="Add_Tracking_Number" time="0.587" classname="Test_Data_Generation.Add_Tracking_Numbers_To_User"/>
  <testcase name="Add_Tracking_Number" time="0.493" classname="Test_Data_Generation.Add_Tracking_Numbers_To_User"/>
  <testcase name="Add_Tracking_Number" time="0.544" classname="Test_Data_Generation.Add_Tracking_Numbers_To_User"/>
  <testcase name="Add_Tracking_Number" time="0.479" classname="Test_Data_Generation.Add_Tracking_Numbers_To_User"/>
  <testcase name="Add_Tracking_Number" time="0.537" classname="Test_Data_Generation.Add_Tracking_Numbers_To_User"/>
  <testcase name="Add_Tracking_Number" time="0.530" classname="Test_Data_Generation.Add_Tracking_Numbers_To_User"/>
  <testcase name="Add_Tracking_Number" time="0.491" classname="Test_Data_Generation.Add_Tracking_Numbers_To_User"/>
  <testcase name="Add_Tracking_Number" time="0.726" classname="Test_Data_Generation.Add_Tracking_Numbers_To_User"/>
  <testcase name="Add_Tracking_Number" time="0.530" classname="Test_Data_Generation.Add_Tracking_Numbers_To_User"/>
  <testcase name="Add_Tracking_Number" time="0.500" classname="Test_Data_Generation.Add_Tracking_Numbers_To_User"/>
  <testcase name="Add_Tracking_Number" time="0.594" classname="Test_Data_Generation.Add_Tracking_Numbers_To_User"/>
  <testcase name="Add_Tracking_Number" time="0.059" classname="Test_Data_Generation.Add_Tracking_Numbers_To_User"/>
  <testcase name="Add_Tracking_Number" time="0.631" classname="Test_Data_Generation.Add_Tracking_Numbers_To_User"/>
  <testcase name="Add_Tracking_Number" time="0.582" classname="Test_Data_Generation.Add_Tracking_Numbers_To_User"/>
  <testcase name="Add_Tracking_Number" time="0.534" classname="Test_Data_Generation.Add_Tracking_Numbers_To_User"/>
  <testcase name="Add_Tracking_Number" time="0.608" classname="Test_Data_Generation.Add_Tracking_Numbers_To_User"/>
  <testcase name="Add_Tracking_Number" time="0.498" classname="Test_Data_Generation.Add_Tracking_Numbers_To_User"/>
  <testcase name="Add_Tracking_Number" time="0.502" classname="Test_Data_Generation.Add_Tracking_Numbers_To_User"/>
  <testcase name="Add_Tracking_Number" time="0.596" classname="Test_Data_Generation.Add_Tracking_Numbers_To_User"/>
  <testcase name="Add_Tracking_Number" time="0.528" classname="Test_Data_Generation.Add_Tracking_Numbers_To_User"/>
  <testcase name="Add_Tracking_Number" time="0.499" classname="Test_Data_Generation.Add_Tracking_Numbers_To_User"/>
  <testcase name="Add_Tracking_Number" time="0.592" classname="Test_Data_Generation.Add_Tracking_Numbers_To_User"/>
  <testcase name="Add_Tracking_Number" time="0.518" classname="Test_Data_Generation.Add_Tracking_Numbers_To_User"/>
  <testcase name="Add_Tracking_Number" time="0.558" classname="Test_Data_Generation.Add_Tracking_Numbers_To_User"/>
  <testcase name="Add_Tracking_Number" time="0.539" classname="Test_Data_Generation.Add_Tracking_Numbers_To_User"/>
  <testcase name="Add_Tracking_Number" time="0.720" classname="Test_Data_Generation.Add_Tracking_Numbers_To_User"/>
  <testcase name="Add_Tracking_Number" time="0.485" classname="Test_Data_Generation.Add_Tracking_Numbers_To_User"/>
  <testcase name="Add_Tracking_Number" time="0.566" classname="Test_Data_Generation.Add_Tracking_Numbers_To_User"/>
  <testcase name="Add_Tracking_Number" time="0.463" classname="Test_Data_Generation.Add_Tracking_Numbers_To_User"/>
  <testcase name="Add_Tracking_Number" time="0.430" classname="Test_Data_Generation.Add_Tracking_Numbers_To_User"/>
  <testcase name="Add_Tracking_Number" time="0.616" classname="Test_Data_Generation.Add_Tracking_Numbers_To_User"/>
  <testcase name="Add_Tracking_Number" time="0.581" classname="Test_Data_Generation.Add_Tracking_Numbers_To_User"/>
  <testcase name="Add_Tracking_Number" time="0.498" classname="Test_Data_Generation.Add_Tracking_Numbers_To_User"/>
  <testcase name="Add_Tracking_Number" time="0.608" classname="Test_Data_Generation.Add_Tracking_Numbers_To_User"/>
  <testcase name="Add_Tracking_Number" time="0.490" classname="Test_Data_Generation.Add_Tracking_Numbers_To_User"/>
  <testcase name="Add_Tracking_Number" time="0.539" classname="Test_Data_Generation.Add_Tracking_Numbers_To_User"/>
  <testcase name="Add_Tracking_Number" time="0.625" classname="Test_Data_Generation.Add_Tracking_Numbers_To_User"/>
  <testcase name="Add_Tracking_Number" time="0.557" classname="Test_Data_Generation.Add_Tracking_Numbers_To_User"/>
  <testcase name="Add_Tracking_Number" time="0.488" classname="Test_Data_Generation.Add_Tracking_Numbers_To_User"/>
  <testcase name="Add_Tracking_Number" time="0.521" classname="Test_Data_Generation.Add_Tracking_Numbers_To_User"/>
  <testcase name="Add_Tracking_Number" time="0.055" classname="Test_Data_Generation.Add_Tracking_Numbers_To_User"/>
  <testcase name="Add_Tracking_Number" time="0.519" classname="Test_Data_Generation.Add_Tracking_Numbers_To_User"/>
  <testcase name="Add_Tracking_Number" time="0.523" classname="Test_Data_Generation.Add_Tracking_Numbers_To_User"/>
  <testcase name="Add_Tracking_Number" time="0.691" classname="Test_Data_Generation.Add_Tracking_Numbers_To_User"/>
  <testcase name="Add_Tracking_Number" time="0.664" classname="Test_Data_Generation.Add_Tracking_Numbers_To_User"/>
  <testcase name="Add_Tracking_Number" time="0.555" classname="Test_Data_Generation.Add_Tracking_Numbers_To_User"/>
  <testcase name="Add_Tracking_Number" time="0.553" classname="Test_Data_Generation.Add_Tracking_Numbers_To_User"/>
  <testcase name="Add_Tracking_Number" time="0.498" classname="Test_Data_Generation.Add_Tracking_Numbers_To_User"/>
  <testcase name="Add_Tracking_Number" time="0.495" classname="Test_Data_Generation.Add_Tracking_Numbers_To_User"/>
  <testcase name="Add_Tracking_Number" time="0.520" classname="Test_Data_Generation.Add_Tracking_Numbers_To_User"/>
  <testcase name="Add_Tracking_Number" time="0.501" classname="Test_Data_Generation.Add_Tracking_Numbers_To_User"/>
  <testcase name="Add_Tracking_Number" time="0.087" classname="Test_Data_Generation.Add_Tracking_Numbers_To_User"/>
  <testcase name="Add_Tracking_Number" time="0.566" classname="Test_Data_Generation.Add_Tracking_Numbers_To_User"/>
  <testcase name="Add_Tracking_Number" time="0.505" classname="Test_Data_Generation.Add_Tracking_Numbers_To_User"/>
  <testcase name="Add_Tracking_Number" time="0.575" classname="Test_Data_Generation.Add_Tracking_Numbers_To_User"/>
  <testcase name="Add_Tracking_Number" time="1.083" classname="Test_Data_Generation.Add_Tracking_Numbers_To_User"/>
  <testcase name="Add_Tracking_Number" time="0.576" classname="Test_Data_Generation.Add_Tracking_Numbers_To_User"/>
  <testcase name="Add_Tracking_Number" time="0.618" classname="Test_Data_Generation.Add_Tracking_Numbers_To_User"/>
  <testcase name="Add_Tracking_Number" time="0.553" classname="Test_Data_Generation.Add_Tracking_Numbers_To_User"/>
  <testcase name="Add_Tracking_Number" time="0.486" classname="Test_Data_Generation.Add_Tracking_Numbers_To_User"/>
  <testcase name="Add_Tracking_Number" time="0.553" classname="Test_Data_Generation.Add_Tracking_Numbers_To_User"/>
  <testcase name="Add_Tracking_Number" time="0.115" classname="Test_Data_Generation.Add_Tracking_Numbers_To_User"/>
  <testcase name="Add_Tracking_Number" time="0.556" classname="Test_Data_Generation.Add_Tracking_Numbers_To_User"/>
  <testcase name="Add_Tracking_Number" time="0.683" classname="Test_Data_Generation.Add_Tracking_Numbers_To_User"/>
  <testcase name="Add_Tracking_Number" time="0.840" classname="Test_Data_Generation.Add_Tracking_Numbers_To_User"/>
  <testcase name="Add_Tracking_Number" time="0.585" classname="Test_Data_Generation.Add_Tracking_Numbers_To_User"/>
  <testcase name="Add_Tracking_Number" time="13.740" classname="Test_Data_Generation.Add_Tracking_Numbers_To_User"/>
  <testcase name="Add_Tracking_Number" time="0.535" classname="Test_Data_Generation.Add_Tracking_Numbers_To_User"/>
  <testcase name="Add_Tracking_Number" time="0.806" classname="Test_Data_Generation.Add_Tracking_Numbers_To_User"/>
  <testcase name="Add_Tracking_Number" time="0.466" classname="Test_Data_Generation.Add_Tracking_Numbers_To_User"/>
  <testcase name="Add_Tracking_Number" time="0.540" classname="Test_Data_Generation.Add_Tracking_Numbers_To_User"/>
  <testcase name="Add_Tracking_Number" time="0.658" classname="Test_Data_Generation.Add_Tracking_Numbers_To_User"/>
  <testcase name="Add_Tracking_Number" time="0.540" classname="Test_Data_Generation.Add_Tracking_Numbers_To_User"/>
  <testcase name="Add_Tracking_Number" time="0.585" classname="Test_Data_Generation.Add_Tracking_Numbers_To_User"/>
  <testcase name="Add_Tracking_Number" time="0.580" classname="Test_Data_Generation.Add_Tracking_Numbers_To_User"/>
  <testcase name="Add_Tracking_Number" time="0.609" classname="Test_Data_Generation.Add_Tracking_Numbers_To_User"/>
  <testcase name="Add_Tracking_Number" time="0.498" classname="Test_Data_Generation.Add_Tracking_Numbers_To_User"/>
  <testcase name="Add_Tracking_Number" time="0.623" classname="Test_Data_Generation.Add_Tracking_Numbers_To_User"/>
  <testcase name="Add_Tracking_Number" time="0.498" classname="Test_Data_Generation.Add_Tracking_Numbers_To_User"/>
  <testcase name="Add_Tracking_Number" time="0.434" classname="Test_Data_Generation.Add_Tracking_Numbers_To_User"/>
  <testcase name="Add_Tracking_Number" time="0.473" classname="Test_Data_Generation.Add_Tracking_Numbers_To_User"/>
  <testcase name="Add_Tracking_Number" time="0.586" classname="Test_Data_Generation.Add_Tracking_Numbers_To_User"/>
  <testcase name="Add_Tracking_Number" time="0.563" classname="Test_Data_Generation.Add_Tracking_Numbers_To_User"/>
  <testcase name="Add_Tracking_Number" time="0.642" classname="Test_Data_Generation.Add_Tracking_Numbers_To_User"/>
  <testcase name="Add_Tracking_Number" time="0.488" classname="Test_Data_Generation.Add_Tracking_Numbers_To_User"/>
  <testcase name="Add_Tracking_Number" time="0.527" classname="Test_Data_Generation.Add_Tracking_Numbers_To_User"/>
  <testcase name="Add_Tracking_Number" time="0.567" classname="Test_Data_Generation.Add_Tracking_Numbers_To_User"/>
  <testcase name="Add_Tracking_Number" time="0.517" classname="Test_Data_Generation.Add_Tracking_Numbers_To_User"/>
  <testcase name="Add_Tracking_Number" time="0.620" classname="Test_Data_Generation.Add_Tracking_Numbers_To_User"/>
  <testcase name="Add_Tracking_Number" time="0.492" classname="Test_Data_Generation.Add_Tracking_Numbers_To_User"/>
  <testcase name="Add_Tracking_Number" time="0.803" classname="Test_Data_Generation.Add_Tracking_Numbers_To_User"/>
  <testcase name="Add_Tracking_Number" time="0.468" classname="Test_Data_Generation.Add_Tracking_Numbers_To_User">
    <failure type="java.lang.AssertionError" message="
Expected: a string containing &quot;{\&quot;successful\&quot;:true&quot;
     but: was &quot;{&quot;ShipmentOptionResponse&quot;:{&quot;successful&quot;:false,&quot;errorList&quot;:[{&quot;code&quot;:&quot;2997&quot;,&quot;message&quot;:&quot;TRAQS connection/request problem&quot;,&quot;source&quot;:null,&quot;rootCause&quot;:null}],&quot;alerts&quot;:null,&quot;cxsalerts&quot;:null}}&quot;">
      <![CDATA[java.lang.AssertionError: 
Expected: a string containing "{\"successful\":true"
     but: was "{"ShipmentOptionResponse":{"successful":false,"errorList":[{"code":"2997","message":"TRAQS connection/request problem","source":null,"rootCause":null}],"alerts":null,"cxsalerts":null}}"
at org.hamcrest.MatcherAssert.assertThat(MatcherAssert.java:20)
at org.junit.Assert.assertThat(Assert.java:956)
at org.junit.Assert.assertThat(Assert.java:923)
at Test_Data_Generation.Add_Tracking_Numbers_To_User.Add_Tracking_Number(Add_Tracking_Numbers_To_User.java:69)
at sun.reflect.GeneratedMethodAccessor2.invoke(Unknown Source)
at sun.reflect.DelegatingMethodAccessorImpl.invoke(Unknown Source)
at java.lang.reflect.Method.invoke(Unknown Source)
at org.testng.internal.MethodInvocationHelper.invokeMethod(MethodInvocationHelper.java:124)
at org.testng.internal.Invoker.invokeMethod(Invoker.java:580)
at org.testng.internal.Invoker.invokeTestMethod(Invoker.java:716)
at org.testng.internal.TestMethodWithDataProviderMethodWorker.call(TestMethodWithDataProviderMethodWorker.java:71)
at org.testng.internal.TestMethodWithDataProviderMethodWorker.call(TestMethodWithDataProviderMethodWorker.java:14)
at java.util.concurrent.FutureTask.run(Unknown Source)
at java.util.concurrent.Executors$RunnableAdapter.call(Unknown Source)
at java.util.concurrent.FutureTask.run(Unknown Source)
at java.util.concurrent.ThreadPoolExecutor.runWorker(Unknown Source)
at java.util.concurrent.ThreadPoolExecutor$Worker.run(Unknown Source)
at java.lang.Thread.run(Unknown Source)
]]>
    </failure>
  </testcase> <!-- Add_Tracking_Number -->
  <testcase name="Add_Tracking_Number" time="0.613" classname="Test_Data_Generation.Add_Tracking_Numbers_To_User"/>
  <testcase name="Add_Tracking_Number" time="0.447" classname="Test_Data_Generation.Add_Tracking_Numbers_To_User"/>
  <testcase name="Add_Tracking_Number" time="0.532" classname="Test_Data_Generation.Add_Tracking_Numbers_To_User"/>
  <testcase name="Add_Tracking_Number" time="0.466" classname="Test_Data_Generation.Add_Tracking_Numbers_To_User"/>
  <testcase name="Add_Tracking_Number" time="0.500" classname="Test_Data_Generation.Add_Tracking_Numbers_To_User"/>
  <testcase name="Add_Tracking_Number" time="0.589" classname="Test_Data_Generation.Add_Tracking_Numbers_To_User"/>
  <testcase name="Add_Tracking_Number" time="0.896" classname="Test_Data_Generation.Add_Tracking_Numbers_To_User"/>
  <testcase name="Add_Tracking_Number" time="0.556" classname="Test_Data_Generation.Add_Tracking_Numbers_To_User"/>
  <testcase name="Add_Tracking_Number" time="0.534" classname="Test_Data_Generation.Add_Tracking_Numbers_To_User"/>
  <testcase name="Add_Tracking_Number" time="0.489" classname="Test_Data_Generation.Add_Tracking_Numbers_To_User"/>
  <testcase name="Add_Tracking_Number" time="0.535" classname="Test_Data_Generation.Add_Tracking_Numbers_To_User"/>
  <testcase name="Add_Tracking_Number" time="0.586" classname="Test_Data_Generation.Add_Tracking_Numbers_To_User"/>
  <testcase name="Add_Tracking_Number" time="0.499" classname="Test_Data_Generation.Add_Tracking_Numbers_To_User"/>
  <testcase name="Add_Tracking_Number" time="0.568" classname="Test_Data_Generation.Add_Tracking_Numbers_To_User"/>
  <testcase name="Add_Tracking_Number" time="0.467" classname="Test_Data_Generation.Add_Tracking_Numbers_To_User"/>
  <testcase name="Add_Tracking_Number" time="0.711" classname="Test_Data_Generation.Add_Tracking_Numbers_To_User"/>
  <testcase name="Add_Tracking_Number" time="0.499" classname="Test_Data_Generation.Add_Tracking_Numbers_To_User"/>
  <testcase name="Add_Tracking_Number" time="0.652" classname="Test_Data_Generation.Add_Tracking_Numbers_To_User"/>
  <testcase name="Add_Tracking_Number" time="0.543" classname="Test_Data_Generation.Add_Tracking_Numbers_To_User"/>
  <testcase name="Add_Tracking_Number" time="0.599" classname="Test_Data_Generation.Add_Tracking_Numbers_To_User"/>
  <testcase name="Add_Tracking_Number" time="0.835" classname="Test_Data_Generation.Add_Tracking_Numbers_To_User"/>
  <testcase name="Add_Tracking_Number" time="0.602" classname="Test_Data_Generation.Add_Tracking_Numbers_To_User"/>
  <testcase name="Add_Tracking_Number" time="0.685" classname="Test_Data_Generation.Add_Tracking_Numbers_To_User"/>
  <testcase name="Add_Tracking_Number" time="0.565" classname="Test_Data_Generation.Add_Tracking_Numbers_To_User"/>
  <testcase name="Add_Tracking_Number" time="0.555" classname="Test_Data_Generation.Add_Tracking_Numbers_To_User"/>
  <testcase name="Add_Tracking_Number" time="0.442" classname="Test_Data_Generation.Add_Tracking_Numbers_To_User"/>
  <testcase name="Add_Tracking_Number" time="0.508" classname="Test_Data_Generation.Add_Tracking_Numbers_To_User"/>
  <testcase name="Add_Tracking_Number" time="0.708" classname="Test_Data_Generation.Add_Tracking_Numbers_To_User"/>
  <testcase name="Add_Tracking_Number" time="0.551" classname="Test_Data_Generation.Add_Tracking_Numbers_To_User"/>
  <testcase name="Add_Tracking_Number" time="0.470" classname="Test_Data_Generation.Add_Tracking_Numbers_To_User"/>
  <testcase name="Add_Tracking_Number" time="0.518" classname="Test_Data_Generation.Add_Tracking_Numbers_To_User"/>
  <testcase name="Add_Tracking_Number" time="0.579" classname="Test_Data_Generation.Add_Tracking_Numbers_To_User"/>
  <testcase name="Add_Tracking_Number" time="0.564" classname="Test_Data_Generation.Add_Tracking_Numbers_To_User"/>
  <testcase name="Add_Tracking_Number" time="0.625" classname="Test_Data_Generation.Add_Tracking_Numbers_To_User"/>
  <testcase name="Add_Tracking_Number" time="0.552" classname="Test_Data_Generation.Add_Tracking_Numbers_To_User"/>
  <testcase name="Add_Tracking_Number" time="0.532" classname="Test_Data_Generation.Add_Tracking_Numbers_To_User"/>
  <testcase name="Add_Tracking_Number" time="0.480" classname="Test_Data_Generation.Add_Tracking_Numbers_To_User"/>
  <testcase name="Add_Tracking_Number" time="0.475" classname="Test_Data_Generation.Add_Tracking_Numbers_To_User"/>
  <testcase name="Add_Tracking_Number" time="0.693" classname="Test_Data_Generation.Add_Tracking_Numbers_To_User"/>
  <testcase name="Add_Tracking_Number" time="0.488" classname="Test_Data_Generation.Add_Tracking_Numbers_To_User"/>
  <testcase name="Add_Tracking_Number" time="1.194" classname="Test_Data_Generation.Add_Tracking_Numbers_To_User"/>
  <testcase name="Add_Tracking_Number" time="0.599" classname="Test_Data_Generation.Add_Tracking_Numbers_To_User"/>
  <testcase name="Add_Tracking_Number" time="0.566" classname="Test_Data_Generation.Add_Tracking_Numbers_To_User"/>
  <testcase name="Add_Tracking_Number" time="0.488" classname="Test_Data_Generation.Add_Tracking_Numbers_To_User"/>
  <testcase name="Add_Tracking_Number" time="0.564" classname="Test_Data_Generation.Add_Tracking_Numbers_To_User"/>
  <testcase name="Add_Tracking_Number" time="0.647" classname="Test_Data_Generation.Add_Tracking_Numbers_To_User"/>
  <testcase name="Add_Tracking_Number" time="0.531" classname="Test_Data_Generation.Add_Tracking_Numbers_To_User"/>
  <testcase name="Add_Tracking_Number" time="0.710" classname="Test_Data_Generation.Add_Tracking_Numbers_To_User"/>
  <testcase name="Add_Tracking_Number" time="0.829" classname="Test_Data_Generation.Add_Tracking_Numbers_To_User"/>
  <testcase name="Add_Tracking_Number" time="0.508" classname="Test_Data_Generation.Add_Tracking_Numbers_To_User"/>
  <testcase name="Add_Tracking_Number" time="0.537" classname="Test_Data_Generation.Add_Tracking_Numbers_To_User"/>
  <testcase name="Add_Tracking_Number" time="0.525" classname="Test_Data_Generation.Add_Tracking_Numbers_To_User"/>
  <testcase name="Add_Tracking_Number" time="0.617" classname="Test_Data_Generation.Add_Tracking_Numbers_To_User"/>
  <testcase name="Add_Tracking_Number" time="0.502" classname="Test_Data_Generation.Add_Tracking_Numbers_To_User"/>
  <testcase name="Add_Tracking_Number" time="0.626" classname="Test_Data_Generation.Add_Tracking_Numbers_To_User"/>
  <testcase name="Add_Tracking_Number" time="0.471" classname="Test_Data_Generation.Add_Tracking_Numbers_To_User"/>
  <testcase name="Add_Tracking_Number" time="0.517" classname="Test_Data_Generation.Add_Tracking_Numbers_To_User"/>
  <testcase name="Add_Tracking_Number" time="0.583" classname="Test_Data_Generation.Add_Tracking_Numbers_To_User"/>
  <testcase name="Add_Tracking_Number" time="0.576" classname="Test_Data_Generation.Add_Tracking_Numbers_To_User"/>
  <testcase name="Add_Tracking_Number" time="0.537" classname="Test_Data_Generation.Add_Tracking_Numbers_To_User"/>
  <testcase name="Add_Tracking_Number" time="0.487" classname="Test_Data_Generation.Add_Tracking_Numbers_To_User"/>
  <testcase name="Add_Tracking_Number" time="0.522" classname="Test_Data_Generation.Add_Tracking_Numbers_To_User"/>
  <testcase name="Add_Tracking_Number" time="0.500" classname="Test_Data_Generation.Add_Tracking_Numbers_To_User"/>
  <testcase name="Add_Tracking_Number" time="0.125" classname="Test_Data_Generation.Add_Tracking_Numbers_To_User"/>
  <testcase name="Add_Tracking_Number" time="0.518" classname="Test_Data_Generation.Add_Tracking_Numbers_To_User"/>
  <testcase name="Add_Tracking_Number" time="0.594" classname="Test_Data_Generation.Add_Tracking_Numbers_To_User"/>
  <testcase name="Add_Tracking_Number" time="0.625" classname="Test_Data_Generation.Add_Tracking_Numbers_To_User"/>
  <testcase name="Add_Tracking_Number" time="0.457" classname="Test_Data_Generation.Add_Tracking_Numbers_To_User"/>
  <testcase name="Add_Tracking_Number" time="0.516" classname="Test_Data_Generation.Add_Tracking_Numbers_To_User"/>
  <testcase name="Add_Tracking_Number" time="0.592" classname="Test_Data_Generation.Add_Tracking_Numbers_To_User"/>
  <testcase name="Add_Tracking_Number" time="0.484" classname="Test_Data_Generation.Add_Tracking_Numbers_To_User"/>
  <testcase name="Add_Tracking_Number" time="0.550" classname="Test_Data_Generation.Add_Tracking_Numbers_To_User"/>
  <testcase name="Add_Tracking_Number" time="0.564" classname="Test_Data_Generation.Add_Tracking_Numbers_To_User"/>
  <testcase name="Add_Tracking_Number" time="0.672" classname="Test_Data_Generation.Add_Tracking_Numbers_To_User"/>
  <testcase name="Add_Tracking_Number" time="0.445" classname="Test_Data_Generation.Add_Tracking_Numbers_To_User"/>
  <testcase name="Add_Tracking_Number" time="0.491" classname="Test_Data_Generation.Add_Tracking_Numbers_To_User"/>
  <testcase name="Add_Tracking_Number" time="0.517" classname="Test_Data_Generation.Add_Tracking_Numbers_To_User"/>
  <testcase name="Add_Tracking_Number" time="0.540" classname="Test_Data_Generation.Add_Tracking_Numbers_To_User"/>
  <testcase name="Add_Tracking_Number" time="0.472" classname="Test_Data_Generation.Add_Tracking_Numbers_To_User"/>
  <testcase name="Add_Tracking_Number" time="0.473" classname="Test_Data_Generation.Add_Tracking_Numbers_To_User"/>
  <testcase name="Add_Tracking_Number" time="0.591" classname="Test_Data_Generation.Add_Tracking_Numbers_To_User"/>
  <testcase name="Add_Tracking_Number" time="0.546" classname="Test_Data_Generation.Add_Tracking_Numbers_To_User"/>
  <testcase name="Add_Tracking_Number" time="0.551" classname="Test_Data_Generation.Add_Tracking_Numbers_To_User"/>
  <testcase name="Add_Tracking_Number" time="0.563" classname="Test_Data_Generation.Add_Tracking_Numbers_To_User"/>
  <testcase name="Add_Tracking_Number" time="0.515" classname="Test_Data_Generation.Add_Tracking_Numbers_To_User"/>
  <testcase name="Add_Tracking_Number" time="0.625" classname="Test_Data_Generation.Add_Tracking_Numbers_To_User"/>
  <testcase name="Add_Tracking_Number" time="0.648" classname="Test_Data_Generation.Add_Tracking_Numbers_To_User"/>
  <testcase name="Add_Tracking_Number" time="0.335" classname="Test_Data_Generation.Add_Tracking_Numbers_To_User"/>
  <testcase name="Add_Tracking_Number" time="0.520" classname="Test_Data_Generation.Add_Tracking_Numbers_To_User"/>
  <testcase name="Add_Tracking_Number" time="0.688" classname="Test_Data_Generation.Add_Tracking_Numbers_To_User"/>
  <testcase name="Add_Tracking_Number" time="0.615" classname="Test_Data_Generation.Add_Tracking_Numbers_To_User"/>
  <testcase name="Add_Tracking_Number" time="0.663" classname="Test_Data_Generation.Add_Tracking_Numbers_To_User"/>
  <testcase name="Add_Tracking_Number" time="0.501" classname="Test_Data_Generation.Add_Tracking_Numbers_To_User"/>
  <testcase name="Add_Tracking_Number" time="0.666" classname="Test_Data_Generation.Add_Tracking_Numbers_To_User"/>
  <testcase name="Add_Tracking_Number" time="0.578" classname="Test_Data_Generation.Add_Tracking_Numbers_To_User"/>
  <testcase name="Add_Tracking_Number" time="0.548" classname="Test_Data_Generation.Add_Tracking_Numbers_To_User"/>
  <testcase name="Add_Tracking_Number" time="0.487" classname="Test_Data_Generation.Add_Tracking_Numbers_To_User"/>
  <testcase name="Add_Tracking_Number" time="0.587" classname="Test_Data_Generation.Add_Tracking_Numbers_To_User"/>
  <testcase name="Add_Tracking_Number" time="0.719" classname="Test_Data_Generation.Add_Tracking_Numbers_To_User"/>
  <testcase name="Add_Tracking_Number" time="0.515" classname="Test_Data_Generation.Add_Tracking_Numbers_To_User"/>
  <testcase name="Add_Tracking_Number" time="0.455" classname="Test_Data_Generation.Add_Tracking_Numbers_To_User"/>
  <testcase name="Add_Tracking_Number" time="0.268" classname="Test_Data_Generation.Add_Tracking_Numbers_To_User"/>
  <testcase name="Add_Tracking_Number" time="0.563" classname="Test_Data_Generation.Add_Tracking_Numbers_To_User"/>
  <testcase name="Add_Tracking_Number" time="0.527" classname="Test_Data_Generation.Add_Tracking_Numbers_To_User"/>
  <testcase name="Add_Tracking_Number" time="0.584" classname="Test_Data_Generation.Add_Tracking_Numbers_To_User"/>
  <testcase name="Add_Tracking_Number" time="0.550" classname="Test_Data_Generation.Add_Tracking_Numbers_To_User"/>
  <testcase name="Add_Tracking_Number" time="0.595" classname="Test_Data_Generation.Add_Tracking_Numbers_To_User"/>
  <testcase name="Add_Tracking_Number" time="0.709" classname="Test_Data_Generation.Add_Tracking_Numbers_To_User"/>
  <testcase name="Add_Tracking_Number" time="0.685" classname="Test_Data_Generation.Add_Tracking_Numbers_To_User"/>
  <testcase name="Add_Tracking_Number" time="0.604" classname="Test_Data_Generation.Add_Tracking_Numbers_To_User"/>
  <testcase name="Add_Tracking_Number" time="0.627" classname="Test_Data_Generation.Add_Tracking_Numbers_To_User"/>
  <testcase name="Add_Tracking_Number" time="0.623" classname="Test_Data_Generation.Add_Tracking_Numbers_To_User"/>
  <testcase name="Add_Tracking_Number" time="0.499" classname="Test_Data_Generation.Add_Tracking_Numbers_To_User"/>
  <testcase name="Add_Tracking_Number" time="0.577" classname="Test_Data_Generation.Add_Tracking_Numbers_To_User"/>
  <testcase name="Add_Tracking_Number" time="0.639" classname="Test_Data_Generation.Add_Tracking_Numbers_To_User"/>
  <testcase name="Add_Tracking_Number" time="0.518" classname="Test_Data_Generation.Add_Tracking_Numbers_To_User"/>
  <testcase name="Add_Tracking_Number" time="0.522" classname="Test_Data_Generation.Add_Tracking_Numbers_To_User"/>
  <testcase name="Add_Tracking_Number" time="0.528" classname="Test_Data_Generation.Add_Tracking_Numbers_To_User"/>
  <testcase name="Add_Tracking_Number" time="0.541" classname="Test_Data_Generation.Add_Tracking_Numbers_To_User"/>
  <testcase name="Add_Tracking_Number" time="0.738" classname="Test_Data_Generation.Add_Tracking_Numbers_To_User"/>
  <testcase name="Add_Tracking_Number" time="0.650" classname="Test_Data_Generation.Add_Tracking_Numbers_To_User"/>
  <testcase name="Add_Tracking_Number" time="0.483" classname="Test_Data_Generation.Add_Tracking_Numbers_To_User"/>
  <testcase name="Add_Tracking_Number" time="0.516" classname="Test_Data_Generation.Add_Tracking_Numbers_To_User"/>
  <testcase name="Add_Tracking_Number" time="0.555" classname="Test_Data_Generation.Add_Tracking_Numbers_To_User"/>
  <testcase name="Add_Tracking_Number" time="0.574" classname="Test_Data_Generation.Add_Tracking_Numbers_To_User"/>
  <testcase name="Add_Tracking_Number" time="0.568" classname="Test_Data_Generation.Add_Tracking_Numbers_To_User"/>
  <testcase name="Add_Tracking_Number" time="0.464" classname="Test_Data_Generation.Add_Tracking_Numbers_To_User"/>
  <testcase name="Add_Tracking_Number" time="0.523" classname="Test_Data_Generation.Add_Tracking_Numbers_To_User"/>
  <testcase name="Add_Tracking_Number" time="0.475" classname="Test_Data_Generation.Add_Tracking_Numbers_To_User"/>
  <testcase name="Add_Tracking_Number" time="0.503" classname="Test_Data_Generation.Add_Tracking_Numbers_To_User"/>
  <testcase name="Add_Tracking_Number" time="0.461" classname="Test_Data_Generation.Add_Tracking_Numbers_To_User"/>
  <testcase name="Add_Tracking_Number" time="0.476" classname="Test_Data_Generation.Add_Tracking_Numbers_To_User"/>
  <testcase name="Add_Tracking_Number" time="0.596" classname="Test_Data_Generation.Add_Tracking_Numbers_To_User"/>
  <testcase name="Add_Tracking_Number" time="0.558" classname="Test_Data_Generation.Add_Tracking_Numbers_To_User"/>
  <testcase name="Add_Tracking_Number" time="0.524" classname="Test_Data_Generation.Add_Tracking_Numbers_To_User"/>
  <testcase name="Add_Tracking_Number" time="0.511" classname="Test_Data_Generation.Add_Tracking_Numbers_To_User"/>
  <testcase name="Add_Tracking_Number" time="0.743" classname="Test_Data_Generation.Add_Tracking_Numbers_To_User">
    <failure type="java.lang.AssertionError" message="
Expected: a string containing &quot;{\&quot;successful\&quot;:true&quot;
     but: was &quot;{&quot;ShipmentOptionResponse&quot;:{&quot;successful&quot;:false,&quot;errorList&quot;:[{&quot;code&quot;:&quot;2997&quot;,&quot;message&quot;:&quot;TRAQS connection/request problem&quot;,&quot;source&quot;:null,&quot;rootCause&quot;:null}],&quot;alerts&quot;:null,&quot;cxsalerts&quot;:null}}&quot;">
      <![CDATA[java.lang.AssertionError: 
Expected: a string containing "{\"successful\":true"
     but: was "{"ShipmentOptionResponse":{"successful":false,"errorList":[{"code":"2997","message":"TRAQS connection/request problem","source":null,"rootCause":null}],"alerts":null,"cxsalerts":null}}"
at org.hamcrest.MatcherAssert.assertThat(MatcherAssert.java:20)
at org.junit.Assert.assertThat(Assert.java:956)
at org.junit.Assert.assertThat(Assert.java:923)
at Test_Data_Generation.Add_Tracking_Numbers_To_User.Add_Tracking_Number(Add_Tracking_Numbers_To_User.java:69)
at sun.reflect.GeneratedMethodAccessor2.invoke(Unknown Source)
at sun.reflect.DelegatingMethodAccessorImpl.invoke(Unknown Source)
at java.lang.reflect.Method.invoke(Unknown Source)
at org.testng.internal.MethodInvocationHelper.invokeMethod(MethodInvocationHelper.java:124)
at org.testng.internal.Invoker.invokeMethod(Invoker.java:580)
at org.testng.internal.Invoker.invokeTestMethod(Invoker.java:716)
at org.testng.internal.TestMethodWithDataProviderMethodWorker.call(TestMethodWithDataProviderMethodWorker.java:71)
at org.testng.internal.TestMethodWithDataProviderMethodWorker.call(TestMethodWithDataProviderMethodWorker.java:14)
at java.util.concurrent.FutureTask.run(Unknown Source)
at java.util.concurrent.Executors$RunnableAdapter.call(Unknown Source)
at java.util.concurrent.FutureTask.run(Unknown Source)
at java.util.concurrent.ThreadPoolExecutor.runWorker(Unknown Source)
at java.util.concurrent.ThreadPoolExecutor$Worker.run(Unknown Source)
at java.lang.Thread.run(Unknown Source)
]]>
    </failure>
  </testcase> <!-- Add_Tracking_Number -->
  <testcase name="Add_Tracking_Number" time="0.681" classname="Test_Data_Generation.Add_Tracking_Numbers_To_User"/>
  <testcase name="Add_Tracking_Number" time="0.512" classname="Test_Data_Generation.Add_Tracking_Numbers_To_User"/>
  <testcase name="Add_Tracking_Number" time="0.592" classname="Test_Data_Generation.Add_Tracking_Numbers_To_User"/>
  <testcase name="Add_Tracking_Number" time="0.495" classname="Test_Data_Generation.Add_Tracking_Numbers_To_User"/>
  <testcase name="Add_Tracking_Number" time="0.533" classname="Test_Data_Generation.Add_Tracking_Numbers_To_User"/>
  <testcase name="Add_Tracking_Number" time="0.494" classname="Test_Data_Generation.Add_Tracking_Numbers_To_User"/>
  <testcase name="Add_Tracking_Number" time="0.509" classname="Test_Data_Generation.Add_Tracking_Numbers_To_User"/>
  <testcase name="Add_Tracking_Number" time="0.499" classname="Test_Data_Generation.Add_Tracking_Numbers_To_User"/>
  <testcase name="Add_Tracking_Number" time="0.558" classname="Test_Data_Generation.Add_Tracking_Numbers_To_User"/>
  <testcase name="Add_Tracking_Number" time="0.450" classname="Test_Data_Generation.Add_Tracking_Numbers_To_User"/>
  <testcase name="Add_Tracking_Number" time="0.483" classname="Test_Data_Generation.Add_Tracking_Numbers_To_User"/>
  <testcase name="Add_Tracking_Number" time="0.670" classname="Test_Data_Generation.Add_Tracking_Numbers_To_User"/>
  <testcase name="Add_Tracking_Number" time="0.519" classname="Test_Data_Generation.Add_Tracking_Numbers_To_User"/>
  <testcase name="Add_Tracking_Number" time="0.474" classname="Test_Data_Generation.Add_Tracking_Numbers_To_User"/>
  <testcase name="Add_Tracking_Number" time="0.549" classname="Test_Data_Generation.Add_Tracking_Numbers_To_User"/>
  <testcase name="Add_Tracking_Number" time="0.540" classname="Test_Data_Generation.Add_Tracking_Numbers_To_User"/>
  <testcase name="Add_Tracking_Number" time="0.509" classname="Test_Data_Generation.Add_Tracking_Numbers_To_User"/>
  <testcase name="Add_Tracking_Number" time="1.080" classname="Test_Data_Generation.Add_Tracking_Numbers_To_User"/>
  <testcase name="Add_Tracking_Number" time="0.667" classname="Test_Data_Generation.Add_Tracking_Numbers_To_User"/>
  <testcase name="Add_Tracking_Number" time="0.491" classname="Test_Data_Generation.Add_Tracking_Numbers_To_User"/>
  <testcase name="Add_Tracking_Number" time="0.626" classname="Test_Data_Generation.Add_Tracking_Numbers_To_User"/>
  <testcase name="Add_Tracking_Number" time="0.578" classname="Test_Data_Generation.Add_Tracking_Numbers_To_User"/>
  <testcase name="Add_Tracking_Number" time="0.502" classname="Test_Data_Generation.Add_Tracking_Numbers_To_User"/>
  <testcase name="Add_Tracking_Number" time="0.671" classname="Test_Data_Generation.Add_Tracking_Numbers_To_User"/>
  <testcase name="Add_Tracking_Number" time="0.579" classname="Test_Data_Generation.Add_Tracking_Numbers_To_User"/>
  <testcase name="Add_Tracking_Number" time="0.707" classname="Test_Data_Generation.Add_Tracking_Numbers_To_User"/>
  <testcase name="Add_Tracking_Number" time="0.496" classname="Test_Data_Generation.Add_Tracking_Numbers_To_User"/>
  <testcase name="Add_Tracking_Number" time="0.482" classname="Test_Data_Generation.Add_Tracking_Numbers_To_User"/>
  <testcase name="Add_Tracking_Number" time="0.529" classname="Test_Data_Generation.Add_Tracking_Numbers_To_User"/>
  <testcase name="Add_Tracking_Number" time="0.672" classname="Test_Data_Generation.Add_Tracking_Numbers_To_User"/>
  <testcase name="Add_Tracking_Number" time="0.592" classname="Test_Data_Generation.Add_Tracking_Numbers_To_User"/>
  <testcase name="Add_Tracking_Number" time="0.483" classname="Test_Data_Generation.Add_Tracking_Numbers_To_User"/>
  <testcase name="Add_Tracking_Number" time="0.058" classname="Test_Data_Generation.Add_Tracking_Numbers_To_User"/>
  <testcase name="Add_Tracking_Number" time="0.521" classname="Test_Data_Generation.Add_Tracking_Numbers_To_User"/>
  <testcase name="Add_Tracking_Number" time="0.656" classname="Test_Data_Generation.Add_Tracking_Numbers_To_User"/>
  <testcase name="Add_Tracking_Number" time="0.441" classname="Test_Data_Generation.Add_Tracking_Numbers_To_User"/>
  <testcase name="Add_Tracking_Number" time="0.655" classname="Test_Data_Generation.Add_Tracking_Numbers_To_User"/>
  <testcase name="Add_Tracking_Number" time="0.538" classname="Test_Data_Generation.Add_Tracking_Numbers_To_User"/>
  <testcase name="Add_Tracking_Number" time="0.491" classname="Test_Data_Generation.Add_Tracking_Numbers_To_User"/>
  <testcase name="Add_Tracking_Number" time="0.489" classname="Test_Data_Generation.Add_Tracking_Numbers_To_User"/>
  <testcase name="Add_Tracking_Number" time="0.516" classname="Test_Data_Generation.Add_Tracking_Numbers_To_User"/>
  <testcase name="Add_Tracking_Number" time="0.530" classname="Test_Data_Generation.Add_Tracking_Numbers_To_User"/>
  <testcase name="Add_Tracking_Number" time="0.507" classname="Test_Data_Generation.Add_Tracking_Numbers_To_User"/>
  <testcase name="Add_Tracking_Number" time="0.567" classname="Test_Data_Generation.Add_Tracking_Numbers_To_User"/>
  <testcase name="Add_Tracking_Number" time="0.625" classname="Test_Data_Generation.Add_Tracking_Numbers_To_User"/>
  <testcase name="Add_Tracking_Number" time="0.048" classname="Test_Data_Generation.Add_Tracking_Numbers_To_User"/>
  <testcase name="Add_Tracking_Number" time="0.533" classname="Test_Data_Generation.Add_Tracking_Numbers_To_User"/>
  <testcase name="Add_Tracking_Number" time="0.493" classname="Test_Data_Generation.Add_Tracking_Numbers_To_User"/>
  <testcase name="Add_Tracking_Number" time="0.808" classname="Test_Data_Generation.Add_Tracking_Numbers_To_User"/>
  <testcase name="Add_Tracking_Number" time="0.625" classname="Test_Data_Generation.Add_Tracking_Numbers_To_User"/>
  <testcase name="Add_Tracking_Number" time="0.456" classname="Test_Data_Generation.Add_Tracking_Numbers_To_User"/>
  <testcase name="Add_Tracking_Number" time="0.537" classname="Test_Data_Generation.Add_Tracking_Numbers_To_User"/>
  <testcase name="Add_Tracking_Number" time="0.433" classname="Test_Data_Generation.Add_Tracking_Numbers_To_User"/>
  <testcase name="Add_Tracking_Number" time="0.674" classname="Test_Data_Generation.Add_Tracking_Numbers_To_User"/>
  <testcase name="Add_Tracking_Number" time="0.596" classname="Test_Data_Generation.Add_Tracking_Numbers_To_User"/>
  <testcase name="Add_Tracking_Number" time="0.494" classname="Test_Data_Generation.Add_Tracking_Numbers_To_User"/>
  <testcase name="Add_Tracking_Number" time="0.526" classname="Test_Data_Generation.Add_Tracking_Numbers_To_User"/>
  <testcase name="Add_Tracking_Number" time="0.485" classname="Test_Data_Generation.Add_Tracking_Numbers_To_User"/>
  <testcase name="Add_Tracking_Number" time="0.607" classname="Test_Data_Generation.Add_Tracking_Numbers_To_User"/>
  <testcase name="Add_Tracking_Number" time="0.541" classname="Test_Data_Generation.Add_Tracking_Numbers_To_User"/>
  <testcase name="Add_Tracking_Number" time="0.470" classname="Test_Data_Generation.Add_Tracking_Numbers_To_User"/>
  <testcase name="Add_Tracking_Number" time="0.482" classname="Test_Data_Generation.Add_Tracking_Numbers_To_User"/>
  <testcase name="Add_Tracking_Number" time="0.491" classname="Test_Data_Generation.Add_Tracking_Numbers_To_User"/>
  <testcase name="Add_Tracking_Number" time="0.515" classname="Test_Data_Generation.Add_Tracking_Numbers_To_User"/>
  <testcase name="Add_Tracking_Number" time="0.685" classname="Test_Data_Generation.Add_Tracking_Numbers_To_User"/>
  <testcase name="Add_Tracking_Number" time="0.573" classname="Test_Data_Generation.Add_Tracking_Numbers_To_User"/>
  <testcase name="Add_Tracking_Number" time="0.838" classname="Test_Data_Generation.Add_Tracking_Numbers_To_User"/>
  <testcase name="Add_Tracking_Number" time="0.430" classname="Test_Data_Generation.Add_Tracking_Numbers_To_User"/>
  <testcase name="Add_Tracking_Number" time="0.589" classname="Test_Data_Generation.Add_Tracking_Numbers_To_User"/>
  <testcase name="Add_Tracking_Number" time="0.591" classname="Test_Data_Generation.Add_Tracking_Numbers_To_User"/>
  <testcase name="Add_Tracking_Number" time="0.606" classname="Test_Data_Generation.Add_Tracking_Numbers_To_User"/>
  <testcase name="Add_Tracking_Number" time="0.685" classname="Test_Data_Generation.Add_Tracking_Numbers_To_User"/>
  <testcase name="Add_Tracking_Number" time="0.831" classname="Test_Data_Generation.Add_Tracking_Numbers_To_User"/>
  <testcase name="Add_Tracking_Number" time="0.558" classname="Test_Data_Generation.Add_Tracking_Numbers_To_User"/>
  <testcase name="Add_Tracking_Number" time="0.577" classname="Test_Data_Generation.Add_Tracking_Numbers_To_User"/>
  <testcase name="Add_Tracking_Number" time="0.622" classname="Test_Data_Generation.Add_Tracking_Numbers_To_User"/>
  <testcase name="Add_Tracking_Number" time="0.553" classname="Test_Data_Generation.Add_Tracking_Numbers_To_User"/>
  <testcase name="Add_Tracking_Number" time="0.595" classname="Test_Data_Generation.Add_Tracking_Numbers_To_User"/>
  <testcase name="Add_Tracking_Number" time="0.080" classname="Test_Data_Generation.Add_Tracking_Numbers_To_User"/>
  <testcase name="Add_Tracking_Number" time="0.636" classname="Test_Data_Generation.Add_Tracking_Numbers_To_User"/>
  <testcase name="Add_Tracking_Number" time="0.452" classname="Test_Data_Generation.Add_Tracking_Numbers_To_User">
    <failure type="java.lang.AssertionError" message="
Expected: a string containing &quot;{\&quot;successful\&quot;:true&quot;
     but: was &quot;{&quot;ShipmentOptionResponse&quot;:{&quot;successful&quot;:false,&quot;errorList&quot;:[{&quot;code&quot;:&quot;2997&quot;,&quot;message&quot;:&quot;TRAQS connection/request problem&quot;,&quot;source&quot;:null,&quot;rootCause&quot;:null}],&quot;alerts&quot;:null,&quot;cxsalerts&quot;:null}}&quot;">
      <![CDATA[java.lang.AssertionError: 
Expected: a string containing "{\"successful\":true"
     but: was "{"ShipmentOptionResponse":{"successful":false,"errorList":[{"code":"2997","message":"TRAQS connection/request problem","source":null,"rootCause":null}],"alerts":null,"cxsalerts":null}}"
at org.hamcrest.MatcherAssert.assertThat(MatcherAssert.java:20)
at org.junit.Assert.assertThat(Assert.java:956)
at org.junit.Assert.assertThat(Assert.java:923)
at Test_Data_Generation.Add_Tracking_Numbers_To_User.Add_Tracking_Number(Add_Tracking_Numbers_To_User.java:69)
at sun.reflect.GeneratedMethodAccessor2.invoke(Unknown Source)
at sun.reflect.DelegatingMethodAccessorImpl.invoke(Unknown Source)
at java.lang.reflect.Method.invoke(Unknown Source)
at org.testng.internal.MethodInvocationHelper.invokeMethod(MethodInvocationHelper.java:124)
at org.testng.internal.Invoker.invokeMethod(Invoker.java:580)
at org.testng.internal.Invoker.invokeTestMethod(Invoker.java:716)
at org.testng.internal.TestMethodWithDataProviderMethodWorker.call(TestMethodWithDataProviderMethodWorker.java:71)
at org.testng.internal.TestMethodWithDataProviderMethodWorker.call(TestMethodWithDataProviderMethodWorker.java:14)
at java.util.concurrent.FutureTask.run(Unknown Source)
at java.util.concurrent.Executors$RunnableAdapter.call(Unknown Source)
at java.util.concurrent.FutureTask.run(Unknown Source)
at java.util.concurrent.ThreadPoolExecutor.runWorker(Unknown Source)
at java.util.concurrent.ThreadPoolExecutor$Worker.run(Unknown Source)
at java.lang.Thread.run(Unknown Source)
]]>
    </failure>
  </testcase> <!-- Add_Tracking_Number -->
  <testcase name="Add_Tracking_Number" time="0.570" classname="Test_Data_Generation.Add_Tracking_Numbers_To_User"/>
  <testcase name="Add_Tracking_Number" time="0.519" classname="Test_Data_Generation.Add_Tracking_Numbers_To_User"/>
  <testcase name="Add_Tracking_Number" time="0.499" classname="Test_Data_Generation.Add_Tracking_Numbers_To_User"/>
  <testcase name="Add_Tracking_Number" time="0.605" classname="Test_Data_Generation.Add_Tracking_Numbers_To_User"/>
  <testcase name="Add_Tracking_Number" time="0.501" classname="Test_Data_Generation.Add_Tracking_Numbers_To_User"/>
  <testcase name="Add_Tracking_Number" time="0.605" classname="Test_Data_Generation.Add_Tracking_Numbers_To_User"/>
  <testcase name="Add_Tracking_Number" time="0.468" classname="Test_Data_Generation.Add_Tracking_Numbers_To_User"/>
  <testcase name="Add_Tracking_Number" time="0.512" classname="Test_Data_Generation.Add_Tracking_Numbers_To_User"/>
  <testcase name="Add_Tracking_Number" time="0.464" classname="Test_Data_Generation.Add_Tracking_Numbers_To_User"/>
  <testcase name="Add_Tracking_Number" time="0.560" classname="Test_Data_Generation.Add_Tracking_Numbers_To_User"/>
  <testcase name="Add_Tracking_Number" time="0.449" classname="Test_Data_Generation.Add_Tracking_Numbers_To_User"/>
  <testcase name="Add_Tracking_Number" time="0.523" classname="Test_Data_Generation.Add_Tracking_Numbers_To_User"/>
  <testcase name="Add_Tracking_Number" time="0.526" classname="Test_Data_Generation.Add_Tracking_Numbers_To_User"/>
  <testcase name="Add_Tracking_Number" time="0.515" classname="Test_Data_Generation.Add_Tracking_Numbers_To_User"/>
  <testcase name="Add_Tracking_Number" time="0.769" classname="Test_Data_Generation.Add_Tracking_Numbers_To_User"/>
  <testcase name="Add_Tracking_Number" time="0.527" classname="Test_Data_Generation.Add_Tracking_Numbers_To_User"/>
  <testcase name="Add_Tracking_Number" time="0.480" classname="Test_Data_Generation.Add_Tracking_Numbers_To_User"/>
  <testcase name="Add_Tracking_Number" time="0.509" classname="Test_Data_Generation.Add_Tracking_Numbers_To_User"/>
  <testcase name="Add_Tracking_Number" time="0.567" classname="Test_Data_Generation.Add_Tracking_Numbers_To_User"/>
  <testcase name="Add_Tracking_Number" time="0.614" classname="Test_Data_Generation.Add_Tracking_Numbers_To_User"/>
  <testcase name="Add_Tracking_Number" time="0.507" classname="Test_Data_Generation.Add_Tracking_Numbers_To_User"/>
  <testcase name="Add_Tracking_Number" time="0.525" classname="Test_Data_Generation.Add_Tracking_Numbers_To_User"/>
  <testcase name="Add_Tracking_Number" time="0.556" classname="Test_Data_Generation.Add_Tracking_Numbers_To_User"/>
  <testcase name="Add_Tracking_Number" time="0.552" classname="Test_Data_Generation.Add_Tracking_Numbers_To_User"/>
  <testcase name="Add_Tracking_Number" time="0.563" classname="Test_Data_Generation.Add_Tracking_Numbers_To_User"/>
  <testcase name="Add_Tracking_Number" time="0.560" classname="Test_Data_Generation.Add_Tracking_Numbers_To_User"/>
  <testcase name="Add_Tracking_Number" time="0.632" classname="Test_Data_Generation.Add_Tracking_Numbers_To_User"/>
  <testcase name="Add_Tracking_Number" time="0.571" classname="Test_Data_Generation.Add_Tracking_Numbers_To_User"/>
  <testcase name="Add_Tracking_Number" time="0.506" classname="Test_Data_Generation.Add_Tracking_Numbers_To_User"/>
  <testcase name="Add_Tracking_Number" time="0.444" classname="Test_Data_Generation.Add_Tracking_Numbers_To_User"/>
  <testcase name="Add_Tracking_Number" time="0.587" classname="Test_Data_Generation.Add_Tracking_Numbers_To_User"/>
  <testcase name="Add_Tracking_Number" time="0.526" classname="Test_Data_Generation.Add_Tracking_Numbers_To_User"/>
  <testcase name="Add_Tracking_Number" time="0.759" classname="Test_Data_Generation.Add_Tracking_Numbers_To_User"/>
  <testcase name="Add_Tracking_Number" time="0.564" classname="Test_Data_Generation.Add_Tracking_Numbers_To_User"/>
  <testcase name="Add_Tracking_Number" time="0.554" classname="Test_Data_Generation.Add_Tracking_Numbers_To_User"/>
  <testcase name="Add_Tracking_Number" time="0.482" classname="Test_Data_Generation.Add_Tracking_Numbers_To_User"/>
  <testcase name="Add_Tracking_Number" time="0.486" classname="Test_Data_Generation.Add_Tracking_Numbers_To_User"/>
  <testcase name="Add_Tracking_Number" time="0.562" classname="Test_Data_Generation.Add_Tracking_Numbers_To_User"/>
  <testcase name="Add_Tracking_Number" time="0.547" classname="Test_Data_Generation.Add_Tracking_Numbers_To_User"/>
  <testcase name="Add_Tracking_Number" time="0.580" classname="Test_Data_Generation.Add_Tracking_Numbers_To_User"/>
  <testcase name="Add_Tracking_Number" time="0.548" classname="Test_Data_Generation.Add_Tracking_Numbers_To_User"/>
  <testcase name="Add_Tracking_Number" time="0.556" classname="Test_Data_Generation.Add_Tracking_Numbers_To_User"/>
  <testcase name="Add_Tracking_Number" time="0.736" classname="Test_Data_Generation.Add_Tracking_Numbers_To_User"/>
  <testcase name="Add_Tracking_Number" time="0.541" classname="Test_Data_Generation.Add_Tracking_Numbers_To_User"/>
  <testcase name="Add_Tracking_Number" time="0.597" classname="Test_Data_Generation.Add_Tracking_Numbers_To_User"/>
  <testcase name="Add_Tracking_Number" time="0.495" classname="Test_Data_Generation.Add_Tracking_Numbers_To_User"/>
  <testcase name="Add_Tracking_Number" time="0.696" classname="Test_Data_Generation.Add_Tracking_Numbers_To_User"/>
  <testcase name="Add_Tracking_Number" time="0.497" classname="Test_Data_Generation.Add_Tracking_Numbers_To_User"/>
  <testcase name="Add_Tracking_Number" time="0.589" classname="Test_Data_Generation.Add_Tracking_Numbers_To_User"/>
  <testcase name="Add_Tracking_Number" time="0.477" classname="Test_Data_Generation.Add_Tracking_Numbers_To_User"/>
  <testcase name="Add_Tracking_Number" time="0.564" classname="Test_Data_Generation.Add_Tracking_Numbers_To_User"/>
  <testcase name="Add_Tracking_Number" time="0.604" classname="Test_Data_Generation.Add_Tracking_Numbers_To_User"/>
  <testcase name="Add_Tracking_Number" time="0.483" classname="Test_Data_Generation.Add_Tracking_Numbers_To_User"/>
  <testcase name="Add_Tracking_Number" time="0.511" classname="Test_Data_Generation.Add_Tracking_Numbers_To_User"/>
  <testcase name="Add_Tracking_Number" time="0.550" classname="Test_Data_Generation.Add_Tracking_Numbers_To_User"/>
  <testcase name="Add_Tracking_Number" time="0.156" classname="Test_Data_Generation.Add_Tracking_Numbers_To_User"/>
  <testcase name="Add_Tracking_Number" time="0.585" classname="Test_Data_Generation.Add_Tracking_Numbers_To_User"/>
  <testcase name="Add_Tracking_Number" time="0.491" classname="Test_Data_Generation.Add_Tracking_Numbers_To_User"/>
  <testcase name="Add_Tracking_Number" time="0.730" classname="Test_Data_Generation.Add_Tracking_Numbers_To_User"/>
  <testcase name="Add_Tracking_Number" time="0.508" classname="Test_Data_Generation.Add_Tracking_Numbers_To_User"/>
  <testcase name="Add_Tracking_Number" time="0.529" classname="Test_Data_Generation.Add_Tracking_Numbers_To_User"/>
  <testcase name="Add_Tracking_Number" time="0.500" classname="Test_Data_Generation.Add_Tracking_Numbers_To_User"/>
  <testcase name="Add_Tracking_Number" time="0.547" classname="Test_Data_Generation.Add_Tracking_Numbers_To_User"/>
  <testcase name="Add_Tracking_Number" time="0.472" classname="Test_Data_Generation.Add_Tracking_Numbers_To_User"/>
  <testcase name="Add_Tracking_Number" time="0.492" classname="Test_Data_Generation.Add_Tracking_Numbers_To_User"/>
  <testcase name="Add_Tracking_Number" time="0.649" classname="Test_Data_Generation.Add_Tracking_Numbers_To_User"/>
  <testcase name="Add_Tracking_Number" time="0.891" classname="Test_Data_Generation.Add_Tracking_Numbers_To_User"/>
  <testcase name="Add_Tracking_Number" time="0.328" classname="Test_Data_Generation.Add_Tracking_Numbers_To_User"/>
  <testcase name="Add_Tracking_Number" time="0.483" classname="Test_Data_Generation.Add_Tracking_Numbers_To_User"/>
  <testcase name="Add_Tracking_Number" time="0.451" classname="Test_Data_Generation.Add_Tracking_Numbers_To_User"/>
  <testcase name="Add_Tracking_Number" time="0.454" classname="Test_Data_Generation.Add_Tracking_Numbers_To_User">
    <failure type="java.lang.AssertionError" message="
Expected: a string containing &quot;{\&quot;successful\&quot;:true&quot;
     but: was &quot;{&quot;ShipmentOptionResponse&quot;:{&quot;successful&quot;:false,&quot;errorList&quot;:[{&quot;code&quot;:&quot;2997&quot;,&quot;message&quot;:&quot;TRAQS connection/request problem&quot;,&quot;source&quot;:null,&quot;rootCause&quot;:null}],&quot;alerts&quot;:null,&quot;cxsalerts&quot;:null}}&quot;">
      <![CDATA[java.lang.AssertionError: 
Expected: a string containing "{\"successful\":true"
     but: was "{"ShipmentOptionResponse":{"successful":false,"errorList":[{"code":"2997","message":"TRAQS connection/request problem","source":null,"rootCause":null}],"alerts":null,"cxsalerts":null}}"
at org.hamcrest.MatcherAssert.assertThat(MatcherAssert.java:20)
at org.junit.Assert.assertThat(Assert.java:956)
at org.junit.Assert.assertThat(Assert.java:923)
at Test_Data_Generation.Add_Tracking_Numbers_To_User.Add_Tracking_Number(Add_Tracking_Numbers_To_User.java:69)
at sun.reflect.GeneratedMethodAccessor2.invoke(Unknown Source)
at sun.reflect.DelegatingMethodAccessorImpl.invoke(Unknown Source)
at java.lang.reflect.Method.invoke(Unknown Source)
at org.testng.internal.MethodInvocationHelper.invokeMethod(MethodInvocationHelper.java:124)
at org.testng.internal.Invoker.invokeMethod(Invoker.java:580)
at org.testng.internal.Invoker.invokeTestMethod(Invoker.java:716)
at org.testng.internal.TestMethodWithDataProviderMethodWorker.call(TestMethodWithDataProviderMethodWorker.java:71)
at org.testng.internal.TestMethodWithDataProviderMethodWorker.call(TestMethodWithDataProviderMethodWorker.java:14)
at java.util.concurrent.FutureTask.run(Unknown Source)
at java.util.concurrent.Executors$RunnableAdapter.call(Unknown Source)
at java.util.concurrent.FutureTask.run(Unknown Source)
at java.util.concurrent.ThreadPoolExecutor.runWorker(Unknown Source)
at java.util.concurrent.ThreadPoolExecutor$Worker.run(Unknown Source)
at java.lang.Thread.run(Unknown Source)
]]>
    </failure>
  </testcase> <!-- Add_Tracking_Number -->
  <testcase name="Add_Tracking_Number" time="0.683" classname="Test_Data_Generation.Add_Tracking_Numbers_To_User"/>
  <testcase name="Add_Tracking_Number" time="0.590" classname="Test_Data_Generation.Add_Tracking_Numbers_To_User"/>
  <testcase name="Add_Tracking_Number" time="0.661" classname="Test_Data_Generation.Add_Tracking_Numbers_To_User"/>
  <testcase name="Add_Tracking_Number" time="0.518" classname="Test_Data_Generation.Add_Tracking_Numbers_To_User"/>
  <testcase name="Add_Tracking_Number" time="0.543" classname="Test_Data_Generation.Add_Tracking_Numbers_To_User"/>
  <testcase name="Add_Tracking_Number" time="0.580" classname="Test_Data_Generation.Add_Tracking_Numbers_To_User"/>
  <testcase name="Add_Tracking_Number" time="1.025" classname="Test_Data_Generation.Add_Tracking_Numbers_To_User"/>
  <testcase name="Add_Tracking_Number" time="0.666" classname="Test_Data_Generation.Add_Tracking_Numbers_To_User"/>
  <testcase name="Add_Tracking_Number" time="0.499" classname="Test_Data_Generation.Add_Tracking_Numbers_To_User"/>
  <testcase name="Add_Tracking_Number" time="0.610" classname="Test_Data_Generation.Add_Tracking_Numbers_To_User"/>
  <testcase name="Add_Tracking_Number" time="0.511" classname="Test_Data_Generation.Add_Tracking_Numbers_To_User"/>
  <testcase name="Add_Tracking_Number" time="0.465" classname="Test_Data_Generation.Add_Tracking_Numbers_To_User"/>
  <testcase name="Add_Tracking_Number" time="0.568" classname="Test_Data_Generation.Add_Tracking_Numbers_To_User">
    <failure type="java.lang.AssertionError" message="
Expected: a string containing &quot;{\&quot;successful\&quot;:true&quot;
     but: was &quot;{&quot;ShipmentOptionResponse&quot;:{&quot;successful&quot;:false,&quot;errorList&quot;:[{&quot;code&quot;:&quot;2997&quot;,&quot;message&quot;:&quot;TRAQS connection/request problem&quot;,&quot;source&quot;:null,&quot;rootCause&quot;:null}],&quot;alerts&quot;:null,&quot;cxsalerts&quot;:null}}&quot;">
      <![CDATA[java.lang.AssertionError: 
Expected: a string containing "{\"successful\":true"
     but: was "{"ShipmentOptionResponse":{"successful":false,"errorList":[{"code":"2997","message":"TRAQS connection/request problem","source":null,"rootCause":null}],"alerts":null,"cxsalerts":null}}"
at org.hamcrest.MatcherAssert.assertThat(MatcherAssert.java:20)
at org.junit.Assert.assertThat(Assert.java:956)
at org.junit.Assert.assertThat(Assert.java:923)
at Test_Data_Generation.Add_Tracking_Numbers_To_User.Add_Tracking_Number(Add_Tracking_Numbers_To_User.java:69)
at sun.reflect.GeneratedMethodAccessor2.invoke(Unknown Source)
at sun.reflect.DelegatingMethodAccessorImpl.invoke(Unknown Source)
at java.lang.reflect.Method.invoke(Unknown Source)
at org.testng.internal.MethodInvocationHelper.invokeMethod(MethodInvocationHelper.java:124)
at org.testng.internal.Invoker.invokeMethod(Invoker.java:580)
at org.testng.internal.Invoker.invokeTestMethod(Invoker.java:716)
at org.testng.internal.TestMethodWithDataProviderMethodWorker.call(TestMethodWithDataProviderMethodWorker.java:71)
at org.testng.internal.TestMethodWithDataProviderMethodWorker.call(TestMethodWithDataProviderMethodWorker.java:14)
at java.util.concurrent.FutureTask.run(Unknown Source)
at java.util.concurrent.Executors$RunnableAdapter.call(Unknown Source)
at java.util.concurrent.FutureTask.run(Unknown Source)
at java.util.concurrent.ThreadPoolExecutor.runWorker(Unknown Source)
at java.util.concurrent.ThreadPoolExecutor$Worker.run(Unknown Source)
at java.lang.Thread.run(Unknown Source)
]]>
    </failure>
  </testcase> <!-- Add_Tracking_Number -->
  <testcase name="Add_Tracking_Number" time="0.580" classname="Test_Data_Generation.Add_Tracking_Numbers_To_User"/>
  <testcase name="Add_Tracking_Number" time="0.479" classname="Test_Data_Generation.Add_Tracking_Numbers_To_User"/>
  <testcase name="Add_Tracking_Number" time="0.491" classname="Test_Data_Generation.Add_Tracking_Numbers_To_User"/>
  <testcase name="Add_Tracking_Number" time="0.652" classname="Test_Data_Generation.Add_Tracking_Numbers_To_User"/>
  <testcase name="Add_Tracking_Number" time="0.474" classname="Test_Data_Generation.Add_Tracking_Numbers_To_User"/>
  <testcase name="Add_Tracking_Number" time="0.696" classname="Test_Data_Generation.Add_Tracking_Numbers_To_User"/>
  <testcase name="Add_Tracking_Number" time="0.570" classname="Test_Data_Generation.Add_Tracking_Numbers_To_User"/>
  <testcase name="Add_Tracking_Number" time="0.455" classname="Test_Data_Generation.Add_Tracking_Numbers_To_User"/>
  <testcase name="Add_Tracking_Number" time="0.490" classname="Test_Data_Generation.Add_Tracking_Numbers_To_User"/>
  <testcase name="Add_Tracking_Number" time="0.061" classname="Test_Data_Generation.Add_Tracking_Numbers_To_User"/>
  <testcase name="Add_Tracking_Number" time="0.731" classname="Test_Data_Generation.Add_Tracking_Numbers_To_User"/>
  <testcase name="Add_Tracking_Number" time="0.508" classname="Test_Data_Generation.Add_Tracking_Numbers_To_User"/>
  <testcase name="Add_Tracking_Number" time="0.662" classname="Test_Data_Generation.Add_Tracking_Numbers_To_User"/>
  <testcase name="Add_Tracking_Number" time="0.605" classname="Test_Data_Generation.Add_Tracking_Numbers_To_User"/>
  <testcase name="Add_Tracking_Number" time="0.585" classname="Test_Data_Generation.Add_Tracking_Numbers_To_User"/>
  <testcase name="Add_Tracking_Number" time="0.500" classname="Test_Data_Generation.Add_Tracking_Numbers_To_User"/>
  <testcase name="Add_Tracking_Number" time="0.559" classname="Test_Data_Generation.Add_Tracking_Numbers_To_User"/>
  <testcase name="Add_Tracking_Number" time="0.529" classname="Test_Data_Generation.Add_Tracking_Numbers_To_User"/>
  <testcase name="Add_Tracking_Number" time="0.520" classname="Test_Data_Generation.Add_Tracking_Numbers_To_User">
    <failure type="java.lang.AssertionError" message="
Expected: a string containing &quot;{\&quot;successful\&quot;:true&quot;
     but: was &quot;{&quot;ShipmentOptionResponse&quot;:{&quot;successful&quot;:false,&quot;errorList&quot;:[{&quot;code&quot;:&quot;2997&quot;,&quot;message&quot;:&quot;TRAQS connection/request problem&quot;,&quot;source&quot;:null,&quot;rootCause&quot;:null}],&quot;alerts&quot;:null,&quot;cxsalerts&quot;:null}}&quot;">
      <![CDATA[java.lang.AssertionError: 
Expected: a string containing "{\"successful\":true"
     but: was "{"ShipmentOptionResponse":{"successful":false,"errorList":[{"code":"2997","message":"TRAQS connection/request problem","source":null,"rootCause":null}],"alerts":null,"cxsalerts":null}}"
at org.hamcrest.MatcherAssert.assertThat(MatcherAssert.java:20)
at org.junit.Assert.assertThat(Assert.java:956)
at org.junit.Assert.assertThat(Assert.java:923)
at Test_Data_Generation.Add_Tracking_Numbers_To_User.Add_Tracking_Number(Add_Tracking_Numbers_To_User.java:69)
at sun.reflect.GeneratedMethodAccessor2.invoke(Unknown Source)
at sun.reflect.DelegatingMethodAccessorImpl.invoke(Unknown Source)
at java.lang.reflect.Method.invoke(Unknown Source)
at org.testng.internal.MethodInvocationHelper.invokeMethod(MethodInvocationHelper.java:124)
at org.testng.internal.Invoker.invokeMethod(Invoker.java:580)
at org.testng.internal.Invoker.invokeTestMethod(Invoker.java:716)
at org.testng.internal.TestMethodWithDataProviderMethodWorker.call(TestMethodWithDataProviderMethodWorker.java:71)
at org.testng.internal.TestMethodWithDataProviderMethodWorker.call(TestMethodWithDataProviderMethodWorker.java:14)
at java.util.concurrent.FutureTask.run(Unknown Source)
at java.util.concurrent.Executors$RunnableAdapter.call(Unknown Source)
at java.util.concurrent.FutureTask.run(Unknown Source)
at java.util.concurrent.ThreadPoolExecutor.runWorker(Unknown Source)
at java.util.concurrent.ThreadPoolExecutor$Worker.run(Unknown Source)
at java.lang.Thread.run(Unknown Source)
]]>
    </failure>
  </testcase> <!-- Add_Tracking_Number -->
  <testcase name="Add_Tracking_Number" time="0.529" classname="Test_Data_Generation.Add_Tracking_Numbers_To_User"/>
  <testcase name="Add_Tracking_Number" time="0.521" classname="Test_Data_Generation.Add_Tracking_Numbers_To_User"/>
  <testcase name="Add_Tracking_Number" time="0.568" classname="Test_Data_Generation.Add_Tracking_Numbers_To_User"/>
  <testcase name="Add_Tracking_Number" time="0.041" classname="Test_Data_Generation.Add_Tracking_Numbers_To_User"/>
  <testcase name="Add_Tracking_Number" time="0.439" classname="Test_Data_Generation.Add_Tracking_Numbers_To_User"/>
  <testcase name="Add_Tracking_Number" time="0.337" classname="Test_Data_Generation.Add_Tracking_Numbers_To_User"/>
  <testcase name="Add_Tracking_Number" time="0.591" classname="Test_Data_Generation.Add_Tracking_Numbers_To_User"/>
  <testcase name="Add_Tracking_Number" time="0.574" classname="Test_Data_Generation.Add_Tracking_Numbers_To_User"/>
  <testcase name="Add_Tracking_Number" time="0.575" classname="Test_Data_Generation.Add_Tracking_Numbers_To_User"/>
  <testcase name="Add_Tracking_Number" time="0.709" classname="Test_Data_Generation.Add_Tracking_Numbers_To_User"/>
  <testcase name="Add_Tracking_Number" time="0.597" classname="Test_Data_Generation.Add_Tracking_Numbers_To_User"/>
  <testcase name="Add_Tracking_Number" time="0.610" classname="Test_Data_Generation.Add_Tracking_Numbers_To_User"/>
  <testcase name="Add_Tracking_Number" time="0.606" classname="Test_Data_Generation.Add_Tracking_Numbers_To_User"/>
  <testcase name="Add_Tracking_Number" time="0.522" classname="Test_Data_Generation.Add_Tracking_Numbers_To_User"/>
  <testcase name="Add_Tracking_Number" time="0.530" classname="Test_Data_Generation.Add_Tracking_Numbers_To_User"/>
  <testcase name="Add_Tracking_Number" time="0.574" classname="Test_Data_Generation.Add_Tracking_Numbers_To_User"/>
  <testcase name="Add_Tracking_Number" time="0.501" classname="Test_Data_Generation.Add_Tracking_Numbers_To_User"/>
  <testcase name="Add_Tracking_Number" time="0.640" classname="Test_Data_Generation.Add_Tracking_Numbers_To_User"/>
  <testcase name="Add_Tracking_Number" time="0.489" classname="Test_Data_Generation.Add_Tracking_Numbers_To_User"/>
  <testcase name="Add_Tracking_Number" time="0.427" classname="Test_Data_Generation.Add_Tracking_Numbers_To_User"/>
  <testcase name="Add_Tracking_Number" time="0.504" classname="Test_Data_Generation.Add_Tracking_Numbers_To_User"/>
  <testcase name="Add_Tracking_Number" time="0.595" classname="Test_Data_Generation.Add_Tracking_Numbers_To_User"/>
  <testcase name="Add_Tracking_Number" time="0.721" classname="Test_Data_Generation.Add_Tracking_Numbers_To_User"/>
  <testcase name="Add_Tracking_Number" time="0.553" classname="Test_Data_Generation.Add_Tracking_Numbers_To_User"/>
  <testcase name="Add_Tracking_Number" time="0.610" classname="Test_Data_Generation.Add_Tracking_Numbers_To_User"/>
  <testcase name="Add_Tracking_Number" time="0.526" classname="Test_Data_Generation.Add_Tracking_Numbers_To_User"/>
  <testcase name="Add_Tracking_Number" time="0.594" classname="Test_Data_Generation.Add_Tracking_Numbers_To_User"/>
  <testcase name="Add_Tracking_Number" time="0.604" classname="Test_Data_Generation.Add_Tracking_Numbers_To_User"/>
  <testcase name="Add_Tracking_Number" time="0.482" classname="Test_Data_Generation.Add_Tracking_Numbers_To_User"/>
  <testcase name="Add_Tracking_Number" time="0.510" classname="Test_Data_Generation.Add_Tracking_Numbers_To_User"/>
  <testcase name="Add_Tracking_Number" time="0.535" classname="Test_Data_Generation.Add_Tracking_Numbers_To_User"/>
  <testcase name="Add_Tracking_Number" time="0.538" classname="Test_Data_Generation.Add_Tracking_Numbers_To_User"/>
  <testcase name="Add_Tracking_Number" time="0.556" classname="Test_Data_Generation.Add_Tracking_Numbers_To_User"/>
  <testcase name="Add_Tracking_Number" time="0.505" classname="Test_Data_Generation.Add_Tracking_Numbers_To_User"/>
  <testcase name="Add_Tracking_Number" time="0.598" classname="Test_Data_Generation.Add_Tracking_Numbers_To_User"/>
  <testcase name="Add_Tracking_Number" time="0.478" classname="Test_Data_Generation.Add_Tracking_Numbers_To_User"/>
  <testcase name="Add_Tracking_Number" time="0.487" classname="Test_Data_Generation.Add_Tracking_Numbers_To_User"/>
  <testcase name="Add_Tracking_Number" time="0.509" classname="Test_Data_Generation.Add_Tracking_Numbers_To_User"/>
  <testcase name="Add_Tracking_Number" time="0.541" classname="Test_Data_Generation.Add_Tracking_Numbers_To_User"/>
  <testcase name="Add_Tracking_Number" time="0.642" classname="Test_Data_Generation.Add_Tracking_Numbers_To_User"/>
  <testcase name="Add_Tracking_Number" time="0.503" classname="Test_Data_Generation.Add_Tracking_Numbers_To_User"/>
  <testcase name="Add_Tracking_Number" time="0.451" classname="Test_Data_Generation.Add_Tracking_Numbers_To_User"/>
  <testcase name="Add_Tracking_Number" time="0.654" classname="Test_Data_Generation.Add_Tracking_Numbers_To_User"/>
  <testcase name="Add_Tracking_Number" time="0.506" classname="Test_Data_Generation.Add_Tracking_Numbers_To_User"/>
  <testcase name="Add_Tracking_Number" time="0.573" classname="Test_Data_Generation.Add_Tracking_Numbers_To_User"/>
  <testcase name="Add_Tracking_Number" time="0.590" classname="Test_Data_Generation.Add_Tracking_Numbers_To_User"/>
  <testcase name="Add_Tracking_Number" time="0.514" classname="Test_Data_Generation.Add_Tracking_Numbers_To_User"/>
  <testcase name="Add_Tracking_Number" time="0.563" classname="Test_Data_Generation.Add_Tracking_Numbers_To_User"/>
  <testcase name="Add_Tracking_Number" time="0.509" classname="Test_Data_Generation.Add_Tracking_Numbers_To_User"/>
  <testcase name="Add_Tracking_Number" time="0.463" classname="Test_Data_Generation.Add_Tracking_Numbers_To_User"/>
  <testcase name="Add_Tracking_Number" time="0.557" classname="Test_Data_Generation.Add_Tracking_Numbers_To_User"/>
  <testcase name="Add_Tracking_Number" time="0.484" classname="Test_Data_Generation.Add_Tracking_Numbers_To_User"/>
  <testcase name="Add_Tracking_Number" time="0.577" classname="Test_Data_Generation.Add_Tracking_Numbers_To_User"/>
  <testcase name="Add_Tracking_Number" time="0.557" classname="Test_Data_Generation.Add_Tracking_Numbers_To_User"/>
  <testcase name="Add_Tracking_Number" time="0.547" classname="Test_Data_Generation.Add_Tracking_Numbers_To_User"/>
  <testcase name="Add_Tracking_Number" time="0.548" classname="Test_Data_Generation.Add_Tracking_Numbers_To_User"/>
  <testcase name="Add_Tracking_Number" time="0.484" classname="Test_Data_Generation.Add_Tracking_Numbers_To_User"/>
  <testcase name="Add_Tracking_Number" time="0.513" classname="Test_Data_Generation.Add_Tracking_Numbers_To_User"/>
  <testcase name="Add_Tracking_Number" time="0.560" classname="Test_Data_Generation.Add_Tracking_Numbers_To_User"/>
  <testcase name="Add_Tracking_Number" time="0.461" classname="Test_Data_Generation.Add_Tracking_Numbers_To_User"/>
  <testcase name="Add_Tracking_Number" time="0.557" classname="Test_Data_Generation.Add_Tracking_Numbers_To_User"/>
  <testcase name="Add_Tracking_Number" time="0.612" classname="Test_Data_Generation.Add_Tracking_Numbers_To_User"/>
  <testcase name="Add_Tracking_Number" time="0.582" classname="Test_Data_Generation.Add_Tracking_Numbers_To_User"/>
  <testcase name="Add_Tracking_Number" time="0.559" classname="Test_Data_Generation.Add_Tracking_Numbers_To_User"/>
  <testcase name="Add_Tracking_Number" time="0.634" classname="Test_Data_Generation.Add_Tracking_Numbers_To_User"/>
  <testcase name="Add_Tracking_Number" time="0.540" classname="Test_Data_Generation.Add_Tracking_Numbers_To_User"/>
  <testcase name="Add_Tracking_Number" time="0.472" classname="Test_Data_Generation.Add_Tracking_Numbers_To_User"/>
  <testcase name="Add_Tracking_Number" time="0.526" classname="Test_Data_Generation.Add_Tracking_Numbers_To_User"/>
  <testcase name="Add_Tracking_Number" time="0.552" classname="Test_Data_Generation.Add_Tracking_Numbers_To_User"/>
  <testcase name="Add_Tracking_Number" time="0.381" classname="Test_Data_Generation.Add_Tracking_Numbers_To_User"/>
  <testcase name="Add_Tracking_Number" time="0.502" classname="Test_Data_Generation.Add_Tracking_Numbers_To_User"/>
  <testcase name="Add_Tracking_Number" time="0.519" classname="Test_Data_Generation.Add_Tracking_Numbers_To_User"/>
  <testcase name="Add_Tracking_Number" time="0.439" classname="Test_Data_Generation.Add_Tracking_Numbers_To_User"/>
  <testcase name="Add_Tracking_Number" time="0.525" classname="Test_Data_Generation.Add_Tracking_Numbers_To_User"/>
  <testcase name="Add_Tracking_Number" time="0.533" classname="Test_Data_Generation.Add_Tracking_Numbers_To_User"/>
  <testcase name="Add_Tracking_Number" time="0.092" classname="Test_Data_Generation.Add_Tracking_Numbers_To_User"/>
  <testcase name="Add_Tracking_Number" time="0.500" classname="Test_Data_Generation.Add_Tracking_Numbers_To_User"/>
  <testcase name="Add_Tracking_Number" time="0.232" classname="Test_Data_Generation.Add_Tracking_Numbers_To_User"/>
  <testcase name="Add_Tracking_Number" time="0.771" classname="Test_Data_Generation.Add_Tracking_Numbers_To_User"/>
  <testcase name="Add_Tracking_Number" time="0.621" classname="Test_Data_Generation.Add_Tracking_Numbers_To_User"/>
  <testcase name="Add_Tracking_Number" time="0.540" classname="Test_Data_Generation.Add_Tracking_Numbers_To_User"/>
  <testcase name="Add_Tracking_Number" time="0.473" classname="Test_Data_Generation.Add_Tracking_Numbers_To_User"/>
  <testcase name="Add_Tracking_Number" time="0.509" classname="Test_Data_Generation.Add_Tracking_Numbers_To_User"/>
  <testcase name="Add_Tracking_Number" time="0.495" classname="Test_Data_Generation.Add_Tracking_Numbers_To_User"/>
  <testcase name="Add_Tracking_Number" time="0.463" classname="Test_Data_Generation.Add_Tracking_Numbers_To_User"/>
  <testcase name="Add_Tracking_Number" time="0.542" classname="Test_Data_Generation.Add_Tracking_Numbers_To_User"/>
  <testcase name="Add_Tracking_Number" time="0.769" classname="Test_Data_Generation.Add_Tracking_Numbers_To_User"/>
  <testcase name="Add_Tracking_Number" time="0.574" classname="Test_Data_Generation.Add_Tracking_Numbers_To_User"/>
  <testcase name="Add_Tracking_Number" time="0.496" classname="Test_Data_Generation.Add_Tracking_Numbers_To_User"/>
  <testcase name="Add_Tracking_Number" time="0.578" classname="Test_Data_Generation.Add_Tracking_Numbers_To_User"/>
  <testcase name="Add_Tracking_Number" time="0.470" classname="Test_Data_Generation.Add_Tracking_Numbers_To_User"/>
  <testcase name="Add_Tracking_Number" time="0.711" classname="Test_Data_Generation.Add_Tracking_Numbers_To_User"/>
  <testcase name="Add_Tracking_Number" time="0.631" classname="Test_Data_Generation.Add_Tracking_Numbers_To_User"/>
  <testcase name="Add_Tracking_Number" time="0.533" classname="Test_Data_Generation.Add_Tracking_Numbers_To_User"/>
  <testcase name="Add_Tracking_Number" time="0.485" classname="Test_Data_Generation.Add_Tracking_Numbers_To_User"/>
  <testcase name="Add_Tracking_Number" time="0.473" classname="Test_Data_Generation.Add_Tracking_Numbers_To_User"/>
  <testcase name="Add_Tracking_Number" time="0.606" classname="Test_Data_Generation.Add_Tracking_Numbers_To_User"/>
  <testcase name="Add_Tracking_Number" time="0.474" classname="Test_Data_Generation.Add_Tracking_Numbers_To_User"/>
  <testcase name="Add_Tracking_Number" time="0.492" classname="Test_Data_Generation.Add_Tracking_Numbers_To_User"/>
  <testcase name="Add_Tracking_Number" time="0.670" classname="Test_Data_Generation.Add_Tracking_Numbers_To_User"/>
  <testcase name="Add_Tracking_Number" time="0.450" classname="Test_Data_Generation.Add_Tracking_Numbers_To_User"/>
  <testcase name="Add_Tracking_Number" time="0.618" classname="Test_Data_Generation.Add_Tracking_Numbers_To_User"/>
  <testcase name="Add_Tracking_Number" time="0.548" classname="Test_Data_Generation.Add_Tracking_Numbers_To_User"/>
  <testcase name="Add_Tracking_Number" time="0.496" classname="Test_Data_Generation.Add_Tracking_Numbers_To_User"/>
  <testcase name="Add_Tracking_Number" time="0.717" classname="Test_Data_Generation.Add_Tracking_Numbers_To_User"/>
  <testcase name="Add_Tracking_Number" time="0.505" classname="Test_Data_Generation.Add_Tracking_Numbers_To_User"/>
  <testcase name="Add_Tracking_Number" time="0.523" classname="Test_Data_Generation.Add_Tracking_Numbers_To_User"/>
  <testcase name="Add_Tracking_Number" time="0.565" classname="Test_Data_Generation.Add_Tracking_Numbers_To_User"/>
  <testcase name="Add_Tracking_Number" time="0.620" classname="Test_Data_Generation.Add_Tracking_Numbers_To_User"/>
  <testcase name="Add_Tracking_Number" time="0.598" classname="Test_Data_Generation.Add_Tracking_Numbers_To_User"/>
  <testcase name="Add_Tracking_Number" time="0.578" classname="Test_Data_Generation.Add_Tracking_Numbers_To_User"/>
  <testcase name="Add_Tracking_Number" time="0.496" classname="Test_Data_Generation.Add_Tracking_Numbers_To_User"/>
  <testcase name="Add_Tracking_Number" time="0.524" classname="Test_Data_Generation.Add_Tracking_Numbers_To_User"/>
  <testcase name="Add_Tracking_Number" time="0.537" classname="Test_Data_Generation.Add_Tracking_Numbers_To_User"/>
  <testcase name="Add_Tracking_Number" time="0.563" classname="Test_Data_Generation.Add_Tracking_Numbers_To_User"/>
  <testcase name="Add_Tracking_Number" time="0.644" classname="Test_Data_Generation.Add_Tracking_Numbers_To_User"/>
  <testcase name="Add_Tracking_Number" time="0.618" classname="Test_Data_Generation.Add_Tracking_Numbers_To_User"/>
  <testcase name="Add_Tracking_Number" time="0.539" classname="Test_Data_Generation.Add_Tracking_Numbers_To_User"/>
  <testcase name="Add_Tracking_Number" time="0.507" classname="Test_Data_Generation.Add_Tracking_Numbers_To_User"/>
  <testcase name="Add_Tracking_Number" time="0.503" classname="Test_Data_Generation.Add_Tracking_Numbers_To_User"/>
  <testcase name="Add_Tracking_Number" time="0.559" classname="Test_Data_Generation.Add_Tracking_Numbers_To_User"/>
  <testcase name="Add_Tracking_Number" time="0.484" classname="Test_Data_Generation.Add_Tracking_Numbers_To_User"/>
  <testcase name="Add_Tracking_Number" time="0.467" classname="Test_Data_Generation.Add_Tracking_Numbers_To_User"/>
  <testcase name="Add_Tracking_Number" time="0.497" classname="Test_Data_Generation.Add_Tracking_Numbers_To_User"/>
  <testcase name="Add_Tracking_Number" time="0.532" classname="Test_Data_Generation.Add_Tracking_Numbers_To_User"/>
  <testcase name="Add_Tracking_Number" time="0.492" classname="Test_Data_Generation.Add_Tracking_Numbers_To_User"/>
  <testcase name="Add_Tracking_Number" time="1.194" classname="Test_Data_Generation.Add_Tracking_Numbers_To_User"/>
  <testcase name="Add_Tracking_Number" time="0.724" classname="Test_Data_Generation.Add_Tracking_Numbers_To_User"/>
  <testcase name="Add_Tracking_Number" time="0.517" classname="Test_Data_Generation.Add_Tracking_Numbers_To_User"/>
  <testcase name="Add_Tracking_Number" time="0.461" classname="Test_Data_Generation.Add_Tracking_Numbers_To_User"/>
  <testcase name="Add_Tracking_Number" time="0.480" classname="Test_Data_Generation.Add_Tracking_Numbers_To_User"/>
  <testcase name="Add_Tracking_Number" time="1.136" classname="Test_Data_Generation.Add_Tracking_Numbers_To_User"/>
  <testcase name="Add_Tracking_Number" time="0.498" classname="Test_Data_Generation.Add_Tracking_Numbers_To_User"/>
  <testcase name="Add_Tracking_Number" time="0.432" classname="Test_Data_Generation.Add_Tracking_Numbers_To_User"/>
  <testcase name="Add_Tracking_Number" time="0.579" classname="Test_Data_Generation.Add_Tracking_Numbers_To_User"/>
  <testcase name="Add_Tracking_Number" time="0.530" classname="Test_Data_Generation.Add_Tracking_Numbers_To_User"/>
  <testcase name="Add_Tracking_Number" time="0.557" classname="Test_Data_Generation.Add_Tracking_Numbers_To_User"/>
  <testcase name="Add_Tracking_Number" time="0.543" classname="Test_Data_Generation.Add_Tracking_Numbers_To_User"/>
  <testcase name="Add_Tracking_Number" time="0.575" classname="Test_Data_Generation.Add_Tracking_Numbers_To_User"/>
  <testcase name="Add_Tracking_Number" time="0.453" classname="Test_Data_Generation.Add_Tracking_Numbers_To_User"/>
  <testcase name="Add_Tracking_Number" time="0.483" classname="Test_Data_Generation.Add_Tracking_Numbers_To_User"/>
  <testcase name="Add_Tracking_Number" time="0.552" classname="Test_Data_Generation.Add_Tracking_Numbers_To_User"/>
  <testcase name="Add_Tracking_Number" time="0.484" classname="Test_Data_Generation.Add_Tracking_Numbers_To_User"/>
  <testcase name="Add_Tracking_Number" time="0.702" classname="Test_Data_Generation.Add_Tracking_Numbers_To_User"/>
  <testcase name="Add_Tracking_Number" time="0.596" classname="Test_Data_Generation.Add_Tracking_Numbers_To_User"/>
  <testcase name="Add_Tracking_Number" time="0.519" classname="Test_Data_Generation.Add_Tracking_Numbers_To_User"/>
  <testcase name="Add_Tracking_Number" time="0.522" classname="Test_Data_Generation.Add_Tracking_Numbers_To_User"/>
  <testcase name="Add_Tracking_Number" time="0.557" classname="Test_Data_Generation.Add_Tracking_Numbers_To_User"/>
  <testcase name="Add_Tracking_Number" time="0.645" classname="Test_Data_Generation.Add_Tracking_Numbers_To_User"/>
  <testcase name="Add_Tracking_Number" time="0.557" classname="Test_Data_Generation.Add_Tracking_Numbers_To_User"/>
  <testcase name="Add_Tracking_Number" time="0.525" classname="Test_Data_Generation.Add_Tracking_Numbers_To_User"/>
  <testcase name="Add_Tracking_Number" time="0.601" classname="Test_Data_Generation.Add_Tracking_Numbers_To_User"/>
  <testcase name="Add_Tracking_Number" time="0.661" classname="Test_Data_Generation.Add_Tracking_Numbers_To_User"/>
  <testcase name="Add_Tracking_Number" time="0.499" classname="Test_Data_Generation.Add_Tracking_Numbers_To_User"/>
  <testcase name="Add_Tracking_Number" time="0.651" classname="Test_Data_Generation.Add_Tracking_Numbers_To_User"/>
  <testcase name="Add_Tracking_Number" time="0.658" classname="Test_Data_Generation.Add_Tracking_Numbers_To_User"/>
  <testcase name="Add_Tracking_Number" time="0.496" classname="Test_Data_Generation.Add_Tracking_Numbers_To_User"/>
  <testcase name="Add_Tracking_Number" time="0.534" classname="Test_Data_Generation.Add_Tracking_Numbers_To_User"/>
  <testcase name="Add_Tracking_Number" time="0.771" classname="Test_Data_Generation.Add_Tracking_Numbers_To_User"/>
  <testcase name="Add_Tracking_Number" time="0.595" classname="Test_Data_Generation.Add_Tracking_Numbers_To_User"/>
  <testcase name="Add_Tracking_Number" time="0.544" classname="Test_Data_Generation.Add_Tracking_Numbers_To_User"/>
  <testcase name="Add_Tracking_Number" time="0.557" classname="Test_Data_Generation.Add_Tracking_Numbers_To_User"/>
  <testcase name="Add_Tracking_Number" time="0.582" classname="Test_Data_Generation.Add_Tracking_Numbers_To_User"/>
  <testcase name="Add_Tracking_Number" time="0.644" classname="Test_Data_Generation.Add_Tracking_Numbers_To_User"/>
  <testcase name="Add_Tracking_Number" time="0.523" classname="Test_Data_Generation.Add_Tracking_Numbers_To_User"/>
  <testcase name="Add_Tracking_Number" time="0.641" classname="Test_Data_Generation.Add_Tracking_Numbers_To_User"/>
  <testcase name="Add_Tracking_Number" time="0.454" classname="Test_Data_Generation.Add_Tracking_Numbers_To_User"/>
  <testcase name="Add_Tracking_Number" time="0.559" classname="Test_Data_Generation.Add_Tracking_Numbers_To_User"/>
  <testcase name="Add_Tracking_Number" time="0.573" classname="Test_Data_Generation.Add_Tracking_Numbers_To_User"/>
  <testcase name="Add_Tracking_Number" time="0.733" classname="Test_Data_Generation.Add_Tracking_Numbers_To_User"/>
  <testcase name="Add_Tracking_Number" time="0.596" classname="Test_Data_Generation.Add_Tracking_Numbers_To_User"/>
  <testcase name="Add_Tracking_Number" time="0.565" classname="Test_Data_Generation.Add_Tracking_Numbers_To_User"/>
  <testcase name="Add_Tracking_Number" time="0.583" classname="Test_Data_Generation.Add_Tracking_Numbers_To_User"/>
  <testcase name="Add_Tracking_Number" time="0.509" classname="Test_Data_Generation.Add_Tracking_Numbers_To_User"/>
  <testcase name="Add_Tracking_Number" time="0.494" classname="Test_Data_Generation.Add_Tracking_Numbers_To_User"/>
  <testcase name="Add_Tracking_Number" time="0.619" classname="Test_Data_Generation.Add_Tracking_Numbers_To_User"/>
  <testcase name="Add_Tracking_Number" time="0.507" classname="Test_Data_Generation.Add_Tracking_Numbers_To_User"/>
  <testcase name="Add_Tracking_Number" time="0.584" classname="Test_Data_Generation.Add_Tracking_Numbers_To_User"/>
  <testcase name="Add_Tracking_Number" time="0.522" classname="Test_Data_Generation.Add_Tracking_Numbers_To_User"/>
  <testcase name="Add_Tracking_Number" time="0.482" classname="Test_Data_Generation.Add_Tracking_Numbers_To_User"/>
  <testcase name="Add_Tracking_Number" time="0.513" classname="Test_Data_Generation.Add_Tracking_Numbers_To_User"/>
  <testcase name="Add_Tracking_Number" time="0.490" classname="Test_Data_Generation.Add_Tracking_Numbers_To_User"/>
  <testcase name="Add_Tracking_Number" time="0.567" classname="Test_Data_Generation.Add_Tracking_Numbers_To_User"/>
  <testcase name="Add_Tracking_Number" time="0.465" classname="Test_Data_Generation.Add_Tracking_Numbers_To_User"/>
  <testcase name="Add_Tracking_Number" time="0.473" classname="Test_Data_Generation.Add_Tracking_Numbers_To_User"/>
  <testcase name="Add_Tracking_Number" time="0.448" classname="Test_Data_Generation.Add_Tracking_Numbers_To_User"/>
  <testcase name="Add_Tracking_Number" time="0.535" classname="Test_Data_Generation.Add_Tracking_Numbers_To_User"/>
  <testcase name="Add_Tracking_Number" time="0.464" classname="Test_Data_Generation.Add_Tracking_Numbers_To_User"/>
  <testcase name="Add_Tracking_Number" time="0.517" classname="Test_Data_Generation.Add_Tracking_Numbers_To_User"/>
  <testcase name="Add_Tracking_Number" time="0.502" classname="Test_Data_Generation.Add_Tracking_Numbers_To_User"/>
  <testcase name="Add_Tracking_Number" time="0.513" classname="Test_Data_Generation.Add_Tracking_Numbers_To_User"/>
  <testcase name="Add_Tracking_Number" time="0.472" classname="Test_Data_Generation.Add_Tracking_Numbers_To_User"/>
  <testcase name="Add_Tracking_Number" time="0.543" classname="Test_Data_Generation.Add_Tracking_Numbers_To_User"/>
  <testcase name="Add_Tracking_Number" time="0.572" classname="Test_Data_Generation.Add_Tracking_Numbers_To_User"/>
  <testcase name="Add_Tracking_Number" time="0.584" classname="Test_Data_Generation.Add_Tracking_Numbers_To_User"/>
  <testcase name="Add_Tracking_Number" time="0.578" classname="Test_Data_Generation.Add_Tracking_Numbers_To_User"/>
  <testcase name="Add_Tracking_Number" time="0.475" classname="Test_Data_Generation.Add_Tracking_Numbers_To_User"/>
  <testcase name="Add_Tracking_Number" time="0.516" classname="Test_Data_Generation.Add_Tracking_Numbers_To_User"/>
  <testcase name="Add_Tracking_Number" time="0.571" classname="Test_Data_Generation.Add_Tracking_Numbers_To_User"/>
  <testcase name="Add_Tracking_Number" time="0.442" classname="Test_Data_Generation.Add_Tracking_Numbers_To_User"/>
  <testcase name="Add_Tracking_Number" time="0.552" classname="Test_Data_Generation.Add_Tracking_Numbers_To_User"/>
  <testcase name="Add_Tracking_Number" time="0.540" classname="Test_Data_Generation.Add_Tracking_Numbers_To_User"/>
  <testcase name="Add_Tracking_Number" time="0.596" classname="Test_Data_Generation.Add_Tracking_Numbers_To_User"/>
  <testcase name="Add_Tracking_Number" time="0.597" classname="Test_Data_Generation.Add_Tracking_Numbers_To_User"/>
  <testcase name="Add_Tracking_Number" time="0.463" classname="Test_Data_Generation.Add_Tracking_Numbers_To_User"/>
  <testcase name="Add_Tracking_Number" time="0.539" classname="Test_Data_Generation.Add_Tracking_Numbers_To_User"/>
  <testcase name="Add_Tracking_Number" time="0.462" classname="Test_Data_Generation.Add_Tracking_Numbers_To_User"/>
  <testcase name="Add_Tracking_Number" time="0.489" classname="Test_Data_Generation.Add_Tracking_Numbers_To_User"/>
  <testcase name="Add_Tracking_Number" time="0.570" classname="Test_Data_Generation.Add_Tracking_Numbers_To_User"/>
  <testcase name="Add_Tracking_Number" time="0.532" classname="Test_Data_Generation.Add_Tracking_Numbers_To_User"/>
  <testcase name="Add_Tracking_Number" time="0.620" classname="Test_Data_Generation.Add_Tracking_Numbers_To_User"/>
  <testcase name="Add_Tracking_Number" time="0.667" classname="Test_Data_Generation.Add_Tracking_Numbers_To_User"/>
  <testcase name="Add_Tracking_Number" time="0.547" classname="Test_Data_Generation.Add_Tracking_Numbers_To_User"/>
  <testcase name="Add_Tracking_Number" time="0.477" classname="Test_Data_Generation.Add_Tracking_Numbers_To_User"/>
  <testcase name="Add_Tracking_Number" time="0.549" classname="Test_Data_Generation.Add_Tracking_Numbers_To_User"/>
  <testcase name="Add_Tracking_Number" time="0.504" classname="Test_Data_Generation.Add_Tracking_Numbers_To_User"/>
  <testcase name="Add_Tracking_Number" time="0.504" classname="Test_Data_Generation.Add_Tracking_Numbers_To_User"/>
  <testcase name="Add_Tracking_Number" time="0.477" classname="Test_Data_Generation.Add_Tracking_Numbers_To_User"/>
  <testcase name="Add_Tracking_Number" time="0.650" classname="Test_Data_Generation.Add_Tracking_Numbers_To_User"/>
  <testcase name="Add_Tracking_Number" time="0.448" classname="Test_Data_Generation.Add_Tracking_Numbers_To_User"/>
  <testcase name="Add_Tracking_Number" time="0.533" classname="Test_Data_Generation.Add_Tracking_Numbers_To_User"/>
  <testcase name="Add_Tracking_Number" time="0.498" classname="Test_Data_Generation.Add_Tracking_Numbers_To_User"/>
  <testcase name="Add_Tracking_Number" time="0.665" classname="Test_Data_Generation.Add_Tracking_Numbers_To_User"/>
  <testcase name="Add_Tracking_Number" time="0.583" classname="Test_Data_Generation.Add_Tracking_Numbers_To_User"/>
  <testcase name="Add_Tracking_Number" time="0.565" classname="Test_Data_Generation.Add_Tracking_Numbers_To_User"/>
  <testcase name="Add_Tracking_Number" time="0.657" classname="Test_Data_Generation.Add_Tracking_Numbers_To_User"/>
  <testcase name="Add_Tracking_Number" time="0.451" classname="Test_Data_Generation.Add_Tracking_Numbers_To_User"/>
  <testcase name="Add_Tracking_Number" time="0.586" classname="Test_Data_Generation.Add_Tracking_Numbers_To_User"/>
  <testcase name="Add_Tracking_Number" time="0.701" classname="Test_Data_Generation.Add_Tracking_Numbers_To_User"/>
  <testcase name="Add_Tracking_Number" time="0.583" classname="Test_Data_Generation.Add_Tracking_Numbers_To_User"/>
  <testcase name="Add_Tracking_Number" time="0.519" classname="Test_Data_Generation.Add_Tracking_Numbers_To_User"/>
  <testcase name="Add_Tracking_Number" time="0.642" classname="Test_Data_Generation.Add_Tracking_Numbers_To_User"/>
  <testcase name="Add_Tracking_Number" time="0.537" classname="Test_Data_Generation.Add_Tracking_Numbers_To_User"/>
  <testcase name="Add_Tracking_Number" time="0.647" classname="Test_Data_Generation.Add_Tracking_Numbers_To_User"/>
  <testcase name="Add_Tracking_Number" time="0.534" classname="Test_Data_Generation.Add_Tracking_Numbers_To_User"/>
  <testcase name="Add_Tracking_Number" time="0.490" classname="Test_Data_Generation.Add_Tracking_Numbers_To_User"/>
  <testcase name="Add_Tracking_Number" time="0.546" classname="Test_Data_Generation.Add_Tracking_Numbers_To_User"/>
  <testcase name="Add_Tracking_Number" time="0.684" classname="Test_Data_Generation.Add_Tracking_Numbers_To_User"/>
  <testcase name="Add_Tracking_Number" time="0.477" classname="Test_Data_Generation.Add_Tracking_Numbers_To_User"/>
  <testcase name="Add_Tracking_Number" time="0.649" classname="Test_Data_Generation.Add_Tracking_Numbers_To_User"/>
  <testcase name="Add_Tracking_Number" time="0.575" classname="Test_Data_Generation.Add_Tracking_Numbers_To_User"/>
  <testcase name="Add_Tracking_Number" time="0.532" classname="Test_Data_Generation.Add_Tracking_Numbers_To_User"/>
  <testcase name="Add_Tracking_Number" time="0.494" classname="Test_Data_Generation.Add_Tracking_Numbers_To_User"/>
  <testcase name="Add_Tracking_Number" time="0.573" classname="Test_Data_Generation.Add_Tracking_Numbers_To_User"/>
  <testcase name="Add_Tracking_Number" time="0.552" classname="Test_Data_Generation.Add_Tracking_Numbers_To_User"/>
  <testcase name="Add_Tracking_Number" time="0.584" classname="Test_Data_Generation.Add_Tracking_Numbers_To_User"/>
  <testcase name="Add_Tracking_Number" time="0.701" classname="Test_Data_Generation.Add_Tracking_Numbers_To_User"/>
  <testcase name="Add_Tracking_Number" time="0.463" classname="Test_Data_Generation.Add_Tracking_Numbers_To_User"/>
  <testcase name="Add_Tracking_Number" time="0.585" classname="Test_Data_Generation.Add_Tracking_Numbers_To_User"/>
  <testcase name="Add_Tracking_Number" time="0.501" classname="Test_Data_Generation.Add_Tracking_Numbers_To_User"/>
  <testcase name="Add_Tracking_Number" time="0.562" classname="Test_Data_Generation.Add_Tracking_Numbers_To_User"/>
  <testcase name="Add_Tracking_Number" time="0.504" classname="Test_Data_Generation.Add_Tracking_Numbers_To_User"/>
  <testcase name="Add_Tracking_Number" time="0.491" classname="Test_Data_Generation.Add_Tracking_Numbers_To_User"/>
  <testcase name="Add_Tracking_Number" time="0.612" classname="Test_Data_Generation.Add_Tracking_Numbers_To_User"/>
  <testcase name="Add_Tracking_Number" time="0.493" classname="Test_Data_Generation.Add_Tracking_Numbers_To_User"/>
  <testcase name="Add_Tracking_Number" time="0.547" classname="Test_Data_Generation.Add_Tracking_Numbers_To_User"/>
  <testcase name="Add_Tracking_Number" time="0.601" classname="Test_Data_Generation.Add_Tracking_Numbers_To_User"/>
  <testcase name="Add_Tracking_Number" time="0.542" classname="Test_Data_Generation.Add_Tracking_Numbers_To_User"/>
  <testcase name="Add_Tracking_Number" time="0.539" classname="Test_Data_Generation.Add_Tracking_Numbers_To_User"/>
  <testcase name="Add_Tracking_Number" time="0.507" classname="Test_Data_Generation.Add_Tracking_Numbers_To_User"/>
  <testcase name="Add_Tracking_Number" time="0.296" classname="Test_Data_Generation.Add_Tracking_Numbers_To_User"/>
  <testcase name="Add_Tracking_Number" time="0.637" classname="Test_Data_Generation.Add_Tracking_Numbers_To_User"/>
  <testcase name="Add_Tracking_Number" time="0.547" classname="Test_Data_Generation.Add_Tracking_Numbers_To_User"/>
  <testcase name="Add_Tracking_Number" time="0.566" classname="Test_Data_Generation.Add_Tracking_Numbers_To_User"/>
  <testcase name="Add_Tracking_Number" time="0.297" classname="Test_Data_Generation.Add_Tracking_Numbers_To_User"/>
  <testcase name="Add_Tracking_Number" time="0.595" classname="Test_Data_Generation.Add_Tracking_Numbers_To_User"/>
  <testcase name="Add_Tracking_Number" time="0.616" classname="Test_Data_Generation.Add_Tracking_Numbers_To_User"/>
  <testcase name="Add_Tracking_Number" time="0.485" classname="Test_Data_Generation.Add_Tracking_Numbers_To_User"/>
  <testcase name="Add_Tracking_Number" time="0.572" classname="Test_Data_Generation.Add_Tracking_Numbers_To_User"/>
  <testcase name="Add_Tracking_Number" time="0.424" classname="Test_Data_Generation.Add_Tracking_Numbers_To_User"/>
  <testcase name="Add_Tracking_Number" time="0.115" classname="Test_Data_Generation.Add_Tracking_Numbers_To_User"/>
  <testcase name="Add_Tracking_Number" time="0.555" classname="Test_Data_Generation.Add_Tracking_Numbers_To_User"/>
  <testcase name="Add_Tracking_Number" time="0.696" classname="Test_Data_Generation.Add_Tracking_Numbers_To_User"/>
  <testcase name="Add_Tracking_Number" time="0.619" classname="Test_Data_Generation.Add_Tracking_Numbers_To_User"/>
  <testcase name="Add_Tracking_Number" time="0.338" classname="Test_Data_Generation.Add_Tracking_Numbers_To_User"/>
  <testcase name="Add_Tracking_Number" time="0.551" classname="Test_Data_Generation.Add_Tracking_Numbers_To_User"/>
  <testcase name="Add_Tracking_Number" time="0.554" classname="Test_Data_Generation.Add_Tracking_Numbers_To_User"/>
  <testcase name="Add_Tracking_Number" time="0.560" classname="Test_Data_Generation.Add_Tracking_Numbers_To_User"/>
  <testcase name="Add_Tracking_Number" time="0.521" classname="Test_Data_Generation.Add_Tracking_Numbers_To_User"/>
  <testcase name="Add_Tracking_Number" time="0.494" classname="Test_Data_Generation.Add_Tracking_Numbers_To_User"/>
  <testcase name="Add_Tracking_Number" time="0.445" classname="Test_Data_Generation.Add_Tracking_Numbers_To_User"/>
  <testcase name="Add_Tracking_Number" time="0.704" classname="Test_Data_Generation.Add_Tracking_Numbers_To_User"/>
  <testcase name="Add_Tracking_Number" time="0.615" classname="Test_Data_Generation.Add_Tracking_Numbers_To_User"/>
  <testcase name="Add_Tracking_Number" time="0.550" classname="Test_Data_Generation.Add_Tracking_Numbers_To_User"/>
  <testcase name="Add_Tracking_Number" time="0.527" classname="Test_Data_Generation.Add_Tracking_Numbers_To_User"/>
  <testcase name="Add_Tracking_Number" time="0.638" classname="Test_Data_Generation.Add_Tracking_Numbers_To_User"/>
  <testcase name="Add_Tracking_Number" time="0.599" classname="Test_Data_Generation.Add_Tracking_Numbers_To_User"/>
  <testcase name="Add_Tracking_Number" time="0.587" classname="Test_Data_Generation.Add_Tracking_Numbers_To_User"/>
  <testcase name="Add_Tracking_Number" time="0.685" classname="Test_Data_Generation.Add_Tracking_Numbers_To_User"/>
  <testcase name="Add_Tracking_Number" time="0.621" classname="Test_Data_Generation.Add_Tracking_Numbers_To_User"/>
  <testcase name="Add_Tracking_Number" time="0.599" classname="Test_Data_Generation.Add_Tracking_Numbers_To_User"/>
  <testcase name="Add_Tracking_Number" time="0.551" classname="Test_Data_Generation.Add_Tracking_Numbers_To_User"/>
  <testcase name="Add_Tracking_Number" time="0.588" classname="Test_Data_Generation.Add_Tracking_Numbers_To_User"/>
  <testcase name="Add_Tracking_Number" time="0.524" classname="Test_Data_Generation.Add_Tracking_Numbers_To_User"/>
  <testcase name="Add_Tracking_Number" time="0.444" classname="Test_Data_Generation.Add_Tracking_Numbers_To_User"/>
  <testcase name="Add_Tracking_Number" time="0.468" classname="Test_Data_Generation.Add_Tracking_Numbers_To_User"/>
  <testcase name="Add_Tracking_Number" time="0.601" classname="Test_Data_Generation.Add_Tracking_Numbers_To_User"/>
  <testcase name="Add_Tracking_Number" time="0.687" classname="Test_Data_Generation.Add_Tracking_Numbers_To_User"/>
  <testcase name="Add_Tracking_Number" time="0.475" classname="Test_Data_Generation.Add_Tracking_Numbers_To_User"/>
  <testcase name="Add_Tracking_Number" time="0.518" classname="Test_Data_Generation.Add_Tracking_Numbers_To_User"/>
  <testcase name="Add_Tracking_Number" time="1.055" classname="Test_Data_Generation.Add_Tracking_Numbers_To_User"/>
  <testcase name="Add_Tracking_Number" time="0.807" classname="Test_Data_Generation.Add_Tracking_Numbers_To_User"/>
  <testcase name="Add_Tracking_Number" time="0.748" classname="Test_Data_Generation.Add_Tracking_Numbers_To_User"/>
  <testcase name="Add_Tracking_Number" time="0.520" classname="Test_Data_Generation.Add_Tracking_Numbers_To_User"/>
  <testcase name="Add_Tracking_Number" time="0.455" classname="Test_Data_Generation.Add_Tracking_Numbers_To_User"/>
  <testcase name="Add_Tracking_Number" time="0.618" classname="Test_Data_Generation.Add_Tracking_Numbers_To_User"/>
  <testcase name="Add_Tracking_Number" time="0.550" classname="Test_Data_Generation.Add_Tracking_Numbers_To_User"/>
  <testcase name="Add_Tracking_Number" time="0.579" classname="Test_Data_Generation.Add_Tracking_Numbers_To_User"/>
  <testcase name="Add_Tracking_Number" time="0.567" classname="Test_Data_Generation.Add_Tracking_Numbers_To_User"/>
  <testcase name="Add_Tracking_Number" time="0.626" classname="Test_Data_Generation.Add_Tracking_Numbers_To_User"/>
  <testcase name="Add_Tracking_Number" time="0.561" classname="Test_Data_Generation.Add_Tracking_Numbers_To_User"/>
  <testcase name="Add_Tracking_Number" time="0.519" classname="Test_Data_Generation.Add_Tracking_Numbers_To_User"/>
  <testcase name="Add_Tracking_Number" time="0.545" classname="Test_Data_Generation.Add_Tracking_Numbers_To_User"/>
  <testcase name="Add_Tracking_Number" time="0.430" classname="Test_Data_Generation.Add_Tracking_Numbers_To_User"/>
  <testcase name="Add_Tracking_Number" time="0.576" classname="Test_Data_Generation.Add_Tracking_Numbers_To_User"/>
  <testcase name="Add_Tracking_Number" time="0.657" classname="Test_Data_Generation.Add_Tracking_Numbers_To_User"/>
  <testcase name="Add_Tracking_Number" time="0.487" classname="Test_Data_Generation.Add_Tracking_Numbers_To_User"/>
  <testcase name="Add_Tracking_Number" time="0.557" classname="Test_Data_Generation.Add_Tracking_Numbers_To_User"/>
  <testcase name="Add_Tracking_Number" time="0.567" classname="Test_Data_Generation.Add_Tracking_Numbers_To_User"/>
  <testcase name="Add_Tracking_Number" time="0.280" classname="Test_Data_Generation.Add_Tracking_Numbers_To_User"/>
  <testcase name="Add_Tracking_Number" time="0.812" classname="Test_Data_Generation.Add_Tracking_Numbers_To_User"/>
  <testcase name="Add_Tracking_Number" time="0.690" classname="Test_Data_Generation.Add_Tracking_Numbers_To_User"/>
  <testcase name="Add_Tracking_Number" time="0.519" classname="Test_Data_Generation.Add_Tracking_Numbers_To_User"/>
  <testcase name="Add_Tracking_Number" time="0.638" classname="Test_Data_Generation.Add_Tracking_Numbers_To_User"/>
  <testcase name="Add_Tracking_Number" time="0.730" classname="Test_Data_Generation.Add_Tracking_Numbers_To_User"/>
  <testcase name="Add_Tracking_Number" time="0.502" classname="Test_Data_Generation.Add_Tracking_Numbers_To_User"/>
  <testcase name="Add_Tracking_Number" time="0.717" classname="Test_Data_Generation.Add_Tracking_Numbers_To_User"/>
  <testcase name="Add_Tracking_Number" time="0.529" classname="Test_Data_Generation.Add_Tracking_Numbers_To_User"/>
  <testcase name="Add_Tracking_Number" time="0.504" classname="Test_Data_Generation.Add_Tracking_Numbers_To_User"/>
  <testcase name="Add_Tracking_Number" time="0.499" classname="Test_Data_Generation.Add_Tracking_Numbers_To_User"/>
  <testcase name="Add_Tracking_Number" time="0.527" classname="Test_Data_Generation.Add_Tracking_Numbers_To_User"/>
  <testcase name="Add_Tracking_Number" time="0.521" classname="Test_Data_Generation.Add_Tracking_Numbers_To_User"/>
  <testcase name="Add_Tracking_Number" time="0.455" classname="Test_Data_Generation.Add_Tracking_Numbers_To_User"/>
  <testcase name="Add_Tracking_Number" time="0.586" classname="Test_Data_Generation.Add_Tracking_Numbers_To_User"/>
  <testcase name="Add_Tracking_Number" time="0.498" classname="Test_Data_Generation.Add_Tracking_Numbers_To_User"/>
  <testcase name="Add_Tracking_Number" time="0.481" classname="Test_Data_Generation.Add_Tracking_Numbers_To_User"/>
  <testcase name="Add_Tracking_Number" time="0.501" classname="Test_Data_Generation.Add_Tracking_Numbers_To_User"/>
  <testcase name="Add_Tracking_Number" time="0.585" classname="Test_Data_Generation.Add_Tracking_Numbers_To_User"/>
  <testcase name="Add_Tracking_Number" time="0.517" classname="Test_Data_Generation.Add_Tracking_Numbers_To_User"/>
  <testcase name="Add_Tracking_Number" time="0.472" classname="Test_Data_Generation.Add_Tracking_Numbers_To_User"/>
  <testcase name="Add_Tracking_Number" time="0.658" classname="Test_Data_Generation.Add_Tracking_Numbers_To_User"/>
  <testcase name="Add_Tracking_Number" time="0.502" classname="Test_Data_Generation.Add_Tracking_Numbers_To_User"/>
  <testcase name="Add_Tracking_Number" time="0.494" classname="Test_Data_Generation.Add_Tracking_Numbers_To_User"/>
  <testcase name="Add_Tracking_Number" time="0.490" classname="Test_Data_Generation.Add_Tracking_Numbers_To_User"/>
  <testcase name="Add_Tracking_Number" time="0.541" classname="Test_Data_Generation.Add_Tracking_Numbers_To_User"/>
  <testcase name="Add_Tracking_Number" time="0.638" classname="Test_Data_Generation.Add_Tracking_Numbers_To_User"/>
  <testcase name="Add_Tracking_Number" time="0.496" classname="Test_Data_Generation.Add_Tracking_Numbers_To_User"/>
  <testcase name="Add_Tracking_Number" time="0.607" classname="Test_Data_Generation.Add_Tracking_Numbers_To_User"/>
  <testcase name="Add_Tracking_Number" time="0.490" classname="Test_Data_Generation.Add_Tracking_Numbers_To_User"/>
  <testcase name="Add_Tracking_Number" time="0.658" classname="Test_Data_Generation.Add_Tracking_Numbers_To_User"/>
  <testcase name="Add_Tracking_Number" time="0.533" classname="Test_Data_Generation.Add_Tracking_Numbers_To_User"/>
  <testcase name="Add_Tracking_Number" time="0.579" classname="Test_Data_Generation.Add_Tracking_Numbers_To_User"/>
  <testcase name="Add_Tracking_Number" time="0.770" classname="Test_Data_Generation.Add_Tracking_Numbers_To_User"/>
  <testcase name="Add_Tracking_Number" time="0.458" classname="Test_Data_Generation.Add_Tracking_Numbers_To_User"/>
  <testcase name="Add_Tracking_Number" time="0.522" classname="Test_Data_Generation.Add_Tracking_Numbers_To_User"/>
  <testcase name="Add_Tracking_Number" time="1.045" classname="Test_Data_Generation.Add_Tracking_Numbers_To_User"/>
  <testcase name="Add_Tracking_Number" time="0.435" classname="Test_Data_Generation.Add_Tracking_Numbers_To_User"/>
  <testcase name="Add_Tracking_Number" time="0.523" classname="Test_Data_Generation.Add_Tracking_Numbers_To_User"/>
  <testcase name="Add_Tracking_Number" time="0.483" classname="Test_Data_Generation.Add_Tracking_Numbers_To_User"/>
  <testcase name="Add_Tracking_Number" time="0.507" classname="Test_Data_Generation.Add_Tracking_Numbers_To_User"/>
  <testcase name="Add_Tracking_Number" time="0.663" classname="Test_Data_Generation.Add_Tracking_Numbers_To_User"/>
  <testcase name="Add_Tracking_Number" time="0.533" classname="Test_Data_Generation.Add_Tracking_Numbers_To_User"/>
  <testcase name="Add_Tracking_Number" time="1.025" classname="Test_Data_Generation.Add_Tracking_Numbers_To_User"/>
  <testcase name="Add_Tracking_Number" time="0.560" classname="Test_Data_Generation.Add_Tracking_Numbers_To_User"/>
  <testcase name="Add_Tracking_Number" time="0.557" classname="Test_Data_Generation.Add_Tracking_Numbers_To_User"/>
  <testcase name="Add_Tracking_Number" time="0.550" classname="Test_Data_Generation.Add_Tracking_Numbers_To_User"/>
  <testcase name="Add_Tracking_Number" time="0.479" classname="Test_Data_Generation.Add_Tracking_Numbers_To_User"/>
  <testcase name="Add_Tracking_Number" time="0.483" classname="Test_Data_Generation.Add_Tracking_Numbers_To_User"/>
  <testcase name="Add_Tracking_Number" time="0.485" classname="Test_Data_Generation.Add_Tracking_Numbers_To_User"/>
  <testcase name="Add_Tracking_Number" time="0.515" classname="Test_Data_Generation.Add_Tracking_Numbers_To_User"/>
  <testcase name="Add_Tracking_Number" time="0.599" classname="Test_Data_Generation.Add_Tracking_Numbers_To_User"/>
  <testcase name="Add_Tracking_Number" time="0.536" classname="Test_Data_Generation.Add_Tracking_Numbers_To_User"/>
  <testcase name="Add_Tracking_Number" time="0.714" classname="Test_Data_Generation.Add_Tracking_Numbers_To_User"/>
  <testcase name="Add_Tracking_Number" time="0.528" classname="Test_Data_Generation.Add_Tracking_Numbers_To_User"/>
  <testcase name="Add_Tracking_Number" time="0.516" classname="Test_Data_Generation.Add_Tracking_Numbers_To_User"/>
  <testcase name="Add_Tracking_Number" time="0.553" classname="Test_Data_Generation.Add_Tracking_Numbers_To_User"/>
  <testcase name="Add_Tracking_Number" time="0.543" classname="Test_Data_Generation.Add_Tracking_Numbers_To_User"/>
  <testcase name="Add_Tracking_Number" time="0.667" classname="Test_Data_Generation.Add_Tracking_Numbers_To_User"/>
  <testcase name="Add_Tracking_Number" time="0.528" classname="Test_Data_Generation.Add_Tracking_Numbers_To_User"/>
  <testcase name="Add_Tracking_Number" time="0.583" classname="Test_Data_Generation.Add_Tracking_Numbers_To_User"/>
  <testcase name="Add_Tracking_Number" time="0.473" classname="Test_Data_Generation.Add_Tracking_Numbers_To_User"/>
  <testcase name="Add_Tracking_Number" time="0.521" classname="Test_Data_Generation.Add_Tracking_Numbers_To_User"/>
  <testcase name="Add_Tracking_Number" time="0.771" classname="Test_Data_Generation.Add_Tracking_Numbers_To_User"/>
  <testcase name="Add_Tracking_Number" time="0.505" classname="Test_Data_Generation.Add_Tracking_Numbers_To_User"/>
  <testcase name="Add_Tracking_Number" time="0.500" classname="Test_Data_Generation.Add_Tracking_Numbers_To_User"/>
  <testcase name="Add_Tracking_Number" time="0.628" classname="Test_Data_Generation.Add_Tracking_Numbers_To_User"/>
  <testcase name="Add_Tracking_Number" time="0.515" classname="Test_Data_Generation.Add_Tracking_Numbers_To_User"/>
  <testcase name="Add_Tracking_Number" time="0.566" classname="Test_Data_Generation.Add_Tracking_Numbers_To_User"/>
  <testcase name="Add_Tracking_Number" time="0.745" classname="Test_Data_Generation.Add_Tracking_Numbers_To_User"/>
  <testcase name="Add_Tracking_Number" time="0.528" classname="Test_Data_Generation.Add_Tracking_Numbers_To_User"/>
  <testcase name="Add_Tracking_Number" time="0.482" classname="Test_Data_Generation.Add_Tracking_Numbers_To_User"/>
  <testcase name="Add_Tracking_Number" time="0.579" classname="Test_Data_Generation.Add_Tracking_Numbers_To_User"/>
  <testcase name="Add_Tracking_Number" time="0.556" classname="Test_Data_Generation.Add_Tracking_Numbers_To_User"/>
  <testcase name="Add_Tracking_Number" time="0.550" classname="Test_Data_Generation.Add_Tracking_Numbers_To_User"/>
  <testcase name="Add_Tracking_Number" time="0.641" classname="Test_Data_Generation.Add_Tracking_Numbers_To_User"/>
  <testcase name="Add_Tracking_Number" time="0.685" classname="Test_Data_Generation.Add_Tracking_Numbers_To_User"/>
  <testcase name="Add_Tracking_Number" time="0.518" classname="Test_Data_Generation.Add_Tracking_Numbers_To_User"/>
  <testcase name="Add_Tracking_Number" time="0.587" classname="Test_Data_Generation.Add_Tracking_Numbers_To_User"/>
  <testcase name="Add_Tracking_Number" time="0.457" classname="Test_Data_Generation.Add_Tracking_Numbers_To_User"/>
  <testcase name="Add_Tracking_Number" time="0.487" classname="Test_Data_Generation.Add_Tracking_Numbers_To_User"/>
  <testcase name="Add_Tracking_Number" time="0.498" classname="Test_Data_Generation.Add_Tracking_Numbers_To_User"/>
  <testcase name="Add_Tracking_Number" time="0.547" classname="Test_Data_Generation.Add_Tracking_Numbers_To_User"/>
  <testcase name="Add_Tracking_Number" time="0.552" classname="Test_Data_Generation.Add_Tracking_Numbers_To_User"/>
  <testcase name="Add_Tracking_Number" time="0.509" classname="Test_Data_Generation.Add_Tracking_Numbers_To_User"/>
  <testcase name="Add_Tracking_Number" time="0.511" classname="Test_Data_Generation.Add_Tracking_Numbers_To_User"/>
  <testcase name="Add_Tracking_Number" time="0.626" classname="Test_Data_Generation.Add_Tracking_Numbers_To_User"/>
  <testcase name="Add_Tracking_Number" time="0.490" classname="Test_Data_Generation.Add_Tracking_Numbers_To_User"/>
  <testcase name="Add_Tracking_Number" time="0.563" classname="Test_Data_Generation.Add_Tracking_Numbers_To_User"/>
  <testcase name="Add_Tracking_Number" time="0.477" classname="Test_Data_Generation.Add_Tracking_Numbers_To_User"/>
  <testcase name="Add_Tracking_Number" time="0.506" classname="Test_Data_Generation.Add_Tracking_Numbers_To_User"/>
  <testcase name="Add_Tracking_Number" time="0.668" classname="Test_Data_Generation.Add_Tracking_Numbers_To_User"/>
  <testcase name="Add_Tracking_Number" time="0.704" classname="Test_Data_Generation.Add_Tracking_Numbers_To_User"/>
  <testcase name="Add_Tracking_Number" time="0.468" classname="Test_Data_Generation.Add_Tracking_Numbers_To_User"/>
  <testcase name="Add_Tracking_Number" time="0.466" classname="Test_Data_Generation.Add_Tracking_Numbers_To_User"/>
  <testcase name="Add_Tracking_Number" time="0.534" classname="Test_Data_Generation.Add_Tracking_Numbers_To_User"/>
  <testcase name="Add_Tracking_Number" time="0.552" classname="Test_Data_Generation.Add_Tracking_Numbers_To_User"/>
  <testcase name="Add_Tracking_Number" time="0.548" classname="Test_Data_Generation.Add_Tracking_Numbers_To_User"/>
  <testcase name="Add_Tracking_Number" time="0.464" classname="Test_Data_Generation.Add_Tracking_Numbers_To_User"/>
  <testcase name="Add_Tracking_Number" time="0.510" classname="Test_Data_Generation.Add_Tracking_Numbers_To_User"/>
  <testcase name="Add_Tracking_Number" time="0.461" classname="Test_Data_Generation.Add_Tracking_Numbers_To_User"/>
  <testcase name="Add_Tracking_Number" time="0.424" classname="Test_Data_Generation.Add_Tracking_Numbers_To_User"/>
  <testcase name="Add_Tracking_Number" time="0.498" classname="Test_Data_Generation.Add_Tracking_Numbers_To_User"/>
  <testcase name="Add_Tracking_Number" time="0.500" classname="Test_Data_Generation.Add_Tracking_Numbers_To_User"/>
  <testcase name="Add_Tracking_Number" time="0.534" classname="Test_Data_Generation.Add_Tracking_Numbers_To_User"/>
  <testcase name="Add_Tracking_Number" time="0.504" classname="Test_Data_Generation.Add_Tracking_Numbers_To_User"/>
  <testcase name="Add_Tracking_Number" time="0.486" classname="Test_Data_Generation.Add_Tracking_Numbers_To_User"/>
  <testcase name="Add_Tracking_Number" time="0.512" classname="Test_Data_Generation.Add_Tracking_Numbers_To_User"/>
  <testcase name="Add_Tracking_Number" time="0.566" classname="Test_Data_Generation.Add_Tracking_Numbers_To_User"/>
  <testcase name="Add_Tracking_Number" time="0.525" classname="Test_Data_Generation.Add_Tracking_Numbers_To_User"/>
  <testcase name="Add_Tracking_Number" time="0.560" classname="Test_Data_Generation.Add_Tracking_Numbers_To_User"/>
  <testcase name="Add_Tracking_Number" time="0.601" classname="Test_Data_Generation.Add_Tracking_Numbers_To_User"/>
  <testcase name="Add_Tracking_Number" time="0.604" classname="Test_Data_Generation.Add_Tracking_Numbers_To_User"/>
  <testcase name="Add_Tracking_Number" time="0.591" classname="Test_Data_Generation.Add_Tracking_Numbers_To_User"/>
  <testcase name="Add_Tracking_Number" time="0.451" classname="Test_Data_Generation.Add_Tracking_Numbers_To_User"/>
  <testcase name="Add_Tracking_Number" time="0.527" classname="Test_Data_Generation.Add_Tracking_Numbers_To_User"/>
  <testcase name="Add_Tracking_Number" time="0.471" classname="Test_Data_Generation.Add_Tracking_Numbers_To_User"/>
  <testcase name="Add_Tracking_Number" time="0.628" classname="Test_Data_Generation.Add_Tracking_Numbers_To_User"/>
  <testcase name="Add_Tracking_Number" time="0.771" classname="Test_Data_Generation.Add_Tracking_Numbers_To_User"/>
  <testcase name="Add_Tracking_Number" time="0.486" classname="Test_Data_Generation.Add_Tracking_Numbers_To_User"/>
  <testcase name="Add_Tracking_Number" time="0.529" classname="Test_Data_Generation.Add_Tracking_Numbers_To_User"/>
  <testcase name="Add_Tracking_Number" time="0.549" classname="Test_Data_Generation.Add_Tracking_Numbers_To_User"/>
  <testcase name="Add_Tracking_Number" time="0.465" classname="Test_Data_Generation.Add_Tracking_Numbers_To_User"/>
  <testcase name="Add_Tracking_Number" time="0.530" classname="Test_Data_Generation.Add_Tracking_Numbers_To_User"/>
  <testcase name="Add_Tracking_Number" time="0.608" classname="Test_Data_Generation.Add_Tracking_Numbers_To_User"/>
  <testcase name="Add_Tracking_Number" time="0.490" classname="Test_Data_Generation.Add_Tracking_Numbers_To_User"/>
  <testcase name="Add_Tracking_Number" time="0.538" classname="Test_Data_Generation.Add_Tracking_Numbers_To_User"/>
  <testcase name="Add_Tracking_Number" time="0.522" classname="Test_Data_Generation.Add_Tracking_Numbers_To_User"/>
  <testcase name="Add_Tracking_Number" time="0.546" classname="Test_Data_Generation.Add_Tracking_Numbers_To_User"/>
  <testcase name="Add_Tracking_Number" time="0.539" classname="Test_Data_Generation.Add_Tracking_Numbers_To_User"/>
  <testcase name="Add_Tracking_Number" time="0.899" classname="Test_Data_Generation.Add_Tracking_Numbers_To_User"/>
  <testcase name="Add_Tracking_Number" time="0.774" classname="Test_Data_Generation.Add_Tracking_Numbers_To_User"/>
  <testcase name="Add_Tracking_Number" time="0.569" classname="Test_Data_Generation.Add_Tracking_Numbers_To_User"/>
  <testcase name="Add_Tracking_Number" time="0.747" classname="Test_Data_Generation.Add_Tracking_Numbers_To_User"/>
  <testcase name="Add_Tracking_Number" time="0.605" classname="Test_Data_Generation.Add_Tracking_Numbers_To_User"/>
  <testcase name="Add_Tracking_Number" time="0.550" classname="Test_Data_Generation.Add_Tracking_Numbers_To_User"/>
  <testcase name="Add_Tracking_Number" time="0.554" classname="Test_Data_Generation.Add_Tracking_Numbers_To_User"/>
  <testcase name="Add_Tracking_Number" time="0.504" classname="Test_Data_Generation.Add_Tracking_Numbers_To_User"/>
  <testcase name="Add_Tracking_Number" time="0.804" classname="Test_Data_Generation.Add_Tracking_Numbers_To_User"/>
  <testcase name="Add_Tracking_Number" time="0.503" classname="Test_Data_Generation.Add_Tracking_Numbers_To_User"/>
  <testcase name="Add_Tracking_Number" time="0.592" classname="Test_Data_Generation.Add_Tracking_Numbers_To_User"/>
  <testcase name="Add_Tracking_Number" time="0.544" classname="Test_Data_Generation.Add_Tracking_Numbers_To_User"/>
  <testcase name="Add_Tracking_Number" time="0.451" classname="Test_Data_Generation.Add_Tracking_Numbers_To_User"/>
  <testcase name="Add_Tracking_Number" time="0.567" classname="Test_Data_Generation.Add_Tracking_Numbers_To_User"/>
  <testcase name="Add_Tracking_Number" time="0.225" classname="Test_Data_Generation.Add_Tracking_Numbers_To_User"/>
  <testcase name="Add_Tracking_Number" time="0.505" classname="Test_Data_Generation.Add_Tracking_Numbers_To_User"/>
  <testcase name="Add_Tracking_Number" time="0.619" classname="Test_Data_Generation.Add_Tracking_Numbers_To_User"/>
  <testcase name="Add_Tracking_Number" time="0.579" classname="Test_Data_Generation.Add_Tracking_Numbers_To_User"/>
  <testcase name="Add_Tracking_Number" time="0.485" classname="Test_Data_Generation.Add_Tracking_Numbers_To_User"/>
  <testcase name="Add_Tracking_Number" time="0.475" classname="Test_Data_Generation.Add_Tracking_Numbers_To_User"/>
  <testcase name="Add_Tracking_Number" time="0.455" classname="Test_Data_Generation.Add_Tracking_Numbers_To_User"/>
  <testcase name="Add_Tracking_Number" time="0.496" classname="Test_Data_Generation.Add_Tracking_Numbers_To_User"/>
  <testcase name="Add_Tracking_Number" time="0.486" classname="Test_Data_Generation.Add_Tracking_Numbers_To_User"/>
  <testcase name="Add_Tracking_Number" time="0.594" classname="Test_Data_Generation.Add_Tracking_Numbers_To_User"/>
  <testcase name="Add_Tracking_Number" time="0.563" classname="Test_Data_Generation.Add_Tracking_Numbers_To_User"/>
  <testcase name="Add_Tracking_Number" time="0.546" classname="Test_Data_Generation.Add_Tracking_Numbers_To_User"/>
  <testcase name="Add_Tracking_Number" time="0.489" classname="Test_Data_Generation.Add_Tracking_Numbers_To_User"/>
  <testcase name="Add_Tracking_Number" time="0.472" classname="Test_Data_Generation.Add_Tracking_Numbers_To_User"/>
  <testcase name="Add_Tracking_Number" time="0.529" classname="Test_Data_Generation.Add_Tracking_Numbers_To_User"/>
  <testcase name="Add_Tracking_Number" time="0.559" classname="Test_Data_Generation.Add_Tracking_Numbers_To_User"/>
  <testcase name="Add_Tracking_Number" time="0.495" classname="Test_Data_Generation.Add_Tracking_Numbers_To_User"/>
  <testcase name="Add_Tracking_Number" time="0.491" classname="Test_Data_Generation.Add_Tracking_Numbers_To_User"/>
  <testcase name="Add_Tracking_Number" time="0.571" classname="Test_Data_Generation.Add_Tracking_Numbers_To_User"/>
  <testcase name="Add_Tracking_Number" time="0.721" classname="Test_Data_Generation.Add_Tracking_Numbers_To_User"/>
  <testcase name="Add_Tracking_Number" time="0.527" classname="Test_Data_Generation.Add_Tracking_Numbers_To_User"/>
  <testcase name="Add_Tracking_Number" time="0.566" classname="Test_Data_Generation.Add_Tracking_Numbers_To_User"/>
  <testcase name="Add_Tracking_Number" time="0.668" classname="Test_Data_Generation.Add_Tracking_Numbers_To_User"/>
  <testcase name="Add_Tracking_Number" time="0.654" classname="Test_Data_Generation.Add_Tracking_Numbers_To_User"/>
  <testcase name="Add_Tracking_Number" time="0.579" classname="Test_Data_Generation.Add_Tracking_Numbers_To_User"/>
  <testcase name="Add_Tracking_Number" time="0.523" classname="Test_Data_Generation.Add_Tracking_Numbers_To_User">
    <failure type="java.lang.AssertionError" message="
Expected: a string containing &quot;{\&quot;successful\&quot;:true&quot;
     but: was &quot;{&quot;ShipmentOptionResponse&quot;:{&quot;successful&quot;:false,&quot;errorList&quot;:[{&quot;code&quot;:&quot;2997&quot;,&quot;message&quot;:&quot;TRAQS connection/request problem&quot;,&quot;source&quot;:null,&quot;rootCause&quot;:null}],&quot;alerts&quot;:null,&quot;cxsalerts&quot;:null}}&quot;">
      <![CDATA[java.lang.AssertionError: 
Expected: a string containing "{\"successful\":true"
     but: was "{"ShipmentOptionResponse":{"successful":false,"errorList":[{"code":"2997","message":"TRAQS connection/request problem","source":null,"rootCause":null}],"alerts":null,"cxsalerts":null}}"
at org.hamcrest.MatcherAssert.assertThat(MatcherAssert.java:20)
at org.junit.Assert.assertThat(Assert.java:956)
at org.junit.Assert.assertThat(Assert.java:923)
at Test_Data_Generation.Add_Tracking_Numbers_To_User.Add_Tracking_Number(Add_Tracking_Numbers_To_User.java:69)
at sun.reflect.GeneratedMethodAccessor2.invoke(Unknown Source)
at sun.reflect.DelegatingMethodAccessorImpl.invoke(Unknown Source)
at java.lang.reflect.Method.invoke(Unknown Source)
at org.testng.internal.MethodInvocationHelper.invokeMethod(MethodInvocationHelper.java:124)
at org.testng.internal.Invoker.invokeMethod(Invoker.java:580)
at org.testng.internal.Invoker.invokeTestMethod(Invoker.java:716)
at org.testng.internal.TestMethodWithDataProviderMethodWorker.call(TestMethodWithDataProviderMethodWorker.java:71)
at org.testng.internal.TestMethodWithDataProviderMethodWorker.call(TestMethodWithDataProviderMethodWorker.java:14)
at java.util.concurrent.FutureTask.run(Unknown Source)
at java.util.concurrent.Executors$RunnableAdapter.call(Unknown Source)
at java.util.concurrent.FutureTask.run(Unknown Source)
at java.util.concurrent.ThreadPoolExecutor.runWorker(Unknown Source)
at java.util.concurrent.ThreadPoolExecutor$Worker.run(Unknown Source)
at java.lang.Thread.run(Unknown Source)
]]>
    </failure>
  </testcase> <!-- Add_Tracking_Number -->
  <testcase name="Add_Tracking_Number" time="0.380" classname="Test_Data_Generation.Add_Tracking_Numbers_To_User"/>
  <testcase name="Add_Tracking_Number" time="0.521" classname="Test_Data_Generation.Add_Tracking_Numbers_To_User"/>
  <testcase name="Add_Tracking_Number" time="0.530" classname="Test_Data_Generation.Add_Tracking_Numbers_To_User"/>
  <testcase name="Add_Tracking_Number" time="0.617" classname="Test_Data_Generation.Add_Tracking_Numbers_To_User"/>
  <testcase name="Add_Tracking_Number" time="0.468" classname="Test_Data_Generation.Add_Tracking_Numbers_To_User"/>
  <testcase name="Add_Tracking_Number" time="0.581" classname="Test_Data_Generation.Add_Tracking_Numbers_To_User"/>
  <testcase name="Add_Tracking_Number" time="0.631" classname="Test_Data_Generation.Add_Tracking_Numbers_To_User"/>
  <testcase name="Add_Tracking_Number" time="0.536" classname="Test_Data_Generation.Add_Tracking_Numbers_To_User"/>
  <testcase name="Add_Tracking_Number" time="0.538" classname="Test_Data_Generation.Add_Tracking_Numbers_To_User"/>
  <testcase name="Add_Tracking_Number" time="0.542" classname="Test_Data_Generation.Add_Tracking_Numbers_To_User"/>
  <testcase name="Add_Tracking_Number" time="0.796" classname="Test_Data_Generation.Add_Tracking_Numbers_To_User"/>
  <testcase name="Add_Tracking_Number" time="0.603" classname="Test_Data_Generation.Add_Tracking_Numbers_To_User"/>
  <testcase name="Add_Tracking_Number" time="0.608" classname="Test_Data_Generation.Add_Tracking_Numbers_To_User"/>
  <testcase name="Add_Tracking_Number" time="0.461" classname="Test_Data_Generation.Add_Tracking_Numbers_To_User"/>
  <testcase name="Add_Tracking_Number" time="0.451" classname="Test_Data_Generation.Add_Tracking_Numbers_To_User"/>
  <testcase name="Add_Tracking_Number" time="0.487" classname="Test_Data_Generation.Add_Tracking_Numbers_To_User"/>
  <testcase name="Add_Tracking_Number" time="0.611" classname="Test_Data_Generation.Add_Tracking_Numbers_To_User"/>
  <testcase name="Add_Tracking_Number" time="0.528" classname="Test_Data_Generation.Add_Tracking_Numbers_To_User"/>
  <testcase name="Add_Tracking_Number" time="0.559" classname="Test_Data_Generation.Add_Tracking_Numbers_To_User"/>
  <testcase name="Add_Tracking_Number" time="0.552" classname="Test_Data_Generation.Add_Tracking_Numbers_To_User"/>
  <testcase name="Add_Tracking_Number" time="0.561" classname="Test_Data_Generation.Add_Tracking_Numbers_To_User"/>
  <testcase name="Add_Tracking_Number" time="0.548" classname="Test_Data_Generation.Add_Tracking_Numbers_To_User"/>
  <testcase name="Add_Tracking_Number" time="0.596" classname="Test_Data_Generation.Add_Tracking_Numbers_To_User"/>
  <testcase name="Add_Tracking_Number" time="0.556" classname="Test_Data_Generation.Add_Tracking_Numbers_To_User"/>
  <testcase name="Add_Tracking_Number" time="0.684" classname="Test_Data_Generation.Add_Tracking_Numbers_To_User"/>
  <testcase name="Add_Tracking_Number" time="0.674" classname="Test_Data_Generation.Add_Tracking_Numbers_To_User"/>
  <testcase name="Add_Tracking_Number" time="0.602" classname="Test_Data_Generation.Add_Tracking_Numbers_To_User"/>
  <testcase name="Add_Tracking_Number" time="0.548" classname="Test_Data_Generation.Add_Tracking_Numbers_To_User"/>
  <testcase name="Add_Tracking_Number" time="0.637" classname="Test_Data_Generation.Add_Tracking_Numbers_To_User"/>
  <testcase name="Add_Tracking_Number" time="0.509" classname="Test_Data_Generation.Add_Tracking_Numbers_To_User"/>
  <testcase name="Add_Tracking_Number" time="0.568" classname="Test_Data_Generation.Add_Tracking_Numbers_To_User"/>
  <testcase name="Add_Tracking_Number" time="0.698" classname="Test_Data_Generation.Add_Tracking_Numbers_To_User"/>
  <testcase name="Add_Tracking_Number" time="0.538" classname="Test_Data_Generation.Add_Tracking_Numbers_To_User"/>
  <testcase name="Add_Tracking_Number" time="0.626" classname="Test_Data_Generation.Add_Tracking_Numbers_To_User"/>
  <testcase name="Add_Tracking_Number" time="0.620" classname="Test_Data_Generation.Add_Tracking_Numbers_To_User"/>
  <testcase name="Add_Tracking_Number" time="0.510" classname="Test_Data_Generation.Add_Tracking_Numbers_To_User"/>
  <testcase name="Add_Tracking_Number" time="0.542" classname="Test_Data_Generation.Add_Tracking_Numbers_To_User"/>
  <testcase name="Add_Tracking_Number" time="0.575" classname="Test_Data_Generation.Add_Tracking_Numbers_To_User"/>
  <testcase name="Add_Tracking_Number" time="0.501" classname="Test_Data_Generation.Add_Tracking_Numbers_To_User"/>
  <testcase name="Add_Tracking_Number" time="0.572" classname="Test_Data_Generation.Add_Tracking_Numbers_To_User"/>
  <testcase name="Add_Tracking_Number" time="0.783" classname="Test_Data_Generation.Add_Tracking_Numbers_To_User"/>
  <testcase name="Add_Tracking_Number" time="0.495" classname="Test_Data_Generation.Add_Tracking_Numbers_To_User"/>
  <testcase name="Add_Tracking_Number" time="0.486" classname="Test_Data_Generation.Add_Tracking_Numbers_To_User"/>
  <testcase name="Add_Tracking_Number" time="0.535" classname="Test_Data_Generation.Add_Tracking_Numbers_To_User"/>
  <testcase name="Add_Tracking_Number" time="0.575" classname="Test_Data_Generation.Add_Tracking_Numbers_To_User"/>
  <testcase name="Add_Tracking_Number" time="0.574" classname="Test_Data_Generation.Add_Tracking_Numbers_To_User"/>
  <testcase name="Add_Tracking_Number" time="0.554" classname="Test_Data_Generation.Add_Tracking_Numbers_To_User"/>
  <testcase name="Add_Tracking_Number" time="0.523" classname="Test_Data_Generation.Add_Tracking_Numbers_To_User"/>
  <testcase name="Add_Tracking_Number" time="0.789" classname="Test_Data_Generation.Add_Tracking_Numbers_To_User"/>
  <testcase name="Add_Tracking_Number" time="0.473" classname="Test_Data_Generation.Add_Tracking_Numbers_To_User"/>
  <testcase name="Add_Tracking_Number" time="0.487" classname="Test_Data_Generation.Add_Tracking_Numbers_To_User"/>
  <testcase name="Add_Tracking_Number" time="0.488" classname="Test_Data_Generation.Add_Tracking_Numbers_To_User"/>
  <testcase name="Add_Tracking_Number" time="0.464" classname="Test_Data_Generation.Add_Tracking_Numbers_To_User"/>
  <testcase name="Add_Tracking_Number" time="0.465" classname="Test_Data_Generation.Add_Tracking_Numbers_To_User"/>
  <testcase name="Add_Tracking_Number" time="0.608" classname="Test_Data_Generation.Add_Tracking_Numbers_To_User"/>
  <testcase name="Add_Tracking_Number" time="0.511" classname="Test_Data_Generation.Add_Tracking_Numbers_To_User"/>
  <testcase name="Add_Tracking_Number" time="0.519" classname="Test_Data_Generation.Add_Tracking_Numbers_To_User"/>
  <testcase name="Add_Tracking_Number" time="0.473" classname="Test_Data_Generation.Add_Tracking_Numbers_To_User"/>
  <testcase name="Add_Tracking_Number" time="0.585" classname="Test_Data_Generation.Add_Tracking_Numbers_To_User"/>
  <testcase name="Add_Tracking_Number" time="0.523" classname="Test_Data_Generation.Add_Tracking_Numbers_To_User"/>
  <testcase name="Add_Tracking_Number" time="0.702" classname="Test_Data_Generation.Add_Tracking_Numbers_To_User"/>
  <testcase name="Add_Tracking_Number" time="0.724" classname="Test_Data_Generation.Add_Tracking_Numbers_To_User"/>
  <testcase name="Add_Tracking_Number" time="0.514" classname="Test_Data_Generation.Add_Tracking_Numbers_To_User"/>
  <testcase name="Add_Tracking_Number" time="0.591" classname="Test_Data_Generation.Add_Tracking_Numbers_To_User"/>
  <testcase name="Add_Tracking_Number" time="0.632" classname="Test_Data_Generation.Add_Tracking_Numbers_To_User"/>
  <testcase name="Add_Tracking_Number" time="0.818" classname="Test_Data_Generation.Add_Tracking_Numbers_To_User"/>
  <testcase name="Add_Tracking_Number" time="0.464" classname="Test_Data_Generation.Add_Tracking_Numbers_To_User"/>
  <testcase name="Add_Tracking_Number" time="0.571" classname="Test_Data_Generation.Add_Tracking_Numbers_To_User"/>
  <testcase name="Add_Tracking_Number" time="0.541" classname="Test_Data_Generation.Add_Tracking_Numbers_To_User"/>
  <testcase name="Add_Tracking_Number" time="0.752" classname="Test_Data_Generation.Add_Tracking_Numbers_To_User"/>
  <testcase name="Add_Tracking_Number" time="0.562" classname="Test_Data_Generation.Add_Tracking_Numbers_To_User"/>
  <testcase name="Add_Tracking_Number" time="0.511" classname="Test_Data_Generation.Add_Tracking_Numbers_To_User"/>
  <testcase name="Add_Tracking_Number" time="0.577" classname="Test_Data_Generation.Add_Tracking_Numbers_To_User"/>
  <testcase name="Add_Tracking_Number" time="0.635" classname="Test_Data_Generation.Add_Tracking_Numbers_To_User"/>
  <testcase name="Add_Tracking_Number" time="0.518" classname="Test_Data_Generation.Add_Tracking_Numbers_To_User"/>
  <testcase name="Add_Tracking_Number" time="0.519" classname="Test_Data_Generation.Add_Tracking_Numbers_To_User"/>
  <testcase name="Add_Tracking_Number" time="0.507" classname="Test_Data_Generation.Add_Tracking_Numbers_To_User"/>
  <testcase name="Add_Tracking_Number" time="0.601" classname="Test_Data_Generation.Add_Tracking_Numbers_To_User"/>
  <testcase name="Add_Tracking_Number" time="0.561" classname="Test_Data_Generation.Add_Tracking_Numbers_To_User"/>
  <testcase name="Add_Tracking_Number" time="0.488" classname="Test_Data_Generation.Add_Tracking_Numbers_To_User"/>
  <testcase name="Add_Tracking_Number" time="0.479" classname="Test_Data_Generation.Add_Tracking_Numbers_To_User"/>
  <testcase name="Add_Tracking_Number" time="0.476" classname="Test_Data_Generation.Add_Tracking_Numbers_To_User"/>
  <testcase name="Add_Tracking_Number" time="0.494" classname="Test_Data_Generation.Add_Tracking_Numbers_To_User"/>
  <testcase name="Add_Tracking_Number" time="0.515" classname="Test_Data_Generation.Add_Tracking_Numbers_To_User"/>
  <testcase name="Add_Tracking_Number" time="0.535" classname="Test_Data_Generation.Add_Tracking_Numbers_To_User"/>
  <testcase name="Add_Tracking_Number" time="0.489" classname="Test_Data_Generation.Add_Tracking_Numbers_To_User"/>
  <testcase name="Add_Tracking_Number" time="0.778" classname="Test_Data_Generation.Add_Tracking_Numbers_To_User"/>
  <testcase name="Add_Tracking_Number" time="0.757" classname="Test_Data_Generation.Add_Tracking_Numbers_To_User"/>
  <testcase name="Add_Tracking_Number" time="0.541" classname="Test_Data_Generation.Add_Tracking_Numbers_To_User"/>
  <testcase name="Add_Tracking_Number" time="0.729" classname="Test_Data_Generation.Add_Tracking_Numbers_To_User"/>
  <testcase name="Add_Tracking_Number" time="0.570" classname="Test_Data_Generation.Add_Tracking_Numbers_To_User"/>
  <testcase name="Add_Tracking_Number" time="0.501" classname="Test_Data_Generation.Add_Tracking_Numbers_To_User"/>
  <testcase name="Add_Tracking_Number" time="0.991" classname="Test_Data_Generation.Add_Tracking_Numbers_To_User"/>
  <testcase name="Add_Tracking_Number" time="0.451" classname="Test_Data_Generation.Add_Tracking_Numbers_To_User"/>
  <testcase name="Add_Tracking_Number" time="0.631" classname="Test_Data_Generation.Add_Tracking_Numbers_To_User"/>
  <testcase name="Add_Tracking_Number" time="4.160" classname="Test_Data_Generation.Add_Tracking_Numbers_To_User"/>
  <testcase name="Add_Tracking_Number" time="0.722" classname="Test_Data_Generation.Add_Tracking_Numbers_To_User"/>
  <testcase name="Add_Tracking_Number" time="0.503" classname="Test_Data_Generation.Add_Tracking_Numbers_To_User"/>
  <testcase name="Add_Tracking_Number" time="0.486" classname="Test_Data_Generation.Add_Tracking_Numbers_To_User"/>
  <testcase name="Add_Tracking_Number" time="0.488" classname="Test_Data_Generation.Add_Tracking_Numbers_To_User"/>
  <testcase name="Add_Tracking_Number" time="0.526" classname="Test_Data_Generation.Add_Tracking_Numbers_To_User"/>
  <testcase name="Add_Tracking_Number" time="0.622" classname="Test_Data_Generation.Add_Tracking_Numbers_To_User"/>
  <testcase name="Add_Tracking_Number" time="0.525" classname="Test_Data_Generation.Add_Tracking_Numbers_To_User"/>
  <testcase name="Add_Tracking_Number" time="0.482" classname="Test_Data_Generation.Add_Tracking_Numbers_To_User"/>
  <testcase name="Add_Tracking_Number" time="0.658" classname="Test_Data_Generation.Add_Tracking_Numbers_To_User"/>
  <testcase name="Add_Tracking_Number" time="0.474" classname="Test_Data_Generation.Add_Tracking_Numbers_To_User"/>
  <testcase name="Add_Tracking_Number" time="0.581" classname="Test_Data_Generation.Add_Tracking_Numbers_To_User"/>
  <testcase name="Add_Tracking_Number" time="0.557" classname="Test_Data_Generation.Add_Tracking_Numbers_To_User"/>
  <testcase name="Add_Tracking_Number" time="0.049" classname="Test_Data_Generation.Add_Tracking_Numbers_To_User"/>
  <testcase name="Add_Tracking_Number" time="0.530" classname="Test_Data_Generation.Add_Tracking_Numbers_To_User"/>
  <testcase name="Add_Tracking_Number" time="0.479" classname="Test_Data_Generation.Add_Tracking_Numbers_To_User"/>
  <testcase name="Add_Tracking_Number" time="0.526" classname="Test_Data_Generation.Add_Tracking_Numbers_To_User"/>
  <testcase name="Add_Tracking_Number" time="0.477" classname="Test_Data_Generation.Add_Tracking_Numbers_To_User"/>
  <testcase name="Add_Tracking_Number" time="0.463" classname="Test_Data_Generation.Add_Tracking_Numbers_To_User"/>
  <testcase name="Add_Tracking_Number" time="0.528" classname="Test_Data_Generation.Add_Tracking_Numbers_To_User"/>
  <testcase name="Add_Tracking_Number" time="0.595" classname="Test_Data_Generation.Add_Tracking_Numbers_To_User"/>
  <testcase name="Add_Tracking_Number" time="0.394" classname="Test_Data_Generation.Add_Tracking_Numbers_To_User"/>
  <testcase name="Add_Tracking_Number" time="0.497" classname="Test_Data_Generation.Add_Tracking_Numbers_To_User"/>
  <testcase name="Add_Tracking_Number" time="0.634" classname="Test_Data_Generation.Add_Tracking_Numbers_To_User"/>
  <testcase name="Add_Tracking_Number" time="0.649" classname="Test_Data_Generation.Add_Tracking_Numbers_To_User"/>
  <testcase name="Add_Tracking_Number" time="0.483" classname="Test_Data_Generation.Add_Tracking_Numbers_To_User"/>
  <testcase name="Add_Tracking_Number" time="0.448" classname="Test_Data_Generation.Add_Tracking_Numbers_To_User"/>
  <testcase name="Add_Tracking_Number" time="0.762" classname="Test_Data_Generation.Add_Tracking_Numbers_To_User"/>
  <testcase name="Add_Tracking_Number" time="0.562" classname="Test_Data_Generation.Add_Tracking_Numbers_To_User">
    <failure type="java.lang.AssertionError" message="
Expected: a string containing &quot;{\&quot;successful\&quot;:true&quot;
     but: was &quot;{&quot;ShipmentOptionResponse&quot;:{&quot;successful&quot;:false,&quot;errorList&quot;:[{&quot;code&quot;:&quot;2997&quot;,&quot;message&quot;:&quot;TRAQS connection/request problem&quot;,&quot;source&quot;:null,&quot;rootCause&quot;:null}],&quot;alerts&quot;:null,&quot;cxsalerts&quot;:null}}&quot;">
      <![CDATA[java.lang.AssertionError: 
Expected: a string containing "{\"successful\":true"
     but: was "{"ShipmentOptionResponse":{"successful":false,"errorList":[{"code":"2997","message":"TRAQS connection/request problem","source":null,"rootCause":null}],"alerts":null,"cxsalerts":null}}"
at org.hamcrest.MatcherAssert.assertThat(MatcherAssert.java:20)
at org.junit.Assert.assertThat(Assert.java:956)
at org.junit.Assert.assertThat(Assert.java:923)
at Test_Data_Generation.Add_Tracking_Numbers_To_User.Add_Tracking_Number(Add_Tracking_Numbers_To_User.java:69)
at sun.reflect.GeneratedMethodAccessor2.invoke(Unknown Source)
at sun.reflect.DelegatingMethodAccessorImpl.invoke(Unknown Source)
at java.lang.reflect.Method.invoke(Unknown Source)
at org.testng.internal.MethodInvocationHelper.invokeMethod(MethodInvocationHelper.java:124)
at org.testng.internal.Invoker.invokeMethod(Invoker.java:580)
at org.testng.internal.Invoker.invokeTestMethod(Invoker.java:716)
at org.testng.internal.TestMethodWithDataProviderMethodWorker.call(TestMethodWithDataProviderMethodWorker.java:71)
at org.testng.internal.TestMethodWithDataProviderMethodWorker.call(TestMethodWithDataProviderMethodWorker.java:14)
at java.util.concurrent.FutureTask.run(Unknown Source)
at java.util.concurrent.Executors$RunnableAdapter.call(Unknown Source)
at java.util.concurrent.FutureTask.run(Unknown Source)
at java.util.concurrent.ThreadPoolExecutor.runWorker(Unknown Source)
at java.util.concurrent.ThreadPoolExecutor$Worker.run(Unknown Source)
at java.lang.Thread.run(Unknown Source)
]]>
    </failure>
  </testcase> <!-- Add_Tracking_Number -->
  <testcase name="Add_Tracking_Number" time="0.462" classname="Test_Data_Generation.Add_Tracking_Numbers_To_User"/>
  <testcase name="Add_Tracking_Number" time="0.479" classname="Test_Data_Generation.Add_Tracking_Numbers_To_User"/>
  <testcase name="Add_Tracking_Number" time="0.484" classname="Test_Data_Generation.Add_Tracking_Numbers_To_User"/>
  <testcase name="Add_Tracking_Number" time="0.537" classname="Test_Data_Generation.Add_Tracking_Numbers_To_User"/>
  <testcase name="Add_Tracking_Number" time="0.548" classname="Test_Data_Generation.Add_Tracking_Numbers_To_User"/>
  <testcase name="Add_Tracking_Number" time="0.476" classname="Test_Data_Generation.Add_Tracking_Numbers_To_User"/>
  <testcase name="Add_Tracking_Number" time="0.626" classname="Test_Data_Generation.Add_Tracking_Numbers_To_User"/>
  <testcase name="Add_Tracking_Number" time="0.526" classname="Test_Data_Generation.Add_Tracking_Numbers_To_User"/>
  <testcase name="Add_Tracking_Number" time="0.498" classname="Test_Data_Generation.Add_Tracking_Numbers_To_User"/>
  <testcase name="Add_Tracking_Number" time="0.567" classname="Test_Data_Generation.Add_Tracking_Numbers_To_User"/>
  <testcase name="Add_Tracking_Number" time="0.105" classname="Test_Data_Generation.Add_Tracking_Numbers_To_User"/>
  <testcase name="Add_Tracking_Number" time="0.581" classname="Test_Data_Generation.Add_Tracking_Numbers_To_User"/>
  <testcase name="Add_Tracking_Number" time="0.549" classname="Test_Data_Generation.Add_Tracking_Numbers_To_User"/>
  <testcase name="Add_Tracking_Number" time="0.718" classname="Test_Data_Generation.Add_Tracking_Numbers_To_User"/>
  <testcase name="Add_Tracking_Number" time="0.605" classname="Test_Data_Generation.Add_Tracking_Numbers_To_User"/>
  <testcase name="Add_Tracking_Number" time="0.513" classname="Test_Data_Generation.Add_Tracking_Numbers_To_User"/>
  <testcase name="Add_Tracking_Number" time="0.522" classname="Test_Data_Generation.Add_Tracking_Numbers_To_User"/>
  <testcase name="Add_Tracking_Number" time="0.604" classname="Test_Data_Generation.Add_Tracking_Numbers_To_User"/>
  <testcase name="Add_Tracking_Number" time="0.489" classname="Test_Data_Generation.Add_Tracking_Numbers_To_User"/>
  <testcase name="Add_Tracking_Number" time="0.611" classname="Test_Data_Generation.Add_Tracking_Numbers_To_User"/>
  <testcase name="Add_Tracking_Number" time="0.545" classname="Test_Data_Generation.Add_Tracking_Numbers_To_User"/>
  <testcase name="Add_Tracking_Number" time="0.797" classname="Test_Data_Generation.Add_Tracking_Numbers_To_User"/>
  <testcase name="Add_Tracking_Number" time="0.152" classname="Test_Data_Generation.Add_Tracking_Numbers_To_User"/>
  <testcase name="Add_Tracking_Number" time="0.534" classname="Test_Data_Generation.Add_Tracking_Numbers_To_User"/>
  <testcase name="Add_Tracking_Number" time="0.740" classname="Test_Data_Generation.Add_Tracking_Numbers_To_User"/>
  <testcase name="Add_Tracking_Number" time="0.662" classname="Test_Data_Generation.Add_Tracking_Numbers_To_User"/>
  <testcase name="Add_Tracking_Number" time="0.759" classname="Test_Data_Generation.Add_Tracking_Numbers_To_User"/>
  <testcase name="Add_Tracking_Number" time="0.595" classname="Test_Data_Generation.Add_Tracking_Numbers_To_User"/>
  <testcase name="Add_Tracking_Number" time="0.604" classname="Test_Data_Generation.Add_Tracking_Numbers_To_User"/>
  <testcase name="Add_Tracking_Number" time="0.500" classname="Test_Data_Generation.Add_Tracking_Numbers_To_User"/>
  <testcase name="Add_Tracking_Number" time="0.541" classname="Test_Data_Generation.Add_Tracking_Numbers_To_User"/>
  <testcase name="Add_Tracking_Number" time="0.551" classname="Test_Data_Generation.Add_Tracking_Numbers_To_User"/>
  <testcase name="Add_Tracking_Number" time="0.614" classname="Test_Data_Generation.Add_Tracking_Numbers_To_User"/>
  <testcase name="Add_Tracking_Number" time="0.502" classname="Test_Data_Generation.Add_Tracking_Numbers_To_User"/>
  <testcase name="Add_Tracking_Number" time="0.498" classname="Test_Data_Generation.Add_Tracking_Numbers_To_User"/>
  <testcase name="Add_Tracking_Number" time="0.545" classname="Test_Data_Generation.Add_Tracking_Numbers_To_User"/>
  <testcase name="Add_Tracking_Number" time="0.560" classname="Test_Data_Generation.Add_Tracking_Numbers_To_User"/>
  <testcase name="Add_Tracking_Number" time="0.489" classname="Test_Data_Generation.Add_Tracking_Numbers_To_User"/>
  <testcase name="Add_Tracking_Number" time="0.561" classname="Test_Data_Generation.Add_Tracking_Numbers_To_User"/>
  <testcase name="Add_Tracking_Number" time="0.573" classname="Test_Data_Generation.Add_Tracking_Numbers_To_User"/>
  <testcase name="Add_Tracking_Number" time="0.444" classname="Test_Data_Generation.Add_Tracking_Numbers_To_User"/>
  <testcase name="Add_Tracking_Number" time="0.549" classname="Test_Data_Generation.Add_Tracking_Numbers_To_User"/>
  <testcase name="Add_Tracking_Number" time="0.546" classname="Test_Data_Generation.Add_Tracking_Numbers_To_User"/>
  <testcase name="Add_Tracking_Number" time="0.638" classname="Test_Data_Generation.Add_Tracking_Numbers_To_User"/>
  <testcase name="Add_Tracking_Number" time="0.546" classname="Test_Data_Generation.Add_Tracking_Numbers_To_User"/>
  <testcase name="Add_Tracking_Number" time="0.467" classname="Test_Data_Generation.Add_Tracking_Numbers_To_User"/>
  <testcase name="Add_Tracking_Number" time="0.711" classname="Test_Data_Generation.Add_Tracking_Numbers_To_User"/>
  <testcase name="Add_Tracking_Number" time="0.551" classname="Test_Data_Generation.Add_Tracking_Numbers_To_User"/>
  <testcase name="Add_Tracking_Number" time="0.556" classname="Test_Data_Generation.Add_Tracking_Numbers_To_User"/>
  <testcase name="Add_Tracking_Number" time="0.567" classname="Test_Data_Generation.Add_Tracking_Numbers_To_User"/>
  <testcase name="Add_Tracking_Number" time="0.626" classname="Test_Data_Generation.Add_Tracking_Numbers_To_User"/>
  <testcase name="Add_Tracking_Number" time="0.517" classname="Test_Data_Generation.Add_Tracking_Numbers_To_User"/>
  <testcase name="Add_Tracking_Number" time="0.541" classname="Test_Data_Generation.Add_Tracking_Numbers_To_User"/>
  <testcase name="Add_Tracking_Number" time="0.485" classname="Test_Data_Generation.Add_Tracking_Numbers_To_User"/>
  <testcase name="Add_Tracking_Number" time="0.589" classname="Test_Data_Generation.Add_Tracking_Numbers_To_User"/>
  <testcase name="Add_Tracking_Number" time="0.533" classname="Test_Data_Generation.Add_Tracking_Numbers_To_User"/>
  <testcase name="Add_Tracking_Number" time="0.589" classname="Test_Data_Generation.Add_Tracking_Numbers_To_User"/>
  <testcase name="Add_Tracking_Number" time="0.505" classname="Test_Data_Generation.Add_Tracking_Numbers_To_User"/>
  <testcase name="Add_Tracking_Number" time="0.473" classname="Test_Data_Generation.Add_Tracking_Numbers_To_User"/>
  <testcase name="Add_Tracking_Number" time="0.494" classname="Test_Data_Generation.Add_Tracking_Numbers_To_User"/>
  <testcase name="Add_Tracking_Number" time="0.554" classname="Test_Data_Generation.Add_Tracking_Numbers_To_User"/>
  <testcase name="Add_Tracking_Number" time="0.484" classname="Test_Data_Generation.Add_Tracking_Numbers_To_User"/>
  <testcase name="Add_Tracking_Number" time="0.536" classname="Test_Data_Generation.Add_Tracking_Numbers_To_User"/>
  <testcase name="Add_Tracking_Number" time="0.541" classname="Test_Data_Generation.Add_Tracking_Numbers_To_User"/>
  <testcase name="Add_Tracking_Number" time="0.482" classname="Test_Data_Generation.Add_Tracking_Numbers_To_User"/>
  <testcase name="Add_Tracking_Number" time="0.492" classname="Test_Data_Generation.Add_Tracking_Numbers_To_User"/>
  <testcase name="Add_Tracking_Number" time="0.459" classname="Test_Data_Generation.Add_Tracking_Numbers_To_User"/>
  <testcase name="Add_Tracking_Number" time="0.516" classname="Test_Data_Generation.Add_Tracking_Numbers_To_User"/>
  <testcase name="Add_Tracking_Number" time="0.591" classname="Test_Data_Generation.Add_Tracking_Numbers_To_User"/>
  <testcase name="Add_Tracking_Number" time="0.690" classname="Test_Data_Generation.Add_Tracking_Numbers_To_User"/>
  <testcase name="Add_Tracking_Number" time="0.817" classname="Test_Data_Generation.Add_Tracking_Numbers_To_User"/>
  <testcase name="Add_Tracking_Number" time="0.508" classname="Test_Data_Generation.Add_Tracking_Numbers_To_User"/>
  <testcase name="Add_Tracking_Number" time="0.614" classname="Test_Data_Generation.Add_Tracking_Numbers_To_User"/>
  <testcase name="Add_Tracking_Number" time="0.499" classname="Test_Data_Generation.Add_Tracking_Numbers_To_User"/>
  <testcase name="Add_Tracking_Number" time="0.511" classname="Test_Data_Generation.Add_Tracking_Numbers_To_User"/>
  <testcase name="Add_Tracking_Number" time="0.554" classname="Test_Data_Generation.Add_Tracking_Numbers_To_User"/>
  <testcase name="Add_Tracking_Number" time="0.540" classname="Test_Data_Generation.Add_Tracking_Numbers_To_User"/>
  <testcase name="Add_Tracking_Number" time="0.472" classname="Test_Data_Generation.Add_Tracking_Numbers_To_User"/>
  <testcase name="Add_Tracking_Number" time="0.491" classname="Test_Data_Generation.Add_Tracking_Numbers_To_User"/>
  <testcase name="Add_Tracking_Number" time="0.643" classname="Test_Data_Generation.Add_Tracking_Numbers_To_User"/>
  <testcase name="Add_Tracking_Number" time="0.532" classname="Test_Data_Generation.Add_Tracking_Numbers_To_User"/>
  <testcase name="Add_Tracking_Number" time="0.739" classname="Test_Data_Generation.Add_Tracking_Numbers_To_User"/>
  <testcase name="Add_Tracking_Number" time="0.625" classname="Test_Data_Generation.Add_Tracking_Numbers_To_User"/>
  <testcase name="Add_Tracking_Number" time="0.532" classname="Test_Data_Generation.Add_Tracking_Numbers_To_User"/>
  <testcase name="Add_Tracking_Number" time="0.482" classname="Test_Data_Generation.Add_Tracking_Numbers_To_User"/>
  <testcase name="Add_Tracking_Number" time="0.487" classname="Test_Data_Generation.Add_Tracking_Numbers_To_User"/>
  <testcase name="Add_Tracking_Number" time="0.609" classname="Test_Data_Generation.Add_Tracking_Numbers_To_User"/>
  <testcase name="Add_Tracking_Number" time="0.475" classname="Test_Data_Generation.Add_Tracking_Numbers_To_User"/>
  <testcase name="Add_Tracking_Number" time="0.687" classname="Test_Data_Generation.Add_Tracking_Numbers_To_User"/>
  <testcase name="Add_Tracking_Number" time="0.469" classname="Test_Data_Generation.Add_Tracking_Numbers_To_User"/>
  <testcase name="Add_Tracking_Number" time="0.528" classname="Test_Data_Generation.Add_Tracking_Numbers_To_User"/>
  <testcase name="Add_Tracking_Number" time="0.625" classname="Test_Data_Generation.Add_Tracking_Numbers_To_User"/>
  <testcase name="Add_Tracking_Number" time="0.670" classname="Test_Data_Generation.Add_Tracking_Numbers_To_User"/>
  <testcase name="Add_Tracking_Number" time="0.327" classname="Test_Data_Generation.Add_Tracking_Numbers_To_User"/>
  <testcase name="Add_Tracking_Number" time="0.573" classname="Test_Data_Generation.Add_Tracking_Numbers_To_User"/>
  <testcase name="Add_Tracking_Number" time="0.529" classname="Test_Data_Generation.Add_Tracking_Numbers_To_User"/>
  <testcase name="Add_Tracking_Number" time="0.525" classname="Test_Data_Generation.Add_Tracking_Numbers_To_User"/>
  <testcase name="Add_Tracking_Number" time="0.504" classname="Test_Data_Generation.Add_Tracking_Numbers_To_User"/>
  <testcase name="Add_Tracking_Number" time="0.938" classname="Test_Data_Generation.Add_Tracking_Numbers_To_User"/>
  <testcase name="Add_Tracking_Number" time="0.484" classname="Test_Data_Generation.Add_Tracking_Numbers_To_User"/>
  <testcase name="Add_Tracking_Number" time="0.554" classname="Test_Data_Generation.Add_Tracking_Numbers_To_User"/>
  <testcase name="Add_Tracking_Number" time="0.507" classname="Test_Data_Generation.Add_Tracking_Numbers_To_User"/>
  <testcase name="Add_Tracking_Number" time="0.596" classname="Test_Data_Generation.Add_Tracking_Numbers_To_User"/>
  <testcase name="Add_Tracking_Number" time="0.150" classname="Test_Data_Generation.Add_Tracking_Numbers_To_User"/>
  <testcase name="Add_Tracking_Number" time="0.938" classname="Test_Data_Generation.Add_Tracking_Numbers_To_User"/>
  <testcase name="Add_Tracking_Number" time="0.568" classname="Test_Data_Generation.Add_Tracking_Numbers_To_User"/>
  <testcase name="Add_Tracking_Number" time="0.282" classname="Test_Data_Generation.Add_Tracking_Numbers_To_User"/>
  <testcase name="Add_Tracking_Number" time="0.573" classname="Test_Data_Generation.Add_Tracking_Numbers_To_User"/>
  <testcase name="Add_Tracking_Number" time="0.652" classname="Test_Data_Generation.Add_Tracking_Numbers_To_User"/>
  <testcase name="Add_Tracking_Number" time="0.556" classname="Test_Data_Generation.Add_Tracking_Numbers_To_User"/>
  <testcase name="Add_Tracking_Number" time="0.646" classname="Test_Data_Generation.Add_Tracking_Numbers_To_User"/>
  <testcase name="Add_Tracking_Number" time="0.637" classname="Test_Data_Generation.Add_Tracking_Numbers_To_User"/>
  <testcase name="Add_Tracking_Number" time="0.536" classname="Test_Data_Generation.Add_Tracking_Numbers_To_User"/>
  <testcase name="Add_Tracking_Number" time="0.659" classname="Test_Data_Generation.Add_Tracking_Numbers_To_User"/>
  <testcase name="Add_Tracking_Number" time="0.565" classname="Test_Data_Generation.Add_Tracking_Numbers_To_User"/>
  <testcase name="Add_Tracking_Number" time="0.481" classname="Test_Data_Generation.Add_Tracking_Numbers_To_User"/>
  <testcase name="Add_Tracking_Number" time="0.678" classname="Test_Data_Generation.Add_Tracking_Numbers_To_User"/>
  <testcase name="Add_Tracking_Number" time="0.519" classname="Test_Data_Generation.Add_Tracking_Numbers_To_User"/>
  <testcase name="Add_Tracking_Number" time="0.620" classname="Test_Data_Generation.Add_Tracking_Numbers_To_User"/>
  <testcase name="Add_Tracking_Number" time="0.055" classname="Test_Data_Generation.Add_Tracking_Numbers_To_User"/>
  <testcase name="Add_Tracking_Number" time="0.542" classname="Test_Data_Generation.Add_Tracking_Numbers_To_User"/>
  <testcase name="Add_Tracking_Number" time="0.499" classname="Test_Data_Generation.Add_Tracking_Numbers_To_User"/>
  <testcase name="Add_Tracking_Number" time="0.467" classname="Test_Data_Generation.Add_Tracking_Numbers_To_User"/>
  <testcase name="Add_Tracking_Number" time="0.584" classname="Test_Data_Generation.Add_Tracking_Numbers_To_User"/>
  <testcase name="Add_Tracking_Number" time="0.631" classname="Test_Data_Generation.Add_Tracking_Numbers_To_User"/>
  <testcase name="Add_Tracking_Number" time="0.670" classname="Test_Data_Generation.Add_Tracking_Numbers_To_User"/>
  <testcase name="Add_Tracking_Number" time="0.543" classname="Test_Data_Generation.Add_Tracking_Numbers_To_User"/>
  <testcase name="Add_Tracking_Number" time="0.493" classname="Test_Data_Generation.Add_Tracking_Numbers_To_User"/>
  <testcase name="Add_Tracking_Number" time="0.872" classname="Test_Data_Generation.Add_Tracking_Numbers_To_User"/>
  <testcase name="Add_Tracking_Number" time="0.560" classname="Test_Data_Generation.Add_Tracking_Numbers_To_User"/>
  <testcase name="Add_Tracking_Number" time="0.554" classname="Test_Data_Generation.Add_Tracking_Numbers_To_User"/>
  <testcase name="Add_Tracking_Number" time="0.594" classname="Test_Data_Generation.Add_Tracking_Numbers_To_User"/>
  <testcase name="Add_Tracking_Number" time="0.480" classname="Test_Data_Generation.Add_Tracking_Numbers_To_User"/>
  <testcase name="Add_Tracking_Number" time="0.492" classname="Test_Data_Generation.Add_Tracking_Numbers_To_User"/>
  <testcase name="Add_Tracking_Number" time="0.550" classname="Test_Data_Generation.Add_Tracking_Numbers_To_User"/>
  <testcase name="Add_Tracking_Number" time="0.539" classname="Test_Data_Generation.Add_Tracking_Numbers_To_User"/>
  <testcase name="Add_Tracking_Number" time="0.487" classname="Test_Data_Generation.Add_Tracking_Numbers_To_User"/>
  <testcase name="Add_Tracking_Number" time="0.590" classname="Test_Data_Generation.Add_Tracking_Numbers_To_User"/>
  <testcase name="Add_Tracking_Number" time="0.494" classname="Test_Data_Generation.Add_Tracking_Numbers_To_User"/>
  <testcase name="Add_Tracking_Number" time="0.609" classname="Test_Data_Generation.Add_Tracking_Numbers_To_User"/>
  <testcase name="Add_Tracking_Number" time="0.957" classname="Test_Data_Generation.Add_Tracking_Numbers_To_User"/>
  <testcase name="Add_Tracking_Number" time="0.535" classname="Test_Data_Generation.Add_Tracking_Numbers_To_User"/>
  <testcase name="Add_Tracking_Number" time="0.577" classname="Test_Data_Generation.Add_Tracking_Numbers_To_User"/>
  <testcase name="Add_Tracking_Number" time="0.606" classname="Test_Data_Generation.Add_Tracking_Numbers_To_User"/>
  <testcase name="Add_Tracking_Number" time="0.470" classname="Test_Data_Generation.Add_Tracking_Numbers_To_User"/>
  <testcase name="Add_Tracking_Number" time="0.563" classname="Test_Data_Generation.Add_Tracking_Numbers_To_User"/>
  <testcase name="Add_Tracking_Number" time="0.478" classname="Test_Data_Generation.Add_Tracking_Numbers_To_User"/>
  <testcase name="Add_Tracking_Number" time="1.037" classname="Test_Data_Generation.Add_Tracking_Numbers_To_User"/>
  <testcase name="Add_Tracking_Number" time="0.642" classname="Test_Data_Generation.Add_Tracking_Numbers_To_User"/>
  <testcase name="Add_Tracking_Number" time="0.502" classname="Test_Data_Generation.Add_Tracking_Numbers_To_User"/>
  <testcase name="Add_Tracking_Number" time="0.440" classname="Test_Data_Generation.Add_Tracking_Numbers_To_User"/>
  <testcase name="Add_Tracking_Number" time="0.493" classname="Test_Data_Generation.Add_Tracking_Numbers_To_User"/>
  <testcase name="Add_Tracking_Number" time="0.684" classname="Test_Data_Generation.Add_Tracking_Numbers_To_User"/>
  <testcase name="Add_Tracking_Number" time="0.526" classname="Test_Data_Generation.Add_Tracking_Numbers_To_User"/>
  <testcase name="Add_Tracking_Number" time="0.595" classname="Test_Data_Generation.Add_Tracking_Numbers_To_User"/>
  <testcase name="Add_Tracking_Number" time="0.471" classname="Test_Data_Generation.Add_Tracking_Numbers_To_User"/>
  <testcase name="Add_Tracking_Number" time="0.589" classname="Test_Data_Generation.Add_Tracking_Numbers_To_User"/>
  <testcase name="Add_Tracking_Number" time="0.573" classname="Test_Data_Generation.Add_Tracking_Numbers_To_User"/>
  <testcase name="Add_Tracking_Number" time="0.616" classname="Test_Data_Generation.Add_Tracking_Numbers_To_User"/>
  <testcase name="Add_Tracking_Number" time="0.526" classname="Test_Data_Generation.Add_Tracking_Numbers_To_User"/>
  <testcase name="Add_Tracking_Number" time="0.626" classname="Test_Data_Generation.Add_Tracking_Numbers_To_User"/>
  <testcase name="Add_Tracking_Number" time="0.511" classname="Test_Data_Generation.Add_Tracking_Numbers_To_User"/>
  <testcase name="Add_Tracking_Number" time="0.474" classname="Test_Data_Generation.Add_Tracking_Numbers_To_User"/>
  <testcase name="Add_Tracking_Number" time="0.505" classname="Test_Data_Generation.Add_Tracking_Numbers_To_User"/>
  <testcase name="Add_Tracking_Number" time="0.471" classname="Test_Data_Generation.Add_Tracking_Numbers_To_User"/>
  <testcase name="Add_Tracking_Number" time="0.521" classname="Test_Data_Generation.Add_Tracking_Numbers_To_User"/>
  <testcase name="Add_Tracking_Number" time="0.105" classname="Test_Data_Generation.Add_Tracking_Numbers_To_User"/>
  <testcase name="Add_Tracking_Number" time="0.552" classname="Test_Data_Generation.Add_Tracking_Numbers_To_User"/>
  <testcase name="Add_Tracking_Number" time="0.556" classname="Test_Data_Generation.Add_Tracking_Numbers_To_User"/>
  <testcase name="Add_Tracking_Number" time="0.445" classname="Test_Data_Generation.Add_Tracking_Numbers_To_User"/>
  <testcase name="Add_Tracking_Number" time="0.498" classname="Test_Data_Generation.Add_Tracking_Numbers_To_User"/>
  <testcase name="Add_Tracking_Number" time="0.519" classname="Test_Data_Generation.Add_Tracking_Numbers_To_User"/>
  <testcase name="Add_Tracking_Number" time="0.773" classname="Test_Data_Generation.Add_Tracking_Numbers_To_User"/>
  <testcase name="Add_Tracking_Number" time="0.280" classname="Test_Data_Generation.Add_Tracking_Numbers_To_User"/>
  <testcase name="Add_Tracking_Number" time="0.231" classname="Test_Data_Generation.Add_Tracking_Numbers_To_User"/>
  <testcase name="Add_Tracking_Number" time="0.518" classname="Test_Data_Generation.Add_Tracking_Numbers_To_User"/>
  <testcase name="Add_Tracking_Number" time="0.517" classname="Test_Data_Generation.Add_Tracking_Numbers_To_User"/>
  <testcase name="Add_Tracking_Number" time="0.505" classname="Test_Data_Generation.Add_Tracking_Numbers_To_User"/>
  <testcase name="Add_Tracking_Number" time="0.548" classname="Test_Data_Generation.Add_Tracking_Numbers_To_User"/>
  <testcase name="Add_Tracking_Number" time="0.782" classname="Test_Data_Generation.Add_Tracking_Numbers_To_User"/>
  <testcase name="Add_Tracking_Number" time="0.546" classname="Test_Data_Generation.Add_Tracking_Numbers_To_User"/>
  <testcase name="Add_Tracking_Number" time="0.863" classname="Test_Data_Generation.Add_Tracking_Numbers_To_User"/>
  <testcase name="Add_Tracking_Number" time="0.511" classname="Test_Data_Generation.Add_Tracking_Numbers_To_User"/>
  <testcase name="Add_Tracking_Number" time="0.507" classname="Test_Data_Generation.Add_Tracking_Numbers_To_User"/>
  <testcase name="Add_Tracking_Number" time="0.545" classname="Test_Data_Generation.Add_Tracking_Numbers_To_User"/>
  <testcase name="Add_Tracking_Number" time="0.627" classname="Test_Data_Generation.Add_Tracking_Numbers_To_User"/>
  <testcase name="Add_Tracking_Number" time="0.460" classname="Test_Data_Generation.Add_Tracking_Numbers_To_User"/>
  <testcase name="Add_Tracking_Number" time="0.677" classname="Test_Data_Generation.Add_Tracking_Numbers_To_User"/>
  <testcase name="Add_Tracking_Number" time="0.505" classname="Test_Data_Generation.Add_Tracking_Numbers_To_User"/>
  <testcase name="Add_Tracking_Number" time="0.735" classname="Test_Data_Generation.Add_Tracking_Numbers_To_User"/>
  <testcase name="Add_Tracking_Number" time="0.581" classname="Test_Data_Generation.Add_Tracking_Numbers_To_User"/>
  <testcase name="Add_Tracking_Number" time="0.597" classname="Test_Data_Generation.Add_Tracking_Numbers_To_User"/>
  <testcase name="Add_Tracking_Number" time="0.491" classname="Test_Data_Generation.Add_Tracking_Numbers_To_User"/>
  <testcase name="Add_Tracking_Number" time="0.597" classname="Test_Data_Generation.Add_Tracking_Numbers_To_User"/>
  <testcase name="Add_Tracking_Number" time="4.710" classname="Test_Data_Generation.Add_Tracking_Numbers_To_User"/>
  <testcase name="Add_Tracking_Number" time="0.504" classname="Test_Data_Generation.Add_Tracking_Numbers_To_User"/>
  <testcase name="Add_Tracking_Number" time="0.569" classname="Test_Data_Generation.Add_Tracking_Numbers_To_User"/>
  <testcase name="Add_Tracking_Number" time="0.462" classname="Test_Data_Generation.Add_Tracking_Numbers_To_User"/>
  <testcase name="Add_Tracking_Number" time="0.545" classname="Test_Data_Generation.Add_Tracking_Numbers_To_User"/>
  <testcase name="Add_Tracking_Number" time="0.728" classname="Test_Data_Generation.Add_Tracking_Numbers_To_User"/>
  <testcase name="Add_Tracking_Number" time="0.471" classname="Test_Data_Generation.Add_Tracking_Numbers_To_User"/>
  <testcase name="Add_Tracking_Number" time="0.551" classname="Test_Data_Generation.Add_Tracking_Numbers_To_User"/>
  <testcase name="Add_Tracking_Number" time="0.417" classname="Test_Data_Generation.Add_Tracking_Numbers_To_User"/>
  <testcase name="Add_Tracking_Number" time="0.589" classname="Test_Data_Generation.Add_Tracking_Numbers_To_User"/>
  <testcase name="Add_Tracking_Number" time="0.466" classname="Test_Data_Generation.Add_Tracking_Numbers_To_User"/>
  <testcase name="Add_Tracking_Number" time="1.003" classname="Test_Data_Generation.Add_Tracking_Numbers_To_User"/>
  <testcase name="Add_Tracking_Number" time="0.629" classname="Test_Data_Generation.Add_Tracking_Numbers_To_User"/>
  <testcase name="Add_Tracking_Number" time="0.577" classname="Test_Data_Generation.Add_Tracking_Numbers_To_User"/>
  <testcase name="Add_Tracking_Number" time="0.623" classname="Test_Data_Generation.Add_Tracking_Numbers_To_User"/>
  <testcase name="Add_Tracking_Number" time="0.649" classname="Test_Data_Generation.Add_Tracking_Numbers_To_User"/>
  <testcase name="Add_Tracking_Number" time="0.513" classname="Test_Data_Generation.Add_Tracking_Numbers_To_User"/>
  <testcase name="Add_Tracking_Number" time="0.644" classname="Test_Data_Generation.Add_Tracking_Numbers_To_User"/>
  <testcase name="Add_Tracking_Number" time="0.538" classname="Test_Data_Generation.Add_Tracking_Numbers_To_User"/>
  <testcase name="Add_Tracking_Number" time="0.474" classname="Test_Data_Generation.Add_Tracking_Numbers_To_User"/>
  <testcase name="Add_Tracking_Number" time="0.561" classname="Test_Data_Generation.Add_Tracking_Numbers_To_User"/>
  <testcase name="Add_Tracking_Number" time="0.488" classname="Test_Data_Generation.Add_Tracking_Numbers_To_User"/>
  <testcase name="Add_Tracking_Number" time="0.481" classname="Test_Data_Generation.Add_Tracking_Numbers_To_User"/>
  <testcase name="Add_Tracking_Number" time="0.576" classname="Test_Data_Generation.Add_Tracking_Numbers_To_User"/>
  <testcase name="Add_Tracking_Number" time="0.563" classname="Test_Data_Generation.Add_Tracking_Numbers_To_User"/>
  <testcase name="Add_Tracking_Number" time="0.705" classname="Test_Data_Generation.Add_Tracking_Numbers_To_User"/>
  <testcase name="Add_Tracking_Number" time="0.234" classname="Test_Data_Generation.Add_Tracking_Numbers_To_User"/>
  <testcase name="Add_Tracking_Number" time="0.620" classname="Test_Data_Generation.Add_Tracking_Numbers_To_User"/>
  <testcase name="Add_Tracking_Number" time="0.525" classname="Test_Data_Generation.Add_Tracking_Numbers_To_User"/>
  <testcase name="Add_Tracking_Number" time="0.513" classname="Test_Data_Generation.Add_Tracking_Numbers_To_User"/>
  <testcase name="Add_Tracking_Number" time="0.483" classname="Test_Data_Generation.Add_Tracking_Numbers_To_User"/>
  <testcase name="Add_Tracking_Number" time="0.556" classname="Test_Data_Generation.Add_Tracking_Numbers_To_User"/>
  <testcase name="Add_Tracking_Number" time="0.625" classname="Test_Data_Generation.Add_Tracking_Numbers_To_User"/>
  <testcase name="Add_Tracking_Number" time="0.554" classname="Test_Data_Generation.Add_Tracking_Numbers_To_User"/>
  <testcase name="Add_Tracking_Number" time="0.459" classname="Test_Data_Generation.Add_Tracking_Numbers_To_User"/>
  <testcase name="Add_Tracking_Number" time="0.573" classname="Test_Data_Generation.Add_Tracking_Numbers_To_User"/>
  <testcase name="Add_Tracking_Number" time="0.503" classname="Test_Data_Generation.Add_Tracking_Numbers_To_User"/>
  <testcase name="Add_Tracking_Number" time="0.561" classname="Test_Data_Generation.Add_Tracking_Numbers_To_User"/>
  <testcase name="Add_Tracking_Number" time="0.607" classname="Test_Data_Generation.Add_Tracking_Numbers_To_User"/>
  <testcase name="Add_Tracking_Number" time="0.732" classname="Test_Data_Generation.Add_Tracking_Numbers_To_User"/>
  <testcase name="Add_Tracking_Number" time="0.457" classname="Test_Data_Generation.Add_Tracking_Numbers_To_User"/>
  <testcase name="Add_Tracking_Number" time="0.551" classname="Test_Data_Generation.Add_Tracking_Numbers_To_User"/>
  <testcase name="Add_Tracking_Number" time="0.603" classname="Test_Data_Generation.Add_Tracking_Numbers_To_User"/>
  <testcase name="Add_Tracking_Number" time="0.495" classname="Test_Data_Generation.Add_Tracking_Numbers_To_User"/>
  <testcase name="Add_Tracking_Number" time="0.592" classname="Test_Data_Generation.Add_Tracking_Numbers_To_User"/>
  <testcase name="Add_Tracking_Number" time="0.569" classname="Test_Data_Generation.Add_Tracking_Numbers_To_User"/>
  <testcase name="Add_Tracking_Number" time="1.316" classname="Test_Data_Generation.Add_Tracking_Numbers_To_User">
    <failure type="java.lang.AssertionError" message="
Expected: a string containing &quot;{\&quot;successful\&quot;:true&quot;
     but: was &quot;{&quot;ShipmentOptionResponse&quot;:{&quot;successful&quot;:false,&quot;errorList&quot;:[{&quot;code&quot;:&quot;2997&quot;,&quot;message&quot;:&quot;TRAQS connection/request problem&quot;,&quot;source&quot;:null,&quot;rootCause&quot;:null}],&quot;alerts&quot;:null,&quot;cxsalerts&quot;:null}}&quot;">
      <![CDATA[java.lang.AssertionError: 
Expected: a string containing "{\"successful\":true"
     but: was "{"ShipmentOptionResponse":{"successful":false,"errorList":[{"code":"2997","message":"TRAQS connection/request problem","source":null,"rootCause":null}],"alerts":null,"cxsalerts":null}}"
at org.hamcrest.MatcherAssert.assertThat(MatcherAssert.java:20)
at org.junit.Assert.assertThat(Assert.java:956)
at org.junit.Assert.assertThat(Assert.java:923)
at Test_Data_Generation.Add_Tracking_Numbers_To_User.Add_Tracking_Number(Add_Tracking_Numbers_To_User.java:69)
at sun.reflect.GeneratedMethodAccessor2.invoke(Unknown Source)
at sun.reflect.DelegatingMethodAccessorImpl.invoke(Unknown Source)
at java.lang.reflect.Method.invoke(Unknown Source)
at org.testng.internal.MethodInvocationHelper.invokeMethod(MethodInvocationHelper.java:124)
at org.testng.internal.Invoker.invokeMethod(Invoker.java:580)
at org.testng.internal.Invoker.invokeTestMethod(Invoker.java:716)
at org.testng.internal.TestMethodWithDataProviderMethodWorker.call(TestMethodWithDataProviderMethodWorker.java:71)
at org.testng.internal.TestMethodWithDataProviderMethodWorker.call(TestMethodWithDataProviderMethodWorker.java:14)
at java.util.concurrent.FutureTask.run(Unknown Source)
at java.util.concurrent.Executors$RunnableAdapter.call(Unknown Source)
at java.util.concurrent.FutureTask.run(Unknown Source)
at java.util.concurrent.ThreadPoolExecutor.runWorker(Unknown Source)
at java.util.concurrent.ThreadPoolExecutor$Worker.run(Unknown Source)
at java.lang.Thread.run(Unknown Source)
]]>
    </failure>
  </testcase> <!-- Add_Tracking_Number -->
  <testcase name="Add_Tracking_Number" time="0.793" classname="Test_Data_Generation.Add_Tracking_Numbers_To_User"/>
  <testcase name="Add_Tracking_Number" time="0.507" classname="Test_Data_Generation.Add_Tracking_Numbers_To_User"/>
  <testcase name="Add_Tracking_Number" time="0.601" classname="Test_Data_Generation.Add_Tracking_Numbers_To_User"/>
  <testcase name="Add_Tracking_Number" time="0.495" classname="Test_Data_Generation.Add_Tracking_Numbers_To_User"/>
  <testcase name="Add_Tracking_Number" time="0.573" classname="Test_Data_Generation.Add_Tracking_Numbers_To_User"/>
  <testcase name="Add_Tracking_Number" time="0.791" classname="Test_Data_Generation.Add_Tracking_Numbers_To_User"/>
  <testcase name="Add_Tracking_Number" time="0.688" classname="Test_Data_Generation.Add_Tracking_Numbers_To_User"/>
  <testcase name="Add_Tracking_Number" time="0.529" classname="Test_Data_Generation.Add_Tracking_Numbers_To_User"/>
  <testcase name="Add_Tracking_Number" time="0.566" classname="Test_Data_Generation.Add_Tracking_Numbers_To_User"/>
  <testcase name="Add_Tracking_Number" time="0.507" classname="Test_Data_Generation.Add_Tracking_Numbers_To_User"/>
  <testcase name="Add_Tracking_Number" time="0.558" classname="Test_Data_Generation.Add_Tracking_Numbers_To_User"/>
  <testcase name="Add_Tracking_Number" time="0.536" classname="Test_Data_Generation.Add_Tracking_Numbers_To_User"/>
  <testcase name="Add_Tracking_Number" time="0.557" classname="Test_Data_Generation.Add_Tracking_Numbers_To_User"/>
  <testcase name="Add_Tracking_Number" time="0.453" classname="Test_Data_Generation.Add_Tracking_Numbers_To_User"/>
  <testcase name="Add_Tracking_Number" time="0.538" classname="Test_Data_Generation.Add_Tracking_Numbers_To_User"/>
  <testcase name="Add_Tracking_Number" time="0.579" classname="Test_Data_Generation.Add_Tracking_Numbers_To_User"/>
  <testcase name="Add_Tracking_Number" time="0.506" classname="Test_Data_Generation.Add_Tracking_Numbers_To_User"/>
  <testcase name="Add_Tracking_Number" time="0.579" classname="Test_Data_Generation.Add_Tracking_Numbers_To_User"/>
  <testcase name="Add_Tracking_Number" time="0.650" classname="Test_Data_Generation.Add_Tracking_Numbers_To_User"/>
  <testcase name="Add_Tracking_Number" time="0.570" classname="Test_Data_Generation.Add_Tracking_Numbers_To_User"/>
  <testcase name="Add_Tracking_Number" time="0.476" classname="Test_Data_Generation.Add_Tracking_Numbers_To_User"/>
  <testcase name="Add_Tracking_Number" time="0.536" classname="Test_Data_Generation.Add_Tracking_Numbers_To_User"/>
  <testcase name="Add_Tracking_Number" time="0.673" classname="Test_Data_Generation.Add_Tracking_Numbers_To_User"/>
  <testcase name="Add_Tracking_Number" time="0.465" classname="Test_Data_Generation.Add_Tracking_Numbers_To_User"/>
  <testcase name="Add_Tracking_Number" time="0.674" classname="Test_Data_Generation.Add_Tracking_Numbers_To_User"/>
  <testcase name="Add_Tracking_Number" time="0.492" classname="Test_Data_Generation.Add_Tracking_Numbers_To_User"/>
  <testcase name="Add_Tracking_Number" time="0.600" classname="Test_Data_Generation.Add_Tracking_Numbers_To_User"/>
  <testcase name="Add_Tracking_Number" time="0.500" classname="Test_Data_Generation.Add_Tracking_Numbers_To_User"/>
  <testcase name="Add_Tracking_Number" time="0.540" classname="Test_Data_Generation.Add_Tracking_Numbers_To_User"/>
  <testcase name="Add_Tracking_Number" time="0.539" classname="Test_Data_Generation.Add_Tracking_Numbers_To_User"/>
  <testcase name="Add_Tracking_Number" time="0.528" classname="Test_Data_Generation.Add_Tracking_Numbers_To_User"/>
  <testcase name="Add_Tracking_Number" time="0.459" classname="Test_Data_Generation.Add_Tracking_Numbers_To_User"/>
  <testcase name="Add_Tracking_Number" time="0.518" classname="Test_Data_Generation.Add_Tracking_Numbers_To_User"/>
  <testcase name="Add_Tracking_Number" time="0.504" classname="Test_Data_Generation.Add_Tracking_Numbers_To_User"/>
  <testcase name="Add_Tracking_Number" time="0.656" classname="Test_Data_Generation.Add_Tracking_Numbers_To_User"/>
  <testcase name="Add_Tracking_Number" time="0.601" classname="Test_Data_Generation.Add_Tracking_Numbers_To_User"/>
  <testcase name="Add_Tracking_Number" time="0.697" classname="Test_Data_Generation.Add_Tracking_Numbers_To_User"/>
  <testcase name="Add_Tracking_Number" time="0.540" classname="Test_Data_Generation.Add_Tracking_Numbers_To_User"/>
  <testcase name="Add_Tracking_Number" time="0.462" classname="Test_Data_Generation.Add_Tracking_Numbers_To_User"/>
  <testcase name="Add_Tracking_Number" time="0.521" classname="Test_Data_Generation.Add_Tracking_Numbers_To_User"/>
  <testcase name="Add_Tracking_Number" time="0.585" classname="Test_Data_Generation.Add_Tracking_Numbers_To_User"/>
  <testcase name="Add_Tracking_Number" time="0.497" classname="Test_Data_Generation.Add_Tracking_Numbers_To_User"/>
  <testcase name="Add_Tracking_Number" time="0.536" classname="Test_Data_Generation.Add_Tracking_Numbers_To_User"/>
  <testcase name="Add_Tracking_Number" time="0.530" classname="Test_Data_Generation.Add_Tracking_Numbers_To_User"/>
  <testcase name="Add_Tracking_Number" time="0.601" classname="Test_Data_Generation.Add_Tracking_Numbers_To_User"/>
  <testcase name="Add_Tracking_Number" time="0.753" classname="Test_Data_Generation.Add_Tracking_Numbers_To_User"/>
  <testcase name="Add_Tracking_Number" time="0.499" classname="Test_Data_Generation.Add_Tracking_Numbers_To_User"/>
  <testcase name="Add_Tracking_Number" time="0.522" classname="Test_Data_Generation.Add_Tracking_Numbers_To_User"/>
  <testcase name="Add_Tracking_Number" time="0.535" classname="Test_Data_Generation.Add_Tracking_Numbers_To_User"/>
  <testcase name="Add_Tracking_Number" time="0.558" classname="Test_Data_Generation.Add_Tracking_Numbers_To_User"/>
  <testcase name="Add_Tracking_Number" time="0.526" classname="Test_Data_Generation.Add_Tracking_Numbers_To_User"/>
  <testcase name="Add_Tracking_Number" time="0.542" classname="Test_Data_Generation.Add_Tracking_Numbers_To_User"/>
  <testcase name="Add_Tracking_Number" time="0.473" classname="Test_Data_Generation.Add_Tracking_Numbers_To_User"/>
  <testcase name="Add_Tracking_Number" time="0.501" classname="Test_Data_Generation.Add_Tracking_Numbers_To_User"/>
  <testcase name="Add_Tracking_Number" time="0.501" classname="Test_Data_Generation.Add_Tracking_Numbers_To_User"/>
  <testcase name="Add_Tracking_Number" time="0.655" classname="Test_Data_Generation.Add_Tracking_Numbers_To_User"/>
  <testcase name="Add_Tracking_Number" time="0.622" classname="Test_Data_Generation.Add_Tracking_Numbers_To_User"/>
  <testcase name="Add_Tracking_Number" time="0.420" classname="Test_Data_Generation.Add_Tracking_Numbers_To_User"/>
  <testcase name="Add_Tracking_Number" time="0.502" classname="Test_Data_Generation.Add_Tracking_Numbers_To_User"/>
  <testcase name="Add_Tracking_Number" time="0.535" classname="Test_Data_Generation.Add_Tracking_Numbers_To_User"/>
  <testcase name="Add_Tracking_Number" time="0.543" classname="Test_Data_Generation.Add_Tracking_Numbers_To_User"/>
  <testcase name="Add_Tracking_Number" time="0.478" classname="Test_Data_Generation.Add_Tracking_Numbers_To_User"/>
  <testcase name="Add_Tracking_Number" time="0.584" classname="Test_Data_Generation.Add_Tracking_Numbers_To_User"/>
  <testcase name="Add_Tracking_Number" time="0.494" classname="Test_Data_Generation.Add_Tracking_Numbers_To_User"/>
  <testcase name="Add_Tracking_Number" time="0.512" classname="Test_Data_Generation.Add_Tracking_Numbers_To_User"/>
  <testcase name="Add_Tracking_Number" time="0.507" classname="Test_Data_Generation.Add_Tracking_Numbers_To_User"/>
  <testcase name="Add_Tracking_Number" time="0.490" classname="Test_Data_Generation.Add_Tracking_Numbers_To_User"/>
  <testcase name="Add_Tracking_Number" time="0.504" classname="Test_Data_Generation.Add_Tracking_Numbers_To_User"/>
  <testcase name="Add_Tracking_Number" time="0.497" classname="Test_Data_Generation.Add_Tracking_Numbers_To_User"/>
  <testcase name="Add_Tracking_Number" time="0.488" classname="Test_Data_Generation.Add_Tracking_Numbers_To_User"/>
  <testcase name="Add_Tracking_Number" time="0.581" classname="Test_Data_Generation.Add_Tracking_Numbers_To_User"/>
  <testcase name="Add_Tracking_Number" time="0.559" classname="Test_Data_Generation.Add_Tracking_Numbers_To_User"/>
  <testcase name="Add_Tracking_Number" time="0.457" classname="Test_Data_Generation.Add_Tracking_Numbers_To_User"/>
  <testcase name="Add_Tracking_Number" time="0.604" classname="Test_Data_Generation.Add_Tracking_Numbers_To_User"/>
  <testcase name="Add_Tracking_Number" time="0.512" classname="Test_Data_Generation.Add_Tracking_Numbers_To_User"/>
  <testcase name="Add_Tracking_Number" time="0.535" classname="Test_Data_Generation.Add_Tracking_Numbers_To_User"/>
  <testcase name="Add_Tracking_Number" time="0.557" classname="Test_Data_Generation.Add_Tracking_Numbers_To_User"/>
  <testcase name="Add_Tracking_Number" time="0.563" classname="Test_Data_Generation.Add_Tracking_Numbers_To_User"/>
  <testcase name="Add_Tracking_Number" time="0.563" classname="Test_Data_Generation.Add_Tracking_Numbers_To_User"/>
  <testcase name="Add_Tracking_Number" time="0.570" classname="Test_Data_Generation.Add_Tracking_Numbers_To_User"/>
  <testcase name="Add_Tracking_Number" time="0.523" classname="Test_Data_Generation.Add_Tracking_Numbers_To_User"/>
  <testcase name="Add_Tracking_Number" time="0.490" classname="Test_Data_Generation.Add_Tracking_Numbers_To_User"/>
  <testcase name="Add_Tracking_Number" time="0.357" classname="Test_Data_Generation.Add_Tracking_Numbers_To_User"/>
  <testcase name="Add_Tracking_Number" time="0.491" classname="Test_Data_Generation.Add_Tracking_Numbers_To_User"/>
  <testcase name="Add_Tracking_Number" time="0.484" classname="Test_Data_Generation.Add_Tracking_Numbers_To_User"/>
  <testcase name="Add_Tracking_Number" time="0.065" classname="Test_Data_Generation.Add_Tracking_Numbers_To_User"/>
  <testcase name="Add_Tracking_Number" time="0.471" classname="Test_Data_Generation.Add_Tracking_Numbers_To_User"/>
  <testcase name="Add_Tracking_Number" time="0.528" classname="Test_Data_Generation.Add_Tracking_Numbers_To_User"/>
  <testcase name="Add_Tracking_Number" time="0.445" classname="Test_Data_Generation.Add_Tracking_Numbers_To_User"/>
  <testcase name="Add_Tracking_Number" time="0.557" classname="Test_Data_Generation.Add_Tracking_Numbers_To_User"/>
  <testcase name="Add_Tracking_Number" time="0.718" classname="Test_Data_Generation.Add_Tracking_Numbers_To_User"/>
  <testcase name="Add_Tracking_Number" time="0.562" classname="Test_Data_Generation.Add_Tracking_Numbers_To_User"/>
  <testcase name="Add_Tracking_Number" time="0.522" classname="Test_Data_Generation.Add_Tracking_Numbers_To_User"/>
  <testcase name="Add_Tracking_Number" time="0.576" classname="Test_Data_Generation.Add_Tracking_Numbers_To_User"/>
  <testcase name="Add_Tracking_Number" time="0.563" classname="Test_Data_Generation.Add_Tracking_Numbers_To_User"/>
  <testcase name="Add_Tracking_Number" time="0.538" classname="Test_Data_Generation.Add_Tracking_Numbers_To_User"/>
  <testcase name="Add_Tracking_Number" time="0.497" classname="Test_Data_Generation.Add_Tracking_Numbers_To_User"/>
  <testcase name="Add_Tracking_Number" time="0.482" classname="Test_Data_Generation.Add_Tracking_Numbers_To_User"/>
  <testcase name="Add_Tracking_Number" time="0.490" classname="Test_Data_Generation.Add_Tracking_Numbers_To_User"/>
  <testcase name="Add_Tracking_Number" time="0.045" classname="Test_Data_Generation.Add_Tracking_Numbers_To_User"/>
  <testcase name="Add_Tracking_Number" time="0.530" classname="Test_Data_Generation.Add_Tracking_Numbers_To_User"/>
  <testcase name="Add_Tracking_Number" time="0.596" classname="Test_Data_Generation.Add_Tracking_Numbers_To_User"/>
  <testcase name="Add_Tracking_Number" time="0.659" classname="Test_Data_Generation.Add_Tracking_Numbers_To_User"/>
  <testcase name="Add_Tracking_Number" time="0.481" classname="Test_Data_Generation.Add_Tracking_Numbers_To_User"/>
  <testcase name="Add_Tracking_Number" time="0.553" classname="Test_Data_Generation.Add_Tracking_Numbers_To_User"/>
  <testcase name="Add_Tracking_Number" time="0.541" classname="Test_Data_Generation.Add_Tracking_Numbers_To_User">
    <failure type="java.lang.AssertionError" message="
Expected: a string containing &quot;{\&quot;successful\&quot;:true&quot;
     but: was &quot;{&quot;ShipmentOptionResponse&quot;:{&quot;successful&quot;:false,&quot;errorList&quot;:[{&quot;code&quot;:&quot;2997&quot;,&quot;message&quot;:&quot;TRAQS connection/request problem&quot;,&quot;source&quot;:null,&quot;rootCause&quot;:null}],&quot;alerts&quot;:null,&quot;cxsalerts&quot;:null}}&quot;">
      <![CDATA[java.lang.AssertionError: 
Expected: a string containing "{\"successful\":true"
     but: was "{"ShipmentOptionResponse":{"successful":false,"errorList":[{"code":"2997","message":"TRAQS connection/request problem","source":null,"rootCause":null}],"alerts":null,"cxsalerts":null}}"
at org.hamcrest.MatcherAssert.assertThat(MatcherAssert.java:20)
at org.junit.Assert.assertThat(Assert.java:956)
at org.junit.Assert.assertThat(Assert.java:923)
at Test_Data_Generation.Add_Tracking_Numbers_To_User.Add_Tracking_Number(Add_Tracking_Numbers_To_User.java:69)
at sun.reflect.GeneratedMethodAccessor2.invoke(Unknown Source)
at sun.reflect.DelegatingMethodAccessorImpl.invoke(Unknown Source)
at java.lang.reflect.Method.invoke(Unknown Source)
at org.testng.internal.MethodInvocationHelper.invokeMethod(MethodInvocationHelper.java:124)
at org.testng.internal.Invoker.invokeMethod(Invoker.java:580)
at org.testng.internal.Invoker.invokeTestMethod(Invoker.java:716)
at org.testng.internal.TestMethodWithDataProviderMethodWorker.call(TestMethodWithDataProviderMethodWorker.java:71)
at org.testng.internal.TestMethodWithDataProviderMethodWorker.call(TestMethodWithDataProviderMethodWorker.java:14)
at java.util.concurrent.FutureTask.run(Unknown Source)
at java.util.concurrent.Executors$RunnableAdapter.call(Unknown Source)
at java.util.concurrent.FutureTask.run(Unknown Source)
at java.util.concurrent.ThreadPoolExecutor.runWorker(Unknown Source)
at java.util.concurrent.ThreadPoolExecutor$Worker.run(Unknown Source)
at java.lang.Thread.run(Unknown Source)
]]>
    </failure>
  </testcase> <!-- Add_Tracking_Number -->
  <testcase name="Add_Tracking_Number" time="0.508" classname="Test_Data_Generation.Add_Tracking_Numbers_To_User"/>
  <testcase name="Add_Tracking_Number" time="0.475" classname="Test_Data_Generation.Add_Tracking_Numbers_To_User"/>
  <testcase name="Add_Tracking_Number" time="0.494" classname="Test_Data_Generation.Add_Tracking_Numbers_To_User"/>
  <testcase name="Add_Tracking_Number" time="0.578" classname="Test_Data_Generation.Add_Tracking_Numbers_To_User"/>
  <testcase name="Add_Tracking_Number" time="0.479" classname="Test_Data_Generation.Add_Tracking_Numbers_To_User"/>
  <testcase name="Add_Tracking_Number" time="0.459" classname="Test_Data_Generation.Add_Tracking_Numbers_To_User"/>
  <testcase name="Add_Tracking_Number" time="0.784" classname="Test_Data_Generation.Add_Tracking_Numbers_To_User"/>
  <testcase name="Add_Tracking_Number" time="0.733" classname="Test_Data_Generation.Add_Tracking_Numbers_To_User"/>
  <testcase name="Add_Tracking_Number" time="0.470" classname="Test_Data_Generation.Add_Tracking_Numbers_To_User"/>
  <testcase name="Add_Tracking_Number" time="0.520" classname="Test_Data_Generation.Add_Tracking_Numbers_To_User"/>
  <testcase name="Add_Tracking_Number" time="0.512" classname="Test_Data_Generation.Add_Tracking_Numbers_To_User"/>
  <testcase name="Add_Tracking_Number" time="0.482" classname="Test_Data_Generation.Add_Tracking_Numbers_To_User"/>
  <testcase name="Add_Tracking_Number" time="0.529" classname="Test_Data_Generation.Add_Tracking_Numbers_To_User"/>
  <testcase name="Add_Tracking_Number" time="0.590" classname="Test_Data_Generation.Add_Tracking_Numbers_To_User"/>
  <testcase name="Add_Tracking_Number" time="0.524" classname="Test_Data_Generation.Add_Tracking_Numbers_To_User"/>
  <testcase name="Add_Tracking_Number" time="0.703" classname="Test_Data_Generation.Add_Tracking_Numbers_To_User"/>
  <testcase name="Add_Tracking_Number" time="0.484" classname="Test_Data_Generation.Add_Tracking_Numbers_To_User"/>
  <testcase name="Add_Tracking_Number" time="0.494" classname="Test_Data_Generation.Add_Tracking_Numbers_To_User"/>
  <testcase name="Add_Tracking_Number" time="0.619" classname="Test_Data_Generation.Add_Tracking_Numbers_To_User"/>
  <testcase name="Add_Tracking_Number" time="0.646" classname="Test_Data_Generation.Add_Tracking_Numbers_To_User"/>
  <testcase name="Add_Tracking_Number" time="0.557" classname="Test_Data_Generation.Add_Tracking_Numbers_To_User"/>
  <testcase name="Add_Tracking_Number" time="0.524" classname="Test_Data_Generation.Add_Tracking_Numbers_To_User"/>
  <testcase name="Add_Tracking_Number" time="0.728" classname="Test_Data_Generation.Add_Tracking_Numbers_To_User"/>
  <testcase name="Add_Tracking_Number" time="0.631" classname="Test_Data_Generation.Add_Tracking_Numbers_To_User"/>
  <testcase name="Add_Tracking_Number" time="0.508" classname="Test_Data_Generation.Add_Tracking_Numbers_To_User"/>
  <testcase name="Add_Tracking_Number" time="0.549" classname="Test_Data_Generation.Add_Tracking_Numbers_To_User"/>
  <testcase name="Add_Tracking_Number" time="0.514" classname="Test_Data_Generation.Add_Tracking_Numbers_To_User"/>
  <testcase name="Add_Tracking_Number" time="0.521" classname="Test_Data_Generation.Add_Tracking_Numbers_To_User"/>
  <testcase name="Add_Tracking_Number" time="0.555" classname="Test_Data_Generation.Add_Tracking_Numbers_To_User"/>
  <testcase name="Add_Tracking_Number" time="0.490" classname="Test_Data_Generation.Add_Tracking_Numbers_To_User"/>
  <testcase name="Add_Tracking_Number" time="0.488" classname="Test_Data_Generation.Add_Tracking_Numbers_To_User"/>
  <testcase name="Add_Tracking_Number" time="0.646" classname="Test_Data_Generation.Add_Tracking_Numbers_To_User"/>
  <testcase name="Add_Tracking_Number" time="0.609" classname="Test_Data_Generation.Add_Tracking_Numbers_To_User"/>
  <testcase name="Add_Tracking_Number" time="0.758" classname="Test_Data_Generation.Add_Tracking_Numbers_To_User"/>
  <testcase name="Add_Tracking_Number" time="0.582" classname="Test_Data_Generation.Add_Tracking_Numbers_To_User"/>
  <testcase name="Add_Tracking_Number" time="0.536" classname="Test_Data_Generation.Add_Tracking_Numbers_To_User"/>
  <testcase name="Add_Tracking_Number" time="0.519" classname="Test_Data_Generation.Add_Tracking_Numbers_To_User"/>
  <testcase name="Add_Tracking_Number" time="0.459" classname="Test_Data_Generation.Add_Tracking_Numbers_To_User"/>
  <testcase name="Add_Tracking_Number" time="0.540" classname="Test_Data_Generation.Add_Tracking_Numbers_To_User"/>
  <testcase name="Add_Tracking_Number" time="0.490" classname="Test_Data_Generation.Add_Tracking_Numbers_To_User"/>
  <testcase name="Add_Tracking_Number" time="0.534" classname="Test_Data_Generation.Add_Tracking_Numbers_To_User"/>
  <testcase name="Add_Tracking_Number" time="0.560" classname="Test_Data_Generation.Add_Tracking_Numbers_To_User"/>
  <testcase name="Add_Tracking_Number" time="0.608" classname="Test_Data_Generation.Add_Tracking_Numbers_To_User"/>
  <testcase name="Add_Tracking_Number" time="0.582" classname="Test_Data_Generation.Add_Tracking_Numbers_To_User"/>
  <testcase name="Add_Tracking_Number" time="0.555" classname="Test_Data_Generation.Add_Tracking_Numbers_To_User"/>
  <testcase name="Add_Tracking_Number" time="0.603" classname="Test_Data_Generation.Add_Tracking_Numbers_To_User"/>
  <testcase name="Add_Tracking_Number" time="0.557" classname="Test_Data_Generation.Add_Tracking_Numbers_To_User"/>
  <testcase name="Add_Tracking_Number" time="0.520" classname="Test_Data_Generation.Add_Tracking_Numbers_To_User"/>
  <testcase name="Add_Tracking_Number" time="0.499" classname="Test_Data_Generation.Add_Tracking_Numbers_To_User"/>
  <testcase name="Add_Tracking_Number" time="0.536" classname="Test_Data_Generation.Add_Tracking_Numbers_To_User"/>
  <testcase name="Add_Tracking_Number" time="0.535" classname="Test_Data_Generation.Add_Tracking_Numbers_To_User"/>
  <testcase name="Add_Tracking_Number" time="0.546" classname="Test_Data_Generation.Add_Tracking_Numbers_To_User"/>
  <testcase name="Add_Tracking_Number" time="0.555" classname="Test_Data_Generation.Add_Tracking_Numbers_To_User"/>
  <testcase name="Add_Tracking_Number" time="0.465" classname="Test_Data_Generation.Add_Tracking_Numbers_To_User"/>
  <testcase name="Add_Tracking_Number" time="0.557" classname="Test_Data_Generation.Add_Tracking_Numbers_To_User"/>
  <testcase name="Add_Tracking_Number" time="0.531" classname="Test_Data_Generation.Add_Tracking_Numbers_To_User"/>
  <testcase name="Add_Tracking_Number" time="0.595" classname="Test_Data_Generation.Add_Tracking_Numbers_To_User"/>
  <testcase name="Add_Tracking_Number" time="0.578" classname="Test_Data_Generation.Add_Tracking_Numbers_To_User"/>
  <testcase name="Add_Tracking_Number" time="0.581" classname="Test_Data_Generation.Add_Tracking_Numbers_To_User"/>
  <testcase name="Add_Tracking_Number" time="0.469" classname="Test_Data_Generation.Add_Tracking_Numbers_To_User"/>
  <testcase name="Add_Tracking_Number" time="0.544" classname="Test_Data_Generation.Add_Tracking_Numbers_To_User"/>
  <testcase name="Add_Tracking_Number" time="0.599" classname="Test_Data_Generation.Add_Tracking_Numbers_To_User"/>
  <testcase name="Add_Tracking_Number" time="0.564" classname="Test_Data_Generation.Add_Tracking_Numbers_To_User"/>
  <testcase name="Add_Tracking_Number" time="0.565" classname="Test_Data_Generation.Add_Tracking_Numbers_To_User"/>
  <testcase name="Add_Tracking_Number" time="0.499" classname="Test_Data_Generation.Add_Tracking_Numbers_To_User"/>
  <testcase name="Add_Tracking_Number" time="0.713" classname="Test_Data_Generation.Add_Tracking_Numbers_To_User"/>
  <testcase name="Add_Tracking_Number" time="0.553" classname="Test_Data_Generation.Add_Tracking_Numbers_To_User"/>
  <testcase name="Add_Tracking_Number" time="0.770" classname="Test_Data_Generation.Add_Tracking_Numbers_To_User"/>
  <testcase name="Add_Tracking_Number" time="0.526" classname="Test_Data_Generation.Add_Tracking_Numbers_To_User"/>
  <testcase name="Add_Tracking_Number" time="0.550" classname="Test_Data_Generation.Add_Tracking_Numbers_To_User"/>
  <testcase name="Add_Tracking_Number" time="0.597" classname="Test_Data_Generation.Add_Tracking_Numbers_To_User"/>
  <testcase name="Add_Tracking_Number" time="0.551" classname="Test_Data_Generation.Add_Tracking_Numbers_To_User"/>
  <testcase name="Add_Tracking_Number" time="0.517" classname="Test_Data_Generation.Add_Tracking_Numbers_To_User"/>
  <testcase name="Add_Tracking_Number" time="0.656" classname="Test_Data_Generation.Add_Tracking_Numbers_To_User"/>
  <testcase name="Add_Tracking_Number" time="0.498" classname="Test_Data_Generation.Add_Tracking_Numbers_To_User"/>
  <testcase name="Add_Tracking_Number" time="0.540" classname="Test_Data_Generation.Add_Tracking_Numbers_To_User"/>
  <testcase name="Add_Tracking_Number" time="0.461" classname="Test_Data_Generation.Add_Tracking_Numbers_To_User"/>
  <testcase name="Add_Tracking_Number" time="0.556" classname="Test_Data_Generation.Add_Tracking_Numbers_To_User"/>
  <testcase name="Add_Tracking_Number" time="0.424" classname="Test_Data_Generation.Add_Tracking_Numbers_To_User"/>
  <testcase name="Add_Tracking_Number" time="0.560" classname="Test_Data_Generation.Add_Tracking_Numbers_To_User"/>
  <testcase name="Add_Tracking_Number" time="0.526" classname="Test_Data_Generation.Add_Tracking_Numbers_To_User"/>
  <testcase name="Add_Tracking_Number" time="0.509" classname="Test_Data_Generation.Add_Tracking_Numbers_To_User"/>
  <testcase name="Add_Tracking_Number" time="0.535" classname="Test_Data_Generation.Add_Tracking_Numbers_To_User"/>
  <testcase name="Add_Tracking_Number" time="0.496" classname="Test_Data_Generation.Add_Tracking_Numbers_To_User"/>
  <testcase name="Add_Tracking_Number" time="0.563" classname="Test_Data_Generation.Add_Tracking_Numbers_To_User"/>
  <testcase name="Add_Tracking_Number" time="0.508" classname="Test_Data_Generation.Add_Tracking_Numbers_To_User"/>
  <testcase name="Add_Tracking_Number" time="0.602" classname="Test_Data_Generation.Add_Tracking_Numbers_To_User"/>
  <testcase name="Add_Tracking_Number" time="0.503" classname="Test_Data_Generation.Add_Tracking_Numbers_To_User"/>
  <testcase name="Add_Tracking_Number" time="0.528" classname="Test_Data_Generation.Add_Tracking_Numbers_To_User"/>
  <testcase name="Add_Tracking_Number" time="0.053" classname="Test_Data_Generation.Add_Tracking_Numbers_To_User"/>
  <testcase name="Add_Tracking_Number" time="0.556" classname="Test_Data_Generation.Add_Tracking_Numbers_To_User"/>
  <testcase name="Add_Tracking_Number" time="0.540" classname="Test_Data_Generation.Add_Tracking_Numbers_To_User"/>
  <testcase name="Add_Tracking_Number" time="0.512" classname="Test_Data_Generation.Add_Tracking_Numbers_To_User"/>
  <testcase name="Add_Tracking_Number" time="0.569" classname="Test_Data_Generation.Add_Tracking_Numbers_To_User"/>
  <testcase name="Add_Tracking_Number" time="0.800" classname="Test_Data_Generation.Add_Tracking_Numbers_To_User"/>
  <testcase name="Add_Tracking_Number" time="0.491" classname="Test_Data_Generation.Add_Tracking_Numbers_To_User"/>
  <testcase name="Add_Tracking_Number" time="0.540" classname="Test_Data_Generation.Add_Tracking_Numbers_To_User"/>
  <testcase name="Add_Tracking_Number" time="0.495" classname="Test_Data_Generation.Add_Tracking_Numbers_To_User"/>
  <testcase name="Add_Tracking_Number" time="0.545" classname="Test_Data_Generation.Add_Tracking_Numbers_To_User"/>
  <testcase name="Add_Tracking_Number" time="0.645" classname="Test_Data_Generation.Add_Tracking_Numbers_To_User"/>
  <testcase name="Add_Tracking_Number" time="0.504" classname="Test_Data_Generation.Add_Tracking_Numbers_To_User"/>
  <testcase name="Add_Tracking_Number" time="0.558" classname="Test_Data_Generation.Add_Tracking_Numbers_To_User"/>
  <testcase name="Add_Tracking_Number" time="0.711" classname="Test_Data_Generation.Add_Tracking_Numbers_To_User"/>
  <testcase name="Add_Tracking_Number" time="0.485" classname="Test_Data_Generation.Add_Tracking_Numbers_To_User"/>
  <testcase name="Add_Tracking_Number" time="0.446" classname="Test_Data_Generation.Add_Tracking_Numbers_To_User"/>
  <testcase name="Add_Tracking_Number" time="0.600" classname="Test_Data_Generation.Add_Tracking_Numbers_To_User"/>
  <testcase name="Add_Tracking_Number" time="0.496" classname="Test_Data_Generation.Add_Tracking_Numbers_To_User"/>
  <testcase name="Add_Tracking_Number" time="0.555" classname="Test_Data_Generation.Add_Tracking_Numbers_To_User"/>
  <testcase name="Add_Tracking_Number" time="0.538" classname="Test_Data_Generation.Add_Tracking_Numbers_To_User"/>
  <testcase name="Add_Tracking_Number" time="0.526" classname="Test_Data_Generation.Add_Tracking_Numbers_To_User"/>
  <testcase name="Add_Tracking_Number" time="0.579" classname="Test_Data_Generation.Add_Tracking_Numbers_To_User"/>
  <testcase name="Add_Tracking_Number" time="0.599" classname="Test_Data_Generation.Add_Tracking_Numbers_To_User"/>
  <testcase name="Add_Tracking_Number" time="0.522" classname="Test_Data_Generation.Add_Tracking_Numbers_To_User"/>
  <testcase name="Add_Tracking_Number" time="0.502" classname="Test_Data_Generation.Add_Tracking_Numbers_To_User"/>
  <testcase name="Add_Tracking_Number" time="0.541" classname="Test_Data_Generation.Add_Tracking_Numbers_To_User"/>
  <testcase name="Add_Tracking_Number" time="0.814" classname="Test_Data_Generation.Add_Tracking_Numbers_To_User"/>
  <testcase name="Add_Tracking_Number" time="0.432" classname="Test_Data_Generation.Add_Tracking_Numbers_To_User"/>
  <testcase name="Add_Tracking_Number" time="0.570" classname="Test_Data_Generation.Add_Tracking_Numbers_To_User"/>
  <testcase name="Add_Tracking_Number" time="0.662" classname="Test_Data_Generation.Add_Tracking_Numbers_To_User"/>
  <testcase name="Add_Tracking_Number" time="0.605" classname="Test_Data_Generation.Add_Tracking_Numbers_To_User"/>
  <testcase name="Add_Tracking_Number" time="0.502" classname="Test_Data_Generation.Add_Tracking_Numbers_To_User"/>
  <testcase name="Add_Tracking_Number" time="0.731" classname="Test_Data_Generation.Add_Tracking_Numbers_To_User"/>
  <testcase name="Add_Tracking_Number" time="0.655" classname="Test_Data_Generation.Add_Tracking_Numbers_To_User"/>
  <testcase name="Add_Tracking_Number" time="0.514" classname="Test_Data_Generation.Add_Tracking_Numbers_To_User"/>
  <testcase name="Add_Tracking_Number" time="0.453" classname="Test_Data_Generation.Add_Tracking_Numbers_To_User"/>
  <testcase name="Add_Tracking_Number" time="0.498" classname="Test_Data_Generation.Add_Tracking_Numbers_To_User"/>
  <testcase name="Add_Tracking_Number" time="0.489" classname="Test_Data_Generation.Add_Tracking_Numbers_To_User"/>
  <testcase name="Add_Tracking_Number" time="0.525" classname="Test_Data_Generation.Add_Tracking_Numbers_To_User"/>
  <testcase name="Add_Tracking_Number" time="0.511" classname="Test_Data_Generation.Add_Tracking_Numbers_To_User"/>
  <testcase name="Add_Tracking_Number" time="0.624" classname="Test_Data_Generation.Add_Tracking_Numbers_To_User"/>
  <testcase name="Add_Tracking_Number" time="0.500" classname="Test_Data_Generation.Add_Tracking_Numbers_To_User"/>
  <testcase name="Add_Tracking_Number" time="0.479" classname="Test_Data_Generation.Add_Tracking_Numbers_To_User"/>
  <testcase name="Add_Tracking_Number" time="0.470" classname="Test_Data_Generation.Add_Tracking_Numbers_To_User"/>
  <testcase name="Add_Tracking_Number" time="0.500" classname="Test_Data_Generation.Add_Tracking_Numbers_To_User"/>
  <testcase name="Add_Tracking_Number" time="0.474" classname="Test_Data_Generation.Add_Tracking_Numbers_To_User"/>
  <testcase name="Add_Tracking_Number" time="0.548" classname="Test_Data_Generation.Add_Tracking_Numbers_To_User"/>
  <testcase name="Add_Tracking_Number" time="0.679" classname="Test_Data_Generation.Add_Tracking_Numbers_To_User"/>
  <testcase name="Add_Tracking_Number" time="0.524" classname="Test_Data_Generation.Add_Tracking_Numbers_To_User"/>
  <testcase name="Add_Tracking_Number" time="0.700" classname="Test_Data_Generation.Add_Tracking_Numbers_To_User"/>
  <testcase name="Add_Tracking_Number" time="0.644" classname="Test_Data_Generation.Add_Tracking_Numbers_To_User"/>
  <testcase name="Add_Tracking_Number" time="0.467" classname="Test_Data_Generation.Add_Tracking_Numbers_To_User"/>
  <testcase name="Add_Tracking_Number" time="0.532" classname="Test_Data_Generation.Add_Tracking_Numbers_To_User"/>
  <testcase name="Add_Tracking_Number" time="0.709" classname="Test_Data_Generation.Add_Tracking_Numbers_To_User"/>
  <testcase name="Add_Tracking_Number" time="0.529" classname="Test_Data_Generation.Add_Tracking_Numbers_To_User"/>
  <testcase name="Add_Tracking_Number" time="0.627" classname="Test_Data_Generation.Add_Tracking_Numbers_To_User"/>
  <testcase name="Add_Tracking_Number" time="0.645" classname="Test_Data_Generation.Add_Tracking_Numbers_To_User"/>
  <testcase name="Add_Tracking_Number" time="0.584" classname="Test_Data_Generation.Add_Tracking_Numbers_To_User"/>
  <testcase name="Add_Tracking_Number" time="0.574" classname="Test_Data_Generation.Add_Tracking_Numbers_To_User"/>
  <testcase name="Add_Tracking_Number" time="0.510" classname="Test_Data_Generation.Add_Tracking_Numbers_To_User"/>
  <testcase name="Add_Tracking_Number" time="0.478" classname="Test_Data_Generation.Add_Tracking_Numbers_To_User"/>
  <testcase name="Add_Tracking_Number" time="0.516" classname="Test_Data_Generation.Add_Tracking_Numbers_To_User"/>
  <testcase name="Add_Tracking_Number" time="0.617" classname="Test_Data_Generation.Add_Tracking_Numbers_To_User"/>
  <testcase name="Add_Tracking_Number" time="0.474" classname="Test_Data_Generation.Add_Tracking_Numbers_To_User"/>
  <testcase name="Add_Tracking_Number" time="0.646" classname="Test_Data_Generation.Add_Tracking_Numbers_To_User"/>
  <testcase name="Add_Tracking_Number" time="0.423" classname="Test_Data_Generation.Add_Tracking_Numbers_To_User"/>
  <testcase name="Add_Tracking_Number" time="0.508" classname="Test_Data_Generation.Add_Tracking_Numbers_To_User"/>
  <testcase name="Add_Tracking_Number" time="0.470" classname="Test_Data_Generation.Add_Tracking_Numbers_To_User"/>
  <testcase name="Add_Tracking_Number" time="0.058" classname="Test_Data_Generation.Add_Tracking_Numbers_To_User"/>
  <testcase name="Add_Tracking_Number" time="0.538" classname="Test_Data_Generation.Add_Tracking_Numbers_To_User"/>
  <testcase name="Add_Tracking_Number" time="0.489" classname="Test_Data_Generation.Add_Tracking_Numbers_To_User"/>
  <testcase name="Add_Tracking_Number" time="0.393" classname="Test_Data_Generation.Add_Tracking_Numbers_To_User"/>
  <testcase name="Add_Tracking_Number" time="0.544" classname="Test_Data_Generation.Add_Tracking_Numbers_To_User"/>
  <testcase name="Add_Tracking_Number" time="0.700" classname="Test_Data_Generation.Add_Tracking_Numbers_To_User"/>
  <testcase name="Add_Tracking_Number" time="0.480" classname="Test_Data_Generation.Add_Tracking_Numbers_To_User"/>
  <testcase name="Add_Tracking_Number" time="0.661" classname="Test_Data_Generation.Add_Tracking_Numbers_To_User"/>
  <testcase name="Add_Tracking_Number" time="0.503" classname="Test_Data_Generation.Add_Tracking_Numbers_To_User"/>
  <testcase name="Add_Tracking_Number" time="0.512" classname="Test_Data_Generation.Add_Tracking_Numbers_To_User"/>
  <testcase name="Add_Tracking_Number" time="0.710" classname="Test_Data_Generation.Add_Tracking_Numbers_To_User"/>
  <testcase name="Add_Tracking_Number" time="0.458" classname="Test_Data_Generation.Add_Tracking_Numbers_To_User"/>
  <testcase name="Add_Tracking_Number" time="0.503" classname="Test_Data_Generation.Add_Tracking_Numbers_To_User"/>
  <testcase name="Add_Tracking_Number" time="0.503" classname="Test_Data_Generation.Add_Tracking_Numbers_To_User"/>
  <testcase name="Add_Tracking_Number" time="0.729" classname="Test_Data_Generation.Add_Tracking_Numbers_To_User"/>
  <testcase name="Add_Tracking_Number" time="0.540" classname="Test_Data_Generation.Add_Tracking_Numbers_To_User"/>
  <testcase name="Add_Tracking_Number" time="0.661" classname="Test_Data_Generation.Add_Tracking_Numbers_To_User"/>
  <testcase name="Add_Tracking_Number" time="0.485" classname="Test_Data_Generation.Add_Tracking_Numbers_To_User"/>
  <testcase name="Add_Tracking_Number" time="0.516" classname="Test_Data_Generation.Add_Tracking_Numbers_To_User">
    <failure type="java.lang.AssertionError" message="
Expected: a string containing &quot;{\&quot;successful\&quot;:true&quot;
     but: was &quot;{&quot;ShipmentOptionResponse&quot;:{&quot;successful&quot;:false,&quot;errorList&quot;:[{&quot;code&quot;:&quot;2997&quot;,&quot;message&quot;:&quot;TRAQS connection/request problem&quot;,&quot;source&quot;:null,&quot;rootCause&quot;:null}],&quot;alerts&quot;:null,&quot;cxsalerts&quot;:null}}&quot;">
      <![CDATA[java.lang.AssertionError: 
Expected: a string containing "{\"successful\":true"
     but: was "{"ShipmentOptionResponse":{"successful":false,"errorList":[{"code":"2997","message":"TRAQS connection/request problem","source":null,"rootCause":null}],"alerts":null,"cxsalerts":null}}"
at org.hamcrest.MatcherAssert.assertThat(MatcherAssert.java:20)
at org.junit.Assert.assertThat(Assert.java:956)
at org.junit.Assert.assertThat(Assert.java:923)
at Test_Data_Generation.Add_Tracking_Numbers_To_User.Add_Tracking_Number(Add_Tracking_Numbers_To_User.java:69)
at sun.reflect.GeneratedMethodAccessor2.invoke(Unknown Source)
at sun.reflect.DelegatingMethodAccessorImpl.invoke(Unknown Source)
at java.lang.reflect.Method.invoke(Unknown Source)
at org.testng.internal.MethodInvocationHelper.invokeMethod(MethodInvocationHelper.java:124)
at org.testng.internal.Invoker.invokeMethod(Invoker.java:580)
at org.testng.internal.Invoker.invokeTestMethod(Invoker.java:716)
at org.testng.internal.TestMethodWithDataProviderMethodWorker.call(TestMethodWithDataProviderMethodWorker.java:71)
at org.testng.internal.TestMethodWithDataProviderMethodWorker.call(TestMethodWithDataProviderMethodWorker.java:14)
at java.util.concurrent.FutureTask.run(Unknown Source)
at java.util.concurrent.Executors$RunnableAdapter.call(Unknown Source)
at java.util.concurrent.FutureTask.run(Unknown Source)
at java.util.concurrent.ThreadPoolExecutor.runWorker(Unknown Source)
at java.util.concurrent.ThreadPoolExecutor$Worker.run(Unknown Source)
at java.lang.Thread.run(Unknown Source)
]]>
    </failure>
  </testcase> <!-- Add_Tracking_Number -->
  <testcase name="Add_Tracking_Number" time="0.585" classname="Test_Data_Generation.Add_Tracking_Numbers_To_User"/>
  <testcase name="Add_Tracking_Number" time="0.521" classname="Test_Data_Generation.Add_Tracking_Numbers_To_User"/>
  <testcase name="Add_Tracking_Number" time="0.584" classname="Test_Data_Generation.Add_Tracking_Numbers_To_User"/>
  <testcase name="Add_Tracking_Number" time="0.505" classname="Test_Data_Generation.Add_Tracking_Numbers_To_User"/>
  <testcase name="Add_Tracking_Number" time="0.485" classname="Test_Data_Generation.Add_Tracking_Numbers_To_User"/>
  <testcase name="Add_Tracking_Number" time="0.482" classname="Test_Data_Generation.Add_Tracking_Numbers_To_User"/>
  <testcase name="Add_Tracking_Number" time="0.696" classname="Test_Data_Generation.Add_Tracking_Numbers_To_User"/>
  <testcase name="Add_Tracking_Number" time="0.584" classname="Test_Data_Generation.Add_Tracking_Numbers_To_User"/>
  <testcase name="Add_Tracking_Number" time="0.530" classname="Test_Data_Generation.Add_Tracking_Numbers_To_User"/>
  <testcase name="Add_Tracking_Number" time="0.437" classname="Test_Data_Generation.Add_Tracking_Numbers_To_User"/>
  <testcase name="Add_Tracking_Number" time="0.780" classname="Test_Data_Generation.Add_Tracking_Numbers_To_User"/>
  <testcase name="Add_Tracking_Number" time="0.526" classname="Test_Data_Generation.Add_Tracking_Numbers_To_User"/>
  <testcase name="Add_Tracking_Number" time="0.333" classname="Test_Data_Generation.Add_Tracking_Numbers_To_User"/>
  <testcase name="Add_Tracking_Number" time="0.630" classname="Test_Data_Generation.Add_Tracking_Numbers_To_User"/>
  <testcase name="Add_Tracking_Number" time="0.539" classname="Test_Data_Generation.Add_Tracking_Numbers_To_User"/>
  <testcase name="Add_Tracking_Number" time="0.528" classname="Test_Data_Generation.Add_Tracking_Numbers_To_User"/>
  <testcase name="Add_Tracking_Number" time="0.502" classname="Test_Data_Generation.Add_Tracking_Numbers_To_User"/>
  <testcase name="Add_Tracking_Number" time="0.527" classname="Test_Data_Generation.Add_Tracking_Numbers_To_User"/>
  <testcase name="Add_Tracking_Number" time="0.471" classname="Test_Data_Generation.Add_Tracking_Numbers_To_User"/>
  <testcase name="Add_Tracking_Number" time="0.611" classname="Test_Data_Generation.Add_Tracking_Numbers_To_User"/>
  <testcase name="Add_Tracking_Number" time="0.585" classname="Test_Data_Generation.Add_Tracking_Numbers_To_User"/>
  <testcase name="Add_Tracking_Number" time="0.627" classname="Test_Data_Generation.Add_Tracking_Numbers_To_User"/>
  <testcase name="Add_Tracking_Number" time="0.528" classname="Test_Data_Generation.Add_Tracking_Numbers_To_User"/>
  <testcase name="Add_Tracking_Number" time="0.521" classname="Test_Data_Generation.Add_Tracking_Numbers_To_User"/>
  <testcase name="Add_Tracking_Number" time="0.492" classname="Test_Data_Generation.Add_Tracking_Numbers_To_User"/>
  <testcase name="Add_Tracking_Number" time="0.602" classname="Test_Data_Generation.Add_Tracking_Numbers_To_User"/>
  <testcase name="Add_Tracking_Number" time="0.699" classname="Test_Data_Generation.Add_Tracking_Numbers_To_User"/>
  <testcase name="Add_Tracking_Number" time="0.497" classname="Test_Data_Generation.Add_Tracking_Numbers_To_User"/>
  <testcase name="Add_Tracking_Number" time="0.182" classname="Test_Data_Generation.Add_Tracking_Numbers_To_User"/>
  <testcase name="Add_Tracking_Number" time="0.589" classname="Test_Data_Generation.Add_Tracking_Numbers_To_User"/>
  <testcase name="Add_Tracking_Number" time="0.575" classname="Test_Data_Generation.Add_Tracking_Numbers_To_User"/>
  <testcase name="Add_Tracking_Number" time="0.530" classname="Test_Data_Generation.Add_Tracking_Numbers_To_User"/>
  <testcase name="Add_Tracking_Number" time="0.631" classname="Test_Data_Generation.Add_Tracking_Numbers_To_User"/>
  <testcase name="Add_Tracking_Number" time="0.484" classname="Test_Data_Generation.Add_Tracking_Numbers_To_User"/>
  <testcase name="Add_Tracking_Number" time="0.487" classname="Test_Data_Generation.Add_Tracking_Numbers_To_User"/>
  <testcase name="Add_Tracking_Number" time="0.663" classname="Test_Data_Generation.Add_Tracking_Numbers_To_User"/>
  <testcase name="Add_Tracking_Number" time="0.533" classname="Test_Data_Generation.Add_Tracking_Numbers_To_User"/>
  <testcase name="Add_Tracking_Number" time="0.054" classname="Test_Data_Generation.Add_Tracking_Numbers_To_User"/>
  <testcase name="Add_Tracking_Number" time="0.514" classname="Test_Data_Generation.Add_Tracking_Numbers_To_User"/>
  <testcase name="Add_Tracking_Number" time="0.736" classname="Test_Data_Generation.Add_Tracking_Numbers_To_User"/>
  <testcase name="Add_Tracking_Number" time="0.535" classname="Test_Data_Generation.Add_Tracking_Numbers_To_User"/>
  <testcase name="Add_Tracking_Number" time="0.519" classname="Test_Data_Generation.Add_Tracking_Numbers_To_User"/>
  <testcase name="Add_Tracking_Number" time="0.474" classname="Test_Data_Generation.Add_Tracking_Numbers_To_User"/>
  <testcase name="Add_Tracking_Number" time="0.625" classname="Test_Data_Generation.Add_Tracking_Numbers_To_User"/>
  <testcase name="Add_Tracking_Number" time="0.501" classname="Test_Data_Generation.Add_Tracking_Numbers_To_User"/>
  <testcase name="Add_Tracking_Number" time="0.575" classname="Test_Data_Generation.Add_Tracking_Numbers_To_User"/>
  <testcase name="Add_Tracking_Number" time="0.552" classname="Test_Data_Generation.Add_Tracking_Numbers_To_User"/>
  <testcase name="Add_Tracking_Number" time="0.584" classname="Test_Data_Generation.Add_Tracking_Numbers_To_User"/>
  <testcase name="Add_Tracking_Number" time="0.514" classname="Test_Data_Generation.Add_Tracking_Numbers_To_User"/>
  <testcase name="Add_Tracking_Number" time="0.538" classname="Test_Data_Generation.Add_Tracking_Numbers_To_User"/>
  <testcase name="Add_Tracking_Number" time="0.467" classname="Test_Data_Generation.Add_Tracking_Numbers_To_User"/>
  <testcase name="Add_Tracking_Number" time="0.529" classname="Test_Data_Generation.Add_Tracking_Numbers_To_User"/>
  <testcase name="Add_Tracking_Number" time="0.505" classname="Test_Data_Generation.Add_Tracking_Numbers_To_User"/>
  <testcase name="Add_Tracking_Number" time="0.457" classname="Test_Data_Generation.Add_Tracking_Numbers_To_User"/>
  <testcase name="Add_Tracking_Number" time="0.494" classname="Test_Data_Generation.Add_Tracking_Numbers_To_User"/>
  <testcase name="Add_Tracking_Number" time="0.819" classname="Test_Data_Generation.Add_Tracking_Numbers_To_User"/>
  <testcase name="Add_Tracking_Number" time="0.485" classname="Test_Data_Generation.Add_Tracking_Numbers_To_User"/>
  <testcase name="Add_Tracking_Number" time="0.671" classname="Test_Data_Generation.Add_Tracking_Numbers_To_User"/>
  <testcase name="Add_Tracking_Number" time="0.517" classname="Test_Data_Generation.Add_Tracking_Numbers_To_User"/>
  <testcase name="Add_Tracking_Number" time="0.509" classname="Test_Data_Generation.Add_Tracking_Numbers_To_User"/>
  <testcase name="Add_Tracking_Number" time="0.471" classname="Test_Data_Generation.Add_Tracking_Numbers_To_User"/>
  <testcase name="Add_Tracking_Number" time="0.693" classname="Test_Data_Generation.Add_Tracking_Numbers_To_User"/>
  <testcase name="Add_Tracking_Number" time="0.495" classname="Test_Data_Generation.Add_Tracking_Numbers_To_User"/>
  <testcase name="Add_Tracking_Number" time="0.456" classname="Test_Data_Generation.Add_Tracking_Numbers_To_User"/>
  <testcase name="Add_Tracking_Number" time="0.611" classname="Test_Data_Generation.Add_Tracking_Numbers_To_User"/>
  <testcase name="Add_Tracking_Number" time="0.512" classname="Test_Data_Generation.Add_Tracking_Numbers_To_User"/>
  <testcase name="Add_Tracking_Number" time="0.538" classname="Test_Data_Generation.Add_Tracking_Numbers_To_User"/>
  <testcase name="Add_Tracking_Number" time="0.502" classname="Test_Data_Generation.Add_Tracking_Numbers_To_User"/>
  <testcase name="Add_Tracking_Number" time="0.791" classname="Test_Data_Generation.Add_Tracking_Numbers_To_User"/>
  <testcase name="Add_Tracking_Number" time="0.675" classname="Test_Data_Generation.Add_Tracking_Numbers_To_User"/>
  <testcase name="Add_Tracking_Number" time="0.609" classname="Test_Data_Generation.Add_Tracking_Numbers_To_User"/>
  <testcase name="Add_Tracking_Number" time="0.603" classname="Test_Data_Generation.Add_Tracking_Numbers_To_User"/>
  <testcase name="Add_Tracking_Number" time="0.565" classname="Test_Data_Generation.Add_Tracking_Numbers_To_User"/>
  <testcase name="Add_Tracking_Number" time="0.491" classname="Test_Data_Generation.Add_Tracking_Numbers_To_User"/>
  <testcase name="Add_Tracking_Number" time="0.520" classname="Test_Data_Generation.Add_Tracking_Numbers_To_User"/>
  <testcase name="Add_Tracking_Number" time="0.544" classname="Test_Data_Generation.Add_Tracking_Numbers_To_User"/>
  <testcase name="Add_Tracking_Number" time="0.570" classname="Test_Data_Generation.Add_Tracking_Numbers_To_User"/>
  <testcase name="Add_Tracking_Number" time="8.707" classname="Test_Data_Generation.Add_Tracking_Numbers_To_User"/>
  <testcase name="Add_Tracking_Number" time="0.514" classname="Test_Data_Generation.Add_Tracking_Numbers_To_User"/>
  <testcase name="Add_Tracking_Number" time="0.547" classname="Test_Data_Generation.Add_Tracking_Numbers_To_User"/>
  <testcase name="Add_Tracking_Number" time="0.529" classname="Test_Data_Generation.Add_Tracking_Numbers_To_User"/>
  <testcase name="Add_Tracking_Number" time="0.536" classname="Test_Data_Generation.Add_Tracking_Numbers_To_User"/>
  <testcase name="Add_Tracking_Number" time="0.526" classname="Test_Data_Generation.Add_Tracking_Numbers_To_User"/>
  <testcase name="Add_Tracking_Number" time="0.451" classname="Test_Data_Generation.Add_Tracking_Numbers_To_User"/>
  <testcase name="Add_Tracking_Number" time="0.604" classname="Test_Data_Generation.Add_Tracking_Numbers_To_User"/>
  <testcase name="Add_Tracking_Number" time="0.500" classname="Test_Data_Generation.Add_Tracking_Numbers_To_User"/>
  <testcase name="Add_Tracking_Number" time="0.455" classname="Test_Data_Generation.Add_Tracking_Numbers_To_User"/>
  <testcase name="Add_Tracking_Number" time="0.532" classname="Test_Data_Generation.Add_Tracking_Numbers_To_User"/>
  <testcase name="Add_Tracking_Number" time="0.456" classname="Test_Data_Generation.Add_Tracking_Numbers_To_User"/>
  <testcase name="Add_Tracking_Number" time="0.534" classname="Test_Data_Generation.Add_Tracking_Numbers_To_User"/>
  <testcase name="Add_Tracking_Number" time="0.095" classname="Test_Data_Generation.Add_Tracking_Numbers_To_User"/>
  <testcase name="Add_Tracking_Number" time="0.529" classname="Test_Data_Generation.Add_Tracking_Numbers_To_User"/>
  <testcase name="Add_Tracking_Number" time="0.531" classname="Test_Data_Generation.Add_Tracking_Numbers_To_User"/>
  <testcase name="Add_Tracking_Number" time="0.550" classname="Test_Data_Generation.Add_Tracking_Numbers_To_User"/>
  <testcase name="Add_Tracking_Number" time="0.505" classname="Test_Data_Generation.Add_Tracking_Numbers_To_User"/>
  <testcase name="Add_Tracking_Number" time="0.453" classname="Test_Data_Generation.Add_Tracking_Numbers_To_User"/>
  <testcase name="Add_Tracking_Number" time="0.544" classname="Test_Data_Generation.Add_Tracking_Numbers_To_User"/>
  <testcase name="Add_Tracking_Number" time="0.755" classname="Test_Data_Generation.Add_Tracking_Numbers_To_User"/>
  <testcase name="Add_Tracking_Number" time="0.597" classname="Test_Data_Generation.Add_Tracking_Numbers_To_User"/>
  <testcase name="Add_Tracking_Number" time="0.773" classname="Test_Data_Generation.Add_Tracking_Numbers_To_User"/>
  <testcase name="Add_Tracking_Number" time="0.482" classname="Test_Data_Generation.Add_Tracking_Numbers_To_User"/>
  <testcase name="Add_Tracking_Number" time="0.575" classname="Test_Data_Generation.Add_Tracking_Numbers_To_User"/>
  <testcase name="Add_Tracking_Number" time="0.500" classname="Test_Data_Generation.Add_Tracking_Numbers_To_User"/>
  <testcase name="Add_Tracking_Number" time="0.536" classname="Test_Data_Generation.Add_Tracking_Numbers_To_User"/>
  <testcase name="Add_Tracking_Number" time="0.430" classname="Test_Data_Generation.Add_Tracking_Numbers_To_User"/>
  <testcase name="Add_Tracking_Number" time="0.620" classname="Test_Data_Generation.Add_Tracking_Numbers_To_User"/>
  <testcase name="Add_Tracking_Number" time="0.484" classname="Test_Data_Generation.Add_Tracking_Numbers_To_User"/>
  <testcase name="Add_Tracking_Number" time="0.691" classname="Test_Data_Generation.Add_Tracking_Numbers_To_User"/>
  <testcase name="Add_Tracking_Number" time="0.529" classname="Test_Data_Generation.Add_Tracking_Numbers_To_User"/>
  <testcase name="Add_Tracking_Number" time="0.530" classname="Test_Data_Generation.Add_Tracking_Numbers_To_User"/>
  <testcase name="Add_Tracking_Number" time="0.562" classname="Test_Data_Generation.Add_Tracking_Numbers_To_User"/>
  <testcase name="Add_Tracking_Number" time="0.550" classname="Test_Data_Generation.Add_Tracking_Numbers_To_User"/>
  <testcase name="Add_Tracking_Number" time="0.658" classname="Test_Data_Generation.Add_Tracking_Numbers_To_User"/>
  <testcase name="Add_Tracking_Number" time="0.628" classname="Test_Data_Generation.Add_Tracking_Numbers_To_User"/>
  <testcase name="Add_Tracking_Number" time="0.486" classname="Test_Data_Generation.Add_Tracking_Numbers_To_User"/>
  <testcase name="Add_Tracking_Number" time="0.542" classname="Test_Data_Generation.Add_Tracking_Numbers_To_User"/>
  <testcase name="Add_Tracking_Number" time="0.469" classname="Test_Data_Generation.Add_Tracking_Numbers_To_User"/>
  <testcase name="Add_Tracking_Number" time="0.560" classname="Test_Data_Generation.Add_Tracking_Numbers_To_User"/>
  <testcase name="Add_Tracking_Number" time="0.500" classname="Test_Data_Generation.Add_Tracking_Numbers_To_User"/>
  <testcase name="Add_Tracking_Number" time="0.491" classname="Test_Data_Generation.Add_Tracking_Numbers_To_User"/>
  <testcase name="Add_Tracking_Number" time="0.716" classname="Test_Data_Generation.Add_Tracking_Numbers_To_User"/>
  <testcase name="Add_Tracking_Number" time="0.502" classname="Test_Data_Generation.Add_Tracking_Numbers_To_User"/>
  <testcase name="Add_Tracking_Number" time="0.754" classname="Test_Data_Generation.Add_Tracking_Numbers_To_User"/>
  <testcase name="Add_Tracking_Number" time="0.483" classname="Test_Data_Generation.Add_Tracking_Numbers_To_User"/>
  <testcase name="Add_Tracking_Number" time="0.492" classname="Test_Data_Generation.Add_Tracking_Numbers_To_User"/>
  <testcase name="Add_Tracking_Number" time="0.501" classname="Test_Data_Generation.Add_Tracking_Numbers_To_User"/>
  <testcase name="Add_Tracking_Number" time="0.499" classname="Test_Data_Generation.Add_Tracking_Numbers_To_User"/>
  <testcase name="Add_Tracking_Number" time="0.568" classname="Test_Data_Generation.Add_Tracking_Numbers_To_User"/>
  <testcase name="Add_Tracking_Number" time="0.526" classname="Test_Data_Generation.Add_Tracking_Numbers_To_User"/>
  <testcase name="Add_Tracking_Number" time="0.552" classname="Test_Data_Generation.Add_Tracking_Numbers_To_User"/>
  <testcase name="Add_Tracking_Number" time="0.508" classname="Test_Data_Generation.Add_Tracking_Numbers_To_User"/>
  <testcase name="Add_Tracking_Number" time="0.647" classname="Test_Data_Generation.Add_Tracking_Numbers_To_User"/>
  <testcase name="Add_Tracking_Number" time="0.489" classname="Test_Data_Generation.Add_Tracking_Numbers_To_User"/>
  <testcase name="Add_Tracking_Number" time="0.533" classname="Test_Data_Generation.Add_Tracking_Numbers_To_User"/>
  <testcase name="Add_Tracking_Number" time="0.562" classname="Test_Data_Generation.Add_Tracking_Numbers_To_User"/>
  <testcase name="Add_Tracking_Number" time="0.566" classname="Test_Data_Generation.Add_Tracking_Numbers_To_User"/>
  <testcase name="Add_Tracking_Number" time="0.176" classname="Test_Data_Generation.Add_Tracking_Numbers_To_User"/>
  <testcase name="Add_Tracking_Number" time="0.728" classname="Test_Data_Generation.Add_Tracking_Numbers_To_User"/>
  <testcase name="Add_Tracking_Number" time="0.570" classname="Test_Data_Generation.Add_Tracking_Numbers_To_User"/>
  <testcase name="Add_Tracking_Number" time="0.550" classname="Test_Data_Generation.Add_Tracking_Numbers_To_User"/>
  <testcase name="Add_Tracking_Number" time="0.671" classname="Test_Data_Generation.Add_Tracking_Numbers_To_User"/>
  <testcase name="Add_Tracking_Number" time="0.535" classname="Test_Data_Generation.Add_Tracking_Numbers_To_User"/>
  <testcase name="Add_Tracking_Number" time="0.541" classname="Test_Data_Generation.Add_Tracking_Numbers_To_User"/>
  <testcase name="Add_Tracking_Number" time="0.475" classname="Test_Data_Generation.Add_Tracking_Numbers_To_User"/>
  <testcase name="Add_Tracking_Number" time="0.533" classname="Test_Data_Generation.Add_Tracking_Numbers_To_User"/>
  <testcase name="Add_Tracking_Number" time="0.684" classname="Test_Data_Generation.Add_Tracking_Numbers_To_User"/>
  <testcase name="Add_Tracking_Number" time="0.228" classname="Test_Data_Generation.Add_Tracking_Numbers_To_User"/>
  <testcase name="Add_Tracking_Number" time="0.444" classname="Test_Data_Generation.Add_Tracking_Numbers_To_User"/>
  <testcase name="Add_Tracking_Number" time="0.467" classname="Test_Data_Generation.Add_Tracking_Numbers_To_User"/>
  <testcase name="Add_Tracking_Number" time="0.535" classname="Test_Data_Generation.Add_Tracking_Numbers_To_User"/>
  <testcase name="Add_Tracking_Number" time="0.598" classname="Test_Data_Generation.Add_Tracking_Numbers_To_User"/>
  <testcase name="Add_Tracking_Number" time="0.523" classname="Test_Data_Generation.Add_Tracking_Numbers_To_User"/>
  <testcase name="Add_Tracking_Number" time="0.473" classname="Test_Data_Generation.Add_Tracking_Numbers_To_User"/>
  <testcase name="Add_Tracking_Number" time="0.294" classname="Test_Data_Generation.Add_Tracking_Numbers_To_User"/>
  <testcase name="Add_Tracking_Number" time="0.558" classname="Test_Data_Generation.Add_Tracking_Numbers_To_User"/>
  <testcase name="Add_Tracking_Number" time="0.585" classname="Test_Data_Generation.Add_Tracking_Numbers_To_User"/>
  <testcase name="Add_Tracking_Number" time="0.651" classname="Test_Data_Generation.Add_Tracking_Numbers_To_User"/>
  <testcase name="Add_Tracking_Number" time="0.502" classname="Test_Data_Generation.Add_Tracking_Numbers_To_User"/>
  <testcase name="Add_Tracking_Number" time="0.585" classname="Test_Data_Generation.Add_Tracking_Numbers_To_User"/>
  <testcase name="Add_Tracking_Number" time="0.487" classname="Test_Data_Generation.Add_Tracking_Numbers_To_User"/>
  <testcase name="Add_Tracking_Number" time="0.545" classname="Test_Data_Generation.Add_Tracking_Numbers_To_User"/>
  <testcase name="Add_Tracking_Number" time="0.609" classname="Test_Data_Generation.Add_Tracking_Numbers_To_User"/>
  <testcase name="Add_Tracking_Number" time="0.634" classname="Test_Data_Generation.Add_Tracking_Numbers_To_User"/>
  <testcase name="Add_Tracking_Number" time="0.510" classname="Test_Data_Generation.Add_Tracking_Numbers_To_User"/>
  <testcase name="Add_Tracking_Number" time="0.481" classname="Test_Data_Generation.Add_Tracking_Numbers_To_User"/>
  <testcase name="Add_Tracking_Number" time="0.546" classname="Test_Data_Generation.Add_Tracking_Numbers_To_User"/>
  <testcase name="Add_Tracking_Number" time="0.612" classname="Test_Data_Generation.Add_Tracking_Numbers_To_User"/>
  <testcase name="Add_Tracking_Number" time="0.690" classname="Test_Data_Generation.Add_Tracking_Numbers_To_User"/>
  <testcase name="Add_Tracking_Number" time="0.483" classname="Test_Data_Generation.Add_Tracking_Numbers_To_User"/>
  <testcase name="Add_Tracking_Number" time="0.608" classname="Test_Data_Generation.Add_Tracking_Numbers_To_User"/>
  <testcase name="Add_Tracking_Number" time="0.524" classname="Test_Data_Generation.Add_Tracking_Numbers_To_User"/>
  <testcase name="Add_Tracking_Number" time="0.477" classname="Test_Data_Generation.Add_Tracking_Numbers_To_User"/>
  <testcase name="Add_Tracking_Number" time="0.519" classname="Test_Data_Generation.Add_Tracking_Numbers_To_User"/>
  <testcase name="Add_Tracking_Number" time="0.500" classname="Test_Data_Generation.Add_Tracking_Numbers_To_User"/>
  <testcase name="Add_Tracking_Number" time="0.692" classname="Test_Data_Generation.Add_Tracking_Numbers_To_User"/>
  <testcase name="Add_Tracking_Number" time="0.525" classname="Test_Data_Generation.Add_Tracking_Numbers_To_User"/>
  <testcase name="Add_Tracking_Number" time="0.550" classname="Test_Data_Generation.Add_Tracking_Numbers_To_User"/>
  <testcase name="Add_Tracking_Number" time="0.600" classname="Test_Data_Generation.Add_Tracking_Numbers_To_User"/>
  <testcase name="Add_Tracking_Number" time="0.270" classname="Test_Data_Generation.Add_Tracking_Numbers_To_User"/>
  <testcase name="Add_Tracking_Number" time="0.165" classname="Test_Data_Generation.Add_Tracking_Numbers_To_User"/>
  <testcase name="Add_Tracking_Number" time="0.573" classname="Test_Data_Generation.Add_Tracking_Numbers_To_User"/>
  <testcase name="Add_Tracking_Number" time="0.492" classname="Test_Data_Generation.Add_Tracking_Numbers_To_User"/>
  <testcase name="Add_Tracking_Number" time="0.557" classname="Test_Data_Generation.Add_Tracking_Numbers_To_User"/>
  <testcase name="Add_Tracking_Number" time="0.491" classname="Test_Data_Generation.Add_Tracking_Numbers_To_User"/>
  <testcase name="Add_Tracking_Number" time="0.532" classname="Test_Data_Generation.Add_Tracking_Numbers_To_User"/>
  <testcase name="Add_Tracking_Number" time="0.517" classname="Test_Data_Generation.Add_Tracking_Numbers_To_User"/>
  <testcase name="Add_Tracking_Number" time="0.431" classname="Test_Data_Generation.Add_Tracking_Numbers_To_User"/>
  <testcase name="Add_Tracking_Number" time="0.561" classname="Test_Data_Generation.Add_Tracking_Numbers_To_User"/>
  <testcase name="Add_Tracking_Number" time="0.577" classname="Test_Data_Generation.Add_Tracking_Numbers_To_User"/>
  <testcase name="Add_Tracking_Number" time="0.573" classname="Test_Data_Generation.Add_Tracking_Numbers_To_User"/>
  <testcase name="Add_Tracking_Number" time="0.507" classname="Test_Data_Generation.Add_Tracking_Numbers_To_User"/>
  <testcase name="Add_Tracking_Number" time="0.050" classname="Test_Data_Generation.Add_Tracking_Numbers_To_User"/>
  <testcase name="Add_Tracking_Number" time="0.526" classname="Test_Data_Generation.Add_Tracking_Numbers_To_User"/>
  <testcase name="Add_Tracking_Number" time="0.467" classname="Test_Data_Generation.Add_Tracking_Numbers_To_User"/>
  <testcase name="Add_Tracking_Number" time="0.552" classname="Test_Data_Generation.Add_Tracking_Numbers_To_User"/>
  <testcase name="Add_Tracking_Number" time="0.482" classname="Test_Data_Generation.Add_Tracking_Numbers_To_User"/>
  <testcase name="Add_Tracking_Number" time="0.623" classname="Test_Data_Generation.Add_Tracking_Numbers_To_User"/>
  <testcase name="Add_Tracking_Number" time="0.052" classname="Test_Data_Generation.Add_Tracking_Numbers_To_User"/>
  <testcase name="Add_Tracking_Number" time="0.599" classname="Test_Data_Generation.Add_Tracking_Numbers_To_User"/>
  <testcase name="Add_Tracking_Number" time="0.522" classname="Test_Data_Generation.Add_Tracking_Numbers_To_User"/>
  <testcase name="Add_Tracking_Number" time="0.521" classname="Test_Data_Generation.Add_Tracking_Numbers_To_User"/>
  <testcase name="Add_Tracking_Number" time="0.551" classname="Test_Data_Generation.Add_Tracking_Numbers_To_User"/>
  <testcase name="Add_Tracking_Number" time="0.495" classname="Test_Data_Generation.Add_Tracking_Numbers_To_User"/>
  <testcase name="Add_Tracking_Number" time="0.608" classname="Test_Data_Generation.Add_Tracking_Numbers_To_User"/>
  <testcase name="Add_Tracking_Number" time="0.492" classname="Test_Data_Generation.Add_Tracking_Numbers_To_User"/>
  <testcase name="Add_Tracking_Number" time="0.565" classname="Test_Data_Generation.Add_Tracking_Numbers_To_User"/>
  <testcase name="Add_Tracking_Number" time="0.823" classname="Test_Data_Generation.Add_Tracking_Numbers_To_User"/>
  <testcase name="Add_Tracking_Number" time="0.684" classname="Test_Data_Generation.Add_Tracking_Numbers_To_User"/>
  <testcase name="Add_Tracking_Number" time="0.665" classname="Test_Data_Generation.Add_Tracking_Numbers_To_User"/>
  <testcase name="Add_Tracking_Number" time="0.549" classname="Test_Data_Generation.Add_Tracking_Numbers_To_User"/>
  <testcase name="Add_Tracking_Number" time="0.579" classname="Test_Data_Generation.Add_Tracking_Numbers_To_User"/>
  <testcase name="Add_Tracking_Number" time="0.480" classname="Test_Data_Generation.Add_Tracking_Numbers_To_User"/>
  <testcase name="Add_Tracking_Number" time="0.536" classname="Test_Data_Generation.Add_Tracking_Numbers_To_User"/>
  <testcase name="Add_Tracking_Number" time="0.752" classname="Test_Data_Generation.Add_Tracking_Numbers_To_User"/>
  <testcase name="Add_Tracking_Number" time="0.501" classname="Test_Data_Generation.Add_Tracking_Numbers_To_User"/>
  <testcase name="Add_Tracking_Number" time="0.527" classname="Test_Data_Generation.Add_Tracking_Numbers_To_User"/>
  <testcase name="Add_Tracking_Number" time="0.515" classname="Test_Data_Generation.Add_Tracking_Numbers_To_User"/>
  <testcase name="Add_Tracking_Number" time="0.452" classname="Test_Data_Generation.Add_Tracking_Numbers_To_User">
    <failure type="java.lang.AssertionError" message="
Expected: a string containing &quot;{\&quot;successful\&quot;:true&quot;
     but: was &quot;{&quot;ShipmentOptionResponse&quot;:{&quot;successful&quot;:false,&quot;errorList&quot;:[{&quot;code&quot;:&quot;2997&quot;,&quot;message&quot;:&quot;TRAQS connection/request problem&quot;,&quot;source&quot;:null,&quot;rootCause&quot;:null}],&quot;alerts&quot;:null,&quot;cxsalerts&quot;:null}}&quot;">
      <![CDATA[java.lang.AssertionError: 
Expected: a string containing "{\"successful\":true"
     but: was "{"ShipmentOptionResponse":{"successful":false,"errorList":[{"code":"2997","message":"TRAQS connection/request problem","source":null,"rootCause":null}],"alerts":null,"cxsalerts":null}}"
at org.hamcrest.MatcherAssert.assertThat(MatcherAssert.java:20)
at org.junit.Assert.assertThat(Assert.java:956)
at org.junit.Assert.assertThat(Assert.java:923)
at Test_Data_Generation.Add_Tracking_Numbers_To_User.Add_Tracking_Number(Add_Tracking_Numbers_To_User.java:69)
at sun.reflect.GeneratedMethodAccessor2.invoke(Unknown Source)
at sun.reflect.DelegatingMethodAccessorImpl.invoke(Unknown Source)
at java.lang.reflect.Method.invoke(Unknown Source)
at org.testng.internal.MethodInvocationHelper.invokeMethod(MethodInvocationHelper.java:124)
at org.testng.internal.Invoker.invokeMethod(Invoker.java:580)
at org.testng.internal.Invoker.invokeTestMethod(Invoker.java:716)
at org.testng.internal.TestMethodWithDataProviderMethodWorker.call(TestMethodWithDataProviderMethodWorker.java:71)
at org.testng.internal.TestMethodWithDataProviderMethodWorker.call(TestMethodWithDataProviderMethodWorker.java:14)
at java.util.concurrent.FutureTask.run(Unknown Source)
at java.util.concurrent.Executors$RunnableAdapter.call(Unknown Source)
at java.util.concurrent.FutureTask.run(Unknown Source)
at java.util.concurrent.ThreadPoolExecutor.runWorker(Unknown Source)
at java.util.concurrent.ThreadPoolExecutor$Worker.run(Unknown Source)
at java.lang.Thread.run(Unknown Source)
]]>
    </failure>
  </testcase> <!-- Add_Tracking_Number -->
  <testcase name="Add_Tracking_Number" time="0.585" classname="Test_Data_Generation.Add_Tracking_Numbers_To_User"/>
  <testcase name="Add_Tracking_Number" time="0.517" classname="Test_Data_Generation.Add_Tracking_Numbers_To_User"/>
  <testcase name="Add_Tracking_Number" time="0.543" classname="Test_Data_Generation.Add_Tracking_Numbers_To_User"/>
  <testcase name="Add_Tracking_Number" time="0.542" classname="Test_Data_Generation.Add_Tracking_Numbers_To_User"/>
  <testcase name="Add_Tracking_Number" time="0.546" classname="Test_Data_Generation.Add_Tracking_Numbers_To_User"/>
  <testcase name="Add_Tracking_Number" time="0.558" classname="Test_Data_Generation.Add_Tracking_Numbers_To_User"/>
  <testcase name="Add_Tracking_Number" time="0.556" classname="Test_Data_Generation.Add_Tracking_Numbers_To_User"/>
  <testcase name="Add_Tracking_Number" time="0.459" classname="Test_Data_Generation.Add_Tracking_Numbers_To_User"/>
  <testcase name="Add_Tracking_Number" time="0.518" classname="Test_Data_Generation.Add_Tracking_Numbers_To_User"/>
  <testcase name="Add_Tracking_Number" time="0.524" classname="Test_Data_Generation.Add_Tracking_Numbers_To_User"/>
  <testcase name="Add_Tracking_Number" time="0.554" classname="Test_Data_Generation.Add_Tracking_Numbers_To_User"/>
  <testcase name="Add_Tracking_Number" time="0.496" classname="Test_Data_Generation.Add_Tracking_Numbers_To_User"/>
  <testcase name="Add_Tracking_Number" time="0.542" classname="Test_Data_Generation.Add_Tracking_Numbers_To_User"/>
  <testcase name="Add_Tracking_Number" time="0.524" classname="Test_Data_Generation.Add_Tracking_Numbers_To_User"/>
  <testcase name="Add_Tracking_Number" time="0.646" classname="Test_Data_Generation.Add_Tracking_Numbers_To_User"/>
  <testcase name="Add_Tracking_Number" time="0.056" classname="Test_Data_Generation.Add_Tracking_Numbers_To_User"/>
  <testcase name="Add_Tracking_Number" time="0.486" classname="Test_Data_Generation.Add_Tracking_Numbers_To_User"/>
  <testcase name="Add_Tracking_Number" time="0.579" classname="Test_Data_Generation.Add_Tracking_Numbers_To_User"/>
  <testcase name="Add_Tracking_Number" time="0.495" classname="Test_Data_Generation.Add_Tracking_Numbers_To_User"/>
  <testcase name="Add_Tracking_Number" time="0.560" classname="Test_Data_Generation.Add_Tracking_Numbers_To_User"/>
  <testcase name="Add_Tracking_Number" time="0.537" classname="Test_Data_Generation.Add_Tracking_Numbers_To_User"/>
  <testcase name="Add_Tracking_Number" time="0.532" classname="Test_Data_Generation.Add_Tracking_Numbers_To_User"/>
  <testcase name="Add_Tracking_Number" time="0.539" classname="Test_Data_Generation.Add_Tracking_Numbers_To_User"/>
  <testcase name="Add_Tracking_Number" time="0.549" classname="Test_Data_Generation.Add_Tracking_Numbers_To_User"/>
  <testcase name="Add_Tracking_Number" time="0.492" classname="Test_Data_Generation.Add_Tracking_Numbers_To_User"/>
  <testcase name="Add_Tracking_Number" time="0.612" classname="Test_Data_Generation.Add_Tracking_Numbers_To_User"/>
  <testcase name="Add_Tracking_Number" time="0.595" classname="Test_Data_Generation.Add_Tracking_Numbers_To_User"/>
  <testcase name="Add_Tracking_Number" time="0.578" classname="Test_Data_Generation.Add_Tracking_Numbers_To_User"/>
  <testcase name="Add_Tracking_Number" time="0.249" classname="Test_Data_Generation.Add_Tracking_Numbers_To_User"/>
  <testcase name="Add_Tracking_Number" time="0.553" classname="Test_Data_Generation.Add_Tracking_Numbers_To_User"/>
  <testcase name="Add_Tracking_Number" time="0.464" classname="Test_Data_Generation.Add_Tracking_Numbers_To_User"/>
  <testcase name="Add_Tracking_Number" time="0.648" classname="Test_Data_Generation.Add_Tracking_Numbers_To_User"/>
  <testcase name="Add_Tracking_Number" time="0.566" classname="Test_Data_Generation.Add_Tracking_Numbers_To_User"/>
  <testcase name="Add_Tracking_Number" time="0.539" classname="Test_Data_Generation.Add_Tracking_Numbers_To_User"/>
  <testcase name="Add_Tracking_Number" time="0.573" classname="Test_Data_Generation.Add_Tracking_Numbers_To_User"/>
  <testcase name="Add_Tracking_Number" time="0.653" classname="Test_Data_Generation.Add_Tracking_Numbers_To_User"/>
  <testcase name="Add_Tracking_Number" time="0.481" classname="Test_Data_Generation.Add_Tracking_Numbers_To_User"/>
  <testcase name="Add_Tracking_Number" time="0.550" classname="Test_Data_Generation.Add_Tracking_Numbers_To_User"/>
  <testcase name="Add_Tracking_Number" time="0.743" classname="Test_Data_Generation.Add_Tracking_Numbers_To_User"/>
  <testcase name="Add_Tracking_Number" time="0.577" classname="Test_Data_Generation.Add_Tracking_Numbers_To_User"/>
  <testcase name="Add_Tracking_Number" time="0.458" classname="Test_Data_Generation.Add_Tracking_Numbers_To_User"/>
  <testcase name="Add_Tracking_Number" time="0.604" classname="Test_Data_Generation.Add_Tracking_Numbers_To_User"/>
  <testcase name="Add_Tracking_Number" time="0.608" classname="Test_Data_Generation.Add_Tracking_Numbers_To_User"/>
  <testcase name="Add_Tracking_Number" time="0.160" classname="Test_Data_Generation.Add_Tracking_Numbers_To_User"/>
  <testcase name="Add_Tracking_Number" time="0.532" classname="Test_Data_Generation.Add_Tracking_Numbers_To_User"/>
  <testcase name="Add_Tracking_Number" time="0.715" classname="Test_Data_Generation.Add_Tracking_Numbers_To_User"/>
  <testcase name="Add_Tracking_Number" time="0.644" classname="Test_Data_Generation.Add_Tracking_Numbers_To_User"/>
  <testcase name="Add_Tracking_Number" time="0.640" classname="Test_Data_Generation.Add_Tracking_Numbers_To_User"/>
  <testcase name="Add_Tracking_Number" time="1.186" classname="Test_Data_Generation.Add_Tracking_Numbers_To_User"/>
  <testcase name="Add_Tracking_Number" time="0.543" classname="Test_Data_Generation.Add_Tracking_Numbers_To_User"/>
  <testcase name="Add_Tracking_Number" time="0.234" classname="Test_Data_Generation.Add_Tracking_Numbers_To_User"/>
  <testcase name="Add_Tracking_Number" time="0.273" classname="Test_Data_Generation.Add_Tracking_Numbers_To_User"/>
  <testcase name="Add_Tracking_Number" time="0.599" classname="Test_Data_Generation.Add_Tracking_Numbers_To_User"/>
  <testcase name="Add_Tracking_Number" time="0.513" classname="Test_Data_Generation.Add_Tracking_Numbers_To_User"/>
  <testcase name="Add_Tracking_Number" time="0.649" classname="Test_Data_Generation.Add_Tracking_Numbers_To_User"/>
  <testcase name="Add_Tracking_Number" time="0.458" classname="Test_Data_Generation.Add_Tracking_Numbers_To_User"/>
  <testcase name="Add_Tracking_Number" time="0.653" classname="Test_Data_Generation.Add_Tracking_Numbers_To_User"/>
  <testcase name="Add_Tracking_Number" time="0.473" classname="Test_Data_Generation.Add_Tracking_Numbers_To_User"/>
  <testcase name="Add_Tracking_Number" time="0.552" classname="Test_Data_Generation.Add_Tracking_Numbers_To_User"/>
  <testcase name="Add_Tracking_Number" time="0.468" classname="Test_Data_Generation.Add_Tracking_Numbers_To_User"/>
  <testcase name="Add_Tracking_Number" time="0.586" classname="Test_Data_Generation.Add_Tracking_Numbers_To_User"/>
  <testcase name="Add_Tracking_Number" time="0.526" classname="Test_Data_Generation.Add_Tracking_Numbers_To_User"/>
  <testcase name="Add_Tracking_Number" time="0.565" classname="Test_Data_Generation.Add_Tracking_Numbers_To_User"/>
  <testcase name="Add_Tracking_Number" time="0.463" classname="Test_Data_Generation.Add_Tracking_Numbers_To_User"/>
  <testcase name="Add_Tracking_Number" time="0.578" classname="Test_Data_Generation.Add_Tracking_Numbers_To_User"/>
  <testcase name="Add_Tracking_Number" time="0.575" classname="Test_Data_Generation.Add_Tracking_Numbers_To_User"/>
  <testcase name="Add_Tracking_Number" time="0.699" classname="Test_Data_Generation.Add_Tracking_Numbers_To_User"/>
  <testcase name="Add_Tracking_Number" time="0.620" classname="Test_Data_Generation.Add_Tracking_Numbers_To_User"/>
  <testcase name="Add_Tracking_Number" time="0.501" classname="Test_Data_Generation.Add_Tracking_Numbers_To_User"/>
  <testcase name="Add_Tracking_Number" time="0.525" classname="Test_Data_Generation.Add_Tracking_Numbers_To_User"/>
  <testcase name="Add_Tracking_Number" time="0.495" classname="Test_Data_Generation.Add_Tracking_Numbers_To_User"/>
  <testcase name="Add_Tracking_Number" time="0.510" classname="Test_Data_Generation.Add_Tracking_Numbers_To_User"/>
  <testcase name="Add_Tracking_Number" time="0.556" classname="Test_Data_Generation.Add_Tracking_Numbers_To_User"/>
  <testcase name="Add_Tracking_Number" time="0.548" classname="Test_Data_Generation.Add_Tracking_Numbers_To_User"/>
  <testcase name="Add_Tracking_Number" time="0.481" classname="Test_Data_Generation.Add_Tracking_Numbers_To_User"/>
  <testcase name="Add_Tracking_Number" time="0.523" classname="Test_Data_Generation.Add_Tracking_Numbers_To_User"/>
  <testcase name="Add_Tracking_Number" time="0.489" classname="Test_Data_Generation.Add_Tracking_Numbers_To_User"/>
  <testcase name="Add_Tracking_Number" time="0.697" classname="Test_Data_Generation.Add_Tracking_Numbers_To_User"/>
  <testcase name="Add_Tracking_Number" time="0.543" classname="Test_Data_Generation.Add_Tracking_Numbers_To_User"/>
  <testcase name="Add_Tracking_Number" time="0.500" classname="Test_Data_Generation.Add_Tracking_Numbers_To_User"/>
  <testcase name="Add_Tracking_Number" time="0.626" classname="Test_Data_Generation.Add_Tracking_Numbers_To_User"/>
  <testcase name="Add_Tracking_Number" time="0.555" classname="Test_Data_Generation.Add_Tracking_Numbers_To_User"/>
  <testcase name="Add_Tracking_Number" time="0.545" classname="Test_Data_Generation.Add_Tracking_Numbers_To_User"/>
  <testcase name="Add_Tracking_Number" time="0.545" classname="Test_Data_Generation.Add_Tracking_Numbers_To_User"/>
  <testcase name="Add_Tracking_Number" time="0.507" classname="Test_Data_Generation.Add_Tracking_Numbers_To_User"/>
  <testcase name="Add_Tracking_Number" time="0.510" classname="Test_Data_Generation.Add_Tracking_Numbers_To_User"/>
  <testcase name="Add_Tracking_Number" time="0.437" classname="Test_Data_Generation.Add_Tracking_Numbers_To_User"/>
  <testcase name="Add_Tracking_Number" time="0.735" classname="Test_Data_Generation.Add_Tracking_Numbers_To_User"/>
  <testcase name="Add_Tracking_Number" time="0.547" classname="Test_Data_Generation.Add_Tracking_Numbers_To_User"/>
  <testcase name="Add_Tracking_Number" time="0.594" classname="Test_Data_Generation.Add_Tracking_Numbers_To_User"/>
  <testcase name="Add_Tracking_Number" time="0.565" classname="Test_Data_Generation.Add_Tracking_Numbers_To_User"/>
  <testcase name="Add_Tracking_Number" time="0.551" classname="Test_Data_Generation.Add_Tracking_Numbers_To_User"/>
  <testcase name="Add_Tracking_Number" time="0.534" classname="Test_Data_Generation.Add_Tracking_Numbers_To_User"/>
  <testcase name="Add_Tracking_Number" time="0.526" classname="Test_Data_Generation.Add_Tracking_Numbers_To_User"/>
  <testcase name="Add_Tracking_Number" time="0.599" classname="Test_Data_Generation.Add_Tracking_Numbers_To_User"/>
  <testcase name="Add_Tracking_Number" time="0.543" classname="Test_Data_Generation.Add_Tracking_Numbers_To_User"/>
  <testcase name="Add_Tracking_Number" time="0.446" classname="Test_Data_Generation.Add_Tracking_Numbers_To_User"/>
  <testcase name="Add_Tracking_Number" time="0.745" classname="Test_Data_Generation.Add_Tracking_Numbers_To_User"/>
  <testcase name="Add_Tracking_Number" time="0.619" classname="Test_Data_Generation.Add_Tracking_Numbers_To_User"/>
  <testcase name="Add_Tracking_Number" time="0.467" classname="Test_Data_Generation.Add_Tracking_Numbers_To_User"/>
  <testcase name="Add_Tracking_Number" time="0.793" classname="Test_Data_Generation.Add_Tracking_Numbers_To_User"/>
  <testcase name="Add_Tracking_Number" time="0.712" classname="Test_Data_Generation.Add_Tracking_Numbers_To_User"/>
  <testcase name="Add_Tracking_Number" time="0.525" classname="Test_Data_Generation.Add_Tracking_Numbers_To_User"/>
  <testcase name="Add_Tracking_Number" time="0.533" classname="Test_Data_Generation.Add_Tracking_Numbers_To_User"/>
  <testcase name="Add_Tracking_Number" time="0.565" classname="Test_Data_Generation.Add_Tracking_Numbers_To_User"/>
  <testcase name="Add_Tracking_Number" time="0.570" classname="Test_Data_Generation.Add_Tracking_Numbers_To_User"/>
  <testcase name="Add_Tracking_Number" time="0.474" classname="Test_Data_Generation.Add_Tracking_Numbers_To_User"/>
  <testcase name="Add_Tracking_Number" time="0.604" classname="Test_Data_Generation.Add_Tracking_Numbers_To_User"/>
  <testcase name="Add_Tracking_Number" time="0.505" classname="Test_Data_Generation.Add_Tracking_Numbers_To_User"/>
  <testcase name="Add_Tracking_Number" time="0.725" classname="Test_Data_Generation.Add_Tracking_Numbers_To_User"/>
  <testcase name="Add_Tracking_Number" time="0.596" classname="Test_Data_Generation.Add_Tracking_Numbers_To_User"/>
  <testcase name="Add_Tracking_Number" time="0.473" classname="Test_Data_Generation.Add_Tracking_Numbers_To_User"/>
  <testcase name="Add_Tracking_Number" time="0.499" classname="Test_Data_Generation.Add_Tracking_Numbers_To_User"/>
  <testcase name="Add_Tracking_Number" time="0.552" classname="Test_Data_Generation.Add_Tracking_Numbers_To_User"/>
  <testcase name="Add_Tracking_Number" time="0.628" classname="Test_Data_Generation.Add_Tracking_Numbers_To_User"/>
  <testcase name="Add_Tracking_Number" time="0.477" classname="Test_Data_Generation.Add_Tracking_Numbers_To_User"/>
  <testcase name="Add_Tracking_Number" time="0.512" classname="Test_Data_Generation.Add_Tracking_Numbers_To_User"/>
  <testcase name="Add_Tracking_Number" time="0.679" classname="Test_Data_Generation.Add_Tracking_Numbers_To_User"/>
  <testcase name="Add_Tracking_Number" time="0.499" classname="Test_Data_Generation.Add_Tracking_Numbers_To_User"/>
  <testcase name="Add_Tracking_Number" time="0.456" classname="Test_Data_Generation.Add_Tracking_Numbers_To_User"/>
  <testcase name="Add_Tracking_Number" time="0.558" classname="Test_Data_Generation.Add_Tracking_Numbers_To_User"/>
  <testcase name="Add_Tracking_Number" time="0.464" classname="Test_Data_Generation.Add_Tracking_Numbers_To_User"/>
  <testcase name="Add_Tracking_Number" time="0.275" classname="Test_Data_Generation.Add_Tracking_Numbers_To_User"/>
  <testcase name="Add_Tracking_Number" time="0.496" classname="Test_Data_Generation.Add_Tracking_Numbers_To_User"/>
  <testcase name="Add_Tracking_Number" time="0.558" classname="Test_Data_Generation.Add_Tracking_Numbers_To_User"/>
  <testcase name="Add_Tracking_Number" time="0.501" classname="Test_Data_Generation.Add_Tracking_Numbers_To_User"/>
  <testcase name="Add_Tracking_Number" time="0.534" classname="Test_Data_Generation.Add_Tracking_Numbers_To_User"/>
  <testcase name="Add_Tracking_Number" time="0.521" classname="Test_Data_Generation.Add_Tracking_Numbers_To_User"/>
  <testcase name="Add_Tracking_Number" time="0.693" classname="Test_Data_Generation.Add_Tracking_Numbers_To_User"/>
  <testcase name="Add_Tracking_Number" time="0.544" classname="Test_Data_Generation.Add_Tracking_Numbers_To_User"/>
  <testcase name="Add_Tracking_Number" time="0.424" classname="Test_Data_Generation.Add_Tracking_Numbers_To_User"/>
  <testcase name="Add_Tracking_Number" time="0.760" classname="Test_Data_Generation.Add_Tracking_Numbers_To_User"/>
  <testcase name="Add_Tracking_Number" time="0.528" classname="Test_Data_Generation.Add_Tracking_Numbers_To_User"/>
  <testcase name="Add_Tracking_Number" time="0.797" classname="Test_Data_Generation.Add_Tracking_Numbers_To_User"/>
  <testcase name="Add_Tracking_Number" time="0.505" classname="Test_Data_Generation.Add_Tracking_Numbers_To_User"/>
  <testcase name="Add_Tracking_Number" time="0.490" classname="Test_Data_Generation.Add_Tracking_Numbers_To_User"/>
  <testcase name="Add_Tracking_Number" time="0.718" classname="Test_Data_Generation.Add_Tracking_Numbers_To_User"/>
  <testcase name="Add_Tracking_Number" time="0.273" classname="Test_Data_Generation.Add_Tracking_Numbers_To_User"/>
  <testcase name="Add_Tracking_Number" time="0.828" classname="Test_Data_Generation.Add_Tracking_Numbers_To_User"/>
  <testcase name="Add_Tracking_Number" time="0.551" classname="Test_Data_Generation.Add_Tracking_Numbers_To_User"/>
  <testcase name="Add_Tracking_Number" time="0.501" classname="Test_Data_Generation.Add_Tracking_Numbers_To_User"/>
  <testcase name="Add_Tracking_Number" time="0.616" classname="Test_Data_Generation.Add_Tracking_Numbers_To_User"/>
  <testcase name="Add_Tracking_Number" time="0.530" classname="Test_Data_Generation.Add_Tracking_Numbers_To_User"/>
  <testcase name="Add_Tracking_Number" time="0.543" classname="Test_Data_Generation.Add_Tracking_Numbers_To_User"/>
  <testcase name="Add_Tracking_Number" time="0.393" classname="Test_Data_Generation.Add_Tracking_Numbers_To_User">
    <failure type="java.lang.AssertionError" message="
Expected: a string containing &quot;{\&quot;successful\&quot;:true&quot;
     but: was &quot;{&quot;ShipmentOptionResponse&quot;:{&quot;successful&quot;:false,&quot;errorList&quot;:[{&quot;code&quot;:&quot;2997&quot;,&quot;message&quot;:&quot;TRAQS connection/request problem&quot;,&quot;source&quot;:null,&quot;rootCause&quot;:null}],&quot;alerts&quot;:null,&quot;cxsalerts&quot;:null}}&quot;">
      <![CDATA[java.lang.AssertionError: 
Expected: a string containing "{\"successful\":true"
     but: was "{"ShipmentOptionResponse":{"successful":false,"errorList":[{"code":"2997","message":"TRAQS connection/request problem","source":null,"rootCause":null}],"alerts":null,"cxsalerts":null}}"
at org.hamcrest.MatcherAssert.assertThat(MatcherAssert.java:20)
at org.junit.Assert.assertThat(Assert.java:956)
at org.junit.Assert.assertThat(Assert.java:923)
at Test_Data_Generation.Add_Tracking_Numbers_To_User.Add_Tracking_Number(Add_Tracking_Numbers_To_User.java:69)
at sun.reflect.GeneratedMethodAccessor2.invoke(Unknown Source)
at sun.reflect.DelegatingMethodAccessorImpl.invoke(Unknown Source)
at java.lang.reflect.Method.invoke(Unknown Source)
at org.testng.internal.MethodInvocationHelper.invokeMethod(MethodInvocationHelper.java:124)
at org.testng.internal.Invoker.invokeMethod(Invoker.java:580)
at org.testng.internal.Invoker.invokeTestMethod(Invoker.java:716)
at org.testng.internal.TestMethodWithDataProviderMethodWorker.call(TestMethodWithDataProviderMethodWorker.java:71)
at org.testng.internal.TestMethodWithDataProviderMethodWorker.call(TestMethodWithDataProviderMethodWorker.java:14)
at java.util.concurrent.FutureTask.run(Unknown Source)
at java.util.concurrent.Executors$RunnableAdapter.call(Unknown Source)
at java.util.concurrent.FutureTask.run(Unknown Source)
at java.util.concurrent.ThreadPoolExecutor.runWorker(Unknown Source)
at java.util.concurrent.ThreadPoolExecutor$Worker.run(Unknown Source)
at java.lang.Thread.run(Unknown Source)
]]>
    </failure>
  </testcase> <!-- Add_Tracking_Number -->
  <testcase name="Add_Tracking_Number" time="0.674" classname="Test_Data_Generation.Add_Tracking_Numbers_To_User"/>
  <testcase name="Add_Tracking_Number" time="0.509" classname="Test_Data_Generation.Add_Tracking_Numbers_To_User"/>
  <testcase name="Add_Tracking_Number" time="0.530" classname="Test_Data_Generation.Add_Tracking_Numbers_To_User"/>
  <testcase name="Add_Tracking_Number" time="0.500" classname="Test_Data_Generation.Add_Tracking_Numbers_To_User"/>
  <testcase name="Add_Tracking_Number" time="0.107" classname="Test_Data_Generation.Add_Tracking_Numbers_To_User"/>
  <testcase name="Add_Tracking_Number" time="0.683" classname="Test_Data_Generation.Add_Tracking_Numbers_To_User"/>
  <testcase name="Add_Tracking_Number" time="0.554" classname="Test_Data_Generation.Add_Tracking_Numbers_To_User"/>
  <testcase name="Add_Tracking_Number" time="0.520" classname="Test_Data_Generation.Add_Tracking_Numbers_To_User"/>
  <testcase name="Add_Tracking_Number" time="0.521" classname="Test_Data_Generation.Add_Tracking_Numbers_To_User"/>
  <testcase name="Add_Tracking_Number" time="0.748" classname="Test_Data_Generation.Add_Tracking_Numbers_To_User"/>
  <testcase name="Add_Tracking_Number" time="0.614" classname="Test_Data_Generation.Add_Tracking_Numbers_To_User"/>
  <testcase name="Add_Tracking_Number" time="0.724" classname="Test_Data_Generation.Add_Tracking_Numbers_To_User"/>
  <testcase name="Add_Tracking_Number" time="0.522" classname="Test_Data_Generation.Add_Tracking_Numbers_To_User"/>
  <testcase name="Add_Tracking_Number" time="0.583" classname="Test_Data_Generation.Add_Tracking_Numbers_To_User"/>
  <testcase name="Add_Tracking_Number" time="0.578" classname="Test_Data_Generation.Add_Tracking_Numbers_To_User"/>
  <testcase name="Add_Tracking_Number" time="0.518" classname="Test_Data_Generation.Add_Tracking_Numbers_To_User"/>
  <testcase name="Add_Tracking_Number" time="0.696" classname="Test_Data_Generation.Add_Tracking_Numbers_To_User"/>
  <testcase name="Add_Tracking_Number" time="0.526" classname="Test_Data_Generation.Add_Tracking_Numbers_To_User"/>
  <testcase name="Add_Tracking_Number" time="0.496" classname="Test_Data_Generation.Add_Tracking_Numbers_To_User"/>
  <testcase name="Add_Tracking_Number" time="0.523" classname="Test_Data_Generation.Add_Tracking_Numbers_To_User"/>
  <testcase name="Add_Tracking_Number" time="0.544" classname="Test_Data_Generation.Add_Tracking_Numbers_To_User"/>
  <testcase name="Add_Tracking_Number" time="0.535" classname="Test_Data_Generation.Add_Tracking_Numbers_To_User"/>
  <testcase name="Add_Tracking_Number" time="0.616" classname="Test_Data_Generation.Add_Tracking_Numbers_To_User"/>
  <testcase name="Add_Tracking_Number" time="0.787" classname="Test_Data_Generation.Add_Tracking_Numbers_To_User"/>
  <testcase name="Add_Tracking_Number" time="0.458" classname="Test_Data_Generation.Add_Tracking_Numbers_To_User"/>
  <testcase name="Add_Tracking_Number" time="0.579" classname="Test_Data_Generation.Add_Tracking_Numbers_To_User"/>
  <testcase name="Add_Tracking_Number" time="0.360" classname="Test_Data_Generation.Add_Tracking_Numbers_To_User"/>
  <testcase name="Add_Tracking_Number" time="0.562" classname="Test_Data_Generation.Add_Tracking_Numbers_To_User"/>
  <testcase name="Add_Tracking_Number" time="0.539" classname="Test_Data_Generation.Add_Tracking_Numbers_To_User"/>
  <testcase name="Add_Tracking_Number" time="0.643" classname="Test_Data_Generation.Add_Tracking_Numbers_To_User"/>
  <testcase name="Add_Tracking_Number" time="0.481" classname="Test_Data_Generation.Add_Tracking_Numbers_To_User"/>
  <testcase name="Add_Tracking_Number" time="0.494" classname="Test_Data_Generation.Add_Tracking_Numbers_To_User"/>
  <testcase name="Add_Tracking_Number" time="0.802" classname="Test_Data_Generation.Add_Tracking_Numbers_To_User"/>
  <testcase name="Add_Tracking_Number" time="0.573" classname="Test_Data_Generation.Add_Tracking_Numbers_To_User"/>
  <testcase name="Add_Tracking_Number" time="0.463" classname="Test_Data_Generation.Add_Tracking_Numbers_To_User"/>
  <testcase name="Add_Tracking_Number" time="0.537" classname="Test_Data_Generation.Add_Tracking_Numbers_To_User"/>
  <testcase name="Add_Tracking_Number" time="0.541" classname="Test_Data_Generation.Add_Tracking_Numbers_To_User"/>
  <testcase name="Add_Tracking_Number" time="0.638" classname="Test_Data_Generation.Add_Tracking_Numbers_To_User"/>
  <testcase name="Add_Tracking_Number" time="0.573" classname="Test_Data_Generation.Add_Tracking_Numbers_To_User"/>
  <testcase name="Add_Tracking_Number" time="0.494" classname="Test_Data_Generation.Add_Tracking_Numbers_To_User"/>
  <testcase name="Add_Tracking_Number" time="0.494" classname="Test_Data_Generation.Add_Tracking_Numbers_To_User"/>
  <testcase name="Add_Tracking_Number" time="0.491" classname="Test_Data_Generation.Add_Tracking_Numbers_To_User"/>
  <testcase name="Add_Tracking_Number" time="1.315" classname="Test_Data_Generation.Add_Tracking_Numbers_To_User"/>
  <testcase name="Add_Tracking_Number" time="0.447" classname="Test_Data_Generation.Add_Tracking_Numbers_To_User"/>
  <testcase name="Add_Tracking_Number" time="0.544" classname="Test_Data_Generation.Add_Tracking_Numbers_To_User"/>
  <testcase name="Add_Tracking_Number" time="0.690" classname="Test_Data_Generation.Add_Tracking_Numbers_To_User"/>
  <testcase name="Add_Tracking_Number" time="0.489" classname="Test_Data_Generation.Add_Tracking_Numbers_To_User"/>
  <testcase name="Add_Tracking_Number" time="0.533" classname="Test_Data_Generation.Add_Tracking_Numbers_To_User"/>
  <testcase name="Add_Tracking_Number" time="0.532" classname="Test_Data_Generation.Add_Tracking_Numbers_To_User"/>
  <testcase name="Add_Tracking_Number" time="0.481" classname="Test_Data_Generation.Add_Tracking_Numbers_To_User"/>
  <testcase name="Add_Tracking_Number" time="0.585" classname="Test_Data_Generation.Add_Tracking_Numbers_To_User"/>
  <testcase name="Add_Tracking_Number" time="0.564" classname="Test_Data_Generation.Add_Tracking_Numbers_To_User"/>
  <testcase name="Add_Tracking_Number" time="0.320" classname="Test_Data_Generation.Add_Tracking_Numbers_To_User"/>
  <testcase name="Add_Tracking_Number" time="0.545" classname="Test_Data_Generation.Add_Tracking_Numbers_To_User"/>
  <testcase name="Add_Tracking_Number" time="0.526" classname="Test_Data_Generation.Add_Tracking_Numbers_To_User"/>
  <testcase name="Add_Tracking_Number" time="0.671" classname="Test_Data_Generation.Add_Tracking_Numbers_To_User"/>
  <testcase name="Add_Tracking_Number" time="0.718" classname="Test_Data_Generation.Add_Tracking_Numbers_To_User"/>
  <testcase name="Add_Tracking_Number" time="0.683" classname="Test_Data_Generation.Add_Tracking_Numbers_To_User"/>
  <testcase name="Add_Tracking_Number" time="0.557" classname="Test_Data_Generation.Add_Tracking_Numbers_To_User"/>
  <testcase name="Add_Tracking_Number" time="0.709" classname="Test_Data_Generation.Add_Tracking_Numbers_To_User"/>
  <testcase name="Add_Tracking_Number" time="0.280" classname="Test_Data_Generation.Add_Tracking_Numbers_To_User"/>
  <testcase name="Add_Tracking_Number" time="0.623" classname="Test_Data_Generation.Add_Tracking_Numbers_To_User"/>
  <testcase name="Add_Tracking_Number" time="0.504" classname="Test_Data_Generation.Add_Tracking_Numbers_To_User"/>
  <testcase name="Add_Tracking_Number" time="0.488" classname="Test_Data_Generation.Add_Tracking_Numbers_To_User"/>
  <testcase name="Add_Tracking_Number" time="0.586" classname="Test_Data_Generation.Add_Tracking_Numbers_To_User"/>
  <testcase name="Add_Tracking_Number" time="0.487" classname="Test_Data_Generation.Add_Tracking_Numbers_To_User"/>
  <testcase name="Add_Tracking_Number" time="0.689" classname="Test_Data_Generation.Add_Tracking_Numbers_To_User"/>
  <testcase name="Add_Tracking_Number" time="0.466" classname="Test_Data_Generation.Add_Tracking_Numbers_To_User"/>
  <testcase name="Add_Tracking_Number" time="0.568" classname="Test_Data_Generation.Add_Tracking_Numbers_To_User"/>
  <testcase name="Add_Tracking_Number" time="0.476" classname="Test_Data_Generation.Add_Tracking_Numbers_To_User"/>
  <testcase name="Add_Tracking_Number" time="0.436" classname="Test_Data_Generation.Add_Tracking_Numbers_To_User"/>
  <testcase name="Add_Tracking_Number" time="0.522" classname="Test_Data_Generation.Add_Tracking_Numbers_To_User"/>
  <testcase name="Add_Tracking_Number" time="0.549" classname="Test_Data_Generation.Add_Tracking_Numbers_To_User"/>
  <testcase name="Add_Tracking_Number" time="0.547" classname="Test_Data_Generation.Add_Tracking_Numbers_To_User"/>
  <testcase name="Add_Tracking_Number" time="0.500" classname="Test_Data_Generation.Add_Tracking_Numbers_To_User"/>
  <testcase name="Add_Tracking_Number" time="0.513" classname="Test_Data_Generation.Add_Tracking_Numbers_To_User"/>
  <testcase name="Add_Tracking_Number" time="0.487" classname="Test_Data_Generation.Add_Tracking_Numbers_To_User"/>
  <testcase name="Add_Tracking_Number" time="0.541" classname="Test_Data_Generation.Add_Tracking_Numbers_To_User"/>
  <testcase name="Add_Tracking_Number" time="0.582" classname="Test_Data_Generation.Add_Tracking_Numbers_To_User"/>
  <testcase name="Add_Tracking_Number" time="0.523" classname="Test_Data_Generation.Add_Tracking_Numbers_To_User"/>
  <testcase name="Add_Tracking_Number" time="0.538" classname="Test_Data_Generation.Add_Tracking_Numbers_To_User"/>
  <testcase name="Add_Tracking_Number" time="0.931" classname="Test_Data_Generation.Add_Tracking_Numbers_To_User"/>
  <testcase name="Add_Tracking_Number" time="0.568" classname="Test_Data_Generation.Add_Tracking_Numbers_To_User"/>
  <testcase name="Add_Tracking_Number" time="0.568" classname="Test_Data_Generation.Add_Tracking_Numbers_To_User"/>
  <testcase name="Add_Tracking_Number" time="0.510" classname="Test_Data_Generation.Add_Tracking_Numbers_To_User"/>
  <testcase name="Add_Tracking_Number" time="0.672" classname="Test_Data_Generation.Add_Tracking_Numbers_To_User"/>
  <testcase name="Add_Tracking_Number" time="0.579" classname="Test_Data_Generation.Add_Tracking_Numbers_To_User"/>
  <testcase name="Add_Tracking_Number" time="0.502" classname="Test_Data_Generation.Add_Tracking_Numbers_To_User"/>
  <testcase name="Add_Tracking_Number" time="0.543" classname="Test_Data_Generation.Add_Tracking_Numbers_To_User"/>
  <testcase name="Add_Tracking_Number" time="0.478" classname="Test_Data_Generation.Add_Tracking_Numbers_To_User"/>
  <testcase name="Add_Tracking_Number" time="0.493" classname="Test_Data_Generation.Add_Tracking_Numbers_To_User"/>
  <testcase name="Add_Tracking_Number" time="0.551" classname="Test_Data_Generation.Add_Tracking_Numbers_To_User"/>
  <testcase name="Add_Tracking_Number" time="0.447" classname="Test_Data_Generation.Add_Tracking_Numbers_To_User"/>
  <testcase name="Add_Tracking_Number" time="0.634" classname="Test_Data_Generation.Add_Tracking_Numbers_To_User"/>
  <testcase name="Add_Tracking_Number" time="0.501" classname="Test_Data_Generation.Add_Tracking_Numbers_To_User"/>
  <testcase name="Add_Tracking_Number" time="0.548" classname="Test_Data_Generation.Add_Tracking_Numbers_To_User"/>
  <testcase name="Add_Tracking_Number" time="0.506" classname="Test_Data_Generation.Add_Tracking_Numbers_To_User"/>
  <testcase name="Add_Tracking_Number" time="0.595" classname="Test_Data_Generation.Add_Tracking_Numbers_To_User"/>
  <testcase name="Add_Tracking_Number" time="0.528" classname="Test_Data_Generation.Add_Tracking_Numbers_To_User"/>
  <testcase name="Add_Tracking_Number" time="0.605" classname="Test_Data_Generation.Add_Tracking_Numbers_To_User"/>
  <testcase name="Add_Tracking_Number" time="0.596" classname="Test_Data_Generation.Add_Tracking_Numbers_To_User"/>
  <testcase name="Add_Tracking_Number" time="0.540" classname="Test_Data_Generation.Add_Tracking_Numbers_To_User"/>
  <testcase name="Add_Tracking_Number" time="0.587" classname="Test_Data_Generation.Add_Tracking_Numbers_To_User"/>
  <testcase name="Add_Tracking_Number" time="0.576" classname="Test_Data_Generation.Add_Tracking_Numbers_To_User"/>
  <testcase name="Add_Tracking_Number" time="0.492" classname="Test_Data_Generation.Add_Tracking_Numbers_To_User"/>
  <testcase name="Add_Tracking_Number" time="0.511" classname="Test_Data_Generation.Add_Tracking_Numbers_To_User"/>
  <testcase name="Add_Tracking_Number" time="0.553" classname="Test_Data_Generation.Add_Tracking_Numbers_To_User"/>
  <testcase name="Add_Tracking_Number" time="0.650" classname="Test_Data_Generation.Add_Tracking_Numbers_To_User"/>
  <testcase name="Add_Tracking_Number" time="0.617" classname="Test_Data_Generation.Add_Tracking_Numbers_To_User"/>
  <testcase name="Add_Tracking_Number" time="0.520" classname="Test_Data_Generation.Add_Tracking_Numbers_To_User"/>
  <testcase name="Add_Tracking_Number" time="0.479" classname="Test_Data_Generation.Add_Tracking_Numbers_To_User"/>
  <testcase name="Add_Tracking_Number" time="0.054" classname="Test_Data_Generation.Add_Tracking_Numbers_To_User"/>
  <testcase name="Add_Tracking_Number" time="0.487" classname="Test_Data_Generation.Add_Tracking_Numbers_To_User"/>
  <testcase name="Add_Tracking_Number" time="0.585" classname="Test_Data_Generation.Add_Tracking_Numbers_To_User"/>
  <testcase name="Add_Tracking_Number" time="0.483" classname="Test_Data_Generation.Add_Tracking_Numbers_To_User"/>
  <testcase name="Add_Tracking_Number" time="0.536" classname="Test_Data_Generation.Add_Tracking_Numbers_To_User"/>
  <testcase name="Add_Tracking_Number" time="0.532" classname="Test_Data_Generation.Add_Tracking_Numbers_To_User"/>
  <testcase name="Add_Tracking_Number" time="0.485" classname="Test_Data_Generation.Add_Tracking_Numbers_To_User"/>
  <testcase name="Add_Tracking_Number" time="0.238" classname="Test_Data_Generation.Add_Tracking_Numbers_To_User"/>
  <testcase name="Add_Tracking_Number" time="0.479" classname="Test_Data_Generation.Add_Tracking_Numbers_To_User"/>
  <testcase name="Add_Tracking_Number" time="0.475" classname="Test_Data_Generation.Add_Tracking_Numbers_To_User"/>
  <testcase name="Add_Tracking_Number" time="0.415" classname="Test_Data_Generation.Add_Tracking_Numbers_To_User"/>
  <testcase name="Add_Tracking_Number" time="0.541" classname="Test_Data_Generation.Add_Tracking_Numbers_To_User"/>
  <testcase name="Add_Tracking_Number" time="0.532" classname="Test_Data_Generation.Add_Tracking_Numbers_To_User"/>
  <testcase name="Add_Tracking_Number" time="0.539" classname="Test_Data_Generation.Add_Tracking_Numbers_To_User"/>
  <testcase name="Add_Tracking_Number" time="0.476" classname="Test_Data_Generation.Add_Tracking_Numbers_To_User"/>
  <testcase name="Add_Tracking_Number" time="0.669" classname="Test_Data_Generation.Add_Tracking_Numbers_To_User"/>
  <testcase name="Add_Tracking_Number" time="0.540" classname="Test_Data_Generation.Add_Tracking_Numbers_To_User"/>
  <testcase name="Add_Tracking_Number" time="0.574" classname="Test_Data_Generation.Add_Tracking_Numbers_To_User"/>
  <testcase name="Add_Tracking_Number" time="0.529" classname="Test_Data_Generation.Add_Tracking_Numbers_To_User"/>
  <testcase name="Add_Tracking_Number" time="0.452" classname="Test_Data_Generation.Add_Tracking_Numbers_To_User"/>
  <testcase name="Add_Tracking_Number" time="0.499" classname="Test_Data_Generation.Add_Tracking_Numbers_To_User"/>
  <testcase name="Add_Tracking_Number" time="0.494" classname="Test_Data_Generation.Add_Tracking_Numbers_To_User"/>
  <testcase name="Add_Tracking_Number" time="0.482" classname="Test_Data_Generation.Add_Tracking_Numbers_To_User"/>
  <testcase name="Add_Tracking_Number" time="0.941" classname="Test_Data_Generation.Add_Tracking_Numbers_To_User"/>
  <testcase name="Add_Tracking_Number" time="0.492" classname="Test_Data_Generation.Add_Tracking_Numbers_To_User"/>
  <testcase name="Add_Tracking_Number" time="0.458" classname="Test_Data_Generation.Add_Tracking_Numbers_To_User"/>
  <testcase name="Add_Tracking_Number" time="0.520" classname="Test_Data_Generation.Add_Tracking_Numbers_To_User"/>
  <testcase name="Add_Tracking_Number" time="0.549" classname="Test_Data_Generation.Add_Tracking_Numbers_To_User"/>
  <testcase name="Add_Tracking_Number" time="0.589" classname="Test_Data_Generation.Add_Tracking_Numbers_To_User"/>
  <testcase name="Add_Tracking_Number" time="0.698" classname="Test_Data_Generation.Add_Tracking_Numbers_To_User"/>
  <testcase name="Add_Tracking_Number" time="0.501" classname="Test_Data_Generation.Add_Tracking_Numbers_To_User"/>
  <testcase name="Add_Tracking_Number" time="0.551" classname="Test_Data_Generation.Add_Tracking_Numbers_To_User"/>
  <testcase name="Add_Tracking_Number" time="0.542" classname="Test_Data_Generation.Add_Tracking_Numbers_To_User"/>
  <testcase name="Add_Tracking_Number" time="0.527" classname="Test_Data_Generation.Add_Tracking_Numbers_To_User"/>
  <testcase name="Add_Tracking_Number" time="0.684" classname="Test_Data_Generation.Add_Tracking_Numbers_To_User"/>
  <testcase name="Add_Tracking_Number" time="0.544" classname="Test_Data_Generation.Add_Tracking_Numbers_To_User"/>
  <testcase name="Add_Tracking_Number" time="0.601" classname="Test_Data_Generation.Add_Tracking_Numbers_To_User"/>
  <testcase name="Add_Tracking_Number" time="0.800" classname="Test_Data_Generation.Add_Tracking_Numbers_To_User"/>
  <testcase name="Add_Tracking_Number" time="0.531" classname="Test_Data_Generation.Add_Tracking_Numbers_To_User"/>
  <testcase name="Add_Tracking_Number" time="0.430" classname="Test_Data_Generation.Add_Tracking_Numbers_To_User"/>
  <testcase name="Add_Tracking_Number" time="0.477" classname="Test_Data_Generation.Add_Tracking_Numbers_To_User"/>
  <testcase name="Add_Tracking_Number" time="0.486" classname="Test_Data_Generation.Add_Tracking_Numbers_To_User"/>
  <testcase name="Add_Tracking_Number" time="0.526" classname="Test_Data_Generation.Add_Tracking_Numbers_To_User"/>
  <testcase name="Add_Tracking_Number" time="0.508" classname="Test_Data_Generation.Add_Tracking_Numbers_To_User"/>
  <testcase name="Add_Tracking_Number" time="0.520" classname="Test_Data_Generation.Add_Tracking_Numbers_To_User"/>
  <testcase name="Add_Tracking_Number" time="0.528" classname="Test_Data_Generation.Add_Tracking_Numbers_To_User"/>
  <testcase name="Add_Tracking_Number" time="0.585" classname="Test_Data_Generation.Add_Tracking_Numbers_To_User"/>
  <testcase name="Add_Tracking_Number" time="0.245" classname="Test_Data_Generation.Add_Tracking_Numbers_To_User"/>
  <testcase name="Add_Tracking_Number" time="0.503" classname="Test_Data_Generation.Add_Tracking_Numbers_To_User"/>
  <testcase name="Add_Tracking_Number" time="0.578" classname="Test_Data_Generation.Add_Tracking_Numbers_To_User"/>
  <testcase name="Add_Tracking_Number" time="0.559" classname="Test_Data_Generation.Add_Tracking_Numbers_To_User"/>
  <testcase name="Add_Tracking_Number" time="0.169" classname="Test_Data_Generation.Add_Tracking_Numbers_To_User"/>
  <testcase name="Add_Tracking_Number" time="0.658" classname="Test_Data_Generation.Add_Tracking_Numbers_To_User"/>
  <testcase name="Add_Tracking_Number" time="0.478" classname="Test_Data_Generation.Add_Tracking_Numbers_To_User"/>
  <testcase name="Add_Tracking_Number" time="0.593" classname="Test_Data_Generation.Add_Tracking_Numbers_To_User"/>
  <testcase name="Add_Tracking_Number" time="0.504" classname="Test_Data_Generation.Add_Tracking_Numbers_To_User"/>
  <testcase name="Add_Tracking_Number" time="0.499" classname="Test_Data_Generation.Add_Tracking_Numbers_To_User"/>
  <testcase name="Add_Tracking_Number" time="0.485" classname="Test_Data_Generation.Add_Tracking_Numbers_To_User"/>
  <testcase name="Add_Tracking_Number" time="0.545" classname="Test_Data_Generation.Add_Tracking_Numbers_To_User"/>
  <testcase name="Add_Tracking_Number" time="0.635" classname="Test_Data_Generation.Add_Tracking_Numbers_To_User"/>
  <testcase name="Add_Tracking_Number" time="0.666" classname="Test_Data_Generation.Add_Tracking_Numbers_To_User"/>
  <testcase name="Add_Tracking_Number" time="0.563" classname="Test_Data_Generation.Add_Tracking_Numbers_To_User"/>
  <testcase name="Add_Tracking_Number" time="0.600" classname="Test_Data_Generation.Add_Tracking_Numbers_To_User"/>
  <testcase name="Add_Tracking_Number" time="0.605" classname="Test_Data_Generation.Add_Tracking_Numbers_To_User"/>
  <testcase name="Add_Tracking_Number" time="0.485" classname="Test_Data_Generation.Add_Tracking_Numbers_To_User"/>
  <testcase name="Add_Tracking_Number" time="0.581" classname="Test_Data_Generation.Add_Tracking_Numbers_To_User"/>
  <testcase name="Add_Tracking_Number" time="0.486" classname="Test_Data_Generation.Add_Tracking_Numbers_To_User"/>
  <testcase name="Add_Tracking_Number" time="1.874" classname="Test_Data_Generation.Add_Tracking_Numbers_To_User"/>
  <testcase name="Add_Tracking_Number" time="0.524" classname="Test_Data_Generation.Add_Tracking_Numbers_To_User"/>
  <testcase name="Add_Tracking_Number" time="0.596" classname="Test_Data_Generation.Add_Tracking_Numbers_To_User"/>
  <testcase name="Add_Tracking_Number" time="0.580" classname="Test_Data_Generation.Add_Tracking_Numbers_To_User"/>
  <testcase name="Add_Tracking_Number" time="0.543" classname="Test_Data_Generation.Add_Tracking_Numbers_To_User"/>
  <testcase name="Add_Tracking_Number" time="0.467" classname="Test_Data_Generation.Add_Tracking_Numbers_To_User"/>
  <testcase name="Add_Tracking_Number" time="0.433" classname="Test_Data_Generation.Add_Tracking_Numbers_To_User"/>
  <testcase name="Add_Tracking_Number" time="0.794" classname="Test_Data_Generation.Add_Tracking_Numbers_To_User"/>
  <testcase name="Add_Tracking_Number" time="0.475" classname="Test_Data_Generation.Add_Tracking_Numbers_To_User"/>
  <testcase name="Add_Tracking_Number" time="0.574" classname="Test_Data_Generation.Add_Tracking_Numbers_To_User"/>
  <testcase name="Add_Tracking_Number" time="0.468" classname="Test_Data_Generation.Add_Tracking_Numbers_To_User"/>
  <testcase name="Add_Tracking_Number" time="0.472" classname="Test_Data_Generation.Add_Tracking_Numbers_To_User"/>
  <testcase name="Add_Tracking_Number" time="0.467" classname="Test_Data_Generation.Add_Tracking_Numbers_To_User"/>
  <testcase name="Add_Tracking_Number" time="0.621" classname="Test_Data_Generation.Add_Tracking_Numbers_To_User"/>
  <testcase name="Add_Tracking_Number" time="0.487" classname="Test_Data_Generation.Add_Tracking_Numbers_To_User"/>
  <testcase name="Add_Tracking_Number" time="0.531" classname="Test_Data_Generation.Add_Tracking_Numbers_To_User"/>
  <testcase name="Add_Tracking_Number" time="0.515" classname="Test_Data_Generation.Add_Tracking_Numbers_To_User"/>
  <testcase name="Add_Tracking_Number" time="0.524" classname="Test_Data_Generation.Add_Tracking_Numbers_To_User"/>
  <testcase name="Add_Tracking_Number" time="0.564" classname="Test_Data_Generation.Add_Tracking_Numbers_To_User"/>
  <testcase name="Add_Tracking_Number" time="0.518" classname="Test_Data_Generation.Add_Tracking_Numbers_To_User"/>
  <testcase name="Add_Tracking_Number" time="0.556" classname="Test_Data_Generation.Add_Tracking_Numbers_To_User"/>
  <testcase name="Add_Tracking_Number" time="0.555" classname="Test_Data_Generation.Add_Tracking_Numbers_To_User"/>
  <testcase name="Add_Tracking_Number" time="0.590" classname="Test_Data_Generation.Add_Tracking_Numbers_To_User"/>
  <testcase name="Add_Tracking_Number" time="0.507" classname="Test_Data_Generation.Add_Tracking_Numbers_To_User"/>
  <testcase name="Add_Tracking_Number" time="0.693" classname="Test_Data_Generation.Add_Tracking_Numbers_To_User"/>
  <testcase name="Add_Tracking_Number" time="0.520" classname="Test_Data_Generation.Add_Tracking_Numbers_To_User"/>
  <testcase name="Add_Tracking_Number" time="0.451" classname="Test_Data_Generation.Add_Tracking_Numbers_To_User"/>
  <testcase name="Add_Tracking_Number" time="0.569" classname="Test_Data_Generation.Add_Tracking_Numbers_To_User"/>
  <testcase name="Add_Tracking_Number" time="0.050" classname="Test_Data_Generation.Add_Tracking_Numbers_To_User"/>
  <testcase name="Add_Tracking_Number" time="0.251" classname="Test_Data_Generation.Add_Tracking_Numbers_To_User"/>
  <testcase name="Add_Tracking_Number" time="0.469" classname="Test_Data_Generation.Add_Tracking_Numbers_To_User"/>
  <testcase name="Add_Tracking_Number" time="0.589" classname="Test_Data_Generation.Add_Tracking_Numbers_To_User"/>
  <testcase name="Add_Tracking_Number" time="0.507" classname="Test_Data_Generation.Add_Tracking_Numbers_To_User">
    <failure type="java.lang.AssertionError" message="
Expected: a string containing &quot;{\&quot;successful\&quot;:true&quot;
     but: was &quot;{&quot;ShipmentOptionResponse&quot;:{&quot;successful&quot;:false,&quot;errorList&quot;:[{&quot;code&quot;:&quot;2997&quot;,&quot;message&quot;:&quot;TRAQS connection/request problem&quot;,&quot;source&quot;:null,&quot;rootCause&quot;:null}],&quot;alerts&quot;:null,&quot;cxsalerts&quot;:null}}&quot;">
      <![CDATA[java.lang.AssertionError: 
Expected: a string containing "{\"successful\":true"
     but: was "{"ShipmentOptionResponse":{"successful":false,"errorList":[{"code":"2997","message":"TRAQS connection/request problem","source":null,"rootCause":null}],"alerts":null,"cxsalerts":null}}"
at org.hamcrest.MatcherAssert.assertThat(MatcherAssert.java:20)
at org.junit.Assert.assertThat(Assert.java:956)
at org.junit.Assert.assertThat(Assert.java:923)
at Test_Data_Generation.Add_Tracking_Numbers_To_User.Add_Tracking_Number(Add_Tracking_Numbers_To_User.java:69)
at sun.reflect.GeneratedMethodAccessor2.invoke(Unknown Source)
at sun.reflect.DelegatingMethodAccessorImpl.invoke(Unknown Source)
at java.lang.reflect.Method.invoke(Unknown Source)
at org.testng.internal.MethodInvocationHelper.invokeMethod(MethodInvocationHelper.java:124)
at org.testng.internal.Invoker.invokeMethod(Invoker.java:580)
at org.testng.internal.Invoker.invokeTestMethod(Invoker.java:716)
at org.testng.internal.TestMethodWithDataProviderMethodWorker.call(TestMethodWithDataProviderMethodWorker.java:71)
at org.testng.internal.TestMethodWithDataProviderMethodWorker.call(TestMethodWithDataProviderMethodWorker.java:14)
at java.util.concurrent.FutureTask.run(Unknown Source)
at java.util.concurrent.Executors$RunnableAdapter.call(Unknown Source)
at java.util.concurrent.FutureTask.run(Unknown Source)
at java.util.concurrent.ThreadPoolExecutor.runWorker(Unknown Source)
at java.util.concurrent.ThreadPoolExecutor$Worker.run(Unknown Source)
at java.lang.Thread.run(Unknown Source)
]]>
    </failure>
  </testcase> <!-- Add_Tracking_Number -->
  <testcase name="Add_Tracking_Number" time="0.548" classname="Test_Data_Generation.Add_Tracking_Numbers_To_User"/>
  <testcase name="Add_Tracking_Number" time="0.566" classname="Test_Data_Generation.Add_Tracking_Numbers_To_User"/>
  <testcase name="Add_Tracking_Number" time="0.783" classname="Test_Data_Generation.Add_Tracking_Numbers_To_User"/>
  <testcase name="Add_Tracking_Number" time="0.483" classname="Test_Data_Generation.Add_Tracking_Numbers_To_User"/>
  <testcase name="Add_Tracking_Number" time="0.527" classname="Test_Data_Generation.Add_Tracking_Numbers_To_User"/>
  <testcase name="Add_Tracking_Number" time="0.641" classname="Test_Data_Generation.Add_Tracking_Numbers_To_User"/>
  <testcase name="Add_Tracking_Number" time="0.496" classname="Test_Data_Generation.Add_Tracking_Numbers_To_User"/>
  <testcase name="Add_Tracking_Number" time="0.670" classname="Test_Data_Generation.Add_Tracking_Numbers_To_User"/>
  <testcase name="Add_Tracking_Number" time="1.181" classname="Test_Data_Generation.Add_Tracking_Numbers_To_User"/>
  <testcase name="Add_Tracking_Number" time="0.513" classname="Test_Data_Generation.Add_Tracking_Numbers_To_User"/>
  <testcase name="Add_Tracking_Number" time="0.540" classname="Test_Data_Generation.Add_Tracking_Numbers_To_User"/>
  <testcase name="Add_Tracking_Number" time="0.541" classname="Test_Data_Generation.Add_Tracking_Numbers_To_User"/>
  <testcase name="Add_Tracking_Number" time="0.695" classname="Test_Data_Generation.Add_Tracking_Numbers_To_User"/>
  <testcase name="Add_Tracking_Number" time="0.557" classname="Test_Data_Generation.Add_Tracking_Numbers_To_User"/>
  <testcase name="Add_Tracking_Number" time="0.528" classname="Test_Data_Generation.Add_Tracking_Numbers_To_User"/>
  <testcase name="Add_Tracking_Number" time="0.662" classname="Test_Data_Generation.Add_Tracking_Numbers_To_User"/>
  <testcase name="Add_Tracking_Number" time="0.600" classname="Test_Data_Generation.Add_Tracking_Numbers_To_User"/>
  <testcase name="Add_Tracking_Number" time="0.513" classname="Test_Data_Generation.Add_Tracking_Numbers_To_User"/>
  <testcase name="Add_Tracking_Number" time="0.689" classname="Test_Data_Generation.Add_Tracking_Numbers_To_User"/>
  <testcase name="Add_Tracking_Number" time="0.843" classname="Test_Data_Generation.Add_Tracking_Numbers_To_User"/>
  <testcase name="Add_Tracking_Number" time="0.519" classname="Test_Data_Generation.Add_Tracking_Numbers_To_User"/>
  <testcase name="Add_Tracking_Number" time="0.502" classname="Test_Data_Generation.Add_Tracking_Numbers_To_User"/>
  <testcase name="Add_Tracking_Number" time="0.591" classname="Test_Data_Generation.Add_Tracking_Numbers_To_User"/>
  <testcase name="Add_Tracking_Number" time="0.554" classname="Test_Data_Generation.Add_Tracking_Numbers_To_User"/>
  <testcase name="Add_Tracking_Number" time="0.567" classname="Test_Data_Generation.Add_Tracking_Numbers_To_User"/>
  <testcase name="Add_Tracking_Number" time="0.432" classname="Test_Data_Generation.Add_Tracking_Numbers_To_User"/>
  <testcase name="Add_Tracking_Number" time="0.501" classname="Test_Data_Generation.Add_Tracking_Numbers_To_User"/>
  <testcase name="Add_Tracking_Number" time="0.549" classname="Test_Data_Generation.Add_Tracking_Numbers_To_User"/>
  <testcase name="Add_Tracking_Number" time="0.546" classname="Test_Data_Generation.Add_Tracking_Numbers_To_User"/>
  <testcase name="Add_Tracking_Number" time="0.530" classname="Test_Data_Generation.Add_Tracking_Numbers_To_User"/>
  <testcase name="Add_Tracking_Number" time="0.596" classname="Test_Data_Generation.Add_Tracking_Numbers_To_User"/>
  <testcase name="Add_Tracking_Number" time="0.581" classname="Test_Data_Generation.Add_Tracking_Numbers_To_User"/>
  <testcase name="Add_Tracking_Number" time="0.529" classname="Test_Data_Generation.Add_Tracking_Numbers_To_User"/>
  <testcase name="Add_Tracking_Number" time="0.488" classname="Test_Data_Generation.Add_Tracking_Numbers_To_User"/>
  <testcase name="Add_Tracking_Number" time="0.484" classname="Test_Data_Generation.Add_Tracking_Numbers_To_User"/>
  <testcase name="Add_Tracking_Number" time="0.559" classname="Test_Data_Generation.Add_Tracking_Numbers_To_User"/>
  <testcase name="Add_Tracking_Number" time="0.523" classname="Test_Data_Generation.Add_Tracking_Numbers_To_User"/>
  <testcase name="Add_Tracking_Number" time="0.486" classname="Test_Data_Generation.Add_Tracking_Numbers_To_User"/>
  <testcase name="Add_Tracking_Number" time="0.554" classname="Test_Data_Generation.Add_Tracking_Numbers_To_User"/>
  <testcase name="Add_Tracking_Number" time="0.528" classname="Test_Data_Generation.Add_Tracking_Numbers_To_User"/>
  <testcase name="Add_Tracking_Number" time="0.517" classname="Test_Data_Generation.Add_Tracking_Numbers_To_User"/>
  <testcase name="Add_Tracking_Number" time="0.261" classname="Test_Data_Generation.Add_Tracking_Numbers_To_User"/>
  <testcase name="Add_Tracking_Number" time="0.487" classname="Test_Data_Generation.Add_Tracking_Numbers_To_User"/>
  <testcase name="Add_Tracking_Number" time="0.484" classname="Test_Data_Generation.Add_Tracking_Numbers_To_User"/>
  <testcase name="Add_Tracking_Number" time="0.528" classname="Test_Data_Generation.Add_Tracking_Numbers_To_User"/>
  <testcase name="Add_Tracking_Number" time="0.570" classname="Test_Data_Generation.Add_Tracking_Numbers_To_User"/>
  <testcase name="Add_Tracking_Number" time="0.504" classname="Test_Data_Generation.Add_Tracking_Numbers_To_User"/>
  <testcase name="Add_Tracking_Number" time="0.704" classname="Test_Data_Generation.Add_Tracking_Numbers_To_User"/>
  <testcase name="Add_Tracking_Number" time="0.577" classname="Test_Data_Generation.Add_Tracking_Numbers_To_User"/>
  <testcase name="Add_Tracking_Number" time="0.496" classname="Test_Data_Generation.Add_Tracking_Numbers_To_User"/>
  <testcase name="Add_Tracking_Number" time="0.527" classname="Test_Data_Generation.Add_Tracking_Numbers_To_User"/>
  <testcase name="Add_Tracking_Number" time="0.571" classname="Test_Data_Generation.Add_Tracking_Numbers_To_User"/>
  <testcase name="Add_Tracking_Number" time="0.569" classname="Test_Data_Generation.Add_Tracking_Numbers_To_User"/>
  <testcase name="Add_Tracking_Number" time="0.476" classname="Test_Data_Generation.Add_Tracking_Numbers_To_User"/>
  <testcase name="Add_Tracking_Number" time="0.586" classname="Test_Data_Generation.Add_Tracking_Numbers_To_User"/>
  <testcase name="Add_Tracking_Number" time="0.554" classname="Test_Data_Generation.Add_Tracking_Numbers_To_User">
    <failure type="java.lang.AssertionError" message="
Expected: a string containing &quot;{\&quot;successful\&quot;:true&quot;
     but: was &quot;{&quot;ShipmentOptionResponse&quot;:{&quot;successful&quot;:false,&quot;errorList&quot;:[{&quot;code&quot;:&quot;2997&quot;,&quot;message&quot;:&quot;TRAQS connection/request problem&quot;,&quot;source&quot;:null,&quot;rootCause&quot;:null}],&quot;alerts&quot;:null,&quot;cxsalerts&quot;:null}}&quot;">
      <![CDATA[java.lang.AssertionError: 
Expected: a string containing "{\"successful\":true"
     but: was "{"ShipmentOptionResponse":{"successful":false,"errorList":[{"code":"2997","message":"TRAQS connection/request problem","source":null,"rootCause":null}],"alerts":null,"cxsalerts":null}}"
at org.hamcrest.MatcherAssert.assertThat(MatcherAssert.java:20)
at org.junit.Assert.assertThat(Assert.java:956)
at org.junit.Assert.assertThat(Assert.java:923)
at Test_Data_Generation.Add_Tracking_Numbers_To_User.Add_Tracking_Number(Add_Tracking_Numbers_To_User.java:69)
at sun.reflect.GeneratedMethodAccessor2.invoke(Unknown Source)
at sun.reflect.DelegatingMethodAccessorImpl.invoke(Unknown Source)
at java.lang.reflect.Method.invoke(Unknown Source)
at org.testng.internal.MethodInvocationHelper.invokeMethod(MethodInvocationHelper.java:124)
at org.testng.internal.Invoker.invokeMethod(Invoker.java:580)
at org.testng.internal.Invoker.invokeTestMethod(Invoker.java:716)
at org.testng.internal.TestMethodWithDataProviderMethodWorker.call(TestMethodWithDataProviderMethodWorker.java:71)
at org.testng.internal.TestMethodWithDataProviderMethodWorker.call(TestMethodWithDataProviderMethodWorker.java:14)
at java.util.concurrent.FutureTask.run(Unknown Source)
at java.util.concurrent.Executors$RunnableAdapter.call(Unknown Source)
at java.util.concurrent.FutureTask.run(Unknown Source)
at java.util.concurrent.ThreadPoolExecutor.runWorker(Unknown Source)
at java.util.concurrent.ThreadPoolExecutor$Worker.run(Unknown Source)
at java.lang.Thread.run(Unknown Source)
]]>
    </failure>
  </testcase> <!-- Add_Tracking_Number -->
  <testcase name="Add_Tracking_Number" time="0.502" classname="Test_Data_Generation.Add_Tracking_Numbers_To_User"/>
  <testcase name="Add_Tracking_Number" time="0.525" classname="Test_Data_Generation.Add_Tracking_Numbers_To_User">
    <failure type="java.lang.AssertionError" message="
Expected: a string containing &quot;{\&quot;successful\&quot;:true&quot;
     but: was &quot;{&quot;ShipmentOptionResponse&quot;:{&quot;successful&quot;:false,&quot;errorList&quot;:[{&quot;code&quot;:&quot;2997&quot;,&quot;message&quot;:&quot;TRAQS connection/request problem&quot;,&quot;source&quot;:null,&quot;rootCause&quot;:null}],&quot;alerts&quot;:null,&quot;cxsalerts&quot;:null}}&quot;">
      <![CDATA[java.lang.AssertionError: 
Expected: a string containing "{\"successful\":true"
     but: was "{"ShipmentOptionResponse":{"successful":false,"errorList":[{"code":"2997","message":"TRAQS connection/request problem","source":null,"rootCause":null}],"alerts":null,"cxsalerts":null}}"
at org.hamcrest.MatcherAssert.assertThat(MatcherAssert.java:20)
at org.junit.Assert.assertThat(Assert.java:956)
at org.junit.Assert.assertThat(Assert.java:923)
at Test_Data_Generation.Add_Tracking_Numbers_To_User.Add_Tracking_Number(Add_Tracking_Numbers_To_User.java:69)
at sun.reflect.GeneratedMethodAccessor2.invoke(Unknown Source)
at sun.reflect.DelegatingMethodAccessorImpl.invoke(Unknown Source)
at java.lang.reflect.Method.invoke(Unknown Source)
at org.testng.internal.MethodInvocationHelper.invokeMethod(MethodInvocationHelper.java:124)
at org.testng.internal.Invoker.invokeMethod(Invoker.java:580)
at org.testng.internal.Invoker.invokeTestMethod(Invoker.java:716)
at org.testng.internal.TestMethodWithDataProviderMethodWorker.call(TestMethodWithDataProviderMethodWorker.java:71)
at org.testng.internal.TestMethodWithDataProviderMethodWorker.call(TestMethodWithDataProviderMethodWorker.java:14)
at java.util.concurrent.FutureTask.run(Unknown Source)
at java.util.concurrent.Executors$RunnableAdapter.call(Unknown Source)
at java.util.concurrent.FutureTask.run(Unknown Source)
at java.util.concurrent.ThreadPoolExecutor.runWorker(Unknown Source)
at java.util.concurrent.ThreadPoolExecutor$Worker.run(Unknown Source)
at java.lang.Thread.run(Unknown Source)
]]>
    </failure>
  </testcase> <!-- Add_Tracking_Number -->
  <testcase name="Add_Tracking_Number" time="0.575" classname="Test_Data_Generation.Add_Tracking_Numbers_To_User"/>
  <testcase name="Add_Tracking_Number" time="0.067" classname="Test_Data_Generation.Add_Tracking_Numbers_To_User"/>
  <testcase name="Add_Tracking_Number" time="0.673" classname="Test_Data_Generation.Add_Tracking_Numbers_To_User"/>
  <testcase name="Add_Tracking_Number" time="0.460" classname="Test_Data_Generation.Add_Tracking_Numbers_To_User"/>
  <testcase name="Add_Tracking_Number" time="0.638" classname="Test_Data_Generation.Add_Tracking_Numbers_To_User"/>
  <testcase name="Add_Tracking_Number" time="0.947" classname="Test_Data_Generation.Add_Tracking_Numbers_To_User"/>
  <testcase name="Add_Tracking_Number" time="0.595" classname="Test_Data_Generation.Add_Tracking_Numbers_To_User"/>
  <testcase name="Add_Tracking_Number" time="0.671" classname="Test_Data_Generation.Add_Tracking_Numbers_To_User"/>
  <testcase name="Add_Tracking_Number" time="0.508" classname="Test_Data_Generation.Add_Tracking_Numbers_To_User"/>
  <testcase name="Add_Tracking_Number" time="0.697" classname="Test_Data_Generation.Add_Tracking_Numbers_To_User"/>
  <testcase name="Add_Tracking_Number" time="0.499" classname="Test_Data_Generation.Add_Tracking_Numbers_To_User"/>
  <testcase name="Add_Tracking_Number" time="0.561" classname="Test_Data_Generation.Add_Tracking_Numbers_To_User"/>
  <testcase name="Add_Tracking_Number" time="0.547" classname="Test_Data_Generation.Add_Tracking_Numbers_To_User"/>
  <testcase name="Add_Tracking_Number" time="0.524" classname="Test_Data_Generation.Add_Tracking_Numbers_To_User"/>
  <testcase name="Add_Tracking_Number" time="0.553" classname="Test_Data_Generation.Add_Tracking_Numbers_To_User"/>
  <testcase name="Add_Tracking_Number" time="0.546" classname="Test_Data_Generation.Add_Tracking_Numbers_To_User"/>
  <testcase name="Add_Tracking_Number" time="0.529" classname="Test_Data_Generation.Add_Tracking_Numbers_To_User"/>
  <testcase name="Add_Tracking_Number" time="0.432" classname="Test_Data_Generation.Add_Tracking_Numbers_To_User"/>
  <testcase name="Add_Tracking_Number" time="0.457" classname="Test_Data_Generation.Add_Tracking_Numbers_To_User"/>
  <testcase name="Add_Tracking_Number" time="0.457" classname="Test_Data_Generation.Add_Tracking_Numbers_To_User"/>
  <testcase name="Add_Tracking_Number" time="0.564" classname="Test_Data_Generation.Add_Tracking_Numbers_To_User"/>
  <testcase name="Add_Tracking_Number" time="0.544" classname="Test_Data_Generation.Add_Tracking_Numbers_To_User"/>
  <testcase name="Add_Tracking_Number" time="0.568" classname="Test_Data_Generation.Add_Tracking_Numbers_To_User"/>
  <testcase name="Add_Tracking_Number" time="0.533" classname="Test_Data_Generation.Add_Tracking_Numbers_To_User"/>
  <testcase name="Add_Tracking_Number" time="0.591" classname="Test_Data_Generation.Add_Tracking_Numbers_To_User"/>
  <testcase name="Add_Tracking_Number" time="0.589" classname="Test_Data_Generation.Add_Tracking_Numbers_To_User"/>
  <testcase name="Add_Tracking_Number" time="0.541" classname="Test_Data_Generation.Add_Tracking_Numbers_To_User"/>
  <testcase name="Add_Tracking_Number" time="0.496" classname="Test_Data_Generation.Add_Tracking_Numbers_To_User"/>
  <testcase name="Add_Tracking_Number" time="0.707" classname="Test_Data_Generation.Add_Tracking_Numbers_To_User"/>
  <testcase name="Add_Tracking_Number" time="0.560" classname="Test_Data_Generation.Add_Tracking_Numbers_To_User"/>
  <testcase name="Add_Tracking_Number" time="0.390" classname="Test_Data_Generation.Add_Tracking_Numbers_To_User"/>
  <testcase name="Add_Tracking_Number" time="0.577" classname="Test_Data_Generation.Add_Tracking_Numbers_To_User"/>
  <testcase name="Add_Tracking_Number" time="0.576" classname="Test_Data_Generation.Add_Tracking_Numbers_To_User"/>
  <testcase name="Add_Tracking_Number" time="1.104" classname="Test_Data_Generation.Add_Tracking_Numbers_To_User"/>
  <testcase name="Add_Tracking_Number" time="0.550" classname="Test_Data_Generation.Add_Tracking_Numbers_To_User"/>
  <testcase name="Add_Tracking_Number" time="0.519" classname="Test_Data_Generation.Add_Tracking_Numbers_To_User"/>
  <testcase name="Add_Tracking_Number" time="0.345" classname="Test_Data_Generation.Add_Tracking_Numbers_To_User"/>
  <testcase name="Add_Tracking_Number" time="0.209" classname="Test_Data_Generation.Add_Tracking_Numbers_To_User"/>
  <testcase name="Add_Tracking_Number" time="0.577" classname="Test_Data_Generation.Add_Tracking_Numbers_To_User"/>
  <testcase name="Add_Tracking_Number" time="0.554" classname="Test_Data_Generation.Add_Tracking_Numbers_To_User"/>
  <testcase name="Add_Tracking_Number" time="0.452" classname="Test_Data_Generation.Add_Tracking_Numbers_To_User"/>
  <testcase name="Add_Tracking_Number" time="0.558" classname="Test_Data_Generation.Add_Tracking_Numbers_To_User"/>
  <testcase name="Add_Tracking_Number" time="0.639" classname="Test_Data_Generation.Add_Tracking_Numbers_To_User"/>
  <testcase name="Add_Tracking_Number" time="0.696" classname="Test_Data_Generation.Add_Tracking_Numbers_To_User">
    <failure type="java.lang.AssertionError" message="
Expected: a string containing &quot;{\&quot;successful\&quot;:true&quot;
     but: was &quot;{&quot;ShipmentOptionResponse&quot;:{&quot;successful&quot;:false,&quot;errorList&quot;:[{&quot;code&quot;:&quot;2997&quot;,&quot;message&quot;:&quot;TRAQS connection/request problem&quot;,&quot;source&quot;:null,&quot;rootCause&quot;:null}],&quot;alerts&quot;:null,&quot;cxsalerts&quot;:null}}&quot;">
      <![CDATA[java.lang.AssertionError: 
Expected: a string containing "{\"successful\":true"
     but: was "{"ShipmentOptionResponse":{"successful":false,"errorList":[{"code":"2997","message":"TRAQS connection/request problem","source":null,"rootCause":null}],"alerts":null,"cxsalerts":null}}"
at org.hamcrest.MatcherAssert.assertThat(MatcherAssert.java:20)
at org.junit.Assert.assertThat(Assert.java:956)
at org.junit.Assert.assertThat(Assert.java:923)
at Test_Data_Generation.Add_Tracking_Numbers_To_User.Add_Tracking_Number(Add_Tracking_Numbers_To_User.java:69)
at sun.reflect.GeneratedMethodAccessor2.invoke(Unknown Source)
at sun.reflect.DelegatingMethodAccessorImpl.invoke(Unknown Source)
at java.lang.reflect.Method.invoke(Unknown Source)
at org.testng.internal.MethodInvocationHelper.invokeMethod(MethodInvocationHelper.java:124)
at org.testng.internal.Invoker.invokeMethod(Invoker.java:580)
at org.testng.internal.Invoker.invokeTestMethod(Invoker.java:716)
at org.testng.internal.TestMethodWithDataProviderMethodWorker.call(TestMethodWithDataProviderMethodWorker.java:71)
at org.testng.internal.TestMethodWithDataProviderMethodWorker.call(TestMethodWithDataProviderMethodWorker.java:14)
at java.util.concurrent.FutureTask.run(Unknown Source)
at java.util.concurrent.Executors$RunnableAdapter.call(Unknown Source)
at java.util.concurrent.FutureTask.run(Unknown Source)
at java.util.concurrent.ThreadPoolExecutor.runWorker(Unknown Source)
at java.util.concurrent.ThreadPoolExecutor$Worker.run(Unknown Source)
at java.lang.Thread.run(Unknown Source)
]]>
    </failure>
  </testcase> <!-- Add_Tracking_Number -->
  <testcase name="Add_Tracking_Number" time="0.488" classname="Test_Data_Generation.Add_Tracking_Numbers_To_User"/>
  <testcase name="Add_Tracking_Number" time="0.520" classname="Test_Data_Generation.Add_Tracking_Numbers_To_User"/>
  <testcase name="Add_Tracking_Number" time="0.485" classname="Test_Data_Generation.Add_Tracking_Numbers_To_User"/>
  <testcase name="Add_Tracking_Number" time="0.498" classname="Test_Data_Generation.Add_Tracking_Numbers_To_User"/>
  <testcase name="Add_Tracking_Number" time="0.573" classname="Test_Data_Generation.Add_Tracking_Numbers_To_User"/>
  <testcase name="Add_Tracking_Number" time="0.544" classname="Test_Data_Generation.Add_Tracking_Numbers_To_User"/>
  <testcase name="Add_Tracking_Number" time="0.475" classname="Test_Data_Generation.Add_Tracking_Numbers_To_User"/>
  <testcase name="Add_Tracking_Number" time="0.493" classname="Test_Data_Generation.Add_Tracking_Numbers_To_User"/>
  <testcase name="Add_Tracking_Number" time="0.543" classname="Test_Data_Generation.Add_Tracking_Numbers_To_User"/>
  <testcase name="Add_Tracking_Number" time="0.482" classname="Test_Data_Generation.Add_Tracking_Numbers_To_User"/>
  <testcase name="Add_Tracking_Number" time="0.537" classname="Test_Data_Generation.Add_Tracking_Numbers_To_User"/>
  <testcase name="Add_Tracking_Number" time="0.058" classname="Test_Data_Generation.Add_Tracking_Numbers_To_User"/>
  <testcase name="Add_Tracking_Number" time="0.629" classname="Test_Data_Generation.Add_Tracking_Numbers_To_User"/>
  <testcase name="Add_Tracking_Number" time="0.793" classname="Test_Data_Generation.Add_Tracking_Numbers_To_User"/>
  <testcase name="Add_Tracking_Number" time="0.656" classname="Test_Data_Generation.Add_Tracking_Numbers_To_User"/>
  <testcase name="Add_Tracking_Number" time="0.479" classname="Test_Data_Generation.Add_Tracking_Numbers_To_User"/>
  <testcase name="Add_Tracking_Number" time="0.540" classname="Test_Data_Generation.Add_Tracking_Numbers_To_User"/>
  <testcase name="Add_Tracking_Number" time="0.444" classname="Test_Data_Generation.Add_Tracking_Numbers_To_User"/>
  <testcase name="Add_Tracking_Number" time="0.445" classname="Test_Data_Generation.Add_Tracking_Numbers_To_User"/>
  <testcase name="Add_Tracking_Number" time="0.466" classname="Test_Data_Generation.Add_Tracking_Numbers_To_User"/>
  <testcase name="Add_Tracking_Number" time="0.572" classname="Test_Data_Generation.Add_Tracking_Numbers_To_User"/>
  <testcase name="Add_Tracking_Number" time="0.579" classname="Test_Data_Generation.Add_Tracking_Numbers_To_User"/>
  <testcase name="Add_Tracking_Number" time="0.535" classname="Test_Data_Generation.Add_Tracking_Numbers_To_User"/>
  <testcase name="Add_Tracking_Number" time="0.489" classname="Test_Data_Generation.Add_Tracking_Numbers_To_User"/>
  <testcase name="Add_Tracking_Number" time="0.475" classname="Test_Data_Generation.Add_Tracking_Numbers_To_User"/>
  <testcase name="Add_Tracking_Number" time="0.503" classname="Test_Data_Generation.Add_Tracking_Numbers_To_User"/>
  <testcase name="Add_Tracking_Number" time="0.625" classname="Test_Data_Generation.Add_Tracking_Numbers_To_User"/>
  <testcase name="Add_Tracking_Number" time="0.561" classname="Test_Data_Generation.Add_Tracking_Numbers_To_User"/>
  <testcase name="Add_Tracking_Number" time="0.598" classname="Test_Data_Generation.Add_Tracking_Numbers_To_User"/>
  <testcase name="Add_Tracking_Number" time="0.567" classname="Test_Data_Generation.Add_Tracking_Numbers_To_User"/>
  <testcase name="Add_Tracking_Number" time="0.540" classname="Test_Data_Generation.Add_Tracking_Numbers_To_User">
    <failure type="java.lang.AssertionError" message="
Expected: a string containing &quot;{\&quot;successful\&quot;:true&quot;
     but: was &quot;{&quot;ShipmentOptionResponse&quot;:{&quot;successful&quot;:false,&quot;errorList&quot;:[{&quot;code&quot;:&quot;2997&quot;,&quot;message&quot;:&quot;TRAQS connection/request problem&quot;,&quot;source&quot;:null,&quot;rootCause&quot;:null}],&quot;alerts&quot;:null,&quot;cxsalerts&quot;:null}}&quot;">
      <![CDATA[java.lang.AssertionError: 
Expected: a string containing "{\"successful\":true"
     but: was "{"ShipmentOptionResponse":{"successful":false,"errorList":[{"code":"2997","message":"TRAQS connection/request problem","source":null,"rootCause":null}],"alerts":null,"cxsalerts":null}}"
at org.hamcrest.MatcherAssert.assertThat(MatcherAssert.java:20)
at org.junit.Assert.assertThat(Assert.java:956)
at org.junit.Assert.assertThat(Assert.java:923)
at Test_Data_Generation.Add_Tracking_Numbers_To_User.Add_Tracking_Number(Add_Tracking_Numbers_To_User.java:69)
at sun.reflect.GeneratedMethodAccessor2.invoke(Unknown Source)
at sun.reflect.DelegatingMethodAccessorImpl.invoke(Unknown Source)
at java.lang.reflect.Method.invoke(Unknown Source)
at org.testng.internal.MethodInvocationHelper.invokeMethod(MethodInvocationHelper.java:124)
at org.testng.internal.Invoker.invokeMethod(Invoker.java:580)
at org.testng.internal.Invoker.invokeTestMethod(Invoker.java:716)
at org.testng.internal.TestMethodWithDataProviderMethodWorker.call(TestMethodWithDataProviderMethodWorker.java:71)
at org.testng.internal.TestMethodWithDataProviderMethodWorker.call(TestMethodWithDataProviderMethodWorker.java:14)
at java.util.concurrent.FutureTask.run(Unknown Source)
at java.util.concurrent.Executors$RunnableAdapter.call(Unknown Source)
at java.util.concurrent.FutureTask.run(Unknown Source)
at java.util.concurrent.ThreadPoolExecutor.runWorker(Unknown Source)
at java.util.concurrent.ThreadPoolExecutor$Worker.run(Unknown Source)
at java.lang.Thread.run(Unknown Source)
]]>
    </failure>
  </testcase> <!-- Add_Tracking_Number -->
  <testcase name="Add_Tracking_Number" time="0.681" classname="Test_Data_Generation.Add_Tracking_Numbers_To_User"/>
  <testcase name="Add_Tracking_Number" time="0.525" classname="Test_Data_Generation.Add_Tracking_Numbers_To_User"/>
  <testcase name="Add_Tracking_Number" time="0.585" classname="Test_Data_Generation.Add_Tracking_Numbers_To_User"/>
  <testcase name="Add_Tracking_Number" time="0.520" classname="Test_Data_Generation.Add_Tracking_Numbers_To_User"/>
  <testcase name="Add_Tracking_Number" time="0.690" classname="Test_Data_Generation.Add_Tracking_Numbers_To_User"/>
  <testcase name="Add_Tracking_Number" time="0.688" classname="Test_Data_Generation.Add_Tracking_Numbers_To_User"/>
  <testcase name="Add_Tracking_Number" time="0.575" classname="Test_Data_Generation.Add_Tracking_Numbers_To_User"/>
  <testcase name="Add_Tracking_Number" time="0.721" classname="Test_Data_Generation.Add_Tracking_Numbers_To_User"/>
  <testcase name="Add_Tracking_Number" time="0.630" classname="Test_Data_Generation.Add_Tracking_Numbers_To_User"/>
  <testcase name="Add_Tracking_Number" time="0.562" classname="Test_Data_Generation.Add_Tracking_Numbers_To_User"/>
  <testcase name="Add_Tracking_Number" time="0.479" classname="Test_Data_Generation.Add_Tracking_Numbers_To_User"/>
  <testcase name="Add_Tracking_Number" time="0.571" classname="Test_Data_Generation.Add_Tracking_Numbers_To_User"/>
  <testcase name="Add_Tracking_Number" time="0.566" classname="Test_Data_Generation.Add_Tracking_Numbers_To_User"/>
  <testcase name="Add_Tracking_Number" time="0.477" classname="Test_Data_Generation.Add_Tracking_Numbers_To_User"/>
  <testcase name="Add_Tracking_Number" time="0.531" classname="Test_Data_Generation.Add_Tracking_Numbers_To_User"/>
  <testcase name="Add_Tracking_Number" time="0.530" classname="Test_Data_Generation.Add_Tracking_Numbers_To_User"/>
  <testcase name="Add_Tracking_Number" time="0.523" classname="Test_Data_Generation.Add_Tracking_Numbers_To_User"/>
  <testcase name="Add_Tracking_Number" time="0.769" classname="Test_Data_Generation.Add_Tracking_Numbers_To_User"/>
  <testcase name="Add_Tracking_Number" time="0.577" classname="Test_Data_Generation.Add_Tracking_Numbers_To_User"/>
  <testcase name="Add_Tracking_Number" time="0.498" classname="Test_Data_Generation.Add_Tracking_Numbers_To_User"/>
  <testcase name="Add_Tracking_Number" time="0.479" classname="Test_Data_Generation.Add_Tracking_Numbers_To_User"/>
  <testcase name="Add_Tracking_Number" time="0.515" classname="Test_Data_Generation.Add_Tracking_Numbers_To_User"/>
  <testcase name="Add_Tracking_Number" time="0.599" classname="Test_Data_Generation.Add_Tracking_Numbers_To_User"/>
  <testcase name="Add_Tracking_Number" time="0.561" classname="Test_Data_Generation.Add_Tracking_Numbers_To_User"/>
  <testcase name="Add_Tracking_Number" time="0.514" classname="Test_Data_Generation.Add_Tracking_Numbers_To_User"/>
  <testcase name="Add_Tracking_Number" time="0.575" classname="Test_Data_Generation.Add_Tracking_Numbers_To_User"/>
  <testcase name="Add_Tracking_Number" time="0.506" classname="Test_Data_Generation.Add_Tracking_Numbers_To_User"/>
  <testcase name="Add_Tracking_Number" time="0.518" classname="Test_Data_Generation.Add_Tracking_Numbers_To_User"/>
  <testcase name="Add_Tracking_Number" time="0.563" classname="Test_Data_Generation.Add_Tracking_Numbers_To_User"/>
  <testcase name="Add_Tracking_Number" time="0.486" classname="Test_Data_Generation.Add_Tracking_Numbers_To_User"/>
  <testcase name="Add_Tracking_Number" time="0.773" classname="Test_Data_Generation.Add_Tracking_Numbers_To_User"/>
  <testcase name="Add_Tracking_Number" time="0.483" classname="Test_Data_Generation.Add_Tracking_Numbers_To_User"/>
  <testcase name="Add_Tracking_Number" time="0.538" classname="Test_Data_Generation.Add_Tracking_Numbers_To_User"/>
  <testcase name="Add_Tracking_Number" time="0.600" classname="Test_Data_Generation.Add_Tracking_Numbers_To_User"/>
  <testcase name="Add_Tracking_Number" time="0.594" classname="Test_Data_Generation.Add_Tracking_Numbers_To_User"/>
  <testcase name="Add_Tracking_Number" time="0.533" classname="Test_Data_Generation.Add_Tracking_Numbers_To_User"/>
  <testcase name="Add_Tracking_Number" time="0.596" classname="Test_Data_Generation.Add_Tracking_Numbers_To_User"/>
  <testcase name="Add_Tracking_Number" time="0.488" classname="Test_Data_Generation.Add_Tracking_Numbers_To_User"/>
  <testcase name="Add_Tracking_Number" time="0.576" classname="Test_Data_Generation.Add_Tracking_Numbers_To_User"/>
  <testcase name="Add_Tracking_Number" time="0.515" classname="Test_Data_Generation.Add_Tracking_Numbers_To_User"/>
  <testcase name="Add_Tracking_Number" time="0.522" classname="Test_Data_Generation.Add_Tracking_Numbers_To_User"/>
  <testcase name="Add_Tracking_Number" time="0.559" classname="Test_Data_Generation.Add_Tracking_Numbers_To_User"/>
  <testcase name="Add_Tracking_Number" time="0.534" classname="Test_Data_Generation.Add_Tracking_Numbers_To_User"/>
  <testcase name="Add_Tracking_Number" time="0.514" classname="Test_Data_Generation.Add_Tracking_Numbers_To_User"/>
  <testcase name="Add_Tracking_Number" time="0.469" classname="Test_Data_Generation.Add_Tracking_Numbers_To_User"/>
  <testcase name="Add_Tracking_Number" time="0.506" classname="Test_Data_Generation.Add_Tracking_Numbers_To_User"/>
  <testcase name="Add_Tracking_Number" time="0.655" classname="Test_Data_Generation.Add_Tracking_Numbers_To_User"/>
  <testcase name="Add_Tracking_Number" time="0.485" classname="Test_Data_Generation.Add_Tracking_Numbers_To_User"/>
  <testcase name="Add_Tracking_Number" time="0.510" classname="Test_Data_Generation.Add_Tracking_Numbers_To_User"/>
  <testcase name="Add_Tracking_Number" time="0.498" classname="Test_Data_Generation.Add_Tracking_Numbers_To_User"/>
  <testcase name="Add_Tracking_Number" time="5.988" classname="Test_Data_Generation.Add_Tracking_Numbers_To_User"/>
  <testcase name="Add_Tracking_Number" time="0.589" classname="Test_Data_Generation.Add_Tracking_Numbers_To_User"/>
  <testcase name="Add_Tracking_Number" time="0.594" classname="Test_Data_Generation.Add_Tracking_Numbers_To_User"/>
  <testcase name="Add_Tracking_Number" time="0.493" classname="Test_Data_Generation.Add_Tracking_Numbers_To_User"/>
  <testcase name="Add_Tracking_Number" time="0.498" classname="Test_Data_Generation.Add_Tracking_Numbers_To_User"/>
  <testcase name="Add_Tracking_Number" time="0.515" classname="Test_Data_Generation.Add_Tracking_Numbers_To_User"/>
  <testcase name="Add_Tracking_Number" time="0.497" classname="Test_Data_Generation.Add_Tracking_Numbers_To_User"/>
  <testcase name="Add_Tracking_Number" time="0.569" classname="Test_Data_Generation.Add_Tracking_Numbers_To_User"/>
  <testcase name="Add_Tracking_Number" time="0.511" classname="Test_Data_Generation.Add_Tracking_Numbers_To_User"/>
  <testcase name="Add_Tracking_Number" time="0.503" classname="Test_Data_Generation.Add_Tracking_Numbers_To_User"/>
  <testcase name="Add_Tracking_Number" time="0.540" classname="Test_Data_Generation.Add_Tracking_Numbers_To_User"/>
  <testcase name="Add_Tracking_Number" time="0.529" classname="Test_Data_Generation.Add_Tracking_Numbers_To_User"/>
  <testcase name="Add_Tracking_Number" time="0.542" classname="Test_Data_Generation.Add_Tracking_Numbers_To_User"/>
  <testcase name="Add_Tracking_Number" time="0.525" classname="Test_Data_Generation.Add_Tracking_Numbers_To_User"/>
  <testcase name="Add_Tracking_Number" time="0.675" classname="Test_Data_Generation.Add_Tracking_Numbers_To_User"/>
  <testcase name="Add_Tracking_Number" time="0.545" classname="Test_Data_Generation.Add_Tracking_Numbers_To_User"/>
  <testcase name="Add_Tracking_Number" time="0.472" classname="Test_Data_Generation.Add_Tracking_Numbers_To_User">
    <failure type="java.lang.AssertionError" message="
Expected: a string containing &quot;{\&quot;successful\&quot;:true&quot;
     but: was &quot;{&quot;ShipmentOptionResponse&quot;:{&quot;successful&quot;:false,&quot;errorList&quot;:[{&quot;code&quot;:&quot;2997&quot;,&quot;message&quot;:&quot;TRAQS connection/request problem&quot;,&quot;source&quot;:null,&quot;rootCause&quot;:null}],&quot;alerts&quot;:null,&quot;cxsalerts&quot;:null}}&quot;">
      <![CDATA[java.lang.AssertionError: 
Expected: a string containing "{\"successful\":true"
     but: was "{"ShipmentOptionResponse":{"successful":false,"errorList":[{"code":"2997","message":"TRAQS connection/request problem","source":null,"rootCause":null}],"alerts":null,"cxsalerts":null}}"
at org.hamcrest.MatcherAssert.assertThat(MatcherAssert.java:20)
at org.junit.Assert.assertThat(Assert.java:956)
at org.junit.Assert.assertThat(Assert.java:923)
at Test_Data_Generation.Add_Tracking_Numbers_To_User.Add_Tracking_Number(Add_Tracking_Numbers_To_User.java:69)
at sun.reflect.GeneratedMethodAccessor2.invoke(Unknown Source)
at sun.reflect.DelegatingMethodAccessorImpl.invoke(Unknown Source)
at java.lang.reflect.Method.invoke(Unknown Source)
at org.testng.internal.MethodInvocationHelper.invokeMethod(MethodInvocationHelper.java:124)
at org.testng.internal.Invoker.invokeMethod(Invoker.java:580)
at org.testng.internal.Invoker.invokeTestMethod(Invoker.java:716)
at org.testng.internal.TestMethodWithDataProviderMethodWorker.call(TestMethodWithDataProviderMethodWorker.java:71)
at org.testng.internal.TestMethodWithDataProviderMethodWorker.call(TestMethodWithDataProviderMethodWorker.java:14)
at java.util.concurrent.FutureTask.run(Unknown Source)
at java.util.concurrent.Executors$RunnableAdapter.call(Unknown Source)
at java.util.concurrent.FutureTask.run(Unknown Source)
at java.util.concurrent.ThreadPoolExecutor.runWorker(Unknown Source)
at java.util.concurrent.ThreadPoolExecutor$Worker.run(Unknown Source)
at java.lang.Thread.run(Unknown Source)
]]>
    </failure>
  </testcase> <!-- Add_Tracking_Number -->
  <testcase name="Add_Tracking_Number" time="0.509" classname="Test_Data_Generation.Add_Tracking_Numbers_To_User"/>
  <testcase name="Add_Tracking_Number" time="0.542" classname="Test_Data_Generation.Add_Tracking_Numbers_To_User"/>
  <testcase name="Add_Tracking_Number" time="0.590" classname="Test_Data_Generation.Add_Tracking_Numbers_To_User"/>
  <testcase name="Add_Tracking_Number" time="0.538" classname="Test_Data_Generation.Add_Tracking_Numbers_To_User"/>
  <testcase name="Add_Tracking_Number" time="0.601" classname="Test_Data_Generation.Add_Tracking_Numbers_To_User"/>
  <testcase name="Add_Tracking_Number" time="0.114" classname="Test_Data_Generation.Add_Tracking_Numbers_To_User"/>
  <testcase name="Add_Tracking_Number" time="0.527" classname="Test_Data_Generation.Add_Tracking_Numbers_To_User"/>
  <testcase name="Add_Tracking_Number" time="0.456" classname="Test_Data_Generation.Add_Tracking_Numbers_To_User"/>
  <testcase name="Add_Tracking_Number" time="0.546" classname="Test_Data_Generation.Add_Tracking_Numbers_To_User"/>
  <testcase name="Add_Tracking_Number" time="0.504" classname="Test_Data_Generation.Add_Tracking_Numbers_To_User"/>
  <testcase name="Add_Tracking_Number" time="0.308" classname="Test_Data_Generation.Add_Tracking_Numbers_To_User"/>
  <testcase name="Add_Tracking_Number" time="0.605" classname="Test_Data_Generation.Add_Tracking_Numbers_To_User"/>
  <testcase name="Add_Tracking_Number" time="0.590" classname="Test_Data_Generation.Add_Tracking_Numbers_To_User"/>
  <testcase name="Add_Tracking_Number" time="0.447" classname="Test_Data_Generation.Add_Tracking_Numbers_To_User"/>
  <testcase name="Add_Tracking_Number" time="0.479" classname="Test_Data_Generation.Add_Tracking_Numbers_To_User"/>
  <testcase name="Add_Tracking_Number" time="0.525" classname="Test_Data_Generation.Add_Tracking_Numbers_To_User"/>
  <testcase name="Add_Tracking_Number" time="0.499" classname="Test_Data_Generation.Add_Tracking_Numbers_To_User"/>
  <testcase name="Add_Tracking_Number" time="0.583" classname="Test_Data_Generation.Add_Tracking_Numbers_To_User"/>
  <testcase name="Add_Tracking_Number" time="0.564" classname="Test_Data_Generation.Add_Tracking_Numbers_To_User"/>
  <testcase name="Add_Tracking_Number" time="0.627" classname="Test_Data_Generation.Add_Tracking_Numbers_To_User"/>
  <testcase name="Add_Tracking_Number" time="0.525" classname="Test_Data_Generation.Add_Tracking_Numbers_To_User"/>
  <testcase name="Add_Tracking_Number" time="0.571" classname="Test_Data_Generation.Add_Tracking_Numbers_To_User"/>
  <testcase name="Add_Tracking_Number" time="0.540" classname="Test_Data_Generation.Add_Tracking_Numbers_To_User"/>
  <testcase name="Add_Tracking_Number" time="0.559" classname="Test_Data_Generation.Add_Tracking_Numbers_To_User"/>
  <testcase name="Add_Tracking_Number" time="0.515" classname="Test_Data_Generation.Add_Tracking_Numbers_To_User"/>
  <testcase name="Add_Tracking_Number" time="0.483" classname="Test_Data_Generation.Add_Tracking_Numbers_To_User"/>
  <testcase name="Add_Tracking_Number" time="0.530" classname="Test_Data_Generation.Add_Tracking_Numbers_To_User"/>
  <testcase name="Add_Tracking_Number" time="0.568" classname="Test_Data_Generation.Add_Tracking_Numbers_To_User"/>
  <testcase name="Add_Tracking_Number" time="0.486" classname="Test_Data_Generation.Add_Tracking_Numbers_To_User"/>
  <testcase name="Add_Tracking_Number" time="0.741" classname="Test_Data_Generation.Add_Tracking_Numbers_To_User"/>
  <testcase name="Add_Tracking_Number" time="0.567" classname="Test_Data_Generation.Add_Tracking_Numbers_To_User"/>
  <testcase name="Add_Tracking_Number" time="0.511" classname="Test_Data_Generation.Add_Tracking_Numbers_To_User"/>
  <testcase name="Add_Tracking_Number" time="0.583" classname="Test_Data_Generation.Add_Tracking_Numbers_To_User"/>
  <testcase name="Add_Tracking_Number" time="0.466" classname="Test_Data_Generation.Add_Tracking_Numbers_To_User"/>
  <testcase name="Add_Tracking_Number" time="0.552" classname="Test_Data_Generation.Add_Tracking_Numbers_To_User"/>
  <testcase name="Add_Tracking_Number" time="0.480" classname="Test_Data_Generation.Add_Tracking_Numbers_To_User"/>
  <testcase name="Add_Tracking_Number" time="0.595" classname="Test_Data_Generation.Add_Tracking_Numbers_To_User"/>
  <testcase name="Add_Tracking_Number" time="0.196" classname="Test_Data_Generation.Add_Tracking_Numbers_To_User"/>
  <testcase name="Add_Tracking_Number" time="0.236" classname="Test_Data_Generation.Add_Tracking_Numbers_To_User"/>
  <testcase name="Add_Tracking_Number" time="0.467" classname="Test_Data_Generation.Add_Tracking_Numbers_To_User"/>
  <testcase name="Add_Tracking_Number" time="0.579" classname="Test_Data_Generation.Add_Tracking_Numbers_To_User"/>
  <testcase name="Add_Tracking_Number" time="0.478" classname="Test_Data_Generation.Add_Tracking_Numbers_To_User"/>
  <testcase name="Add_Tracking_Number" time="0.578" classname="Test_Data_Generation.Add_Tracking_Numbers_To_User"/>
  <testcase name="Add_Tracking_Number" time="0.473" classname="Test_Data_Generation.Add_Tracking_Numbers_To_User"/>
  <testcase name="Add_Tracking_Number" time="0.484" classname="Test_Data_Generation.Add_Tracking_Numbers_To_User"/>
  <testcase name="Add_Tracking_Number" time="0.537" classname="Test_Data_Generation.Add_Tracking_Numbers_To_User"/>
  <testcase name="Add_Tracking_Number" time="0.474" classname="Test_Data_Generation.Add_Tracking_Numbers_To_User"/>
  <testcase name="Add_Tracking_Number" time="0.530" classname="Test_Data_Generation.Add_Tracking_Numbers_To_User"/>
  <testcase name="Add_Tracking_Number" time="0.431" classname="Test_Data_Generation.Add_Tracking_Numbers_To_User"/>
  <testcase name="Add_Tracking_Number" time="0.559" classname="Test_Data_Generation.Add_Tracking_Numbers_To_User"/>
  <testcase name="Add_Tracking_Number" time="0.588" classname="Test_Data_Generation.Add_Tracking_Numbers_To_User"/>
  <testcase name="Add_Tracking_Number" time="0.533" classname="Test_Data_Generation.Add_Tracking_Numbers_To_User"/>
  <testcase name="Add_Tracking_Number" time="0.544" classname="Test_Data_Generation.Add_Tracking_Numbers_To_User"/>
  <testcase name="Add_Tracking_Number" time="0.463" classname="Test_Data_Generation.Add_Tracking_Numbers_To_User"/>
  <testcase name="Add_Tracking_Number" time="0.462" classname="Test_Data_Generation.Add_Tracking_Numbers_To_User"/>
  <testcase name="Add_Tracking_Number" time="0.565" classname="Test_Data_Generation.Add_Tracking_Numbers_To_User"/>
  <testcase name="Add_Tracking_Number" time="0.542" classname="Test_Data_Generation.Add_Tracking_Numbers_To_User"/>
  <testcase name="Add_Tracking_Number" time="0.487" classname="Test_Data_Generation.Add_Tracking_Numbers_To_User"/>
  <testcase name="Add_Tracking_Number" time="0.528" classname="Test_Data_Generation.Add_Tracking_Numbers_To_User"/>
  <testcase name="Add_Tracking_Number" time="0.447" classname="Test_Data_Generation.Add_Tracking_Numbers_To_User"/>
  <testcase name="Add_Tracking_Number" time="0.548" classname="Test_Data_Generation.Add_Tracking_Numbers_To_User"/>
  <testcase name="Add_Tracking_Number" time="0.452" classname="Test_Data_Generation.Add_Tracking_Numbers_To_User"/>
  <testcase name="Add_Tracking_Number" time="0.652" classname="Test_Data_Generation.Add_Tracking_Numbers_To_User"/>
  <testcase name="Add_Tracking_Number" time="8.249" classname="Test_Data_Generation.Add_Tracking_Numbers_To_User"/>
  <testcase name="Add_Tracking_Number" time="0.570" classname="Test_Data_Generation.Add_Tracking_Numbers_To_User"/>
  <testcase name="Add_Tracking_Number" time="0.433" classname="Test_Data_Generation.Add_Tracking_Numbers_To_User"/>
  <testcase name="Add_Tracking_Number" time="0.264" classname="Test_Data_Generation.Add_Tracking_Numbers_To_User"/>
  <testcase name="Add_Tracking_Number" time="0.590" classname="Test_Data_Generation.Add_Tracking_Numbers_To_User"/>
  <testcase name="Add_Tracking_Number" time="0.110" classname="Test_Data_Generation.Add_Tracking_Numbers_To_User"/>
  <testcase name="Add_Tracking_Number" time="0.510" classname="Test_Data_Generation.Add_Tracking_Numbers_To_User"/>
  <testcase name="Add_Tracking_Number" time="0.593" classname="Test_Data_Generation.Add_Tracking_Numbers_To_User"/>
  <testcase name="Add_Tracking_Number" time="0.525" classname="Test_Data_Generation.Add_Tracking_Numbers_To_User"/>
  <testcase name="Add_Tracking_Number" time="0.493" classname="Test_Data_Generation.Add_Tracking_Numbers_To_User"/>
  <testcase name="Add_Tracking_Number" time="0.478" classname="Test_Data_Generation.Add_Tracking_Numbers_To_User"/>
  <testcase name="Add_Tracking_Number" time="0.472" classname="Test_Data_Generation.Add_Tracking_Numbers_To_User"/>
  <testcase name="Add_Tracking_Number" time="0.339" classname="Test_Data_Generation.Add_Tracking_Numbers_To_User"/>
  <testcase name="Add_Tracking_Number" time="0.678" classname="Test_Data_Generation.Add_Tracking_Numbers_To_User"/>
  <testcase name="Add_Tracking_Number" time="0.536" classname="Test_Data_Generation.Add_Tracking_Numbers_To_User"/>
  <testcase name="Add_Tracking_Number" time="0.515" classname="Test_Data_Generation.Add_Tracking_Numbers_To_User"/>
  <testcase name="Add_Tracking_Number" time="0.485" classname="Test_Data_Generation.Add_Tracking_Numbers_To_User"/>
  <testcase name="Add_Tracking_Number" time="0.785" classname="Test_Data_Generation.Add_Tracking_Numbers_To_User"/>
  <testcase name="Add_Tracking_Number" time="0.491" classname="Test_Data_Generation.Add_Tracking_Numbers_To_User"/>
  <testcase name="Add_Tracking_Number" time="0.565" classname="Test_Data_Generation.Add_Tracking_Numbers_To_User"/>
  <testcase name="Add_Tracking_Number" time="0.550" classname="Test_Data_Generation.Add_Tracking_Numbers_To_User"/>
  <testcase name="Add_Tracking_Number" time="0.505" classname="Test_Data_Generation.Add_Tracking_Numbers_To_User"/>
  <testcase name="Add_Tracking_Number" time="0.574" classname="Test_Data_Generation.Add_Tracking_Numbers_To_User"/>
  <testcase name="Add_Tracking_Number" time="0.672" classname="Test_Data_Generation.Add_Tracking_Numbers_To_User"/>
  <testcase name="Add_Tracking_Number" time="0.594" classname="Test_Data_Generation.Add_Tracking_Numbers_To_User"/>
  <testcase name="Add_Tracking_Number" time="0.576" classname="Test_Data_Generation.Add_Tracking_Numbers_To_User"/>
  <testcase name="Add_Tracking_Number" time="0.138" classname="Test_Data_Generation.Add_Tracking_Numbers_To_User"/>
  <testcase name="Add_Tracking_Number" time="0.718" classname="Test_Data_Generation.Add_Tracking_Numbers_To_User"/>
  <testcase name="Add_Tracking_Number" time="0.561" classname="Test_Data_Generation.Add_Tracking_Numbers_To_User"/>
  <testcase name="Add_Tracking_Number" time="0.633" classname="Test_Data_Generation.Add_Tracking_Numbers_To_User"/>
  <testcase name="Add_Tracking_Number" time="1.190" classname="Test_Data_Generation.Add_Tracking_Numbers_To_User"/>
  <testcase name="Add_Tracking_Number" time="0.569" classname="Test_Data_Generation.Add_Tracking_Numbers_To_User"/>
  <testcase name="Add_Tracking_Number" time="0.534" classname="Test_Data_Generation.Add_Tracking_Numbers_To_User"/>
  <testcase name="Add_Tracking_Number" time="0.518" classname="Test_Data_Generation.Add_Tracking_Numbers_To_User">
    <failure type="java.lang.AssertionError" message="
Expected: a string containing &quot;{\&quot;successful\&quot;:true&quot;
     but: was &quot;{&quot;ShipmentOptionResponse&quot;:{&quot;successful&quot;:false,&quot;errorList&quot;:[{&quot;code&quot;:&quot;2997&quot;,&quot;message&quot;:&quot;TRAQS connection/request problem&quot;,&quot;source&quot;:null,&quot;rootCause&quot;:null}],&quot;alerts&quot;:null,&quot;cxsalerts&quot;:null}}&quot;">
      <![CDATA[java.lang.AssertionError: 
Expected: a string containing "{\"successful\":true"
     but: was "{"ShipmentOptionResponse":{"successful":false,"errorList":[{"code":"2997","message":"TRAQS connection/request problem","source":null,"rootCause":null}],"alerts":null,"cxsalerts":null}}"
at org.hamcrest.MatcherAssert.assertThat(MatcherAssert.java:20)
at org.junit.Assert.assertThat(Assert.java:956)
at org.junit.Assert.assertThat(Assert.java:923)
at Test_Data_Generation.Add_Tracking_Numbers_To_User.Add_Tracking_Number(Add_Tracking_Numbers_To_User.java:69)
at sun.reflect.GeneratedMethodAccessor2.invoke(Unknown Source)
at sun.reflect.DelegatingMethodAccessorImpl.invoke(Unknown Source)
at java.lang.reflect.Method.invoke(Unknown Source)
at org.testng.internal.MethodInvocationHelper.invokeMethod(MethodInvocationHelper.java:124)
at org.testng.internal.Invoker.invokeMethod(Invoker.java:580)
at org.testng.internal.Invoker.invokeTestMethod(Invoker.java:716)
at org.testng.internal.TestMethodWithDataProviderMethodWorker.call(TestMethodWithDataProviderMethodWorker.java:71)
at org.testng.internal.TestMethodWithDataProviderMethodWorker.call(TestMethodWithDataProviderMethodWorker.java:14)
at java.util.concurrent.FutureTask.run(Unknown Source)
at java.util.concurrent.Executors$RunnableAdapter.call(Unknown Source)
at java.util.concurrent.FutureTask.run(Unknown Source)
at java.util.concurrent.ThreadPoolExecutor.runWorker(Unknown Source)
at java.util.concurrent.ThreadPoolExecutor$Worker.run(Unknown Source)
at java.lang.Thread.run(Unknown Source)
]]>
    </failure>
  </testcase> <!-- Add_Tracking_Number -->
  <testcase name="Add_Tracking_Number" time="0.583" classname="Test_Data_Generation.Add_Tracking_Numbers_To_User"/>
  <testcase name="Add_Tracking_Number" time="0.511" classname="Test_Data_Generation.Add_Tracking_Numbers_To_User"/>
  <testcase name="Add_Tracking_Number" time="0.523" classname="Test_Data_Generation.Add_Tracking_Numbers_To_User"/>
  <testcase name="Add_Tracking_Number" time="0.522" classname="Test_Data_Generation.Add_Tracking_Numbers_To_User"/>
  <testcase name="Add_Tracking_Number" time="0.515" classname="Test_Data_Generation.Add_Tracking_Numbers_To_User"/>
  <testcase name="Add_Tracking_Number" time="0.549" classname="Test_Data_Generation.Add_Tracking_Numbers_To_User"/>
  <testcase name="Add_Tracking_Number" time="0.079" classname="Test_Data_Generation.Add_Tracking_Numbers_To_User"/>
  <testcase name="Add_Tracking_Number" time="0.571" classname="Test_Data_Generation.Add_Tracking_Numbers_To_User"/>
  <testcase name="Add_Tracking_Number" time="0.472" classname="Test_Data_Generation.Add_Tracking_Numbers_To_User"/>
  <testcase name="Add_Tracking_Number" time="0.679" classname="Test_Data_Generation.Add_Tracking_Numbers_To_User"/>
  <testcase name="Add_Tracking_Number" time="0.595" classname="Test_Data_Generation.Add_Tracking_Numbers_To_User"/>
  <testcase name="Add_Tracking_Number" time="0.620" classname="Test_Data_Generation.Add_Tracking_Numbers_To_User"/>
  <testcase name="Add_Tracking_Number" time="0.511" classname="Test_Data_Generation.Add_Tracking_Numbers_To_User"/>
  <testcase name="Add_Tracking_Number" time="0.498" classname="Test_Data_Generation.Add_Tracking_Numbers_To_User"/>
  <testcase name="Add_Tracking_Number" time="0.437" classname="Test_Data_Generation.Add_Tracking_Numbers_To_User"/>
  <testcase name="Add_Tracking_Number" time="0.563" classname="Test_Data_Generation.Add_Tracking_Numbers_To_User"/>
  <testcase name="Add_Tracking_Number" time="0.515" classname="Test_Data_Generation.Add_Tracking_Numbers_To_User"/>
  <testcase name="Add_Tracking_Number" time="0.615" classname="Test_Data_Generation.Add_Tracking_Numbers_To_User"/>
  <testcase name="Add_Tracking_Number" time="0.696" classname="Test_Data_Generation.Add_Tracking_Numbers_To_User"/>
  <testcase name="Add_Tracking_Number" time="0.556" classname="Test_Data_Generation.Add_Tracking_Numbers_To_User"/>
  <testcase name="Add_Tracking_Number" time="0.586" classname="Test_Data_Generation.Add_Tracking_Numbers_To_User"/>
  <testcase name="Add_Tracking_Number" time="0.541" classname="Test_Data_Generation.Add_Tracking_Numbers_To_User"/>
  <testcase name="Add_Tracking_Number" time="0.473" classname="Test_Data_Generation.Add_Tracking_Numbers_To_User"/>
  <testcase name="Add_Tracking_Number" time="0.454" classname="Test_Data_Generation.Add_Tracking_Numbers_To_User"/>
  <testcase name="Add_Tracking_Number" time="0.582" classname="Test_Data_Generation.Add_Tracking_Numbers_To_User"/>
  <testcase name="Add_Tracking_Number" time="0.470" classname="Test_Data_Generation.Add_Tracking_Numbers_To_User"/>
  <testcase name="Add_Tracking_Number" time="0.523" classname="Test_Data_Generation.Add_Tracking_Numbers_To_User"/>
  <testcase name="Add_Tracking_Number" time="0.494" classname="Test_Data_Generation.Add_Tracking_Numbers_To_User"/>
  <testcase name="Add_Tracking_Number" time="0.672" classname="Test_Data_Generation.Add_Tracking_Numbers_To_User"/>
  <testcase name="Add_Tracking_Number" time="0.562" classname="Test_Data_Generation.Add_Tracking_Numbers_To_User"/>
  <testcase name="Add_Tracking_Number" time="0.511" classname="Test_Data_Generation.Add_Tracking_Numbers_To_User"/>
  <testcase name="Add_Tracking_Number" time="0.543" classname="Test_Data_Generation.Add_Tracking_Numbers_To_User"/>
  <testcase name="Add_Tracking_Number" time="0.430" classname="Test_Data_Generation.Add_Tracking_Numbers_To_User"/>
  <testcase name="Add_Tracking_Number" time="0.565" classname="Test_Data_Generation.Add_Tracking_Numbers_To_User"/>
  <testcase name="Add_Tracking_Number" time="0.489" classname="Test_Data_Generation.Add_Tracking_Numbers_To_User"/>
  <testcase name="Add_Tracking_Number" time="0.516" classname="Test_Data_Generation.Add_Tracking_Numbers_To_User"/>
  <testcase name="Add_Tracking_Number" time="0.579" classname="Test_Data_Generation.Add_Tracking_Numbers_To_User"/>
  <testcase name="Add_Tracking_Number" time="0.668" classname="Test_Data_Generation.Add_Tracking_Numbers_To_User"/>
  <testcase name="Add_Tracking_Number" time="0.524" classname="Test_Data_Generation.Add_Tracking_Numbers_To_User"/>
  <testcase name="Add_Tracking_Number" time="0.465" classname="Test_Data_Generation.Add_Tracking_Numbers_To_User"/>
  <testcase name="Add_Tracking_Number" time="0.634" classname="Test_Data_Generation.Add_Tracking_Numbers_To_User"/>
  <testcase name="Add_Tracking_Number" time="0.568" classname="Test_Data_Generation.Add_Tracking_Numbers_To_User"/>
  <testcase name="Add_Tracking_Number" time="0.516" classname="Test_Data_Generation.Add_Tracking_Numbers_To_User"/>
  <testcase name="Add_Tracking_Number" time="0.596" classname="Test_Data_Generation.Add_Tracking_Numbers_To_User"/>
  <testcase name="Add_Tracking_Number" time="0.563" classname="Test_Data_Generation.Add_Tracking_Numbers_To_User"/>
  <testcase name="Add_Tracking_Number" time="0.584" classname="Test_Data_Generation.Add_Tracking_Numbers_To_User"/>
  <testcase name="Add_Tracking_Number" time="0.069" classname="Test_Data_Generation.Add_Tracking_Numbers_To_User"/>
  <testcase name="Add_Tracking_Number" time="0.522" classname="Test_Data_Generation.Add_Tracking_Numbers_To_User"/>
  <testcase name="Add_Tracking_Number" time="0.562" classname="Test_Data_Generation.Add_Tracking_Numbers_To_User"/>
  <testcase name="Add_Tracking_Number" time="0.044" classname="Test_Data_Generation.Add_Tracking_Numbers_To_User"/>
  <testcase name="Add_Tracking_Number" time="0.600" classname="Test_Data_Generation.Add_Tracking_Numbers_To_User"/>
  <testcase name="Add_Tracking_Number" time="0.522" classname="Test_Data_Generation.Add_Tracking_Numbers_To_User"/>
  <testcase name="Add_Tracking_Number" time="0.545" classname="Test_Data_Generation.Add_Tracking_Numbers_To_User"/>
  <testcase name="Add_Tracking_Number" time="0.462" classname="Test_Data_Generation.Add_Tracking_Numbers_To_User"/>
  <testcase name="Add_Tracking_Number" time="0.466" classname="Test_Data_Generation.Add_Tracking_Numbers_To_User"/>
  <testcase name="Add_Tracking_Number" time="0.558" classname="Test_Data_Generation.Add_Tracking_Numbers_To_User"/>
  <testcase name="Add_Tracking_Number" time="0.710" classname="Test_Data_Generation.Add_Tracking_Numbers_To_User"/>
  <testcase name="Add_Tracking_Number" time="0.505" classname="Test_Data_Generation.Add_Tracking_Numbers_To_User"/>
  <testcase name="Add_Tracking_Number" time="0.452" classname="Test_Data_Generation.Add_Tracking_Numbers_To_User"/>
  <testcase name="Add_Tracking_Number" time="0.446" classname="Test_Data_Generation.Add_Tracking_Numbers_To_User"/>
  <testcase name="Add_Tracking_Number" time="0.490" classname="Test_Data_Generation.Add_Tracking_Numbers_To_User"/>
  <testcase name="Add_Tracking_Number" time="0.584" classname="Test_Data_Generation.Add_Tracking_Numbers_To_User"/>
  <testcase name="Add_Tracking_Number" time="0.524" classname="Test_Data_Generation.Add_Tracking_Numbers_To_User"/>
  <testcase name="Add_Tracking_Number" time="0.561" classname="Test_Data_Generation.Add_Tracking_Numbers_To_User"/>
  <testcase name="Add_Tracking_Number" time="0.615" classname="Test_Data_Generation.Add_Tracking_Numbers_To_User"/>
  <testcase name="Add_Tracking_Number" time="0.703" classname="Test_Data_Generation.Add_Tracking_Numbers_To_User"/>
  <testcase name="Add_Tracking_Number" time="0.573" classname="Test_Data_Generation.Add_Tracking_Numbers_To_User"/>
  <testcase name="Add_Tracking_Number" time="0.489" classname="Test_Data_Generation.Add_Tracking_Numbers_To_User"/>
  <testcase name="Add_Tracking_Number" time="0.487" classname="Test_Data_Generation.Add_Tracking_Numbers_To_User"/>
  <testcase name="Add_Tracking_Number" time="0.530" classname="Test_Data_Generation.Add_Tracking_Numbers_To_User"/>
  <testcase name="Add_Tracking_Number" time="0.514" classname="Test_Data_Generation.Add_Tracking_Numbers_To_User"/>
  <testcase name="Add_Tracking_Number" time="0.504" classname="Test_Data_Generation.Add_Tracking_Numbers_To_User"/>
  <testcase name="Add_Tracking_Number" time="0.538" classname="Test_Data_Generation.Add_Tracking_Numbers_To_User"/>
  <testcase name="Add_Tracking_Number" time="0.659" classname="Test_Data_Generation.Add_Tracking_Numbers_To_User"/>
  <testcase name="Add_Tracking_Number" time="0.552" classname="Test_Data_Generation.Add_Tracking_Numbers_To_User"/>
  <testcase name="Add_Tracking_Number" time="0.480" classname="Test_Data_Generation.Add_Tracking_Numbers_To_User"/>
  <testcase name="Add_Tracking_Number" time="0.679" classname="Test_Data_Generation.Add_Tracking_Numbers_To_User"/>
  <testcase name="Add_Tracking_Number" time="0.611" classname="Test_Data_Generation.Add_Tracking_Numbers_To_User"/>
  <testcase name="Add_Tracking_Number" time="0.446" classname="Test_Data_Generation.Add_Tracking_Numbers_To_User"/>
  <testcase name="Add_Tracking_Number" time="0.488" classname="Test_Data_Generation.Add_Tracking_Numbers_To_User"/>
  <testcase name="Add_Tracking_Number" time="0.562" classname="Test_Data_Generation.Add_Tracking_Numbers_To_User"/>
  <testcase name="Add_Tracking_Number" time="0.616" classname="Test_Data_Generation.Add_Tracking_Numbers_To_User"/>
  <testcase name="Add_Tracking_Number" time="0.499" classname="Test_Data_Generation.Add_Tracking_Numbers_To_User"/>
  <testcase name="Add_Tracking_Number" time="0.470" classname="Test_Data_Generation.Add_Tracking_Numbers_To_User"/>
  <testcase name="Add_Tracking_Number" time="0.663" classname="Test_Data_Generation.Add_Tracking_Numbers_To_User"/>
  <testcase name="Add_Tracking_Number" time="0.482" classname="Test_Data_Generation.Add_Tracking_Numbers_To_User"/>
  <testcase name="Add_Tracking_Number" time="0.550" classname="Test_Data_Generation.Add_Tracking_Numbers_To_User"/>
  <testcase name="Add_Tracking_Number" time="0.492" classname="Test_Data_Generation.Add_Tracking_Numbers_To_User"/>
  <testcase name="Add_Tracking_Number" time="0.567" classname="Test_Data_Generation.Add_Tracking_Numbers_To_User"/>
  <testcase name="Add_Tracking_Number" time="0.537" classname="Test_Data_Generation.Add_Tracking_Numbers_To_User"/>
  <testcase name="Add_Tracking_Number" time="0.222" classname="Test_Data_Generation.Add_Tracking_Numbers_To_User"/>
  <testcase name="Add_Tracking_Number" time="0.575" classname="Test_Data_Generation.Add_Tracking_Numbers_To_User"/>
  <testcase name="Add_Tracking_Number" time="0.567" classname="Test_Data_Generation.Add_Tracking_Numbers_To_User"/>
  <testcase name="Add_Tracking_Number" time="0.687" classname="Test_Data_Generation.Add_Tracking_Numbers_To_User"/>
  <testcase name="Add_Tracking_Number" time="0.570" classname="Test_Data_Generation.Add_Tracking_Numbers_To_User"/>
  <testcase name="Add_Tracking_Number" time="0.671" classname="Test_Data_Generation.Add_Tracking_Numbers_To_User"/>
  <testcase name="Add_Tracking_Number" time="0.487" classname="Test_Data_Generation.Add_Tracking_Numbers_To_User"/>
  <testcase name="Add_Tracking_Number" time="0.514" classname="Test_Data_Generation.Add_Tracking_Numbers_To_User"/>
  <testcase name="Add_Tracking_Number" time="0.581" classname="Test_Data_Generation.Add_Tracking_Numbers_To_User"/>
  <testcase name="Add_Tracking_Number" time="0.799" classname="Test_Data_Generation.Add_Tracking_Numbers_To_User"/>
  <testcase name="Add_Tracking_Number" time="0.438" classname="Test_Data_Generation.Add_Tracking_Numbers_To_User"/>
  <testcase name="Add_Tracking_Number" time="0.538" classname="Test_Data_Generation.Add_Tracking_Numbers_To_User"/>
  <testcase name="Add_Tracking_Number" time="0.766" classname="Test_Data_Generation.Add_Tracking_Numbers_To_User"/>
  <testcase name="Add_Tracking_Number" time="0.515" classname="Test_Data_Generation.Add_Tracking_Numbers_To_User"/>
  <testcase name="Add_Tracking_Number" time="0.698" classname="Test_Data_Generation.Add_Tracking_Numbers_To_User"/>
  <testcase name="Add_Tracking_Number" time="0.571" classname="Test_Data_Generation.Add_Tracking_Numbers_To_User"/>
  <testcase name="Add_Tracking_Number" time="0.543" classname="Test_Data_Generation.Add_Tracking_Numbers_To_User"/>
  <testcase name="Add_Tracking_Number" time="0.590" classname="Test_Data_Generation.Add_Tracking_Numbers_To_User"/>
  <testcase name="Add_Tracking_Number" time="0.529" classname="Test_Data_Generation.Add_Tracking_Numbers_To_User"/>
  <testcase name="Add_Tracking_Number" time="0.542" classname="Test_Data_Generation.Add_Tracking_Numbers_To_User"/>
  <testcase name="Add_Tracking_Number" time="0.546" classname="Test_Data_Generation.Add_Tracking_Numbers_To_User"/>
  <testcase name="Add_Tracking_Number" time="0.150" classname="Test_Data_Generation.Add_Tracking_Numbers_To_User"/>
  <testcase name="Add_Tracking_Number" time="0.465" classname="Test_Data_Generation.Add_Tracking_Numbers_To_User"/>
  <testcase name="Add_Tracking_Number" time="0.691" classname="Test_Data_Generation.Add_Tracking_Numbers_To_User"/>
  <testcase name="Add_Tracking_Number" time="0.518" classname="Test_Data_Generation.Add_Tracking_Numbers_To_User"/>
  <testcase name="Add_Tracking_Number" time="0.548" classname="Test_Data_Generation.Add_Tracking_Numbers_To_User"/>
  <testcase name="Add_Tracking_Number" time="0.473" classname="Test_Data_Generation.Add_Tracking_Numbers_To_User"/>
  <testcase name="Add_Tracking_Number" time="0.567" classname="Test_Data_Generation.Add_Tracking_Numbers_To_User"/>
  <testcase name="Add_Tracking_Number" time="0.556" classname="Test_Data_Generation.Add_Tracking_Numbers_To_User"/>
  <testcase name="Add_Tracking_Number" time="0.961" classname="Test_Data_Generation.Add_Tracking_Numbers_To_User"/>
  <testcase name="Add_Tracking_Number" time="0.500" classname="Test_Data_Generation.Add_Tracking_Numbers_To_User"/>
  <testcase name="Add_Tracking_Number" time="0.495" classname="Test_Data_Generation.Add_Tracking_Numbers_To_User"/>
  <testcase name="Add_Tracking_Number" time="0.600" classname="Test_Data_Generation.Add_Tracking_Numbers_To_User"/>
  <testcase name="Add_Tracking_Number" time="0.617" classname="Test_Data_Generation.Add_Tracking_Numbers_To_User"/>
  <testcase name="Add_Tracking_Number" time="0.055" classname="Test_Data_Generation.Add_Tracking_Numbers_To_User"/>
  <testcase name="Add_Tracking_Number" time="0.515" classname="Test_Data_Generation.Add_Tracking_Numbers_To_User"/>
  <testcase name="Add_Tracking_Number" time="0.444" classname="Test_Data_Generation.Add_Tracking_Numbers_To_User"/>
  <testcase name="Add_Tracking_Number" time="0.480" classname="Test_Data_Generation.Add_Tracking_Numbers_To_User"/>
  <testcase name="Add_Tracking_Number" time="0.549" classname="Test_Data_Generation.Add_Tracking_Numbers_To_User"/>
  <testcase name="Add_Tracking_Number" time="0.492" classname="Test_Data_Generation.Add_Tracking_Numbers_To_User"/>
  <testcase name="Add_Tracking_Number" time="0.510" classname="Test_Data_Generation.Add_Tracking_Numbers_To_User"/>
  <testcase name="Add_Tracking_Number" time="0.576" classname="Test_Data_Generation.Add_Tracking_Numbers_To_User"/>
  <testcase name="Add_Tracking_Number" time="0.599" classname="Test_Data_Generation.Add_Tracking_Numbers_To_User"/>
  <testcase name="Add_Tracking_Number" time="0.477" classname="Test_Data_Generation.Add_Tracking_Numbers_To_User"/>
  <testcase name="Add_Tracking_Number" time="0.587" classname="Test_Data_Generation.Add_Tracking_Numbers_To_User"/>
  <testcase name="Add_Tracking_Number" time="0.610" classname="Test_Data_Generation.Add_Tracking_Numbers_To_User"/>
  <testcase name="Add_Tracking_Number" time="0.476" classname="Test_Data_Generation.Add_Tracking_Numbers_To_User"/>
  <testcase name="Add_Tracking_Number" time="0.622" classname="Test_Data_Generation.Add_Tracking_Numbers_To_User"/>
  <testcase name="Add_Tracking_Number" time="0.671" classname="Test_Data_Generation.Add_Tracking_Numbers_To_User"/>
  <testcase name="Add_Tracking_Number" time="0.571" classname="Test_Data_Generation.Add_Tracking_Numbers_To_User"/>
  <testcase name="Add_Tracking_Number" time="0.654" classname="Test_Data_Generation.Add_Tracking_Numbers_To_User"/>
  <testcase name="Add_Tracking_Number" time="0.503" classname="Test_Data_Generation.Add_Tracking_Numbers_To_User"/>
  <testcase name="Add_Tracking_Number" time="0.484" classname="Test_Data_Generation.Add_Tracking_Numbers_To_User"/>
  <testcase name="Add_Tracking_Number" time="0.486" classname="Test_Data_Generation.Add_Tracking_Numbers_To_User"/>
  <testcase name="Add_Tracking_Number" time="0.156" classname="Test_Data_Generation.Add_Tracking_Numbers_To_User"/>
  <testcase name="Add_Tracking_Number" time="0.461" classname="Test_Data_Generation.Add_Tracking_Numbers_To_User"/>
  <testcase name="Add_Tracking_Number" time="0.580" classname="Test_Data_Generation.Add_Tracking_Numbers_To_User"/>
  <testcase name="Add_Tracking_Number" time="0.485" classname="Test_Data_Generation.Add_Tracking_Numbers_To_User"/>
  <testcase name="Add_Tracking_Number" time="0.488" classname="Test_Data_Generation.Add_Tracking_Numbers_To_User"/>
  <testcase name="Add_Tracking_Number" time="0.570" classname="Test_Data_Generation.Add_Tracking_Numbers_To_User"/>
  <testcase name="Add_Tracking_Number" time="0.517" classname="Test_Data_Generation.Add_Tracking_Numbers_To_User"/>
  <testcase name="Add_Tracking_Number" time="0.547" classname="Test_Data_Generation.Add_Tracking_Numbers_To_User"/>
  <testcase name="Add_Tracking_Number" time="0.504" classname="Test_Data_Generation.Add_Tracking_Numbers_To_User"/>
  <testcase name="Add_Tracking_Number" time="0.645" classname="Test_Data_Generation.Add_Tracking_Numbers_To_User"/>
  <testcase name="Add_Tracking_Number" time="0.528" classname="Test_Data_Generation.Add_Tracking_Numbers_To_User"/>
  <testcase name="Add_Tracking_Number" time="0.547" classname="Test_Data_Generation.Add_Tracking_Numbers_To_User"/>
  <testcase name="Add_Tracking_Number" time="0.579" classname="Test_Data_Generation.Add_Tracking_Numbers_To_User"/>
  <testcase name="Add_Tracking_Number" time="0.645" classname="Test_Data_Generation.Add_Tracking_Numbers_To_User"/>
  <testcase name="Add_Tracking_Number" time="0.516" classname="Test_Data_Generation.Add_Tracking_Numbers_To_User"/>
  <testcase name="Add_Tracking_Number" time="0.547" classname="Test_Data_Generation.Add_Tracking_Numbers_To_User"/>
  <testcase name="Add_Tracking_Number" time="0.473" classname="Test_Data_Generation.Add_Tracking_Numbers_To_User"/>
  <testcase name="Add_Tracking_Number" time="0.491" classname="Test_Data_Generation.Add_Tracking_Numbers_To_User"/>
  <testcase name="Add_Tracking_Number" time="0.548" classname="Test_Data_Generation.Add_Tracking_Numbers_To_User"/>
  <testcase name="Add_Tracking_Number" time="0.651" classname="Test_Data_Generation.Add_Tracking_Numbers_To_User"/>
  <testcase name="Add_Tracking_Number" time="0.534" classname="Test_Data_Generation.Add_Tracking_Numbers_To_User"/>
  <testcase name="Add_Tracking_Number" time="0.621" classname="Test_Data_Generation.Add_Tracking_Numbers_To_User"/>
  <testcase name="Add_Tracking_Number" time="0.527" classname="Test_Data_Generation.Add_Tracking_Numbers_To_User"/>
  <testcase name="Add_Tracking_Number" time="0.507" classname="Test_Data_Generation.Add_Tracking_Numbers_To_User"/>
  <testcase name="Add_Tracking_Number" time="0.549" classname="Test_Data_Generation.Add_Tracking_Numbers_To_User"/>
  <testcase name="Add_Tracking_Number" time="0.515" classname="Test_Data_Generation.Add_Tracking_Numbers_To_User"/>
  <testcase name="Add_Tracking_Number" time="0.571" classname="Test_Data_Generation.Add_Tracking_Numbers_To_User"/>
  <testcase name="Add_Tracking_Number" time="0.476" classname="Test_Data_Generation.Add_Tracking_Numbers_To_User"/>
  <testcase name="Add_Tracking_Number" time="0.479" classname="Test_Data_Generation.Add_Tracking_Numbers_To_User"/>
  <testcase name="Add_Tracking_Number" time="0.558" classname="Test_Data_Generation.Add_Tracking_Numbers_To_User"/>
  <testcase name="Add_Tracking_Number" time="0.452" classname="Test_Data_Generation.Add_Tracking_Numbers_To_User"/>
  <testcase name="Add_Tracking_Number" time="0.485" classname="Test_Data_Generation.Add_Tracking_Numbers_To_User"/>
  <testcase name="Add_Tracking_Number" time="0.468" classname="Test_Data_Generation.Add_Tracking_Numbers_To_User"/>
  <testcase name="Add_Tracking_Number" time="0.556" classname="Test_Data_Generation.Add_Tracking_Numbers_To_User"/>
  <testcase name="Add_Tracking_Number" time="0.522" classname="Test_Data_Generation.Add_Tracking_Numbers_To_User"/>
  <testcase name="Add_Tracking_Number" time="0.584" classname="Test_Data_Generation.Add_Tracking_Numbers_To_User"/>
  <testcase name="Add_Tracking_Number" time="0.480" classname="Test_Data_Generation.Add_Tracking_Numbers_To_User"/>
  <testcase name="Add_Tracking_Number" time="0.493" classname="Test_Data_Generation.Add_Tracking_Numbers_To_User"/>
  <testcase name="Add_Tracking_Number" time="0.614" classname="Test_Data_Generation.Add_Tracking_Numbers_To_User"/>
  <testcase name="Add_Tracking_Number" time="0.614" classname="Test_Data_Generation.Add_Tracking_Numbers_To_User"/>
  <testcase name="Add_Tracking_Number" time="0.523" classname="Test_Data_Generation.Add_Tracking_Numbers_To_User"/>
  <testcase name="Add_Tracking_Number" time="0.533" classname="Test_Data_Generation.Add_Tracking_Numbers_To_User"/>
  <testcase name="Add_Tracking_Number" time="0.454" classname="Test_Data_Generation.Add_Tracking_Numbers_To_User"/>
  <testcase name="Add_Tracking_Number" time="0.742" classname="Test_Data_Generation.Add_Tracking_Numbers_To_User"/>
  <testcase name="Add_Tracking_Number" time="0.521" classname="Test_Data_Generation.Add_Tracking_Numbers_To_User"/>
  <testcase name="Add_Tracking_Number" time="0.597" classname="Test_Data_Generation.Add_Tracking_Numbers_To_User"/>
  <testcase name="Add_Tracking_Number" time="0.661" classname="Test_Data_Generation.Add_Tracking_Numbers_To_User"/>
  <testcase name="Add_Tracking_Number" time="0.545" classname="Test_Data_Generation.Add_Tracking_Numbers_To_User"/>
  <testcase name="Add_Tracking_Number" time="0.601" classname="Test_Data_Generation.Add_Tracking_Numbers_To_User"/>
  <testcase name="Add_Tracking_Number" time="0.576" classname="Test_Data_Generation.Add_Tracking_Numbers_To_User"/>
  <testcase name="Add_Tracking_Number" time="0.498" classname="Test_Data_Generation.Add_Tracking_Numbers_To_User"/>
  <testcase name="Add_Tracking_Number" time="0.515" classname="Test_Data_Generation.Add_Tracking_Numbers_To_User"/>
  <testcase name="Add_Tracking_Number" time="0.659" classname="Test_Data_Generation.Add_Tracking_Numbers_To_User"/>
  <testcase name="Add_Tracking_Number" time="0.381" classname="Test_Data_Generation.Add_Tracking_Numbers_To_User"/>
  <testcase name="Add_Tracking_Number" time="0.511" classname="Test_Data_Generation.Add_Tracking_Numbers_To_User"/>
  <testcase name="Add_Tracking_Number" time="0.607" classname="Test_Data_Generation.Add_Tracking_Numbers_To_User"/>
  <testcase name="Add_Tracking_Number" time="0.749" classname="Test_Data_Generation.Add_Tracking_Numbers_To_User"/>
  <testcase name="Add_Tracking_Number" time="0.558" classname="Test_Data_Generation.Add_Tracking_Numbers_To_User"/>
  <testcase name="Add_Tracking_Number" time="0.567" classname="Test_Data_Generation.Add_Tracking_Numbers_To_User"/>
  <testcase name="Add_Tracking_Number" time="0.474" classname="Test_Data_Generation.Add_Tracking_Numbers_To_User"/>
  <testcase name="Add_Tracking_Number" time="0.505" classname="Test_Data_Generation.Add_Tracking_Numbers_To_User"/>
  <testcase name="Add_Tracking_Number" time="0.499" classname="Test_Data_Generation.Add_Tracking_Numbers_To_User"/>
  <testcase name="Add_Tracking_Number" time="0.803" classname="Test_Data_Generation.Add_Tracking_Numbers_To_User"/>
  <testcase name="Add_Tracking_Number" time="0.624" classname="Test_Data_Generation.Add_Tracking_Numbers_To_User"/>
  <testcase name="Add_Tracking_Number" time="0.479" classname="Test_Data_Generation.Add_Tracking_Numbers_To_User"/>
  <testcase name="Add_Tracking_Number" time="0.518" classname="Test_Data_Generation.Add_Tracking_Numbers_To_User"/>
  <testcase name="Add_Tracking_Number" time="0.638" classname="Test_Data_Generation.Add_Tracking_Numbers_To_User"/>
  <testcase name="Add_Tracking_Number" time="0.551" classname="Test_Data_Generation.Add_Tracking_Numbers_To_User"/>
  <testcase name="Add_Tracking_Number" time="0.583" classname="Test_Data_Generation.Add_Tracking_Numbers_To_User"/>
  <testcase name="Add_Tracking_Number" time="0.544" classname="Test_Data_Generation.Add_Tracking_Numbers_To_User"/>
  <testcase name="Add_Tracking_Number" time="0.505" classname="Test_Data_Generation.Add_Tracking_Numbers_To_User"/>
  <testcase name="Add_Tracking_Number" time="0.554" classname="Test_Data_Generation.Add_Tracking_Numbers_To_User"/>
  <testcase name="Add_Tracking_Number" time="0.510" classname="Test_Data_Generation.Add_Tracking_Numbers_To_User"/>
  <testcase name="Add_Tracking_Number" time="0.503" classname="Test_Data_Generation.Add_Tracking_Numbers_To_User"/>
  <testcase name="Add_Tracking_Number" time="0.519" classname="Test_Data_Generation.Add_Tracking_Numbers_To_User"/>
  <testcase name="Add_Tracking_Number" time="0.528" classname="Test_Data_Generation.Add_Tracking_Numbers_To_User"/>
  <testcase name="Add_Tracking_Number" time="0.429" classname="Test_Data_Generation.Add_Tracking_Numbers_To_User"/>
  <testcase name="Add_Tracking_Number" time="0.612" classname="Test_Data_Generation.Add_Tracking_Numbers_To_User"/>
  <testcase name="Add_Tracking_Number" time="0.489" classname="Test_Data_Generation.Add_Tracking_Numbers_To_User"/>
  <testcase name="Add_Tracking_Number" time="0.469" classname="Test_Data_Generation.Add_Tracking_Numbers_To_User"/>
  <testcase name="Add_Tracking_Number" time="0.225" classname="Test_Data_Generation.Add_Tracking_Numbers_To_User"/>
  <testcase name="Add_Tracking_Number" time="0.224" classname="Test_Data_Generation.Add_Tracking_Numbers_To_User"/>
  <testcase name="Add_Tracking_Number" time="0.516" classname="Test_Data_Generation.Add_Tracking_Numbers_To_User"/>
  <testcase name="Add_Tracking_Number" time="0.148" classname="Test_Data_Generation.Add_Tracking_Numbers_To_User"/>
  <testcase name="Add_Tracking_Number" time="0.548" classname="Test_Data_Generation.Add_Tracking_Numbers_To_User"/>
  <testcase name="Add_Tracking_Number" time="0.530" classname="Test_Data_Generation.Add_Tracking_Numbers_To_User"/>
  <testcase name="Add_Tracking_Number" time="0.481" classname="Test_Data_Generation.Add_Tracking_Numbers_To_User"/>
  <testcase name="Add_Tracking_Number" time="0.524" classname="Test_Data_Generation.Add_Tracking_Numbers_To_User"/>
  <testcase name="Add_Tracking_Number" time="0.494" classname="Test_Data_Generation.Add_Tracking_Numbers_To_User"/>
  <testcase name="Add_Tracking_Number" time="0.536" classname="Test_Data_Generation.Add_Tracking_Numbers_To_User"/>
  <testcase name="Add_Tracking_Number" time="0.622" classname="Test_Data_Generation.Add_Tracking_Numbers_To_User"/>
  <testcase name="Add_Tracking_Number" time="0.543" classname="Test_Data_Generation.Add_Tracking_Numbers_To_User"/>
  <testcase name="Add_Tracking_Number" time="0.474" classname="Test_Data_Generation.Add_Tracking_Numbers_To_User"/>
  <testcase name="Add_Tracking_Number" time="1.117" classname="Test_Data_Generation.Add_Tracking_Numbers_To_User"/>
  <testcase name="Add_Tracking_Number" time="0.488" classname="Test_Data_Generation.Add_Tracking_Numbers_To_User"/>
  <testcase name="Add_Tracking_Number" time="0.751" classname="Test_Data_Generation.Add_Tracking_Numbers_To_User"/>
  <testcase name="Add_Tracking_Number" time="0.617" classname="Test_Data_Generation.Add_Tracking_Numbers_To_User"/>
  <testcase name="Add_Tracking_Number" time="0.479" classname="Test_Data_Generation.Add_Tracking_Numbers_To_User"/>
  <testcase name="Add_Tracking_Number" time="0.497" classname="Test_Data_Generation.Add_Tracking_Numbers_To_User"/>
  <testcase name="Add_Tracking_Number" time="0.531" classname="Test_Data_Generation.Add_Tracking_Numbers_To_User"/>
  <testcase name="Add_Tracking_Number" time="0.552" classname="Test_Data_Generation.Add_Tracking_Numbers_To_User"/>
  <testcase name="Add_Tracking_Number" time="0.570" classname="Test_Data_Generation.Add_Tracking_Numbers_To_User"/>
  <testcase name="Add_Tracking_Number" time="0.594" classname="Test_Data_Generation.Add_Tracking_Numbers_To_User"/>
  <testcase name="Add_Tracking_Number" time="0.676" classname="Test_Data_Generation.Add_Tracking_Numbers_To_User"/>
  <testcase name="Add_Tracking_Number" time="0.529" classname="Test_Data_Generation.Add_Tracking_Numbers_To_User"/>
  <testcase name="Add_Tracking_Number" time="0.471" classname="Test_Data_Generation.Add_Tracking_Numbers_To_User"/>
  <testcase name="Add_Tracking_Number" time="0.635" classname="Test_Data_Generation.Add_Tracking_Numbers_To_User"/>
  <testcase name="Add_Tracking_Number" time="0.511" classname="Test_Data_Generation.Add_Tracking_Numbers_To_User"/>
  <testcase name="Add_Tracking_Number" time="0.626" classname="Test_Data_Generation.Add_Tracking_Numbers_To_User"/>
  <testcase name="Add_Tracking_Number" time="0.615" classname="Test_Data_Generation.Add_Tracking_Numbers_To_User"/>
  <testcase name="Add_Tracking_Number" time="0.694" classname="Test_Data_Generation.Add_Tracking_Numbers_To_User"/>
  <testcase name="Add_Tracking_Number" time="0.501" classname="Test_Data_Generation.Add_Tracking_Numbers_To_User"/>
  <testcase name="Add_Tracking_Number" time="0.486" classname="Test_Data_Generation.Add_Tracking_Numbers_To_User"/>
  <testcase name="Add_Tracking_Number" time="0.792" classname="Test_Data_Generation.Add_Tracking_Numbers_To_User"/>
  <testcase name="Add_Tracking_Number" time="0.523" classname="Test_Data_Generation.Add_Tracking_Numbers_To_User"/>
  <testcase name="Add_Tracking_Number" time="0.555" classname="Test_Data_Generation.Add_Tracking_Numbers_To_User"/>
  <testcase name="Add_Tracking_Number" time="0.496" classname="Test_Data_Generation.Add_Tracking_Numbers_To_User"/>
  <testcase name="Add_Tracking_Number" time="0.552" classname="Test_Data_Generation.Add_Tracking_Numbers_To_User"/>
  <testcase name="Add_Tracking_Number" time="0.553" classname="Test_Data_Generation.Add_Tracking_Numbers_To_User"/>
  <testcase name="Add_Tracking_Number" time="0.514" classname="Test_Data_Generation.Add_Tracking_Numbers_To_User"/>
  <testcase name="Add_Tracking_Number" time="0.745" classname="Test_Data_Generation.Add_Tracking_Numbers_To_User"/>
  <testcase name="Add_Tracking_Number" time="0.710" classname="Test_Data_Generation.Add_Tracking_Numbers_To_User"/>
  <testcase name="Add_Tracking_Number" time="0.638" classname="Test_Data_Generation.Add_Tracking_Numbers_To_User"/>
  <testcase name="Add_Tracking_Number" time="0.618" classname="Test_Data_Generation.Add_Tracking_Numbers_To_User"/>
  <testcase name="Add_Tracking_Number" time="0.588" classname="Test_Data_Generation.Add_Tracking_Numbers_To_User"/>
  <testcase name="Add_Tracking_Number" time="0.544" classname="Test_Data_Generation.Add_Tracking_Numbers_To_User"/>
  <testcase name="Add_Tracking_Number" time="0.544" classname="Test_Data_Generation.Add_Tracking_Numbers_To_User"/>
  <testcase name="Add_Tracking_Number" time="0.849" classname="Test_Data_Generation.Add_Tracking_Numbers_To_User"/>
  <testcase name="Add_Tracking_Number" time="0.650" classname="Test_Data_Generation.Add_Tracking_Numbers_To_User"/>
  <testcase name="Add_Tracking_Number" time="0.493" classname="Test_Data_Generation.Add_Tracking_Numbers_To_User"/>
  <testcase name="Add_Tracking_Number" time="0.491" classname="Test_Data_Generation.Add_Tracking_Numbers_To_User"/>
  <testcase name="Add_Tracking_Number" time="0.927" classname="Test_Data_Generation.Add_Tracking_Numbers_To_User"/>
  <testcase name="Add_Tracking_Number" time="0.553" classname="Test_Data_Generation.Add_Tracking_Numbers_To_User"/>
  <testcase name="Add_Tracking_Number" time="0.535" classname="Test_Data_Generation.Add_Tracking_Numbers_To_User"/>
  <testcase name="Add_Tracking_Number" time="0.606" classname="Test_Data_Generation.Add_Tracking_Numbers_To_User"/>
  <testcase name="Add_Tracking_Number" time="0.665" classname="Test_Data_Generation.Add_Tracking_Numbers_To_User"/>
  <testcase name="Add_Tracking_Number" time="0.727" classname="Test_Data_Generation.Add_Tracking_Numbers_To_User"/>
  <testcase name="Add_Tracking_Number" time="0.446" classname="Test_Data_Generation.Add_Tracking_Numbers_To_User"/>
  <testcase name="Add_Tracking_Number" time="0.503" classname="Test_Data_Generation.Add_Tracking_Numbers_To_User"/>
  <testcase name="Add_Tracking_Number" time="0.761" classname="Test_Data_Generation.Add_Tracking_Numbers_To_User"/>
  <testcase name="Add_Tracking_Number" time="0.511" classname="Test_Data_Generation.Add_Tracking_Numbers_To_User"/>
  <testcase name="Add_Tracking_Number" time="0.510" classname="Test_Data_Generation.Add_Tracking_Numbers_To_User"/>
  <testcase name="Add_Tracking_Number" time="0.588" classname="Test_Data_Generation.Add_Tracking_Numbers_To_User"/>
  <testcase name="Add_Tracking_Number" time="0.691" classname="Test_Data_Generation.Add_Tracking_Numbers_To_User"/>
  <testcase name="Add_Tracking_Number" time="0.577" classname="Test_Data_Generation.Add_Tracking_Numbers_To_User"/>
  <testcase name="Add_Tracking_Number" time="0.593" classname="Test_Data_Generation.Add_Tracking_Numbers_To_User"/>
  <testcase name="Add_Tracking_Number" time="0.555" classname="Test_Data_Generation.Add_Tracking_Numbers_To_User"/>
  <testcase name="Add_Tracking_Number" time="0.590" classname="Test_Data_Generation.Add_Tracking_Numbers_To_User"/>
  <testcase name="Add_Tracking_Number" time="0.483" classname="Test_Data_Generation.Add_Tracking_Numbers_To_User"/>
  <testcase name="Add_Tracking_Number" time="0.580" classname="Test_Data_Generation.Add_Tracking_Numbers_To_User"/>
  <testcase name="Add_Tracking_Number" time="0.518" classname="Test_Data_Generation.Add_Tracking_Numbers_To_User"/>
  <testcase name="Add_Tracking_Number" time="0.675" classname="Test_Data_Generation.Add_Tracking_Numbers_To_User"/>
  <testcase name="Add_Tracking_Number" time="0.542" classname="Test_Data_Generation.Add_Tracking_Numbers_To_User"/>
  <testcase name="Add_Tracking_Number" time="0.506" classname="Test_Data_Generation.Add_Tracking_Numbers_To_User"/>
  <testcase name="Add_Tracking_Number" time="0.494" classname="Test_Data_Generation.Add_Tracking_Numbers_To_User"/>
  <testcase name="Add_Tracking_Number" time="0.605" classname="Test_Data_Generation.Add_Tracking_Numbers_To_User"/>
  <testcase name="Add_Tracking_Number" time="0.540" classname="Test_Data_Generation.Add_Tracking_Numbers_To_User"/>
  <testcase name="Add_Tracking_Number" time="0.562" classname="Test_Data_Generation.Add_Tracking_Numbers_To_User"/>
  <testcase name="Add_Tracking_Number" time="0.592" classname="Test_Data_Generation.Add_Tracking_Numbers_To_User"/>
  <testcase name="Add_Tracking_Number" time="0.545" classname="Test_Data_Generation.Add_Tracking_Numbers_To_User"/>
  <testcase name="Add_Tracking_Number" time="0.547" classname="Test_Data_Generation.Add_Tracking_Numbers_To_User"/>
  <testcase name="Add_Tracking_Number" time="0.517" classname="Test_Data_Generation.Add_Tracking_Numbers_To_User"/>
  <testcase name="Add_Tracking_Number" time="0.503" classname="Test_Data_Generation.Add_Tracking_Numbers_To_User"/>
  <testcase name="Add_Tracking_Number" time="0.488" classname="Test_Data_Generation.Add_Tracking_Numbers_To_User"/>
  <testcase name="Add_Tracking_Number" time="0.524" classname="Test_Data_Generation.Add_Tracking_Numbers_To_User"/>
  <testcase name="Add_Tracking_Number" time="0.529" classname="Test_Data_Generation.Add_Tracking_Numbers_To_User"/>
  <testcase name="Add_Tracking_Number" time="0.525" classname="Test_Data_Generation.Add_Tracking_Numbers_To_User"/>
  <testcase name="Add_Tracking_Number" time="0.563" classname="Test_Data_Generation.Add_Tracking_Numbers_To_User"/>
  <testcase name="Add_Tracking_Number" time="0.520" classname="Test_Data_Generation.Add_Tracking_Numbers_To_User"/>
  <testcase name="Add_Tracking_Number" time="0.543" classname="Test_Data_Generation.Add_Tracking_Numbers_To_User"/>
  <testcase name="Add_Tracking_Number" time="0.468" classname="Test_Data_Generation.Add_Tracking_Numbers_To_User"/>
  <testcase name="Add_Tracking_Number" time="0.563" classname="Test_Data_Generation.Add_Tracking_Numbers_To_User"/>
  <testcase name="Add_Tracking_Number" time="0.580" classname="Test_Data_Generation.Add_Tracking_Numbers_To_User"/>
  <testcase name="Add_Tracking_Number" time="0.530" classname="Test_Data_Generation.Add_Tracking_Numbers_To_User"/>
  <testcase name="Add_Tracking_Number" time="0.670" classname="Test_Data_Generation.Add_Tracking_Numbers_To_User"/>
  <testcase name="Add_Tracking_Number" time="0.665" classname="Test_Data_Generation.Add_Tracking_Numbers_To_User"/>
  <testcase name="Add_Tracking_Number" time="0.496" classname="Test_Data_Generation.Add_Tracking_Numbers_To_User"/>
  <testcase name="Add_Tracking_Number" time="0.533" classname="Test_Data_Generation.Add_Tracking_Numbers_To_User"/>
  <testcase name="Add_Tracking_Number" time="0.519" classname="Test_Data_Generation.Add_Tracking_Numbers_To_User"/>
  <testcase name="Add_Tracking_Number" time="0.792" classname="Test_Data_Generation.Add_Tracking_Numbers_To_User"/>
  <testcase name="Add_Tracking_Number" time="0.454" classname="Test_Data_Generation.Add_Tracking_Numbers_To_User"/>
  <testcase name="Add_Tracking_Number" time="0.478" classname="Test_Data_Generation.Add_Tracking_Numbers_To_User"/>
  <testcase name="Add_Tracking_Number" time="0.478" classname="Test_Data_Generation.Add_Tracking_Numbers_To_User"/>
  <testcase name="Add_Tracking_Number" time="0.458" classname="Test_Data_Generation.Add_Tracking_Numbers_To_User"/>
  <testcase name="Add_Tracking_Number" time="0.587" classname="Test_Data_Generation.Add_Tracking_Numbers_To_User"/>
  <testcase name="Add_Tracking_Number" time="0.506" classname="Test_Data_Generation.Add_Tracking_Numbers_To_User"/>
  <testcase name="Add_Tracking_Number" time="0.540" classname="Test_Data_Generation.Add_Tracking_Numbers_To_User"/>
  <testcase name="Add_Tracking_Number" time="0.527" classname="Test_Data_Generation.Add_Tracking_Numbers_To_User"/>
  <testcase name="Add_Tracking_Number" time="0.667" classname="Test_Data_Generation.Add_Tracking_Numbers_To_User"/>
  <testcase name="Add_Tracking_Number" time="0.670" classname="Test_Data_Generation.Add_Tracking_Numbers_To_User"/>
  <testcase name="Add_Tracking_Number" time="0.549" classname="Test_Data_Generation.Add_Tracking_Numbers_To_User"/>
  <testcase name="Add_Tracking_Number" time="0.541" classname="Test_Data_Generation.Add_Tracking_Numbers_To_User"/>
  <testcase name="Add_Tracking_Number" time="0.609" classname="Test_Data_Generation.Add_Tracking_Numbers_To_User"/>
  <testcase name="Add_Tracking_Number" time="0.545" classname="Test_Data_Generation.Add_Tracking_Numbers_To_User"/>
  <testcase name="Add_Tracking_Number" time="0.708" classname="Test_Data_Generation.Add_Tracking_Numbers_To_User"/>
  <testcase name="Add_Tracking_Number" time="0.214" classname="Test_Data_Generation.Add_Tracking_Numbers_To_User"/>
  <testcase name="Add_Tracking_Number" time="0.490" classname="Test_Data_Generation.Add_Tracking_Numbers_To_User"/>
  <testcase name="Add_Tracking_Number" time="0.522" classname="Test_Data_Generation.Add_Tracking_Numbers_To_User"/>
  <testcase name="Add_Tracking_Number" time="0.712" classname="Test_Data_Generation.Add_Tracking_Numbers_To_User"/>
  <testcase name="Add_Tracking_Number" time="0.755" classname="Test_Data_Generation.Add_Tracking_Numbers_To_User"/>
  <testcase name="Add_Tracking_Number" time="0.485" classname="Test_Data_Generation.Add_Tracking_Numbers_To_User"/>
  <testcase name="Add_Tracking_Number" time="0.049" classname="Test_Data_Generation.Add_Tracking_Numbers_To_User"/>
  <testcase name="Add_Tracking_Number" time="0.228" classname="Test_Data_Generation.Add_Tracking_Numbers_To_User"/>
  <testcase name="Add_Tracking_Number" time="0.532" classname="Test_Data_Generation.Add_Tracking_Numbers_To_User"/>
  <testcase name="Add_Tracking_Number" time="0.483" classname="Test_Data_Generation.Add_Tracking_Numbers_To_User"/>
  <testcase name="Add_Tracking_Number" time="0.567" classname="Test_Data_Generation.Add_Tracking_Numbers_To_User"/>
  <testcase name="Add_Tracking_Number" time="0.495" classname="Test_Data_Generation.Add_Tracking_Numbers_To_User"/>
  <testcase name="Add_Tracking_Number" time="0.671" classname="Test_Data_Generation.Add_Tracking_Numbers_To_User"/>
  <testcase name="Add_Tracking_Number" time="0.517" classname="Test_Data_Generation.Add_Tracking_Numbers_To_User"/>
  <testcase name="Add_Tracking_Number" time="0.451" classname="Test_Data_Generation.Add_Tracking_Numbers_To_User"/>
  <testcase name="Add_Tracking_Number" time="0.557" classname="Test_Data_Generation.Add_Tracking_Numbers_To_User"/>
  <testcase name="Add_Tracking_Number" time="0.535" classname="Test_Data_Generation.Add_Tracking_Numbers_To_User"/>
  <testcase name="Add_Tracking_Number" time="0.562" classname="Test_Data_Generation.Add_Tracking_Numbers_To_User"/>
  <testcase name="Add_Tracking_Number" time="0.729" classname="Test_Data_Generation.Add_Tracking_Numbers_To_User"/>
  <testcase name="Add_Tracking_Number" time="0.428" classname="Test_Data_Generation.Add_Tracking_Numbers_To_User"/>
  <testcase name="Add_Tracking_Number" time="0.613" classname="Test_Data_Generation.Add_Tracking_Numbers_To_User"/>
  <testcase name="Add_Tracking_Number" time="0.488" classname="Test_Data_Generation.Add_Tracking_Numbers_To_User"/>
  <testcase name="Add_Tracking_Number" time="0.693" classname="Test_Data_Generation.Add_Tracking_Numbers_To_User"/>
  <testcase name="Add_Tracking_Number" time="0.632" classname="Test_Data_Generation.Add_Tracking_Numbers_To_User"/>
  <testcase name="Add_Tracking_Number" time="0.548" classname="Test_Data_Generation.Add_Tracking_Numbers_To_User"/>
  <testcase name="Add_Tracking_Number" time="0.530" classname="Test_Data_Generation.Add_Tracking_Numbers_To_User"/>
  <testcase name="Add_Tracking_Number" time="0.484" classname="Test_Data_Generation.Add_Tracking_Numbers_To_User"/>
  <testcase name="Add_Tracking_Number" time="0.560" classname="Test_Data_Generation.Add_Tracking_Numbers_To_User"/>
  <testcase name="Add_Tracking_Number" time="0.540" classname="Test_Data_Generation.Add_Tracking_Numbers_To_User"/>
  <testcase name="Add_Tracking_Number" time="0.599" classname="Test_Data_Generation.Add_Tracking_Numbers_To_User"/>
  <testcase name="Add_Tracking_Number" time="0.052" classname="Test_Data_Generation.Add_Tracking_Numbers_To_User"/>
  <testcase name="Add_Tracking_Number" time="0.571" classname="Test_Data_Generation.Add_Tracking_Numbers_To_User"/>
  <testcase name="Add_Tracking_Number" time="0.571" classname="Test_Data_Generation.Add_Tracking_Numbers_To_User"/>
  <testcase name="Add_Tracking_Number" time="0.542" classname="Test_Data_Generation.Add_Tracking_Numbers_To_User"/>
  <testcase name="Add_Tracking_Number" time="0.477" classname="Test_Data_Generation.Add_Tracking_Numbers_To_User"/>
  <testcase name="Add_Tracking_Number" time="0.528" classname="Test_Data_Generation.Add_Tracking_Numbers_To_User"/>
  <testcase name="Add_Tracking_Number" time="0.534" classname="Test_Data_Generation.Add_Tracking_Numbers_To_User"/>
  <testcase name="Add_Tracking_Number" time="0.564" classname="Test_Data_Generation.Add_Tracking_Numbers_To_User"/>
  <testcase name="Add_Tracking_Number" time="0.464" classname="Test_Data_Generation.Add_Tracking_Numbers_To_User"/>
  <testcase name="Add_Tracking_Number" time="0.478" classname="Test_Data_Generation.Add_Tracking_Numbers_To_User"/>
  <testcase name="Add_Tracking_Number" time="0.504" classname="Test_Data_Generation.Add_Tracking_Numbers_To_User"/>
  <testcase name="Add_Tracking_Number" time="0.503" classname="Test_Data_Generation.Add_Tracking_Numbers_To_User"/>
  <testcase name="Add_Tracking_Number" time="0.472" classname="Test_Data_Generation.Add_Tracking_Numbers_To_User"/>
  <testcase name="Add_Tracking_Number" time="0.515" classname="Test_Data_Generation.Add_Tracking_Numbers_To_User"/>
  <testcase name="Add_Tracking_Number" time="0.543" classname="Test_Data_Generation.Add_Tracking_Numbers_To_User"/>
  <testcase name="Add_Tracking_Number" time="0.706" classname="Test_Data_Generation.Add_Tracking_Numbers_To_User"/>
  <testcase name="Add_Tracking_Number" time="0.597" classname="Test_Data_Generation.Add_Tracking_Numbers_To_User"/>
  <testcase name="Add_Tracking_Number" time="0.537" classname="Test_Data_Generation.Add_Tracking_Numbers_To_User"/>
  <testcase name="Add_Tracking_Number" time="0.486" classname="Test_Data_Generation.Add_Tracking_Numbers_To_User"/>
  <testcase name="Add_Tracking_Number" time="0.669" classname="Test_Data_Generation.Add_Tracking_Numbers_To_User"/>
  <testcase name="Add_Tracking_Number" time="0.495" classname="Test_Data_Generation.Add_Tracking_Numbers_To_User"/>
  <testcase name="Add_Tracking_Number" time="0.587" classname="Test_Data_Generation.Add_Tracking_Numbers_To_User"/>
  <testcase name="Add_Tracking_Number" time="0.940" classname="Test_Data_Generation.Add_Tracking_Numbers_To_User"/>
  <testcase name="Add_Tracking_Number" time="0.594" classname="Test_Data_Generation.Add_Tracking_Numbers_To_User"/>
  <testcase name="Add_Tracking_Number" time="0.577" classname="Test_Data_Generation.Add_Tracking_Numbers_To_User"/>
  <testcase name="Add_Tracking_Number" time="0.536" classname="Test_Data_Generation.Add_Tracking_Numbers_To_User"/>
  <testcase name="Add_Tracking_Number" time="0.531" classname="Test_Data_Generation.Add_Tracking_Numbers_To_User"/>
  <testcase name="Add_Tracking_Number" time="0.200" classname="Test_Data_Generation.Add_Tracking_Numbers_To_User"/>
  <testcase name="Add_Tracking_Number" time="0.516" classname="Test_Data_Generation.Add_Tracking_Numbers_To_User"/>
  <testcase name="Add_Tracking_Number" time="0.507" classname="Test_Data_Generation.Add_Tracking_Numbers_To_User"/>
  <testcase name="Add_Tracking_Number" time="0.541" classname="Test_Data_Generation.Add_Tracking_Numbers_To_User"/>
  <testcase name="Add_Tracking_Number" time="0.578" classname="Test_Data_Generation.Add_Tracking_Numbers_To_User"/>
  <testcase name="Add_Tracking_Number" time="0.503" classname="Test_Data_Generation.Add_Tracking_Numbers_To_User"/>
  <testcase name="Add_Tracking_Number" time="0.561" classname="Test_Data_Generation.Add_Tracking_Numbers_To_User"/>
  <testcase name="Add_Tracking_Number" time="0.648" classname="Test_Data_Generation.Add_Tracking_Numbers_To_User"/>
  <testcase name="Add_Tracking_Number" time="0.592" classname="Test_Data_Generation.Add_Tracking_Numbers_To_User"/>
  <testcase name="Add_Tracking_Number" time="0.481" classname="Test_Data_Generation.Add_Tracking_Numbers_To_User"/>
  <testcase name="Add_Tracking_Number" time="0.588" classname="Test_Data_Generation.Add_Tracking_Numbers_To_User"/>
  <testcase name="Add_Tracking_Number" time="0.528" classname="Test_Data_Generation.Add_Tracking_Numbers_To_User"/>
  <testcase name="Add_Tracking_Number" time="0.513" classname="Test_Data_Generation.Add_Tracking_Numbers_To_User"/>
  <testcase name="Add_Tracking_Number" time="0.485" classname="Test_Data_Generation.Add_Tracking_Numbers_To_User"/>
  <testcase name="Add_Tracking_Number" time="0.564" classname="Test_Data_Generation.Add_Tracking_Numbers_To_User"/>
  <testcase name="Add_Tracking_Number" time="0.548" classname="Test_Data_Generation.Add_Tracking_Numbers_To_User"/>
  <testcase name="Add_Tracking_Number" time="0.475" classname="Test_Data_Generation.Add_Tracking_Numbers_To_User"/>
  <testcase name="Add_Tracking_Number" time="0.517" classname="Test_Data_Generation.Add_Tracking_Numbers_To_User"/>
  <testcase name="Add_Tracking_Number" time="0.542" classname="Test_Data_Generation.Add_Tracking_Numbers_To_User"/>
  <testcase name="Add_Tracking_Number" time="0.483" classname="Test_Data_Generation.Add_Tracking_Numbers_To_User"/>
  <testcase name="Add_Tracking_Number" time="0.479" classname="Test_Data_Generation.Add_Tracking_Numbers_To_User"/>
  <testcase name="Add_Tracking_Number" time="0.549" classname="Test_Data_Generation.Add_Tracking_Numbers_To_User"/>
  <testcase name="Add_Tracking_Number" time="0.579" classname="Test_Data_Generation.Add_Tracking_Numbers_To_User"/>
  <testcase name="Add_Tracking_Number" time="0.506" classname="Test_Data_Generation.Add_Tracking_Numbers_To_User"/>
  <testcase name="Add_Tracking_Number" time="0.439" classname="Test_Data_Generation.Add_Tracking_Numbers_To_User"/>
  <testcase name="Add_Tracking_Number" time="0.516" classname="Test_Data_Generation.Add_Tracking_Numbers_To_User"/>
  <testcase name="Add_Tracking_Number" time="0.585" classname="Test_Data_Generation.Add_Tracking_Numbers_To_User"/>
  <testcase name="Add_Tracking_Number" time="0.515" classname="Test_Data_Generation.Add_Tracking_Numbers_To_User"/>
  <testcase name="Add_Tracking_Number" time="0.631" classname="Test_Data_Generation.Add_Tracking_Numbers_To_User"/>
  <testcase name="Add_Tracking_Number" time="0.462" classname="Test_Data_Generation.Add_Tracking_Numbers_To_User"/>
  <testcase name="Add_Tracking_Number" time="0.523" classname="Test_Data_Generation.Add_Tracking_Numbers_To_User"/>
  <testcase name="Add_Tracking_Number" time="0.823" classname="Test_Data_Generation.Add_Tracking_Numbers_To_User"/>
  <testcase name="Add_Tracking_Number" time="0.546" classname="Test_Data_Generation.Add_Tracking_Numbers_To_User"/>
  <testcase name="Add_Tracking_Number" time="0.523" classname="Test_Data_Generation.Add_Tracking_Numbers_To_User"/>
  <testcase name="Add_Tracking_Number" time="0.574" classname="Test_Data_Generation.Add_Tracking_Numbers_To_User"/>
  <testcase name="Add_Tracking_Number" time="0.509" classname="Test_Data_Generation.Add_Tracking_Numbers_To_User"/>
  <testcase name="Add_Tracking_Number" time="0.684" classname="Test_Data_Generation.Add_Tracking_Numbers_To_User"/>
  <testcase name="Add_Tracking_Number" time="0.581" classname="Test_Data_Generation.Add_Tracking_Numbers_To_User"/>
  <testcase name="Add_Tracking_Number" time="0.524" classname="Test_Data_Generation.Add_Tracking_Numbers_To_User"/>
  <testcase name="Add_Tracking_Number" time="0.549" classname="Test_Data_Generation.Add_Tracking_Numbers_To_User"/>
  <testcase name="Add_Tracking_Number" time="0.535" classname="Test_Data_Generation.Add_Tracking_Numbers_To_User"/>
  <testcase name="Add_Tracking_Number" time="0.524" classname="Test_Data_Generation.Add_Tracking_Numbers_To_User"/>
  <testcase name="Add_Tracking_Number" time="0.577" classname="Test_Data_Generation.Add_Tracking_Numbers_To_User"/>
  <testcase name="Add_Tracking_Number" time="0.493" classname="Test_Data_Generation.Add_Tracking_Numbers_To_User"/>
  <testcase name="Add_Tracking_Number" time="0.532" classname="Test_Data_Generation.Add_Tracking_Numbers_To_User"/>
  <testcase name="Add_Tracking_Number" time="0.711" classname="Test_Data_Generation.Add_Tracking_Numbers_To_User"/>
  <testcase name="Add_Tracking_Number" time="0.473" classname="Test_Data_Generation.Add_Tracking_Numbers_To_User"/>
  <testcase name="Add_Tracking_Number" time="0.538" classname="Test_Data_Generation.Add_Tracking_Numbers_To_User"/>
  <testcase name="Add_Tracking_Number" time="0.526" classname="Test_Data_Generation.Add_Tracking_Numbers_To_User"/>
  <testcase name="Add_Tracking_Number" time="0.501" classname="Test_Data_Generation.Add_Tracking_Numbers_To_User"/>
  <testcase name="Add_Tracking_Number" time="0.500" classname="Test_Data_Generation.Add_Tracking_Numbers_To_User"/>
  <testcase name="Add_Tracking_Number" time="0.512" classname="Test_Data_Generation.Add_Tracking_Numbers_To_User"/>
  <testcase name="Add_Tracking_Number" time="0.558" classname="Test_Data_Generation.Add_Tracking_Numbers_To_User"/>
  <testcase name="Add_Tracking_Number" time="0.550" classname="Test_Data_Generation.Add_Tracking_Numbers_To_User"/>
  <testcase name="Add_Tracking_Number" time="0.543" classname="Test_Data_Generation.Add_Tracking_Numbers_To_User"/>
  <testcase name="Add_Tracking_Number" time="0.581" classname="Test_Data_Generation.Add_Tracking_Numbers_To_User"/>
  <testcase name="Add_Tracking_Number" time="0.478" classname="Test_Data_Generation.Add_Tracking_Numbers_To_User"/>
  <testcase name="Add_Tracking_Number" time="0.550" classname="Test_Data_Generation.Add_Tracking_Numbers_To_User"/>
  <testcase name="Add_Tracking_Number" time="0.557" classname="Test_Data_Generation.Add_Tracking_Numbers_To_User"/>
  <testcase name="Add_Tracking_Number" time="0.059" classname="Test_Data_Generation.Add_Tracking_Numbers_To_User"/>
  <testcase name="Add_Tracking_Number" time="0.634" classname="Test_Data_Generation.Add_Tracking_Numbers_To_User"/>
  <testcase name="Add_Tracking_Number" time="0.462" classname="Test_Data_Generation.Add_Tracking_Numbers_To_User"/>
  <testcase name="Add_Tracking_Number" time="0.477" classname="Test_Data_Generation.Add_Tracking_Numbers_To_User"/>
  <testcase name="Add_Tracking_Number" time="0.510" classname="Test_Data_Generation.Add_Tracking_Numbers_To_User"/>
  <testcase name="Add_Tracking_Number" time="0.622" classname="Test_Data_Generation.Add_Tracking_Numbers_To_User"/>
  <testcase name="Add_Tracking_Number" time="0.464" classname="Test_Data_Generation.Add_Tracking_Numbers_To_User"/>
  <testcase name="Add_Tracking_Number" time="0.634" classname="Test_Data_Generation.Add_Tracking_Numbers_To_User"/>
  <testcase name="Add_Tracking_Number" time="0.513" classname="Test_Data_Generation.Add_Tracking_Numbers_To_User"/>
  <testcase name="Add_Tracking_Number" time="0.561" classname="Test_Data_Generation.Add_Tracking_Numbers_To_User"/>
  <testcase name="Add_Tracking_Number" time="0.647" classname="Test_Data_Generation.Add_Tracking_Numbers_To_User"/>
  <testcase name="Add_Tracking_Number" time="0.439" classname="Test_Data_Generation.Add_Tracking_Numbers_To_User"/>
  <testcase name="Add_Tracking_Number" time="0.701" classname="Test_Data_Generation.Add_Tracking_Numbers_To_User"/>
  <testcase name="Add_Tracking_Number" time="0.607" classname="Test_Data_Generation.Add_Tracking_Numbers_To_User"/>
  <testcase name="Add_Tracking_Number" time="0.523" classname="Test_Data_Generation.Add_Tracking_Numbers_To_User"/>
  <testcase name="Add_Tracking_Number" time="0.601" classname="Test_Data_Generation.Add_Tracking_Numbers_To_User"/>
  <testcase name="Add_Tracking_Number" time="0.053" classname="Test_Data_Generation.Add_Tracking_Numbers_To_User"/>
  <testcase name="Add_Tracking_Number" time="0.497" classname="Test_Data_Generation.Add_Tracking_Numbers_To_User"/>
  <testcase name="Add_Tracking_Number" time="0.473" classname="Test_Data_Generation.Add_Tracking_Numbers_To_User"/>
  <testcase name="Add_Tracking_Number" time="0.517" classname="Test_Data_Generation.Add_Tracking_Numbers_To_User"/>
  <testcase name="Add_Tracking_Number" time="0.293" classname="Test_Data_Generation.Add_Tracking_Numbers_To_User"/>
  <testcase name="Add_Tracking_Number" time="0.575" classname="Test_Data_Generation.Add_Tracking_Numbers_To_User"/>
  <testcase name="Add_Tracking_Number" time="0.501" classname="Test_Data_Generation.Add_Tracking_Numbers_To_User"/>
  <testcase name="Add_Tracking_Number" time="0.623" classname="Test_Data_Generation.Add_Tracking_Numbers_To_User"/>
  <testcase name="Add_Tracking_Number" time="0.486" classname="Test_Data_Generation.Add_Tracking_Numbers_To_User"/>
  <testcase name="Add_Tracking_Number" time="0.554" classname="Test_Data_Generation.Add_Tracking_Numbers_To_User"/>
  <testcase name="Add_Tracking_Number" time="0.577" classname="Test_Data_Generation.Add_Tracking_Numbers_To_User"/>
  <testcase name="Add_Tracking_Number" time="0.647" classname="Test_Data_Generation.Add_Tracking_Numbers_To_User"/>
  <testcase name="Add_Tracking_Number" time="0.531" classname="Test_Data_Generation.Add_Tracking_Numbers_To_User"/>
  <testcase name="Add_Tracking_Number" time="0.487" classname="Test_Data_Generation.Add_Tracking_Numbers_To_User"/>
  <testcase name="Add_Tracking_Number" time="0.545" classname="Test_Data_Generation.Add_Tracking_Numbers_To_User"/>
  <testcase name="Add_Tracking_Number" time="0.549" classname="Test_Data_Generation.Add_Tracking_Numbers_To_User"/>
  <testcase name="Add_Tracking_Number" time="0.244" classname="Test_Data_Generation.Add_Tracking_Numbers_To_User"/>
  <testcase name="Add_Tracking_Number" time="0.551" classname="Test_Data_Generation.Add_Tracking_Numbers_To_User"/>
  <testcase name="Add_Tracking_Number" time="0.515" classname="Test_Data_Generation.Add_Tracking_Numbers_To_User"/>
  <testcase name="Add_Tracking_Number" time="0.511" classname="Test_Data_Generation.Add_Tracking_Numbers_To_User"/>
  <testcase name="Add_Tracking_Number" time="0.601" classname="Test_Data_Generation.Add_Tracking_Numbers_To_User"/>
  <testcase name="Add_Tracking_Number" time="0.591" classname="Test_Data_Generation.Add_Tracking_Numbers_To_User"/>
  <testcase name="Add_Tracking_Number" time="0.529" classname="Test_Data_Generation.Add_Tracking_Numbers_To_User"/>
  <testcase name="Add_Tracking_Number" time="0.483" classname="Test_Data_Generation.Add_Tracking_Numbers_To_User"/>
  <testcase name="Add_Tracking_Number" time="0.558" classname="Test_Data_Generation.Add_Tracking_Numbers_To_User"/>
  <testcase name="Add_Tracking_Number" time="0.555" classname="Test_Data_Generation.Add_Tracking_Numbers_To_User"/>
  <testcase name="Add_Tracking_Number" time="0.443" classname="Test_Data_Generation.Add_Tracking_Numbers_To_User"/>
  <testcase name="Add_Tracking_Number" time="0.566" classname="Test_Data_Generation.Add_Tracking_Numbers_To_User"/>
  <testcase name="Add_Tracking_Number" time="0.578" classname="Test_Data_Generation.Add_Tracking_Numbers_To_User"/>
  <testcase name="Add_Tracking_Number" time="0.572" classname="Test_Data_Generation.Add_Tracking_Numbers_To_User"/>
  <testcase name="Add_Tracking_Number" time="0.568" classname="Test_Data_Generation.Add_Tracking_Numbers_To_User"/>
  <testcase name="Add_Tracking_Number" time="0.623" classname="Test_Data_Generation.Add_Tracking_Numbers_To_User"/>
  <testcase name="Add_Tracking_Number" time="0.451" classname="Test_Data_Generation.Add_Tracking_Numbers_To_User"/>
  <testcase name="Add_Tracking_Number" time="0.613" classname="Test_Data_Generation.Add_Tracking_Numbers_To_User"/>
  <testcase name="Add_Tracking_Number" time="0.488" classname="Test_Data_Generation.Add_Tracking_Numbers_To_User"/>
  <testcase name="Add_Tracking_Number" time="0.457" classname="Test_Data_Generation.Add_Tracking_Numbers_To_User"/>
  <testcase name="Add_Tracking_Number" time="0.489" classname="Test_Data_Generation.Add_Tracking_Numbers_To_User"/>
  <testcase name="Add_Tracking_Number" time="0.525" classname="Test_Data_Generation.Add_Tracking_Numbers_To_User"/>
  <testcase name="Add_Tracking_Number" time="0.517" classname="Test_Data_Generation.Add_Tracking_Numbers_To_User"/>
  <testcase name="Add_Tracking_Number" time="0.474" classname="Test_Data_Generation.Add_Tracking_Numbers_To_User"/>
  <testcase name="Add_Tracking_Number" time="0.535" classname="Test_Data_Generation.Add_Tracking_Numbers_To_User"/>
  <testcase name="Add_Tracking_Number" time="0.533" classname="Test_Data_Generation.Add_Tracking_Numbers_To_User"/>
  <testcase name="Add_Tracking_Number" time="0.507" classname="Test_Data_Generation.Add_Tracking_Numbers_To_User"/>
  <testcase name="Add_Tracking_Number" time="0.486" classname="Test_Data_Generation.Add_Tracking_Numbers_To_User"/>
  <testcase name="Add_Tracking_Number" time="0.569" classname="Test_Data_Generation.Add_Tracking_Numbers_To_User"/>
  <testcase name="Add_Tracking_Number" time="0.557" classname="Test_Data_Generation.Add_Tracking_Numbers_To_User"/>
  <testcase name="Add_Tracking_Number" time="0.485" classname="Test_Data_Generation.Add_Tracking_Numbers_To_User"/>
  <testcase name="Add_Tracking_Number" time="0.444" classname="Test_Data_Generation.Add_Tracking_Numbers_To_User"/>
  <testcase name="Add_Tracking_Number" time="0.520" classname="Test_Data_Generation.Add_Tracking_Numbers_To_User"/>
  <testcase name="Add_Tracking_Number" time="0.554" classname="Test_Data_Generation.Add_Tracking_Numbers_To_User"/>
  <testcase name="Add_Tracking_Number" time="0.672" classname="Test_Data_Generation.Add_Tracking_Numbers_To_User"/>
  <testcase name="Add_Tracking_Number" time="0.543" classname="Test_Data_Generation.Add_Tracking_Numbers_To_User"/>
  <testcase name="Add_Tracking_Number" time="0.741" classname="Test_Data_Generation.Add_Tracking_Numbers_To_User"/>
  <testcase name="Add_Tracking_Number" time="0.751" classname="Test_Data_Generation.Add_Tracking_Numbers_To_User"/>
  <testcase name="Add_Tracking_Number" time="0.725" classname="Test_Data_Generation.Add_Tracking_Numbers_To_User"/>
  <testcase name="Add_Tracking_Number" time="0.498" classname="Test_Data_Generation.Add_Tracking_Numbers_To_User"/>
  <testcase name="Add_Tracking_Number" time="0.474" classname="Test_Data_Generation.Add_Tracking_Numbers_To_User"/>
  <testcase name="Add_Tracking_Number" time="0.526" classname="Test_Data_Generation.Add_Tracking_Numbers_To_User"/>
  <testcase name="Add_Tracking_Number" time="0.628" classname="Test_Data_Generation.Add_Tracking_Numbers_To_User"/>
  <testcase name="Add_Tracking_Number" time="0.509" classname="Test_Data_Generation.Add_Tracking_Numbers_To_User"/>
  <testcase name="Add_Tracking_Number" time="0.551" classname="Test_Data_Generation.Add_Tracking_Numbers_To_User"/>
  <testcase name="Add_Tracking_Number" time="0.640" classname="Test_Data_Generation.Add_Tracking_Numbers_To_User"/>
  <testcase name="Add_Tracking_Number" time="0.576" classname="Test_Data_Generation.Add_Tracking_Numbers_To_User"/>
  <testcase name="Add_Tracking_Number" time="0.573" classname="Test_Data_Generation.Add_Tracking_Numbers_To_User"/>
  <testcase name="Add_Tracking_Number" time="0.569" classname="Test_Data_Generation.Add_Tracking_Numbers_To_User"/>
  <testcase name="Add_Tracking_Number" time="0.501" classname="Test_Data_Generation.Add_Tracking_Numbers_To_User"/>
  <testcase name="Add_Tracking_Number" time="0.568" classname="Test_Data_Generation.Add_Tracking_Numbers_To_User"/>
  <testcase name="Add_Tracking_Number" time="0.486" classname="Test_Data_Generation.Add_Tracking_Numbers_To_User"/>
  <testcase name="Add_Tracking_Number" time="0.534" classname="Test_Data_Generation.Add_Tracking_Numbers_To_User"/>
  <testcase name="Add_Tracking_Number" time="0.440" classname="Test_Data_Generation.Add_Tracking_Numbers_To_User"/>
  <testcase name="Add_Tracking_Number" time="0.597" classname="Test_Data_Generation.Add_Tracking_Numbers_To_User"/>
  <testcase name="Add_Tracking_Number" time="0.589" classname="Test_Data_Generation.Add_Tracking_Numbers_To_User"/>
  <testcase name="Add_Tracking_Number" time="0.436" classname="Test_Data_Generation.Add_Tracking_Numbers_To_User"/>
  <testcase name="Add_Tracking_Number" time="0.553" classname="Test_Data_Generation.Add_Tracking_Numbers_To_User"/>
  <testcase name="Add_Tracking_Number" time="0.555" classname="Test_Data_Generation.Add_Tracking_Numbers_To_User"/>
  <testcase name="Add_Tracking_Number" time="0.569" classname="Test_Data_Generation.Add_Tracking_Numbers_To_User"/>
  <testcase name="Add_Tracking_Number" time="0.541" classname="Test_Data_Generation.Add_Tracking_Numbers_To_User"/>
  <testcase name="Add_Tracking_Number" time="0.516" classname="Test_Data_Generation.Add_Tracking_Numbers_To_User"/>
  <testcase name="Add_Tracking_Number" time="0.565" classname="Test_Data_Generation.Add_Tracking_Numbers_To_User"/>
  <testcase name="Add_Tracking_Number" time="0.541" classname="Test_Data_Generation.Add_Tracking_Numbers_To_User"/>
  <testcase name="Add_Tracking_Number" time="0.566" classname="Test_Data_Generation.Add_Tracking_Numbers_To_User"/>
  <testcase name="Add_Tracking_Number" time="0.495" classname="Test_Data_Generation.Add_Tracking_Numbers_To_User"/>
  <testcase name="Add_Tracking_Number" time="0.538" classname="Test_Data_Generation.Add_Tracking_Numbers_To_User"/>
  <testcase name="Add_Tracking_Number" time="0.491" classname="Test_Data_Generation.Add_Tracking_Numbers_To_User"/>
  <testcase name="Add_Tracking_Number" time="0.607" classname="Test_Data_Generation.Add_Tracking_Numbers_To_User"/>
  <testcase name="Add_Tracking_Number" time="0.508" classname="Test_Data_Generation.Add_Tracking_Numbers_To_User"/>
  <testcase name="Add_Tracking_Number" time="0.588" classname="Test_Data_Generation.Add_Tracking_Numbers_To_User"/>
  <testcase name="Add_Tracking_Number" time="0.649" classname="Test_Data_Generation.Add_Tracking_Numbers_To_User"/>
  <testcase name="Add_Tracking_Number" time="0.480" classname="Test_Data_Generation.Add_Tracking_Numbers_To_User"/>
  <testcase name="Add_Tracking_Number" time="0.533" classname="Test_Data_Generation.Add_Tracking_Numbers_To_User"/>
  <testcase name="Add_Tracking_Number" time="0.610" classname="Test_Data_Generation.Add_Tracking_Numbers_To_User"/>
  <testcase name="Add_Tracking_Number" time="0.532" classname="Test_Data_Generation.Add_Tracking_Numbers_To_User"/>
  <testcase name="Add_Tracking_Number" time="0.533" classname="Test_Data_Generation.Add_Tracking_Numbers_To_User"/>
  <testcase name="Add_Tracking_Number" time="0.467" classname="Test_Data_Generation.Add_Tracking_Numbers_To_User"/>
  <testcase name="Add_Tracking_Number" time="0.623" classname="Test_Data_Generation.Add_Tracking_Numbers_To_User"/>
  <testcase name="Add_Tracking_Number" time="0.493" classname="Test_Data_Generation.Add_Tracking_Numbers_To_User"/>
  <testcase name="Add_Tracking_Number" time="0.505" classname="Test_Data_Generation.Add_Tracking_Numbers_To_User"/>
  <testcase name="Add_Tracking_Number" time="0.513" classname="Test_Data_Generation.Add_Tracking_Numbers_To_User"/>
  <testcase name="Add_Tracking_Number" time="0.446" classname="Test_Data_Generation.Add_Tracking_Numbers_To_User"/>
  <testcase name="Add_Tracking_Number" time="0.607" classname="Test_Data_Generation.Add_Tracking_Numbers_To_User"/>
  <testcase name="Add_Tracking_Number" time="0.508" classname="Test_Data_Generation.Add_Tracking_Numbers_To_User"/>
  <testcase name="Add_Tracking_Number" time="0.724" classname="Test_Data_Generation.Add_Tracking_Numbers_To_User"/>
  <testcase name="Add_Tracking_Number" time="0.548" classname="Test_Data_Generation.Add_Tracking_Numbers_To_User"/>
  <testcase name="Add_Tracking_Number" time="0.474" classname="Test_Data_Generation.Add_Tracking_Numbers_To_User"/>
  <testcase name="Add_Tracking_Number" time="0.494" classname="Test_Data_Generation.Add_Tracking_Numbers_To_User"/>
  <testcase name="Add_Tracking_Number" time="0.106" classname="Test_Data_Generation.Add_Tracking_Numbers_To_User"/>
  <testcase name="Add_Tracking_Number" time="0.476" classname="Test_Data_Generation.Add_Tracking_Numbers_To_User"/>
  <testcase name="Add_Tracking_Number" time="0.609" classname="Test_Data_Generation.Add_Tracking_Numbers_To_User"/>
  <testcase name="Add_Tracking_Number" time="0.543" classname="Test_Data_Generation.Add_Tracking_Numbers_To_User"/>
  <testcase name="Add_Tracking_Number" time="0.536" classname="Test_Data_Generation.Add_Tracking_Numbers_To_User"/>
  <testcase name="Add_Tracking_Number" time="0.087" classname="Test_Data_Generation.Add_Tracking_Numbers_To_User"/>
  <testcase name="Add_Tracking_Number" time="0.566" classname="Test_Data_Generation.Add_Tracking_Numbers_To_User"/>
  <testcase name="Add_Tracking_Number" time="0.552" classname="Test_Data_Generation.Add_Tracking_Numbers_To_User"/>
  <testcase name="Add_Tracking_Number" time="0.600" classname="Test_Data_Generation.Add_Tracking_Numbers_To_User"/>
  <testcase name="Add_Tracking_Number" time="0.511" classname="Test_Data_Generation.Add_Tracking_Numbers_To_User"/>
  <testcase name="Add_Tracking_Number" time="0.566" classname="Test_Data_Generation.Add_Tracking_Numbers_To_User"/>
  <testcase name="Add_Tracking_Number" time="0.651" classname="Test_Data_Generation.Add_Tracking_Numbers_To_User"/>
  <testcase name="Add_Tracking_Number" time="0.558" classname="Test_Data_Generation.Add_Tracking_Numbers_To_User"/>
  <testcase name="Add_Tracking_Number" time="0.642" classname="Test_Data_Generation.Add_Tracking_Numbers_To_User"/>
  <testcase name="Add_Tracking_Number" time="0.502" classname="Test_Data_Generation.Add_Tracking_Numbers_To_User"/>
  <testcase name="Add_Tracking_Number" time="0.649" classname="Test_Data_Generation.Add_Tracking_Numbers_To_User"/>
  <testcase name="Add_Tracking_Number" time="0.586" classname="Test_Data_Generation.Add_Tracking_Numbers_To_User"/>
  <testcase name="Add_Tracking_Number" time="0.690" classname="Test_Data_Generation.Add_Tracking_Numbers_To_User"/>
  <testcase name="Add_Tracking_Number" time="0.661" classname="Test_Data_Generation.Add_Tracking_Numbers_To_User"/>
  <testcase name="Add_Tracking_Number" time="0.714" classname="Test_Data_Generation.Add_Tracking_Numbers_To_User"/>
  <testcase name="Add_Tracking_Number" time="0.604" classname="Test_Data_Generation.Add_Tracking_Numbers_To_User"/>
  <testcase name="Add_Tracking_Number" time="0.446" classname="Test_Data_Generation.Add_Tracking_Numbers_To_User"/>
  <testcase name="Add_Tracking_Number" time="0.522" classname="Test_Data_Generation.Add_Tracking_Numbers_To_User"/>
  <testcase name="Add_Tracking_Number" time="0.491" classname="Test_Data_Generation.Add_Tracking_Numbers_To_User"/>
  <testcase name="Add_Tracking_Number" time="0.491" classname="Test_Data_Generation.Add_Tracking_Numbers_To_User"/>
  <testcase name="Add_Tracking_Number" time="0.516" classname="Test_Data_Generation.Add_Tracking_Numbers_To_User"/>
  <testcase name="Add_Tracking_Number" time="0.617" classname="Test_Data_Generation.Add_Tracking_Numbers_To_User"/>
  <testcase name="Add_Tracking_Number" time="0.608" classname="Test_Data_Generation.Add_Tracking_Numbers_To_User"/>
  <testcase name="Add_Tracking_Number" time="0.609" classname="Test_Data_Generation.Add_Tracking_Numbers_To_User"/>
  <testcase name="Add_Tracking_Number" time="0.591" classname="Test_Data_Generation.Add_Tracking_Numbers_To_User"/>
  <testcase name="Add_Tracking_Number" time="0.540" classname="Test_Data_Generation.Add_Tracking_Numbers_To_User"/>
  <testcase name="Add_Tracking_Number" time="0.332" classname="Test_Data_Generation.Add_Tracking_Numbers_To_User"/>
  <testcase name="Add_Tracking_Number" time="0.727" classname="Test_Data_Generation.Add_Tracking_Numbers_To_User"/>
  <testcase name="Add_Tracking_Number" time="0.491" classname="Test_Data_Generation.Add_Tracking_Numbers_To_User"/>
  <testcase name="Add_Tracking_Number" time="0.501" classname="Test_Data_Generation.Add_Tracking_Numbers_To_User"/>
  <testcase name="Add_Tracking_Number" time="0.785" classname="Test_Data_Generation.Add_Tracking_Numbers_To_User"/>
  <testcase name="Add_Tracking_Number" time="0.559" classname="Test_Data_Generation.Add_Tracking_Numbers_To_User"/>
  <testcase name="Add_Tracking_Number" time="0.575" classname="Test_Data_Generation.Add_Tracking_Numbers_To_User"/>
  <testcase name="Add_Tracking_Number" time="0.448" classname="Test_Data_Generation.Add_Tracking_Numbers_To_User"/>
  <testcase name="Add_Tracking_Number" time="0.518" classname="Test_Data_Generation.Add_Tracking_Numbers_To_User"/>
  <testcase name="Add_Tracking_Number" time="0.560" classname="Test_Data_Generation.Add_Tracking_Numbers_To_User"/>
  <testcase name="Add_Tracking_Number" time="0.500" classname="Test_Data_Generation.Add_Tracking_Numbers_To_User"/>
  <testcase name="Add_Tracking_Number" time="0.547" classname="Test_Data_Generation.Add_Tracking_Numbers_To_User"/>
  <testcase name="Add_Tracking_Number" time="0.496" classname="Test_Data_Generation.Add_Tracking_Numbers_To_User"/>
  <testcase name="Add_Tracking_Number" time="0.606" classname="Test_Data_Generation.Add_Tracking_Numbers_To_User"/>
  <testcase name="Add_Tracking_Number" time="0.547" classname="Test_Data_Generation.Add_Tracking_Numbers_To_User"/>
  <testcase name="Add_Tracking_Number" time="0.534" classname="Test_Data_Generation.Add_Tracking_Numbers_To_User"/>
  <testcase name="Add_Tracking_Number" time="0.519" classname="Test_Data_Generation.Add_Tracking_Numbers_To_User"/>
  <testcase name="Add_Tracking_Number" time="0.479" classname="Test_Data_Generation.Add_Tracking_Numbers_To_User"/>
  <testcase name="Add_Tracking_Number" time="0.481" classname="Test_Data_Generation.Add_Tracking_Numbers_To_User"/>
  <testcase name="Add_Tracking_Number" time="0.592" classname="Test_Data_Generation.Add_Tracking_Numbers_To_User"/>
  <testcase name="Add_Tracking_Number" time="0.476" classname="Test_Data_Generation.Add_Tracking_Numbers_To_User"/>
  <testcase name="Add_Tracking_Number" time="0.595" classname="Test_Data_Generation.Add_Tracking_Numbers_To_User"/>
  <testcase name="Add_Tracking_Number" time="0.529" classname="Test_Data_Generation.Add_Tracking_Numbers_To_User"/>
  <testcase name="Add_Tracking_Number" time="0.465" classname="Test_Data_Generation.Add_Tracking_Numbers_To_User"/>
  <testcase name="Add_Tracking_Number" time="0.750" classname="Test_Data_Generation.Add_Tracking_Numbers_To_User"/>
  <testcase name="Add_Tracking_Number" time="0.581" classname="Test_Data_Generation.Add_Tracking_Numbers_To_User"/>
  <testcase name="Add_Tracking_Number" time="0.522" classname="Test_Data_Generation.Add_Tracking_Numbers_To_User"/>
  <testcase name="Add_Tracking_Number" time="0.727" classname="Test_Data_Generation.Add_Tracking_Numbers_To_User"/>
  <testcase name="Add_Tracking_Number" time="0.570" classname="Test_Data_Generation.Add_Tracking_Numbers_To_User"/>
  <testcase name="Add_Tracking_Number" time="0.490" classname="Test_Data_Generation.Add_Tracking_Numbers_To_User"/>
  <testcase name="Add_Tracking_Number" time="0.576" classname="Test_Data_Generation.Add_Tracking_Numbers_To_User"/>
  <testcase name="Add_Tracking_Number" time="0.697" classname="Test_Data_Generation.Add_Tracking_Numbers_To_User"/>
  <testcase name="Add_Tracking_Number" time="0.540" classname="Test_Data_Generation.Add_Tracking_Numbers_To_User"/>
  <testcase name="Add_Tracking_Number" time="0.626" classname="Test_Data_Generation.Add_Tracking_Numbers_To_User"/>
  <testcase name="Add_Tracking_Number" time="0.498" classname="Test_Data_Generation.Add_Tracking_Numbers_To_User"/>
  <testcase name="Add_Tracking_Number" time="0.563" classname="Test_Data_Generation.Add_Tracking_Numbers_To_User"/>
  <testcase name="Add_Tracking_Number" time="0.558" classname="Test_Data_Generation.Add_Tracking_Numbers_To_User"/>
  <testcase name="Add_Tracking_Number" time="0.552" classname="Test_Data_Generation.Add_Tracking_Numbers_To_User"/>
  <testcase name="Add_Tracking_Number" time="0.473" classname="Test_Data_Generation.Add_Tracking_Numbers_To_User"/>
  <testcase name="Add_Tracking_Number" time="0.634" classname="Test_Data_Generation.Add_Tracking_Numbers_To_User"/>
  <testcase name="Add_Tracking_Number" time="0.495" classname="Test_Data_Generation.Add_Tracking_Numbers_To_User"/>
  <testcase name="Add_Tracking_Number" time="0.652" classname="Test_Data_Generation.Add_Tracking_Numbers_To_User"/>
  <testcase name="Add_Tracking_Number" time="0.496" classname="Test_Data_Generation.Add_Tracking_Numbers_To_User"/>
  <testcase name="Add_Tracking_Number" time="0.681" classname="Test_Data_Generation.Add_Tracking_Numbers_To_User"/>
  <testcase name="Add_Tracking_Number" time="0.577" classname="Test_Data_Generation.Add_Tracking_Numbers_To_User"/>
  <testcase name="Add_Tracking_Number" time="0.502" classname="Test_Data_Generation.Add_Tracking_Numbers_To_User"/>
  <testcase name="Add_Tracking_Number" time="0.555" classname="Test_Data_Generation.Add_Tracking_Numbers_To_User"/>
  <testcase name="Add_Tracking_Number" time="0.548" classname="Test_Data_Generation.Add_Tracking_Numbers_To_User"/>
  <testcase name="Add_Tracking_Number" time="0.556" classname="Test_Data_Generation.Add_Tracking_Numbers_To_User"/>
  <testcase name="Add_Tracking_Number" time="0.511" classname="Test_Data_Generation.Add_Tracking_Numbers_To_User"/>
  <testcase name="Add_Tracking_Number" time="0.433" classname="Test_Data_Generation.Add_Tracking_Numbers_To_User">
    <failure type="java.lang.AssertionError" message="
Expected: a string containing &quot;{\&quot;successful\&quot;:true&quot;
     but: was &quot;{&quot;ShipmentOptionResponse&quot;:{&quot;successful&quot;:false,&quot;errorList&quot;:[{&quot;code&quot;:&quot;2997&quot;,&quot;message&quot;:&quot;TRAQS connection/request problem&quot;,&quot;source&quot;:null,&quot;rootCause&quot;:null}],&quot;alerts&quot;:null,&quot;cxsalerts&quot;:null}}&quot;">
      <![CDATA[java.lang.AssertionError: 
Expected: a string containing "{\"successful\":true"
     but: was "{"ShipmentOptionResponse":{"successful":false,"errorList":[{"code":"2997","message":"TRAQS connection/request problem","source":null,"rootCause":null}],"alerts":null,"cxsalerts":null}}"
at org.hamcrest.MatcherAssert.assertThat(MatcherAssert.java:20)
at org.junit.Assert.assertThat(Assert.java:956)
at org.junit.Assert.assertThat(Assert.java:923)
at Test_Data_Generation.Add_Tracking_Numbers_To_User.Add_Tracking_Number(Add_Tracking_Numbers_To_User.java:69)
at sun.reflect.GeneratedMethodAccessor2.invoke(Unknown Source)
at sun.reflect.DelegatingMethodAccessorImpl.invoke(Unknown Source)
at java.lang.reflect.Method.invoke(Unknown Source)
at org.testng.internal.MethodInvocationHelper.invokeMethod(MethodInvocationHelper.java:124)
at org.testng.internal.Invoker.invokeMethod(Invoker.java:580)
at org.testng.internal.Invoker.invokeTestMethod(Invoker.java:716)
at org.testng.internal.TestMethodWithDataProviderMethodWorker.call(TestMethodWithDataProviderMethodWorker.java:71)
at org.testng.internal.TestMethodWithDataProviderMethodWorker.call(TestMethodWithDataProviderMethodWorker.java:14)
at java.util.concurrent.FutureTask.run(Unknown Source)
at java.util.concurrent.Executors$RunnableAdapter.call(Unknown Source)
at java.util.concurrent.FutureTask.run(Unknown Source)
at java.util.concurrent.ThreadPoolExecutor.runWorker(Unknown Source)
at java.util.concurrent.ThreadPoolExecutor$Worker.run(Unknown Source)
at java.lang.Thread.run(Unknown Source)
]]>
    </failure>
  </testcase> <!-- Add_Tracking_Number -->
  <testcase name="Add_Tracking_Number" time="0.669" classname="Test_Data_Generation.Add_Tracking_Numbers_To_User"/>
  <testcase name="Add_Tracking_Number" time="0.561" classname="Test_Data_Generation.Add_Tracking_Numbers_To_User"/>
  <testcase name="Add_Tracking_Number" time="0.536" classname="Test_Data_Generation.Add_Tracking_Numbers_To_User"/>
  <testcase name="Add_Tracking_Number" time="0.481" classname="Test_Data_Generation.Add_Tracking_Numbers_To_User"/>
  <testcase name="Add_Tracking_Number" time="0.592" classname="Test_Data_Generation.Add_Tracking_Numbers_To_User"/>
  <testcase name="Add_Tracking_Number" time="0.557" classname="Test_Data_Generation.Add_Tracking_Numbers_To_User"/>
  <testcase name="Add_Tracking_Number" time="0.548" classname="Test_Data_Generation.Add_Tracking_Numbers_To_User"/>
  <testcase name="Add_Tracking_Number" time="0.496" classname="Test_Data_Generation.Add_Tracking_Numbers_To_User"/>
  <testcase name="Add_Tracking_Number" time="0.514" classname="Test_Data_Generation.Add_Tracking_Numbers_To_User"/>
  <testcase name="Add_Tracking_Number" time="0.580" classname="Test_Data_Generation.Add_Tracking_Numbers_To_User"/>
  <testcase name="Add_Tracking_Number" time="0.512" classname="Test_Data_Generation.Add_Tracking_Numbers_To_User"/>
  <testcase name="Add_Tracking_Number" time="0.520" classname="Test_Data_Generation.Add_Tracking_Numbers_To_User"/>
  <testcase name="Add_Tracking_Number" time="0.436" classname="Test_Data_Generation.Add_Tracking_Numbers_To_User"/>
  <testcase name="Add_Tracking_Number" time="0.617" classname="Test_Data_Generation.Add_Tracking_Numbers_To_User"/>
  <testcase name="Add_Tracking_Number" time="0.631" classname="Test_Data_Generation.Add_Tracking_Numbers_To_User"/>
  <testcase name="Add_Tracking_Number" time="0.632" classname="Test_Data_Generation.Add_Tracking_Numbers_To_User"/>
  <testcase name="Add_Tracking_Number" time="0.528" classname="Test_Data_Generation.Add_Tracking_Numbers_To_User"/>
  <testcase name="Add_Tracking_Number" time="0.568" classname="Test_Data_Generation.Add_Tracking_Numbers_To_User"/>
  <testcase name="Add_Tracking_Number" time="0.511" classname="Test_Data_Generation.Add_Tracking_Numbers_To_User"/>
  <testcase name="Add_Tracking_Number" time="0.488" classname="Test_Data_Generation.Add_Tracking_Numbers_To_User"/>
  <testcase name="Add_Tracking_Number" time="0.631" classname="Test_Data_Generation.Add_Tracking_Numbers_To_User"/>
  <testcase name="Add_Tracking_Number" time="0.457" classname="Test_Data_Generation.Add_Tracking_Numbers_To_User"/>
  <testcase name="Add_Tracking_Number" time="0.539" classname="Test_Data_Generation.Add_Tracking_Numbers_To_User"/>
  <testcase name="Add_Tracking_Number" time="0.480" classname="Test_Data_Generation.Add_Tracking_Numbers_To_User"/>
  <testcase name="Add_Tracking_Number" time="0.935" classname="Test_Data_Generation.Add_Tracking_Numbers_To_User"/>
  <testcase name="Add_Tracking_Number" time="0.466" classname="Test_Data_Generation.Add_Tracking_Numbers_To_User"/>
  <testcase name="Add_Tracking_Number" time="0.494" classname="Test_Data_Generation.Add_Tracking_Numbers_To_User"/>
  <testcase name="Add_Tracking_Number" time="0.587" classname="Test_Data_Generation.Add_Tracking_Numbers_To_User"/>
  <testcase name="Add_Tracking_Number" time="0.586" classname="Test_Data_Generation.Add_Tracking_Numbers_To_User"/>
  <testcase name="Add_Tracking_Number" time="0.280" classname="Test_Data_Generation.Add_Tracking_Numbers_To_User"/>
  <testcase name="Add_Tracking_Number" time="0.348" classname="Test_Data_Generation.Add_Tracking_Numbers_To_User"/>
  <testcase name="Add_Tracking_Number" time="0.721" classname="Test_Data_Generation.Add_Tracking_Numbers_To_User"/>
  <testcase name="Add_Tracking_Number" time="0.486" classname="Test_Data_Generation.Add_Tracking_Numbers_To_User"/>
  <testcase name="Add_Tracking_Number" time="0.507" classname="Test_Data_Generation.Add_Tracking_Numbers_To_User"/>
  <testcase name="Add_Tracking_Number" time="4.197" classname="Test_Data_Generation.Add_Tracking_Numbers_To_User"/>
  <testcase name="Add_Tracking_Number" time="0.504" classname="Test_Data_Generation.Add_Tracking_Numbers_To_User"/>
  <testcase name="Add_Tracking_Number" time="0.517" classname="Test_Data_Generation.Add_Tracking_Numbers_To_User"/>
  <testcase name="Add_Tracking_Number" time="0.634" classname="Test_Data_Generation.Add_Tracking_Numbers_To_User"/>
  <testcase name="Add_Tracking_Number" time="0.583" classname="Test_Data_Generation.Add_Tracking_Numbers_To_User"/>
  <testcase name="Add_Tracking_Number" time="0.741" classname="Test_Data_Generation.Add_Tracking_Numbers_To_User"/>
  <testcase name="Add_Tracking_Number" time="0.554" classname="Test_Data_Generation.Add_Tracking_Numbers_To_User"/>
  <testcase name="Add_Tracking_Number" time="0.539" classname="Test_Data_Generation.Add_Tracking_Numbers_To_User"/>
  <testcase name="Add_Tracking_Number" time="0.518" classname="Test_Data_Generation.Add_Tracking_Numbers_To_User"/>
  <testcase name="Add_Tracking_Number" time="0.719" classname="Test_Data_Generation.Add_Tracking_Numbers_To_User"/>
  <testcase name="Add_Tracking_Number" time="0.649" classname="Test_Data_Generation.Add_Tracking_Numbers_To_User"/>
  <testcase name="Add_Tracking_Number" time="0.520" classname="Test_Data_Generation.Add_Tracking_Numbers_To_User"/>
  <testcase name="Add_Tracking_Number" time="0.540" classname="Test_Data_Generation.Add_Tracking_Numbers_To_User"/>
  <testcase name="Add_Tracking_Number" time="0.535" classname="Test_Data_Generation.Add_Tracking_Numbers_To_User"/>
  <testcase name="Add_Tracking_Number" time="0.569" classname="Test_Data_Generation.Add_Tracking_Numbers_To_User"/>
  <testcase name="Add_Tracking_Number" time="0.452" classname="Test_Data_Generation.Add_Tracking_Numbers_To_User"/>
  <testcase name="Add_Tracking_Number" time="0.457" classname="Test_Data_Generation.Add_Tracking_Numbers_To_User"/>
  <testcase name="Add_Tracking_Number" time="0.520" classname="Test_Data_Generation.Add_Tracking_Numbers_To_User"/>
  <testcase name="Add_Tracking_Number" time="0.535" classname="Test_Data_Generation.Add_Tracking_Numbers_To_User"/>
  <testcase name="Add_Tracking_Number" time="0.483" classname="Test_Data_Generation.Add_Tracking_Numbers_To_User"/>
  <testcase name="Add_Tracking_Number" time="0.510" classname="Test_Data_Generation.Add_Tracking_Numbers_To_User"/>
  <testcase name="Add_Tracking_Number" time="0.458" classname="Test_Data_Generation.Add_Tracking_Numbers_To_User"/>
  <testcase name="Add_Tracking_Number" time="0.475" classname="Test_Data_Generation.Add_Tracking_Numbers_To_User"/>
  <testcase name="Add_Tracking_Number" time="0.432" classname="Test_Data_Generation.Add_Tracking_Numbers_To_User"/>
  <testcase name="Add_Tracking_Number" time="0.689" classname="Test_Data_Generation.Add_Tracking_Numbers_To_User"/>
  <testcase name="Add_Tracking_Number" time="0.598" classname="Test_Data_Generation.Add_Tracking_Numbers_To_User"/>
  <testcase name="Add_Tracking_Number" time="0.555" classname="Test_Data_Generation.Add_Tracking_Numbers_To_User"/>
  <testcase name="Add_Tracking_Number" time="0.590" classname="Test_Data_Generation.Add_Tracking_Numbers_To_User"/>
  <testcase name="Add_Tracking_Number" time="0.573" classname="Test_Data_Generation.Add_Tracking_Numbers_To_User"/>
  <testcase name="Add_Tracking_Number" time="0.608" classname="Test_Data_Generation.Add_Tracking_Numbers_To_User"/>
  <testcase name="Add_Tracking_Number" time="0.583" classname="Test_Data_Generation.Add_Tracking_Numbers_To_User"/>
  <testcase name="Add_Tracking_Number" time="0.456" classname="Test_Data_Generation.Add_Tracking_Numbers_To_User"/>
  <testcase name="Add_Tracking_Number" time="0.468" classname="Test_Data_Generation.Add_Tracking_Numbers_To_User"/>
  <testcase name="Add_Tracking_Number" time="0.495" classname="Test_Data_Generation.Add_Tracking_Numbers_To_User"/>
  <testcase name="Add_Tracking_Number" time="0.563" classname="Test_Data_Generation.Add_Tracking_Numbers_To_User"/>
  <testcase name="Add_Tracking_Number" time="0.486" classname="Test_Data_Generation.Add_Tracking_Numbers_To_User"/>
  <testcase name="Add_Tracking_Number" time="0.598" classname="Test_Data_Generation.Add_Tracking_Numbers_To_User"/>
  <testcase name="Add_Tracking_Number" time="0.600" classname="Test_Data_Generation.Add_Tracking_Numbers_To_User"/>
  <testcase name="Add_Tracking_Number" time="0.800" classname="Test_Data_Generation.Add_Tracking_Numbers_To_User"/>
  <testcase name="Add_Tracking_Number" time="0.667" classname="Test_Data_Generation.Add_Tracking_Numbers_To_User"/>
  <testcase name="Add_Tracking_Number" time="0.570" classname="Test_Data_Generation.Add_Tracking_Numbers_To_User"/>
  <testcase name="Add_Tracking_Number" time="0.707" classname="Test_Data_Generation.Add_Tracking_Numbers_To_User"/>
  <testcase name="Add_Tracking_Number" time="0.472" classname="Test_Data_Generation.Add_Tracking_Numbers_To_User"/>
  <testcase name="Add_Tracking_Number" time="0.781" classname="Test_Data_Generation.Add_Tracking_Numbers_To_User"/>
  <testcase name="Add_Tracking_Number" time="0.497" classname="Test_Data_Generation.Add_Tracking_Numbers_To_User"/>
  <testcase name="Add_Tracking_Number" time="0.626" classname="Test_Data_Generation.Add_Tracking_Numbers_To_User"/>
  <testcase name="Add_Tracking_Number" time="0.600" classname="Test_Data_Generation.Add_Tracking_Numbers_To_User"/>
  <testcase name="Add_Tracking_Number" time="0.512" classname="Test_Data_Generation.Add_Tracking_Numbers_To_User"/>
  <testcase name="Add_Tracking_Number" time="0.069" classname="Test_Data_Generation.Add_Tracking_Numbers_To_User"/>
  <testcase name="Add_Tracking_Number" time="0.466" classname="Test_Data_Generation.Add_Tracking_Numbers_To_User"/>
  <testcase name="Add_Tracking_Number" time="0.769" classname="Test_Data_Generation.Add_Tracking_Numbers_To_User"/>
  <testcase name="Add_Tracking_Number" time="0.514" classname="Test_Data_Generation.Add_Tracking_Numbers_To_User"/>
  <testcase name="Add_Tracking_Number" time="0.528" classname="Test_Data_Generation.Add_Tracking_Numbers_To_User"/>
  <testcase name="Add_Tracking_Number" time="0.569" classname="Test_Data_Generation.Add_Tracking_Numbers_To_User"/>
  <testcase name="Add_Tracking_Number" time="0.156" classname="Test_Data_Generation.Add_Tracking_Numbers_To_User"/>
  <testcase name="Add_Tracking_Number" time="0.483" classname="Test_Data_Generation.Add_Tracking_Numbers_To_User"/>
  <testcase name="Add_Tracking_Number" time="0.466" classname="Test_Data_Generation.Add_Tracking_Numbers_To_User"/>
  <testcase name="Add_Tracking_Number" time="0.445" classname="Test_Data_Generation.Add_Tracking_Numbers_To_User"/>
  <testcase name="Add_Tracking_Number" time="0.557" classname="Test_Data_Generation.Add_Tracking_Numbers_To_User"/>
  <testcase name="Add_Tracking_Number" time="0.534" classname="Test_Data_Generation.Add_Tracking_Numbers_To_User"/>
  <testcase name="Add_Tracking_Number" time="0.565" classname="Test_Data_Generation.Add_Tracking_Numbers_To_User"/>
  <testcase name="Add_Tracking_Number" time="0.468" classname="Test_Data_Generation.Add_Tracking_Numbers_To_User"/>
  <testcase name="Add_Tracking_Number" time="0.466" classname="Test_Data_Generation.Add_Tracking_Numbers_To_User"/>
  <testcase name="Add_Tracking_Number" time="0.666" classname="Test_Data_Generation.Add_Tracking_Numbers_To_User"/>
  <testcase name="Add_Tracking_Number" time="0.513" classname="Test_Data_Generation.Add_Tracking_Numbers_To_User"/>
  <testcase name="Add_Tracking_Number" time="0.461" classname="Test_Data_Generation.Add_Tracking_Numbers_To_User"/>
  <testcase name="Add_Tracking_Number" time="0.664" classname="Test_Data_Generation.Add_Tracking_Numbers_To_User"/>
  <testcase name="Add_Tracking_Number" time="0.649" classname="Test_Data_Generation.Add_Tracking_Numbers_To_User"/>
  <testcase name="Add_Tracking_Number" time="0.692" classname="Test_Data_Generation.Add_Tracking_Numbers_To_User"/>
  <testcase name="Add_Tracking_Number" time="0.500" classname="Test_Data_Generation.Add_Tracking_Numbers_To_User"/>
  <testcase name="Add_Tracking_Number" time="0.450" classname="Test_Data_Generation.Add_Tracking_Numbers_To_User"/>
  <testcase name="Add_Tracking_Number" time="0.509" classname="Test_Data_Generation.Add_Tracking_Numbers_To_User"/>
  <testcase name="Add_Tracking_Number" time="0.540" classname="Test_Data_Generation.Add_Tracking_Numbers_To_User"/>
  <testcase name="Add_Tracking_Number" time="0.444" classname="Test_Data_Generation.Add_Tracking_Numbers_To_User"/>
  <testcase name="Add_Tracking_Number" time="0.579" classname="Test_Data_Generation.Add_Tracking_Numbers_To_User"/>
  <testcase name="Add_Tracking_Number" time="0.522" classname="Test_Data_Generation.Add_Tracking_Numbers_To_User"/>
  <testcase name="Add_Tracking_Number" time="0.634" classname="Test_Data_Generation.Add_Tracking_Numbers_To_User"/>
  <testcase name="Add_Tracking_Number" time="0.504" classname="Test_Data_Generation.Add_Tracking_Numbers_To_User"/>
  <testcase name="Add_Tracking_Number" time="0.640" classname="Test_Data_Generation.Add_Tracking_Numbers_To_User"/>
  <testcase name="Add_Tracking_Number" time="0.593" classname="Test_Data_Generation.Add_Tracking_Numbers_To_User"/>
  <testcase name="Add_Tracking_Number" time="0.565" classname="Test_Data_Generation.Add_Tracking_Numbers_To_User"/>
  <testcase name="Add_Tracking_Number" time="0.541" classname="Test_Data_Generation.Add_Tracking_Numbers_To_User"/>
  <testcase name="Add_Tracking_Number" time="0.554" classname="Test_Data_Generation.Add_Tracking_Numbers_To_User"/>
  <testcase name="Add_Tracking_Number" time="0.702" classname="Test_Data_Generation.Add_Tracking_Numbers_To_User"/>
  <testcase name="Add_Tracking_Number" time="0.673" classname="Test_Data_Generation.Add_Tracking_Numbers_To_User"/>
  <testcase name="Add_Tracking_Number" time="0.498" classname="Test_Data_Generation.Add_Tracking_Numbers_To_User"/>
  <testcase name="Add_Tracking_Number" time="0.836" classname="Test_Data_Generation.Add_Tracking_Numbers_To_User"/>
  <testcase name="Add_Tracking_Number" time="0.812" classname="Test_Data_Generation.Add_Tracking_Numbers_To_User"/>
  <testcase name="Add_Tracking_Number" time="0.539" classname="Test_Data_Generation.Add_Tracking_Numbers_To_User"/>
  <testcase name="Add_Tracking_Number" time="0.117" classname="Test_Data_Generation.Add_Tracking_Numbers_To_User"/>
  <testcase name="Add_Tracking_Number" time="0.796" classname="Test_Data_Generation.Add_Tracking_Numbers_To_User"/>
  <testcase name="Add_Tracking_Number" time="0.462" classname="Test_Data_Generation.Add_Tracking_Numbers_To_User"/>
  <testcase name="Add_Tracking_Number" time="0.532" classname="Test_Data_Generation.Add_Tracking_Numbers_To_User"/>
  <testcase name="Add_Tracking_Number" time="0.485" classname="Test_Data_Generation.Add_Tracking_Numbers_To_User"/>
  <testcase name="Add_Tracking_Number" time="0.551" classname="Test_Data_Generation.Add_Tracking_Numbers_To_User"/>
  <testcase name="Add_Tracking_Number" time="0.550" classname="Test_Data_Generation.Add_Tracking_Numbers_To_User"/>
  <testcase name="Add_Tracking_Number" time="0.742" classname="Test_Data_Generation.Add_Tracking_Numbers_To_User"/>
  <testcase name="Add_Tracking_Number" time="0.474" classname="Test_Data_Generation.Add_Tracking_Numbers_To_User"/>
  <testcase name="Add_Tracking_Number" time="0.576" classname="Test_Data_Generation.Add_Tracking_Numbers_To_User"/>
  <testcase name="Add_Tracking_Number" time="0.183" classname="Test_Data_Generation.Add_Tracking_Numbers_To_User"/>
  <testcase name="Add_Tracking_Number" time="0.544" classname="Test_Data_Generation.Add_Tracking_Numbers_To_User"/>
  <testcase name="Add_Tracking_Number" time="0.561" classname="Test_Data_Generation.Add_Tracking_Numbers_To_User"/>
  <testcase name="Add_Tracking_Number" time="0.737" classname="Test_Data_Generation.Add_Tracking_Numbers_To_User"/>
  <testcase name="Add_Tracking_Number" time="0.491" classname="Test_Data_Generation.Add_Tracking_Numbers_To_User"/>
  <testcase name="Add_Tracking_Number" time="0.487" classname="Test_Data_Generation.Add_Tracking_Numbers_To_User"/>
  <testcase name="Add_Tracking_Number" time="0.492" classname="Test_Data_Generation.Add_Tracking_Numbers_To_User"/>
  <testcase name="Add_Tracking_Number" time="0.535" classname="Test_Data_Generation.Add_Tracking_Numbers_To_User"/>
  <testcase name="Add_Tracking_Number" time="0.525" classname="Test_Data_Generation.Add_Tracking_Numbers_To_User"/>
  <testcase name="Add_Tracking_Number" time="0.231" classname="Test_Data_Generation.Add_Tracking_Numbers_To_User"/>
  <testcase name="Add_Tracking_Number" time="0.475" classname="Test_Data_Generation.Add_Tracking_Numbers_To_User"/>
  <testcase name="Add_Tracking_Number" time="0.530" classname="Test_Data_Generation.Add_Tracking_Numbers_To_User"/>
  <testcase name="Add_Tracking_Number" time="0.542" classname="Test_Data_Generation.Add_Tracking_Numbers_To_User"/>
  <testcase name="Add_Tracking_Number" time="0.726" classname="Test_Data_Generation.Add_Tracking_Numbers_To_User"/>
  <testcase name="Add_Tracking_Number" time="0.585" classname="Test_Data_Generation.Add_Tracking_Numbers_To_User"/>
  <testcase name="Add_Tracking_Number" time="0.492" classname="Test_Data_Generation.Add_Tracking_Numbers_To_User"/>
  <testcase name="Add_Tracking_Number" time="0.610" classname="Test_Data_Generation.Add_Tracking_Numbers_To_User"/>
  <testcase name="Add_Tracking_Number" time="0.706" classname="Test_Data_Generation.Add_Tracking_Numbers_To_User"/>
  <testcase name="Add_Tracking_Number" time="0.592" classname="Test_Data_Generation.Add_Tracking_Numbers_To_User"/>
  <testcase name="Add_Tracking_Number" time="0.503" classname="Test_Data_Generation.Add_Tracking_Numbers_To_User"/>
  <testcase name="Add_Tracking_Number" time="0.239" classname="Test_Data_Generation.Add_Tracking_Numbers_To_User"/>
  <testcase name="Add_Tracking_Number" time="0.572" classname="Test_Data_Generation.Add_Tracking_Numbers_To_User"/>
  <testcase name="Add_Tracking_Number" time="0.349" classname="Test_Data_Generation.Add_Tracking_Numbers_To_User"/>
  <testcase name="Add_Tracking_Number" time="0.437" classname="Test_Data_Generation.Add_Tracking_Numbers_To_User"/>
  <testcase name="Add_Tracking_Number" time="0.635" classname="Test_Data_Generation.Add_Tracking_Numbers_To_User"/>
  <testcase name="Add_Tracking_Number" time="0.542" classname="Test_Data_Generation.Add_Tracking_Numbers_To_User"/>
  <testcase name="Add_Tracking_Number" time="0.638" classname="Test_Data_Generation.Add_Tracking_Numbers_To_User"/>
  <testcase name="Add_Tracking_Number" time="0.526" classname="Test_Data_Generation.Add_Tracking_Numbers_To_User"/>
  <testcase name="Add_Tracking_Number" time="0.590" classname="Test_Data_Generation.Add_Tracking_Numbers_To_User"/>
  <testcase name="Add_Tracking_Number" time="0.665" classname="Test_Data_Generation.Add_Tracking_Numbers_To_User"/>
  <testcase name="Add_Tracking_Number" time="0.526" classname="Test_Data_Generation.Add_Tracking_Numbers_To_User"/>
  <testcase name="Add_Tracking_Number" time="0.794" classname="Test_Data_Generation.Add_Tracking_Numbers_To_User"/>
  <testcase name="Add_Tracking_Number" time="0.676" classname="Test_Data_Generation.Add_Tracking_Numbers_To_User"/>
  <testcase name="Add_Tracking_Number" time="0.511" classname="Test_Data_Generation.Add_Tracking_Numbers_To_User"/>
  <testcase name="Add_Tracking_Number" time="0.539" classname="Test_Data_Generation.Add_Tracking_Numbers_To_User"/>
  <testcase name="Add_Tracking_Number" time="0.990" classname="Test_Data_Generation.Add_Tracking_Numbers_To_User"/>
  <testcase name="Add_Tracking_Number" time="0.498" classname="Test_Data_Generation.Add_Tracking_Numbers_To_User"/>
  <testcase name="Add_Tracking_Number" time="0.534" classname="Test_Data_Generation.Add_Tracking_Numbers_To_User"/>
  <testcase name="Add_Tracking_Number" time="0.503" classname="Test_Data_Generation.Add_Tracking_Numbers_To_User"/>
  <testcase name="Add_Tracking_Number" time="0.525" classname="Test_Data_Generation.Add_Tracking_Numbers_To_User"/>
  <testcase name="Add_Tracking_Number" time="1.250" classname="Test_Data_Generation.Add_Tracking_Numbers_To_User"/>
  <testcase name="Add_Tracking_Number" time="0.507" classname="Test_Data_Generation.Add_Tracking_Numbers_To_User"/>
  <testcase name="Add_Tracking_Number" time="0.611" classname="Test_Data_Generation.Add_Tracking_Numbers_To_User"/>
  <testcase name="Add_Tracking_Number" time="0.575" classname="Test_Data_Generation.Add_Tracking_Numbers_To_User"/>
  <testcase name="Add_Tracking_Number" time="0.532" classname="Test_Data_Generation.Add_Tracking_Numbers_To_User"/>
  <testcase name="Add_Tracking_Number" time="0.688" classname="Test_Data_Generation.Add_Tracking_Numbers_To_User"/>
  <testcase name="Add_Tracking_Number" time="0.552" classname="Test_Data_Generation.Add_Tracking_Numbers_To_User"/>
  <testcase name="Add_Tracking_Number" time="0.515" classname="Test_Data_Generation.Add_Tracking_Numbers_To_User"/>
  <testcase name="Add_Tracking_Number" time="0.619" classname="Test_Data_Generation.Add_Tracking_Numbers_To_User"/>
  <testcase name="Add_Tracking_Number" time="0.539" classname="Test_Data_Generation.Add_Tracking_Numbers_To_User"/>
  <testcase name="Add_Tracking_Number" time="0.676" classname="Test_Data_Generation.Add_Tracking_Numbers_To_User"/>
  <testcase name="Add_Tracking_Number" time="0.494" classname="Test_Data_Generation.Add_Tracking_Numbers_To_User"/>
  <testcase name="Add_Tracking_Number" time="0.606" classname="Test_Data_Generation.Add_Tracking_Numbers_To_User"/>
  <testcase name="Add_Tracking_Number" time="0.531" classname="Test_Data_Generation.Add_Tracking_Numbers_To_User"/>
  <testcase name="Add_Tracking_Number" time="0.577" classname="Test_Data_Generation.Add_Tracking_Numbers_To_User"/>
  <testcase name="Add_Tracking_Number" time="0.580" classname="Test_Data_Generation.Add_Tracking_Numbers_To_User"/>
  <testcase name="Add_Tracking_Number" time="0.847" classname="Test_Data_Generation.Add_Tracking_Numbers_To_User"/>
  <testcase name="Add_Tracking_Number" time="0.557" classname="Test_Data_Generation.Add_Tracking_Numbers_To_User"/>
  <testcase name="Add_Tracking_Number" time="0.578" classname="Test_Data_Generation.Add_Tracking_Numbers_To_User"/>
  <testcase name="Add_Tracking_Number" time="0.494" classname="Test_Data_Generation.Add_Tracking_Numbers_To_User"/>
  <testcase name="Add_Tracking_Number" time="0.575" classname="Test_Data_Generation.Add_Tracking_Numbers_To_User"/>
  <testcase name="Add_Tracking_Number" time="0.555" classname="Test_Data_Generation.Add_Tracking_Numbers_To_User"/>
  <testcase name="Add_Tracking_Number" time="0.563" classname="Test_Data_Generation.Add_Tracking_Numbers_To_User"/>
  <testcase name="Add_Tracking_Number" time="0.589" classname="Test_Data_Generation.Add_Tracking_Numbers_To_User"/>
  <testcase name="Add_Tracking_Number" time="0.178" classname="Test_Data_Generation.Add_Tracking_Numbers_To_User"/>
  <testcase name="Add_Tracking_Number" time="0.469" classname="Test_Data_Generation.Add_Tracking_Numbers_To_User"/>
  <testcase name="Add_Tracking_Number" time="0.625" classname="Test_Data_Generation.Add_Tracking_Numbers_To_User"/>
  <testcase name="Add_Tracking_Number" time="0.529" classname="Test_Data_Generation.Add_Tracking_Numbers_To_User"/>
  <testcase name="Add_Tracking_Number" time="0.502" classname="Test_Data_Generation.Add_Tracking_Numbers_To_User"/>
  <testcase name="Add_Tracking_Number" time="0.626" classname="Test_Data_Generation.Add_Tracking_Numbers_To_User"/>
  <testcase name="Add_Tracking_Number" time="0.505" classname="Test_Data_Generation.Add_Tracking_Numbers_To_User"/>
  <testcase name="Add_Tracking_Number" time="0.668" classname="Test_Data_Generation.Add_Tracking_Numbers_To_User"/>
  <testcase name="Add_Tracking_Number" time="0.528" classname="Test_Data_Generation.Add_Tracking_Numbers_To_User"/>
  <testcase name="Add_Tracking_Number" time="0.543" classname="Test_Data_Generation.Add_Tracking_Numbers_To_User"/>
  <testcase name="Add_Tracking_Number" time="0.653" classname="Test_Data_Generation.Add_Tracking_Numbers_To_User"/>
  <testcase name="Add_Tracking_Number" time="0.544" classname="Test_Data_Generation.Add_Tracking_Numbers_To_User"/>
  <testcase name="Add_Tracking_Number" time="0.440" classname="Test_Data_Generation.Add_Tracking_Numbers_To_User"/>
  <testcase name="Add_Tracking_Number" time="0.519" classname="Test_Data_Generation.Add_Tracking_Numbers_To_User"/>
  <testcase name="Add_Tracking_Number" time="0.615" classname="Test_Data_Generation.Add_Tracking_Numbers_To_User"/>
  <testcase name="Add_Tracking_Number" time="0.577" classname="Test_Data_Generation.Add_Tracking_Numbers_To_User"/>
  <testcase name="Add_Tracking_Number" time="0.597" classname="Test_Data_Generation.Add_Tracking_Numbers_To_User"/>
  <testcase name="Add_Tracking_Number" time="0.460" classname="Test_Data_Generation.Add_Tracking_Numbers_To_User"/>
  <testcase name="Add_Tracking_Number" time="0.491" classname="Test_Data_Generation.Add_Tracking_Numbers_To_User"/>
  <testcase name="Add_Tracking_Number" time="0.556" classname="Test_Data_Generation.Add_Tracking_Numbers_To_User"/>
  <testcase name="Add_Tracking_Number" time="0.648" classname="Test_Data_Generation.Add_Tracking_Numbers_To_User"/>
  <testcase name="Add_Tracking_Number" time="0.523" classname="Test_Data_Generation.Add_Tracking_Numbers_To_User"/>
  <testcase name="Add_Tracking_Number" time="0.514" classname="Test_Data_Generation.Add_Tracking_Numbers_To_User"/>
  <testcase name="Add_Tracking_Number" time="0.534" classname="Test_Data_Generation.Add_Tracking_Numbers_To_User"/>
  <testcase name="Add_Tracking_Number" time="0.714" classname="Test_Data_Generation.Add_Tracking_Numbers_To_User"/>
  <testcase name="Add_Tracking_Number" time="0.468" classname="Test_Data_Generation.Add_Tracking_Numbers_To_User"/>
  <testcase name="Add_Tracking_Number" time="0.540" classname="Test_Data_Generation.Add_Tracking_Numbers_To_User"/>
  <testcase name="Add_Tracking_Number" time="0.525" classname="Test_Data_Generation.Add_Tracking_Numbers_To_User"/>
  <testcase name="Add_Tracking_Number" time="0.499" classname="Test_Data_Generation.Add_Tracking_Numbers_To_User"/>
  <testcase name="Add_Tracking_Number" time="0.523" classname="Test_Data_Generation.Add_Tracking_Numbers_To_User"/>
  <testcase name="Add_Tracking_Number" time="0.560" classname="Test_Data_Generation.Add_Tracking_Numbers_To_User"/>
  <testcase name="Add_Tracking_Number" time="0.552" classname="Test_Data_Generation.Add_Tracking_Numbers_To_User"/>
  <testcase name="Add_Tracking_Number" time="0.450" classname="Test_Data_Generation.Add_Tracking_Numbers_To_User"/>
  <testcase name="Add_Tracking_Number" time="0.535" classname="Test_Data_Generation.Add_Tracking_Numbers_To_User"/>
  <testcase name="Add_Tracking_Number" time="0.475" classname="Test_Data_Generation.Add_Tracking_Numbers_To_User"/>
  <testcase name="Add_Tracking_Number" time="0.466" classname="Test_Data_Generation.Add_Tracking_Numbers_To_User"/>
  <testcase name="Add_Tracking_Number" time="0.471" classname="Test_Data_Generation.Add_Tracking_Numbers_To_User"/>
  <testcase name="Add_Tracking_Number" time="0.525" classname="Test_Data_Generation.Add_Tracking_Numbers_To_User"/>
  <testcase name="Add_Tracking_Number" time="0.430" classname="Test_Data_Generation.Add_Tracking_Numbers_To_User">
    <failure type="java.lang.AssertionError" message="
Expected: a string containing &quot;{\&quot;successful\&quot;:true&quot;
     but: was &quot;{&quot;ShipmentOptionResponse&quot;:{&quot;successful&quot;:false,&quot;errorList&quot;:[{&quot;code&quot;:&quot;2997&quot;,&quot;message&quot;:&quot;TRAQS connection/request problem&quot;,&quot;source&quot;:null,&quot;rootCause&quot;:null}],&quot;alerts&quot;:null,&quot;cxsalerts&quot;:null}}&quot;">
      <![CDATA[java.lang.AssertionError: 
Expected: a string containing "{\"successful\":true"
     but: was "{"ShipmentOptionResponse":{"successful":false,"errorList":[{"code":"2997","message":"TRAQS connection/request problem","source":null,"rootCause":null}],"alerts":null,"cxsalerts":null}}"
at org.hamcrest.MatcherAssert.assertThat(MatcherAssert.java:20)
at org.junit.Assert.assertThat(Assert.java:956)
at org.junit.Assert.assertThat(Assert.java:923)
at Test_Data_Generation.Add_Tracking_Numbers_To_User.Add_Tracking_Number(Add_Tracking_Numbers_To_User.java:69)
at sun.reflect.GeneratedMethodAccessor2.invoke(Unknown Source)
at sun.reflect.DelegatingMethodAccessorImpl.invoke(Unknown Source)
at java.lang.reflect.Method.invoke(Unknown Source)
at org.testng.internal.MethodInvocationHelper.invokeMethod(MethodInvocationHelper.java:124)
at org.testng.internal.Invoker.invokeMethod(Invoker.java:580)
at org.testng.internal.Invoker.invokeTestMethod(Invoker.java:716)
at org.testng.internal.TestMethodWithDataProviderMethodWorker.call(TestMethodWithDataProviderMethodWorker.java:71)
at org.testng.internal.TestMethodWithDataProviderMethodWorker.call(TestMethodWithDataProviderMethodWorker.java:14)
at java.util.concurrent.FutureTask.run(Unknown Source)
at java.util.concurrent.Executors$RunnableAdapter.call(Unknown Source)
at java.util.concurrent.FutureTask.run(Unknown Source)
at java.util.concurrent.ThreadPoolExecutor.runWorker(Unknown Source)
at java.util.concurrent.ThreadPoolExecutor$Worker.run(Unknown Source)
at java.lang.Thread.run(Unknown Source)
]]>
    </failure>
  </testcase> <!-- Add_Tracking_Number -->
  <testcase name="Add_Tracking_Number" time="0.655" classname="Test_Data_Generation.Add_Tracking_Numbers_To_User"/>
  <testcase name="Add_Tracking_Number" time="0.502" classname="Test_Data_Generation.Add_Tracking_Numbers_To_User"/>
  <testcase name="Add_Tracking_Number" time="0.641" classname="Test_Data_Generation.Add_Tracking_Numbers_To_User"/>
  <testcase name="Add_Tracking_Number" time="0.488" classname="Test_Data_Generation.Add_Tracking_Numbers_To_User"/>
  <testcase name="Add_Tracking_Number" time="0.500" classname="Test_Data_Generation.Add_Tracking_Numbers_To_User"/>
  <testcase name="Add_Tracking_Number" time="0.574" classname="Test_Data_Generation.Add_Tracking_Numbers_To_User"/>
  <testcase name="Add_Tracking_Number" time="0.521" classname="Test_Data_Generation.Add_Tracking_Numbers_To_User"/>
  <testcase name="Add_Tracking_Number" time="0.503" classname="Test_Data_Generation.Add_Tracking_Numbers_To_User"/>
  <testcase name="Add_Tracking_Number" time="0.600" classname="Test_Data_Generation.Add_Tracking_Numbers_To_User"/>
  <testcase name="Add_Tracking_Number" time="0.579" classname="Test_Data_Generation.Add_Tracking_Numbers_To_User"/>
  <testcase name="Add_Tracking_Number" time="0.635" classname="Test_Data_Generation.Add_Tracking_Numbers_To_User"/>
  <testcase name="Add_Tracking_Number" time="0.497" classname="Test_Data_Generation.Add_Tracking_Numbers_To_User"/>
  <testcase name="Add_Tracking_Number" time="0.475" classname="Test_Data_Generation.Add_Tracking_Numbers_To_User"/>
  <testcase name="Add_Tracking_Number" time="0.492" classname="Test_Data_Generation.Add_Tracking_Numbers_To_User"/>
  <testcase name="Add_Tracking_Number" time="0.464" classname="Test_Data_Generation.Add_Tracking_Numbers_To_User"/>
  <testcase name="Add_Tracking_Number" time="0.486" classname="Test_Data_Generation.Add_Tracking_Numbers_To_User"/>
  <testcase name="Add_Tracking_Number" time="0.491" classname="Test_Data_Generation.Add_Tracking_Numbers_To_User"/>
  <testcase name="Add_Tracking_Number" time="0.600" classname="Test_Data_Generation.Add_Tracking_Numbers_To_User"/>
  <testcase name="Add_Tracking_Number" time="0.716" classname="Test_Data_Generation.Add_Tracking_Numbers_To_User"/>
  <testcase name="Add_Tracking_Number" time="0.564" classname="Test_Data_Generation.Add_Tracking_Numbers_To_User"/>
  <testcase name="Add_Tracking_Number" time="0.531" classname="Test_Data_Generation.Add_Tracking_Numbers_To_User"/>
  <testcase name="Add_Tracking_Number" time="0.513" classname="Test_Data_Generation.Add_Tracking_Numbers_To_User"/>
  <testcase name="Add_Tracking_Number" time="0.486" classname="Test_Data_Generation.Add_Tracking_Numbers_To_User"/>
  <testcase name="Add_Tracking_Number" time="0.404" classname="Test_Data_Generation.Add_Tracking_Numbers_To_User"/>
  <testcase name="Add_Tracking_Number" time="0.567" classname="Test_Data_Generation.Add_Tracking_Numbers_To_User"/>
  <testcase name="Add_Tracking_Number" time="0.609" classname="Test_Data_Generation.Add_Tracking_Numbers_To_User"/>
  <testcase name="Add_Tracking_Number" time="0.629" classname="Test_Data_Generation.Add_Tracking_Numbers_To_User"/>
  <testcase name="Add_Tracking_Number" time="0.590" classname="Test_Data_Generation.Add_Tracking_Numbers_To_User"/>
  <testcase name="Add_Tracking_Number" time="0.579" classname="Test_Data_Generation.Add_Tracking_Numbers_To_User"/>
  <testcase name="Add_Tracking_Number" time="0.546" classname="Test_Data_Generation.Add_Tracking_Numbers_To_User"/>
  <testcase name="Add_Tracking_Number" time="0.513" classname="Test_Data_Generation.Add_Tracking_Numbers_To_User"/>
  <testcase name="Add_Tracking_Number" time="0.657" classname="Test_Data_Generation.Add_Tracking_Numbers_To_User"/>
  <testcase name="Add_Tracking_Number" time="0.572" classname="Test_Data_Generation.Add_Tracking_Numbers_To_User"/>
  <testcase name="Add_Tracking_Number" time="0.553" classname="Test_Data_Generation.Add_Tracking_Numbers_To_User"/>
  <testcase name="Add_Tracking_Number" time="0.526" classname="Test_Data_Generation.Add_Tracking_Numbers_To_User"/>
  <testcase name="Add_Tracking_Number" time="0.581" classname="Test_Data_Generation.Add_Tracking_Numbers_To_User"/>
  <testcase name="Add_Tracking_Number" time="0.516" classname="Test_Data_Generation.Add_Tracking_Numbers_To_User"/>
  <testcase name="Add_Tracking_Number" time="0.576" classname="Test_Data_Generation.Add_Tracking_Numbers_To_User"/>
  <testcase name="Add_Tracking_Number" time="0.516" classname="Test_Data_Generation.Add_Tracking_Numbers_To_User"/>
  <testcase name="Add_Tracking_Number" time="0.651" classname="Test_Data_Generation.Add_Tracking_Numbers_To_User"/>
  <testcase name="Add_Tracking_Number" time="0.509" classname="Test_Data_Generation.Add_Tracking_Numbers_To_User"/>
  <testcase name="Add_Tracking_Number" time="0.621" classname="Test_Data_Generation.Add_Tracking_Numbers_To_User"/>
  <testcase name="Add_Tracking_Number" time="0.501" classname="Test_Data_Generation.Add_Tracking_Numbers_To_User"/>
  <testcase name="Add_Tracking_Number" time="0.564" classname="Test_Data_Generation.Add_Tracking_Numbers_To_User"/>
  <testcase name="Add_Tracking_Number" time="0.547" classname="Test_Data_Generation.Add_Tracking_Numbers_To_User"/>
  <testcase name="Add_Tracking_Number" time="0.754" classname="Test_Data_Generation.Add_Tracking_Numbers_To_User"/>
  <testcase name="Add_Tracking_Number" time="0.464" classname="Test_Data_Generation.Add_Tracking_Numbers_To_User"/>
  <testcase name="Add_Tracking_Number" time="0.463" classname="Test_Data_Generation.Add_Tracking_Numbers_To_User"/>
  <testcase name="Add_Tracking_Number" time="0.531" classname="Test_Data_Generation.Add_Tracking_Numbers_To_User"/>
  <testcase name="Add_Tracking_Number" time="0.521" classname="Test_Data_Generation.Add_Tracking_Numbers_To_User"/>
  <testcase name="Add_Tracking_Number" time="0.525" classname="Test_Data_Generation.Add_Tracking_Numbers_To_User"/>
  <testcase name="Add_Tracking_Number" time="0.527" classname="Test_Data_Generation.Add_Tracking_Numbers_To_User"/>
  <testcase name="Add_Tracking_Number" time="0.517" classname="Test_Data_Generation.Add_Tracking_Numbers_To_User"/>
  <testcase name="Add_Tracking_Number" time="0.482" classname="Test_Data_Generation.Add_Tracking_Numbers_To_User"/>
  <testcase name="Add_Tracking_Number" time="0.554" classname="Test_Data_Generation.Add_Tracking_Numbers_To_User"/>
  <testcase name="Add_Tracking_Number" time="0.486" classname="Test_Data_Generation.Add_Tracking_Numbers_To_User"/>
  <testcase name="Add_Tracking_Number" time="0.716" classname="Test_Data_Generation.Add_Tracking_Numbers_To_User"/>
  <testcase name="Add_Tracking_Number" time="0.507" classname="Test_Data_Generation.Add_Tracking_Numbers_To_User"/>
  <testcase name="Add_Tracking_Number" time="0.592" classname="Test_Data_Generation.Add_Tracking_Numbers_To_User"/>
  <testcase name="Add_Tracking_Number" time="4.201" classname="Test_Data_Generation.Add_Tracking_Numbers_To_User"/>
  <testcase name="Add_Tracking_Number" time="0.543" classname="Test_Data_Generation.Add_Tracking_Numbers_To_User"/>
  <testcase name="Add_Tracking_Number" time="0.519" classname="Test_Data_Generation.Add_Tracking_Numbers_To_User"/>
  <testcase name="Add_Tracking_Number" time="0.517" classname="Test_Data_Generation.Add_Tracking_Numbers_To_User"/>
  <testcase name="Add_Tracking_Number" time="0.047" classname="Test_Data_Generation.Add_Tracking_Numbers_To_User"/>
  <testcase name="Add_Tracking_Number" time="0.483" classname="Test_Data_Generation.Add_Tracking_Numbers_To_User"/>
  <testcase name="Add_Tracking_Number" time="0.527" classname="Test_Data_Generation.Add_Tracking_Numbers_To_User"/>
  <testcase name="Add_Tracking_Number" time="0.555" classname="Test_Data_Generation.Add_Tracking_Numbers_To_User"/>
  <testcase name="Add_Tracking_Number" time="0.577" classname="Test_Data_Generation.Add_Tracking_Numbers_To_User"/>
  <testcase name="Add_Tracking_Number" time="0.816" classname="Test_Data_Generation.Add_Tracking_Numbers_To_User"/>
  <testcase name="Add_Tracking_Number" time="0.605" classname="Test_Data_Generation.Add_Tracking_Numbers_To_User"/>
  <testcase name="Add_Tracking_Number" time="0.208" classname="Test_Data_Generation.Add_Tracking_Numbers_To_User"/>
  <testcase name="Add_Tracking_Number" time="0.797" classname="Test_Data_Generation.Add_Tracking_Numbers_To_User"/>
  <testcase name="Add_Tracking_Number" time="0.536" classname="Test_Data_Generation.Add_Tracking_Numbers_To_User"/>
  <testcase name="Add_Tracking_Number" time="0.630" classname="Test_Data_Generation.Add_Tracking_Numbers_To_User"/>
  <testcase name="Add_Tracking_Number" time="0.546" classname="Test_Data_Generation.Add_Tracking_Numbers_To_User"/>
  <testcase name="Add_Tracking_Number" time="0.489" classname="Test_Data_Generation.Add_Tracking_Numbers_To_User"/>
  <testcase name="Add_Tracking_Number" time="0.871" classname="Test_Data_Generation.Add_Tracking_Numbers_To_User"/>
  <testcase name="Add_Tracking_Number" time="0.715" classname="Test_Data_Generation.Add_Tracking_Numbers_To_User"/>
  <testcase name="Add_Tracking_Number" time="0.295" classname="Test_Data_Generation.Add_Tracking_Numbers_To_User"/>
  <testcase name="Add_Tracking_Number" time="0.683" classname="Test_Data_Generation.Add_Tracking_Numbers_To_User"/>
  <testcase name="Add_Tracking_Number" time="0.472" classname="Test_Data_Generation.Add_Tracking_Numbers_To_User"/>
  <testcase name="Add_Tracking_Number" time="0.588" classname="Test_Data_Generation.Add_Tracking_Numbers_To_User"/>
  <testcase name="Add_Tracking_Number" time="0.492" classname="Test_Data_Generation.Add_Tracking_Numbers_To_User"/>
  <testcase name="Add_Tracking_Number" time="0.525" classname="Test_Data_Generation.Add_Tracking_Numbers_To_User"/>
  <testcase name="Add_Tracking_Number" time="0.579" classname="Test_Data_Generation.Add_Tracking_Numbers_To_User"/>
  <testcase name="Add_Tracking_Number" time="0.066" classname="Test_Data_Generation.Add_Tracking_Numbers_To_User"/>
  <testcase name="Add_Tracking_Number" time="0.588" classname="Test_Data_Generation.Add_Tracking_Numbers_To_User"/>
  <testcase name="Add_Tracking_Number" time="0.538" classname="Test_Data_Generation.Add_Tracking_Numbers_To_User"/>
  <testcase name="Add_Tracking_Number" time="0.580" classname="Test_Data_Generation.Add_Tracking_Numbers_To_User"/>
  <testcase name="Add_Tracking_Number" time="0.540" classname="Test_Data_Generation.Add_Tracking_Numbers_To_User"/>
  <testcase name="Add_Tracking_Number" time="0.553" classname="Test_Data_Generation.Add_Tracking_Numbers_To_User"/>
  <testcase name="Add_Tracking_Number" time="0.518" classname="Test_Data_Generation.Add_Tracking_Numbers_To_User"/>
  <testcase name="Add_Tracking_Number" time="0.657" classname="Test_Data_Generation.Add_Tracking_Numbers_To_User"/>
  <testcase name="Add_Tracking_Number" time="0.527" classname="Test_Data_Generation.Add_Tracking_Numbers_To_User"/>
  <testcase name="Add_Tracking_Number" time="0.577" classname="Test_Data_Generation.Add_Tracking_Numbers_To_User"/>
  <testcase name="Add_Tracking_Number" time="0.562" classname="Test_Data_Generation.Add_Tracking_Numbers_To_User"/>
  <testcase name="Add_Tracking_Number" time="0.669" classname="Test_Data_Generation.Add_Tracking_Numbers_To_User"/>
  <testcase name="Add_Tracking_Number" time="0.526" classname="Test_Data_Generation.Add_Tracking_Numbers_To_User"/>
  <testcase name="Add_Tracking_Number" time="0.642" classname="Test_Data_Generation.Add_Tracking_Numbers_To_User"/>
  <testcase name="Add_Tracking_Number" time="0.510" classname="Test_Data_Generation.Add_Tracking_Numbers_To_User"/>
  <testcase name="Add_Tracking_Number" time="0.640" classname="Test_Data_Generation.Add_Tracking_Numbers_To_User"/>
  <testcase name="Add_Tracking_Number" time="0.504" classname="Test_Data_Generation.Add_Tracking_Numbers_To_User"/>
  <testcase name="Add_Tracking_Number" time="0.519" classname="Test_Data_Generation.Add_Tracking_Numbers_To_User"/>
  <testcase name="Add_Tracking_Number" time="0.665" classname="Test_Data_Generation.Add_Tracking_Numbers_To_User"/>
  <testcase name="Add_Tracking_Number" time="0.574" classname="Test_Data_Generation.Add_Tracking_Numbers_To_User"/>
  <testcase name="Add_Tracking_Number" time="0.565" classname="Test_Data_Generation.Add_Tracking_Numbers_To_User"/>
  <testcase name="Add_Tracking_Number" time="0.491" classname="Test_Data_Generation.Add_Tracking_Numbers_To_User"/>
  <testcase name="Add_Tracking_Number" time="0.539" classname="Test_Data_Generation.Add_Tracking_Numbers_To_User"/>
  <testcase name="Add_Tracking_Number" time="0.688" classname="Test_Data_Generation.Add_Tracking_Numbers_To_User"/>
  <testcase name="Add_Tracking_Number" time="0.519" classname="Test_Data_Generation.Add_Tracking_Numbers_To_User"/>
  <testcase name="Add_Tracking_Number" time="0.545" classname="Test_Data_Generation.Add_Tracking_Numbers_To_User"/>
  <testcase name="Add_Tracking_Number" time="0.159" classname="Test_Data_Generation.Add_Tracking_Numbers_To_User"/>
  <testcase name="Add_Tracking_Number" time="0.501" classname="Test_Data_Generation.Add_Tracking_Numbers_To_User"/>
  <testcase name="Add_Tracking_Number" time="0.457" classname="Test_Data_Generation.Add_Tracking_Numbers_To_User"/>
  <testcase name="Add_Tracking_Number" time="0.554" classname="Test_Data_Generation.Add_Tracking_Numbers_To_User"/>
  <testcase name="Add_Tracking_Number" time="0.512" classname="Test_Data_Generation.Add_Tracking_Numbers_To_User"/>
  <testcase name="Add_Tracking_Number" time="0.553" classname="Test_Data_Generation.Add_Tracking_Numbers_To_User"/>
  <testcase name="Add_Tracking_Number" time="0.058" classname="Test_Data_Generation.Add_Tracking_Numbers_To_User"/>
  <testcase name="Add_Tracking_Number" time="0.667" classname="Test_Data_Generation.Add_Tracking_Numbers_To_User"/>
  <testcase name="Add_Tracking_Number" time="0.551" classname="Test_Data_Generation.Add_Tracking_Numbers_To_User"/>
  <testcase name="Add_Tracking_Number" time="0.500" classname="Test_Data_Generation.Add_Tracking_Numbers_To_User"/>
  <testcase name="Add_Tracking_Number" time="0.536" classname="Test_Data_Generation.Add_Tracking_Numbers_To_User"/>
  <testcase name="Add_Tracking_Number" time="0.459" classname="Test_Data_Generation.Add_Tracking_Numbers_To_User"/>
  <testcase name="Add_Tracking_Number" time="0.500" classname="Test_Data_Generation.Add_Tracking_Numbers_To_User"/>
  <testcase name="Add_Tracking_Number" time="6.945" classname="Test_Data_Generation.Add_Tracking_Numbers_To_User"/>
  <testcase name="Add_Tracking_Number" time="0.652" classname="Test_Data_Generation.Add_Tracking_Numbers_To_User"/>
  <testcase name="Add_Tracking_Number" time="0.605" classname="Test_Data_Generation.Add_Tracking_Numbers_To_User"/>
  <testcase name="Add_Tracking_Number" time="0.593" classname="Test_Data_Generation.Add_Tracking_Numbers_To_User"/>
  <testcase name="Add_Tracking_Number" time="0.516" classname="Test_Data_Generation.Add_Tracking_Numbers_To_User"/>
  <testcase name="Add_Tracking_Number" time="0.689" classname="Test_Data_Generation.Add_Tracking_Numbers_To_User"/>
  <testcase name="Add_Tracking_Number" time="0.510" classname="Test_Data_Generation.Add_Tracking_Numbers_To_User"/>
  <testcase name="Add_Tracking_Number" time="0.566" classname="Test_Data_Generation.Add_Tracking_Numbers_To_User"/>
  <testcase name="Add_Tracking_Number" time="0.496" classname="Test_Data_Generation.Add_Tracking_Numbers_To_User"/>
  <testcase name="Add_Tracking_Number" time="0.589" classname="Test_Data_Generation.Add_Tracking_Numbers_To_User"/>
  <testcase name="Add_Tracking_Number" time="0.483" classname="Test_Data_Generation.Add_Tracking_Numbers_To_User"/>
  <testcase name="Add_Tracking_Number" time="0.484" classname="Test_Data_Generation.Add_Tracking_Numbers_To_User"/>
  <testcase name="Add_Tracking_Number" time="0.595" classname="Test_Data_Generation.Add_Tracking_Numbers_To_User"/>
  <testcase name="Add_Tracking_Number" time="0.465" classname="Test_Data_Generation.Add_Tracking_Numbers_To_User"/>
  <testcase name="Add_Tracking_Number" time="0.511" classname="Test_Data_Generation.Add_Tracking_Numbers_To_User"/>
  <testcase name="Add_Tracking_Number" time="0.480" classname="Test_Data_Generation.Add_Tracking_Numbers_To_User"/>
  <testcase name="Add_Tracking_Number" time="0.465" classname="Test_Data_Generation.Add_Tracking_Numbers_To_User"/>
  <testcase name="Add_Tracking_Number" time="0.470" classname="Test_Data_Generation.Add_Tracking_Numbers_To_User"/>
  <testcase name="Add_Tracking_Number" time="0.523" classname="Test_Data_Generation.Add_Tracking_Numbers_To_User"/>
  <testcase name="Add_Tracking_Number" time="0.598" classname="Test_Data_Generation.Add_Tracking_Numbers_To_User"/>
  <testcase name="Add_Tracking_Number" time="1.248" classname="Test_Data_Generation.Add_Tracking_Numbers_To_User"/>
  <testcase name="Add_Tracking_Number" time="0.528" classname="Test_Data_Generation.Add_Tracking_Numbers_To_User"/>
  <testcase name="Add_Tracking_Number" time="0.540" classname="Test_Data_Generation.Add_Tracking_Numbers_To_User"/>
  <testcase name="Add_Tracking_Number" time="0.515" classname="Test_Data_Generation.Add_Tracking_Numbers_To_User"/>
  <testcase name="Add_Tracking_Number" time="0.461" classname="Test_Data_Generation.Add_Tracking_Numbers_To_User"/>
  <testcase name="Add_Tracking_Number" time="0.488" classname="Test_Data_Generation.Add_Tracking_Numbers_To_User"/>
  <testcase name="Add_Tracking_Number" time="0.591" classname="Test_Data_Generation.Add_Tracking_Numbers_To_User"/>
  <testcase name="Add_Tracking_Number" time="0.538" classname="Test_Data_Generation.Add_Tracking_Numbers_To_User"/>
  <testcase name="Add_Tracking_Number" time="0.464" classname="Test_Data_Generation.Add_Tracking_Numbers_To_User"/>
  <testcase name="Add_Tracking_Number" time="0.507" classname="Test_Data_Generation.Add_Tracking_Numbers_To_User"/>
  <testcase name="Add_Tracking_Number" time="0.438" classname="Test_Data_Generation.Add_Tracking_Numbers_To_User"/>
  <testcase name="Add_Tracking_Number" time="0.496" classname="Test_Data_Generation.Add_Tracking_Numbers_To_User">
    <failure type="java.lang.AssertionError" message="
Expected: a string containing &quot;{\&quot;successful\&quot;:true&quot;
     but: was &quot;{&quot;ShipmentOptionResponse&quot;:{&quot;successful&quot;:false,&quot;errorList&quot;:[{&quot;code&quot;:&quot;2997&quot;,&quot;message&quot;:&quot;TRAQS connection/request problem&quot;,&quot;source&quot;:null,&quot;rootCause&quot;:null}],&quot;alerts&quot;:null,&quot;cxsalerts&quot;:null}}&quot;">
      <![CDATA[java.lang.AssertionError: 
Expected: a string containing "{\"successful\":true"
     but: was "{"ShipmentOptionResponse":{"successful":false,"errorList":[{"code":"2997","message":"TRAQS connection/request problem","source":null,"rootCause":null}],"alerts":null,"cxsalerts":null}}"
at org.hamcrest.MatcherAssert.assertThat(MatcherAssert.java:20)
at org.junit.Assert.assertThat(Assert.java:956)
at org.junit.Assert.assertThat(Assert.java:923)
at Test_Data_Generation.Add_Tracking_Numbers_To_User.Add_Tracking_Number(Add_Tracking_Numbers_To_User.java:69)
at sun.reflect.GeneratedMethodAccessor2.invoke(Unknown Source)
at sun.reflect.DelegatingMethodAccessorImpl.invoke(Unknown Source)
at java.lang.reflect.Method.invoke(Unknown Source)
at org.testng.internal.MethodInvocationHelper.invokeMethod(MethodInvocationHelper.java:124)
at org.testng.internal.Invoker.invokeMethod(Invoker.java:580)
at org.testng.internal.Invoker.invokeTestMethod(Invoker.java:716)
at org.testng.internal.TestMethodWithDataProviderMethodWorker.call(TestMethodWithDataProviderMethodWorker.java:71)
at org.testng.internal.TestMethodWithDataProviderMethodWorker.call(TestMethodWithDataProviderMethodWorker.java:14)
at java.util.concurrent.FutureTask.run(Unknown Source)
at java.util.concurrent.Executors$RunnableAdapter.call(Unknown Source)
at java.util.concurrent.FutureTask.run(Unknown Source)
at java.util.concurrent.ThreadPoolExecutor.runWorker(Unknown Source)
at java.util.concurrent.ThreadPoolExecutor$Worker.run(Unknown Source)
at java.lang.Thread.run(Unknown Source)
]]>
    </failure>
  </testcase> <!-- Add_Tracking_Number -->
  <testcase name="Add_Tracking_Number" time="0.518" classname="Test_Data_Generation.Add_Tracking_Numbers_To_User"/>
  <testcase name="Add_Tracking_Number" time="0.508" classname="Test_Data_Generation.Add_Tracking_Numbers_To_User"/>
  <testcase name="Add_Tracking_Number" time="0.534" classname="Test_Data_Generation.Add_Tracking_Numbers_To_User"/>
  <testcase name="Add_Tracking_Number" time="0.519" classname="Test_Data_Generation.Add_Tracking_Numbers_To_User"/>
  <testcase name="Add_Tracking_Number" time="0.590" classname="Test_Data_Generation.Add_Tracking_Numbers_To_User"/>
  <testcase name="Add_Tracking_Number" time="0.661" classname="Test_Data_Generation.Add_Tracking_Numbers_To_User"/>
  <testcase name="Add_Tracking_Number" time="0.456" classname="Test_Data_Generation.Add_Tracking_Numbers_To_User"/>
  <testcase name="Add_Tracking_Number" time="0.504" classname="Test_Data_Generation.Add_Tracking_Numbers_To_User"/>
  <testcase name="Add_Tracking_Number" time="0.458" classname="Test_Data_Generation.Add_Tracking_Numbers_To_User"/>
  <testcase name="Add_Tracking_Number" time="0.316" classname="Test_Data_Generation.Add_Tracking_Numbers_To_User"/>
  <testcase name="Add_Tracking_Number" time="0.501" classname="Test_Data_Generation.Add_Tracking_Numbers_To_User"/>
  <testcase name="Add_Tracking_Number" time="0.480" classname="Test_Data_Generation.Add_Tracking_Numbers_To_User"/>
  <testcase name="Add_Tracking_Number" time="0.529" classname="Test_Data_Generation.Add_Tracking_Numbers_To_User"/>
  <testcase name="Add_Tracking_Number" time="0.521" classname="Test_Data_Generation.Add_Tracking_Numbers_To_User"/>
  <testcase name="Add_Tracking_Number" time="0.579" classname="Test_Data_Generation.Add_Tracking_Numbers_To_User"/>
  <testcase name="Add_Tracking_Number" time="0.943" classname="Test_Data_Generation.Add_Tracking_Numbers_To_User"/>
  <testcase name="Add_Tracking_Number" time="0.731" classname="Test_Data_Generation.Add_Tracking_Numbers_To_User"/>
  <testcase name="Add_Tracking_Number" time="0.440" classname="Test_Data_Generation.Add_Tracking_Numbers_To_User"/>
  <testcase name="Add_Tracking_Number" time="0.619" classname="Test_Data_Generation.Add_Tracking_Numbers_To_User"/>
  <testcase name="Add_Tracking_Number" time="0.553" classname="Test_Data_Generation.Add_Tracking_Numbers_To_User"/>
  <testcase name="Add_Tracking_Number" time="0.156" classname="Test_Data_Generation.Add_Tracking_Numbers_To_User"/>
  <testcase name="Add_Tracking_Number" time="0.504" classname="Test_Data_Generation.Add_Tracking_Numbers_To_User"/>
  <testcase name="Add_Tracking_Number" time="0.502" classname="Test_Data_Generation.Add_Tracking_Numbers_To_User"/>
  <testcase name="Add_Tracking_Number" time="0.488" classname="Test_Data_Generation.Add_Tracking_Numbers_To_User"/>
  <testcase name="Add_Tracking_Number" time="0.554" classname="Test_Data_Generation.Add_Tracking_Numbers_To_User"/>
  <testcase name="Add_Tracking_Number" time="0.118" classname="Test_Data_Generation.Add_Tracking_Numbers_To_User"/>
  <testcase name="Add_Tracking_Number" time="0.741" classname="Test_Data_Generation.Add_Tracking_Numbers_To_User"/>
  <testcase name="Add_Tracking_Number" time="0.585" classname="Test_Data_Generation.Add_Tracking_Numbers_To_User"/>
  <testcase name="Add_Tracking_Number" time="0.602" classname="Test_Data_Generation.Add_Tracking_Numbers_To_User"/>
  <testcase name="Add_Tracking_Number" time="0.658" classname="Test_Data_Generation.Add_Tracking_Numbers_To_User"/>
  <testcase name="Add_Tracking_Number" time="0.577" classname="Test_Data_Generation.Add_Tracking_Numbers_To_User"/>
  <testcase name="Add_Tracking_Number" time="0.646" classname="Test_Data_Generation.Add_Tracking_Numbers_To_User"/>
  <testcase name="Add_Tracking_Number" time="0.544" classname="Test_Data_Generation.Add_Tracking_Numbers_To_User"/>
  <testcase name="Add_Tracking_Number" time="0.569" classname="Test_Data_Generation.Add_Tracking_Numbers_To_User"/>
  <testcase name="Add_Tracking_Number" time="0.620" classname="Test_Data_Generation.Add_Tracking_Numbers_To_User"/>
  <testcase name="Add_Tracking_Number" time="0.062" classname="Test_Data_Generation.Add_Tracking_Numbers_To_User"/>
  <testcase name="Add_Tracking_Number" time="0.565" classname="Test_Data_Generation.Add_Tracking_Numbers_To_User"/>
  <testcase name="Add_Tracking_Number" time="0.750" classname="Test_Data_Generation.Add_Tracking_Numbers_To_User"/>
  <testcase name="Add_Tracking_Number" time="0.507" classname="Test_Data_Generation.Add_Tracking_Numbers_To_User"/>
  <testcase name="Add_Tracking_Number" time="1.153" classname="Test_Data_Generation.Add_Tracking_Numbers_To_User"/>
  <testcase name="Add_Tracking_Number" time="0.528" classname="Test_Data_Generation.Add_Tracking_Numbers_To_User"/>
  <testcase name="Add_Tracking_Number" time="0.457" classname="Test_Data_Generation.Add_Tracking_Numbers_To_User"/>
  <testcase name="Add_Tracking_Number" time="0.441" classname="Test_Data_Generation.Add_Tracking_Numbers_To_User"/>
  <testcase name="Add_Tracking_Number" time="0.493" classname="Test_Data_Generation.Add_Tracking_Numbers_To_User"/>
  <testcase name="Add_Tracking_Number" time="0.603" classname="Test_Data_Generation.Add_Tracking_Numbers_To_User"/>
  <testcase name="Add_Tracking_Number" time="0.499" classname="Test_Data_Generation.Add_Tracking_Numbers_To_User"/>
  <testcase name="Add_Tracking_Number" time="0.524" classname="Test_Data_Generation.Add_Tracking_Numbers_To_User"/>
  <testcase name="Add_Tracking_Number" time="0.499" classname="Test_Data_Generation.Add_Tracking_Numbers_To_User"/>
  <testcase name="Add_Tracking_Number" time="0.636" classname="Test_Data_Generation.Add_Tracking_Numbers_To_User"/>
  <testcase name="Add_Tracking_Number" time="0.542" classname="Test_Data_Generation.Add_Tracking_Numbers_To_User"/>
  <testcase name="Add_Tracking_Number" time="0.501" classname="Test_Data_Generation.Add_Tracking_Numbers_To_User"/>
  <testcase name="Add_Tracking_Number" time="0.548" classname="Test_Data_Generation.Add_Tracking_Numbers_To_User"/>
  <testcase name="Add_Tracking_Number" time="0.498" classname="Test_Data_Generation.Add_Tracking_Numbers_To_User"/>
  <testcase name="Add_Tracking_Number" time="0.491" classname="Test_Data_Generation.Add_Tracking_Numbers_To_User"/>
  <testcase name="Add_Tracking_Number" time="0.609" classname="Test_Data_Generation.Add_Tracking_Numbers_To_User"/>
  <testcase name="Add_Tracking_Number" time="0.485" classname="Test_Data_Generation.Add_Tracking_Numbers_To_User"/>
  <testcase name="Add_Tracking_Number" time="0.713" classname="Test_Data_Generation.Add_Tracking_Numbers_To_User"/>
  <testcase name="Add_Tracking_Number" time="0.828" classname="Test_Data_Generation.Add_Tracking_Numbers_To_User"/>
  <testcase name="Add_Tracking_Number" time="0.493" classname="Test_Data_Generation.Add_Tracking_Numbers_To_User"/>
  <testcase name="Add_Tracking_Number" time="0.525" classname="Test_Data_Generation.Add_Tracking_Numbers_To_User"/>
  <testcase name="Add_Tracking_Number" time="0.458" classname="Test_Data_Generation.Add_Tracking_Numbers_To_User"/>
  <testcase name="Add_Tracking_Number" time="0.550" classname="Test_Data_Generation.Add_Tracking_Numbers_To_User"/>
  <testcase name="Add_Tracking_Number" time="0.597" classname="Test_Data_Generation.Add_Tracking_Numbers_To_User"/>
  <testcase name="Add_Tracking_Number" time="0.495" classname="Test_Data_Generation.Add_Tracking_Numbers_To_User"/>
  <testcase name="Add_Tracking_Number" time="0.555" classname="Test_Data_Generation.Add_Tracking_Numbers_To_User"/>
  <testcase name="Add_Tracking_Number" time="0.593" classname="Test_Data_Generation.Add_Tracking_Numbers_To_User"/>
  <testcase name="Add_Tracking_Number" time="0.459" classname="Test_Data_Generation.Add_Tracking_Numbers_To_User"/>
  <testcase name="Add_Tracking_Number" time="0.463" classname="Test_Data_Generation.Add_Tracking_Numbers_To_User"/>
  <testcase name="Add_Tracking_Number" time="0.551" classname="Test_Data_Generation.Add_Tracking_Numbers_To_User"/>
  <testcase name="Add_Tracking_Number" time="0.055" classname="Test_Data_Generation.Add_Tracking_Numbers_To_User"/>
  <testcase name="Add_Tracking_Number" time="0.476" classname="Test_Data_Generation.Add_Tracking_Numbers_To_User"/>
  <testcase name="Add_Tracking_Number" time="0.482" classname="Test_Data_Generation.Add_Tracking_Numbers_To_User"/>
  <testcase name="Add_Tracking_Number" time="0.531" classname="Test_Data_Generation.Add_Tracking_Numbers_To_User"/>
  <testcase name="Add_Tracking_Number" time="0.710" classname="Test_Data_Generation.Add_Tracking_Numbers_To_User"/>
  <testcase name="Add_Tracking_Number" time="0.534" classname="Test_Data_Generation.Add_Tracking_Numbers_To_User"/>
  <testcase name="Add_Tracking_Number" time="0.670" classname="Test_Data_Generation.Add_Tracking_Numbers_To_User"/>
  <testcase name="Add_Tracking_Number" time="0.521" classname="Test_Data_Generation.Add_Tracking_Numbers_To_User"/>
  <testcase name="Add_Tracking_Number" time="0.536" classname="Test_Data_Generation.Add_Tracking_Numbers_To_User"/>
  <testcase name="Add_Tracking_Number" time="0.497" classname="Test_Data_Generation.Add_Tracking_Numbers_To_User"/>
  <testcase name="Add_Tracking_Number" time="0.512" classname="Test_Data_Generation.Add_Tracking_Numbers_To_User"/>
  <testcase name="Add_Tracking_Number" time="0.550" classname="Test_Data_Generation.Add_Tracking_Numbers_To_User"/>
  <testcase name="Add_Tracking_Number" time="0.551" classname="Test_Data_Generation.Add_Tracking_Numbers_To_User"/>
  <testcase name="Add_Tracking_Number" time="0.750" classname="Test_Data_Generation.Add_Tracking_Numbers_To_User"/>
  <testcase name="Add_Tracking_Number" time="0.433" classname="Test_Data_Generation.Add_Tracking_Numbers_To_User"/>
  <testcase name="Add_Tracking_Number" time="1.145" classname="Test_Data_Generation.Add_Tracking_Numbers_To_User"/>
  <testcase name="Add_Tracking_Number" time="0.324" classname="Test_Data_Generation.Add_Tracking_Numbers_To_User"/>
  <testcase name="Add_Tracking_Number" time="0.527" classname="Test_Data_Generation.Add_Tracking_Numbers_To_User"/>
  <testcase name="Add_Tracking_Number" time="0.547" classname="Test_Data_Generation.Add_Tracking_Numbers_To_User"/>
  <testcase name="Add_Tracking_Number" time="0.504" classname="Test_Data_Generation.Add_Tracking_Numbers_To_User"/>
  <testcase name="Add_Tracking_Number" time="0.611" classname="Test_Data_Generation.Add_Tracking_Numbers_To_User"/>
  <testcase name="Add_Tracking_Number" time="0.715" classname="Test_Data_Generation.Add_Tracking_Numbers_To_User"/>
  <testcase name="Add_Tracking_Number" time="0.622" classname="Test_Data_Generation.Add_Tracking_Numbers_To_User"/>
  <testcase name="Add_Tracking_Number" time="0.551" classname="Test_Data_Generation.Add_Tracking_Numbers_To_User"/>
  <testcase name="Add_Tracking_Number" time="0.557" classname="Test_Data_Generation.Add_Tracking_Numbers_To_User"/>
  <testcase name="Add_Tracking_Number" time="0.660" classname="Test_Data_Generation.Add_Tracking_Numbers_To_User"/>
  <testcase name="Add_Tracking_Number" time="0.461" classname="Test_Data_Generation.Add_Tracking_Numbers_To_User"/>
  <testcase name="Add_Tracking_Number" time="0.612" classname="Test_Data_Generation.Add_Tracking_Numbers_To_User"/>
  <testcase name="Add_Tracking_Number" time="0.836" classname="Test_Data_Generation.Add_Tracking_Numbers_To_User"/>
  <testcase name="Add_Tracking_Number" time="0.502" classname="Test_Data_Generation.Add_Tracking_Numbers_To_User"/>
  <testcase name="Add_Tracking_Number" time="0.661" classname="Test_Data_Generation.Add_Tracking_Numbers_To_User"/>
  <testcase name="Add_Tracking_Number" time="0.505" classname="Test_Data_Generation.Add_Tracking_Numbers_To_User"/>
  <testcase name="Add_Tracking_Number" time="0.662" classname="Test_Data_Generation.Add_Tracking_Numbers_To_User"/>
  <testcase name="Add_Tracking_Number" time="0.646" classname="Test_Data_Generation.Add_Tracking_Numbers_To_User"/>
  <testcase name="Add_Tracking_Number" time="0.525" classname="Test_Data_Generation.Add_Tracking_Numbers_To_User"/>
  <testcase name="Add_Tracking_Number" time="0.572" classname="Test_Data_Generation.Add_Tracking_Numbers_To_User"/>
  <testcase name="Add_Tracking_Number" time="0.809" classname="Test_Data_Generation.Add_Tracking_Numbers_To_User"/>
  <testcase name="Add_Tracking_Number" time="0.487" classname="Test_Data_Generation.Add_Tracking_Numbers_To_User"/>
  <testcase name="Add_Tracking_Number" time="0.592" classname="Test_Data_Generation.Add_Tracking_Numbers_To_User"/>
  <testcase name="Add_Tracking_Number" time="0.486" classname="Test_Data_Generation.Add_Tracking_Numbers_To_User"/>
  <testcase name="Add_Tracking_Number" time="0.396" classname="Test_Data_Generation.Add_Tracking_Numbers_To_User"/>
  <testcase name="Add_Tracking_Number" time="0.458" classname="Test_Data_Generation.Add_Tracking_Numbers_To_User"/>
  <testcase name="Add_Tracking_Number" time="0.580" classname="Test_Data_Generation.Add_Tracking_Numbers_To_User"/>
  <testcase name="Add_Tracking_Number" time="0.820" classname="Test_Data_Generation.Add_Tracking_Numbers_To_User"/>
  <testcase name="Add_Tracking_Number" time="0.569" classname="Test_Data_Generation.Add_Tracking_Numbers_To_User"/>
  <testcase name="Add_Tracking_Number" time="0.563" classname="Test_Data_Generation.Add_Tracking_Numbers_To_User"/>
  <testcase name="Add_Tracking_Number" time="0.510" classname="Test_Data_Generation.Add_Tracking_Numbers_To_User"/>
  <testcase name="Add_Tracking_Number" time="0.550" classname="Test_Data_Generation.Add_Tracking_Numbers_To_User"/>
  <testcase name="Add_Tracking_Number" time="0.571" classname="Test_Data_Generation.Add_Tracking_Numbers_To_User"/>
  <testcase name="Add_Tracking_Number" time="0.492" classname="Test_Data_Generation.Add_Tracking_Numbers_To_User"/>
  <testcase name="Add_Tracking_Number" time="0.434" classname="Test_Data_Generation.Add_Tracking_Numbers_To_User"/>
  <testcase name="Add_Tracking_Number" time="0.483" classname="Test_Data_Generation.Add_Tracking_Numbers_To_User"/>
  <testcase name="Add_Tracking_Number" time="0.579" classname="Test_Data_Generation.Add_Tracking_Numbers_To_User"/>
  <testcase name="Add_Tracking_Number" time="0.503" classname="Test_Data_Generation.Add_Tracking_Numbers_To_User"/>
  <testcase name="Add_Tracking_Number" time="0.448" classname="Test_Data_Generation.Add_Tracking_Numbers_To_User"/>
  <testcase name="Add_Tracking_Number" time="0.639" classname="Test_Data_Generation.Add_Tracking_Numbers_To_User"/>
  <testcase name="Add_Tracking_Number" time="0.689" classname="Test_Data_Generation.Add_Tracking_Numbers_To_User"/>
  <testcase name="Add_Tracking_Number" time="0.552" classname="Test_Data_Generation.Add_Tracking_Numbers_To_User"/>
  <testcase name="Add_Tracking_Number" time="0.542" classname="Test_Data_Generation.Add_Tracking_Numbers_To_User"/>
  <testcase name="Add_Tracking_Number" time="0.663" classname="Test_Data_Generation.Add_Tracking_Numbers_To_User"/>
  <testcase name="Add_Tracking_Number" time="0.526" classname="Test_Data_Generation.Add_Tracking_Numbers_To_User"/>
  <testcase name="Add_Tracking_Number" time="0.526" classname="Test_Data_Generation.Add_Tracking_Numbers_To_User"/>
  <testcase name="Add_Tracking_Number" time="0.538" classname="Test_Data_Generation.Add_Tracking_Numbers_To_User"/>
  <testcase name="Add_Tracking_Number" time="0.190" classname="Test_Data_Generation.Add_Tracking_Numbers_To_User"/>
  <testcase name="Add_Tracking_Number" time="0.487" classname="Test_Data_Generation.Add_Tracking_Numbers_To_User"/>
  <testcase name="Add_Tracking_Number" time="0.097" classname="Test_Data_Generation.Add_Tracking_Numbers_To_User"/>
  <testcase name="Add_Tracking_Number" time="0.514" classname="Test_Data_Generation.Add_Tracking_Numbers_To_User"/>
  <testcase name="Add_Tracking_Number" time="0.700" classname="Test_Data_Generation.Add_Tracking_Numbers_To_User"/>
  <testcase name="Add_Tracking_Number" time="0.545" classname="Test_Data_Generation.Add_Tracking_Numbers_To_User"/>
  <testcase name="Add_Tracking_Number" time="0.598" classname="Test_Data_Generation.Add_Tracking_Numbers_To_User"/>
  <testcase name="Add_Tracking_Number" time="0.567" classname="Test_Data_Generation.Add_Tracking_Numbers_To_User"/>
  <testcase name="Add_Tracking_Number" time="0.312" classname="Test_Data_Generation.Add_Tracking_Numbers_To_User"/>
  <testcase name="Add_Tracking_Number" time="0.450" classname="Test_Data_Generation.Add_Tracking_Numbers_To_User">
    <failure type="java.lang.AssertionError" message="
Expected: a string containing &quot;{\&quot;successful\&quot;:true&quot;
     but: was &quot;{&quot;ShipmentOptionResponse&quot;:{&quot;successful&quot;:false,&quot;errorList&quot;:[{&quot;code&quot;:&quot;2997&quot;,&quot;message&quot;:&quot;TRAQS connection/request problem&quot;,&quot;source&quot;:null,&quot;rootCause&quot;:null}],&quot;alerts&quot;:null,&quot;cxsalerts&quot;:null}}&quot;">
      <![CDATA[java.lang.AssertionError: 
Expected: a string containing "{\"successful\":true"
     but: was "{"ShipmentOptionResponse":{"successful":false,"errorList":[{"code":"2997","message":"TRAQS connection/request problem","source":null,"rootCause":null}],"alerts":null,"cxsalerts":null}}"
at org.hamcrest.MatcherAssert.assertThat(MatcherAssert.java:20)
at org.junit.Assert.assertThat(Assert.java:956)
at org.junit.Assert.assertThat(Assert.java:923)
at Test_Data_Generation.Add_Tracking_Numbers_To_User.Add_Tracking_Number(Add_Tracking_Numbers_To_User.java:69)
at sun.reflect.GeneratedMethodAccessor2.invoke(Unknown Source)
at sun.reflect.DelegatingMethodAccessorImpl.invoke(Unknown Source)
at java.lang.reflect.Method.invoke(Unknown Source)
at org.testng.internal.MethodInvocationHelper.invokeMethod(MethodInvocationHelper.java:124)
at org.testng.internal.Invoker.invokeMethod(Invoker.java:580)
at org.testng.internal.Invoker.invokeTestMethod(Invoker.java:716)
at org.testng.internal.TestMethodWithDataProviderMethodWorker.call(TestMethodWithDataProviderMethodWorker.java:71)
at org.testng.internal.TestMethodWithDataProviderMethodWorker.call(TestMethodWithDataProviderMethodWorker.java:14)
at java.util.concurrent.FutureTask.run(Unknown Source)
at java.util.concurrent.Executors$RunnableAdapter.call(Unknown Source)
at java.util.concurrent.FutureTask.run(Unknown Source)
at java.util.concurrent.ThreadPoolExecutor.runWorker(Unknown Source)
at java.util.concurrent.ThreadPoolExecutor$Worker.run(Unknown Source)
at java.lang.Thread.run(Unknown Source)
]]>
    </failure>
  </testcase> <!-- Add_Tracking_Number -->
  <testcase name="Add_Tracking_Number" time="0.483" classname="Test_Data_Generation.Add_Tracking_Numbers_To_User"/>
  <testcase name="Add_Tracking_Number" time="0.713" classname="Test_Data_Generation.Add_Tracking_Numbers_To_User"/>
  <testcase name="Add_Tracking_Number" time="0.534" classname="Test_Data_Generation.Add_Tracking_Numbers_To_User"/>
  <testcase name="Add_Tracking_Number" time="0.786" classname="Test_Data_Generation.Add_Tracking_Numbers_To_User"/>
  <testcase name="Add_Tracking_Number" time="0.497" classname="Test_Data_Generation.Add_Tracking_Numbers_To_User"/>
  <testcase name="Add_Tracking_Number" time="0.744" classname="Test_Data_Generation.Add_Tracking_Numbers_To_User"/>
  <testcase name="Add_Tracking_Number" time="0.586" classname="Test_Data_Generation.Add_Tracking_Numbers_To_User"/>
  <testcase name="Add_Tracking_Number" time="0.481" classname="Test_Data_Generation.Add_Tracking_Numbers_To_User"/>
  <testcase name="Add_Tracking_Number" time="0.545" classname="Test_Data_Generation.Add_Tracking_Numbers_To_User"/>
  <testcase name="Add_Tracking_Number" time="0.631" classname="Test_Data_Generation.Add_Tracking_Numbers_To_User"/>
  <testcase name="Add_Tracking_Number" time="0.762" classname="Test_Data_Generation.Add_Tracking_Numbers_To_User"/>
  <testcase name="Add_Tracking_Number" time="0.492" classname="Test_Data_Generation.Add_Tracking_Numbers_To_User"/>
  <testcase name="Add_Tracking_Number" time="0.549" classname="Test_Data_Generation.Add_Tracking_Numbers_To_User"/>
  <testcase name="Add_Tracking_Number" time="0.579" classname="Test_Data_Generation.Add_Tracking_Numbers_To_User"/>
  <testcase name="Add_Tracking_Number" time="0.502" classname="Test_Data_Generation.Add_Tracking_Numbers_To_User"/>
  <testcase name="Add_Tracking_Number" time="0.517" classname="Test_Data_Generation.Add_Tracking_Numbers_To_User"/>
  <testcase name="Add_Tracking_Number" time="0.488" classname="Test_Data_Generation.Add_Tracking_Numbers_To_User"/>
  <testcase name="Add_Tracking_Number" time="0.712" classname="Test_Data_Generation.Add_Tracking_Numbers_To_User"/>
  <testcase name="Add_Tracking_Number" time="0.548" classname="Test_Data_Generation.Add_Tracking_Numbers_To_User"/>
  <testcase name="Add_Tracking_Number" time="0.598" classname="Test_Data_Generation.Add_Tracking_Numbers_To_User"/>
  <testcase name="Add_Tracking_Number" time="0.774" classname="Test_Data_Generation.Add_Tracking_Numbers_To_User"/>
  <testcase name="Add_Tracking_Number" time="0.534" classname="Test_Data_Generation.Add_Tracking_Numbers_To_User"/>
  <testcase name="Add_Tracking_Number" time="0.105" classname="Test_Data_Generation.Add_Tracking_Numbers_To_User"/>
  <testcase name="Add_Tracking_Number" time="0.502" classname="Test_Data_Generation.Add_Tracking_Numbers_To_User"/>
  <testcase name="Add_Tracking_Number" time="0.542" classname="Test_Data_Generation.Add_Tracking_Numbers_To_User"/>
  <testcase name="Add_Tracking_Number" time="0.571" classname="Test_Data_Generation.Add_Tracking_Numbers_To_User"/>
  <testcase name="Add_Tracking_Number" time="0.782" classname="Test_Data_Generation.Add_Tracking_Numbers_To_User"/>
  <testcase name="Add_Tracking_Number" time="0.491" classname="Test_Data_Generation.Add_Tracking_Numbers_To_User"/>
  <testcase name="Add_Tracking_Number" time="0.550" classname="Test_Data_Generation.Add_Tracking_Numbers_To_User"/>
  <testcase name="Add_Tracking_Number" time="0.558" classname="Test_Data_Generation.Add_Tracking_Numbers_To_User"/>
  <testcase name="Add_Tracking_Number" time="0.720" classname="Test_Data_Generation.Add_Tracking_Numbers_To_User"/>
  <testcase name="Add_Tracking_Number" time="0.558" classname="Test_Data_Generation.Add_Tracking_Numbers_To_User"/>
  <testcase name="Add_Tracking_Number" time="0.512" classname="Test_Data_Generation.Add_Tracking_Numbers_To_User"/>
  <testcase name="Add_Tracking_Number" time="0.530" classname="Test_Data_Generation.Add_Tracking_Numbers_To_User"/>
  <testcase name="Add_Tracking_Number" time="0.542" classname="Test_Data_Generation.Add_Tracking_Numbers_To_User"/>
  <testcase name="Add_Tracking_Number" time="0.841" classname="Test_Data_Generation.Add_Tracking_Numbers_To_User"/>
  <testcase name="Add_Tracking_Number" time="0.556" classname="Test_Data_Generation.Add_Tracking_Numbers_To_User"/>
  <testcase name="Add_Tracking_Number" time="0.590" classname="Test_Data_Generation.Add_Tracking_Numbers_To_User"/>
  <testcase name="Add_Tracking_Number" time="0.618" classname="Test_Data_Generation.Add_Tracking_Numbers_To_User"/>
  <testcase name="Add_Tracking_Number" time="0.549" classname="Test_Data_Generation.Add_Tracking_Numbers_To_User"/>
  <testcase name="Add_Tracking_Number" time="0.553" classname="Test_Data_Generation.Add_Tracking_Numbers_To_User"/>
  <testcase name="Add_Tracking_Number" time="0.511" classname="Test_Data_Generation.Add_Tracking_Numbers_To_User"/>
  <testcase name="Add_Tracking_Number" time="0.575" classname="Test_Data_Generation.Add_Tracking_Numbers_To_User"/>
  <testcase name="Add_Tracking_Number" time="0.514" classname="Test_Data_Generation.Add_Tracking_Numbers_To_User"/>
  <testcase name="Add_Tracking_Number" time="0.554" classname="Test_Data_Generation.Add_Tracking_Numbers_To_User"/>
  <testcase name="Add_Tracking_Number" time="0.663" classname="Test_Data_Generation.Add_Tracking_Numbers_To_User"/>
  <testcase name="Add_Tracking_Number" time="0.470" classname="Test_Data_Generation.Add_Tracking_Numbers_To_User"/>
  <testcase name="Add_Tracking_Number" time="0.544" classname="Test_Data_Generation.Add_Tracking_Numbers_To_User"/>
  <testcase name="Add_Tracking_Number" time="0.527" classname="Test_Data_Generation.Add_Tracking_Numbers_To_User"/>
  <testcase name="Add_Tracking_Number" time="0.851" classname="Test_Data_Generation.Add_Tracking_Numbers_To_User"/>
  <testcase name="Add_Tracking_Number" time="0.578" classname="Test_Data_Generation.Add_Tracking_Numbers_To_User"/>
  <testcase name="Add_Tracking_Number" time="0.582" classname="Test_Data_Generation.Add_Tracking_Numbers_To_User"/>
  <testcase name="Add_Tracking_Number" time="0.678" classname="Test_Data_Generation.Add_Tracking_Numbers_To_User"/>
  <testcase name="Add_Tracking_Number" time="0.520" classname="Test_Data_Generation.Add_Tracking_Numbers_To_User"/>
  <testcase name="Add_Tracking_Number" time="0.471" classname="Test_Data_Generation.Add_Tracking_Numbers_To_User"/>
  <testcase name="Add_Tracking_Number" time="0.046" classname="Test_Data_Generation.Add_Tracking_Numbers_To_User"/>
  <testcase name="Add_Tracking_Number" time="0.529" classname="Test_Data_Generation.Add_Tracking_Numbers_To_User"/>
  <testcase name="Add_Tracking_Number" time="0.551" classname="Test_Data_Generation.Add_Tracking_Numbers_To_User"/>
  <testcase name="Add_Tracking_Number" time="0.568" classname="Test_Data_Generation.Add_Tracking_Numbers_To_User"/>
  <testcase name="Add_Tracking_Number" time="0.467" classname="Test_Data_Generation.Add_Tracking_Numbers_To_User"/>
  <testcase name="Add_Tracking_Number" time="0.530" classname="Test_Data_Generation.Add_Tracking_Numbers_To_User"/>
  <testcase name="Add_Tracking_Number" time="0.520" classname="Test_Data_Generation.Add_Tracking_Numbers_To_User"/>
  <testcase name="Add_Tracking_Number" time="0.521" classname="Test_Data_Generation.Add_Tracking_Numbers_To_User"/>
  <testcase name="Add_Tracking_Number" time="0.469" classname="Test_Data_Generation.Add_Tracking_Numbers_To_User"/>
  <testcase name="Add_Tracking_Number" time="0.691" classname="Test_Data_Generation.Add_Tracking_Numbers_To_User"/>
  <testcase name="Add_Tracking_Number" time="0.637" classname="Test_Data_Generation.Add_Tracking_Numbers_To_User"/>
  <testcase name="Add_Tracking_Number" time="0.587" classname="Test_Data_Generation.Add_Tracking_Numbers_To_User"/>
  <testcase name="Add_Tracking_Number" time="0.453" classname="Test_Data_Generation.Add_Tracking_Numbers_To_User"/>
  <testcase name="Add_Tracking_Number" time="0.469" classname="Test_Data_Generation.Add_Tracking_Numbers_To_User"/>
  <testcase name="Add_Tracking_Number" time="0.646" classname="Test_Data_Generation.Add_Tracking_Numbers_To_User"/>
  <testcase name="Add_Tracking_Number" time="0.457" classname="Test_Data_Generation.Add_Tracking_Numbers_To_User"/>
  <testcase name="Add_Tracking_Number" time="0.556" classname="Test_Data_Generation.Add_Tracking_Numbers_To_User"/>
  <testcase name="Add_Tracking_Number" time="0.678" classname="Test_Data_Generation.Add_Tracking_Numbers_To_User"/>
  <testcase name="Add_Tracking_Number" time="0.568" classname="Test_Data_Generation.Add_Tracking_Numbers_To_User"/>
  <testcase name="Add_Tracking_Number" time="0.560" classname="Test_Data_Generation.Add_Tracking_Numbers_To_User"/>
  <testcase name="Add_Tracking_Number" time="0.553" classname="Test_Data_Generation.Add_Tracking_Numbers_To_User"/>
  <testcase name="Add_Tracking_Number" time="0.597" classname="Test_Data_Generation.Add_Tracking_Numbers_To_User"/>
  <testcase name="Add_Tracking_Number" time="0.512" classname="Test_Data_Generation.Add_Tracking_Numbers_To_User"/>
  <testcase name="Add_Tracking_Number" time="0.517" classname="Test_Data_Generation.Add_Tracking_Numbers_To_User"/>
  <testcase name="Add_Tracking_Number" time="0.514" classname="Test_Data_Generation.Add_Tracking_Numbers_To_User"/>
  <testcase name="Add_Tracking_Number" time="0.515" classname="Test_Data_Generation.Add_Tracking_Numbers_To_User"/>
  <testcase name="Add_Tracking_Number" time="0.586" classname="Test_Data_Generation.Add_Tracking_Numbers_To_User"/>
  <testcase name="Add_Tracking_Number" time="0.775" classname="Test_Data_Generation.Add_Tracking_Numbers_To_User"/>
  <testcase name="Add_Tracking_Number" time="0.486" classname="Test_Data_Generation.Add_Tracking_Numbers_To_User"/>
  <testcase name="Add_Tracking_Number" time="0.521" classname="Test_Data_Generation.Add_Tracking_Numbers_To_User"/>
  <testcase name="Add_Tracking_Number" time="0.478" classname="Test_Data_Generation.Add_Tracking_Numbers_To_User"/>
  <testcase name="Add_Tracking_Number" time="0.507" classname="Test_Data_Generation.Add_Tracking_Numbers_To_User"/>
  <testcase name="Add_Tracking_Number" time="0.570" classname="Test_Data_Generation.Add_Tracking_Numbers_To_User"/>
  <testcase name="Add_Tracking_Number" time="0.604" classname="Test_Data_Generation.Add_Tracking_Numbers_To_User"/>
  <testcase name="Add_Tracking_Number" time="0.484" classname="Test_Data_Generation.Add_Tracking_Numbers_To_User"/>
  <testcase name="Add_Tracking_Number" time="0.587" classname="Test_Data_Generation.Add_Tracking_Numbers_To_User"/>
  <testcase name="Add_Tracking_Number" time="0.498" classname="Test_Data_Generation.Add_Tracking_Numbers_To_User"/>
  <testcase name="Add_Tracking_Number" time="0.521" classname="Test_Data_Generation.Add_Tracking_Numbers_To_User"/>
  <testcase name="Add_Tracking_Number" time="0.624" classname="Test_Data_Generation.Add_Tracking_Numbers_To_User"/>
  <testcase name="Add_Tracking_Number" time="0.647" classname="Test_Data_Generation.Add_Tracking_Numbers_To_User"/>
  <testcase name="Add_Tracking_Number" time="0.613" classname="Test_Data_Generation.Add_Tracking_Numbers_To_User"/>
  <testcase name="Add_Tracking_Number" time="0.475" classname="Test_Data_Generation.Add_Tracking_Numbers_To_User"/>
  <testcase name="Add_Tracking_Number" time="0.636" classname="Test_Data_Generation.Add_Tracking_Numbers_To_User"/>
  <testcase name="Add_Tracking_Number" time="0.385" classname="Test_Data_Generation.Add_Tracking_Numbers_To_User"/>
  <testcase name="Add_Tracking_Number" time="0.661" classname="Test_Data_Generation.Add_Tracking_Numbers_To_User"/>
  <testcase name="Add_Tracking_Number" time="0.703" classname="Test_Data_Generation.Add_Tracking_Numbers_To_User"/>
  <testcase name="Add_Tracking_Number" time="0.528" classname="Test_Data_Generation.Add_Tracking_Numbers_To_User"/>
  <testcase name="Add_Tracking_Number" time="0.533" classname="Test_Data_Generation.Add_Tracking_Numbers_To_User"/>
  <testcase name="Add_Tracking_Number" time="0.660" classname="Test_Data_Generation.Add_Tracking_Numbers_To_User"/>
  <testcase name="Add_Tracking_Number" time="0.499" classname="Test_Data_Generation.Add_Tracking_Numbers_To_User"/>
  <testcase name="Add_Tracking_Number" time="0.522" classname="Test_Data_Generation.Add_Tracking_Numbers_To_User"/>
  <testcase name="Add_Tracking_Number" time="0.734" classname="Test_Data_Generation.Add_Tracking_Numbers_To_User"/>
  <testcase name="Add_Tracking_Number" time="0.589" classname="Test_Data_Generation.Add_Tracking_Numbers_To_User"/>
  <testcase name="Add_Tracking_Number" time="0.582" classname="Test_Data_Generation.Add_Tracking_Numbers_To_User"/>
  <testcase name="Add_Tracking_Number" time="0.641" classname="Test_Data_Generation.Add_Tracking_Numbers_To_User"/>
  <testcase name="Add_Tracking_Number" time="0.586" classname="Test_Data_Generation.Add_Tracking_Numbers_To_User"/>
  <testcase name="Add_Tracking_Number" time="0.719" classname="Test_Data_Generation.Add_Tracking_Numbers_To_User"/>
  <testcase name="Add_Tracking_Number" time="0.534" classname="Test_Data_Generation.Add_Tracking_Numbers_To_User"/>
  <testcase name="Add_Tracking_Number" time="0.508" classname="Test_Data_Generation.Add_Tracking_Numbers_To_User"/>
  <testcase name="Add_Tracking_Number" time="0.601" classname="Test_Data_Generation.Add_Tracking_Numbers_To_User"/>
  <testcase name="Add_Tracking_Number" time="0.606" classname="Test_Data_Generation.Add_Tracking_Numbers_To_User"/>
  <testcase name="Add_Tracking_Number" time="0.556" classname="Test_Data_Generation.Add_Tracking_Numbers_To_User"/>
  <testcase name="Add_Tracking_Number" time="0.489" classname="Test_Data_Generation.Add_Tracking_Numbers_To_User"/>
  <testcase name="Add_Tracking_Number" time="0.584" classname="Test_Data_Generation.Add_Tracking_Numbers_To_User"/>
  <testcase name="Add_Tracking_Number" time="0.504" classname="Test_Data_Generation.Add_Tracking_Numbers_To_User"/>
  <testcase name="Add_Tracking_Number" time="0.453" classname="Test_Data_Generation.Add_Tracking_Numbers_To_User"/>
  <testcase name="Add_Tracking_Number" time="0.490" classname="Test_Data_Generation.Add_Tracking_Numbers_To_User"/>
  <testcase name="Add_Tracking_Number" time="0.600" classname="Test_Data_Generation.Add_Tracking_Numbers_To_User"/>
  <testcase name="Add_Tracking_Number" time="0.600" classname="Test_Data_Generation.Add_Tracking_Numbers_To_User"/>
  <testcase name="Add_Tracking_Number" time="0.494" classname="Test_Data_Generation.Add_Tracking_Numbers_To_User"/>
  <testcase name="Add_Tracking_Number" time="0.622" classname="Test_Data_Generation.Add_Tracking_Numbers_To_User"/>
  <testcase name="Add_Tracking_Number" time="0.664" classname="Test_Data_Generation.Add_Tracking_Numbers_To_User"/>
  <testcase name="Add_Tracking_Number" time="0.571" classname="Test_Data_Generation.Add_Tracking_Numbers_To_User"/>
  <testcase name="Add_Tracking_Number" time="0.505" classname="Test_Data_Generation.Add_Tracking_Numbers_To_User"/>
  <testcase name="Add_Tracking_Number" time="0.539" classname="Test_Data_Generation.Add_Tracking_Numbers_To_User"/>
  <testcase name="Add_Tracking_Number" time="0.547" classname="Test_Data_Generation.Add_Tracking_Numbers_To_User"/>
  <testcase name="Add_Tracking_Number" time="0.522" classname="Test_Data_Generation.Add_Tracking_Numbers_To_User"/>
  <testcase name="Add_Tracking_Number" time="0.470" classname="Test_Data_Generation.Add_Tracking_Numbers_To_User"/>
  <testcase name="Add_Tracking_Number" time="0.693" classname="Test_Data_Generation.Add_Tracking_Numbers_To_User"/>
  <testcase name="Add_Tracking_Number" time="0.502" classname="Test_Data_Generation.Add_Tracking_Numbers_To_User"/>
  <testcase name="Add_Tracking_Number" time="0.539" classname="Test_Data_Generation.Add_Tracking_Numbers_To_User"/>
  <testcase name="Add_Tracking_Number" time="0.482" classname="Test_Data_Generation.Add_Tracking_Numbers_To_User"/>
  <testcase name="Add_Tracking_Number" time="0.510" classname="Test_Data_Generation.Add_Tracking_Numbers_To_User"/>
  <testcase name="Add_Tracking_Number" time="0.501" classname="Test_Data_Generation.Add_Tracking_Numbers_To_User"/>
  <testcase name="Add_Tracking_Number" time="0.495" classname="Test_Data_Generation.Add_Tracking_Numbers_To_User"/>
  <testcase name="Add_Tracking_Number" time="0.675" classname="Test_Data_Generation.Add_Tracking_Numbers_To_User"/>
  <testcase name="Add_Tracking_Number" time="0.588" classname="Test_Data_Generation.Add_Tracking_Numbers_To_User"/>
  <testcase name="Add_Tracking_Number" time="0.651" classname="Test_Data_Generation.Add_Tracking_Numbers_To_User"/>
  <testcase name="Add_Tracking_Number" time="0.485" classname="Test_Data_Generation.Add_Tracking_Numbers_To_User"/>
  <testcase name="Add_Tracking_Number" time="0.514" classname="Test_Data_Generation.Add_Tracking_Numbers_To_User"/>
  <testcase name="Add_Tracking_Number" time="0.557" classname="Test_Data_Generation.Add_Tracking_Numbers_To_User"/>
  <testcase name="Add_Tracking_Number" time="0.478" classname="Test_Data_Generation.Add_Tracking_Numbers_To_User"/>
  <testcase name="Add_Tracking_Number" time="0.497" classname="Test_Data_Generation.Add_Tracking_Numbers_To_User"/>
  <testcase name="Add_Tracking_Number" time="0.510" classname="Test_Data_Generation.Add_Tracking_Numbers_To_User"/>
  <testcase name="Add_Tracking_Number" time="0.555" classname="Test_Data_Generation.Add_Tracking_Numbers_To_User"/>
  <testcase name="Add_Tracking_Number" time="0.451" classname="Test_Data_Generation.Add_Tracking_Numbers_To_User"/>
  <testcase name="Add_Tracking_Number" time="0.557" classname="Test_Data_Generation.Add_Tracking_Numbers_To_User"/>
  <testcase name="Add_Tracking_Number" time="0.683" classname="Test_Data_Generation.Add_Tracking_Numbers_To_User"/>
  <testcase name="Add_Tracking_Number" time="0.533" classname="Test_Data_Generation.Add_Tracking_Numbers_To_User"/>
  <testcase name="Add_Tracking_Number" time="0.528" classname="Test_Data_Generation.Add_Tracking_Numbers_To_User"/>
  <testcase name="Add_Tracking_Number" time="0.498" classname="Test_Data_Generation.Add_Tracking_Numbers_To_User"/>
  <testcase name="Add_Tracking_Number" time="0.491" classname="Test_Data_Generation.Add_Tracking_Numbers_To_User"/>
  <testcase name="Add_Tracking_Number" time="0.626" classname="Test_Data_Generation.Add_Tracking_Numbers_To_User"/>
  <testcase name="Add_Tracking_Number" time="0.714" classname="Test_Data_Generation.Add_Tracking_Numbers_To_User"/>
  <testcase name="Add_Tracking_Number" time="0.554" classname="Test_Data_Generation.Add_Tracking_Numbers_To_User"/>
  <testcase name="Add_Tracking_Number" time="0.559" classname="Test_Data_Generation.Add_Tracking_Numbers_To_User"/>
  <testcase name="Add_Tracking_Number" time="7.940" classname="Test_Data_Generation.Add_Tracking_Numbers_To_User"/>
  <testcase name="Add_Tracking_Number" time="0.522" classname="Test_Data_Generation.Add_Tracking_Numbers_To_User"/>
  <testcase name="Add_Tracking_Number" time="0.577" classname="Test_Data_Generation.Add_Tracking_Numbers_To_User"/>
  <testcase name="Add_Tracking_Number" time="0.758" classname="Test_Data_Generation.Add_Tracking_Numbers_To_User"/>
  <testcase name="Add_Tracking_Number" time="0.571" classname="Test_Data_Generation.Add_Tracking_Numbers_To_User"/>
  <testcase name="Add_Tracking_Number" time="0.480" classname="Test_Data_Generation.Add_Tracking_Numbers_To_User"/>
  <testcase name="Add_Tracking_Number" time="0.493" classname="Test_Data_Generation.Add_Tracking_Numbers_To_User"/>
  <testcase name="Add_Tracking_Number" time="0.585" classname="Test_Data_Generation.Add_Tracking_Numbers_To_User"/>
  <testcase name="Add_Tracking_Number" time="0.442" classname="Test_Data_Generation.Add_Tracking_Numbers_To_User"/>
  <testcase name="Add_Tracking_Number" time="0.175" classname="Test_Data_Generation.Add_Tracking_Numbers_To_User"/>
  <testcase name="Add_Tracking_Number" time="0.498" classname="Test_Data_Generation.Add_Tracking_Numbers_To_User"/>
  <testcase name="Add_Tracking_Number" time="0.469" classname="Test_Data_Generation.Add_Tracking_Numbers_To_User"/>
  <testcase name="Add_Tracking_Number" time="0.574" classname="Test_Data_Generation.Add_Tracking_Numbers_To_User"/>
  <testcase name="Add_Tracking_Number" time="0.568" classname="Test_Data_Generation.Add_Tracking_Numbers_To_User"/>
  <testcase name="Add_Tracking_Number" time="0.965" classname="Test_Data_Generation.Add_Tracking_Numbers_To_User"/>
  <testcase name="Add_Tracking_Number" time="0.486" classname="Test_Data_Generation.Add_Tracking_Numbers_To_User"/>
  <testcase name="Add_Tracking_Number" time="0.523" classname="Test_Data_Generation.Add_Tracking_Numbers_To_User"/>
  <testcase name="Add_Tracking_Number" time="0.555" classname="Test_Data_Generation.Add_Tracking_Numbers_To_User"/>
  <testcase name="Add_Tracking_Number" time="0.489" classname="Test_Data_Generation.Add_Tracking_Numbers_To_User"/>
  <testcase name="Add_Tracking_Number" time="0.607" classname="Test_Data_Generation.Add_Tracking_Numbers_To_User"/>
  <testcase name="Add_Tracking_Number" time="0.514" classname="Test_Data_Generation.Add_Tracking_Numbers_To_User"/>
  <testcase name="Add_Tracking_Number" time="0.527" classname="Test_Data_Generation.Add_Tracking_Numbers_To_User"/>
  <testcase name="Add_Tracking_Number" time="0.538" classname="Test_Data_Generation.Add_Tracking_Numbers_To_User"/>
  <testcase name="Add_Tracking_Number" time="0.490" classname="Test_Data_Generation.Add_Tracking_Numbers_To_User"/>
  <testcase name="Add_Tracking_Number" time="0.589" classname="Test_Data_Generation.Add_Tracking_Numbers_To_User"/>
  <testcase name="Add_Tracking_Number" time="0.486" classname="Test_Data_Generation.Add_Tracking_Numbers_To_User"/>
  <testcase name="Add_Tracking_Number" time="0.554" classname="Test_Data_Generation.Add_Tracking_Numbers_To_User"/>
  <testcase name="Add_Tracking_Number" time="0.486" classname="Test_Data_Generation.Add_Tracking_Numbers_To_User"/>
  <testcase name="Add_Tracking_Number" time="0.559" classname="Test_Data_Generation.Add_Tracking_Numbers_To_User"/>
  <testcase name="Add_Tracking_Number" time="0.581" classname="Test_Data_Generation.Add_Tracking_Numbers_To_User"/>
  <testcase name="Add_Tracking_Number" time="0.561" classname="Test_Data_Generation.Add_Tracking_Numbers_To_User"/>
  <testcase name="Add_Tracking_Number" time="0.601" classname="Test_Data_Generation.Add_Tracking_Numbers_To_User"/>
  <testcase name="Add_Tracking_Number" time="0.706" classname="Test_Data_Generation.Add_Tracking_Numbers_To_User"/>
  <testcase name="Add_Tracking_Number" time="0.612" classname="Test_Data_Generation.Add_Tracking_Numbers_To_User"/>
  <testcase name="Add_Tracking_Number" time="0.531" classname="Test_Data_Generation.Add_Tracking_Numbers_To_User"/>
  <testcase name="Add_Tracking_Number" time="0.527" classname="Test_Data_Generation.Add_Tracking_Numbers_To_User"/>
  <testcase name="Add_Tracking_Number" time="0.832" classname="Test_Data_Generation.Add_Tracking_Numbers_To_User"/>
  <testcase name="Add_Tracking_Number" time="0.518" classname="Test_Data_Generation.Add_Tracking_Numbers_To_User"/>
  <testcase name="Add_Tracking_Number" time="0.694" classname="Test_Data_Generation.Add_Tracking_Numbers_To_User"/>
  <testcase name="Add_Tracking_Number" time="0.069" classname="Test_Data_Generation.Add_Tracking_Numbers_To_User"/>
  <testcase name="Add_Tracking_Number" time="0.491" classname="Test_Data_Generation.Add_Tracking_Numbers_To_User"/>
  <testcase name="Add_Tracking_Number" time="0.499" classname="Test_Data_Generation.Add_Tracking_Numbers_To_User"/>
  <testcase name="Add_Tracking_Number" time="0.562" classname="Test_Data_Generation.Add_Tracking_Numbers_To_User"/>
  <testcase name="Add_Tracking_Number" time="0.510" classname="Test_Data_Generation.Add_Tracking_Numbers_To_User"/>
  <testcase name="Add_Tracking_Number" time="0.552" classname="Test_Data_Generation.Add_Tracking_Numbers_To_User"/>
  <testcase name="Add_Tracking_Number" time="0.522" classname="Test_Data_Generation.Add_Tracking_Numbers_To_User"/>
  <testcase name="Add_Tracking_Number" time="0.438" classname="Test_Data_Generation.Add_Tracking_Numbers_To_User"/>
  <testcase name="Add_Tracking_Number" time="0.464" classname="Test_Data_Generation.Add_Tracking_Numbers_To_User"/>
  <testcase name="Add_Tracking_Number" time="0.489" classname="Test_Data_Generation.Add_Tracking_Numbers_To_User"/>
  <testcase name="Add_Tracking_Number" time="0.651" classname="Test_Data_Generation.Add_Tracking_Numbers_To_User"/>
  <testcase name="Add_Tracking_Number" time="0.561" classname="Test_Data_Generation.Add_Tracking_Numbers_To_User"/>
  <testcase name="Add_Tracking_Number" time="0.712" classname="Test_Data_Generation.Add_Tracking_Numbers_To_User"/>
  <testcase name="Add_Tracking_Number" time="0.543" classname="Test_Data_Generation.Add_Tracking_Numbers_To_User"/>
  <testcase name="Add_Tracking_Number" time="0.772" classname="Test_Data_Generation.Add_Tracking_Numbers_To_User"/>
  <testcase name="Add_Tracking_Number" time="0.532" classname="Test_Data_Generation.Add_Tracking_Numbers_To_User"/>
  <testcase name="Add_Tracking_Number" time="0.581" classname="Test_Data_Generation.Add_Tracking_Numbers_To_User"/>
  <testcase name="Add_Tracking_Number" time="0.497" classname="Test_Data_Generation.Add_Tracking_Numbers_To_User"/>
  <testcase name="Add_Tracking_Number" time="0.620" classname="Test_Data_Generation.Add_Tracking_Numbers_To_User"/>
  <testcase name="Add_Tracking_Number" time="0.503" classname="Test_Data_Generation.Add_Tracking_Numbers_To_User"/>
  <testcase name="Add_Tracking_Number" time="0.482" classname="Test_Data_Generation.Add_Tracking_Numbers_To_User"/>
  <testcase name="Add_Tracking_Number" time="0.502" classname="Test_Data_Generation.Add_Tracking_Numbers_To_User"/>
  <testcase name="Add_Tracking_Number" time="0.490" classname="Test_Data_Generation.Add_Tracking_Numbers_To_User"/>
  <testcase name="Add_Tracking_Number" time="0.682" classname="Test_Data_Generation.Add_Tracking_Numbers_To_User"/>
  <testcase name="Add_Tracking_Number" time="0.496" classname="Test_Data_Generation.Add_Tracking_Numbers_To_User"/>
  <testcase name="Add_Tracking_Number" time="0.459" classname="Test_Data_Generation.Add_Tracking_Numbers_To_User"/>
  <testcase name="Add_Tracking_Number" time="0.502" classname="Test_Data_Generation.Add_Tracking_Numbers_To_User"/>
  <testcase name="Add_Tracking_Number" time="0.510" classname="Test_Data_Generation.Add_Tracking_Numbers_To_User"/>
  <testcase name="Add_Tracking_Number" time="0.645" classname="Test_Data_Generation.Add_Tracking_Numbers_To_User"/>
  <testcase name="Add_Tracking_Number" time="0.731" classname="Test_Data_Generation.Add_Tracking_Numbers_To_User"/>
  <testcase name="Add_Tracking_Number" time="0.490" classname="Test_Data_Generation.Add_Tracking_Numbers_To_User"/>
  <testcase name="Add_Tracking_Number" time="0.454" classname="Test_Data_Generation.Add_Tracking_Numbers_To_User"/>
  <testcase name="Add_Tracking_Number" time="0.474" classname="Test_Data_Generation.Add_Tracking_Numbers_To_User"/>
  <testcase name="Add_Tracking_Number" time="0.554" classname="Test_Data_Generation.Add_Tracking_Numbers_To_User"/>
  <testcase name="Add_Tracking_Number" time="0.556" classname="Test_Data_Generation.Add_Tracking_Numbers_To_User"/>
  <testcase name="Add_Tracking_Number" time="15.668" classname="Test_Data_Generation.Add_Tracking_Numbers_To_User"/>
  <testcase name="Add_Tracking_Number" time="0.658" classname="Test_Data_Generation.Add_Tracking_Numbers_To_User"/>
  <testcase name="Add_Tracking_Number" time="0.538" classname="Test_Data_Generation.Add_Tracking_Numbers_To_User"/>
  <testcase name="Add_Tracking_Number" time="0.581" classname="Test_Data_Generation.Add_Tracking_Numbers_To_User"/>
  <testcase name="Add_Tracking_Number" time="0.607" classname="Test_Data_Generation.Add_Tracking_Numbers_To_User"/>
  <testcase name="Add_Tracking_Number" time="0.565" classname="Test_Data_Generation.Add_Tracking_Numbers_To_User"/>
  <testcase name="Add_Tracking_Number" time="0.461" classname="Test_Data_Generation.Add_Tracking_Numbers_To_User"/>
  <testcase name="Add_Tracking_Number" time="0.043" classname="Test_Data_Generation.Add_Tracking_Numbers_To_User"/>
  <testcase name="Add_Tracking_Number" time="0.556" classname="Test_Data_Generation.Add_Tracking_Numbers_To_User"/>
  <testcase name="Add_Tracking_Number" time="0.657" classname="Test_Data_Generation.Add_Tracking_Numbers_To_User"/>
  <testcase name="Add_Tracking_Number" time="0.450" classname="Test_Data_Generation.Add_Tracking_Numbers_To_User"/>
  <testcase name="Add_Tracking_Number" time="0.514" classname="Test_Data_Generation.Add_Tracking_Numbers_To_User"/>
  <testcase name="Add_Tracking_Number" time="0.674" classname="Test_Data_Generation.Add_Tracking_Numbers_To_User"/>
  <testcase name="Add_Tracking_Number" time="0.716" classname="Test_Data_Generation.Add_Tracking_Numbers_To_User"/>
  <testcase name="Add_Tracking_Number" time="0.570" classname="Test_Data_Generation.Add_Tracking_Numbers_To_User"/>
  <testcase name="Add_Tracking_Number" time="0.677" classname="Test_Data_Generation.Add_Tracking_Numbers_To_User"/>
  <testcase name="Add_Tracking_Number" time="0.528" classname="Test_Data_Generation.Add_Tracking_Numbers_To_User"/>
  <testcase name="Add_Tracking_Number" time="0.863" classname="Test_Data_Generation.Add_Tracking_Numbers_To_User"/>
  <testcase name="Add_Tracking_Number" time="0.800" classname="Test_Data_Generation.Add_Tracking_Numbers_To_User"/>
  <testcase name="Add_Tracking_Number" time="0.513" classname="Test_Data_Generation.Add_Tracking_Numbers_To_User"/>
  <testcase name="Add_Tracking_Number" time="0.590" classname="Test_Data_Generation.Add_Tracking_Numbers_To_User"/>
  <testcase name="Add_Tracking_Number" time="0.550" classname="Test_Data_Generation.Add_Tracking_Numbers_To_User"/>
  <testcase name="Add_Tracking_Number" time="0.639" classname="Test_Data_Generation.Add_Tracking_Numbers_To_User"/>
  <testcase name="Add_Tracking_Number" time="0.527" classname="Test_Data_Generation.Add_Tracking_Numbers_To_User"/>
  <testcase name="Add_Tracking_Number" time="0.545" classname="Test_Data_Generation.Add_Tracking_Numbers_To_User"/>
  <testcase name="Add_Tracking_Number" time="0.529" classname="Test_Data_Generation.Add_Tracking_Numbers_To_User"/>
  <testcase name="Add_Tracking_Number" time="0.507" classname="Test_Data_Generation.Add_Tracking_Numbers_To_User"/>
  <testcase name="Add_Tracking_Number" time="0.495" classname="Test_Data_Generation.Add_Tracking_Numbers_To_User"/>
  <testcase name="Add_Tracking_Number" time="0.631" classname="Test_Data_Generation.Add_Tracking_Numbers_To_User"/>
  <testcase name="Add_Tracking_Number" time="0.703" classname="Test_Data_Generation.Add_Tracking_Numbers_To_User"/>
  <testcase name="Add_Tracking_Number" time="0.621" classname="Test_Data_Generation.Add_Tracking_Numbers_To_User"/>
  <testcase name="Add_Tracking_Number" time="0.509" classname="Test_Data_Generation.Add_Tracking_Numbers_To_User"/>
  <testcase name="Add_Tracking_Number" time="0.563" classname="Test_Data_Generation.Add_Tracking_Numbers_To_User"/>
  <testcase name="Add_Tracking_Number" time="0.581" classname="Test_Data_Generation.Add_Tracking_Numbers_To_User"/>
  <testcase name="Add_Tracking_Number" time="0.540" classname="Test_Data_Generation.Add_Tracking_Numbers_To_User"/>
  <testcase name="Add_Tracking_Number" time="0.538" classname="Test_Data_Generation.Add_Tracking_Numbers_To_User"/>
  <testcase name="Add_Tracking_Number" time="0.555" classname="Test_Data_Generation.Add_Tracking_Numbers_To_User"/>
  <testcase name="Add_Tracking_Number" time="0.488" classname="Test_Data_Generation.Add_Tracking_Numbers_To_User"/>
  <testcase name="Add_Tracking_Number" time="0.601" classname="Test_Data_Generation.Add_Tracking_Numbers_To_User"/>
  <testcase name="Add_Tracking_Number" time="0.682" classname="Test_Data_Generation.Add_Tracking_Numbers_To_User"/>
  <testcase name="Add_Tracking_Number" time="0.462" classname="Test_Data_Generation.Add_Tracking_Numbers_To_User"/>
  <testcase name="Add_Tracking_Number" time="0.544" classname="Test_Data_Generation.Add_Tracking_Numbers_To_User"/>
  <testcase name="Add_Tracking_Number" time="1.066" classname="Test_Data_Generation.Add_Tracking_Numbers_To_User"/>
  <testcase name="Add_Tracking_Number" time="0.521" classname="Test_Data_Generation.Add_Tracking_Numbers_To_User"/>
  <testcase name="Add_Tracking_Number" time="0.551" classname="Test_Data_Generation.Add_Tracking_Numbers_To_User"/>
  <testcase name="Add_Tracking_Number" time="0.503" classname="Test_Data_Generation.Add_Tracking_Numbers_To_User"/>
  <testcase name="Add_Tracking_Number" time="0.569" classname="Test_Data_Generation.Add_Tracking_Numbers_To_User"/>
  <testcase name="Add_Tracking_Number" time="0.478" classname="Test_Data_Generation.Add_Tracking_Numbers_To_User"/>
  <testcase name="Add_Tracking_Number" time="0.598" classname="Test_Data_Generation.Add_Tracking_Numbers_To_User"/>
  <testcase name="Add_Tracking_Number" time="0.525" classname="Test_Data_Generation.Add_Tracking_Numbers_To_User"/>
  <testcase name="Add_Tracking_Number" time="0.538" classname="Test_Data_Generation.Add_Tracking_Numbers_To_User"/>
  <testcase name="Add_Tracking_Number" time="0.584" classname="Test_Data_Generation.Add_Tracking_Numbers_To_User"/>
  <testcase name="Add_Tracking_Number" time="0.535" classname="Test_Data_Generation.Add_Tracking_Numbers_To_User"/>
  <testcase name="Add_Tracking_Number" time="0.594" classname="Test_Data_Generation.Add_Tracking_Numbers_To_User"/>
  <testcase name="Add_Tracking_Number" time="0.490" classname="Test_Data_Generation.Add_Tracking_Numbers_To_User"/>
  <testcase name="Add_Tracking_Number" time="0.462" classname="Test_Data_Generation.Add_Tracking_Numbers_To_User"/>
  <testcase name="Add_Tracking_Number" time="0.480" classname="Test_Data_Generation.Add_Tracking_Numbers_To_User"/>
  <testcase name="Add_Tracking_Number" time="0.516" classname="Test_Data_Generation.Add_Tracking_Numbers_To_User"/>
  <testcase name="Add_Tracking_Number" time="0.660" classname="Test_Data_Generation.Add_Tracking_Numbers_To_User"/>
  <testcase name="Add_Tracking_Number" time="0.552" classname="Test_Data_Generation.Add_Tracking_Numbers_To_User"/>
  <testcase name="Add_Tracking_Number" time="0.578" classname="Test_Data_Generation.Add_Tracking_Numbers_To_User"/>
  <testcase name="Add_Tracking_Number" time="0.438" classname="Test_Data_Generation.Add_Tracking_Numbers_To_User"/>
  <testcase name="Add_Tracking_Number" time="0.574" classname="Test_Data_Generation.Add_Tracking_Numbers_To_User"/>
  <testcase name="Add_Tracking_Number" time="0.539" classname="Test_Data_Generation.Add_Tracking_Numbers_To_User"/>
  <testcase name="Add_Tracking_Number" time="0.569" classname="Test_Data_Generation.Add_Tracking_Numbers_To_User"/>
  <testcase name="Add_Tracking_Number" time="0.595" classname="Test_Data_Generation.Add_Tracking_Numbers_To_User"/>
  <testcase name="Add_Tracking_Number" time="0.487" classname="Test_Data_Generation.Add_Tracking_Numbers_To_User"/>
  <testcase name="Add_Tracking_Number" time="0.988" classname="Test_Data_Generation.Add_Tracking_Numbers_To_User"/>
  <testcase name="Add_Tracking_Number" time="0.560" classname="Test_Data_Generation.Add_Tracking_Numbers_To_User"/>
  <testcase name="Add_Tracking_Number" time="0.688" classname="Test_Data_Generation.Add_Tracking_Numbers_To_User"/>
  <testcase name="Add_Tracking_Number" time="0.592" classname="Test_Data_Generation.Add_Tracking_Numbers_To_User"/>
  <testcase name="Add_Tracking_Number" time="0.855" classname="Test_Data_Generation.Add_Tracking_Numbers_To_User"/>
  <testcase name="Add_Tracking_Number" time="0.645" classname="Test_Data_Generation.Add_Tracking_Numbers_To_User"/>
  <testcase name="Add_Tracking_Number" time="0.560" classname="Test_Data_Generation.Add_Tracking_Numbers_To_User"/>
  <testcase name="Add_Tracking_Number" time="0.662" classname="Test_Data_Generation.Add_Tracking_Numbers_To_User"/>
  <testcase name="Add_Tracking_Number" time="0.592" classname="Test_Data_Generation.Add_Tracking_Numbers_To_User"/>
  <testcase name="Add_Tracking_Number" time="0.635" classname="Test_Data_Generation.Add_Tracking_Numbers_To_User"/>
  <testcase name="Add_Tracking_Number" time="0.545" classname="Test_Data_Generation.Add_Tracking_Numbers_To_User"/>
  <testcase name="Add_Tracking_Number" time="0.598" classname="Test_Data_Generation.Add_Tracking_Numbers_To_User"/>
  <testcase name="Add_Tracking_Number" time="0.570" classname="Test_Data_Generation.Add_Tracking_Numbers_To_User"/>
  <testcase name="Add_Tracking_Number" time="0.535" classname="Test_Data_Generation.Add_Tracking_Numbers_To_User"/>
  <testcase name="Add_Tracking_Number" time="0.510" classname="Test_Data_Generation.Add_Tracking_Numbers_To_User"/>
  <testcase name="Add_Tracking_Number" time="0.560" classname="Test_Data_Generation.Add_Tracking_Numbers_To_User"/>
  <testcase name="Add_Tracking_Number" time="0.794" classname="Test_Data_Generation.Add_Tracking_Numbers_To_User"/>
  <testcase name="Add_Tracking_Number" time="0.569" classname="Test_Data_Generation.Add_Tracking_Numbers_To_User"/>
  <testcase name="Add_Tracking_Number" time="0.586" classname="Test_Data_Generation.Add_Tracking_Numbers_To_User"/>
  <testcase name="Add_Tracking_Number" time="0.623" classname="Test_Data_Generation.Add_Tracking_Numbers_To_User"/>
  <testcase name="Add_Tracking_Number" time="0.451" classname="Test_Data_Generation.Add_Tracking_Numbers_To_User"/>
  <testcase name="Add_Tracking_Number" time="0.489" classname="Test_Data_Generation.Add_Tracking_Numbers_To_User"/>
  <testcase name="Add_Tracking_Number" time="0.049" classname="Test_Data_Generation.Add_Tracking_Numbers_To_User"/>
  <testcase name="Add_Tracking_Number" time="0.693" classname="Test_Data_Generation.Add_Tracking_Numbers_To_User"/>
  <testcase name="Add_Tracking_Number" time="0.504" classname="Test_Data_Generation.Add_Tracking_Numbers_To_User"/>
  <testcase name="Add_Tracking_Number" time="0.527" classname="Test_Data_Generation.Add_Tracking_Numbers_To_User"/>
  <testcase name="Add_Tracking_Number" time="0.456" classname="Test_Data_Generation.Add_Tracking_Numbers_To_User"/>
  <testcase name="Add_Tracking_Number" time="0.590" classname="Test_Data_Generation.Add_Tracking_Numbers_To_User"/>
  <testcase name="Add_Tracking_Number" time="0.493" classname="Test_Data_Generation.Add_Tracking_Numbers_To_User"/>
  <testcase name="Add_Tracking_Number" time="0.602" classname="Test_Data_Generation.Add_Tracking_Numbers_To_User"/>
  <testcase name="Add_Tracking_Number" time="0.565" classname="Test_Data_Generation.Add_Tracking_Numbers_To_User"/>
  <testcase name="Add_Tracking_Number" time="0.467" classname="Test_Data_Generation.Add_Tracking_Numbers_To_User"/>
  <testcase name="Add_Tracking_Number" time="0.783" classname="Test_Data_Generation.Add_Tracking_Numbers_To_User"/>
  <testcase name="Add_Tracking_Number" time="0.575" classname="Test_Data_Generation.Add_Tracking_Numbers_To_User"/>
  <testcase name="Add_Tracking_Number" time="0.058" classname="Test_Data_Generation.Add_Tracking_Numbers_To_User"/>
  <testcase name="Add_Tracking_Number" time="0.320" classname="Test_Data_Generation.Add_Tracking_Numbers_To_User"/>
  <testcase name="Add_Tracking_Number" time="0.627" classname="Test_Data_Generation.Add_Tracking_Numbers_To_User"/>
  <testcase name="Add_Tracking_Number" time="0.666" classname="Test_Data_Generation.Add_Tracking_Numbers_To_User"/>
  <testcase name="Add_Tracking_Number" time="0.526" classname="Test_Data_Generation.Add_Tracking_Numbers_To_User"/>
  <testcase name="Add_Tracking_Number" time="0.629" classname="Test_Data_Generation.Add_Tracking_Numbers_To_User"/>
  <testcase name="Add_Tracking_Number" time="0.580" classname="Test_Data_Generation.Add_Tracking_Numbers_To_User"/>
  <testcase name="Add_Tracking_Number" time="0.598" classname="Test_Data_Generation.Add_Tracking_Numbers_To_User"/>
  <testcase name="Add_Tracking_Number" time="0.575" classname="Test_Data_Generation.Add_Tracking_Numbers_To_User"/>
  <testcase name="Add_Tracking_Number" time="0.610" classname="Test_Data_Generation.Add_Tracking_Numbers_To_User"/>
  <testcase name="Add_Tracking_Number" time="0.539" classname="Test_Data_Generation.Add_Tracking_Numbers_To_User"/>
  <testcase name="Add_Tracking_Number" time="0.519" classname="Test_Data_Generation.Add_Tracking_Numbers_To_User"/>
  <testcase name="Add_Tracking_Number" time="0.526" classname="Test_Data_Generation.Add_Tracking_Numbers_To_User"/>
  <testcase name="Add_Tracking_Number" time="0.486" classname="Test_Data_Generation.Add_Tracking_Numbers_To_User"/>
  <testcase name="Add_Tracking_Number" time="0.656" classname="Test_Data_Generation.Add_Tracking_Numbers_To_User"/>
  <testcase name="Add_Tracking_Number" time="0.551" classname="Test_Data_Generation.Add_Tracking_Numbers_To_User"/>
  <testcase name="Add_Tracking_Number" time="0.737" classname="Test_Data_Generation.Add_Tracking_Numbers_To_User"/>
  <testcase name="Add_Tracking_Number" time="0.537" classname="Test_Data_Generation.Add_Tracking_Numbers_To_User"/>
  <testcase name="Add_Tracking_Number" time="0.516" classname="Test_Data_Generation.Add_Tracking_Numbers_To_User"/>
  <testcase name="Add_Tracking_Number" time="0.540" classname="Test_Data_Generation.Add_Tracking_Numbers_To_User"/>
  <testcase name="Add_Tracking_Number" time="0.517" classname="Test_Data_Generation.Add_Tracking_Numbers_To_User"/>
  <testcase name="Add_Tracking_Number" time="0.600" classname="Test_Data_Generation.Add_Tracking_Numbers_To_User"/>
  <testcase name="Add_Tracking_Number" time="0.509" classname="Test_Data_Generation.Add_Tracking_Numbers_To_User"/>
  <testcase name="Add_Tracking_Number" time="0.616" classname="Test_Data_Generation.Add_Tracking_Numbers_To_User"/>
  <testcase name="Add_Tracking_Number" time="0.548" classname="Test_Data_Generation.Add_Tracking_Numbers_To_User"/>
  <testcase name="Add_Tracking_Number" time="0.568" classname="Test_Data_Generation.Add_Tracking_Numbers_To_User"/>
  <testcase name="Add_Tracking_Number" time="0.542" classname="Test_Data_Generation.Add_Tracking_Numbers_To_User"/>
  <testcase name="Add_Tracking_Number" time="0.552" classname="Test_Data_Generation.Add_Tracking_Numbers_To_User"/>
  <testcase name="Add_Tracking_Number" time="0.550" classname="Test_Data_Generation.Add_Tracking_Numbers_To_User"/>
  <testcase name="Add_Tracking_Number" time="0.590" classname="Test_Data_Generation.Add_Tracking_Numbers_To_User"/>
  <testcase name="Add_Tracking_Number" time="0.523" classname="Test_Data_Generation.Add_Tracking_Numbers_To_User"/>
  <testcase name="Add_Tracking_Number" time="0.532" classname="Test_Data_Generation.Add_Tracking_Numbers_To_User"/>
  <testcase name="Add_Tracking_Number" time="0.474" classname="Test_Data_Generation.Add_Tracking_Numbers_To_User"/>
  <testcase name="Add_Tracking_Number" time="0.473" classname="Test_Data_Generation.Add_Tracking_Numbers_To_User"/>
  <testcase name="Add_Tracking_Number" time="0.483" classname="Test_Data_Generation.Add_Tracking_Numbers_To_User"/>
  <testcase name="Add_Tracking_Number" time="0.682" classname="Test_Data_Generation.Add_Tracking_Numbers_To_User"/>
  <testcase name="Add_Tracking_Number" time="0.582" classname="Test_Data_Generation.Add_Tracking_Numbers_To_User"/>
  <testcase name="Add_Tracking_Number" time="0.579" classname="Test_Data_Generation.Add_Tracking_Numbers_To_User"/>
  <testcase name="Add_Tracking_Number" time="0.579" classname="Test_Data_Generation.Add_Tracking_Numbers_To_User"/>
  <testcase name="Add_Tracking_Number" time="0.536" classname="Test_Data_Generation.Add_Tracking_Numbers_To_User"/>
  <testcase name="Add_Tracking_Number" time="0.591" classname="Test_Data_Generation.Add_Tracking_Numbers_To_User"/>
  <testcase name="Add_Tracking_Number" time="0.470" classname="Test_Data_Generation.Add_Tracking_Numbers_To_User"/>
  <testcase name="Add_Tracking_Number" time="0.532" classname="Test_Data_Generation.Add_Tracking_Numbers_To_User"/>
  <testcase name="Add_Tracking_Number" time="0.728" classname="Test_Data_Generation.Add_Tracking_Numbers_To_User"/>
  <testcase name="Add_Tracking_Number" time="0.458" classname="Test_Data_Generation.Add_Tracking_Numbers_To_User"/>
  <testcase name="Add_Tracking_Number" time="0.575" classname="Test_Data_Generation.Add_Tracking_Numbers_To_User"/>
  <testcase name="Add_Tracking_Number" time="0.469" classname="Test_Data_Generation.Add_Tracking_Numbers_To_User"/>
  <testcase name="Add_Tracking_Number" time="0.494" classname="Test_Data_Generation.Add_Tracking_Numbers_To_User"/>
  <testcase name="Add_Tracking_Number" time="0.147" classname="Test_Data_Generation.Add_Tracking_Numbers_To_User">
    <failure type="java.lang.AssertionError" message="
Expected: a string containing &quot;{\&quot;successful\&quot;:true&quot;
     but: was &quot;{&quot;ShipmentOptionResponse&quot;:{&quot;successful&quot;:false,&quot;errorList&quot;:[{&quot;code&quot;:&quot;2997&quot;,&quot;message&quot;:&quot;TRAQS connection/request problem&quot;,&quot;source&quot;:null,&quot;rootCause&quot;:null}],&quot;alerts&quot;:null,&quot;cxsalerts&quot;:null}}&quot;">
      <![CDATA[java.lang.AssertionError: 
Expected: a string containing "{\"successful\":true"
     but: was "{"ShipmentOptionResponse":{"successful":false,"errorList":[{"code":"2997","message":"TRAQS connection/request problem","source":null,"rootCause":null}],"alerts":null,"cxsalerts":null}}"
at org.hamcrest.MatcherAssert.assertThat(MatcherAssert.java:20)
at org.junit.Assert.assertThat(Assert.java:956)
at org.junit.Assert.assertThat(Assert.java:923)
at Test_Data_Generation.Add_Tracking_Numbers_To_User.Add_Tracking_Number(Add_Tracking_Numbers_To_User.java:69)
at sun.reflect.GeneratedMethodAccessor2.invoke(Unknown Source)
at sun.reflect.DelegatingMethodAccessorImpl.invoke(Unknown Source)
at java.lang.reflect.Method.invoke(Unknown Source)
at org.testng.internal.MethodInvocationHelper.invokeMethod(MethodInvocationHelper.java:124)
at org.testng.internal.Invoker.invokeMethod(Invoker.java:580)
at org.testng.internal.Invoker.invokeTestMethod(Invoker.java:716)
at org.testng.internal.TestMethodWithDataProviderMethodWorker.call(TestMethodWithDataProviderMethodWorker.java:71)
at org.testng.internal.TestMethodWithDataProviderMethodWorker.call(TestMethodWithDataProviderMethodWorker.java:14)
at java.util.concurrent.FutureTask.run(Unknown Source)
at java.util.concurrent.Executors$RunnableAdapter.call(Unknown Source)
at java.util.concurrent.FutureTask.run(Unknown Source)
at java.util.concurrent.ThreadPoolExecutor.runWorker(Unknown Source)
at java.util.concurrent.ThreadPoolExecutor$Worker.run(Unknown Source)
at java.lang.Thread.run(Unknown Source)
]]>
    </failure>
  </testcase> <!-- Add_Tracking_Number -->
  <testcase name="Add_Tracking_Number" time="0.430" classname="Test_Data_Generation.Add_Tracking_Numbers_To_User"/>
  <testcase name="Add_Tracking_Number" time="0.444" classname="Test_Data_Generation.Add_Tracking_Numbers_To_User"/>
  <testcase name="Add_Tracking_Number" time="0.677" classname="Test_Data_Generation.Add_Tracking_Numbers_To_User"/>
  <testcase name="Add_Tracking_Number" time="0.587" classname="Test_Data_Generation.Add_Tracking_Numbers_To_User"/>
  <testcase name="Add_Tracking_Number" time="0.567" classname="Test_Data_Generation.Add_Tracking_Numbers_To_User"/>
  <testcase name="Add_Tracking_Number" time="0.565" classname="Test_Data_Generation.Add_Tracking_Numbers_To_User"/>
  <testcase name="Add_Tracking_Number" time="0.588" classname="Test_Data_Generation.Add_Tracking_Numbers_To_User"/>
  <testcase name="Add_Tracking_Number" time="0.554" classname="Test_Data_Generation.Add_Tracking_Numbers_To_User"/>
  <testcase name="Add_Tracking_Number" time="0.484" classname="Test_Data_Generation.Add_Tracking_Numbers_To_User"/>
  <testcase name="Add_Tracking_Number" time="0.577" classname="Test_Data_Generation.Add_Tracking_Numbers_To_User"/>
  <testcase name="Add_Tracking_Number" time="0.601" classname="Test_Data_Generation.Add_Tracking_Numbers_To_User"/>
  <testcase name="Add_Tracking_Number" time="0.509" classname="Test_Data_Generation.Add_Tracking_Numbers_To_User"/>
  <testcase name="Add_Tracking_Number" time="0.549" classname="Test_Data_Generation.Add_Tracking_Numbers_To_User"/>
  <testcase name="Add_Tracking_Number" time="0.753" classname="Test_Data_Generation.Add_Tracking_Numbers_To_User"/>
  <testcase name="Add_Tracking_Number" time="0.481" classname="Test_Data_Generation.Add_Tracking_Numbers_To_User"/>
  <testcase name="Add_Tracking_Number" time="0.729" classname="Test_Data_Generation.Add_Tracking_Numbers_To_User"/>
  <testcase name="Add_Tracking_Number" time="0.620" classname="Test_Data_Generation.Add_Tracking_Numbers_To_User"/>
  <testcase name="Add_Tracking_Number" time="0.465" classname="Test_Data_Generation.Add_Tracking_Numbers_To_User"/>
  <testcase name="Add_Tracking_Number" time="0.607" classname="Test_Data_Generation.Add_Tracking_Numbers_To_User"/>
  <testcase name="Add_Tracking_Number" time="0.551" classname="Test_Data_Generation.Add_Tracking_Numbers_To_User"/>
  <testcase name="Add_Tracking_Number" time="0.470" classname="Test_Data_Generation.Add_Tracking_Numbers_To_User"/>
  <testcase name="Add_Tracking_Number" time="0.629" classname="Test_Data_Generation.Add_Tracking_Numbers_To_User"/>
  <testcase name="Add_Tracking_Number" time="0.480" classname="Test_Data_Generation.Add_Tracking_Numbers_To_User"/>
  <testcase name="Add_Tracking_Number" time="0.488" classname="Test_Data_Generation.Add_Tracking_Numbers_To_User"/>
  <testcase name="Add_Tracking_Number" time="0.531" classname="Test_Data_Generation.Add_Tracking_Numbers_To_User"/>
  <testcase name="Add_Tracking_Number" time="0.631" classname="Test_Data_Generation.Add_Tracking_Numbers_To_User"/>
  <testcase name="Add_Tracking_Number" time="0.537" classname="Test_Data_Generation.Add_Tracking_Numbers_To_User"/>
  <testcase name="Add_Tracking_Number" time="0.453" classname="Test_Data_Generation.Add_Tracking_Numbers_To_User"/>
  <testcase name="Add_Tracking_Number" time="0.466" classname="Test_Data_Generation.Add_Tracking_Numbers_To_User"/>
  <testcase name="Add_Tracking_Number" time="0.499" classname="Test_Data_Generation.Add_Tracking_Numbers_To_User"/>
  <testcase name="Add_Tracking_Number" time="0.142" classname="Test_Data_Generation.Add_Tracking_Numbers_To_User"/>
  <testcase name="Add_Tracking_Number" time="0.197" classname="Test_Data_Generation.Add_Tracking_Numbers_To_User"/>
  <testcase name="Add_Tracking_Number" time="0.424" classname="Test_Data_Generation.Add_Tracking_Numbers_To_User">
    <failure type="java.lang.AssertionError" message="
Expected: a string containing &quot;{\&quot;successful\&quot;:true&quot;
     but: was &quot;{&quot;ShipmentOptionResponse&quot;:{&quot;successful&quot;:false,&quot;errorList&quot;:[{&quot;code&quot;:&quot;2997&quot;,&quot;message&quot;:&quot;TRAQS connection/request problem&quot;,&quot;source&quot;:null,&quot;rootCause&quot;:null}],&quot;alerts&quot;:null,&quot;cxsalerts&quot;:null}}&quot;">
      <![CDATA[java.lang.AssertionError: 
Expected: a string containing "{\"successful\":true"
     but: was "{"ShipmentOptionResponse":{"successful":false,"errorList":[{"code":"2997","message":"TRAQS connection/request problem","source":null,"rootCause":null}],"alerts":null,"cxsalerts":null}}"
at org.hamcrest.MatcherAssert.assertThat(MatcherAssert.java:20)
at org.junit.Assert.assertThat(Assert.java:956)
at org.junit.Assert.assertThat(Assert.java:923)
at Test_Data_Generation.Add_Tracking_Numbers_To_User.Add_Tracking_Number(Add_Tracking_Numbers_To_User.java:69)
at sun.reflect.GeneratedMethodAccessor2.invoke(Unknown Source)
at sun.reflect.DelegatingMethodAccessorImpl.invoke(Unknown Source)
at java.lang.reflect.Method.invoke(Unknown Source)
at org.testng.internal.MethodInvocationHelper.invokeMethod(MethodInvocationHelper.java:124)
at org.testng.internal.Invoker.invokeMethod(Invoker.java:580)
at org.testng.internal.Invoker.invokeTestMethod(Invoker.java:716)
at org.testng.internal.TestMethodWithDataProviderMethodWorker.call(TestMethodWithDataProviderMethodWorker.java:71)
at org.testng.internal.TestMethodWithDataProviderMethodWorker.call(TestMethodWithDataProviderMethodWorker.java:14)
at java.util.concurrent.FutureTask.run(Unknown Source)
at java.util.concurrent.Executors$RunnableAdapter.call(Unknown Source)
at java.util.concurrent.FutureTask.run(Unknown Source)
at java.util.concurrent.ThreadPoolExecutor.runWorker(Unknown Source)
at java.util.concurrent.ThreadPoolExecutor$Worker.run(Unknown Source)
at java.lang.Thread.run(Unknown Source)
]]>
    </failure>
  </testcase> <!-- Add_Tracking_Number -->
  <testcase name="Add_Tracking_Number" time="0.783" classname="Test_Data_Generation.Add_Tracking_Numbers_To_User"/>
  <testcase name="Add_Tracking_Number" time="0.608" classname="Test_Data_Generation.Add_Tracking_Numbers_To_User"/>
  <testcase name="Add_Tracking_Number" time="0.505" classname="Test_Data_Generation.Add_Tracking_Numbers_To_User"/>
  <testcase name="Add_Tracking_Number" time="0.585" classname="Test_Data_Generation.Add_Tracking_Numbers_To_User"/>
  <testcase name="Add_Tracking_Number" time="0.539" classname="Test_Data_Generation.Add_Tracking_Numbers_To_User"/>
  <testcase name="Add_Tracking_Number" time="0.480" classname="Test_Data_Generation.Add_Tracking_Numbers_To_User"/>
  <testcase name="Add_Tracking_Number" time="0.528" classname="Test_Data_Generation.Add_Tracking_Numbers_To_User"/>
  <testcase name="Add_Tracking_Number" time="0.435" classname="Test_Data_Generation.Add_Tracking_Numbers_To_User"/>
  <testcase name="Add_Tracking_Number" time="0.527" classname="Test_Data_Generation.Add_Tracking_Numbers_To_User"/>
  <testcase name="Add_Tracking_Number" time="0.491" classname="Test_Data_Generation.Add_Tracking_Numbers_To_User"/>
  <testcase name="Add_Tracking_Number" time="0.527" classname="Test_Data_Generation.Add_Tracking_Numbers_To_User"/>
  <testcase name="Add_Tracking_Number" time="0.051" classname="Test_Data_Generation.Add_Tracking_Numbers_To_User"/>
  <testcase name="Add_Tracking_Number" time="0.525" classname="Test_Data_Generation.Add_Tracking_Numbers_To_User"/>
  <testcase name="Add_Tracking_Number" time="0.464" classname="Test_Data_Generation.Add_Tracking_Numbers_To_User"/>
  <testcase name="Add_Tracking_Number" time="0.258" classname="Test_Data_Generation.Add_Tracking_Numbers_To_User"/>
  <testcase name="Add_Tracking_Number" time="0.046" classname="Test_Data_Generation.Add_Tracking_Numbers_To_User"/>
  <testcase name="Add_Tracking_Number" time="0.588" classname="Test_Data_Generation.Add_Tracking_Numbers_To_User"/>
  <testcase name="Add_Tracking_Number" time="0.498" classname="Test_Data_Generation.Add_Tracking_Numbers_To_User"/>
  <testcase name="Add_Tracking_Number" time="0.599" classname="Test_Data_Generation.Add_Tracking_Numbers_To_User"/>
  <testcase name="Add_Tracking_Number" time="0.995" classname="Test_Data_Generation.Add_Tracking_Numbers_To_User"/>
  <testcase name="Add_Tracking_Number" time="0.320" classname="Test_Data_Generation.Add_Tracking_Numbers_To_User">
    <failure type="java.lang.AssertionError" message="
Expected: a string containing &quot;{\&quot;successful\&quot;:true&quot;
     but: was &quot;{&quot;ShipmentOptionResponse&quot;:{&quot;successful&quot;:false,&quot;errorList&quot;:[{&quot;code&quot;:&quot;2997&quot;,&quot;message&quot;:&quot;TRAQS connection/request problem&quot;,&quot;source&quot;:null,&quot;rootCause&quot;:null}],&quot;alerts&quot;:null,&quot;cxsalerts&quot;:null}}&quot;">
      <![CDATA[java.lang.AssertionError: 
Expected: a string containing "{\"successful\":true"
     but: was "{"ShipmentOptionResponse":{"successful":false,"errorList":[{"code":"2997","message":"TRAQS connection/request problem","source":null,"rootCause":null}],"alerts":null,"cxsalerts":null}}"
at org.hamcrest.MatcherAssert.assertThat(MatcherAssert.java:20)
at org.junit.Assert.assertThat(Assert.java:956)
at org.junit.Assert.assertThat(Assert.java:923)
at Test_Data_Generation.Add_Tracking_Numbers_To_User.Add_Tracking_Number(Add_Tracking_Numbers_To_User.java:69)
at sun.reflect.GeneratedMethodAccessor2.invoke(Unknown Source)
at sun.reflect.DelegatingMethodAccessorImpl.invoke(Unknown Source)
at java.lang.reflect.Method.invoke(Unknown Source)
at org.testng.internal.MethodInvocationHelper.invokeMethod(MethodInvocationHelper.java:124)
at org.testng.internal.Invoker.invokeMethod(Invoker.java:580)
at org.testng.internal.Invoker.invokeTestMethod(Invoker.java:716)
at org.testng.internal.TestMethodWithDataProviderMethodWorker.call(TestMethodWithDataProviderMethodWorker.java:71)
at org.testng.internal.TestMethodWithDataProviderMethodWorker.call(TestMethodWithDataProviderMethodWorker.java:14)
at java.util.concurrent.FutureTask.run(Unknown Source)
at java.util.concurrent.Executors$RunnableAdapter.call(Unknown Source)
at java.util.concurrent.FutureTask.run(Unknown Source)
at java.util.concurrent.ThreadPoolExecutor.runWorker(Unknown Source)
at java.util.concurrent.ThreadPoolExecutor$Worker.run(Unknown Source)
at java.lang.Thread.run(Unknown Source)
]]>
    </failure>
  </testcase> <!-- Add_Tracking_Number -->
  <testcase name="Add_Tracking_Number" time="4.165" classname="Test_Data_Generation.Add_Tracking_Numbers_To_User"/>
  <testcase name="Add_Tracking_Number" time="0.553" classname="Test_Data_Generation.Add_Tracking_Numbers_To_User"/>
  <testcase name="Add_Tracking_Number" time="0.540" classname="Test_Data_Generation.Add_Tracking_Numbers_To_User"/>
  <testcase name="Add_Tracking_Number" time="0.497" classname="Test_Data_Generation.Add_Tracking_Numbers_To_User"/>
  <testcase name="Add_Tracking_Number" time="0.565" classname="Test_Data_Generation.Add_Tracking_Numbers_To_User"/>
  <testcase name="Add_Tracking_Number" time="0.493" classname="Test_Data_Generation.Add_Tracking_Numbers_To_User"/>
  <testcase name="Add_Tracking_Number" time="0.519" classname="Test_Data_Generation.Add_Tracking_Numbers_To_User"/>
  <testcase name="Add_Tracking_Number" time="0.479" classname="Test_Data_Generation.Add_Tracking_Numbers_To_User"/>
  <testcase name="Add_Tracking_Number" time="0.540" classname="Test_Data_Generation.Add_Tracking_Numbers_To_User"/>
  <testcase name="Add_Tracking_Number" time="0.571" classname="Test_Data_Generation.Add_Tracking_Numbers_To_User"/>
  <testcase name="Add_Tracking_Number" time="0.539" classname="Test_Data_Generation.Add_Tracking_Numbers_To_User"/>
  <testcase name="Add_Tracking_Number" time="0.550" classname="Test_Data_Generation.Add_Tracking_Numbers_To_User"/>
  <testcase name="Add_Tracking_Number" time="0.528" classname="Test_Data_Generation.Add_Tracking_Numbers_To_User"/>
  <testcase name="Add_Tracking_Number" time="0.555" classname="Test_Data_Generation.Add_Tracking_Numbers_To_User"/>
  <testcase name="Add_Tracking_Number" time="0.777" classname="Test_Data_Generation.Add_Tracking_Numbers_To_User"/>
  <testcase name="Add_Tracking_Number" time="0.522" classname="Test_Data_Generation.Add_Tracking_Numbers_To_User"/>
  <testcase name="Add_Tracking_Number" time="0.577" classname="Test_Data_Generation.Add_Tracking_Numbers_To_User"/>
  <testcase name="Add_Tracking_Number" time="0.475" classname="Test_Data_Generation.Add_Tracking_Numbers_To_User"/>
  <testcase name="Add_Tracking_Number" time="0.522" classname="Test_Data_Generation.Add_Tracking_Numbers_To_User"/>
  <testcase name="Add_Tracking_Number" time="0.455" classname="Test_Data_Generation.Add_Tracking_Numbers_To_User"/>
  <testcase name="Add_Tracking_Number" time="0.454" classname="Test_Data_Generation.Add_Tracking_Numbers_To_User"/>
  <testcase name="Add_Tracking_Number" time="0.506" classname="Test_Data_Generation.Add_Tracking_Numbers_To_User"/>
  <testcase name="Add_Tracking_Number" time="0.484" classname="Test_Data_Generation.Add_Tracking_Numbers_To_User"/>
  <testcase name="Add_Tracking_Number" time="0.057" classname="Test_Data_Generation.Add_Tracking_Numbers_To_User"/>
  <testcase name="Add_Tracking_Number" time="0.523" classname="Test_Data_Generation.Add_Tracking_Numbers_To_User"/>
  <testcase name="Add_Tracking_Number" time="0.448" classname="Test_Data_Generation.Add_Tracking_Numbers_To_User"/>
  <testcase name="Add_Tracking_Number" time="0.484" classname="Test_Data_Generation.Add_Tracking_Numbers_To_User"/>
  <testcase name="Add_Tracking_Number" time="0.520" classname="Test_Data_Generation.Add_Tracking_Numbers_To_User"/>
  <testcase name="Add_Tracking_Number" time="0.462" classname="Test_Data_Generation.Add_Tracking_Numbers_To_User"/>
  <testcase name="Add_Tracking_Number" time="0.683" classname="Test_Data_Generation.Add_Tracking_Numbers_To_User"/>
  <testcase name="Add_Tracking_Number" time="0.570" classname="Test_Data_Generation.Add_Tracking_Numbers_To_User"/>
  <testcase name="Add_Tracking_Number" time="0.626" classname="Test_Data_Generation.Add_Tracking_Numbers_To_User"/>
  <testcase name="Add_Tracking_Number" time="0.562" classname="Test_Data_Generation.Add_Tracking_Numbers_To_User"/>
  <testcase name="Add_Tracking_Number" time="0.558" classname="Test_Data_Generation.Add_Tracking_Numbers_To_User"/>
  <testcase name="Add_Tracking_Number" time="0.594" classname="Test_Data_Generation.Add_Tracking_Numbers_To_User"/>
  <testcase name="Add_Tracking_Number" time="0.629" classname="Test_Data_Generation.Add_Tracking_Numbers_To_User"/>
  <testcase name="Add_Tracking_Number" time="0.504" classname="Test_Data_Generation.Add_Tracking_Numbers_To_User"/>
  <testcase name="Add_Tracking_Number" time="0.469" classname="Test_Data_Generation.Add_Tracking_Numbers_To_User"/>
  <testcase name="Add_Tracking_Number" time="0.570" classname="Test_Data_Generation.Add_Tracking_Numbers_To_User"/>
  <testcase name="Add_Tracking_Number" time="0.792" classname="Test_Data_Generation.Add_Tracking_Numbers_To_User"/>
  <testcase name="Add_Tracking_Number" time="0.508" classname="Test_Data_Generation.Add_Tracking_Numbers_To_User"/>
  <testcase name="Add_Tracking_Number" time="0.508" classname="Test_Data_Generation.Add_Tracking_Numbers_To_User"/>
  <testcase name="Add_Tracking_Number" time="0.436" classname="Test_Data_Generation.Add_Tracking_Numbers_To_User"/>
  <testcase name="Add_Tracking_Number" time="0.500" classname="Test_Data_Generation.Add_Tracking_Numbers_To_User"/>
  <testcase name="Add_Tracking_Number" time="0.099" classname="Test_Data_Generation.Add_Tracking_Numbers_To_User"/>
  <testcase name="Add_Tracking_Number" time="0.662" classname="Test_Data_Generation.Add_Tracking_Numbers_To_User"/>
  <testcase name="Add_Tracking_Number" time="0.839" classname="Test_Data_Generation.Add_Tracking_Numbers_To_User"/>
  <testcase name="Add_Tracking_Number" time="0.528" classname="Test_Data_Generation.Add_Tracking_Numbers_To_User"/>
  <testcase name="Add_Tracking_Number" time="0.446" classname="Test_Data_Generation.Add_Tracking_Numbers_To_User">
    <failure type="java.lang.AssertionError" message="
Expected: a string containing &quot;{\&quot;successful\&quot;:true&quot;
     but: was &quot;{&quot;ShipmentOptionResponse&quot;:{&quot;successful&quot;:false,&quot;errorList&quot;:[{&quot;code&quot;:&quot;2997&quot;,&quot;message&quot;:&quot;TRAQS connection/request problem&quot;,&quot;source&quot;:null,&quot;rootCause&quot;:null}],&quot;alerts&quot;:null,&quot;cxsalerts&quot;:null}}&quot;">
      <![CDATA[java.lang.AssertionError: 
Expected: a string containing "{\"successful\":true"
     but: was "{"ShipmentOptionResponse":{"successful":false,"errorList":[{"code":"2997","message":"TRAQS connection/request problem","source":null,"rootCause":null}],"alerts":null,"cxsalerts":null}}"
at org.hamcrest.MatcherAssert.assertThat(MatcherAssert.java:20)
at org.junit.Assert.assertThat(Assert.java:956)
at org.junit.Assert.assertThat(Assert.java:923)
at Test_Data_Generation.Add_Tracking_Numbers_To_User.Add_Tracking_Number(Add_Tracking_Numbers_To_User.java:69)
at sun.reflect.GeneratedMethodAccessor2.invoke(Unknown Source)
at sun.reflect.DelegatingMethodAccessorImpl.invoke(Unknown Source)
at java.lang.reflect.Method.invoke(Unknown Source)
at org.testng.internal.MethodInvocationHelper.invokeMethod(MethodInvocationHelper.java:124)
at org.testng.internal.Invoker.invokeMethod(Invoker.java:580)
at org.testng.internal.Invoker.invokeTestMethod(Invoker.java:716)
at org.testng.internal.TestMethodWithDataProviderMethodWorker.call(TestMethodWithDataProviderMethodWorker.java:71)
at org.testng.internal.TestMethodWithDataProviderMethodWorker.call(TestMethodWithDataProviderMethodWorker.java:14)
at java.util.concurrent.FutureTask.run(Unknown Source)
at java.util.concurrent.Executors$RunnableAdapter.call(Unknown Source)
at java.util.concurrent.FutureTask.run(Unknown Source)
at java.util.concurrent.ThreadPoolExecutor.runWorker(Unknown Source)
at java.util.concurrent.ThreadPoolExecutor$Worker.run(Unknown Source)
at java.lang.Thread.run(Unknown Source)
]]>
    </failure>
  </testcase> <!-- Add_Tracking_Number -->
  <testcase name="Add_Tracking_Number" time="0.527" classname="Test_Data_Generation.Add_Tracking_Numbers_To_User"/>
  <testcase name="Add_Tracking_Number" time="0.588" classname="Test_Data_Generation.Add_Tracking_Numbers_To_User"/>
  <testcase name="Add_Tracking_Number" time="0.678" classname="Test_Data_Generation.Add_Tracking_Numbers_To_User"/>
  <testcase name="Add_Tracking_Number" time="0.461" classname="Test_Data_Generation.Add_Tracking_Numbers_To_User"/>
  <testcase name="Add_Tracking_Number" time="0.545" classname="Test_Data_Generation.Add_Tracking_Numbers_To_User"/>
  <testcase name="Add_Tracking_Number" time="0.496" classname="Test_Data_Generation.Add_Tracking_Numbers_To_User"/>
  <testcase name="Add_Tracking_Number" time="0.600" classname="Test_Data_Generation.Add_Tracking_Numbers_To_User"/>
  <testcase name="Add_Tracking_Number" time="0.770" classname="Test_Data_Generation.Add_Tracking_Numbers_To_User"/>
  <testcase name="Add_Tracking_Number" time="0.580" classname="Test_Data_Generation.Add_Tracking_Numbers_To_User"/>
  <testcase name="Add_Tracking_Number" time="0.597" classname="Test_Data_Generation.Add_Tracking_Numbers_To_User"/>
  <testcase name="Add_Tracking_Number" time="0.489" classname="Test_Data_Generation.Add_Tracking_Numbers_To_User"/>
  <testcase name="Add_Tracking_Number" time="0.650" classname="Test_Data_Generation.Add_Tracking_Numbers_To_User"/>
  <testcase name="Add_Tracking_Number" time="0.624" classname="Test_Data_Generation.Add_Tracking_Numbers_To_User"/>
  <testcase name="Add_Tracking_Number" time="0.506" classname="Test_Data_Generation.Add_Tracking_Numbers_To_User"/>
  <testcase name="Add_Tracking_Number" time="0.495" classname="Test_Data_Generation.Add_Tracking_Numbers_To_User"/>
  <testcase name="Add_Tracking_Number" time="0.659" classname="Test_Data_Generation.Add_Tracking_Numbers_To_User"/>
  <testcase name="Add_Tracking_Number" time="0.542" classname="Test_Data_Generation.Add_Tracking_Numbers_To_User"/>
  <testcase name="Add_Tracking_Number" time="0.514" classname="Test_Data_Generation.Add_Tracking_Numbers_To_User"/>
  <testcase name="Add_Tracking_Number" time="0.567" classname="Test_Data_Generation.Add_Tracking_Numbers_To_User"/>
  <testcase name="Add_Tracking_Number" time="0.361" classname="Test_Data_Generation.Add_Tracking_Numbers_To_User"/>
  <testcase name="Add_Tracking_Number" time="0.536" classname="Test_Data_Generation.Add_Tracking_Numbers_To_User"/>
  <testcase name="Add_Tracking_Number" time="0.686" classname="Test_Data_Generation.Add_Tracking_Numbers_To_User"/>
  <testcase name="Add_Tracking_Number" time="0.462" classname="Test_Data_Generation.Add_Tracking_Numbers_To_User"/>
  <testcase name="Add_Tracking_Number" time="0.575" classname="Test_Data_Generation.Add_Tracking_Numbers_To_User"/>
  <testcase name="Add_Tracking_Number" time="0.607" classname="Test_Data_Generation.Add_Tracking_Numbers_To_User"/>
  <testcase name="Add_Tracking_Number" time="0.652" classname="Test_Data_Generation.Add_Tracking_Numbers_To_User"/>
  <testcase name="Add_Tracking_Number" time="0.921" classname="Test_Data_Generation.Add_Tracking_Numbers_To_User"/>
  <testcase name="Add_Tracking_Number" time="0.582" classname="Test_Data_Generation.Add_Tracking_Numbers_To_User"/>
  <testcase name="Add_Tracking_Number" time="0.468" classname="Test_Data_Generation.Add_Tracking_Numbers_To_User"/>
  <testcase name="Add_Tracking_Number" time="0.686" classname="Test_Data_Generation.Add_Tracking_Numbers_To_User"/>
  <testcase name="Add_Tracking_Number" time="0.625" classname="Test_Data_Generation.Add_Tracking_Numbers_To_User"/>
  <testcase name="Add_Tracking_Number" time="0.518" classname="Test_Data_Generation.Add_Tracking_Numbers_To_User"/>
  <testcase name="Add_Tracking_Number" time="0.531" classname="Test_Data_Generation.Add_Tracking_Numbers_To_User"/>
  <testcase name="Add_Tracking_Number" time="0.561" classname="Test_Data_Generation.Add_Tracking_Numbers_To_User"/>
  <testcase name="Add_Tracking_Number" time="0.815" classname="Test_Data_Generation.Add_Tracking_Numbers_To_User"/>
  <testcase name="Add_Tracking_Number" time="0.596" classname="Test_Data_Generation.Add_Tracking_Numbers_To_User"/>
  <testcase name="Add_Tracking_Number" time="0.609" classname="Test_Data_Generation.Add_Tracking_Numbers_To_User"/>
  <testcase name="Add_Tracking_Number" time="0.502" classname="Test_Data_Generation.Add_Tracking_Numbers_To_User"/>
  <testcase name="Add_Tracking_Number" time="0.465" classname="Test_Data_Generation.Add_Tracking_Numbers_To_User"/>
  <testcase name="Add_Tracking_Number" time="0.613" classname="Test_Data_Generation.Add_Tracking_Numbers_To_User"/>
  <testcase name="Add_Tracking_Number" time="0.478" classname="Test_Data_Generation.Add_Tracking_Numbers_To_User"/>
  <testcase name="Add_Tracking_Number" time="0.466" classname="Test_Data_Generation.Add_Tracking_Numbers_To_User"/>
  <testcase name="Add_Tracking_Number" time="0.512" classname="Test_Data_Generation.Add_Tracking_Numbers_To_User"/>
  <testcase name="Add_Tracking_Number" time="0.563" classname="Test_Data_Generation.Add_Tracking_Numbers_To_User"/>
  <testcase name="Add_Tracking_Number" time="0.501" classname="Test_Data_Generation.Add_Tracking_Numbers_To_User"/>
  <testcase name="Add_Tracking_Number" time="0.460" classname="Test_Data_Generation.Add_Tracking_Numbers_To_User"/>
  <testcase name="Add_Tracking_Number" time="0.560" classname="Test_Data_Generation.Add_Tracking_Numbers_To_User"/>
  <testcase name="Add_Tracking_Number" time="0.523" classname="Test_Data_Generation.Add_Tracking_Numbers_To_User"/>
  <testcase name="Add_Tracking_Number" time="0.486" classname="Test_Data_Generation.Add_Tracking_Numbers_To_User"/>
  <testcase name="Add_Tracking_Number" time="0.565" classname="Test_Data_Generation.Add_Tracking_Numbers_To_User"/>
  <testcase name="Add_Tracking_Number" time="0.706" classname="Test_Data_Generation.Add_Tracking_Numbers_To_User"/>
  <testcase name="Add_Tracking_Number" time="0.570" classname="Test_Data_Generation.Add_Tracking_Numbers_To_User"/>
  <testcase name="Add_Tracking_Number" time="0.462" classname="Test_Data_Generation.Add_Tracking_Numbers_To_User"/>
  <testcase name="Add_Tracking_Number" time="0.519" classname="Test_Data_Generation.Add_Tracking_Numbers_To_User"/>
  <testcase name="Add_Tracking_Number" time="0.473" classname="Test_Data_Generation.Add_Tracking_Numbers_To_User"/>
  <testcase name="Add_Tracking_Number" time="0.526" classname="Test_Data_Generation.Add_Tracking_Numbers_To_User"/>
  <testcase name="Add_Tracking_Number" time="0.558" classname="Test_Data_Generation.Add_Tracking_Numbers_To_User"/>
  <testcase name="Add_Tracking_Number" time="0.479" classname="Test_Data_Generation.Add_Tracking_Numbers_To_User"/>
  <testcase name="Add_Tracking_Number" time="0.510" classname="Test_Data_Generation.Add_Tracking_Numbers_To_User"/>
  <testcase name="Add_Tracking_Number" time="0.508" classname="Test_Data_Generation.Add_Tracking_Numbers_To_User"/>
  <testcase name="Add_Tracking_Number" time="0.549" classname="Test_Data_Generation.Add_Tracking_Numbers_To_User"/>
  <testcase name="Add_Tracking_Number" time="0.445" classname="Test_Data_Generation.Add_Tracking_Numbers_To_User"/>
  <testcase name="Add_Tracking_Number" time="0.549" classname="Test_Data_Generation.Add_Tracking_Numbers_To_User"/>
  <testcase name="Add_Tracking_Number" time="0.512" classname="Test_Data_Generation.Add_Tracking_Numbers_To_User"/>
  <testcase name="Add_Tracking_Number" time="0.434" classname="Test_Data_Generation.Add_Tracking_Numbers_To_User"/>
  <testcase name="Add_Tracking_Number" time="0.069" classname="Test_Data_Generation.Add_Tracking_Numbers_To_User"/>
  <testcase name="Add_Tracking_Number" time="0.536" classname="Test_Data_Generation.Add_Tracking_Numbers_To_User"/>
  <testcase name="Add_Tracking_Number" time="0.516" classname="Test_Data_Generation.Add_Tracking_Numbers_To_User"/>
  <testcase name="Add_Tracking_Number" time="0.671" classname="Test_Data_Generation.Add_Tracking_Numbers_To_User"/>
  <testcase name="Add_Tracking_Number" time="0.526" classname="Test_Data_Generation.Add_Tracking_Numbers_To_User"/>
  <testcase name="Add_Tracking_Number" time="0.509" classname="Test_Data_Generation.Add_Tracking_Numbers_To_User"/>
  <testcase name="Add_Tracking_Number" time="0.545" classname="Test_Data_Generation.Add_Tracking_Numbers_To_User"/>
  <testcase name="Add_Tracking_Number" time="0.597" classname="Test_Data_Generation.Add_Tracking_Numbers_To_User"/>
  <testcase name="Add_Tracking_Number" time="0.053" classname="Test_Data_Generation.Add_Tracking_Numbers_To_User"/>
  <testcase name="Add_Tracking_Number" time="0.557" classname="Test_Data_Generation.Add_Tracking_Numbers_To_User"/>
  <testcase name="Add_Tracking_Number" time="0.601" classname="Test_Data_Generation.Add_Tracking_Numbers_To_User"/>
  <testcase name="Add_Tracking_Number" time="0.468" classname="Test_Data_Generation.Add_Tracking_Numbers_To_User"/>
  <testcase name="Add_Tracking_Number" time="0.491" classname="Test_Data_Generation.Add_Tracking_Numbers_To_User"/>
  <testcase name="Add_Tracking_Number" time="0.671" classname="Test_Data_Generation.Add_Tracking_Numbers_To_User"/>
  <testcase name="Add_Tracking_Number" time="0.551" classname="Test_Data_Generation.Add_Tracking_Numbers_To_User"/>
  <testcase name="Add_Tracking_Number" time="0.551" classname="Test_Data_Generation.Add_Tracking_Numbers_To_User"/>
  <testcase name="Add_Tracking_Number" time="0.480" classname="Test_Data_Generation.Add_Tracking_Numbers_To_User"/>
  <testcase name="Add_Tracking_Number" time="0.539" classname="Test_Data_Generation.Add_Tracking_Numbers_To_User"/>
  <testcase name="Add_Tracking_Number" time="4.194" classname="Test_Data_Generation.Add_Tracking_Numbers_To_User"/>
  <testcase name="Add_Tracking_Number" time="0.798" classname="Test_Data_Generation.Add_Tracking_Numbers_To_User"/>
  <testcase name="Add_Tracking_Number" time="0.585" classname="Test_Data_Generation.Add_Tracking_Numbers_To_User"/>
  <testcase name="Add_Tracking_Number" time="0.588" classname="Test_Data_Generation.Add_Tracking_Numbers_To_User"/>
  <testcase name="Add_Tracking_Number" time="0.515" classname="Test_Data_Generation.Add_Tracking_Numbers_To_User"/>
  <testcase name="Add_Tracking_Number" time="0.465" classname="Test_Data_Generation.Add_Tracking_Numbers_To_User"/>
  <testcase name="Add_Tracking_Number" time="0.489" classname="Test_Data_Generation.Add_Tracking_Numbers_To_User"/>
  <testcase name="Add_Tracking_Number" time="0.447" classname="Test_Data_Generation.Add_Tracking_Numbers_To_User"/>
  <testcase name="Add_Tracking_Number" time="0.467" classname="Test_Data_Generation.Add_Tracking_Numbers_To_User"/>
  <testcase name="Add_Tracking_Number" time="0.556" classname="Test_Data_Generation.Add_Tracking_Numbers_To_User"/>
  <testcase name="Add_Tracking_Number" time="0.498" classname="Test_Data_Generation.Add_Tracking_Numbers_To_User"/>
  <testcase name="Add_Tracking_Number" time="0.665" classname="Test_Data_Generation.Add_Tracking_Numbers_To_User"/>
  <testcase name="Add_Tracking_Number" time="0.515" classname="Test_Data_Generation.Add_Tracking_Numbers_To_User"/>
  <testcase name="Add_Tracking_Number" time="0.512" classname="Test_Data_Generation.Add_Tracking_Numbers_To_User"/>
  <testcase name="Add_Tracking_Number" time="0.280" classname="Test_Data_Generation.Add_Tracking_Numbers_To_User"/>
  <testcase name="Add_Tracking_Number" time="0.159" classname="Test_Data_Generation.Add_Tracking_Numbers_To_User"/>
  <testcase name="Add_Tracking_Number" time="0.561" classname="Test_Data_Generation.Add_Tracking_Numbers_To_User"/>
  <testcase name="Add_Tracking_Number" time="0.452" classname="Test_Data_Generation.Add_Tracking_Numbers_To_User"/>
  <testcase name="Add_Tracking_Number" time="0.568" classname="Test_Data_Generation.Add_Tracking_Numbers_To_User"/>
  <testcase name="Add_Tracking_Number" time="0.689" classname="Test_Data_Generation.Add_Tracking_Numbers_To_User"/>
  <testcase name="Add_Tracking_Number" time="0.166" classname="Test_Data_Generation.Add_Tracking_Numbers_To_User"/>
  <testcase name="Add_Tracking_Number" time="0.673" classname="Test_Data_Generation.Add_Tracking_Numbers_To_User"/>
  <testcase name="Add_Tracking_Number" time="0.502" classname="Test_Data_Generation.Add_Tracking_Numbers_To_User"/>
  <testcase name="Add_Tracking_Number" time="0.502" classname="Test_Data_Generation.Add_Tracking_Numbers_To_User"/>
  <testcase name="Add_Tracking_Number" time="0.590" classname="Test_Data_Generation.Add_Tracking_Numbers_To_User"/>
  <testcase name="Add_Tracking_Number" time="0.497" classname="Test_Data_Generation.Add_Tracking_Numbers_To_User"/>
  <testcase name="Add_Tracking_Number" time="0.531" classname="Test_Data_Generation.Add_Tracking_Numbers_To_User"/>
  <testcase name="Add_Tracking_Number" time="0.476" classname="Test_Data_Generation.Add_Tracking_Numbers_To_User"/>
  <testcase name="Add_Tracking_Number" time="0.395" classname="Test_Data_Generation.Add_Tracking_Numbers_To_User"/>
  <testcase name="Add_Tracking_Number" time="0.636" classname="Test_Data_Generation.Add_Tracking_Numbers_To_User"/>
  <testcase name="Add_Tracking_Number" time="0.499" classname="Test_Data_Generation.Add_Tracking_Numbers_To_User"/>
  <testcase name="Add_Tracking_Number" time="0.495" classname="Test_Data_Generation.Add_Tracking_Numbers_To_User"/>
  <testcase name="Add_Tracking_Number" time="0.524" classname="Test_Data_Generation.Add_Tracking_Numbers_To_User"/>
  <testcase name="Add_Tracking_Number" time="0.522" classname="Test_Data_Generation.Add_Tracking_Numbers_To_User"/>
  <testcase name="Add_Tracking_Number" time="0.567" classname="Test_Data_Generation.Add_Tracking_Numbers_To_User"/>
  <testcase name="Add_Tracking_Number" time="0.590" classname="Test_Data_Generation.Add_Tracking_Numbers_To_User"/>
  <testcase name="Add_Tracking_Number" time="0.528" classname="Test_Data_Generation.Add_Tracking_Numbers_To_User"/>
  <testcase name="Add_Tracking_Number" time="0.595" classname="Test_Data_Generation.Add_Tracking_Numbers_To_User"/>
  <testcase name="Add_Tracking_Number" time="0.658" classname="Test_Data_Generation.Add_Tracking_Numbers_To_User"/>
  <testcase name="Add_Tracking_Number" time="0.526" classname="Test_Data_Generation.Add_Tracking_Numbers_To_User"/>
  <testcase name="Add_Tracking_Number" time="0.530" classname="Test_Data_Generation.Add_Tracking_Numbers_To_User"/>
  <testcase name="Add_Tracking_Number" time="0.568" classname="Test_Data_Generation.Add_Tracking_Numbers_To_User"/>
  <testcase name="Add_Tracking_Number" time="0.547" classname="Test_Data_Generation.Add_Tracking_Numbers_To_User"/>
  <testcase name="Add_Tracking_Number" time="0.710" classname="Test_Data_Generation.Add_Tracking_Numbers_To_User"/>
  <testcase name="Add_Tracking_Number" time="0.514" classname="Test_Data_Generation.Add_Tracking_Numbers_To_User"/>
  <testcase name="Add_Tracking_Number" time="0.692" classname="Test_Data_Generation.Add_Tracking_Numbers_To_User"/>
  <testcase name="Add_Tracking_Number" time="0.620" classname="Test_Data_Generation.Add_Tracking_Numbers_To_User"/>
  <testcase name="Add_Tracking_Number" time="0.495" classname="Test_Data_Generation.Add_Tracking_Numbers_To_User"/>
  <testcase name="Add_Tracking_Number" time="0.570" classname="Test_Data_Generation.Add_Tracking_Numbers_To_User"/>
  <testcase name="Add_Tracking_Number" time="0.864" classname="Test_Data_Generation.Add_Tracking_Numbers_To_User"/>
  <testcase name="Add_Tracking_Number" time="0.632" classname="Test_Data_Generation.Add_Tracking_Numbers_To_User"/>
  <testcase name="Add_Tracking_Number" time="0.419" classname="Test_Data_Generation.Add_Tracking_Numbers_To_User"/>
  <testcase name="Add_Tracking_Number" time="0.627" classname="Test_Data_Generation.Add_Tracking_Numbers_To_User"/>
  <testcase name="Add_Tracking_Number" time="0.435" classname="Test_Data_Generation.Add_Tracking_Numbers_To_User"/>
  <testcase name="Add_Tracking_Number" time="0.540" classname="Test_Data_Generation.Add_Tracking_Numbers_To_User"/>
  <testcase name="Add_Tracking_Number" time="0.538" classname="Test_Data_Generation.Add_Tracking_Numbers_To_User"/>
  <testcase name="Add_Tracking_Number" time="0.526" classname="Test_Data_Generation.Add_Tracking_Numbers_To_User"/>
  <testcase name="Add_Tracking_Number" time="0.734" classname="Test_Data_Generation.Add_Tracking_Numbers_To_User"/>
  <testcase name="Add_Tracking_Number" time="0.528" classname="Test_Data_Generation.Add_Tracking_Numbers_To_User"/>
  <testcase name="Add_Tracking_Number" time="0.482" classname="Test_Data_Generation.Add_Tracking_Numbers_To_User"/>
  <testcase name="Add_Tracking_Number" time="0.547" classname="Test_Data_Generation.Add_Tracking_Numbers_To_User"/>
  <testcase name="Add_Tracking_Number" time="0.501" classname="Test_Data_Generation.Add_Tracking_Numbers_To_User"/>
  <testcase name="Add_Tracking_Number" time="0.532" classname="Test_Data_Generation.Add_Tracking_Numbers_To_User"/>
  <testcase name="Add_Tracking_Number" time="0.597" classname="Test_Data_Generation.Add_Tracking_Numbers_To_User"/>
  <testcase name="Add_Tracking_Number" time="0.459" classname="Test_Data_Generation.Add_Tracking_Numbers_To_User"/>
  <testcase name="Add_Tracking_Number" time="0.586" classname="Test_Data_Generation.Add_Tracking_Numbers_To_User"/>
  <testcase name="Add_Tracking_Number" time="0.532" classname="Test_Data_Generation.Add_Tracking_Numbers_To_User"/>
  <testcase name="Add_Tracking_Number" time="0.530" classname="Test_Data_Generation.Add_Tracking_Numbers_To_User"/>
  <testcase name="Add_Tracking_Number" time="0.519" classname="Test_Data_Generation.Add_Tracking_Numbers_To_User"/>
  <testcase name="Add_Tracking_Number" time="0.514" classname="Test_Data_Generation.Add_Tracking_Numbers_To_User"/>
  <testcase name="Add_Tracking_Number" time="0.614" classname="Test_Data_Generation.Add_Tracking_Numbers_To_User"/>
  <testcase name="Add_Tracking_Number" time="0.556" classname="Test_Data_Generation.Add_Tracking_Numbers_To_User"/>
  <testcase name="Add_Tracking_Number" time="0.494" classname="Test_Data_Generation.Add_Tracking_Numbers_To_User"/>
  <testcase name="Add_Tracking_Number" time="0.520" classname="Test_Data_Generation.Add_Tracking_Numbers_To_User"/>
  <testcase name="Add_Tracking_Number" time="0.573" classname="Test_Data_Generation.Add_Tracking_Numbers_To_User"/>
  <testcase name="Add_Tracking_Number" time="0.499" classname="Test_Data_Generation.Add_Tracking_Numbers_To_User"/>
  <testcase name="Add_Tracking_Number" time="0.481" classname="Test_Data_Generation.Add_Tracking_Numbers_To_User"/>
  <testcase name="Add_Tracking_Number" time="0.550" classname="Test_Data_Generation.Add_Tracking_Numbers_To_User"/>
  <testcase name="Add_Tracking_Number" time="1.451" classname="Test_Data_Generation.Add_Tracking_Numbers_To_User"/>
  <testcase name="Add_Tracking_Number" time="0.484" classname="Test_Data_Generation.Add_Tracking_Numbers_To_User"/>
  <testcase name="Add_Tracking_Number" time="0.482" classname="Test_Data_Generation.Add_Tracking_Numbers_To_User"/>
  <testcase name="Add_Tracking_Number" time="0.583" classname="Test_Data_Generation.Add_Tracking_Numbers_To_User"/>
  <testcase name="Add_Tracking_Number" time="0.475" classname="Test_Data_Generation.Add_Tracking_Numbers_To_User"/>
  <testcase name="Add_Tracking_Number" time="0.546" classname="Test_Data_Generation.Add_Tracking_Numbers_To_User"/>
  <testcase name="Add_Tracking_Number" time="0.477" classname="Test_Data_Generation.Add_Tracking_Numbers_To_User"/>
  <testcase name="Add_Tracking_Number" time="0.567" classname="Test_Data_Generation.Add_Tracking_Numbers_To_User"/>
  <testcase name="Add_Tracking_Number" time="0.650" classname="Test_Data_Generation.Add_Tracking_Numbers_To_User"/>
  <testcase name="Add_Tracking_Number" time="0.808" classname="Test_Data_Generation.Add_Tracking_Numbers_To_User"/>
  <testcase name="Add_Tracking_Number" time="0.542" classname="Test_Data_Generation.Add_Tracking_Numbers_To_User"/>
  <testcase name="Add_Tracking_Number" time="0.419" classname="Test_Data_Generation.Add_Tracking_Numbers_To_User"/>
  <testcase name="Add_Tracking_Number" time="0.552" classname="Test_Data_Generation.Add_Tracking_Numbers_To_User"/>
  <testcase name="Add_Tracking_Number" time="0.609" classname="Test_Data_Generation.Add_Tracking_Numbers_To_User"/>
  <testcase name="Add_Tracking_Number" time="0.628" classname="Test_Data_Generation.Add_Tracking_Numbers_To_User"/>
  <testcase name="Add_Tracking_Number" time="0.500" classname="Test_Data_Generation.Add_Tracking_Numbers_To_User"/>
  <testcase name="Add_Tracking_Number" time="0.551" classname="Test_Data_Generation.Add_Tracking_Numbers_To_User"/>
  <testcase name="Add_Tracking_Number" time="0.515" classname="Test_Data_Generation.Add_Tracking_Numbers_To_User"/>
  <testcase name="Add_Tracking_Number" time="0.541" classname="Test_Data_Generation.Add_Tracking_Numbers_To_User"/>
  <testcase name="Add_Tracking_Number" time="0.534" classname="Test_Data_Generation.Add_Tracking_Numbers_To_User"/>
  <testcase name="Add_Tracking_Number" time="0.478" classname="Test_Data_Generation.Add_Tracking_Numbers_To_User"/>
  <testcase name="Add_Tracking_Number" time="0.568" classname="Test_Data_Generation.Add_Tracking_Numbers_To_User"/>
  <testcase name="Add_Tracking_Number" time="0.512" classname="Test_Data_Generation.Add_Tracking_Numbers_To_User"/>
  <testcase name="Add_Tracking_Number" time="0.535" classname="Test_Data_Generation.Add_Tracking_Numbers_To_User"/>
  <testcase name="Add_Tracking_Number" time="0.714" classname="Test_Data_Generation.Add_Tracking_Numbers_To_User"/>
  <testcase name="Add_Tracking_Number" time="0.501" classname="Test_Data_Generation.Add_Tracking_Numbers_To_User"/>
  <testcase name="Add_Tracking_Number" time="1.157" classname="Test_Data_Generation.Add_Tracking_Numbers_To_User"/>
  <testcase name="Add_Tracking_Number" time="0.477" classname="Test_Data_Generation.Add_Tracking_Numbers_To_User"/>
  <testcase name="Add_Tracking_Number" time="0.459" classname="Test_Data_Generation.Add_Tracking_Numbers_To_User"/>
  <testcase name="Add_Tracking_Number" time="0.538" classname="Test_Data_Generation.Add_Tracking_Numbers_To_User"/>
  <testcase name="Add_Tracking_Number" time="0.624" classname="Test_Data_Generation.Add_Tracking_Numbers_To_User"/>
  <testcase name="Add_Tracking_Number" time="1.349" classname="Test_Data_Generation.Add_Tracking_Numbers_To_User"/>
  <testcase name="Add_Tracking_Number" time="0.763" classname="Test_Data_Generation.Add_Tracking_Numbers_To_User"/>
  <testcase name="Add_Tracking_Number" time="0.496" classname="Test_Data_Generation.Add_Tracking_Numbers_To_User"/>
  <testcase name="Add_Tracking_Number" time="0.604" classname="Test_Data_Generation.Add_Tracking_Numbers_To_User"/>
  <testcase name="Add_Tracking_Number" time="0.450" classname="Test_Data_Generation.Add_Tracking_Numbers_To_User"/>
  <testcase name="Add_Tracking_Number" time="0.104" classname="Test_Data_Generation.Add_Tracking_Numbers_To_User"/>
  <testcase name="Add_Tracking_Number" time="0.511" classname="Test_Data_Generation.Add_Tracking_Numbers_To_User"/>
  <testcase name="Add_Tracking_Number" time="0.506" classname="Test_Data_Generation.Add_Tracking_Numbers_To_User"/>
  <testcase name="Add_Tracking_Number" time="0.532" classname="Test_Data_Generation.Add_Tracking_Numbers_To_User"/>
  <testcase name="Add_Tracking_Number" time="0.565" classname="Test_Data_Generation.Add_Tracking_Numbers_To_User"/>
  <testcase name="Add_Tracking_Number" time="0.610" classname="Test_Data_Generation.Add_Tracking_Numbers_To_User"/>
  <testcase name="Add_Tracking_Number" time="0.579" classname="Test_Data_Generation.Add_Tracking_Numbers_To_User"/>
  <testcase name="Add_Tracking_Number" time="0.555" classname="Test_Data_Generation.Add_Tracking_Numbers_To_User"/>
  <testcase name="Add_Tracking_Number" time="0.578" classname="Test_Data_Generation.Add_Tracking_Numbers_To_User"/>
  <testcase name="Add_Tracking_Number" time="0.777" classname="Test_Data_Generation.Add_Tracking_Numbers_To_User"/>
  <testcase name="Add_Tracking_Number" time="0.586" classname="Test_Data_Generation.Add_Tracking_Numbers_To_User"/>
  <testcase name="Add_Tracking_Number" time="0.315" classname="Test_Data_Generation.Add_Tracking_Numbers_To_User"/>
  <testcase name="Add_Tracking_Number" time="0.653" classname="Test_Data_Generation.Add_Tracking_Numbers_To_User"/>
  <testcase name="Add_Tracking_Number" time="0.280" classname="Test_Data_Generation.Add_Tracking_Numbers_To_User">
    <failure type="java.lang.AssertionError" message="
Expected: a string containing &quot;{\&quot;successful\&quot;:true&quot;
     but: was &quot;{&quot;ShipmentOptionResponse&quot;:{&quot;successful&quot;:false,&quot;errorList&quot;:[{&quot;code&quot;:&quot;2997&quot;,&quot;message&quot;:&quot;TRAQS connection/request problem&quot;,&quot;source&quot;:null,&quot;rootCause&quot;:null}],&quot;alerts&quot;:null,&quot;cxsalerts&quot;:null}}&quot;">
      <![CDATA[java.lang.AssertionError: 
Expected: a string containing "{\"successful\":true"
     but: was "{"ShipmentOptionResponse":{"successful":false,"errorList":[{"code":"2997","message":"TRAQS connection/request problem","source":null,"rootCause":null}],"alerts":null,"cxsalerts":null}}"
at org.hamcrest.MatcherAssert.assertThat(MatcherAssert.java:20)
at org.junit.Assert.assertThat(Assert.java:956)
at org.junit.Assert.assertThat(Assert.java:923)
at Test_Data_Generation.Add_Tracking_Numbers_To_User.Add_Tracking_Number(Add_Tracking_Numbers_To_User.java:69)
at sun.reflect.GeneratedMethodAccessor2.invoke(Unknown Source)
at sun.reflect.DelegatingMethodAccessorImpl.invoke(Unknown Source)
at java.lang.reflect.Method.invoke(Unknown Source)
at org.testng.internal.MethodInvocationHelper.invokeMethod(MethodInvocationHelper.java:124)
at org.testng.internal.Invoker.invokeMethod(Invoker.java:580)
at org.testng.internal.Invoker.invokeTestMethod(Invoker.java:716)
at org.testng.internal.TestMethodWithDataProviderMethodWorker.call(TestMethodWithDataProviderMethodWorker.java:71)
at org.testng.internal.TestMethodWithDataProviderMethodWorker.call(TestMethodWithDataProviderMethodWorker.java:14)
at java.util.concurrent.FutureTask.run(Unknown Source)
at java.util.concurrent.Executors$RunnableAdapter.call(Unknown Source)
at java.util.concurrent.FutureTask.run(Unknown Source)
at java.util.concurrent.ThreadPoolExecutor.runWorker(Unknown Source)
at java.util.concurrent.ThreadPoolExecutor$Worker.run(Unknown Source)
at java.lang.Thread.run(Unknown Source)
]]>
    </failure>
  </testcase> <!-- Add_Tracking_Number -->
  <testcase name="Add_Tracking_Number" time="0.482" classname="Test_Data_Generation.Add_Tracking_Numbers_To_User"/>
  <testcase name="Add_Tracking_Number" time="4.169" classname="Test_Data_Generation.Add_Tracking_Numbers_To_User"/>
  <testcase name="Add_Tracking_Number" time="0.615" classname="Test_Data_Generation.Add_Tracking_Numbers_To_User"/>
  <testcase name="Add_Tracking_Number" time="0.501" classname="Test_Data_Generation.Add_Tracking_Numbers_To_User"/>
  <testcase name="Add_Tracking_Number" time="0.550" classname="Test_Data_Generation.Add_Tracking_Numbers_To_User"/>
  <testcase name="Add_Tracking_Number" time="0.453" classname="Test_Data_Generation.Add_Tracking_Numbers_To_User"/>
  <testcase name="Add_Tracking_Number" time="0.674" classname="Test_Data_Generation.Add_Tracking_Numbers_To_User"/>
  <testcase name="Add_Tracking_Number" time="0.649" classname="Test_Data_Generation.Add_Tracking_Numbers_To_User"/>
  <testcase name="Add_Tracking_Number" time="0.727" classname="Test_Data_Generation.Add_Tracking_Numbers_To_User"/>
  <testcase name="Add_Tracking_Number" time="0.526" classname="Test_Data_Generation.Add_Tracking_Numbers_To_User"/>
  <testcase name="Add_Tracking_Number" time="0.530" classname="Test_Data_Generation.Add_Tracking_Numbers_To_User"/>
  <testcase name="Add_Tracking_Number" time="0.729" classname="Test_Data_Generation.Add_Tracking_Numbers_To_User"/>
  <testcase name="Add_Tracking_Number" time="0.535" classname="Test_Data_Generation.Add_Tracking_Numbers_To_User"/>
  <testcase name="Add_Tracking_Number" time="0.498" classname="Test_Data_Generation.Add_Tracking_Numbers_To_User"/>
  <testcase name="Add_Tracking_Number" time="0.508" classname="Test_Data_Generation.Add_Tracking_Numbers_To_User">
    <failure type="java.lang.AssertionError" message="
Expected: a string containing &quot;{\&quot;successful\&quot;:true&quot;
     but: was &quot;{&quot;ShipmentOptionResponse&quot;:{&quot;successful&quot;:false,&quot;errorList&quot;:[{&quot;code&quot;:&quot;2997&quot;,&quot;message&quot;:&quot;TRAQS connection/request problem&quot;,&quot;source&quot;:null,&quot;rootCause&quot;:null}],&quot;alerts&quot;:null,&quot;cxsalerts&quot;:null}}&quot;">
      <![CDATA[java.lang.AssertionError: 
Expected: a string containing "{\"successful\":true"
     but: was "{"ShipmentOptionResponse":{"successful":false,"errorList":[{"code":"2997","message":"TRAQS connection/request problem","source":null,"rootCause":null}],"alerts":null,"cxsalerts":null}}"
at org.hamcrest.MatcherAssert.assertThat(MatcherAssert.java:20)
at org.junit.Assert.assertThat(Assert.java:956)
at org.junit.Assert.assertThat(Assert.java:923)
at Test_Data_Generation.Add_Tracking_Numbers_To_User.Add_Tracking_Number(Add_Tracking_Numbers_To_User.java:69)
at sun.reflect.GeneratedMethodAccessor2.invoke(Unknown Source)
at sun.reflect.DelegatingMethodAccessorImpl.invoke(Unknown Source)
at java.lang.reflect.Method.invoke(Unknown Source)
at org.testng.internal.MethodInvocationHelper.invokeMethod(MethodInvocationHelper.java:124)
at org.testng.internal.Invoker.invokeMethod(Invoker.java:580)
at org.testng.internal.Invoker.invokeTestMethod(Invoker.java:716)
at org.testng.internal.TestMethodWithDataProviderMethodWorker.call(TestMethodWithDataProviderMethodWorker.java:71)
at org.testng.internal.TestMethodWithDataProviderMethodWorker.call(TestMethodWithDataProviderMethodWorker.java:14)
at java.util.concurrent.FutureTask.run(Unknown Source)
at java.util.concurrent.Executors$RunnableAdapter.call(Unknown Source)
at java.util.concurrent.FutureTask.run(Unknown Source)
at java.util.concurrent.ThreadPoolExecutor.runWorker(Unknown Source)
at java.util.concurrent.ThreadPoolExecutor$Worker.run(Unknown Source)
at java.lang.Thread.run(Unknown Source)
]]>
    </failure>
  </testcase> <!-- Add_Tracking_Number -->
  <testcase name="Add_Tracking_Number" time="0.062" classname="Test_Data_Generation.Add_Tracking_Numbers_To_User"/>
  <testcase name="Add_Tracking_Number" time="0.664" classname="Test_Data_Generation.Add_Tracking_Numbers_To_User"/>
  <testcase name="Add_Tracking_Number" time="0.565" classname="Test_Data_Generation.Add_Tracking_Numbers_To_User"/>
  <testcase name="Add_Tracking_Number" time="0.770" classname="Test_Data_Generation.Add_Tracking_Numbers_To_User"/>
  <testcase name="Add_Tracking_Number" time="0.478" classname="Test_Data_Generation.Add_Tracking_Numbers_To_User"/>
  <testcase name="Add_Tracking_Number" time="0.503" classname="Test_Data_Generation.Add_Tracking_Numbers_To_User"/>
  <testcase name="Add_Tracking_Number" time="0.516" classname="Test_Data_Generation.Add_Tracking_Numbers_To_User"/>
  <testcase name="Add_Tracking_Number" time="0.675" classname="Test_Data_Generation.Add_Tracking_Numbers_To_User"/>
  <testcase name="Add_Tracking_Number" time="0.499" classname="Test_Data_Generation.Add_Tracking_Numbers_To_User"/>
  <testcase name="Add_Tracking_Number" time="0.547" classname="Test_Data_Generation.Add_Tracking_Numbers_To_User"/>
  <testcase name="Add_Tracking_Number" time="0.524" classname="Test_Data_Generation.Add_Tracking_Numbers_To_User"/>
  <testcase name="Add_Tracking_Number" time="0.541" classname="Test_Data_Generation.Add_Tracking_Numbers_To_User"/>
  <testcase name="Add_Tracking_Number" time="0.572" classname="Test_Data_Generation.Add_Tracking_Numbers_To_User"/>
  <testcase name="Add_Tracking_Number" time="0.602" classname="Test_Data_Generation.Add_Tracking_Numbers_To_User"/>
  <testcase name="Add_Tracking_Number" time="0.498" classname="Test_Data_Generation.Add_Tracking_Numbers_To_User"/>
  <testcase name="Add_Tracking_Number" time="0.600" classname="Test_Data_Generation.Add_Tracking_Numbers_To_User"/>
  <testcase name="Add_Tracking_Number" time="0.798" classname="Test_Data_Generation.Add_Tracking_Numbers_To_User"/>
  <testcase name="Add_Tracking_Number" time="0.528" classname="Test_Data_Generation.Add_Tracking_Numbers_To_User"/>
  <testcase name="Add_Tracking_Number" time="0.535" classname="Test_Data_Generation.Add_Tracking_Numbers_To_User"/>
  <testcase name="Add_Tracking_Number" time="0.537" classname="Test_Data_Generation.Add_Tracking_Numbers_To_User"/>
  <testcase name="Add_Tracking_Number" time="1.016" classname="Test_Data_Generation.Add_Tracking_Numbers_To_User"/>
  <testcase name="Add_Tracking_Number" time="0.482" classname="Test_Data_Generation.Add_Tracking_Numbers_To_User"/>
  <testcase name="Add_Tracking_Number" time="0.519" classname="Test_Data_Generation.Add_Tracking_Numbers_To_User"/>
  <testcase name="Add_Tracking_Number" time="0.700" classname="Test_Data_Generation.Add_Tracking_Numbers_To_User"/>
  <testcase name="Add_Tracking_Number" time="0.592" classname="Test_Data_Generation.Add_Tracking_Numbers_To_User"/>
  <testcase name="Add_Tracking_Number" time="0.606" classname="Test_Data_Generation.Add_Tracking_Numbers_To_User"/>
  <testcase name="Add_Tracking_Number" time="0.538" classname="Test_Data_Generation.Add_Tracking_Numbers_To_User"/>
  <testcase name="Add_Tracking_Number" time="0.451" classname="Test_Data_Generation.Add_Tracking_Numbers_To_User"/>
  <testcase name="Add_Tracking_Number" time="0.636" classname="Test_Data_Generation.Add_Tracking_Numbers_To_User"/>
  <testcase name="Add_Tracking_Number" time="0.557" classname="Test_Data_Generation.Add_Tracking_Numbers_To_User"/>
  <testcase name="Add_Tracking_Number" time="0.543" classname="Test_Data_Generation.Add_Tracking_Numbers_To_User"/>
  <testcase name="Add_Tracking_Number" time="0.488" classname="Test_Data_Generation.Add_Tracking_Numbers_To_User"/>
  <testcase name="Add_Tracking_Number" time="0.488" classname="Test_Data_Generation.Add_Tracking_Numbers_To_User"/>
  <testcase name="Add_Tracking_Number" time="0.474" classname="Test_Data_Generation.Add_Tracking_Numbers_To_User"/>
  <testcase name="Add_Tracking_Number" time="0.633" classname="Test_Data_Generation.Add_Tracking_Numbers_To_User"/>
  <testcase name="Add_Tracking_Number" time="0.485" classname="Test_Data_Generation.Add_Tracking_Numbers_To_User"/>
  <testcase name="Add_Tracking_Number" time="0.584" classname="Test_Data_Generation.Add_Tracking_Numbers_To_User"/>
  <testcase name="Add_Tracking_Number" time="0.536" classname="Test_Data_Generation.Add_Tracking_Numbers_To_User"/>
  <testcase name="Add_Tracking_Number" time="0.532" classname="Test_Data_Generation.Add_Tracking_Numbers_To_User"/>
  <testcase name="Add_Tracking_Number" time="0.512" classname="Test_Data_Generation.Add_Tracking_Numbers_To_User"/>
  <testcase name="Add_Tracking_Number" time="0.480" classname="Test_Data_Generation.Add_Tracking_Numbers_To_User"/>
  <testcase name="Add_Tracking_Number" time="0.451" classname="Test_Data_Generation.Add_Tracking_Numbers_To_User"/>
  <testcase name="Add_Tracking_Number" time="0.571" classname="Test_Data_Generation.Add_Tracking_Numbers_To_User"/>
  <testcase name="Add_Tracking_Number" time="0.465" classname="Test_Data_Generation.Add_Tracking_Numbers_To_User"/>
  <testcase name="Add_Tracking_Number" time="0.569" classname="Test_Data_Generation.Add_Tracking_Numbers_To_User"/>
  <testcase name="Add_Tracking_Number" time="0.596" classname="Test_Data_Generation.Add_Tracking_Numbers_To_User"/>
  <testcase name="Add_Tracking_Number" time="0.460" classname="Test_Data_Generation.Add_Tracking_Numbers_To_User"/>
  <testcase name="Add_Tracking_Number" time="0.495" classname="Test_Data_Generation.Add_Tracking_Numbers_To_User"/>
  <testcase name="Add_Tracking_Number" time="0.571" classname="Test_Data_Generation.Add_Tracking_Numbers_To_User"/>
  <testcase name="Add_Tracking_Number" time="0.913" classname="Test_Data_Generation.Add_Tracking_Numbers_To_User"/>
  <testcase name="Add_Tracking_Number" time="0.800" classname="Test_Data_Generation.Add_Tracking_Numbers_To_User"/>
  <testcase name="Add_Tracking_Number" time="0.533" classname="Test_Data_Generation.Add_Tracking_Numbers_To_User"/>
  <testcase name="Add_Tracking_Number" time="0.573" classname="Test_Data_Generation.Add_Tracking_Numbers_To_User"/>
  <testcase name="Add_Tracking_Number" time="0.493" classname="Test_Data_Generation.Add_Tracking_Numbers_To_User"/>
  <testcase name="Add_Tracking_Number" time="0.594" classname="Test_Data_Generation.Add_Tracking_Numbers_To_User"/>
  <testcase name="Add_Tracking_Number" time="0.736" classname="Test_Data_Generation.Add_Tracking_Numbers_To_User"/>
  <testcase name="Add_Tracking_Number" time="0.562" classname="Test_Data_Generation.Add_Tracking_Numbers_To_User"/>
  <testcase name="Add_Tracking_Number" time="0.498" classname="Test_Data_Generation.Add_Tracking_Numbers_To_User"/>
  <testcase name="Add_Tracking_Number" time="0.521" classname="Test_Data_Generation.Add_Tracking_Numbers_To_User"/>
  <testcase name="Add_Tracking_Number" time="0.991" classname="Test_Data_Generation.Add_Tracking_Numbers_To_User"/>
  <testcase name="Add_Tracking_Number" time="0.467" classname="Test_Data_Generation.Add_Tracking_Numbers_To_User"/>
  <testcase name="Add_Tracking_Number" time="0.519" classname="Test_Data_Generation.Add_Tracking_Numbers_To_User"/>
  <testcase name="Add_Tracking_Number" time="0.578" classname="Test_Data_Generation.Add_Tracking_Numbers_To_User"/>
  <testcase name="Add_Tracking_Number" time="0.580" classname="Test_Data_Generation.Add_Tracking_Numbers_To_User"/>
  <testcase name="Add_Tracking_Number" time="0.556" classname="Test_Data_Generation.Add_Tracking_Numbers_To_User"/>
  <testcase name="Add_Tracking_Number" time="0.508" classname="Test_Data_Generation.Add_Tracking_Numbers_To_User"/>
  <testcase name="Add_Tracking_Number" time="0.552" classname="Test_Data_Generation.Add_Tracking_Numbers_To_User"/>
  <testcase name="Add_Tracking_Number" time="0.568" classname="Test_Data_Generation.Add_Tracking_Numbers_To_User"/>
  <testcase name="Add_Tracking_Number" time="0.462" classname="Test_Data_Generation.Add_Tracking_Numbers_To_User"/>
  <testcase name="Add_Tracking_Number" time="1.094" classname="Test_Data_Generation.Add_Tracking_Numbers_To_User"/>
  <testcase name="Add_Tracking_Number" time="0.581" classname="Test_Data_Generation.Add_Tracking_Numbers_To_User"/>
  <testcase name="Add_Tracking_Number" time="0.501" classname="Test_Data_Generation.Add_Tracking_Numbers_To_User"/>
  <testcase name="Add_Tracking_Number" time="0.551" classname="Test_Data_Generation.Add_Tracking_Numbers_To_User"/>
  <testcase name="Add_Tracking_Number" time="0.472" classname="Test_Data_Generation.Add_Tracking_Numbers_To_User"/>
  <testcase name="Add_Tracking_Number" time="0.435" classname="Test_Data_Generation.Add_Tracking_Numbers_To_User"/>
  <testcase name="Add_Tracking_Number" time="0.537" classname="Test_Data_Generation.Add_Tracking_Numbers_To_User"/>
  <testcase name="Add_Tracking_Number" time="0.488" classname="Test_Data_Generation.Add_Tracking_Numbers_To_User"/>
  <testcase name="Add_Tracking_Number" time="0.510" classname="Test_Data_Generation.Add_Tracking_Numbers_To_User"/>
  <testcase name="Add_Tracking_Number" time="0.530" classname="Test_Data_Generation.Add_Tracking_Numbers_To_User"/>
  <testcase name="Add_Tracking_Number" time="0.519" classname="Test_Data_Generation.Add_Tracking_Numbers_To_User"/>
  <testcase name="Add_Tracking_Number" time="0.497" classname="Test_Data_Generation.Add_Tracking_Numbers_To_User"/>
  <testcase name="Add_Tracking_Number" time="0.590" classname="Test_Data_Generation.Add_Tracking_Numbers_To_User"/>
  <testcase name="Add_Tracking_Number" time="0.501" classname="Test_Data_Generation.Add_Tracking_Numbers_To_User"/>
  <testcase name="Add_Tracking_Number" time="0.560" classname="Test_Data_Generation.Add_Tracking_Numbers_To_User"/>
  <testcase name="Add_Tracking_Number" time="0.540" classname="Test_Data_Generation.Add_Tracking_Numbers_To_User"/>
  <testcase name="Add_Tracking_Number" time="0.602" classname="Test_Data_Generation.Add_Tracking_Numbers_To_User"/>
  <testcase name="Add_Tracking_Number" time="0.547" classname="Test_Data_Generation.Add_Tracking_Numbers_To_User"/>
  <testcase name="Add_Tracking_Number" time="0.681" classname="Test_Data_Generation.Add_Tracking_Numbers_To_User"/>
  <testcase name="Add_Tracking_Number" time="0.489" classname="Test_Data_Generation.Add_Tracking_Numbers_To_User"/>
  <testcase name="Add_Tracking_Number" time="0.562" classname="Test_Data_Generation.Add_Tracking_Numbers_To_User"/>
  <testcase name="Add_Tracking_Number" time="0.582" classname="Test_Data_Generation.Add_Tracking_Numbers_To_User"/>
  <testcase name="Add_Tracking_Number" time="0.523" classname="Test_Data_Generation.Add_Tracking_Numbers_To_User"/>
  <testcase name="Add_Tracking_Number" time="0.493" classname="Test_Data_Generation.Add_Tracking_Numbers_To_User"/>
  <testcase name="Add_Tracking_Number" time="0.497" classname="Test_Data_Generation.Add_Tracking_Numbers_To_User"/>
  <testcase name="Add_Tracking_Number" time="0.595" classname="Test_Data_Generation.Add_Tracking_Numbers_To_User"/>
  <testcase name="Add_Tracking_Number" time="0.534" classname="Test_Data_Generation.Add_Tracking_Numbers_To_User"/>
  <testcase name="Add_Tracking_Number" time="0.537" classname="Test_Data_Generation.Add_Tracking_Numbers_To_User"/>
  <testcase name="Add_Tracking_Number" time="0.552" classname="Test_Data_Generation.Add_Tracking_Numbers_To_User"/>
  <testcase name="Add_Tracking_Number" time="0.225" classname="Test_Data_Generation.Add_Tracking_Numbers_To_User"/>
  <testcase name="Add_Tracking_Number" time="0.173" classname="Test_Data_Generation.Add_Tracking_Numbers_To_User"/>
  <testcase name="Add_Tracking_Number" time="0.494" classname="Test_Data_Generation.Add_Tracking_Numbers_To_User"/>
  <testcase name="Add_Tracking_Number" time="0.634" classname="Test_Data_Generation.Add_Tracking_Numbers_To_User"/>
  <testcase name="Add_Tracking_Number" time="0.581" classname="Test_Data_Generation.Add_Tracking_Numbers_To_User"/>
  <testcase name="Add_Tracking_Number" time="0.509" classname="Test_Data_Generation.Add_Tracking_Numbers_To_User"/>
  <testcase name="Add_Tracking_Number" time="0.678" classname="Test_Data_Generation.Add_Tracking_Numbers_To_User"/>
  <testcase name="Add_Tracking_Number" time="0.543" classname="Test_Data_Generation.Add_Tracking_Numbers_To_User"/>
  <testcase name="Add_Tracking_Number" time="0.551" classname="Test_Data_Generation.Add_Tracking_Numbers_To_User"/>
  <testcase name="Add_Tracking_Number" time="0.564" classname="Test_Data_Generation.Add_Tracking_Numbers_To_User"/>
  <testcase name="Add_Tracking_Number" time="0.667" classname="Test_Data_Generation.Add_Tracking_Numbers_To_User"/>
  <testcase name="Add_Tracking_Number" time="0.481" classname="Test_Data_Generation.Add_Tracking_Numbers_To_User"/>
  <testcase name="Add_Tracking_Number" time="0.521" classname="Test_Data_Generation.Add_Tracking_Numbers_To_User"/>
  <testcase name="Add_Tracking_Number" time="0.531" classname="Test_Data_Generation.Add_Tracking_Numbers_To_User"/>
  <testcase name="Add_Tracking_Number" time="0.529" classname="Test_Data_Generation.Add_Tracking_Numbers_To_User"/>
  <testcase name="Add_Tracking_Number" time="0.672" classname="Test_Data_Generation.Add_Tracking_Numbers_To_User"/>
  <testcase name="Add_Tracking_Number" time="0.576" classname="Test_Data_Generation.Add_Tracking_Numbers_To_User"/>
  <testcase name="Add_Tracking_Number" time="0.545" classname="Test_Data_Generation.Add_Tracking_Numbers_To_User"/>
  <testcase name="Add_Tracking_Number" time="0.589" classname="Test_Data_Generation.Add_Tracking_Numbers_To_User"/>
  <testcase name="Add_Tracking_Number" time="0.481" classname="Test_Data_Generation.Add_Tracking_Numbers_To_User"/>
  <testcase name="Add_Tracking_Number" time="0.518" classname="Test_Data_Generation.Add_Tracking_Numbers_To_User"/>
  <testcase name="Add_Tracking_Number" time="0.561" classname="Test_Data_Generation.Add_Tracking_Numbers_To_User"/>
  <testcase name="Add_Tracking_Number" time="0.538" classname="Test_Data_Generation.Add_Tracking_Numbers_To_User"/>
  <testcase name="Add_Tracking_Number" time="0.500" classname="Test_Data_Generation.Add_Tracking_Numbers_To_User"/>
  <testcase name="Add_Tracking_Number" time="0.542" classname="Test_Data_Generation.Add_Tracking_Numbers_To_User"/>
  <testcase name="Add_Tracking_Number" time="0.497" classname="Test_Data_Generation.Add_Tracking_Numbers_To_User"/>
  <testcase name="Add_Tracking_Number" time="0.525" classname="Test_Data_Generation.Add_Tracking_Numbers_To_User"/>
  <testcase name="Add_Tracking_Number" time="0.551" classname="Test_Data_Generation.Add_Tracking_Numbers_To_User"/>
  <testcase name="Add_Tracking_Number" time="0.566" classname="Test_Data_Generation.Add_Tracking_Numbers_To_User"/>
  <testcase name="Add_Tracking_Number" time="0.505" classname="Test_Data_Generation.Add_Tracking_Numbers_To_User"/>
  <testcase name="Add_Tracking_Number" time="0.480" classname="Test_Data_Generation.Add_Tracking_Numbers_To_User"/>
  <testcase name="Add_Tracking_Number" time="0.622" classname="Test_Data_Generation.Add_Tracking_Numbers_To_User"/>
  <testcase name="Add_Tracking_Number" time="0.755" classname="Test_Data_Generation.Add_Tracking_Numbers_To_User"/>
  <testcase name="Add_Tracking_Number" time="0.612" classname="Test_Data_Generation.Add_Tracking_Numbers_To_User"/>
  <testcase name="Add_Tracking_Number" time="0.487" classname="Test_Data_Generation.Add_Tracking_Numbers_To_User"/>
  <testcase name="Add_Tracking_Number" time="0.500" classname="Test_Data_Generation.Add_Tracking_Numbers_To_User"/>
  <testcase name="Add_Tracking_Number" time="0.608" classname="Test_Data_Generation.Add_Tracking_Numbers_To_User"/>
  <testcase name="Add_Tracking_Number" time="0.557" classname="Test_Data_Generation.Add_Tracking_Numbers_To_User"/>
  <testcase name="Add_Tracking_Number" time="0.590" classname="Test_Data_Generation.Add_Tracking_Numbers_To_User"/>
  <testcase name="Add_Tracking_Number" time="0.546" classname="Test_Data_Generation.Add_Tracking_Numbers_To_User"/>
  <testcase name="Add_Tracking_Number" time="0.510" classname="Test_Data_Generation.Add_Tracking_Numbers_To_User"/>
  <testcase name="Add_Tracking_Number" time="0.613" classname="Test_Data_Generation.Add_Tracking_Numbers_To_User"/>
  <testcase name="Add_Tracking_Number" time="0.709" classname="Test_Data_Generation.Add_Tracking_Numbers_To_User"/>
  <testcase name="Add_Tracking_Number" time="0.555" classname="Test_Data_Generation.Add_Tracking_Numbers_To_User"/>
  <testcase name="Add_Tracking_Number" time="0.517" classname="Test_Data_Generation.Add_Tracking_Numbers_To_User"/>
  <testcase name="Add_Tracking_Number" time="0.552" classname="Test_Data_Generation.Add_Tracking_Numbers_To_User"/>
  <testcase name="Add_Tracking_Number" time="0.545" classname="Test_Data_Generation.Add_Tracking_Numbers_To_User"/>
  <testcase name="Add_Tracking_Number" time="0.633" classname="Test_Data_Generation.Add_Tracking_Numbers_To_User"/>
  <testcase name="Add_Tracking_Number" time="0.056" classname="Test_Data_Generation.Add_Tracking_Numbers_To_User"/>
  <testcase name="Add_Tracking_Number" time="0.525" classname="Test_Data_Generation.Add_Tracking_Numbers_To_User"/>
  <testcase name="Add_Tracking_Number" time="0.051" classname="Test_Data_Generation.Add_Tracking_Numbers_To_User"/>
  <testcase name="Add_Tracking_Number" time="0.689" classname="Test_Data_Generation.Add_Tracking_Numbers_To_User"/>
  <testcase name="Add_Tracking_Number" time="0.508" classname="Test_Data_Generation.Add_Tracking_Numbers_To_User"/>
  <testcase name="Add_Tracking_Number" time="0.476" classname="Test_Data_Generation.Add_Tracking_Numbers_To_User"/>
  <testcase name="Add_Tracking_Number" time="0.519" classname="Test_Data_Generation.Add_Tracking_Numbers_To_User"/>
  <testcase name="Add_Tracking_Number" time="0.528" classname="Test_Data_Generation.Add_Tracking_Numbers_To_User"/>
  <testcase name="Add_Tracking_Number" time="0.451" classname="Test_Data_Generation.Add_Tracking_Numbers_To_User"/>
  <testcase name="Add_Tracking_Number" time="0.654" classname="Test_Data_Generation.Add_Tracking_Numbers_To_User"/>
  <testcase name="Add_Tracking_Number" time="0.455" classname="Test_Data_Generation.Add_Tracking_Numbers_To_User"/>
  <testcase name="Add_Tracking_Number" time="0.537" classname="Test_Data_Generation.Add_Tracking_Numbers_To_User"/>
  <testcase name="Add_Tracking_Number" time="0.529" classname="Test_Data_Generation.Add_Tracking_Numbers_To_User"/>
  <testcase name="Add_Tracking_Number" time="0.475" classname="Test_Data_Generation.Add_Tracking_Numbers_To_User"/>
  <testcase name="Add_Tracking_Number" time="0.545" classname="Test_Data_Generation.Add_Tracking_Numbers_To_User"/>
  <testcase name="Add_Tracking_Number" time="0.595" classname="Test_Data_Generation.Add_Tracking_Numbers_To_User"/>
  <testcase name="Add_Tracking_Number" time="0.615" classname="Test_Data_Generation.Add_Tracking_Numbers_To_User"/>
  <testcase name="Add_Tracking_Number" time="0.499" classname="Test_Data_Generation.Add_Tracking_Numbers_To_User"/>
  <testcase name="Add_Tracking_Number" time="0.572" classname="Test_Data_Generation.Add_Tracking_Numbers_To_User"/>
  <testcase name="Add_Tracking_Number" time="0.598" classname="Test_Data_Generation.Add_Tracking_Numbers_To_User"/>
  <testcase name="Add_Tracking_Number" time="0.575" classname="Test_Data_Generation.Add_Tracking_Numbers_To_User"/>
  <testcase name="Add_Tracking_Number" time="0.550" classname="Test_Data_Generation.Add_Tracking_Numbers_To_User"/>
  <testcase name="Add_Tracking_Number" time="0.486" classname="Test_Data_Generation.Add_Tracking_Numbers_To_User"/>
  <testcase name="Add_Tracking_Number" time="0.601" classname="Test_Data_Generation.Add_Tracking_Numbers_To_User"/>
  <testcase name="Add_Tracking_Number" time="0.048" classname="Test_Data_Generation.Add_Tracking_Numbers_To_User"/>
  <testcase name="Add_Tracking_Number" time="0.502" classname="Test_Data_Generation.Add_Tracking_Numbers_To_User"/>
  <testcase name="Add_Tracking_Number" time="0.688" classname="Test_Data_Generation.Add_Tracking_Numbers_To_User"/>
  <testcase name="Add_Tracking_Number" time="0.644" classname="Test_Data_Generation.Add_Tracking_Numbers_To_User"/>
  <testcase name="Add_Tracking_Number" time="0.506" classname="Test_Data_Generation.Add_Tracking_Numbers_To_User"/>
  <testcase name="Add_Tracking_Number" time="0.554" classname="Test_Data_Generation.Add_Tracking_Numbers_To_User"/>
  <testcase name="Add_Tracking_Number" time="0.586" classname="Test_Data_Generation.Add_Tracking_Numbers_To_User"/>
  <testcase name="Add_Tracking_Number" time="0.553" classname="Test_Data_Generation.Add_Tracking_Numbers_To_User"/>
  <testcase name="Add_Tracking_Number" time="0.617" classname="Test_Data_Generation.Add_Tracking_Numbers_To_User"/>
  <testcase name="Add_Tracking_Number" time="0.491" classname="Test_Data_Generation.Add_Tracking_Numbers_To_User"/>
  <testcase name="Add_Tracking_Number" time="0.554" classname="Test_Data_Generation.Add_Tracking_Numbers_To_User"/>
  <testcase name="Add_Tracking_Number" time="0.526" classname="Test_Data_Generation.Add_Tracking_Numbers_To_User"/>
  <testcase name="Add_Tracking_Number" time="0.649" classname="Test_Data_Generation.Add_Tracking_Numbers_To_User"/>
  <testcase name="Add_Tracking_Number" time="0.535" classname="Test_Data_Generation.Add_Tracking_Numbers_To_User"/>
  <testcase name="Add_Tracking_Number" time="0.494" classname="Test_Data_Generation.Add_Tracking_Numbers_To_User"/>
  <testcase name="Add_Tracking_Number" time="0.518" classname="Test_Data_Generation.Add_Tracking_Numbers_To_User"/>
  <testcase name="Add_Tracking_Number" time="0.672" classname="Test_Data_Generation.Add_Tracking_Numbers_To_User"/>
  <testcase name="Add_Tracking_Number" time="0.556" classname="Test_Data_Generation.Add_Tracking_Numbers_To_User"/>
  <testcase name="Add_Tracking_Number" time="0.679" classname="Test_Data_Generation.Add_Tracking_Numbers_To_User"/>
  <testcase name="Add_Tracking_Number" time="0.586" classname="Test_Data_Generation.Add_Tracking_Numbers_To_User"/>
  <testcase name="Add_Tracking_Number" time="0.480" classname="Test_Data_Generation.Add_Tracking_Numbers_To_User"/>
  <testcase name="Add_Tracking_Number" time="0.443" classname="Test_Data_Generation.Add_Tracking_Numbers_To_User"/>
  <testcase name="Add_Tracking_Number" time="0.539" classname="Test_Data_Generation.Add_Tracking_Numbers_To_User"/>
  <testcase name="Add_Tracking_Number" time="0.617" classname="Test_Data_Generation.Add_Tracking_Numbers_To_User"/>
  <testcase name="Add_Tracking_Number" time="0.640" classname="Test_Data_Generation.Add_Tracking_Numbers_To_User"/>
  <testcase name="Add_Tracking_Number" time="0.464" classname="Test_Data_Generation.Add_Tracking_Numbers_To_User"/>
  <testcase name="Add_Tracking_Number" time="0.454" classname="Test_Data_Generation.Add_Tracking_Numbers_To_User"/>
  <testcase name="Add_Tracking_Number" time="0.487" classname="Test_Data_Generation.Add_Tracking_Numbers_To_User"/>
  <testcase name="Add_Tracking_Number" time="0.548" classname="Test_Data_Generation.Add_Tracking_Numbers_To_User"/>
  <testcase name="Add_Tracking_Number" time="0.561" classname="Test_Data_Generation.Add_Tracking_Numbers_To_User"/>
  <testcase name="Add_Tracking_Number" time="0.490" classname="Test_Data_Generation.Add_Tracking_Numbers_To_User"/>
  <testcase name="Add_Tracking_Number" time="0.534" classname="Test_Data_Generation.Add_Tracking_Numbers_To_User"/>
  <testcase name="Add_Tracking_Number" time="0.516" classname="Test_Data_Generation.Add_Tracking_Numbers_To_User"/>
  <testcase name="Add_Tracking_Number" time="0.595" classname="Test_Data_Generation.Add_Tracking_Numbers_To_User"/>
  <testcase name="Add_Tracking_Number" time="0.638" classname="Test_Data_Generation.Add_Tracking_Numbers_To_User"/>
  <testcase name="Add_Tracking_Number" time="0.550" classname="Test_Data_Generation.Add_Tracking_Numbers_To_User"/>
  <testcase name="Add_Tracking_Number" time="0.531" classname="Test_Data_Generation.Add_Tracking_Numbers_To_User"/>
  <testcase name="Add_Tracking_Number" time="0.758" classname="Test_Data_Generation.Add_Tracking_Numbers_To_User"/>
  <testcase name="Add_Tracking_Number" time="0.062" classname="Test_Data_Generation.Add_Tracking_Numbers_To_User"/>
  <testcase name="Add_Tracking_Number" time="0.611" classname="Test_Data_Generation.Add_Tracking_Numbers_To_User"/>
  <testcase name="Add_Tracking_Number" time="0.535" classname="Test_Data_Generation.Add_Tracking_Numbers_To_User"/>
  <testcase name="Add_Tracking_Number" time="0.490" classname="Test_Data_Generation.Add_Tracking_Numbers_To_User"/>
  <testcase name="Add_Tracking_Number" time="0.500" classname="Test_Data_Generation.Add_Tracking_Numbers_To_User"/>
  <testcase name="Add_Tracking_Number" time="0.579" classname="Test_Data_Generation.Add_Tracking_Numbers_To_User"/>
  <testcase name="Add_Tracking_Number" time="0.561" classname="Test_Data_Generation.Add_Tracking_Numbers_To_User"/>
  <testcase name="Add_Tracking_Number" time="0.580" classname="Test_Data_Generation.Add_Tracking_Numbers_To_User"/>
  <testcase name="Add_Tracking_Number" time="0.554" classname="Test_Data_Generation.Add_Tracking_Numbers_To_User"/>
  <testcase name="Add_Tracking_Number" time="0.541" classname="Test_Data_Generation.Add_Tracking_Numbers_To_User"/>
  <testcase name="Add_Tracking_Number" time="0.514" classname="Test_Data_Generation.Add_Tracking_Numbers_To_User"/>
  <testcase name="Add_Tracking_Number" time="0.522" classname="Test_Data_Generation.Add_Tracking_Numbers_To_User"/>
  <testcase name="Add_Tracking_Number" time="0.658" classname="Test_Data_Generation.Add_Tracking_Numbers_To_User"/>
  <testcase name="Add_Tracking_Number" time="0.517" classname="Test_Data_Generation.Add_Tracking_Numbers_To_User"/>
  <testcase name="Add_Tracking_Number" time="0.559" classname="Test_Data_Generation.Add_Tracking_Numbers_To_User"/>
  <testcase name="Add_Tracking_Number" time="0.567" classname="Test_Data_Generation.Add_Tracking_Numbers_To_User"/>
  <testcase name="Add_Tracking_Number" time="0.462" classname="Test_Data_Generation.Add_Tracking_Numbers_To_User"/>
  <testcase name="Add_Tracking_Number" time="0.576" classname="Test_Data_Generation.Add_Tracking_Numbers_To_User"/>
  <testcase name="Add_Tracking_Number" time="0.494" classname="Test_Data_Generation.Add_Tracking_Numbers_To_User"/>
  <testcase name="Add_Tracking_Number" time="0.648" classname="Test_Data_Generation.Add_Tracking_Numbers_To_User"/>
  <testcase name="Add_Tracking_Number" time="0.584" classname="Test_Data_Generation.Add_Tracking_Numbers_To_User"/>
  <testcase name="Add_Tracking_Number" time="0.592" classname="Test_Data_Generation.Add_Tracking_Numbers_To_User"/>
  <testcase name="Add_Tracking_Number" time="0.526" classname="Test_Data_Generation.Add_Tracking_Numbers_To_User"/>
  <testcase name="Add_Tracking_Number" time="0.602" classname="Test_Data_Generation.Add_Tracking_Numbers_To_User"/>
  <testcase name="Add_Tracking_Number" time="0.490" classname="Test_Data_Generation.Add_Tracking_Numbers_To_User"/>
  <testcase name="Add_Tracking_Number" time="0.496" classname="Test_Data_Generation.Add_Tracking_Numbers_To_User"/>
  <testcase name="Add_Tracking_Number" time="0.524" classname="Test_Data_Generation.Add_Tracking_Numbers_To_User"/>
  <testcase name="Add_Tracking_Number" time="0.468" classname="Test_Data_Generation.Add_Tracking_Numbers_To_User"/>
  <testcase name="Add_Tracking_Number" time="0.493" classname="Test_Data_Generation.Add_Tracking_Numbers_To_User"/>
  <testcase name="Add_Tracking_Number" time="0.636" classname="Test_Data_Generation.Add_Tracking_Numbers_To_User"/>
  <testcase name="Add_Tracking_Number" time="0.497" classname="Test_Data_Generation.Add_Tracking_Numbers_To_User"/>
  <testcase name="Add_Tracking_Number" time="0.647" classname="Test_Data_Generation.Add_Tracking_Numbers_To_User"/>
  <testcase name="Add_Tracking_Number" time="0.482" classname="Test_Data_Generation.Add_Tracking_Numbers_To_User"/>
  <testcase name="Add_Tracking_Number" time="0.532" classname="Test_Data_Generation.Add_Tracking_Numbers_To_User"/>
  <testcase name="Add_Tracking_Number" time="0.528" classname="Test_Data_Generation.Add_Tracking_Numbers_To_User"/>
  <testcase name="Add_Tracking_Number" time="0.571" classname="Test_Data_Generation.Add_Tracking_Numbers_To_User"/>
  <testcase name="Add_Tracking_Number" time="0.482" classname="Test_Data_Generation.Add_Tracking_Numbers_To_User"/>
  <testcase name="Add_Tracking_Number" time="0.566" classname="Test_Data_Generation.Add_Tracking_Numbers_To_User"/>
  <testcase name="Add_Tracking_Number" time="0.495" classname="Test_Data_Generation.Add_Tracking_Numbers_To_User"/>
  <testcase name="Add_Tracking_Number" time="0.577" classname="Test_Data_Generation.Add_Tracking_Numbers_To_User"/>
  <testcase name="Add_Tracking_Number" time="0.646" classname="Test_Data_Generation.Add_Tracking_Numbers_To_User"/>
  <testcase name="Add_Tracking_Number" time="0.470" classname="Test_Data_Generation.Add_Tracking_Numbers_To_User"/>
  <testcase name="Add_Tracking_Number" time="0.529" classname="Test_Data_Generation.Add_Tracking_Numbers_To_User"/>
  <testcase name="Add_Tracking_Number" time="0.500" classname="Test_Data_Generation.Add_Tracking_Numbers_To_User"/>
  <testcase name="Add_Tracking_Number" time="0.675" classname="Test_Data_Generation.Add_Tracking_Numbers_To_User">
    <failure type="java.lang.AssertionError" message="
Expected: a string containing &quot;{\&quot;successful\&quot;:true&quot;
     but: was &quot;{&quot;ShipmentOptionResponse&quot;:{&quot;successful&quot;:false,&quot;errorList&quot;:[{&quot;code&quot;:&quot;2997&quot;,&quot;message&quot;:&quot;TRAQS connection/request problem&quot;,&quot;source&quot;:null,&quot;rootCause&quot;:null}],&quot;alerts&quot;:null,&quot;cxsalerts&quot;:null}}&quot;">
      <![CDATA[java.lang.AssertionError: 
Expected: a string containing "{\"successful\":true"
     but: was "{"ShipmentOptionResponse":{"successful":false,"errorList":[{"code":"2997","message":"TRAQS connection/request problem","source":null,"rootCause":null}],"alerts":null,"cxsalerts":null}}"
at org.hamcrest.MatcherAssert.assertThat(MatcherAssert.java:20)
at org.junit.Assert.assertThat(Assert.java:956)
at org.junit.Assert.assertThat(Assert.java:923)
at Test_Data_Generation.Add_Tracking_Numbers_To_User.Add_Tracking_Number(Add_Tracking_Numbers_To_User.java:69)
at sun.reflect.GeneratedMethodAccessor2.invoke(Unknown Source)
at sun.reflect.DelegatingMethodAccessorImpl.invoke(Unknown Source)
at java.lang.reflect.Method.invoke(Unknown Source)
at org.testng.internal.MethodInvocationHelper.invokeMethod(MethodInvocationHelper.java:124)
at org.testng.internal.Invoker.invokeMethod(Invoker.java:580)
at org.testng.internal.Invoker.invokeTestMethod(Invoker.java:716)
at org.testng.internal.TestMethodWithDataProviderMethodWorker.call(TestMethodWithDataProviderMethodWorker.java:71)
at org.testng.internal.TestMethodWithDataProviderMethodWorker.call(TestMethodWithDataProviderMethodWorker.java:14)
at java.util.concurrent.FutureTask.run(Unknown Source)
at java.util.concurrent.Executors$RunnableAdapter.call(Unknown Source)
at java.util.concurrent.FutureTask.run(Unknown Source)
at java.util.concurrent.ThreadPoolExecutor.runWorker(Unknown Source)
at java.util.concurrent.ThreadPoolExecutor$Worker.run(Unknown Source)
at java.lang.Thread.run(Unknown Source)
]]>
    </failure>
  </testcase> <!-- Add_Tracking_Number -->
  <testcase name="Add_Tracking_Number" time="0.529" classname="Test_Data_Generation.Add_Tracking_Numbers_To_User"/>
  <testcase name="Add_Tracking_Number" time="0.660" classname="Test_Data_Generation.Add_Tracking_Numbers_To_User"/>
  <testcase name="Add_Tracking_Number" time="0.491" classname="Test_Data_Generation.Add_Tracking_Numbers_To_User"/>
  <testcase name="Add_Tracking_Number" time="0.585" classname="Test_Data_Generation.Add_Tracking_Numbers_To_User"/>
  <testcase name="Add_Tracking_Number" time="0.504" classname="Test_Data_Generation.Add_Tracking_Numbers_To_User"/>
  <testcase name="Add_Tracking_Number" time="0.509" classname="Test_Data_Generation.Add_Tracking_Numbers_To_User"/>
  <testcase name="Add_Tracking_Number" time="0.504" classname="Test_Data_Generation.Add_Tracking_Numbers_To_User"/>
  <testcase name="Add_Tracking_Number" time="0.375" classname="Test_Data_Generation.Add_Tracking_Numbers_To_User"/>
  <testcase name="Add_Tracking_Number" time="0.600" classname="Test_Data_Generation.Add_Tracking_Numbers_To_User"/>
  <testcase name="Add_Tracking_Number" time="0.515" classname="Test_Data_Generation.Add_Tracking_Numbers_To_User"/>
  <testcase name="Add_Tracking_Number" time="0.495" classname="Test_Data_Generation.Add_Tracking_Numbers_To_User"/>
  <testcase name="Add_Tracking_Number" time="0.537" classname="Test_Data_Generation.Add_Tracking_Numbers_To_User"/>
  <testcase name="Add_Tracking_Number" time="0.551" classname="Test_Data_Generation.Add_Tracking_Numbers_To_User"/>
  <testcase name="Add_Tracking_Number" time="0.584" classname="Test_Data_Generation.Add_Tracking_Numbers_To_User"/>
  <testcase name="Add_Tracking_Number" time="0.616" classname="Test_Data_Generation.Add_Tracking_Numbers_To_User"/>
  <testcase name="Add_Tracking_Number" time="0.496" classname="Test_Data_Generation.Add_Tracking_Numbers_To_User"/>
  <testcase name="Add_Tracking_Number" time="0.498" classname="Test_Data_Generation.Add_Tracking_Numbers_To_User"/>
  <testcase name="Add_Tracking_Number" time="0.268" classname="Test_Data_Generation.Add_Tracking_Numbers_To_User"/>
  <testcase name="Add_Tracking_Number" time="0.064" classname="Test_Data_Generation.Add_Tracking_Numbers_To_User"/>
  <testcase name="Add_Tracking_Number" time="0.407" classname="Test_Data_Generation.Add_Tracking_Numbers_To_User"/>
  <testcase name="Add_Tracking_Number" time="0.595" classname="Test_Data_Generation.Add_Tracking_Numbers_To_User"/>
  <testcase name="Add_Tracking_Number" time="0.462" classname="Test_Data_Generation.Add_Tracking_Numbers_To_User"/>
  <testcase name="Add_Tracking_Number" time="0.493" classname="Test_Data_Generation.Add_Tracking_Numbers_To_User"/>
  <testcase name="Add_Tracking_Number" time="0.532" classname="Test_Data_Generation.Add_Tracking_Numbers_To_User"/>
  <testcase name="Add_Tracking_Number" time="0.758" classname="Test_Data_Generation.Add_Tracking_Numbers_To_User"/>
  <testcase name="Add_Tracking_Number" time="0.509" classname="Test_Data_Generation.Add_Tracking_Numbers_To_User"/>
  <testcase name="Add_Tracking_Number" time="0.233" classname="Test_Data_Generation.Add_Tracking_Numbers_To_User"/>
  <testcase name="Add_Tracking_Number" time="0.493" classname="Test_Data_Generation.Add_Tracking_Numbers_To_User"/>
  <testcase name="Add_Tracking_Number" time="0.590" classname="Test_Data_Generation.Add_Tracking_Numbers_To_User"/>
  <testcase name="Add_Tracking_Number" time="0.624" classname="Test_Data_Generation.Add_Tracking_Numbers_To_User"/>
  <testcase name="Add_Tracking_Number" time="0.563" classname="Test_Data_Generation.Add_Tracking_Numbers_To_User"/>
  <testcase name="Add_Tracking_Number" time="0.501" classname="Test_Data_Generation.Add_Tracking_Numbers_To_User"/>
  <testcase name="Add_Tracking_Number" time="0.565" classname="Test_Data_Generation.Add_Tracking_Numbers_To_User"/>
  <testcase name="Add_Tracking_Number" time="1.302" classname="Test_Data_Generation.Add_Tracking_Numbers_To_User"/>
  <testcase name="Add_Tracking_Number" time="0.564" classname="Test_Data_Generation.Add_Tracking_Numbers_To_User"/>
  <testcase name="Add_Tracking_Number" time="0.535" classname="Test_Data_Generation.Add_Tracking_Numbers_To_User"/>
  <testcase name="Add_Tracking_Number" time="0.474" classname="Test_Data_Generation.Add_Tracking_Numbers_To_User"/>
  <testcase name="Add_Tracking_Number" time="0.463" classname="Test_Data_Generation.Add_Tracking_Numbers_To_User"/>
  <testcase name="Add_Tracking_Number" time="0.569" classname="Test_Data_Generation.Add_Tracking_Numbers_To_User"/>
  <testcase name="Add_Tracking_Number" time="0.538" classname="Test_Data_Generation.Add_Tracking_Numbers_To_User"/>
  <testcase name="Add_Tracking_Number" time="0.536" classname="Test_Data_Generation.Add_Tracking_Numbers_To_User"/>
  <testcase name="Add_Tracking_Number" time="0.539" classname="Test_Data_Generation.Add_Tracking_Numbers_To_User"/>
  <testcase name="Add_Tracking_Number" time="0.545" classname="Test_Data_Generation.Add_Tracking_Numbers_To_User"/>
  <testcase name="Add_Tracking_Number" time="0.524" classname="Test_Data_Generation.Add_Tracking_Numbers_To_User"/>
  <testcase name="Add_Tracking_Number" time="0.586" classname="Test_Data_Generation.Add_Tracking_Numbers_To_User"/>
  <testcase name="Add_Tracking_Number" time="0.685" classname="Test_Data_Generation.Add_Tracking_Numbers_To_User"/>
  <testcase name="Add_Tracking_Number" time="0.466" classname="Test_Data_Generation.Add_Tracking_Numbers_To_User"/>
  <testcase name="Add_Tracking_Number" time="0.523" classname="Test_Data_Generation.Add_Tracking_Numbers_To_User"/>
  <testcase name="Add_Tracking_Number" time="0.640" classname="Test_Data_Generation.Add_Tracking_Numbers_To_User"/>
  <testcase name="Add_Tracking_Number" time="0.478" classname="Test_Data_Generation.Add_Tracking_Numbers_To_User"/>
  <testcase name="Add_Tracking_Number" time="0.512" classname="Test_Data_Generation.Add_Tracking_Numbers_To_User"/>
  <testcase name="Add_Tracking_Number" time="0.531" classname="Test_Data_Generation.Add_Tracking_Numbers_To_User"/>
  <testcase name="Add_Tracking_Number" time="0.744" classname="Test_Data_Generation.Add_Tracking_Numbers_To_User"/>
  <testcase name="Add_Tracking_Number" time="0.606" classname="Test_Data_Generation.Add_Tracking_Numbers_To_User"/>
  <testcase name="Add_Tracking_Number" time="0.559" classname="Test_Data_Generation.Add_Tracking_Numbers_To_User"/>
  <testcase name="Add_Tracking_Number" time="0.590" classname="Test_Data_Generation.Add_Tracking_Numbers_To_User"/>
  <testcase name="Add_Tracking_Number" time="0.458" classname="Test_Data_Generation.Add_Tracking_Numbers_To_User"/>
  <testcase name="Add_Tracking_Number" time="0.619" classname="Test_Data_Generation.Add_Tracking_Numbers_To_User"/>
  <testcase name="Add_Tracking_Number" time="0.488" classname="Test_Data_Generation.Add_Tracking_Numbers_To_User"/>
  <testcase name="Add_Tracking_Number" time="0.582" classname="Test_Data_Generation.Add_Tracking_Numbers_To_User"/>
  <testcase name="Add_Tracking_Number" time="0.484" classname="Test_Data_Generation.Add_Tracking_Numbers_To_User"/>
  <testcase name="Add_Tracking_Number" time="0.492" classname="Test_Data_Generation.Add_Tracking_Numbers_To_User"/>
  <testcase name="Add_Tracking_Number" time="0.607" classname="Test_Data_Generation.Add_Tracking_Numbers_To_User"/>
  <testcase name="Add_Tracking_Number" time="0.491" classname="Test_Data_Generation.Add_Tracking_Numbers_To_User"/>
  <testcase name="Add_Tracking_Number" time="0.512" classname="Test_Data_Generation.Add_Tracking_Numbers_To_User"/>
  <testcase name="Add_Tracking_Number" time="0.557" classname="Test_Data_Generation.Add_Tracking_Numbers_To_User"/>
  <testcase name="Add_Tracking_Number" time="0.580" classname="Test_Data_Generation.Add_Tracking_Numbers_To_User"/>
  <testcase name="Add_Tracking_Number" time="1.312" classname="Test_Data_Generation.Add_Tracking_Numbers_To_User"/>
  <testcase name="Add_Tracking_Number" time="0.500" classname="Test_Data_Generation.Add_Tracking_Numbers_To_User"/>
  <testcase name="Add_Tracking_Number" time="0.642" classname="Test_Data_Generation.Add_Tracking_Numbers_To_User"/>
  <testcase name="Add_Tracking_Number" time="0.752" classname="Test_Data_Generation.Add_Tracking_Numbers_To_User"/>
  <testcase name="Add_Tracking_Number" time="0.618" classname="Test_Data_Generation.Add_Tracking_Numbers_To_User"/>
  <testcase name="Add_Tracking_Number" time="0.565" classname="Test_Data_Generation.Add_Tracking_Numbers_To_User"/>
  <testcase name="Add_Tracking_Number" time="0.565" classname="Test_Data_Generation.Add_Tracking_Numbers_To_User"/>
  <testcase name="Add_Tracking_Number" time="0.464" classname="Test_Data_Generation.Add_Tracking_Numbers_To_User">
    <failure type="java.lang.AssertionError" message="
Expected: a string containing &quot;{\&quot;successful\&quot;:true&quot;
     but: was &quot;{&quot;ShipmentOptionResponse&quot;:{&quot;successful&quot;:false,&quot;errorList&quot;:[{&quot;code&quot;:&quot;2997&quot;,&quot;message&quot;:&quot;TRAQS connection/request problem&quot;,&quot;source&quot;:null,&quot;rootCause&quot;:null}],&quot;alerts&quot;:null,&quot;cxsalerts&quot;:null}}&quot;">
      <![CDATA[java.lang.AssertionError: 
Expected: a string containing "{\"successful\":true"
     but: was "{"ShipmentOptionResponse":{"successful":false,"errorList":[{"code":"2997","message":"TRAQS connection/request problem","source":null,"rootCause":null}],"alerts":null,"cxsalerts":null}}"
at org.hamcrest.MatcherAssert.assertThat(MatcherAssert.java:20)
at org.junit.Assert.assertThat(Assert.java:956)
at org.junit.Assert.assertThat(Assert.java:923)
at Test_Data_Generation.Add_Tracking_Numbers_To_User.Add_Tracking_Number(Add_Tracking_Numbers_To_User.java:69)
at sun.reflect.GeneratedMethodAccessor2.invoke(Unknown Source)
at sun.reflect.DelegatingMethodAccessorImpl.invoke(Unknown Source)
at java.lang.reflect.Method.invoke(Unknown Source)
at org.testng.internal.MethodInvocationHelper.invokeMethod(MethodInvocationHelper.java:124)
at org.testng.internal.Invoker.invokeMethod(Invoker.java:580)
at org.testng.internal.Invoker.invokeTestMethod(Invoker.java:716)
at org.testng.internal.TestMethodWithDataProviderMethodWorker.call(TestMethodWithDataProviderMethodWorker.java:71)
at org.testng.internal.TestMethodWithDataProviderMethodWorker.call(TestMethodWithDataProviderMethodWorker.java:14)
at java.util.concurrent.FutureTask.run(Unknown Source)
at java.util.concurrent.Executors$RunnableAdapter.call(Unknown Source)
at java.util.concurrent.FutureTask.run(Unknown Source)
at java.util.concurrent.ThreadPoolExecutor.runWorker(Unknown Source)
at java.util.concurrent.ThreadPoolExecutor$Worker.run(Unknown Source)
at java.lang.Thread.run(Unknown Source)
]]>
    </failure>
  </testcase> <!-- Add_Tracking_Number -->
  <testcase name="Add_Tracking_Number" time="0.617" classname="Test_Data_Generation.Add_Tracking_Numbers_To_User"/>
  <testcase name="Add_Tracking_Number" time="0.590" classname="Test_Data_Generation.Add_Tracking_Numbers_To_User"/>
  <testcase name="Add_Tracking_Number" time="0.531" classname="Test_Data_Generation.Add_Tracking_Numbers_To_User"/>
  <testcase name="Add_Tracking_Number" time="0.592" classname="Test_Data_Generation.Add_Tracking_Numbers_To_User"/>
  <testcase name="Add_Tracking_Number" time="0.049" classname="Test_Data_Generation.Add_Tracking_Numbers_To_User"/>
  <testcase name="Add_Tracking_Number" time="0.586" classname="Test_Data_Generation.Add_Tracking_Numbers_To_User"/>
  <testcase name="Add_Tracking_Number" time="0.543" classname="Test_Data_Generation.Add_Tracking_Numbers_To_User"/>
  <testcase name="Add_Tracking_Number" time="0.541" classname="Test_Data_Generation.Add_Tracking_Numbers_To_User"/>
  <testcase name="Add_Tracking_Number" time="0.505" classname="Test_Data_Generation.Add_Tracking_Numbers_To_User"/>
  <testcase name="Add_Tracking_Number" time="0.475" classname="Test_Data_Generation.Add_Tracking_Numbers_To_User"/>
  <testcase name="Add_Tracking_Number" time="0.484" classname="Test_Data_Generation.Add_Tracking_Numbers_To_User"/>
  <testcase name="Add_Tracking_Number" time="0.060" classname="Test_Data_Generation.Add_Tracking_Numbers_To_User"/>
  <testcase name="Add_Tracking_Number" time="0.584" classname="Test_Data_Generation.Add_Tracking_Numbers_To_User"/>
  <testcase name="Add_Tracking_Number" time="0.561" classname="Test_Data_Generation.Add_Tracking_Numbers_To_User"/>
  <testcase name="Add_Tracking_Number" time="0.553" classname="Test_Data_Generation.Add_Tracking_Numbers_To_User"/>
  <testcase name="Add_Tracking_Number" time="0.475" classname="Test_Data_Generation.Add_Tracking_Numbers_To_User"/>
  <testcase name="Add_Tracking_Number" time="0.575" classname="Test_Data_Generation.Add_Tracking_Numbers_To_User"/>
  <testcase name="Add_Tracking_Number" time="0.508" classname="Test_Data_Generation.Add_Tracking_Numbers_To_User"/>
  <testcase name="Add_Tracking_Number" time="0.587" classname="Test_Data_Generation.Add_Tracking_Numbers_To_User"/>
  <testcase name="Add_Tracking_Number" time="0.559" classname="Test_Data_Generation.Add_Tracking_Numbers_To_User"/>
  <testcase name="Add_Tracking_Number" time="0.722" classname="Test_Data_Generation.Add_Tracking_Numbers_To_User"/>
  <testcase name="Add_Tracking_Number" time="0.532" classname="Test_Data_Generation.Add_Tracking_Numbers_To_User"/>
  <testcase name="Add_Tracking_Number" time="0.545" classname="Test_Data_Generation.Add_Tracking_Numbers_To_User"/>
  <testcase name="Add_Tracking_Number" time="0.513" classname="Test_Data_Generation.Add_Tracking_Numbers_To_User"/>
  <testcase name="Add_Tracking_Number" time="0.473" classname="Test_Data_Generation.Add_Tracking_Numbers_To_User"/>
  <testcase name="Add_Tracking_Number" time="0.666" classname="Test_Data_Generation.Add_Tracking_Numbers_To_User"/>
  <testcase name="Add_Tracking_Number" time="0.541" classname="Test_Data_Generation.Add_Tracking_Numbers_To_User"/>
  <testcase name="Add_Tracking_Number" time="0.636" classname="Test_Data_Generation.Add_Tracking_Numbers_To_User"/>
  <testcase name="Add_Tracking_Number" time="0.660" classname="Test_Data_Generation.Add_Tracking_Numbers_To_User"/>
  <testcase name="Add_Tracking_Number" time="0.520" classname="Test_Data_Generation.Add_Tracking_Numbers_To_User"/>
  <testcase name="Add_Tracking_Number" time="0.442" classname="Test_Data_Generation.Add_Tracking_Numbers_To_User"/>
  <testcase name="Add_Tracking_Number" time="0.135" classname="Test_Data_Generation.Add_Tracking_Numbers_To_User"/>
  <testcase name="Add_Tracking_Number" time="0.564" classname="Test_Data_Generation.Add_Tracking_Numbers_To_User"/>
  <testcase name="Add_Tracking_Number" time="0.502" classname="Test_Data_Generation.Add_Tracking_Numbers_To_User"/>
  <testcase name="Add_Tracking_Number" time="0.632" classname="Test_Data_Generation.Add_Tracking_Numbers_To_User"/>
  <testcase name="Add_Tracking_Number" time="0.447" classname="Test_Data_Generation.Add_Tracking_Numbers_To_User"/>
  <testcase name="Add_Tracking_Number" time="0.526" classname="Test_Data_Generation.Add_Tracking_Numbers_To_User"/>
  <testcase name="Add_Tracking_Number" time="0.495" classname="Test_Data_Generation.Add_Tracking_Numbers_To_User"/>
  <testcase name="Add_Tracking_Number" time="0.454" classname="Test_Data_Generation.Add_Tracking_Numbers_To_User"/>
  <testcase name="Add_Tracking_Number" time="0.490" classname="Test_Data_Generation.Add_Tracking_Numbers_To_User"/>
  <testcase name="Add_Tracking_Number" time="0.622" classname="Test_Data_Generation.Add_Tracking_Numbers_To_User"/>
  <testcase name="Add_Tracking_Number" time="0.506" classname="Test_Data_Generation.Add_Tracking_Numbers_To_User"/>
  <testcase name="Add_Tracking_Number" time="0.550" classname="Test_Data_Generation.Add_Tracking_Numbers_To_User"/>
  <testcase name="Add_Tracking_Number" time="0.544" classname="Test_Data_Generation.Add_Tracking_Numbers_To_User"/>
  <testcase name="Add_Tracking_Number" time="0.547" classname="Test_Data_Generation.Add_Tracking_Numbers_To_User"/>
  <testcase name="Add_Tracking_Number" time="0.557" classname="Test_Data_Generation.Add_Tracking_Numbers_To_User"/>
  <testcase name="Add_Tracking_Number" time="0.653" classname="Test_Data_Generation.Add_Tracking_Numbers_To_User"/>
  <testcase name="Add_Tracking_Number" time="0.599" classname="Test_Data_Generation.Add_Tracking_Numbers_To_User"/>
  <testcase name="Add_Tracking_Number" time="0.519" classname="Test_Data_Generation.Add_Tracking_Numbers_To_User"/>
  <testcase name="Add_Tracking_Number" time="0.530" classname="Test_Data_Generation.Add_Tracking_Numbers_To_User"/>
  <testcase name="Add_Tracking_Number" time="0.545" classname="Test_Data_Generation.Add_Tracking_Numbers_To_User"/>
  <testcase name="Add_Tracking_Number" time="0.602" classname="Test_Data_Generation.Add_Tracking_Numbers_To_User"/>
  <testcase name="Add_Tracking_Number" time="0.519" classname="Test_Data_Generation.Add_Tracking_Numbers_To_User"/>
  <testcase name="Add_Tracking_Number" time="0.509" classname="Test_Data_Generation.Add_Tracking_Numbers_To_User"/>
  <testcase name="Add_Tracking_Number" time="0.461" classname="Test_Data_Generation.Add_Tracking_Numbers_To_User"/>
  <testcase name="Add_Tracking_Number" time="1.077" classname="Test_Data_Generation.Add_Tracking_Numbers_To_User"/>
  <testcase name="Add_Tracking_Number" time="0.579" classname="Test_Data_Generation.Add_Tracking_Numbers_To_User"/>
  <testcase name="Add_Tracking_Number" time="0.702" classname="Test_Data_Generation.Add_Tracking_Numbers_To_User"/>
  <testcase name="Add_Tracking_Number" time="0.569" classname="Test_Data_Generation.Add_Tracking_Numbers_To_User"/>
  <testcase name="Add_Tracking_Number" time="0.534" classname="Test_Data_Generation.Add_Tracking_Numbers_To_User"/>
  <testcase name="Add_Tracking_Number" time="0.560" classname="Test_Data_Generation.Add_Tracking_Numbers_To_User"/>
  <testcase name="Add_Tracking_Number" time="0.554" classname="Test_Data_Generation.Add_Tracking_Numbers_To_User"/>
  <testcase name="Add_Tracking_Number" time="0.511" classname="Test_Data_Generation.Add_Tracking_Numbers_To_User"/>
  <testcase name="Add_Tracking_Number" time="0.536" classname="Test_Data_Generation.Add_Tracking_Numbers_To_User"/>
  <testcase name="Add_Tracking_Number" time="0.448" classname="Test_Data_Generation.Add_Tracking_Numbers_To_User"/>
  <testcase name="Add_Tracking_Number" time="0.589" classname="Test_Data_Generation.Add_Tracking_Numbers_To_User"/>
  <testcase name="Add_Tracking_Number" time="0.698" classname="Test_Data_Generation.Add_Tracking_Numbers_To_User"/>
  <testcase name="Add_Tracking_Number" time="0.549" classname="Test_Data_Generation.Add_Tracking_Numbers_To_User"/>
  <testcase name="Add_Tracking_Number" time="0.531" classname="Test_Data_Generation.Add_Tracking_Numbers_To_User"/>
  <testcase name="Add_Tracking_Number" time="0.503" classname="Test_Data_Generation.Add_Tracking_Numbers_To_User"/>
  <testcase name="Add_Tracking_Number" time="0.812" classname="Test_Data_Generation.Add_Tracking_Numbers_To_User"/>
  <testcase name="Add_Tracking_Number" time="0.521" classname="Test_Data_Generation.Add_Tracking_Numbers_To_User"/>
  <testcase name="Add_Tracking_Number" time="0.517" classname="Test_Data_Generation.Add_Tracking_Numbers_To_User"/>
  <testcase name="Add_Tracking_Number" time="0.672" classname="Test_Data_Generation.Add_Tracking_Numbers_To_User"/>
  <testcase name="Add_Tracking_Number" time="0.437" classname="Test_Data_Generation.Add_Tracking_Numbers_To_User"/>
  <testcase name="Add_Tracking_Number" time="0.530" classname="Test_Data_Generation.Add_Tracking_Numbers_To_User"/>
  <testcase name="Add_Tracking_Number" time="0.594" classname="Test_Data_Generation.Add_Tracking_Numbers_To_User"/>
  <testcase name="Add_Tracking_Number" time="0.479" classname="Test_Data_Generation.Add_Tracking_Numbers_To_User"/>
  <testcase name="Add_Tracking_Number" time="0.058" classname="Test_Data_Generation.Add_Tracking_Numbers_To_User"/>
  <testcase name="Add_Tracking_Number" time="0.547" classname="Test_Data_Generation.Add_Tracking_Numbers_To_User"/>
  <testcase name="Add_Tracking_Number" time="0.594" classname="Test_Data_Generation.Add_Tracking_Numbers_To_User"/>
  <testcase name="Add_Tracking_Number" time="0.514" classname="Test_Data_Generation.Add_Tracking_Numbers_To_User"/>
  <testcase name="Add_Tracking_Number" time="0.575" classname="Test_Data_Generation.Add_Tracking_Numbers_To_User"/>
  <testcase name="Add_Tracking_Number" time="0.497" classname="Test_Data_Generation.Add_Tracking_Numbers_To_User"/>
  <testcase name="Add_Tracking_Number" time="0.530" classname="Test_Data_Generation.Add_Tracking_Numbers_To_User"/>
  <testcase name="Add_Tracking_Number" time="0.524" classname="Test_Data_Generation.Add_Tracking_Numbers_To_User"/>
  <testcase name="Add_Tracking_Number" time="0.579" classname="Test_Data_Generation.Add_Tracking_Numbers_To_User"/>
  <testcase name="Add_Tracking_Number" time="0.523" classname="Test_Data_Generation.Add_Tracking_Numbers_To_User"/>
  <testcase name="Add_Tracking_Number" time="0.581" classname="Test_Data_Generation.Add_Tracking_Numbers_To_User"/>
  <testcase name="Add_Tracking_Number" time="0.496" classname="Test_Data_Generation.Add_Tracking_Numbers_To_User"/>
  <testcase name="Add_Tracking_Number" time="0.560" classname="Test_Data_Generation.Add_Tracking_Numbers_To_User"/>
  <testcase name="Add_Tracking_Number" time="0.504" classname="Test_Data_Generation.Add_Tracking_Numbers_To_User"/>
  <testcase name="Add_Tracking_Number" time="0.500" classname="Test_Data_Generation.Add_Tracking_Numbers_To_User"/>
  <testcase name="Add_Tracking_Number" time="0.467" classname="Test_Data_Generation.Add_Tracking_Numbers_To_User"/>
  <testcase name="Add_Tracking_Number" time="0.530" classname="Test_Data_Generation.Add_Tracking_Numbers_To_User"/>
  <testcase name="Add_Tracking_Number" time="0.492" classname="Test_Data_Generation.Add_Tracking_Numbers_To_User"/>
  <testcase name="Add_Tracking_Number" time="0.559" classname="Test_Data_Generation.Add_Tracking_Numbers_To_User"/>
  <testcase name="Add_Tracking_Number" time="0.473" classname="Test_Data_Generation.Add_Tracking_Numbers_To_User"/>
  <testcase name="Add_Tracking_Number" time="1.017" classname="Test_Data_Generation.Add_Tracking_Numbers_To_User"/>
  <testcase name="Add_Tracking_Number" time="0.460" classname="Test_Data_Generation.Add_Tracking_Numbers_To_User"/>
  <testcase name="Add_Tracking_Number" time="0.600" classname="Test_Data_Generation.Add_Tracking_Numbers_To_User"/>
  <testcase name="Add_Tracking_Number" time="0.342" classname="Test_Data_Generation.Add_Tracking_Numbers_To_User"/>
  <testcase name="Add_Tracking_Number" time="0.496" classname="Test_Data_Generation.Add_Tracking_Numbers_To_User"/>
  <testcase name="Add_Tracking_Number" time="0.600" classname="Test_Data_Generation.Add_Tracking_Numbers_To_User"/>
  <testcase name="Add_Tracking_Number" time="0.542" classname="Test_Data_Generation.Add_Tracking_Numbers_To_User"/>
  <testcase name="Add_Tracking_Number" time="0.511" classname="Test_Data_Generation.Add_Tracking_Numbers_To_User"/>
  <testcase name="Add_Tracking_Number" time="0.550" classname="Test_Data_Generation.Add_Tracking_Numbers_To_User"/>
  <testcase name="Add_Tracking_Number" time="0.583" classname="Test_Data_Generation.Add_Tracking_Numbers_To_User"/>
  <testcase name="Add_Tracking_Number" time="0.738" classname="Test_Data_Generation.Add_Tracking_Numbers_To_User"/>
  <testcase name="Add_Tracking_Number" time="0.731" classname="Test_Data_Generation.Add_Tracking_Numbers_To_User"/>
  <testcase name="Add_Tracking_Number" time="0.486" classname="Test_Data_Generation.Add_Tracking_Numbers_To_User"/>
  <testcase name="Add_Tracking_Number" time="0.578" classname="Test_Data_Generation.Add_Tracking_Numbers_To_User"/>
  <testcase name="Add_Tracking_Number" time="0.621" classname="Test_Data_Generation.Add_Tracking_Numbers_To_User"/>
  <testcase name="Add_Tracking_Number" time="0.561" classname="Test_Data_Generation.Add_Tracking_Numbers_To_User"/>
  <testcase name="Add_Tracking_Number" time="0.510" classname="Test_Data_Generation.Add_Tracking_Numbers_To_User"/>
  <testcase name="Add_Tracking_Number" time="0.509" classname="Test_Data_Generation.Add_Tracking_Numbers_To_User"/>
  <testcase name="Add_Tracking_Number" time="0.542" classname="Test_Data_Generation.Add_Tracking_Numbers_To_User"/>
  <testcase name="Add_Tracking_Number" time="0.595" classname="Test_Data_Generation.Add_Tracking_Numbers_To_User"/>
  <testcase name="Add_Tracking_Number" time="0.676" classname="Test_Data_Generation.Add_Tracking_Numbers_To_User"/>
  <testcase name="Add_Tracking_Number" time="0.585" classname="Test_Data_Generation.Add_Tracking_Numbers_To_User"/>
  <testcase name="Add_Tracking_Number" time="0.558" classname="Test_Data_Generation.Add_Tracking_Numbers_To_User"/>
  <testcase name="Add_Tracking_Number" time="0.562" classname="Test_Data_Generation.Add_Tracking_Numbers_To_User"/>
  <testcase name="Add_Tracking_Number" time="0.550" classname="Test_Data_Generation.Add_Tracking_Numbers_To_User"/>
  <testcase name="Add_Tracking_Number" time="0.781" classname="Test_Data_Generation.Add_Tracking_Numbers_To_User"/>
  <testcase name="Add_Tracking_Number" time="0.758" classname="Test_Data_Generation.Add_Tracking_Numbers_To_User"/>
  <testcase name="Add_Tracking_Number" time="0.529" classname="Test_Data_Generation.Add_Tracking_Numbers_To_User"/>
  <testcase name="Add_Tracking_Number" time="0.533" classname="Test_Data_Generation.Add_Tracking_Numbers_To_User"/>
  <testcase name="Add_Tracking_Number" time="0.655" classname="Test_Data_Generation.Add_Tracking_Numbers_To_User"/>
  <testcase name="Add_Tracking_Number" time="0.501" classname="Test_Data_Generation.Add_Tracking_Numbers_To_User"/>
  <testcase name="Add_Tracking_Number" time="0.677" classname="Test_Data_Generation.Add_Tracking_Numbers_To_User"/>
  <testcase name="Add_Tracking_Number" time="0.624" classname="Test_Data_Generation.Add_Tracking_Numbers_To_User"/>
  <testcase name="Add_Tracking_Number" time="0.541" classname="Test_Data_Generation.Add_Tracking_Numbers_To_User"/>
  <testcase name="Add_Tracking_Number" time="0.491" classname="Test_Data_Generation.Add_Tracking_Numbers_To_User"/>
  <testcase name="Add_Tracking_Number" time="0.083" classname="Test_Data_Generation.Add_Tracking_Numbers_To_User"/>
  <testcase name="Add_Tracking_Number" time="0.600" classname="Test_Data_Generation.Add_Tracking_Numbers_To_User"/>
  <testcase name="Add_Tracking_Number" time="0.472" classname="Test_Data_Generation.Add_Tracking_Numbers_To_User"/>
  <testcase name="Add_Tracking_Number" time="0.537" classname="Test_Data_Generation.Add_Tracking_Numbers_To_User"/>
  <testcase name="Add_Tracking_Number" time="0.578" classname="Test_Data_Generation.Add_Tracking_Numbers_To_User"/>
  <testcase name="Add_Tracking_Number" time="0.543" classname="Test_Data_Generation.Add_Tracking_Numbers_To_User"/>
  <testcase name="Add_Tracking_Number" time="0.505" classname="Test_Data_Generation.Add_Tracking_Numbers_To_User"/>
  <testcase name="Add_Tracking_Number" time="0.472" classname="Test_Data_Generation.Add_Tracking_Numbers_To_User"/>
  <testcase name="Add_Tracking_Number" time="0.574" classname="Test_Data_Generation.Add_Tracking_Numbers_To_User"/>
  <testcase name="Add_Tracking_Number" time="0.465" classname="Test_Data_Generation.Add_Tracking_Numbers_To_User"/>
  <testcase name="Add_Tracking_Number" time="0.504" classname="Test_Data_Generation.Add_Tracking_Numbers_To_User"/>
  <testcase name="Add_Tracking_Number" time="0.555" classname="Test_Data_Generation.Add_Tracking_Numbers_To_User"/>
  <testcase name="Add_Tracking_Number" time="0.520" classname="Test_Data_Generation.Add_Tracking_Numbers_To_User"/>
  <testcase name="Add_Tracking_Number" time="0.557" classname="Test_Data_Generation.Add_Tracking_Numbers_To_User"/>
  <testcase name="Add_Tracking_Number" time="0.601" classname="Test_Data_Generation.Add_Tracking_Numbers_To_User"/>
  <testcase name="Add_Tracking_Number" time="0.542" classname="Test_Data_Generation.Add_Tracking_Numbers_To_User"/>
  <testcase name="Add_Tracking_Number" time="0.506" classname="Test_Data_Generation.Add_Tracking_Numbers_To_User"/>
  <testcase name="Add_Tracking_Number" time="0.973" classname="Test_Data_Generation.Add_Tracking_Numbers_To_User"/>
  <testcase name="Add_Tracking_Number" time="0.562" classname="Test_Data_Generation.Add_Tracking_Numbers_To_User"/>
  <testcase name="Add_Tracking_Number" time="0.468" classname="Test_Data_Generation.Add_Tracking_Numbers_To_User"/>
  <testcase name="Add_Tracking_Number" time="0.510" classname="Test_Data_Generation.Add_Tracking_Numbers_To_User"/>
  <testcase name="Add_Tracking_Number" time="0.477" classname="Test_Data_Generation.Add_Tracking_Numbers_To_User"/>
  <testcase name="Add_Tracking_Number" time="0.747" classname="Test_Data_Generation.Add_Tracking_Numbers_To_User"/>
  <testcase name="Add_Tracking_Number" time="0.489" classname="Test_Data_Generation.Add_Tracking_Numbers_To_User"/>
  <testcase name="Add_Tracking_Number" time="0.662" classname="Test_Data_Generation.Add_Tracking_Numbers_To_User"/>
  <testcase name="Add_Tracking_Number" time="0.119" classname="Test_Data_Generation.Add_Tracking_Numbers_To_User"/>
  <testcase name="Add_Tracking_Number" time="0.800" classname="Test_Data_Generation.Add_Tracking_Numbers_To_User"/>
  <testcase name="Add_Tracking_Number" time="0.536" classname="Test_Data_Generation.Add_Tracking_Numbers_To_User"/>
  <testcase name="Add_Tracking_Number" time="4.191" classname="Test_Data_Generation.Add_Tracking_Numbers_To_User"/>
  <testcase name="Add_Tracking_Number" time="0.495" classname="Test_Data_Generation.Add_Tracking_Numbers_To_User"/>
  <testcase name="Add_Tracking_Number" time="0.538" classname="Test_Data_Generation.Add_Tracking_Numbers_To_User"/>
  <testcase name="Add_Tracking_Number" time="0.552" classname="Test_Data_Generation.Add_Tracking_Numbers_To_User"/>
  <testcase name="Add_Tracking_Number" time="0.622" classname="Test_Data_Generation.Add_Tracking_Numbers_To_User"/>
  <testcase name="Add_Tracking_Number" time="0.543" classname="Test_Data_Generation.Add_Tracking_Numbers_To_User"/>
  <testcase name="Add_Tracking_Number" time="0.745" classname="Test_Data_Generation.Add_Tracking_Numbers_To_User"/>
  <testcase name="Add_Tracking_Number" time="0.558" classname="Test_Data_Generation.Add_Tracking_Numbers_To_User"/>
  <testcase name="Add_Tracking_Number" time="0.697" classname="Test_Data_Generation.Add_Tracking_Numbers_To_User"/>
  <testcase name="Add_Tracking_Number" time="0.586" classname="Test_Data_Generation.Add_Tracking_Numbers_To_User"/>
  <testcase name="Add_Tracking_Number" time="0.595" classname="Test_Data_Generation.Add_Tracking_Numbers_To_User"/>
  <testcase name="Add_Tracking_Number" time="0.573" classname="Test_Data_Generation.Add_Tracking_Numbers_To_User"/>
  <testcase name="Add_Tracking_Number" time="0.536" classname="Test_Data_Generation.Add_Tracking_Numbers_To_User"/>
  <testcase name="Add_Tracking_Number" time="0.588" classname="Test_Data_Generation.Add_Tracking_Numbers_To_User"/>
  <testcase name="Add_Tracking_Number" time="0.520" classname="Test_Data_Generation.Add_Tracking_Numbers_To_User"/>
  <testcase name="Add_Tracking_Number" time="0.543" classname="Test_Data_Generation.Add_Tracking_Numbers_To_User"/>
  <testcase name="Add_Tracking_Number" time="0.549" classname="Test_Data_Generation.Add_Tracking_Numbers_To_User"/>
  <testcase name="Add_Tracking_Number" time="0.636" classname="Test_Data_Generation.Add_Tracking_Numbers_To_User"/>
  <testcase name="Add_Tracking_Number" time="0.640" classname="Test_Data_Generation.Add_Tracking_Numbers_To_User"/>
  <testcase name="Add_Tracking_Number" time="0.514" classname="Test_Data_Generation.Add_Tracking_Numbers_To_User"/>
  <testcase name="Add_Tracking_Number" time="0.535" classname="Test_Data_Generation.Add_Tracking_Numbers_To_User"/>
  <testcase name="Add_Tracking_Number" time="0.519" classname="Test_Data_Generation.Add_Tracking_Numbers_To_User"/>
  <testcase name="Add_Tracking_Number" time="0.107" classname="Test_Data_Generation.Add_Tracking_Numbers_To_User"/>
  <testcase name="Add_Tracking_Number" time="0.585" classname="Test_Data_Generation.Add_Tracking_Numbers_To_User"/>
  <testcase name="Add_Tracking_Number" time="0.613" classname="Test_Data_Generation.Add_Tracking_Numbers_To_User"/>
  <testcase name="Add_Tracking_Number" time="0.583" classname="Test_Data_Generation.Add_Tracking_Numbers_To_User"/>
  <testcase name="Add_Tracking_Number" time="0.561" classname="Test_Data_Generation.Add_Tracking_Numbers_To_User"/>
  <testcase name="Add_Tracking_Number" time="0.601" classname="Test_Data_Generation.Add_Tracking_Numbers_To_User"/>
  <testcase name="Add_Tracking_Number" time="0.341" classname="Test_Data_Generation.Add_Tracking_Numbers_To_User"/>
  <testcase name="Add_Tracking_Number" time="0.597" classname="Test_Data_Generation.Add_Tracking_Numbers_To_User"/>
  <testcase name="Add_Tracking_Number" time="0.548" classname="Test_Data_Generation.Add_Tracking_Numbers_To_User"/>
  <testcase name="Add_Tracking_Number" time="0.506" classname="Test_Data_Generation.Add_Tracking_Numbers_To_User"/>
  <testcase name="Add_Tracking_Number" time="0.570" classname="Test_Data_Generation.Add_Tracking_Numbers_To_User"/>
  <testcase name="Add_Tracking_Number" time="0.465" classname="Test_Data_Generation.Add_Tracking_Numbers_To_User"/>
  <testcase name="Add_Tracking_Number" time="0.639" classname="Test_Data_Generation.Add_Tracking_Numbers_To_User"/>
  <testcase name="Add_Tracking_Number" time="0.568" classname="Test_Data_Generation.Add_Tracking_Numbers_To_User"/>
  <testcase name="Add_Tracking_Number" time="0.551" classname="Test_Data_Generation.Add_Tracking_Numbers_To_User"/>
  <testcase name="Add_Tracking_Number" time="0.465" classname="Test_Data_Generation.Add_Tracking_Numbers_To_User"/>
  <testcase name="Add_Tracking_Number" time="0.559" classname="Test_Data_Generation.Add_Tracking_Numbers_To_User"/>
  <testcase name="Add_Tracking_Number" time="0.608" classname="Test_Data_Generation.Add_Tracking_Numbers_To_User"/>
  <testcase name="Add_Tracking_Number" time="0.459" classname="Test_Data_Generation.Add_Tracking_Numbers_To_User"/>
  <testcase name="Add_Tracking_Number" time="0.516" classname="Test_Data_Generation.Add_Tracking_Numbers_To_User"/>
  <testcase name="Add_Tracking_Number" time="0.533" classname="Test_Data_Generation.Add_Tracking_Numbers_To_User"/>
  <testcase name="Add_Tracking_Number" time="0.785" classname="Test_Data_Generation.Add_Tracking_Numbers_To_User"/>
  <testcase name="Add_Tracking_Number" time="0.510" classname="Test_Data_Generation.Add_Tracking_Numbers_To_User"/>
  <testcase name="Add_Tracking_Number" time="0.573" classname="Test_Data_Generation.Add_Tracking_Numbers_To_User"/>
  <testcase name="Add_Tracking_Number" time="0.524" classname="Test_Data_Generation.Add_Tracking_Numbers_To_User"/>
  <testcase name="Add_Tracking_Number" time="0.502" classname="Test_Data_Generation.Add_Tracking_Numbers_To_User"/>
  <testcase name="Add_Tracking_Number" time="0.708" classname="Test_Data_Generation.Add_Tracking_Numbers_To_User"/>
  <testcase name="Add_Tracking_Number" time="0.715" classname="Test_Data_Generation.Add_Tracking_Numbers_To_User"/>
  <testcase name="Add_Tracking_Number" time="0.478" classname="Test_Data_Generation.Add_Tracking_Numbers_To_User"/>
  <testcase name="Add_Tracking_Number" time="0.622" classname="Test_Data_Generation.Add_Tracking_Numbers_To_User"/>
  <testcase name="Add_Tracking_Number" time="0.521" classname="Test_Data_Generation.Add_Tracking_Numbers_To_User"/>
  <testcase name="Add_Tracking_Number" time="0.524" classname="Test_Data_Generation.Add_Tracking_Numbers_To_User"/>
  <testcase name="Add_Tracking_Number" time="0.514" classname="Test_Data_Generation.Add_Tracking_Numbers_To_User"/>
  <testcase name="Add_Tracking_Number" time="0.534" classname="Test_Data_Generation.Add_Tracking_Numbers_To_User"/>
  <testcase name="Add_Tracking_Number" time="0.579" classname="Test_Data_Generation.Add_Tracking_Numbers_To_User"/>
  <testcase name="Add_Tracking_Number" time="0.523" classname="Test_Data_Generation.Add_Tracking_Numbers_To_User"/>
  <testcase name="Add_Tracking_Number" time="0.544" classname="Test_Data_Generation.Add_Tracking_Numbers_To_User"/>
  <testcase name="Add_Tracking_Number" time="0.616" classname="Test_Data_Generation.Add_Tracking_Numbers_To_User"/>
  <testcase name="Add_Tracking_Number" time="0.588" classname="Test_Data_Generation.Add_Tracking_Numbers_To_User"/>
  <testcase name="Add_Tracking_Number" time="0.623" classname="Test_Data_Generation.Add_Tracking_Numbers_To_User"/>
  <testcase name="Add_Tracking_Number" time="0.490" classname="Test_Data_Generation.Add_Tracking_Numbers_To_User"/>
  <testcase name="Add_Tracking_Number" time="0.535" classname="Test_Data_Generation.Add_Tracking_Numbers_To_User"/>
  <testcase name="Add_Tracking_Number" time="0.424" classname="Test_Data_Generation.Add_Tracking_Numbers_To_User"/>
  <testcase name="Add_Tracking_Number" time="0.597" classname="Test_Data_Generation.Add_Tracking_Numbers_To_User"/>
  <testcase name="Add_Tracking_Number" time="0.522" classname="Test_Data_Generation.Add_Tracking_Numbers_To_User"/>
  <testcase name="Add_Tracking_Number" time="0.421" classname="Test_Data_Generation.Add_Tracking_Numbers_To_User"/>
  <testcase name="Add_Tracking_Number" time="0.492" classname="Test_Data_Generation.Add_Tracking_Numbers_To_User"/>
  <testcase name="Add_Tracking_Number" time="0.802" classname="Test_Data_Generation.Add_Tracking_Numbers_To_User"/>
  <testcase name="Add_Tracking_Number" time="0.601" classname="Test_Data_Generation.Add_Tracking_Numbers_To_User"/>
  <testcase name="Add_Tracking_Number" time="0.600" classname="Test_Data_Generation.Add_Tracking_Numbers_To_User"/>
  <testcase name="Add_Tracking_Number" time="0.053" classname="Test_Data_Generation.Add_Tracking_Numbers_To_User"/>
  <testcase name="Add_Tracking_Number" time="0.501" classname="Test_Data_Generation.Add_Tracking_Numbers_To_User"/>
  <testcase name="Add_Tracking_Number" time="0.355" classname="Test_Data_Generation.Add_Tracking_Numbers_To_User"/>
  <testcase name="Add_Tracking_Number" time="0.575" classname="Test_Data_Generation.Add_Tracking_Numbers_To_User"/>
  <testcase name="Add_Tracking_Number" time="0.545" classname="Test_Data_Generation.Add_Tracking_Numbers_To_User"/>
  <testcase name="Add_Tracking_Number" time="0.488" classname="Test_Data_Generation.Add_Tracking_Numbers_To_User"/>
  <testcase name="Add_Tracking_Number" time="0.490" classname="Test_Data_Generation.Add_Tracking_Numbers_To_User"/>
  <testcase name="Add_Tracking_Number" time="0.580" classname="Test_Data_Generation.Add_Tracking_Numbers_To_User"/>
  <testcase name="Add_Tracking_Number" time="0.487" classname="Test_Data_Generation.Add_Tracking_Numbers_To_User"/>
  <testcase name="Add_Tracking_Number" time="0.594" classname="Test_Data_Generation.Add_Tracking_Numbers_To_User"/>
  <testcase name="Add_Tracking_Number" time="0.546" classname="Test_Data_Generation.Add_Tracking_Numbers_To_User"/>
  <testcase name="Add_Tracking_Number" time="0.537" classname="Test_Data_Generation.Add_Tracking_Numbers_To_User"/>
  <testcase name="Add_Tracking_Number" time="0.497" classname="Test_Data_Generation.Add_Tracking_Numbers_To_User"/>
  <testcase name="Add_Tracking_Number" time="0.538" classname="Test_Data_Generation.Add_Tracking_Numbers_To_User"/>
  <testcase name="Add_Tracking_Number" time="0.546" classname="Test_Data_Generation.Add_Tracking_Numbers_To_User"/>
  <testcase name="Add_Tracking_Number" time="0.530" classname="Test_Data_Generation.Add_Tracking_Numbers_To_User"/>
  <testcase name="Add_Tracking_Number" time="0.495" classname="Test_Data_Generation.Add_Tracking_Numbers_To_User"/>
  <testcase name="Add_Tracking_Number" time="0.577" classname="Test_Data_Generation.Add_Tracking_Numbers_To_User"/>
  <testcase name="Add_Tracking_Number" time="0.557" classname="Test_Data_Generation.Add_Tracking_Numbers_To_User"/>
  <testcase name="Add_Tracking_Number" time="0.541" classname="Test_Data_Generation.Add_Tracking_Numbers_To_User"/>
  <testcase name="Add_Tracking_Number" time="0.538" classname="Test_Data_Generation.Add_Tracking_Numbers_To_User"/>
  <testcase name="Add_Tracking_Number" time="0.595" classname="Test_Data_Generation.Add_Tracking_Numbers_To_User"/>
  <testcase name="Add_Tracking_Number" time="0.655" classname="Test_Data_Generation.Add_Tracking_Numbers_To_User"/>
  <testcase name="Add_Tracking_Number" time="0.579" classname="Test_Data_Generation.Add_Tracking_Numbers_To_User"/>
  <testcase name="Add_Tracking_Number" time="0.484" classname="Test_Data_Generation.Add_Tracking_Numbers_To_User"/>
  <testcase name="Add_Tracking_Number" time="0.498" classname="Test_Data_Generation.Add_Tracking_Numbers_To_User"/>
  <testcase name="Add_Tracking_Number" time="0.642" classname="Test_Data_Generation.Add_Tracking_Numbers_To_User"/>
  <testcase name="Add_Tracking_Number" time="0.584" classname="Test_Data_Generation.Add_Tracking_Numbers_To_User"/>
  <testcase name="Add_Tracking_Number" time="0.493" classname="Test_Data_Generation.Add_Tracking_Numbers_To_User"/>
  <testcase name="Add_Tracking_Number" time="0.551" classname="Test_Data_Generation.Add_Tracking_Numbers_To_User"/>
  <testcase name="Add_Tracking_Number" time="0.564" classname="Test_Data_Generation.Add_Tracking_Numbers_To_User"/>
  <testcase name="Add_Tracking_Number" time="0.661" classname="Test_Data_Generation.Add_Tracking_Numbers_To_User"/>
  <testcase name="Add_Tracking_Number" time="0.557" classname="Test_Data_Generation.Add_Tracking_Numbers_To_User"/>
  <testcase name="Add_Tracking_Number" time="0.575" classname="Test_Data_Generation.Add_Tracking_Numbers_To_User"/>
  <testcase name="Add_Tracking_Number" time="0.548" classname="Test_Data_Generation.Add_Tracking_Numbers_To_User"/>
  <testcase name="Add_Tracking_Number" time="0.664" classname="Test_Data_Generation.Add_Tracking_Numbers_To_User"/>
  <testcase name="Add_Tracking_Number" time="0.480" classname="Test_Data_Generation.Add_Tracking_Numbers_To_User"/>
  <testcase name="Add_Tracking_Number" time="0.676" classname="Test_Data_Generation.Add_Tracking_Numbers_To_User"/>
  <testcase name="Add_Tracking_Number" time="0.614" classname="Test_Data_Generation.Add_Tracking_Numbers_To_User"/>
  <testcase name="Add_Tracking_Number" time="0.480" classname="Test_Data_Generation.Add_Tracking_Numbers_To_User"/>
  <testcase name="Add_Tracking_Number" time="0.486" classname="Test_Data_Generation.Add_Tracking_Numbers_To_User"/>
  <testcase name="Add_Tracking_Number" time="0.589" classname="Test_Data_Generation.Add_Tracking_Numbers_To_User"/>
  <testcase name="Add_Tracking_Number" time="0.664" classname="Test_Data_Generation.Add_Tracking_Numbers_To_User"/>
  <testcase name="Add_Tracking_Number" time="0.528" classname="Test_Data_Generation.Add_Tracking_Numbers_To_User"/>
  <testcase name="Add_Tracking_Number" time="0.519" classname="Test_Data_Generation.Add_Tracking_Numbers_To_User"/>
  <testcase name="Add_Tracking_Number" time="0.608" classname="Test_Data_Generation.Add_Tracking_Numbers_To_User"/>
  <testcase name="Add_Tracking_Number" time="0.503" classname="Test_Data_Generation.Add_Tracking_Numbers_To_User"/>
  <testcase name="Add_Tracking_Number" time="0.519" classname="Test_Data_Generation.Add_Tracking_Numbers_To_User"/>
  <testcase name="Add_Tracking_Number" time="0.500" classname="Test_Data_Generation.Add_Tracking_Numbers_To_User"/>
  <testcase name="Add_Tracking_Number" time="0.786" classname="Test_Data_Generation.Add_Tracking_Numbers_To_User"/>
  <testcase name="Add_Tracking_Number" time="0.502" classname="Test_Data_Generation.Add_Tracking_Numbers_To_User"/>
  <testcase name="Add_Tracking_Number" time="0.808" classname="Test_Data_Generation.Add_Tracking_Numbers_To_User"/>
  <testcase name="Add_Tracking_Number" time="0.530" classname="Test_Data_Generation.Add_Tracking_Numbers_To_User"/>
  <testcase name="Add_Tracking_Number" time="0.550" classname="Test_Data_Generation.Add_Tracking_Numbers_To_User"/>
  <testcase name="Add_Tracking_Number" time="0.807" classname="Test_Data_Generation.Add_Tracking_Numbers_To_User"/>
  <testcase name="Add_Tracking_Number" time="0.455" classname="Test_Data_Generation.Add_Tracking_Numbers_To_User"/>
  <testcase name="Add_Tracking_Number" time="0.480" classname="Test_Data_Generation.Add_Tracking_Numbers_To_User"/>
  <testcase name="Add_Tracking_Number" time="0.558" classname="Test_Data_Generation.Add_Tracking_Numbers_To_User"/>
  <testcase name="Add_Tracking_Number" time="0.540" classname="Test_Data_Generation.Add_Tracking_Numbers_To_User"/>
  <testcase name="Add_Tracking_Number" time="0.583" classname="Test_Data_Generation.Add_Tracking_Numbers_To_User"/>
  <testcase name="Add_Tracking_Number" time="0.465" classname="Test_Data_Generation.Add_Tracking_Numbers_To_User"/>
  <testcase name="Add_Tracking_Number" time="0.529" classname="Test_Data_Generation.Add_Tracking_Numbers_To_User"/>
  <testcase name="Add_Tracking_Number" time="0.056" classname="Test_Data_Generation.Add_Tracking_Numbers_To_User"/>
  <testcase name="Add_Tracking_Number" time="0.420" classname="Test_Data_Generation.Add_Tracking_Numbers_To_User"/>
  <testcase name="Add_Tracking_Number" time="0.519" classname="Test_Data_Generation.Add_Tracking_Numbers_To_User"/>
  <testcase name="Add_Tracking_Number" time="0.568" classname="Test_Data_Generation.Add_Tracking_Numbers_To_User"/>
  <testcase name="Add_Tracking_Number" time="0.586" classname="Test_Data_Generation.Add_Tracking_Numbers_To_User"/>
  <testcase name="Add_Tracking_Number" time="0.681" classname="Test_Data_Generation.Add_Tracking_Numbers_To_User"/>
  <testcase name="Add_Tracking_Number" time="0.521" classname="Test_Data_Generation.Add_Tracking_Numbers_To_User"/>
  <testcase name="Add_Tracking_Number" time="0.586" classname="Test_Data_Generation.Add_Tracking_Numbers_To_User"/>
  <testcase name="Add_Tracking_Number" time="0.484" classname="Test_Data_Generation.Add_Tracking_Numbers_To_User"/>
  <testcase name="Add_Tracking_Number" time="0.591" classname="Test_Data_Generation.Add_Tracking_Numbers_To_User"/>
  <testcase name="Add_Tracking_Number" time="1.065" classname="Test_Data_Generation.Add_Tracking_Numbers_To_User"/>
  <testcase name="Add_Tracking_Number" time="0.538" classname="Test_Data_Generation.Add_Tracking_Numbers_To_User"/>
  <testcase name="Add_Tracking_Number" time="0.528" classname="Test_Data_Generation.Add_Tracking_Numbers_To_User"/>
  <testcase name="Add_Tracking_Number" time="0.737" classname="Test_Data_Generation.Add_Tracking_Numbers_To_User"/>
  <testcase name="Add_Tracking_Number" time="0.614" classname="Test_Data_Generation.Add_Tracking_Numbers_To_User"/>
  <testcase name="Add_Tracking_Number" time="0.482" classname="Test_Data_Generation.Add_Tracking_Numbers_To_User"/>
  <testcase name="Add_Tracking_Number" time="0.499" classname="Test_Data_Generation.Add_Tracking_Numbers_To_User"/>
  <testcase name="Add_Tracking_Number" time="0.435" classname="Test_Data_Generation.Add_Tracking_Numbers_To_User"/>
  <testcase name="Add_Tracking_Number" time="0.566" classname="Test_Data_Generation.Add_Tracking_Numbers_To_User"/>
  <testcase name="Add_Tracking_Number" time="0.491" classname="Test_Data_Generation.Add_Tracking_Numbers_To_User"/>
  <testcase name="Add_Tracking_Number" time="0.526" classname="Test_Data_Generation.Add_Tracking_Numbers_To_User"/>
  <testcase name="Add_Tracking_Number" time="0.577" classname="Test_Data_Generation.Add_Tracking_Numbers_To_User"/>
  <testcase name="Add_Tracking_Number" time="0.537" classname="Test_Data_Generation.Add_Tracking_Numbers_To_User"/>
  <testcase name="Add_Tracking_Number" time="1.068" classname="Test_Data_Generation.Add_Tracking_Numbers_To_User">
    <failure type="java.lang.AssertionError" message="
Expected: a string containing &quot;{\&quot;successful\&quot;:true&quot;
     but: was &quot;{&quot;ShipmentOptionResponse&quot;:{&quot;successful&quot;:false,&quot;errorList&quot;:[{&quot;code&quot;:&quot;2997&quot;,&quot;message&quot;:&quot;TRAQS connection/request problem&quot;,&quot;source&quot;:null,&quot;rootCause&quot;:null}],&quot;alerts&quot;:null,&quot;cxsalerts&quot;:null}}&quot;">
      <![CDATA[java.lang.AssertionError: 
Expected: a string containing "{\"successful\":true"
     but: was "{"ShipmentOptionResponse":{"successful":false,"errorList":[{"code":"2997","message":"TRAQS connection/request problem","source":null,"rootCause":null}],"alerts":null,"cxsalerts":null}}"
at org.hamcrest.MatcherAssert.assertThat(MatcherAssert.java:20)
at org.junit.Assert.assertThat(Assert.java:956)
at org.junit.Assert.assertThat(Assert.java:923)
at Test_Data_Generation.Add_Tracking_Numbers_To_User.Add_Tracking_Number(Add_Tracking_Numbers_To_User.java:69)
at sun.reflect.GeneratedMethodAccessor2.invoke(Unknown Source)
at sun.reflect.DelegatingMethodAccessorImpl.invoke(Unknown Source)
at java.lang.reflect.Method.invoke(Unknown Source)
at org.testng.internal.MethodInvocationHelper.invokeMethod(MethodInvocationHelper.java:124)
at org.testng.internal.Invoker.invokeMethod(Invoker.java:580)
at org.testng.internal.Invoker.invokeTestMethod(Invoker.java:716)
at org.testng.internal.TestMethodWithDataProviderMethodWorker.call(TestMethodWithDataProviderMethodWorker.java:71)
at org.testng.internal.TestMethodWithDataProviderMethodWorker.call(TestMethodWithDataProviderMethodWorker.java:14)
at java.util.concurrent.FutureTask.run(Unknown Source)
at java.util.concurrent.Executors$RunnableAdapter.call(Unknown Source)
at java.util.concurrent.FutureTask.run(Unknown Source)
at java.util.concurrent.ThreadPoolExecutor.runWorker(Unknown Source)
at java.util.concurrent.ThreadPoolExecutor$Worker.run(Unknown Source)
at java.lang.Thread.run(Unknown Source)
]]>
    </failure>
  </testcase> <!-- Add_Tracking_Number -->
  <testcase name="Add_Tracking_Number" time="0.593" classname="Test_Data_Generation.Add_Tracking_Numbers_To_User"/>
  <testcase name="Add_Tracking_Number" time="0.528" classname="Test_Data_Generation.Add_Tracking_Numbers_To_User"/>
  <testcase name="Add_Tracking_Number" time="0.593" classname="Test_Data_Generation.Add_Tracking_Numbers_To_User"/>
  <testcase name="Add_Tracking_Number" time="0.561" classname="Test_Data_Generation.Add_Tracking_Numbers_To_User"/>
  <testcase name="Add_Tracking_Number" time="0.589" classname="Test_Data_Generation.Add_Tracking_Numbers_To_User"/>
  <testcase name="Add_Tracking_Number" time="0.568" classname="Test_Data_Generation.Add_Tracking_Numbers_To_User"/>
  <testcase name="Add_Tracking_Number" time="0.687" classname="Test_Data_Generation.Add_Tracking_Numbers_To_User"/>
  <testcase name="Add_Tracking_Number" time="0.482" classname="Test_Data_Generation.Add_Tracking_Numbers_To_User"/>
  <testcase name="Add_Tracking_Number" time="0.441" classname="Test_Data_Generation.Add_Tracking_Numbers_To_User"/>
  <testcase name="Add_Tracking_Number" time="0.475" classname="Test_Data_Generation.Add_Tracking_Numbers_To_User"/>
  <testcase name="Add_Tracking_Number" time="0.495" classname="Test_Data_Generation.Add_Tracking_Numbers_To_User"/>
  <testcase name="Add_Tracking_Number" time="0.610" classname="Test_Data_Generation.Add_Tracking_Numbers_To_User"/>
  <testcase name="Add_Tracking_Number" time="0.548" classname="Test_Data_Generation.Add_Tracking_Numbers_To_User"/>
  <testcase name="Add_Tracking_Number" time="0.519" classname="Test_Data_Generation.Add_Tracking_Numbers_To_User"/>
  <testcase name="Add_Tracking_Number" time="0.660" classname="Test_Data_Generation.Add_Tracking_Numbers_To_User"/>
  <testcase name="Add_Tracking_Number" time="0.692" classname="Test_Data_Generation.Add_Tracking_Numbers_To_User"/>
  <testcase name="Add_Tracking_Number" time="0.522" classname="Test_Data_Generation.Add_Tracking_Numbers_To_User"/>
  <testcase name="Add_Tracking_Number" time="0.584" classname="Test_Data_Generation.Add_Tracking_Numbers_To_User"/>
  <testcase name="Add_Tracking_Number" time="0.545" classname="Test_Data_Generation.Add_Tracking_Numbers_To_User"/>
  <testcase name="Add_Tracking_Number" time="0.510" classname="Test_Data_Generation.Add_Tracking_Numbers_To_User"/>
  <testcase name="Add_Tracking_Number" time="0.631" classname="Test_Data_Generation.Add_Tracking_Numbers_To_User"/>
  <testcase name="Add_Tracking_Number" time="0.671" classname="Test_Data_Generation.Add_Tracking_Numbers_To_User"/>
  <testcase name="Add_Tracking_Number" time="0.590" classname="Test_Data_Generation.Add_Tracking_Numbers_To_User"/>
  <testcase name="Add_Tracking_Number" time="0.681" classname="Test_Data_Generation.Add_Tracking_Numbers_To_User"/>
  <testcase name="Add_Tracking_Number" time="0.583" classname="Test_Data_Generation.Add_Tracking_Numbers_To_User"/>
  <testcase name="Add_Tracking_Number" time="0.493" classname="Test_Data_Generation.Add_Tracking_Numbers_To_User"/>
  <testcase name="Add_Tracking_Number" time="0.606" classname="Test_Data_Generation.Add_Tracking_Numbers_To_User"/>
  <testcase name="Add_Tracking_Number" time="0.452" classname="Test_Data_Generation.Add_Tracking_Numbers_To_User"/>
  <testcase name="Add_Tracking_Number" time="0.553" classname="Test_Data_Generation.Add_Tracking_Numbers_To_User"/>
  <testcase name="Add_Tracking_Number" time="0.537" classname="Test_Data_Generation.Add_Tracking_Numbers_To_User"/>
  <testcase name="Add_Tracking_Number" time="0.509" classname="Test_Data_Generation.Add_Tracking_Numbers_To_User"/>
  <testcase name="Add_Tracking_Number" time="0.509" classname="Test_Data_Generation.Add_Tracking_Numbers_To_User"/>
  <testcase name="Add_Tracking_Number" time="0.159" classname="Test_Data_Generation.Add_Tracking_Numbers_To_User"/>
  <testcase name="Add_Tracking_Number" time="0.594" classname="Test_Data_Generation.Add_Tracking_Numbers_To_User"/>
  <testcase name="Add_Tracking_Number" time="0.491" classname="Test_Data_Generation.Add_Tracking_Numbers_To_User"/>
  <testcase name="Add_Tracking_Number" time="0.664" classname="Test_Data_Generation.Add_Tracking_Numbers_To_User"/>
  <testcase name="Add_Tracking_Number" time="0.631" classname="Test_Data_Generation.Add_Tracking_Numbers_To_User"/>
  <testcase name="Add_Tracking_Number" time="0.518" classname="Test_Data_Generation.Add_Tracking_Numbers_To_User"/>
  <testcase name="Add_Tracking_Number" time="0.519" classname="Test_Data_Generation.Add_Tracking_Numbers_To_User"/>
  <testcase name="Add_Tracking_Number" time="0.538" classname="Test_Data_Generation.Add_Tracking_Numbers_To_User"/>
  <testcase name="Add_Tracking_Number" time="0.457" classname="Test_Data_Generation.Add_Tracking_Numbers_To_User"/>
  <testcase name="Add_Tracking_Number" time="0.597" classname="Test_Data_Generation.Add_Tracking_Numbers_To_User"/>
  <testcase name="Add_Tracking_Number" time="0.534" classname="Test_Data_Generation.Add_Tracking_Numbers_To_User"/>
  <testcase name="Add_Tracking_Number" time="0.566" classname="Test_Data_Generation.Add_Tracking_Numbers_To_User"/>
  <testcase name="Add_Tracking_Number" time="0.576" classname="Test_Data_Generation.Add_Tracking_Numbers_To_User"/>
  <testcase name="Add_Tracking_Number" time="0.816" classname="Test_Data_Generation.Add_Tracking_Numbers_To_User"/>
  <testcase name="Add_Tracking_Number" time="0.538" classname="Test_Data_Generation.Add_Tracking_Numbers_To_User"/>
  <testcase name="Add_Tracking_Number" time="0.490" classname="Test_Data_Generation.Add_Tracking_Numbers_To_User"/>
  <testcase name="Add_Tracking_Number" time="0.553" classname="Test_Data_Generation.Add_Tracking_Numbers_To_User"/>
  <testcase name="Add_Tracking_Number" time="0.563" classname="Test_Data_Generation.Add_Tracking_Numbers_To_User"/>
  <testcase name="Add_Tracking_Number" time="0.645" classname="Test_Data_Generation.Add_Tracking_Numbers_To_User"/>
  <testcase name="Add_Tracking_Number" time="0.554" classname="Test_Data_Generation.Add_Tracking_Numbers_To_User"/>
  <testcase name="Add_Tracking_Number" time="0.475" classname="Test_Data_Generation.Add_Tracking_Numbers_To_User"/>
  <testcase name="Add_Tracking_Number" time="0.652" classname="Test_Data_Generation.Add_Tracking_Numbers_To_User"/>
  <testcase name="Add_Tracking_Number" time="0.067" classname="Test_Data_Generation.Add_Tracking_Numbers_To_User"/>
  <testcase name="Add_Tracking_Number" time="0.465" classname="Test_Data_Generation.Add_Tracking_Numbers_To_User"/>
  <testcase name="Add_Tracking_Number" time="0.534" classname="Test_Data_Generation.Add_Tracking_Numbers_To_User"/>
  <testcase name="Add_Tracking_Number" time="0.515" classname="Test_Data_Generation.Add_Tracking_Numbers_To_User"/>
  <testcase name="Add_Tracking_Number" time="0.493" classname="Test_Data_Generation.Add_Tracking_Numbers_To_User"/>
  <testcase name="Add_Tracking_Number" time="0.471" classname="Test_Data_Generation.Add_Tracking_Numbers_To_User"/>
  <testcase name="Add_Tracking_Number" time="0.568" classname="Test_Data_Generation.Add_Tracking_Numbers_To_User"/>
  <testcase name="Add_Tracking_Number" time="0.106" classname="Test_Data_Generation.Add_Tracking_Numbers_To_User"/>
  <testcase name="Add_Tracking_Number" time="0.462" classname="Test_Data_Generation.Add_Tracking_Numbers_To_User"/>
  <testcase name="Add_Tracking_Number" time="0.572" classname="Test_Data_Generation.Add_Tracking_Numbers_To_User"/>
  <testcase name="Add_Tracking_Number" time="0.632" classname="Test_Data_Generation.Add_Tracking_Numbers_To_User"/>
  <testcase name="Add_Tracking_Number" time="0.828" classname="Test_Data_Generation.Add_Tracking_Numbers_To_User"/>
  <testcase name="Add_Tracking_Number" time="0.684" classname="Test_Data_Generation.Add_Tracking_Numbers_To_User"/>
  <testcase name="Add_Tracking_Number" time="0.399" classname="Test_Data_Generation.Add_Tracking_Numbers_To_User"/>
  <testcase name="Add_Tracking_Number" time="0.467" classname="Test_Data_Generation.Add_Tracking_Numbers_To_User"/>
  <testcase name="Add_Tracking_Number" time="0.680" classname="Test_Data_Generation.Add_Tracking_Numbers_To_User"/>
  <testcase name="Add_Tracking_Number" time="0.556" classname="Test_Data_Generation.Add_Tracking_Numbers_To_User"/>
  <testcase name="Add_Tracking_Number" time="0.554" classname="Test_Data_Generation.Add_Tracking_Numbers_To_User"/>
  <testcase name="Add_Tracking_Number" time="0.457" classname="Test_Data_Generation.Add_Tracking_Numbers_To_User"/>
  <testcase name="Add_Tracking_Number" time="0.620" classname="Test_Data_Generation.Add_Tracking_Numbers_To_User"/>
  <testcase name="Add_Tracking_Number" time="0.496" classname="Test_Data_Generation.Add_Tracking_Numbers_To_User"/>
  <testcase name="Add_Tracking_Number" time="0.503" classname="Test_Data_Generation.Add_Tracking_Numbers_To_User"/>
  <testcase name="Add_Tracking_Number" time="0.510" classname="Test_Data_Generation.Add_Tracking_Numbers_To_User"/>
  <testcase name="Add_Tracking_Number" time="0.475" classname="Test_Data_Generation.Add_Tracking_Numbers_To_User"/>
  <testcase name="Add_Tracking_Number" time="0.573" classname="Test_Data_Generation.Add_Tracking_Numbers_To_User"/>
  <testcase name="Add_Tracking_Number" time="0.552" classname="Test_Data_Generation.Add_Tracking_Numbers_To_User"/>
  <testcase name="Add_Tracking_Number" time="0.520" classname="Test_Data_Generation.Add_Tracking_Numbers_To_User"/>
  <testcase name="Add_Tracking_Number" time="0.649" classname="Test_Data_Generation.Add_Tracking_Numbers_To_User"/>
  <testcase name="Add_Tracking_Number" time="0.496" classname="Test_Data_Generation.Add_Tracking_Numbers_To_User"/>
  <testcase name="Add_Tracking_Number" time="0.475" classname="Test_Data_Generation.Add_Tracking_Numbers_To_User"/>
  <testcase name="Add_Tracking_Number" time="0.438" classname="Test_Data_Generation.Add_Tracking_Numbers_To_User"/>
  <testcase name="Add_Tracking_Number" time="0.514" classname="Test_Data_Generation.Add_Tracking_Numbers_To_User"/>
  <testcase name="Add_Tracking_Number" time="0.612" classname="Test_Data_Generation.Add_Tracking_Numbers_To_User"/>
  <testcase name="Add_Tracking_Number" time="0.587" classname="Test_Data_Generation.Add_Tracking_Numbers_To_User"/>
  <testcase name="Add_Tracking_Number" time="0.555" classname="Test_Data_Generation.Add_Tracking_Numbers_To_User"/>
  <testcase name="Add_Tracking_Number" time="0.475" classname="Test_Data_Generation.Add_Tracking_Numbers_To_User"/>
  <testcase name="Add_Tracking_Number" time="0.762" classname="Test_Data_Generation.Add_Tracking_Numbers_To_User"/>
  <testcase name="Add_Tracking_Number" time="0.514" classname="Test_Data_Generation.Add_Tracking_Numbers_To_User"/>
  <testcase name="Add_Tracking_Number" time="0.483" classname="Test_Data_Generation.Add_Tracking_Numbers_To_User"/>
  <testcase name="Add_Tracking_Number" time="0.584" classname="Test_Data_Generation.Add_Tracking_Numbers_To_User"/>
  <testcase name="Add_Tracking_Number" time="0.513" classname="Test_Data_Generation.Add_Tracking_Numbers_To_User"/>
  <testcase name="Add_Tracking_Number" time="0.506" classname="Test_Data_Generation.Add_Tracking_Numbers_To_User"/>
  <testcase name="Add_Tracking_Number" time="0.491" classname="Test_Data_Generation.Add_Tracking_Numbers_To_User"/>
  <testcase name="Add_Tracking_Number" time="0.515" classname="Test_Data_Generation.Add_Tracking_Numbers_To_User"/>
  <testcase name="Add_Tracking_Number" time="0.942" classname="Test_Data_Generation.Add_Tracking_Numbers_To_User"/>
  <testcase name="Add_Tracking_Number" time="0.538" classname="Test_Data_Generation.Add_Tracking_Numbers_To_User"/>
  <testcase name="Add_Tracking_Number" time="0.586" classname="Test_Data_Generation.Add_Tracking_Numbers_To_User"/>
  <testcase name="Add_Tracking_Number" time="0.544" classname="Test_Data_Generation.Add_Tracking_Numbers_To_User"/>
  <testcase name="Add_Tracking_Number" time="0.667" classname="Test_Data_Generation.Add_Tracking_Numbers_To_User"/>
  <testcase name="Add_Tracking_Number" time="0.529" classname="Test_Data_Generation.Add_Tracking_Numbers_To_User"/>
  <testcase name="Add_Tracking_Number" time="0.440" classname="Test_Data_Generation.Add_Tracking_Numbers_To_User"/>
  <testcase name="Add_Tracking_Number" time="0.563" classname="Test_Data_Generation.Add_Tracking_Numbers_To_User"/>
  <testcase name="Add_Tracking_Number" time="0.520" classname="Test_Data_Generation.Add_Tracking_Numbers_To_User"/>
  <testcase name="Add_Tracking_Number" time="0.612" classname="Test_Data_Generation.Add_Tracking_Numbers_To_User"/>
  <testcase name="Add_Tracking_Number" time="0.552" classname="Test_Data_Generation.Add_Tracking_Numbers_To_User"/>
  <testcase name="Add_Tracking_Number" time="0.477" classname="Test_Data_Generation.Add_Tracking_Numbers_To_User"/>
  <testcase name="Add_Tracking_Number" time="0.533" classname="Test_Data_Generation.Add_Tracking_Numbers_To_User"/>
  <testcase name="Add_Tracking_Number" time="0.485" classname="Test_Data_Generation.Add_Tracking_Numbers_To_User"/>
  <testcase name="Add_Tracking_Number" time="0.530" classname="Test_Data_Generation.Add_Tracking_Numbers_To_User"/>
  <testcase name="Add_Tracking_Number" time="0.153" classname="Test_Data_Generation.Add_Tracking_Numbers_To_User"/>
  <testcase name="Add_Tracking_Number" time="0.056" classname="Test_Data_Generation.Add_Tracking_Numbers_To_User"/>
  <testcase name="Add_Tracking_Number" time="0.557" classname="Test_Data_Generation.Add_Tracking_Numbers_To_User"/>
  <testcase name="Add_Tracking_Number" time="0.771" classname="Test_Data_Generation.Add_Tracking_Numbers_To_User"/>
  <testcase name="Add_Tracking_Number" time="0.599" classname="Test_Data_Generation.Add_Tracking_Numbers_To_User"/>
  <testcase name="Add_Tracking_Number" time="0.480" classname="Test_Data_Generation.Add_Tracking_Numbers_To_User"/>
  <testcase name="Add_Tracking_Number" time="0.601" classname="Test_Data_Generation.Add_Tracking_Numbers_To_User"/>
  <testcase name="Add_Tracking_Number" time="0.498" classname="Test_Data_Generation.Add_Tracking_Numbers_To_User"/>
  <testcase name="Add_Tracking_Number" time="0.540" classname="Test_Data_Generation.Add_Tracking_Numbers_To_User"/>
  <testcase name="Add_Tracking_Number" time="0.499" classname="Test_Data_Generation.Add_Tracking_Numbers_To_User"/>
  <testcase name="Add_Tracking_Number" time="0.237" classname="Test_Data_Generation.Add_Tracking_Numbers_To_User"/>
  <testcase name="Add_Tracking_Number" time="0.575" classname="Test_Data_Generation.Add_Tracking_Numbers_To_User"/>
  <testcase name="Add_Tracking_Number" time="0.547" classname="Test_Data_Generation.Add_Tracking_Numbers_To_User"/>
  <testcase name="Add_Tracking_Number" time="0.540" classname="Test_Data_Generation.Add_Tracking_Numbers_To_User"/>
  <testcase name="Add_Tracking_Number" time="0.532" classname="Test_Data_Generation.Add_Tracking_Numbers_To_User"/>
  <testcase name="Add_Tracking_Number" time="0.095" classname="Test_Data_Generation.Add_Tracking_Numbers_To_User"/>
  <testcase name="Add_Tracking_Number" time="0.466" classname="Test_Data_Generation.Add_Tracking_Numbers_To_User"/>
  <testcase name="Add_Tracking_Number" time="0.633" classname="Test_Data_Generation.Add_Tracking_Numbers_To_User"/>
  <testcase name="Add_Tracking_Number" time="0.503" classname="Test_Data_Generation.Add_Tracking_Numbers_To_User"/>
  <testcase name="Add_Tracking_Number" time="0.583" classname="Test_Data_Generation.Add_Tracking_Numbers_To_User"/>
  <testcase name="Add_Tracking_Number" time="0.609" classname="Test_Data_Generation.Add_Tracking_Numbers_To_User"/>
  <testcase name="Add_Tracking_Number" time="1.091" classname="Test_Data_Generation.Add_Tracking_Numbers_To_User">
    <failure type="java.lang.AssertionError" message="
Expected: a string containing &quot;{\&quot;successful\&quot;:true&quot;
     but: was &quot;{&quot;ShipmentOptionResponse&quot;:{&quot;successful&quot;:false,&quot;errorList&quot;:[{&quot;code&quot;:&quot;2997&quot;,&quot;message&quot;:&quot;TRAQS connection/request problem&quot;,&quot;source&quot;:null,&quot;rootCause&quot;:null}],&quot;alerts&quot;:null,&quot;cxsalerts&quot;:null}}&quot;">
      <![CDATA[java.lang.AssertionError: 
Expected: a string containing "{\"successful\":true"
     but: was "{"ShipmentOptionResponse":{"successful":false,"errorList":[{"code":"2997","message":"TRAQS connection/request problem","source":null,"rootCause":null}],"alerts":null,"cxsalerts":null}}"
at org.hamcrest.MatcherAssert.assertThat(MatcherAssert.java:20)
at org.junit.Assert.assertThat(Assert.java:956)
at org.junit.Assert.assertThat(Assert.java:923)
at Test_Data_Generation.Add_Tracking_Numbers_To_User.Add_Tracking_Number(Add_Tracking_Numbers_To_User.java:69)
at sun.reflect.GeneratedMethodAccessor2.invoke(Unknown Source)
at sun.reflect.DelegatingMethodAccessorImpl.invoke(Unknown Source)
at java.lang.reflect.Method.invoke(Unknown Source)
at org.testng.internal.MethodInvocationHelper.invokeMethod(MethodInvocationHelper.java:124)
at org.testng.internal.Invoker.invokeMethod(Invoker.java:580)
at org.testng.internal.Invoker.invokeTestMethod(Invoker.java:716)
at org.testng.internal.TestMethodWithDataProviderMethodWorker.call(TestMethodWithDataProviderMethodWorker.java:71)
at org.testng.internal.TestMethodWithDataProviderMethodWorker.call(TestMethodWithDataProviderMethodWorker.java:14)
at java.util.concurrent.FutureTask.run(Unknown Source)
at java.util.concurrent.Executors$RunnableAdapter.call(Unknown Source)
at java.util.concurrent.FutureTask.run(Unknown Source)
at java.util.concurrent.ThreadPoolExecutor.runWorker(Unknown Source)
at java.util.concurrent.ThreadPoolExecutor$Worker.run(Unknown Source)
at java.lang.Thread.run(Unknown Source)
]]>
    </failure>
  </testcase> <!-- Add_Tracking_Number -->
  <testcase name="Add_Tracking_Number" time="0.679" classname="Test_Data_Generation.Add_Tracking_Numbers_To_User"/>
  <testcase name="Add_Tracking_Number" time="0.508" classname="Test_Data_Generation.Add_Tracking_Numbers_To_User"/>
  <testcase name="Add_Tracking_Number" time="0.566" classname="Test_Data_Generation.Add_Tracking_Numbers_To_User"/>
  <testcase name="Add_Tracking_Number" time="0.519" classname="Test_Data_Generation.Add_Tracking_Numbers_To_User"/>
  <testcase name="Add_Tracking_Number" time="0.576" classname="Test_Data_Generation.Add_Tracking_Numbers_To_User"/>
  <testcase name="Add_Tracking_Number" time="0.597" classname="Test_Data_Generation.Add_Tracking_Numbers_To_User"/>
  <testcase name="Add_Tracking_Number" time="0.430" classname="Test_Data_Generation.Add_Tracking_Numbers_To_User"/>
  <testcase name="Add_Tracking_Number" time="0.692" classname="Test_Data_Generation.Add_Tracking_Numbers_To_User"/>
  <testcase name="Add_Tracking_Number" time="0.859" classname="Test_Data_Generation.Add_Tracking_Numbers_To_User"/>
  <testcase name="Add_Tracking_Number" time="0.665" classname="Test_Data_Generation.Add_Tracking_Numbers_To_User"/>
  <testcase name="Add_Tracking_Number" time="0.593" classname="Test_Data_Generation.Add_Tracking_Numbers_To_User"/>
  <testcase name="Add_Tracking_Number" time="0.611" classname="Test_Data_Generation.Add_Tracking_Numbers_To_User"/>
  <testcase name="Add_Tracking_Number" time="0.714" classname="Test_Data_Generation.Add_Tracking_Numbers_To_User"/>
  <testcase name="Add_Tracking_Number" time="0.516" classname="Test_Data_Generation.Add_Tracking_Numbers_To_User"/>
  <testcase name="Add_Tracking_Number" time="0.547" classname="Test_Data_Generation.Add_Tracking_Numbers_To_User"/>
  <testcase name="Add_Tracking_Number" time="0.794" classname="Test_Data_Generation.Add_Tracking_Numbers_To_User"/>
  <testcase name="Add_Tracking_Number" time="0.585" classname="Test_Data_Generation.Add_Tracking_Numbers_To_User"/>
  <testcase name="Add_Tracking_Number" time="0.534" classname="Test_Data_Generation.Add_Tracking_Numbers_To_User"/>
  <testcase name="Add_Tracking_Number" time="0.509" classname="Test_Data_Generation.Add_Tracking_Numbers_To_User"/>
  <testcase name="Add_Tracking_Number" time="0.644" classname="Test_Data_Generation.Add_Tracking_Numbers_To_User"/>
  <testcase name="Add_Tracking_Number" time="0.587" classname="Test_Data_Generation.Add_Tracking_Numbers_To_User"/>
  <testcase name="Add_Tracking_Number" time="0.481" classname="Test_Data_Generation.Add_Tracking_Numbers_To_User"/>
  <testcase name="Add_Tracking_Number" time="0.685" classname="Test_Data_Generation.Add_Tracking_Numbers_To_User"/>
  <testcase name="Add_Tracking_Number" time="0.500" classname="Test_Data_Generation.Add_Tracking_Numbers_To_User"/>
  <testcase name="Add_Tracking_Number" time="0.512" classname="Test_Data_Generation.Add_Tracking_Numbers_To_User"/>
  <testcase name="Add_Tracking_Number" time="0.543" classname="Test_Data_Generation.Add_Tracking_Numbers_To_User"/>
  <testcase name="Add_Tracking_Number" time="0.495" classname="Test_Data_Generation.Add_Tracking_Numbers_To_User"/>
  <testcase name="Add_Tracking_Number" time="0.520" classname="Test_Data_Generation.Add_Tracking_Numbers_To_User"/>
  <testcase name="Add_Tracking_Number" time="0.472" classname="Test_Data_Generation.Add_Tracking_Numbers_To_User"/>
  <testcase name="Add_Tracking_Number" time="0.545" classname="Test_Data_Generation.Add_Tracking_Numbers_To_User"/>
  <testcase name="Add_Tracking_Number" time="0.562" classname="Test_Data_Generation.Add_Tracking_Numbers_To_User"/>
  <testcase name="Add_Tracking_Number" time="0.539" classname="Test_Data_Generation.Add_Tracking_Numbers_To_User"/>
  <testcase name="Add_Tracking_Number" time="0.504" classname="Test_Data_Generation.Add_Tracking_Numbers_To_User"/>
  <testcase name="Add_Tracking_Number" time="0.564" classname="Test_Data_Generation.Add_Tracking_Numbers_To_User"/>
  <testcase name="Add_Tracking_Number" time="0.480" classname="Test_Data_Generation.Add_Tracking_Numbers_To_User"/>
  <testcase name="Add_Tracking_Number" time="0.116" classname="Test_Data_Generation.Add_Tracking_Numbers_To_User"/>
  <testcase name="Add_Tracking_Number" time="0.514" classname="Test_Data_Generation.Add_Tracking_Numbers_To_User"/>
  <testcase name="Add_Tracking_Number" time="0.523" classname="Test_Data_Generation.Add_Tracking_Numbers_To_User"/>
  <testcase name="Add_Tracking_Number" time="0.464" classname="Test_Data_Generation.Add_Tracking_Numbers_To_User"/>
  <testcase name="Add_Tracking_Number" time="0.487" classname="Test_Data_Generation.Add_Tracking_Numbers_To_User"/>
  <testcase name="Add_Tracking_Number" time="0.551" classname="Test_Data_Generation.Add_Tracking_Numbers_To_User"/>
  <testcase name="Add_Tracking_Number" time="0.546" classname="Test_Data_Generation.Add_Tracking_Numbers_To_User"/>
  <testcase name="Add_Tracking_Number" time="0.538" classname="Test_Data_Generation.Add_Tracking_Numbers_To_User"/>
  <testcase name="Add_Tracking_Number" time="0.521" classname="Test_Data_Generation.Add_Tracking_Numbers_To_User"/>
  <testcase name="Add_Tracking_Number" time="0.622" classname="Test_Data_Generation.Add_Tracking_Numbers_To_User"/>
  <testcase name="Add_Tracking_Number" time="0.536" classname="Test_Data_Generation.Add_Tracking_Numbers_To_User"/>
  <testcase name="Add_Tracking_Number" time="0.564" classname="Test_Data_Generation.Add_Tracking_Numbers_To_User"/>
  <testcase name="Add_Tracking_Number" time="0.350" classname="Test_Data_Generation.Add_Tracking_Numbers_To_User"/>
  <testcase name="Add_Tracking_Number" time="0.748" classname="Test_Data_Generation.Add_Tracking_Numbers_To_User"/>
  <testcase name="Add_Tracking_Number" time="0.488" classname="Test_Data_Generation.Add_Tracking_Numbers_To_User"/>
  <testcase name="Add_Tracking_Number" time="0.548" classname="Test_Data_Generation.Add_Tracking_Numbers_To_User"/>
  <testcase name="Add_Tracking_Number" time="0.525" classname="Test_Data_Generation.Add_Tracking_Numbers_To_User"/>
  <testcase name="Add_Tracking_Number" time="0.504" classname="Test_Data_Generation.Add_Tracking_Numbers_To_User"/>
  <testcase name="Add_Tracking_Number" time="0.478" classname="Test_Data_Generation.Add_Tracking_Numbers_To_User"/>
  <testcase name="Add_Tracking_Number" time="0.545" classname="Test_Data_Generation.Add_Tracking_Numbers_To_User"/>
  <testcase name="Add_Tracking_Number" time="0.047" classname="Test_Data_Generation.Add_Tracking_Numbers_To_User"/>
  <testcase name="Add_Tracking_Number" time="0.545" classname="Test_Data_Generation.Add_Tracking_Numbers_To_User"/>
  <testcase name="Add_Tracking_Number" time="0.535" classname="Test_Data_Generation.Add_Tracking_Numbers_To_User"/>
  <testcase name="Add_Tracking_Number" time="0.456" classname="Test_Data_Generation.Add_Tracking_Numbers_To_User"/>
  <testcase name="Add_Tracking_Number" time="0.796" classname="Test_Data_Generation.Add_Tracking_Numbers_To_User"/>
  <testcase name="Add_Tracking_Number" time="0.570" classname="Test_Data_Generation.Add_Tracking_Numbers_To_User"/>
  <testcase name="Add_Tracking_Number" time="0.515" classname="Test_Data_Generation.Add_Tracking_Numbers_To_User"/>
  <testcase name="Add_Tracking_Number" time="0.567" classname="Test_Data_Generation.Add_Tracking_Numbers_To_User"/>
  <testcase name="Add_Tracking_Number" time="0.564" classname="Test_Data_Generation.Add_Tracking_Numbers_To_User"/>
  <testcase name="Add_Tracking_Number" time="0.516" classname="Test_Data_Generation.Add_Tracking_Numbers_To_User"/>
  <testcase name="Add_Tracking_Number" time="0.541" classname="Test_Data_Generation.Add_Tracking_Numbers_To_User"/>
  <testcase name="Add_Tracking_Number" time="0.447" classname="Test_Data_Generation.Add_Tracking_Numbers_To_User"/>
  <testcase name="Add_Tracking_Number" time="0.476" classname="Test_Data_Generation.Add_Tracking_Numbers_To_User"/>
  <testcase name="Add_Tracking_Number" time="0.587" classname="Test_Data_Generation.Add_Tracking_Numbers_To_User"/>
  <testcase name="Add_Tracking_Number" time="0.688" classname="Test_Data_Generation.Add_Tracking_Numbers_To_User"/>
  <testcase name="Add_Tracking_Number" time="0.519" classname="Test_Data_Generation.Add_Tracking_Numbers_To_User"/>
  <testcase name="Add_Tracking_Number" time="0.621" classname="Test_Data_Generation.Add_Tracking_Numbers_To_User"/>
  <testcase name="Add_Tracking_Number" time="0.557" classname="Test_Data_Generation.Add_Tracking_Numbers_To_User"/>
  <testcase name="Add_Tracking_Number" time="0.668" classname="Test_Data_Generation.Add_Tracking_Numbers_To_User"/>
  <testcase name="Add_Tracking_Number" time="0.116" classname="Test_Data_Generation.Add_Tracking_Numbers_To_User"/>
  <testcase name="Add_Tracking_Number" time="0.542" classname="Test_Data_Generation.Add_Tracking_Numbers_To_User"/>
  <testcase name="Add_Tracking_Number" time="0.564" classname="Test_Data_Generation.Add_Tracking_Numbers_To_User"/>
  <testcase name="Add_Tracking_Number" time="0.490" classname="Test_Data_Generation.Add_Tracking_Numbers_To_User"/>
  <testcase name="Add_Tracking_Number" time="0.929" classname="Test_Data_Generation.Add_Tracking_Numbers_To_User"/>
  <testcase name="Add_Tracking_Number" time="0.582" classname="Test_Data_Generation.Add_Tracking_Numbers_To_User"/>
  <testcase name="Add_Tracking_Number" time="0.642" classname="Test_Data_Generation.Add_Tracking_Numbers_To_User"/>
  <testcase name="Add_Tracking_Number" time="0.394" classname="Test_Data_Generation.Add_Tracking_Numbers_To_User">
    <failure type="java.lang.AssertionError" message="
Expected: a string containing &quot;{\&quot;successful\&quot;:true&quot;
     but: was &quot;{&quot;ShipmentOptionResponse&quot;:{&quot;successful&quot;:false,&quot;errorList&quot;:[{&quot;code&quot;:&quot;2997&quot;,&quot;message&quot;:&quot;TRAQS connection/request problem&quot;,&quot;source&quot;:null,&quot;rootCause&quot;:null}],&quot;alerts&quot;:null,&quot;cxsalerts&quot;:null}}&quot;">
      <![CDATA[java.lang.AssertionError: 
Expected: a string containing "{\"successful\":true"
     but: was "{"ShipmentOptionResponse":{"successful":false,"errorList":[{"code":"2997","message":"TRAQS connection/request problem","source":null,"rootCause":null}],"alerts":null,"cxsalerts":null}}"
at org.hamcrest.MatcherAssert.assertThat(MatcherAssert.java:20)
at org.junit.Assert.assertThat(Assert.java:956)
at org.junit.Assert.assertThat(Assert.java:923)
at Test_Data_Generation.Add_Tracking_Numbers_To_User.Add_Tracking_Number(Add_Tracking_Numbers_To_User.java:69)
at sun.reflect.GeneratedMethodAccessor2.invoke(Unknown Source)
at sun.reflect.DelegatingMethodAccessorImpl.invoke(Unknown Source)
at java.lang.reflect.Method.invoke(Unknown Source)
at org.testng.internal.MethodInvocationHelper.invokeMethod(MethodInvocationHelper.java:124)
at org.testng.internal.Invoker.invokeMethod(Invoker.java:580)
at org.testng.internal.Invoker.invokeTestMethod(Invoker.java:716)
at org.testng.internal.TestMethodWithDataProviderMethodWorker.call(TestMethodWithDataProviderMethodWorker.java:71)
at org.testng.internal.TestMethodWithDataProviderMethodWorker.call(TestMethodWithDataProviderMethodWorker.java:14)
at java.util.concurrent.FutureTask.run(Unknown Source)
at java.util.concurrent.Executors$RunnableAdapter.call(Unknown Source)
at java.util.concurrent.FutureTask.run(Unknown Source)
at java.util.concurrent.ThreadPoolExecutor.runWorker(Unknown Source)
at java.util.concurrent.ThreadPoolExecutor$Worker.run(Unknown Source)
at java.lang.Thread.run(Unknown Source)
]]>
    </failure>
  </testcase> <!-- Add_Tracking_Number -->
  <testcase name="Add_Tracking_Number" time="0.624" classname="Test_Data_Generation.Add_Tracking_Numbers_To_User"/>
  <testcase name="Add_Tracking_Number" time="0.435" classname="Test_Data_Generation.Add_Tracking_Numbers_To_User"/>
  <testcase name="Add_Tracking_Number" time="0.717" classname="Test_Data_Generation.Add_Tracking_Numbers_To_User"/>
  <testcase name="Add_Tracking_Number" time="0.621" classname="Test_Data_Generation.Add_Tracking_Numbers_To_User"/>
  <testcase name="Add_Tracking_Number" time="0.500" classname="Test_Data_Generation.Add_Tracking_Numbers_To_User"/>
  <testcase name="Add_Tracking_Number" time="0.560" classname="Test_Data_Generation.Add_Tracking_Numbers_To_User"/>
  <testcase name="Add_Tracking_Number" time="0.475" classname="Test_Data_Generation.Add_Tracking_Numbers_To_User"/>
  <testcase name="Add_Tracking_Number" time="0.506" classname="Test_Data_Generation.Add_Tracking_Numbers_To_User"/>
  <testcase name="Add_Tracking_Number" time="0.461" classname="Test_Data_Generation.Add_Tracking_Numbers_To_User"/>
  <testcase name="Add_Tracking_Number" time="0.452" classname="Test_Data_Generation.Add_Tracking_Numbers_To_User"/>
  <testcase name="Add_Tracking_Number" time="0.565" classname="Test_Data_Generation.Add_Tracking_Numbers_To_User"/>
  <testcase name="Add_Tracking_Number" time="0.507" classname="Test_Data_Generation.Add_Tracking_Numbers_To_User"/>
  <testcase name="Add_Tracking_Number" time="0.547" classname="Test_Data_Generation.Add_Tracking_Numbers_To_User"/>
  <testcase name="Add_Tracking_Number" time="0.659" classname="Test_Data_Generation.Add_Tracking_Numbers_To_User"/>
  <testcase name="Add_Tracking_Number" time="0.556" classname="Test_Data_Generation.Add_Tracking_Numbers_To_User"/>
  <testcase name="Add_Tracking_Number" time="0.716" classname="Test_Data_Generation.Add_Tracking_Numbers_To_User"/>
  <testcase name="Add_Tracking_Number" time="0.516" classname="Test_Data_Generation.Add_Tracking_Numbers_To_User"/>
  <testcase name="Add_Tracking_Number" time="0.487" classname="Test_Data_Generation.Add_Tracking_Numbers_To_User"/>
  <testcase name="Add_Tracking_Number" time="0.564" classname="Test_Data_Generation.Add_Tracking_Numbers_To_User"/>
  <testcase name="Add_Tracking_Number" time="0.502" classname="Test_Data_Generation.Add_Tracking_Numbers_To_User"/>
  <testcase name="Add_Tracking_Number" time="0.561" classname="Test_Data_Generation.Add_Tracking_Numbers_To_User"/>
  <testcase name="Add_Tracking_Number" time="0.610" classname="Test_Data_Generation.Add_Tracking_Numbers_To_User"/>
  <testcase name="Add_Tracking_Number" time="0.598" classname="Test_Data_Generation.Add_Tracking_Numbers_To_User"/>
  <testcase name="Add_Tracking_Number" time="0.694" classname="Test_Data_Generation.Add_Tracking_Numbers_To_User"/>
  <testcase name="Add_Tracking_Number" time="0.485" classname="Test_Data_Generation.Add_Tracking_Numbers_To_User"/>
  <testcase name="Add_Tracking_Number" time="0.570" classname="Test_Data_Generation.Add_Tracking_Numbers_To_User"/>
  <testcase name="Add_Tracking_Number" time="0.571" classname="Test_Data_Generation.Add_Tracking_Numbers_To_User"/>
  <testcase name="Add_Tracking_Number" time="0.560" classname="Test_Data_Generation.Add_Tracking_Numbers_To_User"/>
  <testcase name="Add_Tracking_Number" time="0.795" classname="Test_Data_Generation.Add_Tracking_Numbers_To_User"/>
  <testcase name="Add_Tracking_Number" time="0.472" classname="Test_Data_Generation.Add_Tracking_Numbers_To_User"/>
  <testcase name="Add_Tracking_Number" time="0.455" classname="Test_Data_Generation.Add_Tracking_Numbers_To_User"/>
  <testcase name="Add_Tracking_Number" time="0.685" classname="Test_Data_Generation.Add_Tracking_Numbers_To_User"/>
  <testcase name="Add_Tracking_Number" time="0.572" classname="Test_Data_Generation.Add_Tracking_Numbers_To_User"/>
  <testcase name="Add_Tracking_Number" time="0.548" classname="Test_Data_Generation.Add_Tracking_Numbers_To_User"/>
  <testcase name="Add_Tracking_Number" time="0.534" classname="Test_Data_Generation.Add_Tracking_Numbers_To_User"/>
  <testcase name="Add_Tracking_Number" time="0.693" classname="Test_Data_Generation.Add_Tracking_Numbers_To_User"/>
  <testcase name="Add_Tracking_Number" time="0.518" classname="Test_Data_Generation.Add_Tracking_Numbers_To_User"/>
  <testcase name="Add_Tracking_Number" time="0.479" classname="Test_Data_Generation.Add_Tracking_Numbers_To_User"/>
  <testcase name="Add_Tracking_Number" time="0.419" classname="Test_Data_Generation.Add_Tracking_Numbers_To_User"/>
  <testcase name="Add_Tracking_Number" time="0.649" classname="Test_Data_Generation.Add_Tracking_Numbers_To_User"/>
  <testcase name="Add_Tracking_Number" time="0.555" classname="Test_Data_Generation.Add_Tracking_Numbers_To_User"/>
  <testcase name="Add_Tracking_Number" time="0.540" classname="Test_Data_Generation.Add_Tracking_Numbers_To_User"/>
  <testcase name="Add_Tracking_Number" time="1.427" classname="Test_Data_Generation.Add_Tracking_Numbers_To_User"/>
  <testcase name="Add_Tracking_Number" time="0.568" classname="Test_Data_Generation.Add_Tracking_Numbers_To_User"/>
  <testcase name="Add_Tracking_Number" time="0.550" classname="Test_Data_Generation.Add_Tracking_Numbers_To_User"/>
  <testcase name="Add_Tracking_Number" time="0.570" classname="Test_Data_Generation.Add_Tracking_Numbers_To_User"/>
  <testcase name="Add_Tracking_Number" time="0.565" classname="Test_Data_Generation.Add_Tracking_Numbers_To_User"/>
  <testcase name="Add_Tracking_Number" time="0.540" classname="Test_Data_Generation.Add_Tracking_Numbers_To_User"/>
  <testcase name="Add_Tracking_Number" time="0.615" classname="Test_Data_Generation.Add_Tracking_Numbers_To_User"/>
  <testcase name="Add_Tracking_Number" time="0.495" classname="Test_Data_Generation.Add_Tracking_Numbers_To_User"/>
  <testcase name="Add_Tracking_Number" time="0.486" classname="Test_Data_Generation.Add_Tracking_Numbers_To_User"/>
  <testcase name="Add_Tracking_Number" time="0.549" classname="Test_Data_Generation.Add_Tracking_Numbers_To_User"/>
  <testcase name="Add_Tracking_Number" time="0.566" classname="Test_Data_Generation.Add_Tracking_Numbers_To_User"/>
  <testcase name="Add_Tracking_Number" time="0.573" classname="Test_Data_Generation.Add_Tracking_Numbers_To_User"/>
  <testcase name="Add_Tracking_Number" time="0.513" classname="Test_Data_Generation.Add_Tracking_Numbers_To_User"/>
  <testcase name="Add_Tracking_Number" time="0.511" classname="Test_Data_Generation.Add_Tracking_Numbers_To_User"/>
  <testcase name="Add_Tracking_Number" time="0.586" classname="Test_Data_Generation.Add_Tracking_Numbers_To_User"/>
  <testcase name="Add_Tracking_Number" time="0.476" classname="Test_Data_Generation.Add_Tracking_Numbers_To_User"/>
  <testcase name="Add_Tracking_Number" time="0.593" classname="Test_Data_Generation.Add_Tracking_Numbers_To_User"/>
  <testcase name="Add_Tracking_Number" time="0.601" classname="Test_Data_Generation.Add_Tracking_Numbers_To_User"/>
  <testcase name="Add_Tracking_Number" time="1.071" classname="Test_Data_Generation.Add_Tracking_Numbers_To_User"/>
  <testcase name="Add_Tracking_Number" time="0.529" classname="Test_Data_Generation.Add_Tracking_Numbers_To_User"/>
  <testcase name="Add_Tracking_Number" time="0.857" classname="Test_Data_Generation.Add_Tracking_Numbers_To_User"/>
  <testcase name="Add_Tracking_Number" time="0.555" classname="Test_Data_Generation.Add_Tracking_Numbers_To_User"/>
  <testcase name="Add_Tracking_Number" time="0.654" classname="Test_Data_Generation.Add_Tracking_Numbers_To_User"/>
  <testcase name="Add_Tracking_Number" time="0.480" classname="Test_Data_Generation.Add_Tracking_Numbers_To_User"/>
  <testcase name="Add_Tracking_Number" time="0.493" classname="Test_Data_Generation.Add_Tracking_Numbers_To_User"/>
  <testcase name="Add_Tracking_Number" time="0.503" classname="Test_Data_Generation.Add_Tracking_Numbers_To_User"/>
  <testcase name="Add_Tracking_Number" time="0.626" classname="Test_Data_Generation.Add_Tracking_Numbers_To_User"/>
  <testcase name="Add_Tracking_Number" time="0.620" classname="Test_Data_Generation.Add_Tracking_Numbers_To_User"/>
  <testcase name="Add_Tracking_Number" time="0.502" classname="Test_Data_Generation.Add_Tracking_Numbers_To_User"/>
  <testcase name="Add_Tracking_Number" time="0.538" classname="Test_Data_Generation.Add_Tracking_Numbers_To_User"/>
  <testcase name="Add_Tracking_Number" time="0.475" classname="Test_Data_Generation.Add_Tracking_Numbers_To_User"/>
  <testcase name="Add_Tracking_Number" time="0.541" classname="Test_Data_Generation.Add_Tracking_Numbers_To_User"/>
  <testcase name="Add_Tracking_Number" time="0.484" classname="Test_Data_Generation.Add_Tracking_Numbers_To_User"/>
  <testcase name="Add_Tracking_Number" time="0.801" classname="Test_Data_Generation.Add_Tracking_Numbers_To_User"/>
  <testcase name="Add_Tracking_Number" time="0.537" classname="Test_Data_Generation.Add_Tracking_Numbers_To_User"/>
  <testcase name="Add_Tracking_Number" time="0.591" classname="Test_Data_Generation.Add_Tracking_Numbers_To_User"/>
  <testcase name="Add_Tracking_Number" time="0.478" classname="Test_Data_Generation.Add_Tracking_Numbers_To_User"/>
  <testcase name="Add_Tracking_Number" time="0.491" classname="Test_Data_Generation.Add_Tracking_Numbers_To_User"/>
  <testcase name="Add_Tracking_Number" time="1.070" classname="Test_Data_Generation.Add_Tracking_Numbers_To_User"/>
  <testcase name="Add_Tracking_Number" time="0.486" classname="Test_Data_Generation.Add_Tracking_Numbers_To_User"/>
  <testcase name="Add_Tracking_Number" time="0.611" classname="Test_Data_Generation.Add_Tracking_Numbers_To_User"/>
  <testcase name="Add_Tracking_Number" time="0.658" classname="Test_Data_Generation.Add_Tracking_Numbers_To_User"/>
  <testcase name="Add_Tracking_Number" time="0.629" classname="Test_Data_Generation.Add_Tracking_Numbers_To_User"/>
  <testcase name="Add_Tracking_Number" time="0.491" classname="Test_Data_Generation.Add_Tracking_Numbers_To_User"/>
  <testcase name="Add_Tracking_Number" time="0.578" classname="Test_Data_Generation.Add_Tracking_Numbers_To_User"/>
  <testcase name="Add_Tracking_Number" time="0.533" classname="Test_Data_Generation.Add_Tracking_Numbers_To_User"/>
  <testcase name="Add_Tracking_Number" time="0.677" classname="Test_Data_Generation.Add_Tracking_Numbers_To_User"/>
  <testcase name="Add_Tracking_Number" time="0.525" classname="Test_Data_Generation.Add_Tracking_Numbers_To_User"/>
  <testcase name="Add_Tracking_Number" time="0.791" classname="Test_Data_Generation.Add_Tracking_Numbers_To_User"/>
  <testcase name="Add_Tracking_Number" time="0.358" classname="Test_Data_Generation.Add_Tracking_Numbers_To_User"/>
  <testcase name="Add_Tracking_Number" time="0.476" classname="Test_Data_Generation.Add_Tracking_Numbers_To_User"/>
  <testcase name="Add_Tracking_Number" time="0.527" classname="Test_Data_Generation.Add_Tracking_Numbers_To_User"/>
  <testcase name="Add_Tracking_Number" time="0.582" classname="Test_Data_Generation.Add_Tracking_Numbers_To_User"/>
  <testcase name="Add_Tracking_Number" time="0.540" classname="Test_Data_Generation.Add_Tracking_Numbers_To_User"/>
  <testcase name="Add_Tracking_Number" time="0.568" classname="Test_Data_Generation.Add_Tracking_Numbers_To_User"/>
  <testcase name="Add_Tracking_Number" time="0.582" classname="Test_Data_Generation.Add_Tracking_Numbers_To_User"/>
  <testcase name="Add_Tracking_Number" time="0.565" classname="Test_Data_Generation.Add_Tracking_Numbers_To_User"/>
  <testcase name="Add_Tracking_Number" time="0.499" classname="Test_Data_Generation.Add_Tracking_Numbers_To_User"/>
  <testcase name="Add_Tracking_Number" time="0.497" classname="Test_Data_Generation.Add_Tracking_Numbers_To_User"/>
  <testcase name="Add_Tracking_Number" time="0.808" classname="Test_Data_Generation.Add_Tracking_Numbers_To_User"/>
  <testcase name="Add_Tracking_Number" time="0.492" classname="Test_Data_Generation.Add_Tracking_Numbers_To_User"/>
  <testcase name="Add_Tracking_Number" time="0.536" classname="Test_Data_Generation.Add_Tracking_Numbers_To_User"/>
  <testcase name="Add_Tracking_Number" time="0.536" classname="Test_Data_Generation.Add_Tracking_Numbers_To_User"/>
  <testcase name="Add_Tracking_Number" time="0.479" classname="Test_Data_Generation.Add_Tracking_Numbers_To_User"/>
  <testcase name="Add_Tracking_Number" time="0.234" classname="Test_Data_Generation.Add_Tracking_Numbers_To_User"/>
  <testcase name="Add_Tracking_Number" time="0.473" classname="Test_Data_Generation.Add_Tracking_Numbers_To_User"/>
  <testcase name="Add_Tracking_Number" time="0.495" classname="Test_Data_Generation.Add_Tracking_Numbers_To_User"/>
  <testcase name="Add_Tracking_Number" time="0.476" classname="Test_Data_Generation.Add_Tracking_Numbers_To_User"/>
  <testcase name="Add_Tracking_Number" time="0.482" classname="Test_Data_Generation.Add_Tracking_Numbers_To_User"/>
  <testcase name="Add_Tracking_Number" time="0.533" classname="Test_Data_Generation.Add_Tracking_Numbers_To_User"/>
  <testcase name="Add_Tracking_Number" time="0.704" classname="Test_Data_Generation.Add_Tracking_Numbers_To_User"/>
  <testcase name="Add_Tracking_Number" time="0.603" classname="Test_Data_Generation.Add_Tracking_Numbers_To_User"/>
  <testcase name="Add_Tracking_Number" time="0.499" classname="Test_Data_Generation.Add_Tracking_Numbers_To_User"/>
  <testcase name="Add_Tracking_Number" time="0.690" classname="Test_Data_Generation.Add_Tracking_Numbers_To_User"/>
  <testcase name="Add_Tracking_Number" time="0.559" classname="Test_Data_Generation.Add_Tracking_Numbers_To_User"/>
  <testcase name="Add_Tracking_Number" time="0.534" classname="Test_Data_Generation.Add_Tracking_Numbers_To_User"/>
  <testcase name="Add_Tracking_Number" time="0.507" classname="Test_Data_Generation.Add_Tracking_Numbers_To_User"/>
  <testcase name="Add_Tracking_Number" time="0.558" classname="Test_Data_Generation.Add_Tracking_Numbers_To_User"/>
  <testcase name="Add_Tracking_Number" time="0.535" classname="Test_Data_Generation.Add_Tracking_Numbers_To_User"/>
  <testcase name="Add_Tracking_Number" time="0.293" classname="Test_Data_Generation.Add_Tracking_Numbers_To_User"/>
  <testcase name="Add_Tracking_Number" time="0.063" classname="Test_Data_Generation.Add_Tracking_Numbers_To_User"/>
  <testcase name="Add_Tracking_Number" time="0.562" classname="Test_Data_Generation.Add_Tracking_Numbers_To_User"/>
  <testcase name="Add_Tracking_Number" time="0.581" classname="Test_Data_Generation.Add_Tracking_Numbers_To_User"/>
  <testcase name="Add_Tracking_Number" time="0.535" classname="Test_Data_Generation.Add_Tracking_Numbers_To_User"/>
  <testcase name="Add_Tracking_Number" time="0.549" classname="Test_Data_Generation.Add_Tracking_Numbers_To_User"/>
  <testcase name="Add_Tracking_Number" time="0.519" classname="Test_Data_Generation.Add_Tracking_Numbers_To_User"/>
  <testcase name="Add_Tracking_Number" time="0.613" classname="Test_Data_Generation.Add_Tracking_Numbers_To_User"/>
  <testcase name="Add_Tracking_Number" time="0.479" classname="Test_Data_Generation.Add_Tracking_Numbers_To_User"/>
  <testcase name="Add_Tracking_Number" time="0.571" classname="Test_Data_Generation.Add_Tracking_Numbers_To_User"/>
  <testcase name="Add_Tracking_Number" time="0.495" classname="Test_Data_Generation.Add_Tracking_Numbers_To_User"/>
  <testcase name="Add_Tracking_Number" time="0.491" classname="Test_Data_Generation.Add_Tracking_Numbers_To_User"/>
  <testcase name="Add_Tracking_Number" time="0.546" classname="Test_Data_Generation.Add_Tracking_Numbers_To_User"/>
  <testcase name="Add_Tracking_Number" time="0.482" classname="Test_Data_Generation.Add_Tracking_Numbers_To_User"/>
  <testcase name="Add_Tracking_Number" time="0.552" classname="Test_Data_Generation.Add_Tracking_Numbers_To_User"/>
  <testcase name="Add_Tracking_Number" time="0.585" classname="Test_Data_Generation.Add_Tracking_Numbers_To_User"/>
  <testcase name="Add_Tracking_Number" time="0.462" classname="Test_Data_Generation.Add_Tracking_Numbers_To_User"/>
  <testcase name="Add_Tracking_Number" time="0.557" classname="Test_Data_Generation.Add_Tracking_Numbers_To_User"/>
  <testcase name="Add_Tracking_Number" time="0.544" classname="Test_Data_Generation.Add_Tracking_Numbers_To_User"/>
  <testcase name="Add_Tracking_Number" time="0.560" classname="Test_Data_Generation.Add_Tracking_Numbers_To_User"/>
  <testcase name="Add_Tracking_Number" time="0.499" classname="Test_Data_Generation.Add_Tracking_Numbers_To_User"/>
  <testcase name="Add_Tracking_Number" time="0.591" classname="Test_Data_Generation.Add_Tracking_Numbers_To_User"/>
  <testcase name="Add_Tracking_Number" time="0.524" classname="Test_Data_Generation.Add_Tracking_Numbers_To_User"/>
  <testcase name="Add_Tracking_Number" time="0.537" classname="Test_Data_Generation.Add_Tracking_Numbers_To_User"/>
  <testcase name="Add_Tracking_Number" time="0.120" classname="Test_Data_Generation.Add_Tracking_Numbers_To_User"/>
  <testcase name="Add_Tracking_Number" time="0.524" classname="Test_Data_Generation.Add_Tracking_Numbers_To_User"/>
  <testcase name="Add_Tracking_Number" time="0.509" classname="Test_Data_Generation.Add_Tracking_Numbers_To_User"/>
  <testcase name="Add_Tracking_Number" time="0.479" classname="Test_Data_Generation.Add_Tracking_Numbers_To_User"/>
  <testcase name="Add_Tracking_Number" time="0.841" classname="Test_Data_Generation.Add_Tracking_Numbers_To_User"/>
  <testcase name="Add_Tracking_Number" time="0.514" classname="Test_Data_Generation.Add_Tracking_Numbers_To_User"/>
  <testcase name="Add_Tracking_Number" time="0.514" classname="Test_Data_Generation.Add_Tracking_Numbers_To_User"/>
  <testcase name="Add_Tracking_Number" time="0.513" classname="Test_Data_Generation.Add_Tracking_Numbers_To_User"/>
  <testcase name="Add_Tracking_Number" time="0.596" classname="Test_Data_Generation.Add_Tracking_Numbers_To_User"/>
  <testcase name="Add_Tracking_Number" time="0.529" classname="Test_Data_Generation.Add_Tracking_Numbers_To_User"/>
  <testcase name="Add_Tracking_Number" time="0.478" classname="Test_Data_Generation.Add_Tracking_Numbers_To_User"/>
  <testcase name="Add_Tracking_Number" time="0.526" classname="Test_Data_Generation.Add_Tracking_Numbers_To_User"/>
  <testcase name="Add_Tracking_Number" time="0.529" classname="Test_Data_Generation.Add_Tracking_Numbers_To_User"/>
  <testcase name="Add_Tracking_Number" time="0.556" classname="Test_Data_Generation.Add_Tracking_Numbers_To_User"/>
  <testcase name="Add_Tracking_Number" time="0.566" classname="Test_Data_Generation.Add_Tracking_Numbers_To_User"/>
  <testcase name="Add_Tracking_Number" time="0.517" classname="Test_Data_Generation.Add_Tracking_Numbers_To_User"/>
  <testcase name="Add_Tracking_Number" time="0.483" classname="Test_Data_Generation.Add_Tracking_Numbers_To_User"/>
  <testcase name="Add_Tracking_Number" time="0.525" classname="Test_Data_Generation.Add_Tracking_Numbers_To_User"/>
  <testcase name="Add_Tracking_Number" time="0.472" classname="Test_Data_Generation.Add_Tracking_Numbers_To_User"/>
  <testcase name="Add_Tracking_Number" time="0.705" classname="Test_Data_Generation.Add_Tracking_Numbers_To_User"/>
  <testcase name="Add_Tracking_Number" time="0.044" classname="Test_Data_Generation.Add_Tracking_Numbers_To_User"/>
  <testcase name="Add_Tracking_Number" time="0.553" classname="Test_Data_Generation.Add_Tracking_Numbers_To_User"/>
  <testcase name="Add_Tracking_Number" time="0.491" classname="Test_Data_Generation.Add_Tracking_Numbers_To_User"/>
  <testcase name="Add_Tracking_Number" time="0.496" classname="Test_Data_Generation.Add_Tracking_Numbers_To_User"/>
  <testcase name="Add_Tracking_Number" time="0.709" classname="Test_Data_Generation.Add_Tracking_Numbers_To_User"/>
  <testcase name="Add_Tracking_Number" time="0.642" classname="Test_Data_Generation.Add_Tracking_Numbers_To_User"/>
  <testcase name="Add_Tracking_Number" time="0.217" classname="Test_Data_Generation.Add_Tracking_Numbers_To_User"/>
  <testcase name="Add_Tracking_Number" time="0.581" classname="Test_Data_Generation.Add_Tracking_Numbers_To_User"/>
  <testcase name="Add_Tracking_Number" time="0.565" classname="Test_Data_Generation.Add_Tracking_Numbers_To_User"/>
  <testcase name="Add_Tracking_Number" time="0.488" classname="Test_Data_Generation.Add_Tracking_Numbers_To_User"/>
  <testcase name="Add_Tracking_Number" time="0.508" classname="Test_Data_Generation.Add_Tracking_Numbers_To_User"/>
  <testcase name="Add_Tracking_Number" time="0.510" classname="Test_Data_Generation.Add_Tracking_Numbers_To_User"/>
  <testcase name="Add_Tracking_Number" time="0.544" classname="Test_Data_Generation.Add_Tracking_Numbers_To_User"/>
  <testcase name="Add_Tracking_Number" time="0.566" classname="Test_Data_Generation.Add_Tracking_Numbers_To_User"/>
  <testcase name="Add_Tracking_Number" time="0.449" classname="Test_Data_Generation.Add_Tracking_Numbers_To_User"/>
  <testcase name="Add_Tracking_Number" time="0.483" classname="Test_Data_Generation.Add_Tracking_Numbers_To_User"/>
  <testcase name="Add_Tracking_Number" time="0.654" classname="Test_Data_Generation.Add_Tracking_Numbers_To_User"/>
  <testcase name="Add_Tracking_Number" time="0.562" classname="Test_Data_Generation.Add_Tracking_Numbers_To_User"/>
  <testcase name="Add_Tracking_Number" time="0.474" classname="Test_Data_Generation.Add_Tracking_Numbers_To_User"/>
  <testcase name="Add_Tracking_Number" time="0.588" classname="Test_Data_Generation.Add_Tracking_Numbers_To_User"/>
  <testcase name="Add_Tracking_Number" time="0.544" classname="Test_Data_Generation.Add_Tracking_Numbers_To_User"/>
  <testcase name="Add_Tracking_Number" time="0.565" classname="Test_Data_Generation.Add_Tracking_Numbers_To_User"/>
  <testcase name="Add_Tracking_Number" time="0.629" classname="Test_Data_Generation.Add_Tracking_Numbers_To_User"/>
  <testcase name="Add_Tracking_Number" time="0.484" classname="Test_Data_Generation.Add_Tracking_Numbers_To_User"/>
  <testcase name="Add_Tracking_Number" time="0.562" classname="Test_Data_Generation.Add_Tracking_Numbers_To_User"/>
  <testcase name="Add_Tracking_Number" time="0.526" classname="Test_Data_Generation.Add_Tracking_Numbers_To_User"/>
  <testcase name="Add_Tracking_Number" time="0.561" classname="Test_Data_Generation.Add_Tracking_Numbers_To_User"/>
  <testcase name="Add_Tracking_Number" time="0.549" classname="Test_Data_Generation.Add_Tracking_Numbers_To_User"/>
  <testcase name="Add_Tracking_Number" time="0.640" classname="Test_Data_Generation.Add_Tracking_Numbers_To_User"/>
  <testcase name="Add_Tracking_Number" time="0.524" classname="Test_Data_Generation.Add_Tracking_Numbers_To_User"/>
  <testcase name="Add_Tracking_Number" time="0.554" classname="Test_Data_Generation.Add_Tracking_Numbers_To_User"/>
  <testcase name="Add_Tracking_Number" time="0.336" classname="Test_Data_Generation.Add_Tracking_Numbers_To_User"/>
  <testcase name="Add_Tracking_Number" time="0.755" classname="Test_Data_Generation.Add_Tracking_Numbers_To_User"/>
  <testcase name="Add_Tracking_Number" time="0.459" classname="Test_Data_Generation.Add_Tracking_Numbers_To_User"/>
  <testcase name="Add_Tracking_Number" time="0.469" classname="Test_Data_Generation.Add_Tracking_Numbers_To_User"/>
  <testcase name="Add_Tracking_Number" time="0.652" classname="Test_Data_Generation.Add_Tracking_Numbers_To_User"/>
  <testcase name="Add_Tracking_Number" time="0.565" classname="Test_Data_Generation.Add_Tracking_Numbers_To_User"/>
  <testcase name="Add_Tracking_Number" time="0.502" classname="Test_Data_Generation.Add_Tracking_Numbers_To_User"/>
  <testcase name="Add_Tracking_Number" time="0.510" classname="Test_Data_Generation.Add_Tracking_Numbers_To_User"/>
  <testcase name="Add_Tracking_Number" time="0.514" classname="Test_Data_Generation.Add_Tracking_Numbers_To_User"/>
  <testcase name="Add_Tracking_Number" time="0.045" classname="Test_Data_Generation.Add_Tracking_Numbers_To_User"/>
  <testcase name="Add_Tracking_Number" time="0.493" classname="Test_Data_Generation.Add_Tracking_Numbers_To_User"/>
  <testcase name="Add_Tracking_Number" time="0.571" classname="Test_Data_Generation.Add_Tracking_Numbers_To_User"/>
  <testcase name="Add_Tracking_Number" time="0.465" classname="Test_Data_Generation.Add_Tracking_Numbers_To_User"/>
  <testcase name="Add_Tracking_Number" time="0.485" classname="Test_Data_Generation.Add_Tracking_Numbers_To_User"/>
  <testcase name="Add_Tracking_Number" time="0.532" classname="Test_Data_Generation.Add_Tracking_Numbers_To_User"/>
  <testcase name="Add_Tracking_Number" time="0.475" classname="Test_Data_Generation.Add_Tracking_Numbers_To_User"/>
  <testcase name="Add_Tracking_Number" time="0.669" classname="Test_Data_Generation.Add_Tracking_Numbers_To_User"/>
  <testcase name="Add_Tracking_Number" time="0.590" classname="Test_Data_Generation.Add_Tracking_Numbers_To_User"/>
  <testcase name="Add_Tracking_Number" time="0.482" classname="Test_Data_Generation.Add_Tracking_Numbers_To_User"/>
  <testcase name="Add_Tracking_Number" time="0.455" classname="Test_Data_Generation.Add_Tracking_Numbers_To_User"/>
  <testcase name="Add_Tracking_Number" time="0.529" classname="Test_Data_Generation.Add_Tracking_Numbers_To_User"/>
  <testcase name="Add_Tracking_Number" time="0.458" classname="Test_Data_Generation.Add_Tracking_Numbers_To_User"/>
  <testcase name="Add_Tracking_Number" time="0.444" classname="Test_Data_Generation.Add_Tracking_Numbers_To_User"/>
  <testcase name="Add_Tracking_Number" time="1.226" classname="Test_Data_Generation.Add_Tracking_Numbers_To_User"/>
  <testcase name="Add_Tracking_Number" time="0.517" classname="Test_Data_Generation.Add_Tracking_Numbers_To_User"/>
  <testcase name="Add_Tracking_Number" time="0.639" classname="Test_Data_Generation.Add_Tracking_Numbers_To_User"/>
  <testcase name="Add_Tracking_Number" time="0.459" classname="Test_Data_Generation.Add_Tracking_Numbers_To_User"/>
  <testcase name="Add_Tracking_Number" time="0.618" classname="Test_Data_Generation.Add_Tracking_Numbers_To_User"/>
  <testcase name="Add_Tracking_Number" time="0.567" classname="Test_Data_Generation.Add_Tracking_Numbers_To_User"/>
  <testcase name="Add_Tracking_Number" time="0.478" classname="Test_Data_Generation.Add_Tracking_Numbers_To_User"/>
  <testcase name="Add_Tracking_Number" time="0.478" classname="Test_Data_Generation.Add_Tracking_Numbers_To_User"/>
  <testcase name="Add_Tracking_Number" time="0.581" classname="Test_Data_Generation.Add_Tracking_Numbers_To_User"/>
  <testcase name="Add_Tracking_Number" time="0.481" classname="Test_Data_Generation.Add_Tracking_Numbers_To_User"/>
  <testcase name="Add_Tracking_Number" time="0.632" classname="Test_Data_Generation.Add_Tracking_Numbers_To_User"/>
  <testcase name="Add_Tracking_Number" time="0.529" classname="Test_Data_Generation.Add_Tracking_Numbers_To_User"/>
  <testcase name="Add_Tracking_Number" time="0.543" classname="Test_Data_Generation.Add_Tracking_Numbers_To_User"/>
  <testcase name="Add_Tracking_Number" time="0.585" classname="Test_Data_Generation.Add_Tracking_Numbers_To_User"/>
  <testcase name="Add_Tracking_Number" time="0.448" classname="Test_Data_Generation.Add_Tracking_Numbers_To_User">
    <failure type="java.lang.AssertionError" message="
Expected: a string containing &quot;{\&quot;successful\&quot;:true&quot;
     but: was &quot;{&quot;ShipmentOptionResponse&quot;:{&quot;successful&quot;:false,&quot;errorList&quot;:[{&quot;code&quot;:&quot;2997&quot;,&quot;message&quot;:&quot;TRAQS connection/request problem&quot;,&quot;source&quot;:null,&quot;rootCause&quot;:null}],&quot;alerts&quot;:null,&quot;cxsalerts&quot;:null}}&quot;">
      <![CDATA[java.lang.AssertionError: 
Expected: a string containing "{\"successful\":true"
     but: was "{"ShipmentOptionResponse":{"successful":false,"errorList":[{"code":"2997","message":"TRAQS connection/request problem","source":null,"rootCause":null}],"alerts":null,"cxsalerts":null}}"
at org.hamcrest.MatcherAssert.assertThat(MatcherAssert.java:20)
at org.junit.Assert.assertThat(Assert.java:956)
at org.junit.Assert.assertThat(Assert.java:923)
at Test_Data_Generation.Add_Tracking_Numbers_To_User.Add_Tracking_Number(Add_Tracking_Numbers_To_User.java:69)
at sun.reflect.GeneratedMethodAccessor2.invoke(Unknown Source)
at sun.reflect.DelegatingMethodAccessorImpl.invoke(Unknown Source)
at java.lang.reflect.Method.invoke(Unknown Source)
at org.testng.internal.MethodInvocationHelper.invokeMethod(MethodInvocationHelper.java:124)
at org.testng.internal.Invoker.invokeMethod(Invoker.java:580)
at org.testng.internal.Invoker.invokeTestMethod(Invoker.java:716)
at org.testng.internal.TestMethodWithDataProviderMethodWorker.call(TestMethodWithDataProviderMethodWorker.java:71)
at org.testng.internal.TestMethodWithDataProviderMethodWorker.call(TestMethodWithDataProviderMethodWorker.java:14)
at java.util.concurrent.FutureTask.run(Unknown Source)
at java.util.concurrent.Executors$RunnableAdapter.call(Unknown Source)
at java.util.concurrent.FutureTask.run(Unknown Source)
at java.util.concurrent.ThreadPoolExecutor.runWorker(Unknown Source)
at java.util.concurrent.ThreadPoolExecutor$Worker.run(Unknown Source)
at java.lang.Thread.run(Unknown Source)
]]>
    </failure>
  </testcase> <!-- Add_Tracking_Number -->
  <testcase name="Add_Tracking_Number" time="0.514" classname="Test_Data_Generation.Add_Tracking_Numbers_To_User"/>
  <testcase name="Add_Tracking_Number" time="0.501" classname="Test_Data_Generation.Add_Tracking_Numbers_To_User"/>
  <testcase name="Add_Tracking_Number" time="0.531" classname="Test_Data_Generation.Add_Tracking_Numbers_To_User"/>
  <testcase name="Add_Tracking_Number" time="0.623" classname="Test_Data_Generation.Add_Tracking_Numbers_To_User"/>
  <testcase name="Add_Tracking_Number" time="0.522" classname="Test_Data_Generation.Add_Tracking_Numbers_To_User"/>
  <testcase name="Add_Tracking_Number" time="0.466" classname="Test_Data_Generation.Add_Tracking_Numbers_To_User"/>
  <testcase name="Add_Tracking_Number" time="0.454" classname="Test_Data_Generation.Add_Tracking_Numbers_To_User"/>
  <testcase name="Add_Tracking_Number" time="0.509" classname="Test_Data_Generation.Add_Tracking_Numbers_To_User"/>
  <testcase name="Add_Tracking_Number" time="0.580" classname="Test_Data_Generation.Add_Tracking_Numbers_To_User"/>
  <testcase name="Add_Tracking_Number" time="0.485" classname="Test_Data_Generation.Add_Tracking_Numbers_To_User"/>
  <testcase name="Add_Tracking_Number" time="0.726" classname="Test_Data_Generation.Add_Tracking_Numbers_To_User"/>
  <testcase name="Add_Tracking_Number" time="0.524" classname="Test_Data_Generation.Add_Tracking_Numbers_To_User"/>
  <testcase name="Add_Tracking_Number" time="0.047" classname="Test_Data_Generation.Add_Tracking_Numbers_To_User"/>
  <testcase name="Add_Tracking_Number" time="0.534" classname="Test_Data_Generation.Add_Tracking_Numbers_To_User"/>
  <testcase name="Add_Tracking_Number" time="0.542" classname="Test_Data_Generation.Add_Tracking_Numbers_To_User"/>
  <testcase name="Add_Tracking_Number" time="0.545" classname="Test_Data_Generation.Add_Tracking_Numbers_To_User"/>
  <testcase name="Add_Tracking_Number" time="0.590" classname="Test_Data_Generation.Add_Tracking_Numbers_To_User"/>
  <testcase name="Add_Tracking_Number" time="0.773" classname="Test_Data_Generation.Add_Tracking_Numbers_To_User"/>
  <testcase name="Add_Tracking_Number" time="0.506" classname="Test_Data_Generation.Add_Tracking_Numbers_To_User"/>
  <testcase name="Add_Tracking_Number" time="0.558" classname="Test_Data_Generation.Add_Tracking_Numbers_To_User"/>
  <testcase name="Add_Tracking_Number" time="0.573" classname="Test_Data_Generation.Add_Tracking_Numbers_To_User"/>
  <testcase name="Add_Tracking_Number" time="0.456" classname="Test_Data_Generation.Add_Tracking_Numbers_To_User"/>
  <testcase name="Add_Tracking_Number" time="0.580" classname="Test_Data_Generation.Add_Tracking_Numbers_To_User"/>
  <testcase name="Add_Tracking_Number" time="0.788" classname="Test_Data_Generation.Add_Tracking_Numbers_To_User"/>
  <testcase name="Add_Tracking_Number" time="0.499" classname="Test_Data_Generation.Add_Tracking_Numbers_To_User"/>
  <testcase name="Add_Tracking_Number" time="0.594" classname="Test_Data_Generation.Add_Tracking_Numbers_To_User"/>
  <testcase name="Add_Tracking_Number" time="0.465" classname="Test_Data_Generation.Add_Tracking_Numbers_To_User"/>
  <testcase name="Add_Tracking_Number" time="0.843" classname="Test_Data_Generation.Add_Tracking_Numbers_To_User"/>
  <testcase name="Add_Tracking_Number" time="0.688" classname="Test_Data_Generation.Add_Tracking_Numbers_To_User"/>
  <testcase name="Add_Tracking_Number" time="0.469" classname="Test_Data_Generation.Add_Tracking_Numbers_To_User"/>
  <testcase name="Add_Tracking_Number" time="0.060" classname="Test_Data_Generation.Add_Tracking_Numbers_To_User"/>
  <testcase name="Add_Tracking_Number" time="0.505" classname="Test_Data_Generation.Add_Tracking_Numbers_To_User"/>
  <testcase name="Add_Tracking_Number" time="0.573" classname="Test_Data_Generation.Add_Tracking_Numbers_To_User"/>
  <testcase name="Add_Tracking_Number" time="0.520" classname="Test_Data_Generation.Add_Tracking_Numbers_To_User"/>
  <testcase name="Add_Tracking_Number" time="0.540" classname="Test_Data_Generation.Add_Tracking_Numbers_To_User"/>
  <testcase name="Add_Tracking_Number" time="0.351" classname="Test_Data_Generation.Add_Tracking_Numbers_To_User"/>
  <testcase name="Add_Tracking_Number" time="0.546" classname="Test_Data_Generation.Add_Tracking_Numbers_To_User"/>
  <testcase name="Add_Tracking_Number" time="0.504" classname="Test_Data_Generation.Add_Tracking_Numbers_To_User"/>
  <testcase name="Add_Tracking_Number" time="0.508" classname="Test_Data_Generation.Add_Tracking_Numbers_To_User"/>
  <testcase name="Add_Tracking_Number" time="0.121" classname="Test_Data_Generation.Add_Tracking_Numbers_To_User"/>
  <testcase name="Add_Tracking_Number" time="0.528" classname="Test_Data_Generation.Add_Tracking_Numbers_To_User"/>
  <testcase name="Add_Tracking_Number" time="0.471" classname="Test_Data_Generation.Add_Tracking_Numbers_To_User"/>
  <testcase name="Add_Tracking_Number" time="0.461" classname="Test_Data_Generation.Add_Tracking_Numbers_To_User"/>
  <testcase name="Add_Tracking_Number" time="0.582" classname="Test_Data_Generation.Add_Tracking_Numbers_To_User"/>
  <testcase name="Add_Tracking_Number" time="0.492" classname="Test_Data_Generation.Add_Tracking_Numbers_To_User"/>
  <testcase name="Add_Tracking_Number" time="0.519" classname="Test_Data_Generation.Add_Tracking_Numbers_To_User"/>
  <testcase name="Add_Tracking_Number" time="0.510" classname="Test_Data_Generation.Add_Tracking_Numbers_To_User"/>
  <testcase name="Add_Tracking_Number" time="0.566" classname="Test_Data_Generation.Add_Tracking_Numbers_To_User"/>
  <testcase name="Add_Tracking_Number" time="0.558" classname="Test_Data_Generation.Add_Tracking_Numbers_To_User"/>
  <testcase name="Add_Tracking_Number" time="0.566" classname="Test_Data_Generation.Add_Tracking_Numbers_To_User"/>
  <testcase name="Add_Tracking_Number" time="0.528" classname="Test_Data_Generation.Add_Tracking_Numbers_To_User"/>
  <testcase name="Add_Tracking_Number" time="0.468" classname="Test_Data_Generation.Add_Tracking_Numbers_To_User"/>
  <testcase name="Add_Tracking_Number" time="0.668" classname="Test_Data_Generation.Add_Tracking_Numbers_To_User"/>
  <testcase name="Add_Tracking_Number" time="0.810" classname="Test_Data_Generation.Add_Tracking_Numbers_To_User"/>
  <testcase name="Add_Tracking_Number" time="0.773" classname="Test_Data_Generation.Add_Tracking_Numbers_To_User"/>
  <testcase name="Add_Tracking_Number" time="0.611" classname="Test_Data_Generation.Add_Tracking_Numbers_To_User"/>
  <testcase name="Add_Tracking_Number" time="0.666" classname="Test_Data_Generation.Add_Tracking_Numbers_To_User"/>
  <testcase name="Add_Tracking_Number" time="0.548" classname="Test_Data_Generation.Add_Tracking_Numbers_To_User"/>
  <testcase name="Add_Tracking_Number" time="0.491" classname="Test_Data_Generation.Add_Tracking_Numbers_To_User"/>
  <testcase name="Add_Tracking_Number" time="0.519" classname="Test_Data_Generation.Add_Tracking_Numbers_To_User"/>
  <testcase name="Add_Tracking_Number" time="0.320" classname="Test_Data_Generation.Add_Tracking_Numbers_To_User"/>
  <testcase name="Add_Tracking_Number" time="22.568" classname="Test_Data_Generation.Add_Tracking_Numbers_To_User"/>
  <testcase name="Add_Tracking_Number" time="0.564" classname="Test_Data_Generation.Add_Tracking_Numbers_To_User"/>
  <testcase name="Add_Tracking_Number" time="0.541" classname="Test_Data_Generation.Add_Tracking_Numbers_To_User"/>
  <testcase name="Add_Tracking_Number" time="0.551" classname="Test_Data_Generation.Add_Tracking_Numbers_To_User"/>
  <testcase name="Add_Tracking_Number" time="0.474" classname="Test_Data_Generation.Add_Tracking_Numbers_To_User"/>
  <testcase name="Add_Tracking_Number" time="0.489" classname="Test_Data_Generation.Add_Tracking_Numbers_To_User"/>
  <testcase name="Add_Tracking_Number" time="0.520" classname="Test_Data_Generation.Add_Tracking_Numbers_To_User"/>
  <testcase name="Add_Tracking_Number" time="0.538" classname="Test_Data_Generation.Add_Tracking_Numbers_To_User"/>
  <testcase name="Add_Tracking_Number" time="0.510" classname="Test_Data_Generation.Add_Tracking_Numbers_To_User"/>
  <testcase name="Add_Tracking_Number" time="0.502" classname="Test_Data_Generation.Add_Tracking_Numbers_To_User"/>
  <testcase name="Add_Tracking_Number" time="0.621" classname="Test_Data_Generation.Add_Tracking_Numbers_To_User"/>
  <testcase name="Add_Tracking_Number" time="0.496" classname="Test_Data_Generation.Add_Tracking_Numbers_To_User"/>
  <testcase name="Add_Tracking_Number" time="0.535" classname="Test_Data_Generation.Add_Tracking_Numbers_To_User"/>
  <testcase name="Add_Tracking_Number" time="0.538" classname="Test_Data_Generation.Add_Tracking_Numbers_To_User"/>
  <testcase name="Add_Tracking_Number" time="0.586" classname="Test_Data_Generation.Add_Tracking_Numbers_To_User"/>
  <testcase name="Add_Tracking_Number" time="0.746" classname="Test_Data_Generation.Add_Tracking_Numbers_To_User"/>
  <testcase name="Add_Tracking_Number" time="0.497" classname="Test_Data_Generation.Add_Tracking_Numbers_To_User"/>
  <testcase name="Add_Tracking_Number" time="0.591" classname="Test_Data_Generation.Add_Tracking_Numbers_To_User"/>
  <testcase name="Add_Tracking_Number" time="0.477" classname="Test_Data_Generation.Add_Tracking_Numbers_To_User"/>
  <testcase name="Add_Tracking_Number" time="0.660" classname="Test_Data_Generation.Add_Tracking_Numbers_To_User"/>
  <testcase name="Add_Tracking_Number" time="0.474" classname="Test_Data_Generation.Add_Tracking_Numbers_To_User"/>
  <testcase name="Add_Tracking_Number" time="0.674" classname="Test_Data_Generation.Add_Tracking_Numbers_To_User"/>
  <testcase name="Add_Tracking_Number" time="0.492" classname="Test_Data_Generation.Add_Tracking_Numbers_To_User"/>
  <testcase name="Add_Tracking_Number" time="0.578" classname="Test_Data_Generation.Add_Tracking_Numbers_To_User"/>
  <testcase name="Add_Tracking_Number" time="0.628" classname="Test_Data_Generation.Add_Tracking_Numbers_To_User"/>
  <testcase name="Add_Tracking_Number" time="0.567" classname="Test_Data_Generation.Add_Tracking_Numbers_To_User"/>
  <testcase name="Add_Tracking_Number" time="0.528" classname="Test_Data_Generation.Add_Tracking_Numbers_To_User"/>
  <testcase name="Add_Tracking_Number" time="0.496" classname="Test_Data_Generation.Add_Tracking_Numbers_To_User"/>
  <testcase name="Add_Tracking_Number" time="0.614" classname="Test_Data_Generation.Add_Tracking_Numbers_To_User"/>
  <testcase name="Add_Tracking_Number" time="0.567" classname="Test_Data_Generation.Add_Tracking_Numbers_To_User"/>
  <testcase name="Add_Tracking_Number" time="0.515" classname="Test_Data_Generation.Add_Tracking_Numbers_To_User"/>
  <testcase name="Add_Tracking_Number" time="0.486" classname="Test_Data_Generation.Add_Tracking_Numbers_To_User"/>
  <testcase name="Add_Tracking_Number" time="0.549" classname="Test_Data_Generation.Add_Tracking_Numbers_To_User"/>
  <testcase name="Add_Tracking_Number" time="0.444" classname="Test_Data_Generation.Add_Tracking_Numbers_To_User"/>
  <testcase name="Add_Tracking_Number" time="0.473" classname="Test_Data_Generation.Add_Tracking_Numbers_To_User"/>
  <testcase name="Add_Tracking_Number" time="0.545" classname="Test_Data_Generation.Add_Tracking_Numbers_To_User"/>
  <testcase name="Add_Tracking_Number" time="0.583" classname="Test_Data_Generation.Add_Tracking_Numbers_To_User"/>
  <testcase name="Add_Tracking_Number" time="0.609" classname="Test_Data_Generation.Add_Tracking_Numbers_To_User"/>
  <testcase name="Add_Tracking_Number" time="0.582" classname="Test_Data_Generation.Add_Tracking_Numbers_To_User"/>
  <testcase name="Add_Tracking_Number" time="0.562" classname="Test_Data_Generation.Add_Tracking_Numbers_To_User"/>
  <testcase name="Add_Tracking_Number" time="0.469" classname="Test_Data_Generation.Add_Tracking_Numbers_To_User"/>
  <testcase name="Add_Tracking_Number" time="0.545" classname="Test_Data_Generation.Add_Tracking_Numbers_To_User"/>
  <testcase name="Add_Tracking_Number" time="0.493" classname="Test_Data_Generation.Add_Tracking_Numbers_To_User"/>
  <testcase name="Add_Tracking_Number" time="0.534" classname="Test_Data_Generation.Add_Tracking_Numbers_To_User"/>
  <testcase name="Add_Tracking_Number" time="0.485" classname="Test_Data_Generation.Add_Tracking_Numbers_To_User"/>
  <testcase name="Add_Tracking_Number" time="0.559" classname="Test_Data_Generation.Add_Tracking_Numbers_To_User"/>
  <testcase name="Add_Tracking_Number" time="0.499" classname="Test_Data_Generation.Add_Tracking_Numbers_To_User"/>
  <testcase name="Add_Tracking_Number" time="0.492" classname="Test_Data_Generation.Add_Tracking_Numbers_To_User"/>
  <testcase name="Add_Tracking_Number" time="0.516" classname="Test_Data_Generation.Add_Tracking_Numbers_To_User"/>
  <testcase name="Add_Tracking_Number" time="0.523" classname="Test_Data_Generation.Add_Tracking_Numbers_To_User"/>
  <testcase name="Add_Tracking_Number" time="0.482" classname="Test_Data_Generation.Add_Tracking_Numbers_To_User"/>
  <testcase name="Add_Tracking_Number" time="0.497" classname="Test_Data_Generation.Add_Tracking_Numbers_To_User"/>
  <testcase name="Add_Tracking_Number" time="0.585" classname="Test_Data_Generation.Add_Tracking_Numbers_To_User"/>
  <testcase name="Add_Tracking_Number" time="0.594" classname="Test_Data_Generation.Add_Tracking_Numbers_To_User"/>
  <testcase name="Add_Tracking_Number" time="0.472" classname="Test_Data_Generation.Add_Tracking_Numbers_To_User"/>
  <testcase name="Add_Tracking_Number" time="0.561" classname="Test_Data_Generation.Add_Tracking_Numbers_To_User"/>
  <testcase name="Add_Tracking_Number" time="0.515" classname="Test_Data_Generation.Add_Tracking_Numbers_To_User"/>
  <testcase name="Add_Tracking_Number" time="0.540" classname="Test_Data_Generation.Add_Tracking_Numbers_To_User"/>
  <testcase name="Add_Tracking_Number" time="0.560" classname="Test_Data_Generation.Add_Tracking_Numbers_To_User"/>
  <testcase name="Add_Tracking_Number" time="0.527" classname="Test_Data_Generation.Add_Tracking_Numbers_To_User"/>
  <testcase name="Add_Tracking_Number" time="0.665" classname="Test_Data_Generation.Add_Tracking_Numbers_To_User"/>
  <testcase name="Add_Tracking_Number" time="0.495" classname="Test_Data_Generation.Add_Tracking_Numbers_To_User"/>
  <testcase name="Add_Tracking_Number" time="0.681" classname="Test_Data_Generation.Add_Tracking_Numbers_To_User"/>
  <testcase name="Add_Tracking_Number" time="0.501" classname="Test_Data_Generation.Add_Tracking_Numbers_To_User"/>
  <testcase name="Add_Tracking_Number" time="0.524" classname="Test_Data_Generation.Add_Tracking_Numbers_To_User"/>
  <testcase name="Add_Tracking_Number" time="0.469" classname="Test_Data_Generation.Add_Tracking_Numbers_To_User"/>
  <testcase name="Add_Tracking_Number" time="0.769" classname="Test_Data_Generation.Add_Tracking_Numbers_To_User"/>
  <testcase name="Add_Tracking_Number" time="0.548" classname="Test_Data_Generation.Add_Tracking_Numbers_To_User"/>
  <testcase name="Add_Tracking_Number" time="0.571" classname="Test_Data_Generation.Add_Tracking_Numbers_To_User"/>
  <testcase name="Add_Tracking_Number" time="0.562" classname="Test_Data_Generation.Add_Tracking_Numbers_To_User"/>
  <testcase name="Add_Tracking_Number" time="0.558" classname="Test_Data_Generation.Add_Tracking_Numbers_To_User"/>
  <testcase name="Add_Tracking_Number" time="0.589" classname="Test_Data_Generation.Add_Tracking_Numbers_To_User"/>
  <testcase name="Add_Tracking_Number" time="0.560" classname="Test_Data_Generation.Add_Tracking_Numbers_To_User"/>
  <testcase name="Add_Tracking_Number" time="0.546" classname="Test_Data_Generation.Add_Tracking_Numbers_To_User"/>
  <testcase name="Add_Tracking_Number" time="0.490" classname="Test_Data_Generation.Add_Tracking_Numbers_To_User"/>
  <testcase name="Add_Tracking_Number" time="0.489" classname="Test_Data_Generation.Add_Tracking_Numbers_To_User"/>
  <testcase name="Add_Tracking_Number" time="0.212" classname="Test_Data_Generation.Add_Tracking_Numbers_To_User"/>
  <testcase name="Add_Tracking_Number" time="1.544" classname="Test_Data_Generation.Add_Tracking_Numbers_To_User"/>
  <testcase name="Add_Tracking_Number" time="0.576" classname="Test_Data_Generation.Add_Tracking_Numbers_To_User"/>
  <testcase name="Add_Tracking_Number" time="0.545" classname="Test_Data_Generation.Add_Tracking_Numbers_To_User"/>
  <testcase name="Add_Tracking_Number" time="0.545" classname="Test_Data_Generation.Add_Tracking_Numbers_To_User"/>
  <testcase name="Add_Tracking_Number" time="0.565" classname="Test_Data_Generation.Add_Tracking_Numbers_To_User"/>
  <testcase name="Add_Tracking_Number" time="0.477" classname="Test_Data_Generation.Add_Tracking_Numbers_To_User"/>
  <testcase name="Add_Tracking_Number" time="0.673" classname="Test_Data_Generation.Add_Tracking_Numbers_To_User"/>
  <testcase name="Add_Tracking_Number" time="0.509" classname="Test_Data_Generation.Add_Tracking_Numbers_To_User"/>
  <testcase name="Add_Tracking_Number" time="0.057" classname="Test_Data_Generation.Add_Tracking_Numbers_To_User"/>
  <testcase name="Add_Tracking_Number" time="0.538" classname="Test_Data_Generation.Add_Tracking_Numbers_To_User"/>
  <testcase name="Add_Tracking_Number" time="0.537" classname="Test_Data_Generation.Add_Tracking_Numbers_To_User"/>
  <testcase name="Add_Tracking_Number" time="0.503" classname="Test_Data_Generation.Add_Tracking_Numbers_To_User"/>
  <testcase name="Add_Tracking_Number" time="0.534" classname="Test_Data_Generation.Add_Tracking_Numbers_To_User"/>
  <testcase name="Add_Tracking_Number" time="0.575" classname="Test_Data_Generation.Add_Tracking_Numbers_To_User"/>
  <testcase name="Add_Tracking_Number" time="0.450" classname="Test_Data_Generation.Add_Tracking_Numbers_To_User"/>
  <testcase name="Add_Tracking_Number" time="0.515" classname="Test_Data_Generation.Add_Tracking_Numbers_To_User"/>
  <testcase name="Add_Tracking_Number" time="0.654" classname="Test_Data_Generation.Add_Tracking_Numbers_To_User"/>
  <testcase name="Add_Tracking_Number" time="0.564" classname="Test_Data_Generation.Add_Tracking_Numbers_To_User"/>
  <testcase name="Add_Tracking_Number" time="0.497" classname="Test_Data_Generation.Add_Tracking_Numbers_To_User"/>
  <testcase name="Add_Tracking_Number" time="0.609" classname="Test_Data_Generation.Add_Tracking_Numbers_To_User"/>
  <testcase name="Add_Tracking_Number" time="0.530" classname="Test_Data_Generation.Add_Tracking_Numbers_To_User"/>
  <testcase name="Add_Tracking_Number" time="0.481" classname="Test_Data_Generation.Add_Tracking_Numbers_To_User"/>
  <testcase name="Add_Tracking_Number" time="0.476" classname="Test_Data_Generation.Add_Tracking_Numbers_To_User"/>
  <testcase name="Add_Tracking_Number" time="0.840" classname="Test_Data_Generation.Add_Tracking_Numbers_To_User"/>
  <testcase name="Add_Tracking_Number" time="0.733" classname="Test_Data_Generation.Add_Tracking_Numbers_To_User"/>
  <testcase name="Add_Tracking_Number" time="0.588" classname="Test_Data_Generation.Add_Tracking_Numbers_To_User"/>
  <testcase name="Add_Tracking_Number" time="0.523" classname="Test_Data_Generation.Add_Tracking_Numbers_To_User"/>
  <testcase name="Add_Tracking_Number" time="0.508" classname="Test_Data_Generation.Add_Tracking_Numbers_To_User"/>
  <testcase name="Add_Tracking_Number" time="0.608" classname="Test_Data_Generation.Add_Tracking_Numbers_To_User"/>
  <testcase name="Add_Tracking_Number" time="0.541" classname="Test_Data_Generation.Add_Tracking_Numbers_To_User"/>
  <testcase name="Add_Tracking_Number" time="0.468" classname="Test_Data_Generation.Add_Tracking_Numbers_To_User"/>
  <testcase name="Add_Tracking_Number" time="0.729" classname="Test_Data_Generation.Add_Tracking_Numbers_To_User"/>
  <testcase name="Add_Tracking_Number" time="0.580" classname="Test_Data_Generation.Add_Tracking_Numbers_To_User"/>
  <testcase name="Add_Tracking_Number" time="0.495" classname="Test_Data_Generation.Add_Tracking_Numbers_To_User"/>
  <testcase name="Add_Tracking_Number" time="0.757" classname="Test_Data_Generation.Add_Tracking_Numbers_To_User"/>
  <testcase name="Add_Tracking_Number" time="0.553" classname="Test_Data_Generation.Add_Tracking_Numbers_To_User"/>
  <testcase name="Add_Tracking_Number" time="1.047" classname="Test_Data_Generation.Add_Tracking_Numbers_To_User"/>
  <testcase name="Add_Tracking_Number" time="0.518" classname="Test_Data_Generation.Add_Tracking_Numbers_To_User"/>
  <testcase name="Add_Tracking_Number" time="0.726" classname="Test_Data_Generation.Add_Tracking_Numbers_To_User"/>
  <testcase name="Add_Tracking_Number" time="0.523" classname="Test_Data_Generation.Add_Tracking_Numbers_To_User"/>
  <testcase name="Add_Tracking_Number" time="0.513" classname="Test_Data_Generation.Add_Tracking_Numbers_To_User"/>
  <testcase name="Add_Tracking_Number" time="0.655" classname="Test_Data_Generation.Add_Tracking_Numbers_To_User"/>
  <testcase name="Add_Tracking_Number" time="0.484" classname="Test_Data_Generation.Add_Tracking_Numbers_To_User"/>
  <testcase name="Add_Tracking_Number" time="0.534" classname="Test_Data_Generation.Add_Tracking_Numbers_To_User"/>
  <testcase name="Add_Tracking_Number" time="0.727" classname="Test_Data_Generation.Add_Tracking_Numbers_To_User"/>
  <testcase name="Add_Tracking_Number" time="0.597" classname="Test_Data_Generation.Add_Tracking_Numbers_To_User"/>
  <testcase name="Add_Tracking_Number" time="0.490" classname="Test_Data_Generation.Add_Tracking_Numbers_To_User"/>
  <testcase name="Add_Tracking_Number" time="0.558" classname="Test_Data_Generation.Add_Tracking_Numbers_To_User"/>
  <testcase name="Add_Tracking_Number" time="0.530" classname="Test_Data_Generation.Add_Tracking_Numbers_To_User"/>
  <testcase name="Add_Tracking_Number" time="0.622" classname="Test_Data_Generation.Add_Tracking_Numbers_To_User"/>
  <testcase name="Add_Tracking_Number" time="0.606" classname="Test_Data_Generation.Add_Tracking_Numbers_To_User"/>
  <testcase name="Add_Tracking_Number" time="0.610" classname="Test_Data_Generation.Add_Tracking_Numbers_To_User"/>
  <testcase name="Add_Tracking_Number" time="0.562" classname="Test_Data_Generation.Add_Tracking_Numbers_To_User"/>
  <testcase name="Add_Tracking_Number" time="0.549" classname="Test_Data_Generation.Add_Tracking_Numbers_To_User"/>
  <testcase name="Add_Tracking_Number" time="0.626" classname="Test_Data_Generation.Add_Tracking_Numbers_To_User"/>
  <testcase name="Add_Tracking_Number" time="0.467" classname="Test_Data_Generation.Add_Tracking_Numbers_To_User"/>
  <testcase name="Add_Tracking_Number" time="0.454" classname="Test_Data_Generation.Add_Tracking_Numbers_To_User"/>
  <testcase name="Add_Tracking_Number" time="0.480" classname="Test_Data_Generation.Add_Tracking_Numbers_To_User"/>
  <testcase name="Add_Tracking_Number" time="0.585" classname="Test_Data_Generation.Add_Tracking_Numbers_To_User"/>
  <testcase name="Add_Tracking_Number" time="0.492" classname="Test_Data_Generation.Add_Tracking_Numbers_To_User"/>
  <testcase name="Add_Tracking_Number" time="0.704" classname="Test_Data_Generation.Add_Tracking_Numbers_To_User"/>
  <testcase name="Add_Tracking_Number" time="1.314" classname="Test_Data_Generation.Add_Tracking_Numbers_To_User"/>
  <testcase name="Add_Tracking_Number" time="0.480" classname="Test_Data_Generation.Add_Tracking_Numbers_To_User"/>
  <testcase name="Add_Tracking_Number" time="0.532" classname="Test_Data_Generation.Add_Tracking_Numbers_To_User"/>
  <testcase name="Add_Tracking_Number" time="0.529" classname="Test_Data_Generation.Add_Tracking_Numbers_To_User"/>
  <testcase name="Add_Tracking_Number" time="0.522" classname="Test_Data_Generation.Add_Tracking_Numbers_To_User"/>
  <testcase name="Add_Tracking_Number" time="0.583" classname="Test_Data_Generation.Add_Tracking_Numbers_To_User"/>
  <testcase name="Add_Tracking_Number" time="0.499" classname="Test_Data_Generation.Add_Tracking_Numbers_To_User"/>
  <testcase name="Add_Tracking_Number" time="0.519" classname="Test_Data_Generation.Add_Tracking_Numbers_To_User"/>
  <testcase name="Add_Tracking_Number" time="0.543" classname="Test_Data_Generation.Add_Tracking_Numbers_To_User"/>
  <testcase name="Add_Tracking_Number" time="0.567" classname="Test_Data_Generation.Add_Tracking_Numbers_To_User"/>
  <testcase name="Add_Tracking_Number" time="0.481" classname="Test_Data_Generation.Add_Tracking_Numbers_To_User"/>
  <testcase name="Add_Tracking_Number" time="0.604" classname="Test_Data_Generation.Add_Tracking_Numbers_To_User"/>
  <testcase name="Add_Tracking_Number" time="0.554" classname="Test_Data_Generation.Add_Tracking_Numbers_To_User"/>
  <testcase name="Add_Tracking_Number" time="0.537" classname="Test_Data_Generation.Add_Tracking_Numbers_To_User"/>
  <testcase name="Add_Tracking_Number" time="0.542" classname="Test_Data_Generation.Add_Tracking_Numbers_To_User"/>
  <testcase name="Add_Tracking_Number" time="0.522" classname="Test_Data_Generation.Add_Tracking_Numbers_To_User"/>
  <testcase name="Add_Tracking_Number" time="0.446" classname="Test_Data_Generation.Add_Tracking_Numbers_To_User"/>
  <testcase name="Add_Tracking_Number" time="0.597" classname="Test_Data_Generation.Add_Tracking_Numbers_To_User"/>
  <testcase name="Add_Tracking_Number" time="0.523" classname="Test_Data_Generation.Add_Tracking_Numbers_To_User"/>
  <testcase name="Add_Tracking_Number" time="0.614" classname="Test_Data_Generation.Add_Tracking_Numbers_To_User"/>
  <testcase name="Add_Tracking_Number" time="0.565" classname="Test_Data_Generation.Add_Tracking_Numbers_To_User"/>
  <testcase name="Add_Tracking_Number" time="0.616" classname="Test_Data_Generation.Add_Tracking_Numbers_To_User"/>
  <testcase name="Add_Tracking_Number" time="0.535" classname="Test_Data_Generation.Add_Tracking_Numbers_To_User"/>
  <testcase name="Add_Tracking_Number" time="0.550" classname="Test_Data_Generation.Add_Tracking_Numbers_To_User"/>
  <testcase name="Add_Tracking_Number" time="1.210" classname="Test_Data_Generation.Add_Tracking_Numbers_To_User"/>
  <testcase name="Add_Tracking_Number" time="0.512" classname="Test_Data_Generation.Add_Tracking_Numbers_To_User"/>
  <testcase name="Add_Tracking_Number" time="0.736" classname="Test_Data_Generation.Add_Tracking_Numbers_To_User"/>
  <testcase name="Add_Tracking_Number" time="0.526" classname="Test_Data_Generation.Add_Tracking_Numbers_To_User"/>
  <testcase name="Add_Tracking_Number" time="0.617" classname="Test_Data_Generation.Add_Tracking_Numbers_To_User"/>
  <testcase name="Add_Tracking_Number" time="0.656" classname="Test_Data_Generation.Add_Tracking_Numbers_To_User"/>
  <testcase name="Add_Tracking_Number" time="0.476" classname="Test_Data_Generation.Add_Tracking_Numbers_To_User"/>
  <testcase name="Add_Tracking_Number" time="0.615" classname="Test_Data_Generation.Add_Tracking_Numbers_To_User"/>
  <testcase name="Add_Tracking_Number" time="0.713" classname="Test_Data_Generation.Add_Tracking_Numbers_To_User"/>
  <testcase name="Add_Tracking_Number" time="0.577" classname="Test_Data_Generation.Add_Tracking_Numbers_To_User"/>
  <testcase name="Add_Tracking_Number" time="0.589" classname="Test_Data_Generation.Add_Tracking_Numbers_To_User"/>
  <testcase name="Add_Tracking_Number" time="0.545" classname="Test_Data_Generation.Add_Tracking_Numbers_To_User"/>
  <testcase name="Add_Tracking_Number" time="0.503" classname="Test_Data_Generation.Add_Tracking_Numbers_To_User"/>
  <testcase name="Add_Tracking_Number" time="0.495" classname="Test_Data_Generation.Add_Tracking_Numbers_To_User"/>
  <testcase name="Add_Tracking_Number" time="0.622" classname="Test_Data_Generation.Add_Tracking_Numbers_To_User"/>
  <testcase name="Add_Tracking_Number" time="0.507" classname="Test_Data_Generation.Add_Tracking_Numbers_To_User"/>
  <testcase name="Add_Tracking_Number" time="1.064" classname="Test_Data_Generation.Add_Tracking_Numbers_To_User"/>
  <testcase name="Add_Tracking_Number" time="0.599" classname="Test_Data_Generation.Add_Tracking_Numbers_To_User"/>
  <testcase name="Add_Tracking_Number" time="0.627" classname="Test_Data_Generation.Add_Tracking_Numbers_To_User"/>
  <testcase name="Add_Tracking_Number" time="0.553" classname="Test_Data_Generation.Add_Tracking_Numbers_To_User"/>
  <testcase name="Add_Tracking_Number" time="0.458" classname="Test_Data_Generation.Add_Tracking_Numbers_To_User"/>
  <testcase name="Add_Tracking_Number" time="0.485" classname="Test_Data_Generation.Add_Tracking_Numbers_To_User"/>
  <testcase name="Add_Tracking_Number" time="0.561" classname="Test_Data_Generation.Add_Tracking_Numbers_To_User"/>
  <testcase name="Add_Tracking_Number" time="0.526" classname="Test_Data_Generation.Add_Tracking_Numbers_To_User"/>
  <testcase name="Add_Tracking_Number" time="0.560" classname="Test_Data_Generation.Add_Tracking_Numbers_To_User"/>
  <testcase name="Add_Tracking_Number" time="0.558" classname="Test_Data_Generation.Add_Tracking_Numbers_To_User"/>
  <testcase name="Add_Tracking_Number" time="0.494" classname="Test_Data_Generation.Add_Tracking_Numbers_To_User"/>
  <testcase name="Add_Tracking_Number" time="0.522" classname="Test_Data_Generation.Add_Tracking_Numbers_To_User"/>
  <testcase name="Add_Tracking_Number" time="0.532" classname="Test_Data_Generation.Add_Tracking_Numbers_To_User"/>
  <testcase name="Add_Tracking_Number" time="0.559" classname="Test_Data_Generation.Add_Tracking_Numbers_To_User"/>
  <testcase name="Add_Tracking_Number" time="0.483" classname="Test_Data_Generation.Add_Tracking_Numbers_To_User"/>
  <testcase name="Add_Tracking_Number" time="0.485" classname="Test_Data_Generation.Add_Tracking_Numbers_To_User"/>
  <testcase name="Add_Tracking_Number" time="0.131" classname="Test_Data_Generation.Add_Tracking_Numbers_To_User"/>
  <testcase name="Add_Tracking_Number" time="0.509" classname="Test_Data_Generation.Add_Tracking_Numbers_To_User"/>
  <testcase name="Add_Tracking_Number" time="0.683" classname="Test_Data_Generation.Add_Tracking_Numbers_To_User"/>
  <testcase name="Add_Tracking_Number" time="0.568" classname="Test_Data_Generation.Add_Tracking_Numbers_To_User"/>
  <testcase name="Add_Tracking_Number" time="0.592" classname="Test_Data_Generation.Add_Tracking_Numbers_To_User"/>
  <testcase name="Add_Tracking_Number" time="0.526" classname="Test_Data_Generation.Add_Tracking_Numbers_To_User"/>
  <testcase name="Add_Tracking_Number" time="0.577" classname="Test_Data_Generation.Add_Tracking_Numbers_To_User"/>
  <testcase name="Add_Tracking_Number" time="0.555" classname="Test_Data_Generation.Add_Tracking_Numbers_To_User"/>
  <testcase name="Add_Tracking_Number" time="0.570" classname="Test_Data_Generation.Add_Tracking_Numbers_To_User"/>
  <testcase name="Add_Tracking_Number" time="0.598" classname="Test_Data_Generation.Add_Tracking_Numbers_To_User">
    <failure type="java.lang.AssertionError" message="
Expected: a string containing &quot;{\&quot;successful\&quot;:true&quot;
     but: was &quot;{&quot;ShipmentOptionResponse&quot;:{&quot;successful&quot;:false,&quot;errorList&quot;:[{&quot;code&quot;:&quot;2997&quot;,&quot;message&quot;:&quot;TRAQS connection/request problem&quot;,&quot;source&quot;:null,&quot;rootCause&quot;:null}],&quot;alerts&quot;:null,&quot;cxsalerts&quot;:null}}&quot;">
      <![CDATA[java.lang.AssertionError: 
Expected: a string containing "{\"successful\":true"
     but: was "{"ShipmentOptionResponse":{"successful":false,"errorList":[{"code":"2997","message":"TRAQS connection/request problem","source":null,"rootCause":null}],"alerts":null,"cxsalerts":null}}"
at org.hamcrest.MatcherAssert.assertThat(MatcherAssert.java:20)
at org.junit.Assert.assertThat(Assert.java:956)
at org.junit.Assert.assertThat(Assert.java:923)
at Test_Data_Generation.Add_Tracking_Numbers_To_User.Add_Tracking_Number(Add_Tracking_Numbers_To_User.java:69)
at sun.reflect.GeneratedMethodAccessor2.invoke(Unknown Source)
at sun.reflect.DelegatingMethodAccessorImpl.invoke(Unknown Source)
at java.lang.reflect.Method.invoke(Unknown Source)
at org.testng.internal.MethodInvocationHelper.invokeMethod(MethodInvocationHelper.java:124)
at org.testng.internal.Invoker.invokeMethod(Invoker.java:580)
at org.testng.internal.Invoker.invokeTestMethod(Invoker.java:716)
at org.testng.internal.TestMethodWithDataProviderMethodWorker.call(TestMethodWithDataProviderMethodWorker.java:71)
at org.testng.internal.TestMethodWithDataProviderMethodWorker.call(TestMethodWithDataProviderMethodWorker.java:14)
at java.util.concurrent.FutureTask.run(Unknown Source)
at java.util.concurrent.Executors$RunnableAdapter.call(Unknown Source)
at java.util.concurrent.FutureTask.run(Unknown Source)
at java.util.concurrent.ThreadPoolExecutor.runWorker(Unknown Source)
at java.util.concurrent.ThreadPoolExecutor$Worker.run(Unknown Source)
at java.lang.Thread.run(Unknown Source)
]]>
    </failure>
  </testcase> <!-- Add_Tracking_Number -->
  <testcase name="Add_Tracking_Number" time="0.764" classname="Test_Data_Generation.Add_Tracking_Numbers_To_User"/>
  <testcase name="Add_Tracking_Number" time="0.531" classname="Test_Data_Generation.Add_Tracking_Numbers_To_User"/>
  <testcase name="Add_Tracking_Number" time="0.553" classname="Test_Data_Generation.Add_Tracking_Numbers_To_User"/>
  <testcase name="Add_Tracking_Number" time="0.599" classname="Test_Data_Generation.Add_Tracking_Numbers_To_User"/>
  <testcase name="Add_Tracking_Number" time="0.513" classname="Test_Data_Generation.Add_Tracking_Numbers_To_User"/>
  <testcase name="Add_Tracking_Number" time="0.621" classname="Test_Data_Generation.Add_Tracking_Numbers_To_User"/>
  <testcase name="Add_Tracking_Number" time="0.480" classname="Test_Data_Generation.Add_Tracking_Numbers_To_User"/>
  <testcase name="Add_Tracking_Number" time="0.548" classname="Test_Data_Generation.Add_Tracking_Numbers_To_User"/>
  <testcase name="Add_Tracking_Number" time="0.484" classname="Test_Data_Generation.Add_Tracking_Numbers_To_User"/>
  <testcase name="Add_Tracking_Number" time="0.483" classname="Test_Data_Generation.Add_Tracking_Numbers_To_User"/>
  <testcase name="Add_Tracking_Number" time="0.547" classname="Test_Data_Generation.Add_Tracking_Numbers_To_User"/>
  <testcase name="Add_Tracking_Number" time="0.499" classname="Test_Data_Generation.Add_Tracking_Numbers_To_User"/>
  <testcase name="Add_Tracking_Number" time="0.600" classname="Test_Data_Generation.Add_Tracking_Numbers_To_User"/>
  <testcase name="Add_Tracking_Number" time="0.502" classname="Test_Data_Generation.Add_Tracking_Numbers_To_User"/>
  <testcase name="Add_Tracking_Number" time="0.534" classname="Test_Data_Generation.Add_Tracking_Numbers_To_User"/>
  <testcase name="Add_Tracking_Number" time="0.542" classname="Test_Data_Generation.Add_Tracking_Numbers_To_User"/>
  <testcase name="Add_Tracking_Number" time="0.539" classname="Test_Data_Generation.Add_Tracking_Numbers_To_User"/>
  <testcase name="Add_Tracking_Number" time="0.505" classname="Test_Data_Generation.Add_Tracking_Numbers_To_User"/>
  <testcase name="Add_Tracking_Number" time="0.537" classname="Test_Data_Generation.Add_Tracking_Numbers_To_User"/>
  <testcase name="Add_Tracking_Number" time="0.614" classname="Test_Data_Generation.Add_Tracking_Numbers_To_User"/>
  <testcase name="Add_Tracking_Number" time="0.490" classname="Test_Data_Generation.Add_Tracking_Numbers_To_User"/>
  <testcase name="Add_Tracking_Number" time="0.632" classname="Test_Data_Generation.Add_Tracking_Numbers_To_User"/>
  <testcase name="Add_Tracking_Number" time="0.464" classname="Test_Data_Generation.Add_Tracking_Numbers_To_User"/>
  <testcase name="Add_Tracking_Number" time="0.545" classname="Test_Data_Generation.Add_Tracking_Numbers_To_User"/>
  <testcase name="Add_Tracking_Number" time="0.471" classname="Test_Data_Generation.Add_Tracking_Numbers_To_User"/>
  <testcase name="Add_Tracking_Number" time="0.511" classname="Test_Data_Generation.Add_Tracking_Numbers_To_User"/>
  <testcase name="Add_Tracking_Number" time="1.220" classname="Test_Data_Generation.Add_Tracking_Numbers_To_User"/>
  <testcase name="Add_Tracking_Number" time="0.476" classname="Test_Data_Generation.Add_Tracking_Numbers_To_User"/>
  <testcase name="Add_Tracking_Number" time="0.569" classname="Test_Data_Generation.Add_Tracking_Numbers_To_User"/>
  <testcase name="Add_Tracking_Number" time="0.502" classname="Test_Data_Generation.Add_Tracking_Numbers_To_User"/>
  <testcase name="Add_Tracking_Number" time="0.592" classname="Test_Data_Generation.Add_Tracking_Numbers_To_User"/>
  <testcase name="Add_Tracking_Number" time="0.595" classname="Test_Data_Generation.Add_Tracking_Numbers_To_User"/>
  <testcase name="Add_Tracking_Number" time="0.557" classname="Test_Data_Generation.Add_Tracking_Numbers_To_User"/>
  <testcase name="Add_Tracking_Number" time="0.543" classname="Test_Data_Generation.Add_Tracking_Numbers_To_User"/>
  <testcase name="Add_Tracking_Number" time="0.560" classname="Test_Data_Generation.Add_Tracking_Numbers_To_User"/>
  <testcase name="Add_Tracking_Number" time="0.581" classname="Test_Data_Generation.Add_Tracking_Numbers_To_User"/>
  <testcase name="Add_Tracking_Number" time="0.528" classname="Test_Data_Generation.Add_Tracking_Numbers_To_User"/>
  <testcase name="Add_Tracking_Number" time="0.520" classname="Test_Data_Generation.Add_Tracking_Numbers_To_User"/>
  <testcase name="Add_Tracking_Number" time="0.494" classname="Test_Data_Generation.Add_Tracking_Numbers_To_User"/>
  <testcase name="Add_Tracking_Number" time="0.537" classname="Test_Data_Generation.Add_Tracking_Numbers_To_User"/>
  <testcase name="Add_Tracking_Number" time="0.528" classname="Test_Data_Generation.Add_Tracking_Numbers_To_User"/>
  <testcase name="Add_Tracking_Number" time="0.571" classname="Test_Data_Generation.Add_Tracking_Numbers_To_User"/>
  <testcase name="Add_Tracking_Number" time="0.508" classname="Test_Data_Generation.Add_Tracking_Numbers_To_User"/>
  <testcase name="Add_Tracking_Number" time="0.552" classname="Test_Data_Generation.Add_Tracking_Numbers_To_User"/>
  <testcase name="Add_Tracking_Number" time="0.517" classname="Test_Data_Generation.Add_Tracking_Numbers_To_User"/>
  <testcase name="Add_Tracking_Number" time="0.536" classname="Test_Data_Generation.Add_Tracking_Numbers_To_User"/>
  <testcase name="Add_Tracking_Number" time="0.577" classname="Test_Data_Generation.Add_Tracking_Numbers_To_User"/>
  <testcase name="Add_Tracking_Number" time="0.556" classname="Test_Data_Generation.Add_Tracking_Numbers_To_User"/>
  <testcase name="Add_Tracking_Number" time="0.547" classname="Test_Data_Generation.Add_Tracking_Numbers_To_User"/>
  <testcase name="Add_Tracking_Number" time="0.500" classname="Test_Data_Generation.Add_Tracking_Numbers_To_User"/>
  <testcase name="Add_Tracking_Number" time="0.638" classname="Test_Data_Generation.Add_Tracking_Numbers_To_User"/>
  <testcase name="Add_Tracking_Number" time="0.423" classname="Test_Data_Generation.Add_Tracking_Numbers_To_User"/>
  <testcase name="Add_Tracking_Number" time="0.502" classname="Test_Data_Generation.Add_Tracking_Numbers_To_User"/>
  <testcase name="Add_Tracking_Number" time="0.526" classname="Test_Data_Generation.Add_Tracking_Numbers_To_User"/>
  <testcase name="Add_Tracking_Number" time="0.535" classname="Test_Data_Generation.Add_Tracking_Numbers_To_User"/>
  <testcase name="Add_Tracking_Number" time="0.420" classname="Test_Data_Generation.Add_Tracking_Numbers_To_User"/>
  <testcase name="Add_Tracking_Number" time="0.669" classname="Test_Data_Generation.Add_Tracking_Numbers_To_User"/>
  <testcase name="Add_Tracking_Number" time="0.511" classname="Test_Data_Generation.Add_Tracking_Numbers_To_User"/>
  <testcase name="Add_Tracking_Number" time="0.448" classname="Test_Data_Generation.Add_Tracking_Numbers_To_User"/>
  <testcase name="Add_Tracking_Number" time="0.550" classname="Test_Data_Generation.Add_Tracking_Numbers_To_User"/>
  <testcase name="Add_Tracking_Number" time="0.320" classname="Test_Data_Generation.Add_Tracking_Numbers_To_User"/>
  <testcase name="Add_Tracking_Number" time="0.490" classname="Test_Data_Generation.Add_Tracking_Numbers_To_User"/>
  <testcase name="Add_Tracking_Number" time="0.619" classname="Test_Data_Generation.Add_Tracking_Numbers_To_User"/>
  <testcase name="Add_Tracking_Number" time="0.466" classname="Test_Data_Generation.Add_Tracking_Numbers_To_User"/>
  <testcase name="Add_Tracking_Number" time="0.617" classname="Test_Data_Generation.Add_Tracking_Numbers_To_User"/>
  <testcase name="Add_Tracking_Number" time="0.526" classname="Test_Data_Generation.Add_Tracking_Numbers_To_User"/>
  <testcase name="Add_Tracking_Number" time="0.706" classname="Test_Data_Generation.Add_Tracking_Numbers_To_User"/>
  <testcase name="Add_Tracking_Number" time="0.469" classname="Test_Data_Generation.Add_Tracking_Numbers_To_User"/>
  <testcase name="Add_Tracking_Number" time="0.544" classname="Test_Data_Generation.Add_Tracking_Numbers_To_User"/>
  <testcase name="Add_Tracking_Number" time="0.529" classname="Test_Data_Generation.Add_Tracking_Numbers_To_User"/>
  <testcase name="Add_Tracking_Number" time="0.501" classname="Test_Data_Generation.Add_Tracking_Numbers_To_User"/>
  <testcase name="Add_Tracking_Number" time="0.462" classname="Test_Data_Generation.Add_Tracking_Numbers_To_User"/>
  <testcase name="Add_Tracking_Number" time="0.495" classname="Test_Data_Generation.Add_Tracking_Numbers_To_User"/>
  <testcase name="Add_Tracking_Number" time="0.481" classname="Test_Data_Generation.Add_Tracking_Numbers_To_User"/>
  <testcase name="Add_Tracking_Number" time="0.476" classname="Test_Data_Generation.Add_Tracking_Numbers_To_User"/>
  <testcase name="Add_Tracking_Number" time="0.628" classname="Test_Data_Generation.Add_Tracking_Numbers_To_User"/>
  <testcase name="Add_Tracking_Number" time="0.518" classname="Test_Data_Generation.Add_Tracking_Numbers_To_User"/>
  <testcase name="Add_Tracking_Number" time="0.617" classname="Test_Data_Generation.Add_Tracking_Numbers_To_User"/>
  <testcase name="Add_Tracking_Number" time="0.559" classname="Test_Data_Generation.Add_Tracking_Numbers_To_User"/>
  <testcase name="Add_Tracking_Number" time="0.583" classname="Test_Data_Generation.Add_Tracking_Numbers_To_User"/>
  <testcase name="Add_Tracking_Number" time="0.558" classname="Test_Data_Generation.Add_Tracking_Numbers_To_User"/>
  <testcase name="Add_Tracking_Number" time="0.532" classname="Test_Data_Generation.Add_Tracking_Numbers_To_User"/>
  <testcase name="Add_Tracking_Number" time="0.605" classname="Test_Data_Generation.Add_Tracking_Numbers_To_User"/>
  <testcase name="Add_Tracking_Number" time="0.187" classname="Test_Data_Generation.Add_Tracking_Numbers_To_User"/>
  <testcase name="Add_Tracking_Number" time="0.580" classname="Test_Data_Generation.Add_Tracking_Numbers_To_User"/>
  <testcase name="Add_Tracking_Number" time="0.482" classname="Test_Data_Generation.Add_Tracking_Numbers_To_User"/>
  <testcase name="Add_Tracking_Number" time="0.483" classname="Test_Data_Generation.Add_Tracking_Numbers_To_User"/>
  <testcase name="Add_Tracking_Number" time="0.520" classname="Test_Data_Generation.Add_Tracking_Numbers_To_User"/>
  <testcase name="Add_Tracking_Number" time="0.573" classname="Test_Data_Generation.Add_Tracking_Numbers_To_User"/>
  <testcase name="Add_Tracking_Number" time="0.637" classname="Test_Data_Generation.Add_Tracking_Numbers_To_User"/>
  <testcase name="Add_Tracking_Number" time="0.631" classname="Test_Data_Generation.Add_Tracking_Numbers_To_User"/>
  <testcase name="Add_Tracking_Number" time="0.570" classname="Test_Data_Generation.Add_Tracking_Numbers_To_User"/>
  <testcase name="Add_Tracking_Number" time="0.548" classname="Test_Data_Generation.Add_Tracking_Numbers_To_User"/>
  <testcase name="Add_Tracking_Number" time="0.611" classname="Test_Data_Generation.Add_Tracking_Numbers_To_User"/>
  <testcase name="Add_Tracking_Number" time="0.539" classname="Test_Data_Generation.Add_Tracking_Numbers_To_User"/>
  <testcase name="Add_Tracking_Number" time="0.543" classname="Test_Data_Generation.Add_Tracking_Numbers_To_User"/>
  <testcase name="Add_Tracking_Number" time="0.503" classname="Test_Data_Generation.Add_Tracking_Numbers_To_User"/>
  <testcase name="Add_Tracking_Number" time="0.505" classname="Test_Data_Generation.Add_Tracking_Numbers_To_User"/>
  <testcase name="Add_Tracking_Number" time="0.793" classname="Test_Data_Generation.Add_Tracking_Numbers_To_User"/>
  <testcase name="Add_Tracking_Number" time="0.420" classname="Test_Data_Generation.Add_Tracking_Numbers_To_User"/>
  <testcase name="Add_Tracking_Number" time="0.548" classname="Test_Data_Generation.Add_Tracking_Numbers_To_User"/>
  <testcase name="Add_Tracking_Number" time="0.777" classname="Test_Data_Generation.Add_Tracking_Numbers_To_User"/>
  <testcase name="Add_Tracking_Number" time="0.498" classname="Test_Data_Generation.Add_Tracking_Numbers_To_User"/>
  <testcase name="Add_Tracking_Number" time="0.581" classname="Test_Data_Generation.Add_Tracking_Numbers_To_User"/>
  <testcase name="Add_Tracking_Number" time="0.462" classname="Test_Data_Generation.Add_Tracking_Numbers_To_User"/>
  <testcase name="Add_Tracking_Number" time="0.537" classname="Test_Data_Generation.Add_Tracking_Numbers_To_User"/>
  <testcase name="Add_Tracking_Number" time="0.500" classname="Test_Data_Generation.Add_Tracking_Numbers_To_User"/>
  <testcase name="Add_Tracking_Number" time="0.572" classname="Test_Data_Generation.Add_Tracking_Numbers_To_User"/>
  <testcase name="Add_Tracking_Number" time="0.501" classname="Test_Data_Generation.Add_Tracking_Numbers_To_User"/>
  <testcase name="Add_Tracking_Number" time="0.557" classname="Test_Data_Generation.Add_Tracking_Numbers_To_User"/>
  <testcase name="Add_Tracking_Number" time="0.659" classname="Test_Data_Generation.Add_Tracking_Numbers_To_User"/>
  <testcase name="Add_Tracking_Number" time="0.741" classname="Test_Data_Generation.Add_Tracking_Numbers_To_User"/>
  <testcase name="Add_Tracking_Number" time="0.599" classname="Test_Data_Generation.Add_Tracking_Numbers_To_User"/>
  <testcase name="Add_Tracking_Number" time="0.523" classname="Test_Data_Generation.Add_Tracking_Numbers_To_User"/>
  <testcase name="Add_Tracking_Number" time="0.507" classname="Test_Data_Generation.Add_Tracking_Numbers_To_User"/>
  <testcase name="Add_Tracking_Number" time="0.614" classname="Test_Data_Generation.Add_Tracking_Numbers_To_User"/>
  <testcase name="Add_Tracking_Number" time="0.510" classname="Test_Data_Generation.Add_Tracking_Numbers_To_User"/>
  <testcase name="Add_Tracking_Number" time="0.590" classname="Test_Data_Generation.Add_Tracking_Numbers_To_User"/>
  <testcase name="Add_Tracking_Number" time="0.504" classname="Test_Data_Generation.Add_Tracking_Numbers_To_User"/>
  <testcase name="Add_Tracking_Number" time="0.514" classname="Test_Data_Generation.Add_Tracking_Numbers_To_User"/>
  <testcase name="Add_Tracking_Number" time="0.508" classname="Test_Data_Generation.Add_Tracking_Numbers_To_User"/>
  <testcase name="Add_Tracking_Number" time="0.332" classname="Test_Data_Generation.Add_Tracking_Numbers_To_User"/>
  <testcase name="Add_Tracking_Number" time="0.569" classname="Test_Data_Generation.Add_Tracking_Numbers_To_User"/>
  <testcase name="Add_Tracking_Number" time="0.555" classname="Test_Data_Generation.Add_Tracking_Numbers_To_User"/>
  <testcase name="Add_Tracking_Number" time="0.504" classname="Test_Data_Generation.Add_Tracking_Numbers_To_User"/>
  <testcase name="Add_Tracking_Number" time="0.561" classname="Test_Data_Generation.Add_Tracking_Numbers_To_User"/>
  <testcase name="Add_Tracking_Number" time="0.504" classname="Test_Data_Generation.Add_Tracking_Numbers_To_User"/>
  <testcase name="Add_Tracking_Number" time="0.515" classname="Test_Data_Generation.Add_Tracking_Numbers_To_User"/>
  <testcase name="Add_Tracking_Number" time="0.564" classname="Test_Data_Generation.Add_Tracking_Numbers_To_User"/>
  <testcase name="Add_Tracking_Number" time="0.541" classname="Test_Data_Generation.Add_Tracking_Numbers_To_User"/>
  <testcase name="Add_Tracking_Number" time="0.544" classname="Test_Data_Generation.Add_Tracking_Numbers_To_User"/>
  <testcase name="Add_Tracking_Number" time="0.502" classname="Test_Data_Generation.Add_Tracking_Numbers_To_User"/>
  <testcase name="Add_Tracking_Number" time="0.966" classname="Test_Data_Generation.Add_Tracking_Numbers_To_User"/>
  <testcase name="Add_Tracking_Number" time="0.542" classname="Test_Data_Generation.Add_Tracking_Numbers_To_User"/>
  <testcase name="Add_Tracking_Number" time="0.571" classname="Test_Data_Generation.Add_Tracking_Numbers_To_User"/>
  <testcase name="Add_Tracking_Number" time="0.419" classname="Test_Data_Generation.Add_Tracking_Numbers_To_User"/>
  <testcase name="Add_Tracking_Number" time="0.610" classname="Test_Data_Generation.Add_Tracking_Numbers_To_User"/>
  <testcase name="Add_Tracking_Number" time="0.537" classname="Test_Data_Generation.Add_Tracking_Numbers_To_User"/>
  <testcase name="Add_Tracking_Number" time="0.049" classname="Test_Data_Generation.Add_Tracking_Numbers_To_User"/>
  <testcase name="Add_Tracking_Number" time="0.716" classname="Test_Data_Generation.Add_Tracking_Numbers_To_User"/>
  <testcase name="Add_Tracking_Number" time="0.527" classname="Test_Data_Generation.Add_Tracking_Numbers_To_User"/>
  <testcase name="Add_Tracking_Number" time="0.580" classname="Test_Data_Generation.Add_Tracking_Numbers_To_User"/>
  <testcase name="Add_Tracking_Number" time="0.497" classname="Test_Data_Generation.Add_Tracking_Numbers_To_User"/>
  <testcase name="Add_Tracking_Number" time="0.294" classname="Test_Data_Generation.Add_Tracking_Numbers_To_User"/>
  <testcase name="Add_Tracking_Number" time="1.096" classname="Test_Data_Generation.Add_Tracking_Numbers_To_User"/>
  <testcase name="Add_Tracking_Number" time="0.567" classname="Test_Data_Generation.Add_Tracking_Numbers_To_User"/>
  <testcase name="Add_Tracking_Number" time="0.550" classname="Test_Data_Generation.Add_Tracking_Numbers_To_User"/>
  <testcase name="Add_Tracking_Number" time="0.064" classname="Test_Data_Generation.Add_Tracking_Numbers_To_User"/>
  <testcase name="Add_Tracking_Number" time="0.490" classname="Test_Data_Generation.Add_Tracking_Numbers_To_User"/>
  <testcase name="Add_Tracking_Number" time="0.487" classname="Test_Data_Generation.Add_Tracking_Numbers_To_User"/>
  <testcase name="Add_Tracking_Number" time="0.420" classname="Test_Data_Generation.Add_Tracking_Numbers_To_User"/>
  <testcase name="Add_Tracking_Number" time="0.559" classname="Test_Data_Generation.Add_Tracking_Numbers_To_User"/>
  <testcase name="Add_Tracking_Number" time="0.764" classname="Test_Data_Generation.Add_Tracking_Numbers_To_User"/>
  <testcase name="Add_Tracking_Number" time="0.543" classname="Test_Data_Generation.Add_Tracking_Numbers_To_User"/>
  <testcase name="Add_Tracking_Number" time="0.606" classname="Test_Data_Generation.Add_Tracking_Numbers_To_User"/>
  <testcase name="Add_Tracking_Number" time="0.389" classname="Test_Data_Generation.Add_Tracking_Numbers_To_User"/>
  <testcase name="Add_Tracking_Number" time="0.607" classname="Test_Data_Generation.Add_Tracking_Numbers_To_User"/>
  <testcase name="Add_Tracking_Number" time="0.544" classname="Test_Data_Generation.Add_Tracking_Numbers_To_User"/>
  <testcase name="Add_Tracking_Number" time="0.690" classname="Test_Data_Generation.Add_Tracking_Numbers_To_User"/>
  <testcase name="Add_Tracking_Number" time="0.463" classname="Test_Data_Generation.Add_Tracking_Numbers_To_User"/>
  <testcase name="Add_Tracking_Number" time="0.582" classname="Test_Data_Generation.Add_Tracking_Numbers_To_User"/>
  <testcase name="Add_Tracking_Number" time="0.535" classname="Test_Data_Generation.Add_Tracking_Numbers_To_User"/>
  <testcase name="Add_Tracking_Number" time="0.532" classname="Test_Data_Generation.Add_Tracking_Numbers_To_User"/>
  <testcase name="Add_Tracking_Number" time="0.546" classname="Test_Data_Generation.Add_Tracking_Numbers_To_User"/>
  <testcase name="Add_Tracking_Number" time="0.593" classname="Test_Data_Generation.Add_Tracking_Numbers_To_User"/>
  <testcase name="Add_Tracking_Number" time="0.523" classname="Test_Data_Generation.Add_Tracking_Numbers_To_User"/>
  <testcase name="Add_Tracking_Number" time="0.499" classname="Test_Data_Generation.Add_Tracking_Numbers_To_User"/>
  <testcase name="Add_Tracking_Number" time="0.515" classname="Test_Data_Generation.Add_Tracking_Numbers_To_User"/>
  <testcase name="Add_Tracking_Number" time="0.606" classname="Test_Data_Generation.Add_Tracking_Numbers_To_User"/>
  <testcase name="Add_Tracking_Number" time="0.534" classname="Test_Data_Generation.Add_Tracking_Numbers_To_User"/>
  <testcase name="Add_Tracking_Number" time="0.489" classname="Test_Data_Generation.Add_Tracking_Numbers_To_User"/>
  <testcase name="Add_Tracking_Number" time="0.506" classname="Test_Data_Generation.Add_Tracking_Numbers_To_User"/>
  <testcase name="Add_Tracking_Number" time="0.628" classname="Test_Data_Generation.Add_Tracking_Numbers_To_User"/>
  <testcase name="Add_Tracking_Number" time="0.716" classname="Test_Data_Generation.Add_Tracking_Numbers_To_User"/>
  <testcase name="Add_Tracking_Number" time="0.736" classname="Test_Data_Generation.Add_Tracking_Numbers_To_User"/>
  <testcase name="Add_Tracking_Number" time="0.455" classname="Test_Data_Generation.Add_Tracking_Numbers_To_User"/>
  <testcase name="Add_Tracking_Number" time="0.517" classname="Test_Data_Generation.Add_Tracking_Numbers_To_User"/>
  <testcase name="Add_Tracking_Number" time="0.531" classname="Test_Data_Generation.Add_Tracking_Numbers_To_User"/>
  <testcase name="Add_Tracking_Number" time="0.524" classname="Test_Data_Generation.Add_Tracking_Numbers_To_User"/>
  <testcase name="Add_Tracking_Number" time="0.627" classname="Test_Data_Generation.Add_Tracking_Numbers_To_User"/>
  <testcase name="Add_Tracking_Number" time="0.498" classname="Test_Data_Generation.Add_Tracking_Numbers_To_User"/>
  <testcase name="Add_Tracking_Number" time="0.578" classname="Test_Data_Generation.Add_Tracking_Numbers_To_User"/>
  <testcase name="Add_Tracking_Number" time="0.498" classname="Test_Data_Generation.Add_Tracking_Numbers_To_User"/>
  <testcase name="Add_Tracking_Number" time="0.483" classname="Test_Data_Generation.Add_Tracking_Numbers_To_User"/>
  <testcase name="Add_Tracking_Number" time="0.504" classname="Test_Data_Generation.Add_Tracking_Numbers_To_User"/>
  <testcase name="Add_Tracking_Number" time="0.533" classname="Test_Data_Generation.Add_Tracking_Numbers_To_User"/>
  <testcase name="Add_Tracking_Number" time="0.544" classname="Test_Data_Generation.Add_Tracking_Numbers_To_User"/>
  <testcase name="Add_Tracking_Number" time="0.701" classname="Test_Data_Generation.Add_Tracking_Numbers_To_User"/>
  <testcase name="Add_Tracking_Number" time="0.568" classname="Test_Data_Generation.Add_Tracking_Numbers_To_User"/>
  <testcase name="Add_Tracking_Number" time="0.846" classname="Test_Data_Generation.Add_Tracking_Numbers_To_User"/>
  <testcase name="Add_Tracking_Number" time="0.513" classname="Test_Data_Generation.Add_Tracking_Numbers_To_User"/>
  <testcase name="Add_Tracking_Number" time="0.520" classname="Test_Data_Generation.Add_Tracking_Numbers_To_User"/>
  <testcase name="Add_Tracking_Number" time="0.593" classname="Test_Data_Generation.Add_Tracking_Numbers_To_User"/>
  <testcase name="Add_Tracking_Number" time="0.554" classname="Test_Data_Generation.Add_Tracking_Numbers_To_User"/>
  <testcase name="Add_Tracking_Number" time="0.673" classname="Test_Data_Generation.Add_Tracking_Numbers_To_User"/>
  <testcase name="Add_Tracking_Number" time="0.550" classname="Test_Data_Generation.Add_Tracking_Numbers_To_User"/>
  <testcase name="Add_Tracking_Number" time="0.918" classname="Test_Data_Generation.Add_Tracking_Numbers_To_User"/>
  <testcase name="Add_Tracking_Number" time="0.478" classname="Test_Data_Generation.Add_Tracking_Numbers_To_User"/>
  <testcase name="Add_Tracking_Number" time="0.484" classname="Test_Data_Generation.Add_Tracking_Numbers_To_User"/>
  <testcase name="Add_Tracking_Number" time="0.829" classname="Test_Data_Generation.Add_Tracking_Numbers_To_User"/>
  <testcase name="Add_Tracking_Number" time="0.492" classname="Test_Data_Generation.Add_Tracking_Numbers_To_User"/>
  <testcase name="Add_Tracking_Number" time="0.558" classname="Test_Data_Generation.Add_Tracking_Numbers_To_User"/>
  <testcase name="Add_Tracking_Number" time="0.500" classname="Test_Data_Generation.Add_Tracking_Numbers_To_User"/>
  <testcase name="Add_Tracking_Number" time="0.480" classname="Test_Data_Generation.Add_Tracking_Numbers_To_User"/>
  <testcase name="Add_Tracking_Number" time="0.516" classname="Test_Data_Generation.Add_Tracking_Numbers_To_User"/>
  <testcase name="Add_Tracking_Number" time="0.571" classname="Test_Data_Generation.Add_Tracking_Numbers_To_User"/>
  <testcase name="Add_Tracking_Number" time="0.547" classname="Test_Data_Generation.Add_Tracking_Numbers_To_User"/>
  <testcase name="Add_Tracking_Number" time="0.556" classname="Test_Data_Generation.Add_Tracking_Numbers_To_User"/>
  <testcase name="Add_Tracking_Number" time="0.059" classname="Test_Data_Generation.Add_Tracking_Numbers_To_User"/>
  <testcase name="Add_Tracking_Number" time="0.482" classname="Test_Data_Generation.Add_Tracking_Numbers_To_User"/>
  <testcase name="Add_Tracking_Number" time="0.481" classname="Test_Data_Generation.Add_Tracking_Numbers_To_User"/>
  <testcase name="Add_Tracking_Number" time="0.495" classname="Test_Data_Generation.Add_Tracking_Numbers_To_User"/>
  <testcase name="Add_Tracking_Number" time="0.534" classname="Test_Data_Generation.Add_Tracking_Numbers_To_User"/>
  <testcase name="Add_Tracking_Number" time="0.739" classname="Test_Data_Generation.Add_Tracking_Numbers_To_User"/>
  <testcase name="Add_Tracking_Number" time="0.510" classname="Test_Data_Generation.Add_Tracking_Numbers_To_User"/>
  <testcase name="Add_Tracking_Number" time="0.049" classname="Test_Data_Generation.Add_Tracking_Numbers_To_User"/>
  <testcase name="Add_Tracking_Number" time="0.508" classname="Test_Data_Generation.Add_Tracking_Numbers_To_User"/>
  <testcase name="Add_Tracking_Number" time="0.532" classname="Test_Data_Generation.Add_Tracking_Numbers_To_User"/>
  <testcase name="Add_Tracking_Number" time="0.531" classname="Test_Data_Generation.Add_Tracking_Numbers_To_User"/>
  <testcase name="Add_Tracking_Number" time="0.517" classname="Test_Data_Generation.Add_Tracking_Numbers_To_User"/>
  <testcase name="Add_Tracking_Number" time="0.661" classname="Test_Data_Generation.Add_Tracking_Numbers_To_User"/>
  <testcase name="Add_Tracking_Number" time="0.595" classname="Test_Data_Generation.Add_Tracking_Numbers_To_User"/>
  <testcase name="Add_Tracking_Number" time="0.489" classname="Test_Data_Generation.Add_Tracking_Numbers_To_User"/>
  <testcase name="Add_Tracking_Number" time="0.452" classname="Test_Data_Generation.Add_Tracking_Numbers_To_User"/>
  <testcase name="Add_Tracking_Number" time="0.521" classname="Test_Data_Generation.Add_Tracking_Numbers_To_User"/>
  <testcase name="Add_Tracking_Number" time="0.561" classname="Test_Data_Generation.Add_Tracking_Numbers_To_User"/>
  <testcase name="Add_Tracking_Number" time="0.555" classname="Test_Data_Generation.Add_Tracking_Numbers_To_User"/>
  <testcase name="Add_Tracking_Number" time="0.511" classname="Test_Data_Generation.Add_Tracking_Numbers_To_User"/>
  <testcase name="Add_Tracking_Number" time="0.648" classname="Test_Data_Generation.Add_Tracking_Numbers_To_User"/>
  <testcase name="Add_Tracking_Number" time="0.547" classname="Test_Data_Generation.Add_Tracking_Numbers_To_User"/>
  <testcase name="Add_Tracking_Number" time="0.049" classname="Test_Data_Generation.Add_Tracking_Numbers_To_User"/>
  <testcase name="Add_Tracking_Number" time="0.582" classname="Test_Data_Generation.Add_Tracking_Numbers_To_User"/>
  <testcase name="Add_Tracking_Number" time="0.516" classname="Test_Data_Generation.Add_Tracking_Numbers_To_User"/>
  <testcase name="Add_Tracking_Number" time="0.498" classname="Test_Data_Generation.Add_Tracking_Numbers_To_User"/>
  <testcase name="Add_Tracking_Number" time="0.461" classname="Test_Data_Generation.Add_Tracking_Numbers_To_User"/>
  <testcase name="Add_Tracking_Number" time="0.606" classname="Test_Data_Generation.Add_Tracking_Numbers_To_User"/>
  <testcase name="Add_Tracking_Number" time="0.839" classname="Test_Data_Generation.Add_Tracking_Numbers_To_User"/>
  <testcase name="Add_Tracking_Number" time="0.499" classname="Test_Data_Generation.Add_Tracking_Numbers_To_User"/>
  <testcase name="Add_Tracking_Number" time="0.498" classname="Test_Data_Generation.Add_Tracking_Numbers_To_User"/>
  <testcase name="Add_Tracking_Number" time="0.641" classname="Test_Data_Generation.Add_Tracking_Numbers_To_User"/>
  <testcase name="Add_Tracking_Number" time="0.433" classname="Test_Data_Generation.Add_Tracking_Numbers_To_User"/>
  <testcase name="Add_Tracking_Number" time="0.534" classname="Test_Data_Generation.Add_Tracking_Numbers_To_User"/>
  <testcase name="Add_Tracking_Number" time="0.477" classname="Test_Data_Generation.Add_Tracking_Numbers_To_User"/>
  <testcase name="Add_Tracking_Number" time="0.476" classname="Test_Data_Generation.Add_Tracking_Numbers_To_User"/>
  <testcase name="Add_Tracking_Number" time="0.486" classname="Test_Data_Generation.Add_Tracking_Numbers_To_User"/>
  <testcase name="Add_Tracking_Number" time="0.516" classname="Test_Data_Generation.Add_Tracking_Numbers_To_User"/>
  <testcase name="Add_Tracking_Number" time="0.451" classname="Test_Data_Generation.Add_Tracking_Numbers_To_User"/>
  <testcase name="Add_Tracking_Number" time="0.593" classname="Test_Data_Generation.Add_Tracking_Numbers_To_User"/>
  <testcase name="Add_Tracking_Number" time="0.557" classname="Test_Data_Generation.Add_Tracking_Numbers_To_User"/>
  <testcase name="Add_Tracking_Number" time="0.564" classname="Test_Data_Generation.Add_Tracking_Numbers_To_User"/>
  <testcase name="Add_Tracking_Number" time="0.577" classname="Test_Data_Generation.Add_Tracking_Numbers_To_User"/>
  <testcase name="Add_Tracking_Number" time="0.463" classname="Test_Data_Generation.Add_Tracking_Numbers_To_User"/>
  <testcase name="Add_Tracking_Number" time="0.584" classname="Test_Data_Generation.Add_Tracking_Numbers_To_User"/>
  <testcase name="Add_Tracking_Number" time="0.695" classname="Test_Data_Generation.Add_Tracking_Numbers_To_User"/>
  <testcase name="Add_Tracking_Number" time="0.547" classname="Test_Data_Generation.Add_Tracking_Numbers_To_User"/>
  <testcase name="Add_Tracking_Number" time="0.541" classname="Test_Data_Generation.Add_Tracking_Numbers_To_User"/>
  <testcase name="Add_Tracking_Number" time="0.653" classname="Test_Data_Generation.Add_Tracking_Numbers_To_User"/>
  <testcase name="Add_Tracking_Number" time="0.551" classname="Test_Data_Generation.Add_Tracking_Numbers_To_User"/>
  <testcase name="Add_Tracking_Number" time="0.541" classname="Test_Data_Generation.Add_Tracking_Numbers_To_User"/>
  <testcase name="Add_Tracking_Number" time="0.551" classname="Test_Data_Generation.Add_Tracking_Numbers_To_User"/>
  <testcase name="Add_Tracking_Number" time="0.577" classname="Test_Data_Generation.Add_Tracking_Numbers_To_User"/>
  <testcase name="Add_Tracking_Number" time="0.550" classname="Test_Data_Generation.Add_Tracking_Numbers_To_User"/>
  <testcase name="Add_Tracking_Number" time="0.498" classname="Test_Data_Generation.Add_Tracking_Numbers_To_User">
    <failure type="java.lang.AssertionError" message="
Expected: a string containing &quot;{\&quot;successful\&quot;:true&quot;
     but: was &quot;{&quot;ShipmentOptionResponse&quot;:{&quot;successful&quot;:false,&quot;errorList&quot;:[{&quot;code&quot;:&quot;2997&quot;,&quot;message&quot;:&quot;TRAQS connection/request problem&quot;,&quot;source&quot;:null,&quot;rootCause&quot;:null}],&quot;alerts&quot;:null,&quot;cxsalerts&quot;:null}}&quot;">
      <![CDATA[java.lang.AssertionError: 
Expected: a string containing "{\"successful\":true"
     but: was "{"ShipmentOptionResponse":{"successful":false,"errorList":[{"code":"2997","message":"TRAQS connection/request problem","source":null,"rootCause":null}],"alerts":null,"cxsalerts":null}}"
at org.hamcrest.MatcherAssert.assertThat(MatcherAssert.java:20)
at org.junit.Assert.assertThat(Assert.java:956)
at org.junit.Assert.assertThat(Assert.java:923)
at Test_Data_Generation.Add_Tracking_Numbers_To_User.Add_Tracking_Number(Add_Tracking_Numbers_To_User.java:69)
at sun.reflect.GeneratedMethodAccessor2.invoke(Unknown Source)
at sun.reflect.DelegatingMethodAccessorImpl.invoke(Unknown Source)
at java.lang.reflect.Method.invoke(Unknown Source)
at org.testng.internal.MethodInvocationHelper.invokeMethod(MethodInvocationHelper.java:124)
at org.testng.internal.Invoker.invokeMethod(Invoker.java:580)
at org.testng.internal.Invoker.invokeTestMethod(Invoker.java:716)
at org.testng.internal.TestMethodWithDataProviderMethodWorker.call(TestMethodWithDataProviderMethodWorker.java:71)
at org.testng.internal.TestMethodWithDataProviderMethodWorker.call(TestMethodWithDataProviderMethodWorker.java:14)
at java.util.concurrent.FutureTask.run(Unknown Source)
at java.util.concurrent.Executors$RunnableAdapter.call(Unknown Source)
at java.util.concurrent.FutureTask.run(Unknown Source)
at java.util.concurrent.ThreadPoolExecutor.runWorker(Unknown Source)
at java.util.concurrent.ThreadPoolExecutor$Worker.run(Unknown Source)
at java.lang.Thread.run(Unknown Source)
]]>
    </failure>
  </testcase> <!-- Add_Tracking_Number -->
  <testcase name="Add_Tracking_Number" time="0.522" classname="Test_Data_Generation.Add_Tracking_Numbers_To_User"/>
  <testcase name="Add_Tracking_Number" time="0.723" classname="Test_Data_Generation.Add_Tracking_Numbers_To_User"/>
  <testcase name="Add_Tracking_Number" time="0.493" classname="Test_Data_Generation.Add_Tracking_Numbers_To_User"/>
  <testcase name="Add_Tracking_Number" time="0.625" classname="Test_Data_Generation.Add_Tracking_Numbers_To_User"/>
  <testcase name="Add_Tracking_Number" time="0.381" classname="Test_Data_Generation.Add_Tracking_Numbers_To_User"/>
  <testcase name="Add_Tracking_Number" time="0.566" classname="Test_Data_Generation.Add_Tracking_Numbers_To_User"/>
  <testcase name="Add_Tracking_Number" time="0.576" classname="Test_Data_Generation.Add_Tracking_Numbers_To_User"/>
  <testcase name="Add_Tracking_Number" time="0.450" classname="Test_Data_Generation.Add_Tracking_Numbers_To_User"/>
  <testcase name="Add_Tracking_Number" time="0.494" classname="Test_Data_Generation.Add_Tracking_Numbers_To_User"/>
  <testcase name="Add_Tracking_Number" time="0.535" classname="Test_Data_Generation.Add_Tracking_Numbers_To_User"/>
  <testcase name="Add_Tracking_Number" time="0.512" classname="Test_Data_Generation.Add_Tracking_Numbers_To_User"/>
  <testcase name="Add_Tracking_Number" time="0.562" classname="Test_Data_Generation.Add_Tracking_Numbers_To_User"/>
  <testcase name="Add_Tracking_Number" time="0.522" classname="Test_Data_Generation.Add_Tracking_Numbers_To_User"/>
  <testcase name="Add_Tracking_Number" time="0.580" classname="Test_Data_Generation.Add_Tracking_Numbers_To_User"/>
  <testcase name="Add_Tracking_Number" time="0.757" classname="Test_Data_Generation.Add_Tracking_Numbers_To_User"/>
  <testcase name="Add_Tracking_Number" time="0.536" classname="Test_Data_Generation.Add_Tracking_Numbers_To_User"/>
  <testcase name="Add_Tracking_Number" time="0.678" classname="Test_Data_Generation.Add_Tracking_Numbers_To_User"/>
  <testcase name="Add_Tracking_Number" time="0.555" classname="Test_Data_Generation.Add_Tracking_Numbers_To_User"/>
  <testcase name="Add_Tracking_Number" time="0.579" classname="Test_Data_Generation.Add_Tracking_Numbers_To_User"/>
  <testcase name="Add_Tracking_Number" time="0.615" classname="Test_Data_Generation.Add_Tracking_Numbers_To_User"/>
  <testcase name="Add_Tracking_Number" time="0.429" classname="Test_Data_Generation.Add_Tracking_Numbers_To_User"/>
  <testcase name="Add_Tracking_Number" time="0.583" classname="Test_Data_Generation.Add_Tracking_Numbers_To_User"/>
  <testcase name="Add_Tracking_Number" time="0.469" classname="Test_Data_Generation.Add_Tracking_Numbers_To_User"/>
  <testcase name="Add_Tracking_Number" time="0.529" classname="Test_Data_Generation.Add_Tracking_Numbers_To_User"/>
  <testcase name="Add_Tracking_Number" time="0.064" classname="Test_Data_Generation.Add_Tracking_Numbers_To_User"/>
  <testcase name="Add_Tracking_Number" time="0.553" classname="Test_Data_Generation.Add_Tracking_Numbers_To_User"/>
  <testcase name="Add_Tracking_Number" time="0.557" classname="Test_Data_Generation.Add_Tracking_Numbers_To_User"/>
  <testcase name="Add_Tracking_Number" time="0.593" classname="Test_Data_Generation.Add_Tracking_Numbers_To_User"/>
  <testcase name="Add_Tracking_Number" time="0.607" classname="Test_Data_Generation.Add_Tracking_Numbers_To_User"/>
  <testcase name="Add_Tracking_Number" time="0.532" classname="Test_Data_Generation.Add_Tracking_Numbers_To_User"/>
  <testcase name="Add_Tracking_Number" time="0.505" classname="Test_Data_Generation.Add_Tracking_Numbers_To_User"/>
  <testcase name="Add_Tracking_Number" time="0.548" classname="Test_Data_Generation.Add_Tracking_Numbers_To_User"/>
  <testcase name="Add_Tracking_Number" time="0.472" classname="Test_Data_Generation.Add_Tracking_Numbers_To_User"/>
  <testcase name="Add_Tracking_Number" time="0.662" classname="Test_Data_Generation.Add_Tracking_Numbers_To_User"/>
  <testcase name="Add_Tracking_Number" time="0.645" classname="Test_Data_Generation.Add_Tracking_Numbers_To_User"/>
  <testcase name="Add_Tracking_Number" time="0.486" classname="Test_Data_Generation.Add_Tracking_Numbers_To_User"/>
  <testcase name="Add_Tracking_Number" time="0.680" classname="Test_Data_Generation.Add_Tracking_Numbers_To_User"/>
  <testcase name="Add_Tracking_Number" time="0.584" classname="Test_Data_Generation.Add_Tracking_Numbers_To_User"/>
  <testcase name="Add_Tracking_Number" time="0.554" classname="Test_Data_Generation.Add_Tracking_Numbers_To_User"/>
  <testcase name="Add_Tracking_Number" time="0.459" classname="Test_Data_Generation.Add_Tracking_Numbers_To_User"/>
  <testcase name="Add_Tracking_Number" time="0.512" classname="Test_Data_Generation.Add_Tracking_Numbers_To_User"/>
  <testcase name="Add_Tracking_Number" time="0.534" classname="Test_Data_Generation.Add_Tracking_Numbers_To_User"/>
  <testcase name="Add_Tracking_Number" time="0.533" classname="Test_Data_Generation.Add_Tracking_Numbers_To_User"/>
  <testcase name="Add_Tracking_Number" time="0.538" classname="Test_Data_Generation.Add_Tracking_Numbers_To_User"/>
  <testcase name="Add_Tracking_Number" time="0.476" classname="Test_Data_Generation.Add_Tracking_Numbers_To_User"/>
  <testcase name="Add_Tracking_Number" time="0.581" classname="Test_Data_Generation.Add_Tracking_Numbers_To_User"/>
  <testcase name="Add_Tracking_Number" time="0.498" classname="Test_Data_Generation.Add_Tracking_Numbers_To_User"/>
  <testcase name="Add_Tracking_Number" time="0.508" classname="Test_Data_Generation.Add_Tracking_Numbers_To_User"/>
  <testcase name="Add_Tracking_Number" time="0.468" classname="Test_Data_Generation.Add_Tracking_Numbers_To_User"/>
  <testcase name="Add_Tracking_Number" time="0.469" classname="Test_Data_Generation.Add_Tracking_Numbers_To_User"/>
  <testcase name="Add_Tracking_Number" time="0.470" classname="Test_Data_Generation.Add_Tracking_Numbers_To_User"/>
  <testcase name="Add_Tracking_Number" time="1.102" classname="Test_Data_Generation.Add_Tracking_Numbers_To_User"/>
  <testcase name="Add_Tracking_Number" time="0.621" classname="Test_Data_Generation.Add_Tracking_Numbers_To_User"/>
  <testcase name="Add_Tracking_Number" time="0.553" classname="Test_Data_Generation.Add_Tracking_Numbers_To_User"/>
  <testcase name="Add_Tracking_Number" time="0.667" classname="Test_Data_Generation.Add_Tracking_Numbers_To_User"/>
  <testcase name="Add_Tracking_Number" time="0.691" classname="Test_Data_Generation.Add_Tracking_Numbers_To_User"/>
  <testcase name="Add_Tracking_Number" time="0.556" classname="Test_Data_Generation.Add_Tracking_Numbers_To_User"/>
  <testcase name="Add_Tracking_Number" time="0.939" classname="Test_Data_Generation.Add_Tracking_Numbers_To_User"/>
  <testcase name="Add_Tracking_Number" time="0.579" classname="Test_Data_Generation.Add_Tracking_Numbers_To_User"/>
  <testcase name="Add_Tracking_Number" time="0.428" classname="Test_Data_Generation.Add_Tracking_Numbers_To_User"/>
  <testcase name="Add_Tracking_Number" time="0.522" classname="Test_Data_Generation.Add_Tracking_Numbers_To_User"/>
  <testcase name="Add_Tracking_Number" time="0.520" classname="Test_Data_Generation.Add_Tracking_Numbers_To_User"/>
  <testcase name="Add_Tracking_Number" time="0.520" classname="Test_Data_Generation.Add_Tracking_Numbers_To_User"/>
  <testcase name="Add_Tracking_Number" time="0.585" classname="Test_Data_Generation.Add_Tracking_Numbers_To_User"/>
  <testcase name="Add_Tracking_Number" time="0.656" classname="Test_Data_Generation.Add_Tracking_Numbers_To_User"/>
  <testcase name="Add_Tracking_Number" time="0.514" classname="Test_Data_Generation.Add_Tracking_Numbers_To_User"/>
  <testcase name="Add_Tracking_Number" time="0.506" classname="Test_Data_Generation.Add_Tracking_Numbers_To_User"/>
  <testcase name="Add_Tracking_Number" time="0.501" classname="Test_Data_Generation.Add_Tracking_Numbers_To_User"/>
  <testcase name="Add_Tracking_Number" time="0.445" classname="Test_Data_Generation.Add_Tracking_Numbers_To_User"/>
  <testcase name="Add_Tracking_Number" time="0.546" classname="Test_Data_Generation.Add_Tracking_Numbers_To_User"/>
  <testcase name="Add_Tracking_Number" time="0.499" classname="Test_Data_Generation.Add_Tracking_Numbers_To_User"/>
  <testcase name="Add_Tracking_Number" time="0.538" classname="Test_Data_Generation.Add_Tracking_Numbers_To_User"/>
  <testcase name="Add_Tracking_Number" time="0.269" classname="Test_Data_Generation.Add_Tracking_Numbers_To_User"/>
  <testcase name="Add_Tracking_Number" time="0.520" classname="Test_Data_Generation.Add_Tracking_Numbers_To_User"/>
  <testcase name="Add_Tracking_Number" time="0.548" classname="Test_Data_Generation.Add_Tracking_Numbers_To_User"/>
  <testcase name="Add_Tracking_Number" time="0.537" classname="Test_Data_Generation.Add_Tracking_Numbers_To_User"/>
  <testcase name="Add_Tracking_Number" time="0.635" classname="Test_Data_Generation.Add_Tracking_Numbers_To_User"/>
  <testcase name="Add_Tracking_Number" time="0.672" classname="Test_Data_Generation.Add_Tracking_Numbers_To_User"/>
  <testcase name="Add_Tracking_Number" time="0.610" classname="Test_Data_Generation.Add_Tracking_Numbers_To_User"/>
  <testcase name="Add_Tracking_Number" time="0.612" classname="Test_Data_Generation.Add_Tracking_Numbers_To_User"/>
  <testcase name="Add_Tracking_Number" time="0.750" classname="Test_Data_Generation.Add_Tracking_Numbers_To_User"/>
  <testcase name="Add_Tracking_Number" time="0.410" classname="Test_Data_Generation.Add_Tracking_Numbers_To_User"/>
  <testcase name="Add_Tracking_Number" time="0.505" classname="Test_Data_Generation.Add_Tracking_Numbers_To_User"/>
  <testcase name="Add_Tracking_Number" time="0.517" classname="Test_Data_Generation.Add_Tracking_Numbers_To_User"/>
  <testcase name="Add_Tracking_Number" time="0.601" classname="Test_Data_Generation.Add_Tracking_Numbers_To_User"/>
  <testcase name="Add_Tracking_Number" time="0.544" classname="Test_Data_Generation.Add_Tracking_Numbers_To_User"/>
  <testcase name="Add_Tracking_Number" time="0.484" classname="Test_Data_Generation.Add_Tracking_Numbers_To_User"/>
  <testcase name="Add_Tracking_Number" time="0.701" classname="Test_Data_Generation.Add_Tracking_Numbers_To_User"/>
  <testcase name="Add_Tracking_Number" time="0.449" classname="Test_Data_Generation.Add_Tracking_Numbers_To_User"/>
  <testcase name="Add_Tracking_Number" time="0.564" classname="Test_Data_Generation.Add_Tracking_Numbers_To_User"/>
  <testcase name="Add_Tracking_Number" time="0.617" classname="Test_Data_Generation.Add_Tracking_Numbers_To_User"/>
  <testcase name="Add_Tracking_Number" time="0.474" classname="Test_Data_Generation.Add_Tracking_Numbers_To_User"/>
  <testcase name="Add_Tracking_Number" time="0.495" classname="Test_Data_Generation.Add_Tracking_Numbers_To_User"/>
  <testcase name="Add_Tracking_Number" time="0.626" classname="Test_Data_Generation.Add_Tracking_Numbers_To_User"/>
  <testcase name="Add_Tracking_Number" time="0.664" classname="Test_Data_Generation.Add_Tracking_Numbers_To_User"/>
  <testcase name="Add_Tracking_Number" time="0.625" classname="Test_Data_Generation.Add_Tracking_Numbers_To_User"/>
  <testcase name="Add_Tracking_Number" time="0.483" classname="Test_Data_Generation.Add_Tracking_Numbers_To_User"/>
  <testcase name="Add_Tracking_Number" time="0.590" classname="Test_Data_Generation.Add_Tracking_Numbers_To_User"/>
  <testcase name="Add_Tracking_Number" time="0.550" classname="Test_Data_Generation.Add_Tracking_Numbers_To_User"/>
  <testcase name="Add_Tracking_Number" time="0.516" classname="Test_Data_Generation.Add_Tracking_Numbers_To_User"/>
  <testcase name="Add_Tracking_Number" time="0.629" classname="Test_Data_Generation.Add_Tracking_Numbers_To_User"/>
  <testcase name="Add_Tracking_Number" time="0.545" classname="Test_Data_Generation.Add_Tracking_Numbers_To_User"/>
  <testcase name="Add_Tracking_Number" time="0.600" classname="Test_Data_Generation.Add_Tracking_Numbers_To_User"/>
  <testcase name="Add_Tracking_Number" time="0.510" classname="Test_Data_Generation.Add_Tracking_Numbers_To_User"/>
  <testcase name="Add_Tracking_Number" time="0.420" classname="Test_Data_Generation.Add_Tracking_Numbers_To_User"/>
  <testcase name="Add_Tracking_Number" time="0.530" classname="Test_Data_Generation.Add_Tracking_Numbers_To_User"/>
  <testcase name="Add_Tracking_Number" time="1.859" classname="Test_Data_Generation.Add_Tracking_Numbers_To_User"/>
  <testcase name="Add_Tracking_Number" time="0.709" classname="Test_Data_Generation.Add_Tracking_Numbers_To_User"/>
  <testcase name="Add_Tracking_Number" time="0.535" classname="Test_Data_Generation.Add_Tracking_Numbers_To_User"/>
  <testcase name="Add_Tracking_Number" time="0.529" classname="Test_Data_Generation.Add_Tracking_Numbers_To_User"/>
  <testcase name="Add_Tracking_Number" time="0.509" classname="Test_Data_Generation.Add_Tracking_Numbers_To_User"/>
  <testcase name="Add_Tracking_Number" time="0.515" classname="Test_Data_Generation.Add_Tracking_Numbers_To_User"/>
  <testcase name="Add_Tracking_Number" time="0.510" classname="Test_Data_Generation.Add_Tracking_Numbers_To_User"/>
  <testcase name="Add_Tracking_Number" time="0.519" classname="Test_Data_Generation.Add_Tracking_Numbers_To_User"/>
  <testcase name="Add_Tracking_Number" time="0.584" classname="Test_Data_Generation.Add_Tracking_Numbers_To_User"/>
  <testcase name="Add_Tracking_Number" time="0.497" classname="Test_Data_Generation.Add_Tracking_Numbers_To_User"/>
  <testcase name="Add_Tracking_Number" time="0.506" classname="Test_Data_Generation.Add_Tracking_Numbers_To_User"/>
  <testcase name="Add_Tracking_Number" time="0.459" classname="Test_Data_Generation.Add_Tracking_Numbers_To_User"/>
  <testcase name="Add_Tracking_Number" time="0.507" classname="Test_Data_Generation.Add_Tracking_Numbers_To_User"/>
  <testcase name="Add_Tracking_Number" time="0.516" classname="Test_Data_Generation.Add_Tracking_Numbers_To_User"/>
  <testcase name="Add_Tracking_Number" time="0.553" classname="Test_Data_Generation.Add_Tracking_Numbers_To_User"/>
  <testcase name="Add_Tracking_Number" time="0.492" classname="Test_Data_Generation.Add_Tracking_Numbers_To_User"/>
  <testcase name="Add_Tracking_Number" time="0.572" classname="Test_Data_Generation.Add_Tracking_Numbers_To_User"/>
  <testcase name="Add_Tracking_Number" time="0.514" classname="Test_Data_Generation.Add_Tracking_Numbers_To_User">
    <failure type="java.lang.AssertionError" message="
Expected: a string containing &quot;{\&quot;successful\&quot;:true&quot;
     but: was &quot;{&quot;ShipmentOptionResponse&quot;:{&quot;successful&quot;:false,&quot;errorList&quot;:[{&quot;code&quot;:&quot;2997&quot;,&quot;message&quot;:&quot;TRAQS connection/request problem&quot;,&quot;source&quot;:null,&quot;rootCause&quot;:null}],&quot;alerts&quot;:null,&quot;cxsalerts&quot;:null}}&quot;">
      <![CDATA[java.lang.AssertionError: 
Expected: a string containing "{\"successful\":true"
     but: was "{"ShipmentOptionResponse":{"successful":false,"errorList":[{"code":"2997","message":"TRAQS connection/request problem","source":null,"rootCause":null}],"alerts":null,"cxsalerts":null}}"
at org.hamcrest.MatcherAssert.assertThat(MatcherAssert.java:20)
at org.junit.Assert.assertThat(Assert.java:956)
at org.junit.Assert.assertThat(Assert.java:923)
at Test_Data_Generation.Add_Tracking_Numbers_To_User.Add_Tracking_Number(Add_Tracking_Numbers_To_User.java:69)
at sun.reflect.GeneratedMethodAccessor2.invoke(Unknown Source)
at sun.reflect.DelegatingMethodAccessorImpl.invoke(Unknown Source)
at java.lang.reflect.Method.invoke(Unknown Source)
at org.testng.internal.MethodInvocationHelper.invokeMethod(MethodInvocationHelper.java:124)
at org.testng.internal.Invoker.invokeMethod(Invoker.java:580)
at org.testng.internal.Invoker.invokeTestMethod(Invoker.java:716)
at org.testng.internal.TestMethodWithDataProviderMethodWorker.call(TestMethodWithDataProviderMethodWorker.java:71)
at org.testng.internal.TestMethodWithDataProviderMethodWorker.call(TestMethodWithDataProviderMethodWorker.java:14)
at java.util.concurrent.FutureTask.run(Unknown Source)
at java.util.concurrent.Executors$RunnableAdapter.call(Unknown Source)
at java.util.concurrent.FutureTask.run(Unknown Source)
at java.util.concurrent.ThreadPoolExecutor.runWorker(Unknown Source)
at java.util.concurrent.ThreadPoolExecutor$Worker.run(Unknown Source)
at java.lang.Thread.run(Unknown Source)
]]>
    </failure>
  </testcase> <!-- Add_Tracking_Number -->
  <testcase name="Add_Tracking_Number" time="0.491" classname="Test_Data_Generation.Add_Tracking_Numbers_To_User"/>
  <testcase name="Add_Tracking_Number" time="0.571" classname="Test_Data_Generation.Add_Tracking_Numbers_To_User"/>
  <testcase name="Add_Tracking_Number" time="0.609" classname="Test_Data_Generation.Add_Tracking_Numbers_To_User"/>
  <testcase name="Add_Tracking_Number" time="0.550" classname="Test_Data_Generation.Add_Tracking_Numbers_To_User"/>
  <testcase name="Add_Tracking_Number" time="0.442" classname="Test_Data_Generation.Add_Tracking_Numbers_To_User"/>
  <testcase name="Add_Tracking_Number" time="0.595" classname="Test_Data_Generation.Add_Tracking_Numbers_To_User"/>
  <testcase name="Add_Tracking_Number" time="0.481" classname="Test_Data_Generation.Add_Tracking_Numbers_To_User"/>
  <testcase name="Add_Tracking_Number" time="0.637" classname="Test_Data_Generation.Add_Tracking_Numbers_To_User"/>
  <testcase name="Add_Tracking_Number" time="0.595" classname="Test_Data_Generation.Add_Tracking_Numbers_To_User"/>
  <testcase name="Add_Tracking_Number" time="0.530" classname="Test_Data_Generation.Add_Tracking_Numbers_To_User"/>
  <testcase name="Add_Tracking_Number" time="0.755" classname="Test_Data_Generation.Add_Tracking_Numbers_To_User"/>
  <testcase name="Add_Tracking_Number" time="0.573" classname="Test_Data_Generation.Add_Tracking_Numbers_To_User"/>
  <testcase name="Add_Tracking_Number" time="0.067" classname="Test_Data_Generation.Add_Tracking_Numbers_To_User"/>
  <testcase name="Add_Tracking_Number" time="0.698" classname="Test_Data_Generation.Add_Tracking_Numbers_To_User"/>
  <testcase name="Add_Tracking_Number" time="0.570" classname="Test_Data_Generation.Add_Tracking_Numbers_To_User"/>
  <testcase name="Add_Tracking_Number" time="0.506" classname="Test_Data_Generation.Add_Tracking_Numbers_To_User"/>
  <testcase name="Add_Tracking_Number" time="0.638" classname="Test_Data_Generation.Add_Tracking_Numbers_To_User"/>
  <testcase name="Add_Tracking_Number" time="0.581" classname="Test_Data_Generation.Add_Tracking_Numbers_To_User"/>
  <testcase name="Add_Tracking_Number" time="0.528" classname="Test_Data_Generation.Add_Tracking_Numbers_To_User"/>
  <testcase name="Add_Tracking_Number" time="0.062" classname="Test_Data_Generation.Add_Tracking_Numbers_To_User"/>
  <testcase name="Add_Tracking_Number" time="0.540" classname="Test_Data_Generation.Add_Tracking_Numbers_To_User"/>
  <testcase name="Add_Tracking_Number" time="0.543" classname="Test_Data_Generation.Add_Tracking_Numbers_To_User"/>
  <testcase name="Add_Tracking_Number" time="0.458" classname="Test_Data_Generation.Add_Tracking_Numbers_To_User"/>
  <testcase name="Add_Tracking_Number" time="0.489" classname="Test_Data_Generation.Add_Tracking_Numbers_To_User"/>
  <testcase name="Add_Tracking_Number" time="0.498" classname="Test_Data_Generation.Add_Tracking_Numbers_To_User"/>
  <testcase name="Add_Tracking_Number" time="0.613" classname="Test_Data_Generation.Add_Tracking_Numbers_To_User"/>
  <testcase name="Add_Tracking_Number" time="0.538" classname="Test_Data_Generation.Add_Tracking_Numbers_To_User"/>
  <testcase name="Add_Tracking_Number" time="0.512" classname="Test_Data_Generation.Add_Tracking_Numbers_To_User"/>
  <testcase name="Add_Tracking_Number" time="0.590" classname="Test_Data_Generation.Add_Tracking_Numbers_To_User"/>
  <testcase name="Add_Tracking_Number" time="0.537" classname="Test_Data_Generation.Add_Tracking_Numbers_To_User"/>
  <testcase name="Add_Tracking_Number" time="0.360" classname="Test_Data_Generation.Add_Tracking_Numbers_To_User"/>
  <testcase name="Add_Tracking_Number" time="0.606" classname="Test_Data_Generation.Add_Tracking_Numbers_To_User"/>
  <testcase name="Add_Tracking_Number" time="0.507" classname="Test_Data_Generation.Add_Tracking_Numbers_To_User"/>
  <testcase name="Add_Tracking_Number" time="0.561" classname="Test_Data_Generation.Add_Tracking_Numbers_To_User"/>
  <testcase name="Add_Tracking_Number" time="0.583" classname="Test_Data_Generation.Add_Tracking_Numbers_To_User"/>
  <testcase name="Add_Tracking_Number" time="0.501" classname="Test_Data_Generation.Add_Tracking_Numbers_To_User"/>
  <testcase name="Add_Tracking_Number" time="0.582" classname="Test_Data_Generation.Add_Tracking_Numbers_To_User"/>
  <testcase name="Add_Tracking_Number" time="0.994" classname="Test_Data_Generation.Add_Tracking_Numbers_To_User"/>
  <testcase name="Add_Tracking_Number" time="0.601" classname="Test_Data_Generation.Add_Tracking_Numbers_To_User"/>
  <testcase name="Add_Tracking_Number" time="0.790" classname="Test_Data_Generation.Add_Tracking_Numbers_To_User"/>
  <testcase name="Add_Tracking_Number" time="0.611" classname="Test_Data_Generation.Add_Tracking_Numbers_To_User"/>
  <testcase name="Add_Tracking_Number" time="0.547" classname="Test_Data_Generation.Add_Tracking_Numbers_To_User"/>
  <testcase name="Add_Tracking_Number" time="0.546" classname="Test_Data_Generation.Add_Tracking_Numbers_To_User"/>
  <testcase name="Add_Tracking_Number" time="0.521" classname="Test_Data_Generation.Add_Tracking_Numbers_To_User"/>
  <testcase name="Add_Tracking_Number" time="0.510" classname="Test_Data_Generation.Add_Tracking_Numbers_To_User"/>
  <testcase name="Add_Tracking_Number" time="0.533" classname="Test_Data_Generation.Add_Tracking_Numbers_To_User"/>
  <testcase name="Add_Tracking_Number" time="0.565" classname="Test_Data_Generation.Add_Tracking_Numbers_To_User"/>
  <testcase name="Add_Tracking_Number" time="0.487" classname="Test_Data_Generation.Add_Tracking_Numbers_To_User"/>
  <testcase name="Add_Tracking_Number" time="0.576" classname="Test_Data_Generation.Add_Tracking_Numbers_To_User"/>
  <testcase name="Add_Tracking_Number" time="0.590" classname="Test_Data_Generation.Add_Tracking_Numbers_To_User"/>
  <testcase name="Add_Tracking_Number" time="0.508" classname="Test_Data_Generation.Add_Tracking_Numbers_To_User"/>
  <testcase name="Add_Tracking_Number" time="0.578" classname="Test_Data_Generation.Add_Tracking_Numbers_To_User"/>
  <testcase name="Add_Tracking_Number" time="0.546" classname="Test_Data_Generation.Add_Tracking_Numbers_To_User"/>
  <testcase name="Add_Tracking_Number" time="0.503" classname="Test_Data_Generation.Add_Tracking_Numbers_To_User"/>
  <testcase name="Add_Tracking_Number" time="0.534" classname="Test_Data_Generation.Add_Tracking_Numbers_To_User"/>
  <testcase name="Add_Tracking_Number" time="0.531" classname="Test_Data_Generation.Add_Tracking_Numbers_To_User"/>
  <testcase name="Add_Tracking_Number" time="0.582" classname="Test_Data_Generation.Add_Tracking_Numbers_To_User"/>
  <testcase name="Add_Tracking_Number" time="0.509" classname="Test_Data_Generation.Add_Tracking_Numbers_To_User"/>
  <testcase name="Add_Tracking_Number" time="0.562" classname="Test_Data_Generation.Add_Tracking_Numbers_To_User"/>
  <testcase name="Add_Tracking_Number" time="0.596" classname="Test_Data_Generation.Add_Tracking_Numbers_To_User"/>
  <testcase name="Add_Tracking_Number" time="0.595" classname="Test_Data_Generation.Add_Tracking_Numbers_To_User"/>
  <testcase name="Add_Tracking_Number" time="0.682" classname="Test_Data_Generation.Add_Tracking_Numbers_To_User"/>
  <testcase name="Add_Tracking_Number" time="0.537" classname="Test_Data_Generation.Add_Tracking_Numbers_To_User"/>
  <testcase name="Add_Tracking_Number" time="0.673" classname="Test_Data_Generation.Add_Tracking_Numbers_To_User"/>
  <testcase name="Add_Tracking_Number" time="0.578" classname="Test_Data_Generation.Add_Tracking_Numbers_To_User"/>
  <testcase name="Add_Tracking_Number" time="0.569" classname="Test_Data_Generation.Add_Tracking_Numbers_To_User"/>
  <testcase name="Add_Tracking_Number" time="0.482" classname="Test_Data_Generation.Add_Tracking_Numbers_To_User"/>
  <testcase name="Add_Tracking_Number" time="0.585" classname="Test_Data_Generation.Add_Tracking_Numbers_To_User"/>
  <testcase name="Add_Tracking_Number" time="0.601" classname="Test_Data_Generation.Add_Tracking_Numbers_To_User"/>
  <testcase name="Add_Tracking_Number" time="0.472" classname="Test_Data_Generation.Add_Tracking_Numbers_To_User"/>
  <testcase name="Add_Tracking_Number" time="0.611" classname="Test_Data_Generation.Add_Tracking_Numbers_To_User"/>
  <testcase name="Add_Tracking_Number" time="0.503" classname="Test_Data_Generation.Add_Tracking_Numbers_To_User"/>
  <testcase name="Add_Tracking_Number" time="0.490" classname="Test_Data_Generation.Add_Tracking_Numbers_To_User"/>
  <testcase name="Add_Tracking_Number" time="0.651" classname="Test_Data_Generation.Add_Tracking_Numbers_To_User"/>
  <testcase name="Add_Tracking_Number" time="0.544" classname="Test_Data_Generation.Add_Tracking_Numbers_To_User"/>
  <testcase name="Add_Tracking_Number" time="0.374" classname="Test_Data_Generation.Add_Tracking_Numbers_To_User"/>
  <testcase name="Add_Tracking_Number" time="0.548" classname="Test_Data_Generation.Add_Tracking_Numbers_To_User"/>
  <testcase name="Add_Tracking_Number" time="0.581" classname="Test_Data_Generation.Add_Tracking_Numbers_To_User"/>
  <testcase name="Add_Tracking_Number" time="0.511" classname="Test_Data_Generation.Add_Tracking_Numbers_To_User"/>
  <testcase name="Add_Tracking_Number" time="0.462" classname="Test_Data_Generation.Add_Tracking_Numbers_To_User"/>
  <testcase name="Add_Tracking_Number" time="0.472" classname="Test_Data_Generation.Add_Tracking_Numbers_To_User"/>
  <testcase name="Add_Tracking_Number" time="0.655" classname="Test_Data_Generation.Add_Tracking_Numbers_To_User"/>
  <testcase name="Add_Tracking_Number" time="0.494" classname="Test_Data_Generation.Add_Tracking_Numbers_To_User"/>
  <testcase name="Add_Tracking_Number" time="0.529" classname="Test_Data_Generation.Add_Tracking_Numbers_To_User"/>
  <testcase name="Add_Tracking_Number" time="0.542" classname="Test_Data_Generation.Add_Tracking_Numbers_To_User"/>
  <testcase name="Add_Tracking_Number" time="0.568" classname="Test_Data_Generation.Add_Tracking_Numbers_To_User"/>
  <testcase name="Add_Tracking_Number" time="0.616" classname="Test_Data_Generation.Add_Tracking_Numbers_To_User"/>
  <testcase name="Add_Tracking_Number" time="0.518" classname="Test_Data_Generation.Add_Tracking_Numbers_To_User"/>
  <testcase name="Add_Tracking_Number" time="0.442" classname="Test_Data_Generation.Add_Tracking_Numbers_To_User"/>
  <testcase name="Add_Tracking_Number" time="0.855" classname="Test_Data_Generation.Add_Tracking_Numbers_To_User"/>
  <testcase name="Add_Tracking_Number" time="0.828" classname="Test_Data_Generation.Add_Tracking_Numbers_To_User"/>
  <testcase name="Add_Tracking_Number" time="0.459" classname="Test_Data_Generation.Add_Tracking_Numbers_To_User"/>
  <testcase name="Add_Tracking_Number" time="0.456" classname="Test_Data_Generation.Add_Tracking_Numbers_To_User"/>
  <testcase name="Add_Tracking_Number" time="0.515" classname="Test_Data_Generation.Add_Tracking_Numbers_To_User"/>
  <testcase name="Add_Tracking_Number" time="0.622" classname="Test_Data_Generation.Add_Tracking_Numbers_To_User"/>
  <testcase name="Add_Tracking_Number" time="0.580" classname="Test_Data_Generation.Add_Tracking_Numbers_To_User"/>
  <testcase name="Add_Tracking_Number" time="0.534" classname="Test_Data_Generation.Add_Tracking_Numbers_To_User"/>
  <testcase name="Add_Tracking_Number" time="0.434" classname="Test_Data_Generation.Add_Tracking_Numbers_To_User"/>
  <testcase name="Add_Tracking_Number" time="0.575" classname="Test_Data_Generation.Add_Tracking_Numbers_To_User"/>
  <testcase name="Add_Tracking_Number" time="0.693" classname="Test_Data_Generation.Add_Tracking_Numbers_To_User"/>
  <testcase name="Add_Tracking_Number" time="0.589" classname="Test_Data_Generation.Add_Tracking_Numbers_To_User"/>
  <testcase name="Add_Tracking_Number" time="0.513" classname="Test_Data_Generation.Add_Tracking_Numbers_To_User"/>
  <testcase name="Add_Tracking_Number" time="0.514" classname="Test_Data_Generation.Add_Tracking_Numbers_To_User"/>
  <testcase name="Add_Tracking_Number" time="0.517" classname="Test_Data_Generation.Add_Tracking_Numbers_To_User"/>
  <testcase name="Add_Tracking_Number" time="0.568" classname="Test_Data_Generation.Add_Tracking_Numbers_To_User"/>
  <testcase name="Add_Tracking_Number" time="0.556" classname="Test_Data_Generation.Add_Tracking_Numbers_To_User"/>
  <testcase name="Add_Tracking_Number" time="0.484" classname="Test_Data_Generation.Add_Tracking_Numbers_To_User"/>
  <testcase name="Add_Tracking_Number" time="0.462" classname="Test_Data_Generation.Add_Tracking_Numbers_To_User"/>
  <testcase name="Add_Tracking_Number" time="0.547" classname="Test_Data_Generation.Add_Tracking_Numbers_To_User"/>
  <testcase name="Add_Tracking_Number" time="0.630" classname="Test_Data_Generation.Add_Tracking_Numbers_To_User"/>
  <testcase name="Add_Tracking_Number" time="0.705" classname="Test_Data_Generation.Add_Tracking_Numbers_To_User"/>
  <testcase name="Add_Tracking_Number" time="0.608" classname="Test_Data_Generation.Add_Tracking_Numbers_To_User"/>
  <testcase name="Add_Tracking_Number" time="0.582" classname="Test_Data_Generation.Add_Tracking_Numbers_To_User"/>
  <testcase name="Add_Tracking_Number" time="0.594" classname="Test_Data_Generation.Add_Tracking_Numbers_To_User"/>
  <testcase name="Add_Tracking_Number" time="0.482" classname="Test_Data_Generation.Add_Tracking_Numbers_To_User"/>
  <testcase name="Add_Tracking_Number" time="0.597" classname="Test_Data_Generation.Add_Tracking_Numbers_To_User"/>
  <testcase name="Add_Tracking_Number" time="0.490" classname="Test_Data_Generation.Add_Tracking_Numbers_To_User"/>
  <testcase name="Add_Tracking_Number" time="0.585" classname="Test_Data_Generation.Add_Tracking_Numbers_To_User"/>
  <testcase name="Add_Tracking_Number" time="0.637" classname="Test_Data_Generation.Add_Tracking_Numbers_To_User"/>
  <testcase name="Add_Tracking_Number" time="0.541" classname="Test_Data_Generation.Add_Tracking_Numbers_To_User"/>
  <testcase name="Add_Tracking_Number" time="0.594" classname="Test_Data_Generation.Add_Tracking_Numbers_To_User"/>
  <testcase name="Add_Tracking_Number" time="0.498" classname="Test_Data_Generation.Add_Tracking_Numbers_To_User"/>
  <testcase name="Add_Tracking_Number" time="0.480" classname="Test_Data_Generation.Add_Tracking_Numbers_To_User"/>
  <testcase name="Add_Tracking_Number" time="0.804" classname="Test_Data_Generation.Add_Tracking_Numbers_To_User"/>
  <testcase name="Add_Tracking_Number" time="0.521" classname="Test_Data_Generation.Add_Tracking_Numbers_To_User"/>
  <testcase name="Add_Tracking_Number" time="0.580" classname="Test_Data_Generation.Add_Tracking_Numbers_To_User"/>
  <testcase name="Add_Tracking_Number" time="0.500" classname="Test_Data_Generation.Add_Tracking_Numbers_To_User"/>
  <testcase name="Add_Tracking_Number" time="0.556" classname="Test_Data_Generation.Add_Tracking_Numbers_To_User"/>
  <testcase name="Add_Tracking_Number" time="0.543" classname="Test_Data_Generation.Add_Tracking_Numbers_To_User"/>
  <testcase name="Add_Tracking_Number" time="0.485" classname="Test_Data_Generation.Add_Tracking_Numbers_To_User"/>
  <testcase name="Add_Tracking_Number" time="0.476" classname="Test_Data_Generation.Add_Tracking_Numbers_To_User"/>
  <testcase name="Add_Tracking_Number" time="0.495" classname="Test_Data_Generation.Add_Tracking_Numbers_To_User"/>
  <testcase name="Add_Tracking_Number" time="0.541" classname="Test_Data_Generation.Add_Tracking_Numbers_To_User"/>
  <testcase name="Add_Tracking_Number" time="0.464" classname="Test_Data_Generation.Add_Tracking_Numbers_To_User"/>
  <testcase name="Add_Tracking_Number" time="0.566" classname="Test_Data_Generation.Add_Tracking_Numbers_To_User"/>
  <testcase name="Add_Tracking_Number" time="0.601" classname="Test_Data_Generation.Add_Tracking_Numbers_To_User"/>
  <testcase name="Add_Tracking_Number" time="0.580" classname="Test_Data_Generation.Add_Tracking_Numbers_To_User"/>
  <testcase name="Add_Tracking_Number" time="0.598" classname="Test_Data_Generation.Add_Tracking_Numbers_To_User"/>
  <testcase name="Add_Tracking_Number" time="0.445" classname="Test_Data_Generation.Add_Tracking_Numbers_To_User"/>
  <testcase name="Add_Tracking_Number" time="0.577" classname="Test_Data_Generation.Add_Tracking_Numbers_To_User"/>
  <testcase name="Add_Tracking_Number" time="0.528" classname="Test_Data_Generation.Add_Tracking_Numbers_To_User"/>
  <testcase name="Add_Tracking_Number" time="0.535" classname="Test_Data_Generation.Add_Tracking_Numbers_To_User"/>
  <testcase name="Add_Tracking_Number" time="0.504" classname="Test_Data_Generation.Add_Tracking_Numbers_To_User"/>
  <testcase name="Add_Tracking_Number" time="0.603" classname="Test_Data_Generation.Add_Tracking_Numbers_To_User"/>
  <testcase name="Add_Tracking_Number" time="0.513" classname="Test_Data_Generation.Add_Tracking_Numbers_To_User"/>
  <testcase name="Add_Tracking_Number" time="0.552" classname="Test_Data_Generation.Add_Tracking_Numbers_To_User"/>
  <testcase name="Add_Tracking_Number" time="0.488" classname="Test_Data_Generation.Add_Tracking_Numbers_To_User"/>
  <testcase name="Add_Tracking_Number" time="0.533" classname="Test_Data_Generation.Add_Tracking_Numbers_To_User"/>
  <testcase name="Add_Tracking_Number" time="0.496" classname="Test_Data_Generation.Add_Tracking_Numbers_To_User"/>
  <testcase name="Add_Tracking_Number" time="0.580" classname="Test_Data_Generation.Add_Tracking_Numbers_To_User"/>
  <testcase name="Add_Tracking_Number" time="0.519" classname="Test_Data_Generation.Add_Tracking_Numbers_To_User"/>
  <testcase name="Add_Tracking_Number" time="0.630" classname="Test_Data_Generation.Add_Tracking_Numbers_To_User"/>
  <testcase name="Add_Tracking_Number" time="0.595" classname="Test_Data_Generation.Add_Tracking_Numbers_To_User"/>
  <testcase name="Add_Tracking_Number" time="0.854" classname="Test_Data_Generation.Add_Tracking_Numbers_To_User"/>
  <testcase name="Add_Tracking_Number" time="0.524" classname="Test_Data_Generation.Add_Tracking_Numbers_To_User"/>
  <testcase name="Add_Tracking_Number" time="1.144" classname="Test_Data_Generation.Add_Tracking_Numbers_To_User"/>
  <testcase name="Add_Tracking_Number" time="0.457" classname="Test_Data_Generation.Add_Tracking_Numbers_To_User"/>
  <testcase name="Add_Tracking_Number" time="0.623" classname="Test_Data_Generation.Add_Tracking_Numbers_To_User"/>
  <testcase name="Add_Tracking_Number" time="0.568" classname="Test_Data_Generation.Add_Tracking_Numbers_To_User"/>
  <testcase name="Add_Tracking_Number" time="0.538" classname="Test_Data_Generation.Add_Tracking_Numbers_To_User"/>
  <testcase name="Add_Tracking_Number" time="0.527" classname="Test_Data_Generation.Add_Tracking_Numbers_To_User"/>
  <testcase name="Add_Tracking_Number" time="0.549" classname="Test_Data_Generation.Add_Tracking_Numbers_To_User"/>
  <testcase name="Add_Tracking_Number" time="0.063" classname="Test_Data_Generation.Add_Tracking_Numbers_To_User"/>
  <testcase name="Add_Tracking_Number" time="0.512" classname="Test_Data_Generation.Add_Tracking_Numbers_To_User"/>
  <testcase name="Add_Tracking_Number" time="0.342" classname="Test_Data_Generation.Add_Tracking_Numbers_To_User"/>
  <testcase name="Add_Tracking_Number" time="0.506" classname="Test_Data_Generation.Add_Tracking_Numbers_To_User"/>
  <testcase name="Add_Tracking_Number" time="0.507" classname="Test_Data_Generation.Add_Tracking_Numbers_To_User"/>
  <testcase name="Add_Tracking_Number" time="0.546" classname="Test_Data_Generation.Add_Tracking_Numbers_To_User"/>
  <testcase name="Add_Tracking_Number" time="0.550" classname="Test_Data_Generation.Add_Tracking_Numbers_To_User"/>
  <testcase name="Add_Tracking_Number" time="0.502" classname="Test_Data_Generation.Add_Tracking_Numbers_To_User"/>
  <testcase name="Add_Tracking_Number" time="0.517" classname="Test_Data_Generation.Add_Tracking_Numbers_To_User"/>
  <testcase name="Add_Tracking_Number" time="0.580" classname="Test_Data_Generation.Add_Tracking_Numbers_To_User"/>
  <testcase name="Add_Tracking_Number" time="0.497" classname="Test_Data_Generation.Add_Tracking_Numbers_To_User"/>
  <testcase name="Add_Tracking_Number" time="0.075" classname="Test_Data_Generation.Add_Tracking_Numbers_To_User"/>
  <testcase name="Add_Tracking_Number" time="0.537" classname="Test_Data_Generation.Add_Tracking_Numbers_To_User"/>
  <testcase name="Add_Tracking_Number" time="0.522" classname="Test_Data_Generation.Add_Tracking_Numbers_To_User"/>
  <testcase name="Add_Tracking_Number" time="0.518" classname="Test_Data_Generation.Add_Tracking_Numbers_To_User"/>
  <testcase name="Add_Tracking_Number" time="0.541" classname="Test_Data_Generation.Add_Tracking_Numbers_To_User"/>
  <testcase name="Add_Tracking_Number" time="0.625" classname="Test_Data_Generation.Add_Tracking_Numbers_To_User"/>
  <testcase name="Add_Tracking_Number" time="0.528" classname="Test_Data_Generation.Add_Tracking_Numbers_To_User"/>
  <testcase name="Add_Tracking_Number" time="0.601" classname="Test_Data_Generation.Add_Tracking_Numbers_To_User"/>
  <testcase name="Add_Tracking_Number" time="0.674" classname="Test_Data_Generation.Add_Tracking_Numbers_To_User"/>
  <testcase name="Add_Tracking_Number" time="0.543" classname="Test_Data_Generation.Add_Tracking_Numbers_To_User"/>
  <testcase name="Add_Tracking_Number" time="0.517" classname="Test_Data_Generation.Add_Tracking_Numbers_To_User"/>
  <testcase name="Add_Tracking_Number" time="0.768" classname="Test_Data_Generation.Add_Tracking_Numbers_To_User"/>
  <testcase name="Add_Tracking_Number" time="0.632" classname="Test_Data_Generation.Add_Tracking_Numbers_To_User"/>
  <testcase name="Add_Tracking_Number" time="0.572" classname="Test_Data_Generation.Add_Tracking_Numbers_To_User"/>
  <testcase name="Add_Tracking_Number" time="0.531" classname="Test_Data_Generation.Add_Tracking_Numbers_To_User"/>
  <testcase name="Add_Tracking_Number" time="0.478" classname="Test_Data_Generation.Add_Tracking_Numbers_To_User"/>
  <testcase name="Add_Tracking_Number" time="0.482" classname="Test_Data_Generation.Add_Tracking_Numbers_To_User"/>
  <testcase name="Add_Tracking_Number" time="0.492" classname="Test_Data_Generation.Add_Tracking_Numbers_To_User"/>
  <testcase name="Add_Tracking_Number" time="0.668" classname="Test_Data_Generation.Add_Tracking_Numbers_To_User"/>
  <testcase name="Add_Tracking_Number" time="0.558" classname="Test_Data_Generation.Add_Tracking_Numbers_To_User"/>
  <testcase name="Add_Tracking_Number" time="0.605" classname="Test_Data_Generation.Add_Tracking_Numbers_To_User"/>
  <testcase name="Add_Tracking_Number" time="0.587" classname="Test_Data_Generation.Add_Tracking_Numbers_To_User"/>
  <testcase name="Add_Tracking_Number" time="0.519" classname="Test_Data_Generation.Add_Tracking_Numbers_To_User"/>
  <testcase name="Add_Tracking_Number" time="0.491" classname="Test_Data_Generation.Add_Tracking_Numbers_To_User"/>
  <testcase name="Add_Tracking_Number" time="0.553" classname="Test_Data_Generation.Add_Tracking_Numbers_To_User"/>
  <testcase name="Add_Tracking_Number" time="0.484" classname="Test_Data_Generation.Add_Tracking_Numbers_To_User"/>
  <testcase name="Add_Tracking_Number" time="0.536" classname="Test_Data_Generation.Add_Tracking_Numbers_To_User"/>
  <testcase name="Add_Tracking_Number" time="0.453" classname="Test_Data_Generation.Add_Tracking_Numbers_To_User"/>
  <testcase name="Add_Tracking_Number" time="0.544" classname="Test_Data_Generation.Add_Tracking_Numbers_To_User"/>
  <testcase name="Add_Tracking_Number" time="0.499" classname="Test_Data_Generation.Add_Tracking_Numbers_To_User"/>
  <testcase name="Add_Tracking_Number" time="0.595" classname="Test_Data_Generation.Add_Tracking_Numbers_To_User"/>
  <testcase name="Add_Tracking_Number" time="0.499" classname="Test_Data_Generation.Add_Tracking_Numbers_To_User"/>
  <testcase name="Add_Tracking_Number" time="0.637" classname="Test_Data_Generation.Add_Tracking_Numbers_To_User"/>
  <testcase name="Add_Tracking_Number" time="0.688" classname="Test_Data_Generation.Add_Tracking_Numbers_To_User"/>
  <testcase name="Add_Tracking_Number" time="0.715" classname="Test_Data_Generation.Add_Tracking_Numbers_To_User"/>
  <testcase name="Add_Tracking_Number" time="0.494" classname="Test_Data_Generation.Add_Tracking_Numbers_To_User"/>
  <testcase name="Add_Tracking_Number" time="0.519" classname="Test_Data_Generation.Add_Tracking_Numbers_To_User"/>
  <testcase name="Add_Tracking_Number" time="0.510" classname="Test_Data_Generation.Add_Tracking_Numbers_To_User"/>
  <testcase name="Add_Tracking_Number" time="0.532" classname="Test_Data_Generation.Add_Tracking_Numbers_To_User"/>
  <testcase name="Add_Tracking_Number" time="0.333" classname="Test_Data_Generation.Add_Tracking_Numbers_To_User"/>
  <testcase name="Add_Tracking_Number" time="0.515" classname="Test_Data_Generation.Add_Tracking_Numbers_To_User"/>
  <testcase name="Add_Tracking_Number" time="0.438" classname="Test_Data_Generation.Add_Tracking_Numbers_To_User"/>
  <testcase name="Add_Tracking_Number" time="0.518" classname="Test_Data_Generation.Add_Tracking_Numbers_To_User"/>
  <testcase name="Add_Tracking_Number" time="0.444" classname="Test_Data_Generation.Add_Tracking_Numbers_To_User"/>
  <testcase name="Add_Tracking_Number" time="0.560" classname="Test_Data_Generation.Add_Tracking_Numbers_To_User"/>
  <testcase name="Add_Tracking_Number" time="0.580" classname="Test_Data_Generation.Add_Tracking_Numbers_To_User"/>
  <testcase name="Add_Tracking_Number" time="0.639" classname="Test_Data_Generation.Add_Tracking_Numbers_To_User"/>
  <testcase name="Add_Tracking_Number" time="0.651" classname="Test_Data_Generation.Add_Tracking_Numbers_To_User"/>
  <testcase name="Add_Tracking_Number" time="0.501" classname="Test_Data_Generation.Add_Tracking_Numbers_To_User"/>
  <testcase name="Add_Tracking_Number" time="0.577" classname="Test_Data_Generation.Add_Tracking_Numbers_To_User"/>
  <testcase name="Add_Tracking_Number" time="0.544" classname="Test_Data_Generation.Add_Tracking_Numbers_To_User"/>
  <testcase name="Add_Tracking_Number" time="0.495" classname="Test_Data_Generation.Add_Tracking_Numbers_To_User"/>
  <testcase name="Add_Tracking_Number" time="0.538" classname="Test_Data_Generation.Add_Tracking_Numbers_To_User"/>
  <testcase name="Add_Tracking_Number" time="0.583" classname="Test_Data_Generation.Add_Tracking_Numbers_To_User"/>
  <testcase name="Add_Tracking_Number" time="0.783" classname="Test_Data_Generation.Add_Tracking_Numbers_To_User"/>
  <testcase name="Add_Tracking_Number" time="0.607" classname="Test_Data_Generation.Add_Tracking_Numbers_To_User"/>
  <testcase name="Add_Tracking_Number" time="0.531" classname="Test_Data_Generation.Add_Tracking_Numbers_To_User"/>
  <testcase name="Add_Tracking_Number" time="0.487" classname="Test_Data_Generation.Add_Tracking_Numbers_To_User"/>
  <testcase name="Add_Tracking_Number" time="0.531" classname="Test_Data_Generation.Add_Tracking_Numbers_To_User"/>
  <testcase name="Add_Tracking_Number" time="0.614" classname="Test_Data_Generation.Add_Tracking_Numbers_To_User"/>
  <testcase name="Add_Tracking_Number" time="0.468" classname="Test_Data_Generation.Add_Tracking_Numbers_To_User"/>
  <testcase name="Add_Tracking_Number" time="0.562" classname="Test_Data_Generation.Add_Tracking_Numbers_To_User"/>
  <testcase name="Add_Tracking_Number" time="0.490" classname="Test_Data_Generation.Add_Tracking_Numbers_To_User"/>
  <testcase name="Add_Tracking_Number" time="0.536" classname="Test_Data_Generation.Add_Tracking_Numbers_To_User"/>
  <testcase name="Add_Tracking_Number" time="0.580" classname="Test_Data_Generation.Add_Tracking_Numbers_To_User"/>
  <testcase name="Add_Tracking_Number" time="0.505" classname="Test_Data_Generation.Add_Tracking_Numbers_To_User"/>
  <testcase name="Add_Tracking_Number" time="0.488" classname="Test_Data_Generation.Add_Tracking_Numbers_To_User"/>
  <testcase name="Add_Tracking_Number" time="0.492" classname="Test_Data_Generation.Add_Tracking_Numbers_To_User"/>
  <testcase name="Add_Tracking_Number" time="0.516" classname="Test_Data_Generation.Add_Tracking_Numbers_To_User"/>
  <testcase name="Add_Tracking_Number" time="0.612" classname="Test_Data_Generation.Add_Tracking_Numbers_To_User"/>
  <testcase name="Add_Tracking_Number" time="0.522" classname="Test_Data_Generation.Add_Tracking_Numbers_To_User"/>
  <testcase name="Add_Tracking_Number" time="0.570" classname="Test_Data_Generation.Add_Tracking_Numbers_To_User"/>
  <testcase name="Add_Tracking_Number" time="0.455" classname="Test_Data_Generation.Add_Tracking_Numbers_To_User"/>
  <testcase name="Add_Tracking_Number" time="0.622" classname="Test_Data_Generation.Add_Tracking_Numbers_To_User"/>
  <testcase name="Add_Tracking_Number" time="0.765" classname="Test_Data_Generation.Add_Tracking_Numbers_To_User"/>
  <testcase name="Add_Tracking_Number" time="0.512" classname="Test_Data_Generation.Add_Tracking_Numbers_To_User"/>
  <testcase name="Add_Tracking_Number" time="0.481" classname="Test_Data_Generation.Add_Tracking_Numbers_To_User"/>
  <testcase name="Add_Tracking_Number" time="0.510" classname="Test_Data_Generation.Add_Tracking_Numbers_To_User"/>
  <testcase name="Add_Tracking_Number" time="0.566" classname="Test_Data_Generation.Add_Tracking_Numbers_To_User"/>
  <testcase name="Add_Tracking_Number" time="0.541" classname="Test_Data_Generation.Add_Tracking_Numbers_To_User"/>
  <testcase name="Add_Tracking_Number" time="0.493" classname="Test_Data_Generation.Add_Tracking_Numbers_To_User"/>
  <testcase name="Add_Tracking_Number" time="0.562" classname="Test_Data_Generation.Add_Tracking_Numbers_To_User"/>
  <testcase name="Add_Tracking_Number" time="0.466" classname="Test_Data_Generation.Add_Tracking_Numbers_To_User"/>
  <testcase name="Add_Tracking_Number" time="0.505" classname="Test_Data_Generation.Add_Tracking_Numbers_To_User"/>
  <testcase name="Add_Tracking_Number" time="0.582" classname="Test_Data_Generation.Add_Tracking_Numbers_To_User"/>
  <testcase name="Add_Tracking_Number" time="0.474" classname="Test_Data_Generation.Add_Tracking_Numbers_To_User"/>
  <testcase name="Add_Tracking_Number" time="0.546" classname="Test_Data_Generation.Add_Tracking_Numbers_To_User"/>
  <testcase name="Add_Tracking_Number" time="0.526" classname="Test_Data_Generation.Add_Tracking_Numbers_To_User"/>
  <testcase name="Add_Tracking_Number" time="0.561" classname="Test_Data_Generation.Add_Tracking_Numbers_To_User"/>
  <testcase name="Add_Tracking_Number" time="1.078" classname="Test_Data_Generation.Add_Tracking_Numbers_To_User"/>
  <testcase name="Add_Tracking_Number" time="0.613" classname="Test_Data_Generation.Add_Tracking_Numbers_To_User"/>
  <testcase name="Add_Tracking_Number" time="0.560" classname="Test_Data_Generation.Add_Tracking_Numbers_To_User"/>
  <testcase name="Add_Tracking_Number" time="0.518" classname="Test_Data_Generation.Add_Tracking_Numbers_To_User"/>
  <testcase name="Add_Tracking_Number" time="0.609" classname="Test_Data_Generation.Add_Tracking_Numbers_To_User"/>
  <testcase name="Add_Tracking_Number" time="0.048" classname="Test_Data_Generation.Add_Tracking_Numbers_To_User"/>
  <testcase name="Add_Tracking_Number" time="0.587" classname="Test_Data_Generation.Add_Tracking_Numbers_To_User"/>
  <testcase name="Add_Tracking_Number" time="0.671" classname="Test_Data_Generation.Add_Tracking_Numbers_To_User"/>
  <testcase name="Add_Tracking_Number" time="0.600" classname="Test_Data_Generation.Add_Tracking_Numbers_To_User"/>
  <testcase name="Add_Tracking_Number" time="0.717" classname="Test_Data_Generation.Add_Tracking_Numbers_To_User"/>
  <testcase name="Add_Tracking_Number" time="0.516" classname="Test_Data_Generation.Add_Tracking_Numbers_To_User"/>
  <testcase name="Add_Tracking_Number" time="0.446" classname="Test_Data_Generation.Add_Tracking_Numbers_To_User"/>
  <testcase name="Add_Tracking_Number" time="0.668" classname="Test_Data_Generation.Add_Tracking_Numbers_To_User"/>
  <testcase name="Add_Tracking_Number" time="0.671" classname="Test_Data_Generation.Add_Tracking_Numbers_To_User"/>
  <testcase name="Add_Tracking_Number" time="0.510" classname="Test_Data_Generation.Add_Tracking_Numbers_To_User"/>
  <testcase name="Add_Tracking_Number" time="0.617" classname="Test_Data_Generation.Add_Tracking_Numbers_To_User"/>
  <testcase name="Add_Tracking_Number" time="0.612" classname="Test_Data_Generation.Add_Tracking_Numbers_To_User"/>
  <testcase name="Add_Tracking_Number" time="0.538" classname="Test_Data_Generation.Add_Tracking_Numbers_To_User"/>
  <testcase name="Add_Tracking_Number" time="0.541" classname="Test_Data_Generation.Add_Tracking_Numbers_To_User"/>
  <testcase name="Add_Tracking_Number" time="0.699" classname="Test_Data_Generation.Add_Tracking_Numbers_To_User"/>
  <testcase name="Add_Tracking_Number" time="0.552" classname="Test_Data_Generation.Add_Tracking_Numbers_To_User"/>
  <testcase name="Add_Tracking_Number" time="0.559" classname="Test_Data_Generation.Add_Tracking_Numbers_To_User"/>
  <testcase name="Add_Tracking_Number" time="0.500" classname="Test_Data_Generation.Add_Tracking_Numbers_To_User"/>
  <testcase name="Add_Tracking_Number" time="0.495" classname="Test_Data_Generation.Add_Tracking_Numbers_To_User"/>
  <testcase name="Add_Tracking_Number" time="0.740" classname="Test_Data_Generation.Add_Tracking_Numbers_To_User"/>
  <testcase name="Add_Tracking_Number" time="0.486" classname="Test_Data_Generation.Add_Tracking_Numbers_To_User"/>
  <testcase name="Add_Tracking_Number" time="0.458" classname="Test_Data_Generation.Add_Tracking_Numbers_To_User"/>
  <testcase name="Add_Tracking_Number" time="0.549" classname="Test_Data_Generation.Add_Tracking_Numbers_To_User"/>
  <testcase name="Add_Tracking_Number" time="0.615" classname="Test_Data_Generation.Add_Tracking_Numbers_To_User"/>
  <testcase name="Add_Tracking_Number" time="0.579" classname="Test_Data_Generation.Add_Tracking_Numbers_To_User"/>
  <testcase name="Add_Tracking_Number" time="0.598" classname="Test_Data_Generation.Add_Tracking_Numbers_To_User"/>
  <testcase name="Add_Tracking_Number" time="0.456" classname="Test_Data_Generation.Add_Tracking_Numbers_To_User"/>
  <testcase name="Add_Tracking_Number" time="0.503" classname="Test_Data_Generation.Add_Tracking_Numbers_To_User"/>
  <testcase name="Add_Tracking_Number" time="0.499" classname="Test_Data_Generation.Add_Tracking_Numbers_To_User"/>
  <testcase name="Add_Tracking_Number" time="0.686" classname="Test_Data_Generation.Add_Tracking_Numbers_To_User"/>
  <testcase name="Add_Tracking_Number" time="0.542" classname="Test_Data_Generation.Add_Tracking_Numbers_To_User"/>
  <testcase name="Add_Tracking_Number" time="0.536" classname="Test_Data_Generation.Add_Tracking_Numbers_To_User"/>
  <testcase name="Add_Tracking_Number" time="0.572" classname="Test_Data_Generation.Add_Tracking_Numbers_To_User"/>
  <testcase name="Add_Tracking_Number" time="0.567" classname="Test_Data_Generation.Add_Tracking_Numbers_To_User"/>
  <testcase name="Add_Tracking_Number" time="0.529" classname="Test_Data_Generation.Add_Tracking_Numbers_To_User"/>
  <testcase name="Add_Tracking_Number" time="0.710" classname="Test_Data_Generation.Add_Tracking_Numbers_To_User"/>
  <testcase name="Add_Tracking_Number" time="0.601" classname="Test_Data_Generation.Add_Tracking_Numbers_To_User"/>
  <testcase name="Add_Tracking_Number" time="0.452" classname="Test_Data_Generation.Add_Tracking_Numbers_To_User"/>
  <testcase name="Add_Tracking_Number" time="15.569" classname="Test_Data_Generation.Add_Tracking_Numbers_To_User"/>
  <testcase name="Add_Tracking_Number" time="0.497" classname="Test_Data_Generation.Add_Tracking_Numbers_To_User"/>
  <testcase name="Add_Tracking_Number" time="0.554" classname="Test_Data_Generation.Add_Tracking_Numbers_To_User"/>
  <testcase name="Add_Tracking_Number" time="0.561" classname="Test_Data_Generation.Add_Tracking_Numbers_To_User"/>
  <testcase name="Add_Tracking_Number" time="0.517" classname="Test_Data_Generation.Add_Tracking_Numbers_To_User"/>
  <testcase name="Add_Tracking_Number" time="0.421" classname="Test_Data_Generation.Add_Tracking_Numbers_To_User"/>
  <testcase name="Add_Tracking_Number" time="0.479" classname="Test_Data_Generation.Add_Tracking_Numbers_To_User"/>
  <testcase name="Add_Tracking_Number" time="0.508" classname="Test_Data_Generation.Add_Tracking_Numbers_To_User"/>
  <testcase name="Add_Tracking_Number" time="0.510" classname="Test_Data_Generation.Add_Tracking_Numbers_To_User"/>
  <testcase name="Add_Tracking_Number" time="0.446" classname="Test_Data_Generation.Add_Tracking_Numbers_To_User"/>
  <testcase name="Add_Tracking_Number" time="0.533" classname="Test_Data_Generation.Add_Tracking_Numbers_To_User"/>
  <testcase name="Add_Tracking_Number" time="0.687" classname="Test_Data_Generation.Add_Tracking_Numbers_To_User"/>
  <testcase name="Add_Tracking_Number" time="0.706" classname="Test_Data_Generation.Add_Tracking_Numbers_To_User"/>
  <testcase name="Add_Tracking_Number" time="0.496" classname="Test_Data_Generation.Add_Tracking_Numbers_To_User"/>
  <testcase name="Add_Tracking_Number" time="0.696" classname="Test_Data_Generation.Add_Tracking_Numbers_To_User"/>
  <testcase name="Add_Tracking_Number" time="0.517" classname="Test_Data_Generation.Add_Tracking_Numbers_To_User"/>
  <testcase name="Add_Tracking_Number" time="0.578" classname="Test_Data_Generation.Add_Tracking_Numbers_To_User"/>
  <testcase name="Add_Tracking_Number" time="0.494" classname="Test_Data_Generation.Add_Tracking_Numbers_To_User"/>
  <testcase name="Add_Tracking_Number" time="0.492" classname="Test_Data_Generation.Add_Tracking_Numbers_To_User"/>
  <testcase name="Add_Tracking_Number" time="0.564" classname="Test_Data_Generation.Add_Tracking_Numbers_To_User"/>
  <testcase name="Add_Tracking_Number" time="0.693" classname="Test_Data_Generation.Add_Tracking_Numbers_To_User"/>
  <testcase name="Add_Tracking_Number" time="0.686" classname="Test_Data_Generation.Add_Tracking_Numbers_To_User"/>
  <testcase name="Add_Tracking_Number" time="0.468" classname="Test_Data_Generation.Add_Tracking_Numbers_To_User"/>
  <testcase name="Add_Tracking_Number" time="0.586" classname="Test_Data_Generation.Add_Tracking_Numbers_To_User"/>
  <testcase name="Add_Tracking_Number" time="0.659" classname="Test_Data_Generation.Add_Tracking_Numbers_To_User"/>
  <testcase name="Add_Tracking_Number" time="0.452" classname="Test_Data_Generation.Add_Tracking_Numbers_To_User"/>
  <testcase name="Add_Tracking_Number" time="0.443" classname="Test_Data_Generation.Add_Tracking_Numbers_To_User"/>
  <testcase name="Add_Tracking_Number" time="0.538" classname="Test_Data_Generation.Add_Tracking_Numbers_To_User"/>
  <testcase name="Add_Tracking_Number" time="0.546" classname="Test_Data_Generation.Add_Tracking_Numbers_To_User"/>
  <testcase name="Add_Tracking_Number" time="0.707" classname="Test_Data_Generation.Add_Tracking_Numbers_To_User"/>
  <testcase name="Add_Tracking_Number" time="0.504" classname="Test_Data_Generation.Add_Tracking_Numbers_To_User"/>
  <testcase name="Add_Tracking_Number" time="0.585" classname="Test_Data_Generation.Add_Tracking_Numbers_To_User"/>
  <testcase name="Add_Tracking_Number" time="0.519" classname="Test_Data_Generation.Add_Tracking_Numbers_To_User"/>
  <testcase name="Add_Tracking_Number" time="0.480" classname="Test_Data_Generation.Add_Tracking_Numbers_To_User"/>
  <testcase name="Add_Tracking_Number" time="0.473" classname="Test_Data_Generation.Add_Tracking_Numbers_To_User"/>
  <testcase name="Add_Tracking_Number" time="0.589" classname="Test_Data_Generation.Add_Tracking_Numbers_To_User"/>
  <testcase name="Add_Tracking_Number" time="0.436" classname="Test_Data_Generation.Add_Tracking_Numbers_To_User"/>
  <testcase name="Add_Tracking_Number" time="0.510" classname="Test_Data_Generation.Add_Tracking_Numbers_To_User"/>
  <testcase name="Add_Tracking_Number" time="0.567" classname="Test_Data_Generation.Add_Tracking_Numbers_To_User"/>
  <testcase name="Add_Tracking_Number" time="0.486" classname="Test_Data_Generation.Add_Tracking_Numbers_To_User"/>
  <testcase name="Add_Tracking_Number" time="0.549" classname="Test_Data_Generation.Add_Tracking_Numbers_To_User"/>
  <testcase name="Add_Tracking_Number" time="0.540" classname="Test_Data_Generation.Add_Tracking_Numbers_To_User"/>
  <testcase name="Add_Tracking_Number" time="0.555" classname="Test_Data_Generation.Add_Tracking_Numbers_To_User"/>
  <testcase name="Add_Tracking_Number" time="0.578" classname="Test_Data_Generation.Add_Tracking_Numbers_To_User"/>
  <testcase name="Add_Tracking_Number" time="0.575" classname="Test_Data_Generation.Add_Tracking_Numbers_To_User"/>
  <testcase name="Add_Tracking_Number" time="0.536" classname="Test_Data_Generation.Add_Tracking_Numbers_To_User"/>
  <testcase name="Add_Tracking_Number" time="0.553" classname="Test_Data_Generation.Add_Tracking_Numbers_To_User"/>
  <testcase name="Add_Tracking_Number" time="0.502" classname="Test_Data_Generation.Add_Tracking_Numbers_To_User"/>
  <testcase name="Add_Tracking_Number" time="0.489" classname="Test_Data_Generation.Add_Tracking_Numbers_To_User"/>
  <testcase name="Add_Tracking_Number" time="0.538" classname="Test_Data_Generation.Add_Tracking_Numbers_To_User"/>
  <testcase name="Add_Tracking_Number" time="0.589" classname="Test_Data_Generation.Add_Tracking_Numbers_To_User"/>
  <testcase name="Add_Tracking_Number" time="0.466" classname="Test_Data_Generation.Add_Tracking_Numbers_To_User"/>
  <testcase name="Add_Tracking_Number" time="0.583" classname="Test_Data_Generation.Add_Tracking_Numbers_To_User"/>
  <testcase name="Add_Tracking_Number" time="0.694" classname="Test_Data_Generation.Add_Tracking_Numbers_To_User"/>
  <testcase name="Add_Tracking_Number" time="0.465" classname="Test_Data_Generation.Add_Tracking_Numbers_To_User">
    <failure type="java.lang.AssertionError" message="
Expected: a string containing &quot;{\&quot;successful\&quot;:true&quot;
     but: was &quot;{&quot;ShipmentOptionResponse&quot;:{&quot;successful&quot;:false,&quot;errorList&quot;:[{&quot;code&quot;:&quot;2997&quot;,&quot;message&quot;:&quot;TRAQS connection/request problem&quot;,&quot;source&quot;:null,&quot;rootCause&quot;:null}],&quot;alerts&quot;:null,&quot;cxsalerts&quot;:null}}&quot;">
      <![CDATA[java.lang.AssertionError: 
Expected: a string containing "{\"successful\":true"
     but: was "{"ShipmentOptionResponse":{"successful":false,"errorList":[{"code":"2997","message":"TRAQS connection/request problem","source":null,"rootCause":null}],"alerts":null,"cxsalerts":null}}"
at org.hamcrest.MatcherAssert.assertThat(MatcherAssert.java:20)
at org.junit.Assert.assertThat(Assert.java:956)
at org.junit.Assert.assertThat(Assert.java:923)
at Test_Data_Generation.Add_Tracking_Numbers_To_User.Add_Tracking_Number(Add_Tracking_Numbers_To_User.java:69)
at sun.reflect.GeneratedMethodAccessor2.invoke(Unknown Source)
at sun.reflect.DelegatingMethodAccessorImpl.invoke(Unknown Source)
at java.lang.reflect.Method.invoke(Unknown Source)
at org.testng.internal.MethodInvocationHelper.invokeMethod(MethodInvocationHelper.java:124)
at org.testng.internal.Invoker.invokeMethod(Invoker.java:580)
at org.testng.internal.Invoker.invokeTestMethod(Invoker.java:716)
at org.testng.internal.TestMethodWithDataProviderMethodWorker.call(TestMethodWithDataProviderMethodWorker.java:71)
at org.testng.internal.TestMethodWithDataProviderMethodWorker.call(TestMethodWithDataProviderMethodWorker.java:14)
at java.util.concurrent.FutureTask.run(Unknown Source)
at java.util.concurrent.Executors$RunnableAdapter.call(Unknown Source)
at java.util.concurrent.FutureTask.run(Unknown Source)
at java.util.concurrent.ThreadPoolExecutor.runWorker(Unknown Source)
at java.util.concurrent.ThreadPoolExecutor$Worker.run(Unknown Source)
at java.lang.Thread.run(Unknown Source)
]]>
    </failure>
  </testcase> <!-- Add_Tracking_Number -->
  <testcase name="Add_Tracking_Number" time="0.611" classname="Test_Data_Generation.Add_Tracking_Numbers_To_User"/>
  <testcase name="Add_Tracking_Number" time="0.515" classname="Test_Data_Generation.Add_Tracking_Numbers_To_User"/>
  <testcase name="Add_Tracking_Number" time="0.624" classname="Test_Data_Generation.Add_Tracking_Numbers_To_User"/>
  <testcase name="Add_Tracking_Number" time="0.556" classname="Test_Data_Generation.Add_Tracking_Numbers_To_User"/>
  <testcase name="Add_Tracking_Number" time="0.450" classname="Test_Data_Generation.Add_Tracking_Numbers_To_User"/>
  <testcase name="Add_Tracking_Number" time="0.508" classname="Test_Data_Generation.Add_Tracking_Numbers_To_User"/>
  <testcase name="Add_Tracking_Number" time="0.644" classname="Test_Data_Generation.Add_Tracking_Numbers_To_User"/>
  <testcase name="Add_Tracking_Number" time="0.564" classname="Test_Data_Generation.Add_Tracking_Numbers_To_User"/>
  <testcase name="Add_Tracking_Number" time="0.566" classname="Test_Data_Generation.Add_Tracking_Numbers_To_User"/>
  <testcase name="Add_Tracking_Number" time="0.456" classname="Test_Data_Generation.Add_Tracking_Numbers_To_User"/>
  <testcase name="Add_Tracking_Number" time="0.536" classname="Test_Data_Generation.Add_Tracking_Numbers_To_User"/>
  <testcase name="Add_Tracking_Number" time="0.508" classname="Test_Data_Generation.Add_Tracking_Numbers_To_User"/>
  <testcase name="Add_Tracking_Number" time="0.500" classname="Test_Data_Generation.Add_Tracking_Numbers_To_User"/>
  <testcase name="Add_Tracking_Number" time="0.429" classname="Test_Data_Generation.Add_Tracking_Numbers_To_User"/>
  <testcase name="Add_Tracking_Number" time="0.314" classname="Test_Data_Generation.Add_Tracking_Numbers_To_User"/>
  <testcase name="Add_Tracking_Number" time="0.466" classname="Test_Data_Generation.Add_Tracking_Numbers_To_User"/>
  <testcase name="Add_Tracking_Number" time="0.511" classname="Test_Data_Generation.Add_Tracking_Numbers_To_User"/>
  <testcase name="Add_Tracking_Number" time="0.637" classname="Test_Data_Generation.Add_Tracking_Numbers_To_User"/>
  <testcase name="Add_Tracking_Number" time="0.563" classname="Test_Data_Generation.Add_Tracking_Numbers_To_User"/>
  <testcase name="Add_Tracking_Number" time="1.319" classname="Test_Data_Generation.Add_Tracking_Numbers_To_User"/>
  <testcase name="Add_Tracking_Number" time="0.460" classname="Test_Data_Generation.Add_Tracking_Numbers_To_User"/>
  <testcase name="Add_Tracking_Number" time="0.446" classname="Test_Data_Generation.Add_Tracking_Numbers_To_User"/>
  <testcase name="Add_Tracking_Number" time="0.617" classname="Test_Data_Generation.Add_Tracking_Numbers_To_User"/>
  <testcase name="Add_Tracking_Number" time="0.340" classname="Test_Data_Generation.Add_Tracking_Numbers_To_User"/>
  <testcase name="Add_Tracking_Number" time="0.510" classname="Test_Data_Generation.Add_Tracking_Numbers_To_User"/>
  <testcase name="Add_Tracking_Number" time="0.505" classname="Test_Data_Generation.Add_Tracking_Numbers_To_User"/>
  <testcase name="Add_Tracking_Number" time="0.461" classname="Test_Data_Generation.Add_Tracking_Numbers_To_User"/>
  <testcase name="Add_Tracking_Number" time="0.505" classname="Test_Data_Generation.Add_Tracking_Numbers_To_User"/>
  <testcase name="Add_Tracking_Number" time="0.497" classname="Test_Data_Generation.Add_Tracking_Numbers_To_User"/>
  <testcase name="Add_Tracking_Number" time="0.503" classname="Test_Data_Generation.Add_Tracking_Numbers_To_User"/>
  <testcase name="Add_Tracking_Number" time="0.483" classname="Test_Data_Generation.Add_Tracking_Numbers_To_User"/>
  <testcase name="Add_Tracking_Number" time="0.618" classname="Test_Data_Generation.Add_Tracking_Numbers_To_User"/>
  <testcase name="Add_Tracking_Number" time="0.600" classname="Test_Data_Generation.Add_Tracking_Numbers_To_User"/>
  <testcase name="Add_Tracking_Number" time="0.443" classname="Test_Data_Generation.Add_Tracking_Numbers_To_User"/>
  <testcase name="Add_Tracking_Number" time="0.587" classname="Test_Data_Generation.Add_Tracking_Numbers_To_User"/>
  <testcase name="Add_Tracking_Number" time="0.494" classname="Test_Data_Generation.Add_Tracking_Numbers_To_User"/>
  <testcase name="Add_Tracking_Number" time="0.801" classname="Test_Data_Generation.Add_Tracking_Numbers_To_User"/>
  <testcase name="Add_Tracking_Number" time="0.529" classname="Test_Data_Generation.Add_Tracking_Numbers_To_User"/>
  <testcase name="Add_Tracking_Number" time="0.554" classname="Test_Data_Generation.Add_Tracking_Numbers_To_User"/>
  <testcase name="Add_Tracking_Number" time="0.531" classname="Test_Data_Generation.Add_Tracking_Numbers_To_User"/>
  <testcase name="Add_Tracking_Number" time="0.055" classname="Test_Data_Generation.Add_Tracking_Numbers_To_User"/>
  <testcase name="Add_Tracking_Number" time="0.488" classname="Test_Data_Generation.Add_Tracking_Numbers_To_User"/>
  <testcase name="Add_Tracking_Number" time="0.475" classname="Test_Data_Generation.Add_Tracking_Numbers_To_User"/>
  <testcase name="Add_Tracking_Number" time="0.629" classname="Test_Data_Generation.Add_Tracking_Numbers_To_User"/>
  <testcase name="Add_Tracking_Number" time="0.581" classname="Test_Data_Generation.Add_Tracking_Numbers_To_User"/>
  <testcase name="Add_Tracking_Number" time="0.564" classname="Test_Data_Generation.Add_Tracking_Numbers_To_User"/>
  <testcase name="Add_Tracking_Number" time="0.601" classname="Test_Data_Generation.Add_Tracking_Numbers_To_User"/>
  <testcase name="Add_Tracking_Number" time="0.559" classname="Test_Data_Generation.Add_Tracking_Numbers_To_User"/>
  <testcase name="Add_Tracking_Number" time="0.467" classname="Test_Data_Generation.Add_Tracking_Numbers_To_User"/>
  <testcase name="Add_Tracking_Number" time="0.649" classname="Test_Data_Generation.Add_Tracking_Numbers_To_User"/>
  <testcase name="Add_Tracking_Number" time="0.513" classname="Test_Data_Generation.Add_Tracking_Numbers_To_User"/>
  <testcase name="Add_Tracking_Number" time="17.987" classname="Test_Data_Generation.Add_Tracking_Numbers_To_User"/>
  <testcase name="Add_Tracking_Number" time="0.538" classname="Test_Data_Generation.Add_Tracking_Numbers_To_User"/>
  <testcase name="Add_Tracking_Number" time="0.481" classname="Test_Data_Generation.Add_Tracking_Numbers_To_User"/>
  <testcase name="Add_Tracking_Number" time="0.489" classname="Test_Data_Generation.Add_Tracking_Numbers_To_User"/>
  <testcase name="Add_Tracking_Number" time="0.604" classname="Test_Data_Generation.Add_Tracking_Numbers_To_User"/>
  <testcase name="Add_Tracking_Number" time="0.548" classname="Test_Data_Generation.Add_Tracking_Numbers_To_User"/>
  <testcase name="Add_Tracking_Number" time="0.571" classname="Test_Data_Generation.Add_Tracking_Numbers_To_User"/>
  <testcase name="Add_Tracking_Number" time="0.433" classname="Test_Data_Generation.Add_Tracking_Numbers_To_User"/>
  <testcase name="Add_Tracking_Number" time="0.484" classname="Test_Data_Generation.Add_Tracking_Numbers_To_User"/>
  <testcase name="Add_Tracking_Number" time="0.526" classname="Test_Data_Generation.Add_Tracking_Numbers_To_User"/>
  <testcase name="Add_Tracking_Number" time="0.592" classname="Test_Data_Generation.Add_Tracking_Numbers_To_User"/>
  <testcase name="Add_Tracking_Number" time="0.540" classname="Test_Data_Generation.Add_Tracking_Numbers_To_User"/>
  <testcase name="Add_Tracking_Number" time="0.558" classname="Test_Data_Generation.Add_Tracking_Numbers_To_User"/>
  <testcase name="Add_Tracking_Number" time="0.554" classname="Test_Data_Generation.Add_Tracking_Numbers_To_User"/>
  <testcase name="Add_Tracking_Number" time="0.715" classname="Test_Data_Generation.Add_Tracking_Numbers_To_User"/>
  <testcase name="Add_Tracking_Number" time="0.788" classname="Test_Data_Generation.Add_Tracking_Numbers_To_User"/>
  <testcase name="Add_Tracking_Number" time="0.500" classname="Test_Data_Generation.Add_Tracking_Numbers_To_User"/>
  <testcase name="Add_Tracking_Number" time="0.571" classname="Test_Data_Generation.Add_Tracking_Numbers_To_User"/>
  <testcase name="Add_Tracking_Number" time="0.456" classname="Test_Data_Generation.Add_Tracking_Numbers_To_User"/>
  <testcase name="Add_Tracking_Number" time="0.618" classname="Test_Data_Generation.Add_Tracking_Numbers_To_User"/>
  <testcase name="Add_Tracking_Number" time="0.531" classname="Test_Data_Generation.Add_Tracking_Numbers_To_User"/>
  <testcase name="Add_Tracking_Number" time="0.560" classname="Test_Data_Generation.Add_Tracking_Numbers_To_User"/>
  <testcase name="Add_Tracking_Number" time="0.564" classname="Test_Data_Generation.Add_Tracking_Numbers_To_User"/>
  <testcase name="Add_Tracking_Number" time="0.519" classname="Test_Data_Generation.Add_Tracking_Numbers_To_User"/>
  <testcase name="Add_Tracking_Number" time="0.509" classname="Test_Data_Generation.Add_Tracking_Numbers_To_User"/>
  <testcase name="Add_Tracking_Number" time="0.590" classname="Test_Data_Generation.Add_Tracking_Numbers_To_User"/>
  <testcase name="Add_Tracking_Number" time="0.650" classname="Test_Data_Generation.Add_Tracking_Numbers_To_User"/>
  <testcase name="Add_Tracking_Number" time="0.482" classname="Test_Data_Generation.Add_Tracking_Numbers_To_User"/>
  <testcase name="Add_Tracking_Number" time="0.436" classname="Test_Data_Generation.Add_Tracking_Numbers_To_User"/>
  <testcase name="Add_Tracking_Number" time="0.525" classname="Test_Data_Generation.Add_Tracking_Numbers_To_User"/>
  <testcase name="Add_Tracking_Number" time="0.549" classname="Test_Data_Generation.Add_Tracking_Numbers_To_User"/>
  <testcase name="Add_Tracking_Number" time="0.461" classname="Test_Data_Generation.Add_Tracking_Numbers_To_User"/>
  <testcase name="Add_Tracking_Number" time="0.466" classname="Test_Data_Generation.Add_Tracking_Numbers_To_User"/>
  <testcase name="Add_Tracking_Number" time="0.421" classname="Test_Data_Generation.Add_Tracking_Numbers_To_User"/>
  <testcase name="Add_Tracking_Number" time="0.492" classname="Test_Data_Generation.Add_Tracking_Numbers_To_User"/>
  <testcase name="Add_Tracking_Number" time="0.480" classname="Test_Data_Generation.Add_Tracking_Numbers_To_User"/>
  <testcase name="Add_Tracking_Number" time="0.490" classname="Test_Data_Generation.Add_Tracking_Numbers_To_User"/>
  <testcase name="Add_Tracking_Number" time="0.488" classname="Test_Data_Generation.Add_Tracking_Numbers_To_User"/>
  <testcase name="Add_Tracking_Number" time="0.497" classname="Test_Data_Generation.Add_Tracking_Numbers_To_User"/>
  <testcase name="Add_Tracking_Number" time="0.548" classname="Test_Data_Generation.Add_Tracking_Numbers_To_User"/>
  <testcase name="Add_Tracking_Number" time="0.533" classname="Test_Data_Generation.Add_Tracking_Numbers_To_User"/>
  <testcase name="Add_Tracking_Number" time="0.581" classname="Test_Data_Generation.Add_Tracking_Numbers_To_User"/>
  <testcase name="Add_Tracking_Number" time="0.485" classname="Test_Data_Generation.Add_Tracking_Numbers_To_User"/>
  <testcase name="Add_Tracking_Number" time="0.537" classname="Test_Data_Generation.Add_Tracking_Numbers_To_User"/>
  <testcase name="Add_Tracking_Number" time="0.582" classname="Test_Data_Generation.Add_Tracking_Numbers_To_User"/>
  <testcase name="Add_Tracking_Number" time="0.428" classname="Test_Data_Generation.Add_Tracking_Numbers_To_User"/>
  <testcase name="Add_Tracking_Number" time="0.604" classname="Test_Data_Generation.Add_Tracking_Numbers_To_User"/>
  <testcase name="Add_Tracking_Number" time="0.516" classname="Test_Data_Generation.Add_Tracking_Numbers_To_User"/>
  <testcase name="Add_Tracking_Number" time="0.677" classname="Test_Data_Generation.Add_Tracking_Numbers_To_User"/>
  <testcase name="Add_Tracking_Number" time="0.567" classname="Test_Data_Generation.Add_Tracking_Numbers_To_User"/>
  <testcase name="Add_Tracking_Number" time="0.623" classname="Test_Data_Generation.Add_Tracking_Numbers_To_User"/>
  <testcase name="Add_Tracking_Number" time="0.519" classname="Test_Data_Generation.Add_Tracking_Numbers_To_User"/>
  <testcase name="Add_Tracking_Number" time="0.549" classname="Test_Data_Generation.Add_Tracking_Numbers_To_User"/>
  <testcase name="Add_Tracking_Number" time="0.596" classname="Test_Data_Generation.Add_Tracking_Numbers_To_User"/>
  <testcase name="Add_Tracking_Number" time="1.152" classname="Test_Data_Generation.Add_Tracking_Numbers_To_User"/>
  <testcase name="Add_Tracking_Number" time="0.527" classname="Test_Data_Generation.Add_Tracking_Numbers_To_User"/>
  <testcase name="Add_Tracking_Number" time="0.477" classname="Test_Data_Generation.Add_Tracking_Numbers_To_User"/>
  <testcase name="Add_Tracking_Number" time="0.575" classname="Test_Data_Generation.Add_Tracking_Numbers_To_User"/>
  <testcase name="Add_Tracking_Number" time="0.600" classname="Test_Data_Generation.Add_Tracking_Numbers_To_User"/>
  <testcase name="Add_Tracking_Number" time="0.566" classname="Test_Data_Generation.Add_Tracking_Numbers_To_User"/>
  <testcase name="Add_Tracking_Number" time="0.509" classname="Test_Data_Generation.Add_Tracking_Numbers_To_User"/>
  <testcase name="Add_Tracking_Number" time="0.572" classname="Test_Data_Generation.Add_Tracking_Numbers_To_User"/>
  <testcase name="Add_Tracking_Number" time="0.617" classname="Test_Data_Generation.Add_Tracking_Numbers_To_User"/>
  <testcase name="Add_Tracking_Number" time="0.465" classname="Test_Data_Generation.Add_Tracking_Numbers_To_User"/>
  <testcase name="Add_Tracking_Number" time="0.537" classname="Test_Data_Generation.Add_Tracking_Numbers_To_User"/>
  <testcase name="Add_Tracking_Number" time="0.477" classname="Test_Data_Generation.Add_Tracking_Numbers_To_User"/>
  <testcase name="Add_Tracking_Number" time="0.625" classname="Test_Data_Generation.Add_Tracking_Numbers_To_User"/>
  <testcase name="Add_Tracking_Number" time="0.528" classname="Test_Data_Generation.Add_Tracking_Numbers_To_User"/>
  <testcase name="Add_Tracking_Number" time="0.553" classname="Test_Data_Generation.Add_Tracking_Numbers_To_User"/>
  <testcase name="Add_Tracking_Number" time="0.493" classname="Test_Data_Generation.Add_Tracking_Numbers_To_User"/>
  <testcase name="Add_Tracking_Number" time="0.459" classname="Test_Data_Generation.Add_Tracking_Numbers_To_User"/>
  <testcase name="Add_Tracking_Number" time="0.465" classname="Test_Data_Generation.Add_Tracking_Numbers_To_User"/>
  <testcase name="Add_Tracking_Number" time="0.742" classname="Test_Data_Generation.Add_Tracking_Numbers_To_User"/>
  <testcase name="Add_Tracking_Number" time="0.553" classname="Test_Data_Generation.Add_Tracking_Numbers_To_User"/>
  <testcase name="Add_Tracking_Number" time="0.477" classname="Test_Data_Generation.Add_Tracking_Numbers_To_User"/>
  <testcase name="Add_Tracking_Number" time="0.514" classname="Test_Data_Generation.Add_Tracking_Numbers_To_User"/>
  <testcase name="Add_Tracking_Number" time="0.540" classname="Test_Data_Generation.Add_Tracking_Numbers_To_User"/>
  <testcase name="Add_Tracking_Number" time="0.509" classname="Test_Data_Generation.Add_Tracking_Numbers_To_User"/>
  <testcase name="Add_Tracking_Number" time="0.558" classname="Test_Data_Generation.Add_Tracking_Numbers_To_User"/>
  <testcase name="Add_Tracking_Number" time="0.743" classname="Test_Data_Generation.Add_Tracking_Numbers_To_User"/>
  <testcase name="Add_Tracking_Number" time="0.489" classname="Test_Data_Generation.Add_Tracking_Numbers_To_User"/>
  <testcase name="Add_Tracking_Number" time="0.702" classname="Test_Data_Generation.Add_Tracking_Numbers_To_User"/>
  <testcase name="Add_Tracking_Number" time="0.565" classname="Test_Data_Generation.Add_Tracking_Numbers_To_User"/>
  <testcase name="Add_Tracking_Number" time="0.739" classname="Test_Data_Generation.Add_Tracking_Numbers_To_User"/>
  <testcase name="Add_Tracking_Number" time="0.517" classname="Test_Data_Generation.Add_Tracking_Numbers_To_User"/>
  <testcase name="Add_Tracking_Number" time="0.488" classname="Test_Data_Generation.Add_Tracking_Numbers_To_User"/>
  <testcase name="Add_Tracking_Number" time="0.570" classname="Test_Data_Generation.Add_Tracking_Numbers_To_User"/>
  <testcase name="Add_Tracking_Number" time="0.471" classname="Test_Data_Generation.Add_Tracking_Numbers_To_User"/>
  <testcase name="Add_Tracking_Number" time="0.590" classname="Test_Data_Generation.Add_Tracking_Numbers_To_User"/>
  <testcase name="Add_Tracking_Number" time="0.599" classname="Test_Data_Generation.Add_Tracking_Numbers_To_User"/>
  <testcase name="Add_Tracking_Number" time="0.584" classname="Test_Data_Generation.Add_Tracking_Numbers_To_User"/>
  <testcase name="Add_Tracking_Number" time="0.493" classname="Test_Data_Generation.Add_Tracking_Numbers_To_User"/>
  <testcase name="Add_Tracking_Number" time="0.474" classname="Test_Data_Generation.Add_Tracking_Numbers_To_User"/>
  <testcase name="Add_Tracking_Number" time="0.524" classname="Test_Data_Generation.Add_Tracking_Numbers_To_User"/>
  <testcase name="Add_Tracking_Number" time="0.495" classname="Test_Data_Generation.Add_Tracking_Numbers_To_User"/>
  <testcase name="Add_Tracking_Number" time="0.511" classname="Test_Data_Generation.Add_Tracking_Numbers_To_User"/>
  <testcase name="Add_Tracking_Number" time="0.589" classname="Test_Data_Generation.Add_Tracking_Numbers_To_User"/>
  <testcase name="Add_Tracking_Number" time="0.527" classname="Test_Data_Generation.Add_Tracking_Numbers_To_User"/>
  <testcase name="Add_Tracking_Number" time="0.588" classname="Test_Data_Generation.Add_Tracking_Numbers_To_User"/>
  <testcase name="Add_Tracking_Number" time="0.543" classname="Test_Data_Generation.Add_Tracking_Numbers_To_User"/>
  <testcase name="Add_Tracking_Number" time="0.443" classname="Test_Data_Generation.Add_Tracking_Numbers_To_User"/>
  <testcase name="Add_Tracking_Number" time="0.471" classname="Test_Data_Generation.Add_Tracking_Numbers_To_User"/>
  <testcase name="Add_Tracking_Number" time="0.486" classname="Test_Data_Generation.Add_Tracking_Numbers_To_User"/>
  <testcase name="Add_Tracking_Number" time="0.466" classname="Test_Data_Generation.Add_Tracking_Numbers_To_User"/>
  <testcase name="Add_Tracking_Number" time="0.669" classname="Test_Data_Generation.Add_Tracking_Numbers_To_User"/>
  <testcase name="Add_Tracking_Number" time="0.688" classname="Test_Data_Generation.Add_Tracking_Numbers_To_User"/>
  <testcase name="Add_Tracking_Number" time="0.485" classname="Test_Data_Generation.Add_Tracking_Numbers_To_User"/>
  <testcase name="Add_Tracking_Number" time="0.561" classname="Test_Data_Generation.Add_Tracking_Numbers_To_User"/>
  <testcase name="Add_Tracking_Number" time="0.580" classname="Test_Data_Generation.Add_Tracking_Numbers_To_User"/>
  <testcase name="Add_Tracking_Number" time="0.539" classname="Test_Data_Generation.Add_Tracking_Numbers_To_User"/>
  <testcase name="Add_Tracking_Number" time="0.549" classname="Test_Data_Generation.Add_Tracking_Numbers_To_User"/>
  <testcase name="Add_Tracking_Number" time="0.529" classname="Test_Data_Generation.Add_Tracking_Numbers_To_User"/>
  <testcase name="Add_Tracking_Number" time="0.559" classname="Test_Data_Generation.Add_Tracking_Numbers_To_User"/>
  <testcase name="Add_Tracking_Number" time="0.506" classname="Test_Data_Generation.Add_Tracking_Numbers_To_User"/>
  <testcase name="Add_Tracking_Number" time="0.526" classname="Test_Data_Generation.Add_Tracking_Numbers_To_User"/>
  <testcase name="Add_Tracking_Number" time="0.493" classname="Test_Data_Generation.Add_Tracking_Numbers_To_User"/>
  <testcase name="Add_Tracking_Number" time="0.579" classname="Test_Data_Generation.Add_Tracking_Numbers_To_User"/>
  <testcase name="Add_Tracking_Number" time="0.497" classname="Test_Data_Generation.Add_Tracking_Numbers_To_User"/>
  <testcase name="Add_Tracking_Number" time="0.545" classname="Test_Data_Generation.Add_Tracking_Numbers_To_User"/>
  <testcase name="Add_Tracking_Number" time="0.499" classname="Test_Data_Generation.Add_Tracking_Numbers_To_User"/>
  <testcase name="Add_Tracking_Number" time="0.599" classname="Test_Data_Generation.Add_Tracking_Numbers_To_User"/>
  <testcase name="Add_Tracking_Number" time="0.525" classname="Test_Data_Generation.Add_Tracking_Numbers_To_User"/>
  <testcase name="Add_Tracking_Number" time="0.589" classname="Test_Data_Generation.Add_Tracking_Numbers_To_User"/>
  <testcase name="Add_Tracking_Number" time="0.693" classname="Test_Data_Generation.Add_Tracking_Numbers_To_User"/>
  <testcase name="Add_Tracking_Number" time="0.748" classname="Test_Data_Generation.Add_Tracking_Numbers_To_User"/>
  <testcase name="Add_Tracking_Number" time="0.521" classname="Test_Data_Generation.Add_Tracking_Numbers_To_User"/>
  <testcase name="Add_Tracking_Number" time="0.594" classname="Test_Data_Generation.Add_Tracking_Numbers_To_User"/>
  <testcase name="Add_Tracking_Number" time="0.637" classname="Test_Data_Generation.Add_Tracking_Numbers_To_User"/>
  <testcase name="Add_Tracking_Number" time="0.644" classname="Test_Data_Generation.Add_Tracking_Numbers_To_User"/>
  <testcase name="Add_Tracking_Number" time="0.447" classname="Test_Data_Generation.Add_Tracking_Numbers_To_User"/>
  <testcase name="Add_Tracking_Number" time="0.511" classname="Test_Data_Generation.Add_Tracking_Numbers_To_User"/>
  <testcase name="Add_Tracking_Number" time="0.493" classname="Test_Data_Generation.Add_Tracking_Numbers_To_User"/>
  <testcase name="Add_Tracking_Number" time="0.622" classname="Test_Data_Generation.Add_Tracking_Numbers_To_User"/>
  <testcase name="Add_Tracking_Number" time="0.476" classname="Test_Data_Generation.Add_Tracking_Numbers_To_User"/>
  <testcase name="Add_Tracking_Number" time="0.812" classname="Test_Data_Generation.Add_Tracking_Numbers_To_User"/>
  <testcase name="Add_Tracking_Number" time="0.565" classname="Test_Data_Generation.Add_Tracking_Numbers_To_User"/>
  <testcase name="Add_Tracking_Number" time="0.563" classname="Test_Data_Generation.Add_Tracking_Numbers_To_User"/>
  <testcase name="Add_Tracking_Number" time="0.714" classname="Test_Data_Generation.Add_Tracking_Numbers_To_User"/>
  <testcase name="Add_Tracking_Number" time="0.572" classname="Test_Data_Generation.Add_Tracking_Numbers_To_User"/>
  <testcase name="Add_Tracking_Number" time="0.499" classname="Test_Data_Generation.Add_Tracking_Numbers_To_User"/>
  <testcase name="Add_Tracking_Number" time="0.565" classname="Test_Data_Generation.Add_Tracking_Numbers_To_User"/>
  <testcase name="Add_Tracking_Number" time="0.499" classname="Test_Data_Generation.Add_Tracking_Numbers_To_User"/>
  <testcase name="Add_Tracking_Number" time="0.632" classname="Test_Data_Generation.Add_Tracking_Numbers_To_User"/>
  <testcase name="Add_Tracking_Number" time="0.611" classname="Test_Data_Generation.Add_Tracking_Numbers_To_User"/>
  <testcase name="Add_Tracking_Number" time="0.208" classname="Test_Data_Generation.Add_Tracking_Numbers_To_User"/>
  <testcase name="Add_Tracking_Number" time="0.654" classname="Test_Data_Generation.Add_Tracking_Numbers_To_User"/>
  <testcase name="Add_Tracking_Number" time="0.780" classname="Test_Data_Generation.Add_Tracking_Numbers_To_User"/>
  <testcase name="Add_Tracking_Number" time="0.483" classname="Test_Data_Generation.Add_Tracking_Numbers_To_User"/>
  <testcase name="Add_Tracking_Number" time="0.516" classname="Test_Data_Generation.Add_Tracking_Numbers_To_User"/>
  <testcase name="Add_Tracking_Number" time="0.514" classname="Test_Data_Generation.Add_Tracking_Numbers_To_User"/>
  <testcase name="Add_Tracking_Number" time="0.549" classname="Test_Data_Generation.Add_Tracking_Numbers_To_User"/>
  <testcase name="Add_Tracking_Number" time="0.460" classname="Test_Data_Generation.Add_Tracking_Numbers_To_User"/>
  <testcase name="Add_Tracking_Number" time="0.516" classname="Test_Data_Generation.Add_Tracking_Numbers_To_User"/>
  <testcase name="Add_Tracking_Number" time="0.558" classname="Test_Data_Generation.Add_Tracking_Numbers_To_User"/>
  <testcase name="Add_Tracking_Number" time="0.542" classname="Test_Data_Generation.Add_Tracking_Numbers_To_User"/>
  <testcase name="Add_Tracking_Number" time="0.464" classname="Test_Data_Generation.Add_Tracking_Numbers_To_User"/>
  <testcase name="Add_Tracking_Number" time="0.580" classname="Test_Data_Generation.Add_Tracking_Numbers_To_User"/>
  <testcase name="Add_Tracking_Number" time="0.587" classname="Test_Data_Generation.Add_Tracking_Numbers_To_User"/>
  <testcase name="Add_Tracking_Number" time="0.503" classname="Test_Data_Generation.Add_Tracking_Numbers_To_User"/>
  <testcase name="Add_Tracking_Number" time="0.500" classname="Test_Data_Generation.Add_Tracking_Numbers_To_User"/>
  <testcase name="Add_Tracking_Number" time="0.420" classname="Test_Data_Generation.Add_Tracking_Numbers_To_User"/>
  <testcase name="Add_Tracking_Number" time="0.499" classname="Test_Data_Generation.Add_Tracking_Numbers_To_User"/>
  <testcase name="Add_Tracking_Number" time="0.549" classname="Test_Data_Generation.Add_Tracking_Numbers_To_User"/>
  <testcase name="Add_Tracking_Number" time="0.558" classname="Test_Data_Generation.Add_Tracking_Numbers_To_User"/>
  <testcase name="Add_Tracking_Number" time="0.553" classname="Test_Data_Generation.Add_Tracking_Numbers_To_User"/>
  <testcase name="Add_Tracking_Number" time="0.501" classname="Test_Data_Generation.Add_Tracking_Numbers_To_User"/>
  <testcase name="Add_Tracking_Number" time="0.542" classname="Test_Data_Generation.Add_Tracking_Numbers_To_User"/>
  <testcase name="Add_Tracking_Number" time="0.517" classname="Test_Data_Generation.Add_Tracking_Numbers_To_User"/>
  <testcase name="Add_Tracking_Number" time="0.484" classname="Test_Data_Generation.Add_Tracking_Numbers_To_User"/>
  <testcase name="Add_Tracking_Number" time="0.664" classname="Test_Data_Generation.Add_Tracking_Numbers_To_User"/>
  <testcase name="Add_Tracking_Number" time="0.647" classname="Test_Data_Generation.Add_Tracking_Numbers_To_User"/>
  <testcase name="Add_Tracking_Number" time="0.541" classname="Test_Data_Generation.Add_Tracking_Numbers_To_User"/>
  <testcase name="Add_Tracking_Number" time="0.489" classname="Test_Data_Generation.Add_Tracking_Numbers_To_User"/>
  <testcase name="Add_Tracking_Number" time="0.558" classname="Test_Data_Generation.Add_Tracking_Numbers_To_User"/>
  <testcase name="Add_Tracking_Number" time="0.509" classname="Test_Data_Generation.Add_Tracking_Numbers_To_User"/>
  <testcase name="Add_Tracking_Number" time="0.486" classname="Test_Data_Generation.Add_Tracking_Numbers_To_User"/>
  <testcase name="Add_Tracking_Number" time="0.722" classname="Test_Data_Generation.Add_Tracking_Numbers_To_User"/>
  <testcase name="Add_Tracking_Number" time="0.493" classname="Test_Data_Generation.Add_Tracking_Numbers_To_User"/>
  <testcase name="Add_Tracking_Number" time="0.564" classname="Test_Data_Generation.Add_Tracking_Numbers_To_User"/>
  <testcase name="Add_Tracking_Number" time="0.694" classname="Test_Data_Generation.Add_Tracking_Numbers_To_User"/>
  <testcase name="Add_Tracking_Number" time="0.696" classname="Test_Data_Generation.Add_Tracking_Numbers_To_User"/>
  <testcase name="Add_Tracking_Number" time="0.686" classname="Test_Data_Generation.Add_Tracking_Numbers_To_User"/>
  <testcase name="Add_Tracking_Number" time="0.415" classname="Test_Data_Generation.Add_Tracking_Numbers_To_User"/>
  <testcase name="Add_Tracking_Number" time="0.464" classname="Test_Data_Generation.Add_Tracking_Numbers_To_User"/>
  <testcase name="Add_Tracking_Number" time="0.538" classname="Test_Data_Generation.Add_Tracking_Numbers_To_User"/>
  <testcase name="Add_Tracking_Number" time="0.473" classname="Test_Data_Generation.Add_Tracking_Numbers_To_User"/>
  <testcase name="Add_Tracking_Number" time="0.109" classname="Test_Data_Generation.Add_Tracking_Numbers_To_User"/>
  <testcase name="Add_Tracking_Number" time="0.525" classname="Test_Data_Generation.Add_Tracking_Numbers_To_User"/>
  <testcase name="Add_Tracking_Number" time="0.457" classname="Test_Data_Generation.Add_Tracking_Numbers_To_User"/>
  <testcase name="Add_Tracking_Number" time="0.467" classname="Test_Data_Generation.Add_Tracking_Numbers_To_User"/>
  <testcase name="Add_Tracking_Number" time="0.557" classname="Test_Data_Generation.Add_Tracking_Numbers_To_User"/>
  <testcase name="Add_Tracking_Number" time="0.617" classname="Test_Data_Generation.Add_Tracking_Numbers_To_User"/>
  <testcase name="Add_Tracking_Number" time="0.567" classname="Test_Data_Generation.Add_Tracking_Numbers_To_User"/>
  <testcase name="Add_Tracking_Number" time="0.590" classname="Test_Data_Generation.Add_Tracking_Numbers_To_User"/>
  <testcase name="Add_Tracking_Number" time="0.588" classname="Test_Data_Generation.Add_Tracking_Numbers_To_User"/>
  <testcase name="Add_Tracking_Number" time="0.574" classname="Test_Data_Generation.Add_Tracking_Numbers_To_User"/>
  <testcase name="Add_Tracking_Number" time="0.632" classname="Test_Data_Generation.Add_Tracking_Numbers_To_User"/>
  <testcase name="Add_Tracking_Number" time="0.487" classname="Test_Data_Generation.Add_Tracking_Numbers_To_User"/>
  <testcase name="Add_Tracking_Number" time="0.469" classname="Test_Data_Generation.Add_Tracking_Numbers_To_User"/>
  <testcase name="Add_Tracking_Number" time="0.059" classname="Test_Data_Generation.Add_Tracking_Numbers_To_User"/>
  <testcase name="Add_Tracking_Number" time="0.499" classname="Test_Data_Generation.Add_Tracking_Numbers_To_User"/>
  <testcase name="Add_Tracking_Number" time="0.554" classname="Test_Data_Generation.Add_Tracking_Numbers_To_User"/>
  <testcase name="Add_Tracking_Number" time="0.490" classname="Test_Data_Generation.Add_Tracking_Numbers_To_User"/>
  <testcase name="Add_Tracking_Number" time="0.625" classname="Test_Data_Generation.Add_Tracking_Numbers_To_User"/>
  <testcase name="Add_Tracking_Number" time="0.472" classname="Test_Data_Generation.Add_Tracking_Numbers_To_User"/>
  <testcase name="Add_Tracking_Number" time="0.568" classname="Test_Data_Generation.Add_Tracking_Numbers_To_User"/>
  <testcase name="Add_Tracking_Number" time="0.586" classname="Test_Data_Generation.Add_Tracking_Numbers_To_User"/>
  <testcase name="Add_Tracking_Number" time="0.576" classname="Test_Data_Generation.Add_Tracking_Numbers_To_User"/>
  <testcase name="Add_Tracking_Number" time="0.633" classname="Test_Data_Generation.Add_Tracking_Numbers_To_User"/>
  <testcase name="Add_Tracking_Number" time="0.558" classname="Test_Data_Generation.Add_Tracking_Numbers_To_User"/>
  <testcase name="Add_Tracking_Number" time="0.502" classname="Test_Data_Generation.Add_Tracking_Numbers_To_User"/>
  <testcase name="Add_Tracking_Number" time="0.571" classname="Test_Data_Generation.Add_Tracking_Numbers_To_User"/>
  <testcase name="Add_Tracking_Number" time="0.066" classname="Test_Data_Generation.Add_Tracking_Numbers_To_User"/>
  <testcase name="Add_Tracking_Number" time="0.118" classname="Test_Data_Generation.Add_Tracking_Numbers_To_User"/>
  <testcase name="Add_Tracking_Number" time="0.522" classname="Test_Data_Generation.Add_Tracking_Numbers_To_User"/>
  <testcase name="Add_Tracking_Number" time="0.461" classname="Test_Data_Generation.Add_Tracking_Numbers_To_User"/>
  <testcase name="Add_Tracking_Number" time="0.634" classname="Test_Data_Generation.Add_Tracking_Numbers_To_User"/>
  <testcase name="Add_Tracking_Number" time="0.468" classname="Test_Data_Generation.Add_Tracking_Numbers_To_User"/>
  <testcase name="Add_Tracking_Number" time="0.621" classname="Test_Data_Generation.Add_Tracking_Numbers_To_User"/>
  <testcase name="Add_Tracking_Number" time="0.468" classname="Test_Data_Generation.Add_Tracking_Numbers_To_User"/>
  <testcase name="Add_Tracking_Number" time="0.762" classname="Test_Data_Generation.Add_Tracking_Numbers_To_User"/>
  <testcase name="Add_Tracking_Number" time="0.454" classname="Test_Data_Generation.Add_Tracking_Numbers_To_User"/>
  <testcase name="Add_Tracking_Number" time="0.469" classname="Test_Data_Generation.Add_Tracking_Numbers_To_User"/>
  <testcase name="Add_Tracking_Number" time="0.489" classname="Test_Data_Generation.Add_Tracking_Numbers_To_User"/>
  <testcase name="Add_Tracking_Number" time="0.719" classname="Test_Data_Generation.Add_Tracking_Numbers_To_User"/>
  <testcase name="Add_Tracking_Number" time="0.522" classname="Test_Data_Generation.Add_Tracking_Numbers_To_User"/>
  <testcase name="Add_Tracking_Number" time="0.583" classname="Test_Data_Generation.Add_Tracking_Numbers_To_User"/>
  <testcase name="Add_Tracking_Number" time="0.277" classname="Test_Data_Generation.Add_Tracking_Numbers_To_User"/>
  <testcase name="Add_Tracking_Number" time="0.561" classname="Test_Data_Generation.Add_Tracking_Numbers_To_User"/>
  <testcase name="Add_Tracking_Number" time="0.535" classname="Test_Data_Generation.Add_Tracking_Numbers_To_User"/>
  <testcase name="Add_Tracking_Number" time="0.597" classname="Test_Data_Generation.Add_Tracking_Numbers_To_User"/>
  <testcase name="Add_Tracking_Number" time="0.490" classname="Test_Data_Generation.Add_Tracking_Numbers_To_User"/>
  <testcase name="Add_Tracking_Number" time="0.559" classname="Test_Data_Generation.Add_Tracking_Numbers_To_User"/>
  <testcase name="Add_Tracking_Number" time="0.533" classname="Test_Data_Generation.Add_Tracking_Numbers_To_User"/>
  <testcase name="Add_Tracking_Number" time="0.556" classname="Test_Data_Generation.Add_Tracking_Numbers_To_User"/>
  <testcase name="Add_Tracking_Number" time="0.135" classname="Test_Data_Generation.Add_Tracking_Numbers_To_User"/>
  <testcase name="Add_Tracking_Number" time="0.535" classname="Test_Data_Generation.Add_Tracking_Numbers_To_User"/>
  <testcase name="Add_Tracking_Number" time="0.738" classname="Test_Data_Generation.Add_Tracking_Numbers_To_User"/>
  <testcase name="Add_Tracking_Number" time="0.547" classname="Test_Data_Generation.Add_Tracking_Numbers_To_User"/>
  <testcase name="Add_Tracking_Number" time="0.667" classname="Test_Data_Generation.Add_Tracking_Numbers_To_User"/>
  <testcase name="Add_Tracking_Number" time="0.633" classname="Test_Data_Generation.Add_Tracking_Numbers_To_User"/>
  <testcase name="Add_Tracking_Number" time="0.507" classname="Test_Data_Generation.Add_Tracking_Numbers_To_User"/>
  <testcase name="Add_Tracking_Number" time="0.060" classname="Test_Data_Generation.Add_Tracking_Numbers_To_User"/>
  <testcase name="Add_Tracking_Number" time="0.484" classname="Test_Data_Generation.Add_Tracking_Numbers_To_User"/>
  <testcase name="Add_Tracking_Number" time="0.487" classname="Test_Data_Generation.Add_Tracking_Numbers_To_User"/>
  <testcase name="Add_Tracking_Number" time="0.527" classname="Test_Data_Generation.Add_Tracking_Numbers_To_User"/>
  <testcase name="Add_Tracking_Number" time="0.403" classname="Test_Data_Generation.Add_Tracking_Numbers_To_User">
    <failure type="java.lang.AssertionError" message="
Expected: a string containing &quot;{\&quot;successful\&quot;:true&quot;
     but: was &quot;{&quot;ShipmentOptionResponse&quot;:{&quot;successful&quot;:false,&quot;errorList&quot;:[{&quot;code&quot;:&quot;2997&quot;,&quot;message&quot;:&quot;TRAQS connection/request problem&quot;,&quot;source&quot;:null,&quot;rootCause&quot;:null}],&quot;alerts&quot;:null,&quot;cxsalerts&quot;:null}}&quot;">
      <![CDATA[java.lang.AssertionError: 
Expected: a string containing "{\"successful\":true"
     but: was "{"ShipmentOptionResponse":{"successful":false,"errorList":[{"code":"2997","message":"TRAQS connection/request problem","source":null,"rootCause":null}],"alerts":null,"cxsalerts":null}}"
at org.hamcrest.MatcherAssert.assertThat(MatcherAssert.java:20)
at org.junit.Assert.assertThat(Assert.java:956)
at org.junit.Assert.assertThat(Assert.java:923)
at Test_Data_Generation.Add_Tracking_Numbers_To_User.Add_Tracking_Number(Add_Tracking_Numbers_To_User.java:69)
at sun.reflect.GeneratedMethodAccessor2.invoke(Unknown Source)
at sun.reflect.DelegatingMethodAccessorImpl.invoke(Unknown Source)
at java.lang.reflect.Method.invoke(Unknown Source)
at org.testng.internal.MethodInvocationHelper.invokeMethod(MethodInvocationHelper.java:124)
at org.testng.internal.Invoker.invokeMethod(Invoker.java:580)
at org.testng.internal.Invoker.invokeTestMethod(Invoker.java:716)
at org.testng.internal.TestMethodWithDataProviderMethodWorker.call(TestMethodWithDataProviderMethodWorker.java:71)
at org.testng.internal.TestMethodWithDataProviderMethodWorker.call(TestMethodWithDataProviderMethodWorker.java:14)
at java.util.concurrent.FutureTask.run(Unknown Source)
at java.util.concurrent.Executors$RunnableAdapter.call(Unknown Source)
at java.util.concurrent.FutureTask.run(Unknown Source)
at java.util.concurrent.ThreadPoolExecutor.runWorker(Unknown Source)
at java.util.concurrent.ThreadPoolExecutor$Worker.run(Unknown Source)
at java.lang.Thread.run(Unknown Source)
]]>
    </failure>
  </testcase> <!-- Add_Tracking_Number -->
  <testcase name="Add_Tracking_Number" time="0.650" classname="Test_Data_Generation.Add_Tracking_Numbers_To_User"/>
  <testcase name="Add_Tracking_Number" time="0.526" classname="Test_Data_Generation.Add_Tracking_Numbers_To_User"/>
  <testcase name="Add_Tracking_Number" time="0.526" classname="Test_Data_Generation.Add_Tracking_Numbers_To_User"/>
  <testcase name="Add_Tracking_Number" time="0.583" classname="Test_Data_Generation.Add_Tracking_Numbers_To_User"/>
  <testcase name="Add_Tracking_Number" time="0.805" classname="Test_Data_Generation.Add_Tracking_Numbers_To_User"/>
  <testcase name="Add_Tracking_Number" time="0.573" classname="Test_Data_Generation.Add_Tracking_Numbers_To_User"/>
  <testcase name="Add_Tracking_Number" time="0.454" classname="Test_Data_Generation.Add_Tracking_Numbers_To_User"/>
  <testcase name="Add_Tracking_Number" time="0.678" classname="Test_Data_Generation.Add_Tracking_Numbers_To_User"/>
  <testcase name="Add_Tracking_Number" time="0.511" classname="Test_Data_Generation.Add_Tracking_Numbers_To_User"/>
  <testcase name="Add_Tracking_Number" time="0.569" classname="Test_Data_Generation.Add_Tracking_Numbers_To_User"/>
  <testcase name="Add_Tracking_Number" time="0.548" classname="Test_Data_Generation.Add_Tracking_Numbers_To_User"/>
  <testcase name="Add_Tracking_Number" time="0.502" classname="Test_Data_Generation.Add_Tracking_Numbers_To_User"/>
  <testcase name="Add_Tracking_Number" time="0.621" classname="Test_Data_Generation.Add_Tracking_Numbers_To_User"/>
  <testcase name="Add_Tracking_Number" time="0.613" classname="Test_Data_Generation.Add_Tracking_Numbers_To_User"/>
  <testcase name="Add_Tracking_Number" time="0.583" classname="Test_Data_Generation.Add_Tracking_Numbers_To_User"/>
  <testcase name="Add_Tracking_Number" time="0.533" classname="Test_Data_Generation.Add_Tracking_Numbers_To_User"/>
  <testcase name="Add_Tracking_Number" time="0.456" classname="Test_Data_Generation.Add_Tracking_Numbers_To_User"/>
  <testcase name="Add_Tracking_Number" time="0.561" classname="Test_Data_Generation.Add_Tracking_Numbers_To_User"/>
  <testcase name="Add_Tracking_Number" time="0.527" classname="Test_Data_Generation.Add_Tracking_Numbers_To_User"/>
  <testcase name="Add_Tracking_Number" time="0.503" classname="Test_Data_Generation.Add_Tracking_Numbers_To_User"/>
  <testcase name="Add_Tracking_Number" time="0.615" classname="Test_Data_Generation.Add_Tracking_Numbers_To_User"/>
  <testcase name="Add_Tracking_Number" time="0.617" classname="Test_Data_Generation.Add_Tracking_Numbers_To_User"/>
  <testcase name="Add_Tracking_Number" time="0.461" classname="Test_Data_Generation.Add_Tracking_Numbers_To_User"/>
  <testcase name="Add_Tracking_Number" time="0.492" classname="Test_Data_Generation.Add_Tracking_Numbers_To_User"/>
  <testcase name="Add_Tracking_Number" time="0.552" classname="Test_Data_Generation.Add_Tracking_Numbers_To_User"/>
  <testcase name="Add_Tracking_Number" time="0.580" classname="Test_Data_Generation.Add_Tracking_Numbers_To_User"/>
  <testcase name="Add_Tracking_Number" time="0.722" classname="Test_Data_Generation.Add_Tracking_Numbers_To_User"/>
  <testcase name="Add_Tracking_Number" time="0.595" classname="Test_Data_Generation.Add_Tracking_Numbers_To_User"/>
  <testcase name="Add_Tracking_Number" time="0.489" classname="Test_Data_Generation.Add_Tracking_Numbers_To_User"/>
  <testcase name="Add_Tracking_Number" time="0.481" classname="Test_Data_Generation.Add_Tracking_Numbers_To_User"/>
  <testcase name="Add_Tracking_Number" time="0.535" classname="Test_Data_Generation.Add_Tracking_Numbers_To_User"/>
  <testcase name="Add_Tracking_Number" time="0.466" classname="Test_Data_Generation.Add_Tracking_Numbers_To_User"/>
  <testcase name="Add_Tracking_Number" time="0.590" classname="Test_Data_Generation.Add_Tracking_Numbers_To_User"/>
  <testcase name="Add_Tracking_Number" time="0.659" classname="Test_Data_Generation.Add_Tracking_Numbers_To_User"/>
  <testcase name="Add_Tracking_Number" time="0.514" classname="Test_Data_Generation.Add_Tracking_Numbers_To_User"/>
  <testcase name="Add_Tracking_Number" time="16.884" classname="Test_Data_Generation.Add_Tracking_Numbers_To_User"/>
  <testcase name="Add_Tracking_Number" time="0.555" classname="Test_Data_Generation.Add_Tracking_Numbers_To_User"/>
  <testcase name="Add_Tracking_Number" time="0.557" classname="Test_Data_Generation.Add_Tracking_Numbers_To_User"/>
  <testcase name="Add_Tracking_Number" time="0.530" classname="Test_Data_Generation.Add_Tracking_Numbers_To_User"/>
  <testcase name="Add_Tracking_Number" time="0.570" classname="Test_Data_Generation.Add_Tracking_Numbers_To_User"/>
  <testcase name="Add_Tracking_Number" time="0.539" classname="Test_Data_Generation.Add_Tracking_Numbers_To_User"/>
  <testcase name="Add_Tracking_Number" time="0.579" classname="Test_Data_Generation.Add_Tracking_Numbers_To_User"/>
  <testcase name="Add_Tracking_Number" time="0.581" classname="Test_Data_Generation.Add_Tracking_Numbers_To_User"/>
  <testcase name="Add_Tracking_Number" time="0.631" classname="Test_Data_Generation.Add_Tracking_Numbers_To_User"/>
  <testcase name="Add_Tracking_Number" time="0.545" classname="Test_Data_Generation.Add_Tracking_Numbers_To_User"/>
  <testcase name="Add_Tracking_Number" time="0.532" classname="Test_Data_Generation.Add_Tracking_Numbers_To_User"/>
  <testcase name="Add_Tracking_Number" time="0.552" classname="Test_Data_Generation.Add_Tracking_Numbers_To_User"/>
  <testcase name="Add_Tracking_Number" time="0.528" classname="Test_Data_Generation.Add_Tracking_Numbers_To_User"/>
  <testcase name="Add_Tracking_Number" time="0.575" classname="Test_Data_Generation.Add_Tracking_Numbers_To_User"/>
  <testcase name="Add_Tracking_Number" time="0.541" classname="Test_Data_Generation.Add_Tracking_Numbers_To_User"/>
  <testcase name="Add_Tracking_Number" time="0.488" classname="Test_Data_Generation.Add_Tracking_Numbers_To_User"/>
  <testcase name="Add_Tracking_Number" time="0.574" classname="Test_Data_Generation.Add_Tracking_Numbers_To_User"/>
  <testcase name="Add_Tracking_Number" time="0.530" classname="Test_Data_Generation.Add_Tracking_Numbers_To_User"/>
  <testcase name="Add_Tracking_Number" time="0.573" classname="Test_Data_Generation.Add_Tracking_Numbers_To_User"/>
  <testcase name="Add_Tracking_Number" time="0.514" classname="Test_Data_Generation.Add_Tracking_Numbers_To_User"/>
  <testcase name="Add_Tracking_Number" time="0.514" classname="Test_Data_Generation.Add_Tracking_Numbers_To_User"/>
  <testcase name="Add_Tracking_Number" time="0.514" classname="Test_Data_Generation.Add_Tracking_Numbers_To_User"/>
  <testcase name="Add_Tracking_Number" time="0.501" classname="Test_Data_Generation.Add_Tracking_Numbers_To_User"/>
  <testcase name="Add_Tracking_Number" time="0.585" classname="Test_Data_Generation.Add_Tracking_Numbers_To_User"/>
  <testcase name="Add_Tracking_Number" time="0.657" classname="Test_Data_Generation.Add_Tracking_Numbers_To_User"/>
  <testcase name="Add_Tracking_Number" time="0.543" classname="Test_Data_Generation.Add_Tracking_Numbers_To_User"/>
  <testcase name="Add_Tracking_Number" time="0.497" classname="Test_Data_Generation.Add_Tracking_Numbers_To_User"/>
  <testcase name="Add_Tracking_Number" time="0.688" classname="Test_Data_Generation.Add_Tracking_Numbers_To_User"/>
  <testcase name="Add_Tracking_Number" time="0.523" classname="Test_Data_Generation.Add_Tracking_Numbers_To_User"/>
  <testcase name="Add_Tracking_Number" time="0.495" classname="Test_Data_Generation.Add_Tracking_Numbers_To_User"/>
  <testcase name="Add_Tracking_Number" time="0.616" classname="Test_Data_Generation.Add_Tracking_Numbers_To_User"/>
  <testcase name="Add_Tracking_Number" time="0.744" classname="Test_Data_Generation.Add_Tracking_Numbers_To_User"/>
  <testcase name="Add_Tracking_Number" time="0.495" classname="Test_Data_Generation.Add_Tracking_Numbers_To_User"/>
  <testcase name="Add_Tracking_Number" time="0.630" classname="Test_Data_Generation.Add_Tracking_Numbers_To_User"/>
  <testcase name="Add_Tracking_Number" time="0.553" classname="Test_Data_Generation.Add_Tracking_Numbers_To_User"/>
  <testcase name="Add_Tracking_Number" time="0.505" classname="Test_Data_Generation.Add_Tracking_Numbers_To_User"/>
  <testcase name="Add_Tracking_Number" time="0.483" classname="Test_Data_Generation.Add_Tracking_Numbers_To_User"/>
  <testcase name="Add_Tracking_Number" time="0.533" classname="Test_Data_Generation.Add_Tracking_Numbers_To_User"/>
  <testcase name="Add_Tracking_Number" time="0.518" classname="Test_Data_Generation.Add_Tracking_Numbers_To_User"/>
  <testcase name="Add_Tracking_Number" time="0.698" classname="Test_Data_Generation.Add_Tracking_Numbers_To_User"/>
  <testcase name="Add_Tracking_Number" time="0.601" classname="Test_Data_Generation.Add_Tracking_Numbers_To_User"/>
  <testcase name="Add_Tracking_Number" time="0.667" classname="Test_Data_Generation.Add_Tracking_Numbers_To_User"/>
  <testcase name="Add_Tracking_Number" time="0.661" classname="Test_Data_Generation.Add_Tracking_Numbers_To_User"/>
  <testcase name="Add_Tracking_Number" time="0.653" classname="Test_Data_Generation.Add_Tracking_Numbers_To_User"/>
  <testcase name="Add_Tracking_Number" time="0.515" classname="Test_Data_Generation.Add_Tracking_Numbers_To_User"/>
  <testcase name="Add_Tracking_Number" time="0.538" classname="Test_Data_Generation.Add_Tracking_Numbers_To_User"/>
  <testcase name="Add_Tracking_Number" time="0.654" classname="Test_Data_Generation.Add_Tracking_Numbers_To_User"/>
  <testcase name="Add_Tracking_Number" time="0.580" classname="Test_Data_Generation.Add_Tracking_Numbers_To_User"/>
  <testcase name="Add_Tracking_Number" time="0.470" classname="Test_Data_Generation.Add_Tracking_Numbers_To_User"/>
  <testcase name="Add_Tracking_Number" time="0.509" classname="Test_Data_Generation.Add_Tracking_Numbers_To_User"/>
  <testcase name="Add_Tracking_Number" time="0.650" classname="Test_Data_Generation.Add_Tracking_Numbers_To_User"/>
  <testcase name="Add_Tracking_Number" time="0.483" classname="Test_Data_Generation.Add_Tracking_Numbers_To_User"/>
  <testcase name="Add_Tracking_Number" time="0.579" classname="Test_Data_Generation.Add_Tracking_Numbers_To_User"/>
  <testcase name="Add_Tracking_Number" time="0.668" classname="Test_Data_Generation.Add_Tracking_Numbers_To_User"/>
  <testcase name="Add_Tracking_Number" time="0.497" classname="Test_Data_Generation.Add_Tracking_Numbers_To_User"/>
  <testcase name="Add_Tracking_Number" time="0.455" classname="Test_Data_Generation.Add_Tracking_Numbers_To_User"/>
  <testcase name="Add_Tracking_Number" time="0.591" classname="Test_Data_Generation.Add_Tracking_Numbers_To_User"/>
  <testcase name="Add_Tracking_Number" time="0.793" classname="Test_Data_Generation.Add_Tracking_Numbers_To_User"/>
  <testcase name="Add_Tracking_Number" time="0.505" classname="Test_Data_Generation.Add_Tracking_Numbers_To_User"/>
  <testcase name="Add_Tracking_Number" time="0.525" classname="Test_Data_Generation.Add_Tracking_Numbers_To_User"/>
  <testcase name="Add_Tracking_Number" time="0.569" classname="Test_Data_Generation.Add_Tracking_Numbers_To_User"/>
  <testcase name="Add_Tracking_Number" time="0.460" classname="Test_Data_Generation.Add_Tracking_Numbers_To_User"/>
  <testcase name="Add_Tracking_Number" time="0.583" classname="Test_Data_Generation.Add_Tracking_Numbers_To_User"/>
  <testcase name="Add_Tracking_Number" time="0.608" classname="Test_Data_Generation.Add_Tracking_Numbers_To_User"/>
  <testcase name="Add_Tracking_Number" time="0.569" classname="Test_Data_Generation.Add_Tracking_Numbers_To_User"/>
  <testcase name="Add_Tracking_Number" time="0.303" classname="Test_Data_Generation.Add_Tracking_Numbers_To_User"/>
  <testcase name="Add_Tracking_Number" time="0.582" classname="Test_Data_Generation.Add_Tracking_Numbers_To_User"/>
  <testcase name="Add_Tracking_Number" time="0.558" classname="Test_Data_Generation.Add_Tracking_Numbers_To_User"/>
  <testcase name="Add_Tracking_Number" time="0.511" classname="Test_Data_Generation.Add_Tracking_Numbers_To_User"/>
  <testcase name="Add_Tracking_Number" time="0.629" classname="Test_Data_Generation.Add_Tracking_Numbers_To_User"/>
  <testcase name="Add_Tracking_Number" time="0.507" classname="Test_Data_Generation.Add_Tracking_Numbers_To_User"/>
  <testcase name="Add_Tracking_Number" time="0.518" classname="Test_Data_Generation.Add_Tracking_Numbers_To_User"/>
  <testcase name="Add_Tracking_Number" time="0.581" classname="Test_Data_Generation.Add_Tracking_Numbers_To_User"/>
  <testcase name="Add_Tracking_Number" time="0.720" classname="Test_Data_Generation.Add_Tracking_Numbers_To_User"/>
  <testcase name="Add_Tracking_Number" time="0.556" classname="Test_Data_Generation.Add_Tracking_Numbers_To_User"/>
  <testcase name="Add_Tracking_Number" time="0.445" classname="Test_Data_Generation.Add_Tracking_Numbers_To_User"/>
  <testcase name="Add_Tracking_Number" time="0.519" classname="Test_Data_Generation.Add_Tracking_Numbers_To_User"/>
  <testcase name="Add_Tracking_Number" time="0.522" classname="Test_Data_Generation.Add_Tracking_Numbers_To_User"/>
  <testcase name="Add_Tracking_Number" time="0.453" classname="Test_Data_Generation.Add_Tracking_Numbers_To_User"/>
  <testcase name="Add_Tracking_Number" time="0.545" classname="Test_Data_Generation.Add_Tracking_Numbers_To_User"/>
  <testcase name="Add_Tracking_Number" time="0.513" classname="Test_Data_Generation.Add_Tracking_Numbers_To_User"/>
  <testcase name="Add_Tracking_Number" time="0.548" classname="Test_Data_Generation.Add_Tracking_Numbers_To_User"/>
  <testcase name="Add_Tracking_Number" time="0.543" classname="Test_Data_Generation.Add_Tracking_Numbers_To_User"/>
  <testcase name="Add_Tracking_Number" time="0.575" classname="Test_Data_Generation.Add_Tracking_Numbers_To_User"/>
  <testcase name="Add_Tracking_Number" time="0.544" classname="Test_Data_Generation.Add_Tracking_Numbers_To_User"/>
  <testcase name="Add_Tracking_Number" time="0.567" classname="Test_Data_Generation.Add_Tracking_Numbers_To_User"/>
  <testcase name="Add_Tracking_Number" time="0.354" classname="Test_Data_Generation.Add_Tracking_Numbers_To_User"/>
  <testcase name="Add_Tracking_Number" time="0.615" classname="Test_Data_Generation.Add_Tracking_Numbers_To_User"/>
  <testcase name="Add_Tracking_Number" time="0.490" classname="Test_Data_Generation.Add_Tracking_Numbers_To_User"/>
  <testcase name="Add_Tracking_Number" time="0.520" classname="Test_Data_Generation.Add_Tracking_Numbers_To_User"/>
  <testcase name="Add_Tracking_Number" time="0.498" classname="Test_Data_Generation.Add_Tracking_Numbers_To_User"/>
  <testcase name="Add_Tracking_Number" time="0.654" classname="Test_Data_Generation.Add_Tracking_Numbers_To_User"/>
  <testcase name="Add_Tracking_Number" time="0.493" classname="Test_Data_Generation.Add_Tracking_Numbers_To_User"/>
  <testcase name="Add_Tracking_Number" time="0.553" classname="Test_Data_Generation.Add_Tracking_Numbers_To_User"/>
  <testcase name="Add_Tracking_Number" time="0.519" classname="Test_Data_Generation.Add_Tracking_Numbers_To_User"/>
  <testcase name="Add_Tracking_Number" time="0.474" classname="Test_Data_Generation.Add_Tracking_Numbers_To_User"/>
  <testcase name="Add_Tracking_Number" time="0.540" classname="Test_Data_Generation.Add_Tracking_Numbers_To_User"/>
  <testcase name="Add_Tracking_Number" time="0.602" classname="Test_Data_Generation.Add_Tracking_Numbers_To_User"/>
  <testcase name="Add_Tracking_Number" time="0.499" classname="Test_Data_Generation.Add_Tracking_Numbers_To_User"/>
  <testcase name="Add_Tracking_Number" time="0.547" classname="Test_Data_Generation.Add_Tracking_Numbers_To_User"/>
  <testcase name="Add_Tracking_Number" time="0.505" classname="Test_Data_Generation.Add_Tracking_Numbers_To_User"/>
  <testcase name="Add_Tracking_Number" time="0.508" classname="Test_Data_Generation.Add_Tracking_Numbers_To_User"/>
  <testcase name="Add_Tracking_Number" time="0.498" classname="Test_Data_Generation.Add_Tracking_Numbers_To_User"/>
  <testcase name="Add_Tracking_Number" time="0.691" classname="Test_Data_Generation.Add_Tracking_Numbers_To_User"/>
  <testcase name="Add_Tracking_Number" time="0.772" classname="Test_Data_Generation.Add_Tracking_Numbers_To_User"/>
  <testcase name="Add_Tracking_Number" time="0.493" classname="Test_Data_Generation.Add_Tracking_Numbers_To_User"/>
  <testcase name="Add_Tracking_Number" time="0.585" classname="Test_Data_Generation.Add_Tracking_Numbers_To_User"/>
  <testcase name="Add_Tracking_Number" time="0.635" classname="Test_Data_Generation.Add_Tracking_Numbers_To_User"/>
  <testcase name="Add_Tracking_Number" time="0.563" classname="Test_Data_Generation.Add_Tracking_Numbers_To_User"/>
  <testcase name="Add_Tracking_Number" time="0.538" classname="Test_Data_Generation.Add_Tracking_Numbers_To_User"/>
  <testcase name="Add_Tracking_Number" time="0.486" classname="Test_Data_Generation.Add_Tracking_Numbers_To_User"/>
  <testcase name="Add_Tracking_Number" time="0.062" classname="Test_Data_Generation.Add_Tracking_Numbers_To_User"/>
  <testcase name="Add_Tracking_Number" time="0.590" classname="Test_Data_Generation.Add_Tracking_Numbers_To_User"/>
  <testcase name="Add_Tracking_Number" time="0.580" classname="Test_Data_Generation.Add_Tracking_Numbers_To_User"/>
  <testcase name="Add_Tracking_Number" time="0.518" classname="Test_Data_Generation.Add_Tracking_Numbers_To_User"/>
  <testcase name="Add_Tracking_Number" time="0.519" classname="Test_Data_Generation.Add_Tracking_Numbers_To_User"/>
  <testcase name="Add_Tracking_Number" time="0.499" classname="Test_Data_Generation.Add_Tracking_Numbers_To_User"/>
  <testcase name="Add_Tracking_Number" time="0.051" classname="Test_Data_Generation.Add_Tracking_Numbers_To_User"/>
  <testcase name="Add_Tracking_Number" time="0.630" classname="Test_Data_Generation.Add_Tracking_Numbers_To_User"/>
  <testcase name="Add_Tracking_Number" time="0.474" classname="Test_Data_Generation.Add_Tracking_Numbers_To_User"/>
  <testcase name="Add_Tracking_Number" time="0.640" classname="Test_Data_Generation.Add_Tracking_Numbers_To_User"/>
  <testcase name="Add_Tracking_Number" time="0.484" classname="Test_Data_Generation.Add_Tracking_Numbers_To_User"/>
  <testcase name="Add_Tracking_Number" time="0.476" classname="Test_Data_Generation.Add_Tracking_Numbers_To_User"/>
  <testcase name="Add_Tracking_Number" time="0.521" classname="Test_Data_Generation.Add_Tracking_Numbers_To_User"/>
  <testcase name="Add_Tracking_Number" time="0.484" classname="Test_Data_Generation.Add_Tracking_Numbers_To_User"/>
  <testcase name="Add_Tracking_Number" time="0.450" classname="Test_Data_Generation.Add_Tracking_Numbers_To_User"/>
  <testcase name="Add_Tracking_Number" time="0.506" classname="Test_Data_Generation.Add_Tracking_Numbers_To_User"/>
  <testcase name="Add_Tracking_Number" time="0.514" classname="Test_Data_Generation.Add_Tracking_Numbers_To_User"/>
  <testcase name="Add_Tracking_Number" time="0.842" classname="Test_Data_Generation.Add_Tracking_Numbers_To_User"/>
  <testcase name="Add_Tracking_Number" time="0.674" classname="Test_Data_Generation.Add_Tracking_Numbers_To_User"/>
  <testcase name="Add_Tracking_Number" time="0.506" classname="Test_Data_Generation.Add_Tracking_Numbers_To_User"/>
  <testcase name="Add_Tracking_Number" time="0.507" classname="Test_Data_Generation.Add_Tracking_Numbers_To_User"/>
  <testcase name="Add_Tracking_Number" time="0.697" classname="Test_Data_Generation.Add_Tracking_Numbers_To_User"/>
  <testcase name="Add_Tracking_Number" time="0.554" classname="Test_Data_Generation.Add_Tracking_Numbers_To_User"/>
  <testcase name="Add_Tracking_Number" time="0.707" classname="Test_Data_Generation.Add_Tracking_Numbers_To_User"/>
  <testcase name="Add_Tracking_Number" time="0.571" classname="Test_Data_Generation.Add_Tracking_Numbers_To_User"/>
  <testcase name="Add_Tracking_Number" time="0.582" classname="Test_Data_Generation.Add_Tracking_Numbers_To_User"/>
  <testcase name="Add_Tracking_Number" time="0.465" classname="Test_Data_Generation.Add_Tracking_Numbers_To_User"/>
  <testcase name="Add_Tracking_Number" time="0.499" classname="Test_Data_Generation.Add_Tracking_Numbers_To_User"/>
  <testcase name="Add_Tracking_Number" time="0.495" classname="Test_Data_Generation.Add_Tracking_Numbers_To_User"/>
  <testcase name="Add_Tracking_Number" time="0.540" classname="Test_Data_Generation.Add_Tracking_Numbers_To_User"/>
  <testcase name="Add_Tracking_Number" time="0.049" classname="Test_Data_Generation.Add_Tracking_Numbers_To_User"/>
  <testcase name="Add_Tracking_Number" time="0.436" classname="Test_Data_Generation.Add_Tracking_Numbers_To_User"/>
  <testcase name="Add_Tracking_Number" time="0.802" classname="Test_Data_Generation.Add_Tracking_Numbers_To_User"/>
  <testcase name="Add_Tracking_Number" time="0.680" classname="Test_Data_Generation.Add_Tracking_Numbers_To_User"/>
  <testcase name="Add_Tracking_Number" time="0.527" classname="Test_Data_Generation.Add_Tracking_Numbers_To_User"/>
  <testcase name="Add_Tracking_Number" time="0.534" classname="Test_Data_Generation.Add_Tracking_Numbers_To_User"/>
  <testcase name="Add_Tracking_Number" time="0.616" classname="Test_Data_Generation.Add_Tracking_Numbers_To_User"/>
  <testcase name="Add_Tracking_Number" time="0.590" classname="Test_Data_Generation.Add_Tracking_Numbers_To_User"/>
  <testcase name="Add_Tracking_Number" time="0.525" classname="Test_Data_Generation.Add_Tracking_Numbers_To_User"/>
  <testcase name="Add_Tracking_Number" time="0.531" classname="Test_Data_Generation.Add_Tracking_Numbers_To_User"/>
  <testcase name="Add_Tracking_Number" time="0.608" classname="Test_Data_Generation.Add_Tracking_Numbers_To_User"/>
  <testcase name="Add_Tracking_Number" time="0.455" classname="Test_Data_Generation.Add_Tracking_Numbers_To_User"/>
  <testcase name="Add_Tracking_Number" time="0.533" classname="Test_Data_Generation.Add_Tracking_Numbers_To_User"/>
  <testcase name="Add_Tracking_Number" time="0.539" classname="Test_Data_Generation.Add_Tracking_Numbers_To_User"/>
  <testcase name="Add_Tracking_Number" time="0.565" classname="Test_Data_Generation.Add_Tracking_Numbers_To_User"/>
  <testcase name="Add_Tracking_Number" time="0.671" classname="Test_Data_Generation.Add_Tracking_Numbers_To_User"/>
  <testcase name="Add_Tracking_Number" time="0.523" classname="Test_Data_Generation.Add_Tracking_Numbers_To_User"/>
  <testcase name="Add_Tracking_Number" time="0.113" classname="Test_Data_Generation.Add_Tracking_Numbers_To_User"/>
  <testcase name="Add_Tracking_Number" time="0.540" classname="Test_Data_Generation.Add_Tracking_Numbers_To_User"/>
  <testcase name="Add_Tracking_Number" time="0.505" classname="Test_Data_Generation.Add_Tracking_Numbers_To_User"/>
  <testcase name="Add_Tracking_Number" time="0.488" classname="Test_Data_Generation.Add_Tracking_Numbers_To_User"/>
  <testcase name="Add_Tracking_Number" time="0.550" classname="Test_Data_Generation.Add_Tracking_Numbers_To_User"/>
  <testcase name="Add_Tracking_Number" time="0.432" classname="Test_Data_Generation.Add_Tracking_Numbers_To_User"/>
  <testcase name="Add_Tracking_Number" time="0.504" classname="Test_Data_Generation.Add_Tracking_Numbers_To_User"/>
  <testcase name="Add_Tracking_Number" time="1.837" classname="Test_Data_Generation.Add_Tracking_Numbers_To_User"/>
  <testcase name="Add_Tracking_Number" time="0.496" classname="Test_Data_Generation.Add_Tracking_Numbers_To_User"/>
  <testcase name="Add_Tracking_Number" time="1.083" classname="Test_Data_Generation.Add_Tracking_Numbers_To_User"/>
  <testcase name="Add_Tracking_Number" time="0.621" classname="Test_Data_Generation.Add_Tracking_Numbers_To_User"/>
  <testcase name="Add_Tracking_Number" time="0.658" classname="Test_Data_Generation.Add_Tracking_Numbers_To_User"/>
  <testcase name="Add_Tracking_Number" time="0.639" classname="Test_Data_Generation.Add_Tracking_Numbers_To_User"/>
  <testcase name="Add_Tracking_Number" time="0.806" classname="Test_Data_Generation.Add_Tracking_Numbers_To_User"/>
  <testcase name="Add_Tracking_Number" time="0.696" classname="Test_Data_Generation.Add_Tracking_Numbers_To_User"/>
  <testcase name="Add_Tracking_Number" time="0.544" classname="Test_Data_Generation.Add_Tracking_Numbers_To_User"/>
  <testcase name="Add_Tracking_Number" time="0.584" classname="Test_Data_Generation.Add_Tracking_Numbers_To_User"/>
  <testcase name="Add_Tracking_Number" time="0.556" classname="Test_Data_Generation.Add_Tracking_Numbers_To_User"/>
  <testcase name="Add_Tracking_Number" time="0.585" classname="Test_Data_Generation.Add_Tracking_Numbers_To_User"/>
  <testcase name="Add_Tracking_Number" time="0.486" classname="Test_Data_Generation.Add_Tracking_Numbers_To_User"/>
  <testcase name="Add_Tracking_Number" time="0.822" classname="Test_Data_Generation.Add_Tracking_Numbers_To_User"/>
  <testcase name="Add_Tracking_Number" time="0.621" classname="Test_Data_Generation.Add_Tracking_Numbers_To_User"/>
  <testcase name="Add_Tracking_Number" time="0.531" classname="Test_Data_Generation.Add_Tracking_Numbers_To_User"/>
  <testcase name="Add_Tracking_Number" time="0.519" classname="Test_Data_Generation.Add_Tracking_Numbers_To_User"/>
  <testcase name="Add_Tracking_Number" time="0.553" classname="Test_Data_Generation.Add_Tracking_Numbers_To_User"/>
  <testcase name="Add_Tracking_Number" time="0.611" classname="Test_Data_Generation.Add_Tracking_Numbers_To_User"/>
  <testcase name="Add_Tracking_Number" time="0.462" classname="Test_Data_Generation.Add_Tracking_Numbers_To_User"/>
  <testcase name="Add_Tracking_Number" time="0.514" classname="Test_Data_Generation.Add_Tracking_Numbers_To_User"/>
  <testcase name="Add_Tracking_Number" time="0.535" classname="Test_Data_Generation.Add_Tracking_Numbers_To_User"/>
  <testcase name="Add_Tracking_Number" time="0.559" classname="Test_Data_Generation.Add_Tracking_Numbers_To_User"/>
  <testcase name="Add_Tracking_Number" time="0.523" classname="Test_Data_Generation.Add_Tracking_Numbers_To_User"/>
  <testcase name="Add_Tracking_Number" time="0.523" classname="Test_Data_Generation.Add_Tracking_Numbers_To_User"/>
  <testcase name="Add_Tracking_Number" time="0.533" classname="Test_Data_Generation.Add_Tracking_Numbers_To_User"/>
  <testcase name="Add_Tracking_Number" time="0.497" classname="Test_Data_Generation.Add_Tracking_Numbers_To_User"/>
  <testcase name="Add_Tracking_Number" time="0.626" classname="Test_Data_Generation.Add_Tracking_Numbers_To_User"/>
  <testcase name="Add_Tracking_Number" time="0.658" classname="Test_Data_Generation.Add_Tracking_Numbers_To_User"/>
  <testcase name="Add_Tracking_Number" time="0.513" classname="Test_Data_Generation.Add_Tracking_Numbers_To_User"/>
  <testcase name="Add_Tracking_Number" time="0.452" classname="Test_Data_Generation.Add_Tracking_Numbers_To_User"/>
  <testcase name="Add_Tracking_Number" time="0.488" classname="Test_Data_Generation.Add_Tracking_Numbers_To_User"/>
  <testcase name="Add_Tracking_Number" time="0.541" classname="Test_Data_Generation.Add_Tracking_Numbers_To_User"/>
  <testcase name="Add_Tracking_Number" time="0.470" classname="Test_Data_Generation.Add_Tracking_Numbers_To_User"/>
  <testcase name="Add_Tracking_Number" time="0.521" classname="Test_Data_Generation.Add_Tracking_Numbers_To_User"/>
  <testcase name="Add_Tracking_Number" time="0.764" classname="Test_Data_Generation.Add_Tracking_Numbers_To_User"/>
  <testcase name="Add_Tracking_Number" time="0.503" classname="Test_Data_Generation.Add_Tracking_Numbers_To_User"/>
  <testcase name="Add_Tracking_Number" time="0.533" classname="Test_Data_Generation.Add_Tracking_Numbers_To_User"/>
  <testcase name="Add_Tracking_Number" time="0.609" classname="Test_Data_Generation.Add_Tracking_Numbers_To_User"/>
  <testcase name="Add_Tracking_Number" time="0.578" classname="Test_Data_Generation.Add_Tracking_Numbers_To_User"/>
  <testcase name="Add_Tracking_Number" time="0.644" classname="Test_Data_Generation.Add_Tracking_Numbers_To_User"/>
  <testcase name="Add_Tracking_Number" time="0.586" classname="Test_Data_Generation.Add_Tracking_Numbers_To_User"/>
  <testcase name="Add_Tracking_Number" time="0.567" classname="Test_Data_Generation.Add_Tracking_Numbers_To_User"/>
  <testcase name="Add_Tracking_Number" time="0.466" classname="Test_Data_Generation.Add_Tracking_Numbers_To_User"/>
  <testcase name="Add_Tracking_Number" time="0.536" classname="Test_Data_Generation.Add_Tracking_Numbers_To_User"/>
  <testcase name="Add_Tracking_Number" time="0.594" classname="Test_Data_Generation.Add_Tracking_Numbers_To_User"/>
  <testcase name="Add_Tracking_Number" time="0.486" classname="Test_Data_Generation.Add_Tracking_Numbers_To_User"/>
  <testcase name="Add_Tracking_Number" time="0.501" classname="Test_Data_Generation.Add_Tracking_Numbers_To_User"/>
  <testcase name="Add_Tracking_Number" time="0.581" classname="Test_Data_Generation.Add_Tracking_Numbers_To_User"/>
  <testcase name="Add_Tracking_Number" time="0.724" classname="Test_Data_Generation.Add_Tracking_Numbers_To_User"/>
  <testcase name="Add_Tracking_Number" time="0.463" classname="Test_Data_Generation.Add_Tracking_Numbers_To_User"/>
  <testcase name="Add_Tracking_Number" time="0.558" classname="Test_Data_Generation.Add_Tracking_Numbers_To_User"/>
  <testcase name="Add_Tracking_Number" time="0.525" classname="Test_Data_Generation.Add_Tracking_Numbers_To_User"/>
  <testcase name="Add_Tracking_Number" time="0.467" classname="Test_Data_Generation.Add_Tracking_Numbers_To_User"/>
  <testcase name="Add_Tracking_Number" time="0.493" classname="Test_Data_Generation.Add_Tracking_Numbers_To_User"/>
  <testcase name="Add_Tracking_Number" time="0.492" classname="Test_Data_Generation.Add_Tracking_Numbers_To_User"/>
  <testcase name="Add_Tracking_Number" time="0.574" classname="Test_Data_Generation.Add_Tracking_Numbers_To_User"/>
  <testcase name="Add_Tracking_Number" time="0.697" classname="Test_Data_Generation.Add_Tracking_Numbers_To_User"/>
  <testcase name="Add_Tracking_Number" time="0.498" classname="Test_Data_Generation.Add_Tracking_Numbers_To_User"/>
  <testcase name="Add_Tracking_Number" time="0.469" classname="Test_Data_Generation.Add_Tracking_Numbers_To_User"/>
  <testcase name="Add_Tracking_Number" time="0.564" classname="Test_Data_Generation.Add_Tracking_Numbers_To_User"/>
  <testcase name="Add_Tracking_Number" time="0.520" classname="Test_Data_Generation.Add_Tracking_Numbers_To_User"/>
  <testcase name="Add_Tracking_Number" time="0.532" classname="Test_Data_Generation.Add_Tracking_Numbers_To_User"/>
  <testcase name="Add_Tracking_Number" time="0.586" classname="Test_Data_Generation.Add_Tracking_Numbers_To_User"/>
  <testcase name="Add_Tracking_Number" time="0.489" classname="Test_Data_Generation.Add_Tracking_Numbers_To_User"/>
  <testcase name="Add_Tracking_Number" time="0.510" classname="Test_Data_Generation.Add_Tracking_Numbers_To_User"/>
  <testcase name="Add_Tracking_Number" time="0.595" classname="Test_Data_Generation.Add_Tracking_Numbers_To_User"/>
  <testcase name="Add_Tracking_Number" time="0.554" classname="Test_Data_Generation.Add_Tracking_Numbers_To_User"/>
  <testcase name="Add_Tracking_Number" time="0.725" classname="Test_Data_Generation.Add_Tracking_Numbers_To_User"/>
  <testcase name="Add_Tracking_Number" time="0.463" classname="Test_Data_Generation.Add_Tracking_Numbers_To_User"/>
  <testcase name="Add_Tracking_Number" time="0.542" classname="Test_Data_Generation.Add_Tracking_Numbers_To_User"/>
  <testcase name="Add_Tracking_Number" time="0.490" classname="Test_Data_Generation.Add_Tracking_Numbers_To_User"/>
  <testcase name="Add_Tracking_Number" time="0.508" classname="Test_Data_Generation.Add_Tracking_Numbers_To_User"/>
  <testcase name="Add_Tracking_Number" time="0.510" classname="Test_Data_Generation.Add_Tracking_Numbers_To_User"/>
  <testcase name="Add_Tracking_Number" time="0.560" classname="Test_Data_Generation.Add_Tracking_Numbers_To_User"/>
  <testcase name="Add_Tracking_Number" time="0.673" classname="Test_Data_Generation.Add_Tracking_Numbers_To_User"/>
  <testcase name="Add_Tracking_Number" time="0.622" classname="Test_Data_Generation.Add_Tracking_Numbers_To_User"/>
  <testcase name="Add_Tracking_Number" time="0.452" classname="Test_Data_Generation.Add_Tracking_Numbers_To_User"/>
  <testcase name="Add_Tracking_Number" time="0.534" classname="Test_Data_Generation.Add_Tracking_Numbers_To_User"/>
  <testcase name="Add_Tracking_Number" time="0.551" classname="Test_Data_Generation.Add_Tracking_Numbers_To_User"/>
  <testcase name="Add_Tracking_Number" time="0.465" classname="Test_Data_Generation.Add_Tracking_Numbers_To_User"/>
  <testcase name="Add_Tracking_Number" time="0.496" classname="Test_Data_Generation.Add_Tracking_Numbers_To_User"/>
  <testcase name="Add_Tracking_Number" time="0.626" classname="Test_Data_Generation.Add_Tracking_Numbers_To_User"/>
  <testcase name="Add_Tracking_Number" time="0.584" classname="Test_Data_Generation.Add_Tracking_Numbers_To_User"/>
  <testcase name="Add_Tracking_Number" time="0.785" classname="Test_Data_Generation.Add_Tracking_Numbers_To_User"/>
  <testcase name="Add_Tracking_Number" time="0.488" classname="Test_Data_Generation.Add_Tracking_Numbers_To_User"/>
  <testcase name="Add_Tracking_Number" time="0.512" classname="Test_Data_Generation.Add_Tracking_Numbers_To_User"/>
  <testcase name="Add_Tracking_Number" time="0.460" classname="Test_Data_Generation.Add_Tracking_Numbers_To_User"/>
  <testcase name="Add_Tracking_Number" time="0.527" classname="Test_Data_Generation.Add_Tracking_Numbers_To_User"/>
  <testcase name="Add_Tracking_Number" time="0.538" classname="Test_Data_Generation.Add_Tracking_Numbers_To_User"/>
  <testcase name="Add_Tracking_Number" time="0.555" classname="Test_Data_Generation.Add_Tracking_Numbers_To_User"/>
  <testcase name="Add_Tracking_Number" time="0.490" classname="Test_Data_Generation.Add_Tracking_Numbers_To_User"/>
  <testcase name="Add_Tracking_Number" time="0.578" classname="Test_Data_Generation.Add_Tracking_Numbers_To_User"/>
  <testcase name="Add_Tracking_Number" time="0.535" classname="Test_Data_Generation.Add_Tracking_Numbers_To_User"/>
  <testcase name="Add_Tracking_Number" time="0.492" classname="Test_Data_Generation.Add_Tracking_Numbers_To_User"/>
  <testcase name="Add_Tracking_Number" time="0.541" classname="Test_Data_Generation.Add_Tracking_Numbers_To_User"/>
  <testcase name="Add_Tracking_Number" time="0.521" classname="Test_Data_Generation.Add_Tracking_Numbers_To_User"/>
  <testcase name="Add_Tracking_Number" time="0.488" classname="Test_Data_Generation.Add_Tracking_Numbers_To_User"/>
  <testcase name="Add_Tracking_Number" time="0.611" classname="Test_Data_Generation.Add_Tracking_Numbers_To_User"/>
  <testcase name="Add_Tracking_Number" time="0.550" classname="Test_Data_Generation.Add_Tracking_Numbers_To_User"/>
  <testcase name="Add_Tracking_Number" time="0.527" classname="Test_Data_Generation.Add_Tracking_Numbers_To_User"/>
  <testcase name="Add_Tracking_Number" time="0.523" classname="Test_Data_Generation.Add_Tracking_Numbers_To_User"/>
  <testcase name="Add_Tracking_Number" time="0.590" classname="Test_Data_Generation.Add_Tracking_Numbers_To_User"/>
  <testcase name="Add_Tracking_Number" time="0.774" classname="Test_Data_Generation.Add_Tracking_Numbers_To_User"/>
  <testcase name="Add_Tracking_Number" time="0.508" classname="Test_Data_Generation.Add_Tracking_Numbers_To_User"/>
  <testcase name="Add_Tracking_Number" time="0.503" classname="Test_Data_Generation.Add_Tracking_Numbers_To_User"/>
  <testcase name="Add_Tracking_Number" time="0.564" classname="Test_Data_Generation.Add_Tracking_Numbers_To_User"/>
  <testcase name="Add_Tracking_Number" time="0.447" classname="Test_Data_Generation.Add_Tracking_Numbers_To_User"/>
  <testcase name="Add_Tracking_Number" time="0.683" classname="Test_Data_Generation.Add_Tracking_Numbers_To_User"/>
  <testcase name="Add_Tracking_Number" time="0.761" classname="Test_Data_Generation.Add_Tracking_Numbers_To_User"/>
  <testcase name="Add_Tracking_Number" time="0.536" classname="Test_Data_Generation.Add_Tracking_Numbers_To_User"/>
  <testcase name="Add_Tracking_Number" time="0.536" classname="Test_Data_Generation.Add_Tracking_Numbers_To_User"/>
  <testcase name="Add_Tracking_Number" time="0.659" classname="Test_Data_Generation.Add_Tracking_Numbers_To_User"/>
  <testcase name="Add_Tracking_Number" time="0.477" classname="Test_Data_Generation.Add_Tracking_Numbers_To_User"/>
  <testcase name="Add_Tracking_Number" time="0.475" classname="Test_Data_Generation.Add_Tracking_Numbers_To_User"/>
  <testcase name="Add_Tracking_Number" time="0.496" classname="Test_Data_Generation.Add_Tracking_Numbers_To_User"/>
  <testcase name="Add_Tracking_Number" time="0.574" classname="Test_Data_Generation.Add_Tracking_Numbers_To_User"/>
  <testcase name="Add_Tracking_Number" time="0.559" classname="Test_Data_Generation.Add_Tracking_Numbers_To_User"/>
  <testcase name="Add_Tracking_Number" time="0.560" classname="Test_Data_Generation.Add_Tracking_Numbers_To_User"/>
  <testcase name="Add_Tracking_Number" time="0.532" classname="Test_Data_Generation.Add_Tracking_Numbers_To_User"/>
  <testcase name="Add_Tracking_Number" time="0.736" classname="Test_Data_Generation.Add_Tracking_Numbers_To_User"/>
  <testcase name="Add_Tracking_Number" time="0.619" classname="Test_Data_Generation.Add_Tracking_Numbers_To_User"/>
  <testcase name="Add_Tracking_Number" time="0.526" classname="Test_Data_Generation.Add_Tracking_Numbers_To_User"/>
  <testcase name="Add_Tracking_Number" time="0.551" classname="Test_Data_Generation.Add_Tracking_Numbers_To_User"/>
  <testcase name="Add_Tracking_Number" time="0.589" classname="Test_Data_Generation.Add_Tracking_Numbers_To_User"/>
  <testcase name="Add_Tracking_Number" time="0.651" classname="Test_Data_Generation.Add_Tracking_Numbers_To_User"/>
  <testcase name="Add_Tracking_Number" time="0.473" classname="Test_Data_Generation.Add_Tracking_Numbers_To_User"/>
  <testcase name="Add_Tracking_Number" time="0.592" classname="Test_Data_Generation.Add_Tracking_Numbers_To_User"/>
  <testcase name="Add_Tracking_Number" time="0.516" classname="Test_Data_Generation.Add_Tracking_Numbers_To_User"/>
  <testcase name="Add_Tracking_Number" time="0.490" classname="Test_Data_Generation.Add_Tracking_Numbers_To_User"/>
  <testcase name="Add_Tracking_Number" time="0.537" classname="Test_Data_Generation.Add_Tracking_Numbers_To_User"/>
  <testcase name="Add_Tracking_Number" time="0.559" classname="Test_Data_Generation.Add_Tracking_Numbers_To_User"/>
  <testcase name="Add_Tracking_Number" time="0.657" classname="Test_Data_Generation.Add_Tracking_Numbers_To_User"/>
  <testcase name="Add_Tracking_Number" time="0.482" classname="Test_Data_Generation.Add_Tracking_Numbers_To_User"/>
  <testcase name="Add_Tracking_Number" time="0.523" classname="Test_Data_Generation.Add_Tracking_Numbers_To_User"/>
  <testcase name="Add_Tracking_Number" time="0.692" classname="Test_Data_Generation.Add_Tracking_Numbers_To_User"/>
  <testcase name="Add_Tracking_Number" time="0.719" classname="Test_Data_Generation.Add_Tracking_Numbers_To_User"/>
  <testcase name="Add_Tracking_Number" time="0.457" classname="Test_Data_Generation.Add_Tracking_Numbers_To_User"/>
  <testcase name="Add_Tracking_Number" time="0.517" classname="Test_Data_Generation.Add_Tracking_Numbers_To_User"/>
  <testcase name="Add_Tracking_Number" time="0.563" classname="Test_Data_Generation.Add_Tracking_Numbers_To_User"/>
  <testcase name="Add_Tracking_Number" time="0.522" classname="Test_Data_Generation.Add_Tracking_Numbers_To_User"/>
  <testcase name="Add_Tracking_Number" time="0.473" classname="Test_Data_Generation.Add_Tracking_Numbers_To_User"/>
  <testcase name="Add_Tracking_Number" time="0.620" classname="Test_Data_Generation.Add_Tracking_Numbers_To_User"/>
  <testcase name="Add_Tracking_Number" time="0.601" classname="Test_Data_Generation.Add_Tracking_Numbers_To_User"/>
  <testcase name="Add_Tracking_Number" time="0.740" classname="Test_Data_Generation.Add_Tracking_Numbers_To_User"/>
  <testcase name="Add_Tracking_Number" time="0.485" classname="Test_Data_Generation.Add_Tracking_Numbers_To_User"/>
  <testcase name="Add_Tracking_Number" time="0.533" classname="Test_Data_Generation.Add_Tracking_Numbers_To_User"/>
  <testcase name="Add_Tracking_Number" time="0.551" classname="Test_Data_Generation.Add_Tracking_Numbers_To_User"/>
  <testcase name="Add_Tracking_Number" time="0.997" classname="Test_Data_Generation.Add_Tracking_Numbers_To_User"/>
  <testcase name="Add_Tracking_Number" time="0.534" classname="Test_Data_Generation.Add_Tracking_Numbers_To_User"/>
  <testcase name="Add_Tracking_Number" time="0.582" classname="Test_Data_Generation.Add_Tracking_Numbers_To_User"/>
  <testcase name="Add_Tracking_Number" time="0.583" classname="Test_Data_Generation.Add_Tracking_Numbers_To_User"/>
  <testcase name="Add_Tracking_Number" time="0.689" classname="Test_Data_Generation.Add_Tracking_Numbers_To_User"/>
  <testcase name="Add_Tracking_Number" time="0.567" classname="Test_Data_Generation.Add_Tracking_Numbers_To_User"/>
  <testcase name="Add_Tracking_Number" time="0.520" classname="Test_Data_Generation.Add_Tracking_Numbers_To_User"/>
  <testcase name="Add_Tracking_Number" time="0.698" classname="Test_Data_Generation.Add_Tracking_Numbers_To_User"/>
  <testcase name="Add_Tracking_Number" time="0.509" classname="Test_Data_Generation.Add_Tracking_Numbers_To_User"/>
  <testcase name="Add_Tracking_Number" time="0.569" classname="Test_Data_Generation.Add_Tracking_Numbers_To_User"/>
  <testcase name="Add_Tracking_Number" time="0.539" classname="Test_Data_Generation.Add_Tracking_Numbers_To_User"/>
  <testcase name="Add_Tracking_Number" time="0.488" classname="Test_Data_Generation.Add_Tracking_Numbers_To_User"/>
  <testcase name="Add_Tracking_Number" time="0.618" classname="Test_Data_Generation.Add_Tracking_Numbers_To_User"/>
  <testcase name="Add_Tracking_Number" time="0.604" classname="Test_Data_Generation.Add_Tracking_Numbers_To_User"/>
  <testcase name="Add_Tracking_Number" time="0.564" classname="Test_Data_Generation.Add_Tracking_Numbers_To_User"/>
  <testcase name="Add_Tracking_Number" time="0.521" classname="Test_Data_Generation.Add_Tracking_Numbers_To_User"/>
  <testcase name="Add_Tracking_Number" time="0.493" classname="Test_Data_Generation.Add_Tracking_Numbers_To_User"/>
  <testcase name="Add_Tracking_Number" time="0.557" classname="Test_Data_Generation.Add_Tracking_Numbers_To_User"/>
  <testcase name="Add_Tracking_Number" time="0.573" classname="Test_Data_Generation.Add_Tracking_Numbers_To_User"/>
  <testcase name="Add_Tracking_Number" time="0.731" classname="Test_Data_Generation.Add_Tracking_Numbers_To_User"/>
  <testcase name="Add_Tracking_Number" time="0.550" classname="Test_Data_Generation.Add_Tracking_Numbers_To_User"/>
  <testcase name="Add_Tracking_Number" time="0.566" classname="Test_Data_Generation.Add_Tracking_Numbers_To_User"/>
  <testcase name="Add_Tracking_Number" time="0.527" classname="Test_Data_Generation.Add_Tracking_Numbers_To_User"/>
  <testcase name="Add_Tracking_Number" time="0.461" classname="Test_Data_Generation.Add_Tracking_Numbers_To_User"/>
  <testcase name="Add_Tracking_Number" time="0.491" classname="Test_Data_Generation.Add_Tracking_Numbers_To_User"/>
  <testcase name="Add_Tracking_Number" time="0.451" classname="Test_Data_Generation.Add_Tracking_Numbers_To_User"/>
  <testcase name="Add_Tracking_Number" time="0.528" classname="Test_Data_Generation.Add_Tracking_Numbers_To_User"/>
  <testcase name="Add_Tracking_Number" time="0.596" classname="Test_Data_Generation.Add_Tracking_Numbers_To_User"/>
  <testcase name="Add_Tracking_Number" time="0.571" classname="Test_Data_Generation.Add_Tracking_Numbers_To_User"/>
  <testcase name="Add_Tracking_Number" time="0.327" classname="Test_Data_Generation.Add_Tracking_Numbers_To_User"/>
  <testcase name="Add_Tracking_Number" time="0.565" classname="Test_Data_Generation.Add_Tracking_Numbers_To_User"/>
  <testcase name="Add_Tracking_Number" time="0.659" classname="Test_Data_Generation.Add_Tracking_Numbers_To_User"/>
  <testcase name="Add_Tracking_Number" time="0.637" classname="Test_Data_Generation.Add_Tracking_Numbers_To_User"/>
  <testcase name="Add_Tracking_Number" time="0.545" classname="Test_Data_Generation.Add_Tracking_Numbers_To_User"/>
  <testcase name="Add_Tracking_Number" time="0.547" classname="Test_Data_Generation.Add_Tracking_Numbers_To_User"/>
  <testcase name="Add_Tracking_Number" time="0.565" classname="Test_Data_Generation.Add_Tracking_Numbers_To_User"/>
  <testcase name="Add_Tracking_Number" time="0.476" classname="Test_Data_Generation.Add_Tracking_Numbers_To_User"/>
  <testcase name="Add_Tracking_Number" time="0.535" classname="Test_Data_Generation.Add_Tracking_Numbers_To_User"/>
  <testcase name="Add_Tracking_Number" time="0.573" classname="Test_Data_Generation.Add_Tracking_Numbers_To_User"/>
  <testcase name="Add_Tracking_Number" time="0.530" classname="Test_Data_Generation.Add_Tracking_Numbers_To_User"/>
  <testcase name="Add_Tracking_Number" time="0.522" classname="Test_Data_Generation.Add_Tracking_Numbers_To_User"/>
  <testcase name="Add_Tracking_Number" time="0.558" classname="Test_Data_Generation.Add_Tracking_Numbers_To_User"/>
  <testcase name="Add_Tracking_Number" time="0.474" classname="Test_Data_Generation.Add_Tracking_Numbers_To_User"/>
  <testcase name="Add_Tracking_Number" time="0.521" classname="Test_Data_Generation.Add_Tracking_Numbers_To_User"/>
  <testcase name="Add_Tracking_Number" time="0.621" classname="Test_Data_Generation.Add_Tracking_Numbers_To_User"/>
  <testcase name="Add_Tracking_Number" time="0.558" classname="Test_Data_Generation.Add_Tracking_Numbers_To_User"/>
  <testcase name="Add_Tracking_Number" time="0.472" classname="Test_Data_Generation.Add_Tracking_Numbers_To_User"/>
  <testcase name="Add_Tracking_Number" time="0.488" classname="Test_Data_Generation.Add_Tracking_Numbers_To_User"/>
  <testcase name="Add_Tracking_Number" time="0.554" classname="Test_Data_Generation.Add_Tracking_Numbers_To_User"/>
  <testcase name="Add_Tracking_Number" time="0.544" classname="Test_Data_Generation.Add_Tracking_Numbers_To_User"/>
  <testcase name="Add_Tracking_Number" time="0.589" classname="Test_Data_Generation.Add_Tracking_Numbers_To_User"/>
  <testcase name="Add_Tracking_Number" time="0.577" classname="Test_Data_Generation.Add_Tracking_Numbers_To_User"/>
  <testcase name="Add_Tracking_Number" time="0.537" classname="Test_Data_Generation.Add_Tracking_Numbers_To_User"/>
  <testcase name="Add_Tracking_Number" time="0.612" classname="Test_Data_Generation.Add_Tracking_Numbers_To_User"/>
  <testcase name="Add_Tracking_Number" time="0.519" classname="Test_Data_Generation.Add_Tracking_Numbers_To_User"/>
  <testcase name="Add_Tracking_Number" time="0.629" classname="Test_Data_Generation.Add_Tracking_Numbers_To_User"/>
  <testcase name="Add_Tracking_Number" time="0.538" classname="Test_Data_Generation.Add_Tracking_Numbers_To_User"/>
  <testcase name="Add_Tracking_Number" time="0.455" classname="Test_Data_Generation.Add_Tracking_Numbers_To_User"/>
  <testcase name="Add_Tracking_Number" time="0.489" classname="Test_Data_Generation.Add_Tracking_Numbers_To_User"/>
  <testcase name="Add_Tracking_Number" time="0.500" classname="Test_Data_Generation.Add_Tracking_Numbers_To_User"/>
  <testcase name="Add_Tracking_Number" time="0.467" classname="Test_Data_Generation.Add_Tracking_Numbers_To_User"/>
  <testcase name="Add_Tracking_Number" time="0.569" classname="Test_Data_Generation.Add_Tracking_Numbers_To_User"/>
  <testcase name="Add_Tracking_Number" time="0.463" classname="Test_Data_Generation.Add_Tracking_Numbers_To_User"/>
  <testcase name="Add_Tracking_Number" time="0.515" classname="Test_Data_Generation.Add_Tracking_Numbers_To_User"/>
  <testcase name="Add_Tracking_Number" time="0.567" classname="Test_Data_Generation.Add_Tracking_Numbers_To_User"/>
  <testcase name="Add_Tracking_Number" time="0.333" classname="Test_Data_Generation.Add_Tracking_Numbers_To_User"/>
  <testcase name="Add_Tracking_Number" time="0.529" classname="Test_Data_Generation.Add_Tracking_Numbers_To_User"/>
  <testcase name="Add_Tracking_Number" time="0.521" classname="Test_Data_Generation.Add_Tracking_Numbers_To_User"/>
  <testcase name="Add_Tracking_Number" time="0.047" classname="Test_Data_Generation.Add_Tracking_Numbers_To_User"/>
  <testcase name="Add_Tracking_Number" time="0.422" classname="Test_Data_Generation.Add_Tracking_Numbers_To_User"/>
  <testcase name="Add_Tracking_Number" time="0.545" classname="Test_Data_Generation.Add_Tracking_Numbers_To_User"/>
  <testcase name="Add_Tracking_Number" time="0.488" classname="Test_Data_Generation.Add_Tracking_Numbers_To_User"/>
  <testcase name="Add_Tracking_Number" time="0.558" classname="Test_Data_Generation.Add_Tracking_Numbers_To_User"/>
  <testcase name="Add_Tracking_Number" time="0.573" classname="Test_Data_Generation.Add_Tracking_Numbers_To_User"/>
  <testcase name="Add_Tracking_Number" time="0.655" classname="Test_Data_Generation.Add_Tracking_Numbers_To_User"/>
  <testcase name="Add_Tracking_Number" time="0.478" classname="Test_Data_Generation.Add_Tracking_Numbers_To_User"/>
  <testcase name="Add_Tracking_Number" time="0.509" classname="Test_Data_Generation.Add_Tracking_Numbers_To_User"/>
  <testcase name="Add_Tracking_Number" time="0.632" classname="Test_Data_Generation.Add_Tracking_Numbers_To_User"/>
  <testcase name="Add_Tracking_Number" time="0.565" classname="Test_Data_Generation.Add_Tracking_Numbers_To_User"/>
  <testcase name="Add_Tracking_Number" time="0.619" classname="Test_Data_Generation.Add_Tracking_Numbers_To_User"/>
  <testcase name="Add_Tracking_Number" time="0.543" classname="Test_Data_Generation.Add_Tracking_Numbers_To_User"/>
  <testcase name="Add_Tracking_Number" time="0.531" classname="Test_Data_Generation.Add_Tracking_Numbers_To_User"/>
  <testcase name="Add_Tracking_Number" time="0.553" classname="Test_Data_Generation.Add_Tracking_Numbers_To_User"/>
  <testcase name="Add_Tracking_Number" time="0.523" classname="Test_Data_Generation.Add_Tracking_Numbers_To_User"/>
  <testcase name="Add_Tracking_Number" time="0.759" classname="Test_Data_Generation.Add_Tracking_Numbers_To_User"/>
  <testcase name="Add_Tracking_Number" time="0.446" classname="Test_Data_Generation.Add_Tracking_Numbers_To_User"/>
  <testcase name="Add_Tracking_Number" time="0.551" classname="Test_Data_Generation.Add_Tracking_Numbers_To_User"/>
  <testcase name="Add_Tracking_Number" time="0.510" classname="Test_Data_Generation.Add_Tracking_Numbers_To_User"/>
  <testcase name="Add_Tracking_Number" time="0.512" classname="Test_Data_Generation.Add_Tracking_Numbers_To_User"/>
  <testcase name="Add_Tracking_Number" time="0.481" classname="Test_Data_Generation.Add_Tracking_Numbers_To_User"/>
  <testcase name="Add_Tracking_Number" time="0.538" classname="Test_Data_Generation.Add_Tracking_Numbers_To_User"/>
  <testcase name="Add_Tracking_Number" time="0.732" classname="Test_Data_Generation.Add_Tracking_Numbers_To_User"/>
  <testcase name="Add_Tracking_Number" time="0.623" classname="Test_Data_Generation.Add_Tracking_Numbers_To_User"/>
  <testcase name="Add_Tracking_Number" time="0.581" classname="Test_Data_Generation.Add_Tracking_Numbers_To_User"/>
  <testcase name="Add_Tracking_Number" time="0.505" classname="Test_Data_Generation.Add_Tracking_Numbers_To_User"/>
  <testcase name="Add_Tracking_Number" time="0.550" classname="Test_Data_Generation.Add_Tracking_Numbers_To_User"/>
  <testcase name="Add_Tracking_Number" time="0.305" classname="Test_Data_Generation.Add_Tracking_Numbers_To_User"/>
  <testcase name="Add_Tracking_Number" time="0.811" classname="Test_Data_Generation.Add_Tracking_Numbers_To_User"/>
  <testcase name="Add_Tracking_Number" time="0.750" classname="Test_Data_Generation.Add_Tracking_Numbers_To_User"/>
  <testcase name="Add_Tracking_Number" time="0.501" classname="Test_Data_Generation.Add_Tracking_Numbers_To_User"/>
  <testcase name="Add_Tracking_Number" time="0.543" classname="Test_Data_Generation.Add_Tracking_Numbers_To_User"/>
  <testcase name="Add_Tracking_Number" time="0.591" classname="Test_Data_Generation.Add_Tracking_Numbers_To_User"/>
  <testcase name="Add_Tracking_Number" time="0.564" classname="Test_Data_Generation.Add_Tracking_Numbers_To_User"/>
  <testcase name="Add_Tracking_Number" time="0.465" classname="Test_Data_Generation.Add_Tracking_Numbers_To_User"/>
  <testcase name="Add_Tracking_Number" time="0.678" classname="Test_Data_Generation.Add_Tracking_Numbers_To_User"/>
  <testcase name="Add_Tracking_Number" time="0.475" classname="Test_Data_Generation.Add_Tracking_Numbers_To_User"/>
  <testcase name="Add_Tracking_Number" time="0.482" classname="Test_Data_Generation.Add_Tracking_Numbers_To_User"/>
  <testcase name="Add_Tracking_Number" time="0.609" classname="Test_Data_Generation.Add_Tracking_Numbers_To_User"/>
  <testcase name="Add_Tracking_Number" time="0.560" classname="Test_Data_Generation.Add_Tracking_Numbers_To_User"/>
  <testcase name="Add_Tracking_Number" time="0.539" classname="Test_Data_Generation.Add_Tracking_Numbers_To_User"/>
  <testcase name="Add_Tracking_Number" time="0.526" classname="Test_Data_Generation.Add_Tracking_Numbers_To_User"/>
  <testcase name="Add_Tracking_Number" time="0.782" classname="Test_Data_Generation.Add_Tracking_Numbers_To_User"/>
  <testcase name="Add_Tracking_Number" time="0.602" classname="Test_Data_Generation.Add_Tracking_Numbers_To_User"/>
  <testcase name="Add_Tracking_Number" time="0.448" classname="Test_Data_Generation.Add_Tracking_Numbers_To_User"/>
  <testcase name="Add_Tracking_Number" time="0.498" classname="Test_Data_Generation.Add_Tracking_Numbers_To_User"/>
  <testcase name="Add_Tracking_Number" time="0.463" classname="Test_Data_Generation.Add_Tracking_Numbers_To_User"/>
  <testcase name="Add_Tracking_Number" time="0.351" classname="Test_Data_Generation.Add_Tracking_Numbers_To_User"/>
  <testcase name="Add_Tracking_Number" time="0.503" classname="Test_Data_Generation.Add_Tracking_Numbers_To_User"/>
  <testcase name="Add_Tracking_Number" time="0.763" classname="Test_Data_Generation.Add_Tracking_Numbers_To_User"/>
  <testcase name="Add_Tracking_Number" time="0.680" classname="Test_Data_Generation.Add_Tracking_Numbers_To_User"/>
  <testcase name="Add_Tracking_Number" time="0.555" classname="Test_Data_Generation.Add_Tracking_Numbers_To_User"/>
  <testcase name="Add_Tracking_Number" time="0.481" classname="Test_Data_Generation.Add_Tracking_Numbers_To_User"/>
  <testcase name="Add_Tracking_Number" time="0.518" classname="Test_Data_Generation.Add_Tracking_Numbers_To_User"/>
  <testcase name="Add_Tracking_Number" time="0.540" classname="Test_Data_Generation.Add_Tracking_Numbers_To_User"/>
  <testcase name="Add_Tracking_Number" time="0.548" classname="Test_Data_Generation.Add_Tracking_Numbers_To_User"/>
  <testcase name="Add_Tracking_Number" time="0.563" classname="Test_Data_Generation.Add_Tracking_Numbers_To_User"/>
  <testcase name="Add_Tracking_Number" time="0.514" classname="Test_Data_Generation.Add_Tracking_Numbers_To_User"/>
  <testcase name="Add_Tracking_Number" time="0.497" classname="Test_Data_Generation.Add_Tracking_Numbers_To_User"/>
  <testcase name="Add_Tracking_Number" time="0.523" classname="Test_Data_Generation.Add_Tracking_Numbers_To_User"/>
  <testcase name="Add_Tracking_Number" time="0.548" classname="Test_Data_Generation.Add_Tracking_Numbers_To_User"/>
  <testcase name="Add_Tracking_Number" time="0.512" classname="Test_Data_Generation.Add_Tracking_Numbers_To_User"/>
  <testcase name="Add_Tracking_Number" time="1.080" classname="Test_Data_Generation.Add_Tracking_Numbers_To_User"/>
  <testcase name="Add_Tracking_Number" time="0.659" classname="Test_Data_Generation.Add_Tracking_Numbers_To_User"/>
  <testcase name="Add_Tracking_Number" time="0.658" classname="Test_Data_Generation.Add_Tracking_Numbers_To_User"/>
  <testcase name="Add_Tracking_Number" time="0.496" classname="Test_Data_Generation.Add_Tracking_Numbers_To_User"/>
  <testcase name="Add_Tracking_Number" time="0.567" classname="Test_Data_Generation.Add_Tracking_Numbers_To_User"/>
  <testcase name="Add_Tracking_Number" time="0.530" classname="Test_Data_Generation.Add_Tracking_Numbers_To_User"/>
  <testcase name="Add_Tracking_Number" time="0.504" classname="Test_Data_Generation.Add_Tracking_Numbers_To_User"/>
  <testcase name="Add_Tracking_Number" time="0.563" classname="Test_Data_Generation.Add_Tracking_Numbers_To_User"/>
  <testcase name="Add_Tracking_Number" time="0.489" classname="Test_Data_Generation.Add_Tracking_Numbers_To_User"/>
  <testcase name="Add_Tracking_Number" time="0.564" classname="Test_Data_Generation.Add_Tracking_Numbers_To_User"/>
  <testcase name="Add_Tracking_Number" time="0.484" classname="Test_Data_Generation.Add_Tracking_Numbers_To_User"/>
  <testcase name="Add_Tracking_Number" time="0.546" classname="Test_Data_Generation.Add_Tracking_Numbers_To_User"/>
  <testcase name="Add_Tracking_Number" time="0.446" classname="Test_Data_Generation.Add_Tracking_Numbers_To_User"/>
  <testcase name="Add_Tracking_Number" time="0.533" classname="Test_Data_Generation.Add_Tracking_Numbers_To_User"/>
  <testcase name="Add_Tracking_Number" time="0.105" classname="Test_Data_Generation.Add_Tracking_Numbers_To_User"/>
  <testcase name="Add_Tracking_Number" time="0.522" classname="Test_Data_Generation.Add_Tracking_Numbers_To_User"/>
  <testcase name="Add_Tracking_Number" time="0.789" classname="Test_Data_Generation.Add_Tracking_Numbers_To_User"/>
  <testcase name="Add_Tracking_Number" time="0.653" classname="Test_Data_Generation.Add_Tracking_Numbers_To_User"/>
  <testcase name="Add_Tracking_Number" time="0.547" classname="Test_Data_Generation.Add_Tracking_Numbers_To_User"/>
  <testcase name="Add_Tracking_Number" time="0.534" classname="Test_Data_Generation.Add_Tracking_Numbers_To_User"/>
  <testcase name="Add_Tracking_Number" time="0.551" classname="Test_Data_Generation.Add_Tracking_Numbers_To_User"/>
  <testcase name="Add_Tracking_Number" time="0.533" classname="Test_Data_Generation.Add_Tracking_Numbers_To_User"/>
  <testcase name="Add_Tracking_Number" time="0.536" classname="Test_Data_Generation.Add_Tracking_Numbers_To_User"/>
  <testcase name="Add_Tracking_Number" time="0.491" classname="Test_Data_Generation.Add_Tracking_Numbers_To_User"/>
  <testcase name="Add_Tracking_Number" time="0.487" classname="Test_Data_Generation.Add_Tracking_Numbers_To_User"/>
  <testcase name="Add_Tracking_Number" time="0.464" classname="Test_Data_Generation.Add_Tracking_Numbers_To_User"/>
  <testcase name="Add_Tracking_Number" time="0.533" classname="Test_Data_Generation.Add_Tracking_Numbers_To_User"/>
  <testcase name="Add_Tracking_Number" time="0.659" classname="Test_Data_Generation.Add_Tracking_Numbers_To_User"/>
  <testcase name="Add_Tracking_Number" time="0.558" classname="Test_Data_Generation.Add_Tracking_Numbers_To_User"/>
  <testcase name="Add_Tracking_Number" time="0.462" classname="Test_Data_Generation.Add_Tracking_Numbers_To_User"/>
  <testcase name="Add_Tracking_Number" time="0.617" classname="Test_Data_Generation.Add_Tracking_Numbers_To_User"/>
  <testcase name="Add_Tracking_Number" time="0.529" classname="Test_Data_Generation.Add_Tracking_Numbers_To_User"/>
  <testcase name="Add_Tracking_Number" time="0.465" classname="Test_Data_Generation.Add_Tracking_Numbers_To_User"/>
  <testcase name="Add_Tracking_Number" time="0.464" classname="Test_Data_Generation.Add_Tracking_Numbers_To_User"/>
  <testcase name="Add_Tracking_Number" time="0.505" classname="Test_Data_Generation.Add_Tracking_Numbers_To_User"/>
  <testcase name="Add_Tracking_Number" time="0.720" classname="Test_Data_Generation.Add_Tracking_Numbers_To_User"/>
  <testcase name="Add_Tracking_Number" time="0.380" classname="Test_Data_Generation.Add_Tracking_Numbers_To_User"/>
  <testcase name="Add_Tracking_Number" time="0.503" classname="Test_Data_Generation.Add_Tracking_Numbers_To_User"/>
  <testcase name="Add_Tracking_Number" time="0.531" classname="Test_Data_Generation.Add_Tracking_Numbers_To_User"/>
  <testcase name="Add_Tracking_Number" time="0.573" classname="Test_Data_Generation.Add_Tracking_Numbers_To_User"/>
  <testcase name="Add_Tracking_Number" time="0.712" classname="Test_Data_Generation.Add_Tracking_Numbers_To_User"/>
  <testcase name="Add_Tracking_Number" time="0.723" classname="Test_Data_Generation.Add_Tracking_Numbers_To_User"/>
  <testcase name="Add_Tracking_Number" time="0.554" classname="Test_Data_Generation.Add_Tracking_Numbers_To_User"/>
  <testcase name="Add_Tracking_Number" time="0.524" classname="Test_Data_Generation.Add_Tracking_Numbers_To_User"/>
  <testcase name="Add_Tracking_Number" time="0.614" classname="Test_Data_Generation.Add_Tracking_Numbers_To_User"/>
  <testcase name="Add_Tracking_Number" time="0.573" classname="Test_Data_Generation.Add_Tracking_Numbers_To_User"/>
  <testcase name="Add_Tracking_Number" time="0.501" classname="Test_Data_Generation.Add_Tracking_Numbers_To_User"/>
  <testcase name="Add_Tracking_Number" time="0.484" classname="Test_Data_Generation.Add_Tracking_Numbers_To_User"/>
  <testcase name="Add_Tracking_Number" time="0.506" classname="Test_Data_Generation.Add_Tracking_Numbers_To_User"/>
  <testcase name="Add_Tracking_Number" time="0.692" classname="Test_Data_Generation.Add_Tracking_Numbers_To_User"/>
  <testcase name="Add_Tracking_Number" time="0.485" classname="Test_Data_Generation.Add_Tracking_Numbers_To_User"/>
  <testcase name="Add_Tracking_Number" time="0.494" classname="Test_Data_Generation.Add_Tracking_Numbers_To_User"/>
  <testcase name="Add_Tracking_Number" time="0.710" classname="Test_Data_Generation.Add_Tracking_Numbers_To_User"/>
  <testcase name="Add_Tracking_Number" time="0.728" classname="Test_Data_Generation.Add_Tracking_Numbers_To_User"/>
  <testcase name="Add_Tracking_Number" time="0.606" classname="Test_Data_Generation.Add_Tracking_Numbers_To_User"/>
  <testcase name="Add_Tracking_Number" time="0.550" classname="Test_Data_Generation.Add_Tracking_Numbers_To_User"/>
  <testcase name="Add_Tracking_Number" time="0.621" classname="Test_Data_Generation.Add_Tracking_Numbers_To_User"/>
  <testcase name="Add_Tracking_Number" time="0.499" classname="Test_Data_Generation.Add_Tracking_Numbers_To_User"/>
  <testcase name="Add_Tracking_Number" time="0.554" classname="Test_Data_Generation.Add_Tracking_Numbers_To_User"/>
  <testcase name="Add_Tracking_Number" time="0.135" classname="Test_Data_Generation.Add_Tracking_Numbers_To_User"/>
  <testcase name="Add_Tracking_Number" time="0.551" classname="Test_Data_Generation.Add_Tracking_Numbers_To_User"/>
  <testcase name="Add_Tracking_Number" time="0.543" classname="Test_Data_Generation.Add_Tracking_Numbers_To_User"/>
  <testcase name="Add_Tracking_Number" time="0.523" classname="Test_Data_Generation.Add_Tracking_Numbers_To_User"/>
  <testcase name="Add_Tracking_Number" time="0.620" classname="Test_Data_Generation.Add_Tracking_Numbers_To_User"/>
  <testcase name="Add_Tracking_Number" time="0.573" classname="Test_Data_Generation.Add_Tracking_Numbers_To_User"/>
  <testcase name="Add_Tracking_Number" time="0.452" classname="Test_Data_Generation.Add_Tracking_Numbers_To_User"/>
  <testcase name="Add_Tracking_Number" time="0.492" classname="Test_Data_Generation.Add_Tracking_Numbers_To_User"/>
  <testcase name="Add_Tracking_Number" time="0.573" classname="Test_Data_Generation.Add_Tracking_Numbers_To_User"/>
  <testcase name="Add_Tracking_Number" time="0.567" classname="Test_Data_Generation.Add_Tracking_Numbers_To_User"/>
  <testcase name="Add_Tracking_Number" time="0.450" classname="Test_Data_Generation.Add_Tracking_Numbers_To_User"/>
  <testcase name="Add_Tracking_Number" time="0.460" classname="Test_Data_Generation.Add_Tracking_Numbers_To_User"/>
  <testcase name="Add_Tracking_Number" time="0.492" classname="Test_Data_Generation.Add_Tracking_Numbers_To_User"/>
  <testcase name="Add_Tracking_Number" time="0.542" classname="Test_Data_Generation.Add_Tracking_Numbers_To_User"/>
  <testcase name="Add_Tracking_Number" time="1.077" classname="Test_Data_Generation.Add_Tracking_Numbers_To_User">
    <failure type="java.lang.AssertionError" message="
Expected: a string containing &quot;{\&quot;successful\&quot;:true&quot;
     but: was &quot;{&quot;ShipmentOptionResponse&quot;:{&quot;successful&quot;:false,&quot;errorList&quot;:[{&quot;code&quot;:&quot;2997&quot;,&quot;message&quot;:&quot;TRAQS connection/request problem&quot;,&quot;source&quot;:null,&quot;rootCause&quot;:null}],&quot;alerts&quot;:null,&quot;cxsalerts&quot;:null}}&quot;">
      <![CDATA[java.lang.AssertionError: 
Expected: a string containing "{\"successful\":true"
     but: was "{"ShipmentOptionResponse":{"successful":false,"errorList":[{"code":"2997","message":"TRAQS connection/request problem","source":null,"rootCause":null}],"alerts":null,"cxsalerts":null}}"
at org.hamcrest.MatcherAssert.assertThat(MatcherAssert.java:20)
at org.junit.Assert.assertThat(Assert.java:956)
at org.junit.Assert.assertThat(Assert.java:923)
at Test_Data_Generation.Add_Tracking_Numbers_To_User.Add_Tracking_Number(Add_Tracking_Numbers_To_User.java:69)
at sun.reflect.GeneratedMethodAccessor2.invoke(Unknown Source)
at sun.reflect.DelegatingMethodAccessorImpl.invoke(Unknown Source)
at java.lang.reflect.Method.invoke(Unknown Source)
at org.testng.internal.MethodInvocationHelper.invokeMethod(MethodInvocationHelper.java:124)
at org.testng.internal.Invoker.invokeMethod(Invoker.java:580)
at org.testng.internal.Invoker.invokeTestMethod(Invoker.java:716)
at org.testng.internal.TestMethodWithDataProviderMethodWorker.call(TestMethodWithDataProviderMethodWorker.java:71)
at org.testng.internal.TestMethodWithDataProviderMethodWorker.call(TestMethodWithDataProviderMethodWorker.java:14)
at java.util.concurrent.FutureTask.run(Unknown Source)
at java.util.concurrent.Executors$RunnableAdapter.call(Unknown Source)
at java.util.concurrent.FutureTask.run(Unknown Source)
at java.util.concurrent.ThreadPoolExecutor.runWorker(Unknown Source)
at java.util.concurrent.ThreadPoolExecutor$Worker.run(Unknown Source)
at java.lang.Thread.run(Unknown Source)
]]>
    </failure>
  </testcase> <!-- Add_Tracking_Number -->
  <testcase name="Add_Tracking_Number" time="0.566" classname="Test_Data_Generation.Add_Tracking_Numbers_To_User"/>
  <testcase name="Add_Tracking_Number" time="0.640" classname="Test_Data_Generation.Add_Tracking_Numbers_To_User"/>
  <testcase name="Add_Tracking_Number" time="0.516" classname="Test_Data_Generation.Add_Tracking_Numbers_To_User"/>
  <testcase name="Add_Tracking_Number" time="0.459" classname="Test_Data_Generation.Add_Tracking_Numbers_To_User"/>
  <testcase name="Add_Tracking_Number" time="0.486" classname="Test_Data_Generation.Add_Tracking_Numbers_To_User"/>
  <testcase name="Add_Tracking_Number" time="0.541" classname="Test_Data_Generation.Add_Tracking_Numbers_To_User"/>
  <testcase name="Add_Tracking_Number" time="0.480" classname="Test_Data_Generation.Add_Tracking_Numbers_To_User"/>
  <testcase name="Add_Tracking_Number" time="0.458" classname="Test_Data_Generation.Add_Tracking_Numbers_To_User"/>
  <testcase name="Add_Tracking_Number" time="0.508" classname="Test_Data_Generation.Add_Tracking_Numbers_To_User"/>
  <testcase name="Add_Tracking_Number" time="0.552" classname="Test_Data_Generation.Add_Tracking_Numbers_To_User"/>
  <testcase name="Add_Tracking_Number" time="0.505" classname="Test_Data_Generation.Add_Tracking_Numbers_To_User"/>
  <testcase name="Add_Tracking_Number" time="0.634" classname="Test_Data_Generation.Add_Tracking_Numbers_To_User"/>
  <testcase name="Add_Tracking_Number" time="0.670" classname="Test_Data_Generation.Add_Tracking_Numbers_To_User"/>
  <testcase name="Add_Tracking_Number" time="0.573" classname="Test_Data_Generation.Add_Tracking_Numbers_To_User"/>
  <testcase name="Add_Tracking_Number" time="1.135" classname="Test_Data_Generation.Add_Tracking_Numbers_To_User"/>
  <testcase name="Add_Tracking_Number" time="0.538" classname="Test_Data_Generation.Add_Tracking_Numbers_To_User"/>
  <testcase name="Add_Tracking_Number" time="0.601" classname="Test_Data_Generation.Add_Tracking_Numbers_To_User"/>
  <testcase name="Add_Tracking_Number" time="0.510" classname="Test_Data_Generation.Add_Tracking_Numbers_To_User"/>
  <testcase name="Add_Tracking_Number" time="0.709" classname="Test_Data_Generation.Add_Tracking_Numbers_To_User"/>
  <testcase name="Add_Tracking_Number" time="0.586" classname="Test_Data_Generation.Add_Tracking_Numbers_To_User"/>
  <testcase name="Add_Tracking_Number" time="0.528" classname="Test_Data_Generation.Add_Tracking_Numbers_To_User"/>
  <testcase name="Add_Tracking_Number" time="1.306" classname="Test_Data_Generation.Add_Tracking_Numbers_To_User"/>
  <testcase name="Add_Tracking_Number" time="0.527" classname="Test_Data_Generation.Add_Tracking_Numbers_To_User"/>
  <testcase name="Add_Tracking_Number" time="0.934" classname="Test_Data_Generation.Add_Tracking_Numbers_To_User"/>
  <testcase name="Add_Tracking_Number" time="0.554" classname="Test_Data_Generation.Add_Tracking_Numbers_To_User"/>
  <testcase name="Add_Tracking_Number" time="0.505" classname="Test_Data_Generation.Add_Tracking_Numbers_To_User"/>
  <testcase name="Add_Tracking_Number" time="0.597" classname="Test_Data_Generation.Add_Tracking_Numbers_To_User"/>
  <testcase name="Add_Tracking_Number" time="0.474" classname="Test_Data_Generation.Add_Tracking_Numbers_To_User"/>
  <testcase name="Add_Tracking_Number" time="0.543" classname="Test_Data_Generation.Add_Tracking_Numbers_To_User"/>
  <testcase name="Add_Tracking_Number" time="0.507" classname="Test_Data_Generation.Add_Tracking_Numbers_To_User"/>
  <testcase name="Add_Tracking_Number" time="0.486" classname="Test_Data_Generation.Add_Tracking_Numbers_To_User"/>
  <testcase name="Add_Tracking_Number" time="0.052" classname="Test_Data_Generation.Add_Tracking_Numbers_To_User"/>
  <testcase name="Add_Tracking_Number" time="0.614" classname="Test_Data_Generation.Add_Tracking_Numbers_To_User"/>
  <testcase name="Add_Tracking_Number" time="0.575" classname="Test_Data_Generation.Add_Tracking_Numbers_To_User"/>
  <testcase name="Add_Tracking_Number" time="0.484" classname="Test_Data_Generation.Add_Tracking_Numbers_To_User"/>
  <testcase name="Add_Tracking_Number" time="0.441" classname="Test_Data_Generation.Add_Tracking_Numbers_To_User"/>
  <testcase name="Add_Tracking_Number" time="0.567" classname="Test_Data_Generation.Add_Tracking_Numbers_To_User"/>
  <testcase name="Add_Tracking_Number" time="0.697" classname="Test_Data_Generation.Add_Tracking_Numbers_To_User"/>
  <testcase name="Add_Tracking_Number" time="0.535" classname="Test_Data_Generation.Add_Tracking_Numbers_To_User"/>
  <testcase name="Add_Tracking_Number" time="0.527" classname="Test_Data_Generation.Add_Tracking_Numbers_To_User"/>
  <testcase name="Add_Tracking_Number" time="0.496" classname="Test_Data_Generation.Add_Tracking_Numbers_To_User"/>
  <testcase name="Add_Tracking_Number" time="0.696" classname="Test_Data_Generation.Add_Tracking_Numbers_To_User"/>
  <testcase name="Add_Tracking_Number" time="0.549" classname="Test_Data_Generation.Add_Tracking_Numbers_To_User"/>
  <testcase name="Add_Tracking_Number" time="0.735" classname="Test_Data_Generation.Add_Tracking_Numbers_To_User"/>
  <testcase name="Add_Tracking_Number" time="0.507" classname="Test_Data_Generation.Add_Tracking_Numbers_To_User"/>
  <testcase name="Add_Tracking_Number" time="0.512" classname="Test_Data_Generation.Add_Tracking_Numbers_To_User"/>
  <testcase name="Add_Tracking_Number" time="0.504" classname="Test_Data_Generation.Add_Tracking_Numbers_To_User"/>
  <testcase name="Add_Tracking_Number" time="0.586" classname="Test_Data_Generation.Add_Tracking_Numbers_To_User"/>
  <testcase name="Add_Tracking_Number" time="0.588" classname="Test_Data_Generation.Add_Tracking_Numbers_To_User"/>
  <testcase name="Add_Tracking_Number" time="0.518" classname="Test_Data_Generation.Add_Tracking_Numbers_To_User"/>
  <testcase name="Add_Tracking_Number" time="0.594" classname="Test_Data_Generation.Add_Tracking_Numbers_To_User"/>
  <testcase name="Add_Tracking_Number" time="0.629" classname="Test_Data_Generation.Add_Tracking_Numbers_To_User"/>
  <testcase name="Add_Tracking_Number" time="0.576" classname="Test_Data_Generation.Add_Tracking_Numbers_To_User"/>
  <testcase name="Add_Tracking_Number" time="0.630" classname="Test_Data_Generation.Add_Tracking_Numbers_To_User"/>
  <testcase name="Add_Tracking_Number" time="0.793" classname="Test_Data_Generation.Add_Tracking_Numbers_To_User"/>
  <testcase name="Add_Tracking_Number" time="0.548" classname="Test_Data_Generation.Add_Tracking_Numbers_To_User"/>
  <testcase name="Add_Tracking_Number" time="0.658" classname="Test_Data_Generation.Add_Tracking_Numbers_To_User"/>
  <testcase name="Add_Tracking_Number" time="0.547" classname="Test_Data_Generation.Add_Tracking_Numbers_To_User"/>
  <testcase name="Add_Tracking_Number" time="0.582" classname="Test_Data_Generation.Add_Tracking_Numbers_To_User"/>
  <testcase name="Add_Tracking_Number" time="0.497" classname="Test_Data_Generation.Add_Tracking_Numbers_To_User"/>
  <testcase name="Add_Tracking_Number" time="0.491" classname="Test_Data_Generation.Add_Tracking_Numbers_To_User"/>
  <testcase name="Add_Tracking_Number" time="0.506" classname="Test_Data_Generation.Add_Tracking_Numbers_To_User"/>
  <testcase name="Add_Tracking_Number" time="0.478" classname="Test_Data_Generation.Add_Tracking_Numbers_To_User"/>
  <testcase name="Add_Tracking_Number" time="0.536" classname="Test_Data_Generation.Add_Tracking_Numbers_To_User"/>
  <testcase name="Add_Tracking_Number" time="0.460" classname="Test_Data_Generation.Add_Tracking_Numbers_To_User"/>
  <testcase name="Add_Tracking_Number" time="0.555" classname="Test_Data_Generation.Add_Tracking_Numbers_To_User"/>
  <testcase name="Add_Tracking_Number" time="0.047" classname="Test_Data_Generation.Add_Tracking_Numbers_To_User"/>
  <testcase name="Add_Tracking_Number" time="0.444" classname="Test_Data_Generation.Add_Tracking_Numbers_To_User"/>
  <testcase name="Add_Tracking_Number" time="0.485" classname="Test_Data_Generation.Add_Tracking_Numbers_To_User"/>
  <testcase name="Add_Tracking_Number" time="0.541" classname="Test_Data_Generation.Add_Tracking_Numbers_To_User"/>
  <testcase name="Add_Tracking_Number" time="0.428" classname="Test_Data_Generation.Add_Tracking_Numbers_To_User">
    <failure type="java.lang.AssertionError" message="
Expected: a string containing &quot;{\&quot;successful\&quot;:true&quot;
     but: was &quot;{&quot;ShipmentOptionResponse&quot;:{&quot;successful&quot;:false,&quot;errorList&quot;:[{&quot;code&quot;:&quot;2997&quot;,&quot;message&quot;:&quot;TRAQS connection/request problem&quot;,&quot;source&quot;:null,&quot;rootCause&quot;:null}],&quot;alerts&quot;:null,&quot;cxsalerts&quot;:null}}&quot;">
      <![CDATA[java.lang.AssertionError: 
Expected: a string containing "{\"successful\":true"
     but: was "{"ShipmentOptionResponse":{"successful":false,"errorList":[{"code":"2997","message":"TRAQS connection/request problem","source":null,"rootCause":null}],"alerts":null,"cxsalerts":null}}"
at org.hamcrest.MatcherAssert.assertThat(MatcherAssert.java:20)
at org.junit.Assert.assertThat(Assert.java:956)
at org.junit.Assert.assertThat(Assert.java:923)
at Test_Data_Generation.Add_Tracking_Numbers_To_User.Add_Tracking_Number(Add_Tracking_Numbers_To_User.java:69)
at sun.reflect.GeneratedMethodAccessor2.invoke(Unknown Source)
at sun.reflect.DelegatingMethodAccessorImpl.invoke(Unknown Source)
at java.lang.reflect.Method.invoke(Unknown Source)
at org.testng.internal.MethodInvocationHelper.invokeMethod(MethodInvocationHelper.java:124)
at org.testng.internal.Invoker.invokeMethod(Invoker.java:580)
at org.testng.internal.Invoker.invokeTestMethod(Invoker.java:716)
at org.testng.internal.TestMethodWithDataProviderMethodWorker.call(TestMethodWithDataProviderMethodWorker.java:71)
at org.testng.internal.TestMethodWithDataProviderMethodWorker.call(TestMethodWithDataProviderMethodWorker.java:14)
at java.util.concurrent.FutureTask.run(Unknown Source)
at java.util.concurrent.Executors$RunnableAdapter.call(Unknown Source)
at java.util.concurrent.FutureTask.run(Unknown Source)
at java.util.concurrent.ThreadPoolExecutor.runWorker(Unknown Source)
at java.util.concurrent.ThreadPoolExecutor$Worker.run(Unknown Source)
at java.lang.Thread.run(Unknown Source)
]]>
    </failure>
  </testcase> <!-- Add_Tracking_Number -->
  <testcase name="Add_Tracking_Number" time="0.645" classname="Test_Data_Generation.Add_Tracking_Numbers_To_User"/>
  <testcase name="Add_Tracking_Number" time="0.651" classname="Test_Data_Generation.Add_Tracking_Numbers_To_User"/>
  <testcase name="Add_Tracking_Number" time="0.541" classname="Test_Data_Generation.Add_Tracking_Numbers_To_User"/>
  <testcase name="Add_Tracking_Number" time="0.506" classname="Test_Data_Generation.Add_Tracking_Numbers_To_User"/>
  <testcase name="Add_Tracking_Number" time="1.234" classname="Test_Data_Generation.Add_Tracking_Numbers_To_User"/>
  <testcase name="Add_Tracking_Number" time="0.531" classname="Test_Data_Generation.Add_Tracking_Numbers_To_User"/>
  <testcase name="Add_Tracking_Number" time="0.543" classname="Test_Data_Generation.Add_Tracking_Numbers_To_User"/>
  <testcase name="Add_Tracking_Number" time="0.519" classname="Test_Data_Generation.Add_Tracking_Numbers_To_User"/>
  <testcase name="Add_Tracking_Number" time="0.700" classname="Test_Data_Generation.Add_Tracking_Numbers_To_User"/>
  <testcase name="Add_Tracking_Number" time="0.527" classname="Test_Data_Generation.Add_Tracking_Numbers_To_User"/>
  <testcase name="Add_Tracking_Number" time="0.511" classname="Test_Data_Generation.Add_Tracking_Numbers_To_User"/>
  <testcase name="Add_Tracking_Number" time="0.052" classname="Test_Data_Generation.Add_Tracking_Numbers_To_User"/>
  <testcase name="Add_Tracking_Number" time="0.506" classname="Test_Data_Generation.Add_Tracking_Numbers_To_User"/>
  <testcase name="Add_Tracking_Number" time="0.526" classname="Test_Data_Generation.Add_Tracking_Numbers_To_User"/>
  <testcase name="Add_Tracking_Number" time="0.057" classname="Test_Data_Generation.Add_Tracking_Numbers_To_User"/>
  <testcase name="Add_Tracking_Number" time="0.448" classname="Test_Data_Generation.Add_Tracking_Numbers_To_User"/>
  <testcase name="Add_Tracking_Number" time="0.673" classname="Test_Data_Generation.Add_Tracking_Numbers_To_User"/>
  <testcase name="Add_Tracking_Number" time="0.498" classname="Test_Data_Generation.Add_Tracking_Numbers_To_User"/>
  <testcase name="Add_Tracking_Number" time="0.555" classname="Test_Data_Generation.Add_Tracking_Numbers_To_User"/>
  <testcase name="Add_Tracking_Number" time="0.707" classname="Test_Data_Generation.Add_Tracking_Numbers_To_User"/>
  <testcase name="Add_Tracking_Number" time="0.478" classname="Test_Data_Generation.Add_Tracking_Numbers_To_User"/>
  <testcase name="Add_Tracking_Number" time="0.492" classname="Test_Data_Generation.Add_Tracking_Numbers_To_User"/>
  <testcase name="Add_Tracking_Number" time="0.559" classname="Test_Data_Generation.Add_Tracking_Numbers_To_User"/>
  <testcase name="Add_Tracking_Number" time="0.432" classname="Test_Data_Generation.Add_Tracking_Numbers_To_User"/>
  <testcase name="Add_Tracking_Number" time="0.544" classname="Test_Data_Generation.Add_Tracking_Numbers_To_User"/>
  <testcase name="Add_Tracking_Number" time="0.639" classname="Test_Data_Generation.Add_Tracking_Numbers_To_User"/>
  <testcase name="Add_Tracking_Number" time="0.549" classname="Test_Data_Generation.Add_Tracking_Numbers_To_User"/>
  <testcase name="Add_Tracking_Number" time="0.725" classname="Test_Data_Generation.Add_Tracking_Numbers_To_User"/>
  <testcase name="Add_Tracking_Number" time="0.641" classname="Test_Data_Generation.Add_Tracking_Numbers_To_User"/>
  <testcase name="Add_Tracking_Number" time="0.335" classname="Test_Data_Generation.Add_Tracking_Numbers_To_User"/>
  <testcase name="Add_Tracking_Number" time="0.589" classname="Test_Data_Generation.Add_Tracking_Numbers_To_User"/>
  <testcase name="Add_Tracking_Number" time="0.740" classname="Test_Data_Generation.Add_Tracking_Numbers_To_User"/>
  <testcase name="Add_Tracking_Number" time="0.539" classname="Test_Data_Generation.Add_Tracking_Numbers_To_User"/>
  <testcase name="Add_Tracking_Number" time="0.551" classname="Test_Data_Generation.Add_Tracking_Numbers_To_User"/>
  <testcase name="Add_Tracking_Number" time="0.662" classname="Test_Data_Generation.Add_Tracking_Numbers_To_User"/>
  <testcase name="Add_Tracking_Number" time="0.461" classname="Test_Data_Generation.Add_Tracking_Numbers_To_User"/>
  <testcase name="Add_Tracking_Number" time="0.536" classname="Test_Data_Generation.Add_Tracking_Numbers_To_User"/>
  <testcase name="Add_Tracking_Number" time="0.779" classname="Test_Data_Generation.Add_Tracking_Numbers_To_User"/>
  <testcase name="Add_Tracking_Number" time="0.577" classname="Test_Data_Generation.Add_Tracking_Numbers_To_User"/>
  <testcase name="Add_Tracking_Number" time="0.667" classname="Test_Data_Generation.Add_Tracking_Numbers_To_User"/>
  <testcase name="Add_Tracking_Number" time="0.457" classname="Test_Data_Generation.Add_Tracking_Numbers_To_User"/>
  <testcase name="Add_Tracking_Number" time="0.640" classname="Test_Data_Generation.Add_Tracking_Numbers_To_User"/>
  <testcase name="Add_Tracking_Number" time="0.530" classname="Test_Data_Generation.Add_Tracking_Numbers_To_User"/>
  <testcase name="Add_Tracking_Number" time="0.638" classname="Test_Data_Generation.Add_Tracking_Numbers_To_User"/>
  <testcase name="Add_Tracking_Number" time="0.639" classname="Test_Data_Generation.Add_Tracking_Numbers_To_User"/>
  <testcase name="Add_Tracking_Number" time="0.364" classname="Test_Data_Generation.Add_Tracking_Numbers_To_User"/>
  <testcase name="Add_Tracking_Number" time="0.654" classname="Test_Data_Generation.Add_Tracking_Numbers_To_User"/>
  <testcase name="Add_Tracking_Number" time="0.450" classname="Test_Data_Generation.Add_Tracking_Numbers_To_User"/>
  <testcase name="Add_Tracking_Number" time="0.533" classname="Test_Data_Generation.Add_Tracking_Numbers_To_User"/>
  <testcase name="Add_Tracking_Number" time="0.552" classname="Test_Data_Generation.Add_Tracking_Numbers_To_User"/>
  <testcase name="Add_Tracking_Number" time="0.670" classname="Test_Data_Generation.Add_Tracking_Numbers_To_User"/>
  <testcase name="Add_Tracking_Number" time="0.626" classname="Test_Data_Generation.Add_Tracking_Numbers_To_User"/>
  <testcase name="Add_Tracking_Number" time="0.550" classname="Test_Data_Generation.Add_Tracking_Numbers_To_User"/>
  <testcase name="Add_Tracking_Number" time="0.548" classname="Test_Data_Generation.Add_Tracking_Numbers_To_User"/>
  <testcase name="Add_Tracking_Number" time="0.500" classname="Test_Data_Generation.Add_Tracking_Numbers_To_User"/>
  <testcase name="Add_Tracking_Number" time="0.559" classname="Test_Data_Generation.Add_Tracking_Numbers_To_User"/>
  <testcase name="Add_Tracking_Number" time="0.548" classname="Test_Data_Generation.Add_Tracking_Numbers_To_User"/>
  <testcase name="Add_Tracking_Number" time="0.517" classname="Test_Data_Generation.Add_Tracking_Numbers_To_User"/>
  <testcase name="Add_Tracking_Number" time="0.501" classname="Test_Data_Generation.Add_Tracking_Numbers_To_User"/>
  <testcase name="Add_Tracking_Number" time="0.598" classname="Test_Data_Generation.Add_Tracking_Numbers_To_User"/>
  <testcase name="Add_Tracking_Number" time="0.484" classname="Test_Data_Generation.Add_Tracking_Numbers_To_User"/>
  <testcase name="Add_Tracking_Number" time="0.465" classname="Test_Data_Generation.Add_Tracking_Numbers_To_User"/>
  <testcase name="Add_Tracking_Number" time="0.711" classname="Test_Data_Generation.Add_Tracking_Numbers_To_User"/>
  <testcase name="Add_Tracking_Number" time="0.054" classname="Test_Data_Generation.Add_Tracking_Numbers_To_User"/>
  <testcase name="Add_Tracking_Number" time="0.595" classname="Test_Data_Generation.Add_Tracking_Numbers_To_User"/>
  <testcase name="Add_Tracking_Number" time="0.530" classname="Test_Data_Generation.Add_Tracking_Numbers_To_User"/>
  <testcase name="Add_Tracking_Number" time="0.569" classname="Test_Data_Generation.Add_Tracking_Numbers_To_User"/>
  <testcase name="Add_Tracking_Number" time="0.596" classname="Test_Data_Generation.Add_Tracking_Numbers_To_User"/>
  <testcase name="Add_Tracking_Number" time="0.486" classname="Test_Data_Generation.Add_Tracking_Numbers_To_User"/>
  <testcase name="Add_Tracking_Number" time="0.512" classname="Test_Data_Generation.Add_Tracking_Numbers_To_User"/>
  <testcase name="Add_Tracking_Number" time="0.754" classname="Test_Data_Generation.Add_Tracking_Numbers_To_User"/>
  <testcase name="Add_Tracking_Number" time="0.493" classname="Test_Data_Generation.Add_Tracking_Numbers_To_User"/>
  <testcase name="Add_Tracking_Number" time="0.608" classname="Test_Data_Generation.Add_Tracking_Numbers_To_User"/>
  <testcase name="Add_Tracking_Number" time="0.535" classname="Test_Data_Generation.Add_Tracking_Numbers_To_User"/>
  <testcase name="Add_Tracking_Number" time="0.532" classname="Test_Data_Generation.Add_Tracking_Numbers_To_User"/>
  <testcase name="Add_Tracking_Number" time="0.690" classname="Test_Data_Generation.Add_Tracking_Numbers_To_User"/>
  <testcase name="Add_Tracking_Number" time="0.446" classname="Test_Data_Generation.Add_Tracking_Numbers_To_User"/>
  <testcase name="Add_Tracking_Number" time="0.474" classname="Test_Data_Generation.Add_Tracking_Numbers_To_User"/>
  <testcase name="Add_Tracking_Number" time="0.662" classname="Test_Data_Generation.Add_Tracking_Numbers_To_User"/>
  <testcase name="Add_Tracking_Number" time="0.493" classname="Test_Data_Generation.Add_Tracking_Numbers_To_User"/>
  <testcase name="Add_Tracking_Number" time="0.530" classname="Test_Data_Generation.Add_Tracking_Numbers_To_User"/>
  <testcase name="Add_Tracking_Number" time="0.522" classname="Test_Data_Generation.Add_Tracking_Numbers_To_User"/>
  <testcase name="Add_Tracking_Number" time="0.675" classname="Test_Data_Generation.Add_Tracking_Numbers_To_User"/>
  <testcase name="Add_Tracking_Number" time="0.497" classname="Test_Data_Generation.Add_Tracking_Numbers_To_User"/>
  <testcase name="Add_Tracking_Number" time="0.563" classname="Test_Data_Generation.Add_Tracking_Numbers_To_User"/>
  <testcase name="Add_Tracking_Number" time="0.509" classname="Test_Data_Generation.Add_Tracking_Numbers_To_User"/>
  <testcase name="Add_Tracking_Number" time="0.556" classname="Test_Data_Generation.Add_Tracking_Numbers_To_User"/>
  <testcase name="Add_Tracking_Number" time="0.528" classname="Test_Data_Generation.Add_Tracking_Numbers_To_User"/>
  <testcase name="Add_Tracking_Number" time="0.571" classname="Test_Data_Generation.Add_Tracking_Numbers_To_User"/>
  <testcase name="Add_Tracking_Number" time="0.450" classname="Test_Data_Generation.Add_Tracking_Numbers_To_User"/>
  <testcase name="Add_Tracking_Number" time="0.446" classname="Test_Data_Generation.Add_Tracking_Numbers_To_User"/>
  <testcase name="Add_Tracking_Number" time="0.594" classname="Test_Data_Generation.Add_Tracking_Numbers_To_User"/>
  <testcase name="Add_Tracking_Number" time="0.599" classname="Test_Data_Generation.Add_Tracking_Numbers_To_User"/>
  <testcase name="Add_Tracking_Number" time="1.077" classname="Test_Data_Generation.Add_Tracking_Numbers_To_User"/>
  <testcase name="Add_Tracking_Number" time="0.331" classname="Test_Data_Generation.Add_Tracking_Numbers_To_User"/>
  <testcase name="Add_Tracking_Number" time="0.587" classname="Test_Data_Generation.Add_Tracking_Numbers_To_User"/>
  <testcase name="Add_Tracking_Number" time="0.520" classname="Test_Data_Generation.Add_Tracking_Numbers_To_User"/>
  <testcase name="Add_Tracking_Number" time="0.647" classname="Test_Data_Generation.Add_Tracking_Numbers_To_User"/>
  <testcase name="Add_Tracking_Number" time="0.657" classname="Test_Data_Generation.Add_Tracking_Numbers_To_User"/>
  <testcase name="Add_Tracking_Number" time="0.596" classname="Test_Data_Generation.Add_Tracking_Numbers_To_User"/>
  <testcase name="Add_Tracking_Number" time="0.444" classname="Test_Data_Generation.Add_Tracking_Numbers_To_User"/>
  <testcase name="Add_Tracking_Number" time="0.716" classname="Test_Data_Generation.Add_Tracking_Numbers_To_User"/>
  <testcase name="Add_Tracking_Number" time="0.564" classname="Test_Data_Generation.Add_Tracking_Numbers_To_User"/>
  <testcase name="Add_Tracking_Number" time="0.563" classname="Test_Data_Generation.Add_Tracking_Numbers_To_User"/>
  <testcase name="Add_Tracking_Number" time="0.537" classname="Test_Data_Generation.Add_Tracking_Numbers_To_User"/>
  <testcase name="Add_Tracking_Number" time="0.453" classname="Test_Data_Generation.Add_Tracking_Numbers_To_User"/>
  <testcase name="Add_Tracking_Number" time="0.479" classname="Test_Data_Generation.Add_Tracking_Numbers_To_User"/>
  <testcase name="Add_Tracking_Number" time="0.526" classname="Test_Data_Generation.Add_Tracking_Numbers_To_User"/>
  <testcase name="Add_Tracking_Number" time="0.553" classname="Test_Data_Generation.Add_Tracking_Numbers_To_User"/>
  <testcase name="Add_Tracking_Number" time="0.928" classname="Test_Data_Generation.Add_Tracking_Numbers_To_User"/>
  <testcase name="Add_Tracking_Number" time="0.545" classname="Test_Data_Generation.Add_Tracking_Numbers_To_User"/>
  <testcase name="Add_Tracking_Number" time="0.545" classname="Test_Data_Generation.Add_Tracking_Numbers_To_User"/>
  <testcase name="Add_Tracking_Number" time="0.550" classname="Test_Data_Generation.Add_Tracking_Numbers_To_User"/>
  <testcase name="Add_Tracking_Number" time="0.543" classname="Test_Data_Generation.Add_Tracking_Numbers_To_User"/>
  <testcase name="Add_Tracking_Number" time="0.479" classname="Test_Data_Generation.Add_Tracking_Numbers_To_User"/>
  <testcase name="Add_Tracking_Number" time="0.815" classname="Test_Data_Generation.Add_Tracking_Numbers_To_User"/>
  <testcase name="Add_Tracking_Number" time="0.585" classname="Test_Data_Generation.Add_Tracking_Numbers_To_User"/>
  <testcase name="Add_Tracking_Number" time="0.575" classname="Test_Data_Generation.Add_Tracking_Numbers_To_User"/>
  <testcase name="Add_Tracking_Number" time="0.653" classname="Test_Data_Generation.Add_Tracking_Numbers_To_User"/>
  <testcase name="Add_Tracking_Number" time="0.451" classname="Test_Data_Generation.Add_Tracking_Numbers_To_User"/>
  <testcase name="Add_Tracking_Number" time="0.641" classname="Test_Data_Generation.Add_Tracking_Numbers_To_User"/>
  <testcase name="Add_Tracking_Number" time="0.559" classname="Test_Data_Generation.Add_Tracking_Numbers_To_User"/>
  <testcase name="Add_Tracking_Number" time="0.502" classname="Test_Data_Generation.Add_Tracking_Numbers_To_User"/>
  <testcase name="Add_Tracking_Number" time="0.563" classname="Test_Data_Generation.Add_Tracking_Numbers_To_User"/>
  <testcase name="Add_Tracking_Number" time="0.505" classname="Test_Data_Generation.Add_Tracking_Numbers_To_User"/>
  <testcase name="Add_Tracking_Number" time="7.741" classname="Test_Data_Generation.Add_Tracking_Numbers_To_User"/>
  <testcase name="Add_Tracking_Number" time="0.702" classname="Test_Data_Generation.Add_Tracking_Numbers_To_User"/>
  <testcase name="Add_Tracking_Number" time="0.684" classname="Test_Data_Generation.Add_Tracking_Numbers_To_User"/>
  <testcase name="Add_Tracking_Number" time="0.604" classname="Test_Data_Generation.Add_Tracking_Numbers_To_User"/>
  <testcase name="Add_Tracking_Number" time="0.588" classname="Test_Data_Generation.Add_Tracking_Numbers_To_User"/>
  <testcase name="Add_Tracking_Number" time="0.596" classname="Test_Data_Generation.Add_Tracking_Numbers_To_User"/>
  <testcase name="Add_Tracking_Number" time="0.570" classname="Test_Data_Generation.Add_Tracking_Numbers_To_User"/>
  <testcase name="Add_Tracking_Number" time="0.508" classname="Test_Data_Generation.Add_Tracking_Numbers_To_User"/>
  <testcase name="Add_Tracking_Number" time="0.525" classname="Test_Data_Generation.Add_Tracking_Numbers_To_User"/>
  <testcase name="Add_Tracking_Number" time="0.650" classname="Test_Data_Generation.Add_Tracking_Numbers_To_User"/>
  <testcase name="Add_Tracking_Number" time="0.531" classname="Test_Data_Generation.Add_Tracking_Numbers_To_User"/>
  <testcase name="Add_Tracking_Number" time="0.513" classname="Test_Data_Generation.Add_Tracking_Numbers_To_User"/>
  <testcase name="Add_Tracking_Number" time="0.499" classname="Test_Data_Generation.Add_Tracking_Numbers_To_User"/>
  <testcase name="Add_Tracking_Number" time="0.593" classname="Test_Data_Generation.Add_Tracking_Numbers_To_User"/>
  <testcase name="Add_Tracking_Number" time="0.515" classname="Test_Data_Generation.Add_Tracking_Numbers_To_User"/>
  <testcase name="Add_Tracking_Number" time="0.513" classname="Test_Data_Generation.Add_Tracking_Numbers_To_User"/>
  <testcase name="Add_Tracking_Number" time="0.558" classname="Test_Data_Generation.Add_Tracking_Numbers_To_User"/>
  <testcase name="Add_Tracking_Number" time="0.547" classname="Test_Data_Generation.Add_Tracking_Numbers_To_User"/>
  <testcase name="Add_Tracking_Number" time="0.573" classname="Test_Data_Generation.Add_Tracking_Numbers_To_User"/>
  <testcase name="Add_Tracking_Number" time="0.561" classname="Test_Data_Generation.Add_Tracking_Numbers_To_User"/>
  <testcase name="Add_Tracking_Number" time="0.773" classname="Test_Data_Generation.Add_Tracking_Numbers_To_User"/>
  <testcase name="Add_Tracking_Number" time="0.650" classname="Test_Data_Generation.Add_Tracking_Numbers_To_User"/>
  <testcase name="Add_Tracking_Number" time="0.649" classname="Test_Data_Generation.Add_Tracking_Numbers_To_User"/>
  <testcase name="Add_Tracking_Number" time="0.517" classname="Test_Data_Generation.Add_Tracking_Numbers_To_User"/>
  <testcase name="Add_Tracking_Number" time="0.516" classname="Test_Data_Generation.Add_Tracking_Numbers_To_User"/>
  <testcase name="Add_Tracking_Number" time="0.551" classname="Test_Data_Generation.Add_Tracking_Numbers_To_User"/>
  <testcase name="Add_Tracking_Number" time="0.441" classname="Test_Data_Generation.Add_Tracking_Numbers_To_User"/>
  <testcase name="Add_Tracking_Number" time="0.642" classname="Test_Data_Generation.Add_Tracking_Numbers_To_User"/>
  <testcase name="Add_Tracking_Number" time="0.454" classname="Test_Data_Generation.Add_Tracking_Numbers_To_User"/>
  <testcase name="Add_Tracking_Number" time="0.581" classname="Test_Data_Generation.Add_Tracking_Numbers_To_User"/>
  <testcase name="Add_Tracking_Number" time="0.555" classname="Test_Data_Generation.Add_Tracking_Numbers_To_User"/>
  <testcase name="Add_Tracking_Number" time="0.659" classname="Test_Data_Generation.Add_Tracking_Numbers_To_User"/>
  <testcase name="Add_Tracking_Number" time="0.513" classname="Test_Data_Generation.Add_Tracking_Numbers_To_User"/>
  <testcase name="Add_Tracking_Number" time="0.484" classname="Test_Data_Generation.Add_Tracking_Numbers_To_User"/>
  <testcase name="Add_Tracking_Number" time="0.511" classname="Test_Data_Generation.Add_Tracking_Numbers_To_User"/>
  <testcase name="Add_Tracking_Number" time="0.495" classname="Test_Data_Generation.Add_Tracking_Numbers_To_User"/>
  <testcase name="Add_Tracking_Number" time="0.540" classname="Test_Data_Generation.Add_Tracking_Numbers_To_User"/>
  <testcase name="Add_Tracking_Number" time="0.555" classname="Test_Data_Generation.Add_Tracking_Numbers_To_User"/>
  <testcase name="Add_Tracking_Number" time="0.514" classname="Test_Data_Generation.Add_Tracking_Numbers_To_User"/>
  <testcase name="Add_Tracking_Number" time="0.537" classname="Test_Data_Generation.Add_Tracking_Numbers_To_User"/>
  <testcase name="Add_Tracking_Number" time="0.516" classname="Test_Data_Generation.Add_Tracking_Numbers_To_User"/>
  <testcase name="Add_Tracking_Number" time="0.474" classname="Test_Data_Generation.Add_Tracking_Numbers_To_User"/>
  <testcase name="Add_Tracking_Number" time="0.365" classname="Test_Data_Generation.Add_Tracking_Numbers_To_User"/>
  <testcase name="Add_Tracking_Number" time="0.449" classname="Test_Data_Generation.Add_Tracking_Numbers_To_User"/>
  <testcase name="Add_Tracking_Number" time="0.596" classname="Test_Data_Generation.Add_Tracking_Numbers_To_User"/>
  <testcase name="Add_Tracking_Number" time="0.544" classname="Test_Data_Generation.Add_Tracking_Numbers_To_User"/>
  <testcase name="Add_Tracking_Number" time="0.582" classname="Test_Data_Generation.Add_Tracking_Numbers_To_User"/>
  <testcase name="Add_Tracking_Number" time="0.476" classname="Test_Data_Generation.Add_Tracking_Numbers_To_User"/>
  <testcase name="Add_Tracking_Number" time="0.591" classname="Test_Data_Generation.Add_Tracking_Numbers_To_User"/>
  <testcase name="Add_Tracking_Number" time="0.567" classname="Test_Data_Generation.Add_Tracking_Numbers_To_User"/>
  <testcase name="Add_Tracking_Number" time="0.517" classname="Test_Data_Generation.Add_Tracking_Numbers_To_User"/>
  <testcase name="Add_Tracking_Number" time="0.541" classname="Test_Data_Generation.Add_Tracking_Numbers_To_User"/>
  <testcase name="Add_Tracking_Number" time="0.638" classname="Test_Data_Generation.Add_Tracking_Numbers_To_User"/>
  <testcase name="Add_Tracking_Number" time="0.828" classname="Test_Data_Generation.Add_Tracking_Numbers_To_User"/>
  <testcase name="Add_Tracking_Number" time="0.585" classname="Test_Data_Generation.Add_Tracking_Numbers_To_User"/>
  <testcase name="Add_Tracking_Number" time="0.548" classname="Test_Data_Generation.Add_Tracking_Numbers_To_User"/>
  <testcase name="Add_Tracking_Number" time="0.460" classname="Test_Data_Generation.Add_Tracking_Numbers_To_User"/>
  <testcase name="Add_Tracking_Number" time="0.846" classname="Test_Data_Generation.Add_Tracking_Numbers_To_User"/>
  <testcase name="Add_Tracking_Number" time="0.717" classname="Test_Data_Generation.Add_Tracking_Numbers_To_User"/>
  <testcase name="Add_Tracking_Number" time="0.768" classname="Test_Data_Generation.Add_Tracking_Numbers_To_User"/>
  <testcase name="Add_Tracking_Number" time="0.565" classname="Test_Data_Generation.Add_Tracking_Numbers_To_User"/>
  <testcase name="Add_Tracking_Number" time="0.472" classname="Test_Data_Generation.Add_Tracking_Numbers_To_User"/>
  <testcase name="Add_Tracking_Number" time="0.535" classname="Test_Data_Generation.Add_Tracking_Numbers_To_User"/>
  <testcase name="Add_Tracking_Number" time="0.421" classname="Test_Data_Generation.Add_Tracking_Numbers_To_User"/>
  <testcase name="Add_Tracking_Number" time="0.493" classname="Test_Data_Generation.Add_Tracking_Numbers_To_User"/>
  <testcase name="Add_Tracking_Number" time="0.657" classname="Test_Data_Generation.Add_Tracking_Numbers_To_User"/>
  <testcase name="Add_Tracking_Number" time="0.558" classname="Test_Data_Generation.Add_Tracking_Numbers_To_User"/>
  <testcase name="Add_Tracking_Number" time="0.491" classname="Test_Data_Generation.Add_Tracking_Numbers_To_User"/>
  <testcase name="Add_Tracking_Number" time="0.579" classname="Test_Data_Generation.Add_Tracking_Numbers_To_User"/>
  <testcase name="Add_Tracking_Number" time="0.526" classname="Test_Data_Generation.Add_Tracking_Numbers_To_User"/>
  <testcase name="Add_Tracking_Number" time="0.558" classname="Test_Data_Generation.Add_Tracking_Numbers_To_User"/>
  <testcase name="Add_Tracking_Number" time="0.522" classname="Test_Data_Generation.Add_Tracking_Numbers_To_User"/>
  <testcase name="Add_Tracking_Number" time="0.653" classname="Test_Data_Generation.Add_Tracking_Numbers_To_User"/>
  <testcase name="Add_Tracking_Number" time="0.454" classname="Test_Data_Generation.Add_Tracking_Numbers_To_User"/>
  <testcase name="Add_Tracking_Number" time="0.754" classname="Test_Data_Generation.Add_Tracking_Numbers_To_User"/>
  <testcase name="Add_Tracking_Number" time="0.570" classname="Test_Data_Generation.Add_Tracking_Numbers_To_User"/>
  <testcase name="Add_Tracking_Number" time="0.548" classname="Test_Data_Generation.Add_Tracking_Numbers_To_User"/>
  <testcase name="Add_Tracking_Number" time="0.775" classname="Test_Data_Generation.Add_Tracking_Numbers_To_User"/>
  <testcase name="Add_Tracking_Number" time="0.576" classname="Test_Data_Generation.Add_Tracking_Numbers_To_User"/>
  <testcase name="Add_Tracking_Number" time="0.529" classname="Test_Data_Generation.Add_Tracking_Numbers_To_User"/>
  <testcase name="Add_Tracking_Number" time="0.554" classname="Test_Data_Generation.Add_Tracking_Numbers_To_User"/>
  <testcase name="Add_Tracking_Number" time="0.579" classname="Test_Data_Generation.Add_Tracking_Numbers_To_User"/>
  <testcase name="Add_Tracking_Number" time="0.492" classname="Test_Data_Generation.Add_Tracking_Numbers_To_User"/>
  <testcase name="Add_Tracking_Number" time="0.594" classname="Test_Data_Generation.Add_Tracking_Numbers_To_User"/>
  <testcase name="Add_Tracking_Number" time="0.564" classname="Test_Data_Generation.Add_Tracking_Numbers_To_User"/>
  <testcase name="Add_Tracking_Number" time="0.548" classname="Test_Data_Generation.Add_Tracking_Numbers_To_User"/>
  <testcase name="Add_Tracking_Number" time="0.587" classname="Test_Data_Generation.Add_Tracking_Numbers_To_User"/>
  <testcase name="Add_Tracking_Number" time="0.506" classname="Test_Data_Generation.Add_Tracking_Numbers_To_User"/>
  <testcase name="Add_Tracking_Number" time="0.502" classname="Test_Data_Generation.Add_Tracking_Numbers_To_User"/>
  <testcase name="Add_Tracking_Number" time="0.501" classname="Test_Data_Generation.Add_Tracking_Numbers_To_User"/>
  <testcase name="Add_Tracking_Number" time="0.482" classname="Test_Data_Generation.Add_Tracking_Numbers_To_User"/>
  <testcase name="Add_Tracking_Number" time="0.531" classname="Test_Data_Generation.Add_Tracking_Numbers_To_User"/>
  <testcase name="Add_Tracking_Number" time="0.525" classname="Test_Data_Generation.Add_Tracking_Numbers_To_User"/>
  <testcase name="Add_Tracking_Number" time="0.499" classname="Test_Data_Generation.Add_Tracking_Numbers_To_User"/>
  <testcase name="Add_Tracking_Number" time="0.598" classname="Test_Data_Generation.Add_Tracking_Numbers_To_User"/>
  <testcase name="Add_Tracking_Number" time="0.593" classname="Test_Data_Generation.Add_Tracking_Numbers_To_User"/>
  <testcase name="Add_Tracking_Number" time="0.510" classname="Test_Data_Generation.Add_Tracking_Numbers_To_User"/>
  <testcase name="Add_Tracking_Number" time="0.453" classname="Test_Data_Generation.Add_Tracking_Numbers_To_User"/>
  <testcase name="Add_Tracking_Number" time="0.476" classname="Test_Data_Generation.Add_Tracking_Numbers_To_User"/>
  <testcase name="Add_Tracking_Number" time="0.625" classname="Test_Data_Generation.Add_Tracking_Numbers_To_User"/>
  <testcase name="Add_Tracking_Number" time="0.511" classname="Test_Data_Generation.Add_Tracking_Numbers_To_User"/>
  <testcase name="Add_Tracking_Number" time="0.553" classname="Test_Data_Generation.Add_Tracking_Numbers_To_User"/>
  <testcase name="Add_Tracking_Number" time="0.533" classname="Test_Data_Generation.Add_Tracking_Numbers_To_User"/>
  <testcase name="Add_Tracking_Number" time="0.543" classname="Test_Data_Generation.Add_Tracking_Numbers_To_User"/>
  <testcase name="Add_Tracking_Number" time="0.550" classname="Test_Data_Generation.Add_Tracking_Numbers_To_User"/>
  <testcase name="Add_Tracking_Number" time="0.612" classname="Test_Data_Generation.Add_Tracking_Numbers_To_User"/>
  <testcase name="Add_Tracking_Number" time="0.652" classname="Test_Data_Generation.Add_Tracking_Numbers_To_User"/>
  <testcase name="Add_Tracking_Number" time="0.526" classname="Test_Data_Generation.Add_Tracking_Numbers_To_User"/>
  <testcase name="Add_Tracking_Number" time="0.551" classname="Test_Data_Generation.Add_Tracking_Numbers_To_User"/>
  <testcase name="Add_Tracking_Number" time="0.546" classname="Test_Data_Generation.Add_Tracking_Numbers_To_User"/>
  <testcase name="Add_Tracking_Number" time="0.548" classname="Test_Data_Generation.Add_Tracking_Numbers_To_User"/>
  <testcase name="Add_Tracking_Number" time="0.596" classname="Test_Data_Generation.Add_Tracking_Numbers_To_User"/>
  <testcase name="Add_Tracking_Number" time="0.512" classname="Test_Data_Generation.Add_Tracking_Numbers_To_User"/>
  <testcase name="Add_Tracking_Number" time="0.645" classname="Test_Data_Generation.Add_Tracking_Numbers_To_User"/>
  <testcase name="Add_Tracking_Number" time="0.523" classname="Test_Data_Generation.Add_Tracking_Numbers_To_User"/>
  <testcase name="Add_Tracking_Number" time="0.626" classname="Test_Data_Generation.Add_Tracking_Numbers_To_User"/>
  <testcase name="Add_Tracking_Number" time="0.528" classname="Test_Data_Generation.Add_Tracking_Numbers_To_User"/>
  <testcase name="Add_Tracking_Number" time="0.613" classname="Test_Data_Generation.Add_Tracking_Numbers_To_User"/>
  <testcase name="Add_Tracking_Number" time="0.621" classname="Test_Data_Generation.Add_Tracking_Numbers_To_User"/>
  <testcase name="Add_Tracking_Number" time="0.661" classname="Test_Data_Generation.Add_Tracking_Numbers_To_User"/>
  <testcase name="Add_Tracking_Number" time="0.059" classname="Test_Data_Generation.Add_Tracking_Numbers_To_User"/>
  <testcase name="Add_Tracking_Number" time="0.551" classname="Test_Data_Generation.Add_Tracking_Numbers_To_User"/>
  <testcase name="Add_Tracking_Number" time="0.582" classname="Test_Data_Generation.Add_Tracking_Numbers_To_User"/>
  <testcase name="Add_Tracking_Number" time="0.563" classname="Test_Data_Generation.Add_Tracking_Numbers_To_User"/>
  <testcase name="Add_Tracking_Number" time="0.803" classname="Test_Data_Generation.Add_Tracking_Numbers_To_User"/>
  <testcase name="Add_Tracking_Number" time="0.469" classname="Test_Data_Generation.Add_Tracking_Numbers_To_User"/>
  <testcase name="Add_Tracking_Number" time="0.619" classname="Test_Data_Generation.Add_Tracking_Numbers_To_User"/>
  <testcase name="Add_Tracking_Number" time="0.494" classname="Test_Data_Generation.Add_Tracking_Numbers_To_User"/>
  <testcase name="Add_Tracking_Number" time="0.470" classname="Test_Data_Generation.Add_Tracking_Numbers_To_User"/>
  <testcase name="Add_Tracking_Number" time="0.589" classname="Test_Data_Generation.Add_Tracking_Numbers_To_User"/>
  <testcase name="Add_Tracking_Number" time="0.514" classname="Test_Data_Generation.Add_Tracking_Numbers_To_User"/>
  <testcase name="Add_Tracking_Number" time="0.607" classname="Test_Data_Generation.Add_Tracking_Numbers_To_User"/>
  <testcase name="Add_Tracking_Number" time="0.510" classname="Test_Data_Generation.Add_Tracking_Numbers_To_User"/>
  <testcase name="Add_Tracking_Number" time="0.690" classname="Test_Data_Generation.Add_Tracking_Numbers_To_User"/>
  <testcase name="Add_Tracking_Number" time="0.486" classname="Test_Data_Generation.Add_Tracking_Numbers_To_User"/>
  <testcase name="Add_Tracking_Number" time="0.610" classname="Test_Data_Generation.Add_Tracking_Numbers_To_User"/>
  <testcase name="Add_Tracking_Number" time="0.489" classname="Test_Data_Generation.Add_Tracking_Numbers_To_User"/>
  <testcase name="Add_Tracking_Number" time="0.502" classname="Test_Data_Generation.Add_Tracking_Numbers_To_User"/>
  <testcase name="Add_Tracking_Number" time="0.571" classname="Test_Data_Generation.Add_Tracking_Numbers_To_User"/>
  <testcase name="Add_Tracking_Number" time="0.757" classname="Test_Data_Generation.Add_Tracking_Numbers_To_User"/>
  <testcase name="Add_Tracking_Number" time="0.597" classname="Test_Data_Generation.Add_Tracking_Numbers_To_User"/>
  <testcase name="Add_Tracking_Number" time="0.493" classname="Test_Data_Generation.Add_Tracking_Numbers_To_User"/>
  <testcase name="Add_Tracking_Number" time="0.552" classname="Test_Data_Generation.Add_Tracking_Numbers_To_User"/>
  <testcase name="Add_Tracking_Number" time="0.523" classname="Test_Data_Generation.Add_Tracking_Numbers_To_User"/>
  <testcase name="Add_Tracking_Number" time="0.564" classname="Test_Data_Generation.Add_Tracking_Numbers_To_User"/>
  <testcase name="Add_Tracking_Number" time="0.505" classname="Test_Data_Generation.Add_Tracking_Numbers_To_User"/>
  <testcase name="Add_Tracking_Number" time="0.653" classname="Test_Data_Generation.Add_Tracking_Numbers_To_User"/>
  <testcase name="Add_Tracking_Number" time="0.553" classname="Test_Data_Generation.Add_Tracking_Numbers_To_User"/>
  <testcase name="Add_Tracking_Number" time="0.509" classname="Test_Data_Generation.Add_Tracking_Numbers_To_User"/>
  <testcase name="Add_Tracking_Number" time="0.614" classname="Test_Data_Generation.Add_Tracking_Numbers_To_User"/>
  <testcase name="Add_Tracking_Number" time="0.545" classname="Test_Data_Generation.Add_Tracking_Numbers_To_User"/>
  <testcase name="Add_Tracking_Number" time="0.539" classname="Test_Data_Generation.Add_Tracking_Numbers_To_User"/>
  <testcase name="Add_Tracking_Number" time="0.461" classname="Test_Data_Generation.Add_Tracking_Numbers_To_User"/>
  <testcase name="Add_Tracking_Number" time="0.449" classname="Test_Data_Generation.Add_Tracking_Numbers_To_User"/>
  <testcase name="Add_Tracking_Number" time="0.602" classname="Test_Data_Generation.Add_Tracking_Numbers_To_User"/>
  <testcase name="Add_Tracking_Number" time="0.776" classname="Test_Data_Generation.Add_Tracking_Numbers_To_User"/>
  <testcase name="Add_Tracking_Number" time="0.547" classname="Test_Data_Generation.Add_Tracking_Numbers_To_User"/>
  <testcase name="Add_Tracking_Number" time="0.479" classname="Test_Data_Generation.Add_Tracking_Numbers_To_User"/>
  <testcase name="Add_Tracking_Number" time="0.641" classname="Test_Data_Generation.Add_Tracking_Numbers_To_User"/>
  <testcase name="Add_Tracking_Number" time="0.558" classname="Test_Data_Generation.Add_Tracking_Numbers_To_User"/>
  <testcase name="Add_Tracking_Number" time="0.508" classname="Test_Data_Generation.Add_Tracking_Numbers_To_User"/>
  <testcase name="Add_Tracking_Number" time="0.471" classname="Test_Data_Generation.Add_Tracking_Numbers_To_User"/>
  <testcase name="Add_Tracking_Number" time="0.741" classname="Test_Data_Generation.Add_Tracking_Numbers_To_User"/>
  <testcase name="Add_Tracking_Number" time="0.459" classname="Test_Data_Generation.Add_Tracking_Numbers_To_User"/>
  <testcase name="Add_Tracking_Number" time="0.714" classname="Test_Data_Generation.Add_Tracking_Numbers_To_User"/>
  <testcase name="Add_Tracking_Number" time="0.685" classname="Test_Data_Generation.Add_Tracking_Numbers_To_User"/>
  <testcase name="Add_Tracking_Number" time="0.530" classname="Test_Data_Generation.Add_Tracking_Numbers_To_User"/>
  <testcase name="Add_Tracking_Number" time="0.652" classname="Test_Data_Generation.Add_Tracking_Numbers_To_User"/>
  <testcase name="Add_Tracking_Number" time="0.502" classname="Test_Data_Generation.Add_Tracking_Numbers_To_User"/>
  <testcase name="Add_Tracking_Number" time="0.580" classname="Test_Data_Generation.Add_Tracking_Numbers_To_User"/>
  <testcase name="Add_Tracking_Number" time="0.496" classname="Test_Data_Generation.Add_Tracking_Numbers_To_User"/>
  <testcase name="Add_Tracking_Number" time="0.480" classname="Test_Data_Generation.Add_Tracking_Numbers_To_User"/>
  <testcase name="Add_Tracking_Number" time="0.785" classname="Test_Data_Generation.Add_Tracking_Numbers_To_User"/>
  <testcase name="Add_Tracking_Number" time="0.495" classname="Test_Data_Generation.Add_Tracking_Numbers_To_User"/>
  <testcase name="Add_Tracking_Number" time="0.578" classname="Test_Data_Generation.Add_Tracking_Numbers_To_User"/>
  <testcase name="Add_Tracking_Number" time="0.513" classname="Test_Data_Generation.Add_Tracking_Numbers_To_User"/>
  <testcase name="Add_Tracking_Number" time="0.488" classname="Test_Data_Generation.Add_Tracking_Numbers_To_User"/>
  <testcase name="Add_Tracking_Number" time="0.716" classname="Test_Data_Generation.Add_Tracking_Numbers_To_User"/>
  <testcase name="Add_Tracking_Number" time="0.576" classname="Test_Data_Generation.Add_Tracking_Numbers_To_User"/>
  <testcase name="Add_Tracking_Number" time="0.540" classname="Test_Data_Generation.Add_Tracking_Numbers_To_User"/>
  <testcase name="Add_Tracking_Number" time="0.502" classname="Test_Data_Generation.Add_Tracking_Numbers_To_User"/>
  <testcase name="Add_Tracking_Number" time="0.479" classname="Test_Data_Generation.Add_Tracking_Numbers_To_User"/>
  <testcase name="Add_Tracking_Number" time="0.480" classname="Test_Data_Generation.Add_Tracking_Numbers_To_User"/>
  <testcase name="Add_Tracking_Number" time="0.491" classname="Test_Data_Generation.Add_Tracking_Numbers_To_User"/>
  <testcase name="Add_Tracking_Number" time="0.546" classname="Test_Data_Generation.Add_Tracking_Numbers_To_User"/>
  <testcase name="Add_Tracking_Number" time="0.520" classname="Test_Data_Generation.Add_Tracking_Numbers_To_User"/>
  <testcase name="Add_Tracking_Number" time="0.475" classname="Test_Data_Generation.Add_Tracking_Numbers_To_User"/>
  <testcase name="Add_Tracking_Number" time="0.527" classname="Test_Data_Generation.Add_Tracking_Numbers_To_User"/>
  <testcase name="Add_Tracking_Number" time="0.174" classname="Test_Data_Generation.Add_Tracking_Numbers_To_User"/>
  <testcase name="Add_Tracking_Number" time="0.638" classname="Test_Data_Generation.Add_Tracking_Numbers_To_User"/>
  <testcase name="Add_Tracking_Number" time="0.503" classname="Test_Data_Generation.Add_Tracking_Numbers_To_User"/>
  <testcase name="Add_Tracking_Number" time="0.512" classname="Test_Data_Generation.Add_Tracking_Numbers_To_User"/>
  <testcase name="Add_Tracking_Number" time="0.634" classname="Test_Data_Generation.Add_Tracking_Numbers_To_User"/>
  <testcase name="Add_Tracking_Number" time="0.179" classname="Test_Data_Generation.Add_Tracking_Numbers_To_User"/>
  <testcase name="Add_Tracking_Number" time="1.162" classname="Test_Data_Generation.Add_Tracking_Numbers_To_User"/>
  <testcase name="Add_Tracking_Number" time="0.507" classname="Test_Data_Generation.Add_Tracking_Numbers_To_User"/>
  <testcase name="Add_Tracking_Number" time="0.459" classname="Test_Data_Generation.Add_Tracking_Numbers_To_User"/>
  <testcase name="Add_Tracking_Number" time="0.538" classname="Test_Data_Generation.Add_Tracking_Numbers_To_User"/>
  <testcase name="Add_Tracking_Number" time="0.500" classname="Test_Data_Generation.Add_Tracking_Numbers_To_User"/>
  <testcase name="Add_Tracking_Number" time="0.694" classname="Test_Data_Generation.Add_Tracking_Numbers_To_User"/>
  <testcase name="Add_Tracking_Number" time="0.578" classname="Test_Data_Generation.Add_Tracking_Numbers_To_User"/>
  <testcase name="Add_Tracking_Number" time="1.043" classname="Test_Data_Generation.Add_Tracking_Numbers_To_User"/>
  <testcase name="Add_Tracking_Number" time="0.595" classname="Test_Data_Generation.Add_Tracking_Numbers_To_User"/>
  <testcase name="Add_Tracking_Number" time="0.277" classname="Test_Data_Generation.Add_Tracking_Numbers_To_User"/>
  <testcase name="Add_Tracking_Number" time="0.601" classname="Test_Data_Generation.Add_Tracking_Numbers_To_User"/>
  <testcase name="Add_Tracking_Number" time="0.515" classname="Test_Data_Generation.Add_Tracking_Numbers_To_User"/>
  <testcase name="Add_Tracking_Number" time="0.534" classname="Test_Data_Generation.Add_Tracking_Numbers_To_User"/>
  <testcase name="Add_Tracking_Number" time="0.515" classname="Test_Data_Generation.Add_Tracking_Numbers_To_User"/>
  <testcase name="Add_Tracking_Number" time="0.528" classname="Test_Data_Generation.Add_Tracking_Numbers_To_User"/>
  <testcase name="Add_Tracking_Number" time="0.490" classname="Test_Data_Generation.Add_Tracking_Numbers_To_User"/>
  <testcase name="Add_Tracking_Number" time="0.474" classname="Test_Data_Generation.Add_Tracking_Numbers_To_User"/>
  <testcase name="Add_Tracking_Number" time="0.587" classname="Test_Data_Generation.Add_Tracking_Numbers_To_User"/>
  <testcase name="Add_Tracking_Number" time="0.698" classname="Test_Data_Generation.Add_Tracking_Numbers_To_User"/>
  <testcase name="Add_Tracking_Number" time="0.528" classname="Test_Data_Generation.Add_Tracking_Numbers_To_User"/>
  <testcase name="Add_Tracking_Number" time="0.543" classname="Test_Data_Generation.Add_Tracking_Numbers_To_User"/>
  <testcase name="Add_Tracking_Number" time="0.559" classname="Test_Data_Generation.Add_Tracking_Numbers_To_User"/>
  <testcase name="Add_Tracking_Number" time="0.483" classname="Test_Data_Generation.Add_Tracking_Numbers_To_User"/>
  <testcase name="Add_Tracking_Number" time="0.555" classname="Test_Data_Generation.Add_Tracking_Numbers_To_User"/>
  <testcase name="Add_Tracking_Number" time="0.655" classname="Test_Data_Generation.Add_Tracking_Numbers_To_User"/>
  <testcase name="Add_Tracking_Number" time="0.512" classname="Test_Data_Generation.Add_Tracking_Numbers_To_User"/>
  <testcase name="Add_Tracking_Number" time="0.571" classname="Test_Data_Generation.Add_Tracking_Numbers_To_User"/>
  <testcase name="Add_Tracking_Number" time="0.467" classname="Test_Data_Generation.Add_Tracking_Numbers_To_User"/>
  <testcase name="Add_Tracking_Number" time="0.576" classname="Test_Data_Generation.Add_Tracking_Numbers_To_User"/>
  <testcase name="Add_Tracking_Number" time="0.467" classname="Test_Data_Generation.Add_Tracking_Numbers_To_User">
    <failure type="java.lang.AssertionError" message="
Expected: a string containing &quot;{\&quot;successful\&quot;:true&quot;
     but: was &quot;{&quot;ShipmentOptionResponse&quot;:{&quot;successful&quot;:false,&quot;errorList&quot;:[{&quot;code&quot;:&quot;2997&quot;,&quot;message&quot;:&quot;TRAQS connection/request problem&quot;,&quot;source&quot;:null,&quot;rootCause&quot;:null}],&quot;alerts&quot;:null,&quot;cxsalerts&quot;:null}}&quot;">
      <![CDATA[java.lang.AssertionError: 
Expected: a string containing "{\"successful\":true"
     but: was "{"ShipmentOptionResponse":{"successful":false,"errorList":[{"code":"2997","message":"TRAQS connection/request problem","source":null,"rootCause":null}],"alerts":null,"cxsalerts":null}}"
at org.hamcrest.MatcherAssert.assertThat(MatcherAssert.java:20)
at org.junit.Assert.assertThat(Assert.java:956)
at org.junit.Assert.assertThat(Assert.java:923)
at Test_Data_Generation.Add_Tracking_Numbers_To_User.Add_Tracking_Number(Add_Tracking_Numbers_To_User.java:69)
at sun.reflect.GeneratedMethodAccessor2.invoke(Unknown Source)
at sun.reflect.DelegatingMethodAccessorImpl.invoke(Unknown Source)
at java.lang.reflect.Method.invoke(Unknown Source)
at org.testng.internal.MethodInvocationHelper.invokeMethod(MethodInvocationHelper.java:124)
at org.testng.internal.Invoker.invokeMethod(Invoker.java:580)
at org.testng.internal.Invoker.invokeTestMethod(Invoker.java:716)
at org.testng.internal.TestMethodWithDataProviderMethodWorker.call(TestMethodWithDataProviderMethodWorker.java:71)
at org.testng.internal.TestMethodWithDataProviderMethodWorker.call(TestMethodWithDataProviderMethodWorker.java:14)
at java.util.concurrent.FutureTask.run(Unknown Source)
at java.util.concurrent.Executors$RunnableAdapter.call(Unknown Source)
at java.util.concurrent.FutureTask.run(Unknown Source)
at java.util.concurrent.ThreadPoolExecutor.runWorker(Unknown Source)
at java.util.concurrent.ThreadPoolExecutor$Worker.run(Unknown Source)
at java.lang.Thread.run(Unknown Source)
]]>
    </failure>
  </testcase> <!-- Add_Tracking_Number -->
  <testcase name="Add_Tracking_Number" time="0.648" classname="Test_Data_Generation.Add_Tracking_Numbers_To_User"/>
  <testcase name="Add_Tracking_Number" time="0.496" classname="Test_Data_Generation.Add_Tracking_Numbers_To_User"/>
  <testcase name="Add_Tracking_Number" time="0.545" classname="Test_Data_Generation.Add_Tracking_Numbers_To_User"/>
  <testcase name="Add_Tracking_Number" time="0.603" classname="Test_Data_Generation.Add_Tracking_Numbers_To_User"/>
  <testcase name="Add_Tracking_Number" time="0.508" classname="Test_Data_Generation.Add_Tracking_Numbers_To_User"/>
  <testcase name="Add_Tracking_Number" time="0.505" classname="Test_Data_Generation.Add_Tracking_Numbers_To_User"/>
  <testcase name="Add_Tracking_Number" time="0.046" classname="Test_Data_Generation.Add_Tracking_Numbers_To_User"/>
  <testcase name="Add_Tracking_Number" time="0.543" classname="Test_Data_Generation.Add_Tracking_Numbers_To_User"/>
  <testcase name="Add_Tracking_Number" time="0.559" classname="Test_Data_Generation.Add_Tracking_Numbers_To_User"/>
  <testcase name="Add_Tracking_Number" time="0.563" classname="Test_Data_Generation.Add_Tracking_Numbers_To_User"/>
  <testcase name="Add_Tracking_Number" time="0.543" classname="Test_Data_Generation.Add_Tracking_Numbers_To_User"/>
  <testcase name="Add_Tracking_Number" time="0.456" classname="Test_Data_Generation.Add_Tracking_Numbers_To_User"/>
  <testcase name="Add_Tracking_Number" time="0.617" classname="Test_Data_Generation.Add_Tracking_Numbers_To_User"/>
  <testcase name="Add_Tracking_Number" time="0.446" classname="Test_Data_Generation.Add_Tracking_Numbers_To_User"/>
  <testcase name="Add_Tracking_Number" time="0.529" classname="Test_Data_Generation.Add_Tracking_Numbers_To_User"/>
  <testcase name="Add_Tracking_Number" time="0.693" classname="Test_Data_Generation.Add_Tracking_Numbers_To_User"/>
  <testcase name="Add_Tracking_Number" time="0.539" classname="Test_Data_Generation.Add_Tracking_Numbers_To_User"/>
  <testcase name="Add_Tracking_Number" time="0.604" classname="Test_Data_Generation.Add_Tracking_Numbers_To_User"/>
  <testcase name="Add_Tracking_Number" time="0.516" classname="Test_Data_Generation.Add_Tracking_Numbers_To_User"/>
  <testcase name="Add_Tracking_Number" time="0.628" classname="Test_Data_Generation.Add_Tracking_Numbers_To_User"/>
  <testcase name="Add_Tracking_Number" time="0.537" classname="Test_Data_Generation.Add_Tracking_Numbers_To_User"/>
  <testcase name="Add_Tracking_Number" time="0.558" classname="Test_Data_Generation.Add_Tracking_Numbers_To_User"/>
  <testcase name="Add_Tracking_Number" time="0.466" classname="Test_Data_Generation.Add_Tracking_Numbers_To_User"/>
  <testcase name="Add_Tracking_Number" time="0.481" classname="Test_Data_Generation.Add_Tracking_Numbers_To_User"/>
  <testcase name="Add_Tracking_Number" time="0.538" classname="Test_Data_Generation.Add_Tracking_Numbers_To_User"/>
  <testcase name="Add_Tracking_Number" time="0.709" classname="Test_Data_Generation.Add_Tracking_Numbers_To_User"/>
  <testcase name="Add_Tracking_Number" time="0.451" classname="Test_Data_Generation.Add_Tracking_Numbers_To_User"/>
  <testcase name="Add_Tracking_Number" time="0.607" classname="Test_Data_Generation.Add_Tracking_Numbers_To_User"/>
  <testcase name="Add_Tracking_Number" time="0.497" classname="Test_Data_Generation.Add_Tracking_Numbers_To_User"/>
  <testcase name="Add_Tracking_Number" time="0.523" classname="Test_Data_Generation.Add_Tracking_Numbers_To_User"/>
  <testcase name="Add_Tracking_Number" time="0.529" classname="Test_Data_Generation.Add_Tracking_Numbers_To_User"/>
  <testcase name="Add_Tracking_Number" time="0.503" classname="Test_Data_Generation.Add_Tracking_Numbers_To_User"/>
  <testcase name="Add_Tracking_Number" time="0.708" classname="Test_Data_Generation.Add_Tracking_Numbers_To_User"/>
  <testcase name="Add_Tracking_Number" time="0.582" classname="Test_Data_Generation.Add_Tracking_Numbers_To_User"/>
  <testcase name="Add_Tracking_Number" time="0.551" classname="Test_Data_Generation.Add_Tracking_Numbers_To_User"/>
  <testcase name="Add_Tracking_Number" time="0.622" classname="Test_Data_Generation.Add_Tracking_Numbers_To_User"/>
  <testcase name="Add_Tracking_Number" time="0.514" classname="Test_Data_Generation.Add_Tracking_Numbers_To_User"/>
  <testcase name="Add_Tracking_Number" time="0.551" classname="Test_Data_Generation.Add_Tracking_Numbers_To_User"/>
  <testcase name="Add_Tracking_Number" time="0.551" classname="Test_Data_Generation.Add_Tracking_Numbers_To_User"/>
  <testcase name="Add_Tracking_Number" time="0.525" classname="Test_Data_Generation.Add_Tracking_Numbers_To_User"/>
  <testcase name="Add_Tracking_Number" time="0.561" classname="Test_Data_Generation.Add_Tracking_Numbers_To_User"/>
  <testcase name="Add_Tracking_Number" time="0.502" classname="Test_Data_Generation.Add_Tracking_Numbers_To_User"/>
  <testcase name="Add_Tracking_Number" time="0.395" classname="Test_Data_Generation.Add_Tracking_Numbers_To_User"/>
  <testcase name="Add_Tracking_Number" time="0.540" classname="Test_Data_Generation.Add_Tracking_Numbers_To_User"/>
  <testcase name="Add_Tracking_Number" time="0.529" classname="Test_Data_Generation.Add_Tracking_Numbers_To_User"/>
  <testcase name="Add_Tracking_Number" time="0.486" classname="Test_Data_Generation.Add_Tracking_Numbers_To_User"/>
  <testcase name="Add_Tracking_Number" time="0.530" classname="Test_Data_Generation.Add_Tracking_Numbers_To_User"/>
  <testcase name="Add_Tracking_Number" time="0.671" classname="Test_Data_Generation.Add_Tracking_Numbers_To_User"/>
  <testcase name="Add_Tracking_Number" time="0.771" classname="Test_Data_Generation.Add_Tracking_Numbers_To_User"/>
  <testcase name="Add_Tracking_Number" time="0.458" classname="Test_Data_Generation.Add_Tracking_Numbers_To_User"/>
  <testcase name="Add_Tracking_Number" time="0.045" classname="Test_Data_Generation.Add_Tracking_Numbers_To_User"/>
  <testcase name="Add_Tracking_Number" time="0.058" classname="Test_Data_Generation.Add_Tracking_Numbers_To_User"/>
  <testcase name="Add_Tracking_Number" time="0.587" classname="Test_Data_Generation.Add_Tracking_Numbers_To_User"/>
  <testcase name="Add_Tracking_Number" time="1.006" classname="Test_Data_Generation.Add_Tracking_Numbers_To_User"/>
  <testcase name="Add_Tracking_Number" time="0.539" classname="Test_Data_Generation.Add_Tracking_Numbers_To_User"/>
  <testcase name="Add_Tracking_Number" time="0.211" classname="Test_Data_Generation.Add_Tracking_Numbers_To_User"/>
  <testcase name="Add_Tracking_Number" time="0.546" classname="Test_Data_Generation.Add_Tracking_Numbers_To_User"/>
  <testcase name="Add_Tracking_Number" time="0.463" classname="Test_Data_Generation.Add_Tracking_Numbers_To_User"/>
  <testcase name="Add_Tracking_Number" time="0.502" classname="Test_Data_Generation.Add_Tracking_Numbers_To_User"/>
  <testcase name="Add_Tracking_Number" time="0.392" classname="Test_Data_Generation.Add_Tracking_Numbers_To_User"/>
  <testcase name="Add_Tracking_Number" time="0.492" classname="Test_Data_Generation.Add_Tracking_Numbers_To_User"/>
  <testcase name="Add_Tracking_Number" time="0.536" classname="Test_Data_Generation.Add_Tracking_Numbers_To_User"/>
  <testcase name="Add_Tracking_Number" time="0.604" classname="Test_Data_Generation.Add_Tracking_Numbers_To_User"/>
  <testcase name="Add_Tracking_Number" time="0.560" classname="Test_Data_Generation.Add_Tracking_Numbers_To_User"/>
  <testcase name="Add_Tracking_Number" time="0.539" classname="Test_Data_Generation.Add_Tracking_Numbers_To_User"/>
  <testcase name="Add_Tracking_Number" time="0.559" classname="Test_Data_Generation.Add_Tracking_Numbers_To_User"/>
  <testcase name="Add_Tracking_Number" time="0.763" classname="Test_Data_Generation.Add_Tracking_Numbers_To_User"/>
  <testcase name="Add_Tracking_Number" time="0.575" classname="Test_Data_Generation.Add_Tracking_Numbers_To_User"/>
  <testcase name="Add_Tracking_Number" time="0.571" classname="Test_Data_Generation.Add_Tracking_Numbers_To_User"/>
  <testcase name="Add_Tracking_Number" time="0.515" classname="Test_Data_Generation.Add_Tracking_Numbers_To_User"/>
  <testcase name="Add_Tracking_Number" time="0.511" classname="Test_Data_Generation.Add_Tracking_Numbers_To_User"/>
  <testcase name="Add_Tracking_Number" time="0.491" classname="Test_Data_Generation.Add_Tracking_Numbers_To_User"/>
  <testcase name="Add_Tracking_Number" time="0.566" classname="Test_Data_Generation.Add_Tracking_Numbers_To_User"/>
  <testcase name="Add_Tracking_Number" time="0.214" classname="Test_Data_Generation.Add_Tracking_Numbers_To_User"/>
  <testcase name="Add_Tracking_Number" time="0.606" classname="Test_Data_Generation.Add_Tracking_Numbers_To_User"/>
  <testcase name="Add_Tracking_Number" time="0.514" classname="Test_Data_Generation.Add_Tracking_Numbers_To_User"/>
  <testcase name="Add_Tracking_Number" time="0.551" classname="Test_Data_Generation.Add_Tracking_Numbers_To_User"/>
  <testcase name="Add_Tracking_Number" time="0.571" classname="Test_Data_Generation.Add_Tracking_Numbers_To_User"/>
  <testcase name="Add_Tracking_Number" time="0.475" classname="Test_Data_Generation.Add_Tracking_Numbers_To_User"/>
  <testcase name="Add_Tracking_Number" time="0.613" classname="Test_Data_Generation.Add_Tracking_Numbers_To_User"/>
  <testcase name="Add_Tracking_Number" time="0.583" classname="Test_Data_Generation.Add_Tracking_Numbers_To_User"/>
  <testcase name="Add_Tracking_Number" time="0.482" classname="Test_Data_Generation.Add_Tracking_Numbers_To_User"/>
  <testcase name="Add_Tracking_Number" time="0.618" classname="Test_Data_Generation.Add_Tracking_Numbers_To_User"/>
  <testcase name="Add_Tracking_Number" time="0.611" classname="Test_Data_Generation.Add_Tracking_Numbers_To_User"/>
  <testcase name="Add_Tracking_Number" time="0.463" classname="Test_Data_Generation.Add_Tracking_Numbers_To_User"/>
  <testcase name="Add_Tracking_Number" time="0.543" classname="Test_Data_Generation.Add_Tracking_Numbers_To_User"/>
  <testcase name="Add_Tracking_Number" time="0.492" classname="Test_Data_Generation.Add_Tracking_Numbers_To_User"/>
  <testcase name="Add_Tracking_Number" time="0.611" classname="Test_Data_Generation.Add_Tracking_Numbers_To_User"/>
  <testcase name="Add_Tracking_Number" time="0.673" classname="Test_Data_Generation.Add_Tracking_Numbers_To_User"/>
  <testcase name="Add_Tracking_Number" time="0.498" classname="Test_Data_Generation.Add_Tracking_Numbers_To_User"/>
  <testcase name="Add_Tracking_Number" time="0.045" classname="Test_Data_Generation.Add_Tracking_Numbers_To_User"/>
  <testcase name="Add_Tracking_Number" time="0.500" classname="Test_Data_Generation.Add_Tracking_Numbers_To_User"/>
  <testcase name="Add_Tracking_Number" time="0.515" classname="Test_Data_Generation.Add_Tracking_Numbers_To_User"/>
  <testcase name="Add_Tracking_Number" time="0.520" classname="Test_Data_Generation.Add_Tracking_Numbers_To_User"/>
  <testcase name="Add_Tracking_Number" time="0.533" classname="Test_Data_Generation.Add_Tracking_Numbers_To_User"/>
  <testcase name="Add_Tracking_Number" time="0.601" classname="Test_Data_Generation.Add_Tracking_Numbers_To_User"/>
  <testcase name="Add_Tracking_Number" time="0.701" classname="Test_Data_Generation.Add_Tracking_Numbers_To_User"/>
  <testcase name="Add_Tracking_Number" time="0.637" classname="Test_Data_Generation.Add_Tracking_Numbers_To_User"/>
  <testcase name="Add_Tracking_Number" time="0.512" classname="Test_Data_Generation.Add_Tracking_Numbers_To_User"/>
  <testcase name="Add_Tracking_Number" time="0.659" classname="Test_Data_Generation.Add_Tracking_Numbers_To_User"/>
  <testcase name="Add_Tracking_Number" time="0.618" classname="Test_Data_Generation.Add_Tracking_Numbers_To_User"/>
  <testcase name="Add_Tracking_Number" time="0.591" classname="Test_Data_Generation.Add_Tracking_Numbers_To_User"/>
  <testcase name="Add_Tracking_Number" time="0.533" classname="Test_Data_Generation.Add_Tracking_Numbers_To_User"/>
  <testcase name="Add_Tracking_Number" time="0.618" classname="Test_Data_Generation.Add_Tracking_Numbers_To_User"/>
  <testcase name="Add_Tracking_Number" time="0.439" classname="Test_Data_Generation.Add_Tracking_Numbers_To_User"/>
  <testcase name="Add_Tracking_Number" time="0.263" classname="Test_Data_Generation.Add_Tracking_Numbers_To_User"/>
  <testcase name="Add_Tracking_Number" time="0.483" classname="Test_Data_Generation.Add_Tracking_Numbers_To_User"/>
  <testcase name="Add_Tracking_Number" time="0.554" classname="Test_Data_Generation.Add_Tracking_Numbers_To_User"/>
  <testcase name="Add_Tracking_Number" time="0.463" classname="Test_Data_Generation.Add_Tracking_Numbers_To_User"/>
  <testcase name="Add_Tracking_Number" time="0.608" classname="Test_Data_Generation.Add_Tracking_Numbers_To_User"/>
  <testcase name="Add_Tracking_Number" time="0.509" classname="Test_Data_Generation.Add_Tracking_Numbers_To_User"/>
  <testcase name="Add_Tracking_Number" time="0.532" classname="Test_Data_Generation.Add_Tracking_Numbers_To_User"/>
  <testcase name="Add_Tracking_Number" time="0.444" classname="Test_Data_Generation.Add_Tracking_Numbers_To_User"/>
  <testcase name="Add_Tracking_Number" time="0.569" classname="Test_Data_Generation.Add_Tracking_Numbers_To_User"/>
  <testcase name="Add_Tracking_Number" time="0.551" classname="Test_Data_Generation.Add_Tracking_Numbers_To_User"/>
  <testcase name="Add_Tracking_Number" time="0.558" classname="Test_Data_Generation.Add_Tracking_Numbers_To_User"/>
  <testcase name="Add_Tracking_Number" time="0.582" classname="Test_Data_Generation.Add_Tracking_Numbers_To_User"/>
  <testcase name="Add_Tracking_Number" time="0.626" classname="Test_Data_Generation.Add_Tracking_Numbers_To_User"/>
  <testcase name="Add_Tracking_Number" time="0.576" classname="Test_Data_Generation.Add_Tracking_Numbers_To_User"/>
  <testcase name="Add_Tracking_Number" time="0.603" classname="Test_Data_Generation.Add_Tracking_Numbers_To_User"/>
  <testcase name="Add_Tracking_Number" time="0.675" classname="Test_Data_Generation.Add_Tracking_Numbers_To_User"/>
  <testcase name="Add_Tracking_Number" time="0.773" classname="Test_Data_Generation.Add_Tracking_Numbers_To_User"/>
  <testcase name="Add_Tracking_Number" time="0.544" classname="Test_Data_Generation.Add_Tracking_Numbers_To_User"/>
  <testcase name="Add_Tracking_Number" time="0.519" classname="Test_Data_Generation.Add_Tracking_Numbers_To_User"/>
  <testcase name="Add_Tracking_Number" time="0.565" classname="Test_Data_Generation.Add_Tracking_Numbers_To_User"/>
  <testcase name="Add_Tracking_Number" time="0.511" classname="Test_Data_Generation.Add_Tracking_Numbers_To_User"/>
  <testcase name="Add_Tracking_Number" time="0.505" classname="Test_Data_Generation.Add_Tracking_Numbers_To_User"/>
  <testcase name="Add_Tracking_Number" time="0.527" classname="Test_Data_Generation.Add_Tracking_Numbers_To_User"/>
  <testcase name="Add_Tracking_Number" time="0.458" classname="Test_Data_Generation.Add_Tracking_Numbers_To_User"/>
  <testcase name="Add_Tracking_Number" time="0.493" classname="Test_Data_Generation.Add_Tracking_Numbers_To_User"/>
  <testcase name="Add_Tracking_Number" time="0.571" classname="Test_Data_Generation.Add_Tracking_Numbers_To_User"/>
  <testcase name="Add_Tracking_Number" time="0.546" classname="Test_Data_Generation.Add_Tracking_Numbers_To_User"/>
  <testcase name="Add_Tracking_Number" time="0.552" classname="Test_Data_Generation.Add_Tracking_Numbers_To_User"/>
  <testcase name="Add_Tracking_Number" time="0.504" classname="Test_Data_Generation.Add_Tracking_Numbers_To_User"/>
  <testcase name="Add_Tracking_Number" time="0.536" classname="Test_Data_Generation.Add_Tracking_Numbers_To_User"/>
  <testcase name="Add_Tracking_Number" time="0.557" classname="Test_Data_Generation.Add_Tracking_Numbers_To_User"/>
  <testcase name="Add_Tracking_Number" time="0.264" classname="Test_Data_Generation.Add_Tracking_Numbers_To_User"/>
  <testcase name="Add_Tracking_Number" time="0.560" classname="Test_Data_Generation.Add_Tracking_Numbers_To_User"/>
  <testcase name="Add_Tracking_Number" time="0.472" classname="Test_Data_Generation.Add_Tracking_Numbers_To_User"/>
  <testcase name="Add_Tracking_Number" time="0.564" classname="Test_Data_Generation.Add_Tracking_Numbers_To_User"/>
  <testcase name="Add_Tracking_Number" time="0.683" classname="Test_Data_Generation.Add_Tracking_Numbers_To_User"/>
  <testcase name="Add_Tracking_Number" time="0.574" classname="Test_Data_Generation.Add_Tracking_Numbers_To_User"/>
  <testcase name="Add_Tracking_Number" time="0.499" classname="Test_Data_Generation.Add_Tracking_Numbers_To_User"/>
  <testcase name="Add_Tracking_Number" time="0.544" classname="Test_Data_Generation.Add_Tracking_Numbers_To_User"/>
  <testcase name="Add_Tracking_Number" time="0.623" classname="Test_Data_Generation.Add_Tracking_Numbers_To_User"/>
  <testcase name="Add_Tracking_Number" time="0.610" classname="Test_Data_Generation.Add_Tracking_Numbers_To_User"/>
  <testcase name="Add_Tracking_Number" time="0.792" classname="Test_Data_Generation.Add_Tracking_Numbers_To_User"/>
  <testcase name="Add_Tracking_Number" time="0.516" classname="Test_Data_Generation.Add_Tracking_Numbers_To_User"/>
  <testcase name="Add_Tracking_Number" time="0.547" classname="Test_Data_Generation.Add_Tracking_Numbers_To_User"/>
  <testcase name="Add_Tracking_Number" time="0.452" classname="Test_Data_Generation.Add_Tracking_Numbers_To_User"/>
  <testcase name="Add_Tracking_Number" time="0.543" classname="Test_Data_Generation.Add_Tracking_Numbers_To_User"/>
  <testcase name="Add_Tracking_Number" time="0.462" classname="Test_Data_Generation.Add_Tracking_Numbers_To_User"/>
  <testcase name="Add_Tracking_Number" time="0.879" classname="Test_Data_Generation.Add_Tracking_Numbers_To_User"/>
  <testcase name="Add_Tracking_Number" time="0.467" classname="Test_Data_Generation.Add_Tracking_Numbers_To_User"/>
  <testcase name="Add_Tracking_Number" time="0.660" classname="Test_Data_Generation.Add_Tracking_Numbers_To_User"/>
  <testcase name="Add_Tracking_Number" time="0.530" classname="Test_Data_Generation.Add_Tracking_Numbers_To_User"/>
  <testcase name="Add_Tracking_Number" time="0.499" classname="Test_Data_Generation.Add_Tracking_Numbers_To_User"/>
  <testcase name="Add_Tracking_Number" time="0.581" classname="Test_Data_Generation.Add_Tracking_Numbers_To_User"/>
  <testcase name="Add_Tracking_Number" time="0.496" classname="Test_Data_Generation.Add_Tracking_Numbers_To_User"/>
  <testcase name="Add_Tracking_Number" time="0.613" classname="Test_Data_Generation.Add_Tracking_Numbers_To_User"/>
  <testcase name="Add_Tracking_Number" time="0.671" classname="Test_Data_Generation.Add_Tracking_Numbers_To_User"/>
  <testcase name="Add_Tracking_Number" time="0.495" classname="Test_Data_Generation.Add_Tracking_Numbers_To_User"/>
  <testcase name="Add_Tracking_Number" time="0.532" classname="Test_Data_Generation.Add_Tracking_Numbers_To_User"/>
  <testcase name="Add_Tracking_Number" time="0.555" classname="Test_Data_Generation.Add_Tracking_Numbers_To_User"/>
  <testcase name="Add_Tracking_Number" time="0.514" classname="Test_Data_Generation.Add_Tracking_Numbers_To_User"/>
  <testcase name="Add_Tracking_Number" time="0.544" classname="Test_Data_Generation.Add_Tracking_Numbers_To_User"/>
  <testcase name="Add_Tracking_Number" time="0.728" classname="Test_Data_Generation.Add_Tracking_Numbers_To_User"/>
  <testcase name="Add_Tracking_Number" time="0.519" classname="Test_Data_Generation.Add_Tracking_Numbers_To_User"/>
  <testcase name="Add_Tracking_Number" time="0.569" classname="Test_Data_Generation.Add_Tracking_Numbers_To_User"/>
  <testcase name="Add_Tracking_Number" time="0.548" classname="Test_Data_Generation.Add_Tracking_Numbers_To_User"/>
  <testcase name="Add_Tracking_Number" time="0.516" classname="Test_Data_Generation.Add_Tracking_Numbers_To_User"/>
  <testcase name="Add_Tracking_Number" time="0.498" classname="Test_Data_Generation.Add_Tracking_Numbers_To_User"/>
  <testcase name="Add_Tracking_Number" time="0.554" classname="Test_Data_Generation.Add_Tracking_Numbers_To_User"/>
  <testcase name="Add_Tracking_Number" time="0.690" classname="Test_Data_Generation.Add_Tracking_Numbers_To_User"/>
  <testcase name="Add_Tracking_Number" time="0.517" classname="Test_Data_Generation.Add_Tracking_Numbers_To_User">
    <failure type="java.lang.AssertionError" message="
Expected: a string containing &quot;{\&quot;successful\&quot;:true&quot;
     but: was &quot;{&quot;ShipmentOptionResponse&quot;:{&quot;successful&quot;:false,&quot;errorList&quot;:[{&quot;code&quot;:&quot;2997&quot;,&quot;message&quot;:&quot;TRAQS connection/request problem&quot;,&quot;source&quot;:null,&quot;rootCause&quot;:null}],&quot;alerts&quot;:null,&quot;cxsalerts&quot;:null}}&quot;">
      <![CDATA[java.lang.AssertionError: 
Expected: a string containing "{\"successful\":true"
     but: was "{"ShipmentOptionResponse":{"successful":false,"errorList":[{"code":"2997","message":"TRAQS connection/request problem","source":null,"rootCause":null}],"alerts":null,"cxsalerts":null}}"
at org.hamcrest.MatcherAssert.assertThat(MatcherAssert.java:20)
at org.junit.Assert.assertThat(Assert.java:956)
at org.junit.Assert.assertThat(Assert.java:923)
at Test_Data_Generation.Add_Tracking_Numbers_To_User.Add_Tracking_Number(Add_Tracking_Numbers_To_User.java:69)
at sun.reflect.GeneratedMethodAccessor2.invoke(Unknown Source)
at sun.reflect.DelegatingMethodAccessorImpl.invoke(Unknown Source)
at java.lang.reflect.Method.invoke(Unknown Source)
at org.testng.internal.MethodInvocationHelper.invokeMethod(MethodInvocationHelper.java:124)
at org.testng.internal.Invoker.invokeMethod(Invoker.java:580)
at org.testng.internal.Invoker.invokeTestMethod(Invoker.java:716)
at org.testng.internal.TestMethodWithDataProviderMethodWorker.call(TestMethodWithDataProviderMethodWorker.java:71)
at org.testng.internal.TestMethodWithDataProviderMethodWorker.call(TestMethodWithDataProviderMethodWorker.java:14)
at java.util.concurrent.FutureTask.run(Unknown Source)
at java.util.concurrent.Executors$RunnableAdapter.call(Unknown Source)
at java.util.concurrent.FutureTask.run(Unknown Source)
at java.util.concurrent.ThreadPoolExecutor.runWorker(Unknown Source)
at java.util.concurrent.ThreadPoolExecutor$Worker.run(Unknown Source)
at java.lang.Thread.run(Unknown Source)
]]>
    </failure>
  </testcase> <!-- Add_Tracking_Number -->
  <testcase name="Add_Tracking_Number" time="0.657" classname="Test_Data_Generation.Add_Tracking_Numbers_To_User"/>
  <testcase name="Add_Tracking_Number" time="0.537" classname="Test_Data_Generation.Add_Tracking_Numbers_To_User"/>
  <testcase name="Add_Tracking_Number" time="0.555" classname="Test_Data_Generation.Add_Tracking_Numbers_To_User"/>
  <testcase name="Add_Tracking_Number" time="0.659" classname="Test_Data_Generation.Add_Tracking_Numbers_To_User"/>
  <testcase name="Add_Tracking_Number" time="0.548" classname="Test_Data_Generation.Add_Tracking_Numbers_To_User"/>
  <testcase name="Add_Tracking_Number" time="0.558" classname="Test_Data_Generation.Add_Tracking_Numbers_To_User"/>
  <testcase name="Add_Tracking_Number" time="0.548" classname="Test_Data_Generation.Add_Tracking_Numbers_To_User"/>
  <testcase name="Add_Tracking_Number" time="0.728" classname="Test_Data_Generation.Add_Tracking_Numbers_To_User"/>
  <testcase name="Add_Tracking_Number" time="0.535" classname="Test_Data_Generation.Add_Tracking_Numbers_To_User"/>
  <testcase name="Add_Tracking_Number" time="0.542" classname="Test_Data_Generation.Add_Tracking_Numbers_To_User"/>
  <testcase name="Add_Tracking_Number" time="0.722" classname="Test_Data_Generation.Add_Tracking_Numbers_To_User"/>
  <testcase name="Add_Tracking_Number" time="0.548" classname="Test_Data_Generation.Add_Tracking_Numbers_To_User"/>
  <testcase name="Add_Tracking_Number" time="0.490" classname="Test_Data_Generation.Add_Tracking_Numbers_To_User"/>
  <testcase name="Add_Tracking_Number" time="0.538" classname="Test_Data_Generation.Add_Tracking_Numbers_To_User"/>
  <testcase name="Add_Tracking_Number" time="0.492" classname="Test_Data_Generation.Add_Tracking_Numbers_To_User"/>
  <testcase name="Add_Tracking_Number" time="0.509" classname="Test_Data_Generation.Add_Tracking_Numbers_To_User"/>
  <testcase name="Add_Tracking_Number" time="0.535" classname="Test_Data_Generation.Add_Tracking_Numbers_To_User"/>
  <testcase name="Add_Tracking_Number" time="0.752" classname="Test_Data_Generation.Add_Tracking_Numbers_To_User"/>
  <testcase name="Add_Tracking_Number" time="0.534" classname="Test_Data_Generation.Add_Tracking_Numbers_To_User"/>
  <testcase name="Add_Tracking_Number" time="0.490" classname="Test_Data_Generation.Add_Tracking_Numbers_To_User"/>
  <testcase name="Add_Tracking_Number" time="0.486" classname="Test_Data_Generation.Add_Tracking_Numbers_To_User"/>
  <testcase name="Add_Tracking_Number" time="0.509" classname="Test_Data_Generation.Add_Tracking_Numbers_To_User"/>
  <testcase name="Add_Tracking_Number" time="0.744" classname="Test_Data_Generation.Add_Tracking_Numbers_To_User"/>
  <testcase name="Add_Tracking_Number" time="0.534" classname="Test_Data_Generation.Add_Tracking_Numbers_To_User"/>
  <testcase name="Add_Tracking_Number" time="4.200" classname="Test_Data_Generation.Add_Tracking_Numbers_To_User"/>
  <testcase name="Add_Tracking_Number" time="0.508" classname="Test_Data_Generation.Add_Tracking_Numbers_To_User"/>
  <testcase name="Add_Tracking_Number" time="0.562" classname="Test_Data_Generation.Add_Tracking_Numbers_To_User"/>
  <testcase name="Add_Tracking_Number" time="0.562" classname="Test_Data_Generation.Add_Tracking_Numbers_To_User"/>
  <testcase name="Add_Tracking_Number" time="0.559" classname="Test_Data_Generation.Add_Tracking_Numbers_To_User"/>
  <testcase name="Add_Tracking_Number" time="0.505" classname="Test_Data_Generation.Add_Tracking_Numbers_To_User"/>
  <testcase name="Add_Tracking_Number" time="0.849" classname="Test_Data_Generation.Add_Tracking_Numbers_To_User"/>
  <testcase name="Add_Tracking_Number" time="0.472" classname="Test_Data_Generation.Add_Tracking_Numbers_To_User"/>
  <testcase name="Add_Tracking_Number" time="0.523" classname="Test_Data_Generation.Add_Tracking_Numbers_To_User"/>
  <testcase name="Add_Tracking_Number" time="0.590" classname="Test_Data_Generation.Add_Tracking_Numbers_To_User"/>
  <testcase name="Add_Tracking_Number" time="0.612" classname="Test_Data_Generation.Add_Tracking_Numbers_To_User"/>
  <testcase name="Add_Tracking_Number" time="0.554" classname="Test_Data_Generation.Add_Tracking_Numbers_To_User"/>
  <testcase name="Add_Tracking_Number" time="0.766" classname="Test_Data_Generation.Add_Tracking_Numbers_To_User"/>
  <testcase name="Add_Tracking_Number" time="0.567" classname="Test_Data_Generation.Add_Tracking_Numbers_To_User"/>
  <testcase name="Add_Tracking_Number" time="0.725" classname="Test_Data_Generation.Add_Tracking_Numbers_To_User"/>
  <testcase name="Add_Tracking_Number" time="0.565" classname="Test_Data_Generation.Add_Tracking_Numbers_To_User"/>
  <testcase name="Add_Tracking_Number" time="0.590" classname="Test_Data_Generation.Add_Tracking_Numbers_To_User"/>
  <testcase name="Add_Tracking_Number" time="0.538" classname="Test_Data_Generation.Add_Tracking_Numbers_To_User"/>
  <testcase name="Add_Tracking_Number" time="0.512" classname="Test_Data_Generation.Add_Tracking_Numbers_To_User"/>
  <testcase name="Add_Tracking_Number" time="0.544" classname="Test_Data_Generation.Add_Tracking_Numbers_To_User"/>
  <testcase name="Add_Tracking_Number" time="0.575" classname="Test_Data_Generation.Add_Tracking_Numbers_To_User"/>
  <testcase name="Add_Tracking_Number" time="0.523" classname="Test_Data_Generation.Add_Tracking_Numbers_To_User"/>
  <testcase name="Add_Tracking_Number" time="0.486" classname="Test_Data_Generation.Add_Tracking_Numbers_To_User"/>
  <testcase name="Add_Tracking_Number" time="0.504" classname="Test_Data_Generation.Add_Tracking_Numbers_To_User"/>
  <testcase name="Add_Tracking_Number" time="0.517" classname="Test_Data_Generation.Add_Tracking_Numbers_To_User"/>
  <testcase name="Add_Tracking_Number" time="0.501" classname="Test_Data_Generation.Add_Tracking_Numbers_To_User"/>
  <testcase name="Add_Tracking_Number" time="0.490" classname="Test_Data_Generation.Add_Tracking_Numbers_To_User"/>
  <testcase name="Add_Tracking_Number" time="0.478" classname="Test_Data_Generation.Add_Tracking_Numbers_To_User"/>
  <testcase name="Add_Tracking_Number" time="0.553" classname="Test_Data_Generation.Add_Tracking_Numbers_To_User"/>
  <testcase name="Add_Tracking_Number" time="0.503" classname="Test_Data_Generation.Add_Tracking_Numbers_To_User"/>
  <testcase name="Add_Tracking_Number" time="0.171" classname="Test_Data_Generation.Add_Tracking_Numbers_To_User"/>
  <testcase name="Add_Tracking_Number" time="0.505" classname="Test_Data_Generation.Add_Tracking_Numbers_To_User"/>
  <testcase name="Add_Tracking_Number" time="0.494" classname="Test_Data_Generation.Add_Tracking_Numbers_To_User"/>
  <testcase name="Add_Tracking_Number" time="0.589" classname="Test_Data_Generation.Add_Tracking_Numbers_To_User"/>
  <testcase name="Add_Tracking_Number" time="0.461" classname="Test_Data_Generation.Add_Tracking_Numbers_To_User"/>
  <testcase name="Add_Tracking_Number" time="0.207" classname="Test_Data_Generation.Add_Tracking_Numbers_To_User"/>
  <testcase name="Add_Tracking_Number" time="0.479" classname="Test_Data_Generation.Add_Tracking_Numbers_To_User"/>
  <testcase name="Add_Tracking_Number" time="0.540" classname="Test_Data_Generation.Add_Tracking_Numbers_To_User"/>
  <testcase name="Add_Tracking_Number" time="0.545" classname="Test_Data_Generation.Add_Tracking_Numbers_To_User"/>
  <testcase name="Add_Tracking_Number" time="0.587" classname="Test_Data_Generation.Add_Tracking_Numbers_To_User"/>
  <testcase name="Add_Tracking_Number" time="0.529" classname="Test_Data_Generation.Add_Tracking_Numbers_To_User"/>
  <testcase name="Add_Tracking_Number" time="0.592" classname="Test_Data_Generation.Add_Tracking_Numbers_To_User"/>
  <testcase name="Add_Tracking_Number" time="0.467" classname="Test_Data_Generation.Add_Tracking_Numbers_To_User">
    <failure type="java.lang.AssertionError" message="
Expected: a string containing &quot;{\&quot;successful\&quot;:true&quot;
     but: was &quot;{&quot;ShipmentOptionResponse&quot;:{&quot;successful&quot;:false,&quot;errorList&quot;:[{&quot;code&quot;:&quot;2997&quot;,&quot;message&quot;:&quot;TRAQS connection/request problem&quot;,&quot;source&quot;:null,&quot;rootCause&quot;:null}],&quot;alerts&quot;:null,&quot;cxsalerts&quot;:null}}&quot;">
      <![CDATA[java.lang.AssertionError: 
Expected: a string containing "{\"successful\":true"
     but: was "{"ShipmentOptionResponse":{"successful":false,"errorList":[{"code":"2997","message":"TRAQS connection/request problem","source":null,"rootCause":null}],"alerts":null,"cxsalerts":null}}"
at org.hamcrest.MatcherAssert.assertThat(MatcherAssert.java:20)
at org.junit.Assert.assertThat(Assert.java:956)
at org.junit.Assert.assertThat(Assert.java:923)
at Test_Data_Generation.Add_Tracking_Numbers_To_User.Add_Tracking_Number(Add_Tracking_Numbers_To_User.java:69)
at sun.reflect.GeneratedMethodAccessor2.invoke(Unknown Source)
at sun.reflect.DelegatingMethodAccessorImpl.invoke(Unknown Source)
at java.lang.reflect.Method.invoke(Unknown Source)
at org.testng.internal.MethodInvocationHelper.invokeMethod(MethodInvocationHelper.java:124)
at org.testng.internal.Invoker.invokeMethod(Invoker.java:580)
at org.testng.internal.Invoker.invokeTestMethod(Invoker.java:716)
at org.testng.internal.TestMethodWithDataProviderMethodWorker.call(TestMethodWithDataProviderMethodWorker.java:71)
at org.testng.internal.TestMethodWithDataProviderMethodWorker.call(TestMethodWithDataProviderMethodWorker.java:14)
at java.util.concurrent.FutureTask.run(Unknown Source)
at java.util.concurrent.Executors$RunnableAdapter.call(Unknown Source)
at java.util.concurrent.FutureTask.run(Unknown Source)
at java.util.concurrent.ThreadPoolExecutor.runWorker(Unknown Source)
at java.util.concurrent.ThreadPoolExecutor$Worker.run(Unknown Source)
at java.lang.Thread.run(Unknown Source)
]]>
    </failure>
  </testcase> <!-- Add_Tracking_Number -->
  <testcase name="Add_Tracking_Number" time="0.536" classname="Test_Data_Generation.Add_Tracking_Numbers_To_User"/>
  <testcase name="Add_Tracking_Number" time="0.527" classname="Test_Data_Generation.Add_Tracking_Numbers_To_User"/>
  <testcase name="Add_Tracking_Number" time="0.606" classname="Test_Data_Generation.Add_Tracking_Numbers_To_User"/>
  <testcase name="Add_Tracking_Number" time="0.584" classname="Test_Data_Generation.Add_Tracking_Numbers_To_User"/>
  <testcase name="Add_Tracking_Number" time="0.492" classname="Test_Data_Generation.Add_Tracking_Numbers_To_User"/>
  <testcase name="Add_Tracking_Number" time="0.604" classname="Test_Data_Generation.Add_Tracking_Numbers_To_User"/>
  <testcase name="Add_Tracking_Number" time="0.554" classname="Test_Data_Generation.Add_Tracking_Numbers_To_User"/>
  <testcase name="Add_Tracking_Number" time="0.521" classname="Test_Data_Generation.Add_Tracking_Numbers_To_User"/>
  <testcase name="Add_Tracking_Number" time="0.695" classname="Test_Data_Generation.Add_Tracking_Numbers_To_User"/>
  <testcase name="Add_Tracking_Number" time="0.543" classname="Test_Data_Generation.Add_Tracking_Numbers_To_User"/>
  <testcase name="Add_Tracking_Number" time="0.617" classname="Test_Data_Generation.Add_Tracking_Numbers_To_User"/>
  <testcase name="Add_Tracking_Number" time="0.494" classname="Test_Data_Generation.Add_Tracking_Numbers_To_User"/>
  <testcase name="Add_Tracking_Number" time="0.501" classname="Test_Data_Generation.Add_Tracking_Numbers_To_User"/>
  <testcase name="Add_Tracking_Number" time="0.513" classname="Test_Data_Generation.Add_Tracking_Numbers_To_User"/>
  <testcase name="Add_Tracking_Number" time="0.551" classname="Test_Data_Generation.Add_Tracking_Numbers_To_User"/>
  <testcase name="Add_Tracking_Number" time="0.580" classname="Test_Data_Generation.Add_Tracking_Numbers_To_User"/>
  <testcase name="Add_Tracking_Number" time="0.558" classname="Test_Data_Generation.Add_Tracking_Numbers_To_User"/>
  <testcase name="Add_Tracking_Number" time="0.514" classname="Test_Data_Generation.Add_Tracking_Numbers_To_User"/>
  <testcase name="Add_Tracking_Number" time="0.558" classname="Test_Data_Generation.Add_Tracking_Numbers_To_User"/>
  <testcase name="Add_Tracking_Number" time="0.587" classname="Test_Data_Generation.Add_Tracking_Numbers_To_User"/>
  <testcase name="Add_Tracking_Number" time="0.585" classname="Test_Data_Generation.Add_Tracking_Numbers_To_User"/>
  <testcase name="Add_Tracking_Number" time="0.523" classname="Test_Data_Generation.Add_Tracking_Numbers_To_User"/>
  <testcase name="Add_Tracking_Number" time="0.583" classname="Test_Data_Generation.Add_Tracking_Numbers_To_User"/>
  <testcase name="Add_Tracking_Number" time="0.571" classname="Test_Data_Generation.Add_Tracking_Numbers_To_User"/>
  <testcase name="Add_Tracking_Number" time="0.663" classname="Test_Data_Generation.Add_Tracking_Numbers_To_User"/>
  <testcase name="Add_Tracking_Number" time="0.507" classname="Test_Data_Generation.Add_Tracking_Numbers_To_User"/>
  <testcase name="Add_Tracking_Number" time="0.551" classname="Test_Data_Generation.Add_Tracking_Numbers_To_User"/>
  <testcase name="Add_Tracking_Number" time="0.627" classname="Test_Data_Generation.Add_Tracking_Numbers_To_User"/>
  <testcase name="Add_Tracking_Number" time="0.672" classname="Test_Data_Generation.Add_Tracking_Numbers_To_User"/>
  <testcase name="Add_Tracking_Number" time="0.594" classname="Test_Data_Generation.Add_Tracking_Numbers_To_User"/>
  <testcase name="Add_Tracking_Number" time="0.491" classname="Test_Data_Generation.Add_Tracking_Numbers_To_User"/>
  <testcase name="Add_Tracking_Number" time="0.674" classname="Test_Data_Generation.Add_Tracking_Numbers_To_User"/>
  <testcase name="Add_Tracking_Number" time="0.578" classname="Test_Data_Generation.Add_Tracking_Numbers_To_User"/>
  <testcase name="Add_Tracking_Number" time="0.548" classname="Test_Data_Generation.Add_Tracking_Numbers_To_User"/>
  <testcase name="Add_Tracking_Number" time="0.586" classname="Test_Data_Generation.Add_Tracking_Numbers_To_User"/>
  <testcase name="Add_Tracking_Number" time="0.208" classname="Test_Data_Generation.Add_Tracking_Numbers_To_User"/>
  <testcase name="Add_Tracking_Number" time="0.454" classname="Test_Data_Generation.Add_Tracking_Numbers_To_User"/>
  <testcase name="Add_Tracking_Number" time="0.486" classname="Test_Data_Generation.Add_Tracking_Numbers_To_User"/>
  <testcase name="Add_Tracking_Number" time="0.484" classname="Test_Data_Generation.Add_Tracking_Numbers_To_User"/>
  <testcase name="Add_Tracking_Number" time="0.647" classname="Test_Data_Generation.Add_Tracking_Numbers_To_User"/>
  <testcase name="Add_Tracking_Number" time="0.535" classname="Test_Data_Generation.Add_Tracking_Numbers_To_User"/>
  <testcase name="Add_Tracking_Number" time="0.590" classname="Test_Data_Generation.Add_Tracking_Numbers_To_User"/>
  <testcase name="Add_Tracking_Number" time="0.505" classname="Test_Data_Generation.Add_Tracking_Numbers_To_User"/>
  <testcase name="Add_Tracking_Number" time="0.249" classname="Test_Data_Generation.Add_Tracking_Numbers_To_User"/>
  <testcase name="Add_Tracking_Number" time="0.527" classname="Test_Data_Generation.Add_Tracking_Numbers_To_User"/>
  <testcase name="Add_Tracking_Number" time="0.498" classname="Test_Data_Generation.Add_Tracking_Numbers_To_User"/>
  <testcase name="Add_Tracking_Number" time="0.563" classname="Test_Data_Generation.Add_Tracking_Numbers_To_User"/>
  <testcase name="Add_Tracking_Number" time="0.454" classname="Test_Data_Generation.Add_Tracking_Numbers_To_User"/>
  <testcase name="Add_Tracking_Number" time="0.615" classname="Test_Data_Generation.Add_Tracking_Numbers_To_User"/>
  <testcase name="Add_Tracking_Number" time="0.641" classname="Test_Data_Generation.Add_Tracking_Numbers_To_User"/>
  <testcase name="Add_Tracking_Number" time="0.608" classname="Test_Data_Generation.Add_Tracking_Numbers_To_User"/>
  <testcase name="Add_Tracking_Number" time="0.439" classname="Test_Data_Generation.Add_Tracking_Numbers_To_User"/>
  <testcase name="Add_Tracking_Number" time="0.645" classname="Test_Data_Generation.Add_Tracking_Numbers_To_User"/>
  <testcase name="Add_Tracking_Number" time="0.536" classname="Test_Data_Generation.Add_Tracking_Numbers_To_User"/>
  <testcase name="Add_Tracking_Number" time="0.497" classname="Test_Data_Generation.Add_Tracking_Numbers_To_User"/>
  <testcase name="Add_Tracking_Number" time="0.602" classname="Test_Data_Generation.Add_Tracking_Numbers_To_User"/>
  <testcase name="Add_Tracking_Number" time="0.659" classname="Test_Data_Generation.Add_Tracking_Numbers_To_User"/>
  <testcase name="Add_Tracking_Number" time="0.491" classname="Test_Data_Generation.Add_Tracking_Numbers_To_User"/>
  <testcase name="Add_Tracking_Number" time="0.710" classname="Test_Data_Generation.Add_Tracking_Numbers_To_User"/>
  <testcase name="Add_Tracking_Number" time="0.224" classname="Test_Data_Generation.Add_Tracking_Numbers_To_User"/>
  <testcase name="Add_Tracking_Number" time="0.565" classname="Test_Data_Generation.Add_Tracking_Numbers_To_User"/>
  <testcase name="Add_Tracking_Number" time="0.583" classname="Test_Data_Generation.Add_Tracking_Numbers_To_User">
    <failure type="java.lang.AssertionError" message="
Expected: a string containing &quot;{\&quot;successful\&quot;:true&quot;
     but: was &quot;{&quot;ShipmentOptionResponse&quot;:{&quot;successful&quot;:false,&quot;errorList&quot;:[{&quot;code&quot;:&quot;2997&quot;,&quot;message&quot;:&quot;TRAQS connection/request problem&quot;,&quot;source&quot;:null,&quot;rootCause&quot;:null}],&quot;alerts&quot;:null,&quot;cxsalerts&quot;:null}}&quot;">
      <![CDATA[java.lang.AssertionError: 
Expected: a string containing "{\"successful\":true"
     but: was "{"ShipmentOptionResponse":{"successful":false,"errorList":[{"code":"2997","message":"TRAQS connection/request problem","source":null,"rootCause":null}],"alerts":null,"cxsalerts":null}}"
at org.hamcrest.MatcherAssert.assertThat(MatcherAssert.java:20)
at org.junit.Assert.assertThat(Assert.java:956)
at org.junit.Assert.assertThat(Assert.java:923)
at Test_Data_Generation.Add_Tracking_Numbers_To_User.Add_Tracking_Number(Add_Tracking_Numbers_To_User.java:69)
at sun.reflect.GeneratedMethodAccessor2.invoke(Unknown Source)
at sun.reflect.DelegatingMethodAccessorImpl.invoke(Unknown Source)
at java.lang.reflect.Method.invoke(Unknown Source)
at org.testng.internal.MethodInvocationHelper.invokeMethod(MethodInvocationHelper.java:124)
at org.testng.internal.Invoker.invokeMethod(Invoker.java:580)
at org.testng.internal.Invoker.invokeTestMethod(Invoker.java:716)
at org.testng.internal.TestMethodWithDataProviderMethodWorker.call(TestMethodWithDataProviderMethodWorker.java:71)
at org.testng.internal.TestMethodWithDataProviderMethodWorker.call(TestMethodWithDataProviderMethodWorker.java:14)
at java.util.concurrent.FutureTask.run(Unknown Source)
at java.util.concurrent.Executors$RunnableAdapter.call(Unknown Source)
at java.util.concurrent.FutureTask.run(Unknown Source)
at java.util.concurrent.ThreadPoolExecutor.runWorker(Unknown Source)
at java.util.concurrent.ThreadPoolExecutor$Worker.run(Unknown Source)
at java.lang.Thread.run(Unknown Source)
]]>
    </failure>
  </testcase> <!-- Add_Tracking_Number -->
  <testcase name="Add_Tracking_Number" time="0.648" classname="Test_Data_Generation.Add_Tracking_Numbers_To_User"/>
  <testcase name="Add_Tracking_Number" time="0.519" classname="Test_Data_Generation.Add_Tracking_Numbers_To_User"/>
  <testcase name="Add_Tracking_Number" time="0.533" classname="Test_Data_Generation.Add_Tracking_Numbers_To_User"/>
  <testcase name="Add_Tracking_Number" time="0.543" classname="Test_Data_Generation.Add_Tracking_Numbers_To_User"/>
  <testcase name="Add_Tracking_Number" time="0.518" classname="Test_Data_Generation.Add_Tracking_Numbers_To_User"/>
  <testcase name="Add_Tracking_Number" time="0.493" classname="Test_Data_Generation.Add_Tracking_Numbers_To_User"/>
  <testcase name="Add_Tracking_Number" time="0.441" classname="Test_Data_Generation.Add_Tracking_Numbers_To_User"/>
  <testcase name="Add_Tracking_Number" time="0.552" classname="Test_Data_Generation.Add_Tracking_Numbers_To_User"/>
  <testcase name="Add_Tracking_Number" time="0.541" classname="Test_Data_Generation.Add_Tracking_Numbers_To_User"/>
  <testcase name="Add_Tracking_Number" time="0.500" classname="Test_Data_Generation.Add_Tracking_Numbers_To_User"/>
  <testcase name="Add_Tracking_Number" time="0.499" classname="Test_Data_Generation.Add_Tracking_Numbers_To_User"/>
  <testcase name="Add_Tracking_Number" time="0.538" classname="Test_Data_Generation.Add_Tracking_Numbers_To_User"/>
  <testcase name="Add_Tracking_Number" time="0.577" classname="Test_Data_Generation.Add_Tracking_Numbers_To_User"/>
  <testcase name="Add_Tracking_Number" time="0.498" classname="Test_Data_Generation.Add_Tracking_Numbers_To_User"/>
  <testcase name="Add_Tracking_Number" time="0.584" classname="Test_Data_Generation.Add_Tracking_Numbers_To_User"/>
  <testcase name="Add_Tracking_Number" time="0.799" classname="Test_Data_Generation.Add_Tracking_Numbers_To_User"/>
  <testcase name="Add_Tracking_Number" time="0.566" classname="Test_Data_Generation.Add_Tracking_Numbers_To_User"/>
  <testcase name="Add_Tracking_Number" time="0.680" classname="Test_Data_Generation.Add_Tracking_Numbers_To_User"/>
  <testcase name="Add_Tracking_Number" time="0.485" classname="Test_Data_Generation.Add_Tracking_Numbers_To_User"/>
  <testcase name="Add_Tracking_Number" time="0.447" classname="Test_Data_Generation.Add_Tracking_Numbers_To_User"/>
  <testcase name="Add_Tracking_Number" time="0.491" classname="Test_Data_Generation.Add_Tracking_Numbers_To_User"/>
  <testcase name="Add_Tracking_Number" time="0.453" classname="Test_Data_Generation.Add_Tracking_Numbers_To_User"/>
  <testcase name="Add_Tracking_Number" time="0.505" classname="Test_Data_Generation.Add_Tracking_Numbers_To_User"/>
  <testcase name="Add_Tracking_Number" time="0.494" classname="Test_Data_Generation.Add_Tracking_Numbers_To_User"/>
  <testcase name="Add_Tracking_Number" time="0.473" classname="Test_Data_Generation.Add_Tracking_Numbers_To_User"/>
  <testcase name="Add_Tracking_Number" time="0.353" classname="Test_Data_Generation.Add_Tracking_Numbers_To_User"/>
  <testcase name="Add_Tracking_Number" time="0.718" classname="Test_Data_Generation.Add_Tracking_Numbers_To_User"/>
  <testcase name="Add_Tracking_Number" time="0.512" classname="Test_Data_Generation.Add_Tracking_Numbers_To_User"/>
  <testcase name="Add_Tracking_Number" time="0.743" classname="Test_Data_Generation.Add_Tracking_Numbers_To_User"/>
  <testcase name="Add_Tracking_Number" time="0.566" classname="Test_Data_Generation.Add_Tracking_Numbers_To_User"/>
  <testcase name="Add_Tracking_Number" time="0.488" classname="Test_Data_Generation.Add_Tracking_Numbers_To_User"/>
  <testcase name="Add_Tracking_Number" time="0.344" classname="Test_Data_Generation.Add_Tracking_Numbers_To_User"/>
  <testcase name="Add_Tracking_Number" time="0.528" classname="Test_Data_Generation.Add_Tracking_Numbers_To_User"/>
  <testcase name="Add_Tracking_Number" time="0.622" classname="Test_Data_Generation.Add_Tracking_Numbers_To_User"/>
  <testcase name="Add_Tracking_Number" time="0.571" classname="Test_Data_Generation.Add_Tracking_Numbers_To_User"/>
  <testcase name="Add_Tracking_Number" time="0.540" classname="Test_Data_Generation.Add_Tracking_Numbers_To_User"/>
  <testcase name="Add_Tracking_Number" time="0.614" classname="Test_Data_Generation.Add_Tracking_Numbers_To_User"/>
  <testcase name="Add_Tracking_Number" time="0.542" classname="Test_Data_Generation.Add_Tracking_Numbers_To_User"/>
  <testcase name="Add_Tracking_Number" time="0.632" classname="Test_Data_Generation.Add_Tracking_Numbers_To_User"/>
  <testcase name="Add_Tracking_Number" time="0.514" classname="Test_Data_Generation.Add_Tracking_Numbers_To_User"/>
  <testcase name="Add_Tracking_Number" time="0.490" classname="Test_Data_Generation.Add_Tracking_Numbers_To_User"/>
  <testcase name="Add_Tracking_Number" time="0.686" classname="Test_Data_Generation.Add_Tracking_Numbers_To_User"/>
  <testcase name="Add_Tracking_Number" time="0.478" classname="Test_Data_Generation.Add_Tracking_Numbers_To_User"/>
  <testcase name="Add_Tracking_Number" time="0.502" classname="Test_Data_Generation.Add_Tracking_Numbers_To_User"/>
  <testcase name="Add_Tracking_Number" time="0.536" classname="Test_Data_Generation.Add_Tracking_Numbers_To_User"/>
  <testcase name="Add_Tracking_Number" time="0.637" classname="Test_Data_Generation.Add_Tracking_Numbers_To_User"/>
  <testcase name="Add_Tracking_Number" time="0.501" classname="Test_Data_Generation.Add_Tracking_Numbers_To_User"/>
  <testcase name="Add_Tracking_Number" time="0.519" classname="Test_Data_Generation.Add_Tracking_Numbers_To_User"/>
  <testcase name="Add_Tracking_Number" time="0.546" classname="Test_Data_Generation.Add_Tracking_Numbers_To_User"/>
  <testcase name="Add_Tracking_Number" time="0.757" classname="Test_Data_Generation.Add_Tracking_Numbers_To_User"/>
  <testcase name="Add_Tracking_Number" time="0.941" classname="Test_Data_Generation.Add_Tracking_Numbers_To_User"/>
  <testcase name="Add_Tracking_Number" time="0.534" classname="Test_Data_Generation.Add_Tracking_Numbers_To_User"/>
  <testcase name="Add_Tracking_Number" time="0.493" classname="Test_Data_Generation.Add_Tracking_Numbers_To_User"/>
  <testcase name="Add_Tracking_Number" time="0.685" classname="Test_Data_Generation.Add_Tracking_Numbers_To_User"/>
  <testcase name="Add_Tracking_Number" time="0.548" classname="Test_Data_Generation.Add_Tracking_Numbers_To_User"/>
  <testcase name="Add_Tracking_Number" time="0.546" classname="Test_Data_Generation.Add_Tracking_Numbers_To_User"/>
  <testcase name="Add_Tracking_Number" time="0.480" classname="Test_Data_Generation.Add_Tracking_Numbers_To_User"/>
  <testcase name="Add_Tracking_Number" time="0.462" classname="Test_Data_Generation.Add_Tracking_Numbers_To_User"/>
  <testcase name="Add_Tracking_Number" time="0.519" classname="Test_Data_Generation.Add_Tracking_Numbers_To_User"/>
  <testcase name="Add_Tracking_Number" time="0.485" classname="Test_Data_Generation.Add_Tracking_Numbers_To_User"/>
  <testcase name="Add_Tracking_Number" time="0.481" classname="Test_Data_Generation.Add_Tracking_Numbers_To_User"/>
  <testcase name="Add_Tracking_Number" time="0.742" classname="Test_Data_Generation.Add_Tracking_Numbers_To_User"/>
  <testcase name="Add_Tracking_Number" time="0.527" classname="Test_Data_Generation.Add_Tracking_Numbers_To_User"/>
  <testcase name="Add_Tracking_Number" time="0.636" classname="Test_Data_Generation.Add_Tracking_Numbers_To_User"/>
  <testcase name="Add_Tracking_Number" time="0.579" classname="Test_Data_Generation.Add_Tracking_Numbers_To_User"/>
  <testcase name="Add_Tracking_Number" time="0.586" classname="Test_Data_Generation.Add_Tracking_Numbers_To_User"/>
  <testcase name="Add_Tracking_Number" time="0.674" classname="Test_Data_Generation.Add_Tracking_Numbers_To_User"/>
  <testcase name="Add_Tracking_Number" time="0.526" classname="Test_Data_Generation.Add_Tracking_Numbers_To_User"/>
  <testcase name="Add_Tracking_Number" time="0.467" classname="Test_Data_Generation.Add_Tracking_Numbers_To_User"/>
  <testcase name="Add_Tracking_Number" time="0.475" classname="Test_Data_Generation.Add_Tracking_Numbers_To_User"/>
  <testcase name="Add_Tracking_Number" time="0.653" classname="Test_Data_Generation.Add_Tracking_Numbers_To_User"/>
  <testcase name="Add_Tracking_Number" time="0.494" classname="Test_Data_Generation.Add_Tracking_Numbers_To_User"/>
  <testcase name="Add_Tracking_Number" time="0.527" classname="Test_Data_Generation.Add_Tracking_Numbers_To_User"/>
  <testcase name="Add_Tracking_Number" time="0.570" classname="Test_Data_Generation.Add_Tracking_Numbers_To_User"/>
  <testcase name="Add_Tracking_Number" time="0.466" classname="Test_Data_Generation.Add_Tracking_Numbers_To_User"/>
  <testcase name="Add_Tracking_Number" time="0.535" classname="Test_Data_Generation.Add_Tracking_Numbers_To_User"/>
  <testcase name="Add_Tracking_Number" time="0.572" classname="Test_Data_Generation.Add_Tracking_Numbers_To_User"/>
  <testcase name="Add_Tracking_Number" time="0.477" classname="Test_Data_Generation.Add_Tracking_Numbers_To_User"/>
  <testcase name="Add_Tracking_Number" time="0.555" classname="Test_Data_Generation.Add_Tracking_Numbers_To_User"/>
  <testcase name="Add_Tracking_Number" time="0.513" classname="Test_Data_Generation.Add_Tracking_Numbers_To_User"/>
  <testcase name="Add_Tracking_Number" time="0.633" classname="Test_Data_Generation.Add_Tracking_Numbers_To_User"/>
  <testcase name="Add_Tracking_Number" time="0.479" classname="Test_Data_Generation.Add_Tracking_Numbers_To_User"/>
  <testcase name="Add_Tracking_Number" time="0.494" classname="Test_Data_Generation.Add_Tracking_Numbers_To_User"/>
  <testcase name="Add_Tracking_Number" time="0.550" classname="Test_Data_Generation.Add_Tracking_Numbers_To_User"/>
  <testcase name="Add_Tracking_Number" time="0.462" classname="Test_Data_Generation.Add_Tracking_Numbers_To_User"/>
  <testcase name="Add_Tracking_Number" time="0.498" classname="Test_Data_Generation.Add_Tracking_Numbers_To_User"/>
  <testcase name="Add_Tracking_Number" time="0.559" classname="Test_Data_Generation.Add_Tracking_Numbers_To_User"/>
  <testcase name="Add_Tracking_Number" time="0.589" classname="Test_Data_Generation.Add_Tracking_Numbers_To_User"/>
  <testcase name="Add_Tracking_Number" time="0.503" classname="Test_Data_Generation.Add_Tracking_Numbers_To_User"/>
  <testcase name="Add_Tracking_Number" time="0.532" classname="Test_Data_Generation.Add_Tracking_Numbers_To_User"/>
  <testcase name="Add_Tracking_Number" time="0.667" classname="Test_Data_Generation.Add_Tracking_Numbers_To_User"/>
  <testcase name="Add_Tracking_Number" time="0.593" classname="Test_Data_Generation.Add_Tracking_Numbers_To_User"/>
  <testcase name="Add_Tracking_Number" time="0.461" classname="Test_Data_Generation.Add_Tracking_Numbers_To_User"/>
  <testcase name="Add_Tracking_Number" time="0.762" classname="Test_Data_Generation.Add_Tracking_Numbers_To_User"/>
  <testcase name="Add_Tracking_Number" time="0.494" classname="Test_Data_Generation.Add_Tracking_Numbers_To_User"/>
  <testcase name="Add_Tracking_Number" time="0.521" classname="Test_Data_Generation.Add_Tracking_Numbers_To_User"/>
  <testcase name="Add_Tracking_Number" time="0.540" classname="Test_Data_Generation.Add_Tracking_Numbers_To_User"/>
  <testcase name="Add_Tracking_Number" time="0.580" classname="Test_Data_Generation.Add_Tracking_Numbers_To_User"/>
  <testcase name="Add_Tracking_Number" time="0.520" classname="Test_Data_Generation.Add_Tracking_Numbers_To_User"/>
  <testcase name="Add_Tracking_Number" time="0.628" classname="Test_Data_Generation.Add_Tracking_Numbers_To_User"/>
  <testcase name="Add_Tracking_Number" time="0.538" classname="Test_Data_Generation.Add_Tracking_Numbers_To_User"/>
  <testcase name="Add_Tracking_Number" time="0.490" classname="Test_Data_Generation.Add_Tracking_Numbers_To_User"/>
  <testcase name="Add_Tracking_Number" time="0.499" classname="Test_Data_Generation.Add_Tracking_Numbers_To_User"/>
  <testcase name="Add_Tracking_Number" time="0.706" classname="Test_Data_Generation.Add_Tracking_Numbers_To_User"/>
  <testcase name="Add_Tracking_Number" time="0.601" classname="Test_Data_Generation.Add_Tracking_Numbers_To_User"/>
  <testcase name="Add_Tracking_Number" time="0.526" classname="Test_Data_Generation.Add_Tracking_Numbers_To_User"/>
  <testcase name="Add_Tracking_Number" time="0.447" classname="Test_Data_Generation.Add_Tracking_Numbers_To_User"/>
  <testcase name="Add_Tracking_Number" time="0.571" classname="Test_Data_Generation.Add_Tracking_Numbers_To_User"/>
  <testcase name="Add_Tracking_Number" time="1.318" classname="Test_Data_Generation.Add_Tracking_Numbers_To_User">
    <failure type="java.lang.AssertionError" message="
Expected: a string containing &quot;{\&quot;successful\&quot;:true&quot;
     but: was &quot;{&quot;ShipmentOptionResponse&quot;:{&quot;successful&quot;:false,&quot;errorList&quot;:[{&quot;code&quot;:&quot;2997&quot;,&quot;message&quot;:&quot;TRAQS connection/request problem&quot;,&quot;source&quot;:null,&quot;rootCause&quot;:null}],&quot;alerts&quot;:null,&quot;cxsalerts&quot;:null}}&quot;">
      <![CDATA[java.lang.AssertionError: 
Expected: a string containing "{\"successful\":true"
     but: was "{"ShipmentOptionResponse":{"successful":false,"errorList":[{"code":"2997","message":"TRAQS connection/request problem","source":null,"rootCause":null}],"alerts":null,"cxsalerts":null}}"
at org.hamcrest.MatcherAssert.assertThat(MatcherAssert.java:20)
at org.junit.Assert.assertThat(Assert.java:956)
at org.junit.Assert.assertThat(Assert.java:923)
at Test_Data_Generation.Add_Tracking_Numbers_To_User.Add_Tracking_Number(Add_Tracking_Numbers_To_User.java:69)
at sun.reflect.GeneratedMethodAccessor2.invoke(Unknown Source)
at sun.reflect.DelegatingMethodAccessorImpl.invoke(Unknown Source)
at java.lang.reflect.Method.invoke(Unknown Source)
at org.testng.internal.MethodInvocationHelper.invokeMethod(MethodInvocationHelper.java:124)
at org.testng.internal.Invoker.invokeMethod(Invoker.java:580)
at org.testng.internal.Invoker.invokeTestMethod(Invoker.java:716)
at org.testng.internal.TestMethodWithDataProviderMethodWorker.call(TestMethodWithDataProviderMethodWorker.java:71)
at org.testng.internal.TestMethodWithDataProviderMethodWorker.call(TestMethodWithDataProviderMethodWorker.java:14)
at java.util.concurrent.FutureTask.run(Unknown Source)
at java.util.concurrent.Executors$RunnableAdapter.call(Unknown Source)
at java.util.concurrent.FutureTask.run(Unknown Source)
at java.util.concurrent.ThreadPoolExecutor.runWorker(Unknown Source)
at java.util.concurrent.ThreadPoolExecutor$Worker.run(Unknown Source)
at java.lang.Thread.run(Unknown Source)
]]>
    </failure>
  </testcase> <!-- Add_Tracking_Number -->
  <testcase name="Add_Tracking_Number" time="0.545" classname="Test_Data_Generation.Add_Tracking_Numbers_To_User"/>
  <testcase name="Add_Tracking_Number" time="0.539" classname="Test_Data_Generation.Add_Tracking_Numbers_To_User"/>
  <testcase name="Add_Tracking_Number" time="0.442" classname="Test_Data_Generation.Add_Tracking_Numbers_To_User"/>
  <testcase name="Add_Tracking_Number" time="0.533" classname="Test_Data_Generation.Add_Tracking_Numbers_To_User"/>
  <testcase name="Add_Tracking_Number" time="0.457" classname="Test_Data_Generation.Add_Tracking_Numbers_To_User"/>
  <testcase name="Add_Tracking_Number" time="0.473" classname="Test_Data_Generation.Add_Tracking_Numbers_To_User"/>
  <testcase name="Add_Tracking_Number" time="0.510" classname="Test_Data_Generation.Add_Tracking_Numbers_To_User"/>
  <testcase name="Add_Tracking_Number" time="0.578" classname="Test_Data_Generation.Add_Tracking_Numbers_To_User"/>
  <testcase name="Add_Tracking_Number" time="0.695" classname="Test_Data_Generation.Add_Tracking_Numbers_To_User"/>
  <testcase name="Add_Tracking_Number" time="0.644" classname="Test_Data_Generation.Add_Tracking_Numbers_To_User"/>
  <testcase name="Add_Tracking_Number" time="0.489" classname="Test_Data_Generation.Add_Tracking_Numbers_To_User"/>
  <testcase name="Add_Tracking_Number" time="0.693" classname="Test_Data_Generation.Add_Tracking_Numbers_To_User"/>
  <testcase name="Add_Tracking_Number" time="0.484" classname="Test_Data_Generation.Add_Tracking_Numbers_To_User"/>
  <testcase name="Add_Tracking_Number" time="0.576" classname="Test_Data_Generation.Add_Tracking_Numbers_To_User"/>
  <testcase name="Add_Tracking_Number" time="0.483" classname="Test_Data_Generation.Add_Tracking_Numbers_To_User"/>
  <testcase name="Add_Tracking_Number" time="0.388" classname="Test_Data_Generation.Add_Tracking_Numbers_To_User">
    <failure type="java.lang.AssertionError" message="
Expected: a string containing &quot;{\&quot;successful\&quot;:true&quot;
     but: was &quot;{&quot;ShipmentOptionResponse&quot;:{&quot;successful&quot;:false,&quot;errorList&quot;:[{&quot;code&quot;:&quot;2997&quot;,&quot;message&quot;:&quot;TRAQS connection/request problem&quot;,&quot;source&quot;:null,&quot;rootCause&quot;:null}],&quot;alerts&quot;:null,&quot;cxsalerts&quot;:null}}&quot;">
      <![CDATA[java.lang.AssertionError: 
Expected: a string containing "{\"successful\":true"
     but: was "{"ShipmentOptionResponse":{"successful":false,"errorList":[{"code":"2997","message":"TRAQS connection/request problem","source":null,"rootCause":null}],"alerts":null,"cxsalerts":null}}"
at org.hamcrest.MatcherAssert.assertThat(MatcherAssert.java:20)
at org.junit.Assert.assertThat(Assert.java:956)
at org.junit.Assert.assertThat(Assert.java:923)
at Test_Data_Generation.Add_Tracking_Numbers_To_User.Add_Tracking_Number(Add_Tracking_Numbers_To_User.java:69)
at sun.reflect.GeneratedMethodAccessor2.invoke(Unknown Source)
at sun.reflect.DelegatingMethodAccessorImpl.invoke(Unknown Source)
at java.lang.reflect.Method.invoke(Unknown Source)
at org.testng.internal.MethodInvocationHelper.invokeMethod(MethodInvocationHelper.java:124)
at org.testng.internal.Invoker.invokeMethod(Invoker.java:580)
at org.testng.internal.Invoker.invokeTestMethod(Invoker.java:716)
at org.testng.internal.TestMethodWithDataProviderMethodWorker.call(TestMethodWithDataProviderMethodWorker.java:71)
at org.testng.internal.TestMethodWithDataProviderMethodWorker.call(TestMethodWithDataProviderMethodWorker.java:14)
at java.util.concurrent.FutureTask.run(Unknown Source)
at java.util.concurrent.Executors$RunnableAdapter.call(Unknown Source)
at java.util.concurrent.FutureTask.run(Unknown Source)
at java.util.concurrent.ThreadPoolExecutor.runWorker(Unknown Source)
at java.util.concurrent.ThreadPoolExecutor$Worker.run(Unknown Source)
at java.lang.Thread.run(Unknown Source)
]]>
    </failure>
  </testcase> <!-- Add_Tracking_Number -->
  <testcase name="Add_Tracking_Number" time="0.519" classname="Test_Data_Generation.Add_Tracking_Numbers_To_User"/>
  <testcase name="Add_Tracking_Number" time="0.478" classname="Test_Data_Generation.Add_Tracking_Numbers_To_User"/>
  <testcase name="Add_Tracking_Number" time="0.695" classname="Test_Data_Generation.Add_Tracking_Numbers_To_User"/>
  <testcase name="Add_Tracking_Number" time="0.474" classname="Test_Data_Generation.Add_Tracking_Numbers_To_User"/>
  <testcase name="Add_Tracking_Number" time="0.541" classname="Test_Data_Generation.Add_Tracking_Numbers_To_User"/>
  <testcase name="Add_Tracking_Number" time="0.546" classname="Test_Data_Generation.Add_Tracking_Numbers_To_User"/>
  <testcase name="Add_Tracking_Number" time="0.511" classname="Test_Data_Generation.Add_Tracking_Numbers_To_User"/>
  <testcase name="Add_Tracking_Number" time="0.499" classname="Test_Data_Generation.Add_Tracking_Numbers_To_User"/>
  <testcase name="Add_Tracking_Number" time="0.488" classname="Test_Data_Generation.Add_Tracking_Numbers_To_User"/>
  <testcase name="Add_Tracking_Number" time="0.327" classname="Test_Data_Generation.Add_Tracking_Numbers_To_User"/>
  <testcase name="Add_Tracking_Number" time="0.557" classname="Test_Data_Generation.Add_Tracking_Numbers_To_User"/>
  <testcase name="Add_Tracking_Number" time="0.508" classname="Test_Data_Generation.Add_Tracking_Numbers_To_User"/>
  <testcase name="Add_Tracking_Number" time="0.469" classname="Test_Data_Generation.Add_Tracking_Numbers_To_User"/>
  <testcase name="Add_Tracking_Number" time="0.523" classname="Test_Data_Generation.Add_Tracking_Numbers_To_User"/>
  <testcase name="Add_Tracking_Number" time="0.474" classname="Test_Data_Generation.Add_Tracking_Numbers_To_User"/>
  <testcase name="Add_Tracking_Number" time="0.638" classname="Test_Data_Generation.Add_Tracking_Numbers_To_User"/>
  <testcase name="Add_Tracking_Number" time="0.471" classname="Test_Data_Generation.Add_Tracking_Numbers_To_User">
    <failure type="java.lang.AssertionError" message="
Expected: a string containing &quot;{\&quot;successful\&quot;:true&quot;
     but: was &quot;{&quot;ShipmentOptionResponse&quot;:{&quot;successful&quot;:false,&quot;errorList&quot;:[{&quot;code&quot;:&quot;2997&quot;,&quot;message&quot;:&quot;TRAQS connection/request problem&quot;,&quot;source&quot;:null,&quot;rootCause&quot;:null}],&quot;alerts&quot;:null,&quot;cxsalerts&quot;:null}}&quot;">
      <![CDATA[java.lang.AssertionError: 
Expected: a string containing "{\"successful\":true"
     but: was "{"ShipmentOptionResponse":{"successful":false,"errorList":[{"code":"2997","message":"TRAQS connection/request problem","source":null,"rootCause":null}],"alerts":null,"cxsalerts":null}}"
at org.hamcrest.MatcherAssert.assertThat(MatcherAssert.java:20)
at org.junit.Assert.assertThat(Assert.java:956)
at org.junit.Assert.assertThat(Assert.java:923)
at Test_Data_Generation.Add_Tracking_Numbers_To_User.Add_Tracking_Number(Add_Tracking_Numbers_To_User.java:69)
at sun.reflect.GeneratedMethodAccessor2.invoke(Unknown Source)
at sun.reflect.DelegatingMethodAccessorImpl.invoke(Unknown Source)
at java.lang.reflect.Method.invoke(Unknown Source)
at org.testng.internal.MethodInvocationHelper.invokeMethod(MethodInvocationHelper.java:124)
at org.testng.internal.Invoker.invokeMethod(Invoker.java:580)
at org.testng.internal.Invoker.invokeTestMethod(Invoker.java:716)
at org.testng.internal.TestMethodWithDataProviderMethodWorker.call(TestMethodWithDataProviderMethodWorker.java:71)
at org.testng.internal.TestMethodWithDataProviderMethodWorker.call(TestMethodWithDataProviderMethodWorker.java:14)
at java.util.concurrent.FutureTask.run(Unknown Source)
at java.util.concurrent.Executors$RunnableAdapter.call(Unknown Source)
at java.util.concurrent.FutureTask.run(Unknown Source)
at java.util.concurrent.ThreadPoolExecutor.runWorker(Unknown Source)
at java.util.concurrent.ThreadPoolExecutor$Worker.run(Unknown Source)
at java.lang.Thread.run(Unknown Source)
]]>
    </failure>
  </testcase> <!-- Add_Tracking_Number -->
  <testcase name="Add_Tracking_Number" time="0.513" classname="Test_Data_Generation.Add_Tracking_Numbers_To_User"/>
  <testcase name="Add_Tracking_Number" time="0.486" classname="Test_Data_Generation.Add_Tracking_Numbers_To_User"/>
  <testcase name="Add_Tracking_Number" time="0.255" classname="Test_Data_Generation.Add_Tracking_Numbers_To_User"/>
  <testcase name="Add_Tracking_Number" time="0.799" classname="Test_Data_Generation.Add_Tracking_Numbers_To_User"/>
  <testcase name="Add_Tracking_Number" time="0.493" classname="Test_Data_Generation.Add_Tracking_Numbers_To_User"/>
  <testcase name="Add_Tracking_Number" time="0.644" classname="Test_Data_Generation.Add_Tracking_Numbers_To_User"/>
  <testcase name="Add_Tracking_Number" time="0.505" classname="Test_Data_Generation.Add_Tracking_Numbers_To_User"/>
  <testcase name="Add_Tracking_Number" time="0.861" classname="Test_Data_Generation.Add_Tracking_Numbers_To_User"/>
  <testcase name="Add_Tracking_Number" time="0.636" classname="Test_Data_Generation.Add_Tracking_Numbers_To_User"/>
  <testcase name="Add_Tracking_Number" time="0.507" classname="Test_Data_Generation.Add_Tracking_Numbers_To_User"/>
  <testcase name="Add_Tracking_Number" time="0.624" classname="Test_Data_Generation.Add_Tracking_Numbers_To_User"/>
  <testcase name="Add_Tracking_Number" time="0.531" classname="Test_Data_Generation.Add_Tracking_Numbers_To_User"/>
  <testcase name="Add_Tracking_Number" time="0.524" classname="Test_Data_Generation.Add_Tracking_Numbers_To_User"/>
  <testcase name="Add_Tracking_Number" time="0.459" classname="Test_Data_Generation.Add_Tracking_Numbers_To_User"/>
  <testcase name="Add_Tracking_Number" time="0.536" classname="Test_Data_Generation.Add_Tracking_Numbers_To_User"/>
  <testcase name="Add_Tracking_Number" time="0.105" classname="Test_Data_Generation.Add_Tracking_Numbers_To_User"/>
  <testcase name="Add_Tracking_Number" time="0.534" classname="Test_Data_Generation.Add_Tracking_Numbers_To_User"/>
  <testcase name="Add_Tracking_Number" time="0.709" classname="Test_Data_Generation.Add_Tracking_Numbers_To_User"/>
  <testcase name="Add_Tracking_Number" time="0.691" classname="Test_Data_Generation.Add_Tracking_Numbers_To_User"/>
  <testcase name="Add_Tracking_Number" time="0.482" classname="Test_Data_Generation.Add_Tracking_Numbers_To_User"/>
  <testcase name="Add_Tracking_Number" time="0.590" classname="Test_Data_Generation.Add_Tracking_Numbers_To_User"/>
  <testcase name="Add_Tracking_Number" time="0.570" classname="Test_Data_Generation.Add_Tracking_Numbers_To_User"/>
  <testcase name="Add_Tracking_Number" time="0.422" classname="Test_Data_Generation.Add_Tracking_Numbers_To_User"/>
  <testcase name="Add_Tracking_Number" time="0.570" classname="Test_Data_Generation.Add_Tracking_Numbers_To_User"/>
  <testcase name="Add_Tracking_Number" time="0.482" classname="Test_Data_Generation.Add_Tracking_Numbers_To_User"/>
  <testcase name="Add_Tracking_Number" time="0.784" classname="Test_Data_Generation.Add_Tracking_Numbers_To_User"/>
  <testcase name="Add_Tracking_Number" time="0.518" classname="Test_Data_Generation.Add_Tracking_Numbers_To_User"/>
  <testcase name="Add_Tracking_Number" time="0.513" classname="Test_Data_Generation.Add_Tracking_Numbers_To_User"/>
  <testcase name="Add_Tracking_Number" time="0.525" classname="Test_Data_Generation.Add_Tracking_Numbers_To_User"/>
  <testcase name="Add_Tracking_Number" time="0.655" classname="Test_Data_Generation.Add_Tracking_Numbers_To_User"/>
  <testcase name="Add_Tracking_Number" time="0.669" classname="Test_Data_Generation.Add_Tracking_Numbers_To_User"/>
  <testcase name="Add_Tracking_Number" time="0.591" classname="Test_Data_Generation.Add_Tracking_Numbers_To_User"/>
  <testcase name="Add_Tracking_Number" time="0.494" classname="Test_Data_Generation.Add_Tracking_Numbers_To_User"/>
  <testcase name="Add_Tracking_Number" time="0.056" classname="Test_Data_Generation.Add_Tracking_Numbers_To_User"/>
  <testcase name="Add_Tracking_Number" time="0.500" classname="Test_Data_Generation.Add_Tracking_Numbers_To_User"/>
  <testcase name="Add_Tracking_Number" time="0.525" classname="Test_Data_Generation.Add_Tracking_Numbers_To_User"/>
  <testcase name="Add_Tracking_Number" time="0.594" classname="Test_Data_Generation.Add_Tracking_Numbers_To_User"/>
  <testcase name="Add_Tracking_Number" time="0.557" classname="Test_Data_Generation.Add_Tracking_Numbers_To_User"/>
  <testcase name="Add_Tracking_Number" time="0.517" classname="Test_Data_Generation.Add_Tracking_Numbers_To_User"/>
  <testcase name="Add_Tracking_Number" time="0.557" classname="Test_Data_Generation.Add_Tracking_Numbers_To_User"/>
  <testcase name="Add_Tracking_Number" time="0.516" classname="Test_Data_Generation.Add_Tracking_Numbers_To_User"/>
  <testcase name="Add_Tracking_Number" time="0.497" classname="Test_Data_Generation.Add_Tracking_Numbers_To_User"/>
  <testcase name="Add_Tracking_Number" time="0.688" classname="Test_Data_Generation.Add_Tracking_Numbers_To_User"/>
  <testcase name="Add_Tracking_Number" time="0.614" classname="Test_Data_Generation.Add_Tracking_Numbers_To_User"/>
  <testcase name="Add_Tracking_Number" time="0.498" classname="Test_Data_Generation.Add_Tracking_Numbers_To_User"/>
  <testcase name="Add_Tracking_Number" time="0.664" classname="Test_Data_Generation.Add_Tracking_Numbers_To_User"/>
  <testcase name="Add_Tracking_Number" time="0.579" classname="Test_Data_Generation.Add_Tracking_Numbers_To_User"/>
  <testcase name="Add_Tracking_Number" time="0.497" classname="Test_Data_Generation.Add_Tracking_Numbers_To_User"/>
  <testcase name="Add_Tracking_Number" time="0.480" classname="Test_Data_Generation.Add_Tracking_Numbers_To_User"/>
  <testcase name="Add_Tracking_Number" time="0.598" classname="Test_Data_Generation.Add_Tracking_Numbers_To_User"/>
  <testcase name="Add_Tracking_Number" time="0.673" classname="Test_Data_Generation.Add_Tracking_Numbers_To_User"/>
  <testcase name="Add_Tracking_Number" time="0.630" classname="Test_Data_Generation.Add_Tracking_Numbers_To_User"/>
  <testcase name="Add_Tracking_Number" time="0.637" classname="Test_Data_Generation.Add_Tracking_Numbers_To_User"/>
  <testcase name="Add_Tracking_Number" time="0.574" classname="Test_Data_Generation.Add_Tracking_Numbers_To_User"/>
  <testcase name="Add_Tracking_Number" time="0.588" classname="Test_Data_Generation.Add_Tracking_Numbers_To_User"/>
  <testcase name="Add_Tracking_Number" time="0.580" classname="Test_Data_Generation.Add_Tracking_Numbers_To_User"/>
  <testcase name="Add_Tracking_Number" time="0.644" classname="Test_Data_Generation.Add_Tracking_Numbers_To_User"/>
  <testcase name="Add_Tracking_Number" time="0.507" classname="Test_Data_Generation.Add_Tracking_Numbers_To_User"/>
  <testcase name="Add_Tracking_Number" time="0.557" classname="Test_Data_Generation.Add_Tracking_Numbers_To_User"/>
  <testcase name="Add_Tracking_Number" time="0.485" classname="Test_Data_Generation.Add_Tracking_Numbers_To_User"/>
  <testcase name="Add_Tracking_Number" time="0.977" classname="Test_Data_Generation.Add_Tracking_Numbers_To_User"/>
  <testcase name="Add_Tracking_Number" time="0.556" classname="Test_Data_Generation.Add_Tracking_Numbers_To_User"/>
  <testcase name="Add_Tracking_Number" time="0.515" classname="Test_Data_Generation.Add_Tracking_Numbers_To_User"/>
  <testcase name="Add_Tracking_Number" time="0.544" classname="Test_Data_Generation.Add_Tracking_Numbers_To_User"/>
  <testcase name="Add_Tracking_Number" time="0.457" classname="Test_Data_Generation.Add_Tracking_Numbers_To_User"/>
  <testcase name="Add_Tracking_Number" time="0.494" classname="Test_Data_Generation.Add_Tracking_Numbers_To_User"/>
  <testcase name="Add_Tracking_Number" time="0.622" classname="Test_Data_Generation.Add_Tracking_Numbers_To_User"/>
  <testcase name="Add_Tracking_Number" time="0.552" classname="Test_Data_Generation.Add_Tracking_Numbers_To_User"/>
  <testcase name="Add_Tracking_Number" time="0.550" classname="Test_Data_Generation.Add_Tracking_Numbers_To_User"/>
  <testcase name="Add_Tracking_Number" time="0.526" classname="Test_Data_Generation.Add_Tracking_Numbers_To_User"/>
  <testcase name="Add_Tracking_Number" time="0.774" classname="Test_Data_Generation.Add_Tracking_Numbers_To_User"/>
  <testcase name="Add_Tracking_Number" time="0.630" classname="Test_Data_Generation.Add_Tracking_Numbers_To_User"/>
  <testcase name="Add_Tracking_Number" time="0.516" classname="Test_Data_Generation.Add_Tracking_Numbers_To_User"/>
  <testcase name="Add_Tracking_Number" time="0.525" classname="Test_Data_Generation.Add_Tracking_Numbers_To_User"/>
  <testcase name="Add_Tracking_Number" time="0.525" classname="Test_Data_Generation.Add_Tracking_Numbers_To_User"/>
  <testcase name="Add_Tracking_Number" time="0.453" classname="Test_Data_Generation.Add_Tracking_Numbers_To_User"/>
  <testcase name="Add_Tracking_Number" time="0.490" classname="Test_Data_Generation.Add_Tracking_Numbers_To_User"/>
  <testcase name="Add_Tracking_Number" time="0.727" classname="Test_Data_Generation.Add_Tracking_Numbers_To_User"/>
  <testcase name="Add_Tracking_Number" time="0.462" classname="Test_Data_Generation.Add_Tracking_Numbers_To_User"/>
  <testcase name="Add_Tracking_Number" time="0.538" classname="Test_Data_Generation.Add_Tracking_Numbers_To_User"/>
  <testcase name="Add_Tracking_Number" time="0.543" classname="Test_Data_Generation.Add_Tracking_Numbers_To_User"/>
  <testcase name="Add_Tracking_Number" time="0.515" classname="Test_Data_Generation.Add_Tracking_Numbers_To_User"/>
  <testcase name="Add_Tracking_Number" time="0.460" classname="Test_Data_Generation.Add_Tracking_Numbers_To_User"/>
  <testcase name="Add_Tracking_Number" time="0.524" classname="Test_Data_Generation.Add_Tracking_Numbers_To_User"/>
  <testcase name="Add_Tracking_Number" time="0.473" classname="Test_Data_Generation.Add_Tracking_Numbers_To_User"/>
  <testcase name="Add_Tracking_Number" time="0.602" classname="Test_Data_Generation.Add_Tracking_Numbers_To_User"/>
  <testcase name="Add_Tracking_Number" time="0.471" classname="Test_Data_Generation.Add_Tracking_Numbers_To_User"/>
  <testcase name="Add_Tracking_Number" time="0.705" classname="Test_Data_Generation.Add_Tracking_Numbers_To_User"/>
  <testcase name="Add_Tracking_Number" time="0.581" classname="Test_Data_Generation.Add_Tracking_Numbers_To_User"/>
  <testcase name="Add_Tracking_Number" time="0.564" classname="Test_Data_Generation.Add_Tracking_Numbers_To_User"/>
  <testcase name="Add_Tracking_Number" time="0.691" classname="Test_Data_Generation.Add_Tracking_Numbers_To_User"/>
  <testcase name="Add_Tracking_Number" time="0.529" classname="Test_Data_Generation.Add_Tracking_Numbers_To_User"/>
  <testcase name="Add_Tracking_Number" time="0.531" classname="Test_Data_Generation.Add_Tracking_Numbers_To_User"/>
  <testcase name="Add_Tracking_Number" time="0.559" classname="Test_Data_Generation.Add_Tracking_Numbers_To_User"/>
  <testcase name="Add_Tracking_Number" time="0.639" classname="Test_Data_Generation.Add_Tracking_Numbers_To_User"/>
  <testcase name="Add_Tracking_Number" time="0.549" classname="Test_Data_Generation.Add_Tracking_Numbers_To_User"/>
  <testcase name="Add_Tracking_Number" time="0.592" classname="Test_Data_Generation.Add_Tracking_Numbers_To_User"/>
  <testcase name="Add_Tracking_Number" time="0.576" classname="Test_Data_Generation.Add_Tracking_Numbers_To_User"/>
  <testcase name="Add_Tracking_Number" time="0.504" classname="Test_Data_Generation.Add_Tracking_Numbers_To_User"/>
  <testcase name="Add_Tracking_Number" time="0.664" classname="Test_Data_Generation.Add_Tracking_Numbers_To_User"/>
  <testcase name="Add_Tracking_Number" time="0.486" classname="Test_Data_Generation.Add_Tracking_Numbers_To_User"/>
  <testcase name="Add_Tracking_Number" time="0.500" classname="Test_Data_Generation.Add_Tracking_Numbers_To_User"/>
  <testcase name="Add_Tracking_Number" time="0.505" classname="Test_Data_Generation.Add_Tracking_Numbers_To_User"/>
  <testcase name="Add_Tracking_Number" time="0.693" classname="Test_Data_Generation.Add_Tracking_Numbers_To_User"/>
  <testcase name="Add_Tracking_Number" time="0.521" classname="Test_Data_Generation.Add_Tracking_Numbers_To_User"/>
  <testcase name="Add_Tracking_Number" time="0.569" classname="Test_Data_Generation.Add_Tracking_Numbers_To_User"/>
  <testcase name="Add_Tracking_Number" time="0.386" classname="Test_Data_Generation.Add_Tracking_Numbers_To_User"/>
  <testcase name="Add_Tracking_Number" time="0.567" classname="Test_Data_Generation.Add_Tracking_Numbers_To_User"/>
  <testcase name="Add_Tracking_Number" time="0.396" classname="Test_Data_Generation.Add_Tracking_Numbers_To_User"/>
  <testcase name="Add_Tracking_Number" time="0.584" classname="Test_Data_Generation.Add_Tracking_Numbers_To_User"/>
  <testcase name="Add_Tracking_Number" time="0.477" classname="Test_Data_Generation.Add_Tracking_Numbers_To_User"/>
  <testcase name="Add_Tracking_Number" time="11.421" classname="Test_Data_Generation.Add_Tracking_Numbers_To_User"/>
  <testcase name="Add_Tracking_Number" time="0.527" classname="Test_Data_Generation.Add_Tracking_Numbers_To_User"/>
  <testcase name="Add_Tracking_Number" time="0.526" classname="Test_Data_Generation.Add_Tracking_Numbers_To_User"/>
  <testcase name="Add_Tracking_Number" time="0.532" classname="Test_Data_Generation.Add_Tracking_Numbers_To_User"/>
  <testcase name="Add_Tracking_Number" time="0.571" classname="Test_Data_Generation.Add_Tracking_Numbers_To_User"/>
  <testcase name="Add_Tracking_Number" time="0.466" classname="Test_Data_Generation.Add_Tracking_Numbers_To_User"/>
  <testcase name="Add_Tracking_Number" time="0.210" classname="Test_Data_Generation.Add_Tracking_Numbers_To_User"/>
  <testcase name="Add_Tracking_Number" time="0.481" classname="Test_Data_Generation.Add_Tracking_Numbers_To_User"/>
  <testcase name="Add_Tracking_Number" time="0.463" classname="Test_Data_Generation.Add_Tracking_Numbers_To_User"/>
  <testcase name="Add_Tracking_Number" time="0.516" classname="Test_Data_Generation.Add_Tracking_Numbers_To_User"/>
  <testcase name="Add_Tracking_Number" time="0.602" classname="Test_Data_Generation.Add_Tracking_Numbers_To_User"/>
  <testcase name="Add_Tracking_Number" time="0.375" classname="Test_Data_Generation.Add_Tracking_Numbers_To_User"/>
  <testcase name="Add_Tracking_Number" time="0.573" classname="Test_Data_Generation.Add_Tracking_Numbers_To_User"/>
  <testcase name="Add_Tracking_Number" time="0.542" classname="Test_Data_Generation.Add_Tracking_Numbers_To_User"/>
  <testcase name="Add_Tracking_Number" time="0.636" classname="Test_Data_Generation.Add_Tracking_Numbers_To_User"/>
  <testcase name="Add_Tracking_Number" time="0.472" classname="Test_Data_Generation.Add_Tracking_Numbers_To_User"/>
  <testcase name="Add_Tracking_Number" time="0.543" classname="Test_Data_Generation.Add_Tracking_Numbers_To_User"/>
  <testcase name="Add_Tracking_Number" time="0.453" classname="Test_Data_Generation.Add_Tracking_Numbers_To_User"/>
  <testcase name="Add_Tracking_Number" time="0.686" classname="Test_Data_Generation.Add_Tracking_Numbers_To_User"/>
  <testcase name="Add_Tracking_Number" time="0.528" classname="Test_Data_Generation.Add_Tracking_Numbers_To_User"/>
  <testcase name="Add_Tracking_Number" time="0.562" classname="Test_Data_Generation.Add_Tracking_Numbers_To_User"/>
  <testcase name="Add_Tracking_Number" time="0.507" classname="Test_Data_Generation.Add_Tracking_Numbers_To_User"/>
  <testcase name="Add_Tracking_Number" time="0.549" classname="Test_Data_Generation.Add_Tracking_Numbers_To_User"/>
  <testcase name="Add_Tracking_Number" time="0.540" classname="Test_Data_Generation.Add_Tracking_Numbers_To_User"/>
  <testcase name="Add_Tracking_Number" time="0.624" classname="Test_Data_Generation.Add_Tracking_Numbers_To_User"/>
  <testcase name="Add_Tracking_Number" time="0.533" classname="Test_Data_Generation.Add_Tracking_Numbers_To_User"/>
  <testcase name="Add_Tracking_Number" time="0.477" classname="Test_Data_Generation.Add_Tracking_Numbers_To_User"/>
  <testcase name="Add_Tracking_Number" time="0.541" classname="Test_Data_Generation.Add_Tracking_Numbers_To_User"/>
  <testcase name="Add_Tracking_Number" time="0.544" classname="Test_Data_Generation.Add_Tracking_Numbers_To_User"/>
  <testcase name="Add_Tracking_Number" time="0.592" classname="Test_Data_Generation.Add_Tracking_Numbers_To_User"/>
  <testcase name="Add_Tracking_Number" time="0.566" classname="Test_Data_Generation.Add_Tracking_Numbers_To_User"/>
  <testcase name="Add_Tracking_Number" time="0.505" classname="Test_Data_Generation.Add_Tracking_Numbers_To_User"/>
  <testcase name="Add_Tracking_Number" time="0.552" classname="Test_Data_Generation.Add_Tracking_Numbers_To_User"/>
  <testcase name="Add_Tracking_Number" time="0.597" classname="Test_Data_Generation.Add_Tracking_Numbers_To_User"/>
  <testcase name="Add_Tracking_Number" time="0.551" classname="Test_Data_Generation.Add_Tracking_Numbers_To_User"/>
  <testcase name="Add_Tracking_Number" time="0.474" classname="Test_Data_Generation.Add_Tracking_Numbers_To_User"/>
  <testcase name="Add_Tracking_Number" time="0.518" classname="Test_Data_Generation.Add_Tracking_Numbers_To_User"/>
  <testcase name="Add_Tracking_Number" time="0.666" classname="Test_Data_Generation.Add_Tracking_Numbers_To_User"/>
  <testcase name="Add_Tracking_Number" time="0.676" classname="Test_Data_Generation.Add_Tracking_Numbers_To_User"/>
  <testcase name="Add_Tracking_Number" time="0.564" classname="Test_Data_Generation.Add_Tracking_Numbers_To_User"/>
  <testcase name="Add_Tracking_Number" time="0.520" classname="Test_Data_Generation.Add_Tracking_Numbers_To_User"/>
  <testcase name="Add_Tracking_Number" time="0.481" classname="Test_Data_Generation.Add_Tracking_Numbers_To_User"/>
  <testcase name="Add_Tracking_Number" time="0.577" classname="Test_Data_Generation.Add_Tracking_Numbers_To_User"/>
  <testcase name="Add_Tracking_Number" time="0.509" classname="Test_Data_Generation.Add_Tracking_Numbers_To_User"/>
  <testcase name="Add_Tracking_Number" time="0.484" classname="Test_Data_Generation.Add_Tracking_Numbers_To_User"/>
  <testcase name="Add_Tracking_Number" time="0.474" classname="Test_Data_Generation.Add_Tracking_Numbers_To_User"/>
  <testcase name="Add_Tracking_Number" time="0.576" classname="Test_Data_Generation.Add_Tracking_Numbers_To_User"/>
  <testcase name="Add_Tracking_Number" time="0.700" classname="Test_Data_Generation.Add_Tracking_Numbers_To_User"/>
  <testcase name="Add_Tracking_Number" time="0.671" classname="Test_Data_Generation.Add_Tracking_Numbers_To_User"/>
  <testcase name="Add_Tracking_Number" time="0.488" classname="Test_Data_Generation.Add_Tracking_Numbers_To_User"/>
  <testcase name="Add_Tracking_Number" time="0.619" classname="Test_Data_Generation.Add_Tracking_Numbers_To_User"/>
  <testcase name="Add_Tracking_Number" time="0.479" classname="Test_Data_Generation.Add_Tracking_Numbers_To_User"/>
  <testcase name="Add_Tracking_Number" time="0.495" classname="Test_Data_Generation.Add_Tracking_Numbers_To_User"/>
  <testcase name="Add_Tracking_Number" time="0.559" classname="Test_Data_Generation.Add_Tracking_Numbers_To_User"/>
  <testcase name="Add_Tracking_Number" time="0.460" classname="Test_Data_Generation.Add_Tracking_Numbers_To_User"/>
  <testcase name="Add_Tracking_Number" time="0.536" classname="Test_Data_Generation.Add_Tracking_Numbers_To_User"/>
  <testcase name="Add_Tracking_Number" time="0.500" classname="Test_Data_Generation.Add_Tracking_Numbers_To_User"/>
  <testcase name="Add_Tracking_Number" time="0.480" classname="Test_Data_Generation.Add_Tracking_Numbers_To_User"/>
  <testcase name="Add_Tracking_Number" time="0.533" classname="Test_Data_Generation.Add_Tracking_Numbers_To_User"/>
  <testcase name="Add_Tracking_Number" time="0.752" classname="Test_Data_Generation.Add_Tracking_Numbers_To_User"/>
  <testcase name="Add_Tracking_Number" time="0.647" classname="Test_Data_Generation.Add_Tracking_Numbers_To_User"/>
  <testcase name="Add_Tracking_Number" time="0.512" classname="Test_Data_Generation.Add_Tracking_Numbers_To_User"/>
  <testcase name="Add_Tracking_Number" time="0.492" classname="Test_Data_Generation.Add_Tracking_Numbers_To_User"/>
  <testcase name="Add_Tracking_Number" time="0.489" classname="Test_Data_Generation.Add_Tracking_Numbers_To_User"/>
  <testcase name="Add_Tracking_Number" time="0.525" classname="Test_Data_Generation.Add_Tracking_Numbers_To_User"/>
  <testcase name="Add_Tracking_Number" time="0.545" classname="Test_Data_Generation.Add_Tracking_Numbers_To_User"/>
  <testcase name="Add_Tracking_Number" time="0.522" classname="Test_Data_Generation.Add_Tracking_Numbers_To_User"/>
  <testcase name="Add_Tracking_Number" time="0.526" classname="Test_Data_Generation.Add_Tracking_Numbers_To_User"/>
  <testcase name="Add_Tracking_Number" time="0.061" classname="Test_Data_Generation.Add_Tracking_Numbers_To_User"/>
  <testcase name="Add_Tracking_Number" time="0.528" classname="Test_Data_Generation.Add_Tracking_Numbers_To_User"/>
  <testcase name="Add_Tracking_Number" time="0.577" classname="Test_Data_Generation.Add_Tracking_Numbers_To_User"/>
  <testcase name="Add_Tracking_Number" time="0.605" classname="Test_Data_Generation.Add_Tracking_Numbers_To_User"/>
  <testcase name="Add_Tracking_Number" time="0.440" classname="Test_Data_Generation.Add_Tracking_Numbers_To_User"/>
  <testcase name="Add_Tracking_Number" time="0.490" classname="Test_Data_Generation.Add_Tracking_Numbers_To_User"/>
  <testcase name="Add_Tracking_Number" time="0.490" classname="Test_Data_Generation.Add_Tracking_Numbers_To_User"/>
  <testcase name="Add_Tracking_Number" time="0.497" classname="Test_Data_Generation.Add_Tracking_Numbers_To_User"/>
  <testcase name="Add_Tracking_Number" time="0.075" classname="Test_Data_Generation.Add_Tracking_Numbers_To_User"/>
  <testcase name="Add_Tracking_Number" time="0.500" classname="Test_Data_Generation.Add_Tracking_Numbers_To_User"/>
  <testcase name="Add_Tracking_Number" time="0.615" classname="Test_Data_Generation.Add_Tracking_Numbers_To_User">
    <failure type="java.lang.AssertionError" message="
Expected: a string containing &quot;{\&quot;successful\&quot;:true&quot;
     but: was &quot;{&quot;ShipmentOptionResponse&quot;:{&quot;successful&quot;:false,&quot;errorList&quot;:[{&quot;code&quot;:&quot;2997&quot;,&quot;message&quot;:&quot;TRAQS connection/request problem&quot;,&quot;source&quot;:null,&quot;rootCause&quot;:null}],&quot;alerts&quot;:null,&quot;cxsalerts&quot;:null}}&quot;">
      <![CDATA[java.lang.AssertionError: 
Expected: a string containing "{\"successful\":true"
     but: was "{"ShipmentOptionResponse":{"successful":false,"errorList":[{"code":"2997","message":"TRAQS connection/request problem","source":null,"rootCause":null}],"alerts":null,"cxsalerts":null}}"
at org.hamcrest.MatcherAssert.assertThat(MatcherAssert.java:20)
at org.junit.Assert.assertThat(Assert.java:956)
at org.junit.Assert.assertThat(Assert.java:923)
at Test_Data_Generation.Add_Tracking_Numbers_To_User.Add_Tracking_Number(Add_Tracking_Numbers_To_User.java:69)
at sun.reflect.GeneratedMethodAccessor2.invoke(Unknown Source)
at sun.reflect.DelegatingMethodAccessorImpl.invoke(Unknown Source)
at java.lang.reflect.Method.invoke(Unknown Source)
at org.testng.internal.MethodInvocationHelper.invokeMethod(MethodInvocationHelper.java:124)
at org.testng.internal.Invoker.invokeMethod(Invoker.java:580)
at org.testng.internal.Invoker.invokeTestMethod(Invoker.java:716)
at org.testng.internal.TestMethodWithDataProviderMethodWorker.call(TestMethodWithDataProviderMethodWorker.java:71)
at org.testng.internal.TestMethodWithDataProviderMethodWorker.call(TestMethodWithDataProviderMethodWorker.java:14)
at java.util.concurrent.FutureTask.run(Unknown Source)
at java.util.concurrent.Executors$RunnableAdapter.call(Unknown Source)
at java.util.concurrent.FutureTask.run(Unknown Source)
at java.util.concurrent.ThreadPoolExecutor.runWorker(Unknown Source)
at java.util.concurrent.ThreadPoolExecutor$Worker.run(Unknown Source)
at java.lang.Thread.run(Unknown Source)
]]>
    </failure>
  </testcase> <!-- Add_Tracking_Number -->
  <testcase name="Add_Tracking_Number" time="0.635" classname="Test_Data_Generation.Add_Tracking_Numbers_To_User"/>
  <testcase name="Add_Tracking_Number" time="0.249" classname="Test_Data_Generation.Add_Tracking_Numbers_To_User"/>
  <testcase name="Add_Tracking_Number" time="0.504" classname="Test_Data_Generation.Add_Tracking_Numbers_To_User"/>
  <testcase name="Add_Tracking_Number" time="0.497" classname="Test_Data_Generation.Add_Tracking_Numbers_To_User"/>
  <testcase name="Add_Tracking_Number" time="0.451" classname="Test_Data_Generation.Add_Tracking_Numbers_To_User"/>
  <testcase name="Add_Tracking_Number" time="0.508" classname="Test_Data_Generation.Add_Tracking_Numbers_To_User"/>
  <testcase name="Add_Tracking_Number" time="0.676" classname="Test_Data_Generation.Add_Tracking_Numbers_To_User"/>
  <testcase name="Add_Tracking_Number" time="0.475" classname="Test_Data_Generation.Add_Tracking_Numbers_To_User"/>
  <testcase name="Add_Tracking_Number" time="0.484" classname="Test_Data_Generation.Add_Tracking_Numbers_To_User"/>
  <testcase name="Add_Tracking_Number" time="0.578" classname="Test_Data_Generation.Add_Tracking_Numbers_To_User"/>
  <testcase name="Add_Tracking_Number" time="0.590" classname="Test_Data_Generation.Add_Tracking_Numbers_To_User"/>
  <testcase name="Add_Tracking_Number" time="0.528" classname="Test_Data_Generation.Add_Tracking_Numbers_To_User"/>
  <testcase name="Add_Tracking_Number" time="0.568" classname="Test_Data_Generation.Add_Tracking_Numbers_To_User"/>
  <testcase name="Add_Tracking_Number" time="0.488" classname="Test_Data_Generation.Add_Tracking_Numbers_To_User"/>
  <testcase name="Add_Tracking_Number" time="0.541" classname="Test_Data_Generation.Add_Tracking_Numbers_To_User"/>
  <testcase name="Add_Tracking_Number" time="0.700" classname="Test_Data_Generation.Add_Tracking_Numbers_To_User"/>
  <testcase name="Add_Tracking_Number" time="0.513" classname="Test_Data_Generation.Add_Tracking_Numbers_To_User"/>
  <testcase name="Add_Tracking_Number" time="0.598" classname="Test_Data_Generation.Add_Tracking_Numbers_To_User"/>
  <testcase name="Add_Tracking_Number" time="0.542" classname="Test_Data_Generation.Add_Tracking_Numbers_To_User"/>
  <testcase name="Add_Tracking_Number" time="0.605" classname="Test_Data_Generation.Add_Tracking_Numbers_To_User"/>
  <testcase name="Add_Tracking_Number" time="0.493" classname="Test_Data_Generation.Add_Tracking_Numbers_To_User"/>
  <testcase name="Add_Tracking_Number" time="0.529" classname="Test_Data_Generation.Add_Tracking_Numbers_To_User"/>
  <testcase name="Add_Tracking_Number" time="0.466" classname="Test_Data_Generation.Add_Tracking_Numbers_To_User"/>
  <testcase name="Add_Tracking_Number" time="0.618" classname="Test_Data_Generation.Add_Tracking_Numbers_To_User"/>
  <testcase name="Add_Tracking_Number" time="0.627" classname="Test_Data_Generation.Add_Tracking_Numbers_To_User"/>
  <testcase name="Add_Tracking_Number" time="0.633" classname="Test_Data_Generation.Add_Tracking_Numbers_To_User"/>
  <testcase name="Add_Tracking_Number" time="0.780" classname="Test_Data_Generation.Add_Tracking_Numbers_To_User"/>
  <testcase name="Add_Tracking_Number" time="0.529" classname="Test_Data_Generation.Add_Tracking_Numbers_To_User"/>
  <testcase name="Add_Tracking_Number" time="0.591" classname="Test_Data_Generation.Add_Tracking_Numbers_To_User"/>
  <testcase name="Add_Tracking_Number" time="0.560" classname="Test_Data_Generation.Add_Tracking_Numbers_To_User"/>
  <testcase name="Add_Tracking_Number" time="0.566" classname="Test_Data_Generation.Add_Tracking_Numbers_To_User"/>
  <testcase name="Add_Tracking_Number" time="0.535" classname="Test_Data_Generation.Add_Tracking_Numbers_To_User"/>
  <testcase name="Add_Tracking_Number" time="1.489" classname="Test_Data_Generation.Add_Tracking_Numbers_To_User"/>
  <testcase name="Add_Tracking_Number" time="0.559" classname="Test_Data_Generation.Add_Tracking_Numbers_To_User"/>
  <testcase name="Add_Tracking_Number" time="0.494" classname="Test_Data_Generation.Add_Tracking_Numbers_To_User"/>
  <testcase name="Add_Tracking_Number" time="0.555" classname="Test_Data_Generation.Add_Tracking_Numbers_To_User"/>
  <testcase name="Add_Tracking_Number" time="0.614" classname="Test_Data_Generation.Add_Tracking_Numbers_To_User"/>
  <testcase name="Add_Tracking_Number" time="0.513" classname="Test_Data_Generation.Add_Tracking_Numbers_To_User"/>
  <testcase name="Add_Tracking_Number" time="0.518" classname="Test_Data_Generation.Add_Tracking_Numbers_To_User"/>
  <testcase name="Add_Tracking_Number" time="0.539" classname="Test_Data_Generation.Add_Tracking_Numbers_To_User"/>
  <testcase name="Add_Tracking_Number" time="0.759" classname="Test_Data_Generation.Add_Tracking_Numbers_To_User"/>
  <testcase name="Add_Tracking_Number" time="0.497" classname="Test_Data_Generation.Add_Tracking_Numbers_To_User"/>
  <testcase name="Add_Tracking_Number" time="0.482" classname="Test_Data_Generation.Add_Tracking_Numbers_To_User"/>
  <testcase name="Add_Tracking_Number" time="0.538" classname="Test_Data_Generation.Add_Tracking_Numbers_To_User"/>
  <testcase name="Add_Tracking_Number" time="0.527" classname="Test_Data_Generation.Add_Tracking_Numbers_To_User"/>
  <testcase name="Add_Tracking_Number" time="0.072" classname="Test_Data_Generation.Add_Tracking_Numbers_To_User"/>
  <testcase name="Add_Tracking_Number" time="0.444" classname="Test_Data_Generation.Add_Tracking_Numbers_To_User"/>
  <testcase name="Add_Tracking_Number" time="0.544" classname="Test_Data_Generation.Add_Tracking_Numbers_To_User"/>
  <testcase name="Add_Tracking_Number" time="0.500" classname="Test_Data_Generation.Add_Tracking_Numbers_To_User"/>
  <testcase name="Add_Tracking_Number" time="0.408" classname="Test_Data_Generation.Add_Tracking_Numbers_To_User"/>
  <testcase name="Add_Tracking_Number" time="0.723" classname="Test_Data_Generation.Add_Tracking_Numbers_To_User"/>
  <testcase name="Add_Tracking_Number" time="0.544" classname="Test_Data_Generation.Add_Tracking_Numbers_To_User"/>
  <testcase name="Add_Tracking_Number" time="0.076" classname="Test_Data_Generation.Add_Tracking_Numbers_To_User"/>
  <testcase name="Add_Tracking_Number" time="0.506" classname="Test_Data_Generation.Add_Tracking_Numbers_To_User"/>
  <testcase name="Add_Tracking_Number" time="0.524" classname="Test_Data_Generation.Add_Tracking_Numbers_To_User"/>
  <testcase name="Add_Tracking_Number" time="0.481" classname="Test_Data_Generation.Add_Tracking_Numbers_To_User"/>
  <testcase name="Add_Tracking_Number" time="0.491" classname="Test_Data_Generation.Add_Tracking_Numbers_To_User"/>
  <testcase name="Add_Tracking_Number" time="0.475" classname="Test_Data_Generation.Add_Tracking_Numbers_To_User"/>
  <testcase name="Add_Tracking_Number" time="0.464" classname="Test_Data_Generation.Add_Tracking_Numbers_To_User"/>
  <testcase name="Add_Tracking_Number" time="0.575" classname="Test_Data_Generation.Add_Tracking_Numbers_To_User"/>
  <testcase name="Add_Tracking_Number" time="0.645" classname="Test_Data_Generation.Add_Tracking_Numbers_To_User"/>
  <testcase name="Add_Tracking_Number" time="0.478" classname="Test_Data_Generation.Add_Tracking_Numbers_To_User"/>
  <testcase name="Add_Tracking_Number" time="0.626" classname="Test_Data_Generation.Add_Tracking_Numbers_To_User"/>
  <testcase name="Add_Tracking_Number" time="0.529" classname="Test_Data_Generation.Add_Tracking_Numbers_To_User"/>
  <testcase name="Add_Tracking_Number" time="0.477" classname="Test_Data_Generation.Add_Tracking_Numbers_To_User"/>
  <testcase name="Add_Tracking_Number" time="1.319" classname="Test_Data_Generation.Add_Tracking_Numbers_To_User">
    <failure type="java.lang.AssertionError" message="
Expected: a string containing &quot;{\&quot;successful\&quot;:true&quot;
     but: was &quot;{&quot;ShipmentOptionResponse&quot;:{&quot;successful&quot;:false,&quot;errorList&quot;:[{&quot;code&quot;:&quot;2997&quot;,&quot;message&quot;:&quot;TRAQS connection/request problem&quot;,&quot;source&quot;:null,&quot;rootCause&quot;:null}],&quot;alerts&quot;:null,&quot;cxsalerts&quot;:null}}&quot;">
      <![CDATA[java.lang.AssertionError: 
Expected: a string containing "{\"successful\":true"
     but: was "{"ShipmentOptionResponse":{"successful":false,"errorList":[{"code":"2997","message":"TRAQS connection/request problem","source":null,"rootCause":null}],"alerts":null,"cxsalerts":null}}"
at org.hamcrest.MatcherAssert.assertThat(MatcherAssert.java:20)
at org.junit.Assert.assertThat(Assert.java:956)
at org.junit.Assert.assertThat(Assert.java:923)
at Test_Data_Generation.Add_Tracking_Numbers_To_User.Add_Tracking_Number(Add_Tracking_Numbers_To_User.java:69)
at sun.reflect.GeneratedMethodAccessor2.invoke(Unknown Source)
at sun.reflect.DelegatingMethodAccessorImpl.invoke(Unknown Source)
at java.lang.reflect.Method.invoke(Unknown Source)
at org.testng.internal.MethodInvocationHelper.invokeMethod(MethodInvocationHelper.java:124)
at org.testng.internal.Invoker.invokeMethod(Invoker.java:580)
at org.testng.internal.Invoker.invokeTestMethod(Invoker.java:716)
at org.testng.internal.TestMethodWithDataProviderMethodWorker.call(TestMethodWithDataProviderMethodWorker.java:71)
at org.testng.internal.TestMethodWithDataProviderMethodWorker.call(TestMethodWithDataProviderMethodWorker.java:14)
at java.util.concurrent.FutureTask.run(Unknown Source)
at java.util.concurrent.Executors$RunnableAdapter.call(Unknown Source)
at java.util.concurrent.FutureTask.run(Unknown Source)
at java.util.concurrent.ThreadPoolExecutor.runWorker(Unknown Source)
at java.util.concurrent.ThreadPoolExecutor$Worker.run(Unknown Source)
at java.lang.Thread.run(Unknown Source)
]]>
    </failure>
  </testcase> <!-- Add_Tracking_Number -->
  <testcase name="Add_Tracking_Number" time="0.549" classname="Test_Data_Generation.Add_Tracking_Numbers_To_User"/>
  <testcase name="Add_Tracking_Number" time="0.465" classname="Test_Data_Generation.Add_Tracking_Numbers_To_User"/>
  <testcase name="Add_Tracking_Number" time="0.667" classname="Test_Data_Generation.Add_Tracking_Numbers_To_User"/>
  <testcase name="Add_Tracking_Number" time="0.596" classname="Test_Data_Generation.Add_Tracking_Numbers_To_User"/>
  <testcase name="Add_Tracking_Number" time="0.499" classname="Test_Data_Generation.Add_Tracking_Numbers_To_User"/>
  <testcase name="Add_Tracking_Number" time="0.466" classname="Test_Data_Generation.Add_Tracking_Numbers_To_User"/>
  <testcase name="Add_Tracking_Number" time="0.548" classname="Test_Data_Generation.Add_Tracking_Numbers_To_User"/>
  <testcase name="Add_Tracking_Number" time="0.534" classname="Test_Data_Generation.Add_Tracking_Numbers_To_User"/>
  <testcase name="Add_Tracking_Number" time="0.511" classname="Test_Data_Generation.Add_Tracking_Numbers_To_User"/>
  <testcase name="Add_Tracking_Number" time="0.606" classname="Test_Data_Generation.Add_Tracking_Numbers_To_User"/>
  <testcase name="Add_Tracking_Number" time="0.538" classname="Test_Data_Generation.Add_Tracking_Numbers_To_User"/>
  <testcase name="Add_Tracking_Number" time="0.604" classname="Test_Data_Generation.Add_Tracking_Numbers_To_User"/>
  <testcase name="Add_Tracking_Number" time="0.489" classname="Test_Data_Generation.Add_Tracking_Numbers_To_User"/>
  <testcase name="Add_Tracking_Number" time="0.566" classname="Test_Data_Generation.Add_Tracking_Numbers_To_User"/>
  <testcase name="Add_Tracking_Number" time="0.519" classname="Test_Data_Generation.Add_Tracking_Numbers_To_User"/>
  <testcase name="Add_Tracking_Number" time="0.574" classname="Test_Data_Generation.Add_Tracking_Numbers_To_User"/>
  <testcase name="Add_Tracking_Number" time="0.532" classname="Test_Data_Generation.Add_Tracking_Numbers_To_User"/>
  <testcase name="Add_Tracking_Number" time="0.544" classname="Test_Data_Generation.Add_Tracking_Numbers_To_User"/>
  <testcase name="Add_Tracking_Number" time="0.567" classname="Test_Data_Generation.Add_Tracking_Numbers_To_User"/>
  <testcase name="Add_Tracking_Number" time="0.492" classname="Test_Data_Generation.Add_Tracking_Numbers_To_User"/>
  <testcase name="Add_Tracking_Number" time="0.680" classname="Test_Data_Generation.Add_Tracking_Numbers_To_User"/>
  <testcase name="Add_Tracking_Number" time="0.489" classname="Test_Data_Generation.Add_Tracking_Numbers_To_User"/>
  <testcase name="Add_Tracking_Number" time="0.608" classname="Test_Data_Generation.Add_Tracking_Numbers_To_User"/>
  <testcase name="Add_Tracking_Number" time="0.624" classname="Test_Data_Generation.Add_Tracking_Numbers_To_User"/>
  <testcase name="Add_Tracking_Number" time="0.545" classname="Test_Data_Generation.Add_Tracking_Numbers_To_User"/>
  <testcase name="Add_Tracking_Number" time="0.511" classname="Test_Data_Generation.Add_Tracking_Numbers_To_User"/>
  <testcase name="Add_Tracking_Number" time="0.574" classname="Test_Data_Generation.Add_Tracking_Numbers_To_User"/>
  <testcase name="Add_Tracking_Number" time="0.543" classname="Test_Data_Generation.Add_Tracking_Numbers_To_User"/>
  <testcase name="Add_Tracking_Number" time="0.576" classname="Test_Data_Generation.Add_Tracking_Numbers_To_User"/>
  <testcase name="Add_Tracking_Number" time="0.513" classname="Test_Data_Generation.Add_Tracking_Numbers_To_User"/>
  <testcase name="Add_Tracking_Number" time="0.506" classname="Test_Data_Generation.Add_Tracking_Numbers_To_User"/>
  <testcase name="Add_Tracking_Number" time="0.679" classname="Test_Data_Generation.Add_Tracking_Numbers_To_User"/>
  <testcase name="Add_Tracking_Number" time="0.687" classname="Test_Data_Generation.Add_Tracking_Numbers_To_User"/>
  <testcase name="Add_Tracking_Number" time="0.565" classname="Test_Data_Generation.Add_Tracking_Numbers_To_User"/>
  <testcase name="Add_Tracking_Number" time="0.801" classname="Test_Data_Generation.Add_Tracking_Numbers_To_User"/>
  <testcase name="Add_Tracking_Number" time="0.525" classname="Test_Data_Generation.Add_Tracking_Numbers_To_User"/>
  <testcase name="Add_Tracking_Number" time="0.496" classname="Test_Data_Generation.Add_Tracking_Numbers_To_User"/>
  <testcase name="Add_Tracking_Number" time="0.528" classname="Test_Data_Generation.Add_Tracking_Numbers_To_User"/>
  <testcase name="Add_Tracking_Number" time="0.543" classname="Test_Data_Generation.Add_Tracking_Numbers_To_User"/>
  <testcase name="Add_Tracking_Number" time="0.550" classname="Test_Data_Generation.Add_Tracking_Numbers_To_User"/>
  <testcase name="Add_Tracking_Number" time="0.509" classname="Test_Data_Generation.Add_Tracking_Numbers_To_User"/>
  <testcase name="Add_Tracking_Number" time="0.552" classname="Test_Data_Generation.Add_Tracking_Numbers_To_User"/>
  <testcase name="Add_Tracking_Number" time="0.687" classname="Test_Data_Generation.Add_Tracking_Numbers_To_User"/>
  <testcase name="Add_Tracking_Number" time="0.546" classname="Test_Data_Generation.Add_Tracking_Numbers_To_User"/>
  <testcase name="Add_Tracking_Number" time="0.462" classname="Test_Data_Generation.Add_Tracking_Numbers_To_User"/>
  <testcase name="Add_Tracking_Number" time="0.588" classname="Test_Data_Generation.Add_Tracking_Numbers_To_User"/>
  <testcase name="Add_Tracking_Number" time="0.486" classname="Test_Data_Generation.Add_Tracking_Numbers_To_User"/>
  <testcase name="Add_Tracking_Number" time="0.593" classname="Test_Data_Generation.Add_Tracking_Numbers_To_User"/>
  <testcase name="Add_Tracking_Number" time="0.321" classname="Test_Data_Generation.Add_Tracking_Numbers_To_User"/>
  <testcase name="Add_Tracking_Number" time="0.558" classname="Test_Data_Generation.Add_Tracking_Numbers_To_User"/>
  <testcase name="Add_Tracking_Number" time="0.475" classname="Test_Data_Generation.Add_Tracking_Numbers_To_User"/>
  <testcase name="Add_Tracking_Number" time="0.693" classname="Test_Data_Generation.Add_Tracking_Numbers_To_User"/>
  <testcase name="Add_Tracking_Number" time="0.499" classname="Test_Data_Generation.Add_Tracking_Numbers_To_User"/>
  <testcase name="Add_Tracking_Number" time="0.516" classname="Test_Data_Generation.Add_Tracking_Numbers_To_User"/>
  <testcase name="Add_Tracking_Number" time="0.452" classname="Test_Data_Generation.Add_Tracking_Numbers_To_User"/>
  <testcase name="Add_Tracking_Number" time="0.511" classname="Test_Data_Generation.Add_Tracking_Numbers_To_User"/>
  <testcase name="Add_Tracking_Number" time="0.677" classname="Test_Data_Generation.Add_Tracking_Numbers_To_User"/>
  <testcase name="Add_Tracking_Number" time="0.490" classname="Test_Data_Generation.Add_Tracking_Numbers_To_User"/>
  <testcase name="Add_Tracking_Number" time="0.621" classname="Test_Data_Generation.Add_Tracking_Numbers_To_User"/>
  <testcase name="Add_Tracking_Number" time="0.536" classname="Test_Data_Generation.Add_Tracking_Numbers_To_User"/>
  <testcase name="Add_Tracking_Number" time="0.561" classname="Test_Data_Generation.Add_Tracking_Numbers_To_User"/>
  <testcase name="Add_Tracking_Number" time="0.561" classname="Test_Data_Generation.Add_Tracking_Numbers_To_User"/>
  <testcase name="Add_Tracking_Number" time="0.599" classname="Test_Data_Generation.Add_Tracking_Numbers_To_User"/>
  <testcase name="Add_Tracking_Number" time="0.592" classname="Test_Data_Generation.Add_Tracking_Numbers_To_User"/>
  <testcase name="Add_Tracking_Number" time="0.474" classname="Test_Data_Generation.Add_Tracking_Numbers_To_User"/>
  <testcase name="Add_Tracking_Number" time="0.645" classname="Test_Data_Generation.Add_Tracking_Numbers_To_User"/>
  <testcase name="Add_Tracking_Number" time="0.682" classname="Test_Data_Generation.Add_Tracking_Numbers_To_User"/>
  <testcase name="Add_Tracking_Number" time="0.565" classname="Test_Data_Generation.Add_Tracking_Numbers_To_User"/>
  <testcase name="Add_Tracking_Number" time="0.479" classname="Test_Data_Generation.Add_Tracking_Numbers_To_User"/>
  <testcase name="Add_Tracking_Number" time="0.586" classname="Test_Data_Generation.Add_Tracking_Numbers_To_User"/>
  <testcase name="Add_Tracking_Number" time="0.551" classname="Test_Data_Generation.Add_Tracking_Numbers_To_User"/>
  <testcase name="Add_Tracking_Number" time="0.566" classname="Test_Data_Generation.Add_Tracking_Numbers_To_User"/>
  <testcase name="Add_Tracking_Number" time="0.535" classname="Test_Data_Generation.Add_Tracking_Numbers_To_User"/>
  <testcase name="Add_Tracking_Number" time="0.591" classname="Test_Data_Generation.Add_Tracking_Numbers_To_User"/>
  <testcase name="Add_Tracking_Number" time="0.454" classname="Test_Data_Generation.Add_Tracking_Numbers_To_User"/>
  <testcase name="Add_Tracking_Number" time="0.486" classname="Test_Data_Generation.Add_Tracking_Numbers_To_User"/>
  <testcase name="Add_Tracking_Number" time="0.224" classname="Test_Data_Generation.Add_Tracking_Numbers_To_User"/>
  <testcase name="Add_Tracking_Number" time="0.479" classname="Test_Data_Generation.Add_Tracking_Numbers_To_User"/>
  <testcase name="Add_Tracking_Number" time="0.499" classname="Test_Data_Generation.Add_Tracking_Numbers_To_User"/>
  <testcase name="Add_Tracking_Number" time="0.586" classname="Test_Data_Generation.Add_Tracking_Numbers_To_User"/>
  <testcase name="Add_Tracking_Number" time="0.545" classname="Test_Data_Generation.Add_Tracking_Numbers_To_User"/>
  <testcase name="Add_Tracking_Number" time="0.633" classname="Test_Data_Generation.Add_Tracking_Numbers_To_User"/>
  <testcase name="Add_Tracking_Number" time="0.581" classname="Test_Data_Generation.Add_Tracking_Numbers_To_User"/>
  <testcase name="Add_Tracking_Number" time="0.528" classname="Test_Data_Generation.Add_Tracking_Numbers_To_User"/>
  <testcase name="Add_Tracking_Number" time="0.525" classname="Test_Data_Generation.Add_Tracking_Numbers_To_User"/>
  <testcase name="Add_Tracking_Number" time="0.684" classname="Test_Data_Generation.Add_Tracking_Numbers_To_User"/>
  <testcase name="Add_Tracking_Number" time="0.543" classname="Test_Data_Generation.Add_Tracking_Numbers_To_User"/>
  <testcase name="Add_Tracking_Number" time="0.585" classname="Test_Data_Generation.Add_Tracking_Numbers_To_User"/>
  <testcase name="Add_Tracking_Number" time="0.557" classname="Test_Data_Generation.Add_Tracking_Numbers_To_User"/>
  <testcase name="Add_Tracking_Number" time="0.429" classname="Test_Data_Generation.Add_Tracking_Numbers_To_User">
    <failure type="java.lang.AssertionError" message="
Expected: a string containing &quot;{\&quot;successful\&quot;:true&quot;
     but: was &quot;{&quot;ShipmentOptionResponse&quot;:{&quot;successful&quot;:false,&quot;errorList&quot;:[{&quot;code&quot;:&quot;2997&quot;,&quot;message&quot;:&quot;TRAQS connection/request problem&quot;,&quot;source&quot;:null,&quot;rootCause&quot;:null}],&quot;alerts&quot;:null,&quot;cxsalerts&quot;:null}}&quot;">
      <![CDATA[java.lang.AssertionError: 
Expected: a string containing "{\"successful\":true"
     but: was "{"ShipmentOptionResponse":{"successful":false,"errorList":[{"code":"2997","message":"TRAQS connection/request problem","source":null,"rootCause":null}],"alerts":null,"cxsalerts":null}}"
at org.hamcrest.MatcherAssert.assertThat(MatcherAssert.java:20)
at org.junit.Assert.assertThat(Assert.java:956)
at org.junit.Assert.assertThat(Assert.java:923)
at Test_Data_Generation.Add_Tracking_Numbers_To_User.Add_Tracking_Number(Add_Tracking_Numbers_To_User.java:69)
at sun.reflect.GeneratedMethodAccessor2.invoke(Unknown Source)
at sun.reflect.DelegatingMethodAccessorImpl.invoke(Unknown Source)
at java.lang.reflect.Method.invoke(Unknown Source)
at org.testng.internal.MethodInvocationHelper.invokeMethod(MethodInvocationHelper.java:124)
at org.testng.internal.Invoker.invokeMethod(Invoker.java:580)
at org.testng.internal.Invoker.invokeTestMethod(Invoker.java:716)
at org.testng.internal.TestMethodWithDataProviderMethodWorker.call(TestMethodWithDataProviderMethodWorker.java:71)
at org.testng.internal.TestMethodWithDataProviderMethodWorker.call(TestMethodWithDataProviderMethodWorker.java:14)
at java.util.concurrent.FutureTask.run(Unknown Source)
at java.util.concurrent.Executors$RunnableAdapter.call(Unknown Source)
at java.util.concurrent.FutureTask.run(Unknown Source)
at java.util.concurrent.ThreadPoolExecutor.runWorker(Unknown Source)
at java.util.concurrent.ThreadPoolExecutor$Worker.run(Unknown Source)
at java.lang.Thread.run(Unknown Source)
]]>
    </failure>
  </testcase> <!-- Add_Tracking_Number -->
  <testcase name="Add_Tracking_Number" time="0.618" classname="Test_Data_Generation.Add_Tracking_Numbers_To_User"/>
  <testcase name="Add_Tracking_Number" time="0.513" classname="Test_Data_Generation.Add_Tracking_Numbers_To_User"/>
  <testcase name="Add_Tracking_Number" time="0.516" classname="Test_Data_Generation.Add_Tracking_Numbers_To_User"/>
  <testcase name="Add_Tracking_Number" time="0.462" classname="Test_Data_Generation.Add_Tracking_Numbers_To_User"/>
  <testcase name="Add_Tracking_Number" time="0.506" classname="Test_Data_Generation.Add_Tracking_Numbers_To_User"/>
  <testcase name="Add_Tracking_Number" time="0.217" classname="Test_Data_Generation.Add_Tracking_Numbers_To_User"/>
  <testcase name="Add_Tracking_Number" time="0.641" classname="Test_Data_Generation.Add_Tracking_Numbers_To_User"/>
  <testcase name="Add_Tracking_Number" time="0.525" classname="Test_Data_Generation.Add_Tracking_Numbers_To_User"/>
  <testcase name="Add_Tracking_Number" time="0.498" classname="Test_Data_Generation.Add_Tracking_Numbers_To_User"/>
  <testcase name="Add_Tracking_Number" time="0.635" classname="Test_Data_Generation.Add_Tracking_Numbers_To_User"/>
  <testcase name="Add_Tracking_Number" time="0.446" classname="Test_Data_Generation.Add_Tracking_Numbers_To_User"/>
  <testcase name="Add_Tracking_Number" time="0.512" classname="Test_Data_Generation.Add_Tracking_Numbers_To_User"/>
  <testcase name="Add_Tracking_Number" time="0.534" classname="Test_Data_Generation.Add_Tracking_Numbers_To_User"/>
  <testcase name="Add_Tracking_Number" time="0.500" classname="Test_Data_Generation.Add_Tracking_Numbers_To_User"/>
  <testcase name="Add_Tracking_Number" time="0.528" classname="Test_Data_Generation.Add_Tracking_Numbers_To_User"/>
  <testcase name="Add_Tracking_Number" time="0.503" classname="Test_Data_Generation.Add_Tracking_Numbers_To_User"/>
  <testcase name="Add_Tracking_Number" time="0.516" classname="Test_Data_Generation.Add_Tracking_Numbers_To_User"/>
  <testcase name="Add_Tracking_Number" time="0.597" classname="Test_Data_Generation.Add_Tracking_Numbers_To_User"/>
  <testcase name="Add_Tracking_Number" time="0.573" classname="Test_Data_Generation.Add_Tracking_Numbers_To_User"/>
  <testcase name="Add_Tracking_Number" time="0.575" classname="Test_Data_Generation.Add_Tracking_Numbers_To_User"/>
  <testcase name="Add_Tracking_Number" time="0.543" classname="Test_Data_Generation.Add_Tracking_Numbers_To_User"/>
  <testcase name="Add_Tracking_Number" time="0.623" classname="Test_Data_Generation.Add_Tracking_Numbers_To_User"/>
  <testcase name="Add_Tracking_Number" time="0.572" classname="Test_Data_Generation.Add_Tracking_Numbers_To_User"/>
  <testcase name="Add_Tracking_Number" time="0.546" classname="Test_Data_Generation.Add_Tracking_Numbers_To_User"/>
  <testcase name="Add_Tracking_Number" time="0.515" classname="Test_Data_Generation.Add_Tracking_Numbers_To_User"/>
  <testcase name="Add_Tracking_Number" time="0.606" classname="Test_Data_Generation.Add_Tracking_Numbers_To_User"/>
  <testcase name="Add_Tracking_Number" time="0.588" classname="Test_Data_Generation.Add_Tracking_Numbers_To_User"/>
  <testcase name="Add_Tracking_Number" time="0.528" classname="Test_Data_Generation.Add_Tracking_Numbers_To_User"/>
  <testcase name="Add_Tracking_Number" time="0.502" classname="Test_Data_Generation.Add_Tracking_Numbers_To_User"/>
  <testcase name="Add_Tracking_Number" time="0.495" classname="Test_Data_Generation.Add_Tracking_Numbers_To_User"/>
  <testcase name="Add_Tracking_Number" time="0.583" classname="Test_Data_Generation.Add_Tracking_Numbers_To_User"/>
  <testcase name="Add_Tracking_Number" time="0.482" classname="Test_Data_Generation.Add_Tracking_Numbers_To_User"/>
  <testcase name="Add_Tracking_Number" time="0.492" classname="Test_Data_Generation.Add_Tracking_Numbers_To_User"/>
  <testcase name="Add_Tracking_Number" time="0.566" classname="Test_Data_Generation.Add_Tracking_Numbers_To_User"/>
  <testcase name="Add_Tracking_Number" time="0.505" classname="Test_Data_Generation.Add_Tracking_Numbers_To_User"/>
  <testcase name="Add_Tracking_Number" time="0.480" classname="Test_Data_Generation.Add_Tracking_Numbers_To_User"/>
  <testcase name="Add_Tracking_Number" time="0.546" classname="Test_Data_Generation.Add_Tracking_Numbers_To_User"/>
  <testcase name="Add_Tracking_Number" time="0.704" classname="Test_Data_Generation.Add_Tracking_Numbers_To_User"/>
  <testcase name="Add_Tracking_Number" time="0.468" classname="Test_Data_Generation.Add_Tracking_Numbers_To_User"/>
  <testcase name="Add_Tracking_Number" time="0.757" classname="Test_Data_Generation.Add_Tracking_Numbers_To_User"/>
  <testcase name="Add_Tracking_Number" time="0.520" classname="Test_Data_Generation.Add_Tracking_Numbers_To_User"/>
  <testcase name="Add_Tracking_Number" time="0.536" classname="Test_Data_Generation.Add_Tracking_Numbers_To_User"/>
  <testcase name="Add_Tracking_Number" time="0.548" classname="Test_Data_Generation.Add_Tracking_Numbers_To_User"/>
  <testcase name="Add_Tracking_Number" time="0.213" classname="Test_Data_Generation.Add_Tracking_Numbers_To_User"/>
  <testcase name="Add_Tracking_Number" time="0.710" classname="Test_Data_Generation.Add_Tracking_Numbers_To_User"/>
  <testcase name="Add_Tracking_Number" time="0.532" classname="Test_Data_Generation.Add_Tracking_Numbers_To_User"/>
  <testcase name="Add_Tracking_Number" time="0.539" classname="Test_Data_Generation.Add_Tracking_Numbers_To_User"/>
  <testcase name="Add_Tracking_Number" time="0.551" classname="Test_Data_Generation.Add_Tracking_Numbers_To_User"/>
  <testcase name="Add_Tracking_Number" time="0.529" classname="Test_Data_Generation.Add_Tracking_Numbers_To_User"/>
  <testcase name="Add_Tracking_Number" time="0.470" classname="Test_Data_Generation.Add_Tracking_Numbers_To_User"/>
  <testcase name="Add_Tracking_Number" time="0.564" classname="Test_Data_Generation.Add_Tracking_Numbers_To_User"/>
  <testcase name="Add_Tracking_Number" time="0.531" classname="Test_Data_Generation.Add_Tracking_Numbers_To_User"/>
  <testcase name="Add_Tracking_Number" time="0.579" classname="Test_Data_Generation.Add_Tracking_Numbers_To_User"/>
  <testcase name="Add_Tracking_Number" time="0.474" classname="Test_Data_Generation.Add_Tracking_Numbers_To_User"/>
  <testcase name="Add_Tracking_Number" time="0.536" classname="Test_Data_Generation.Add_Tracking_Numbers_To_User"/>
  <testcase name="Add_Tracking_Number" time="0.566" classname="Test_Data_Generation.Add_Tracking_Numbers_To_User"/>
  <testcase name="Add_Tracking_Number" time="0.520" classname="Test_Data_Generation.Add_Tracking_Numbers_To_User"/>
  <testcase name="Add_Tracking_Number" time="0.659" classname="Test_Data_Generation.Add_Tracking_Numbers_To_User"/>
  <testcase name="Add_Tracking_Number" time="0.537" classname="Test_Data_Generation.Add_Tracking_Numbers_To_User"/>
  <testcase name="Add_Tracking_Number" time="0.554" classname="Test_Data_Generation.Add_Tracking_Numbers_To_User"/>
  <testcase name="Add_Tracking_Number" time="0.488" classname="Test_Data_Generation.Add_Tracking_Numbers_To_User"/>
  <testcase name="Add_Tracking_Number" time="0.537" classname="Test_Data_Generation.Add_Tracking_Numbers_To_User"/>
  <testcase name="Add_Tracking_Number" time="0.555" classname="Test_Data_Generation.Add_Tracking_Numbers_To_User"/>
  <testcase name="Add_Tracking_Number" time="0.529" classname="Test_Data_Generation.Add_Tracking_Numbers_To_User"/>
  <testcase name="Add_Tracking_Number" time="0.553" classname="Test_Data_Generation.Add_Tracking_Numbers_To_User"/>
  <testcase name="Add_Tracking_Number" time="0.658" classname="Test_Data_Generation.Add_Tracking_Numbers_To_User"/>
  <testcase name="Add_Tracking_Number" time="0.555" classname="Test_Data_Generation.Add_Tracking_Numbers_To_User"/>
  <testcase name="Add_Tracking_Number" time="0.696" classname="Test_Data_Generation.Add_Tracking_Numbers_To_User"/>
  <testcase name="Add_Tracking_Number" time="0.652" classname="Test_Data_Generation.Add_Tracking_Numbers_To_User"/>
  <testcase name="Add_Tracking_Number" time="0.053" classname="Test_Data_Generation.Add_Tracking_Numbers_To_User"/>
  <testcase name="Add_Tracking_Number" time="0.625" classname="Test_Data_Generation.Add_Tracking_Numbers_To_User"/>
  <testcase name="Add_Tracking_Number" time="0.674" classname="Test_Data_Generation.Add_Tracking_Numbers_To_User"/>
  <testcase name="Add_Tracking_Number" time="0.499" classname="Test_Data_Generation.Add_Tracking_Numbers_To_User"/>
  <testcase name="Add_Tracking_Number" time="0.494" classname="Test_Data_Generation.Add_Tracking_Numbers_To_User"/>
  <testcase name="Add_Tracking_Number" time="0.496" classname="Test_Data_Generation.Add_Tracking_Numbers_To_User"/>
  <testcase name="Add_Tracking_Number" time="0.546" classname="Test_Data_Generation.Add_Tracking_Numbers_To_User"/>
  <testcase name="Add_Tracking_Number" time="0.625" classname="Test_Data_Generation.Add_Tracking_Numbers_To_User"/>
  <testcase name="Add_Tracking_Number" time="0.450" classname="Test_Data_Generation.Add_Tracking_Numbers_To_User"/>
  <testcase name="Add_Tracking_Number" time="0.262" classname="Test_Data_Generation.Add_Tracking_Numbers_To_User"/>
  <testcase name="Add_Tracking_Number" time="0.613" classname="Test_Data_Generation.Add_Tracking_Numbers_To_User"/>
  <testcase name="Add_Tracking_Number" time="0.488" classname="Test_Data_Generation.Add_Tracking_Numbers_To_User"/>
  <testcase name="Add_Tracking_Number" time="0.566" classname="Test_Data_Generation.Add_Tracking_Numbers_To_User"/>
  <testcase name="Add_Tracking_Number" time="0.553" classname="Test_Data_Generation.Add_Tracking_Numbers_To_User"/>
  <testcase name="Add_Tracking_Number" time="0.532" classname="Test_Data_Generation.Add_Tracking_Numbers_To_User"/>
  <testcase name="Add_Tracking_Number" time="0.611" classname="Test_Data_Generation.Add_Tracking_Numbers_To_User"/>
  <testcase name="Add_Tracking_Number" time="0.628" classname="Test_Data_Generation.Add_Tracking_Numbers_To_User"/>
  <testcase name="Add_Tracking_Number" time="0.768" classname="Test_Data_Generation.Add_Tracking_Numbers_To_User"/>
  <testcase name="Add_Tracking_Number" time="0.448" classname="Test_Data_Generation.Add_Tracking_Numbers_To_User"/>
  <testcase name="Add_Tracking_Number" time="0.536" classname="Test_Data_Generation.Add_Tracking_Numbers_To_User"/>
  <testcase name="Add_Tracking_Number" time="0.476" classname="Test_Data_Generation.Add_Tracking_Numbers_To_User"/>
  <testcase name="Add_Tracking_Number" time="0.460" classname="Test_Data_Generation.Add_Tracking_Numbers_To_User"/>
  <testcase name="Add_Tracking_Number" time="0.475" classname="Test_Data_Generation.Add_Tracking_Numbers_To_User"/>
  <testcase name="Add_Tracking_Number" time="0.546" classname="Test_Data_Generation.Add_Tracking_Numbers_To_User"/>
  <testcase name="Add_Tracking_Number" time="0.581" classname="Test_Data_Generation.Add_Tracking_Numbers_To_User"/>
  <testcase name="Add_Tracking_Number" time="0.464" classname="Test_Data_Generation.Add_Tracking_Numbers_To_User"/>
  <testcase name="Add_Tracking_Number" time="0.451" classname="Test_Data_Generation.Add_Tracking_Numbers_To_User"/>
  <testcase name="Add_Tracking_Number" time="0.520" classname="Test_Data_Generation.Add_Tracking_Numbers_To_User"/>
  <testcase name="Add_Tracking_Number" time="0.830" classname="Test_Data_Generation.Add_Tracking_Numbers_To_User"/>
  <testcase name="Add_Tracking_Number" time="0.531" classname="Test_Data_Generation.Add_Tracking_Numbers_To_User"/>
  <testcase name="Add_Tracking_Number" time="0.482" classname="Test_Data_Generation.Add_Tracking_Numbers_To_User"/>
  <testcase name="Add_Tracking_Number" time="0.682" classname="Test_Data_Generation.Add_Tracking_Numbers_To_User"/>
  <testcase name="Add_Tracking_Number" time="0.580" classname="Test_Data_Generation.Add_Tracking_Numbers_To_User"/>
  <testcase name="Add_Tracking_Number" time="0.510" classname="Test_Data_Generation.Add_Tracking_Numbers_To_User"/>
  <testcase name="Add_Tracking_Number" time="0.525" classname="Test_Data_Generation.Add_Tracking_Numbers_To_User"/>
  <testcase name="Add_Tracking_Number" time="0.500" classname="Test_Data_Generation.Add_Tracking_Numbers_To_User"/>
  <testcase name="Add_Tracking_Number" time="0.532" classname="Test_Data_Generation.Add_Tracking_Numbers_To_User"/>
  <testcase name="Add_Tracking_Number" time="0.749" classname="Test_Data_Generation.Add_Tracking_Numbers_To_User"/>
  <testcase name="Add_Tracking_Number" time="0.585" classname="Test_Data_Generation.Add_Tracking_Numbers_To_User"/>
  <testcase name="Add_Tracking_Number" time="0.553" classname="Test_Data_Generation.Add_Tracking_Numbers_To_User"/>
  <testcase name="Add_Tracking_Number" time="0.712" classname="Test_Data_Generation.Add_Tracking_Numbers_To_User"/>
  <testcase name="Add_Tracking_Number" time="0.548" classname="Test_Data_Generation.Add_Tracking_Numbers_To_User"/>
  <testcase name="Add_Tracking_Number" time="0.499" classname="Test_Data_Generation.Add_Tracking_Numbers_To_User"/>
  <testcase name="Add_Tracking_Number" time="0.531" classname="Test_Data_Generation.Add_Tracking_Numbers_To_User"/>
  <testcase name="Add_Tracking_Number" time="0.517" classname="Test_Data_Generation.Add_Tracking_Numbers_To_User"/>
  <testcase name="Add_Tracking_Number" time="0.579" classname="Test_Data_Generation.Add_Tracking_Numbers_To_User"/>
  <testcase name="Add_Tracking_Number" time="0.500" classname="Test_Data_Generation.Add_Tracking_Numbers_To_User"/>
  <testcase name="Add_Tracking_Number" time="0.526" classname="Test_Data_Generation.Add_Tracking_Numbers_To_User"/>
  <testcase name="Add_Tracking_Number" time="0.572" classname="Test_Data_Generation.Add_Tracking_Numbers_To_User"/>
  <testcase name="Add_Tracking_Number" time="0.510" classname="Test_Data_Generation.Add_Tracking_Numbers_To_User"/>
  <testcase name="Add_Tracking_Number" time="0.500" classname="Test_Data_Generation.Add_Tracking_Numbers_To_User"/>
  <testcase name="Add_Tracking_Number" time="0.511" classname="Test_Data_Generation.Add_Tracking_Numbers_To_User"/>
  <testcase name="Add_Tracking_Number" time="0.680" classname="Test_Data_Generation.Add_Tracking_Numbers_To_User"/>
  <testcase name="Add_Tracking_Number" time="0.858" classname="Test_Data_Generation.Add_Tracking_Numbers_To_User"/>
  <testcase name="Add_Tracking_Number" time="0.564" classname="Test_Data_Generation.Add_Tracking_Numbers_To_User"/>
  <testcase name="Add_Tracking_Number" time="0.579" classname="Test_Data_Generation.Add_Tracking_Numbers_To_User"/>
  <testcase name="Add_Tracking_Number" time="0.508" classname="Test_Data_Generation.Add_Tracking_Numbers_To_User"/>
  <testcase name="Add_Tracking_Number" time="0.488" classname="Test_Data_Generation.Add_Tracking_Numbers_To_User"/>
  <testcase name="Add_Tracking_Number" time="0.458" classname="Test_Data_Generation.Add_Tracking_Numbers_To_User"/>
  <testcase name="Add_Tracking_Number" time="0.531" classname="Test_Data_Generation.Add_Tracking_Numbers_To_User"/>
  <testcase name="Add_Tracking_Number" time="0.557" classname="Test_Data_Generation.Add_Tracking_Numbers_To_User"/>
  <testcase name="Add_Tracking_Number" time="0.472" classname="Test_Data_Generation.Add_Tracking_Numbers_To_User"/>
  <testcase name="Add_Tracking_Number" time="0.486" classname="Test_Data_Generation.Add_Tracking_Numbers_To_User"/>
  <testcase name="Add_Tracking_Number" time="0.469" classname="Test_Data_Generation.Add_Tracking_Numbers_To_User"/>
  <testcase name="Add_Tracking_Number" time="0.513" classname="Test_Data_Generation.Add_Tracking_Numbers_To_User"/>
  <testcase name="Add_Tracking_Number" time="0.518" classname="Test_Data_Generation.Add_Tracking_Numbers_To_User"/>
  <testcase name="Add_Tracking_Number" time="1.191" classname="Test_Data_Generation.Add_Tracking_Numbers_To_User"/>
  <testcase name="Add_Tracking_Number" time="0.539" classname="Test_Data_Generation.Add_Tracking_Numbers_To_User"/>
  <testcase name="Add_Tracking_Number" time="0.552" classname="Test_Data_Generation.Add_Tracking_Numbers_To_User"/>
  <testcase name="Add_Tracking_Number" time="1.083" classname="Test_Data_Generation.Add_Tracking_Numbers_To_User"/>
  <testcase name="Add_Tracking_Number" time="0.495" classname="Test_Data_Generation.Add_Tracking_Numbers_To_User"/>
  <testcase name="Add_Tracking_Number" time="0.684" classname="Test_Data_Generation.Add_Tracking_Numbers_To_User"/>
  <testcase name="Add_Tracking_Number" time="0.486" classname="Test_Data_Generation.Add_Tracking_Numbers_To_User"/>
  <testcase name="Add_Tracking_Number" time="0.500" classname="Test_Data_Generation.Add_Tracking_Numbers_To_User"/>
  <testcase name="Add_Tracking_Number" time="0.508" classname="Test_Data_Generation.Add_Tracking_Numbers_To_User"/>
  <testcase name="Add_Tracking_Number" time="0.570" classname="Test_Data_Generation.Add_Tracking_Numbers_To_User"/>
  <testcase name="Add_Tracking_Number" time="0.586" classname="Test_Data_Generation.Add_Tracking_Numbers_To_User"/>
  <testcase name="Add_Tracking_Number" time="0.475" classname="Test_Data_Generation.Add_Tracking_Numbers_To_User"/>
  <testcase name="Add_Tracking_Number" time="0.542" classname="Test_Data_Generation.Add_Tracking_Numbers_To_User"/>
  <testcase name="Add_Tracking_Number" time="0.740" classname="Test_Data_Generation.Add_Tracking_Numbers_To_User"/>
  <testcase name="Add_Tracking_Number" time="0.498" classname="Test_Data_Generation.Add_Tracking_Numbers_To_User"/>
  <testcase name="Add_Tracking_Number" time="0.716" classname="Test_Data_Generation.Add_Tracking_Numbers_To_User"/>
  <testcase name="Add_Tracking_Number" time="0.613" classname="Test_Data_Generation.Add_Tracking_Numbers_To_User"/>
  <testcase name="Add_Tracking_Number" time="0.489" classname="Test_Data_Generation.Add_Tracking_Numbers_To_User"/>
  <testcase name="Add_Tracking_Number" time="0.457" classname="Test_Data_Generation.Add_Tracking_Numbers_To_User"/>
  <testcase name="Add_Tracking_Number" time="0.470" classname="Test_Data_Generation.Add_Tracking_Numbers_To_User"/>
  <testcase name="Add_Tracking_Number" time="0.558" classname="Test_Data_Generation.Add_Tracking_Numbers_To_User"/>
  <testcase name="Add_Tracking_Number" time="0.644" classname="Test_Data_Generation.Add_Tracking_Numbers_To_User"/>
  <testcase name="Add_Tracking_Number" time="0.562" classname="Test_Data_Generation.Add_Tracking_Numbers_To_User"/>
  <testcase name="Add_Tracking_Number" time="0.526" classname="Test_Data_Generation.Add_Tracking_Numbers_To_User"/>
  <testcase name="Add_Tracking_Number" time="0.646" classname="Test_Data_Generation.Add_Tracking_Numbers_To_User"/>
  <testcase name="Add_Tracking_Number" time="0.750" classname="Test_Data_Generation.Add_Tracking_Numbers_To_User"/>
  <testcase name="Add_Tracking_Number" time="0.525" classname="Test_Data_Generation.Add_Tracking_Numbers_To_User"/>
  <testcase name="Add_Tracking_Number" time="0.539" classname="Test_Data_Generation.Add_Tracking_Numbers_To_User"/>
  <testcase name="Add_Tracking_Number" time="0.987" classname="Test_Data_Generation.Add_Tracking_Numbers_To_User"/>
  <testcase name="Add_Tracking_Number" time="0.473" classname="Test_Data_Generation.Add_Tracking_Numbers_To_User"/>
  <testcase name="Add_Tracking_Number" time="0.505" classname="Test_Data_Generation.Add_Tracking_Numbers_To_User"/>
  <testcase name="Add_Tracking_Number" time="0.670" classname="Test_Data_Generation.Add_Tracking_Numbers_To_User"/>
  <testcase name="Add_Tracking_Number" time="0.538" classname="Test_Data_Generation.Add_Tracking_Numbers_To_User"/>
  <testcase name="Add_Tracking_Number" time="0.654" classname="Test_Data_Generation.Add_Tracking_Numbers_To_User"/>
  <testcase name="Add_Tracking_Number" time="0.501" classname="Test_Data_Generation.Add_Tracking_Numbers_To_User"/>
  <testcase name="Add_Tracking_Number" time="0.526" classname="Test_Data_Generation.Add_Tracking_Numbers_To_User"/>
  <testcase name="Add_Tracking_Number" time="0.548" classname="Test_Data_Generation.Add_Tracking_Numbers_To_User"/>
  <testcase name="Add_Tracking_Number" time="0.556" classname="Test_Data_Generation.Add_Tracking_Numbers_To_User"/>
  <testcase name="Add_Tracking_Number" time="0.625" classname="Test_Data_Generation.Add_Tracking_Numbers_To_User"/>
  <testcase name="Add_Tracking_Number" time="0.562" classname="Test_Data_Generation.Add_Tracking_Numbers_To_User"/>
  <testcase name="Add_Tracking_Number" time="0.808" classname="Test_Data_Generation.Add_Tracking_Numbers_To_User"/>
  <testcase name="Add_Tracking_Number" time="0.474" classname="Test_Data_Generation.Add_Tracking_Numbers_To_User"/>
  <testcase name="Add_Tracking_Number" time="0.774" classname="Test_Data_Generation.Add_Tracking_Numbers_To_User"/>
  <testcase name="Add_Tracking_Number" time="0.555" classname="Test_Data_Generation.Add_Tracking_Numbers_To_User"/>
  <testcase name="Add_Tracking_Number" time="0.564" classname="Test_Data_Generation.Add_Tracking_Numbers_To_User"/>
  <testcase name="Add_Tracking_Number" time="1.053" classname="Test_Data_Generation.Add_Tracking_Numbers_To_User"/>
  <testcase name="Add_Tracking_Number" time="0.461" classname="Test_Data_Generation.Add_Tracking_Numbers_To_User"/>
  <testcase name="Add_Tracking_Number" time="0.470" classname="Test_Data_Generation.Add_Tracking_Numbers_To_User"/>
  <testcase name="Add_Tracking_Number" time="0.656" classname="Test_Data_Generation.Add_Tracking_Numbers_To_User"/>
  <testcase name="Add_Tracking_Number" time="0.793" classname="Test_Data_Generation.Add_Tracking_Numbers_To_User"/>
  <testcase name="Add_Tracking_Number" time="0.477" classname="Test_Data_Generation.Add_Tracking_Numbers_To_User"/>
  <testcase name="Add_Tracking_Number" time="0.582" classname="Test_Data_Generation.Add_Tracking_Numbers_To_User"/>
  <testcase name="Add_Tracking_Number" time="0.477" classname="Test_Data_Generation.Add_Tracking_Numbers_To_User"/>
  <testcase name="Add_Tracking_Number" time="0.599" classname="Test_Data_Generation.Add_Tracking_Numbers_To_User"/>
  <testcase name="Add_Tracking_Number" time="0.532" classname="Test_Data_Generation.Add_Tracking_Numbers_To_User"/>
  <testcase name="Add_Tracking_Number" time="0.644" classname="Test_Data_Generation.Add_Tracking_Numbers_To_User"/>
  <testcase name="Add_Tracking_Number" time="0.568" classname="Test_Data_Generation.Add_Tracking_Numbers_To_User"/>
  <testcase name="Add_Tracking_Number" time="0.469" classname="Test_Data_Generation.Add_Tracking_Numbers_To_User"/>
  <testcase name="Add_Tracking_Number" time="0.477" classname="Test_Data_Generation.Add_Tracking_Numbers_To_User"/>
  <testcase name="Add_Tracking_Number" time="0.521" classname="Test_Data_Generation.Add_Tracking_Numbers_To_User"/>
  <testcase name="Add_Tracking_Number" time="0.671" classname="Test_Data_Generation.Add_Tracking_Numbers_To_User"/>
  <testcase name="Add_Tracking_Number" time="0.466" classname="Test_Data_Generation.Add_Tracking_Numbers_To_User"/>
  <testcase name="Add_Tracking_Number" time="0.506" classname="Test_Data_Generation.Add_Tracking_Numbers_To_User"/>
  <testcase name="Add_Tracking_Number" time="0.520" classname="Test_Data_Generation.Add_Tracking_Numbers_To_User"/>
  <testcase name="Add_Tracking_Number" time="0.623" classname="Test_Data_Generation.Add_Tracking_Numbers_To_User"/>
  <testcase name="Add_Tracking_Number" time="0.508" classname="Test_Data_Generation.Add_Tracking_Numbers_To_User"/>
  <testcase name="Add_Tracking_Number" time="0.530" classname="Test_Data_Generation.Add_Tracking_Numbers_To_User"/>
  <testcase name="Add_Tracking_Number" time="0.529" classname="Test_Data_Generation.Add_Tracking_Numbers_To_User"/>
  <testcase name="Add_Tracking_Number" time="0.555" classname="Test_Data_Generation.Add_Tracking_Numbers_To_User"/>
  <testcase name="Add_Tracking_Number" time="0.226" classname="Test_Data_Generation.Add_Tracking_Numbers_To_User"/>
  <testcase name="Add_Tracking_Number" time="0.609" classname="Test_Data_Generation.Add_Tracking_Numbers_To_User"/>
  <testcase name="Add_Tracking_Number" time="0.530" classname="Test_Data_Generation.Add_Tracking_Numbers_To_User"/>
  <testcase name="Add_Tracking_Number" time="0.563" classname="Test_Data_Generation.Add_Tracking_Numbers_To_User"/>
  <testcase name="Add_Tracking_Number" time="0.541" classname="Test_Data_Generation.Add_Tracking_Numbers_To_User"/>
  <testcase name="Add_Tracking_Number" time="0.662" classname="Test_Data_Generation.Add_Tracking_Numbers_To_User"/>
  <testcase name="Add_Tracking_Number" time="0.574" classname="Test_Data_Generation.Add_Tracking_Numbers_To_User"/>
  <testcase name="Add_Tracking_Number" time="0.540" classname="Test_Data_Generation.Add_Tracking_Numbers_To_User"/>
  <testcase name="Add_Tracking_Number" time="0.540" classname="Test_Data_Generation.Add_Tracking_Numbers_To_User"/>
  <testcase name="Add_Tracking_Number" time="0.548" classname="Test_Data_Generation.Add_Tracking_Numbers_To_User"/>
  <testcase name="Add_Tracking_Number" time="0.558" classname="Test_Data_Generation.Add_Tracking_Numbers_To_User"/>
  <testcase name="Add_Tracking_Number" time="0.493" classname="Test_Data_Generation.Add_Tracking_Numbers_To_User"/>
  <testcase name="Add_Tracking_Number" time="0.110" classname="Test_Data_Generation.Add_Tracking_Numbers_To_User"/>
  <testcase name="Add_Tracking_Number" time="0.534" classname="Test_Data_Generation.Add_Tracking_Numbers_To_User"/>
  <testcase name="Add_Tracking_Number" time="0.529" classname="Test_Data_Generation.Add_Tracking_Numbers_To_User"/>
  <testcase name="Add_Tracking_Number" time="0.535" classname="Test_Data_Generation.Add_Tracking_Numbers_To_User"/>
  <testcase name="Add_Tracking_Number" time="0.524" classname="Test_Data_Generation.Add_Tracking_Numbers_To_User"/>
  <testcase name="Add_Tracking_Number" time="0.685" classname="Test_Data_Generation.Add_Tracking_Numbers_To_User"/>
  <testcase name="Add_Tracking_Number" time="0.503" classname="Test_Data_Generation.Add_Tracking_Numbers_To_User"/>
  <testcase name="Add_Tracking_Number" time="0.584" classname="Test_Data_Generation.Add_Tracking_Numbers_To_User"/>
  <testcase name="Add_Tracking_Number" time="0.544" classname="Test_Data_Generation.Add_Tracking_Numbers_To_User"/>
  <testcase name="Add_Tracking_Number" time="0.500" classname="Test_Data_Generation.Add_Tracking_Numbers_To_User"/>
  <testcase name="Add_Tracking_Number" time="0.698" classname="Test_Data_Generation.Add_Tracking_Numbers_To_User"/>
  <testcase name="Add_Tracking_Number" time="0.565" classname="Test_Data_Generation.Add_Tracking_Numbers_To_User"/>
  <testcase name="Add_Tracking_Number" time="0.575" classname="Test_Data_Generation.Add_Tracking_Numbers_To_User"/>
  <testcase name="Add_Tracking_Number" time="0.585" classname="Test_Data_Generation.Add_Tracking_Numbers_To_User"/>
  <testcase name="Add_Tracking_Number" time="0.731" classname="Test_Data_Generation.Add_Tracking_Numbers_To_User"/>
  <testcase name="Add_Tracking_Number" time="0.523" classname="Test_Data_Generation.Add_Tracking_Numbers_To_User"/>
  <testcase name="Add_Tracking_Number" time="0.509" classname="Test_Data_Generation.Add_Tracking_Numbers_To_User"/>
  <testcase name="Add_Tracking_Number" time="0.554" classname="Test_Data_Generation.Add_Tracking_Numbers_To_User"/>
  <testcase name="Add_Tracking_Number" time="0.534" classname="Test_Data_Generation.Add_Tracking_Numbers_To_User"/>
  <testcase name="Add_Tracking_Number" time="0.454" classname="Test_Data_Generation.Add_Tracking_Numbers_To_User"/>
  <testcase name="Add_Tracking_Number" time="0.563" classname="Test_Data_Generation.Add_Tracking_Numbers_To_User"/>
  <testcase name="Add_Tracking_Number" time="0.544" classname="Test_Data_Generation.Add_Tracking_Numbers_To_User"/>
  <testcase name="Add_Tracking_Number" time="0.646" classname="Test_Data_Generation.Add_Tracking_Numbers_To_User"/>
  <testcase name="Add_Tracking_Number" time="0.499" classname="Test_Data_Generation.Add_Tracking_Numbers_To_User"/>
  <testcase name="Add_Tracking_Number" time="0.625" classname="Test_Data_Generation.Add_Tracking_Numbers_To_User"/>
  <testcase name="Add_Tracking_Number" time="0.897" classname="Test_Data_Generation.Add_Tracking_Numbers_To_User"/>
  <testcase name="Add_Tracking_Number" time="0.561" classname="Test_Data_Generation.Add_Tracking_Numbers_To_User"/>
  <testcase name="Add_Tracking_Number" time="0.530" classname="Test_Data_Generation.Add_Tracking_Numbers_To_User"/>
  <testcase name="Add_Tracking_Number" time="0.514" classname="Test_Data_Generation.Add_Tracking_Numbers_To_User"/>
  <testcase name="Add_Tracking_Number" time="0.618" classname="Test_Data_Generation.Add_Tracking_Numbers_To_User"/>
  <testcase name="Add_Tracking_Number" time="0.503" classname="Test_Data_Generation.Add_Tracking_Numbers_To_User"/>
  <testcase name="Add_Tracking_Number" time="0.553" classname="Test_Data_Generation.Add_Tracking_Numbers_To_User"/>
  <testcase name="Add_Tracking_Number" time="0.558" classname="Test_Data_Generation.Add_Tracking_Numbers_To_User"/>
  <testcase name="Add_Tracking_Number" time="0.501" classname="Test_Data_Generation.Add_Tracking_Numbers_To_User"/>
  <testcase name="Add_Tracking_Number" time="0.561" classname="Test_Data_Generation.Add_Tracking_Numbers_To_User"/>
  <testcase name="Add_Tracking_Number" time="0.438" classname="Test_Data_Generation.Add_Tracking_Numbers_To_User"/>
  <testcase name="Add_Tracking_Number" time="0.780" classname="Test_Data_Generation.Add_Tracking_Numbers_To_User"/>
  <testcase name="Add_Tracking_Number" time="0.571" classname="Test_Data_Generation.Add_Tracking_Numbers_To_User"/>
  <testcase name="Add_Tracking_Number" time="0.648" classname="Test_Data_Generation.Add_Tracking_Numbers_To_User"/>
  <testcase name="Add_Tracking_Number" time="0.052" classname="Test_Data_Generation.Add_Tracking_Numbers_To_User"/>
  <testcase name="Add_Tracking_Number" time="0.541" classname="Test_Data_Generation.Add_Tracking_Numbers_To_User"/>
  <testcase name="Add_Tracking_Number" time="0.556" classname="Test_Data_Generation.Add_Tracking_Numbers_To_User"/>
  <testcase name="Add_Tracking_Number" time="0.635" classname="Test_Data_Generation.Add_Tracking_Numbers_To_User"/>
  <testcase name="Add_Tracking_Number" time="0.584" classname="Test_Data_Generation.Add_Tracking_Numbers_To_User"/>
  <testcase name="Add_Tracking_Number" time="0.471" classname="Test_Data_Generation.Add_Tracking_Numbers_To_User"/>
  <testcase name="Add_Tracking_Number" time="0.453" classname="Test_Data_Generation.Add_Tracking_Numbers_To_User"/>
  <testcase name="Add_Tracking_Number" time="0.633" classname="Test_Data_Generation.Add_Tracking_Numbers_To_User"/>
  <testcase name="Add_Tracking_Number" time="0.668" classname="Test_Data_Generation.Add_Tracking_Numbers_To_User"/>
  <testcase name="Add_Tracking_Number" time="0.437" classname="Test_Data_Generation.Add_Tracking_Numbers_To_User"/>
  <testcase name="Add_Tracking_Number" time="0.498" classname="Test_Data_Generation.Add_Tracking_Numbers_To_User"/>
  <testcase name="Add_Tracking_Number" time="0.568" classname="Test_Data_Generation.Add_Tracking_Numbers_To_User"/>
  <testcase name="Add_Tracking_Number" time="0.472" classname="Test_Data_Generation.Add_Tracking_Numbers_To_User"/>
  <testcase name="Add_Tracking_Number" time="0.462" classname="Test_Data_Generation.Add_Tracking_Numbers_To_User"/>
  <testcase name="Add_Tracking_Number" time="0.499" classname="Test_Data_Generation.Add_Tracking_Numbers_To_User"/>
  <testcase name="Add_Tracking_Number" time="0.506" classname="Test_Data_Generation.Add_Tracking_Numbers_To_User"/>
  <testcase name="Add_Tracking_Number" time="0.681" classname="Test_Data_Generation.Add_Tracking_Numbers_To_User"/>
  <testcase name="Add_Tracking_Number" time="0.743" classname="Test_Data_Generation.Add_Tracking_Numbers_To_User"/>
  <testcase name="Add_Tracking_Number" time="0.477" classname="Test_Data_Generation.Add_Tracking_Numbers_To_User"/>
  <testcase name="Add_Tracking_Number" time="0.598" classname="Test_Data_Generation.Add_Tracking_Numbers_To_User"/>
  <testcase name="Add_Tracking_Number" time="0.505" classname="Test_Data_Generation.Add_Tracking_Numbers_To_User"/>
  <testcase name="Add_Tracking_Number" time="0.570" classname="Test_Data_Generation.Add_Tracking_Numbers_To_User"/>
  <testcase name="Add_Tracking_Number" time="0.503" classname="Test_Data_Generation.Add_Tracking_Numbers_To_User"/>
  <testcase name="Add_Tracking_Number" time="0.473" classname="Test_Data_Generation.Add_Tracking_Numbers_To_User"/>
  <testcase name="Add_Tracking_Number" time="0.565" classname="Test_Data_Generation.Add_Tracking_Numbers_To_User"/>
  <testcase name="Add_Tracking_Number" time="0.543" classname="Test_Data_Generation.Add_Tracking_Numbers_To_User"/>
  <testcase name="Add_Tracking_Number" time="0.581" classname="Test_Data_Generation.Add_Tracking_Numbers_To_User"/>
  <testcase name="Add_Tracking_Number" time="0.536" classname="Test_Data_Generation.Add_Tracking_Numbers_To_User"/>
  <testcase name="Add_Tracking_Number" time="0.589" classname="Test_Data_Generation.Add_Tracking_Numbers_To_User"/>
  <testcase name="Add_Tracking_Number" time="0.523" classname="Test_Data_Generation.Add_Tracking_Numbers_To_User"/>
  <testcase name="Add_Tracking_Number" time="0.559" classname="Test_Data_Generation.Add_Tracking_Numbers_To_User"/>
  <testcase name="Add_Tracking_Number" time="0.570" classname="Test_Data_Generation.Add_Tracking_Numbers_To_User"/>
  <testcase name="Add_Tracking_Number" time="0.586" classname="Test_Data_Generation.Add_Tracking_Numbers_To_User"/>
  <testcase name="Add_Tracking_Number" time="0.576" classname="Test_Data_Generation.Add_Tracking_Numbers_To_User"/>
  <testcase name="Add_Tracking_Number" time="0.524" classname="Test_Data_Generation.Add_Tracking_Numbers_To_User"/>
  <testcase name="Add_Tracking_Number" time="0.543" classname="Test_Data_Generation.Add_Tracking_Numbers_To_User"/>
  <testcase name="Add_Tracking_Number" time="0.530" classname="Test_Data_Generation.Add_Tracking_Numbers_To_User"/>
  <testcase name="Add_Tracking_Number" time="0.528" classname="Test_Data_Generation.Add_Tracking_Numbers_To_User"/>
  <testcase name="Add_Tracking_Number" time="0.523" classname="Test_Data_Generation.Add_Tracking_Numbers_To_User"/>
  <testcase name="Add_Tracking_Number" time="0.625" classname="Test_Data_Generation.Add_Tracking_Numbers_To_User"/>
  <testcase name="Add_Tracking_Number" time="0.530" classname="Test_Data_Generation.Add_Tracking_Numbers_To_User"/>
  <testcase name="Add_Tracking_Number" time="0.565" classname="Test_Data_Generation.Add_Tracking_Numbers_To_User"/>
  <testcase name="Add_Tracking_Number" time="0.557" classname="Test_Data_Generation.Add_Tracking_Numbers_To_User"/>
  <testcase name="Add_Tracking_Number" time="0.516" classname="Test_Data_Generation.Add_Tracking_Numbers_To_User"/>
  <testcase name="Add_Tracking_Number" time="0.527" classname="Test_Data_Generation.Add_Tracking_Numbers_To_User"/>
  <testcase name="Add_Tracking_Number" time="0.693" classname="Test_Data_Generation.Add_Tracking_Numbers_To_User"/>
  <testcase name="Add_Tracking_Number" time="0.517" classname="Test_Data_Generation.Add_Tracking_Numbers_To_User"/>
  <testcase name="Add_Tracking_Number" time="0.482" classname="Test_Data_Generation.Add_Tracking_Numbers_To_User"/>
  <testcase name="Add_Tracking_Number" time="0.499" classname="Test_Data_Generation.Add_Tracking_Numbers_To_User"/>
  <testcase name="Add_Tracking_Number" time="0.504" classname="Test_Data_Generation.Add_Tracking_Numbers_To_User"/>
  <testcase name="Add_Tracking_Number" time="0.786" classname="Test_Data_Generation.Add_Tracking_Numbers_To_User"/>
  <testcase name="Add_Tracking_Number" time="0.532" classname="Test_Data_Generation.Add_Tracking_Numbers_To_User"/>
  <testcase name="Add_Tracking_Number" time="0.505" classname="Test_Data_Generation.Add_Tracking_Numbers_To_User"/>
  <testcase name="Add_Tracking_Number" time="0.571" classname="Test_Data_Generation.Add_Tracking_Numbers_To_User"/>
  <testcase name="Add_Tracking_Number" time="0.583" classname="Test_Data_Generation.Add_Tracking_Numbers_To_User"/>
  <testcase name="Add_Tracking_Number" time="0.589" classname="Test_Data_Generation.Add_Tracking_Numbers_To_User"/>
  <testcase name="Add_Tracking_Number" time="0.489" classname="Test_Data_Generation.Add_Tracking_Numbers_To_User"/>
  <testcase name="Add_Tracking_Number" time="0.555" classname="Test_Data_Generation.Add_Tracking_Numbers_To_User"/>
  <testcase name="Add_Tracking_Number" time="0.600" classname="Test_Data_Generation.Add_Tracking_Numbers_To_User"/>
  <testcase name="Add_Tracking_Number" time="0.536" classname="Test_Data_Generation.Add_Tracking_Numbers_To_User"/>
  <testcase name="Add_Tracking_Number" time="0.568" classname="Test_Data_Generation.Add_Tracking_Numbers_To_User"/>
  <testcase name="Add_Tracking_Number" time="0.526" classname="Test_Data_Generation.Add_Tracking_Numbers_To_User"/>
  <testcase name="Add_Tracking_Number" time="0.553" classname="Test_Data_Generation.Add_Tracking_Numbers_To_User"/>
  <testcase name="Add_Tracking_Number" time="0.472" classname="Test_Data_Generation.Add_Tracking_Numbers_To_User"/>
  <testcase name="Add_Tracking_Number" time="0.558" classname="Test_Data_Generation.Add_Tracking_Numbers_To_User"/>
  <testcase name="Add_Tracking_Number" time="0.619" classname="Test_Data_Generation.Add_Tracking_Numbers_To_User"/>
  <testcase name="Add_Tracking_Number" time="0.496" classname="Test_Data_Generation.Add_Tracking_Numbers_To_User"/>
  <testcase name="Add_Tracking_Number" time="0.526" classname="Test_Data_Generation.Add_Tracking_Numbers_To_User"/>
  <testcase name="Add_Tracking_Number" time="0.568" classname="Test_Data_Generation.Add_Tracking_Numbers_To_User"/>
  <testcase name="Add_Tracking_Number" time="0.592" classname="Test_Data_Generation.Add_Tracking_Numbers_To_User"/>
  <testcase name="Add_Tracking_Number" time="0.494" classname="Test_Data_Generation.Add_Tracking_Numbers_To_User"/>
  <testcase name="Add_Tracking_Number" time="0.557" classname="Test_Data_Generation.Add_Tracking_Numbers_To_User"/>
  <testcase name="Add_Tracking_Number" time="0.515" classname="Test_Data_Generation.Add_Tracking_Numbers_To_User"/>
  <testcase name="Add_Tracking_Number" time="0.496" classname="Test_Data_Generation.Add_Tracking_Numbers_To_User"/>
  <testcase name="Add_Tracking_Number" time="0.321" classname="Test_Data_Generation.Add_Tracking_Numbers_To_User"/>
  <testcase name="Add_Tracking_Number" time="0.569" classname="Test_Data_Generation.Add_Tracking_Numbers_To_User"/>
  <testcase name="Add_Tracking_Number" time="0.453" classname="Test_Data_Generation.Add_Tracking_Numbers_To_User"/>
  <testcase name="Add_Tracking_Number" time="0.650" classname="Test_Data_Generation.Add_Tracking_Numbers_To_User"/>
  <testcase name="Add_Tracking_Number" time="0.531" classname="Test_Data_Generation.Add_Tracking_Numbers_To_User"/>
  <testcase name="Add_Tracking_Number" time="0.588" classname="Test_Data_Generation.Add_Tracking_Numbers_To_User"/>
  <testcase name="Add_Tracking_Number" time="0.515" classname="Test_Data_Generation.Add_Tracking_Numbers_To_User"/>
  <testcase name="Add_Tracking_Number" time="0.492" classname="Test_Data_Generation.Add_Tracking_Numbers_To_User"/>
  <testcase name="Add_Tracking_Number" time="0.474" classname="Test_Data_Generation.Add_Tracking_Numbers_To_User"/>
  <testcase name="Add_Tracking_Number" time="0.532" classname="Test_Data_Generation.Add_Tracking_Numbers_To_User"/>
  <testcase name="Add_Tracking_Number" time="0.437" classname="Test_Data_Generation.Add_Tracking_Numbers_To_User"/>
  <testcase name="Add_Tracking_Number" time="0.473" classname="Test_Data_Generation.Add_Tracking_Numbers_To_User"/>
  <testcase name="Add_Tracking_Number" time="0.593" classname="Test_Data_Generation.Add_Tracking_Numbers_To_User"/>
  <testcase name="Add_Tracking_Number" time="0.281" classname="Test_Data_Generation.Add_Tracking_Numbers_To_User"/>
  <testcase name="Add_Tracking_Number" time="0.552" classname="Test_Data_Generation.Add_Tracking_Numbers_To_User"/>
  <testcase name="Add_Tracking_Number" time="0.768" classname="Test_Data_Generation.Add_Tracking_Numbers_To_User"/>
  <testcase name="Add_Tracking_Number" time="0.604" classname="Test_Data_Generation.Add_Tracking_Numbers_To_User"/>
  <testcase name="Add_Tracking_Number" time="0.498" classname="Test_Data_Generation.Add_Tracking_Numbers_To_User"/>
  <testcase name="Add_Tracking_Number" time="0.450" classname="Test_Data_Generation.Add_Tracking_Numbers_To_User"/>
  <testcase name="Add_Tracking_Number" time="0.676" classname="Test_Data_Generation.Add_Tracking_Numbers_To_User"/>
  <testcase name="Add_Tracking_Number" time="0.482" classname="Test_Data_Generation.Add_Tracking_Numbers_To_User"/>
  <testcase name="Add_Tracking_Number" time="0.535" classname="Test_Data_Generation.Add_Tracking_Numbers_To_User"/>
  <testcase name="Add_Tracking_Number" time="0.553" classname="Test_Data_Generation.Add_Tracking_Numbers_To_User"/>
  <testcase name="Add_Tracking_Number" time="0.394" classname="Test_Data_Generation.Add_Tracking_Numbers_To_User"/>
  <testcase name="Add_Tracking_Number" time="0.492" classname="Test_Data_Generation.Add_Tracking_Numbers_To_User"/>
  <testcase name="Add_Tracking_Number" time="0.544" classname="Test_Data_Generation.Add_Tracking_Numbers_To_User"/>
  <testcase name="Add_Tracking_Number" time="0.548" classname="Test_Data_Generation.Add_Tracking_Numbers_To_User"/>
  <testcase name="Add_Tracking_Number" time="0.556" classname="Test_Data_Generation.Add_Tracking_Numbers_To_User"/>
  <testcase name="Add_Tracking_Number" time="0.666" classname="Test_Data_Generation.Add_Tracking_Numbers_To_User"/>
  <testcase name="Add_Tracking_Number" time="0.423" classname="Test_Data_Generation.Add_Tracking_Numbers_To_User"/>
  <testcase name="Add_Tracking_Number" time="0.553" classname="Test_Data_Generation.Add_Tracking_Numbers_To_User"/>
  <testcase name="Add_Tracking_Number" time="0.779" classname="Test_Data_Generation.Add_Tracking_Numbers_To_User"/>
  <testcase name="Add_Tracking_Number" time="0.552" classname="Test_Data_Generation.Add_Tracking_Numbers_To_User"/>
  <testcase name="Add_Tracking_Number" time="0.546" classname="Test_Data_Generation.Add_Tracking_Numbers_To_User"/>
  <testcase name="Add_Tracking_Number" time="0.583" classname="Test_Data_Generation.Add_Tracking_Numbers_To_User"/>
  <testcase name="Add_Tracking_Number" time="0.488" classname="Test_Data_Generation.Add_Tracking_Numbers_To_User"/>
  <testcase name="Add_Tracking_Number" time="0.477" classname="Test_Data_Generation.Add_Tracking_Numbers_To_User"/>
  <testcase name="Add_Tracking_Number" time="0.542" classname="Test_Data_Generation.Add_Tracking_Numbers_To_User"/>
  <testcase name="Add_Tracking_Number" time="0.614" classname="Test_Data_Generation.Add_Tracking_Numbers_To_User"/>
  <testcase name="Add_Tracking_Number" time="0.642" classname="Test_Data_Generation.Add_Tracking_Numbers_To_User"/>
  <testcase name="Add_Tracking_Number" time="0.482" classname="Test_Data_Generation.Add_Tracking_Numbers_To_User"/>
  <testcase name="Add_Tracking_Number" time="0.656" classname="Test_Data_Generation.Add_Tracking_Numbers_To_User"/>
  <testcase name="Add_Tracking_Number" time="0.539" classname="Test_Data_Generation.Add_Tracking_Numbers_To_User"/>
  <testcase name="Add_Tracking_Number" time="0.658" classname="Test_Data_Generation.Add_Tracking_Numbers_To_User"/>
  <testcase name="Add_Tracking_Number" time="0.574" classname="Test_Data_Generation.Add_Tracking_Numbers_To_User"/>
  <testcase name="Add_Tracking_Number" time="0.573" classname="Test_Data_Generation.Add_Tracking_Numbers_To_User"/>
  <testcase name="Add_Tracking_Number" time="0.577" classname="Test_Data_Generation.Add_Tracking_Numbers_To_User"/>
  <testcase name="Add_Tracking_Number" time="0.573" classname="Test_Data_Generation.Add_Tracking_Numbers_To_User"/>
  <testcase name="Add_Tracking_Number" time="0.627" classname="Test_Data_Generation.Add_Tracking_Numbers_To_User"/>
  <testcase name="Add_Tracking_Number" time="0.524" classname="Test_Data_Generation.Add_Tracking_Numbers_To_User"/>
  <testcase name="Add_Tracking_Number" time="0.726" classname="Test_Data_Generation.Add_Tracking_Numbers_To_User"/>
  <testcase name="Add_Tracking_Number" time="0.727" classname="Test_Data_Generation.Add_Tracking_Numbers_To_User"/>
  <testcase name="Add_Tracking_Number" time="0.567" classname="Test_Data_Generation.Add_Tracking_Numbers_To_User"/>
  <testcase name="Add_Tracking_Number" time="0.279" classname="Test_Data_Generation.Add_Tracking_Numbers_To_User"/>
  <testcase name="Add_Tracking_Number" time="0.612" classname="Test_Data_Generation.Add_Tracking_Numbers_To_User"/>
  <testcase name="Add_Tracking_Number" time="0.497" classname="Test_Data_Generation.Add_Tracking_Numbers_To_User"/>
  <testcase name="Add_Tracking_Number" time="0.557" classname="Test_Data_Generation.Add_Tracking_Numbers_To_User"/>
  <testcase name="Add_Tracking_Number" time="0.502" classname="Test_Data_Generation.Add_Tracking_Numbers_To_User"/>
  <testcase name="Add_Tracking_Number" time="0.617" classname="Test_Data_Generation.Add_Tracking_Numbers_To_User"/>
  <testcase name="Add_Tracking_Number" time="0.516" classname="Test_Data_Generation.Add_Tracking_Numbers_To_User"/>
  <testcase name="Add_Tracking_Number" time="0.507" classname="Test_Data_Generation.Add_Tracking_Numbers_To_User"/>
  <testcase name="Add_Tracking_Number" time="0.670" classname="Test_Data_Generation.Add_Tracking_Numbers_To_User"/>
  <testcase name="Add_Tracking_Number" time="0.556" classname="Test_Data_Generation.Add_Tracking_Numbers_To_User"/>
  <testcase name="Add_Tracking_Number" time="0.480" classname="Test_Data_Generation.Add_Tracking_Numbers_To_User"/>
  <testcase name="Add_Tracking_Number" time="0.565" classname="Test_Data_Generation.Add_Tracking_Numbers_To_User"/>
  <testcase name="Add_Tracking_Number" time="0.557" classname="Test_Data_Generation.Add_Tracking_Numbers_To_User"/>
  <testcase name="Add_Tracking_Number" time="0.552" classname="Test_Data_Generation.Add_Tracking_Numbers_To_User"/>
  <testcase name="Add_Tracking_Number" time="0.530" classname="Test_Data_Generation.Add_Tracking_Numbers_To_User"/>
  <testcase name="Add_Tracking_Number" time="0.610" classname="Test_Data_Generation.Add_Tracking_Numbers_To_User"/>
  <testcase name="Add_Tracking_Number" time="0.470" classname="Test_Data_Generation.Add_Tracking_Numbers_To_User"/>
  <testcase name="Add_Tracking_Number" time="0.441" classname="Test_Data_Generation.Add_Tracking_Numbers_To_User"/>
  <testcase name="Add_Tracking_Number" time="0.512" classname="Test_Data_Generation.Add_Tracking_Numbers_To_User"/>
  <testcase name="Add_Tracking_Number" time="0.445" classname="Test_Data_Generation.Add_Tracking_Numbers_To_User"/>
  <testcase name="Add_Tracking_Number" time="0.466" classname="Test_Data_Generation.Add_Tracking_Numbers_To_User"/>
  <testcase name="Add_Tracking_Number" time="0.239" classname="Test_Data_Generation.Add_Tracking_Numbers_To_User"/>
  <testcase name="Add_Tracking_Number" time="0.724" classname="Test_Data_Generation.Add_Tracking_Numbers_To_User"/>
  <testcase name="Add_Tracking_Number" time="0.513" classname="Test_Data_Generation.Add_Tracking_Numbers_To_User"/>
  <testcase name="Add_Tracking_Number" time="0.518" classname="Test_Data_Generation.Add_Tracking_Numbers_To_User"/>
  <testcase name="Add_Tracking_Number" time="0.764" classname="Test_Data_Generation.Add_Tracking_Numbers_To_User"/>
  <testcase name="Add_Tracking_Number" time="0.536" classname="Test_Data_Generation.Add_Tracking_Numbers_To_User"/>
  <testcase name="Add_Tracking_Number" time="0.669" classname="Test_Data_Generation.Add_Tracking_Numbers_To_User"/>
  <testcase name="Add_Tracking_Number" time="0.548" classname="Test_Data_Generation.Add_Tracking_Numbers_To_User"/>
  <testcase name="Add_Tracking_Number" time="0.565" classname="Test_Data_Generation.Add_Tracking_Numbers_To_User"/>
  <testcase name="Add_Tracking_Number" time="0.449" classname="Test_Data_Generation.Add_Tracking_Numbers_To_User"/>
  <testcase name="Add_Tracking_Number" time="0.626" classname="Test_Data_Generation.Add_Tracking_Numbers_To_User"/>
  <testcase name="Add_Tracking_Number" time="0.464" classname="Test_Data_Generation.Add_Tracking_Numbers_To_User"/>
  <testcase name="Add_Tracking_Number" time="0.530" classname="Test_Data_Generation.Add_Tracking_Numbers_To_User"/>
  <testcase name="Add_Tracking_Number" time="0.545" classname="Test_Data_Generation.Add_Tracking_Numbers_To_User"/>
  <testcase name="Add_Tracking_Number" time="0.682" classname="Test_Data_Generation.Add_Tracking_Numbers_To_User"/>
  <testcase name="Add_Tracking_Number" time="0.478" classname="Test_Data_Generation.Add_Tracking_Numbers_To_User"/>
  <testcase name="Add_Tracking_Number" time="0.688" classname="Test_Data_Generation.Add_Tracking_Numbers_To_User"/>
  <testcase name="Add_Tracking_Number" time="0.511" classname="Test_Data_Generation.Add_Tracking_Numbers_To_User"/>
  <testcase name="Add_Tracking_Number" time="0.630" classname="Test_Data_Generation.Add_Tracking_Numbers_To_User"/>
  <testcase name="Add_Tracking_Number" time="0.476" classname="Test_Data_Generation.Add_Tracking_Numbers_To_User"/>
  <testcase name="Add_Tracking_Number" time="0.550" classname="Test_Data_Generation.Add_Tracking_Numbers_To_User"/>
  <testcase name="Add_Tracking_Number" time="0.579" classname="Test_Data_Generation.Add_Tracking_Numbers_To_User"/>
  <testcase name="Add_Tracking_Number" time="0.614" classname="Test_Data_Generation.Add_Tracking_Numbers_To_User"/>
  <testcase name="Add_Tracking_Number" time="0.522" classname="Test_Data_Generation.Add_Tracking_Numbers_To_User"/>
  <testcase name="Add_Tracking_Number" time="0.538" classname="Test_Data_Generation.Add_Tracking_Numbers_To_User"/>
  <testcase name="Add_Tracking_Number" time="0.489" classname="Test_Data_Generation.Add_Tracking_Numbers_To_User"/>
  <testcase name="Add_Tracking_Number" time="0.467" classname="Test_Data_Generation.Add_Tracking_Numbers_To_User"/>
  <testcase name="Add_Tracking_Number" time="0.452" classname="Test_Data_Generation.Add_Tracking_Numbers_To_User"/>
  <testcase name="Add_Tracking_Number" time="0.492" classname="Test_Data_Generation.Add_Tracking_Numbers_To_User"/>
  <testcase name="Add_Tracking_Number" time="0.548" classname="Test_Data_Generation.Add_Tracking_Numbers_To_User"/>
  <testcase name="Add_Tracking_Number" time="0.591" classname="Test_Data_Generation.Add_Tracking_Numbers_To_User"/>
  <testcase name="Add_Tracking_Number" time="0.674" classname="Test_Data_Generation.Add_Tracking_Numbers_To_User">
    <failure type="java.lang.AssertionError" message="
Expected: a string containing &quot;{\&quot;successful\&quot;:true&quot;
     but: was &quot;{&quot;ShipmentOptionResponse&quot;:{&quot;successful&quot;:false,&quot;errorList&quot;:[{&quot;code&quot;:&quot;2997&quot;,&quot;message&quot;:&quot;TRAQS connection/request problem&quot;,&quot;source&quot;:null,&quot;rootCause&quot;:null}],&quot;alerts&quot;:null,&quot;cxsalerts&quot;:null}}&quot;">
      <![CDATA[java.lang.AssertionError: 
Expected: a string containing "{\"successful\":true"
     but: was "{"ShipmentOptionResponse":{"successful":false,"errorList":[{"code":"2997","message":"TRAQS connection/request problem","source":null,"rootCause":null}],"alerts":null,"cxsalerts":null}}"
at org.hamcrest.MatcherAssert.assertThat(MatcherAssert.java:20)
at org.junit.Assert.assertThat(Assert.java:956)
at org.junit.Assert.assertThat(Assert.java:923)
at Test_Data_Generation.Add_Tracking_Numbers_To_User.Add_Tracking_Number(Add_Tracking_Numbers_To_User.java:69)
at sun.reflect.GeneratedMethodAccessor2.invoke(Unknown Source)
at sun.reflect.DelegatingMethodAccessorImpl.invoke(Unknown Source)
at java.lang.reflect.Method.invoke(Unknown Source)
at org.testng.internal.MethodInvocationHelper.invokeMethod(MethodInvocationHelper.java:124)
at org.testng.internal.Invoker.invokeMethod(Invoker.java:580)
at org.testng.internal.Invoker.invokeTestMethod(Invoker.java:716)
at org.testng.internal.TestMethodWithDataProviderMethodWorker.call(TestMethodWithDataProviderMethodWorker.java:71)
at org.testng.internal.TestMethodWithDataProviderMethodWorker.call(TestMethodWithDataProviderMethodWorker.java:14)
at java.util.concurrent.FutureTask.run(Unknown Source)
at java.util.concurrent.Executors$RunnableAdapter.call(Unknown Source)
at java.util.concurrent.FutureTask.run(Unknown Source)
at java.util.concurrent.ThreadPoolExecutor.runWorker(Unknown Source)
at java.util.concurrent.ThreadPoolExecutor$Worker.run(Unknown Source)
at java.lang.Thread.run(Unknown Source)
]]>
    </failure>
  </testcase> <!-- Add_Tracking_Number -->
  <testcase name="Add_Tracking_Number" time="0.483" classname="Test_Data_Generation.Add_Tracking_Numbers_To_User"/>
  <testcase name="Add_Tracking_Number" time="0.676" classname="Test_Data_Generation.Add_Tracking_Numbers_To_User"/>
  <testcase name="Add_Tracking_Number" time="0.496" classname="Test_Data_Generation.Add_Tracking_Numbers_To_User"/>
  <testcase name="Add_Tracking_Number" time="0.460" classname="Test_Data_Generation.Add_Tracking_Numbers_To_User"/>
  <testcase name="Add_Tracking_Number" time="0.631" classname="Test_Data_Generation.Add_Tracking_Numbers_To_User"/>
  <testcase name="Add_Tracking_Number" time="0.502" classname="Test_Data_Generation.Add_Tracking_Numbers_To_User"/>
  <testcase name="Add_Tracking_Number" time="0.457" classname="Test_Data_Generation.Add_Tracking_Numbers_To_User"/>
  <testcase name="Add_Tracking_Number" time="0.679" classname="Test_Data_Generation.Add_Tracking_Numbers_To_User"/>
  <testcase name="Add_Tracking_Number" time="0.473" classname="Test_Data_Generation.Add_Tracking_Numbers_To_User"/>
  <testcase name="Add_Tracking_Number" time="0.740" classname="Test_Data_Generation.Add_Tracking_Numbers_To_User"/>
  <testcase name="Add_Tracking_Number" time="0.715" classname="Test_Data_Generation.Add_Tracking_Numbers_To_User"/>
  <testcase name="Add_Tracking_Number" time="0.483" classname="Test_Data_Generation.Add_Tracking_Numbers_To_User"/>
  <testcase name="Add_Tracking_Number" time="0.469" classname="Test_Data_Generation.Add_Tracking_Numbers_To_User"/>
  <testcase name="Add_Tracking_Number" time="0.508" classname="Test_Data_Generation.Add_Tracking_Numbers_To_User"/>
  <testcase name="Add_Tracking_Number" time="0.502" classname="Test_Data_Generation.Add_Tracking_Numbers_To_User"/>
  <testcase name="Add_Tracking_Number" time="0.506" classname="Test_Data_Generation.Add_Tracking_Numbers_To_User"/>
  <testcase name="Add_Tracking_Number" time="0.787" classname="Test_Data_Generation.Add_Tracking_Numbers_To_User"/>
  <testcase name="Add_Tracking_Number" time="0.527" classname="Test_Data_Generation.Add_Tracking_Numbers_To_User"/>
  <testcase name="Add_Tracking_Number" time="0.516" classname="Test_Data_Generation.Add_Tracking_Numbers_To_User"/>
  <testcase name="Add_Tracking_Number" time="0.488" classname="Test_Data_Generation.Add_Tracking_Numbers_To_User"/>
  <testcase name="Add_Tracking_Number" time="0.489" classname="Test_Data_Generation.Add_Tracking_Numbers_To_User"/>
  <testcase name="Add_Tracking_Number" time="0.419" classname="Test_Data_Generation.Add_Tracking_Numbers_To_User"/>
  <testcase name="Add_Tracking_Number" time="0.527" classname="Test_Data_Generation.Add_Tracking_Numbers_To_User"/>
  <testcase name="Add_Tracking_Number" time="0.445" classname="Test_Data_Generation.Add_Tracking_Numbers_To_User"/>
  <testcase name="Add_Tracking_Number" time="0.531" classname="Test_Data_Generation.Add_Tracking_Numbers_To_User"/>
  <testcase name="Add_Tracking_Number" time="0.499" classname="Test_Data_Generation.Add_Tracking_Numbers_To_User"/>
  <testcase name="Add_Tracking_Number" time="0.461" classname="Test_Data_Generation.Add_Tracking_Numbers_To_User"/>
  <testcase name="Add_Tracking_Number" time="0.058" classname="Test_Data_Generation.Add_Tracking_Numbers_To_User"/>
  <testcase name="Add_Tracking_Number" time="0.485" classname="Test_Data_Generation.Add_Tracking_Numbers_To_User"/>
  <testcase name="Add_Tracking_Number" time="0.079" classname="Test_Data_Generation.Add_Tracking_Numbers_To_User"/>
  <testcase name="Add_Tracking_Number" time="0.586" classname="Test_Data_Generation.Add_Tracking_Numbers_To_User"/>
  <testcase name="Add_Tracking_Number" time="0.565" classname="Test_Data_Generation.Add_Tracking_Numbers_To_User"/>
  <testcase name="Add_Tracking_Number" time="0.546" classname="Test_Data_Generation.Add_Tracking_Numbers_To_User"/>
  <testcase name="Add_Tracking_Number" time="0.567" classname="Test_Data_Generation.Add_Tracking_Numbers_To_User"/>
  <testcase name="Add_Tracking_Number" time="0.381" classname="Test_Data_Generation.Add_Tracking_Numbers_To_User"/>
  <testcase name="Add_Tracking_Number" time="0.568" classname="Test_Data_Generation.Add_Tracking_Numbers_To_User"/>
  <testcase name="Add_Tracking_Number" time="0.656" classname="Test_Data_Generation.Add_Tracking_Numbers_To_User"/>
  <testcase name="Add_Tracking_Number" time="0.696" classname="Test_Data_Generation.Add_Tracking_Numbers_To_User"/>
  <testcase name="Add_Tracking_Number" time="0.458" classname="Test_Data_Generation.Add_Tracking_Numbers_To_User"/>
  <testcase name="Add_Tracking_Number" time="0.483" classname="Test_Data_Generation.Add_Tracking_Numbers_To_User"/>
  <testcase name="Add_Tracking_Number" time="0.524" classname="Test_Data_Generation.Add_Tracking_Numbers_To_User"/>
  <testcase name="Add_Tracking_Number" time="0.525" classname="Test_Data_Generation.Add_Tracking_Numbers_To_User"/>
  <testcase name="Add_Tracking_Number" time="0.575" classname="Test_Data_Generation.Add_Tracking_Numbers_To_User"/>
  <testcase name="Add_Tracking_Number" time="0.658" classname="Test_Data_Generation.Add_Tracking_Numbers_To_User"/>
  <testcase name="Add_Tracking_Number" time="0.554" classname="Test_Data_Generation.Add_Tracking_Numbers_To_User"/>
  <testcase name="Add_Tracking_Number" time="0.636" classname="Test_Data_Generation.Add_Tracking_Numbers_To_User"/>
  <testcase name="Add_Tracking_Number" time="0.589" classname="Test_Data_Generation.Add_Tracking_Numbers_To_User"/>
  <testcase name="Add_Tracking_Number" time="0.648" classname="Test_Data_Generation.Add_Tracking_Numbers_To_User"/>
  <testcase name="Add_Tracking_Number" time="0.498" classname="Test_Data_Generation.Add_Tracking_Numbers_To_User"/>
  <testcase name="Add_Tracking_Number" time="0.559" classname="Test_Data_Generation.Add_Tracking_Numbers_To_User"/>
  <testcase name="Add_Tracking_Number" time="0.775" classname="Test_Data_Generation.Add_Tracking_Numbers_To_User"/>
  <testcase name="Add_Tracking_Number" time="0.611" classname="Test_Data_Generation.Add_Tracking_Numbers_To_User"/>
  <testcase name="Add_Tracking_Number" time="0.498" classname="Test_Data_Generation.Add_Tracking_Numbers_To_User"/>
  <testcase name="Add_Tracking_Number" time="0.552" classname="Test_Data_Generation.Add_Tracking_Numbers_To_User"/>
  <testcase name="Add_Tracking_Number" time="0.570" classname="Test_Data_Generation.Add_Tracking_Numbers_To_User"/>
  <testcase name="Add_Tracking_Number" time="0.517" classname="Test_Data_Generation.Add_Tracking_Numbers_To_User"/>
  <testcase name="Add_Tracking_Number" time="0.495" classname="Test_Data_Generation.Add_Tracking_Numbers_To_User"/>
  <testcase name="Add_Tracking_Number" time="0.495" classname="Test_Data_Generation.Add_Tracking_Numbers_To_User"/>
  <testcase name="Add_Tracking_Number" time="0.479" classname="Test_Data_Generation.Add_Tracking_Numbers_To_User"/>
  <testcase name="Add_Tracking_Number" time="0.558" classname="Test_Data_Generation.Add_Tracking_Numbers_To_User"/>
  <testcase name="Add_Tracking_Number" time="0.707" classname="Test_Data_Generation.Add_Tracking_Numbers_To_User"/>
  <testcase name="Add_Tracking_Number" time="0.616" classname="Test_Data_Generation.Add_Tracking_Numbers_To_User"/>
  <testcase name="Add_Tracking_Number" time="0.437" classname="Test_Data_Generation.Add_Tracking_Numbers_To_User"/>
  <testcase name="Add_Tracking_Number" time="0.414" classname="Test_Data_Generation.Add_Tracking_Numbers_To_User"/>
  <testcase name="Add_Tracking_Number" time="0.475" classname="Test_Data_Generation.Add_Tracking_Numbers_To_User"/>
  <testcase name="Add_Tracking_Number" time="0.592" classname="Test_Data_Generation.Add_Tracking_Numbers_To_User"/>
  <testcase name="Add_Tracking_Number" time="0.594" classname="Test_Data_Generation.Add_Tracking_Numbers_To_User"/>
  <testcase name="Add_Tracking_Number" time="0.580" classname="Test_Data_Generation.Add_Tracking_Numbers_To_User"/>
  <testcase name="Add_Tracking_Number" time="0.660" classname="Test_Data_Generation.Add_Tracking_Numbers_To_User"/>
  <testcase name="Add_Tracking_Number" time="0.482" classname="Test_Data_Generation.Add_Tracking_Numbers_To_User"/>
  <testcase name="Add_Tracking_Number" time="0.494" classname="Test_Data_Generation.Add_Tracking_Numbers_To_User"/>
  <testcase name="Add_Tracking_Number" time="0.667" classname="Test_Data_Generation.Add_Tracking_Numbers_To_User"/>
  <testcase name="Add_Tracking_Number" time="0.541" classname="Test_Data_Generation.Add_Tracking_Numbers_To_User"/>
  <testcase name="Add_Tracking_Number" time="0.642" classname="Test_Data_Generation.Add_Tracking_Numbers_To_User"/>
  <testcase name="Add_Tracking_Number" time="0.616" classname="Test_Data_Generation.Add_Tracking_Numbers_To_User"/>
  <testcase name="Add_Tracking_Number" time="0.536" classname="Test_Data_Generation.Add_Tracking_Numbers_To_User"/>
  <testcase name="Add_Tracking_Number" time="0.532" classname="Test_Data_Generation.Add_Tracking_Numbers_To_User"/>
  <testcase name="Add_Tracking_Number" time="0.612" classname="Test_Data_Generation.Add_Tracking_Numbers_To_User"/>
  <testcase name="Add_Tracking_Number" time="0.559" classname="Test_Data_Generation.Add_Tracking_Numbers_To_User"/>
  <testcase name="Add_Tracking_Number" time="0.553" classname="Test_Data_Generation.Add_Tracking_Numbers_To_User"/>
  <testcase name="Add_Tracking_Number" time="0.498" classname="Test_Data_Generation.Add_Tracking_Numbers_To_User"/>
  <testcase name="Add_Tracking_Number" time="0.578" classname="Test_Data_Generation.Add_Tracking_Numbers_To_User"/>
  <testcase name="Add_Tracking_Number" time="0.519" classname="Test_Data_Generation.Add_Tracking_Numbers_To_User"/>
  <testcase name="Add_Tracking_Number" time="0.595" classname="Test_Data_Generation.Add_Tracking_Numbers_To_User"/>
  <testcase name="Add_Tracking_Number" time="0.534" classname="Test_Data_Generation.Add_Tracking_Numbers_To_User"/>
  <testcase name="Add_Tracking_Number" time="0.486" classname="Test_Data_Generation.Add_Tracking_Numbers_To_User"/>
  <testcase name="Add_Tracking_Number" time="0.513" classname="Test_Data_Generation.Add_Tracking_Numbers_To_User"/>
  <testcase name="Add_Tracking_Number" time="0.570" classname="Test_Data_Generation.Add_Tracking_Numbers_To_User"/>
  <testcase name="Add_Tracking_Number" time="0.505" classname="Test_Data_Generation.Add_Tracking_Numbers_To_User"/>
  <testcase name="Add_Tracking_Number" time="0.535" classname="Test_Data_Generation.Add_Tracking_Numbers_To_User"/>
  <testcase name="Add_Tracking_Number" time="0.786" classname="Test_Data_Generation.Add_Tracking_Numbers_To_User"/>
  <testcase name="Add_Tracking_Number" time="0.544" classname="Test_Data_Generation.Add_Tracking_Numbers_To_User"/>
  <testcase name="Add_Tracking_Number" time="0.666" classname="Test_Data_Generation.Add_Tracking_Numbers_To_User"/>
  <testcase name="Add_Tracking_Number" time="0.529" classname="Test_Data_Generation.Add_Tracking_Numbers_To_User"/>
  <testcase name="Add_Tracking_Number" time="0.538" classname="Test_Data_Generation.Add_Tracking_Numbers_To_User"/>
  <testcase name="Add_Tracking_Number" time="0.470" classname="Test_Data_Generation.Add_Tracking_Numbers_To_User"/>
  <testcase name="Add_Tracking_Number" time="0.463" classname="Test_Data_Generation.Add_Tracking_Numbers_To_User"/>
  <testcase name="Add_Tracking_Number" time="0.558" classname="Test_Data_Generation.Add_Tracking_Numbers_To_User"/>
  <testcase name="Add_Tracking_Number" time="0.557" classname="Test_Data_Generation.Add_Tracking_Numbers_To_User"/>
  <testcase name="Add_Tracking_Number" time="0.499" classname="Test_Data_Generation.Add_Tracking_Numbers_To_User"/>
  <testcase name="Add_Tracking_Number" time="0.433" classname="Test_Data_Generation.Add_Tracking_Numbers_To_User"/>
  <testcase name="Add_Tracking_Number" time="0.483" classname="Test_Data_Generation.Add_Tracking_Numbers_To_User"/>
  <testcase name="Add_Tracking_Number" time="0.560" classname="Test_Data_Generation.Add_Tracking_Numbers_To_User"/>
  <testcase name="Add_Tracking_Number" time="0.566" classname="Test_Data_Generation.Add_Tracking_Numbers_To_User"/>
  <testcase name="Add_Tracking_Number" time="0.531" classname="Test_Data_Generation.Add_Tracking_Numbers_To_User"/>
  <testcase name="Add_Tracking_Number" time="0.449" classname="Test_Data_Generation.Add_Tracking_Numbers_To_User"/>
  <testcase name="Add_Tracking_Number" time="0.549" classname="Test_Data_Generation.Add_Tracking_Numbers_To_User"/>
  <testcase name="Add_Tracking_Number" time="0.761" classname="Test_Data_Generation.Add_Tracking_Numbers_To_User"/>
  <testcase name="Add_Tracking_Number" time="0.496" classname="Test_Data_Generation.Add_Tracking_Numbers_To_User"/>
  <testcase name="Add_Tracking_Number" time="0.568" classname="Test_Data_Generation.Add_Tracking_Numbers_To_User"/>
  <testcase name="Add_Tracking_Number" time="0.534" classname="Test_Data_Generation.Add_Tracking_Numbers_To_User"/>
  <testcase name="Add_Tracking_Number" time="0.557" classname="Test_Data_Generation.Add_Tracking_Numbers_To_User"/>
  <testcase name="Add_Tracking_Number" time="0.496" classname="Test_Data_Generation.Add_Tracking_Numbers_To_User"/>
  <testcase name="Add_Tracking_Number" time="0.534" classname="Test_Data_Generation.Add_Tracking_Numbers_To_User"/>
  <testcase name="Add_Tracking_Number" time="0.547" classname="Test_Data_Generation.Add_Tracking_Numbers_To_User"/>
  <testcase name="Add_Tracking_Number" time="0.528" classname="Test_Data_Generation.Add_Tracking_Numbers_To_User"/>
  <testcase name="Add_Tracking_Number" time="0.575" classname="Test_Data_Generation.Add_Tracking_Numbers_To_User"/>
  <testcase name="Add_Tracking_Number" time="0.532" classname="Test_Data_Generation.Add_Tracking_Numbers_To_User"/>
  <testcase name="Add_Tracking_Number" time="0.492" classname="Test_Data_Generation.Add_Tracking_Numbers_To_User"/>
  <testcase name="Add_Tracking_Number" time="0.179" classname="Test_Data_Generation.Add_Tracking_Numbers_To_User"/>
  <testcase name="Add_Tracking_Number" time="0.529" classname="Test_Data_Generation.Add_Tracking_Numbers_To_User"/>
  <testcase name="Add_Tracking_Number" time="0.526" classname="Test_Data_Generation.Add_Tracking_Numbers_To_User"/>
  <testcase name="Add_Tracking_Number" time="0.529" classname="Test_Data_Generation.Add_Tracking_Numbers_To_User"/>
  <testcase name="Add_Tracking_Number" time="0.503" classname="Test_Data_Generation.Add_Tracking_Numbers_To_User"/>
  <testcase name="Add_Tracking_Number" time="0.604" classname="Test_Data_Generation.Add_Tracking_Numbers_To_User"/>
  <testcase name="Add_Tracking_Number" time="0.649" classname="Test_Data_Generation.Add_Tracking_Numbers_To_User"/>
  <testcase name="Add_Tracking_Number" time="0.616" classname="Test_Data_Generation.Add_Tracking_Numbers_To_User"/>
  <testcase name="Add_Tracking_Number" time="0.573" classname="Test_Data_Generation.Add_Tracking_Numbers_To_User"/>
  <testcase name="Add_Tracking_Number" time="0.530" classname="Test_Data_Generation.Add_Tracking_Numbers_To_User"/>
  <testcase name="Add_Tracking_Number" time="0.551" classname="Test_Data_Generation.Add_Tracking_Numbers_To_User"/>
  <testcase name="Add_Tracking_Number" time="0.769" classname="Test_Data_Generation.Add_Tracking_Numbers_To_User"/>
  <testcase name="Add_Tracking_Number" time="0.551" classname="Test_Data_Generation.Add_Tracking_Numbers_To_User"/>
  <testcase name="Add_Tracking_Number" time="0.611" classname="Test_Data_Generation.Add_Tracking_Numbers_To_User"/>
  <testcase name="Add_Tracking_Number" time="0.452" classname="Test_Data_Generation.Add_Tracking_Numbers_To_User"/>
  <testcase name="Add_Tracking_Number" time="0.511" classname="Test_Data_Generation.Add_Tracking_Numbers_To_User"/>
  <testcase name="Add_Tracking_Number" time="0.458" classname="Test_Data_Generation.Add_Tracking_Numbers_To_User"/>
  <testcase name="Add_Tracking_Number" time="0.498" classname="Test_Data_Generation.Add_Tracking_Numbers_To_User"/>
  <testcase name="Add_Tracking_Number" time="0.583" classname="Test_Data_Generation.Add_Tracking_Numbers_To_User"/>
  <testcase name="Add_Tracking_Number" time="0.655" classname="Test_Data_Generation.Add_Tracking_Numbers_To_User"/>
  <testcase name="Add_Tracking_Number" time="0.567" classname="Test_Data_Generation.Add_Tracking_Numbers_To_User"/>
  <testcase name="Add_Tracking_Number" time="0.494" classname="Test_Data_Generation.Add_Tracking_Numbers_To_User"/>
  <testcase name="Add_Tracking_Number" time="0.585" classname="Test_Data_Generation.Add_Tracking_Numbers_To_User"/>
  <testcase name="Add_Tracking_Number" time="0.494" classname="Test_Data_Generation.Add_Tracking_Numbers_To_User"/>
  <testcase name="Add_Tracking_Number" time="0.612" classname="Test_Data_Generation.Add_Tracking_Numbers_To_User"/>
  <testcase name="Add_Tracking_Number" time="0.479" classname="Test_Data_Generation.Add_Tracking_Numbers_To_User"/>
  <testcase name="Add_Tracking_Number" time="0.792" classname="Test_Data_Generation.Add_Tracking_Numbers_To_User"/>
  <testcase name="Add_Tracking_Number" time="0.525" classname="Test_Data_Generation.Add_Tracking_Numbers_To_User"/>
  <testcase name="Add_Tracking_Number" time="0.472" classname="Test_Data_Generation.Add_Tracking_Numbers_To_User"/>
  <testcase name="Add_Tracking_Number" time="0.585" classname="Test_Data_Generation.Add_Tracking_Numbers_To_User"/>
  <testcase name="Add_Tracking_Number" time="0.477" classname="Test_Data_Generation.Add_Tracking_Numbers_To_User"/>
  <testcase name="Add_Tracking_Number" time="0.521" classname="Test_Data_Generation.Add_Tracking_Numbers_To_User"/>
  <testcase name="Add_Tracking_Number" time="0.634" classname="Test_Data_Generation.Add_Tracking_Numbers_To_User"/>
  <testcase name="Add_Tracking_Number" time="0.531" classname="Test_Data_Generation.Add_Tracking_Numbers_To_User"/>
  <testcase name="Add_Tracking_Number" time="0.423" classname="Test_Data_Generation.Add_Tracking_Numbers_To_User"/>
  <testcase name="Add_Tracking_Number" time="0.624" classname="Test_Data_Generation.Add_Tracking_Numbers_To_User"/>
  <testcase name="Add_Tracking_Number" time="0.656" classname="Test_Data_Generation.Add_Tracking_Numbers_To_User"/>
  <testcase name="Add_Tracking_Number" time="0.514" classname="Test_Data_Generation.Add_Tracking_Numbers_To_User"/>
  <testcase name="Add_Tracking_Number" time="0.504" classname="Test_Data_Generation.Add_Tracking_Numbers_To_User"/>
  <testcase name="Add_Tracking_Number" time="0.494" classname="Test_Data_Generation.Add_Tracking_Numbers_To_User"/>
  <testcase name="Add_Tracking_Number" time="0.767" classname="Test_Data_Generation.Add_Tracking_Numbers_To_User"/>
  <testcase name="Add_Tracking_Number" time="0.714" classname="Test_Data_Generation.Add_Tracking_Numbers_To_User"/>
  <testcase name="Add_Tracking_Number" time="0.536" classname="Test_Data_Generation.Add_Tracking_Numbers_To_User"/>
  <testcase name="Add_Tracking_Number" time="0.532" classname="Test_Data_Generation.Add_Tracking_Numbers_To_User"/>
  <testcase name="Add_Tracking_Number" time="0.490" classname="Test_Data_Generation.Add_Tracking_Numbers_To_User"/>
  <testcase name="Add_Tracking_Number" time="0.579" classname="Test_Data_Generation.Add_Tracking_Numbers_To_User"/>
  <testcase name="Add_Tracking_Number" time="0.511" classname="Test_Data_Generation.Add_Tracking_Numbers_To_User"/>
  <testcase name="Add_Tracking_Number" time="0.695" classname="Test_Data_Generation.Add_Tracking_Numbers_To_User"/>
  <testcase name="Add_Tracking_Number" time="0.501" classname="Test_Data_Generation.Add_Tracking_Numbers_To_User"/>
  <testcase name="Add_Tracking_Number" time="0.493" classname="Test_Data_Generation.Add_Tracking_Numbers_To_User"/>
  <testcase name="Add_Tracking_Number" time="0.503" classname="Test_Data_Generation.Add_Tracking_Numbers_To_User"/>
  <testcase name="Add_Tracking_Number" time="0.521" classname="Test_Data_Generation.Add_Tracking_Numbers_To_User"/>
  <testcase name="Add_Tracking_Number" time="0.529" classname="Test_Data_Generation.Add_Tracking_Numbers_To_User"/>
  <testcase name="Add_Tracking_Number" time="0.602" classname="Test_Data_Generation.Add_Tracking_Numbers_To_User"/>
  <testcase name="Add_Tracking_Number" time="0.519" classname="Test_Data_Generation.Add_Tracking_Numbers_To_User"/>
  <testcase name="Add_Tracking_Number" time="0.513" classname="Test_Data_Generation.Add_Tracking_Numbers_To_User"/>
  <testcase name="Add_Tracking_Number" time="0.533" classname="Test_Data_Generation.Add_Tracking_Numbers_To_User"/>
  <testcase name="Add_Tracking_Number" time="0.564" classname="Test_Data_Generation.Add_Tracking_Numbers_To_User"/>
  <testcase name="Add_Tracking_Number" time="0.518" classname="Test_Data_Generation.Add_Tracking_Numbers_To_User"/>
  <testcase name="Add_Tracking_Number" time="0.424" classname="Test_Data_Generation.Add_Tracking_Numbers_To_User"/>
  <testcase name="Add_Tracking_Number" time="0.597" classname="Test_Data_Generation.Add_Tracking_Numbers_To_User"/>
  <testcase name="Add_Tracking_Number" time="0.558" classname="Test_Data_Generation.Add_Tracking_Numbers_To_User"/>
  <testcase name="Add_Tracking_Number" time="0.535" classname="Test_Data_Generation.Add_Tracking_Numbers_To_User"/>
  <testcase name="Add_Tracking_Number" time="0.639" classname="Test_Data_Generation.Add_Tracking_Numbers_To_User"/>
  <testcase name="Add_Tracking_Number" time="0.523" classname="Test_Data_Generation.Add_Tracking_Numbers_To_User"/>
  <testcase name="Add_Tracking_Number" time="0.512" classname="Test_Data_Generation.Add_Tracking_Numbers_To_User"/>
  <testcase name="Add_Tracking_Number" time="0.527" classname="Test_Data_Generation.Add_Tracking_Numbers_To_User"/>
  <testcase name="Add_Tracking_Number" time="0.512" classname="Test_Data_Generation.Add_Tracking_Numbers_To_User"/>
  <testcase name="Add_Tracking_Number" time="0.520" classname="Test_Data_Generation.Add_Tracking_Numbers_To_User"/>
  <testcase name="Add_Tracking_Number" time="0.547" classname="Test_Data_Generation.Add_Tracking_Numbers_To_User"/>
  <testcase name="Add_Tracking_Number" time="0.548" classname="Test_Data_Generation.Add_Tracking_Numbers_To_User"/>
  <testcase name="Add_Tracking_Number" time="0.493" classname="Test_Data_Generation.Add_Tracking_Numbers_To_User">
    <failure type="java.lang.AssertionError" message="
Expected: a string containing &quot;{\&quot;successful\&quot;:true&quot;
     but: was &quot;{&quot;ShipmentOptionResponse&quot;:{&quot;successful&quot;:false,&quot;errorList&quot;:[{&quot;code&quot;:&quot;2997&quot;,&quot;message&quot;:&quot;TRAQS connection/request problem&quot;,&quot;source&quot;:null,&quot;rootCause&quot;:null}],&quot;alerts&quot;:null,&quot;cxsalerts&quot;:null}}&quot;">
      <![CDATA[java.lang.AssertionError: 
Expected: a string containing "{\"successful\":true"
     but: was "{"ShipmentOptionResponse":{"successful":false,"errorList":[{"code":"2997","message":"TRAQS connection/request problem","source":null,"rootCause":null}],"alerts":null,"cxsalerts":null}}"
at org.hamcrest.MatcherAssert.assertThat(MatcherAssert.java:20)
at org.junit.Assert.assertThat(Assert.java:956)
at org.junit.Assert.assertThat(Assert.java:923)
at Test_Data_Generation.Add_Tracking_Numbers_To_User.Add_Tracking_Number(Add_Tracking_Numbers_To_User.java:69)
at sun.reflect.GeneratedMethodAccessor2.invoke(Unknown Source)
at sun.reflect.DelegatingMethodAccessorImpl.invoke(Unknown Source)
at java.lang.reflect.Method.invoke(Unknown Source)
at org.testng.internal.MethodInvocationHelper.invokeMethod(MethodInvocationHelper.java:124)
at org.testng.internal.Invoker.invokeMethod(Invoker.java:580)
at org.testng.internal.Invoker.invokeTestMethod(Invoker.java:716)
at org.testng.internal.TestMethodWithDataProviderMethodWorker.call(TestMethodWithDataProviderMethodWorker.java:71)
at org.testng.internal.TestMethodWithDataProviderMethodWorker.call(TestMethodWithDataProviderMethodWorker.java:14)
at java.util.concurrent.FutureTask.run(Unknown Source)
at java.util.concurrent.Executors$RunnableAdapter.call(Unknown Source)
at java.util.concurrent.FutureTask.run(Unknown Source)
at java.util.concurrent.ThreadPoolExecutor.runWorker(Unknown Source)
at java.util.concurrent.ThreadPoolExecutor$Worker.run(Unknown Source)
at java.lang.Thread.run(Unknown Source)
]]>
    </failure>
  </testcase> <!-- Add_Tracking_Number -->
  <testcase name="Add_Tracking_Number" time="0.533" classname="Test_Data_Generation.Add_Tracking_Numbers_To_User"/>
  <testcase name="Add_Tracking_Number" time="0.436" classname="Test_Data_Generation.Add_Tracking_Numbers_To_User"/>
  <testcase name="Add_Tracking_Number" time="0.515" classname="Test_Data_Generation.Add_Tracking_Numbers_To_User"/>
  <testcase name="Add_Tracking_Number" time="0.537" classname="Test_Data_Generation.Add_Tracking_Numbers_To_User"/>
  <testcase name="Add_Tracking_Number" time="0.531" classname="Test_Data_Generation.Add_Tracking_Numbers_To_User"/>
  <testcase name="Add_Tracking_Number" time="0.465" classname="Test_Data_Generation.Add_Tracking_Numbers_To_User"/>
  <testcase name="Add_Tracking_Number" time="0.962" classname="Test_Data_Generation.Add_Tracking_Numbers_To_User"/>
  <testcase name="Add_Tracking_Number" time="0.419" classname="Test_Data_Generation.Add_Tracking_Numbers_To_User"/>
  <testcase name="Add_Tracking_Number" time="0.575" classname="Test_Data_Generation.Add_Tracking_Numbers_To_User"/>
  <testcase name="Add_Tracking_Number" time="0.622" classname="Test_Data_Generation.Add_Tracking_Numbers_To_User"/>
  <testcase name="Add_Tracking_Number" time="0.488" classname="Test_Data_Generation.Add_Tracking_Numbers_To_User"/>
  <testcase name="Add_Tracking_Number" time="0.790" classname="Test_Data_Generation.Add_Tracking_Numbers_To_User"/>
  <testcase name="Add_Tracking_Number" time="0.547" classname="Test_Data_Generation.Add_Tracking_Numbers_To_User"/>
  <testcase name="Add_Tracking_Number" time="0.472" classname="Test_Data_Generation.Add_Tracking_Numbers_To_User"/>
  <testcase name="Add_Tracking_Number" time="0.633" classname="Test_Data_Generation.Add_Tracking_Numbers_To_User"/>
  <testcase name="Add_Tracking_Number" time="0.595" classname="Test_Data_Generation.Add_Tracking_Numbers_To_User"/>
  <testcase name="Add_Tracking_Number" time="0.512" classname="Test_Data_Generation.Add_Tracking_Numbers_To_User"/>
  <testcase name="Add_Tracking_Number" time="0.649" classname="Test_Data_Generation.Add_Tracking_Numbers_To_User"/>
  <testcase name="Add_Tracking_Number" time="0.488" classname="Test_Data_Generation.Add_Tracking_Numbers_To_User"/>
  <testcase name="Add_Tracking_Number" time="0.525" classname="Test_Data_Generation.Add_Tracking_Numbers_To_User"/>
  <testcase name="Add_Tracking_Number" time="0.417" classname="Test_Data_Generation.Add_Tracking_Numbers_To_User"/>
  <testcase name="Add_Tracking_Number" time="0.618" classname="Test_Data_Generation.Add_Tracking_Numbers_To_User"/>
  <testcase name="Add_Tracking_Number" time="0.456" classname="Test_Data_Generation.Add_Tracking_Numbers_To_User"/>
  <testcase name="Add_Tracking_Number" time="0.536" classname="Test_Data_Generation.Add_Tracking_Numbers_To_User"/>
  <testcase name="Add_Tracking_Number" time="0.480" classname="Test_Data_Generation.Add_Tracking_Numbers_To_User"/>
  <testcase name="Add_Tracking_Number" time="0.930" classname="Test_Data_Generation.Add_Tracking_Numbers_To_User"/>
  <testcase name="Add_Tracking_Number" time="0.904" classname="Test_Data_Generation.Add_Tracking_Numbers_To_User"/>
  <testcase name="Add_Tracking_Number" time="0.387" classname="Test_Data_Generation.Add_Tracking_Numbers_To_User"/>
  <testcase name="Add_Tracking_Number" time="0.502" classname="Test_Data_Generation.Add_Tracking_Numbers_To_User"/>
  <testcase name="Add_Tracking_Number" time="0.516" classname="Test_Data_Generation.Add_Tracking_Numbers_To_User"/>
  <testcase name="Add_Tracking_Number" time="0.492" classname="Test_Data_Generation.Add_Tracking_Numbers_To_User"/>
  <testcase name="Add_Tracking_Number" time="1.046" classname="Test_Data_Generation.Add_Tracking_Numbers_To_User"/>
  <testcase name="Add_Tracking_Number" time="0.494" classname="Test_Data_Generation.Add_Tracking_Numbers_To_User"/>
  <testcase name="Add_Tracking_Number" time="0.649" classname="Test_Data_Generation.Add_Tracking_Numbers_To_User"/>
  <testcase name="Add_Tracking_Number" time="0.545" classname="Test_Data_Generation.Add_Tracking_Numbers_To_User"/>
  <testcase name="Add_Tracking_Number" time="0.518" classname="Test_Data_Generation.Add_Tracking_Numbers_To_User"/>
  <testcase name="Add_Tracking_Number" time="0.696" classname="Test_Data_Generation.Add_Tracking_Numbers_To_User"/>
  <testcase name="Add_Tracking_Number" time="0.573" classname="Test_Data_Generation.Add_Tracking_Numbers_To_User"/>
  <testcase name="Add_Tracking_Number" time="0.830" classname="Test_Data_Generation.Add_Tracking_Numbers_To_User"/>
  <testcase name="Add_Tracking_Number" time="0.483" classname="Test_Data_Generation.Add_Tracking_Numbers_To_User"/>
  <testcase name="Add_Tracking_Number" time="0.495" classname="Test_Data_Generation.Add_Tracking_Numbers_To_User"/>
  <testcase name="Add_Tracking_Number" time="0.464" classname="Test_Data_Generation.Add_Tracking_Numbers_To_User"/>
  <testcase name="Add_Tracking_Number" time="0.692" classname="Test_Data_Generation.Add_Tracking_Numbers_To_User"/>
  <testcase name="Add_Tracking_Number" time="0.537" classname="Test_Data_Generation.Add_Tracking_Numbers_To_User"/>
  <testcase name="Add_Tracking_Number" time="0.454" classname="Test_Data_Generation.Add_Tracking_Numbers_To_User"/>
  <testcase name="Add_Tracking_Number" time="0.475" classname="Test_Data_Generation.Add_Tracking_Numbers_To_User"/>
  <testcase name="Add_Tracking_Number" time="0.772" classname="Test_Data_Generation.Add_Tracking_Numbers_To_User"/>
  <testcase name="Add_Tracking_Number" time="0.852" classname="Test_Data_Generation.Add_Tracking_Numbers_To_User"/>
  <testcase name="Add_Tracking_Number" time="0.761" classname="Test_Data_Generation.Add_Tracking_Numbers_To_User"/>
  <testcase name="Add_Tracking_Number" time="0.431" classname="Test_Data_Generation.Add_Tracking_Numbers_To_User"/>
  <testcase name="Add_Tracking_Number" time="0.702" classname="Test_Data_Generation.Add_Tracking_Numbers_To_User"/>
  <testcase name="Add_Tracking_Number" time="0.575" classname="Test_Data_Generation.Add_Tracking_Numbers_To_User"/>
  <testcase name="Add_Tracking_Number" time="0.578" classname="Test_Data_Generation.Add_Tracking_Numbers_To_User"/>
  <testcase name="Add_Tracking_Number" time="0.503" classname="Test_Data_Generation.Add_Tracking_Numbers_To_User"/>
  <testcase name="Add_Tracking_Number" time="0.594" classname="Test_Data_Generation.Add_Tracking_Numbers_To_User"/>
  <testcase name="Add_Tracking_Number" time="0.546" classname="Test_Data_Generation.Add_Tracking_Numbers_To_User"/>
  <testcase name="Add_Tracking_Number" time="0.565" classname="Test_Data_Generation.Add_Tracking_Numbers_To_User"/>
  <testcase name="Add_Tracking_Number" time="0.491" classname="Test_Data_Generation.Add_Tracking_Numbers_To_User"/>
  <testcase name="Add_Tracking_Number" time="0.444" classname="Test_Data_Generation.Add_Tracking_Numbers_To_User"/>
  <testcase name="Add_Tracking_Number" time="0.499" classname="Test_Data_Generation.Add_Tracking_Numbers_To_User"/>
  <testcase name="Add_Tracking_Number" time="0.445" classname="Test_Data_Generation.Add_Tracking_Numbers_To_User"/>
  <testcase name="Add_Tracking_Number" time="0.558" classname="Test_Data_Generation.Add_Tracking_Numbers_To_User"/>
  <testcase name="Add_Tracking_Number" time="0.646" classname="Test_Data_Generation.Add_Tracking_Numbers_To_User"/>
  <testcase name="Add_Tracking_Number" time="0.574" classname="Test_Data_Generation.Add_Tracking_Numbers_To_User"/>
  <testcase name="Add_Tracking_Number" time="0.492" classname="Test_Data_Generation.Add_Tracking_Numbers_To_User"/>
  <testcase name="Add_Tracking_Number" time="0.545" classname="Test_Data_Generation.Add_Tracking_Numbers_To_User"/>
  <testcase name="Add_Tracking_Number" time="0.802" classname="Test_Data_Generation.Add_Tracking_Numbers_To_User"/>
  <testcase name="Add_Tracking_Number" time="0.466" classname="Test_Data_Generation.Add_Tracking_Numbers_To_User"/>
  <testcase name="Add_Tracking_Number" time="0.650" classname="Test_Data_Generation.Add_Tracking_Numbers_To_User"/>
  <testcase name="Add_Tracking_Number" time="0.585" classname="Test_Data_Generation.Add_Tracking_Numbers_To_User"/>
  <testcase name="Add_Tracking_Number" time="0.541" classname="Test_Data_Generation.Add_Tracking_Numbers_To_User"/>
  <testcase name="Add_Tracking_Number" time="0.511" classname="Test_Data_Generation.Add_Tracking_Numbers_To_User"/>
  <testcase name="Add_Tracking_Number" time="0.757" classname="Test_Data_Generation.Add_Tracking_Numbers_To_User"/>
  <testcase name="Add_Tracking_Number" time="0.455" classname="Test_Data_Generation.Add_Tracking_Numbers_To_User"/>
  <testcase name="Add_Tracking_Number" time="0.531" classname="Test_Data_Generation.Add_Tracking_Numbers_To_User"/>
  <testcase name="Add_Tracking_Number" time="0.508" classname="Test_Data_Generation.Add_Tracking_Numbers_To_User"/>
  <testcase name="Add_Tracking_Number" time="0.483" classname="Test_Data_Generation.Add_Tracking_Numbers_To_User"/>
  <testcase name="Add_Tracking_Number" time="0.521" classname="Test_Data_Generation.Add_Tracking_Numbers_To_User"/>
  <testcase name="Add_Tracking_Number" time="0.594" classname="Test_Data_Generation.Add_Tracking_Numbers_To_User"/>
  <testcase name="Add_Tracking_Number" time="0.564" classname="Test_Data_Generation.Add_Tracking_Numbers_To_User"/>
  <testcase name="Add_Tracking_Number" time="0.471" classname="Test_Data_Generation.Add_Tracking_Numbers_To_User"/>
  <testcase name="Add_Tracking_Number" time="0.542" classname="Test_Data_Generation.Add_Tracking_Numbers_To_User"/>
  <testcase name="Add_Tracking_Number" time="0.357" classname="Test_Data_Generation.Add_Tracking_Numbers_To_User"/>
  <testcase name="Add_Tracking_Number" time="0.586" classname="Test_Data_Generation.Add_Tracking_Numbers_To_User"/>
  <testcase name="Add_Tracking_Number" time="0.527" classname="Test_Data_Generation.Add_Tracking_Numbers_To_User"/>
  <testcase name="Add_Tracking_Number" time="0.580" classname="Test_Data_Generation.Add_Tracking_Numbers_To_User"/>
  <testcase name="Add_Tracking_Number" time="0.489" classname="Test_Data_Generation.Add_Tracking_Numbers_To_User"/>
  <testcase name="Add_Tracking_Number" time="0.498" classname="Test_Data_Generation.Add_Tracking_Numbers_To_User"/>
  <testcase name="Add_Tracking_Number" time="0.549" classname="Test_Data_Generation.Add_Tracking_Numbers_To_User"/>
  <testcase name="Add_Tracking_Number" time="0.388" classname="Test_Data_Generation.Add_Tracking_Numbers_To_User">
    <failure type="java.lang.AssertionError" message="
Expected: a string containing &quot;{\&quot;successful\&quot;:true&quot;
     but: was &quot;{&quot;ShipmentOptionResponse&quot;:{&quot;successful&quot;:false,&quot;errorList&quot;:[{&quot;code&quot;:&quot;2997&quot;,&quot;message&quot;:&quot;TRAQS connection/request problem&quot;,&quot;source&quot;:null,&quot;rootCause&quot;:null}],&quot;alerts&quot;:null,&quot;cxsalerts&quot;:null}}&quot;">
      <![CDATA[java.lang.AssertionError: 
Expected: a string containing "{\"successful\":true"
     but: was "{"ShipmentOptionResponse":{"successful":false,"errorList":[{"code":"2997","message":"TRAQS connection/request problem","source":null,"rootCause":null}],"alerts":null,"cxsalerts":null}}"
at org.hamcrest.MatcherAssert.assertThat(MatcherAssert.java:20)
at org.junit.Assert.assertThat(Assert.java:956)
at org.junit.Assert.assertThat(Assert.java:923)
at Test_Data_Generation.Add_Tracking_Numbers_To_User.Add_Tracking_Number(Add_Tracking_Numbers_To_User.java:69)
at sun.reflect.GeneratedMethodAccessor2.invoke(Unknown Source)
at sun.reflect.DelegatingMethodAccessorImpl.invoke(Unknown Source)
at java.lang.reflect.Method.invoke(Unknown Source)
at org.testng.internal.MethodInvocationHelper.invokeMethod(MethodInvocationHelper.java:124)
at org.testng.internal.Invoker.invokeMethod(Invoker.java:580)
at org.testng.internal.Invoker.invokeTestMethod(Invoker.java:716)
at org.testng.internal.TestMethodWithDataProviderMethodWorker.call(TestMethodWithDataProviderMethodWorker.java:71)
at org.testng.internal.TestMethodWithDataProviderMethodWorker.call(TestMethodWithDataProviderMethodWorker.java:14)
at java.util.concurrent.FutureTask.run(Unknown Source)
at java.util.concurrent.Executors$RunnableAdapter.call(Unknown Source)
at java.util.concurrent.FutureTask.run(Unknown Source)
at java.util.concurrent.ThreadPoolExecutor.runWorker(Unknown Source)
at java.util.concurrent.ThreadPoolExecutor$Worker.run(Unknown Source)
at java.lang.Thread.run(Unknown Source)
]]>
    </failure>
  </testcase> <!-- Add_Tracking_Number -->
  <testcase name="Add_Tracking_Number" time="0.549" classname="Test_Data_Generation.Add_Tracking_Numbers_To_User"/>
  <testcase name="Add_Tracking_Number" time="0.535" classname="Test_Data_Generation.Add_Tracking_Numbers_To_User"/>
  <testcase name="Add_Tracking_Number" time="0.551" classname="Test_Data_Generation.Add_Tracking_Numbers_To_User"/>
  <testcase name="Add_Tracking_Number" time="0.511" classname="Test_Data_Generation.Add_Tracking_Numbers_To_User"/>
  <testcase name="Add_Tracking_Number" time="0.644" classname="Test_Data_Generation.Add_Tracking_Numbers_To_User"/>
  <testcase name="Add_Tracking_Number" time="0.633" classname="Test_Data_Generation.Add_Tracking_Numbers_To_User"/>
  <testcase name="Add_Tracking_Number" time="0.475" classname="Test_Data_Generation.Add_Tracking_Numbers_To_User">
    <failure type="java.lang.AssertionError" message="
Expected: a string containing &quot;{\&quot;successful\&quot;:true&quot;
     but: was &quot;{&quot;ShipmentOptionResponse&quot;:{&quot;successful&quot;:false,&quot;errorList&quot;:[{&quot;code&quot;:&quot;2997&quot;,&quot;message&quot;:&quot;TRAQS connection/request problem&quot;,&quot;source&quot;:null,&quot;rootCause&quot;:null}],&quot;alerts&quot;:null,&quot;cxsalerts&quot;:null}}&quot;">
      <![CDATA[java.lang.AssertionError: 
Expected: a string containing "{\"successful\":true"
     but: was "{"ShipmentOptionResponse":{"successful":false,"errorList":[{"code":"2997","message":"TRAQS connection/request problem","source":null,"rootCause":null}],"alerts":null,"cxsalerts":null}}"
at org.hamcrest.MatcherAssert.assertThat(MatcherAssert.java:20)
at org.junit.Assert.assertThat(Assert.java:956)
at org.junit.Assert.assertThat(Assert.java:923)
at Test_Data_Generation.Add_Tracking_Numbers_To_User.Add_Tracking_Number(Add_Tracking_Numbers_To_User.java:69)
at sun.reflect.GeneratedMethodAccessor2.invoke(Unknown Source)
at sun.reflect.DelegatingMethodAccessorImpl.invoke(Unknown Source)
at java.lang.reflect.Method.invoke(Unknown Source)
at org.testng.internal.MethodInvocationHelper.invokeMethod(MethodInvocationHelper.java:124)
at org.testng.internal.Invoker.invokeMethod(Invoker.java:580)
at org.testng.internal.Invoker.invokeTestMethod(Invoker.java:716)
at org.testng.internal.TestMethodWithDataProviderMethodWorker.call(TestMethodWithDataProviderMethodWorker.java:71)
at org.testng.internal.TestMethodWithDataProviderMethodWorker.call(TestMethodWithDataProviderMethodWorker.java:14)
at java.util.concurrent.FutureTask.run(Unknown Source)
at java.util.concurrent.Executors$RunnableAdapter.call(Unknown Source)
at java.util.concurrent.FutureTask.run(Unknown Source)
at java.util.concurrent.ThreadPoolExecutor.runWorker(Unknown Source)
at java.util.concurrent.ThreadPoolExecutor$Worker.run(Unknown Source)
at java.lang.Thread.run(Unknown Source)
]]>
    </failure>
  </testcase> <!-- Add_Tracking_Number -->
  <testcase name="Add_Tracking_Number" time="0.636" classname="Test_Data_Generation.Add_Tracking_Numbers_To_User"/>
  <testcase name="Add_Tracking_Number" time="0.659" classname="Test_Data_Generation.Add_Tracking_Numbers_To_User"/>
  <testcase name="Add_Tracking_Number" time="0.460" classname="Test_Data_Generation.Add_Tracking_Numbers_To_User"/>
  <testcase name="Add_Tracking_Number" time="0.196" classname="Test_Data_Generation.Add_Tracking_Numbers_To_User"/>
  <testcase name="Add_Tracking_Number" time="0.626" classname="Test_Data_Generation.Add_Tracking_Numbers_To_User"/>
  <testcase name="Add_Tracking_Number" time="0.500" classname="Test_Data_Generation.Add_Tracking_Numbers_To_User"/>
  <testcase name="Add_Tracking_Number" time="0.610" classname="Test_Data_Generation.Add_Tracking_Numbers_To_User"/>
  <testcase name="Add_Tracking_Number" time="0.564" classname="Test_Data_Generation.Add_Tracking_Numbers_To_User"/>
  <testcase name="Add_Tracking_Number" time="0.472" classname="Test_Data_Generation.Add_Tracking_Numbers_To_User"/>
  <testcase name="Add_Tracking_Number" time="0.488" classname="Test_Data_Generation.Add_Tracking_Numbers_To_User"/>
  <testcase name="Add_Tracking_Number" time="0.614" classname="Test_Data_Generation.Add_Tracking_Numbers_To_User"/>
  <testcase name="Add_Tracking_Number" time="0.539" classname="Test_Data_Generation.Add_Tracking_Numbers_To_User"/>
  <testcase name="Add_Tracking_Number" time="0.705" classname="Test_Data_Generation.Add_Tracking_Numbers_To_User"/>
  <testcase name="Add_Tracking_Number" time="0.592" classname="Test_Data_Generation.Add_Tracking_Numbers_To_User"/>
  <testcase name="Add_Tracking_Number" time="0.514" classname="Test_Data_Generation.Add_Tracking_Numbers_To_User"/>
  <testcase name="Add_Tracking_Number" time="0.219" classname="Test_Data_Generation.Add_Tracking_Numbers_To_User"/>
  <testcase name="Add_Tracking_Number" time="0.479" classname="Test_Data_Generation.Add_Tracking_Numbers_To_User"/>
  <testcase name="Add_Tracking_Number" time="0.502" classname="Test_Data_Generation.Add_Tracking_Numbers_To_User"/>
  <testcase name="Add_Tracking_Number" time="0.638" classname="Test_Data_Generation.Add_Tracking_Numbers_To_User"/>
  <testcase name="Add_Tracking_Number" time="0.753" classname="Test_Data_Generation.Add_Tracking_Numbers_To_User"/>
  <testcase name="Add_Tracking_Number" time="0.595" classname="Test_Data_Generation.Add_Tracking_Numbers_To_User"/>
  <testcase name="Add_Tracking_Number" time="0.512" classname="Test_Data_Generation.Add_Tracking_Numbers_To_User"/>
  <testcase name="Add_Tracking_Number" time="0.529" classname="Test_Data_Generation.Add_Tracking_Numbers_To_User"/>
  <testcase name="Add_Tracking_Number" time="0.150" classname="Test_Data_Generation.Add_Tracking_Numbers_To_User"/>
  <testcase name="Add_Tracking_Number" time="0.558" classname="Test_Data_Generation.Add_Tracking_Numbers_To_User"/>
  <testcase name="Add_Tracking_Number" time="0.544" classname="Test_Data_Generation.Add_Tracking_Numbers_To_User"/>
  <testcase name="Add_Tracking_Number" time="0.473" classname="Test_Data_Generation.Add_Tracking_Numbers_To_User"/>
  <testcase name="Add_Tracking_Number" time="0.276" classname="Test_Data_Generation.Add_Tracking_Numbers_To_User"/>
  <testcase name="Add_Tracking_Number" time="0.587" classname="Test_Data_Generation.Add_Tracking_Numbers_To_User"/>
  <testcase name="Add_Tracking_Number" time="0.544" classname="Test_Data_Generation.Add_Tracking_Numbers_To_User"/>
  <testcase name="Add_Tracking_Number" time="0.543" classname="Test_Data_Generation.Add_Tracking_Numbers_To_User"/>
  <testcase name="Add_Tracking_Number" time="0.574" classname="Test_Data_Generation.Add_Tracking_Numbers_To_User"/>
  <testcase name="Add_Tracking_Number" time="0.508" classname="Test_Data_Generation.Add_Tracking_Numbers_To_User"/>
  <testcase name="Add_Tracking_Number" time="0.581" classname="Test_Data_Generation.Add_Tracking_Numbers_To_User"/>
  <testcase name="Add_Tracking_Number" time="0.477" classname="Test_Data_Generation.Add_Tracking_Numbers_To_User"/>
  <testcase name="Add_Tracking_Number" time="0.486" classname="Test_Data_Generation.Add_Tracking_Numbers_To_User"/>
  <testcase name="Add_Tracking_Number" time="0.486" classname="Test_Data_Generation.Add_Tracking_Numbers_To_User"/>
  <testcase name="Add_Tracking_Number" time="0.541" classname="Test_Data_Generation.Add_Tracking_Numbers_To_User"/>
  <testcase name="Add_Tracking_Number" time="0.514" classname="Test_Data_Generation.Add_Tracking_Numbers_To_User"/>
  <testcase name="Add_Tracking_Number" time="0.049" classname="Test_Data_Generation.Add_Tracking_Numbers_To_User"/>
  <testcase name="Add_Tracking_Number" time="0.589" classname="Test_Data_Generation.Add_Tracking_Numbers_To_User"/>
  <testcase name="Add_Tracking_Number" time="0.201" classname="Test_Data_Generation.Add_Tracking_Numbers_To_User"/>
  <testcase name="Add_Tracking_Number" time="0.505" classname="Test_Data_Generation.Add_Tracking_Numbers_To_User"/>
  <testcase name="Add_Tracking_Number" time="0.585" classname="Test_Data_Generation.Add_Tracking_Numbers_To_User"/>
  <testcase name="Add_Tracking_Number" time="0.519" classname="Test_Data_Generation.Add_Tracking_Numbers_To_User"/>
  <testcase name="Add_Tracking_Number" time="0.553" classname="Test_Data_Generation.Add_Tracking_Numbers_To_User"/>
  <testcase name="Add_Tracking_Number" time="0.608" classname="Test_Data_Generation.Add_Tracking_Numbers_To_User"/>
  <testcase name="Add_Tracking_Number" time="0.567" classname="Test_Data_Generation.Add_Tracking_Numbers_To_User"/>
  <testcase name="Add_Tracking_Number" time="0.521" classname="Test_Data_Generation.Add_Tracking_Numbers_To_User"/>
  <testcase name="Add_Tracking_Number" time="0.581" classname="Test_Data_Generation.Add_Tracking_Numbers_To_User"/>
  <testcase name="Add_Tracking_Number" time="0.561" classname="Test_Data_Generation.Add_Tracking_Numbers_To_User"/>
  <testcase name="Add_Tracking_Number" time="0.555" classname="Test_Data_Generation.Add_Tracking_Numbers_To_User"/>
  <testcase name="Add_Tracking_Number" time="0.565" classname="Test_Data_Generation.Add_Tracking_Numbers_To_User"/>
  <testcase name="Add_Tracking_Number" time="0.515" classname="Test_Data_Generation.Add_Tracking_Numbers_To_User"/>
  <testcase name="Add_Tracking_Number" time="0.579" classname="Test_Data_Generation.Add_Tracking_Numbers_To_User"/>
  <testcase name="Add_Tracking_Number" time="0.576" classname="Test_Data_Generation.Add_Tracking_Numbers_To_User"/>
  <testcase name="Add_Tracking_Number" time="0.592" classname="Test_Data_Generation.Add_Tracking_Numbers_To_User"/>
  <testcase name="Add_Tracking_Number" time="0.500" classname="Test_Data_Generation.Add_Tracking_Numbers_To_User"/>
  <testcase name="Add_Tracking_Number" time="0.495" classname="Test_Data_Generation.Add_Tracking_Numbers_To_User"/>
  <testcase name="Add_Tracking_Number" time="0.495" classname="Test_Data_Generation.Add_Tracking_Numbers_To_User"/>
  <testcase name="Add_Tracking_Number" time="0.308" classname="Test_Data_Generation.Add_Tracking_Numbers_To_User"/>
  <testcase name="Add_Tracking_Number" time="0.608" classname="Test_Data_Generation.Add_Tracking_Numbers_To_User"/>
  <testcase name="Add_Tracking_Number" time="0.556" classname="Test_Data_Generation.Add_Tracking_Numbers_To_User"/>
  <testcase name="Add_Tracking_Number" time="0.595" classname="Test_Data_Generation.Add_Tracking_Numbers_To_User"/>
  <testcase name="Add_Tracking_Number" time="0.544" classname="Test_Data_Generation.Add_Tracking_Numbers_To_User"/>
  <testcase name="Add_Tracking_Number" time="0.533" classname="Test_Data_Generation.Add_Tracking_Numbers_To_User"/>
  <testcase name="Add_Tracking_Number" time="0.526" classname="Test_Data_Generation.Add_Tracking_Numbers_To_User"/>
  <testcase name="Add_Tracking_Number" time="0.513" classname="Test_Data_Generation.Add_Tracking_Numbers_To_User"/>
  <testcase name="Add_Tracking_Number" time="0.518" classname="Test_Data_Generation.Add_Tracking_Numbers_To_User"/>
  <testcase name="Add_Tracking_Number" time="0.581" classname="Test_Data_Generation.Add_Tracking_Numbers_To_User"/>
  <testcase name="Add_Tracking_Number" time="0.483" classname="Test_Data_Generation.Add_Tracking_Numbers_To_User"/>
  <testcase name="Add_Tracking_Number" time="0.594" classname="Test_Data_Generation.Add_Tracking_Numbers_To_User"/>
  <testcase name="Add_Tracking_Number" time="0.564" classname="Test_Data_Generation.Add_Tracking_Numbers_To_User"/>
  <testcase name="Add_Tracking_Number" time="0.528" classname="Test_Data_Generation.Add_Tracking_Numbers_To_User"/>
  <testcase name="Add_Tracking_Number" time="0.584" classname="Test_Data_Generation.Add_Tracking_Numbers_To_User"/>
  <testcase name="Add_Tracking_Number" time="0.473" classname="Test_Data_Generation.Add_Tracking_Numbers_To_User"/>
  <testcase name="Add_Tracking_Number" time="0.526" classname="Test_Data_Generation.Add_Tracking_Numbers_To_User"/>
  <testcase name="Add_Tracking_Number" time="0.498" classname="Test_Data_Generation.Add_Tracking_Numbers_To_User"/>
  <testcase name="Add_Tracking_Number" time="0.666" classname="Test_Data_Generation.Add_Tracking_Numbers_To_User"/>
  <testcase name="Add_Tracking_Number" time="0.563" classname="Test_Data_Generation.Add_Tracking_Numbers_To_User"/>
  <testcase name="Add_Tracking_Number" time="0.583" classname="Test_Data_Generation.Add_Tracking_Numbers_To_User"/>
  <testcase name="Add_Tracking_Number" time="0.641" classname="Test_Data_Generation.Add_Tracking_Numbers_To_User"/>
  <testcase name="Add_Tracking_Number" time="0.598" classname="Test_Data_Generation.Add_Tracking_Numbers_To_User"/>
  <testcase name="Add_Tracking_Number" time="0.473" classname="Test_Data_Generation.Add_Tracking_Numbers_To_User"/>
  <testcase name="Add_Tracking_Number" time="22.151" classname="Test_Data_Generation.Add_Tracking_Numbers_To_User"/>
  <testcase name="Add_Tracking_Number" time="0.538" classname="Test_Data_Generation.Add_Tracking_Numbers_To_User"/>
  <testcase name="Add_Tracking_Number" time="0.539" classname="Test_Data_Generation.Add_Tracking_Numbers_To_User"/>
  <testcase name="Add_Tracking_Number" time="0.493" classname="Test_Data_Generation.Add_Tracking_Numbers_To_User"/>
  <testcase name="Add_Tracking_Number" time="0.523" classname="Test_Data_Generation.Add_Tracking_Numbers_To_User"/>
  <testcase name="Add_Tracking_Number" time="0.440" classname="Test_Data_Generation.Add_Tracking_Numbers_To_User"/>
  <testcase name="Add_Tracking_Number" time="0.465" classname="Test_Data_Generation.Add_Tracking_Numbers_To_User"/>
  <testcase name="Add_Tracking_Number" time="0.540" classname="Test_Data_Generation.Add_Tracking_Numbers_To_User"/>
  <testcase name="Add_Tracking_Number" time="0.538" classname="Test_Data_Generation.Add_Tracking_Numbers_To_User"/>
  <testcase name="Add_Tracking_Number" time="0.588" classname="Test_Data_Generation.Add_Tracking_Numbers_To_User"/>
  <testcase name="Add_Tracking_Number" time="0.470" classname="Test_Data_Generation.Add_Tracking_Numbers_To_User"/>
  <testcase name="Add_Tracking_Number" time="0.630" classname="Test_Data_Generation.Add_Tracking_Numbers_To_User"/>
  <testcase name="Add_Tracking_Number" time="0.507" classname="Test_Data_Generation.Add_Tracking_Numbers_To_User"/>
  <testcase name="Add_Tracking_Number" time="0.734" classname="Test_Data_Generation.Add_Tracking_Numbers_To_User"/>
  <testcase name="Add_Tracking_Number" time="0.603" classname="Test_Data_Generation.Add_Tracking_Numbers_To_User"/>
  <testcase name="Add_Tracking_Number" time="0.556" classname="Test_Data_Generation.Add_Tracking_Numbers_To_User"/>
  <testcase name="Add_Tracking_Number" time="0.565" classname="Test_Data_Generation.Add_Tracking_Numbers_To_User"/>
  <testcase name="Add_Tracking_Number" time="0.483" classname="Test_Data_Generation.Add_Tracking_Numbers_To_User"/>
  <testcase name="Add_Tracking_Number" time="0.568" classname="Test_Data_Generation.Add_Tracking_Numbers_To_User"/>
  <testcase name="Add_Tracking_Number" time="0.506" classname="Test_Data_Generation.Add_Tracking_Numbers_To_User"/>
  <testcase name="Add_Tracking_Number" time="0.629" classname="Test_Data_Generation.Add_Tracking_Numbers_To_User"/>
  <testcase name="Add_Tracking_Number" time="0.454" classname="Test_Data_Generation.Add_Tracking_Numbers_To_User"/>
  <testcase name="Add_Tracking_Number" time="0.173" classname="Test_Data_Generation.Add_Tracking_Numbers_To_User"/>
  <testcase name="Add_Tracking_Number" time="0.562" classname="Test_Data_Generation.Add_Tracking_Numbers_To_User"/>
  <testcase name="Add_Tracking_Number" time="0.502" classname="Test_Data_Generation.Add_Tracking_Numbers_To_User"/>
  <testcase name="Add_Tracking_Number" time="0.049" classname="Test_Data_Generation.Add_Tracking_Numbers_To_User"/>
  <testcase name="Add_Tracking_Number" time="14.741" classname="Test_Data_Generation.Add_Tracking_Numbers_To_User"/>
  <testcase name="Add_Tracking_Number" time="0.511" classname="Test_Data_Generation.Add_Tracking_Numbers_To_User"/>
  <testcase name="Add_Tracking_Number" time="0.555" classname="Test_Data_Generation.Add_Tracking_Numbers_To_User"/>
  <testcase name="Add_Tracking_Number" time="0.159" classname="Test_Data_Generation.Add_Tracking_Numbers_To_User"/>
  <testcase name="Add_Tracking_Number" time="0.641" classname="Test_Data_Generation.Add_Tracking_Numbers_To_User"/>
  <testcase name="Add_Tracking_Number" time="0.296" classname="Test_Data_Generation.Add_Tracking_Numbers_To_User"/>
  <testcase name="Add_Tracking_Number" time="0.559" classname="Test_Data_Generation.Add_Tracking_Numbers_To_User"/>
  <testcase name="Add_Tracking_Number" time="0.488" classname="Test_Data_Generation.Add_Tracking_Numbers_To_User"/>
  <testcase name="Add_Tracking_Number" time="0.532" classname="Test_Data_Generation.Add_Tracking_Numbers_To_User"/>
  <testcase name="Add_Tracking_Number" time="0.241" classname="Test_Data_Generation.Add_Tracking_Numbers_To_User"/>
  <testcase name="Add_Tracking_Number" time="0.549" classname="Test_Data_Generation.Add_Tracking_Numbers_To_User"/>
  <testcase name="Add_Tracking_Number" time="0.503" classname="Test_Data_Generation.Add_Tracking_Numbers_To_User"/>
  <testcase name="Add_Tracking_Number" time="0.474" classname="Test_Data_Generation.Add_Tracking_Numbers_To_User"/>
  <testcase name="Add_Tracking_Number" time="0.563" classname="Test_Data_Generation.Add_Tracking_Numbers_To_User"/>
  <testcase name="Add_Tracking_Number" time="0.573" classname="Test_Data_Generation.Add_Tracking_Numbers_To_User"/>
  <testcase name="Add_Tracking_Number" time="0.566" classname="Test_Data_Generation.Add_Tracking_Numbers_To_User"/>
  <testcase name="Add_Tracking_Number" time="0.465" classname="Test_Data_Generation.Add_Tracking_Numbers_To_User"/>
  <testcase name="Add_Tracking_Number" time="0.989" classname="Test_Data_Generation.Add_Tracking_Numbers_To_User"/>
  <testcase name="Add_Tracking_Number" time="0.542" classname="Test_Data_Generation.Add_Tracking_Numbers_To_User"/>
  <testcase name="Add_Tracking_Number" time="0.660" classname="Test_Data_Generation.Add_Tracking_Numbers_To_User"/>
  <testcase name="Add_Tracking_Number" time="0.513" classname="Test_Data_Generation.Add_Tracking_Numbers_To_User"/>
  <testcase name="Add_Tracking_Number" time="0.646" classname="Test_Data_Generation.Add_Tracking_Numbers_To_User"/>
  <testcase name="Add_Tracking_Number" time="0.593" classname="Test_Data_Generation.Add_Tracking_Numbers_To_User"/>
  <testcase name="Add_Tracking_Number" time="0.595" classname="Test_Data_Generation.Add_Tracking_Numbers_To_User"/>
  <testcase name="Add_Tracking_Number" time="0.543" classname="Test_Data_Generation.Add_Tracking_Numbers_To_User"/>
  <testcase name="Add_Tracking_Number" time="0.432" classname="Test_Data_Generation.Add_Tracking_Numbers_To_User"/>
  <testcase name="Add_Tracking_Number" time="0.512" classname="Test_Data_Generation.Add_Tracking_Numbers_To_User"/>
  <testcase name="Add_Tracking_Number" time="0.760" classname="Test_Data_Generation.Add_Tracking_Numbers_To_User"/>
  <testcase name="Add_Tracking_Number" time="0.544" classname="Test_Data_Generation.Add_Tracking_Numbers_To_User">
    <failure type="java.lang.AssertionError" message="
Expected: a string containing &quot;{\&quot;successful\&quot;:true&quot;
     but: was &quot;{&quot;ShipmentOptionResponse&quot;:{&quot;successful&quot;:false,&quot;errorList&quot;:[{&quot;code&quot;:&quot;2997&quot;,&quot;message&quot;:&quot;TRAQS connection/request problem&quot;,&quot;source&quot;:null,&quot;rootCause&quot;:null}],&quot;alerts&quot;:null,&quot;cxsalerts&quot;:null}}&quot;">
      <![CDATA[java.lang.AssertionError: 
Expected: a string containing "{\"successful\":true"
     but: was "{"ShipmentOptionResponse":{"successful":false,"errorList":[{"code":"2997","message":"TRAQS connection/request problem","source":null,"rootCause":null}],"alerts":null,"cxsalerts":null}}"
at org.hamcrest.MatcherAssert.assertThat(MatcherAssert.java:20)
at org.junit.Assert.assertThat(Assert.java:956)
at org.junit.Assert.assertThat(Assert.java:923)
at Test_Data_Generation.Add_Tracking_Numbers_To_User.Add_Tracking_Number(Add_Tracking_Numbers_To_User.java:69)
at sun.reflect.GeneratedMethodAccessor2.invoke(Unknown Source)
at sun.reflect.DelegatingMethodAccessorImpl.invoke(Unknown Source)
at java.lang.reflect.Method.invoke(Unknown Source)
at org.testng.internal.MethodInvocationHelper.invokeMethod(MethodInvocationHelper.java:124)
at org.testng.internal.Invoker.invokeMethod(Invoker.java:580)
at org.testng.internal.Invoker.invokeTestMethod(Invoker.java:716)
at org.testng.internal.TestMethodWithDataProviderMethodWorker.call(TestMethodWithDataProviderMethodWorker.java:71)
at org.testng.internal.TestMethodWithDataProviderMethodWorker.call(TestMethodWithDataProviderMethodWorker.java:14)
at java.util.concurrent.FutureTask.run(Unknown Source)
at java.util.concurrent.Executors$RunnableAdapter.call(Unknown Source)
at java.util.concurrent.FutureTask.run(Unknown Source)
at java.util.concurrent.ThreadPoolExecutor.runWorker(Unknown Source)
at java.util.concurrent.ThreadPoolExecutor$Worker.run(Unknown Source)
at java.lang.Thread.run(Unknown Source)
]]>
    </failure>
  </testcase> <!-- Add_Tracking_Number -->
  <testcase name="Add_Tracking_Number" time="0.457" classname="Test_Data_Generation.Add_Tracking_Numbers_To_User"/>
  <testcase name="Add_Tracking_Number" time="0.577" classname="Test_Data_Generation.Add_Tracking_Numbers_To_User"/>
  <testcase name="Add_Tracking_Number" time="0.549" classname="Test_Data_Generation.Add_Tracking_Numbers_To_User"/>
  <testcase name="Add_Tracking_Number" time="0.470" classname="Test_Data_Generation.Add_Tracking_Numbers_To_User"/>
  <testcase name="Add_Tracking_Number" time="0.654" classname="Test_Data_Generation.Add_Tracking_Numbers_To_User"/>
  <testcase name="Add_Tracking_Number" time="0.539" classname="Test_Data_Generation.Add_Tracking_Numbers_To_User"/>
  <testcase name="Add_Tracking_Number" time="0.572" classname="Test_Data_Generation.Add_Tracking_Numbers_To_User"/>
  <testcase name="Add_Tracking_Number" time="0.537" classname="Test_Data_Generation.Add_Tracking_Numbers_To_User"/>
  <testcase name="Add_Tracking_Number" time="0.559" classname="Test_Data_Generation.Add_Tracking_Numbers_To_User"/>
  <testcase name="Add_Tracking_Number" time="0.480" classname="Test_Data_Generation.Add_Tracking_Numbers_To_User"/>
  <testcase name="Add_Tracking_Number" time="0.620" classname="Test_Data_Generation.Add_Tracking_Numbers_To_User"/>
  <testcase name="Add_Tracking_Number" time="0.360" classname="Test_Data_Generation.Add_Tracking_Numbers_To_User"/>
  <testcase name="Add_Tracking_Number" time="0.499" classname="Test_Data_Generation.Add_Tracking_Numbers_To_User"/>
  <testcase name="Add_Tracking_Number" time="0.575" classname="Test_Data_Generation.Add_Tracking_Numbers_To_User"/>
  <testcase name="Add_Tracking_Number" time="0.502" classname="Test_Data_Generation.Add_Tracking_Numbers_To_User"/>
  <testcase name="Add_Tracking_Number" time="0.717" classname="Test_Data_Generation.Add_Tracking_Numbers_To_User"/>
  <testcase name="Add_Tracking_Number" time="0.653" classname="Test_Data_Generation.Add_Tracking_Numbers_To_User"/>
  <testcase name="Add_Tracking_Number" time="0.597" classname="Test_Data_Generation.Add_Tracking_Numbers_To_User"/>
  <testcase name="Add_Tracking_Number" time="0.486" classname="Test_Data_Generation.Add_Tracking_Numbers_To_User"/>
  <testcase name="Add_Tracking_Number" time="0.571" classname="Test_Data_Generation.Add_Tracking_Numbers_To_User"/>
  <testcase name="Add_Tracking_Number" time="0.865" classname="Test_Data_Generation.Add_Tracking_Numbers_To_User"/>
  <testcase name="Add_Tracking_Number" time="0.575" classname="Test_Data_Generation.Add_Tracking_Numbers_To_User"/>
  <testcase name="Add_Tracking_Number" time="0.540" classname="Test_Data_Generation.Add_Tracking_Numbers_To_User"/>
  <testcase name="Add_Tracking_Number" time="0.959" classname="Test_Data_Generation.Add_Tracking_Numbers_To_User"/>
  <testcase name="Add_Tracking_Number" time="0.488" classname="Test_Data_Generation.Add_Tracking_Numbers_To_User"/>
  <testcase name="Add_Tracking_Number" time="0.732" classname="Test_Data_Generation.Add_Tracking_Numbers_To_User"/>
  <testcase name="Add_Tracking_Number" time="0.534" classname="Test_Data_Generation.Add_Tracking_Numbers_To_User"/>
  <testcase name="Add_Tracking_Number" time="0.487" classname="Test_Data_Generation.Add_Tracking_Numbers_To_User"/>
  <testcase name="Add_Tracking_Number" time="0.494" classname="Test_Data_Generation.Add_Tracking_Numbers_To_User"/>
  <testcase name="Add_Tracking_Number" time="0.484" classname="Test_Data_Generation.Add_Tracking_Numbers_To_User"/>
  <testcase name="Add_Tracking_Number" time="0.698" classname="Test_Data_Generation.Add_Tracking_Numbers_To_User"/>
  <testcase name="Add_Tracking_Number" time="0.539" classname="Test_Data_Generation.Add_Tracking_Numbers_To_User"/>
  <testcase name="Add_Tracking_Number" time="0.504" classname="Test_Data_Generation.Add_Tracking_Numbers_To_User"/>
  <testcase name="Add_Tracking_Number" time="0.494" classname="Test_Data_Generation.Add_Tracking_Numbers_To_User"/>
  <testcase name="Add_Tracking_Number" time="0.659" classname="Test_Data_Generation.Add_Tracking_Numbers_To_User"/>
  <testcase name="Add_Tracking_Number" time="0.315" classname="Test_Data_Generation.Add_Tracking_Numbers_To_User"/>
  <testcase name="Add_Tracking_Number" time="0.423" classname="Test_Data_Generation.Add_Tracking_Numbers_To_User"/>
  <testcase name="Add_Tracking_Number" time="0.592" classname="Test_Data_Generation.Add_Tracking_Numbers_To_User"/>
  <testcase name="Add_Tracking_Number" time="0.536" classname="Test_Data_Generation.Add_Tracking_Numbers_To_User"/>
  <testcase name="Add_Tracking_Number" time="0.570" classname="Test_Data_Generation.Add_Tracking_Numbers_To_User"/>
  <testcase name="Add_Tracking_Number" time="0.542" classname="Test_Data_Generation.Add_Tracking_Numbers_To_User"/>
  <testcase name="Add_Tracking_Number" time="0.466" classname="Test_Data_Generation.Add_Tracking_Numbers_To_User"/>
  <testcase name="Add_Tracking_Number" time="0.666" classname="Test_Data_Generation.Add_Tracking_Numbers_To_User"/>
  <testcase name="Add_Tracking_Number" time="0.505" classname="Test_Data_Generation.Add_Tracking_Numbers_To_User"/>
  <testcase name="Add_Tracking_Number" time="0.444" classname="Test_Data_Generation.Add_Tracking_Numbers_To_User"/>
  <testcase name="Add_Tracking_Number" time="0.525" classname="Test_Data_Generation.Add_Tracking_Numbers_To_User"/>
  <testcase name="Add_Tracking_Number" time="0.709" classname="Test_Data_Generation.Add_Tracking_Numbers_To_User"/>
  <testcase name="Add_Tracking_Number" time="0.619" classname="Test_Data_Generation.Add_Tracking_Numbers_To_User"/>
  <testcase name="Add_Tracking_Number" time="0.564" classname="Test_Data_Generation.Add_Tracking_Numbers_To_User"/>
  <testcase name="Add_Tracking_Number" time="0.581" classname="Test_Data_Generation.Add_Tracking_Numbers_To_User"/>
  <testcase name="Add_Tracking_Number" time="0.516" classname="Test_Data_Generation.Add_Tracking_Numbers_To_User"/>
  <testcase name="Add_Tracking_Number" time="0.511" classname="Test_Data_Generation.Add_Tracking_Numbers_To_User"/>
  <testcase name="Add_Tracking_Number" time="0.570" classname="Test_Data_Generation.Add_Tracking_Numbers_To_User"/>
  <testcase name="Add_Tracking_Number" time="0.548" classname="Test_Data_Generation.Add_Tracking_Numbers_To_User"/>
  <testcase name="Add_Tracking_Number" time="0.553" classname="Test_Data_Generation.Add_Tracking_Numbers_To_User"/>
  <testcase name="Add_Tracking_Number" time="0.479" classname="Test_Data_Generation.Add_Tracking_Numbers_To_User"/>
  <testcase name="Add_Tracking_Number" time="0.466" classname="Test_Data_Generation.Add_Tracking_Numbers_To_User"/>
  <testcase name="Add_Tracking_Number" time="0.623" classname="Test_Data_Generation.Add_Tracking_Numbers_To_User"/>
  <testcase name="Add_Tracking_Number" time="0.481" classname="Test_Data_Generation.Add_Tracking_Numbers_To_User"/>
  <testcase name="Add_Tracking_Number" time="0.471" classname="Test_Data_Generation.Add_Tracking_Numbers_To_User"/>
  <testcase name="Add_Tracking_Number" time="0.606" classname="Test_Data_Generation.Add_Tracking_Numbers_To_User"/>
  <testcase name="Add_Tracking_Number" time="0.492" classname="Test_Data_Generation.Add_Tracking_Numbers_To_User"/>
  <testcase name="Add_Tracking_Number" time="0.165" classname="Test_Data_Generation.Add_Tracking_Numbers_To_User"/>
  <testcase name="Add_Tracking_Number" time="0.441" classname="Test_Data_Generation.Add_Tracking_Numbers_To_User"/>
  <testcase name="Add_Tracking_Number" time="0.480" classname="Test_Data_Generation.Add_Tracking_Numbers_To_User"/>
  <testcase name="Add_Tracking_Number" time="0.527" classname="Test_Data_Generation.Add_Tracking_Numbers_To_User"/>
  <testcase name="Add_Tracking_Number" time="0.680" classname="Test_Data_Generation.Add_Tracking_Numbers_To_User"/>
  <testcase name="Add_Tracking_Number" time="0.593" classname="Test_Data_Generation.Add_Tracking_Numbers_To_User"/>
  <testcase name="Add_Tracking_Number" time="0.614" classname="Test_Data_Generation.Add_Tracking_Numbers_To_User"/>
  <testcase name="Add_Tracking_Number" time="0.482" classname="Test_Data_Generation.Add_Tracking_Numbers_To_User"/>
  <testcase name="Add_Tracking_Number" time="0.603" classname="Test_Data_Generation.Add_Tracking_Numbers_To_User"/>
  <testcase name="Add_Tracking_Number" time="0.513" classname="Test_Data_Generation.Add_Tracking_Numbers_To_User"/>
  <testcase name="Add_Tracking_Number" time="0.561" classname="Test_Data_Generation.Add_Tracking_Numbers_To_User"/>
  <testcase name="Add_Tracking_Number" time="0.557" classname="Test_Data_Generation.Add_Tracking_Numbers_To_User"/>
  <testcase name="Add_Tracking_Number" time="0.460" classname="Test_Data_Generation.Add_Tracking_Numbers_To_User"/>
  <testcase name="Add_Tracking_Number" time="0.550" classname="Test_Data_Generation.Add_Tracking_Numbers_To_User"/>
  <testcase name="Add_Tracking_Number" time="0.535" classname="Test_Data_Generation.Add_Tracking_Numbers_To_User"/>
  <testcase name="Add_Tracking_Number" time="0.513" classname="Test_Data_Generation.Add_Tracking_Numbers_To_User"/>
  <testcase name="Add_Tracking_Number" time="0.527" classname="Test_Data_Generation.Add_Tracking_Numbers_To_User"/>
  <testcase name="Add_Tracking_Number" time="0.547" classname="Test_Data_Generation.Add_Tracking_Numbers_To_User"/>
  <testcase name="Add_Tracking_Number" time="0.478" classname="Test_Data_Generation.Add_Tracking_Numbers_To_User"/>
  <testcase name="Add_Tracking_Number" time="0.488" classname="Test_Data_Generation.Add_Tracking_Numbers_To_User"/>
  <testcase name="Add_Tracking_Number" time="0.609" classname="Test_Data_Generation.Add_Tracking_Numbers_To_User"/>
  <testcase name="Add_Tracking_Number" time="0.507" classname="Test_Data_Generation.Add_Tracking_Numbers_To_User"/>
  <testcase name="Add_Tracking_Number" time="0.616" classname="Test_Data_Generation.Add_Tracking_Numbers_To_User"/>
  <testcase name="Add_Tracking_Number" time="0.616" classname="Test_Data_Generation.Add_Tracking_Numbers_To_User"/>
  <testcase name="Add_Tracking_Number" time="0.571" classname="Test_Data_Generation.Add_Tracking_Numbers_To_User"/>
  <testcase name="Add_Tracking_Number" time="0.520" classname="Test_Data_Generation.Add_Tracking_Numbers_To_User"/>
  <testcase name="Add_Tracking_Number" time="0.491" classname="Test_Data_Generation.Add_Tracking_Numbers_To_User"/>
  <testcase name="Add_Tracking_Number" time="0.597" classname="Test_Data_Generation.Add_Tracking_Numbers_To_User"/>
  <testcase name="Add_Tracking_Number" time="0.649" classname="Test_Data_Generation.Add_Tracking_Numbers_To_User"/>
  <testcase name="Add_Tracking_Number" time="0.539" classname="Test_Data_Generation.Add_Tracking_Numbers_To_User"/>
  <testcase name="Add_Tracking_Number" time="0.630" classname="Test_Data_Generation.Add_Tracking_Numbers_To_User"/>
  <testcase name="Add_Tracking_Number" time="0.664" classname="Test_Data_Generation.Add_Tracking_Numbers_To_User"/>
  <testcase name="Add_Tracking_Number" time="0.640" classname="Test_Data_Generation.Add_Tracking_Numbers_To_User"/>
  <testcase name="Add_Tracking_Number" time="0.566" classname="Test_Data_Generation.Add_Tracking_Numbers_To_User"/>
  <testcase name="Add_Tracking_Number" time="0.455" classname="Test_Data_Generation.Add_Tracking_Numbers_To_User"/>
  <testcase name="Add_Tracking_Number" time="0.730" classname="Test_Data_Generation.Add_Tracking_Numbers_To_User"/>
  <testcase name="Add_Tracking_Number" time="0.075" classname="Test_Data_Generation.Add_Tracking_Numbers_To_User"/>
  <testcase name="Add_Tracking_Number" time="0.567" classname="Test_Data_Generation.Add_Tracking_Numbers_To_User"/>
  <testcase name="Add_Tracking_Number" time="0.555" classname="Test_Data_Generation.Add_Tracking_Numbers_To_User"/>
  <testcase name="Add_Tracking_Number" time="0.582" classname="Test_Data_Generation.Add_Tracking_Numbers_To_User"/>
  <testcase name="Add_Tracking_Number" time="0.554" classname="Test_Data_Generation.Add_Tracking_Numbers_To_User"/>
  <testcase name="Add_Tracking_Number" time="0.498" classname="Test_Data_Generation.Add_Tracking_Numbers_To_User"/>
  <testcase name="Add_Tracking_Number" time="0.457" classname="Test_Data_Generation.Add_Tracking_Numbers_To_User"/>
  <testcase name="Add_Tracking_Number" time="0.570" classname="Test_Data_Generation.Add_Tracking_Numbers_To_User"/>
  <testcase name="Add_Tracking_Number" time="0.673" classname="Test_Data_Generation.Add_Tracking_Numbers_To_User"/>
  <testcase name="Add_Tracking_Number" time="0.538" classname="Test_Data_Generation.Add_Tracking_Numbers_To_User"/>
  <testcase name="Add_Tracking_Number" time="0.834" classname="Test_Data_Generation.Add_Tracking_Numbers_To_User"/>
  <testcase name="Add_Tracking_Number" time="0.684" classname="Test_Data_Generation.Add_Tracking_Numbers_To_User"/>
  <testcase name="Add_Tracking_Number" time="0.609" classname="Test_Data_Generation.Add_Tracking_Numbers_To_User"/>
  <testcase name="Add_Tracking_Number" time="0.498" classname="Test_Data_Generation.Add_Tracking_Numbers_To_User"/>
  <testcase name="Add_Tracking_Number" time="1.002" classname="Test_Data_Generation.Add_Tracking_Numbers_To_User"/>
  <testcase name="Add_Tracking_Number" time="0.485" classname="Test_Data_Generation.Add_Tracking_Numbers_To_User"/>
  <testcase name="Add_Tracking_Number" time="0.744" classname="Test_Data_Generation.Add_Tracking_Numbers_To_User"/>
  <testcase name="Add_Tracking_Number" time="0.626" classname="Test_Data_Generation.Add_Tracking_Numbers_To_User"/>
  <testcase name="Add_Tracking_Number" time="0.702" classname="Test_Data_Generation.Add_Tracking_Numbers_To_User"/>
  <testcase name="Add_Tracking_Number" time="0.492" classname="Test_Data_Generation.Add_Tracking_Numbers_To_User"/>
  <testcase name="Add_Tracking_Number" time="0.608" classname="Test_Data_Generation.Add_Tracking_Numbers_To_User"/>
  <testcase name="Add_Tracking_Number" time="0.548" classname="Test_Data_Generation.Add_Tracking_Numbers_To_User"/>
  <testcase name="Add_Tracking_Number" time="0.482" classname="Test_Data_Generation.Add_Tracking_Numbers_To_User"/>
  <testcase name="Add_Tracking_Number" time="0.746" classname="Test_Data_Generation.Add_Tracking_Numbers_To_User"/>
  <testcase name="Add_Tracking_Number" time="0.526" classname="Test_Data_Generation.Add_Tracking_Numbers_To_User"/>
  <testcase name="Add_Tracking_Number" time="0.632" classname="Test_Data_Generation.Add_Tracking_Numbers_To_User"/>
  <testcase name="Add_Tracking_Number" time="0.687" classname="Test_Data_Generation.Add_Tracking_Numbers_To_User"/>
  <testcase name="Add_Tracking_Number" time="0.503" classname="Test_Data_Generation.Add_Tracking_Numbers_To_User"/>
  <testcase name="Add_Tracking_Number" time="0.765" classname="Test_Data_Generation.Add_Tracking_Numbers_To_User"/>
  <testcase name="Add_Tracking_Number" time="0.507" classname="Test_Data_Generation.Add_Tracking_Numbers_To_User"/>
  <testcase name="Add_Tracking_Number" time="0.518" classname="Test_Data_Generation.Add_Tracking_Numbers_To_User"/>
  <testcase name="Add_Tracking_Number" time="0.588" classname="Test_Data_Generation.Add_Tracking_Numbers_To_User"/>
  <testcase name="Add_Tracking_Number" time="0.512" classname="Test_Data_Generation.Add_Tracking_Numbers_To_User"/>
  <testcase name="Add_Tracking_Number" time="0.535" classname="Test_Data_Generation.Add_Tracking_Numbers_To_User"/>
  <testcase name="Add_Tracking_Number" time="0.621" classname="Test_Data_Generation.Add_Tracking_Numbers_To_User"/>
  <testcase name="Add_Tracking_Number" time="0.528" classname="Test_Data_Generation.Add_Tracking_Numbers_To_User"/>
  <testcase name="Add_Tracking_Number" time="0.567" classname="Test_Data_Generation.Add_Tracking_Numbers_To_User"/>
  <testcase name="Add_Tracking_Number" time="0.372" classname="Test_Data_Generation.Add_Tracking_Numbers_To_User"/>
  <testcase name="Add_Tracking_Number" time="0.523" classname="Test_Data_Generation.Add_Tracking_Numbers_To_User"/>
  <testcase name="Add_Tracking_Number" time="0.070" classname="Test_Data_Generation.Add_Tracking_Numbers_To_User"/>
  <testcase name="Add_Tracking_Number" time="0.553" classname="Test_Data_Generation.Add_Tracking_Numbers_To_User"/>
  <testcase name="Add_Tracking_Number" time="0.541" classname="Test_Data_Generation.Add_Tracking_Numbers_To_User"/>
  <testcase name="Add_Tracking_Number" time="0.499" classname="Test_Data_Generation.Add_Tracking_Numbers_To_User"/>
  <testcase name="Add_Tracking_Number" time="0.500" classname="Test_Data_Generation.Add_Tracking_Numbers_To_User"/>
  <testcase name="Add_Tracking_Number" time="0.514" classname="Test_Data_Generation.Add_Tracking_Numbers_To_User"/>
  <testcase name="Add_Tracking_Number" time="0.494" classname="Test_Data_Generation.Add_Tracking_Numbers_To_User"/>
  <testcase name="Add_Tracking_Number" time="0.621" classname="Test_Data_Generation.Add_Tracking_Numbers_To_User"/>
  <testcase name="Add_Tracking_Number" time="0.615" classname="Test_Data_Generation.Add_Tracking_Numbers_To_User"/>
  <testcase name="Add_Tracking_Number" time="0.816" classname="Test_Data_Generation.Add_Tracking_Numbers_To_User"/>
  <testcase name="Add_Tracking_Number" time="0.581" classname="Test_Data_Generation.Add_Tracking_Numbers_To_User"/>
  <testcase name="Add_Tracking_Number" time="0.554" classname="Test_Data_Generation.Add_Tracking_Numbers_To_User"/>
  <testcase name="Add_Tracking_Number" time="0.653" classname="Test_Data_Generation.Add_Tracking_Numbers_To_User"/>
  <testcase name="Add_Tracking_Number" time="0.048" classname="Test_Data_Generation.Add_Tracking_Numbers_To_User"/>
  <testcase name="Add_Tracking_Number" time="0.597" classname="Test_Data_Generation.Add_Tracking_Numbers_To_User"/>
  <testcase name="Add_Tracking_Number" time="0.527" classname="Test_Data_Generation.Add_Tracking_Numbers_To_User"/>
  <testcase name="Add_Tracking_Number" time="0.556" classname="Test_Data_Generation.Add_Tracking_Numbers_To_User"/>
  <testcase name="Add_Tracking_Number" time="0.526" classname="Test_Data_Generation.Add_Tracking_Numbers_To_User"/>
  <testcase name="Add_Tracking_Number" time="0.595" classname="Test_Data_Generation.Add_Tracking_Numbers_To_User"/>
  <testcase name="Add_Tracking_Number" time="0.724" classname="Test_Data_Generation.Add_Tracking_Numbers_To_User"/>
  <testcase name="Add_Tracking_Number" time="0.488" classname="Test_Data_Generation.Add_Tracking_Numbers_To_User"/>
  <testcase name="Add_Tracking_Number" time="0.410" classname="Test_Data_Generation.Add_Tracking_Numbers_To_User"/>
  <testcase name="Add_Tracking_Number" time="0.501" classname="Test_Data_Generation.Add_Tracking_Numbers_To_User"/>
  <testcase name="Add_Tracking_Number" time="0.550" classname="Test_Data_Generation.Add_Tracking_Numbers_To_User"/>
  <testcase name="Add_Tracking_Number" time="0.582" classname="Test_Data_Generation.Add_Tracking_Numbers_To_User"/>
  <testcase name="Add_Tracking_Number" time="0.547" classname="Test_Data_Generation.Add_Tracking_Numbers_To_User"/>
  <testcase name="Add_Tracking_Number" time="0.513" classname="Test_Data_Generation.Add_Tracking_Numbers_To_User"/>
  <testcase name="Add_Tracking_Number" time="0.496" classname="Test_Data_Generation.Add_Tracking_Numbers_To_User"/>
  <testcase name="Add_Tracking_Number" time="0.683" classname="Test_Data_Generation.Add_Tracking_Numbers_To_User"/>
  <testcase name="Add_Tracking_Number" time="0.659" classname="Test_Data_Generation.Add_Tracking_Numbers_To_User"/>
  <testcase name="Add_Tracking_Number" time="0.571" classname="Test_Data_Generation.Add_Tracking_Numbers_To_User"/>
  <testcase name="Add_Tracking_Number" time="0.614" classname="Test_Data_Generation.Add_Tracking_Numbers_To_User"/>
  <testcase name="Add_Tracking_Number" time="0.526" classname="Test_Data_Generation.Add_Tracking_Numbers_To_User"/>
  <testcase name="Add_Tracking_Number" time="0.581" classname="Test_Data_Generation.Add_Tracking_Numbers_To_User"/>
  <testcase name="Add_Tracking_Number" time="0.523" classname="Test_Data_Generation.Add_Tracking_Numbers_To_User"/>
  <testcase name="Add_Tracking_Number" time="0.509" classname="Test_Data_Generation.Add_Tracking_Numbers_To_User"/>
  <testcase name="Add_Tracking_Number" time="0.498" classname="Test_Data_Generation.Add_Tracking_Numbers_To_User"/>
  <testcase name="Add_Tracking_Number" time="0.619" classname="Test_Data_Generation.Add_Tracking_Numbers_To_User"/>
  <testcase name="Add_Tracking_Number" time="0.508" classname="Test_Data_Generation.Add_Tracking_Numbers_To_User"/>
  <testcase name="Add_Tracking_Number" time="0.497" classname="Test_Data_Generation.Add_Tracking_Numbers_To_User"/>
  <testcase name="Add_Tracking_Number" time="0.503" classname="Test_Data_Generation.Add_Tracking_Numbers_To_User"/>
  <testcase name="Add_Tracking_Number" time="0.500" classname="Test_Data_Generation.Add_Tracking_Numbers_To_User"/>
  <testcase name="Add_Tracking_Number" time="0.496" classname="Test_Data_Generation.Add_Tracking_Numbers_To_User"/>
  <testcase name="Add_Tracking_Number" time="0.452" classname="Test_Data_Generation.Add_Tracking_Numbers_To_User"/>
  <testcase name="Add_Tracking_Number" time="0.477" classname="Test_Data_Generation.Add_Tracking_Numbers_To_User"/>
  <testcase name="Add_Tracking_Number" time="0.711" classname="Test_Data_Generation.Add_Tracking_Numbers_To_User"/>
  <testcase name="Add_Tracking_Number" time="0.579" classname="Test_Data_Generation.Add_Tracking_Numbers_To_User"/>
  <testcase name="Add_Tracking_Number" time="0.573" classname="Test_Data_Generation.Add_Tracking_Numbers_To_User"/>
  <testcase name="Add_Tracking_Number" time="0.589" classname="Test_Data_Generation.Add_Tracking_Numbers_To_User"/>
  <testcase name="Add_Tracking_Number" time="0.698" classname="Test_Data_Generation.Add_Tracking_Numbers_To_User"/>
  <testcase name="Add_Tracking_Number" time="0.627" classname="Test_Data_Generation.Add_Tracking_Numbers_To_User"/>
  <testcase name="Add_Tracking_Number" time="0.505" classname="Test_Data_Generation.Add_Tracking_Numbers_To_User"/>
  <testcase name="Add_Tracking_Number" time="0.482" classname="Test_Data_Generation.Add_Tracking_Numbers_To_User"/>
  <testcase name="Add_Tracking_Number" time="0.520" classname="Test_Data_Generation.Add_Tracking_Numbers_To_User"/>
  <testcase name="Add_Tracking_Number" time="0.695" classname="Test_Data_Generation.Add_Tracking_Numbers_To_User"/>
  <testcase name="Add_Tracking_Number" time="0.673" classname="Test_Data_Generation.Add_Tracking_Numbers_To_User"/>
  <testcase name="Add_Tracking_Number" time="0.566" classname="Test_Data_Generation.Add_Tracking_Numbers_To_User"/>
  <testcase name="Add_Tracking_Number" time="0.574" classname="Test_Data_Generation.Add_Tracking_Numbers_To_User"/>
  <testcase name="Add_Tracking_Number" time="0.539" classname="Test_Data_Generation.Add_Tracking_Numbers_To_User"/>
  <testcase name="Add_Tracking_Number" time="0.505" classname="Test_Data_Generation.Add_Tracking_Numbers_To_User"/>
  <testcase name="Add_Tracking_Number" time="0.480" classname="Test_Data_Generation.Add_Tracking_Numbers_To_User"/>
  <testcase name="Add_Tracking_Number" time="0.499" classname="Test_Data_Generation.Add_Tracking_Numbers_To_User"/>
  <testcase name="Add_Tracking_Number" time="0.674" classname="Test_Data_Generation.Add_Tracking_Numbers_To_User"/>
  <testcase name="Add_Tracking_Number" time="0.506" classname="Test_Data_Generation.Add_Tracking_Numbers_To_User"/>
  <testcase name="Add_Tracking_Number" time="0.524" classname="Test_Data_Generation.Add_Tracking_Numbers_To_User"/>
  <testcase name="Add_Tracking_Number" time="0.566" classname="Test_Data_Generation.Add_Tracking_Numbers_To_User"/>
  <testcase name="Add_Tracking_Number" time="0.492" classname="Test_Data_Generation.Add_Tracking_Numbers_To_User"/>
  <testcase name="Add_Tracking_Number" time="0.515" classname="Test_Data_Generation.Add_Tracking_Numbers_To_User"/>
  <testcase name="Add_Tracking_Number" time="0.518" classname="Test_Data_Generation.Add_Tracking_Numbers_To_User"/>
  <testcase name="Add_Tracking_Number" time="0.508" classname="Test_Data_Generation.Add_Tracking_Numbers_To_User"/>
  <testcase name="Add_Tracking_Number" time="0.547" classname="Test_Data_Generation.Add_Tracking_Numbers_To_User"/>
  <testcase name="Add_Tracking_Number" time="0.494" classname="Test_Data_Generation.Add_Tracking_Numbers_To_User"/>
  <testcase name="Add_Tracking_Number" time="0.484" classname="Test_Data_Generation.Add_Tracking_Numbers_To_User"/>
  <testcase name="Add_Tracking_Number" time="0.517" classname="Test_Data_Generation.Add_Tracking_Numbers_To_User"/>
  <testcase name="Add_Tracking_Number" time="0.645" classname="Test_Data_Generation.Add_Tracking_Numbers_To_User"/>
  <testcase name="Add_Tracking_Number" time="0.522" classname="Test_Data_Generation.Add_Tracking_Numbers_To_User"/>
  <testcase name="Add_Tracking_Number" time="0.455" classname="Test_Data_Generation.Add_Tracking_Numbers_To_User"/>
  <testcase name="Add_Tracking_Number" time="0.539" classname="Test_Data_Generation.Add_Tracking_Numbers_To_User"/>
  <testcase name="Add_Tracking_Number" time="0.532" classname="Test_Data_Generation.Add_Tracking_Numbers_To_User"/>
  <testcase name="Add_Tracking_Number" time="0.665" classname="Test_Data_Generation.Add_Tracking_Numbers_To_User"/>
  <testcase name="Add_Tracking_Number" time="0.573" classname="Test_Data_Generation.Add_Tracking_Numbers_To_User"/>
  <testcase name="Add_Tracking_Number" time="0.537" classname="Test_Data_Generation.Add_Tracking_Numbers_To_User"/>
  <testcase name="Add_Tracking_Number" time="0.586" classname="Test_Data_Generation.Add_Tracking_Numbers_To_User"/>
  <testcase name="Add_Tracking_Number" time="0.759" classname="Test_Data_Generation.Add_Tracking_Numbers_To_User"/>
  <testcase name="Add_Tracking_Number" time="0.509" classname="Test_Data_Generation.Add_Tracking_Numbers_To_User"/>
  <testcase name="Add_Tracking_Number" time="0.476" classname="Test_Data_Generation.Add_Tracking_Numbers_To_User"/>
  <testcase name="Add_Tracking_Number" time="0.642" classname="Test_Data_Generation.Add_Tracking_Numbers_To_User"/>
  <testcase name="Add_Tracking_Number" time="0.569" classname="Test_Data_Generation.Add_Tracking_Numbers_To_User"/>
  <testcase name="Add_Tracking_Number" time="0.484" classname="Test_Data_Generation.Add_Tracking_Numbers_To_User"/>
  <testcase name="Add_Tracking_Number" time="0.499" classname="Test_Data_Generation.Add_Tracking_Numbers_To_User"/>
  <testcase name="Add_Tracking_Number" time="0.115" classname="Test_Data_Generation.Add_Tracking_Numbers_To_User"/>
  <testcase name="Add_Tracking_Number" time="0.543" classname="Test_Data_Generation.Add_Tracking_Numbers_To_User"/>
  <testcase name="Add_Tracking_Number" time="0.517" classname="Test_Data_Generation.Add_Tracking_Numbers_To_User"/>
  <testcase name="Add_Tracking_Number" time="0.509" classname="Test_Data_Generation.Add_Tracking_Numbers_To_User"/>
  <testcase name="Add_Tracking_Number" time="0.499" classname="Test_Data_Generation.Add_Tracking_Numbers_To_User"/>
  <testcase name="Add_Tracking_Number" time="0.665" classname="Test_Data_Generation.Add_Tracking_Numbers_To_User"/>
  <testcase name="Add_Tracking_Number" time="0.678" classname="Test_Data_Generation.Add_Tracking_Numbers_To_User"/>
  <testcase name="Add_Tracking_Number" time="0.540" classname="Test_Data_Generation.Add_Tracking_Numbers_To_User"/>
  <testcase name="Add_Tracking_Number" time="0.442" classname="Test_Data_Generation.Add_Tracking_Numbers_To_User"/>
  <testcase name="Add_Tracking_Number" time="0.537" classname="Test_Data_Generation.Add_Tracking_Numbers_To_User"/>
  <testcase name="Add_Tracking_Number" time="0.636" classname="Test_Data_Generation.Add_Tracking_Numbers_To_User"/>
  <testcase name="Add_Tracking_Number" time="0.121" classname="Test_Data_Generation.Add_Tracking_Numbers_To_User"/>
  <testcase name="Add_Tracking_Number" time="0.536" classname="Test_Data_Generation.Add_Tracking_Numbers_To_User"/>
  <testcase name="Add_Tracking_Number" time="0.456" classname="Test_Data_Generation.Add_Tracking_Numbers_To_User"/>
  <testcase name="Add_Tracking_Number" time="0.734" classname="Test_Data_Generation.Add_Tracking_Numbers_To_User"/>
  <testcase name="Add_Tracking_Number" time="0.565" classname="Test_Data_Generation.Add_Tracking_Numbers_To_User"/>
  <testcase name="Add_Tracking_Number" time="0.529" classname="Test_Data_Generation.Add_Tracking_Numbers_To_User"/>
  <testcase name="Add_Tracking_Number" time="0.469" classname="Test_Data_Generation.Add_Tracking_Numbers_To_User"/>
  <testcase name="Add_Tracking_Number" time="0.627" classname="Test_Data_Generation.Add_Tracking_Numbers_To_User"/>
  <testcase name="Add_Tracking_Number" time="0.620" classname="Test_Data_Generation.Add_Tracking_Numbers_To_User"/>
  <testcase name="Add_Tracking_Number" time="0.501" classname="Test_Data_Generation.Add_Tracking_Numbers_To_User"/>
  <testcase name="Add_Tracking_Number" time="0.500" classname="Test_Data_Generation.Add_Tracking_Numbers_To_User"/>
  <testcase name="Add_Tracking_Number" time="0.461" classname="Test_Data_Generation.Add_Tracking_Numbers_To_User"/>
  <testcase name="Add_Tracking_Number" time="0.513" classname="Test_Data_Generation.Add_Tracking_Numbers_To_User"/>
  <testcase name="Add_Tracking_Number" time="0.593" classname="Test_Data_Generation.Add_Tracking_Numbers_To_User"/>
  <testcase name="Add_Tracking_Number" time="0.435" classname="Test_Data_Generation.Add_Tracking_Numbers_To_User"/>
  <testcase name="Add_Tracking_Number" time="0.526" classname="Test_Data_Generation.Add_Tracking_Numbers_To_User"/>
  <testcase name="Add_Tracking_Number" time="0.592" classname="Test_Data_Generation.Add_Tracking_Numbers_To_User"/>
  <testcase name="Add_Tracking_Number" time="0.567" classname="Test_Data_Generation.Add_Tracking_Numbers_To_User"/>
  <testcase name="Add_Tracking_Number" time="0.511" classname="Test_Data_Generation.Add_Tracking_Numbers_To_User"/>
  <testcase name="Add_Tracking_Number" time="0.599" classname="Test_Data_Generation.Add_Tracking_Numbers_To_User"/>
  <testcase name="Add_Tracking_Number" time="0.476" classname="Test_Data_Generation.Add_Tracking_Numbers_To_User"/>
  <testcase name="Add_Tracking_Number" time="0.600" classname="Test_Data_Generation.Add_Tracking_Numbers_To_User"/>
  <testcase name="Add_Tracking_Number" time="0.608" classname="Test_Data_Generation.Add_Tracking_Numbers_To_User"/>
  <testcase name="Add_Tracking_Number" time="0.504" classname="Test_Data_Generation.Add_Tracking_Numbers_To_User"/>
  <testcase name="Add_Tracking_Number" time="0.509" classname="Test_Data_Generation.Add_Tracking_Numbers_To_User"/>
  <testcase name="Add_Tracking_Number" time="0.510" classname="Test_Data_Generation.Add_Tracking_Numbers_To_User"/>
  <testcase name="Add_Tracking_Number" time="0.568" classname="Test_Data_Generation.Add_Tracking_Numbers_To_User"/>
  <testcase name="Add_Tracking_Number" time="0.588" classname="Test_Data_Generation.Add_Tracking_Numbers_To_User"/>
  <testcase name="Add_Tracking_Number" time="0.493" classname="Test_Data_Generation.Add_Tracking_Numbers_To_User"/>
  <testcase name="Add_Tracking_Number" time="0.482" classname="Test_Data_Generation.Add_Tracking_Numbers_To_User"/>
  <testcase name="Add_Tracking_Number" time="0.623" classname="Test_Data_Generation.Add_Tracking_Numbers_To_User"/>
  <testcase name="Add_Tracking_Number" time="0.576" classname="Test_Data_Generation.Add_Tracking_Numbers_To_User"/>
  <testcase name="Add_Tracking_Number" time="0.608" classname="Test_Data_Generation.Add_Tracking_Numbers_To_User"/>
  <testcase name="Add_Tracking_Number" time="0.578" classname="Test_Data_Generation.Add_Tracking_Numbers_To_User"/>
  <testcase name="Add_Tracking_Number" time="0.776" classname="Test_Data_Generation.Add_Tracking_Numbers_To_User"/>
  <testcase name="Add_Tracking_Number" time="0.512" classname="Test_Data_Generation.Add_Tracking_Numbers_To_User"/>
  <testcase name="Add_Tracking_Number" time="0.446" classname="Test_Data_Generation.Add_Tracking_Numbers_To_User"/>
  <testcase name="Add_Tracking_Number" time="0.493" classname="Test_Data_Generation.Add_Tracking_Numbers_To_User"/>
  <testcase name="Add_Tracking_Number" time="0.603" classname="Test_Data_Generation.Add_Tracking_Numbers_To_User"/>
  <testcase name="Add_Tracking_Number" time="0.552" classname="Test_Data_Generation.Add_Tracking_Numbers_To_User"/>
  <testcase name="Add_Tracking_Number" time="0.500" classname="Test_Data_Generation.Add_Tracking_Numbers_To_User"/>
  <testcase name="Add_Tracking_Number" time="0.606" classname="Test_Data_Generation.Add_Tracking_Numbers_To_User"/>
  <testcase name="Add_Tracking_Number" time="0.496" classname="Test_Data_Generation.Add_Tracking_Numbers_To_User"/>
  <testcase name="Add_Tracking_Number" time="0.484" classname="Test_Data_Generation.Add_Tracking_Numbers_To_User"/>
  <testcase name="Add_Tracking_Number" time="0.560" classname="Test_Data_Generation.Add_Tracking_Numbers_To_User"/>
  <testcase name="Add_Tracking_Number" time="0.527" classname="Test_Data_Generation.Add_Tracking_Numbers_To_User"/>
  <testcase name="Add_Tracking_Number" time="0.536" classname="Test_Data_Generation.Add_Tracking_Numbers_To_User"/>
  <testcase name="Add_Tracking_Number" time="0.540" classname="Test_Data_Generation.Add_Tracking_Numbers_To_User"/>
  <testcase name="Add_Tracking_Number" time="0.624" classname="Test_Data_Generation.Add_Tracking_Numbers_To_User"/>
  <testcase name="Add_Tracking_Number" time="0.471" classname="Test_Data_Generation.Add_Tracking_Numbers_To_User"/>
  <testcase name="Add_Tracking_Number" time="0.612" classname="Test_Data_Generation.Add_Tracking_Numbers_To_User"/>
  <testcase name="Add_Tracking_Number" time="0.500" classname="Test_Data_Generation.Add_Tracking_Numbers_To_User"/>
  <testcase name="Add_Tracking_Number" time="0.744" classname="Test_Data_Generation.Add_Tracking_Numbers_To_User"/>
  <testcase name="Add_Tracking_Number" time="0.533" classname="Test_Data_Generation.Add_Tracking_Numbers_To_User"/>
  <testcase name="Add_Tracking_Number" time="0.477" classname="Test_Data_Generation.Add_Tracking_Numbers_To_User"/>
  <testcase name="Add_Tracking_Number" time="0.070" classname="Test_Data_Generation.Add_Tracking_Numbers_To_User"/>
  <testcase name="Add_Tracking_Number" time="0.481" classname="Test_Data_Generation.Add_Tracking_Numbers_To_User"/>
  <testcase name="Add_Tracking_Number" time="0.708" classname="Test_Data_Generation.Add_Tracking_Numbers_To_User"/>
  <testcase name="Add_Tracking_Number" time="0.580" classname="Test_Data_Generation.Add_Tracking_Numbers_To_User"/>
  <testcase name="Add_Tracking_Number" time="0.547" classname="Test_Data_Generation.Add_Tracking_Numbers_To_User"/>
  <testcase name="Add_Tracking_Number" time="0.568" classname="Test_Data_Generation.Add_Tracking_Numbers_To_User"/>
  <testcase name="Add_Tracking_Number" time="0.594" classname="Test_Data_Generation.Add_Tracking_Numbers_To_User"/>
  <testcase name="Add_Tracking_Number" time="0.634" classname="Test_Data_Generation.Add_Tracking_Numbers_To_User"/>
  <testcase name="Add_Tracking_Number" time="0.514" classname="Test_Data_Generation.Add_Tracking_Numbers_To_User"/>
  <testcase name="Add_Tracking_Number" time="0.488" classname="Test_Data_Generation.Add_Tracking_Numbers_To_User"/>
  <testcase name="Add_Tracking_Number" time="0.436" classname="Test_Data_Generation.Add_Tracking_Numbers_To_User"/>
  <testcase name="Add_Tracking_Number" time="0.605" classname="Test_Data_Generation.Add_Tracking_Numbers_To_User"/>
  <testcase name="Add_Tracking_Number" time="0.769" classname="Test_Data_Generation.Add_Tracking_Numbers_To_User"/>
  <testcase name="Add_Tracking_Number" time="0.463" classname="Test_Data_Generation.Add_Tracking_Numbers_To_User"/>
  <testcase name="Add_Tracking_Number" time="0.745" classname="Test_Data_Generation.Add_Tracking_Numbers_To_User"/>
  <testcase name="Add_Tracking_Number" time="0.506" classname="Test_Data_Generation.Add_Tracking_Numbers_To_User"/>
  <testcase name="Add_Tracking_Number" time="0.677" classname="Test_Data_Generation.Add_Tracking_Numbers_To_User"/>
  <testcase name="Add_Tracking_Number" time="0.492" classname="Test_Data_Generation.Add_Tracking_Numbers_To_User"/>
  <testcase name="Add_Tracking_Number" time="0.729" classname="Test_Data_Generation.Add_Tracking_Numbers_To_User"/>
  <testcase name="Add_Tracking_Number" time="0.719" classname="Test_Data_Generation.Add_Tracking_Numbers_To_User"/>
  <testcase name="Add_Tracking_Number" time="0.537" classname="Test_Data_Generation.Add_Tracking_Numbers_To_User"/>
  <testcase name="Add_Tracking_Number" time="0.485" classname="Test_Data_Generation.Add_Tracking_Numbers_To_User"/>
  <testcase name="Add_Tracking_Number" time="0.688" classname="Test_Data_Generation.Add_Tracking_Numbers_To_User"/>
  <testcase name="Add_Tracking_Number" time="0.562" classname="Test_Data_Generation.Add_Tracking_Numbers_To_User"/>
  <testcase name="Add_Tracking_Number" time="0.518" classname="Test_Data_Generation.Add_Tracking_Numbers_To_User"/>
  <testcase name="Add_Tracking_Number" time="0.233" classname="Test_Data_Generation.Add_Tracking_Numbers_To_User"/>
  <testcase name="Add_Tracking_Number" time="0.601" classname="Test_Data_Generation.Add_Tracking_Numbers_To_User"/>
  <testcase name="Add_Tracking_Number" time="0.609" classname="Test_Data_Generation.Add_Tracking_Numbers_To_User"/>
  <testcase name="Add_Tracking_Number" time="0.567" classname="Test_Data_Generation.Add_Tracking_Numbers_To_User"/>
  <testcase name="Add_Tracking_Number" time="0.608" classname="Test_Data_Generation.Add_Tracking_Numbers_To_User"/>
  <testcase name="Add_Tracking_Number" time="0.266" classname="Test_Data_Generation.Add_Tracking_Numbers_To_User"/>
  <testcase name="Add_Tracking_Number" time="0.584" classname="Test_Data_Generation.Add_Tracking_Numbers_To_User"/>
  <testcase name="Add_Tracking_Number" time="0.509" classname="Test_Data_Generation.Add_Tracking_Numbers_To_User"/>
  <testcase name="Add_Tracking_Number" time="0.528" classname="Test_Data_Generation.Add_Tracking_Numbers_To_User"/>
  <testcase name="Add_Tracking_Number" time="0.564" classname="Test_Data_Generation.Add_Tracking_Numbers_To_User"/>
  <testcase name="Add_Tracking_Number" time="0.503" classname="Test_Data_Generation.Add_Tracking_Numbers_To_User"/>
  <testcase name="Add_Tracking_Number" time="0.619" classname="Test_Data_Generation.Add_Tracking_Numbers_To_User"/>
  <testcase name="Add_Tracking_Number" time="0.583" classname="Test_Data_Generation.Add_Tracking_Numbers_To_User"/>
  <testcase name="Add_Tracking_Number" time="0.648" classname="Test_Data_Generation.Add_Tracking_Numbers_To_User"/>
  <testcase name="Add_Tracking_Number" time="0.675" classname="Test_Data_Generation.Add_Tracking_Numbers_To_User"/>
  <testcase name="Add_Tracking_Number" time="0.545" classname="Test_Data_Generation.Add_Tracking_Numbers_To_User"/>
  <testcase name="Add_Tracking_Number" time="1.103" classname="Test_Data_Generation.Add_Tracking_Numbers_To_User"/>
  <testcase name="Add_Tracking_Number" time="0.637" classname="Test_Data_Generation.Add_Tracking_Numbers_To_User"/>
  <testcase name="Add_Tracking_Number" time="0.545" classname="Test_Data_Generation.Add_Tracking_Numbers_To_User"/>
  <testcase name="Add_Tracking_Number" time="0.524" classname="Test_Data_Generation.Add_Tracking_Numbers_To_User"/>
  <testcase name="Add_Tracking_Number" time="1.464" classname="Test_Data_Generation.Add_Tracking_Numbers_To_User"/>
  <testcase name="Add_Tracking_Number" time="0.518" classname="Test_Data_Generation.Add_Tracking_Numbers_To_User"/>
  <testcase name="Add_Tracking_Number" time="0.448" classname="Test_Data_Generation.Add_Tracking_Numbers_To_User"/>
  <testcase name="Add_Tracking_Number" time="0.553" classname="Test_Data_Generation.Add_Tracking_Numbers_To_User"/>
  <testcase name="Add_Tracking_Number" time="0.451" classname="Test_Data_Generation.Add_Tracking_Numbers_To_User"/>
  <testcase name="Add_Tracking_Number" time="0.495" classname="Test_Data_Generation.Add_Tracking_Numbers_To_User"/>
  <testcase name="Add_Tracking_Number" time="0.058" classname="Test_Data_Generation.Add_Tracking_Numbers_To_User"/>
  <testcase name="Add_Tracking_Number" time="0.529" classname="Test_Data_Generation.Add_Tracking_Numbers_To_User"/>
  <testcase name="Add_Tracking_Number" time="0.618" classname="Test_Data_Generation.Add_Tracking_Numbers_To_User"/>
  <testcase name="Add_Tracking_Number" time="0.526" classname="Test_Data_Generation.Add_Tracking_Numbers_To_User"/>
  <testcase name="Add_Tracking_Number" time="0.529" classname="Test_Data_Generation.Add_Tracking_Numbers_To_User"/>
  <testcase name="Add_Tracking_Number" time="0.809" classname="Test_Data_Generation.Add_Tracking_Numbers_To_User"/>
  <testcase name="Add_Tracking_Number" time="0.548" classname="Test_Data_Generation.Add_Tracking_Numbers_To_User"/>
  <testcase name="Add_Tracking_Number" time="0.586" classname="Test_Data_Generation.Add_Tracking_Numbers_To_User"/>
  <testcase name="Add_Tracking_Number" time="0.555" classname="Test_Data_Generation.Add_Tracking_Numbers_To_User"/>
  <testcase name="Add_Tracking_Number" time="0.541" classname="Test_Data_Generation.Add_Tracking_Numbers_To_User"/>
  <testcase name="Add_Tracking_Number" time="0.784" classname="Test_Data_Generation.Add_Tracking_Numbers_To_User"/>
  <testcase name="Add_Tracking_Number" time="0.504" classname="Test_Data_Generation.Add_Tracking_Numbers_To_User"/>
  <testcase name="Add_Tracking_Number" time="0.527" classname="Test_Data_Generation.Add_Tracking_Numbers_To_User"/>
  <testcase name="Add_Tracking_Number" time="0.556" classname="Test_Data_Generation.Add_Tracking_Numbers_To_User"/>
  <testcase name="Add_Tracking_Number" time="0.507" classname="Test_Data_Generation.Add_Tracking_Numbers_To_User"/>
  <testcase name="Add_Tracking_Number" time="0.537" classname="Test_Data_Generation.Add_Tracking_Numbers_To_User"/>
  <testcase name="Add_Tracking_Number" time="0.578" classname="Test_Data_Generation.Add_Tracking_Numbers_To_User"/>
  <testcase name="Add_Tracking_Number" time="0.649" classname="Test_Data_Generation.Add_Tracking_Numbers_To_User"/>
  <testcase name="Add_Tracking_Number" time="0.451" classname="Test_Data_Generation.Add_Tracking_Numbers_To_User"/>
  <testcase name="Add_Tracking_Number" time="0.528" classname="Test_Data_Generation.Add_Tracking_Numbers_To_User"/>
  <testcase name="Add_Tracking_Number" time="0.436" classname="Test_Data_Generation.Add_Tracking_Numbers_To_User"/>
  <testcase name="Add_Tracking_Number" time="0.546" classname="Test_Data_Generation.Add_Tracking_Numbers_To_User"/>
  <testcase name="Add_Tracking_Number" time="0.574" classname="Test_Data_Generation.Add_Tracking_Numbers_To_User"/>
  <testcase name="Add_Tracking_Number" time="0.548" classname="Test_Data_Generation.Add_Tracking_Numbers_To_User"/>
  <testcase name="Add_Tracking_Number" time="0.561" classname="Test_Data_Generation.Add_Tracking_Numbers_To_User"/>
  <testcase name="Add_Tracking_Number" time="0.049" classname="Test_Data_Generation.Add_Tracking_Numbers_To_User"/>
  <testcase name="Add_Tracking_Number" time="0.483" classname="Test_Data_Generation.Add_Tracking_Numbers_To_User"/>
  <testcase name="Add_Tracking_Number" time="0.645" classname="Test_Data_Generation.Add_Tracking_Numbers_To_User"/>
  <testcase name="Add_Tracking_Number" time="0.488" classname="Test_Data_Generation.Add_Tracking_Numbers_To_User"/>
  <testcase name="Add_Tracking_Number" time="0.523" classname="Test_Data_Generation.Add_Tracking_Numbers_To_User"/>
  <testcase name="Add_Tracking_Number" time="0.507" classname="Test_Data_Generation.Add_Tracking_Numbers_To_User"/>
  <testcase name="Add_Tracking_Number" time="0.673" classname="Test_Data_Generation.Add_Tracking_Numbers_To_User"/>
  <testcase name="Add_Tracking_Number" time="0.656" classname="Test_Data_Generation.Add_Tracking_Numbers_To_User"/>
  <testcase name="Add_Tracking_Number" time="0.525" classname="Test_Data_Generation.Add_Tracking_Numbers_To_User"/>
  <testcase name="Add_Tracking_Number" time="0.553" classname="Test_Data_Generation.Add_Tracking_Numbers_To_User"/>
  <testcase name="Add_Tracking_Number" time="0.565" classname="Test_Data_Generation.Add_Tracking_Numbers_To_User"/>
  <testcase name="Add_Tracking_Number" time="0.742" classname="Test_Data_Generation.Add_Tracking_Numbers_To_User"/>
  <testcase name="Add_Tracking_Number" time="0.456" classname="Test_Data_Generation.Add_Tracking_Numbers_To_User"/>
  <testcase name="Add_Tracking_Number" time="0.545" classname="Test_Data_Generation.Add_Tracking_Numbers_To_User"/>
  <testcase name="Add_Tracking_Number" time="0.618" classname="Test_Data_Generation.Add_Tracking_Numbers_To_User"/>
  <testcase name="Add_Tracking_Number" time="0.543" classname="Test_Data_Generation.Add_Tracking_Numbers_To_User"/>
  <testcase name="Add_Tracking_Number" time="0.809" classname="Test_Data_Generation.Add_Tracking_Numbers_To_User"/>
  <testcase name="Add_Tracking_Number" time="0.475" classname="Test_Data_Generation.Add_Tracking_Numbers_To_User"/>
  <testcase name="Add_Tracking_Number" time="0.480" classname="Test_Data_Generation.Add_Tracking_Numbers_To_User"/>
  <testcase name="Add_Tracking_Number" time="0.543" classname="Test_Data_Generation.Add_Tracking_Numbers_To_User"/>
  <testcase name="Add_Tracking_Number" time="0.713" classname="Test_Data_Generation.Add_Tracking_Numbers_To_User"/>
  <testcase name="Add_Tracking_Number" time="0.485" classname="Test_Data_Generation.Add_Tracking_Numbers_To_User"/>
  <testcase name="Add_Tracking_Number" time="0.546" classname="Test_Data_Generation.Add_Tracking_Numbers_To_User"/>
  <testcase name="Add_Tracking_Number" time="0.560" classname="Test_Data_Generation.Add_Tracking_Numbers_To_User"/>
  <testcase name="Add_Tracking_Number" time="0.541" classname="Test_Data_Generation.Add_Tracking_Numbers_To_User"/>
  <testcase name="Add_Tracking_Number" time="0.752" classname="Test_Data_Generation.Add_Tracking_Numbers_To_User"/>
  <testcase name="Add_Tracking_Number" time="0.506" classname="Test_Data_Generation.Add_Tracking_Numbers_To_User"/>
  <testcase name="Add_Tracking_Number" time="0.572" classname="Test_Data_Generation.Add_Tracking_Numbers_To_User"/>
  <testcase name="Add_Tracking_Number" time="0.494" classname="Test_Data_Generation.Add_Tracking_Numbers_To_User"/>
  <testcase name="Add_Tracking_Number" time="0.663" classname="Test_Data_Generation.Add_Tracking_Numbers_To_User"/>
  <testcase name="Add_Tracking_Number" time="0.797" classname="Test_Data_Generation.Add_Tracking_Numbers_To_User"/>
  <testcase name="Add_Tracking_Number" time="0.452" classname="Test_Data_Generation.Add_Tracking_Numbers_To_User"/>
  <testcase name="Add_Tracking_Number" time="0.630" classname="Test_Data_Generation.Add_Tracking_Numbers_To_User"/>
  <testcase name="Add_Tracking_Number" time="0.559" classname="Test_Data_Generation.Add_Tracking_Numbers_To_User"/>
  <testcase name="Add_Tracking_Number" time="0.606" classname="Test_Data_Generation.Add_Tracking_Numbers_To_User"/>
  <testcase name="Add_Tracking_Number" time="0.580" classname="Test_Data_Generation.Add_Tracking_Numbers_To_User"/>
  <testcase name="Add_Tracking_Number" time="0.529" classname="Test_Data_Generation.Add_Tracking_Numbers_To_User"/>
  <testcase name="Add_Tracking_Number" time="0.680" classname="Test_Data_Generation.Add_Tracking_Numbers_To_User"/>
  <testcase name="Add_Tracking_Number" time="0.541" classname="Test_Data_Generation.Add_Tracking_Numbers_To_User"/>
  <testcase name="Add_Tracking_Number" time="0.937" classname="Test_Data_Generation.Add_Tracking_Numbers_To_User"/>
  <testcase name="Add_Tracking_Number" time="0.515" classname="Test_Data_Generation.Add_Tracking_Numbers_To_User"/>
  <testcase name="Add_Tracking_Number" time="0.467" classname="Test_Data_Generation.Add_Tracking_Numbers_To_User"/>
  <testcase name="Add_Tracking_Number" time="0.520" classname="Test_Data_Generation.Add_Tracking_Numbers_To_User"/>
  <testcase name="Add_Tracking_Number" time="0.456" classname="Test_Data_Generation.Add_Tracking_Numbers_To_User"/>
  <testcase name="Add_Tracking_Number" time="0.478" classname="Test_Data_Generation.Add_Tracking_Numbers_To_User"/>
  <testcase name="Add_Tracking_Number" time="0.714" classname="Test_Data_Generation.Add_Tracking_Numbers_To_User"/>
  <testcase name="Add_Tracking_Number" time="0.550" classname="Test_Data_Generation.Add_Tracking_Numbers_To_User"/>
  <testcase name="Add_Tracking_Number" time="0.503" classname="Test_Data_Generation.Add_Tracking_Numbers_To_User"/>
  <testcase name="Add_Tracking_Number" time="0.571" classname="Test_Data_Generation.Add_Tracking_Numbers_To_User"/>
  <testcase name="Add_Tracking_Number" time="0.581" classname="Test_Data_Generation.Add_Tracking_Numbers_To_User"/>
  <testcase name="Add_Tracking_Number" time="0.524" classname="Test_Data_Generation.Add_Tracking_Numbers_To_User"/>
  <testcase name="Add_Tracking_Number" time="0.638" classname="Test_Data_Generation.Add_Tracking_Numbers_To_User"/>
  <testcase name="Add_Tracking_Number" time="0.603" classname="Test_Data_Generation.Add_Tracking_Numbers_To_User"/>
  <testcase name="Add_Tracking_Number" time="0.563" classname="Test_Data_Generation.Add_Tracking_Numbers_To_User"/>
  <testcase name="Add_Tracking_Number" time="0.540" classname="Test_Data_Generation.Add_Tracking_Numbers_To_User"/>
  <testcase name="Add_Tracking_Number" time="0.553" classname="Test_Data_Generation.Add_Tracking_Numbers_To_User"/>
  <testcase name="Add_Tracking_Number" time="0.483" classname="Test_Data_Generation.Add_Tracking_Numbers_To_User"/>
  <testcase name="Add_Tracking_Number" time="0.838" classname="Test_Data_Generation.Add_Tracking_Numbers_To_User"/>
  <testcase name="Add_Tracking_Number" time="0.497" classname="Test_Data_Generation.Add_Tracking_Numbers_To_User"/>
  <testcase name="Add_Tracking_Number" time="0.580" classname="Test_Data_Generation.Add_Tracking_Numbers_To_User"/>
  <testcase name="Add_Tracking_Number" time="0.568" classname="Test_Data_Generation.Add_Tracking_Numbers_To_User"/>
  <testcase name="Add_Tracking_Number" time="0.529" classname="Test_Data_Generation.Add_Tracking_Numbers_To_User"/>
  <testcase name="Add_Tracking_Number" time="0.626" classname="Test_Data_Generation.Add_Tracking_Numbers_To_User"/>
  <testcase name="Add_Tracking_Number" time="0.501" classname="Test_Data_Generation.Add_Tracking_Numbers_To_User"/>
  <testcase name="Add_Tracking_Number" time="0.568" classname="Test_Data_Generation.Add_Tracking_Numbers_To_User"/>
  <testcase name="Add_Tracking_Number" time="0.639" classname="Test_Data_Generation.Add_Tracking_Numbers_To_User"/>
  <testcase name="Add_Tracking_Number" time="0.473" classname="Test_Data_Generation.Add_Tracking_Numbers_To_User"/>
  <testcase name="Add_Tracking_Number" time="0.496" classname="Test_Data_Generation.Add_Tracking_Numbers_To_User"/>
  <testcase name="Add_Tracking_Number" time="0.736" classname="Test_Data_Generation.Add_Tracking_Numbers_To_User"/>
  <testcase name="Add_Tracking_Number" time="0.508" classname="Test_Data_Generation.Add_Tracking_Numbers_To_User"/>
  <testcase name="Add_Tracking_Number" time="0.625" classname="Test_Data_Generation.Add_Tracking_Numbers_To_User"/>
  <testcase name="Add_Tracking_Number" time="0.705" classname="Test_Data_Generation.Add_Tracking_Numbers_To_User"/>
  <testcase name="Add_Tracking_Number" time="0.596" classname="Test_Data_Generation.Add_Tracking_Numbers_To_User"/>
  <testcase name="Add_Tracking_Number" time="0.525" classname="Test_Data_Generation.Add_Tracking_Numbers_To_User"/>
  <testcase name="Add_Tracking_Number" time="0.509" classname="Test_Data_Generation.Add_Tracking_Numbers_To_User"/>
  <testcase name="Add_Tracking_Number" time="0.496" classname="Test_Data_Generation.Add_Tracking_Numbers_To_User"/>
  <testcase name="Add_Tracking_Number" time="0.803" classname="Test_Data_Generation.Add_Tracking_Numbers_To_User"/>
  <testcase name="Add_Tracking_Number" time="0.530" classname="Test_Data_Generation.Add_Tracking_Numbers_To_User"/>
  <testcase name="Add_Tracking_Number" time="0.494" classname="Test_Data_Generation.Add_Tracking_Numbers_To_User"/>
  <testcase name="Add_Tracking_Number" time="0.671" classname="Test_Data_Generation.Add_Tracking_Numbers_To_User"/>
  <testcase name="Add_Tracking_Number" time="0.620" classname="Test_Data_Generation.Add_Tracking_Numbers_To_User"/>
  <testcase name="Add_Tracking_Number" time="0.521" classname="Test_Data_Generation.Add_Tracking_Numbers_To_User"/>
  <testcase name="Add_Tracking_Number" time="0.556" classname="Test_Data_Generation.Add_Tracking_Numbers_To_User"/>
  <testcase name="Add_Tracking_Number" time="0.521" classname="Test_Data_Generation.Add_Tracking_Numbers_To_User"/>
  <testcase name="Add_Tracking_Number" time="0.565" classname="Test_Data_Generation.Add_Tracking_Numbers_To_User"/>
  <testcase name="Add_Tracking_Number" time="0.612" classname="Test_Data_Generation.Add_Tracking_Numbers_To_User"/>
  <testcase name="Add_Tracking_Number" time="0.555" classname="Test_Data_Generation.Add_Tracking_Numbers_To_User"/>
  <testcase name="Add_Tracking_Number" time="0.468" classname="Test_Data_Generation.Add_Tracking_Numbers_To_User"/>
  <testcase name="Add_Tracking_Number" time="0.602" classname="Test_Data_Generation.Add_Tracking_Numbers_To_User"/>
  <testcase name="Add_Tracking_Number" time="0.595" classname="Test_Data_Generation.Add_Tracking_Numbers_To_User"/>
  <testcase name="Add_Tracking_Number" time="0.658" classname="Test_Data_Generation.Add_Tracking_Numbers_To_User"/>
  <testcase name="Add_Tracking_Number" time="0.438" classname="Test_Data_Generation.Add_Tracking_Numbers_To_User"/>
  <testcase name="Add_Tracking_Number" time="0.537" classname="Test_Data_Generation.Add_Tracking_Numbers_To_User"/>
  <testcase name="Add_Tracking_Number" time="0.590" classname="Test_Data_Generation.Add_Tracking_Numbers_To_User"/>
  <testcase name="Add_Tracking_Number" time="0.535" classname="Test_Data_Generation.Add_Tracking_Numbers_To_User"/>
  <testcase name="Add_Tracking_Number" time="0.547" classname="Test_Data_Generation.Add_Tracking_Numbers_To_User"/>
  <testcase name="Add_Tracking_Number" time="0.648" classname="Test_Data_Generation.Add_Tracking_Numbers_To_User"/>
  <testcase name="Add_Tracking_Number" time="0.565" classname="Test_Data_Generation.Add_Tracking_Numbers_To_User"/>
  <testcase name="Add_Tracking_Number" time="0.504" classname="Test_Data_Generation.Add_Tracking_Numbers_To_User"/>
  <testcase name="Add_Tracking_Number" time="0.639" classname="Test_Data_Generation.Add_Tracking_Numbers_To_User"/>
  <testcase name="Add_Tracking_Number" time="0.481" classname="Test_Data_Generation.Add_Tracking_Numbers_To_User"/>
  <testcase name="Add_Tracking_Number" time="0.498" classname="Test_Data_Generation.Add_Tracking_Numbers_To_User"/>
  <testcase name="Add_Tracking_Number" time="0.506" classname="Test_Data_Generation.Add_Tracking_Numbers_To_User"/>
  <testcase name="Add_Tracking_Number" time="0.456" classname="Test_Data_Generation.Add_Tracking_Numbers_To_User"/>
  <testcase name="Add_Tracking_Number" time="0.320" classname="Test_Data_Generation.Add_Tracking_Numbers_To_User"/>
  <testcase name="Add_Tracking_Number" time="0.587" classname="Test_Data_Generation.Add_Tracking_Numbers_To_User"/>
  <testcase name="Add_Tracking_Number" time="0.529" classname="Test_Data_Generation.Add_Tracking_Numbers_To_User"/>
  <testcase name="Add_Tracking_Number" time="0.470" classname="Test_Data_Generation.Add_Tracking_Numbers_To_User"/>
  <testcase name="Add_Tracking_Number" time="0.607" classname="Test_Data_Generation.Add_Tracking_Numbers_To_User"/>
  <testcase name="Add_Tracking_Number" time="30.479" classname="Test_Data_Generation.Add_Tracking_Numbers_To_User"/>
  <testcase name="Add_Tracking_Number" time="0.575" classname="Test_Data_Generation.Add_Tracking_Numbers_To_User"/>
  <testcase name="Add_Tracking_Number" time="0.502" classname="Test_Data_Generation.Add_Tracking_Numbers_To_User"/>
  <testcase name="Add_Tracking_Number" time="0.553" classname="Test_Data_Generation.Add_Tracking_Numbers_To_User"/>
  <testcase name="Add_Tracking_Number" time="0.585" classname="Test_Data_Generation.Add_Tracking_Numbers_To_User"/>
  <testcase name="Add_Tracking_Number" time="0.488" classname="Test_Data_Generation.Add_Tracking_Numbers_To_User"/>
  <testcase name="Add_Tracking_Number" time="0.524" classname="Test_Data_Generation.Add_Tracking_Numbers_To_User"/>
  <testcase name="Add_Tracking_Number" time="0.598" classname="Test_Data_Generation.Add_Tracking_Numbers_To_User"/>
  <testcase name="Add_Tracking_Number" time="0.594" classname="Test_Data_Generation.Add_Tracking_Numbers_To_User"/>
  <testcase name="Add_Tracking_Number" time="0.269" classname="Test_Data_Generation.Add_Tracking_Numbers_To_User"/>
  <testcase name="Add_Tracking_Number" time="0.543" classname="Test_Data_Generation.Add_Tracking_Numbers_To_User"/>
  <testcase name="Add_Tracking_Number" time="0.481" classname="Test_Data_Generation.Add_Tracking_Numbers_To_User"/>
  <testcase name="Add_Tracking_Number" time="0.468" classname="Test_Data_Generation.Add_Tracking_Numbers_To_User"/>
  <testcase name="Add_Tracking_Number" time="0.539" classname="Test_Data_Generation.Add_Tracking_Numbers_To_User"/>
  <testcase name="Add_Tracking_Number" time="0.501" classname="Test_Data_Generation.Add_Tracking_Numbers_To_User"/>
  <testcase name="Add_Tracking_Number" time="0.517" classname="Test_Data_Generation.Add_Tracking_Numbers_To_User"/>
  <testcase name="Add_Tracking_Number" time="0.515" classname="Test_Data_Generation.Add_Tracking_Numbers_To_User"/>
  <testcase name="Add_Tracking_Number" time="0.674" classname="Test_Data_Generation.Add_Tracking_Numbers_To_User"/>
  <testcase name="Add_Tracking_Number" time="0.594" classname="Test_Data_Generation.Add_Tracking_Numbers_To_User"/>
  <testcase name="Add_Tracking_Number" time="0.502" classname="Test_Data_Generation.Add_Tracking_Numbers_To_User"/>
  <testcase name="Add_Tracking_Number" time="0.425" classname="Test_Data_Generation.Add_Tracking_Numbers_To_User"/>
  <testcase name="Add_Tracking_Number" time="0.714" classname="Test_Data_Generation.Add_Tracking_Numbers_To_User"/>
  <testcase name="Add_Tracking_Number" time="0.458" classname="Test_Data_Generation.Add_Tracking_Numbers_To_User"/>
  <testcase name="Add_Tracking_Number" time="0.686" classname="Test_Data_Generation.Add_Tracking_Numbers_To_User"/>
  <testcase name="Add_Tracking_Number" time="0.536" classname="Test_Data_Generation.Add_Tracking_Numbers_To_User"/>
  <testcase name="Add_Tracking_Number" time="0.683" classname="Test_Data_Generation.Add_Tracking_Numbers_To_User"/>
  <testcase name="Add_Tracking_Number" time="0.698" classname="Test_Data_Generation.Add_Tracking_Numbers_To_User"/>
  <testcase name="Add_Tracking_Number" time="0.511" classname="Test_Data_Generation.Add_Tracking_Numbers_To_User"/>
  <testcase name="Add_Tracking_Number" time="0.574" classname="Test_Data_Generation.Add_Tracking_Numbers_To_User"/>
  <testcase name="Add_Tracking_Number" time="0.505" classname="Test_Data_Generation.Add_Tracking_Numbers_To_User"/>
  <testcase name="Add_Tracking_Number" time="0.550" classname="Test_Data_Generation.Add_Tracking_Numbers_To_User"/>
  <testcase name="Add_Tracking_Number" time="0.479" classname="Test_Data_Generation.Add_Tracking_Numbers_To_User"/>
  <testcase name="Add_Tracking_Number" time="0.813" classname="Test_Data_Generation.Add_Tracking_Numbers_To_User"/>
  <testcase name="Add_Tracking_Number" time="0.559" classname="Test_Data_Generation.Add_Tracking_Numbers_To_User"/>
  <testcase name="Add_Tracking_Number" time="0.523" classname="Test_Data_Generation.Add_Tracking_Numbers_To_User"/>
  <testcase name="Add_Tracking_Number" time="0.575" classname="Test_Data_Generation.Add_Tracking_Numbers_To_User"/>
  <testcase name="Add_Tracking_Number" time="0.561" classname="Test_Data_Generation.Add_Tracking_Numbers_To_User"/>
  <testcase name="Add_Tracking_Number" time="0.550" classname="Test_Data_Generation.Add_Tracking_Numbers_To_User"/>
  <testcase name="Add_Tracking_Number" time="0.703" classname="Test_Data_Generation.Add_Tracking_Numbers_To_User"/>
  <testcase name="Add_Tracking_Number" time="0.469" classname="Test_Data_Generation.Add_Tracking_Numbers_To_User"/>
  <testcase name="Add_Tracking_Number" time="0.539" classname="Test_Data_Generation.Add_Tracking_Numbers_To_User"/>
  <testcase name="Add_Tracking_Number" time="0.592" classname="Test_Data_Generation.Add_Tracking_Numbers_To_User"/>
  <testcase name="Add_Tracking_Number" time="0.579" classname="Test_Data_Generation.Add_Tracking_Numbers_To_User"/>
  <testcase name="Add_Tracking_Number" time="0.533" classname="Test_Data_Generation.Add_Tracking_Numbers_To_User"/>
  <testcase name="Add_Tracking_Number" time="0.652" classname="Test_Data_Generation.Add_Tracking_Numbers_To_User"/>
  <testcase name="Add_Tracking_Number" time="0.578" classname="Test_Data_Generation.Add_Tracking_Numbers_To_User"/>
  <testcase name="Add_Tracking_Number" time="0.485" classname="Test_Data_Generation.Add_Tracking_Numbers_To_User"/>
  <testcase name="Add_Tracking_Number" time="0.518" classname="Test_Data_Generation.Add_Tracking_Numbers_To_User"/>
  <testcase name="Add_Tracking_Number" time="0.647" classname="Test_Data_Generation.Add_Tracking_Numbers_To_User"/>
  <testcase name="Add_Tracking_Number" time="0.609" classname="Test_Data_Generation.Add_Tracking_Numbers_To_User"/>
  <testcase name="Add_Tracking_Number" time="0.528" classname="Test_Data_Generation.Add_Tracking_Numbers_To_User"/>
  <testcase name="Add_Tracking_Number" time="0.576" classname="Test_Data_Generation.Add_Tracking_Numbers_To_User"/>
  <testcase name="Add_Tracking_Number" time="0.714" classname="Test_Data_Generation.Add_Tracking_Numbers_To_User"/>
  <testcase name="Add_Tracking_Number" time="0.786" classname="Test_Data_Generation.Add_Tracking_Numbers_To_User"/>
  <testcase name="Add_Tracking_Number" time="0.536" classname="Test_Data_Generation.Add_Tracking_Numbers_To_User"/>
  <testcase name="Add_Tracking_Number" time="0.547" classname="Test_Data_Generation.Add_Tracking_Numbers_To_User"/>
  <testcase name="Add_Tracking_Number" time="0.777" classname="Test_Data_Generation.Add_Tracking_Numbers_To_User"/>
  <testcase name="Add_Tracking_Number" time="0.492" classname="Test_Data_Generation.Add_Tracking_Numbers_To_User"/>
  <testcase name="Add_Tracking_Number" time="0.598" classname="Test_Data_Generation.Add_Tracking_Numbers_To_User"/>
  <testcase name="Add_Tracking_Number" time="0.560" classname="Test_Data_Generation.Add_Tracking_Numbers_To_User"/>
  <testcase name="Add_Tracking_Number" time="0.496" classname="Test_Data_Generation.Add_Tracking_Numbers_To_User"/>
  <testcase name="Add_Tracking_Number" time="0.407" classname="Test_Data_Generation.Add_Tracking_Numbers_To_User"/>
  <testcase name="Add_Tracking_Number" time="0.523" classname="Test_Data_Generation.Add_Tracking_Numbers_To_User"/>
  <testcase name="Add_Tracking_Number" time="0.494" classname="Test_Data_Generation.Add_Tracking_Numbers_To_User"/>
  <testcase name="Add_Tracking_Number" time="0.682" classname="Test_Data_Generation.Add_Tracking_Numbers_To_User"/>
  <testcase name="Add_Tracking_Number" time="0.535" classname="Test_Data_Generation.Add_Tracking_Numbers_To_User"/>
  <testcase name="Add_Tracking_Number" time="0.476" classname="Test_Data_Generation.Add_Tracking_Numbers_To_User"/>
  <testcase name="Add_Tracking_Number" time="0.281" classname="Test_Data_Generation.Add_Tracking_Numbers_To_User"/>
  <testcase name="Add_Tracking_Number" time="0.519" classname="Test_Data_Generation.Add_Tracking_Numbers_To_User"/>
  <testcase name="Add_Tracking_Number" time="0.607" classname="Test_Data_Generation.Add_Tracking_Numbers_To_User"/>
  <testcase name="Add_Tracking_Number" time="0.499" classname="Test_Data_Generation.Add_Tracking_Numbers_To_User"/>
  <testcase name="Add_Tracking_Number" time="0.737" classname="Test_Data_Generation.Add_Tracking_Numbers_To_User"/>
  <testcase name="Add_Tracking_Number" time="0.477" classname="Test_Data_Generation.Add_Tracking_Numbers_To_User"/>
  <testcase name="Add_Tracking_Number" time="0.536" classname="Test_Data_Generation.Add_Tracking_Numbers_To_User"/>
  <testcase name="Add_Tracking_Number" time="0.495" classname="Test_Data_Generation.Add_Tracking_Numbers_To_User"/>
  <testcase name="Add_Tracking_Number" time="0.521" classname="Test_Data_Generation.Add_Tracking_Numbers_To_User"/>
  <testcase name="Add_Tracking_Number" time="0.621" classname="Test_Data_Generation.Add_Tracking_Numbers_To_User"/>
  <testcase name="Add_Tracking_Number" time="0.462" classname="Test_Data_Generation.Add_Tracking_Numbers_To_User"/>
  <testcase name="Add_Tracking_Number" time="0.482" classname="Test_Data_Generation.Add_Tracking_Numbers_To_User"/>
  <testcase name="Add_Tracking_Number" time="0.663" classname="Test_Data_Generation.Add_Tracking_Numbers_To_User"/>
  <testcase name="Add_Tracking_Number" time="0.513" classname="Test_Data_Generation.Add_Tracking_Numbers_To_User"/>
  <testcase name="Add_Tracking_Number" time="0.587" classname="Test_Data_Generation.Add_Tracking_Numbers_To_User"/>
  <testcase name="Add_Tracking_Number" time="0.462" classname="Test_Data_Generation.Add_Tracking_Numbers_To_User"/>
  <testcase name="Add_Tracking_Number" time="0.566" classname="Test_Data_Generation.Add_Tracking_Numbers_To_User"/>
  <testcase name="Add_Tracking_Number" time="0.710" classname="Test_Data_Generation.Add_Tracking_Numbers_To_User"/>
  <testcase name="Add_Tracking_Number" time="0.476" classname="Test_Data_Generation.Add_Tracking_Numbers_To_User"/>
  <testcase name="Add_Tracking_Number" time="0.552" classname="Test_Data_Generation.Add_Tracking_Numbers_To_User"/>
  <testcase name="Add_Tracking_Number" time="0.507" classname="Test_Data_Generation.Add_Tracking_Numbers_To_User"/>
  <testcase name="Add_Tracking_Number" time="0.606" classname="Test_Data_Generation.Add_Tracking_Numbers_To_User"/>
  <testcase name="Add_Tracking_Number" time="0.476" classname="Test_Data_Generation.Add_Tracking_Numbers_To_User"/>
  <testcase name="Add_Tracking_Number" time="0.627" classname="Test_Data_Generation.Add_Tracking_Numbers_To_User"/>
  <testcase name="Add_Tracking_Number" time="0.645" classname="Test_Data_Generation.Add_Tracking_Numbers_To_User"/>
  <testcase name="Add_Tracking_Number" time="0.461" classname="Test_Data_Generation.Add_Tracking_Numbers_To_User"/>
  <testcase name="Add_Tracking_Number" time="0.531" classname="Test_Data_Generation.Add_Tracking_Numbers_To_User"/>
  <testcase name="Add_Tracking_Number" time="0.634" classname="Test_Data_Generation.Add_Tracking_Numbers_To_User"/>
  <testcase name="Add_Tracking_Number" time="0.567" classname="Test_Data_Generation.Add_Tracking_Numbers_To_User"/>
  <testcase name="Add_Tracking_Number" time="0.094" classname="Test_Data_Generation.Add_Tracking_Numbers_To_User"/>
  <testcase name="Add_Tracking_Number" time="0.511" classname="Test_Data_Generation.Add_Tracking_Numbers_To_User"/>
  <testcase name="Add_Tracking_Number" time="0.633" classname="Test_Data_Generation.Add_Tracking_Numbers_To_User"/>
  <testcase name="Add_Tracking_Number" time="0.609" classname="Test_Data_Generation.Add_Tracking_Numbers_To_User"/>
  <testcase name="Add_Tracking_Number" time="0.541" classname="Test_Data_Generation.Add_Tracking_Numbers_To_User"/>
  <testcase name="Add_Tracking_Number" time="0.512" classname="Test_Data_Generation.Add_Tracking_Numbers_To_User"/>
  <testcase name="Add_Tracking_Number" time="0.525" classname="Test_Data_Generation.Add_Tracking_Numbers_To_User"/>
  <testcase name="Add_Tracking_Number" time="0.571" classname="Test_Data_Generation.Add_Tracking_Numbers_To_User"/>
  <testcase name="Add_Tracking_Number" time="0.652" classname="Test_Data_Generation.Add_Tracking_Numbers_To_User"/>
  <testcase name="Add_Tracking_Number" time="0.571" classname="Test_Data_Generation.Add_Tracking_Numbers_To_User"/>
  <testcase name="Add_Tracking_Number" time="0.557" classname="Test_Data_Generation.Add_Tracking_Numbers_To_User"/>
  <testcase name="Add_Tracking_Number" time="0.509" classname="Test_Data_Generation.Add_Tracking_Numbers_To_User"/>
  <testcase name="Add_Tracking_Number" time="0.579" classname="Test_Data_Generation.Add_Tracking_Numbers_To_User"/>
  <testcase name="Add_Tracking_Number" time="0.502" classname="Test_Data_Generation.Add_Tracking_Numbers_To_User"/>
  <testcase name="Add_Tracking_Number" time="0.068" classname="Test_Data_Generation.Add_Tracking_Numbers_To_User"/>
  <testcase name="Add_Tracking_Number" time="0.126" classname="Test_Data_Generation.Add_Tracking_Numbers_To_User"/>
  <testcase name="Add_Tracking_Number" time="0.529" classname="Test_Data_Generation.Add_Tracking_Numbers_To_User"/>
  <testcase name="Add_Tracking_Number" time="0.436" classname="Test_Data_Generation.Add_Tracking_Numbers_To_User"/>
  <testcase name="Add_Tracking_Number" time="0.508" classname="Test_Data_Generation.Add_Tracking_Numbers_To_User"/>
  <testcase name="Add_Tracking_Number" time="0.557" classname="Test_Data_Generation.Add_Tracking_Numbers_To_User"/>
  <testcase name="Add_Tracking_Number" time="0.456" classname="Test_Data_Generation.Add_Tracking_Numbers_To_User"/>
  <testcase name="Add_Tracking_Number" time="0.871" classname="Test_Data_Generation.Add_Tracking_Numbers_To_User"/>
  <testcase name="Add_Tracking_Number" time="0.630" classname="Test_Data_Generation.Add_Tracking_Numbers_To_User"/>
  <testcase name="Add_Tracking_Number" time="0.557" classname="Test_Data_Generation.Add_Tracking_Numbers_To_User"/>
  <testcase name="Add_Tracking_Number" time="0.492" classname="Test_Data_Generation.Add_Tracking_Numbers_To_User"/>
  <testcase name="Add_Tracking_Number" time="0.551" classname="Test_Data_Generation.Add_Tracking_Numbers_To_User"/>
  <testcase name="Add_Tracking_Number" time="0.536" classname="Test_Data_Generation.Add_Tracking_Numbers_To_User"/>
  <testcase name="Add_Tracking_Number" time="0.495" classname="Test_Data_Generation.Add_Tracking_Numbers_To_User"/>
  <testcase name="Add_Tracking_Number" time="0.515" classname="Test_Data_Generation.Add_Tracking_Numbers_To_User"/>
  <testcase name="Add_Tracking_Number" time="0.691" classname="Test_Data_Generation.Add_Tracking_Numbers_To_User"/>
  <testcase name="Add_Tracking_Number" time="0.057" classname="Test_Data_Generation.Add_Tracking_Numbers_To_User"/>
  <testcase name="Add_Tracking_Number" time="0.469" classname="Test_Data_Generation.Add_Tracking_Numbers_To_User"/>
  <testcase name="Add_Tracking_Number" time="0.650" classname="Test_Data_Generation.Add_Tracking_Numbers_To_User"/>
  <testcase name="Add_Tracking_Number" time="0.553" classname="Test_Data_Generation.Add_Tracking_Numbers_To_User"/>
  <testcase name="Add_Tracking_Number" time="0.545" classname="Test_Data_Generation.Add_Tracking_Numbers_To_User"/>
  <testcase name="Add_Tracking_Number" time="0.484" classname="Test_Data_Generation.Add_Tracking_Numbers_To_User"/>
  <testcase name="Add_Tracking_Number" time="0.539" classname="Test_Data_Generation.Add_Tracking_Numbers_To_User"/>
  <testcase name="Add_Tracking_Number" time="0.540" classname="Test_Data_Generation.Add_Tracking_Numbers_To_User"/>
  <testcase name="Add_Tracking_Number" time="0.452" classname="Test_Data_Generation.Add_Tracking_Numbers_To_User"/>
  <testcase name="Add_Tracking_Number" time="0.618" classname="Test_Data_Generation.Add_Tracking_Numbers_To_User"/>
  <testcase name="Add_Tracking_Number" time="0.484" classname="Test_Data_Generation.Add_Tracking_Numbers_To_User"/>
  <testcase name="Add_Tracking_Number" time="0.554" classname="Test_Data_Generation.Add_Tracking_Numbers_To_User"/>
  <testcase name="Add_Tracking_Number" time="0.502" classname="Test_Data_Generation.Add_Tracking_Numbers_To_User"/>
  <testcase name="Add_Tracking_Number" time="0.093" classname="Test_Data_Generation.Add_Tracking_Numbers_To_User"/>
  <testcase name="Add_Tracking_Number" time="0.572" classname="Test_Data_Generation.Add_Tracking_Numbers_To_User"/>
  <testcase name="Add_Tracking_Number" time="0.487" classname="Test_Data_Generation.Add_Tracking_Numbers_To_User"/>
  <testcase name="Add_Tracking_Number" time="0.558" classname="Test_Data_Generation.Add_Tracking_Numbers_To_User"/>
  <testcase name="Add_Tracking_Number" time="0.745" classname="Test_Data_Generation.Add_Tracking_Numbers_To_User"/>
  <testcase name="Add_Tracking_Number" time="0.617" classname="Test_Data_Generation.Add_Tracking_Numbers_To_User"/>
  <testcase name="Add_Tracking_Number" time="0.483" classname="Test_Data_Generation.Add_Tracking_Numbers_To_User"/>
  <testcase name="Add_Tracking_Number" time="0.478" classname="Test_Data_Generation.Add_Tracking_Numbers_To_User"/>
  <testcase name="Add_Tracking_Number" time="0.555" classname="Test_Data_Generation.Add_Tracking_Numbers_To_User"/>
  <testcase name="Add_Tracking_Number" time="0.536" classname="Test_Data_Generation.Add_Tracking_Numbers_To_User"/>
  <testcase name="Add_Tracking_Number" time="0.558" classname="Test_Data_Generation.Add_Tracking_Numbers_To_User"/>
  <testcase name="Add_Tracking_Number" time="0.520" classname="Test_Data_Generation.Add_Tracking_Numbers_To_User"/>
  <testcase name="Add_Tracking_Number" time="0.566" classname="Test_Data_Generation.Add_Tracking_Numbers_To_User"/>
  <testcase name="Add_Tracking_Number" time="0.306" classname="Test_Data_Generation.Add_Tracking_Numbers_To_User"/>
  <testcase name="Add_Tracking_Number" time="0.532" classname="Test_Data_Generation.Add_Tracking_Numbers_To_User"/>
  <testcase name="Add_Tracking_Number" time="0.555" classname="Test_Data_Generation.Add_Tracking_Numbers_To_User"/>
  <testcase name="Add_Tracking_Number" time="0.441" classname="Test_Data_Generation.Add_Tracking_Numbers_To_User"/>
  <testcase name="Add_Tracking_Number" time="0.491" classname="Test_Data_Generation.Add_Tracking_Numbers_To_User"/>
  <testcase name="Add_Tracking_Number" time="0.542" classname="Test_Data_Generation.Add_Tracking_Numbers_To_User"/>
  <testcase name="Add_Tracking_Number" time="0.493" classname="Test_Data_Generation.Add_Tracking_Numbers_To_User"/>
  <testcase name="Add_Tracking_Number" time="0.388" classname="Test_Data_Generation.Add_Tracking_Numbers_To_User">
    <failure type="java.lang.AssertionError" message="
Expected: a string containing &quot;{\&quot;successful\&quot;:true&quot;
     but: was &quot;{&quot;ShipmentOptionResponse&quot;:{&quot;successful&quot;:false,&quot;errorList&quot;:[{&quot;code&quot;:&quot;2997&quot;,&quot;message&quot;:&quot;TRAQS connection/request problem&quot;,&quot;source&quot;:null,&quot;rootCause&quot;:null}],&quot;alerts&quot;:null,&quot;cxsalerts&quot;:null}}&quot;">
      <![CDATA[java.lang.AssertionError: 
Expected: a string containing "{\"successful\":true"
     but: was "{"ShipmentOptionResponse":{"successful":false,"errorList":[{"code":"2997","message":"TRAQS connection/request problem","source":null,"rootCause":null}],"alerts":null,"cxsalerts":null}}"
at org.hamcrest.MatcherAssert.assertThat(MatcherAssert.java:20)
at org.junit.Assert.assertThat(Assert.java:956)
at org.junit.Assert.assertThat(Assert.java:923)
at Test_Data_Generation.Add_Tracking_Numbers_To_User.Add_Tracking_Number(Add_Tracking_Numbers_To_User.java:69)
at sun.reflect.GeneratedMethodAccessor2.invoke(Unknown Source)
at sun.reflect.DelegatingMethodAccessorImpl.invoke(Unknown Source)
at java.lang.reflect.Method.invoke(Unknown Source)
at org.testng.internal.MethodInvocationHelper.invokeMethod(MethodInvocationHelper.java:124)
at org.testng.internal.Invoker.invokeMethod(Invoker.java:580)
at org.testng.internal.Invoker.invokeTestMethod(Invoker.java:716)
at org.testng.internal.TestMethodWithDataProviderMethodWorker.call(TestMethodWithDataProviderMethodWorker.java:71)
at org.testng.internal.TestMethodWithDataProviderMethodWorker.call(TestMethodWithDataProviderMethodWorker.java:14)
at java.util.concurrent.FutureTask.run(Unknown Source)
at java.util.concurrent.Executors$RunnableAdapter.call(Unknown Source)
at java.util.concurrent.FutureTask.run(Unknown Source)
at java.util.concurrent.ThreadPoolExecutor.runWorker(Unknown Source)
at java.util.concurrent.ThreadPoolExecutor$Worker.run(Unknown Source)
at java.lang.Thread.run(Unknown Source)
]]>
    </failure>
  </testcase> <!-- Add_Tracking_Number -->
  <testcase name="Add_Tracking_Number" time="0.565" classname="Test_Data_Generation.Add_Tracking_Numbers_To_User"/>
  <testcase name="Add_Tracking_Number" time="0.568" classname="Test_Data_Generation.Add_Tracking_Numbers_To_User"/>
  <testcase name="Add_Tracking_Number" time="0.496" classname="Test_Data_Generation.Add_Tracking_Numbers_To_User"/>
  <testcase name="Add_Tracking_Number" time="0.539" classname="Test_Data_Generation.Add_Tracking_Numbers_To_User"/>
  <testcase name="Add_Tracking_Number" time="0.048" classname="Test_Data_Generation.Add_Tracking_Numbers_To_User"/>
  <testcase name="Add_Tracking_Number" time="0.515" classname="Test_Data_Generation.Add_Tracking_Numbers_To_User"/>
  <testcase name="Add_Tracking_Number" time="0.504" classname="Test_Data_Generation.Add_Tracking_Numbers_To_User"/>
  <testcase name="Add_Tracking_Number" time="0.520" classname="Test_Data_Generation.Add_Tracking_Numbers_To_User"/>
  <testcase name="Add_Tracking_Number" time="0.467" classname="Test_Data_Generation.Add_Tracking_Numbers_To_User"/>
  <testcase name="Add_Tracking_Number" time="0.527" classname="Test_Data_Generation.Add_Tracking_Numbers_To_User"/>
  <testcase name="Add_Tracking_Number" time="0.554" classname="Test_Data_Generation.Add_Tracking_Numbers_To_User"/>
  <testcase name="Add_Tracking_Number" time="0.615" classname="Test_Data_Generation.Add_Tracking_Numbers_To_User"/>
  <testcase name="Add_Tracking_Number" time="0.640" classname="Test_Data_Generation.Add_Tracking_Numbers_To_User"/>
  <testcase name="Add_Tracking_Number" time="0.523" classname="Test_Data_Generation.Add_Tracking_Numbers_To_User"/>
  <testcase name="Add_Tracking_Number" time="0.549" classname="Test_Data_Generation.Add_Tracking_Numbers_To_User"/>
  <testcase name="Add_Tracking_Number" time="0.572" classname="Test_Data_Generation.Add_Tracking_Numbers_To_User"/>
  <testcase name="Add_Tracking_Number" time="0.707" classname="Test_Data_Generation.Add_Tracking_Numbers_To_User"/>
  <testcase name="Add_Tracking_Number" time="0.502" classname="Test_Data_Generation.Add_Tracking_Numbers_To_User"/>
  <testcase name="Add_Tracking_Number" time="0.771" classname="Test_Data_Generation.Add_Tracking_Numbers_To_User"/>
  <testcase name="Add_Tracking_Number" time="0.509" classname="Test_Data_Generation.Add_Tracking_Numbers_To_User"/>
  <testcase name="Add_Tracking_Number" time="0.547" classname="Test_Data_Generation.Add_Tracking_Numbers_To_User"/>
  <testcase name="Add_Tracking_Number" time="0.561" classname="Test_Data_Generation.Add_Tracking_Numbers_To_User"/>
  <testcase name="Add_Tracking_Number" time="0.751" classname="Test_Data_Generation.Add_Tracking_Numbers_To_User"/>
  <testcase name="Add_Tracking_Number" time="0.558" classname="Test_Data_Generation.Add_Tracking_Numbers_To_User"/>
  <testcase name="Add_Tracking_Number" time="0.671" classname="Test_Data_Generation.Add_Tracking_Numbers_To_User"/>
  <testcase name="Add_Tracking_Number" time="0.562" classname="Test_Data_Generation.Add_Tracking_Numbers_To_User"/>
  <testcase name="Add_Tracking_Number" time="0.445" classname="Test_Data_Generation.Add_Tracking_Numbers_To_User"/>
  <testcase name="Add_Tracking_Number" time="0.695" classname="Test_Data_Generation.Add_Tracking_Numbers_To_User"/>
  <testcase name="Add_Tracking_Number" time="0.467" classname="Test_Data_Generation.Add_Tracking_Numbers_To_User"/>
  <testcase name="Add_Tracking_Number" time="0.521" classname="Test_Data_Generation.Add_Tracking_Numbers_To_User"/>
  <testcase name="Add_Tracking_Number" time="0.567" classname="Test_Data_Generation.Add_Tracking_Numbers_To_User"/>
  <testcase name="Add_Tracking_Number" time="0.547" classname="Test_Data_Generation.Add_Tracking_Numbers_To_User"/>
  <testcase name="Add_Tracking_Number" time="0.538" classname="Test_Data_Generation.Add_Tracking_Numbers_To_User"/>
  <testcase name="Add_Tracking_Number" time="0.438" classname="Test_Data_Generation.Add_Tracking_Numbers_To_User"/>
  <testcase name="Add_Tracking_Number" time="0.678" classname="Test_Data_Generation.Add_Tracking_Numbers_To_User"/>
  <testcase name="Add_Tracking_Number" time="0.521" classname="Test_Data_Generation.Add_Tracking_Numbers_To_User"/>
  <testcase name="Add_Tracking_Number" time="0.618" classname="Test_Data_Generation.Add_Tracking_Numbers_To_User"/>
  <testcase name="Add_Tracking_Number" time="0.605" classname="Test_Data_Generation.Add_Tracking_Numbers_To_User"/>
  <testcase name="Add_Tracking_Number" time="0.582" classname="Test_Data_Generation.Add_Tracking_Numbers_To_User"/>
  <testcase name="Add_Tracking_Number" time="0.677" classname="Test_Data_Generation.Add_Tracking_Numbers_To_User"/>
  <testcase name="Add_Tracking_Number" time="0.541" classname="Test_Data_Generation.Add_Tracking_Numbers_To_User"/>
  <testcase name="Add_Tracking_Number" time="0.487" classname="Test_Data_Generation.Add_Tracking_Numbers_To_User"/>
  <testcase name="Add_Tracking_Number" time="0.533" classname="Test_Data_Generation.Add_Tracking_Numbers_To_User"/>
  <testcase name="Add_Tracking_Number" time="0.721" classname="Test_Data_Generation.Add_Tracking_Numbers_To_User"/>
  <testcase name="Add_Tracking_Number" time="0.557" classname="Test_Data_Generation.Add_Tracking_Numbers_To_User"/>
  <testcase name="Add_Tracking_Number" time="0.481" classname="Test_Data_Generation.Add_Tracking_Numbers_To_User"/>
  <testcase name="Add_Tracking_Number" time="0.481" classname="Test_Data_Generation.Add_Tracking_Numbers_To_User"/>
  <testcase name="Add_Tracking_Number" time="0.603" classname="Test_Data_Generation.Add_Tracking_Numbers_To_User"/>
  <testcase name="Add_Tracking_Number" time="0.584" classname="Test_Data_Generation.Add_Tracking_Numbers_To_User"/>
  <testcase name="Add_Tracking_Number" time="0.516" classname="Test_Data_Generation.Add_Tracking_Numbers_To_User"/>
  <testcase name="Add_Tracking_Number" time="0.074" classname="Test_Data_Generation.Add_Tracking_Numbers_To_User"/>
  <testcase name="Add_Tracking_Number" time="0.640" classname="Test_Data_Generation.Add_Tracking_Numbers_To_User"/>
  <testcase name="Add_Tracking_Number" time="0.590" classname="Test_Data_Generation.Add_Tracking_Numbers_To_User"/>
  <testcase name="Add_Tracking_Number" time="0.609" classname="Test_Data_Generation.Add_Tracking_Numbers_To_User"/>
  <testcase name="Add_Tracking_Number" time="0.752" classname="Test_Data_Generation.Add_Tracking_Numbers_To_User"/>
  <testcase name="Add_Tracking_Number" time="0.539" classname="Test_Data_Generation.Add_Tracking_Numbers_To_User"/>
  <testcase name="Add_Tracking_Number" time="0.641" classname="Test_Data_Generation.Add_Tracking_Numbers_To_User"/>
  <testcase name="Add_Tracking_Number" time="0.627" classname="Test_Data_Generation.Add_Tracking_Numbers_To_User"/>
  <testcase name="Add_Tracking_Number" time="0.329" classname="Test_Data_Generation.Add_Tracking_Numbers_To_User"/>
  <testcase name="Add_Tracking_Number" time="0.483" classname="Test_Data_Generation.Add_Tracking_Numbers_To_User"/>
  <testcase name="Add_Tracking_Number" time="0.598" classname="Test_Data_Generation.Add_Tracking_Numbers_To_User"/>
  <testcase name="Add_Tracking_Number" time="0.668" classname="Test_Data_Generation.Add_Tracking_Numbers_To_User"/>
  <testcase name="Add_Tracking_Number" time="0.512" classname="Test_Data_Generation.Add_Tracking_Numbers_To_User"/>
  <testcase name="Add_Tracking_Number" time="0.573" classname="Test_Data_Generation.Add_Tracking_Numbers_To_User"/>
  <testcase name="Add_Tracking_Number" time="0.526" classname="Test_Data_Generation.Add_Tracking_Numbers_To_User"/>
  <testcase name="Add_Tracking_Number" time="0.795" classname="Test_Data_Generation.Add_Tracking_Numbers_To_User"/>
  <testcase name="Add_Tracking_Number" time="0.520" classname="Test_Data_Generation.Add_Tracking_Numbers_To_User"/>
  <testcase name="Add_Tracking_Number" time="0.496" classname="Test_Data_Generation.Add_Tracking_Numbers_To_User"/>
  <testcase name="Add_Tracking_Number" time="0.574" classname="Test_Data_Generation.Add_Tracking_Numbers_To_User"/>
  <testcase name="Add_Tracking_Number" time="0.486" classname="Test_Data_Generation.Add_Tracking_Numbers_To_User"/>
  <testcase name="Add_Tracking_Number" time="0.496" classname="Test_Data_Generation.Add_Tracking_Numbers_To_User"/>
  <testcase name="Add_Tracking_Number" time="0.491" classname="Test_Data_Generation.Add_Tracking_Numbers_To_User"/>
  <testcase name="Add_Tracking_Number" time="0.478" classname="Test_Data_Generation.Add_Tracking_Numbers_To_User"/>
  <testcase name="Add_Tracking_Number" time="0.470" classname="Test_Data_Generation.Add_Tracking_Numbers_To_User"/>
  <testcase name="Add_Tracking_Number" time="0.511" classname="Test_Data_Generation.Add_Tracking_Numbers_To_User"/>
  <testcase name="Add_Tracking_Number" time="0.569" classname="Test_Data_Generation.Add_Tracking_Numbers_To_User"/>
  <testcase name="Add_Tracking_Number" time="0.588" classname="Test_Data_Generation.Add_Tracking_Numbers_To_User"/>
  <testcase name="Add_Tracking_Number" time="0.762" classname="Test_Data_Generation.Add_Tracking_Numbers_To_User"/>
  <testcase name="Add_Tracking_Number" time="0.614" classname="Test_Data_Generation.Add_Tracking_Numbers_To_User"/>
  <testcase name="Add_Tracking_Number" time="0.576" classname="Test_Data_Generation.Add_Tracking_Numbers_To_User"/>
  <testcase name="Add_Tracking_Number" time="0.466" classname="Test_Data_Generation.Add_Tracking_Numbers_To_User"/>
  <testcase name="Add_Tracking_Number" time="0.618" classname="Test_Data_Generation.Add_Tracking_Numbers_To_User"/>
  <testcase name="Add_Tracking_Number" time="0.561" classname="Test_Data_Generation.Add_Tracking_Numbers_To_User"/>
  <testcase name="Add_Tracking_Number" time="0.601" classname="Test_Data_Generation.Add_Tracking_Numbers_To_User"/>
  <testcase name="Add_Tracking_Number" time="0.560" classname="Test_Data_Generation.Add_Tracking_Numbers_To_User"/>
  <testcase name="Add_Tracking_Number" time="0.525" classname="Test_Data_Generation.Add_Tracking_Numbers_To_User"/>
  <testcase name="Add_Tracking_Number" time="0.540" classname="Test_Data_Generation.Add_Tracking_Numbers_To_User"/>
  <testcase name="Add_Tracking_Number" time="0.545" classname="Test_Data_Generation.Add_Tracking_Numbers_To_User"/>
  <testcase name="Add_Tracking_Number" time="0.602" classname="Test_Data_Generation.Add_Tracking_Numbers_To_User"/>
  <testcase name="Add_Tracking_Number" time="0.487" classname="Test_Data_Generation.Add_Tracking_Numbers_To_User"/>
  <testcase name="Add_Tracking_Number" time="0.552" classname="Test_Data_Generation.Add_Tracking_Numbers_To_User"/>
  <testcase name="Add_Tracking_Number" time="0.557" classname="Test_Data_Generation.Add_Tracking_Numbers_To_User"/>
  <testcase name="Add_Tracking_Number" time="0.445" classname="Test_Data_Generation.Add_Tracking_Numbers_To_User"/>
  <testcase name="Add_Tracking_Number" time="0.506" classname="Test_Data_Generation.Add_Tracking_Numbers_To_User"/>
  <testcase name="Add_Tracking_Number" time="0.529" classname="Test_Data_Generation.Add_Tracking_Numbers_To_User"/>
  <testcase name="Add_Tracking_Number" time="0.668" classname="Test_Data_Generation.Add_Tracking_Numbers_To_User"/>
  <testcase name="Add_Tracking_Number" time="0.514" classname="Test_Data_Generation.Add_Tracking_Numbers_To_User"/>
  <testcase name="Add_Tracking_Number" time="0.565" classname="Test_Data_Generation.Add_Tracking_Numbers_To_User"/>
  <testcase name="Add_Tracking_Number" time="0.596" classname="Test_Data_Generation.Add_Tracking_Numbers_To_User"/>
  <testcase name="Add_Tracking_Number" time="0.510" classname="Test_Data_Generation.Add_Tracking_Numbers_To_User"/>
  <testcase name="Add_Tracking_Number" time="0.484" classname="Test_Data_Generation.Add_Tracking_Numbers_To_User"/>
  <testcase name="Add_Tracking_Number" time="0.512" classname="Test_Data_Generation.Add_Tracking_Numbers_To_User"/>
  <testcase name="Add_Tracking_Number" time="0.431" classname="Test_Data_Generation.Add_Tracking_Numbers_To_User"/>
  <testcase name="Add_Tracking_Number" time="0.476" classname="Test_Data_Generation.Add_Tracking_Numbers_To_User"/>
  <testcase name="Add_Tracking_Number" time="0.645" classname="Test_Data_Generation.Add_Tracking_Numbers_To_User"/>
  <testcase name="Add_Tracking_Number" time="0.553" classname="Test_Data_Generation.Add_Tracking_Numbers_To_User"/>
  <testcase name="Add_Tracking_Number" time="0.720" classname="Test_Data_Generation.Add_Tracking_Numbers_To_User"/>
  <testcase name="Add_Tracking_Number" time="0.186" classname="Test_Data_Generation.Add_Tracking_Numbers_To_User"/>
  <testcase name="Add_Tracking_Number" time="0.479" classname="Test_Data_Generation.Add_Tracking_Numbers_To_User"/>
  <testcase name="Add_Tracking_Number" time="0.607" classname="Test_Data_Generation.Add_Tracking_Numbers_To_User"/>
  <testcase name="Add_Tracking_Number" time="0.543" classname="Test_Data_Generation.Add_Tracking_Numbers_To_User"/>
  <testcase name="Add_Tracking_Number" time="0.525" classname="Test_Data_Generation.Add_Tracking_Numbers_To_User"/>
  <testcase name="Add_Tracking_Number" time="0.692" classname="Test_Data_Generation.Add_Tracking_Numbers_To_User"/>
  <testcase name="Add_Tracking_Number" time="0.449" classname="Test_Data_Generation.Add_Tracking_Numbers_To_User"/>
  <testcase name="Add_Tracking_Number" time="0.566" classname="Test_Data_Generation.Add_Tracking_Numbers_To_User"/>
  <testcase name="Add_Tracking_Number" time="0.475" classname="Test_Data_Generation.Add_Tracking_Numbers_To_User"/>
  <testcase name="Add_Tracking_Number" time="0.476" classname="Test_Data_Generation.Add_Tracking_Numbers_To_User"/>
  <testcase name="Add_Tracking_Number" time="0.056" classname="Test_Data_Generation.Add_Tracking_Numbers_To_User"/>
  <testcase name="Add_Tracking_Number" time="0.463" classname="Test_Data_Generation.Add_Tracking_Numbers_To_User"/>
  <testcase name="Add_Tracking_Number" time="0.563" classname="Test_Data_Generation.Add_Tracking_Numbers_To_User"/>
  <testcase name="Add_Tracking_Number" time="0.591" classname="Test_Data_Generation.Add_Tracking_Numbers_To_User"/>
  <testcase name="Add_Tracking_Number" time="0.620" classname="Test_Data_Generation.Add_Tracking_Numbers_To_User"/>
  <testcase name="Add_Tracking_Number" time="0.499" classname="Test_Data_Generation.Add_Tracking_Numbers_To_User"/>
  <testcase name="Add_Tracking_Number" time="0.496" classname="Test_Data_Generation.Add_Tracking_Numbers_To_User"/>
  <testcase name="Add_Tracking_Number" time="0.536" classname="Test_Data_Generation.Add_Tracking_Numbers_To_User"/>
  <testcase name="Add_Tracking_Number" time="0.580" classname="Test_Data_Generation.Add_Tracking_Numbers_To_User"/>
  <testcase name="Add_Tracking_Number" time="0.496" classname="Test_Data_Generation.Add_Tracking_Numbers_To_User"/>
  <testcase name="Add_Tracking_Number" time="0.596" classname="Test_Data_Generation.Add_Tracking_Numbers_To_User"/>
  <testcase name="Add_Tracking_Number" time="0.557" classname="Test_Data_Generation.Add_Tracking_Numbers_To_User"/>
  <testcase name="Add_Tracking_Number" time="0.553" classname="Test_Data_Generation.Add_Tracking_Numbers_To_User"/>
  <testcase name="Add_Tracking_Number" time="0.495" classname="Test_Data_Generation.Add_Tracking_Numbers_To_User"/>
  <testcase name="Add_Tracking_Number" time="0.517" classname="Test_Data_Generation.Add_Tracking_Numbers_To_User"/>
  <testcase name="Add_Tracking_Number" time="0.635" classname="Test_Data_Generation.Add_Tracking_Numbers_To_User"/>
  <testcase name="Add_Tracking_Number" time="0.603" classname="Test_Data_Generation.Add_Tracking_Numbers_To_User"/>
  <testcase name="Add_Tracking_Number" time="0.518" classname="Test_Data_Generation.Add_Tracking_Numbers_To_User"/>
  <testcase name="Add_Tracking_Number" time="0.543" classname="Test_Data_Generation.Add_Tracking_Numbers_To_User"/>
  <testcase name="Add_Tracking_Number" time="0.660" classname="Test_Data_Generation.Add_Tracking_Numbers_To_User"/>
  <testcase name="Add_Tracking_Number" time="0.602" classname="Test_Data_Generation.Add_Tracking_Numbers_To_User"/>
  <testcase name="Add_Tracking_Number" time="1.306" classname="Test_Data_Generation.Add_Tracking_Numbers_To_User"/>
  <testcase name="Add_Tracking_Number" time="0.511" classname="Test_Data_Generation.Add_Tracking_Numbers_To_User"/>
  <testcase name="Add_Tracking_Number" time="0.550" classname="Test_Data_Generation.Add_Tracking_Numbers_To_User"/>
  <testcase name="Add_Tracking_Number" time="0.568" classname="Test_Data_Generation.Add_Tracking_Numbers_To_User"/>
  <testcase name="Add_Tracking_Number" time="0.721" classname="Test_Data_Generation.Add_Tracking_Numbers_To_User"/>
  <testcase name="Add_Tracking_Number" time="0.609" classname="Test_Data_Generation.Add_Tracking_Numbers_To_User"/>
  <testcase name="Add_Tracking_Number" time="0.502" classname="Test_Data_Generation.Add_Tracking_Numbers_To_User"/>
  <testcase name="Add_Tracking_Number" time="0.525" classname="Test_Data_Generation.Add_Tracking_Numbers_To_User"/>
  <testcase name="Add_Tracking_Number" time="0.580" classname="Test_Data_Generation.Add_Tracking_Numbers_To_User"/>
  <testcase name="Add_Tracking_Number" time="0.556" classname="Test_Data_Generation.Add_Tracking_Numbers_To_User"/>
  <testcase name="Add_Tracking_Number" time="0.705" classname="Test_Data_Generation.Add_Tracking_Numbers_To_User"/>
  <testcase name="Add_Tracking_Number" time="0.711" classname="Test_Data_Generation.Add_Tracking_Numbers_To_User"/>
  <testcase name="Add_Tracking_Number" time="0.130" classname="Test_Data_Generation.Add_Tracking_Numbers_To_User"/>
  <testcase name="Add_Tracking_Number" time="0.596" classname="Test_Data_Generation.Add_Tracking_Numbers_To_User"/>
  <testcase name="Add_Tracking_Number" time="0.512" classname="Test_Data_Generation.Add_Tracking_Numbers_To_User"/>
  <testcase name="Add_Tracking_Number" time="0.501" classname="Test_Data_Generation.Add_Tracking_Numbers_To_User"/>
  <testcase name="Add_Tracking_Number" time="0.524" classname="Test_Data_Generation.Add_Tracking_Numbers_To_User"/>
  <testcase name="Add_Tracking_Number" time="0.496" classname="Test_Data_Generation.Add_Tracking_Numbers_To_User"/>
  <testcase name="Add_Tracking_Number" time="0.425" classname="Test_Data_Generation.Add_Tracking_Numbers_To_User"/>
  <testcase name="Add_Tracking_Number" time="0.642" classname="Test_Data_Generation.Add_Tracking_Numbers_To_User"/>
  <testcase name="Add_Tracking_Number" time="0.529" classname="Test_Data_Generation.Add_Tracking_Numbers_To_User"/>
  <testcase name="Add_Tracking_Number" time="0.485" classname="Test_Data_Generation.Add_Tracking_Numbers_To_User"/>
  <testcase name="Add_Tracking_Number" time="0.476" classname="Test_Data_Generation.Add_Tracking_Numbers_To_User"/>
  <testcase name="Add_Tracking_Number" time="0.460" classname="Test_Data_Generation.Add_Tracking_Numbers_To_User"/>
  <testcase name="Add_Tracking_Number" time="0.111" classname="Test_Data_Generation.Add_Tracking_Numbers_To_User"/>
  <testcase name="Add_Tracking_Number" time="0.500" classname="Test_Data_Generation.Add_Tracking_Numbers_To_User"/>
  <testcase name="Add_Tracking_Number" time="0.732" classname="Test_Data_Generation.Add_Tracking_Numbers_To_User"/>
  <testcase name="Add_Tracking_Number" time="0.456" classname="Test_Data_Generation.Add_Tracking_Numbers_To_User"/>
  <testcase name="Add_Tracking_Number" time="0.485" classname="Test_Data_Generation.Add_Tracking_Numbers_To_User"/>
  <testcase name="Add_Tracking_Number" time="0.384" classname="Test_Data_Generation.Add_Tracking_Numbers_To_User"/>
  <testcase name="Add_Tracking_Number" time="0.511" classname="Test_Data_Generation.Add_Tracking_Numbers_To_User"/>
  <testcase name="Add_Tracking_Number" time="0.506" classname="Test_Data_Generation.Add_Tracking_Numbers_To_User"/>
  <testcase name="Add_Tracking_Number" time="0.540" classname="Test_Data_Generation.Add_Tracking_Numbers_To_User"/>
  <testcase name="Add_Tracking_Number" time="0.551" classname="Test_Data_Generation.Add_Tracking_Numbers_To_User"/>
  <testcase name="Add_Tracking_Number" time="0.675" classname="Test_Data_Generation.Add_Tracking_Numbers_To_User"/>
  <testcase name="Add_Tracking_Number" time="1.161" classname="Test_Data_Generation.Add_Tracking_Numbers_To_User"/>
  <testcase name="Add_Tracking_Number" time="0.595" classname="Test_Data_Generation.Add_Tracking_Numbers_To_User"/>
  <testcase name="Add_Tracking_Number" time="0.524" classname="Test_Data_Generation.Add_Tracking_Numbers_To_User"/>
  <testcase name="Add_Tracking_Number" time="0.552" classname="Test_Data_Generation.Add_Tracking_Numbers_To_User"/>
  <testcase name="Add_Tracking_Number" time="0.484" classname="Test_Data_Generation.Add_Tracking_Numbers_To_User"/>
  <testcase name="Add_Tracking_Number" time="0.576" classname="Test_Data_Generation.Add_Tracking_Numbers_To_User"/>
  <testcase name="Add_Tracking_Number" time="0.533" classname="Test_Data_Generation.Add_Tracking_Numbers_To_User"/>
  <testcase name="Add_Tracking_Number" time="0.535" classname="Test_Data_Generation.Add_Tracking_Numbers_To_User"/>
  <testcase name="Add_Tracking_Number" time="0.500" classname="Test_Data_Generation.Add_Tracking_Numbers_To_User"/>
  <testcase name="Add_Tracking_Number" time="0.603" classname="Test_Data_Generation.Add_Tracking_Numbers_To_User"/>
  <testcase name="Add_Tracking_Number" time="0.756" classname="Test_Data_Generation.Add_Tracking_Numbers_To_User"/>
  <testcase name="Add_Tracking_Number" time="0.488" classname="Test_Data_Generation.Add_Tracking_Numbers_To_User"/>
  <testcase name="Add_Tracking_Number" time="0.549" classname="Test_Data_Generation.Add_Tracking_Numbers_To_User"/>
  <testcase name="Add_Tracking_Number" time="0.646" classname="Test_Data_Generation.Add_Tracking_Numbers_To_User"/>
  <testcase name="Add_Tracking_Number" time="0.505" classname="Test_Data_Generation.Add_Tracking_Numbers_To_User"/>
  <testcase name="Add_Tracking_Number" time="0.549" classname="Test_Data_Generation.Add_Tracking_Numbers_To_User"/>
  <testcase name="Add_Tracking_Number" time="0.635" classname="Test_Data_Generation.Add_Tracking_Numbers_To_User"/>
  <testcase name="Add_Tracking_Number" time="0.598" classname="Test_Data_Generation.Add_Tracking_Numbers_To_User"/>
  <testcase name="Add_Tracking_Number" time="0.515" classname="Test_Data_Generation.Add_Tracking_Numbers_To_User"/>
  <testcase name="Add_Tracking_Number" time="0.588" classname="Test_Data_Generation.Add_Tracking_Numbers_To_User"/>
  <testcase name="Add_Tracking_Number" time="0.481" classname="Test_Data_Generation.Add_Tracking_Numbers_To_User"/>
  <testcase name="Add_Tracking_Number" time="0.576" classname="Test_Data_Generation.Add_Tracking_Numbers_To_User"/>
  <testcase name="Add_Tracking_Number" time="0.515" classname="Test_Data_Generation.Add_Tracking_Numbers_To_User"/>
  <testcase name="Add_Tracking_Number" time="0.587" classname="Test_Data_Generation.Add_Tracking_Numbers_To_User"/>
  <testcase name="Add_Tracking_Number" time="0.531" classname="Test_Data_Generation.Add_Tracking_Numbers_To_User"/>
  <testcase name="Add_Tracking_Number" time="0.543" classname="Test_Data_Generation.Add_Tracking_Numbers_To_User"/>
  <testcase name="Add_Tracking_Number" time="0.600" classname="Test_Data_Generation.Add_Tracking_Numbers_To_User"/>
  <testcase name="Add_Tracking_Number" time="0.535" classname="Test_Data_Generation.Add_Tracking_Numbers_To_User"/>
  <testcase name="Add_Tracking_Number" time="0.875" classname="Test_Data_Generation.Add_Tracking_Numbers_To_User"/>
  <testcase name="Add_Tracking_Number" time="0.579" classname="Test_Data_Generation.Add_Tracking_Numbers_To_User"/>
  <testcase name="Add_Tracking_Number" time="0.609" classname="Test_Data_Generation.Add_Tracking_Numbers_To_User"/>
  <testcase name="Add_Tracking_Number" time="0.677" classname="Test_Data_Generation.Add_Tracking_Numbers_To_User"/>
  <testcase name="Add_Tracking_Number" time="0.530" classname="Test_Data_Generation.Add_Tracking_Numbers_To_User"/>
  <testcase name="Add_Tracking_Number" time="0.523" classname="Test_Data_Generation.Add_Tracking_Numbers_To_User"/>
  <testcase name="Add_Tracking_Number" time="0.488" classname="Test_Data_Generation.Add_Tracking_Numbers_To_User"/>
  <testcase name="Add_Tracking_Number" time="0.587" classname="Test_Data_Generation.Add_Tracking_Numbers_To_User"/>
  <testcase name="Add_Tracking_Number" time="0.648" classname="Test_Data_Generation.Add_Tracking_Numbers_To_User"/>
  <testcase name="Add_Tracking_Number" time="0.520" classname="Test_Data_Generation.Add_Tracking_Numbers_To_User"/>
  <testcase name="Add_Tracking_Number" time="0.583" classname="Test_Data_Generation.Add_Tracking_Numbers_To_User"/>
  <testcase name="Add_Tracking_Number" time="0.519" classname="Test_Data_Generation.Add_Tracking_Numbers_To_User"/>
  <testcase name="Add_Tracking_Number" time="0.526" classname="Test_Data_Generation.Add_Tracking_Numbers_To_User"/>
  <testcase name="Add_Tracking_Number" time="0.484" classname="Test_Data_Generation.Add_Tracking_Numbers_To_User"/>
  <testcase name="Add_Tracking_Number" time="0.647" classname="Test_Data_Generation.Add_Tracking_Numbers_To_User"/>
  <testcase name="Add_Tracking_Number" time="0.062" classname="Test_Data_Generation.Add_Tracking_Numbers_To_User"/>
  <testcase name="Add_Tracking_Number" time="0.654" classname="Test_Data_Generation.Add_Tracking_Numbers_To_User"/>
  <testcase name="Add_Tracking_Number" time="0.635" classname="Test_Data_Generation.Add_Tracking_Numbers_To_User"/>
  <testcase name="Add_Tracking_Number" time="0.678" classname="Test_Data_Generation.Add_Tracking_Numbers_To_User"/>
  <testcase name="Add_Tracking_Number" time="0.616" classname="Test_Data_Generation.Add_Tracking_Numbers_To_User"/>
  <testcase name="Add_Tracking_Number" time="0.705" classname="Test_Data_Generation.Add_Tracking_Numbers_To_User"/>
  <testcase name="Add_Tracking_Number" time="0.555" classname="Test_Data_Generation.Add_Tracking_Numbers_To_User"/>
  <testcase name="Add_Tracking_Number" time="0.486" classname="Test_Data_Generation.Add_Tracking_Numbers_To_User"/>
  <testcase name="Add_Tracking_Number" time="0.500" classname="Test_Data_Generation.Add_Tracking_Numbers_To_User"/>
  <testcase name="Add_Tracking_Number" time="0.753" classname="Test_Data_Generation.Add_Tracking_Numbers_To_User"/>
  <testcase name="Add_Tracking_Number" time="0.625" classname="Test_Data_Generation.Add_Tracking_Numbers_To_User"/>
  <testcase name="Add_Tracking_Number" time="0.539" classname="Test_Data_Generation.Add_Tracking_Numbers_To_User"/>
  <testcase name="Add_Tracking_Number" time="0.552" classname="Test_Data_Generation.Add_Tracking_Numbers_To_User"/>
  <testcase name="Add_Tracking_Number" time="0.466" classname="Test_Data_Generation.Add_Tracking_Numbers_To_User"/>
  <testcase name="Add_Tracking_Number" time="0.977" classname="Test_Data_Generation.Add_Tracking_Numbers_To_User"/>
  <testcase name="Add_Tracking_Number" time="0.585" classname="Test_Data_Generation.Add_Tracking_Numbers_To_User"/>
  <testcase name="Add_Tracking_Number" time="0.512" classname="Test_Data_Generation.Add_Tracking_Numbers_To_User"/>
  <testcase name="Add_Tracking_Number" time="0.574" classname="Test_Data_Generation.Add_Tracking_Numbers_To_User"/>
  <testcase name="Add_Tracking_Number" time="0.581" classname="Test_Data_Generation.Add_Tracking_Numbers_To_User"/>
  <testcase name="Add_Tracking_Number" time="0.514" classname="Test_Data_Generation.Add_Tracking_Numbers_To_User"/>
  <testcase name="Add_Tracking_Number" time="0.498" classname="Test_Data_Generation.Add_Tracking_Numbers_To_User"/>
  <testcase name="Add_Tracking_Number" time="0.562" classname="Test_Data_Generation.Add_Tracking_Numbers_To_User"/>
  <testcase name="Add_Tracking_Number" time="0.528" classname="Test_Data_Generation.Add_Tracking_Numbers_To_User"/>
  <testcase name="Add_Tracking_Number" time="0.531" classname="Test_Data_Generation.Add_Tracking_Numbers_To_User"/>
  <testcase name="Add_Tracking_Number" time="0.516" classname="Test_Data_Generation.Add_Tracking_Numbers_To_User"/>
  <testcase name="Add_Tracking_Number" time="0.665" classname="Test_Data_Generation.Add_Tracking_Numbers_To_User"/>
  <testcase name="Add_Tracking_Number" time="0.693" classname="Test_Data_Generation.Add_Tracking_Numbers_To_User"/>
  <testcase name="Add_Tracking_Number" time="0.602" classname="Test_Data_Generation.Add_Tracking_Numbers_To_User"/>
  <testcase name="Add_Tracking_Number" time="0.517" classname="Test_Data_Generation.Add_Tracking_Numbers_To_User"/>
  <testcase name="Add_Tracking_Number" time="0.484" classname="Test_Data_Generation.Add_Tracking_Numbers_To_User"/>
  <testcase name="Add_Tracking_Number" time="0.546" classname="Test_Data_Generation.Add_Tracking_Numbers_To_User"/>
  <testcase name="Add_Tracking_Number" time="0.707" classname="Test_Data_Generation.Add_Tracking_Numbers_To_User"/>
  <testcase name="Add_Tracking_Number" time="0.058" classname="Test_Data_Generation.Add_Tracking_Numbers_To_User"/>
  <testcase name="Add_Tracking_Number" time="0.587" classname="Test_Data_Generation.Add_Tracking_Numbers_To_User"/>
  <testcase name="Add_Tracking_Number" time="0.541" classname="Test_Data_Generation.Add_Tracking_Numbers_To_User"/>
  <testcase name="Add_Tracking_Number" time="0.535" classname="Test_Data_Generation.Add_Tracking_Numbers_To_User"/>
  <testcase name="Add_Tracking_Number" time="0.577" classname="Test_Data_Generation.Add_Tracking_Numbers_To_User"/>
  <testcase name="Add_Tracking_Number" time="0.517" classname="Test_Data_Generation.Add_Tracking_Numbers_To_User"/>
  <testcase name="Add_Tracking_Number" time="0.538" classname="Test_Data_Generation.Add_Tracking_Numbers_To_User"/>
  <testcase name="Add_Tracking_Number" time="0.491" classname="Test_Data_Generation.Add_Tracking_Numbers_To_User"/>
  <testcase name="Add_Tracking_Number" time="0.558" classname="Test_Data_Generation.Add_Tracking_Numbers_To_User"/>
  <testcase name="Add_Tracking_Number" time="0.531" classname="Test_Data_Generation.Add_Tracking_Numbers_To_User"/>
  <testcase name="Add_Tracking_Number" time="0.527" classname="Test_Data_Generation.Add_Tracking_Numbers_To_User"/>
  <testcase name="Add_Tracking_Number" time="0.466" classname="Test_Data_Generation.Add_Tracking_Numbers_To_User"/>
  <testcase name="Add_Tracking_Number" time="0.534" classname="Test_Data_Generation.Add_Tracking_Numbers_To_User"/>
  <testcase name="Add_Tracking_Number" time="0.546" classname="Test_Data_Generation.Add_Tracking_Numbers_To_User"/>
  <testcase name="Add_Tracking_Number" time="0.546" classname="Test_Data_Generation.Add_Tracking_Numbers_To_User"/>
  <testcase name="Add_Tracking_Number" time="0.553" classname="Test_Data_Generation.Add_Tracking_Numbers_To_User"/>
  <testcase name="Add_Tracking_Number" time="0.652" classname="Test_Data_Generation.Add_Tracking_Numbers_To_User"/>
  <testcase name="Add_Tracking_Number" time="1.211" classname="Test_Data_Generation.Add_Tracking_Numbers_To_User"/>
  <testcase name="Add_Tracking_Number" time="0.518" classname="Test_Data_Generation.Add_Tracking_Numbers_To_User"/>
  <testcase name="Add_Tracking_Number" time="0.497" classname="Test_Data_Generation.Add_Tracking_Numbers_To_User"/>
  <testcase name="Add_Tracking_Number" time="0.530" classname="Test_Data_Generation.Add_Tracking_Numbers_To_User"/>
  <testcase name="Add_Tracking_Number" time="0.582" classname="Test_Data_Generation.Add_Tracking_Numbers_To_User"/>
  <testcase name="Add_Tracking_Number" time="0.095" classname="Test_Data_Generation.Add_Tracking_Numbers_To_User"/>
  <testcase name="Add_Tracking_Number" time="0.582" classname="Test_Data_Generation.Add_Tracking_Numbers_To_User"/>
  <testcase name="Add_Tracking_Number" time="0.561" classname="Test_Data_Generation.Add_Tracking_Numbers_To_User"/>
  <testcase name="Add_Tracking_Number" time="0.597" classname="Test_Data_Generation.Add_Tracking_Numbers_To_User">
    <failure type="java.lang.AssertionError" message="
Expected: a string containing &quot;{\&quot;successful\&quot;:true&quot;
     but: was &quot;{&quot;ShipmentOptionResponse&quot;:{&quot;successful&quot;:false,&quot;errorList&quot;:[{&quot;code&quot;:&quot;2997&quot;,&quot;message&quot;:&quot;TRAQS connection/request problem&quot;,&quot;source&quot;:null,&quot;rootCause&quot;:null}],&quot;alerts&quot;:null,&quot;cxsalerts&quot;:null}}&quot;">
      <![CDATA[java.lang.AssertionError: 
Expected: a string containing "{\"successful\":true"
     but: was "{"ShipmentOptionResponse":{"successful":false,"errorList":[{"code":"2997","message":"TRAQS connection/request problem","source":null,"rootCause":null}],"alerts":null,"cxsalerts":null}}"
at org.hamcrest.MatcherAssert.assertThat(MatcherAssert.java:20)
at org.junit.Assert.assertThat(Assert.java:956)
at org.junit.Assert.assertThat(Assert.java:923)
at Test_Data_Generation.Add_Tracking_Numbers_To_User.Add_Tracking_Number(Add_Tracking_Numbers_To_User.java:69)
at sun.reflect.GeneratedMethodAccessor2.invoke(Unknown Source)
at sun.reflect.DelegatingMethodAccessorImpl.invoke(Unknown Source)
at java.lang.reflect.Method.invoke(Unknown Source)
at org.testng.internal.MethodInvocationHelper.invokeMethod(MethodInvocationHelper.java:124)
at org.testng.internal.Invoker.invokeMethod(Invoker.java:580)
at org.testng.internal.Invoker.invokeTestMethod(Invoker.java:716)
at org.testng.internal.TestMethodWithDataProviderMethodWorker.call(TestMethodWithDataProviderMethodWorker.java:71)
at org.testng.internal.TestMethodWithDataProviderMethodWorker.call(TestMethodWithDataProviderMethodWorker.java:14)
at java.util.concurrent.FutureTask.run(Unknown Source)
at java.util.concurrent.Executors$RunnableAdapter.call(Unknown Source)
at java.util.concurrent.FutureTask.run(Unknown Source)
at java.util.concurrent.ThreadPoolExecutor.runWorker(Unknown Source)
at java.util.concurrent.ThreadPoolExecutor$Worker.run(Unknown Source)
at java.lang.Thread.run(Unknown Source)
]]>
    </failure>
  </testcase> <!-- Add_Tracking_Number -->
  <testcase name="Add_Tracking_Number" time="0.534" classname="Test_Data_Generation.Add_Tracking_Numbers_To_User"/>
  <testcase name="Add_Tracking_Number" time="0.439" classname="Test_Data_Generation.Add_Tracking_Numbers_To_User"/>
  <testcase name="Add_Tracking_Number" time="0.741" classname="Test_Data_Generation.Add_Tracking_Numbers_To_User"/>
  <testcase name="Add_Tracking_Number" time="0.484" classname="Test_Data_Generation.Add_Tracking_Numbers_To_User"/>
  <testcase name="Add_Tracking_Number" time="0.334" classname="Test_Data_Generation.Add_Tracking_Numbers_To_User"/>
  <testcase name="Add_Tracking_Number" time="0.188" classname="Test_Data_Generation.Add_Tracking_Numbers_To_User"/>
  <testcase name="Add_Tracking_Number" time="0.506" classname="Test_Data_Generation.Add_Tracking_Numbers_To_User"/>
  <testcase name="Add_Tracking_Number" time="0.558" classname="Test_Data_Generation.Add_Tracking_Numbers_To_User"/>
  <testcase name="Add_Tracking_Number" time="0.845" classname="Test_Data_Generation.Add_Tracking_Numbers_To_User"/>
  <testcase name="Add_Tracking_Number" time="0.638" classname="Test_Data_Generation.Add_Tracking_Numbers_To_User"/>
  <testcase name="Add_Tracking_Number" time="0.549" classname="Test_Data_Generation.Add_Tracking_Numbers_To_User"/>
  <testcase name="Add_Tracking_Number" time="0.534" classname="Test_Data_Generation.Add_Tracking_Numbers_To_User"/>
  <testcase name="Add_Tracking_Number" time="0.490" classname="Test_Data_Generation.Add_Tracking_Numbers_To_User"/>
  <testcase name="Add_Tracking_Number" time="0.538" classname="Test_Data_Generation.Add_Tracking_Numbers_To_User"/>
  <testcase name="Add_Tracking_Number" time="0.437" classname="Test_Data_Generation.Add_Tracking_Numbers_To_User"/>
  <testcase name="Add_Tracking_Number" time="1.861" classname="Test_Data_Generation.Add_Tracking_Numbers_To_User"/>
  <testcase name="Add_Tracking_Number" time="0.503" classname="Test_Data_Generation.Add_Tracking_Numbers_To_User"/>
  <testcase name="Add_Tracking_Number" time="0.552" classname="Test_Data_Generation.Add_Tracking_Numbers_To_User"/>
  <testcase name="Add_Tracking_Number" time="0.521" classname="Test_Data_Generation.Add_Tracking_Numbers_To_User"/>
  <testcase name="Add_Tracking_Number" time="0.545" classname="Test_Data_Generation.Add_Tracking_Numbers_To_User"/>
  <testcase name="Add_Tracking_Number" time="0.520" classname="Test_Data_Generation.Add_Tracking_Numbers_To_User"/>
  <testcase name="Add_Tracking_Number" time="0.562" classname="Test_Data_Generation.Add_Tracking_Numbers_To_User"/>
  <testcase name="Add_Tracking_Number" time="0.517" classname="Test_Data_Generation.Add_Tracking_Numbers_To_User"/>
  <testcase name="Add_Tracking_Number" time="0.526" classname="Test_Data_Generation.Add_Tracking_Numbers_To_User"/>
  <testcase name="Add_Tracking_Number" time="0.480" classname="Test_Data_Generation.Add_Tracking_Numbers_To_User"/>
  <testcase name="Add_Tracking_Number" time="1.201" classname="Test_Data_Generation.Add_Tracking_Numbers_To_User"/>
  <testcase name="Add_Tracking_Number" time="0.566" classname="Test_Data_Generation.Add_Tracking_Numbers_To_User"/>
  <testcase name="Add_Tracking_Number" time="0.504" classname="Test_Data_Generation.Add_Tracking_Numbers_To_User"/>
  <testcase name="Add_Tracking_Number" time="0.044" classname="Test_Data_Generation.Add_Tracking_Numbers_To_User"/>
  <testcase name="Add_Tracking_Number" time="0.505" classname="Test_Data_Generation.Add_Tracking_Numbers_To_User"/>
  <testcase name="Add_Tracking_Number" time="0.562" classname="Test_Data_Generation.Add_Tracking_Numbers_To_User"/>
  <testcase name="Add_Tracking_Number" time="0.526" classname="Test_Data_Generation.Add_Tracking_Numbers_To_User"/>
  <testcase name="Add_Tracking_Number" time="0.519" classname="Test_Data_Generation.Add_Tracking_Numbers_To_User"/>
  <testcase name="Add_Tracking_Number" time="0.163" classname="Test_Data_Generation.Add_Tracking_Numbers_To_User"/>
  <testcase name="Add_Tracking_Number" time="0.405" classname="Test_Data_Generation.Add_Tracking_Numbers_To_User"/>
  <testcase name="Add_Tracking_Number" time="0.495" classname="Test_Data_Generation.Add_Tracking_Numbers_To_User"/>
  <testcase name="Add_Tracking_Number" time="0.527" classname="Test_Data_Generation.Add_Tracking_Numbers_To_User"/>
  <testcase name="Add_Tracking_Number" time="0.477" classname="Test_Data_Generation.Add_Tracking_Numbers_To_User"/>
  <testcase name="Add_Tracking_Number" time="0.539" classname="Test_Data_Generation.Add_Tracking_Numbers_To_User"/>
  <testcase name="Add_Tracking_Number" time="0.525" classname="Test_Data_Generation.Add_Tracking_Numbers_To_User"/>
  <testcase name="Add_Tracking_Number" time="0.499" classname="Test_Data_Generation.Add_Tracking_Numbers_To_User"/>
  <testcase name="Add_Tracking_Number" time="0.642" classname="Test_Data_Generation.Add_Tracking_Numbers_To_User"/>
  <testcase name="Add_Tracking_Number" time="0.471" classname="Test_Data_Generation.Add_Tracking_Numbers_To_User"/>
  <testcase name="Add_Tracking_Number" time="0.499" classname="Test_Data_Generation.Add_Tracking_Numbers_To_User"/>
  <testcase name="Add_Tracking_Number" time="0.554" classname="Test_Data_Generation.Add_Tracking_Numbers_To_User"/>
  <testcase name="Add_Tracking_Number" time="0.662" classname="Test_Data_Generation.Add_Tracking_Numbers_To_User"/>
  <testcase name="Add_Tracking_Number" time="0.605" classname="Test_Data_Generation.Add_Tracking_Numbers_To_User"/>
  <testcase name="Add_Tracking_Number" time="0.681" classname="Test_Data_Generation.Add_Tracking_Numbers_To_User"/>
  <testcase name="Add_Tracking_Number" time="0.930" classname="Test_Data_Generation.Add_Tracking_Numbers_To_User"/>
  <testcase name="Add_Tracking_Number" time="0.486" classname="Test_Data_Generation.Add_Tracking_Numbers_To_User"/>
  <testcase name="Add_Tracking_Number" time="0.634" classname="Test_Data_Generation.Add_Tracking_Numbers_To_User"/>
  <testcase name="Add_Tracking_Number" time="0.574" classname="Test_Data_Generation.Add_Tracking_Numbers_To_User"/>
  <testcase name="Add_Tracking_Number" time="0.493" classname="Test_Data_Generation.Add_Tracking_Numbers_To_User"/>
  <testcase name="Add_Tracking_Number" time="0.541" classname="Test_Data_Generation.Add_Tracking_Numbers_To_User"/>
  <testcase name="Add_Tracking_Number" time="0.654" classname="Test_Data_Generation.Add_Tracking_Numbers_To_User"/>
  <testcase name="Add_Tracking_Number" time="0.489" classname="Test_Data_Generation.Add_Tracking_Numbers_To_User"/>
  <testcase name="Add_Tracking_Number" time="0.527" classname="Test_Data_Generation.Add_Tracking_Numbers_To_User"/>
  <testcase name="Add_Tracking_Number" time="0.497" classname="Test_Data_Generation.Add_Tracking_Numbers_To_User"/>
  <testcase name="Add_Tracking_Number" time="0.534" classname="Test_Data_Generation.Add_Tracking_Numbers_To_User"/>
  <testcase name="Add_Tracking_Number" time="0.577" classname="Test_Data_Generation.Add_Tracking_Numbers_To_User"/>
  <testcase name="Add_Tracking_Number" time="0.531" classname="Test_Data_Generation.Add_Tracking_Numbers_To_User"/>
  <testcase name="Add_Tracking_Number" time="0.445" classname="Test_Data_Generation.Add_Tracking_Numbers_To_User"/>
  <testcase name="Add_Tracking_Number" time="0.516" classname="Test_Data_Generation.Add_Tracking_Numbers_To_User"/>
  <testcase name="Add_Tracking_Number" time="0.505" classname="Test_Data_Generation.Add_Tracking_Numbers_To_User"/>
  <testcase name="Add_Tracking_Number" time="0.572" classname="Test_Data_Generation.Add_Tracking_Numbers_To_User"/>
  <testcase name="Add_Tracking_Number" time="0.481" classname="Test_Data_Generation.Add_Tracking_Numbers_To_User"/>
  <testcase name="Add_Tracking_Number" time="0.588" classname="Test_Data_Generation.Add_Tracking_Numbers_To_User"/>
  <testcase name="Add_Tracking_Number" time="0.492" classname="Test_Data_Generation.Add_Tracking_Numbers_To_User"/>
  <testcase name="Add_Tracking_Number" time="0.451" classname="Test_Data_Generation.Add_Tracking_Numbers_To_User"/>
  <testcase name="Add_Tracking_Number" time="0.570" classname="Test_Data_Generation.Add_Tracking_Numbers_To_User"/>
  <testcase name="Add_Tracking_Number" time="0.601" classname="Test_Data_Generation.Add_Tracking_Numbers_To_User"/>
  <testcase name="Add_Tracking_Number" time="0.513" classname="Test_Data_Generation.Add_Tracking_Numbers_To_User"/>
  <testcase name="Add_Tracking_Number" time="0.190" classname="Test_Data_Generation.Add_Tracking_Numbers_To_User"/>
  <testcase name="Add_Tracking_Number" time="0.520" classname="Test_Data_Generation.Add_Tracking_Numbers_To_User"/>
  <testcase name="Add_Tracking_Number" time="0.552" classname="Test_Data_Generation.Add_Tracking_Numbers_To_User"/>
  <testcase name="Add_Tracking_Number" time="0.450" classname="Test_Data_Generation.Add_Tracking_Numbers_To_User"/>
  <testcase name="Add_Tracking_Number" time="0.607" classname="Test_Data_Generation.Add_Tracking_Numbers_To_User"/>
  <testcase name="Add_Tracking_Number" time="0.495" classname="Test_Data_Generation.Add_Tracking_Numbers_To_User"/>
  <testcase name="Add_Tracking_Number" time="0.568" classname="Test_Data_Generation.Add_Tracking_Numbers_To_User"/>
  <testcase name="Add_Tracking_Number" time="0.520" classname="Test_Data_Generation.Add_Tracking_Numbers_To_User"/>
  <testcase name="Add_Tracking_Number" time="0.662" classname="Test_Data_Generation.Add_Tracking_Numbers_To_User"/>
  <testcase name="Add_Tracking_Number" time="0.550" classname="Test_Data_Generation.Add_Tracking_Numbers_To_User"/>
  <testcase name="Add_Tracking_Number" time="0.561" classname="Test_Data_Generation.Add_Tracking_Numbers_To_User"/>
  <testcase name="Add_Tracking_Number" time="0.278" classname="Test_Data_Generation.Add_Tracking_Numbers_To_User"/>
  <testcase name="Add_Tracking_Number" time="0.542" classname="Test_Data_Generation.Add_Tracking_Numbers_To_User"/>
  <testcase name="Add_Tracking_Number" time="0.060" classname="Test_Data_Generation.Add_Tracking_Numbers_To_User"/>
  <testcase name="Add_Tracking_Number" time="0.896" classname="Test_Data_Generation.Add_Tracking_Numbers_To_User"/>
  <testcase name="Add_Tracking_Number" time="0.183" classname="Test_Data_Generation.Add_Tracking_Numbers_To_User"/>
  <testcase name="Add_Tracking_Number" time="0.526" classname="Test_Data_Generation.Add_Tracking_Numbers_To_User"/>
  <testcase name="Add_Tracking_Number" time="0.489" classname="Test_Data_Generation.Add_Tracking_Numbers_To_User"/>
  <testcase name="Add_Tracking_Number" time="0.495" classname="Test_Data_Generation.Add_Tracking_Numbers_To_User"/>
  <testcase name="Add_Tracking_Number" time="0.574" classname="Test_Data_Generation.Add_Tracking_Numbers_To_User"/>
  <testcase name="Add_Tracking_Number" time="0.583" classname="Test_Data_Generation.Add_Tracking_Numbers_To_User"/>
  <testcase name="Add_Tracking_Number" time="0.725" classname="Test_Data_Generation.Add_Tracking_Numbers_To_User"/>
  <testcase name="Add_Tracking_Number" time="0.559" classname="Test_Data_Generation.Add_Tracking_Numbers_To_User"/>
  <testcase name="Add_Tracking_Number" time="0.514" classname="Test_Data_Generation.Add_Tracking_Numbers_To_User"/>
  <testcase name="Add_Tracking_Number" time="0.575" classname="Test_Data_Generation.Add_Tracking_Numbers_To_User"/>
  <testcase name="Add_Tracking_Number" time="0.530" classname="Test_Data_Generation.Add_Tracking_Numbers_To_User"/>
  <testcase name="Add_Tracking_Number" time="0.487" classname="Test_Data_Generation.Add_Tracking_Numbers_To_User"/>
  <testcase name="Add_Tracking_Number" time="0.645" classname="Test_Data_Generation.Add_Tracking_Numbers_To_User"/>
  <testcase name="Add_Tracking_Number" time="0.157" classname="Test_Data_Generation.Add_Tracking_Numbers_To_User"/>
  <testcase name="Add_Tracking_Number" time="0.484" classname="Test_Data_Generation.Add_Tracking_Numbers_To_User"/>
  <testcase name="Add_Tracking_Number" time="0.618" classname="Test_Data_Generation.Add_Tracking_Numbers_To_User"/>
  <testcase name="Add_Tracking_Number" time="0.159" classname="Test_Data_Generation.Add_Tracking_Numbers_To_User"/>
  <testcase name="Add_Tracking_Number" time="0.496" classname="Test_Data_Generation.Add_Tracking_Numbers_To_User"/>
  <testcase name="Add_Tracking_Number" time="0.581" classname="Test_Data_Generation.Add_Tracking_Numbers_To_User"/>
  <testcase name="Add_Tracking_Number" time="0.699" classname="Test_Data_Generation.Add_Tracking_Numbers_To_User"/>
  <testcase name="Add_Tracking_Number" time="0.501" classname="Test_Data_Generation.Add_Tracking_Numbers_To_User"/>
  <testcase name="Add_Tracking_Number" time="0.507" classname="Test_Data_Generation.Add_Tracking_Numbers_To_User"/>
  <testcase name="Add_Tracking_Number" time="0.502" classname="Test_Data_Generation.Add_Tracking_Numbers_To_User"/>
  <testcase name="Add_Tracking_Number" time="0.549" classname="Test_Data_Generation.Add_Tracking_Numbers_To_User"/>
  <testcase name="Add_Tracking_Number" time="0.594" classname="Test_Data_Generation.Add_Tracking_Numbers_To_User"/>
  <testcase name="Add_Tracking_Number" time="0.721" classname="Test_Data_Generation.Add_Tracking_Numbers_To_User"/>
  <testcase name="Add_Tracking_Number" time="0.583" classname="Test_Data_Generation.Add_Tracking_Numbers_To_User"/>
  <testcase name="Add_Tracking_Number" time="0.562" classname="Test_Data_Generation.Add_Tracking_Numbers_To_User"/>
  <testcase name="Add_Tracking_Number" time="0.514" classname="Test_Data_Generation.Add_Tracking_Numbers_To_User"/>
  <testcase name="Add_Tracking_Number" time="0.567" classname="Test_Data_Generation.Add_Tracking_Numbers_To_User"/>
  <testcase name="Add_Tracking_Number" time="0.459" classname="Test_Data_Generation.Add_Tracking_Numbers_To_User"/>
  <testcase name="Add_Tracking_Number" time="0.330" classname="Test_Data_Generation.Add_Tracking_Numbers_To_User"/>
  <testcase name="Add_Tracking_Number" time="0.748" classname="Test_Data_Generation.Add_Tracking_Numbers_To_User"/>
  <testcase name="Add_Tracking_Number" time="0.525" classname="Test_Data_Generation.Add_Tracking_Numbers_To_User"/>
  <testcase name="Add_Tracking_Number" time="0.466" classname="Test_Data_Generation.Add_Tracking_Numbers_To_User"/>
  <testcase name="Add_Tracking_Number" time="0.519" classname="Test_Data_Generation.Add_Tracking_Numbers_To_User"/>
  <testcase name="Add_Tracking_Number" time="0.533" classname="Test_Data_Generation.Add_Tracking_Numbers_To_User"/>
  <testcase name="Add_Tracking_Number" time="0.530" classname="Test_Data_Generation.Add_Tracking_Numbers_To_User"/>
  <testcase name="Add_Tracking_Number" time="0.527" classname="Test_Data_Generation.Add_Tracking_Numbers_To_User"/>
  <testcase name="Add_Tracking_Number" time="0.535" classname="Test_Data_Generation.Add_Tracking_Numbers_To_User"/>
  <testcase name="Add_Tracking_Number" time="0.583" classname="Test_Data_Generation.Add_Tracking_Numbers_To_User"/>
  <testcase name="Add_Tracking_Number" time="0.553" classname="Test_Data_Generation.Add_Tracking_Numbers_To_User"/>
  <testcase name="Add_Tracking_Number" time="0.818" classname="Test_Data_Generation.Add_Tracking_Numbers_To_User"/>
  <testcase name="Add_Tracking_Number" time="0.451" classname="Test_Data_Generation.Add_Tracking_Numbers_To_User"/>
  <testcase name="Add_Tracking_Number" time="0.500" classname="Test_Data_Generation.Add_Tracking_Numbers_To_User"/>
  <testcase name="Add_Tracking_Number" time="0.535" classname="Test_Data_Generation.Add_Tracking_Numbers_To_User"/>
  <testcase name="Add_Tracking_Number" time="0.511" classname="Test_Data_Generation.Add_Tracking_Numbers_To_User"/>
  <testcase name="Add_Tracking_Number" time="0.491" classname="Test_Data_Generation.Add_Tracking_Numbers_To_User"/>
  <testcase name="Add_Tracking_Number" time="0.503" classname="Test_Data_Generation.Add_Tracking_Numbers_To_User"/>
  <testcase name="Add_Tracking_Number" time="0.527" classname="Test_Data_Generation.Add_Tracking_Numbers_To_User"/>
  <testcase name="Add_Tracking_Number" time="0.577" classname="Test_Data_Generation.Add_Tracking_Numbers_To_User"/>
  <testcase name="Add_Tracking_Number" time="0.114" classname="Test_Data_Generation.Add_Tracking_Numbers_To_User"/>
  <testcase name="Add_Tracking_Number" time="0.461" classname="Test_Data_Generation.Add_Tracking_Numbers_To_User"/>
  <testcase name="Add_Tracking_Number" time="0.637" classname="Test_Data_Generation.Add_Tracking_Numbers_To_User"/>
  <testcase name="Add_Tracking_Number" time="0.535" classname="Test_Data_Generation.Add_Tracking_Numbers_To_User"/>
  <testcase name="Add_Tracking_Number" time="0.589" classname="Test_Data_Generation.Add_Tracking_Numbers_To_User"/>
  <testcase name="Add_Tracking_Number" time="0.752" classname="Test_Data_Generation.Add_Tracking_Numbers_To_User"/>
  <testcase name="Add_Tracking_Number" time="0.477" classname="Test_Data_Generation.Add_Tracking_Numbers_To_User"/>
  <testcase name="Add_Tracking_Number" time="0.832" classname="Test_Data_Generation.Add_Tracking_Numbers_To_User"/>
  <testcase name="Add_Tracking_Number" time="0.529" classname="Test_Data_Generation.Add_Tracking_Numbers_To_User"/>
  <testcase name="Add_Tracking_Number" time="0.561" classname="Test_Data_Generation.Add_Tracking_Numbers_To_User"/>
  <testcase name="Add_Tracking_Number" time="0.532" classname="Test_Data_Generation.Add_Tracking_Numbers_To_User"/>
  <testcase name="Add_Tracking_Number" time="0.544" classname="Test_Data_Generation.Add_Tracking_Numbers_To_User"/>
  <testcase name="Add_Tracking_Number" time="0.516" classname="Test_Data_Generation.Add_Tracking_Numbers_To_User"/>
  <testcase name="Add_Tracking_Number" time="0.657" classname="Test_Data_Generation.Add_Tracking_Numbers_To_User"/>
  <testcase name="Add_Tracking_Number" time="0.589" classname="Test_Data_Generation.Add_Tracking_Numbers_To_User"/>
  <testcase name="Add_Tracking_Number" time="0.538" classname="Test_Data_Generation.Add_Tracking_Numbers_To_User"/>
  <testcase name="Add_Tracking_Number" time="0.693" classname="Test_Data_Generation.Add_Tracking_Numbers_To_User"/>
  <testcase name="Add_Tracking_Number" time="0.518" classname="Test_Data_Generation.Add_Tracking_Numbers_To_User"/>
  <testcase name="Add_Tracking_Number" time="0.542" classname="Test_Data_Generation.Add_Tracking_Numbers_To_User"/>
  <testcase name="Add_Tracking_Number" time="0.520" classname="Test_Data_Generation.Add_Tracking_Numbers_To_User"/>
  <testcase name="Add_Tracking_Number" time="0.428" classname="Test_Data_Generation.Add_Tracking_Numbers_To_User"/>
  <testcase name="Add_Tracking_Number" time="0.538" classname="Test_Data_Generation.Add_Tracking_Numbers_To_User"/>
  <testcase name="Add_Tracking_Number" time="0.507" classname="Test_Data_Generation.Add_Tracking_Numbers_To_User"/>
  <testcase name="Add_Tracking_Number" time="0.553" classname="Test_Data_Generation.Add_Tracking_Numbers_To_User"/>
  <testcase name="Add_Tracking_Number" time="0.693" classname="Test_Data_Generation.Add_Tracking_Numbers_To_User"/>
  <testcase name="Add_Tracking_Number" time="0.539" classname="Test_Data_Generation.Add_Tracking_Numbers_To_User"/>
  <testcase name="Add_Tracking_Number" time="0.521" classname="Test_Data_Generation.Add_Tracking_Numbers_To_User"/>
  <testcase name="Add_Tracking_Number" time="0.553" classname="Test_Data_Generation.Add_Tracking_Numbers_To_User"/>
  <testcase name="Add_Tracking_Number" time="0.520" classname="Test_Data_Generation.Add_Tracking_Numbers_To_User"/>
  <testcase name="Add_Tracking_Number" time="0.570" classname="Test_Data_Generation.Add_Tracking_Numbers_To_User"/>
  <testcase name="Add_Tracking_Number" time="0.603" classname="Test_Data_Generation.Add_Tracking_Numbers_To_User"/>
  <testcase name="Add_Tracking_Number" time="0.632" classname="Test_Data_Generation.Add_Tracking_Numbers_To_User"/>
  <testcase name="Add_Tracking_Number" time="0.491" classname="Test_Data_Generation.Add_Tracking_Numbers_To_User"/>
  <testcase name="Add_Tracking_Number" time="0.543" classname="Test_Data_Generation.Add_Tracking_Numbers_To_User"/>
  <testcase name="Add_Tracking_Number" time="0.654" classname="Test_Data_Generation.Add_Tracking_Numbers_To_User"/>
  <testcase name="Add_Tracking_Number" time="0.551" classname="Test_Data_Generation.Add_Tracking_Numbers_To_User"/>
  <testcase name="Add_Tracking_Number" time="0.652" classname="Test_Data_Generation.Add_Tracking_Numbers_To_User"/>
  <testcase name="Add_Tracking_Number" time="0.464" classname="Test_Data_Generation.Add_Tracking_Numbers_To_User"/>
  <testcase name="Add_Tracking_Number" time="0.471" classname="Test_Data_Generation.Add_Tracking_Numbers_To_User"/>
  <testcase name="Add_Tracking_Number" time="0.760" classname="Test_Data_Generation.Add_Tracking_Numbers_To_User"/>
  <testcase name="Add_Tracking_Number" time="0.572" classname="Test_Data_Generation.Add_Tracking_Numbers_To_User"/>
  <testcase name="Add_Tracking_Number" time="0.529" classname="Test_Data_Generation.Add_Tracking_Numbers_To_User"/>
  <testcase name="Add_Tracking_Number" time="0.054" classname="Test_Data_Generation.Add_Tracking_Numbers_To_User"/>
  <testcase name="Add_Tracking_Number" time="0.432" classname="Test_Data_Generation.Add_Tracking_Numbers_To_User"/>
  <testcase name="Add_Tracking_Number" time="0.559" classname="Test_Data_Generation.Add_Tracking_Numbers_To_User"/>
  <testcase name="Add_Tracking_Number" time="0.608" classname="Test_Data_Generation.Add_Tracking_Numbers_To_User"/>
  <testcase name="Add_Tracking_Number" time="0.495" classname="Test_Data_Generation.Add_Tracking_Numbers_To_User"/>
  <testcase name="Add_Tracking_Number" time="0.677" classname="Test_Data_Generation.Add_Tracking_Numbers_To_User"/>
  <testcase name="Add_Tracking_Number" time="0.451" classname="Test_Data_Generation.Add_Tracking_Numbers_To_User"/>
  <testcase name="Add_Tracking_Number" time="0.574" classname="Test_Data_Generation.Add_Tracking_Numbers_To_User"/>
  <testcase name="Add_Tracking_Number" time="0.709" classname="Test_Data_Generation.Add_Tracking_Numbers_To_User"/>
  <testcase name="Add_Tracking_Number" time="0.587" classname="Test_Data_Generation.Add_Tracking_Numbers_To_User"/>
  <testcase name="Add_Tracking_Number" time="0.615" classname="Test_Data_Generation.Add_Tracking_Numbers_To_User"/>
  <testcase name="Add_Tracking_Number" time="0.590" classname="Test_Data_Generation.Add_Tracking_Numbers_To_User"/>
  <testcase name="Add_Tracking_Number" time="1.824" classname="Test_Data_Generation.Add_Tracking_Numbers_To_User"/>
  <testcase name="Add_Tracking_Number" time="0.582" classname="Test_Data_Generation.Add_Tracking_Numbers_To_User"/>
  <testcase name="Add_Tracking_Number" time="0.629" classname="Test_Data_Generation.Add_Tracking_Numbers_To_User"/>
  <testcase name="Add_Tracking_Number" time="0.542" classname="Test_Data_Generation.Add_Tracking_Numbers_To_User"/>
  <testcase name="Add_Tracking_Number" time="0.466" classname="Test_Data_Generation.Add_Tracking_Numbers_To_User"/>
  <testcase name="Add_Tracking_Number" time="0.450" classname="Test_Data_Generation.Add_Tracking_Numbers_To_User">
    <failure type="java.lang.AssertionError" message="
Expected: a string containing &quot;{\&quot;successful\&quot;:true&quot;
     but: was &quot;{&quot;ShipmentOptionResponse&quot;:{&quot;successful&quot;:false,&quot;errorList&quot;:[{&quot;code&quot;:&quot;2997&quot;,&quot;message&quot;:&quot;TRAQS connection/request problem&quot;,&quot;source&quot;:null,&quot;rootCause&quot;:null}],&quot;alerts&quot;:null,&quot;cxsalerts&quot;:null}}&quot;">
      <![CDATA[java.lang.AssertionError: 
Expected: a string containing "{\"successful\":true"
     but: was "{"ShipmentOptionResponse":{"successful":false,"errorList":[{"code":"2997","message":"TRAQS connection/request problem","source":null,"rootCause":null}],"alerts":null,"cxsalerts":null}}"
at org.hamcrest.MatcherAssert.assertThat(MatcherAssert.java:20)
at org.junit.Assert.assertThat(Assert.java:956)
at org.junit.Assert.assertThat(Assert.java:923)
at Test_Data_Generation.Add_Tracking_Numbers_To_User.Add_Tracking_Number(Add_Tracking_Numbers_To_User.java:69)
at sun.reflect.GeneratedMethodAccessor2.invoke(Unknown Source)
at sun.reflect.DelegatingMethodAccessorImpl.invoke(Unknown Source)
at java.lang.reflect.Method.invoke(Unknown Source)
at org.testng.internal.MethodInvocationHelper.invokeMethod(MethodInvocationHelper.java:124)
at org.testng.internal.Invoker.invokeMethod(Invoker.java:580)
at org.testng.internal.Invoker.invokeTestMethod(Invoker.java:716)
at org.testng.internal.TestMethodWithDataProviderMethodWorker.call(TestMethodWithDataProviderMethodWorker.java:71)
at org.testng.internal.TestMethodWithDataProviderMethodWorker.call(TestMethodWithDataProviderMethodWorker.java:14)
at java.util.concurrent.FutureTask.run(Unknown Source)
at java.util.concurrent.Executors$RunnableAdapter.call(Unknown Source)
at java.util.concurrent.FutureTask.run(Unknown Source)
at java.util.concurrent.ThreadPoolExecutor.runWorker(Unknown Source)
at java.util.concurrent.ThreadPoolExecutor$Worker.run(Unknown Source)
at java.lang.Thread.run(Unknown Source)
]]>
    </failure>
  </testcase> <!-- Add_Tracking_Number -->
  <testcase name="Add_Tracking_Number" time="0.613" classname="Test_Data_Generation.Add_Tracking_Numbers_To_User"/>
  <testcase name="Add_Tracking_Number" time="0.538" classname="Test_Data_Generation.Add_Tracking_Numbers_To_User"/>
  <testcase name="Add_Tracking_Number" time="0.458" classname="Test_Data_Generation.Add_Tracking_Numbers_To_User"/>
  <testcase name="Add_Tracking_Number" time="0.488" classname="Test_Data_Generation.Add_Tracking_Numbers_To_User"/>
  <testcase name="Add_Tracking_Number" time="0.482" classname="Test_Data_Generation.Add_Tracking_Numbers_To_User"/>
  <testcase name="Add_Tracking_Number" time="0.584" classname="Test_Data_Generation.Add_Tracking_Numbers_To_User"/>
  <testcase name="Add_Tracking_Number" time="0.575" classname="Test_Data_Generation.Add_Tracking_Numbers_To_User"/>
  <testcase name="Add_Tracking_Number" time="0.573" classname="Test_Data_Generation.Add_Tracking_Numbers_To_User"/>
  <testcase name="Add_Tracking_Number" time="0.592" classname="Test_Data_Generation.Add_Tracking_Numbers_To_User"/>
  <testcase name="Add_Tracking_Number" time="0.507" classname="Test_Data_Generation.Add_Tracking_Numbers_To_User"/>
  <testcase name="Add_Tracking_Number" time="0.554" classname="Test_Data_Generation.Add_Tracking_Numbers_To_User"/>
  <testcase name="Add_Tracking_Number" time="0.473" classname="Test_Data_Generation.Add_Tracking_Numbers_To_User"/>
  <testcase name="Add_Tracking_Number" time="0.513" classname="Test_Data_Generation.Add_Tracking_Numbers_To_User"/>
  <testcase name="Add_Tracking_Number" time="0.711" classname="Test_Data_Generation.Add_Tracking_Numbers_To_User"/>
  <testcase name="Add_Tracking_Number" time="1.093" classname="Test_Data_Generation.Add_Tracking_Numbers_To_User"/>
  <testcase name="Add_Tracking_Number" time="0.518" classname="Test_Data_Generation.Add_Tracking_Numbers_To_User"/>
  <testcase name="Add_Tracking_Number" time="0.511" classname="Test_Data_Generation.Add_Tracking_Numbers_To_User"/>
  <testcase name="Add_Tracking_Number" time="0.548" classname="Test_Data_Generation.Add_Tracking_Numbers_To_User"/>
  <testcase name="Add_Tracking_Number" time="0.622" classname="Test_Data_Generation.Add_Tracking_Numbers_To_User"/>
  <testcase name="Add_Tracking_Number" time="0.597" classname="Test_Data_Generation.Add_Tracking_Numbers_To_User"/>
  <testcase name="Add_Tracking_Number" time="0.489" classname="Test_Data_Generation.Add_Tracking_Numbers_To_User"/>
  <testcase name="Add_Tracking_Number" time="0.517" classname="Test_Data_Generation.Add_Tracking_Numbers_To_User"/>
  <testcase name="Add_Tracking_Number" time="0.141" classname="Test_Data_Generation.Add_Tracking_Numbers_To_User"/>
  <testcase name="Add_Tracking_Number" time="0.419" classname="Test_Data_Generation.Add_Tracking_Numbers_To_User"/>
  <testcase name="Add_Tracking_Number" time="0.508" classname="Test_Data_Generation.Add_Tracking_Numbers_To_User"/>
  <testcase name="Add_Tracking_Number" time="0.607" classname="Test_Data_Generation.Add_Tracking_Numbers_To_User"/>
  <testcase name="Add_Tracking_Number" time="0.517" classname="Test_Data_Generation.Add_Tracking_Numbers_To_User"/>
  <testcase name="Add_Tracking_Number" time="0.593" classname="Test_Data_Generation.Add_Tracking_Numbers_To_User"/>
  <testcase name="Add_Tracking_Number" time="0.552" classname="Test_Data_Generation.Add_Tracking_Numbers_To_User"/>
  <testcase name="Add_Tracking_Number" time="0.616" classname="Test_Data_Generation.Add_Tracking_Numbers_To_User"/>
  <testcase name="Add_Tracking_Number" time="1.088" classname="Test_Data_Generation.Add_Tracking_Numbers_To_User"/>
  <testcase name="Add_Tracking_Number" time="0.520" classname="Test_Data_Generation.Add_Tracking_Numbers_To_User"/>
  <testcase name="Add_Tracking_Number" time="0.525" classname="Test_Data_Generation.Add_Tracking_Numbers_To_User"/>
  <testcase name="Add_Tracking_Number" time="0.532" classname="Test_Data_Generation.Add_Tracking_Numbers_To_User"/>
  <testcase name="Add_Tracking_Number" time="0.495" classname="Test_Data_Generation.Add_Tracking_Numbers_To_User"/>
  <testcase name="Add_Tracking_Number" time="0.541" classname="Test_Data_Generation.Add_Tracking_Numbers_To_User"/>
  <testcase name="Add_Tracking_Number" time="0.489" classname="Test_Data_Generation.Add_Tracking_Numbers_To_User"/>
  <testcase name="Add_Tracking_Number" time="28.772" classname="Test_Data_Generation.Add_Tracking_Numbers_To_User"/>
  <testcase name="Add_Tracking_Number" time="0.485" classname="Test_Data_Generation.Add_Tracking_Numbers_To_User"/>
  <testcase name="Add_Tracking_Number" time="0.494" classname="Test_Data_Generation.Add_Tracking_Numbers_To_User"/>
  <testcase name="Add_Tracking_Number" time="0.677" classname="Test_Data_Generation.Add_Tracking_Numbers_To_User"/>
  <testcase name="Add_Tracking_Number" time="0.698" classname="Test_Data_Generation.Add_Tracking_Numbers_To_User"/>
  <testcase name="Add_Tracking_Number" time="0.476" classname="Test_Data_Generation.Add_Tracking_Numbers_To_User"/>
  <testcase name="Add_Tracking_Number" time="0.592" classname="Test_Data_Generation.Add_Tracking_Numbers_To_User"/>
  <testcase name="Add_Tracking_Number" time="0.733" classname="Test_Data_Generation.Add_Tracking_Numbers_To_User"/>
  <testcase name="Add_Tracking_Number" time="0.500" classname="Test_Data_Generation.Add_Tracking_Numbers_To_User"/>
  <testcase name="Add_Tracking_Number" time="0.528" classname="Test_Data_Generation.Add_Tracking_Numbers_To_User"/>
  <testcase name="Add_Tracking_Number" time="0.523" classname="Test_Data_Generation.Add_Tracking_Numbers_To_User"/>
  <testcase name="Add_Tracking_Number" time="0.540" classname="Test_Data_Generation.Add_Tracking_Numbers_To_User"/>
  <testcase name="Add_Tracking_Number" time="0.515" classname="Test_Data_Generation.Add_Tracking_Numbers_To_User"/>
  <testcase name="Add_Tracking_Number" time="0.589" classname="Test_Data_Generation.Add_Tracking_Numbers_To_User"/>
  <testcase name="Add_Tracking_Number" time="0.537" classname="Test_Data_Generation.Add_Tracking_Numbers_To_User"/>
  <testcase name="Add_Tracking_Number" time="0.529" classname="Test_Data_Generation.Add_Tracking_Numbers_To_User"/>
  <testcase name="Add_Tracking_Number" time="0.519" classname="Test_Data_Generation.Add_Tracking_Numbers_To_User"/>
  <testcase name="Add_Tracking_Number" time="0.468" classname="Test_Data_Generation.Add_Tracking_Numbers_To_User"/>
  <testcase name="Add_Tracking_Number" time="0.514" classname="Test_Data_Generation.Add_Tracking_Numbers_To_User"/>
  <testcase name="Add_Tracking_Number" time="0.568" classname="Test_Data_Generation.Add_Tracking_Numbers_To_User"/>
  <testcase name="Add_Tracking_Number" time="0.518" classname="Test_Data_Generation.Add_Tracking_Numbers_To_User"/>
  <testcase name="Add_Tracking_Number" time="0.492" classname="Test_Data_Generation.Add_Tracking_Numbers_To_User"/>
  <testcase name="Add_Tracking_Number" time="0.493" classname="Test_Data_Generation.Add_Tracking_Numbers_To_User"/>
  <testcase name="Add_Tracking_Number" time="0.496" classname="Test_Data_Generation.Add_Tracking_Numbers_To_User"/>
  <testcase name="Add_Tracking_Number" time="0.539" classname="Test_Data_Generation.Add_Tracking_Numbers_To_User"/>
  <testcase name="Add_Tracking_Number" time="0.474" classname="Test_Data_Generation.Add_Tracking_Numbers_To_User"/>
  <testcase name="Add_Tracking_Number" time="0.591" classname="Test_Data_Generation.Add_Tracking_Numbers_To_User"/>
  <testcase name="Add_Tracking_Number" time="0.595" classname="Test_Data_Generation.Add_Tracking_Numbers_To_User"/>
  <testcase name="Add_Tracking_Number" time="0.517" classname="Test_Data_Generation.Add_Tracking_Numbers_To_User"/>
  <testcase name="Add_Tracking_Number" time="0.444" classname="Test_Data_Generation.Add_Tracking_Numbers_To_User"/>
  <testcase name="Add_Tracking_Number" time="0.524" classname="Test_Data_Generation.Add_Tracking_Numbers_To_User"/>
  <testcase name="Add_Tracking_Number" time="0.549" classname="Test_Data_Generation.Add_Tracking_Numbers_To_User"/>
  <testcase name="Add_Tracking_Number" time="0.514" classname="Test_Data_Generation.Add_Tracking_Numbers_To_User"/>
  <testcase name="Add_Tracking_Number" time="0.517" classname="Test_Data_Generation.Add_Tracking_Numbers_To_User"/>
  <testcase name="Add_Tracking_Number" time="0.524" classname="Test_Data_Generation.Add_Tracking_Numbers_To_User"/>
  <testcase name="Add_Tracking_Number" time="0.503" classname="Test_Data_Generation.Add_Tracking_Numbers_To_User"/>
  <testcase name="Add_Tracking_Number" time="0.667" classname="Test_Data_Generation.Add_Tracking_Numbers_To_User"/>
  <testcase name="Add_Tracking_Number" time="0.577" classname="Test_Data_Generation.Add_Tracking_Numbers_To_User"/>
  <testcase name="Add_Tracking_Number" time="0.575" classname="Test_Data_Generation.Add_Tracking_Numbers_To_User"/>
  <testcase name="Add_Tracking_Number" time="0.531" classname="Test_Data_Generation.Add_Tracking_Numbers_To_User"/>
  <testcase name="Add_Tracking_Number" time="0.569" classname="Test_Data_Generation.Add_Tracking_Numbers_To_User"/>
  <testcase name="Add_Tracking_Number" time="0.522" classname="Test_Data_Generation.Add_Tracking_Numbers_To_User"/>
  <testcase name="Add_Tracking_Number" time="0.498" classname="Test_Data_Generation.Add_Tracking_Numbers_To_User"/>
  <testcase name="Add_Tracking_Number" time="0.435" classname="Test_Data_Generation.Add_Tracking_Numbers_To_User"/>
  <testcase name="Add_Tracking_Number" time="0.622" classname="Test_Data_Generation.Add_Tracking_Numbers_To_User"/>
  <testcase name="Add_Tracking_Number" time="0.490" classname="Test_Data_Generation.Add_Tracking_Numbers_To_User"/>
  <testcase name="Add_Tracking_Number" time="0.454" classname="Test_Data_Generation.Add_Tracking_Numbers_To_User"/>
  <testcase name="Add_Tracking_Number" time="0.458" classname="Test_Data_Generation.Add_Tracking_Numbers_To_User"/>
  <testcase name="Add_Tracking_Number" time="0.545" classname="Test_Data_Generation.Add_Tracking_Numbers_To_User"/>
  <testcase name="Add_Tracking_Number" time="0.508" classname="Test_Data_Generation.Add_Tracking_Numbers_To_User"/>
  <testcase name="Add_Tracking_Number" time="0.539" classname="Test_Data_Generation.Add_Tracking_Numbers_To_User"/>
  <testcase name="Add_Tracking_Number" time="0.544" classname="Test_Data_Generation.Add_Tracking_Numbers_To_User"/>
  <testcase name="Add_Tracking_Number" time="0.463" classname="Test_Data_Generation.Add_Tracking_Numbers_To_User"/>
  <testcase name="Add_Tracking_Number" time="0.598" classname="Test_Data_Generation.Add_Tracking_Numbers_To_User"/>
  <testcase name="Add_Tracking_Number" time="0.503" classname="Test_Data_Generation.Add_Tracking_Numbers_To_User"/>
  <testcase name="Add_Tracking_Number" time="0.470" classname="Test_Data_Generation.Add_Tracking_Numbers_To_User"/>
  <testcase name="Add_Tracking_Number" time="0.522" classname="Test_Data_Generation.Add_Tracking_Numbers_To_User"/>
  <testcase name="Add_Tracking_Number" time="0.531" classname="Test_Data_Generation.Add_Tracking_Numbers_To_User"/>
  <testcase name="Add_Tracking_Number" time="0.595" classname="Test_Data_Generation.Add_Tracking_Numbers_To_User"/>
  <testcase name="Add_Tracking_Number" time="0.507" classname="Test_Data_Generation.Add_Tracking_Numbers_To_User"/>
  <testcase name="Add_Tracking_Number" time="0.534" classname="Test_Data_Generation.Add_Tracking_Numbers_To_User"/>
  <testcase name="Add_Tracking_Number" time="0.546" classname="Test_Data_Generation.Add_Tracking_Numbers_To_User"/>
  <testcase name="Add_Tracking_Number" time="0.566" classname="Test_Data_Generation.Add_Tracking_Numbers_To_User"/>
  <testcase name="Add_Tracking_Number" time="0.585" classname="Test_Data_Generation.Add_Tracking_Numbers_To_User"/>
  <testcase name="Add_Tracking_Number" time="0.532" classname="Test_Data_Generation.Add_Tracking_Numbers_To_User"/>
  <testcase name="Add_Tracking_Number" time="0.567" classname="Test_Data_Generation.Add_Tracking_Numbers_To_User"/>
  <testcase name="Add_Tracking_Number" time="0.559" classname="Test_Data_Generation.Add_Tracking_Numbers_To_User"/>
  <testcase name="Add_Tracking_Number" time="0.546" classname="Test_Data_Generation.Add_Tracking_Numbers_To_User"/>
  <testcase name="Add_Tracking_Number" time="1.828" classname="Test_Data_Generation.Add_Tracking_Numbers_To_User"/>
  <testcase name="Add_Tracking_Number" time="0.565" classname="Test_Data_Generation.Add_Tracking_Numbers_To_User"/>
  <testcase name="Add_Tracking_Number" time="0.623" classname="Test_Data_Generation.Add_Tracking_Numbers_To_User"/>
  <testcase name="Add_Tracking_Number" time="0.492" classname="Test_Data_Generation.Add_Tracking_Numbers_To_User"/>
  <testcase name="Add_Tracking_Number" time="0.484" classname="Test_Data_Generation.Add_Tracking_Numbers_To_User"/>
  <testcase name="Add_Tracking_Number" time="0.453" classname="Test_Data_Generation.Add_Tracking_Numbers_To_User"/>
  <testcase name="Add_Tracking_Number" time="0.542" classname="Test_Data_Generation.Add_Tracking_Numbers_To_User"/>
  <testcase name="Add_Tracking_Number" time="0.508" classname="Test_Data_Generation.Add_Tracking_Numbers_To_User"/>
  <testcase name="Add_Tracking_Number" time="0.518" classname="Test_Data_Generation.Add_Tracking_Numbers_To_User"/>
  <testcase name="Add_Tracking_Number" time="0.552" classname="Test_Data_Generation.Add_Tracking_Numbers_To_User"/>
  <testcase name="Add_Tracking_Number" time="0.560" classname="Test_Data_Generation.Add_Tracking_Numbers_To_User"/>
  <testcase name="Add_Tracking_Number" time="0.576" classname="Test_Data_Generation.Add_Tracking_Numbers_To_User"/>
  <testcase name="Add_Tracking_Number" time="0.860" classname="Test_Data_Generation.Add_Tracking_Numbers_To_User"/>
  <testcase name="Add_Tracking_Number" time="0.498" classname="Test_Data_Generation.Add_Tracking_Numbers_To_User"/>
  <testcase name="Add_Tracking_Number" time="0.648" classname="Test_Data_Generation.Add_Tracking_Numbers_To_User"/>
  <testcase name="Add_Tracking_Number" time="0.599" classname="Test_Data_Generation.Add_Tracking_Numbers_To_User"/>
  <testcase name="Add_Tracking_Number" time="0.628" classname="Test_Data_Generation.Add_Tracking_Numbers_To_User"/>
  <testcase name="Add_Tracking_Number" time="0.489" classname="Test_Data_Generation.Add_Tracking_Numbers_To_User"/>
  <testcase name="Add_Tracking_Number" time="0.734" classname="Test_Data_Generation.Add_Tracking_Numbers_To_User"/>
  <testcase name="Add_Tracking_Number" time="0.477" classname="Test_Data_Generation.Add_Tracking_Numbers_To_User"/>
  <testcase name="Add_Tracking_Number" time="0.603" classname="Test_Data_Generation.Add_Tracking_Numbers_To_User"/>
  <testcase name="Add_Tracking_Number" time="0.540" classname="Test_Data_Generation.Add_Tracking_Numbers_To_User"/>
  <testcase name="Add_Tracking_Number" time="0.603" classname="Test_Data_Generation.Add_Tracking_Numbers_To_User"/>
  <testcase name="Add_Tracking_Number" time="0.470" classname="Test_Data_Generation.Add_Tracking_Numbers_To_User"/>
  <testcase name="Add_Tracking_Number" time="0.559" classname="Test_Data_Generation.Add_Tracking_Numbers_To_User"/>
  <testcase name="Add_Tracking_Number" time="0.576" classname="Test_Data_Generation.Add_Tracking_Numbers_To_User"/>
  <testcase name="Add_Tracking_Number" time="0.575" classname="Test_Data_Generation.Add_Tracking_Numbers_To_User"/>
  <testcase name="Add_Tracking_Number" time="0.449" classname="Test_Data_Generation.Add_Tracking_Numbers_To_User"/>
  <testcase name="Add_Tracking_Number" time="0.573" classname="Test_Data_Generation.Add_Tracking_Numbers_To_User"/>
  <testcase name="Add_Tracking_Number" time="0.609" classname="Test_Data_Generation.Add_Tracking_Numbers_To_User"/>
  <testcase name="Add_Tracking_Number" time="0.541" classname="Test_Data_Generation.Add_Tracking_Numbers_To_User"/>
  <testcase name="Add_Tracking_Number" time="0.608" classname="Test_Data_Generation.Add_Tracking_Numbers_To_User"/>
  <testcase name="Add_Tracking_Number" time="0.589" classname="Test_Data_Generation.Add_Tracking_Numbers_To_User"/>
  <testcase name="Add_Tracking_Number" time="0.661" classname="Test_Data_Generation.Add_Tracking_Numbers_To_User"/>
  <testcase name="Add_Tracking_Number" time="0.506" classname="Test_Data_Generation.Add_Tracking_Numbers_To_User"/>
  <testcase name="Add_Tracking_Number" time="1.520" classname="Test_Data_Generation.Add_Tracking_Numbers_To_User"/>
  <testcase name="Add_Tracking_Number" time="0.498" classname="Test_Data_Generation.Add_Tracking_Numbers_To_User"/>
  <testcase name="Add_Tracking_Number" time="0.573" classname="Test_Data_Generation.Add_Tracking_Numbers_To_User"/>
  <testcase name="Add_Tracking_Number" time="0.602" classname="Test_Data_Generation.Add_Tracking_Numbers_To_User"/>
  <testcase name="Add_Tracking_Number" time="0.689" classname="Test_Data_Generation.Add_Tracking_Numbers_To_User"/>
  <testcase name="Add_Tracking_Number" time="0.691" classname="Test_Data_Generation.Add_Tracking_Numbers_To_User"/>
  <testcase name="Add_Tracking_Number" time="0.373" classname="Test_Data_Generation.Add_Tracking_Numbers_To_User"/>
  <testcase name="Add_Tracking_Number" time="0.572" classname="Test_Data_Generation.Add_Tracking_Numbers_To_User"/>
  <testcase name="Add_Tracking_Number" time="0.608" classname="Test_Data_Generation.Add_Tracking_Numbers_To_User"/>
  <testcase name="Add_Tracking_Number" time="0.614" classname="Test_Data_Generation.Add_Tracking_Numbers_To_User"/>
  <testcase name="Add_Tracking_Number" time="0.564" classname="Test_Data_Generation.Add_Tracking_Numbers_To_User"/>
  <testcase name="Add_Tracking_Number" time="0.459" classname="Test_Data_Generation.Add_Tracking_Numbers_To_User"/>
  <testcase name="Add_Tracking_Number" time="0.497" classname="Test_Data_Generation.Add_Tracking_Numbers_To_User"/>
  <testcase name="Add_Tracking_Number" time="0.559" classname="Test_Data_Generation.Add_Tracking_Numbers_To_User"/>
  <testcase name="Add_Tracking_Number" time="0.531" classname="Test_Data_Generation.Add_Tracking_Numbers_To_User"/>
  <testcase name="Add_Tracking_Number" time="0.471" classname="Test_Data_Generation.Add_Tracking_Numbers_To_User"/>
  <testcase name="Add_Tracking_Number" time="0.422" classname="Test_Data_Generation.Add_Tracking_Numbers_To_User"/>
  <testcase name="Add_Tracking_Number" time="0.489" classname="Test_Data_Generation.Add_Tracking_Numbers_To_User"/>
  <testcase name="Add_Tracking_Number" time="0.573" classname="Test_Data_Generation.Add_Tracking_Numbers_To_User"/>
  <testcase name="Add_Tracking_Number" time="0.491" classname="Test_Data_Generation.Add_Tracking_Numbers_To_User"/>
  <testcase name="Add_Tracking_Number" time="0.588" classname="Test_Data_Generation.Add_Tracking_Numbers_To_User"/>
  <testcase name="Add_Tracking_Number" time="0.448" classname="Test_Data_Generation.Add_Tracking_Numbers_To_User"/>
  <testcase name="Add_Tracking_Number" time="0.580" classname="Test_Data_Generation.Add_Tracking_Numbers_To_User"/>
  <testcase name="Add_Tracking_Number" time="0.469" classname="Test_Data_Generation.Add_Tracking_Numbers_To_User"/>
  <testcase name="Add_Tracking_Number" time="0.483" classname="Test_Data_Generation.Add_Tracking_Numbers_To_User"/>
  <testcase name="Add_Tracking_Number" time="0.503" classname="Test_Data_Generation.Add_Tracking_Numbers_To_User"/>
  <testcase name="Add_Tracking_Number" time="0.612" classname="Test_Data_Generation.Add_Tracking_Numbers_To_User"/>
  <testcase name="Add_Tracking_Number" time="0.562" classname="Test_Data_Generation.Add_Tracking_Numbers_To_User"/>
  <testcase name="Add_Tracking_Number" time="0.532" classname="Test_Data_Generation.Add_Tracking_Numbers_To_User"/>
  <testcase name="Add_Tracking_Number" time="0.658" classname="Test_Data_Generation.Add_Tracking_Numbers_To_User"/>
  <testcase name="Add_Tracking_Number" time="0.540" classname="Test_Data_Generation.Add_Tracking_Numbers_To_User"/>
  <testcase name="Add_Tracking_Number" time="0.766" classname="Test_Data_Generation.Add_Tracking_Numbers_To_User"/>
  <testcase name="Add_Tracking_Number" time="0.493" classname="Test_Data_Generation.Add_Tracking_Numbers_To_User"/>
  <testcase name="Add_Tracking_Number" time="0.302" classname="Test_Data_Generation.Add_Tracking_Numbers_To_User"/>
  <testcase name="Add_Tracking_Number" time="0.531" classname="Test_Data_Generation.Add_Tracking_Numbers_To_User"/>
  <testcase name="Add_Tracking_Number" time="0.516" classname="Test_Data_Generation.Add_Tracking_Numbers_To_User"/>
  <testcase name="Add_Tracking_Number" time="0.594" classname="Test_Data_Generation.Add_Tracking_Numbers_To_User"/>
  <testcase name="Add_Tracking_Number" time="0.472" classname="Test_Data_Generation.Add_Tracking_Numbers_To_User"/>
  <testcase name="Add_Tracking_Number" time="0.461" classname="Test_Data_Generation.Add_Tracking_Numbers_To_User"/>
  <testcase name="Add_Tracking_Number" time="0.559" classname="Test_Data_Generation.Add_Tracking_Numbers_To_User"/>
  <testcase name="Add_Tracking_Number" time="0.711" classname="Test_Data_Generation.Add_Tracking_Numbers_To_User"/>
  <testcase name="Add_Tracking_Number" time="0.526" classname="Test_Data_Generation.Add_Tracking_Numbers_To_User"/>
  <testcase name="Add_Tracking_Number" time="0.472" classname="Test_Data_Generation.Add_Tracking_Numbers_To_User"/>
  <testcase name="Add_Tracking_Number" time="0.525" classname="Test_Data_Generation.Add_Tracking_Numbers_To_User"/>
  <testcase name="Add_Tracking_Number" time="0.546" classname="Test_Data_Generation.Add_Tracking_Numbers_To_User"/>
  <testcase name="Add_Tracking_Number" time="0.282" classname="Test_Data_Generation.Add_Tracking_Numbers_To_User"/>
  <testcase name="Add_Tracking_Number" time="0.494" classname="Test_Data_Generation.Add_Tracking_Numbers_To_User"/>
  <testcase name="Add_Tracking_Number" time="0.549" classname="Test_Data_Generation.Add_Tracking_Numbers_To_User"/>
  <testcase name="Add_Tracking_Number" time="0.517" classname="Test_Data_Generation.Add_Tracking_Numbers_To_User"/>
  <testcase name="Add_Tracking_Number" time="0.550" classname="Test_Data_Generation.Add_Tracking_Numbers_To_User"/>
  <testcase name="Add_Tracking_Number" time="0.485" classname="Test_Data_Generation.Add_Tracking_Numbers_To_User"/>
  <testcase name="Add_Tracking_Number" time="0.526" classname="Test_Data_Generation.Add_Tracking_Numbers_To_User"/>
  <testcase name="Add_Tracking_Number" time="0.746" classname="Test_Data_Generation.Add_Tracking_Numbers_To_User"/>
  <testcase name="Add_Tracking_Number" time="0.533" classname="Test_Data_Generation.Add_Tracking_Numbers_To_User"/>
  <testcase name="Add_Tracking_Number" time="0.539" classname="Test_Data_Generation.Add_Tracking_Numbers_To_User"/>
  <testcase name="Add_Tracking_Number" time="0.495" classname="Test_Data_Generation.Add_Tracking_Numbers_To_User"/>
  <testcase name="Add_Tracking_Number" time="0.764" classname="Test_Data_Generation.Add_Tracking_Numbers_To_User"/>
  <testcase name="Add_Tracking_Number" time="0.478" classname="Test_Data_Generation.Add_Tracking_Numbers_To_User"/>
  <testcase name="Add_Tracking_Number" time="0.524" classname="Test_Data_Generation.Add_Tracking_Numbers_To_User"/>
  <testcase name="Add_Tracking_Number" time="0.638" classname="Test_Data_Generation.Add_Tracking_Numbers_To_User"/>
  <testcase name="Add_Tracking_Number" time="0.628" classname="Test_Data_Generation.Add_Tracking_Numbers_To_User"/>
  <testcase name="Add_Tracking_Number" time="0.676" classname="Test_Data_Generation.Add_Tracking_Numbers_To_User"/>
  <testcase name="Add_Tracking_Number" time="0.541" classname="Test_Data_Generation.Add_Tracking_Numbers_To_User"/>
  <testcase name="Add_Tracking_Number" time="0.490" classname="Test_Data_Generation.Add_Tracking_Numbers_To_User"/>
  <testcase name="Add_Tracking_Number" time="0.525" classname="Test_Data_Generation.Add_Tracking_Numbers_To_User"/>
  <testcase name="Add_Tracking_Number" time="0.486" classname="Test_Data_Generation.Add_Tracking_Numbers_To_User"/>
  <testcase name="Add_Tracking_Number" time="0.476" classname="Test_Data_Generation.Add_Tracking_Numbers_To_User"/>
  <testcase name="Add_Tracking_Number" time="0.567" classname="Test_Data_Generation.Add_Tracking_Numbers_To_User"/>
  <testcase name="Add_Tracking_Number" time="0.468" classname="Test_Data_Generation.Add_Tracking_Numbers_To_User"/>
  <testcase name="Add_Tracking_Number" time="0.563" classname="Test_Data_Generation.Add_Tracking_Numbers_To_User"/>
  <testcase name="Add_Tracking_Number" time="0.501" classname="Test_Data_Generation.Add_Tracking_Numbers_To_User"/>
  <testcase name="Add_Tracking_Number" time="0.472" classname="Test_Data_Generation.Add_Tracking_Numbers_To_User"/>
  <testcase name="Add_Tracking_Number" time="0.624" classname="Test_Data_Generation.Add_Tracking_Numbers_To_User"/>
  <testcase name="Add_Tracking_Number" time="0.779" classname="Test_Data_Generation.Add_Tracking_Numbers_To_User"/>
  <testcase name="Add_Tracking_Number" time="0.496" classname="Test_Data_Generation.Add_Tracking_Numbers_To_User"/>
  <testcase name="Add_Tracking_Number" time="0.603" classname="Test_Data_Generation.Add_Tracking_Numbers_To_User"/>
  <testcase name="Add_Tracking_Number" time="0.553" classname="Test_Data_Generation.Add_Tracking_Numbers_To_User"/>
  <testcase name="Add_Tracking_Number" time="0.587" classname="Test_Data_Generation.Add_Tracking_Numbers_To_User"/>
  <testcase name="Add_Tracking_Number" time="0.480" classname="Test_Data_Generation.Add_Tracking_Numbers_To_User"/>
  <testcase name="Add_Tracking_Number" time="0.534" classname="Test_Data_Generation.Add_Tracking_Numbers_To_User"/>
  <testcase name="Add_Tracking_Number" time="0.697" classname="Test_Data_Generation.Add_Tracking_Numbers_To_User"/>
  <testcase name="Add_Tracking_Number" time="0.449" classname="Test_Data_Generation.Add_Tracking_Numbers_To_User"/>
  <testcase name="Add_Tracking_Number" time="0.513" classname="Test_Data_Generation.Add_Tracking_Numbers_To_User"/>
  <testcase name="Add_Tracking_Number" time="0.620" classname="Test_Data_Generation.Add_Tracking_Numbers_To_User"/>
  <testcase name="Add_Tracking_Number" time="0.563" classname="Test_Data_Generation.Add_Tracking_Numbers_To_User"/>
  <testcase name="Add_Tracking_Number" time="0.480" classname="Test_Data_Generation.Add_Tracking_Numbers_To_User"/>
  <testcase name="Add_Tracking_Number" time="0.594" classname="Test_Data_Generation.Add_Tracking_Numbers_To_User"/>
  <testcase name="Add_Tracking_Number" time="0.587" classname="Test_Data_Generation.Add_Tracking_Numbers_To_User"/>
  <testcase name="Add_Tracking_Number" time="0.592" classname="Test_Data_Generation.Add_Tracking_Numbers_To_User"/>
  <testcase name="Add_Tracking_Number" time="0.589" classname="Test_Data_Generation.Add_Tracking_Numbers_To_User"/>
  <testcase name="Add_Tracking_Number" time="0.515" classname="Test_Data_Generation.Add_Tracking_Numbers_To_User"/>
  <testcase name="Add_Tracking_Number" time="0.536" classname="Test_Data_Generation.Add_Tracking_Numbers_To_User"/>
  <testcase name="Add_Tracking_Number" time="0.503" classname="Test_Data_Generation.Add_Tracking_Numbers_To_User"/>
  <testcase name="Add_Tracking_Number" time="0.483" classname="Test_Data_Generation.Add_Tracking_Numbers_To_User"/>
  <testcase name="Add_Tracking_Number" time="0.572" classname="Test_Data_Generation.Add_Tracking_Numbers_To_User"/>
  <testcase name="Add_Tracking_Number" time="0.524" classname="Test_Data_Generation.Add_Tracking_Numbers_To_User"/>
  <testcase name="Add_Tracking_Number" time="0.478" classname="Test_Data_Generation.Add_Tracking_Numbers_To_User"/>
  <testcase name="Add_Tracking_Number" time="0.546" classname="Test_Data_Generation.Add_Tracking_Numbers_To_User"/>
  <testcase name="Add_Tracking_Number" time="0.447" classname="Test_Data_Generation.Add_Tracking_Numbers_To_User"/>
  <testcase name="Add_Tracking_Number" time="0.524" classname="Test_Data_Generation.Add_Tracking_Numbers_To_User"/>
  <testcase name="Add_Tracking_Number" time="0.636" classname="Test_Data_Generation.Add_Tracking_Numbers_To_User"/>
  <testcase name="Add_Tracking_Number" time="0.116" classname="Test_Data_Generation.Add_Tracking_Numbers_To_User"/>
  <testcase name="Add_Tracking_Number" time="0.525" classname="Test_Data_Generation.Add_Tracking_Numbers_To_User"/>
  <testcase name="Add_Tracking_Number" time="0.547" classname="Test_Data_Generation.Add_Tracking_Numbers_To_User"/>
  <testcase name="Add_Tracking_Number" time="0.528" classname="Test_Data_Generation.Add_Tracking_Numbers_To_User"/>
  <testcase name="Add_Tracking_Number" time="0.503" classname="Test_Data_Generation.Add_Tracking_Numbers_To_User"/>
  <testcase name="Add_Tracking_Number" time="0.701" classname="Test_Data_Generation.Add_Tracking_Numbers_To_User"/>
  <testcase name="Add_Tracking_Number" time="0.863" classname="Test_Data_Generation.Add_Tracking_Numbers_To_User"/>
  <testcase name="Add_Tracking_Number" time="0.543" classname="Test_Data_Generation.Add_Tracking_Numbers_To_User"/>
  <testcase name="Add_Tracking_Number" time="0.507" classname="Test_Data_Generation.Add_Tracking_Numbers_To_User"/>
  <testcase name="Add_Tracking_Number" time="0.539" classname="Test_Data_Generation.Add_Tracking_Numbers_To_User"/>
  <testcase name="Add_Tracking_Number" time="0.572" classname="Test_Data_Generation.Add_Tracking_Numbers_To_User"/>
  <testcase name="Add_Tracking_Number" time="0.682" classname="Test_Data_Generation.Add_Tracking_Numbers_To_User"/>
  <testcase name="Add_Tracking_Number" time="0.509" classname="Test_Data_Generation.Add_Tracking_Numbers_To_User"/>
  <testcase name="Add_Tracking_Number" time="0.560" classname="Test_Data_Generation.Add_Tracking_Numbers_To_User"/>
  <testcase name="Add_Tracking_Number" time="0.549" classname="Test_Data_Generation.Add_Tracking_Numbers_To_User"/>
  <testcase name="Add_Tracking_Number" time="0.526" classname="Test_Data_Generation.Add_Tracking_Numbers_To_User"/>
  <testcase name="Add_Tracking_Number" time="0.444" classname="Test_Data_Generation.Add_Tracking_Numbers_To_User"/>
  <testcase name="Add_Tracking_Number" time="0.575" classname="Test_Data_Generation.Add_Tracking_Numbers_To_User"/>
  <testcase name="Add_Tracking_Number" time="0.527" classname="Test_Data_Generation.Add_Tracking_Numbers_To_User"/>
  <testcase name="Add_Tracking_Number" time="0.568" classname="Test_Data_Generation.Add_Tracking_Numbers_To_User"/>
  <testcase name="Add_Tracking_Number" time="0.585" classname="Test_Data_Generation.Add_Tracking_Numbers_To_User"/>
  <testcase name="Add_Tracking_Number" time="0.561" classname="Test_Data_Generation.Add_Tracking_Numbers_To_User"/>
  <testcase name="Add_Tracking_Number" time="0.540" classname="Test_Data_Generation.Add_Tracking_Numbers_To_User"/>
  <testcase name="Add_Tracking_Number" time="0.635" classname="Test_Data_Generation.Add_Tracking_Numbers_To_User"/>
  <testcase name="Add_Tracking_Number" time="0.482" classname="Test_Data_Generation.Add_Tracking_Numbers_To_User"/>
  <testcase name="Add_Tracking_Number" time="0.463" classname="Test_Data_Generation.Add_Tracking_Numbers_To_User"/>
  <testcase name="Add_Tracking_Number" time="0.732" classname="Test_Data_Generation.Add_Tracking_Numbers_To_User"/>
  <testcase name="Add_Tracking_Number" time="0.562" classname="Test_Data_Generation.Add_Tracking_Numbers_To_User"/>
  <testcase name="Add_Tracking_Number" time="0.477" classname="Test_Data_Generation.Add_Tracking_Numbers_To_User"/>
  <testcase name="Add_Tracking_Number" time="0.525" classname="Test_Data_Generation.Add_Tracking_Numbers_To_User"/>
  <testcase name="Add_Tracking_Number" time="0.529" classname="Test_Data_Generation.Add_Tracking_Numbers_To_User"/>
  <testcase name="Add_Tracking_Number" time="0.546" classname="Test_Data_Generation.Add_Tracking_Numbers_To_User"/>
  <testcase name="Add_Tracking_Number" time="0.599" classname="Test_Data_Generation.Add_Tracking_Numbers_To_User"/>
  <testcase name="Add_Tracking_Number" time="0.590" classname="Test_Data_Generation.Add_Tracking_Numbers_To_User"/>
  <testcase name="Add_Tracking_Number" time="0.525" classname="Test_Data_Generation.Add_Tracking_Numbers_To_User"/>
  <testcase name="Add_Tracking_Number" time="0.655" classname="Test_Data_Generation.Add_Tracking_Numbers_To_User"/>
  <testcase name="Add_Tracking_Number" time="0.489" classname="Test_Data_Generation.Add_Tracking_Numbers_To_User"/>
  <testcase name="Add_Tracking_Number" time="0.789" classname="Test_Data_Generation.Add_Tracking_Numbers_To_User"/>
  <testcase name="Add_Tracking_Number" time="0.599" classname="Test_Data_Generation.Add_Tracking_Numbers_To_User"/>
  <testcase name="Add_Tracking_Number" time="0.565" classname="Test_Data_Generation.Add_Tracking_Numbers_To_User"/>
  <testcase name="Add_Tracking_Number" time="0.076" classname="Test_Data_Generation.Add_Tracking_Numbers_To_User"/>
  <testcase name="Add_Tracking_Number" time="0.546" classname="Test_Data_Generation.Add_Tracking_Numbers_To_User"/>
  <testcase name="Add_Tracking_Number" time="0.537" classname="Test_Data_Generation.Add_Tracking_Numbers_To_User"/>
  <testcase name="Add_Tracking_Number" time="0.547" classname="Test_Data_Generation.Add_Tracking_Numbers_To_User"/>
  <testcase name="Add_Tracking_Number" time="0.727" classname="Test_Data_Generation.Add_Tracking_Numbers_To_User"/>
  <testcase name="Add_Tracking_Number" time="0.448" classname="Test_Data_Generation.Add_Tracking_Numbers_To_User"/>
  <testcase name="Add_Tracking_Number" time="0.556" classname="Test_Data_Generation.Add_Tracking_Numbers_To_User"/>
  <testcase name="Add_Tracking_Number" time="0.600" classname="Test_Data_Generation.Add_Tracking_Numbers_To_User"/>
  <testcase name="Add_Tracking_Number" time="1.079" classname="Test_Data_Generation.Add_Tracking_Numbers_To_User"/>
  <testcase name="Add_Tracking_Number" time="0.608" classname="Test_Data_Generation.Add_Tracking_Numbers_To_User"/>
  <testcase name="Add_Tracking_Number" time="0.069" classname="Test_Data_Generation.Add_Tracking_Numbers_To_User"/>
  <testcase name="Add_Tracking_Number" time="0.462" classname="Test_Data_Generation.Add_Tracking_Numbers_To_User"/>
  <testcase name="Add_Tracking_Number" time="0.531" classname="Test_Data_Generation.Add_Tracking_Numbers_To_User"/>
  <testcase name="Add_Tracking_Number" time="0.194" classname="Test_Data_Generation.Add_Tracking_Numbers_To_User"/>
  <testcase name="Add_Tracking_Number" time="0.051" classname="Test_Data_Generation.Add_Tracking_Numbers_To_User"/>
  <testcase name="Add_Tracking_Number" time="0.542" classname="Test_Data_Generation.Add_Tracking_Numbers_To_User"/>
  <testcase name="Add_Tracking_Number" time="0.591" classname="Test_Data_Generation.Add_Tracking_Numbers_To_User"/>
  <testcase name="Add_Tracking_Number" time="0.533" classname="Test_Data_Generation.Add_Tracking_Numbers_To_User"/>
  <testcase name="Add_Tracking_Number" time="0.478" classname="Test_Data_Generation.Add_Tracking_Numbers_To_User"/>
  <testcase name="Add_Tracking_Number" time="0.493" classname="Test_Data_Generation.Add_Tracking_Numbers_To_User"/>
  <testcase name="Add_Tracking_Number" time="0.486" classname="Test_Data_Generation.Add_Tracking_Numbers_To_User"/>
  <testcase name="Add_Tracking_Number" time="0.453" classname="Test_Data_Generation.Add_Tracking_Numbers_To_User"/>
  <testcase name="Add_Tracking_Number" time="0.683" classname="Test_Data_Generation.Add_Tracking_Numbers_To_User"/>
  <testcase name="Add_Tracking_Number" time="0.498" classname="Test_Data_Generation.Add_Tracking_Numbers_To_User"/>
  <testcase name="Add_Tracking_Number" time="0.642" classname="Test_Data_Generation.Add_Tracking_Numbers_To_User"/>
  <testcase name="Add_Tracking_Number" time="0.594" classname="Test_Data_Generation.Add_Tracking_Numbers_To_User"/>
  <testcase name="Add_Tracking_Number" time="0.590" classname="Test_Data_Generation.Add_Tracking_Numbers_To_User"/>
  <testcase name="Add_Tracking_Number" time="0.539" classname="Test_Data_Generation.Add_Tracking_Numbers_To_User"/>
  <testcase name="Add_Tracking_Number" time="0.556" classname="Test_Data_Generation.Add_Tracking_Numbers_To_User"/>
  <testcase name="Add_Tracking_Number" time="0.557" classname="Test_Data_Generation.Add_Tracking_Numbers_To_User"/>
  <testcase name="Add_Tracking_Number" time="0.526" classname="Test_Data_Generation.Add_Tracking_Numbers_To_User"/>
  <testcase name="Add_Tracking_Number" time="0.504" classname="Test_Data_Generation.Add_Tracking_Numbers_To_User"/>
  <testcase name="Add_Tracking_Number" time="0.665" classname="Test_Data_Generation.Add_Tracking_Numbers_To_User"/>
  <testcase name="Add_Tracking_Number" time="0.569" classname="Test_Data_Generation.Add_Tracking_Numbers_To_User"/>
  <testcase name="Add_Tracking_Number" time="0.072" classname="Test_Data_Generation.Add_Tracking_Numbers_To_User"/>
  <testcase name="Add_Tracking_Number" time="0.471" classname="Test_Data_Generation.Add_Tracking_Numbers_To_User"/>
  <testcase name="Add_Tracking_Number" time="0.517" classname="Test_Data_Generation.Add_Tracking_Numbers_To_User"/>
  <testcase name="Add_Tracking_Number" time="0.142" classname="Test_Data_Generation.Add_Tracking_Numbers_To_User"/>
  <testcase name="Add_Tracking_Number" time="0.528" classname="Test_Data_Generation.Add_Tracking_Numbers_To_User"/>
  <testcase name="Add_Tracking_Number" time="0.579" classname="Test_Data_Generation.Add_Tracking_Numbers_To_User"/>
  <testcase name="Add_Tracking_Number" time="0.563" classname="Test_Data_Generation.Add_Tracking_Numbers_To_User"/>
  <testcase name="Add_Tracking_Number" time="0.545" classname="Test_Data_Generation.Add_Tracking_Numbers_To_User"/>
  <testcase name="Add_Tracking_Number" time="0.473" classname="Test_Data_Generation.Add_Tracking_Numbers_To_User"/>
  <testcase name="Add_Tracking_Number" time="0.505" classname="Test_Data_Generation.Add_Tracking_Numbers_To_User"/>
  <testcase name="Add_Tracking_Number" time="0.789" classname="Test_Data_Generation.Add_Tracking_Numbers_To_User"/>
  <testcase name="Add_Tracking_Number" time="0.598" classname="Test_Data_Generation.Add_Tracking_Numbers_To_User"/>
  <testcase name="Add_Tracking_Number" time="0.585" classname="Test_Data_Generation.Add_Tracking_Numbers_To_User"/>
  <testcase name="Add_Tracking_Number" time="1.210" classname="Test_Data_Generation.Add_Tracking_Numbers_To_User"/>
  <testcase name="Add_Tracking_Number" time="0.811" classname="Test_Data_Generation.Add_Tracking_Numbers_To_User"/>
  <testcase name="Add_Tracking_Number" time="0.549" classname="Test_Data_Generation.Add_Tracking_Numbers_To_User"/>
  <testcase name="Add_Tracking_Number" time="0.919" classname="Test_Data_Generation.Add_Tracking_Numbers_To_User"/>
  <testcase name="Add_Tracking_Number" time="0.556" classname="Test_Data_Generation.Add_Tracking_Numbers_To_User"/>
  <testcase name="Add_Tracking_Number" time="0.512" classname="Test_Data_Generation.Add_Tracking_Numbers_To_User"/>
  <testcase name="Add_Tracking_Number" time="0.547" classname="Test_Data_Generation.Add_Tracking_Numbers_To_User"/>
  <testcase name="Add_Tracking_Number" time="0.471" classname="Test_Data_Generation.Add_Tracking_Numbers_To_User"/>
  <testcase name="Add_Tracking_Number" time="0.481" classname="Test_Data_Generation.Add_Tracking_Numbers_To_User"/>
  <testcase name="Add_Tracking_Number" time="0.556" classname="Test_Data_Generation.Add_Tracking_Numbers_To_User"/>
  <testcase name="Add_Tracking_Number" time="0.499" classname="Test_Data_Generation.Add_Tracking_Numbers_To_User"/>
  <testcase name="Add_Tracking_Number" time="0.599" classname="Test_Data_Generation.Add_Tracking_Numbers_To_User"/>
  <testcase name="Add_Tracking_Number" time="0.575" classname="Test_Data_Generation.Add_Tracking_Numbers_To_User"/>
  <testcase name="Add_Tracking_Number" time="0.542" classname="Test_Data_Generation.Add_Tracking_Numbers_To_User"/>
  <testcase name="Add_Tracking_Number" time="0.626" classname="Test_Data_Generation.Add_Tracking_Numbers_To_User"/>
  <testcase name="Add_Tracking_Number" time="0.591" classname="Test_Data_Generation.Add_Tracking_Numbers_To_User"/>
  <testcase name="Add_Tracking_Number" time="0.762" classname="Test_Data_Generation.Add_Tracking_Numbers_To_User"/>
  <testcase name="Add_Tracking_Number" time="0.560" classname="Test_Data_Generation.Add_Tracking_Numbers_To_User"/>
  <testcase name="Add_Tracking_Number" time="0.575" classname="Test_Data_Generation.Add_Tracking_Numbers_To_User"/>
  <testcase name="Add_Tracking_Number" time="0.760" classname="Test_Data_Generation.Add_Tracking_Numbers_To_User"/>
  <testcase name="Add_Tracking_Number" time="0.492" classname="Test_Data_Generation.Add_Tracking_Numbers_To_User"/>
  <testcase name="Add_Tracking_Number" time="0.504" classname="Test_Data_Generation.Add_Tracking_Numbers_To_User"/>
  <testcase name="Add_Tracking_Number" time="0.540" classname="Test_Data_Generation.Add_Tracking_Numbers_To_User"/>
  <testcase name="Add_Tracking_Number" time="0.106" classname="Test_Data_Generation.Add_Tracking_Numbers_To_User"/>
  <testcase name="Add_Tracking_Number" time="0.637" classname="Test_Data_Generation.Add_Tracking_Numbers_To_User"/>
  <testcase name="Add_Tracking_Number" time="0.575" classname="Test_Data_Generation.Add_Tracking_Numbers_To_User"/>
  <testcase name="Add_Tracking_Number" time="0.691" classname="Test_Data_Generation.Add_Tracking_Numbers_To_User"/>
  <testcase name="Add_Tracking_Number" time="0.370" classname="Test_Data_Generation.Add_Tracking_Numbers_To_User"/>
  <testcase name="Add_Tracking_Number" time="0.542" classname="Test_Data_Generation.Add_Tracking_Numbers_To_User"/>
  <testcase name="Add_Tracking_Number" time="0.616" classname="Test_Data_Generation.Add_Tracking_Numbers_To_User"/>
  <testcase name="Add_Tracking_Number" time="0.491" classname="Test_Data_Generation.Add_Tracking_Numbers_To_User"/>
  <testcase name="Add_Tracking_Number" time="0.535" classname="Test_Data_Generation.Add_Tracking_Numbers_To_User"/>
  <testcase name="Add_Tracking_Number" time="0.644" classname="Test_Data_Generation.Add_Tracking_Numbers_To_User"/>
  <testcase name="Add_Tracking_Number" time="0.481" classname="Test_Data_Generation.Add_Tracking_Numbers_To_User"/>
  <testcase name="Add_Tracking_Number" time="0.472" classname="Test_Data_Generation.Add_Tracking_Numbers_To_User"/>
  <testcase name="Add_Tracking_Number" time="0.270" classname="Test_Data_Generation.Add_Tracking_Numbers_To_User"/>
  <testcase name="Add_Tracking_Number" time="0.681" classname="Test_Data_Generation.Add_Tracking_Numbers_To_User"/>
  <testcase name="Add_Tracking_Number" time="0.559" classname="Test_Data_Generation.Add_Tracking_Numbers_To_User"/>
  <testcase name="Add_Tracking_Number" time="0.662" classname="Test_Data_Generation.Add_Tracking_Numbers_To_User"/>
  <testcase name="Add_Tracking_Number" time="0.508" classname="Test_Data_Generation.Add_Tracking_Numbers_To_User"/>
  <testcase name="Add_Tracking_Number" time="0.587" classname="Test_Data_Generation.Add_Tracking_Numbers_To_User"/>
  <testcase name="Add_Tracking_Number" time="0.743" classname="Test_Data_Generation.Add_Tracking_Numbers_To_User"/>
  <testcase name="Add_Tracking_Number" time="0.721" classname="Test_Data_Generation.Add_Tracking_Numbers_To_User"/>
  <testcase name="Add_Tracking_Number" time="0.497" classname="Test_Data_Generation.Add_Tracking_Numbers_To_User"/>
  <testcase name="Add_Tracking_Number" time="0.466" classname="Test_Data_Generation.Add_Tracking_Numbers_To_User"/>
  <testcase name="Add_Tracking_Number" time="0.650" classname="Test_Data_Generation.Add_Tracking_Numbers_To_User"/>
  <testcase name="Add_Tracking_Number" time="0.517" classname="Test_Data_Generation.Add_Tracking_Numbers_To_User"/>
  <testcase name="Add_Tracking_Number" time="0.745" classname="Test_Data_Generation.Add_Tracking_Numbers_To_User"/>
  <testcase name="Add_Tracking_Number" time="0.554" classname="Test_Data_Generation.Add_Tracking_Numbers_To_User"/>
  <testcase name="Add_Tracking_Number" time="0.531" classname="Test_Data_Generation.Add_Tracking_Numbers_To_User"/>
  <testcase name="Add_Tracking_Number" time="0.473" classname="Test_Data_Generation.Add_Tracking_Numbers_To_User"/>
  <testcase name="Add_Tracking_Number" time="0.310" classname="Test_Data_Generation.Add_Tracking_Numbers_To_User"/>
  <testcase name="Add_Tracking_Number" time="0.759" classname="Test_Data_Generation.Add_Tracking_Numbers_To_User"/>
  <testcase name="Add_Tracking_Number" time="0.583" classname="Test_Data_Generation.Add_Tracking_Numbers_To_User"/>
  <testcase name="Add_Tracking_Number" time="0.731" classname="Test_Data_Generation.Add_Tracking_Numbers_To_User"/>
  <testcase name="Add_Tracking_Number" time="0.492" classname="Test_Data_Generation.Add_Tracking_Numbers_To_User"/>
  <testcase name="Add_Tracking_Number" time="0.557" classname="Test_Data_Generation.Add_Tracking_Numbers_To_User"/>
  <testcase name="Add_Tracking_Number" time="0.423" classname="Test_Data_Generation.Add_Tracking_Numbers_To_User"/>
  <testcase name="Add_Tracking_Number" time="0.593" classname="Test_Data_Generation.Add_Tracking_Numbers_To_User"/>
  <testcase name="Add_Tracking_Number" time="0.599" classname="Test_Data_Generation.Add_Tracking_Numbers_To_User"/>
  <testcase name="Add_Tracking_Number" time="0.505" classname="Test_Data_Generation.Add_Tracking_Numbers_To_User"/>
  <testcase name="Add_Tracking_Number" time="0.499" classname="Test_Data_Generation.Add_Tracking_Numbers_To_User"/>
  <testcase name="Add_Tracking_Number" time="0.588" classname="Test_Data_Generation.Add_Tracking_Numbers_To_User"/>
  <testcase name="Add_Tracking_Number" time="0.560" classname="Test_Data_Generation.Add_Tracking_Numbers_To_User"/>
  <testcase name="Add_Tracking_Number" time="0.501" classname="Test_Data_Generation.Add_Tracking_Numbers_To_User"/>
  <testcase name="Add_Tracking_Number" time="0.545" classname="Test_Data_Generation.Add_Tracking_Numbers_To_User"/>
  <testcase name="Add_Tracking_Number" time="0.596" classname="Test_Data_Generation.Add_Tracking_Numbers_To_User"/>
  <testcase name="Add_Tracking_Number" time="0.633" classname="Test_Data_Generation.Add_Tracking_Numbers_To_User"/>
  <testcase name="Add_Tracking_Number" time="0.494" classname="Test_Data_Generation.Add_Tracking_Numbers_To_User"/>
  <testcase name="Add_Tracking_Number" time="0.582" classname="Test_Data_Generation.Add_Tracking_Numbers_To_User"/>
  <testcase name="Add_Tracking_Number" time="0.563" classname="Test_Data_Generation.Add_Tracking_Numbers_To_User"/>
  <testcase name="Add_Tracking_Number" time="0.451" classname="Test_Data_Generation.Add_Tracking_Numbers_To_User"/>
  <testcase name="Add_Tracking_Number" time="0.470" classname="Test_Data_Generation.Add_Tracking_Numbers_To_User"/>
  <testcase name="Add_Tracking_Number" time="0.572" classname="Test_Data_Generation.Add_Tracking_Numbers_To_User"/>
  <testcase name="Add_Tracking_Number" time="0.506" classname="Test_Data_Generation.Add_Tracking_Numbers_To_User"/>
  <testcase name="Add_Tracking_Number" time="0.593" classname="Test_Data_Generation.Add_Tracking_Numbers_To_User"/>
  <testcase name="Add_Tracking_Number" time="0.590" classname="Test_Data_Generation.Add_Tracking_Numbers_To_User"/>
  <testcase name="Add_Tracking_Number" time="0.609" classname="Test_Data_Generation.Add_Tracking_Numbers_To_User"/>
  <testcase name="Add_Tracking_Number" time="0.488" classname="Test_Data_Generation.Add_Tracking_Numbers_To_User"/>
  <testcase name="Add_Tracking_Number" time="0.617" classname="Test_Data_Generation.Add_Tracking_Numbers_To_User"/>
  <testcase name="Add_Tracking_Number" time="0.730" classname="Test_Data_Generation.Add_Tracking_Numbers_To_User"/>
  <testcase name="Add_Tracking_Number" time="0.709" classname="Test_Data_Generation.Add_Tracking_Numbers_To_User"/>
  <testcase name="Add_Tracking_Number" time="0.054" classname="Test_Data_Generation.Add_Tracking_Numbers_To_User"/>
  <testcase name="Add_Tracking_Number" time="0.524" classname="Test_Data_Generation.Add_Tracking_Numbers_To_User"/>
  <testcase name="Add_Tracking_Number" time="0.582" classname="Test_Data_Generation.Add_Tracking_Numbers_To_User"/>
  <testcase name="Add_Tracking_Number" time="0.562" classname="Test_Data_Generation.Add_Tracking_Numbers_To_User"/>
  <testcase name="Add_Tracking_Number" time="0.574" classname="Test_Data_Generation.Add_Tracking_Numbers_To_User"/>
  <testcase name="Add_Tracking_Number" time="0.772" classname="Test_Data_Generation.Add_Tracking_Numbers_To_User"/>
  <testcase name="Add_Tracking_Number" time="0.503" classname="Test_Data_Generation.Add_Tracking_Numbers_To_User"/>
  <testcase name="Add_Tracking_Number" time="0.472" classname="Test_Data_Generation.Add_Tracking_Numbers_To_User"/>
  <testcase name="Add_Tracking_Number" time="0.472" classname="Test_Data_Generation.Add_Tracking_Numbers_To_User"/>
  <testcase name="Add_Tracking_Number" time="0.707" classname="Test_Data_Generation.Add_Tracking_Numbers_To_User"/>
  <testcase name="Add_Tracking_Number" time="0.533" classname="Test_Data_Generation.Add_Tracking_Numbers_To_User"/>
  <testcase name="Add_Tracking_Number" time="0.583" classname="Test_Data_Generation.Add_Tracking_Numbers_To_User"/>
  <testcase name="Add_Tracking_Number" time="0.051" classname="Test_Data_Generation.Add_Tracking_Numbers_To_User"/>
  <testcase name="Add_Tracking_Number" time="0.680" classname="Test_Data_Generation.Add_Tracking_Numbers_To_User"/>
  <testcase name="Add_Tracking_Number" time="0.169" classname="Test_Data_Generation.Add_Tracking_Numbers_To_User"/>
  <testcase name="Add_Tracking_Number" time="0.570" classname="Test_Data_Generation.Add_Tracking_Numbers_To_User"/>
  <testcase name="Add_Tracking_Number" time="0.536" classname="Test_Data_Generation.Add_Tracking_Numbers_To_User"/>
  <testcase name="Add_Tracking_Number" time="0.585" classname="Test_Data_Generation.Add_Tracking_Numbers_To_User"/>
  <testcase name="Add_Tracking_Number" time="0.492" classname="Test_Data_Generation.Add_Tracking_Numbers_To_User"/>
  <testcase name="Add_Tracking_Number" time="0.533" classname="Test_Data_Generation.Add_Tracking_Numbers_To_User"/>
  <testcase name="Add_Tracking_Number" time="0.584" classname="Test_Data_Generation.Add_Tracking_Numbers_To_User"/>
  <testcase name="Add_Tracking_Number" time="0.545" classname="Test_Data_Generation.Add_Tracking_Numbers_To_User"/>
  <testcase name="Add_Tracking_Number" time="0.685" classname="Test_Data_Generation.Add_Tracking_Numbers_To_User"/>
  <testcase name="Add_Tracking_Number" time="0.660" classname="Test_Data_Generation.Add_Tracking_Numbers_To_User"/>
  <testcase name="Add_Tracking_Number" time="0.513" classname="Test_Data_Generation.Add_Tracking_Numbers_To_User"/>
  <testcase name="Add_Tracking_Number" time="0.050" classname="Test_Data_Generation.Add_Tracking_Numbers_To_User"/>
  <testcase name="Add_Tracking_Number" time="0.502" classname="Test_Data_Generation.Add_Tracking_Numbers_To_User"/>
  <testcase name="Add_Tracking_Number" time="0.568" classname="Test_Data_Generation.Add_Tracking_Numbers_To_User"/>
  <testcase name="Add_Tracking_Number" time="0.589" classname="Test_Data_Generation.Add_Tracking_Numbers_To_User"/>
  <testcase name="Add_Tracking_Number" time="0.665" classname="Test_Data_Generation.Add_Tracking_Numbers_To_User"/>
  <testcase name="Add_Tracking_Number" time="0.464" classname="Test_Data_Generation.Add_Tracking_Numbers_To_User"/>
  <testcase name="Add_Tracking_Number" time="0.423" classname="Test_Data_Generation.Add_Tracking_Numbers_To_User"/>
  <testcase name="Add_Tracking_Number" time="0.814" classname="Test_Data_Generation.Add_Tracking_Numbers_To_User"/>
  <testcase name="Add_Tracking_Number" time="0.614" classname="Test_Data_Generation.Add_Tracking_Numbers_To_User"/>
  <testcase name="Add_Tracking_Number" time="0.475" classname="Test_Data_Generation.Add_Tracking_Numbers_To_User"/>
  <testcase name="Add_Tracking_Number" time="0.534" classname="Test_Data_Generation.Add_Tracking_Numbers_To_User"/>
  <testcase name="Add_Tracking_Number" time="0.489" classname="Test_Data_Generation.Add_Tracking_Numbers_To_User"/>
  <testcase name="Add_Tracking_Number" time="0.540" classname="Test_Data_Generation.Add_Tracking_Numbers_To_User"/>
  <testcase name="Add_Tracking_Number" time="0.668" classname="Test_Data_Generation.Add_Tracking_Numbers_To_User"/>
  <testcase name="Add_Tracking_Number" time="0.465" classname="Test_Data_Generation.Add_Tracking_Numbers_To_User"/>
  <testcase name="Add_Tracking_Number" time="0.501" classname="Test_Data_Generation.Add_Tracking_Numbers_To_User"/>
  <testcase name="Add_Tracking_Number" time="0.529" classname="Test_Data_Generation.Add_Tracking_Numbers_To_User"/>
  <testcase name="Add_Tracking_Number" time="0.527" classname="Test_Data_Generation.Add_Tracking_Numbers_To_User"/>
  <testcase name="Add_Tracking_Number" time="0.058" classname="Test_Data_Generation.Add_Tracking_Numbers_To_User"/>
  <testcase name="Add_Tracking_Number" time="0.575" classname="Test_Data_Generation.Add_Tracking_Numbers_To_User"/>
  <testcase name="Add_Tracking_Number" time="0.502" classname="Test_Data_Generation.Add_Tracking_Numbers_To_User"/>
  <testcase name="Add_Tracking_Number" time="0.491" classname="Test_Data_Generation.Add_Tracking_Numbers_To_User"/>
  <testcase name="Add_Tracking_Number" time="0.491" classname="Test_Data_Generation.Add_Tracking_Numbers_To_User"/>
  <testcase name="Add_Tracking_Number" time="0.487" classname="Test_Data_Generation.Add_Tracking_Numbers_To_User"/>
  <testcase name="Add_Tracking_Number" time="0.558" classname="Test_Data_Generation.Add_Tracking_Numbers_To_User"/>
  <testcase name="Add_Tracking_Number" time="0.523" classname="Test_Data_Generation.Add_Tracking_Numbers_To_User"/>
  <testcase name="Add_Tracking_Number" time="0.584" classname="Test_Data_Generation.Add_Tracking_Numbers_To_User"/>
  <testcase name="Add_Tracking_Number" time="0.472" classname="Test_Data_Generation.Add_Tracking_Numbers_To_User"/>
  <testcase name="Add_Tracking_Number" time="0.587" classname="Test_Data_Generation.Add_Tracking_Numbers_To_User"/>
  <testcase name="Add_Tracking_Number" time="0.493" classname="Test_Data_Generation.Add_Tracking_Numbers_To_User"/>
  <testcase name="Add_Tracking_Number" time="0.624" classname="Test_Data_Generation.Add_Tracking_Numbers_To_User"/>
  <testcase name="Add_Tracking_Number" time="0.475" classname="Test_Data_Generation.Add_Tracking_Numbers_To_User"/>
  <testcase name="Add_Tracking_Number" time="0.550" classname="Test_Data_Generation.Add_Tracking_Numbers_To_User"/>
  <testcase name="Add_Tracking_Number" time="0.680" classname="Test_Data_Generation.Add_Tracking_Numbers_To_User"/>
  <testcase name="Add_Tracking_Number" time="0.667" classname="Test_Data_Generation.Add_Tracking_Numbers_To_User"/>
  <testcase name="Add_Tracking_Number" time="0.662" classname="Test_Data_Generation.Add_Tracking_Numbers_To_User"/>
  <testcase name="Add_Tracking_Number" time="0.572" classname="Test_Data_Generation.Add_Tracking_Numbers_To_User"/>
  <testcase name="Add_Tracking_Number" time="0.511" classname="Test_Data_Generation.Add_Tracking_Numbers_To_User"/>
  <testcase name="Add_Tracking_Number" time="0.518" classname="Test_Data_Generation.Add_Tracking_Numbers_To_User"/>
  <testcase name="Add_Tracking_Number" time="0.946" classname="Test_Data_Generation.Add_Tracking_Numbers_To_User"/>
  <testcase name="Add_Tracking_Number" time="0.452" classname="Test_Data_Generation.Add_Tracking_Numbers_To_User"/>
  <testcase name="Add_Tracking_Number" time="0.504" classname="Test_Data_Generation.Add_Tracking_Numbers_To_User"/>
  <testcase name="Add_Tracking_Number" time="0.640" classname="Test_Data_Generation.Add_Tracking_Numbers_To_User"/>
  <testcase name="Add_Tracking_Number" time="0.518" classname="Test_Data_Generation.Add_Tracking_Numbers_To_User"/>
  <testcase name="Add_Tracking_Number" time="0.508" classname="Test_Data_Generation.Add_Tracking_Numbers_To_User"/>
  <testcase name="Add_Tracking_Number" time="0.603" classname="Test_Data_Generation.Add_Tracking_Numbers_To_User"/>
  <testcase name="Add_Tracking_Number" time="0.522" classname="Test_Data_Generation.Add_Tracking_Numbers_To_User"/>
  <testcase name="Add_Tracking_Number" time="0.451" classname="Test_Data_Generation.Add_Tracking_Numbers_To_User"/>
  <testcase name="Add_Tracking_Number" time="0.577" classname="Test_Data_Generation.Add_Tracking_Numbers_To_User"/>
  <testcase name="Add_Tracking_Number" time="0.571" classname="Test_Data_Generation.Add_Tracking_Numbers_To_User"/>
  <testcase name="Add_Tracking_Number" time="0.543" classname="Test_Data_Generation.Add_Tracking_Numbers_To_User"/>
  <testcase name="Add_Tracking_Number" time="0.656" classname="Test_Data_Generation.Add_Tracking_Numbers_To_User"/>
  <testcase name="Add_Tracking_Number" time="0.514" classname="Test_Data_Generation.Add_Tracking_Numbers_To_User"/>
  <testcase name="Add_Tracking_Number" time="0.575" classname="Test_Data_Generation.Add_Tracking_Numbers_To_User"/>
  <testcase name="Add_Tracking_Number" time="0.602" classname="Test_Data_Generation.Add_Tracking_Numbers_To_User"/>
  <testcase name="Add_Tracking_Number" time="0.601" classname="Test_Data_Generation.Add_Tracking_Numbers_To_User"/>
  <testcase name="Add_Tracking_Number" time="0.481" classname="Test_Data_Generation.Add_Tracking_Numbers_To_User"/>
  <testcase name="Add_Tracking_Number" time="0.734" classname="Test_Data_Generation.Add_Tracking_Numbers_To_User"/>
  <testcase name="Add_Tracking_Number" time="0.523" classname="Test_Data_Generation.Add_Tracking_Numbers_To_User"/>
  <testcase name="Add_Tracking_Number" time="0.505" classname="Test_Data_Generation.Add_Tracking_Numbers_To_User"/>
  <testcase name="Add_Tracking_Number" time="0.451" classname="Test_Data_Generation.Add_Tracking_Numbers_To_User"/>
  <testcase name="Add_Tracking_Number" time="0.515" classname="Test_Data_Generation.Add_Tracking_Numbers_To_User"/>
  <testcase name="Add_Tracking_Number" time="0.523" classname="Test_Data_Generation.Add_Tracking_Numbers_To_User"/>
  <testcase name="Add_Tracking_Number" time="0.486" classname="Test_Data_Generation.Add_Tracking_Numbers_To_User"/>
  <testcase name="Add_Tracking_Number" time="0.517" classname="Test_Data_Generation.Add_Tracking_Numbers_To_User"/>
  <testcase name="Add_Tracking_Number" time="0.656" classname="Test_Data_Generation.Add_Tracking_Numbers_To_User"/>
  <testcase name="Add_Tracking_Number" time="0.620" classname="Test_Data_Generation.Add_Tracking_Numbers_To_User"/>
  <testcase name="Add_Tracking_Number" time="0.536" classname="Test_Data_Generation.Add_Tracking_Numbers_To_User"/>
  <testcase name="Add_Tracking_Number" time="0.571" classname="Test_Data_Generation.Add_Tracking_Numbers_To_User"/>
  <testcase name="Add_Tracking_Number" time="0.748" classname="Test_Data_Generation.Add_Tracking_Numbers_To_User"/>
  <testcase name="Add_Tracking_Number" time="0.514" classname="Test_Data_Generation.Add_Tracking_Numbers_To_User"/>
  <testcase name="Add_Tracking_Number" time="0.593" classname="Test_Data_Generation.Add_Tracking_Numbers_To_User"/>
  <testcase name="Add_Tracking_Number" time="0.598" classname="Test_Data_Generation.Add_Tracking_Numbers_To_User"/>
  <testcase name="Add_Tracking_Number" time="0.516" classname="Test_Data_Generation.Add_Tracking_Numbers_To_User"/>
  <testcase name="Add_Tracking_Number" time="0.645" classname="Test_Data_Generation.Add_Tracking_Numbers_To_User"/>
  <testcase name="Add_Tracking_Number" time="0.438" classname="Test_Data_Generation.Add_Tracking_Numbers_To_User"/>
  <testcase name="Add_Tracking_Number" time="0.553" classname="Test_Data_Generation.Add_Tracking_Numbers_To_User"/>
  <testcase name="Add_Tracking_Number" time="0.688" classname="Test_Data_Generation.Add_Tracking_Numbers_To_User"/>
  <testcase name="Add_Tracking_Number" time="0.662" classname="Test_Data_Generation.Add_Tracking_Numbers_To_User"/>
  <testcase name="Add_Tracking_Number" time="0.532" classname="Test_Data_Generation.Add_Tracking_Numbers_To_User"/>
  <testcase name="Add_Tracking_Number" time="0.647" classname="Test_Data_Generation.Add_Tracking_Numbers_To_User"/>
  <testcase name="Add_Tracking_Number" time="0.549" classname="Test_Data_Generation.Add_Tracking_Numbers_To_User"/>
  <testcase name="Add_Tracking_Number" time="0.746" classname="Test_Data_Generation.Add_Tracking_Numbers_To_User"/>
  <testcase name="Add_Tracking_Number" time="0.551" classname="Test_Data_Generation.Add_Tracking_Numbers_To_User"/>
  <testcase name="Add_Tracking_Number" time="0.517" classname="Test_Data_Generation.Add_Tracking_Numbers_To_User"/>
  <testcase name="Add_Tracking_Number" time="0.462" classname="Test_Data_Generation.Add_Tracking_Numbers_To_User"/>
  <testcase name="Add_Tracking_Number" time="0.550" classname="Test_Data_Generation.Add_Tracking_Numbers_To_User"/>
  <testcase name="Add_Tracking_Number" time="0.449" classname="Test_Data_Generation.Add_Tracking_Numbers_To_User"/>
  <testcase name="Add_Tracking_Number" time="0.619" classname="Test_Data_Generation.Add_Tracking_Numbers_To_User"/>
  <testcase name="Add_Tracking_Number" time="0.595" classname="Test_Data_Generation.Add_Tracking_Numbers_To_User"/>
  <testcase name="Add_Tracking_Number" time="0.475" classname="Test_Data_Generation.Add_Tracking_Numbers_To_User"/>
  <testcase name="Add_Tracking_Number" time="0.617" classname="Test_Data_Generation.Add_Tracking_Numbers_To_User"/>
  <testcase name="Add_Tracking_Number" time="0.572" classname="Test_Data_Generation.Add_Tracking_Numbers_To_User"/>
  <testcase name="Add_Tracking_Number" time="0.546" classname="Test_Data_Generation.Add_Tracking_Numbers_To_User"/>
  <testcase name="Add_Tracking_Number" time="0.547" classname="Test_Data_Generation.Add_Tracking_Numbers_To_User"/>
  <testcase name="Add_Tracking_Number" time="0.541" classname="Test_Data_Generation.Add_Tracking_Numbers_To_User"/>
  <testcase name="Add_Tracking_Number" time="0.052" classname="Test_Data_Generation.Add_Tracking_Numbers_To_User"/>
  <testcase name="Add_Tracking_Number" time="0.635" classname="Test_Data_Generation.Add_Tracking_Numbers_To_User"/>
  <testcase name="Add_Tracking_Number" time="0.487" classname="Test_Data_Generation.Add_Tracking_Numbers_To_User"/>
  <testcase name="Add_Tracking_Number" time="0.520" classname="Test_Data_Generation.Add_Tracking_Numbers_To_User"/>
  <testcase name="Add_Tracking_Number" time="0.605" classname="Test_Data_Generation.Add_Tracking_Numbers_To_User"/>
  <testcase name="Add_Tracking_Number" time="0.568" classname="Test_Data_Generation.Add_Tracking_Numbers_To_User"/>
  <testcase name="Add_Tracking_Number" time="0.566" classname="Test_Data_Generation.Add_Tracking_Numbers_To_User"/>
  <testcase name="Add_Tracking_Number" time="0.612" classname="Test_Data_Generation.Add_Tracking_Numbers_To_User"/>
  <testcase name="Add_Tracking_Number" time="0.541" classname="Test_Data_Generation.Add_Tracking_Numbers_To_User"/>
  <testcase name="Add_Tracking_Number" time="0.445" classname="Test_Data_Generation.Add_Tracking_Numbers_To_User"/>
  <testcase name="Add_Tracking_Number" time="0.586" classname="Test_Data_Generation.Add_Tracking_Numbers_To_User"/>
  <testcase name="Add_Tracking_Number" time="0.505" classname="Test_Data_Generation.Add_Tracking_Numbers_To_User"/>
  <testcase name="Add_Tracking_Number" time="0.587" classname="Test_Data_Generation.Add_Tracking_Numbers_To_User"/>
  <testcase name="Add_Tracking_Number" time="0.610" classname="Test_Data_Generation.Add_Tracking_Numbers_To_User"/>
  <testcase name="Add_Tracking_Number" time="0.433" classname="Test_Data_Generation.Add_Tracking_Numbers_To_User"/>
  <testcase name="Add_Tracking_Number" time="0.507" classname="Test_Data_Generation.Add_Tracking_Numbers_To_User"/>
  <testcase name="Add_Tracking_Number" time="0.504" classname="Test_Data_Generation.Add_Tracking_Numbers_To_User"/>
  <testcase name="Add_Tracking_Number" time="0.568" classname="Test_Data_Generation.Add_Tracking_Numbers_To_User"/>
  <testcase name="Add_Tracking_Number" time="0.476" classname="Test_Data_Generation.Add_Tracking_Numbers_To_User"/>
  <testcase name="Add_Tracking_Number" time="0.592" classname="Test_Data_Generation.Add_Tracking_Numbers_To_User"/>
  <testcase name="Add_Tracking_Number" time="0.559" classname="Test_Data_Generation.Add_Tracking_Numbers_To_User"/>
  <testcase name="Add_Tracking_Number" time="0.592" classname="Test_Data_Generation.Add_Tracking_Numbers_To_User"/>
  <testcase name="Add_Tracking_Number" time="0.519" classname="Test_Data_Generation.Add_Tracking_Numbers_To_User"/>
  <testcase name="Add_Tracking_Number" time="0.529" classname="Test_Data_Generation.Add_Tracking_Numbers_To_User"/>
  <testcase name="Add_Tracking_Number" time="0.497" classname="Test_Data_Generation.Add_Tracking_Numbers_To_User"/>
  <testcase name="Add_Tracking_Number" time="0.606" classname="Test_Data_Generation.Add_Tracking_Numbers_To_User"/>
  <testcase name="Add_Tracking_Number" time="0.617" classname="Test_Data_Generation.Add_Tracking_Numbers_To_User"/>
  <testcase name="Add_Tracking_Number" time="0.652" classname="Test_Data_Generation.Add_Tracking_Numbers_To_User"/>
  <testcase name="Add_Tracking_Number" time="0.541" classname="Test_Data_Generation.Add_Tracking_Numbers_To_User"/>
  <testcase name="Add_Tracking_Number" time="0.541" classname="Test_Data_Generation.Add_Tracking_Numbers_To_User"/>
  <testcase name="Add_Tracking_Number" time="0.588" classname="Test_Data_Generation.Add_Tracking_Numbers_To_User"/>
  <testcase name="Add_Tracking_Number" time="0.486" classname="Test_Data_Generation.Add_Tracking_Numbers_To_User"/>
  <testcase name="Add_Tracking_Number" time="0.485" classname="Test_Data_Generation.Add_Tracking_Numbers_To_User"/>
  <testcase name="Add_Tracking_Number" time="0.534" classname="Test_Data_Generation.Add_Tracking_Numbers_To_User"/>
  <testcase name="Add_Tracking_Number" time="0.769" classname="Test_Data_Generation.Add_Tracking_Numbers_To_User"/>
  <testcase name="Add_Tracking_Number" time="0.530" classname="Test_Data_Generation.Add_Tracking_Numbers_To_User"/>
  <testcase name="Add_Tracking_Number" time="0.536" classname="Test_Data_Generation.Add_Tracking_Numbers_To_User"/>
  <testcase name="Add_Tracking_Number" time="0.187" classname="Test_Data_Generation.Add_Tracking_Numbers_To_User"/>
  <testcase name="Add_Tracking_Number" time="0.514" classname="Test_Data_Generation.Add_Tracking_Numbers_To_User"/>
  <testcase name="Add_Tracking_Number" time="0.578" classname="Test_Data_Generation.Add_Tracking_Numbers_To_User"/>
  <testcase name="Add_Tracking_Number" time="0.509" classname="Test_Data_Generation.Add_Tracking_Numbers_To_User"/>
  <testcase name="Add_Tracking_Number" time="0.628" classname="Test_Data_Generation.Add_Tracking_Numbers_To_User"/>
  <testcase name="Add_Tracking_Number" time="0.649" classname="Test_Data_Generation.Add_Tracking_Numbers_To_User"/>
  <testcase name="Add_Tracking_Number" time="0.616" classname="Test_Data_Generation.Add_Tracking_Numbers_To_User"/>
  <testcase name="Add_Tracking_Number" time="0.505" classname="Test_Data_Generation.Add_Tracking_Numbers_To_User"/>
  <testcase name="Add_Tracking_Number" time="0.468" classname="Test_Data_Generation.Add_Tracking_Numbers_To_User"/>
  <testcase name="Add_Tracking_Number" time="0.654" classname="Test_Data_Generation.Add_Tracking_Numbers_To_User"/>
  <testcase name="Add_Tracking_Number" time="0.548" classname="Test_Data_Generation.Add_Tracking_Numbers_To_User"/>
  <testcase name="Add_Tracking_Number" time="0.751" classname="Test_Data_Generation.Add_Tracking_Numbers_To_User"/>
  <testcase name="Add_Tracking_Number" time="0.589" classname="Test_Data_Generation.Add_Tracking_Numbers_To_User"/>
  <testcase name="Add_Tracking_Number" time="0.594" classname="Test_Data_Generation.Add_Tracking_Numbers_To_User"/>
  <testcase name="Add_Tracking_Number" time="0.533" classname="Test_Data_Generation.Add_Tracking_Numbers_To_User"/>
  <testcase name="Add_Tracking_Number" time="0.630" classname="Test_Data_Generation.Add_Tracking_Numbers_To_User"/>
  <testcase name="Add_Tracking_Number" time="0.521" classname="Test_Data_Generation.Add_Tracking_Numbers_To_User"/>
  <testcase name="Add_Tracking_Number" time="0.609" classname="Test_Data_Generation.Add_Tracking_Numbers_To_User"/>
  <testcase name="Add_Tracking_Number" time="0.750" classname="Test_Data_Generation.Add_Tracking_Numbers_To_User"/>
  <testcase name="Add_Tracking_Number" time="0.478" classname="Test_Data_Generation.Add_Tracking_Numbers_To_User"/>
  <testcase name="Add_Tracking_Number" time="0.640" classname="Test_Data_Generation.Add_Tracking_Numbers_To_User"/>
  <testcase name="Add_Tracking_Number" time="0.509" classname="Test_Data_Generation.Add_Tracking_Numbers_To_User"/>
  <testcase name="Add_Tracking_Number" time="0.548" classname="Test_Data_Generation.Add_Tracking_Numbers_To_User"/>
  <testcase name="Add_Tracking_Number" time="0.754" classname="Test_Data_Generation.Add_Tracking_Numbers_To_User"/>
  <testcase name="Add_Tracking_Number" time="0.594" classname="Test_Data_Generation.Add_Tracking_Numbers_To_User"/>
  <testcase name="Add_Tracking_Number" time="0.547" classname="Test_Data_Generation.Add_Tracking_Numbers_To_User"/>
  <testcase name="Add_Tracking_Number" time="0.629" classname="Test_Data_Generation.Add_Tracking_Numbers_To_User"/>
  <testcase name="Add_Tracking_Number" time="0.493" classname="Test_Data_Generation.Add_Tracking_Numbers_To_User"/>
  <testcase name="Add_Tracking_Number" time="0.052" classname="Test_Data_Generation.Add_Tracking_Numbers_To_User"/>
  <testcase name="Add_Tracking_Number" time="0.619" classname="Test_Data_Generation.Add_Tracking_Numbers_To_User"/>
  <testcase name="Add_Tracking_Number" time="0.582" classname="Test_Data_Generation.Add_Tracking_Numbers_To_User"/>
  <testcase name="Add_Tracking_Number" time="0.468" classname="Test_Data_Generation.Add_Tracking_Numbers_To_User"/>
  <testcase name="Add_Tracking_Number" time="0.526" classname="Test_Data_Generation.Add_Tracking_Numbers_To_User"/>
  <testcase name="Add_Tracking_Number" time="0.076" classname="Test_Data_Generation.Add_Tracking_Numbers_To_User"/>
  <testcase name="Add_Tracking_Number" time="0.539" classname="Test_Data_Generation.Add_Tracking_Numbers_To_User"/>
  <testcase name="Add_Tracking_Number" time="0.060" classname="Test_Data_Generation.Add_Tracking_Numbers_To_User"/>
  <testcase name="Add_Tracking_Number" time="0.554" classname="Test_Data_Generation.Add_Tracking_Numbers_To_User"/>
  <testcase name="Add_Tracking_Number" time="0.467" classname="Test_Data_Generation.Add_Tracking_Numbers_To_User"/>
  <testcase name="Add_Tracking_Number" time="0.537" classname="Test_Data_Generation.Add_Tracking_Numbers_To_User"/>
  <testcase name="Add_Tracking_Number" time="0.588" classname="Test_Data_Generation.Add_Tracking_Numbers_To_User"/>
  <testcase name="Add_Tracking_Number" time="0.566" classname="Test_Data_Generation.Add_Tracking_Numbers_To_User"/>
  <testcase name="Add_Tracking_Number" time="0.484" classname="Test_Data_Generation.Add_Tracking_Numbers_To_User"/>
  <testcase name="Add_Tracking_Number" time="0.492" classname="Test_Data_Generation.Add_Tracking_Numbers_To_User"/>
  <testcase name="Add_Tracking_Number" time="0.529" classname="Test_Data_Generation.Add_Tracking_Numbers_To_User"/>
  <testcase name="Add_Tracking_Number" time="0.639" classname="Test_Data_Generation.Add_Tracking_Numbers_To_User"/>
  <testcase name="Add_Tracking_Number" time="0.514" classname="Test_Data_Generation.Add_Tracking_Numbers_To_User"/>
  <testcase name="Add_Tracking_Number" time="0.511" classname="Test_Data_Generation.Add_Tracking_Numbers_To_User"/>
  <testcase name="Add_Tracking_Number" time="0.564" classname="Test_Data_Generation.Add_Tracking_Numbers_To_User"/>
  <testcase name="Add_Tracking_Number" time="0.458" classname="Test_Data_Generation.Add_Tracking_Numbers_To_User"/>
  <testcase name="Add_Tracking_Number" time="0.508" classname="Test_Data_Generation.Add_Tracking_Numbers_To_User"/>
  <testcase name="Add_Tracking_Number" time="0.515" classname="Test_Data_Generation.Add_Tracking_Numbers_To_User"/>
  <testcase name="Add_Tracking_Number" time="0.518" classname="Test_Data_Generation.Add_Tracking_Numbers_To_User"/>
  <testcase name="Add_Tracking_Number" time="0.513" classname="Test_Data_Generation.Add_Tracking_Numbers_To_User"/>
  <testcase name="Add_Tracking_Number" time="0.454" classname="Test_Data_Generation.Add_Tracking_Numbers_To_User"/>
  <testcase name="Add_Tracking_Number" time="0.593" classname="Test_Data_Generation.Add_Tracking_Numbers_To_User"/>
  <testcase name="Add_Tracking_Number" time="0.470" classname="Test_Data_Generation.Add_Tracking_Numbers_To_User"/>
  <testcase name="Add_Tracking_Number" time="0.598" classname="Test_Data_Generation.Add_Tracking_Numbers_To_User"/>
  <testcase name="Add_Tracking_Number" time="0.699" classname="Test_Data_Generation.Add_Tracking_Numbers_To_User"/>
  <testcase name="Add_Tracking_Number" time="0.498" classname="Test_Data_Generation.Add_Tracking_Numbers_To_User"/>
  <testcase name="Add_Tracking_Number" time="0.548" classname="Test_Data_Generation.Add_Tracking_Numbers_To_User"/>
  <testcase name="Add_Tracking_Number" time="0.522" classname="Test_Data_Generation.Add_Tracking_Numbers_To_User"/>
  <testcase name="Add_Tracking_Number" time="0.428" classname="Test_Data_Generation.Add_Tracking_Numbers_To_User"/>
  <testcase name="Add_Tracking_Number" time="0.520" classname="Test_Data_Generation.Add_Tracking_Numbers_To_User"/>
  <testcase name="Add_Tracking_Number" time="0.577" classname="Test_Data_Generation.Add_Tracking_Numbers_To_User"/>
  <testcase name="Add_Tracking_Number" time="0.557" classname="Test_Data_Generation.Add_Tracking_Numbers_To_User"/>
  <testcase name="Add_Tracking_Number" time="0.538" classname="Test_Data_Generation.Add_Tracking_Numbers_To_User"/>
  <testcase name="Add_Tracking_Number" time="0.541" classname="Test_Data_Generation.Add_Tracking_Numbers_To_User"/>
  <testcase name="Add_Tracking_Number" time="0.470" classname="Test_Data_Generation.Add_Tracking_Numbers_To_User"/>
  <testcase name="Add_Tracking_Number" time="0.587" classname="Test_Data_Generation.Add_Tracking_Numbers_To_User"/>
  <testcase name="Add_Tracking_Number" time="0.542" classname="Test_Data_Generation.Add_Tracking_Numbers_To_User"/>
  <testcase name="Add_Tracking_Number" time="0.487" classname="Test_Data_Generation.Add_Tracking_Numbers_To_User"/>
  <testcase name="Add_Tracking_Number" time="0.638" classname="Test_Data_Generation.Add_Tracking_Numbers_To_User"/>
  <testcase name="Add_Tracking_Number" time="0.471" classname="Test_Data_Generation.Add_Tracking_Numbers_To_User"/>
  <testcase name="Add_Tracking_Number" time="0.497" classname="Test_Data_Generation.Add_Tracking_Numbers_To_User"/>
  <testcase name="Add_Tracking_Number" time="0.509" classname="Test_Data_Generation.Add_Tracking_Numbers_To_User"/>
  <testcase name="Add_Tracking_Number" time="0.563" classname="Test_Data_Generation.Add_Tracking_Numbers_To_User"/>
  <testcase name="Add_Tracking_Number" time="0.440" classname="Test_Data_Generation.Add_Tracking_Numbers_To_User"/>
  <testcase name="Add_Tracking_Number" time="0.568" classname="Test_Data_Generation.Add_Tracking_Numbers_To_User"/>
  <testcase name="Add_Tracking_Number" time="0.675" classname="Test_Data_Generation.Add_Tracking_Numbers_To_User"/>
  <testcase name="Add_Tracking_Number" time="0.473" classname="Test_Data_Generation.Add_Tracking_Numbers_To_User"/>
  <testcase name="Add_Tracking_Number" time="0.063" classname="Test_Data_Generation.Add_Tracking_Numbers_To_User"/>
  <testcase name="Add_Tracking_Number" time="0.541" classname="Test_Data_Generation.Add_Tracking_Numbers_To_User"/>
  <testcase name="Add_Tracking_Number" time="0.481" classname="Test_Data_Generation.Add_Tracking_Numbers_To_User"/>
  <testcase name="Add_Tracking_Number" time="0.526" classname="Test_Data_Generation.Add_Tracking_Numbers_To_User"/>
  <testcase name="Add_Tracking_Number" time="0.483" classname="Test_Data_Generation.Add_Tracking_Numbers_To_User"/>
  <testcase name="Add_Tracking_Number" time="0.707" classname="Test_Data_Generation.Add_Tracking_Numbers_To_User"/>
  <testcase name="Add_Tracking_Number" time="0.502" classname="Test_Data_Generation.Add_Tracking_Numbers_To_User"/>
  <testcase name="Add_Tracking_Number" time="0.650" classname="Test_Data_Generation.Add_Tracking_Numbers_To_User"/>
  <testcase name="Add_Tracking_Number" time="0.473" classname="Test_Data_Generation.Add_Tracking_Numbers_To_User"/>
  <testcase name="Add_Tracking_Number" time="0.615" classname="Test_Data_Generation.Add_Tracking_Numbers_To_User"/>
  <testcase name="Add_Tracking_Number" time="0.545" classname="Test_Data_Generation.Add_Tracking_Numbers_To_User"/>
  <testcase name="Add_Tracking_Number" time="0.613" classname="Test_Data_Generation.Add_Tracking_Numbers_To_User"/>
  <testcase name="Add_Tracking_Number" time="0.590" classname="Test_Data_Generation.Add_Tracking_Numbers_To_User"/>
  <testcase name="Add_Tracking_Number" time="0.581" classname="Test_Data_Generation.Add_Tracking_Numbers_To_User"/>
  <testcase name="Add_Tracking_Number" time="0.494" classname="Test_Data_Generation.Add_Tracking_Numbers_To_User"/>
  <testcase name="Add_Tracking_Number" time="0.491" classname="Test_Data_Generation.Add_Tracking_Numbers_To_User"/>
  <testcase name="Add_Tracking_Number" time="0.376" classname="Test_Data_Generation.Add_Tracking_Numbers_To_User"/>
  <testcase name="Add_Tracking_Number" time="0.595" classname="Test_Data_Generation.Add_Tracking_Numbers_To_User"/>
  <testcase name="Add_Tracking_Number" time="0.580" classname="Test_Data_Generation.Add_Tracking_Numbers_To_User"/>
  <testcase name="Add_Tracking_Number" time="0.535" classname="Test_Data_Generation.Add_Tracking_Numbers_To_User"/>
  <testcase name="Add_Tracking_Number" time="0.750" classname="Test_Data_Generation.Add_Tracking_Numbers_To_User"/>
  <testcase name="Add_Tracking_Number" time="0.435" classname="Test_Data_Generation.Add_Tracking_Numbers_To_User"/>
  <testcase name="Add_Tracking_Number" time="0.612" classname="Test_Data_Generation.Add_Tracking_Numbers_To_User"/>
  <testcase name="Add_Tracking_Number" time="0.491" classname="Test_Data_Generation.Add_Tracking_Numbers_To_User"/>
  <testcase name="Add_Tracking_Number" time="0.526" classname="Test_Data_Generation.Add_Tracking_Numbers_To_User"/>
  <testcase name="Add_Tracking_Number" time="0.524" classname="Test_Data_Generation.Add_Tracking_Numbers_To_User"/>
  <testcase name="Add_Tracking_Number" time="0.593" classname="Test_Data_Generation.Add_Tracking_Numbers_To_User"/>
  <testcase name="Add_Tracking_Number" time="0.527" classname="Test_Data_Generation.Add_Tracking_Numbers_To_User"/>
  <testcase name="Add_Tracking_Number" time="0.523" classname="Test_Data_Generation.Add_Tracking_Numbers_To_User"/>
  <testcase name="Add_Tracking_Number" time="0.786" classname="Test_Data_Generation.Add_Tracking_Numbers_To_User"/>
  <testcase name="Add_Tracking_Number" time="0.541" classname="Test_Data_Generation.Add_Tracking_Numbers_To_User"/>
  <testcase name="Add_Tracking_Number" time="0.486" classname="Test_Data_Generation.Add_Tracking_Numbers_To_User"/>
  <testcase name="Add_Tracking_Number" time="0.697" classname="Test_Data_Generation.Add_Tracking_Numbers_To_User"/>
  <testcase name="Add_Tracking_Number" time="0.558" classname="Test_Data_Generation.Add_Tracking_Numbers_To_User"/>
  <testcase name="Add_Tracking_Number" time="0.751" classname="Test_Data_Generation.Add_Tracking_Numbers_To_User"/>
  <testcase name="Add_Tracking_Number" time="0.488" classname="Test_Data_Generation.Add_Tracking_Numbers_To_User"/>
  <testcase name="Add_Tracking_Number" time="0.549" classname="Test_Data_Generation.Add_Tracking_Numbers_To_User"/>
  <testcase name="Add_Tracking_Number" time="0.498" classname="Test_Data_Generation.Add_Tracking_Numbers_To_User"/>
  <testcase name="Add_Tracking_Number" time="0.599" classname="Test_Data_Generation.Add_Tracking_Numbers_To_User"/>
  <testcase name="Add_Tracking_Number" time="0.471" classname="Test_Data_Generation.Add_Tracking_Numbers_To_User"/>
  <testcase name="Add_Tracking_Number" time="0.578" classname="Test_Data_Generation.Add_Tracking_Numbers_To_User"/>
  <testcase name="Add_Tracking_Number" time="0.730" classname="Test_Data_Generation.Add_Tracking_Numbers_To_User"/>
  <testcase name="Add_Tracking_Number" time="0.540" classname="Test_Data_Generation.Add_Tracking_Numbers_To_User"/>
  <testcase name="Add_Tracking_Number" time="0.526" classname="Test_Data_Generation.Add_Tracking_Numbers_To_User"/>
  <testcase name="Add_Tracking_Number" time="0.618" classname="Test_Data_Generation.Add_Tracking_Numbers_To_User"/>
  <testcase name="Add_Tracking_Number" time="0.491" classname="Test_Data_Generation.Add_Tracking_Numbers_To_User"/>
  <testcase name="Add_Tracking_Number" time="0.787" classname="Test_Data_Generation.Add_Tracking_Numbers_To_User"/>
  <testcase name="Add_Tracking_Number" time="0.490" classname="Test_Data_Generation.Add_Tracking_Numbers_To_User"/>
  <testcase name="Add_Tracking_Number" time="0.544" classname="Test_Data_Generation.Add_Tracking_Numbers_To_User"/>
  <testcase name="Add_Tracking_Number" time="0.305" classname="Test_Data_Generation.Add_Tracking_Numbers_To_User"/>
  <testcase name="Add_Tracking_Number" time="0.653" classname="Test_Data_Generation.Add_Tracking_Numbers_To_User"/>
  <testcase name="Add_Tracking_Number" time="0.489" classname="Test_Data_Generation.Add_Tracking_Numbers_To_User"/>
  <testcase name="Add_Tracking_Number" time="0.048" classname="Test_Data_Generation.Add_Tracking_Numbers_To_User"/>
  <testcase name="Add_Tracking_Number" time="0.473" classname="Test_Data_Generation.Add_Tracking_Numbers_To_User"/>
  <testcase name="Add_Tracking_Number" time="0.534" classname="Test_Data_Generation.Add_Tracking_Numbers_To_User"/>
  <testcase name="Add_Tracking_Number" time="0.575" classname="Test_Data_Generation.Add_Tracking_Numbers_To_User"/>
  <testcase name="Add_Tracking_Number" time="0.520" classname="Test_Data_Generation.Add_Tracking_Numbers_To_User"/>
  <testcase name="Add_Tracking_Number" time="0.520" classname="Test_Data_Generation.Add_Tracking_Numbers_To_User"/>
  <testcase name="Add_Tracking_Number" time="0.492" classname="Test_Data_Generation.Add_Tracking_Numbers_To_User"/>
  <testcase name="Add_Tracking_Number" time="0.474" classname="Test_Data_Generation.Add_Tracking_Numbers_To_User"/>
  <testcase name="Add_Tracking_Number" time="0.523" classname="Test_Data_Generation.Add_Tracking_Numbers_To_User"/>
  <testcase name="Add_Tracking_Number" time="0.643" classname="Test_Data_Generation.Add_Tracking_Numbers_To_User"/>
  <testcase name="Add_Tracking_Number" time="0.532" classname="Test_Data_Generation.Add_Tracking_Numbers_To_User"/>
  <testcase name="Add_Tracking_Number" time="0.542" classname="Test_Data_Generation.Add_Tracking_Numbers_To_User"/>
  <testcase name="Add_Tracking_Number" time="0.629" classname="Test_Data_Generation.Add_Tracking_Numbers_To_User"/>
  <testcase name="Add_Tracking_Number" time="0.497" classname="Test_Data_Generation.Add_Tracking_Numbers_To_User"/>
  <testcase name="Add_Tracking_Number" time="0.459" classname="Test_Data_Generation.Add_Tracking_Numbers_To_User"/>
  <testcase name="Add_Tracking_Number" time="0.546" classname="Test_Data_Generation.Add_Tracking_Numbers_To_User"/>
  <testcase name="Add_Tracking_Number" time="0.753" classname="Test_Data_Generation.Add_Tracking_Numbers_To_User"/>
  <testcase name="Add_Tracking_Number" time="0.497" classname="Test_Data_Generation.Add_Tracking_Numbers_To_User"/>
  <testcase name="Add_Tracking_Number" time="0.564" classname="Test_Data_Generation.Add_Tracking_Numbers_To_User"/>
  <testcase name="Add_Tracking_Number" time="0.532" classname="Test_Data_Generation.Add_Tracking_Numbers_To_User"/>
  <testcase name="Add_Tracking_Number" time="0.531" classname="Test_Data_Generation.Add_Tracking_Numbers_To_User"/>
  <testcase name="Add_Tracking_Number" time="0.526" classname="Test_Data_Generation.Add_Tracking_Numbers_To_User"/>
  <testcase name="Add_Tracking_Number" time="0.453" classname="Test_Data_Generation.Add_Tracking_Numbers_To_User"/>
  <testcase name="Add_Tracking_Number" time="0.691" classname="Test_Data_Generation.Add_Tracking_Numbers_To_User"/>
  <testcase name="Add_Tracking_Number" time="0.517" classname="Test_Data_Generation.Add_Tracking_Numbers_To_User"/>
  <testcase name="Add_Tracking_Number" time="0.534" classname="Test_Data_Generation.Add_Tracking_Numbers_To_User">
    <failure type="java.lang.AssertionError" message="
Expected: a string containing &quot;{\&quot;successful\&quot;:true&quot;
     but: was &quot;{&quot;ShipmentOptionResponse&quot;:{&quot;successful&quot;:false,&quot;errorList&quot;:[{&quot;code&quot;:&quot;2997&quot;,&quot;message&quot;:&quot;TRAQS connection/request problem&quot;,&quot;source&quot;:null,&quot;rootCause&quot;:null}],&quot;alerts&quot;:null,&quot;cxsalerts&quot;:null}}&quot;">
      <![CDATA[java.lang.AssertionError: 
Expected: a string containing "{\"successful\":true"
     but: was "{"ShipmentOptionResponse":{"successful":false,"errorList":[{"code":"2997","message":"TRAQS connection/request problem","source":null,"rootCause":null}],"alerts":null,"cxsalerts":null}}"
at org.hamcrest.MatcherAssert.assertThat(MatcherAssert.java:20)
at org.junit.Assert.assertThat(Assert.java:956)
at org.junit.Assert.assertThat(Assert.java:923)
at Test_Data_Generation.Add_Tracking_Numbers_To_User.Add_Tracking_Number(Add_Tracking_Numbers_To_User.java:69)
at sun.reflect.GeneratedMethodAccessor2.invoke(Unknown Source)
at sun.reflect.DelegatingMethodAccessorImpl.invoke(Unknown Source)
at java.lang.reflect.Method.invoke(Unknown Source)
at org.testng.internal.MethodInvocationHelper.invokeMethod(MethodInvocationHelper.java:124)
at org.testng.internal.Invoker.invokeMethod(Invoker.java:580)
at org.testng.internal.Invoker.invokeTestMethod(Invoker.java:716)
at org.testng.internal.TestMethodWithDataProviderMethodWorker.call(TestMethodWithDataProviderMethodWorker.java:71)
at org.testng.internal.TestMethodWithDataProviderMethodWorker.call(TestMethodWithDataProviderMethodWorker.java:14)
at java.util.concurrent.FutureTask.run(Unknown Source)
at java.util.concurrent.Executors$RunnableAdapter.call(Unknown Source)
at java.util.concurrent.FutureTask.run(Unknown Source)
at java.util.concurrent.ThreadPoolExecutor.runWorker(Unknown Source)
at java.util.concurrent.ThreadPoolExecutor$Worker.run(Unknown Source)
at java.lang.Thread.run(Unknown Source)
]]>
    </failure>
  </testcase> <!-- Add_Tracking_Number -->
  <testcase name="Add_Tracking_Number" time="0.500" classname="Test_Data_Generation.Add_Tracking_Numbers_To_User"/>
  <testcase name="Add_Tracking_Number" time="0.493" classname="Test_Data_Generation.Add_Tracking_Numbers_To_User"/>
  <testcase name="Add_Tracking_Number" time="0.656" classname="Test_Data_Generation.Add_Tracking_Numbers_To_User"/>
  <testcase name="Add_Tracking_Number" time="0.456" classname="Test_Data_Generation.Add_Tracking_Numbers_To_User"/>
</testsuite> <!-- Test_Data_Generation.Add_Tracking_Numbers_To_User -->
