<?xml version="1.0" encoding="UTF-8"?>
<!-- Generated by org.testng.reporters.JUnitReportReporter -->
<testsuite skipped="2" hostname="WTC-5159473-l2" name="Test_Data_Update.Tracking_Data_Update" tests="10" failures="0" timestamp="21 Nov 2019 17:51:24 GMT" time="57.393" errors="0">
  <testcase name="Tracking_Number_Update" time="8.230" classname="Test_Data_Update.Tracking_Data_Update"/>
  <testcase name="Tracking_Number_Update" time="6.999" classname="Test_Data_Update.Tracking_Data_Update"/>
  <testcase name="Tracking_Number_Update" time="5.377" classname="Test_Data_Update.Tracking_Data_Update"/>
  <testcase name="Tracking_Number_Update" time="7.881" classname="Test_Data_Update.Tracking_Data_Update"/>
  <testcase name="Tracking_Number_Update" time="5.018" classname="Test_Data_Update.Tracking_Data_Update"/>
  <testcase name="Tracking_Number_Update" time="7.761" classname="Test_Data_Update.Tracking_Data_Update"/>
  <testcase name="Tracking_Number_Update" time="8.017" classname="Test_Data_Update.Tracking_Data_Update"/>
  <testcase name="Tracking_Number_Update" time="8.110" classname="Test_Data_Update.Tracking_Data_Update"/>
  <testcase name="Tracking_Number_AssociatedShipment" classname="Test_Data_Update.Tracking_Data_Update">
    <skipped/>
  </testcase> <!-- Tracking_Number_AssociatedShipment -->
  <testcase name="Apply_Ground_Scan" classname="Test_Data_Update.Tracking_Data_Update">
    <skipped/>
  </testcase> <!-- Apply_Ground_Scan -->
</testsuite> <!-- Test_Data_Update.Tracking_Data_Update -->
