<?xml version="1.0" encoding="UTF-8"?>
<!-- Generated by org.testng.reporters.JUnitReportReporter -->
<testsuite skipped="0" hostname="WTC-5159473-l2" name="Test_Data_Generation.Tracking_Data_Update" tests="7" failures="0" timestamp="18 Jul 2019 16:43:23 GMT" time="71.959" errors="0">
  <testcase name="Tracking_Number_Update" time="10.685" classname="Test_Data_Generation.Tracking_Data_Update"/>
  <testcase name="Tracking_Number_Update" time="10.458" classname="Test_Data_Generation.Tracking_Data_Update"/>
  <testcase name="Tracking_Number_Update" time="10.817" classname="Test_Data_Generation.Tracking_Data_Update"/>
  <testcase name="Tracking_Number_Update" time="8.079" classname="Test_Data_Generation.Tracking_Data_Update"/>
  <testcase name="Tracking_Number_Update" time="10.761" classname="Test_Data_Generation.Tracking_Data_Update"/>
  <testcase name="Tracking_Number_Update" time="10.610" classname="Test_Data_Generation.Tracking_Data_Update"/>
  <testcase name="Tracking_Number_Update" time="10.549" classname="Test_Data_Generation.Tracking_Data_Update"/>
</testsuite> <!-- Test_Data_Generation.Tracking_Data_Update -->
