<?xml version="1.0" encoding="UTF-8"?>
<!-- Generated by org.testng.reporters.JUnitReportReporter -->
<testsuite skipped="0" hostname="WTC-5159473-l2" name="TRKC.get_spod_image" tests="1" failures="0" timestamp="28 Feb 2020 21:37:24 GMT" time="15.343" errors="0">
  <testcase name="testcall" time="15.343" classname="TRKC.get_spod_image"/>
</testsuite> <!-- TRKC.get_spod_image -->
