<?xml version="1.0" encoding="UTF-8"?>
<!-- Generated by org.testng.reporters.JUnitReportReporter -->
<testsuite skipped="0" hostname="WTC-5159473-l2" name="Test_Data_Generation.Add_Tracking_Numbers_To_User" tests="1401" failures="0" timestamp="16 Oct 2019 15:04:54 GMT" time="5049.435" errors="1">
  <testcase name="Add_Tracking_Number" time="2.694" classname="Test_Data_Generation.Add_Tracking_Numbers_To_User"/>
  <testcase name="Add_Tracking_Number" time="2.717" classname="Test_Data_Generation.Add_Tracking_Numbers_To_User"/>
  <testcase name="Add_Tracking_Number" time="4.388" classname="Test_Data_Generation.Add_Tracking_Numbers_To_User"/>
  <testcase name="Add_Tracking_Number" time="0.434" classname="Test_Data_Generation.Add_Tracking_Numbers_To_User"/>
  <testcase name="Add_Tracking_Number" time="3.449" classname="Test_Data_Generation.Add_Tracking_Numbers_To_User"/>
  <testcase name="Add_Tracking_Number" time="3.734" classname="Test_Data_Generation.Add_Tracking_Numbers_To_User"/>
  <testcase name="Add_Tracking_Number" time="0.362" classname="Test_Data_Generation.Add_Tracking_Numbers_To_User"/>
  <testcase name="Add_Tracking_Number" time="4.747" classname="Test_Data_Generation.Add_Tracking_Numbers_To_User"/>
  <testcase name="Add_Tracking_Number" time="4.057" classname="Test_Data_Generation.Add_Tracking_Numbers_To_User"/>
  <testcase name="Add_Tracking_Number" time="2.928" classname="Test_Data_Generation.Add_Tracking_Numbers_To_User"/>
  <testcase name="Add_Tracking_Number" time="2.634" classname="Test_Data_Generation.Add_Tracking_Numbers_To_User"/>
  <testcase name="Add_Tracking_Number" time="3.080" classname="Test_Data_Generation.Add_Tracking_Numbers_To_User"/>
  <testcase name="Add_Tracking_Number" time="2.909" classname="Test_Data_Generation.Add_Tracking_Numbers_To_User"/>
  <testcase name="Add_Tracking_Number" time="2.664" classname="Test_Data_Generation.Add_Tracking_Numbers_To_User"/>
  <testcase name="Add_Tracking_Number" time="4.614" classname="Test_Data_Generation.Add_Tracking_Numbers_To_User"/>
  <testcase name="Add_Tracking_Number" time="2.721" classname="Test_Data_Generation.Add_Tracking_Numbers_To_User"/>
  <testcase name="Add_Tracking_Number" time="0.260" classname="Test_Data_Generation.Add_Tracking_Numbers_To_User"/>
  <testcase name="Add_Tracking_Number" time="3.149" classname="Test_Data_Generation.Add_Tracking_Numbers_To_User"/>
  <testcase name="Add_Tracking_Number" time="3.922" classname="Test_Data_Generation.Add_Tracking_Numbers_To_User"/>
  <testcase name="Add_Tracking_Number" time="3.458" classname="Test_Data_Generation.Add_Tracking_Numbers_To_User"/>
  <testcase name="Add_Tracking_Number" time="3.361" classname="Test_Data_Generation.Add_Tracking_Numbers_To_User"/>
  <testcase name="Add_Tracking_Number" time="2.972" classname="Test_Data_Generation.Add_Tracking_Numbers_To_User"/>
  <testcase name="Add_Tracking_Number" time="3.489" classname="Test_Data_Generation.Add_Tracking_Numbers_To_User"/>
  <testcase name="Add_Tracking_Number" time="3.440" classname="Test_Data_Generation.Add_Tracking_Numbers_To_User"/>
  <testcase name="Add_Tracking_Number" time="3.719" classname="Test_Data_Generation.Add_Tracking_Numbers_To_User"/>
  <testcase name="Add_Tracking_Number" time="4.081" classname="Test_Data_Generation.Add_Tracking_Numbers_To_User"/>
  <testcase name="Add_Tracking_Number" time="3.930" classname="Test_Data_Generation.Add_Tracking_Numbers_To_User"/>
  <testcase name="Add_Tracking_Number" time="2.919" classname="Test_Data_Generation.Add_Tracking_Numbers_To_User"/>
  <testcase name="Add_Tracking_Number" time="7.386" classname="Test_Data_Generation.Add_Tracking_Numbers_To_User"/>
  <testcase name="Add_Tracking_Number" time="3.607" classname="Test_Data_Generation.Add_Tracking_Numbers_To_User"/>
  <testcase name="Add_Tracking_Number" time="2.866" classname="Test_Data_Generation.Add_Tracking_Numbers_To_User"/>
  <testcase name="Add_Tracking_Number" time="2.638" classname="Test_Data_Generation.Add_Tracking_Numbers_To_User"/>
  <testcase name="Add_Tracking_Number" time="5.753" classname="Test_Data_Generation.Add_Tracking_Numbers_To_User"/>
  <testcase name="Add_Tracking_Number" time="3.127" classname="Test_Data_Generation.Add_Tracking_Numbers_To_User"/>
  <testcase name="Add_Tracking_Number" time="3.750" classname="Test_Data_Generation.Add_Tracking_Numbers_To_User"/>
  <testcase name="Add_Tracking_Number" time="3.598" classname="Test_Data_Generation.Add_Tracking_Numbers_To_User"/>
  <testcase name="Add_Tracking_Number" time="5.105" classname="Test_Data_Generation.Add_Tracking_Numbers_To_User"/>
  <testcase name="Add_Tracking_Number" time="3.656" classname="Test_Data_Generation.Add_Tracking_Numbers_To_User"/>
  <testcase name="Add_Tracking_Number" time="2.940" classname="Test_Data_Generation.Add_Tracking_Numbers_To_User"/>
  <testcase name="Add_Tracking_Number" time="3.411" classname="Test_Data_Generation.Add_Tracking_Numbers_To_User"/>
  <testcase name="Add_Tracking_Number" time="3.794" classname="Test_Data_Generation.Add_Tracking_Numbers_To_User"/>
  <testcase name="Add_Tracking_Number" time="3.470" classname="Test_Data_Generation.Add_Tracking_Numbers_To_User"/>
  <testcase name="Add_Tracking_Number" time="3.304" classname="Test_Data_Generation.Add_Tracking_Numbers_To_User"/>
  <testcase name="Add_Tracking_Number" time="3.702" classname="Test_Data_Generation.Add_Tracking_Numbers_To_User"/>
  <testcase name="Add_Tracking_Number" time="4.878" classname="Test_Data_Generation.Add_Tracking_Numbers_To_User"/>
  <testcase name="Add_Tracking_Number" time="3.837" classname="Test_Data_Generation.Add_Tracking_Numbers_To_User"/>
  <testcase name="Add_Tracking_Number" time="3.493" classname="Test_Data_Generation.Add_Tracking_Numbers_To_User"/>
  <testcase name="Add_Tracking_Number" time="0.289" classname="Test_Data_Generation.Add_Tracking_Numbers_To_User"/>
  <testcase name="Add_Tracking_Number" time="0.529" classname="Test_Data_Generation.Add_Tracking_Numbers_To_User"/>
  <testcase name="Add_Tracking_Number" time="3.501" classname="Test_Data_Generation.Add_Tracking_Numbers_To_User"/>
  <testcase name="Add_Tracking_Number" time="3.066" classname="Test_Data_Generation.Add_Tracking_Numbers_To_User"/>
  <testcase name="Add_Tracking_Number" time="3.682" classname="Test_Data_Generation.Add_Tracking_Numbers_To_User"/>
  <testcase name="Add_Tracking_Number" time="3.204" classname="Test_Data_Generation.Add_Tracking_Numbers_To_User"/>
  <testcase name="Add_Tracking_Number" time="2.684" classname="Test_Data_Generation.Add_Tracking_Numbers_To_User"/>
  <testcase name="Add_Tracking_Number" time="2.801" classname="Test_Data_Generation.Add_Tracking_Numbers_To_User"/>
  <testcase name="Add_Tracking_Number" time="3.142" classname="Test_Data_Generation.Add_Tracking_Numbers_To_User"/>
  <testcase name="Add_Tracking_Number" time="3.383" classname="Test_Data_Generation.Add_Tracking_Numbers_To_User"/>
  <testcase name="Add_Tracking_Number" time="2.785" classname="Test_Data_Generation.Add_Tracking_Numbers_To_User"/>
  <testcase name="Add_Tracking_Number" time="4.505" classname="Test_Data_Generation.Add_Tracking_Numbers_To_User"/>
  <testcase name="Add_Tracking_Number" time="2.594" classname="Test_Data_Generation.Add_Tracking_Numbers_To_User"/>
  <testcase name="Add_Tracking_Number" time="4.082" classname="Test_Data_Generation.Add_Tracking_Numbers_To_User"/>
  <testcase name="Add_Tracking_Number" time="0.303" classname="Test_Data_Generation.Add_Tracking_Numbers_To_User"/>
  <testcase name="Add_Tracking_Number" time="3.666" classname="Test_Data_Generation.Add_Tracking_Numbers_To_User"/>
  <testcase name="Add_Tracking_Number" time="4.240" classname="Test_Data_Generation.Add_Tracking_Numbers_To_User"/>
  <testcase name="Add_Tracking_Number" time="2.932" classname="Test_Data_Generation.Add_Tracking_Numbers_To_User"/>
  <testcase name="Add_Tracking_Number" time="6.297" classname="Test_Data_Generation.Add_Tracking_Numbers_To_User"/>
  <testcase name="Add_Tracking_Number" time="3.217" classname="Test_Data_Generation.Add_Tracking_Numbers_To_User"/>
  <testcase name="Add_Tracking_Number" time="3.247" classname="Test_Data_Generation.Add_Tracking_Numbers_To_User"/>
  <testcase name="Add_Tracking_Number" time="3.214" classname="Test_Data_Generation.Add_Tracking_Numbers_To_User"/>
  <testcase name="Add_Tracking_Number" time="4.814" classname="Test_Data_Generation.Add_Tracking_Numbers_To_User"/>
  <testcase name="Add_Tracking_Number" time="4.388" classname="Test_Data_Generation.Add_Tracking_Numbers_To_User"/>
  <testcase name="Add_Tracking_Number" time="3.426" classname="Test_Data_Generation.Add_Tracking_Numbers_To_User"/>
  <testcase name="Add_Tracking_Number" time="6.931" classname="Test_Data_Generation.Add_Tracking_Numbers_To_User"/>
  <testcase name="Add_Tracking_Number" time="4.802" classname="Test_Data_Generation.Add_Tracking_Numbers_To_User"/>
  <testcase name="Add_Tracking_Number" time="2.680" classname="Test_Data_Generation.Add_Tracking_Numbers_To_User"/>
  <testcase name="Add_Tracking_Number" time="4.800" classname="Test_Data_Generation.Add_Tracking_Numbers_To_User"/>
  <testcase name="Add_Tracking_Number" time="3.682" classname="Test_Data_Generation.Add_Tracking_Numbers_To_User"/>
  <testcase name="Add_Tracking_Number" time="4.918" classname="Test_Data_Generation.Add_Tracking_Numbers_To_User"/>
  <testcase name="Add_Tracking_Number" time="2.906" classname="Test_Data_Generation.Add_Tracking_Numbers_To_User"/>
  <testcase name="Add_Tracking_Number" time="7.385" classname="Test_Data_Generation.Add_Tracking_Numbers_To_User"/>
  <testcase name="Add_Tracking_Number" time="3.086" classname="Test_Data_Generation.Add_Tracking_Numbers_To_User"/>
  <testcase name="Add_Tracking_Number" time="2.726" classname="Test_Data_Generation.Add_Tracking_Numbers_To_User"/>
  <testcase name="Add_Tracking_Number" time="2.842" classname="Test_Data_Generation.Add_Tracking_Numbers_To_User"/>
  <testcase name="Add_Tracking_Number" time="3.419" classname="Test_Data_Generation.Add_Tracking_Numbers_To_User"/>
  <testcase name="Add_Tracking_Number" time="3.420" classname="Test_Data_Generation.Add_Tracking_Numbers_To_User"/>
  <testcase name="Add_Tracking_Number" time="4.601" classname="Test_Data_Generation.Add_Tracking_Numbers_To_User"/>
  <testcase name="Add_Tracking_Number" time="4.400" classname="Test_Data_Generation.Add_Tracking_Numbers_To_User"/>
  <testcase name="Add_Tracking_Number" time="3.143" classname="Test_Data_Generation.Add_Tracking_Numbers_To_User"/>
  <testcase name="Add_Tracking_Number" time="3.295" classname="Test_Data_Generation.Add_Tracking_Numbers_To_User"/>
  <testcase name="Add_Tracking_Number" time="2.655" classname="Test_Data_Generation.Add_Tracking_Numbers_To_User"/>
  <testcase name="Add_Tracking_Number" time="3.828" classname="Test_Data_Generation.Add_Tracking_Numbers_To_User"/>
  <testcase name="Add_Tracking_Number" time="3.363" classname="Test_Data_Generation.Add_Tracking_Numbers_To_User"/>
  <testcase name="Add_Tracking_Number" time="3.734" classname="Test_Data_Generation.Add_Tracking_Numbers_To_User"/>
  <testcase name="Add_Tracking_Number" time="2.959" classname="Test_Data_Generation.Add_Tracking_Numbers_To_User"/>
  <testcase name="Add_Tracking_Number" time="3.275" classname="Test_Data_Generation.Add_Tracking_Numbers_To_User"/>
  <testcase name="Add_Tracking_Number" time="3.125" classname="Test_Data_Generation.Add_Tracking_Numbers_To_User"/>
  <testcase name="Add_Tracking_Number" time="3.075" classname="Test_Data_Generation.Add_Tracking_Numbers_To_User"/>
  <testcase name="Add_Tracking_Number" time="0.303" classname="Test_Data_Generation.Add_Tracking_Numbers_To_User"/>
  <testcase name="Add_Tracking_Number" time="2.932" classname="Test_Data_Generation.Add_Tracking_Numbers_To_User"/>
  <testcase name="Add_Tracking_Number" time="4.023" classname="Test_Data_Generation.Add_Tracking_Numbers_To_User"/>
  <testcase name="Add_Tracking_Number" time="4.146" classname="Test_Data_Generation.Add_Tracking_Numbers_To_User"/>
  <testcase name="Add_Tracking_Number" time="3.015" classname="Test_Data_Generation.Add_Tracking_Numbers_To_User"/>
  <testcase name="Add_Tracking_Number" time="3.553" classname="Test_Data_Generation.Add_Tracking_Numbers_To_User"/>
  <testcase name="Add_Tracking_Number" time="3.077" classname="Test_Data_Generation.Add_Tracking_Numbers_To_User"/>
  <testcase name="Add_Tracking_Number" time="2.930" classname="Test_Data_Generation.Add_Tracking_Numbers_To_User"/>
  <testcase name="Add_Tracking_Number" time="3.018" classname="Test_Data_Generation.Add_Tracking_Numbers_To_User"/>
  <testcase name="Add_Tracking_Number" time="4.755" classname="Test_Data_Generation.Add_Tracking_Numbers_To_User"/>
  <testcase name="Add_Tracking_Number" time="2.911" classname="Test_Data_Generation.Add_Tracking_Numbers_To_User"/>
  <testcase name="Add_Tracking_Number" time="3.220" classname="Test_Data_Generation.Add_Tracking_Numbers_To_User"/>
  <testcase name="Add_Tracking_Number" time="3.702" classname="Test_Data_Generation.Add_Tracking_Numbers_To_User"/>
  <testcase name="Add_Tracking_Number" time="3.334" classname="Test_Data_Generation.Add_Tracking_Numbers_To_User"/>
  <testcase name="Add_Tracking_Number" time="3.045" classname="Test_Data_Generation.Add_Tracking_Numbers_To_User"/>
  <testcase name="Add_Tracking_Number" time="4.044" classname="Test_Data_Generation.Add_Tracking_Numbers_To_User"/>
  <testcase name="Add_Tracking_Number" time="3.228" classname="Test_Data_Generation.Add_Tracking_Numbers_To_User"/>
  <testcase name="Add_Tracking_Number" time="3.966" classname="Test_Data_Generation.Add_Tracking_Numbers_To_User"/>
  <testcase name="Add_Tracking_Number" time="3.870" classname="Test_Data_Generation.Add_Tracking_Numbers_To_User"/>
  <testcase name="Add_Tracking_Number" time="0.389" classname="Test_Data_Generation.Add_Tracking_Numbers_To_User"/>
  <testcase name="Add_Tracking_Number" time="2.690" classname="Test_Data_Generation.Add_Tracking_Numbers_To_User"/>
  <testcase name="Add_Tracking_Number" time="3.017" classname="Test_Data_Generation.Add_Tracking_Numbers_To_User"/>
  <testcase name="Add_Tracking_Number" time="3.753" classname="Test_Data_Generation.Add_Tracking_Numbers_To_User"/>
  <testcase name="Add_Tracking_Number" time="3.665" classname="Test_Data_Generation.Add_Tracking_Numbers_To_User"/>
  <testcase name="Add_Tracking_Number" time="5.649" classname="Test_Data_Generation.Add_Tracking_Numbers_To_User"/>
  <testcase name="Add_Tracking_Number" time="3.801" classname="Test_Data_Generation.Add_Tracking_Numbers_To_User"/>
  <testcase name="Add_Tracking_Number" time="7.527" classname="Test_Data_Generation.Add_Tracking_Numbers_To_User"/>
  <testcase name="Add_Tracking_Number" time="2.680" classname="Test_Data_Generation.Add_Tracking_Numbers_To_User"/>
  <testcase name="Add_Tracking_Number" time="3.744" classname="Test_Data_Generation.Add_Tracking_Numbers_To_User"/>
  <testcase name="Add_Tracking_Number" time="0.351" classname="Test_Data_Generation.Add_Tracking_Numbers_To_User"/>
  <testcase name="Add_Tracking_Number" time="3.556" classname="Test_Data_Generation.Add_Tracking_Numbers_To_User"/>
  <testcase name="Add_Tracking_Number" time="3.607" classname="Test_Data_Generation.Add_Tracking_Numbers_To_User"/>
  <testcase name="Add_Tracking_Number" time="2.644" classname="Test_Data_Generation.Add_Tracking_Numbers_To_User"/>
  <testcase name="Add_Tracking_Number" time="5.434" classname="Test_Data_Generation.Add_Tracking_Numbers_To_User"/>
  <testcase name="Add_Tracking_Number" time="3.109" classname="Test_Data_Generation.Add_Tracking_Numbers_To_User"/>
  <testcase name="Add_Tracking_Number" time="3.123" classname="Test_Data_Generation.Add_Tracking_Numbers_To_User"/>
  <testcase name="Add_Tracking_Number" time="4.508" classname="Test_Data_Generation.Add_Tracking_Numbers_To_User"/>
  <testcase name="Add_Tracking_Number" time="3.766" classname="Test_Data_Generation.Add_Tracking_Numbers_To_User"/>
  <testcase name="Add_Tracking_Number" time="5.073" classname="Test_Data_Generation.Add_Tracking_Numbers_To_User"/>
  <testcase name="Add_Tracking_Number" time="3.987" classname="Test_Data_Generation.Add_Tracking_Numbers_To_User"/>
  <testcase name="Add_Tracking_Number" time="3.367" classname="Test_Data_Generation.Add_Tracking_Numbers_To_User"/>
  <testcase name="Add_Tracking_Number" time="2.981" classname="Test_Data_Generation.Add_Tracking_Numbers_To_User"/>
  <testcase name="Add_Tracking_Number" time="3.994" classname="Test_Data_Generation.Add_Tracking_Numbers_To_User"/>
  <testcase name="Add_Tracking_Number" time="2.877" classname="Test_Data_Generation.Add_Tracking_Numbers_To_User"/>
  <testcase name="Add_Tracking_Number" time="3.471" classname="Test_Data_Generation.Add_Tracking_Numbers_To_User"/>
  <testcase name="Add_Tracking_Number" time="3.540" classname="Test_Data_Generation.Add_Tracking_Numbers_To_User"/>
  <testcase name="Add_Tracking_Number" time="4.369" classname="Test_Data_Generation.Add_Tracking_Numbers_To_User"/>
  <testcase name="Add_Tracking_Number" time="3.528" classname="Test_Data_Generation.Add_Tracking_Numbers_To_User"/>
  <testcase name="Add_Tracking_Number" time="0.412" classname="Test_Data_Generation.Add_Tracking_Numbers_To_User"/>
  <testcase name="Add_Tracking_Number" time="3.078" classname="Test_Data_Generation.Add_Tracking_Numbers_To_User"/>
  <testcase name="Add_Tracking_Number" time="4.107" classname="Test_Data_Generation.Add_Tracking_Numbers_To_User"/>
  <testcase name="Add_Tracking_Number" time="3.317" classname="Test_Data_Generation.Add_Tracking_Numbers_To_User"/>
  <testcase name="Add_Tracking_Number" time="6.377" classname="Test_Data_Generation.Add_Tracking_Numbers_To_User"/>
  <testcase name="Add_Tracking_Number" time="3.777" classname="Test_Data_Generation.Add_Tracking_Numbers_To_User"/>
  <testcase name="Add_Tracking_Number" time="4.752" classname="Test_Data_Generation.Add_Tracking_Numbers_To_User"/>
  <testcase name="Add_Tracking_Number" time="6.548" classname="Test_Data_Generation.Add_Tracking_Numbers_To_User"/>
  <testcase name="Add_Tracking_Number" time="4.013" classname="Test_Data_Generation.Add_Tracking_Numbers_To_User"/>
  <testcase name="Add_Tracking_Number" time="3.616" classname="Test_Data_Generation.Add_Tracking_Numbers_To_User"/>
  <testcase name="Add_Tracking_Number" time="3.344" classname="Test_Data_Generation.Add_Tracking_Numbers_To_User"/>
  <testcase name="Add_Tracking_Number" time="0.403" classname="Test_Data_Generation.Add_Tracking_Numbers_To_User"/>
  <testcase name="Add_Tracking_Number" time="4.222" classname="Test_Data_Generation.Add_Tracking_Numbers_To_User"/>
  <testcase name="Add_Tracking_Number" time="4.635" classname="Test_Data_Generation.Add_Tracking_Numbers_To_User"/>
  <testcase name="Add_Tracking_Number" time="2.672" classname="Test_Data_Generation.Add_Tracking_Numbers_To_User"/>
  <testcase name="Add_Tracking_Number" time="3.065" classname="Test_Data_Generation.Add_Tracking_Numbers_To_User"/>
  <testcase name="Add_Tracking_Number" time="2.916" classname="Test_Data_Generation.Add_Tracking_Numbers_To_User"/>
  <testcase name="Add_Tracking_Number" time="3.591" classname="Test_Data_Generation.Add_Tracking_Numbers_To_User"/>
  <testcase name="Add_Tracking_Number" time="0.311" classname="Test_Data_Generation.Add_Tracking_Numbers_To_User"/>
  <testcase name="Add_Tracking_Number" time="3.476" classname="Test_Data_Generation.Add_Tracking_Numbers_To_User"/>
  <testcase name="Add_Tracking_Number" time="2.655" classname="Test_Data_Generation.Add_Tracking_Numbers_To_User"/>
  <testcase name="Add_Tracking_Number" time="4.112" classname="Test_Data_Generation.Add_Tracking_Numbers_To_User"/>
  <testcase name="Add_Tracking_Number" time="3.060" classname="Test_Data_Generation.Add_Tracking_Numbers_To_User"/>
  <testcase name="Add_Tracking_Number" time="4.821" classname="Test_Data_Generation.Add_Tracking_Numbers_To_User"/>
  <testcase name="Add_Tracking_Number" time="4.699" classname="Test_Data_Generation.Add_Tracking_Numbers_To_User"/>
  <testcase name="Add_Tracking_Number" time="4.683" classname="Test_Data_Generation.Add_Tracking_Numbers_To_User"/>
  <testcase name="Add_Tracking_Number" time="3.089" classname="Test_Data_Generation.Add_Tracking_Numbers_To_User"/>
  <testcase name="Add_Tracking_Number" time="3.664" classname="Test_Data_Generation.Add_Tracking_Numbers_To_User"/>
  <testcase name="Add_Tracking_Number" time="4.230" classname="Test_Data_Generation.Add_Tracking_Numbers_To_User"/>
  <testcase name="Add_Tracking_Number" time="2.925" classname="Test_Data_Generation.Add_Tracking_Numbers_To_User"/>
  <testcase name="Add_Tracking_Number" time="4.412" classname="Test_Data_Generation.Add_Tracking_Numbers_To_User"/>
  <testcase name="Add_Tracking_Number" time="4.592" classname="Test_Data_Generation.Add_Tracking_Numbers_To_User"/>
  <testcase name="Add_Tracking_Number" time="3.019" classname="Test_Data_Generation.Add_Tracking_Numbers_To_User"/>
  <testcase name="Add_Tracking_Number" time="3.861" classname="Test_Data_Generation.Add_Tracking_Numbers_To_User"/>
  <testcase name="Add_Tracking_Number" time="4.692" classname="Test_Data_Generation.Add_Tracking_Numbers_To_User"/>
  <testcase name="Add_Tracking_Number" time="3.984" classname="Test_Data_Generation.Add_Tracking_Numbers_To_User"/>
  <testcase name="Add_Tracking_Number" time="3.659" classname="Test_Data_Generation.Add_Tracking_Numbers_To_User"/>
  <testcase name="Add_Tracking_Number" time="2.869" classname="Test_Data_Generation.Add_Tracking_Numbers_To_User"/>
  <testcase name="Add_Tracking_Number" time="2.822" classname="Test_Data_Generation.Add_Tracking_Numbers_To_User"/>
  <testcase name="Add_Tracking_Number" time="4.244" classname="Test_Data_Generation.Add_Tracking_Numbers_To_User"/>
  <testcase name="Add_Tracking_Number" time="0.259" classname="Test_Data_Generation.Add_Tracking_Numbers_To_User"/>
  <testcase name="Add_Tracking_Number" time="4.397" classname="Test_Data_Generation.Add_Tracking_Numbers_To_User"/>
  <testcase name="Add_Tracking_Number" time="3.745" classname="Test_Data_Generation.Add_Tracking_Numbers_To_User"/>
  <testcase name="Add_Tracking_Number" time="2.968" classname="Test_Data_Generation.Add_Tracking_Numbers_To_User"/>
  <testcase name="Add_Tracking_Number" time="3.700" classname="Test_Data_Generation.Add_Tracking_Numbers_To_User"/>
  <testcase name="Add_Tracking_Number" time="2.746" classname="Test_Data_Generation.Add_Tracking_Numbers_To_User"/>
  <testcase name="Add_Tracking_Number" time="4.226" classname="Test_Data_Generation.Add_Tracking_Numbers_To_User"/>
  <testcase name="Add_Tracking_Number" time="3.189" classname="Test_Data_Generation.Add_Tracking_Numbers_To_User"/>
  <testcase name="Add_Tracking_Number" time="3.351" classname="Test_Data_Generation.Add_Tracking_Numbers_To_User"/>
  <testcase name="Add_Tracking_Number" time="3.895" classname="Test_Data_Generation.Add_Tracking_Numbers_To_User"/>
  <testcase name="Add_Tracking_Number" time="5.285" classname="Test_Data_Generation.Add_Tracking_Numbers_To_User"/>
  <testcase name="Add_Tracking_Number" time="3.337" classname="Test_Data_Generation.Add_Tracking_Numbers_To_User"/>
  <testcase name="Add_Tracking_Number" time="3.717" classname="Test_Data_Generation.Add_Tracking_Numbers_To_User"/>
  <testcase name="Add_Tracking_Number" time="2.733" classname="Test_Data_Generation.Add_Tracking_Numbers_To_User"/>
  <testcase name="Add_Tracking_Number" time="3.181" classname="Test_Data_Generation.Add_Tracking_Numbers_To_User"/>
  <testcase name="Add_Tracking_Number" time="4.232" classname="Test_Data_Generation.Add_Tracking_Numbers_To_User"/>
  <testcase name="Add_Tracking_Number" time="3.848" classname="Test_Data_Generation.Add_Tracking_Numbers_To_User"/>
  <testcase name="Add_Tracking_Number" time="3.508" classname="Test_Data_Generation.Add_Tracking_Numbers_To_User"/>
  <testcase name="Add_Tracking_Number" time="4.628" classname="Test_Data_Generation.Add_Tracking_Numbers_To_User"/>
  <testcase name="Add_Tracking_Number" time="2.606" classname="Test_Data_Generation.Add_Tracking_Numbers_To_User"/>
  <testcase name="Add_Tracking_Number" time="6.777" classname="Test_Data_Generation.Add_Tracking_Numbers_To_User"/>
  <testcase name="Add_Tracking_Number" time="3.552" classname="Test_Data_Generation.Add_Tracking_Numbers_To_User"/>
  <testcase name="Add_Tracking_Number" time="3.442" classname="Test_Data_Generation.Add_Tracking_Numbers_To_User"/>
  <testcase name="Add_Tracking_Number" time="3.576" classname="Test_Data_Generation.Add_Tracking_Numbers_To_User"/>
  <testcase name="Add_Tracking_Number" time="4.288" classname="Test_Data_Generation.Add_Tracking_Numbers_To_User"/>
  <testcase name="Add_Tracking_Number" time="2.825" classname="Test_Data_Generation.Add_Tracking_Numbers_To_User"/>
  <testcase name="Add_Tracking_Number" time="3.940" classname="Test_Data_Generation.Add_Tracking_Numbers_To_User"/>
  <testcase name="Add_Tracking_Number" time="0.284" classname="Test_Data_Generation.Add_Tracking_Numbers_To_User"/>
  <testcase name="Add_Tracking_Number" time="4.259" classname="Test_Data_Generation.Add_Tracking_Numbers_To_User"/>
  <testcase name="Add_Tracking_Number" time="0.279" classname="Test_Data_Generation.Add_Tracking_Numbers_To_User"/>
  <testcase name="Add_Tracking_Number" time="2.595" classname="Test_Data_Generation.Add_Tracking_Numbers_To_User"/>
  <testcase name="Add_Tracking_Number" time="3.817" classname="Test_Data_Generation.Add_Tracking_Numbers_To_User"/>
  <testcase name="Add_Tracking_Number" time="3.695" classname="Test_Data_Generation.Add_Tracking_Numbers_To_User"/>
  <testcase name="Add_Tracking_Number" time="1.971" classname="Test_Data_Generation.Add_Tracking_Numbers_To_User"/>
  <testcase name="Add_Tracking_Number" time="3.538" classname="Test_Data_Generation.Add_Tracking_Numbers_To_User"/>
  <testcase name="Add_Tracking_Number" time="3.563" classname="Test_Data_Generation.Add_Tracking_Numbers_To_User"/>
  <testcase name="Add_Tracking_Number" time="5.178" classname="Test_Data_Generation.Add_Tracking_Numbers_To_User"/>
  <testcase name="Add_Tracking_Number" time="3.817" classname="Test_Data_Generation.Add_Tracking_Numbers_To_User"/>
  <testcase name="Add_Tracking_Number" time="3.466" classname="Test_Data_Generation.Add_Tracking_Numbers_To_User"/>
  <testcase name="Add_Tracking_Number" time="3.500" classname="Test_Data_Generation.Add_Tracking_Numbers_To_User"/>
  <testcase name="Add_Tracking_Number" time="4.008" classname="Test_Data_Generation.Add_Tracking_Numbers_To_User"/>
  <testcase name="Add_Tracking_Number" time="3.079" classname="Test_Data_Generation.Add_Tracking_Numbers_To_User"/>
  <testcase name="Add_Tracking_Number" time="4.422" classname="Test_Data_Generation.Add_Tracking_Numbers_To_User"/>
  <testcase name="Add_Tracking_Number" time="3.032" classname="Test_Data_Generation.Add_Tracking_Numbers_To_User"/>
  <testcase name="Add_Tracking_Number" time="4.235" classname="Test_Data_Generation.Add_Tracking_Numbers_To_User"/>
  <testcase name="Add_Tracking_Number" time="3.033" classname="Test_Data_Generation.Add_Tracking_Numbers_To_User"/>
  <testcase name="Add_Tracking_Number" time="3.357" classname="Test_Data_Generation.Add_Tracking_Numbers_To_User"/>
  <testcase name="Add_Tracking_Number" time="4.276" classname="Test_Data_Generation.Add_Tracking_Numbers_To_User"/>
  <testcase name="Add_Tracking_Number" time="4.045" classname="Test_Data_Generation.Add_Tracking_Numbers_To_User"/>
  <testcase name="Add_Tracking_Number" time="3.068" classname="Test_Data_Generation.Add_Tracking_Numbers_To_User"/>
  <testcase name="Add_Tracking_Number" time="2.995" classname="Test_Data_Generation.Add_Tracking_Numbers_To_User"/>
  <testcase name="Add_Tracking_Number" time="3.891" classname="Test_Data_Generation.Add_Tracking_Numbers_To_User"/>
  <testcase name="Add_Tracking_Number" time="2.846" classname="Test_Data_Generation.Add_Tracking_Numbers_To_User"/>
  <testcase name="Add_Tracking_Number" time="2.887" classname="Test_Data_Generation.Add_Tracking_Numbers_To_User"/>
  <testcase name="Add_Tracking_Number" time="3.111" classname="Test_Data_Generation.Add_Tracking_Numbers_To_User"/>
  <testcase name="Add_Tracking_Number" time="2.654" classname="Test_Data_Generation.Add_Tracking_Numbers_To_User"/>
  <testcase name="Add_Tracking_Number" time="5.191" classname="Test_Data_Generation.Add_Tracking_Numbers_To_User"/>
  <testcase name="Add_Tracking_Number" time="4.273" classname="Test_Data_Generation.Add_Tracking_Numbers_To_User"/>
  <testcase name="Add_Tracking_Number" time="2.674" classname="Test_Data_Generation.Add_Tracking_Numbers_To_User"/>
  <testcase name="Add_Tracking_Number" time="3.221" classname="Test_Data_Generation.Add_Tracking_Numbers_To_User"/>
  <testcase name="Add_Tracking_Number" time="3.862" classname="Test_Data_Generation.Add_Tracking_Numbers_To_User"/>
  <testcase name="Add_Tracking_Number" time="3.524" classname="Test_Data_Generation.Add_Tracking_Numbers_To_User"/>
  <testcase name="Add_Tracking_Number" time="4.592" classname="Test_Data_Generation.Add_Tracking_Numbers_To_User"/>
  <testcase name="Add_Tracking_Number" time="3.877" classname="Test_Data_Generation.Add_Tracking_Numbers_To_User"/>
  <testcase name="Add_Tracking_Number" time="4.546" classname="Test_Data_Generation.Add_Tracking_Numbers_To_User"/>
  <testcase name="Add_Tracking_Number" time="0.581" classname="Test_Data_Generation.Add_Tracking_Numbers_To_User"/>
  <testcase name="Add_Tracking_Number" time="4.577" classname="Test_Data_Generation.Add_Tracking_Numbers_To_User"/>
  <testcase name="Add_Tracking_Number" time="4.288" classname="Test_Data_Generation.Add_Tracking_Numbers_To_User"/>
  <testcase name="Add_Tracking_Number" time="4.642" classname="Test_Data_Generation.Add_Tracking_Numbers_To_User"/>
  <testcase name="Add_Tracking_Number" time="3.383" classname="Test_Data_Generation.Add_Tracking_Numbers_To_User"/>
  <testcase name="Add_Tracking_Number" time="0.342" classname="Test_Data_Generation.Add_Tracking_Numbers_To_User"/>
  <testcase name="Add_Tracking_Number" time="3.933" classname="Test_Data_Generation.Add_Tracking_Numbers_To_User"/>
  <testcase name="Add_Tracking_Number" time="4.003" classname="Test_Data_Generation.Add_Tracking_Numbers_To_User"/>
  <testcase name="Add_Tracking_Number" time="3.643" classname="Test_Data_Generation.Add_Tracking_Numbers_To_User"/>
  <testcase name="Add_Tracking_Number" time="3.043" classname="Test_Data_Generation.Add_Tracking_Numbers_To_User"/>
  <testcase name="Add_Tracking_Number" time="0.299" classname="Test_Data_Generation.Add_Tracking_Numbers_To_User"/>
  <testcase name="Add_Tracking_Number" time="4.089" classname="Test_Data_Generation.Add_Tracking_Numbers_To_User"/>
  <testcase name="Add_Tracking_Number" time="4.132" classname="Test_Data_Generation.Add_Tracking_Numbers_To_User"/>
  <testcase name="Add_Tracking_Number" time="3.240" classname="Test_Data_Generation.Add_Tracking_Numbers_To_User"/>
  <testcase name="Add_Tracking_Number" time="0.249" classname="Test_Data_Generation.Add_Tracking_Numbers_To_User"/>
  <testcase name="Add_Tracking_Number" time="4.486" classname="Test_Data_Generation.Add_Tracking_Numbers_To_User"/>
  <testcase name="Add_Tracking_Number" time="3.806" classname="Test_Data_Generation.Add_Tracking_Numbers_To_User"/>
  <testcase name="Add_Tracking_Number" time="2.930" classname="Test_Data_Generation.Add_Tracking_Numbers_To_User"/>
  <testcase name="Add_Tracking_Number" time="4.686" classname="Test_Data_Generation.Add_Tracking_Numbers_To_User"/>
  <testcase name="Add_Tracking_Number" time="3.647" classname="Test_Data_Generation.Add_Tracking_Numbers_To_User"/>
  <testcase name="Add_Tracking_Number" time="3.745" classname="Test_Data_Generation.Add_Tracking_Numbers_To_User"/>
  <testcase name="Add_Tracking_Number" time="2.982" classname="Test_Data_Generation.Add_Tracking_Numbers_To_User"/>
  <testcase name="Add_Tracking_Number" time="0.310" classname="Test_Data_Generation.Add_Tracking_Numbers_To_User"/>
  <testcase name="Add_Tracking_Number" time="2.815" classname="Test_Data_Generation.Add_Tracking_Numbers_To_User"/>
  <testcase name="Add_Tracking_Number" time="2.982" classname="Test_Data_Generation.Add_Tracking_Numbers_To_User"/>
  <testcase name="Add_Tracking_Number" time="3.976" classname="Test_Data_Generation.Add_Tracking_Numbers_To_User"/>
  <testcase name="Add_Tracking_Number" time="5.272" classname="Test_Data_Generation.Add_Tracking_Numbers_To_User"/>
  <testcase name="Add_Tracking_Number" time="3.974" classname="Test_Data_Generation.Add_Tracking_Numbers_To_User"/>
  <testcase name="Add_Tracking_Number" time="4.231" classname="Test_Data_Generation.Add_Tracking_Numbers_To_User"/>
  <testcase name="Add_Tracking_Number" time="3.431" classname="Test_Data_Generation.Add_Tracking_Numbers_To_User"/>
  <testcase name="Add_Tracking_Number" time="3.782" classname="Test_Data_Generation.Add_Tracking_Numbers_To_User"/>
  <testcase name="Add_Tracking_Number" time="3.076" classname="Test_Data_Generation.Add_Tracking_Numbers_To_User"/>
  <testcase name="Add_Tracking_Number" time="4.019" classname="Test_Data_Generation.Add_Tracking_Numbers_To_User"/>
  <testcase name="Add_Tracking_Number" time="2.965" classname="Test_Data_Generation.Add_Tracking_Numbers_To_User"/>
  <testcase name="Add_Tracking_Number" time="3.617" classname="Test_Data_Generation.Add_Tracking_Numbers_To_User"/>
  <testcase name="Add_Tracking_Number" time="2.728" classname="Test_Data_Generation.Add_Tracking_Numbers_To_User"/>
  <testcase name="Add_Tracking_Number" time="4.000" classname="Test_Data_Generation.Add_Tracking_Numbers_To_User"/>
  <testcase name="Add_Tracking_Number" time="4.196" classname="Test_Data_Generation.Add_Tracking_Numbers_To_User"/>
  <testcase name="Add_Tracking_Number" time="4.245" classname="Test_Data_Generation.Add_Tracking_Numbers_To_User"/>
  <testcase name="Add_Tracking_Number" time="3.026" classname="Test_Data_Generation.Add_Tracking_Numbers_To_User"/>
  <testcase name="Add_Tracking_Number" time="2.818" classname="Test_Data_Generation.Add_Tracking_Numbers_To_User"/>
  <testcase name="Add_Tracking_Number" time="2.837" classname="Test_Data_Generation.Add_Tracking_Numbers_To_User"/>
  <testcase name="Add_Tracking_Number" time="3.720" classname="Test_Data_Generation.Add_Tracking_Numbers_To_User"/>
  <testcase name="Add_Tracking_Number" time="7.757" classname="Test_Data_Generation.Add_Tracking_Numbers_To_User"/>
  <testcase name="Add_Tracking_Number" time="4.457" classname="Test_Data_Generation.Add_Tracking_Numbers_To_User"/>
  <testcase name="Add_Tracking_Number" time="3.116" classname="Test_Data_Generation.Add_Tracking_Numbers_To_User"/>
  <testcase name="Add_Tracking_Number" time="2.981" classname="Test_Data_Generation.Add_Tracking_Numbers_To_User"/>
  <testcase name="Add_Tracking_Number" time="3.228" classname="Test_Data_Generation.Add_Tracking_Numbers_To_User"/>
  <testcase name="Add_Tracking_Number" time="0.297" classname="Test_Data_Generation.Add_Tracking_Numbers_To_User"/>
  <testcase name="Add_Tracking_Number" time="2.902" classname="Test_Data_Generation.Add_Tracking_Numbers_To_User"/>
  <testcase name="Add_Tracking_Number" time="3.216" classname="Test_Data_Generation.Add_Tracking_Numbers_To_User"/>
  <testcase name="Add_Tracking_Number" time="3.587" classname="Test_Data_Generation.Add_Tracking_Numbers_To_User"/>
  <testcase name="Add_Tracking_Number" time="3.040" classname="Test_Data_Generation.Add_Tracking_Numbers_To_User"/>
  <testcase name="Add_Tracking_Number" time="3.809" classname="Test_Data_Generation.Add_Tracking_Numbers_To_User"/>
  <testcase name="Add_Tracking_Number" time="4.332" classname="Test_Data_Generation.Add_Tracking_Numbers_To_User"/>
  <testcase name="Add_Tracking_Number" time="5.067" classname="Test_Data_Generation.Add_Tracking_Numbers_To_User"/>
  <testcase name="Add_Tracking_Number" time="3.045" classname="Test_Data_Generation.Add_Tracking_Numbers_To_User"/>
  <testcase name="Add_Tracking_Number" time="4.193" classname="Test_Data_Generation.Add_Tracking_Numbers_To_User"/>
  <testcase name="Add_Tracking_Number" time="2.766" classname="Test_Data_Generation.Add_Tracking_Numbers_To_User"/>
  <testcase name="Add_Tracking_Number" time="4.086" classname="Test_Data_Generation.Add_Tracking_Numbers_To_User"/>
  <testcase name="Add_Tracking_Number" time="4.689" classname="Test_Data_Generation.Add_Tracking_Numbers_To_User"/>
  <testcase name="Add_Tracking_Number" time="3.994" classname="Test_Data_Generation.Add_Tracking_Numbers_To_User"/>
  <testcase name="Add_Tracking_Number" time="2.982" classname="Test_Data_Generation.Add_Tracking_Numbers_To_User"/>
  <testcase name="Add_Tracking_Number" time="4.008" classname="Test_Data_Generation.Add_Tracking_Numbers_To_User"/>
  <testcase name="Add_Tracking_Number" time="5.349" classname="Test_Data_Generation.Add_Tracking_Numbers_To_User"/>
  <testcase name="Add_Tracking_Number" time="4.349" classname="Test_Data_Generation.Add_Tracking_Numbers_To_User"/>
  <testcase name="Add_Tracking_Number" time="4.504" classname="Test_Data_Generation.Add_Tracking_Numbers_To_User"/>
  <testcase name="Add_Tracking_Number" time="3.258" classname="Test_Data_Generation.Add_Tracking_Numbers_To_User"/>
  <testcase name="Add_Tracking_Number" time="4.432" classname="Test_Data_Generation.Add_Tracking_Numbers_To_User"/>
  <testcase name="Add_Tracking_Number" time="3.259" classname="Test_Data_Generation.Add_Tracking_Numbers_To_User"/>
  <testcase name="Add_Tracking_Number" time="2.863" classname="Test_Data_Generation.Add_Tracking_Numbers_To_User"/>
  <testcase name="Add_Tracking_Number" time="2.821" classname="Test_Data_Generation.Add_Tracking_Numbers_To_User"/>
  <testcase name="Add_Tracking_Number" time="4.340" classname="Test_Data_Generation.Add_Tracking_Numbers_To_User"/>
  <testcase name="Add_Tracking_Number" time="7.378" classname="Test_Data_Generation.Add_Tracking_Numbers_To_User"/>
  <testcase name="Add_Tracking_Number" time="3.115" classname="Test_Data_Generation.Add_Tracking_Numbers_To_User"/>
  <testcase name="Add_Tracking_Number" time="3.431" classname="Test_Data_Generation.Add_Tracking_Numbers_To_User"/>
  <testcase name="Add_Tracking_Number" time="3.785" classname="Test_Data_Generation.Add_Tracking_Numbers_To_User"/>
  <testcase name="Add_Tracking_Number" time="2.779" classname="Test_Data_Generation.Add_Tracking_Numbers_To_User"/>
  <testcase name="Add_Tracking_Number" time="2.967" classname="Test_Data_Generation.Add_Tracking_Numbers_To_User"/>
  <testcase name="Add_Tracking_Number" time="2.870" classname="Test_Data_Generation.Add_Tracking_Numbers_To_User"/>
  <testcase name="Add_Tracking_Number" time="3.086" classname="Test_Data_Generation.Add_Tracking_Numbers_To_User"/>
  <testcase name="Add_Tracking_Number" time="0.421" classname="Test_Data_Generation.Add_Tracking_Numbers_To_User"/>
  <testcase name="Add_Tracking_Number" time="3.377" classname="Test_Data_Generation.Add_Tracking_Numbers_To_User"/>
  <testcase name="Add_Tracking_Number" time="4.131" classname="Test_Data_Generation.Add_Tracking_Numbers_To_User"/>
  <testcase name="Add_Tracking_Number" time="4.209" classname="Test_Data_Generation.Add_Tracking_Numbers_To_User"/>
  <testcase name="Add_Tracking_Number" time="3.933" classname="Test_Data_Generation.Add_Tracking_Numbers_To_User"/>
  <testcase name="Add_Tracking_Number" time="4.243" classname="Test_Data_Generation.Add_Tracking_Numbers_To_User"/>
  <testcase name="Add_Tracking_Number" time="3.858" classname="Test_Data_Generation.Add_Tracking_Numbers_To_User"/>
  <testcase name="Add_Tracking_Number" time="6.484" classname="Test_Data_Generation.Add_Tracking_Numbers_To_User"/>
  <testcase name="Add_Tracking_Number" time="3.256" classname="Test_Data_Generation.Add_Tracking_Numbers_To_User"/>
  <testcase name="Add_Tracking_Number" time="3.611" classname="Test_Data_Generation.Add_Tracking_Numbers_To_User"/>
  <testcase name="Add_Tracking_Number" time="3.167" classname="Test_Data_Generation.Add_Tracking_Numbers_To_User"/>
  <testcase name="Add_Tracking_Number" time="3.671" classname="Test_Data_Generation.Add_Tracking_Numbers_To_User"/>
  <testcase name="Add_Tracking_Number" time="4.278" classname="Test_Data_Generation.Add_Tracking_Numbers_To_User"/>
  <testcase name="Add_Tracking_Number" time="4.079" classname="Test_Data_Generation.Add_Tracking_Numbers_To_User"/>
  <testcase name="Add_Tracking_Number" time="3.941" classname="Test_Data_Generation.Add_Tracking_Numbers_To_User"/>
  <testcase name="Add_Tracking_Number" time="3.715" classname="Test_Data_Generation.Add_Tracking_Numbers_To_User"/>
  <testcase name="Add_Tracking_Number" time="0.781" classname="Test_Data_Generation.Add_Tracking_Numbers_To_User"/>
  <testcase name="Add_Tracking_Number" time="3.110" classname="Test_Data_Generation.Add_Tracking_Numbers_To_User"/>
  <testcase name="Add_Tracking_Number" time="2.653" classname="Test_Data_Generation.Add_Tracking_Numbers_To_User"/>
  <testcase name="Add_Tracking_Number" time="3.540" classname="Test_Data_Generation.Add_Tracking_Numbers_To_User"/>
  <testcase name="Add_Tracking_Number" time="3.803" classname="Test_Data_Generation.Add_Tracking_Numbers_To_User"/>
  <testcase name="Add_Tracking_Number" time="3.975" classname="Test_Data_Generation.Add_Tracking_Numbers_To_User"/>
  <testcase name="Add_Tracking_Number" time="3.166" classname="Test_Data_Generation.Add_Tracking_Numbers_To_User"/>
  <testcase name="Add_Tracking_Number" time="4.960" classname="Test_Data_Generation.Add_Tracking_Numbers_To_User"/>
  <testcase name="Add_Tracking_Number" time="4.068" classname="Test_Data_Generation.Add_Tracking_Numbers_To_User"/>
  <testcase name="Add_Tracking_Number" time="4.899" classname="Test_Data_Generation.Add_Tracking_Numbers_To_User"/>
  <testcase name="Add_Tracking_Number" time="3.197" classname="Test_Data_Generation.Add_Tracking_Numbers_To_User"/>
  <testcase name="Add_Tracking_Number" time="3.438" classname="Test_Data_Generation.Add_Tracking_Numbers_To_User"/>
  <testcase name="Add_Tracking_Number" time="6.684" classname="Test_Data_Generation.Add_Tracking_Numbers_To_User"/>
  <testcase name="Add_Tracking_Number" time="2.843" classname="Test_Data_Generation.Add_Tracking_Numbers_To_User"/>
  <testcase name="Add_Tracking_Number" time="3.919" classname="Test_Data_Generation.Add_Tracking_Numbers_To_User"/>
  <testcase name="Add_Tracking_Number" time="4.109" classname="Test_Data_Generation.Add_Tracking_Numbers_To_User"/>
  <testcase name="Add_Tracking_Number" time="4.415" classname="Test_Data_Generation.Add_Tracking_Numbers_To_User"/>
  <testcase name="Add_Tracking_Number" time="2.431" classname="Test_Data_Generation.Add_Tracking_Numbers_To_User"/>
  <testcase name="Add_Tracking_Number" time="3.572" classname="Test_Data_Generation.Add_Tracking_Numbers_To_User"/>
  <testcase name="Add_Tracking_Number" time="3.600" classname="Test_Data_Generation.Add_Tracking_Numbers_To_User"/>
  <testcase name="Add_Tracking_Number" time="2.757" classname="Test_Data_Generation.Add_Tracking_Numbers_To_User"/>
  <testcase name="Add_Tracking_Number" time="2.651" classname="Test_Data_Generation.Add_Tracking_Numbers_To_User"/>
  <testcase name="Add_Tracking_Number" time="0.416" classname="Test_Data_Generation.Add_Tracking_Numbers_To_User"/>
  <testcase name="Add_Tracking_Number" time="3.790" classname="Test_Data_Generation.Add_Tracking_Numbers_To_User"/>
  <testcase name="Add_Tracking_Number" time="5.285" classname="Test_Data_Generation.Add_Tracking_Numbers_To_User"/>
  <testcase name="Add_Tracking_Number" time="4.604" classname="Test_Data_Generation.Add_Tracking_Numbers_To_User"/>
  <testcase name="Add_Tracking_Number" time="2.851" classname="Test_Data_Generation.Add_Tracking_Numbers_To_User"/>
  <testcase name="Add_Tracking_Number" time="3.982" classname="Test_Data_Generation.Add_Tracking_Numbers_To_User"/>
  <testcase name="Add_Tracking_Number" time="3.062" classname="Test_Data_Generation.Add_Tracking_Numbers_To_User"/>
  <testcase name="Add_Tracking_Number" time="4.163" classname="Test_Data_Generation.Add_Tracking_Numbers_To_User"/>
  <testcase name="Add_Tracking_Number" time="3.039" classname="Test_Data_Generation.Add_Tracking_Numbers_To_User"/>
  <testcase name="Add_Tracking_Number" time="2.777" classname="Test_Data_Generation.Add_Tracking_Numbers_To_User"/>
  <testcase name="Add_Tracking_Number" time="3.678" classname="Test_Data_Generation.Add_Tracking_Numbers_To_User"/>
  <testcase name="Add_Tracking_Number" time="4.026" classname="Test_Data_Generation.Add_Tracking_Numbers_To_User"/>
  <testcase name="Add_Tracking_Number" time="2.951" classname="Test_Data_Generation.Add_Tracking_Numbers_To_User"/>
  <testcase name="Add_Tracking_Number" time="3.509" classname="Test_Data_Generation.Add_Tracking_Numbers_To_User"/>
  <testcase name="Add_Tracking_Number" time="4.200" classname="Test_Data_Generation.Add_Tracking_Numbers_To_User"/>
  <testcase name="Add_Tracking_Number" time="3.766" classname="Test_Data_Generation.Add_Tracking_Numbers_To_User"/>
  <testcase name="Add_Tracking_Number" time="2.998" classname="Test_Data_Generation.Add_Tracking_Numbers_To_User"/>
  <testcase name="Add_Tracking_Number" time="2.853" classname="Test_Data_Generation.Add_Tracking_Numbers_To_User"/>
  <testcase name="Add_Tracking_Number" time="4.072" classname="Test_Data_Generation.Add_Tracking_Numbers_To_User"/>
  <testcase name="Add_Tracking_Number" time="3.113" classname="Test_Data_Generation.Add_Tracking_Numbers_To_User"/>
  <testcase name="Add_Tracking_Number" time="3.724" classname="Test_Data_Generation.Add_Tracking_Numbers_To_User"/>
  <testcase name="Add_Tracking_Number" time="7.961" classname="Test_Data_Generation.Add_Tracking_Numbers_To_User"/>
  <testcase name="Add_Tracking_Number" time="2.997" classname="Test_Data_Generation.Add_Tracking_Numbers_To_User"/>
  <testcase name="Add_Tracking_Number" time="3.554" classname="Test_Data_Generation.Add_Tracking_Numbers_To_User"/>
  <testcase name="Add_Tracking_Number" time="2.970" classname="Test_Data_Generation.Add_Tracking_Numbers_To_User"/>
  <testcase name="Add_Tracking_Number" time="4.885" classname="Test_Data_Generation.Add_Tracking_Numbers_To_User"/>
  <testcase name="Add_Tracking_Number" time="4.610" classname="Test_Data_Generation.Add_Tracking_Numbers_To_User"/>
  <testcase name="Add_Tracking_Number" time="4.831" classname="Test_Data_Generation.Add_Tracking_Numbers_To_User"/>
  <testcase name="Add_Tracking_Number" time="7.663" classname="Test_Data_Generation.Add_Tracking_Numbers_To_User"/>
  <testcase name="Add_Tracking_Number" time="6.629" classname="Test_Data_Generation.Add_Tracking_Numbers_To_User"/>
  <testcase name="Add_Tracking_Number" time="2.992" classname="Test_Data_Generation.Add_Tracking_Numbers_To_User"/>
  <testcase name="Add_Tracking_Number" time="4.423" classname="Test_Data_Generation.Add_Tracking_Numbers_To_User"/>
  <testcase name="Add_Tracking_Number" time="3.280" classname="Test_Data_Generation.Add_Tracking_Numbers_To_User"/>
  <testcase name="Add_Tracking_Number" time="3.282" classname="Test_Data_Generation.Add_Tracking_Numbers_To_User"/>
  <testcase name="Add_Tracking_Number" time="4.262" classname="Test_Data_Generation.Add_Tracking_Numbers_To_User"/>
  <testcase name="Add_Tracking_Number" time="3.289" classname="Test_Data_Generation.Add_Tracking_Numbers_To_User"/>
  <testcase name="Add_Tracking_Number" time="3.297" classname="Test_Data_Generation.Add_Tracking_Numbers_To_User"/>
  <testcase name="Add_Tracking_Number" time="2.712" classname="Test_Data_Generation.Add_Tracking_Numbers_To_User"/>
  <testcase name="Add_Tracking_Number" time="3.117" classname="Test_Data_Generation.Add_Tracking_Numbers_To_User"/>
  <testcase name="Add_Tracking_Number" time="3.012" classname="Test_Data_Generation.Add_Tracking_Numbers_To_User"/>
  <testcase name="Add_Tracking_Number" time="4.454" classname="Test_Data_Generation.Add_Tracking_Numbers_To_User"/>
  <testcase name="Add_Tracking_Number" time="2.836" classname="Test_Data_Generation.Add_Tracking_Numbers_To_User"/>
  <testcase name="Add_Tracking_Number" time="3.420" classname="Test_Data_Generation.Add_Tracking_Numbers_To_User"/>
  <testcase name="Add_Tracking_Number" time="3.701" classname="Test_Data_Generation.Add_Tracking_Numbers_To_User"/>
  <testcase name="Add_Tracking_Number" time="3.762" classname="Test_Data_Generation.Add_Tracking_Numbers_To_User"/>
  <testcase name="Add_Tracking_Number" time="3.163" classname="Test_Data_Generation.Add_Tracking_Numbers_To_User"/>
  <testcase name="Add_Tracking_Number" time="4.643" classname="Test_Data_Generation.Add_Tracking_Numbers_To_User"/>
  <testcase name="Add_Tracking_Number" time="4.217" classname="Test_Data_Generation.Add_Tracking_Numbers_To_User"/>
  <testcase name="Add_Tracking_Number" time="2.736" classname="Test_Data_Generation.Add_Tracking_Numbers_To_User"/>
  <testcase name="Add_Tracking_Number" time="0.401" classname="Test_Data_Generation.Add_Tracking_Numbers_To_User"/>
  <testcase name="Add_Tracking_Number" time="3.078" classname="Test_Data_Generation.Add_Tracking_Numbers_To_User"/>
  <testcase name="Add_Tracking_Number" time="4.924" classname="Test_Data_Generation.Add_Tracking_Numbers_To_User"/>
  <testcase name="Add_Tracking_Number" time="2.787" classname="Test_Data_Generation.Add_Tracking_Numbers_To_User"/>
  <testcase name="Add_Tracking_Number" time="3.815" classname="Test_Data_Generation.Add_Tracking_Numbers_To_User"/>
  <testcase name="Add_Tracking_Number" time="6.802" classname="Test_Data_Generation.Add_Tracking_Numbers_To_User"/>
  <testcase name="Add_Tracking_Number" time="3.454" classname="Test_Data_Generation.Add_Tracking_Numbers_To_User"/>
  <testcase name="Add_Tracking_Number" time="3.407" classname="Test_Data_Generation.Add_Tracking_Numbers_To_User"/>
  <testcase name="Add_Tracking_Number" time="4.055" classname="Test_Data_Generation.Add_Tracking_Numbers_To_User"/>
  <testcase name="Add_Tracking_Number" time="3.497" classname="Test_Data_Generation.Add_Tracking_Numbers_To_User"/>
  <testcase name="Add_Tracking_Number" time="2.786" classname="Test_Data_Generation.Add_Tracking_Numbers_To_User"/>
  <testcase name="Add_Tracking_Number" time="3.846" classname="Test_Data_Generation.Add_Tracking_Numbers_To_User"/>
  <testcase name="Add_Tracking_Number" time="4.349" classname="Test_Data_Generation.Add_Tracking_Numbers_To_User"/>
  <testcase name="Add_Tracking_Number" time="4.310" classname="Test_Data_Generation.Add_Tracking_Numbers_To_User"/>
  <testcase name="Add_Tracking_Number" time="2.787" classname="Test_Data_Generation.Add_Tracking_Numbers_To_User"/>
  <testcase name="Add_Tracking_Number" time="3.340" classname="Test_Data_Generation.Add_Tracking_Numbers_To_User"/>
  <testcase name="Add_Tracking_Number" time="2.919" classname="Test_Data_Generation.Add_Tracking_Numbers_To_User"/>
  <testcase name="Add_Tracking_Number" time="2.997" classname="Test_Data_Generation.Add_Tracking_Numbers_To_User"/>
  <testcase name="Add_Tracking_Number" time="2.668" classname="Test_Data_Generation.Add_Tracking_Numbers_To_User"/>
  <testcase name="Add_Tracking_Number" time="3.784" classname="Test_Data_Generation.Add_Tracking_Numbers_To_User"/>
  <testcase name="Add_Tracking_Number" time="3.715" classname="Test_Data_Generation.Add_Tracking_Numbers_To_User"/>
  <testcase name="Add_Tracking_Number" time="2.841" classname="Test_Data_Generation.Add_Tracking_Numbers_To_User"/>
  <testcase name="Add_Tracking_Number" time="3.437" classname="Test_Data_Generation.Add_Tracking_Numbers_To_User"/>
  <testcase name="Add_Tracking_Number" time="3.146" classname="Test_Data_Generation.Add_Tracking_Numbers_To_User"/>
  <testcase name="Add_Tracking_Number" time="2.972" classname="Test_Data_Generation.Add_Tracking_Numbers_To_User"/>
  <testcase name="Add_Tracking_Number" time="4.041" classname="Test_Data_Generation.Add_Tracking_Numbers_To_User"/>
  <testcase name="Add_Tracking_Number" time="4.702" classname="Test_Data_Generation.Add_Tracking_Numbers_To_User"/>
  <testcase name="Add_Tracking_Number" time="4.032" classname="Test_Data_Generation.Add_Tracking_Numbers_To_User"/>
  <testcase name="Add_Tracking_Number" time="2.807" classname="Test_Data_Generation.Add_Tracking_Numbers_To_User"/>
  <testcase name="Add_Tracking_Number" time="4.433" classname="Test_Data_Generation.Add_Tracking_Numbers_To_User"/>
  <testcase name="Add_Tracking_Number" time="2.745" classname="Test_Data_Generation.Add_Tracking_Numbers_To_User"/>
  <testcase name="Add_Tracking_Number" time="4.509" classname="Test_Data_Generation.Add_Tracking_Numbers_To_User"/>
  <testcase name="Add_Tracking_Number" time="3.805" classname="Test_Data_Generation.Add_Tracking_Numbers_To_User"/>
  <testcase name="Add_Tracking_Number" time="4.283" classname="Test_Data_Generation.Add_Tracking_Numbers_To_User"/>
  <testcase name="Add_Tracking_Number" time="3.697" classname="Test_Data_Generation.Add_Tracking_Numbers_To_User"/>
  <testcase name="Add_Tracking_Number" time="3.439" classname="Test_Data_Generation.Add_Tracking_Numbers_To_User"/>
  <testcase name="Add_Tracking_Number" time="3.658" classname="Test_Data_Generation.Add_Tracking_Numbers_To_User"/>
  <testcase name="Add_Tracking_Number" time="3.222" classname="Test_Data_Generation.Add_Tracking_Numbers_To_User"/>
  <testcase name="Add_Tracking_Number" time="3.204" classname="Test_Data_Generation.Add_Tracking_Numbers_To_User"/>
  <testcase name="Add_Tracking_Number" time="4.295" classname="Test_Data_Generation.Add_Tracking_Numbers_To_User"/>
  <testcase name="Add_Tracking_Number" time="3.653" classname="Test_Data_Generation.Add_Tracking_Numbers_To_User"/>
  <testcase name="Add_Tracking_Number" time="4.271" classname="Test_Data_Generation.Add_Tracking_Numbers_To_User"/>
  <testcase name="Add_Tracking_Number" time="4.155" classname="Test_Data_Generation.Add_Tracking_Numbers_To_User"/>
  <testcase name="Add_Tracking_Number" time="7.862" classname="Test_Data_Generation.Add_Tracking_Numbers_To_User"/>
  <testcase name="Add_Tracking_Number" time="4.472" classname="Test_Data_Generation.Add_Tracking_Numbers_To_User"/>
  <testcase name="Add_Tracking_Number" time="3.886" classname="Test_Data_Generation.Add_Tracking_Numbers_To_User"/>
  <testcase name="Add_Tracking_Number" time="2.969" classname="Test_Data_Generation.Add_Tracking_Numbers_To_User"/>
  <testcase name="Add_Tracking_Number" time="3.283" classname="Test_Data_Generation.Add_Tracking_Numbers_To_User"/>
  <testcase name="Add_Tracking_Number" time="4.440" classname="Test_Data_Generation.Add_Tracking_Numbers_To_User"/>
  <testcase name="Add_Tracking_Number" time="3.094" classname="Test_Data_Generation.Add_Tracking_Numbers_To_User"/>
  <testcase name="Add_Tracking_Number" time="7.964" classname="Test_Data_Generation.Add_Tracking_Numbers_To_User"/>
  <testcase name="Add_Tracking_Number" time="4.918" classname="Test_Data_Generation.Add_Tracking_Numbers_To_User"/>
  <testcase name="Add_Tracking_Number" time="3.597" classname="Test_Data_Generation.Add_Tracking_Numbers_To_User"/>
  <testcase name="Add_Tracking_Number" time="3.111" classname="Test_Data_Generation.Add_Tracking_Numbers_To_User"/>
  <testcase name="Add_Tracking_Number" time="2.789" classname="Test_Data_Generation.Add_Tracking_Numbers_To_User"/>
  <testcase name="Add_Tracking_Number" time="4.144" classname="Test_Data_Generation.Add_Tracking_Numbers_To_User"/>
  <testcase name="Add_Tracking_Number" time="6.193" classname="Test_Data_Generation.Add_Tracking_Numbers_To_User"/>
  <testcase name="Add_Tracking_Number" time="3.912" classname="Test_Data_Generation.Add_Tracking_Numbers_To_User"/>
  <testcase name="Add_Tracking_Number" time="2.859" classname="Test_Data_Generation.Add_Tracking_Numbers_To_User"/>
  <testcase name="Add_Tracking_Number" time="4.757" classname="Test_Data_Generation.Add_Tracking_Numbers_To_User"/>
  <testcase name="Add_Tracking_Number" time="0.273" classname="Test_Data_Generation.Add_Tracking_Numbers_To_User"/>
  <testcase name="Add_Tracking_Number" time="3.336" classname="Test_Data_Generation.Add_Tracking_Numbers_To_User"/>
  <testcase name="Add_Tracking_Number" time="3.205" classname="Test_Data_Generation.Add_Tracking_Numbers_To_User"/>
  <testcase name="Add_Tracking_Number" time="4.495" classname="Test_Data_Generation.Add_Tracking_Numbers_To_User"/>
  <testcase name="Add_Tracking_Number" time="3.170" classname="Test_Data_Generation.Add_Tracking_Numbers_To_User"/>
  <testcase name="Add_Tracking_Number" time="5.212" classname="Test_Data_Generation.Add_Tracking_Numbers_To_User"/>
  <testcase name="Add_Tracking_Number" time="4.336" classname="Test_Data_Generation.Add_Tracking_Numbers_To_User"/>
  <testcase name="Add_Tracking_Number" time="4.003" classname="Test_Data_Generation.Add_Tracking_Numbers_To_User"/>
  <testcase name="Add_Tracking_Number" time="3.881" classname="Test_Data_Generation.Add_Tracking_Numbers_To_User"/>
  <testcase name="Add_Tracking_Number" time="3.790" classname="Test_Data_Generation.Add_Tracking_Numbers_To_User"/>
  <testcase name="Add_Tracking_Number" time="3.071" classname="Test_Data_Generation.Add_Tracking_Numbers_To_User"/>
  <testcase name="Add_Tracking_Number" time="2.757" classname="Test_Data_Generation.Add_Tracking_Numbers_To_User"/>
  <testcase name="Add_Tracking_Number" time="4.361" classname="Test_Data_Generation.Add_Tracking_Numbers_To_User"/>
  <testcase name="Add_Tracking_Number" time="4.113" classname="Test_Data_Generation.Add_Tracking_Numbers_To_User"/>
  <testcase name="Add_Tracking_Number" time="3.582" classname="Test_Data_Generation.Add_Tracking_Numbers_To_User"/>
  <testcase name="Add_Tracking_Number" time="2.944" classname="Test_Data_Generation.Add_Tracking_Numbers_To_User"/>
  <testcase name="Add_Tracking_Number" time="3.916" classname="Test_Data_Generation.Add_Tracking_Numbers_To_User"/>
  <testcase name="Add_Tracking_Number" time="3.307" classname="Test_Data_Generation.Add_Tracking_Numbers_To_User"/>
  <testcase name="Add_Tracking_Number" time="4.960" classname="Test_Data_Generation.Add_Tracking_Numbers_To_User"/>
  <testcase name="Add_Tracking_Number" time="3.350" classname="Test_Data_Generation.Add_Tracking_Numbers_To_User"/>
  <testcase name="Add_Tracking_Number" time="3.022" classname="Test_Data_Generation.Add_Tracking_Numbers_To_User"/>
  <testcase name="Add_Tracking_Number" time="3.258" classname="Test_Data_Generation.Add_Tracking_Numbers_To_User"/>
  <testcase name="Add_Tracking_Number" time="4.486" classname="Test_Data_Generation.Add_Tracking_Numbers_To_User"/>
  <testcase name="Add_Tracking_Number" time="3.401" classname="Test_Data_Generation.Add_Tracking_Numbers_To_User"/>
  <testcase name="Add_Tracking_Number" time="4.416" classname="Test_Data_Generation.Add_Tracking_Numbers_To_User"/>
  <testcase name="Add_Tracking_Number" time="0.779" classname="Test_Data_Generation.Add_Tracking_Numbers_To_User"/>
  <testcase name="Add_Tracking_Number" time="2.877" classname="Test_Data_Generation.Add_Tracking_Numbers_To_User"/>
  <testcase name="Add_Tracking_Number" time="4.524" classname="Test_Data_Generation.Add_Tracking_Numbers_To_User"/>
  <testcase name="Add_Tracking_Number" time="3.242" classname="Test_Data_Generation.Add_Tracking_Numbers_To_User"/>
  <testcase name="Add_Tracking_Number" time="2.927" classname="Test_Data_Generation.Add_Tracking_Numbers_To_User"/>
  <testcase name="Add_Tracking_Number" time="2.840" classname="Test_Data_Generation.Add_Tracking_Numbers_To_User"/>
  <testcase name="Add_Tracking_Number" time="2.845" classname="Test_Data_Generation.Add_Tracking_Numbers_To_User"/>
  <testcase name="Add_Tracking_Number" time="3.432" classname="Test_Data_Generation.Add_Tracking_Numbers_To_User"/>
  <testcase name="Add_Tracking_Number" time="2.894" classname="Test_Data_Generation.Add_Tracking_Numbers_To_User"/>
  <testcase name="Add_Tracking_Number" time="7.431" classname="Test_Data_Generation.Add_Tracking_Numbers_To_User"/>
  <testcase name="Add_Tracking_Number" time="4.132" classname="Test_Data_Generation.Add_Tracking_Numbers_To_User"/>
  <testcase name="Add_Tracking_Number" time="4.650" classname="Test_Data_Generation.Add_Tracking_Numbers_To_User"/>
  <testcase name="Add_Tracking_Number" time="3.582" classname="Test_Data_Generation.Add_Tracking_Numbers_To_User"/>
  <testcase name="Add_Tracking_Number" time="2.866" classname="Test_Data_Generation.Add_Tracking_Numbers_To_User"/>
  <testcase name="Add_Tracking_Number" time="4.041" classname="Test_Data_Generation.Add_Tracking_Numbers_To_User"/>
  <testcase name="Add_Tracking_Number" time="3.045" classname="Test_Data_Generation.Add_Tracking_Numbers_To_User"/>
  <testcase name="Add_Tracking_Number" time="2.789" classname="Test_Data_Generation.Add_Tracking_Numbers_To_User"/>
  <testcase name="Add_Tracking_Number" time="0.507" classname="Test_Data_Generation.Add_Tracking_Numbers_To_User"/>
  <testcase name="Add_Tracking_Number" time="4.206" classname="Test_Data_Generation.Add_Tracking_Numbers_To_User"/>
  <testcase name="Add_Tracking_Number" time="2.945" classname="Test_Data_Generation.Add_Tracking_Numbers_To_User"/>
  <testcase name="Add_Tracking_Number" time="3.108" classname="Test_Data_Generation.Add_Tracking_Numbers_To_User"/>
  <testcase name="Add_Tracking_Number" time="3.544" classname="Test_Data_Generation.Add_Tracking_Numbers_To_User"/>
  <testcase name="Add_Tracking_Number" time="2.874" classname="Test_Data_Generation.Add_Tracking_Numbers_To_User"/>
  <testcase name="Add_Tracking_Number" time="3.724" classname="Test_Data_Generation.Add_Tracking_Numbers_To_User"/>
  <testcase name="Add_Tracking_Number" time="4.400" classname="Test_Data_Generation.Add_Tracking_Numbers_To_User"/>
  <testcase name="Add_Tracking_Number" time="2.916" classname="Test_Data_Generation.Add_Tracking_Numbers_To_User"/>
  <testcase name="Add_Tracking_Number" time="3.684" classname="Test_Data_Generation.Add_Tracking_Numbers_To_User"/>
  <testcase name="Add_Tracking_Number" time="4.245" classname="Test_Data_Generation.Add_Tracking_Numbers_To_User"/>
  <testcase name="Add_Tracking_Number" time="3.715" classname="Test_Data_Generation.Add_Tracking_Numbers_To_User"/>
  <testcase name="Add_Tracking_Number" time="4.081" classname="Test_Data_Generation.Add_Tracking_Numbers_To_User"/>
  <testcase name="Add_Tracking_Number" time="3.887" classname="Test_Data_Generation.Add_Tracking_Numbers_To_User"/>
  <testcase name="Add_Tracking_Number" time="3.006" classname="Test_Data_Generation.Add_Tracking_Numbers_To_User"/>
  <testcase name="Add_Tracking_Number" time="5.597" classname="Test_Data_Generation.Add_Tracking_Numbers_To_User"/>
  <testcase name="Add_Tracking_Number" time="3.148" classname="Test_Data_Generation.Add_Tracking_Numbers_To_User"/>
  <testcase name="Add_Tracking_Number" time="2.813" classname="Test_Data_Generation.Add_Tracking_Numbers_To_User"/>
  <testcase name="Add_Tracking_Number" time="3.917" classname="Test_Data_Generation.Add_Tracking_Numbers_To_User"/>
  <testcase name="Add_Tracking_Number" time="3.737" classname="Test_Data_Generation.Add_Tracking_Numbers_To_User"/>
  <testcase name="Add_Tracking_Number" time="4.627" classname="Test_Data_Generation.Add_Tracking_Numbers_To_User"/>
  <testcase name="Add_Tracking_Number" time="4.189" classname="Test_Data_Generation.Add_Tracking_Numbers_To_User"/>
  <testcase name="Add_Tracking_Number" time="4.311" classname="Test_Data_Generation.Add_Tracking_Numbers_To_User"/>
  <testcase name="Add_Tracking_Number" time="3.955" classname="Test_Data_Generation.Add_Tracking_Numbers_To_User"/>
  <testcase name="Add_Tracking_Number" time="4.417" classname="Test_Data_Generation.Add_Tracking_Numbers_To_User"/>
  <testcase name="Add_Tracking_Number" time="3.913" classname="Test_Data_Generation.Add_Tracking_Numbers_To_User"/>
  <testcase name="Add_Tracking_Number" time="5.302" classname="Test_Data_Generation.Add_Tracking_Numbers_To_User"/>
  <testcase name="Add_Tracking_Number" time="3.713" classname="Test_Data_Generation.Add_Tracking_Numbers_To_User"/>
  <testcase name="Add_Tracking_Number" time="3.119" classname="Test_Data_Generation.Add_Tracking_Numbers_To_User"/>
  <testcase name="Add_Tracking_Number" time="4.971" classname="Test_Data_Generation.Add_Tracking_Numbers_To_User"/>
  <testcase name="Add_Tracking_Number" time="3.502" classname="Test_Data_Generation.Add_Tracking_Numbers_To_User"/>
  <testcase name="Add_Tracking_Number" time="3.447" classname="Test_Data_Generation.Add_Tracking_Numbers_To_User"/>
  <testcase name="Add_Tracking_Number" time="3.178" classname="Test_Data_Generation.Add_Tracking_Numbers_To_User"/>
  <testcase name="Add_Tracking_Number" time="3.971" classname="Test_Data_Generation.Add_Tracking_Numbers_To_User"/>
  <testcase name="Add_Tracking_Number" time="4.559" classname="Test_Data_Generation.Add_Tracking_Numbers_To_User"/>
  <testcase name="Add_Tracking_Number" time="2.534" classname="Test_Data_Generation.Add_Tracking_Numbers_To_User"/>
  <testcase name="Add_Tracking_Number" time="3.627" classname="Test_Data_Generation.Add_Tracking_Numbers_To_User"/>
  <testcase name="Add_Tracking_Number" time="4.614" classname="Test_Data_Generation.Add_Tracking_Numbers_To_User"/>
  <testcase name="Add_Tracking_Number" time="3.762" classname="Test_Data_Generation.Add_Tracking_Numbers_To_User"/>
  <testcase name="Add_Tracking_Number" time="0.374" classname="Test_Data_Generation.Add_Tracking_Numbers_To_User"/>
  <testcase name="Add_Tracking_Number" time="3.111" classname="Test_Data_Generation.Add_Tracking_Numbers_To_User"/>
  <testcase name="Add_Tracking_Number" time="4.199" classname="Test_Data_Generation.Add_Tracking_Numbers_To_User"/>
  <testcase name="Add_Tracking_Number" time="3.004" classname="Test_Data_Generation.Add_Tracking_Numbers_To_User"/>
  <testcase name="Add_Tracking_Number" time="3.592" classname="Test_Data_Generation.Add_Tracking_Numbers_To_User"/>
  <testcase name="Add_Tracking_Number" time="7.223" classname="Test_Data_Generation.Add_Tracking_Numbers_To_User"/>
  <testcase name="Add_Tracking_Number" time="3.835" classname="Test_Data_Generation.Add_Tracking_Numbers_To_User"/>
  <testcase name="Add_Tracking_Number" time="2.744" classname="Test_Data_Generation.Add_Tracking_Numbers_To_User"/>
  <testcase name="Add_Tracking_Number" time="3.796" classname="Test_Data_Generation.Add_Tracking_Numbers_To_User"/>
  <testcase name="Add_Tracking_Number" time="4.120" classname="Test_Data_Generation.Add_Tracking_Numbers_To_User"/>
  <testcase name="Add_Tracking_Number" time="3.354" classname="Test_Data_Generation.Add_Tracking_Numbers_To_User"/>
  <testcase name="Add_Tracking_Number" time="5.449" classname="Test_Data_Generation.Add_Tracking_Numbers_To_User"/>
  <testcase name="Add_Tracking_Number" time="4.103" classname="Test_Data_Generation.Add_Tracking_Numbers_To_User"/>
  <testcase name="Add_Tracking_Number" time="4.273" classname="Test_Data_Generation.Add_Tracking_Numbers_To_User"/>
  <testcase name="Add_Tracking_Number" time="2.877" classname="Test_Data_Generation.Add_Tracking_Numbers_To_User"/>
  <testcase name="Add_Tracking_Number" time="3.748" classname="Test_Data_Generation.Add_Tracking_Numbers_To_User"/>
  <testcase name="Add_Tracking_Number" time="4.206" classname="Test_Data_Generation.Add_Tracking_Numbers_To_User"/>
  <testcase name="Add_Tracking_Number" time="4.294" classname="Test_Data_Generation.Add_Tracking_Numbers_To_User"/>
  <testcase name="Add_Tracking_Number" time="3.143" classname="Test_Data_Generation.Add_Tracking_Numbers_To_User"/>
  <testcase name="Add_Tracking_Number" time="3.837" classname="Test_Data_Generation.Add_Tracking_Numbers_To_User"/>
  <testcase name="Add_Tracking_Number" time="2.855" classname="Test_Data_Generation.Add_Tracking_Numbers_To_User"/>
  <testcase name="Add_Tracking_Number" time="4.138" classname="Test_Data_Generation.Add_Tracking_Numbers_To_User"/>
  <testcase name="Add_Tracking_Number" time="4.246" classname="Test_Data_Generation.Add_Tracking_Numbers_To_User"/>
  <testcase name="Add_Tracking_Number" time="4.480" classname="Test_Data_Generation.Add_Tracking_Numbers_To_User"/>
  <testcase name="Add_Tracking_Number" time="4.151" classname="Test_Data_Generation.Add_Tracking_Numbers_To_User"/>
  <testcase name="Add_Tracking_Number" time="4.014" classname="Test_Data_Generation.Add_Tracking_Numbers_To_User"/>
  <testcase name="Add_Tracking_Number" time="3.534" classname="Test_Data_Generation.Add_Tracking_Numbers_To_User"/>
  <testcase name="Add_Tracking_Number" time="7.070" classname="Test_Data_Generation.Add_Tracking_Numbers_To_User"/>
  <testcase name="Add_Tracking_Number" time="3.029" classname="Test_Data_Generation.Add_Tracking_Numbers_To_User"/>
  <testcase name="Add_Tracking_Number" time="0.507" classname="Test_Data_Generation.Add_Tracking_Numbers_To_User"/>
  <testcase name="Add_Tracking_Number" time="3.898" classname="Test_Data_Generation.Add_Tracking_Numbers_To_User"/>
  <testcase name="Add_Tracking_Number" time="3.102" classname="Test_Data_Generation.Add_Tracking_Numbers_To_User"/>
  <testcase name="Add_Tracking_Number" time="2.959" classname="Test_Data_Generation.Add_Tracking_Numbers_To_User"/>
  <testcase name="Add_Tracking_Number" time="2.602" classname="Test_Data_Generation.Add_Tracking_Numbers_To_User"/>
  <testcase name="Add_Tracking_Number" time="4.398" classname="Test_Data_Generation.Add_Tracking_Numbers_To_User"/>
  <testcase name="Add_Tracking_Number" time="4.813" classname="Test_Data_Generation.Add_Tracking_Numbers_To_User"/>
  <testcase name="Add_Tracking_Number" time="3.164" classname="Test_Data_Generation.Add_Tracking_Numbers_To_User"/>
  <testcase name="Add_Tracking_Number" time="4.647" classname="Test_Data_Generation.Add_Tracking_Numbers_To_User"/>
  <testcase name="Add_Tracking_Number" time="3.212" classname="Test_Data_Generation.Add_Tracking_Numbers_To_User"/>
  <testcase name="Add_Tracking_Number" time="3.149" classname="Test_Data_Generation.Add_Tracking_Numbers_To_User"/>
  <testcase name="Add_Tracking_Number" time="3.979" classname="Test_Data_Generation.Add_Tracking_Numbers_To_User"/>
  <testcase name="Add_Tracking_Number" time="3.611" classname="Test_Data_Generation.Add_Tracking_Numbers_To_User"/>
  <testcase name="Add_Tracking_Number" time="4.251" classname="Test_Data_Generation.Add_Tracking_Numbers_To_User"/>
  <testcase name="Add_Tracking_Number" time="5.927" classname="Test_Data_Generation.Add_Tracking_Numbers_To_User"/>
  <testcase name="Add_Tracking_Number" time="3.108" classname="Test_Data_Generation.Add_Tracking_Numbers_To_User"/>
  <testcase name="Add_Tracking_Number" time="4.352" classname="Test_Data_Generation.Add_Tracking_Numbers_To_User"/>
  <testcase name="Add_Tracking_Number" time="4.297" classname="Test_Data_Generation.Add_Tracking_Numbers_To_User"/>
  <testcase name="Add_Tracking_Number" time="5.130" classname="Test_Data_Generation.Add_Tracking_Numbers_To_User"/>
  <testcase name="Add_Tracking_Number" time="2.569" classname="Test_Data_Generation.Add_Tracking_Numbers_To_User"/>
  <testcase name="Add_Tracking_Number" time="3.329" classname="Test_Data_Generation.Add_Tracking_Numbers_To_User"/>
  <testcase name="Add_Tracking_Number" time="3.251" classname="Test_Data_Generation.Add_Tracking_Numbers_To_User"/>
  <testcase name="Add_Tracking_Number" time="3.285" classname="Test_Data_Generation.Add_Tracking_Numbers_To_User"/>
  <testcase name="Add_Tracking_Number" time="2.818" classname="Test_Data_Generation.Add_Tracking_Numbers_To_User"/>
  <testcase name="Add_Tracking_Number" time="2.905" classname="Test_Data_Generation.Add_Tracking_Numbers_To_User"/>
  <testcase name="Add_Tracking_Number" time="3.616" classname="Test_Data_Generation.Add_Tracking_Numbers_To_User"/>
  <testcase name="Add_Tracking_Number" time="4.389" classname="Test_Data_Generation.Add_Tracking_Numbers_To_User"/>
  <testcase name="Add_Tracking_Number" time="4.549" classname="Test_Data_Generation.Add_Tracking_Numbers_To_User"/>
  <testcase name="Add_Tracking_Number" time="3.767" classname="Test_Data_Generation.Add_Tracking_Numbers_To_User"/>
  <testcase name="Add_Tracking_Number" time="2.566" classname="Test_Data_Generation.Add_Tracking_Numbers_To_User"/>
  <testcase name="Add_Tracking_Number" time="3.340" classname="Test_Data_Generation.Add_Tracking_Numbers_To_User"/>
  <testcase name="Add_Tracking_Number" time="3.209" classname="Test_Data_Generation.Add_Tracking_Numbers_To_User"/>
  <testcase name="Add_Tracking_Number" time="3.814" classname="Test_Data_Generation.Add_Tracking_Numbers_To_User"/>
  <testcase name="Add_Tracking_Number" time="4.392" classname="Test_Data_Generation.Add_Tracking_Numbers_To_User"/>
  <testcase name="Add_Tracking_Number" time="3.116" classname="Test_Data_Generation.Add_Tracking_Numbers_To_User"/>
  <testcase name="Add_Tracking_Number" time="3.398" classname="Test_Data_Generation.Add_Tracking_Numbers_To_User"/>
  <testcase name="Add_Tracking_Number" time="3.157" classname="Test_Data_Generation.Add_Tracking_Numbers_To_User"/>
  <testcase name="Add_Tracking_Number" time="4.270" classname="Test_Data_Generation.Add_Tracking_Numbers_To_User"/>
  <testcase name="Add_Tracking_Number" time="3.880" classname="Test_Data_Generation.Add_Tracking_Numbers_To_User"/>
  <testcase name="Add_Tracking_Number" time="4.710" classname="Test_Data_Generation.Add_Tracking_Numbers_To_User"/>
  <testcase name="Add_Tracking_Number" time="4.877" classname="Test_Data_Generation.Add_Tracking_Numbers_To_User"/>
  <testcase name="Add_Tracking_Number" time="3.049" classname="Test_Data_Generation.Add_Tracking_Numbers_To_User"/>
  <testcase name="Add_Tracking_Number" time="3.170" classname="Test_Data_Generation.Add_Tracking_Numbers_To_User"/>
  <testcase name="Add_Tracking_Number" time="3.764" classname="Test_Data_Generation.Add_Tracking_Numbers_To_User"/>
  <testcase name="Add_Tracking_Number" time="3.090" classname="Test_Data_Generation.Add_Tracking_Numbers_To_User"/>
  <testcase name="Add_Tracking_Number" time="2.628" classname="Test_Data_Generation.Add_Tracking_Numbers_To_User"/>
  <testcase name="Add_Tracking_Number" time="3.784" classname="Test_Data_Generation.Add_Tracking_Numbers_To_User"/>
  <testcase name="Add_Tracking_Number" time="3.323" classname="Test_Data_Generation.Add_Tracking_Numbers_To_User"/>
  <testcase name="Add_Tracking_Number" time="3.916" classname="Test_Data_Generation.Add_Tracking_Numbers_To_User"/>
  <testcase name="Add_Tracking_Number" time="0.622" classname="Test_Data_Generation.Add_Tracking_Numbers_To_User"/>
  <testcase name="Add_Tracking_Number" time="3.147" classname="Test_Data_Generation.Add_Tracking_Numbers_To_User"/>
  <testcase name="Add_Tracking_Number" time="3.304" classname="Test_Data_Generation.Add_Tracking_Numbers_To_User"/>
  <testcase name="Add_Tracking_Number" time="0.410" classname="Test_Data_Generation.Add_Tracking_Numbers_To_User"/>
  <testcase name="Add_Tracking_Number" time="4.655" classname="Test_Data_Generation.Add_Tracking_Numbers_To_User"/>
  <testcase name="Add_Tracking_Number" time="2.861" classname="Test_Data_Generation.Add_Tracking_Numbers_To_User"/>
  <testcase name="Add_Tracking_Number" time="4.465" classname="Test_Data_Generation.Add_Tracking_Numbers_To_User"/>
  <testcase name="Add_Tracking_Number" time="3.807" classname="Test_Data_Generation.Add_Tracking_Numbers_To_User"/>
  <testcase name="Add_Tracking_Number" time="4.307" classname="Test_Data_Generation.Add_Tracking_Numbers_To_User"/>
  <testcase name="Add_Tracking_Number" time="4.755" classname="Test_Data_Generation.Add_Tracking_Numbers_To_User"/>
  <testcase name="Add_Tracking_Number" time="4.009" classname="Test_Data_Generation.Add_Tracking_Numbers_To_User"/>
  <testcase name="Add_Tracking_Number" time="4.478" classname="Test_Data_Generation.Add_Tracking_Numbers_To_User"/>
  <testcase name="Add_Tracking_Number" time="6.718" classname="Test_Data_Generation.Add_Tracking_Numbers_To_User"/>
  <testcase name="Add_Tracking_Number" time="3.717" classname="Test_Data_Generation.Add_Tracking_Numbers_To_User"/>
  <testcase name="Add_Tracking_Number" time="3.353" classname="Test_Data_Generation.Add_Tracking_Numbers_To_User"/>
  <testcase name="Add_Tracking_Number" time="2.890" classname="Test_Data_Generation.Add_Tracking_Numbers_To_User"/>
  <testcase name="Add_Tracking_Number" time="4.123" classname="Test_Data_Generation.Add_Tracking_Numbers_To_User"/>
  <testcase name="Add_Tracking_Number" time="3.481" classname="Test_Data_Generation.Add_Tracking_Numbers_To_User"/>
  <testcase name="Add_Tracking_Number" time="7.182" classname="Test_Data_Generation.Add_Tracking_Numbers_To_User"/>
  <testcase name="Add_Tracking_Number" time="2.897" classname="Test_Data_Generation.Add_Tracking_Numbers_To_User"/>
  <testcase name="Add_Tracking_Number" time="3.794" classname="Test_Data_Generation.Add_Tracking_Numbers_To_User"/>
  <testcase name="Add_Tracking_Number" time="3.084" classname="Test_Data_Generation.Add_Tracking_Numbers_To_User"/>
  <testcase name="Add_Tracking_Number" time="2.811" classname="Test_Data_Generation.Add_Tracking_Numbers_To_User"/>
  <testcase name="Add_Tracking_Number" time="4.158" classname="Test_Data_Generation.Add_Tracking_Numbers_To_User"/>
  <testcase name="Add_Tracking_Number" time="4.586" classname="Test_Data_Generation.Add_Tracking_Numbers_To_User"/>
  <testcase name="Add_Tracking_Number" time="3.219" classname="Test_Data_Generation.Add_Tracking_Numbers_To_User"/>
  <testcase name="Add_Tracking_Number" time="4.667" classname="Test_Data_Generation.Add_Tracking_Numbers_To_User"/>
  <testcase name="Add_Tracking_Number" time="3.585" classname="Test_Data_Generation.Add_Tracking_Numbers_To_User"/>
  <testcase name="Add_Tracking_Number" time="0.289" classname="Test_Data_Generation.Add_Tracking_Numbers_To_User"/>
  <testcase name="Add_Tracking_Number" time="4.726" classname="Test_Data_Generation.Add_Tracking_Numbers_To_User"/>
  <testcase name="Add_Tracking_Number" time="3.353" classname="Test_Data_Generation.Add_Tracking_Numbers_To_User"/>
  <testcase name="Add_Tracking_Number" time="3.584" classname="Test_Data_Generation.Add_Tracking_Numbers_To_User"/>
  <testcase name="Add_Tracking_Number" time="4.737" classname="Test_Data_Generation.Add_Tracking_Numbers_To_User"/>
  <testcase name="Add_Tracking_Number" time="3.097" classname="Test_Data_Generation.Add_Tracking_Numbers_To_User"/>
  <testcase name="Add_Tracking_Number" time="2.655" classname="Test_Data_Generation.Add_Tracking_Numbers_To_User"/>
  <testcase name="Add_Tracking_Number" time="3.989" classname="Test_Data_Generation.Add_Tracking_Numbers_To_User"/>
  <testcase name="Add_Tracking_Number" time="4.381" classname="Test_Data_Generation.Add_Tracking_Numbers_To_User"/>
  <testcase name="Add_Tracking_Number" time="4.297" classname="Test_Data_Generation.Add_Tracking_Numbers_To_User"/>
  <testcase name="Add_Tracking_Number" time="3.170" classname="Test_Data_Generation.Add_Tracking_Numbers_To_User"/>
  <testcase name="Add_Tracking_Number" time="4.502" classname="Test_Data_Generation.Add_Tracking_Numbers_To_User"/>
  <testcase name="Add_Tracking_Number" time="4.095" classname="Test_Data_Generation.Add_Tracking_Numbers_To_User"/>
  <testcase name="Add_Tracking_Number" time="4.245" classname="Test_Data_Generation.Add_Tracking_Numbers_To_User"/>
  <testcase name="Add_Tracking_Number" time="2.861" classname="Test_Data_Generation.Add_Tracking_Numbers_To_User"/>
  <testcase name="Add_Tracking_Number" time="3.819" classname="Test_Data_Generation.Add_Tracking_Numbers_To_User"/>
  <testcase name="Add_Tracking_Number" time="2.762" classname="Test_Data_Generation.Add_Tracking_Numbers_To_User"/>
  <testcase name="Add_Tracking_Number" time="3.987" classname="Test_Data_Generation.Add_Tracking_Numbers_To_User"/>
  <testcase name="Add_Tracking_Number" time="4.201" classname="Test_Data_Generation.Add_Tracking_Numbers_To_User"/>
  <testcase name="Add_Tracking_Number" time="4.016" classname="Test_Data_Generation.Add_Tracking_Numbers_To_User"/>
  <testcase name="Add_Tracking_Number" time="3.864" classname="Test_Data_Generation.Add_Tracking_Numbers_To_User"/>
  <testcase name="Add_Tracking_Number" time="3.945" classname="Test_Data_Generation.Add_Tracking_Numbers_To_User"/>
  <testcase name="Add_Tracking_Number" time="4.747" classname="Test_Data_Generation.Add_Tracking_Numbers_To_User"/>
  <testcase name="Add_Tracking_Number" time="3.716" classname="Test_Data_Generation.Add_Tracking_Numbers_To_User"/>
  <testcase name="Add_Tracking_Number" time="4.242" classname="Test_Data_Generation.Add_Tracking_Numbers_To_User"/>
  <testcase name="Add_Tracking_Number" time="0.435" classname="Test_Data_Generation.Add_Tracking_Numbers_To_User"/>
  <testcase name="Add_Tracking_Number" time="4.051" classname="Test_Data_Generation.Add_Tracking_Numbers_To_User"/>
  <testcase name="Add_Tracking_Number" time="4.187" classname="Test_Data_Generation.Add_Tracking_Numbers_To_User"/>
  <testcase name="Add_Tracking_Number" time="3.730" classname="Test_Data_Generation.Add_Tracking_Numbers_To_User"/>
  <testcase name="Add_Tracking_Number" time="0.350" classname="Test_Data_Generation.Add_Tracking_Numbers_To_User"/>
  <testcase name="Add_Tracking_Number" time="7.533" classname="Test_Data_Generation.Add_Tracking_Numbers_To_User"/>
  <testcase name="Add_Tracking_Number" time="4.055" classname="Test_Data_Generation.Add_Tracking_Numbers_To_User"/>
  <testcase name="Add_Tracking_Number" time="3.429" classname="Test_Data_Generation.Add_Tracking_Numbers_To_User"/>
  <testcase name="Add_Tracking_Number" time="4.726" classname="Test_Data_Generation.Add_Tracking_Numbers_To_User"/>
  <testcase name="Add_Tracking_Number" time="4.263" classname="Test_Data_Generation.Add_Tracking_Numbers_To_User"/>
  <testcase name="Add_Tracking_Number" time="3.956" classname="Test_Data_Generation.Add_Tracking_Numbers_To_User"/>
  <testcase name="Add_Tracking_Number" time="4.229" classname="Test_Data_Generation.Add_Tracking_Numbers_To_User"/>
  <testcase name="Add_Tracking_Number" time="3.693" classname="Test_Data_Generation.Add_Tracking_Numbers_To_User"/>
  <testcase name="Add_Tracking_Number" time="4.084" classname="Test_Data_Generation.Add_Tracking_Numbers_To_User"/>
  <testcase name="Add_Tracking_Number" time="4.099" classname="Test_Data_Generation.Add_Tracking_Numbers_To_User"/>
  <testcase name="Add_Tracking_Number" time="3.215" classname="Test_Data_Generation.Add_Tracking_Numbers_To_User"/>
  <testcase name="Add_Tracking_Number" time="3.486" classname="Test_Data_Generation.Add_Tracking_Numbers_To_User"/>
  <testcase name="Add_Tracking_Number" time="4.134" classname="Test_Data_Generation.Add_Tracking_Numbers_To_User"/>
  <testcase name="Add_Tracking_Number" time="3.581" classname="Test_Data_Generation.Add_Tracking_Numbers_To_User"/>
  <testcase name="Add_Tracking_Number" time="5.617" classname="Test_Data_Generation.Add_Tracking_Numbers_To_User"/>
  <testcase name="Add_Tracking_Number" time="4.126" classname="Test_Data_Generation.Add_Tracking_Numbers_To_User"/>
  <testcase name="Add_Tracking_Number" time="4.828" classname="Test_Data_Generation.Add_Tracking_Numbers_To_User"/>
  <testcase name="Add_Tracking_Number" time="2.939" classname="Test_Data_Generation.Add_Tracking_Numbers_To_User"/>
  <testcase name="Add_Tracking_Number" time="3.062" classname="Test_Data_Generation.Add_Tracking_Numbers_To_User"/>
  <testcase name="Add_Tracking_Number" time="3.811" classname="Test_Data_Generation.Add_Tracking_Numbers_To_User"/>
  <testcase name="Add_Tracking_Number" time="4.339" classname="Test_Data_Generation.Add_Tracking_Numbers_To_User"/>
  <testcase name="Add_Tracking_Number" time="3.671" classname="Test_Data_Generation.Add_Tracking_Numbers_To_User"/>
  <testcase name="Add_Tracking_Number" time="3.748" classname="Test_Data_Generation.Add_Tracking_Numbers_To_User"/>
  <testcase name="Add_Tracking_Number" time="2.999" classname="Test_Data_Generation.Add_Tracking_Numbers_To_User"/>
  <testcase name="Add_Tracking_Number" time="2.981" classname="Test_Data_Generation.Add_Tracking_Numbers_To_User"/>
  <testcase name="Add_Tracking_Number" time="3.915" classname="Test_Data_Generation.Add_Tracking_Numbers_To_User"/>
  <testcase name="Add_Tracking_Number" time="2.647" classname="Test_Data_Generation.Add_Tracking_Numbers_To_User"/>
  <testcase name="Add_Tracking_Number" time="3.342" classname="Test_Data_Generation.Add_Tracking_Numbers_To_User"/>
  <testcase name="Add_Tracking_Number" time="4.115" classname="Test_Data_Generation.Add_Tracking_Numbers_To_User"/>
  <testcase name="Add_Tracking_Number" time="3.699" classname="Test_Data_Generation.Add_Tracking_Numbers_To_User"/>
  <testcase name="Add_Tracking_Number" time="2.973" classname="Test_Data_Generation.Add_Tracking_Numbers_To_User"/>
  <testcase name="Add_Tracking_Number" time="3.155" classname="Test_Data_Generation.Add_Tracking_Numbers_To_User"/>
  <testcase name="Add_Tracking_Number" time="3.348" classname="Test_Data_Generation.Add_Tracking_Numbers_To_User"/>
  <testcase name="Add_Tracking_Number" time="6.335" classname="Test_Data_Generation.Add_Tracking_Numbers_To_User"/>
  <testcase name="Add_Tracking_Number" time="3.466" classname="Test_Data_Generation.Add_Tracking_Numbers_To_User"/>
  <testcase name="Add_Tracking_Number" time="4.019" classname="Test_Data_Generation.Add_Tracking_Numbers_To_User"/>
  <testcase name="Add_Tracking_Number" time="3.377" classname="Test_Data_Generation.Add_Tracking_Numbers_To_User"/>
  <testcase name="Add_Tracking_Number" time="0.314" classname="Test_Data_Generation.Add_Tracking_Numbers_To_User"/>
  <testcase name="Add_Tracking_Number" time="4.447" classname="Test_Data_Generation.Add_Tracking_Numbers_To_User"/>
  <testcase name="Add_Tracking_Number" time="0.268" classname="Test_Data_Generation.Add_Tracking_Numbers_To_User"/>
  <testcase name="Add_Tracking_Number" time="2.892" classname="Test_Data_Generation.Add_Tracking_Numbers_To_User"/>
  <testcase name="Add_Tracking_Number" time="4.278" classname="Test_Data_Generation.Add_Tracking_Numbers_To_User"/>
  <testcase name="Add_Tracking_Number" time="5.224" classname="Test_Data_Generation.Add_Tracking_Numbers_To_User"/>
  <testcase name="Add_Tracking_Number" time="2.971" classname="Test_Data_Generation.Add_Tracking_Numbers_To_User"/>
  <testcase name="Add_Tracking_Number" time="3.685" classname="Test_Data_Generation.Add_Tracking_Numbers_To_User"/>
  <testcase name="Add_Tracking_Number" time="4.880" classname="Test_Data_Generation.Add_Tracking_Numbers_To_User"/>
  <testcase name="Add_Tracking_Number" time="4.101" classname="Test_Data_Generation.Add_Tracking_Numbers_To_User"/>
  <testcase name="Add_Tracking_Number" time="2.887" classname="Test_Data_Generation.Add_Tracking_Numbers_To_User"/>
  <testcase name="Add_Tracking_Number" time="3.946" classname="Test_Data_Generation.Add_Tracking_Numbers_To_User"/>
  <testcase name="Add_Tracking_Number" time="3.915" classname="Test_Data_Generation.Add_Tracking_Numbers_To_User"/>
  <testcase name="Add_Tracking_Number" time="4.347" classname="Test_Data_Generation.Add_Tracking_Numbers_To_User"/>
  <testcase name="Add_Tracking_Number" time="4.188" classname="Test_Data_Generation.Add_Tracking_Numbers_To_User"/>
  <testcase name="Add_Tracking_Number" time="3.973" classname="Test_Data_Generation.Add_Tracking_Numbers_To_User"/>
  <testcase name="Add_Tracking_Number" time="3.639" classname="Test_Data_Generation.Add_Tracking_Numbers_To_User"/>
  <testcase name="Add_Tracking_Number" time="2.963" classname="Test_Data_Generation.Add_Tracking_Numbers_To_User"/>
  <testcase name="Add_Tracking_Number" time="6.354" classname="Test_Data_Generation.Add_Tracking_Numbers_To_User"/>
  <testcase name="Add_Tracking_Number" time="3.724" classname="Test_Data_Generation.Add_Tracking_Numbers_To_User"/>
  <testcase name="Add_Tracking_Number" time="2.855" classname="Test_Data_Generation.Add_Tracking_Numbers_To_User"/>
  <testcase name="Add_Tracking_Number" time="4.470" classname="Test_Data_Generation.Add_Tracking_Numbers_To_User"/>
  <testcase name="Add_Tracking_Number" time="4.733" classname="Test_Data_Generation.Add_Tracking_Numbers_To_User"/>
  <testcase name="Add_Tracking_Number" time="3.102" classname="Test_Data_Generation.Add_Tracking_Numbers_To_User"/>
  <testcase name="Add_Tracking_Number" time="3.152" classname="Test_Data_Generation.Add_Tracking_Numbers_To_User"/>
  <testcase name="Add_Tracking_Number" time="3.128" classname="Test_Data_Generation.Add_Tracking_Numbers_To_User"/>
  <testcase name="Add_Tracking_Number" time="4.735" classname="Test_Data_Generation.Add_Tracking_Numbers_To_User"/>
  <testcase name="Add_Tracking_Number" time="3.818" classname="Test_Data_Generation.Add_Tracking_Numbers_To_User"/>
  <testcase name="Add_Tracking_Number" time="4.409" classname="Test_Data_Generation.Add_Tracking_Numbers_To_User"/>
  <testcase name="Add_Tracking_Number" time="5.247" classname="Test_Data_Generation.Add_Tracking_Numbers_To_User"/>
  <testcase name="Add_Tracking_Number" time="0.325" classname="Test_Data_Generation.Add_Tracking_Numbers_To_User"/>
  <testcase name="Add_Tracking_Number" time="3.493" classname="Test_Data_Generation.Add_Tracking_Numbers_To_User"/>
  <testcase name="Add_Tracking_Number" time="3.774" classname="Test_Data_Generation.Add_Tracking_Numbers_To_User"/>
  <testcase name="Add_Tracking_Number" time="4.439" classname="Test_Data_Generation.Add_Tracking_Numbers_To_User"/>
  <testcase name="Add_Tracking_Number" time="3.868" classname="Test_Data_Generation.Add_Tracking_Numbers_To_User"/>
  <testcase name="Add_Tracking_Number" time="4.230" classname="Test_Data_Generation.Add_Tracking_Numbers_To_User"/>
  <testcase name="Add_Tracking_Number" time="3.592" classname="Test_Data_Generation.Add_Tracking_Numbers_To_User"/>
  <testcase name="Add_Tracking_Number" time="0.336" classname="Test_Data_Generation.Add_Tracking_Numbers_To_User"/>
  <testcase name="Add_Tracking_Number" time="3.253" classname="Test_Data_Generation.Add_Tracking_Numbers_To_User"/>
  <testcase name="Add_Tracking_Number" time="4.479" classname="Test_Data_Generation.Add_Tracking_Numbers_To_User"/>
  <testcase name="Add_Tracking_Number" time="3.436" classname="Test_Data_Generation.Add_Tracking_Numbers_To_User"/>
  <testcase name="Add_Tracking_Number" time="3.454" classname="Test_Data_Generation.Add_Tracking_Numbers_To_User"/>
  <testcase name="Add_Tracking_Number" time="4.721" classname="Test_Data_Generation.Add_Tracking_Numbers_To_User"/>
  <testcase name="Add_Tracking_Number" time="3.181" classname="Test_Data_Generation.Add_Tracking_Numbers_To_User"/>
  <testcase name="Add_Tracking_Number" time="3.726" classname="Test_Data_Generation.Add_Tracking_Numbers_To_User"/>
  <testcase name="Add_Tracking_Number" time="3.799" classname="Test_Data_Generation.Add_Tracking_Numbers_To_User"/>
  <testcase name="Add_Tracking_Number" time="2.796" classname="Test_Data_Generation.Add_Tracking_Numbers_To_User"/>
  <testcase name="Add_Tracking_Number" time="3.484" classname="Test_Data_Generation.Add_Tracking_Numbers_To_User"/>
  <testcase name="Add_Tracking_Number" time="7.372" classname="Test_Data_Generation.Add_Tracking_Numbers_To_User"/>
  <testcase name="Add_Tracking_Number" time="4.501" classname="Test_Data_Generation.Add_Tracking_Numbers_To_User"/>
  <testcase name="Add_Tracking_Number" time="4.711" classname="Test_Data_Generation.Add_Tracking_Numbers_To_User"/>
  <testcase name="Add_Tracking_Number" time="4.891" classname="Test_Data_Generation.Add_Tracking_Numbers_To_User"/>
  <testcase name="Add_Tracking_Number" time="4.397" classname="Test_Data_Generation.Add_Tracking_Numbers_To_User"/>
  <testcase name="Add_Tracking_Number" time="3.229" classname="Test_Data_Generation.Add_Tracking_Numbers_To_User"/>
  <testcase name="Add_Tracking_Number" time="3.092" classname="Test_Data_Generation.Add_Tracking_Numbers_To_User"/>
  <testcase name="Add_Tracking_Number" time="5.937" classname="Test_Data_Generation.Add_Tracking_Numbers_To_User"/>
  <testcase name="Add_Tracking_Number" time="2.654" classname="Test_Data_Generation.Add_Tracking_Numbers_To_User"/>
  <testcase name="Add_Tracking_Number" time="3.884" classname="Test_Data_Generation.Add_Tracking_Numbers_To_User"/>
  <testcase name="Add_Tracking_Number" time="3.106" classname="Test_Data_Generation.Add_Tracking_Numbers_To_User"/>
  <testcase name="Add_Tracking_Number" time="3.190" classname="Test_Data_Generation.Add_Tracking_Numbers_To_User"/>
  <testcase name="Add_Tracking_Number" time="4.731" classname="Test_Data_Generation.Add_Tracking_Numbers_To_User"/>
  <testcase name="Add_Tracking_Number" time="3.750" classname="Test_Data_Generation.Add_Tracking_Numbers_To_User"/>
  <testcase name="Add_Tracking_Number" time="4.202" classname="Test_Data_Generation.Add_Tracking_Numbers_To_User"/>
  <testcase name="Add_Tracking_Number" time="3.310" classname="Test_Data_Generation.Add_Tracking_Numbers_To_User"/>
  <testcase name="Add_Tracking_Number" time="4.916" classname="Test_Data_Generation.Add_Tracking_Numbers_To_User"/>
  <testcase name="Add_Tracking_Number" time="3.925" classname="Test_Data_Generation.Add_Tracking_Numbers_To_User"/>
  <testcase name="Add_Tracking_Number" time="3.575" classname="Test_Data_Generation.Add_Tracking_Numbers_To_User"/>
  <testcase name="Add_Tracking_Number" time="4.277" classname="Test_Data_Generation.Add_Tracking_Numbers_To_User"/>
  <testcase name="Add_Tracking_Number" time="3.325" classname="Test_Data_Generation.Add_Tracking_Numbers_To_User"/>
  <testcase name="Add_Tracking_Number" time="3.107" classname="Test_Data_Generation.Add_Tracking_Numbers_To_User"/>
  <testcase name="Add_Tracking_Number" time="4.506" classname="Test_Data_Generation.Add_Tracking_Numbers_To_User"/>
  <testcase name="Add_Tracking_Number" time="3.588" classname="Test_Data_Generation.Add_Tracking_Numbers_To_User"/>
  <testcase name="Add_Tracking_Number" time="4.012" classname="Test_Data_Generation.Add_Tracking_Numbers_To_User"/>
  <testcase name="Add_Tracking_Number" time="4.091" classname="Test_Data_Generation.Add_Tracking_Numbers_To_User"/>
  <testcase name="Add_Tracking_Number" time="2.664" classname="Test_Data_Generation.Add_Tracking_Numbers_To_User"/>
  <testcase name="Add_Tracking_Number" time="3.895" classname="Test_Data_Generation.Add_Tracking_Numbers_To_User"/>
  <testcase name="Add_Tracking_Number" time="2.843" classname="Test_Data_Generation.Add_Tracking_Numbers_To_User"/>
  <testcase name="Add_Tracking_Number" time="5.333" classname="Test_Data_Generation.Add_Tracking_Numbers_To_User"/>
  <testcase name="Add_Tracking_Number" time="4.398" classname="Test_Data_Generation.Add_Tracking_Numbers_To_User"/>
  <testcase name="Add_Tracking_Number" time="2.908" classname="Test_Data_Generation.Add_Tracking_Numbers_To_User"/>
  <testcase name="Add_Tracking_Number" time="2.767" classname="Test_Data_Generation.Add_Tracking_Numbers_To_User"/>
  <testcase name="Add_Tracking_Number" time="3.284" classname="Test_Data_Generation.Add_Tracking_Numbers_To_User"/>
  <testcase name="Add_Tracking_Number" time="3.844" classname="Test_Data_Generation.Add_Tracking_Numbers_To_User"/>
  <testcase name="Add_Tracking_Number" time="4.077" classname="Test_Data_Generation.Add_Tracking_Numbers_To_User"/>
  <testcase name="Add_Tracking_Number" time="4.559" classname="Test_Data_Generation.Add_Tracking_Numbers_To_User"/>
  <testcase name="Add_Tracking_Number" time="5.159" classname="Test_Data_Generation.Add_Tracking_Numbers_To_User"/>
  <testcase name="Add_Tracking_Number" time="4.475" classname="Test_Data_Generation.Add_Tracking_Numbers_To_User"/>
  <testcase name="Add_Tracking_Number" time="3.256" classname="Test_Data_Generation.Add_Tracking_Numbers_To_User"/>
  <testcase name="Add_Tracking_Number" time="3.662" classname="Test_Data_Generation.Add_Tracking_Numbers_To_User"/>
  <testcase name="Add_Tracking_Number" time="4.110" classname="Test_Data_Generation.Add_Tracking_Numbers_To_User"/>
  <testcase name="Add_Tracking_Number" time="0.461" classname="Test_Data_Generation.Add_Tracking_Numbers_To_User"/>
  <testcase name="Add_Tracking_Number" time="4.826" classname="Test_Data_Generation.Add_Tracking_Numbers_To_User"/>
  <testcase name="Add_Tracking_Number" time="4.696" classname="Test_Data_Generation.Add_Tracking_Numbers_To_User"/>
  <testcase name="Add_Tracking_Number" time="2.696" classname="Test_Data_Generation.Add_Tracking_Numbers_To_User"/>
  <testcase name="Add_Tracking_Number" time="3.323" classname="Test_Data_Generation.Add_Tracking_Numbers_To_User"/>
  <testcase name="Add_Tracking_Number" time="7.575" classname="Test_Data_Generation.Add_Tracking_Numbers_To_User"/>
  <testcase name="Add_Tracking_Number" time="4.384" classname="Test_Data_Generation.Add_Tracking_Numbers_To_User"/>
  <testcase name="Add_Tracking_Number" time="3.104" classname="Test_Data_Generation.Add_Tracking_Numbers_To_User"/>
  <testcase name="Add_Tracking_Number" time="2.938" classname="Test_Data_Generation.Add_Tracking_Numbers_To_User"/>
  <testcase name="Add_Tracking_Number" time="3.298" classname="Test_Data_Generation.Add_Tracking_Numbers_To_User"/>
  <testcase name="Add_Tracking_Number" time="2.691" classname="Test_Data_Generation.Add_Tracking_Numbers_To_User"/>
  <testcase name="Add_Tracking_Number" time="5.403" classname="Test_Data_Generation.Add_Tracking_Numbers_To_User"/>
  <testcase name="Add_Tracking_Number" time="6.522" classname="Test_Data_Generation.Add_Tracking_Numbers_To_User"/>
  <testcase name="Add_Tracking_Number" time="4.188" classname="Test_Data_Generation.Add_Tracking_Numbers_To_User"/>
  <testcase name="Add_Tracking_Number" time="3.645" classname="Test_Data_Generation.Add_Tracking_Numbers_To_User"/>
  <testcase name="Add_Tracking_Number" time="2.901" classname="Test_Data_Generation.Add_Tracking_Numbers_To_User"/>
  <testcase name="Add_Tracking_Number" time="4.193" classname="Test_Data_Generation.Add_Tracking_Numbers_To_User"/>
  <testcase name="Add_Tracking_Number" time="2.866" classname="Test_Data_Generation.Add_Tracking_Numbers_To_User"/>
  <testcase name="Add_Tracking_Number" time="0.557" classname="Test_Data_Generation.Add_Tracking_Numbers_To_User"/>
  <testcase name="Add_Tracking_Number" time="3.591" classname="Test_Data_Generation.Add_Tracking_Numbers_To_User"/>
  <testcase name="Add_Tracking_Number" time="2.682" classname="Test_Data_Generation.Add_Tracking_Numbers_To_User"/>
  <testcase name="Add_Tracking_Number" time="2.846" classname="Test_Data_Generation.Add_Tracking_Numbers_To_User"/>
  <testcase name="Add_Tracking_Number" time="5.201" classname="Test_Data_Generation.Add_Tracking_Numbers_To_User"/>
  <testcase name="Add_Tracking_Number" time="3.222" classname="Test_Data_Generation.Add_Tracking_Numbers_To_User"/>
  <testcase name="Add_Tracking_Number" time="4.533" classname="Test_Data_Generation.Add_Tracking_Numbers_To_User"/>
  <testcase name="Add_Tracking_Number" time="0.325" classname="Test_Data_Generation.Add_Tracking_Numbers_To_User"/>
  <testcase name="Add_Tracking_Number" time="4.584" classname="Test_Data_Generation.Add_Tracking_Numbers_To_User"/>
  <testcase name="Add_Tracking_Number" time="2.800" classname="Test_Data_Generation.Add_Tracking_Numbers_To_User"/>
  <testcase name="Add_Tracking_Number" time="5.117" classname="Test_Data_Generation.Add_Tracking_Numbers_To_User"/>
  <testcase name="Add_Tracking_Number" time="0.245" classname="Test_Data_Generation.Add_Tracking_Numbers_To_User"/>
  <testcase name="Add_Tracking_Number" time="5.223" classname="Test_Data_Generation.Add_Tracking_Numbers_To_User"/>
  <testcase name="Add_Tracking_Number" time="3.684" classname="Test_Data_Generation.Add_Tracking_Numbers_To_User"/>
  <testcase name="Add_Tracking_Number" time="3.051" classname="Test_Data_Generation.Add_Tracking_Numbers_To_User"/>
  <testcase name="Add_Tracking_Number" time="3.734" classname="Test_Data_Generation.Add_Tracking_Numbers_To_User"/>
  <testcase name="Add_Tracking_Number" time="3.419" classname="Test_Data_Generation.Add_Tracking_Numbers_To_User"/>
  <testcase name="Add_Tracking_Number" time="4.816" classname="Test_Data_Generation.Add_Tracking_Numbers_To_User"/>
  <testcase name="Add_Tracking_Number" time="5.704" classname="Test_Data_Generation.Add_Tracking_Numbers_To_User"/>
  <testcase name="Add_Tracking_Number" time="3.715" classname="Test_Data_Generation.Add_Tracking_Numbers_To_User"/>
  <testcase name="Add_Tracking_Number" time="2.806" classname="Test_Data_Generation.Add_Tracking_Numbers_To_User"/>
  <testcase name="Add_Tracking_Number" time="3.759" classname="Test_Data_Generation.Add_Tracking_Numbers_To_User"/>
  <testcase name="Add_Tracking_Number" time="4.587" classname="Test_Data_Generation.Add_Tracking_Numbers_To_User"/>
  <testcase name="Add_Tracking_Number" time="4.254" classname="Test_Data_Generation.Add_Tracking_Numbers_To_User"/>
  <testcase name="Add_Tracking_Number" time="2.641" classname="Test_Data_Generation.Add_Tracking_Numbers_To_User"/>
  <testcase name="Add_Tracking_Number" time="2.800" classname="Test_Data_Generation.Add_Tracking_Numbers_To_User"/>
  <testcase name="Add_Tracking_Number" time="5.572" classname="Test_Data_Generation.Add_Tracking_Numbers_To_User"/>
  <testcase name="Add_Tracking_Number" time="4.200" classname="Test_Data_Generation.Add_Tracking_Numbers_To_User"/>
  <testcase name="Add_Tracking_Number" time="2.892" classname="Test_Data_Generation.Add_Tracking_Numbers_To_User"/>
  <testcase name="Add_Tracking_Number" time="3.712" classname="Test_Data_Generation.Add_Tracking_Numbers_To_User"/>
  <testcase name="Add_Tracking_Number" time="4.771" classname="Test_Data_Generation.Add_Tracking_Numbers_To_User"/>
  <testcase name="Add_Tracking_Number" time="3.735" classname="Test_Data_Generation.Add_Tracking_Numbers_To_User"/>
  <testcase name="Add_Tracking_Number" time="6.740" classname="Test_Data_Generation.Add_Tracking_Numbers_To_User"/>
  <testcase name="Add_Tracking_Number" time="2.737" classname="Test_Data_Generation.Add_Tracking_Numbers_To_User"/>
  <testcase name="Add_Tracking_Number" time="3.441" classname="Test_Data_Generation.Add_Tracking_Numbers_To_User"/>
  <testcase name="Add_Tracking_Number" time="2.688" classname="Test_Data_Generation.Add_Tracking_Numbers_To_User"/>
  <testcase name="Add_Tracking_Number" time="2.837" classname="Test_Data_Generation.Add_Tracking_Numbers_To_User"/>
  <testcase name="Add_Tracking_Number" time="4.581" classname="Test_Data_Generation.Add_Tracking_Numbers_To_User"/>
  <testcase name="Add_Tracking_Number" time="3.200" classname="Test_Data_Generation.Add_Tracking_Numbers_To_User"/>
  <testcase name="Add_Tracking_Number" time="0.278" classname="Test_Data_Generation.Add_Tracking_Numbers_To_User"/>
  <testcase name="Add_Tracking_Number" time="3.908" classname="Test_Data_Generation.Add_Tracking_Numbers_To_User"/>
  <testcase name="Add_Tracking_Number" time="2.628" classname="Test_Data_Generation.Add_Tracking_Numbers_To_User"/>
  <testcase name="Add_Tracking_Number" time="3.767" classname="Test_Data_Generation.Add_Tracking_Numbers_To_User"/>
  <testcase name="Add_Tracking_Number" time="5.397" classname="Test_Data_Generation.Add_Tracking_Numbers_To_User"/>
  <testcase name="Add_Tracking_Number" time="6.134" classname="Test_Data_Generation.Add_Tracking_Numbers_To_User"/>
  <testcase name="Add_Tracking_Number" time="4.524" classname="Test_Data_Generation.Add_Tracking_Numbers_To_User"/>
  <testcase name="Add_Tracking_Number" time="3.849" classname="Test_Data_Generation.Add_Tracking_Numbers_To_User"/>
  <testcase name="Add_Tracking_Number" time="0.441" classname="Test_Data_Generation.Add_Tracking_Numbers_To_User"/>
  <testcase name="Add_Tracking_Number" time="3.533" classname="Test_Data_Generation.Add_Tracking_Numbers_To_User"/>
  <testcase name="Add_Tracking_Number" time="3.475" classname="Test_Data_Generation.Add_Tracking_Numbers_To_User"/>
  <testcase name="Add_Tracking_Number" time="3.830" classname="Test_Data_Generation.Add_Tracking_Numbers_To_User"/>
  <testcase name="Add_Tracking_Number" time="4.477" classname="Test_Data_Generation.Add_Tracking_Numbers_To_User"/>
  <testcase name="Add_Tracking_Number" time="4.264" classname="Test_Data_Generation.Add_Tracking_Numbers_To_User"/>
  <testcase name="Add_Tracking_Number" time="0.545" classname="Test_Data_Generation.Add_Tracking_Numbers_To_User"/>
  <testcase name="Add_Tracking_Number" time="3.373" classname="Test_Data_Generation.Add_Tracking_Numbers_To_User"/>
  <testcase name="Add_Tracking_Number" time="3.721" classname="Test_Data_Generation.Add_Tracking_Numbers_To_User"/>
  <testcase name="Add_Tracking_Number" time="4.302" classname="Test_Data_Generation.Add_Tracking_Numbers_To_User"/>
  <testcase name="Add_Tracking_Number" time="3.102" classname="Test_Data_Generation.Add_Tracking_Numbers_To_User"/>
  <testcase name="Add_Tracking_Number" time="3.133" classname="Test_Data_Generation.Add_Tracking_Numbers_To_User"/>
  <testcase name="Add_Tracking_Number" time="3.666" classname="Test_Data_Generation.Add_Tracking_Numbers_To_User"/>
  <testcase name="Add_Tracking_Number" time="2.712" classname="Test_Data_Generation.Add_Tracking_Numbers_To_User"/>
  <testcase name="Add_Tracking_Number" time="4.049" classname="Test_Data_Generation.Add_Tracking_Numbers_To_User"/>
  <testcase name="Add_Tracking_Number" time="3.840" classname="Test_Data_Generation.Add_Tracking_Numbers_To_User"/>
  <testcase name="Add_Tracking_Number" time="3.744" classname="Test_Data_Generation.Add_Tracking_Numbers_To_User"/>
  <testcase name="Add_Tracking_Number" time="4.017" classname="Test_Data_Generation.Add_Tracking_Numbers_To_User"/>
  <testcase name="Add_Tracking_Number" time="4.373" classname="Test_Data_Generation.Add_Tracking_Numbers_To_User"/>
  <testcase name="Add_Tracking_Number" time="2.743" classname="Test_Data_Generation.Add_Tracking_Numbers_To_User"/>
  <testcase name="Add_Tracking_Number" time="2.705" classname="Test_Data_Generation.Add_Tracking_Numbers_To_User"/>
  <testcase name="Add_Tracking_Number" time="4.349" classname="Test_Data_Generation.Add_Tracking_Numbers_To_User"/>
  <testcase name="Add_Tracking_Number" time="5.022" classname="Test_Data_Generation.Add_Tracking_Numbers_To_User"/>
  <testcase name="Add_Tracking_Number" time="3.743" classname="Test_Data_Generation.Add_Tracking_Numbers_To_User"/>
  <testcase name="Add_Tracking_Number" time="4.397" classname="Test_Data_Generation.Add_Tracking_Numbers_To_User"/>
  <testcase name="Add_Tracking_Number" time="3.311" classname="Test_Data_Generation.Add_Tracking_Numbers_To_User"/>
  <testcase name="Add_Tracking_Number" time="4.234" classname="Test_Data_Generation.Add_Tracking_Numbers_To_User"/>
  <testcase name="Add_Tracking_Number" time="3.582" classname="Test_Data_Generation.Add_Tracking_Numbers_To_User"/>
  <testcase name="Add_Tracking_Number" time="3.369" classname="Test_Data_Generation.Add_Tracking_Numbers_To_User"/>
  <testcase name="Add_Tracking_Number" time="3.077" classname="Test_Data_Generation.Add_Tracking_Numbers_To_User"/>
  <testcase name="Add_Tracking_Number" time="3.311" classname="Test_Data_Generation.Add_Tracking_Numbers_To_User"/>
  <testcase name="Add_Tracking_Number" time="3.461" classname="Test_Data_Generation.Add_Tracking_Numbers_To_User"/>
  <testcase name="Add_Tracking_Number" time="2.930" classname="Test_Data_Generation.Add_Tracking_Numbers_To_User"/>
  <testcase name="Add_Tracking_Number" time="2.942" classname="Test_Data_Generation.Add_Tracking_Numbers_To_User"/>
  <testcase name="Add_Tracking_Number" time="3.788" classname="Test_Data_Generation.Add_Tracking_Numbers_To_User"/>
  <testcase name="Add_Tracking_Number" time="2.956" classname="Test_Data_Generation.Add_Tracking_Numbers_To_User"/>
  <testcase name="Add_Tracking_Number" time="3.260" classname="Test_Data_Generation.Add_Tracking_Numbers_To_User"/>
  <testcase name="Add_Tracking_Number" time="3.420" classname="Test_Data_Generation.Add_Tracking_Numbers_To_User"/>
  <testcase name="Add_Tracking_Number" time="2.835" classname="Test_Data_Generation.Add_Tracking_Numbers_To_User"/>
  <testcase name="Add_Tracking_Number" time="2.530" classname="Test_Data_Generation.Add_Tracking_Numbers_To_User"/>
  <testcase name="Add_Tracking_Number" time="3.019" classname="Test_Data_Generation.Add_Tracking_Numbers_To_User"/>
  <testcase name="Add_Tracking_Number" time="3.938" classname="Test_Data_Generation.Add_Tracking_Numbers_To_User"/>
  <testcase name="Add_Tracking_Number" time="3.331" classname="Test_Data_Generation.Add_Tracking_Numbers_To_User"/>
  <testcase name="Add_Tracking_Number" time="2.810" classname="Test_Data_Generation.Add_Tracking_Numbers_To_User"/>
  <testcase name="Add_Tracking_Number" time="4.268" classname="Test_Data_Generation.Add_Tracking_Numbers_To_User"/>
  <testcase name="Add_Tracking_Number" time="4.269" classname="Test_Data_Generation.Add_Tracking_Numbers_To_User"/>
  <testcase name="Add_Tracking_Number" time="3.428" classname="Test_Data_Generation.Add_Tracking_Numbers_To_User"/>
  <testcase name="Add_Tracking_Number" time="0.250" classname="Test_Data_Generation.Add_Tracking_Numbers_To_User"/>
  <testcase name="Add_Tracking_Number" time="0.240" classname="Test_Data_Generation.Add_Tracking_Numbers_To_User"/>
  <testcase name="Add_Tracking_Number" time="3.254" classname="Test_Data_Generation.Add_Tracking_Numbers_To_User"/>
  <testcase name="Add_Tracking_Number" time="2.645" classname="Test_Data_Generation.Add_Tracking_Numbers_To_User"/>
  <testcase name="Add_Tracking_Number" time="3.340" classname="Test_Data_Generation.Add_Tracking_Numbers_To_User"/>
  <testcase name="Add_Tracking_Number" time="3.648" classname="Test_Data_Generation.Add_Tracking_Numbers_To_User"/>
  <testcase name="Add_Tracking_Number" time="4.095" classname="Test_Data_Generation.Add_Tracking_Numbers_To_User"/>
  <testcase name="Add_Tracking_Number" time="4.793" classname="Test_Data_Generation.Add_Tracking_Numbers_To_User"/>
  <testcase name="Add_Tracking_Number" time="2.731" classname="Test_Data_Generation.Add_Tracking_Numbers_To_User"/>
  <testcase name="Add_Tracking_Number" time="4.625" classname="Test_Data_Generation.Add_Tracking_Numbers_To_User"/>
  <testcase name="Add_Tracking_Number" time="4.214" classname="Test_Data_Generation.Add_Tracking_Numbers_To_User"/>
  <testcase name="Add_Tracking_Number" time="3.948" classname="Test_Data_Generation.Add_Tracking_Numbers_To_User"/>
  <testcase name="Add_Tracking_Number" time="5.542" classname="Test_Data_Generation.Add_Tracking_Numbers_To_User"/>
  <testcase name="Add_Tracking_Number" time="3.261" classname="Test_Data_Generation.Add_Tracking_Numbers_To_User"/>
  <testcase name="Add_Tracking_Number" time="4.343" classname="Test_Data_Generation.Add_Tracking_Numbers_To_User"/>
  <testcase name="Add_Tracking_Number" time="3.829" classname="Test_Data_Generation.Add_Tracking_Numbers_To_User"/>
  <testcase name="Add_Tracking_Number" time="6.053" classname="Test_Data_Generation.Add_Tracking_Numbers_To_User"/>
  <testcase name="Add_Tracking_Number" time="3.511" classname="Test_Data_Generation.Add_Tracking_Numbers_To_User"/>
  <testcase name="Add_Tracking_Number" time="3.241" classname="Test_Data_Generation.Add_Tracking_Numbers_To_User"/>
  <testcase name="Add_Tracking_Number" time="3.480" classname="Test_Data_Generation.Add_Tracking_Numbers_To_User"/>
  <testcase name="Add_Tracking_Number" time="5.160" classname="Test_Data_Generation.Add_Tracking_Numbers_To_User"/>
  <testcase name="Add_Tracking_Number" time="3.660" classname="Test_Data_Generation.Add_Tracking_Numbers_To_User"/>
  <testcase name="Add_Tracking_Number" time="3.157" classname="Test_Data_Generation.Add_Tracking_Numbers_To_User"/>
  <testcase name="Add_Tracking_Number" time="4.347" classname="Test_Data_Generation.Add_Tracking_Numbers_To_User"/>
  <testcase name="Add_Tracking_Number" time="4.513" classname="Test_Data_Generation.Add_Tracking_Numbers_To_User"/>
  <testcase name="Add_Tracking_Number" time="3.790" classname="Test_Data_Generation.Add_Tracking_Numbers_To_User"/>
  <testcase name="Add_Tracking_Number" time="3.429" classname="Test_Data_Generation.Add_Tracking_Numbers_To_User"/>
  <testcase name="Add_Tracking_Number" time="4.086" classname="Test_Data_Generation.Add_Tracking_Numbers_To_User"/>
  <testcase name="Add_Tracking_Number" time="4.302" classname="Test_Data_Generation.Add_Tracking_Numbers_To_User"/>
  <testcase name="Add_Tracking_Number" time="3.089" classname="Test_Data_Generation.Add_Tracking_Numbers_To_User"/>
  <testcase name="Add_Tracking_Number" time="3.745" classname="Test_Data_Generation.Add_Tracking_Numbers_To_User"/>
  <testcase name="Add_Tracking_Number" time="4.619" classname="Test_Data_Generation.Add_Tracking_Numbers_To_User"/>
  <testcase name="Add_Tracking_Number" time="3.863" classname="Test_Data_Generation.Add_Tracking_Numbers_To_User"/>
  <testcase name="Add_Tracking_Number" time="2.836" classname="Test_Data_Generation.Add_Tracking_Numbers_To_User"/>
  <testcase name="Add_Tracking_Number" time="2.829" classname="Test_Data_Generation.Add_Tracking_Numbers_To_User"/>
  <testcase name="Add_Tracking_Number" time="3.121" classname="Test_Data_Generation.Add_Tracking_Numbers_To_User"/>
  <testcase name="Add_Tracking_Number" time="3.549" classname="Test_Data_Generation.Add_Tracking_Numbers_To_User"/>
  <testcase name="Add_Tracking_Number" time="3.920" classname="Test_Data_Generation.Add_Tracking_Numbers_To_User"/>
  <testcase name="Add_Tracking_Number" time="4.873" classname="Test_Data_Generation.Add_Tracking_Numbers_To_User"/>
  <testcase name="Add_Tracking_Number" time="3.982" classname="Test_Data_Generation.Add_Tracking_Numbers_To_User"/>
  <testcase name="Add_Tracking_Number" time="2.958" classname="Test_Data_Generation.Add_Tracking_Numbers_To_User"/>
  <testcase name="Add_Tracking_Number" time="4.038" classname="Test_Data_Generation.Add_Tracking_Numbers_To_User"/>
  <testcase name="Add_Tracking_Number" time="3.052" classname="Test_Data_Generation.Add_Tracking_Numbers_To_User"/>
  <testcase name="Add_Tracking_Number" time="3.135" classname="Test_Data_Generation.Add_Tracking_Numbers_To_User"/>
  <testcase name="Add_Tracking_Number" time="3.427" classname="Test_Data_Generation.Add_Tracking_Numbers_To_User"/>
  <testcase name="Add_Tracking_Number" time="3.949" classname="Test_Data_Generation.Add_Tracking_Numbers_To_User"/>
  <testcase name="Add_Tracking_Number" time="4.363" classname="Test_Data_Generation.Add_Tracking_Numbers_To_User"/>
  <testcase name="Add_Tracking_Number" time="4.075" classname="Test_Data_Generation.Add_Tracking_Numbers_To_User"/>
  <testcase name="Add_Tracking_Number" time="4.357" classname="Test_Data_Generation.Add_Tracking_Numbers_To_User"/>
  <testcase name="Add_Tracking_Number" time="2.783" classname="Test_Data_Generation.Add_Tracking_Numbers_To_User"/>
  <testcase name="Add_Tracking_Number" time="4.072" classname="Test_Data_Generation.Add_Tracking_Numbers_To_User"/>
  <testcase name="Add_Tracking_Number" time="3.723" classname="Test_Data_Generation.Add_Tracking_Numbers_To_User"/>
  <testcase name="Add_Tracking_Number" time="3.420" classname="Test_Data_Generation.Add_Tracking_Numbers_To_User"/>
  <testcase name="Add_Tracking_Number" time="3.621" classname="Test_Data_Generation.Add_Tracking_Numbers_To_User"/>
  <testcase name="Add_Tracking_Number" time="4.267" classname="Test_Data_Generation.Add_Tracking_Numbers_To_User"/>
  <testcase name="Add_Tracking_Number" time="3.248" classname="Test_Data_Generation.Add_Tracking_Numbers_To_User"/>
  <testcase name="Add_Tracking_Number" time="4.358" classname="Test_Data_Generation.Add_Tracking_Numbers_To_User"/>
  <testcase name="Add_Tracking_Number" time="3.330" classname="Test_Data_Generation.Add_Tracking_Numbers_To_User"/>
  <testcase name="Add_Tracking_Number" time="6.544" classname="Test_Data_Generation.Add_Tracking_Numbers_To_User"/>
  <testcase name="Add_Tracking_Number" time="3.687" classname="Test_Data_Generation.Add_Tracking_Numbers_To_User"/>
  <testcase name="Add_Tracking_Number" time="4.111" classname="Test_Data_Generation.Add_Tracking_Numbers_To_User"/>
  <testcase name="Add_Tracking_Number" time="3.628" classname="Test_Data_Generation.Add_Tracking_Numbers_To_User"/>
  <testcase name="Add_Tracking_Number" time="3.532" classname="Test_Data_Generation.Add_Tracking_Numbers_To_User"/>
  <testcase name="Add_Tracking_Number" time="0.283" classname="Test_Data_Generation.Add_Tracking_Numbers_To_User"/>
  <testcase name="Add_Tracking_Number" time="2.938" classname="Test_Data_Generation.Add_Tracking_Numbers_To_User"/>
  <testcase name="Add_Tracking_Number" time="5.111" classname="Test_Data_Generation.Add_Tracking_Numbers_To_User"/>
  <testcase name="Add_Tracking_Number" time="4.164" classname="Test_Data_Generation.Add_Tracking_Numbers_To_User"/>
  <testcase name="Add_Tracking_Number" time="3.481" classname="Test_Data_Generation.Add_Tracking_Numbers_To_User"/>
  <testcase name="Add_Tracking_Number" time="3.583" classname="Test_Data_Generation.Add_Tracking_Numbers_To_User"/>
  <testcase name="Add_Tracking_Number" time="3.671" classname="Test_Data_Generation.Add_Tracking_Numbers_To_User"/>
  <testcase name="Add_Tracking_Number" time="4.483" classname="Test_Data_Generation.Add_Tracking_Numbers_To_User"/>
  <testcase name="Add_Tracking_Number" time="4.491" classname="Test_Data_Generation.Add_Tracking_Numbers_To_User"/>
  <testcase name="Add_Tracking_Number" time="3.909" classname="Test_Data_Generation.Add_Tracking_Numbers_To_User"/>
  <testcase name="Add_Tracking_Number" time="4.230" classname="Test_Data_Generation.Add_Tracking_Numbers_To_User"/>
  <testcase name="Add_Tracking_Number" time="5.138" classname="Test_Data_Generation.Add_Tracking_Numbers_To_User"/>
  <testcase name="Add_Tracking_Number" time="3.332" classname="Test_Data_Generation.Add_Tracking_Numbers_To_User"/>
  <testcase name="Add_Tracking_Number" time="2.895" classname="Test_Data_Generation.Add_Tracking_Numbers_To_User"/>
  <testcase name="Add_Tracking_Number" time="4.026" classname="Test_Data_Generation.Add_Tracking_Numbers_To_User"/>
  <testcase name="Add_Tracking_Number" time="4.360" classname="Test_Data_Generation.Add_Tracking_Numbers_To_User"/>
  <testcase name="Add_Tracking_Number" time="3.039" classname="Test_Data_Generation.Add_Tracking_Numbers_To_User"/>
  <testcase name="Add_Tracking_Number" time="3.472" classname="Test_Data_Generation.Add_Tracking_Numbers_To_User"/>
  <testcase name="Add_Tracking_Number" time="2.699" classname="Test_Data_Generation.Add_Tracking_Numbers_To_User"/>
  <testcase name="Add_Tracking_Number" time="4.584" classname="Test_Data_Generation.Add_Tracking_Numbers_To_User"/>
  <testcase name="Add_Tracking_Number" time="4.042" classname="Test_Data_Generation.Add_Tracking_Numbers_To_User"/>
  <testcase name="Add_Tracking_Number" time="2.825" classname="Test_Data_Generation.Add_Tracking_Numbers_To_User"/>
  <testcase name="Add_Tracking_Number" time="2.791" classname="Test_Data_Generation.Add_Tracking_Numbers_To_User"/>
  <testcase name="Add_Tracking_Number" time="3.415" classname="Test_Data_Generation.Add_Tracking_Numbers_To_User"/>
  <testcase name="Add_Tracking_Number" time="4.357" classname="Test_Data_Generation.Add_Tracking_Numbers_To_User"/>
  <testcase name="Add_Tracking_Number" time="3.087" classname="Test_Data_Generation.Add_Tracking_Numbers_To_User"/>
  <testcase name="Add_Tracking_Number" time="4.040" classname="Test_Data_Generation.Add_Tracking_Numbers_To_User"/>
  <testcase name="Add_Tracking_Number" time="2.845" classname="Test_Data_Generation.Add_Tracking_Numbers_To_User"/>
  <testcase name="Add_Tracking_Number" time="3.934" classname="Test_Data_Generation.Add_Tracking_Numbers_To_User"/>
  <testcase name="Add_Tracking_Number" time="3.277" classname="Test_Data_Generation.Add_Tracking_Numbers_To_User"/>
  <testcase name="Add_Tracking_Number" time="4.215" classname="Test_Data_Generation.Add_Tracking_Numbers_To_User"/>
  <testcase name="Add_Tracking_Number" time="2.654" classname="Test_Data_Generation.Add_Tracking_Numbers_To_User"/>
  <testcase name="Add_Tracking_Number" time="3.848" classname="Test_Data_Generation.Add_Tracking_Numbers_To_User"/>
  <testcase name="Add_Tracking_Number" time="3.753" classname="Test_Data_Generation.Add_Tracking_Numbers_To_User"/>
  <testcase name="Add_Tracking_Number" time="0.469" classname="Test_Data_Generation.Add_Tracking_Numbers_To_User"/>
  <testcase name="Add_Tracking_Number" time="0.317" classname="Test_Data_Generation.Add_Tracking_Numbers_To_User"/>
  <testcase name="Add_Tracking_Number" time="2.745" classname="Test_Data_Generation.Add_Tracking_Numbers_To_User"/>
  <testcase name="Add_Tracking_Number" time="4.392" classname="Test_Data_Generation.Add_Tracking_Numbers_To_User"/>
  <testcase name="Add_Tracking_Number" time="3.290" classname="Test_Data_Generation.Add_Tracking_Numbers_To_User"/>
  <testcase name="Add_Tracking_Number" time="3.678" classname="Test_Data_Generation.Add_Tracking_Numbers_To_User"/>
  <testcase name="Add_Tracking_Number" time="3.083" classname="Test_Data_Generation.Add_Tracking_Numbers_To_User"/>
  <testcase name="Add_Tracking_Number" time="3.056" classname="Test_Data_Generation.Add_Tracking_Numbers_To_User"/>
  <testcase name="Add_Tracking_Number" time="7.294" classname="Test_Data_Generation.Add_Tracking_Numbers_To_User"/>
  <testcase name="Add_Tracking_Number" time="3.679" classname="Test_Data_Generation.Add_Tracking_Numbers_To_User"/>
  <testcase name="Add_Tracking_Number" time="4.930" classname="Test_Data_Generation.Add_Tracking_Numbers_To_User"/>
  <testcase name="Add_Tracking_Number" time="3.498" classname="Test_Data_Generation.Add_Tracking_Numbers_To_User"/>
  <testcase name="Add_Tracking_Number" time="4.214" classname="Test_Data_Generation.Add_Tracking_Numbers_To_User"/>
  <testcase name="Add_Tracking_Number" time="2.758" classname="Test_Data_Generation.Add_Tracking_Numbers_To_User"/>
  <testcase name="Add_Tracking_Number" time="3.426" classname="Test_Data_Generation.Add_Tracking_Numbers_To_User"/>
  <testcase name="Add_Tracking_Number" time="4.317" classname="Test_Data_Generation.Add_Tracking_Numbers_To_User"/>
  <testcase name="Add_Tracking_Number" time="5.566" classname="Test_Data_Generation.Add_Tracking_Numbers_To_User"/>
  <testcase name="Add_Tracking_Number" time="4.022" classname="Test_Data_Generation.Add_Tracking_Numbers_To_User"/>
  <testcase name="Add_Tracking_Number" time="4.252" classname="Test_Data_Generation.Add_Tracking_Numbers_To_User"/>
  <testcase name="Add_Tracking_Number" time="2.988" classname="Test_Data_Generation.Add_Tracking_Numbers_To_User"/>
  <testcase name="Add_Tracking_Number" time="2.901" classname="Test_Data_Generation.Add_Tracking_Numbers_To_User"/>
  <testcase name="Add_Tracking_Number" time="3.686" classname="Test_Data_Generation.Add_Tracking_Numbers_To_User"/>
  <testcase name="Add_Tracking_Number" time="4.191" classname="Test_Data_Generation.Add_Tracking_Numbers_To_User"/>
  <testcase name="Add_Tracking_Number" time="3.123" classname="Test_Data_Generation.Add_Tracking_Numbers_To_User"/>
  <testcase name="Add_Tracking_Number" time="3.134" classname="Test_Data_Generation.Add_Tracking_Numbers_To_User"/>
  <testcase name="Add_Tracking_Number" time="5.015" classname="Test_Data_Generation.Add_Tracking_Numbers_To_User"/>
  <testcase name="Add_Tracking_Number" time="4.240" classname="Test_Data_Generation.Add_Tracking_Numbers_To_User"/>
  <testcase name="Add_Tracking_Number" time="4.011" classname="Test_Data_Generation.Add_Tracking_Numbers_To_User"/>
  <testcase name="Add_Tracking_Number" time="4.354" classname="Test_Data_Generation.Add_Tracking_Numbers_To_User"/>
  <testcase name="Add_Tracking_Number" time="3.334" classname="Test_Data_Generation.Add_Tracking_Numbers_To_User"/>
  <testcase name="Add_Tracking_Number" time="3.883" classname="Test_Data_Generation.Add_Tracking_Numbers_To_User"/>
  <testcase name="Add_Tracking_Number" time="3.859" classname="Test_Data_Generation.Add_Tracking_Numbers_To_User"/>
  <testcase name="Add_Tracking_Number" time="3.710" classname="Test_Data_Generation.Add_Tracking_Numbers_To_User"/>
  <testcase name="Add_Tracking_Number" time="2.607" classname="Test_Data_Generation.Add_Tracking_Numbers_To_User"/>
  <testcase name="Add_Tracking_Number" time="3.680" classname="Test_Data_Generation.Add_Tracking_Numbers_To_User"/>
  <testcase name="Add_Tracking_Number" time="3.534" classname="Test_Data_Generation.Add_Tracking_Numbers_To_User"/>
  <testcase name="Add_Tracking_Number" time="3.164" classname="Test_Data_Generation.Add_Tracking_Numbers_To_User"/>
  <testcase name="Add_Tracking_Number" time="3.863" classname="Test_Data_Generation.Add_Tracking_Numbers_To_User"/>
  <testcase name="Add_Tracking_Number" time="3.315" classname="Test_Data_Generation.Add_Tracking_Numbers_To_User"/>
  <testcase name="Add_Tracking_Number" time="3.210" classname="Test_Data_Generation.Add_Tracking_Numbers_To_User"/>
  <testcase name="Add_Tracking_Number" time="2.950" classname="Test_Data_Generation.Add_Tracking_Numbers_To_User"/>
  <testcase name="Add_Tracking_Number" time="3.952" classname="Test_Data_Generation.Add_Tracking_Numbers_To_User"/>
  <testcase name="Add_Tracking_Number" time="3.828" classname="Test_Data_Generation.Add_Tracking_Numbers_To_User"/>
  <testcase name="Add_Tracking_Number" time="3.569" classname="Test_Data_Generation.Add_Tracking_Numbers_To_User"/>
  <testcase name="Add_Tracking_Number" time="4.094" classname="Test_Data_Generation.Add_Tracking_Numbers_To_User"/>
  <testcase name="Add_Tracking_Number" time="2.769" classname="Test_Data_Generation.Add_Tracking_Numbers_To_User"/>
  <testcase name="Add_Tracking_Number" time="3.128" classname="Test_Data_Generation.Add_Tracking_Numbers_To_User"/>
  <testcase name="Add_Tracking_Number" time="3.776" classname="Test_Data_Generation.Add_Tracking_Numbers_To_User"/>
  <testcase name="Add_Tracking_Number" time="3.795" classname="Test_Data_Generation.Add_Tracking_Numbers_To_User"/>
  <testcase name="Add_Tracking_Number" time="3.243" classname="Test_Data_Generation.Add_Tracking_Numbers_To_User"/>
  <testcase name="Add_Tracking_Number" time="3.739" classname="Test_Data_Generation.Add_Tracking_Numbers_To_User"/>
  <testcase name="Add_Tracking_Number" time="0.269" classname="Test_Data_Generation.Add_Tracking_Numbers_To_User"/>
  <testcase name="Add_Tracking_Number" time="3.411" classname="Test_Data_Generation.Add_Tracking_Numbers_To_User"/>
  <testcase name="Add_Tracking_Number" time="0.310" classname="Test_Data_Generation.Add_Tracking_Numbers_To_User"/>
  <testcase name="Add_Tracking_Number" time="3.187" classname="Test_Data_Generation.Add_Tracking_Numbers_To_User"/>
  <testcase name="Add_Tracking_Number" time="0.343" classname="Test_Data_Generation.Add_Tracking_Numbers_To_User"/>
  <testcase name="Add_Tracking_Number" time="4.126" classname="Test_Data_Generation.Add_Tracking_Numbers_To_User"/>
  <testcase name="Add_Tracking_Number" time="4.785" classname="Test_Data_Generation.Add_Tracking_Numbers_To_User"/>
  <testcase name="Add_Tracking_Number" time="5.142" classname="Test_Data_Generation.Add_Tracking_Numbers_To_User"/>
  <testcase name="Add_Tracking_Number" time="3.791" classname="Test_Data_Generation.Add_Tracking_Numbers_To_User"/>
  <testcase name="Add_Tracking_Number" time="2.810" classname="Test_Data_Generation.Add_Tracking_Numbers_To_User"/>
  <testcase name="Add_Tracking_Number" time="3.570" classname="Test_Data_Generation.Add_Tracking_Numbers_To_User"/>
  <testcase name="Add_Tracking_Number" time="3.726" classname="Test_Data_Generation.Add_Tracking_Numbers_To_User"/>
  <testcase name="Add_Tracking_Number" time="4.671" classname="Test_Data_Generation.Add_Tracking_Numbers_To_User"/>
  <testcase name="Add_Tracking_Number" time="0.281" classname="Test_Data_Generation.Add_Tracking_Numbers_To_User"/>
  <testcase name="Add_Tracking_Number" time="3.899" classname="Test_Data_Generation.Add_Tracking_Numbers_To_User"/>
  <testcase name="Add_Tracking_Number" time="5.484" classname="Test_Data_Generation.Add_Tracking_Numbers_To_User"/>
  <testcase name="Add_Tracking_Number" time="3.979" classname="Test_Data_Generation.Add_Tracking_Numbers_To_User"/>
  <testcase name="Add_Tracking_Number" time="2.672" classname="Test_Data_Generation.Add_Tracking_Numbers_To_User"/>
  <testcase name="Add_Tracking_Number" time="2.839" classname="Test_Data_Generation.Add_Tracking_Numbers_To_User"/>
  <testcase name="Add_Tracking_Number" time="3.742" classname="Test_Data_Generation.Add_Tracking_Numbers_To_User"/>
  <testcase name="Add_Tracking_Number" time="3.981" classname="Test_Data_Generation.Add_Tracking_Numbers_To_User"/>
  <testcase name="Add_Tracking_Number" time="3.784" classname="Test_Data_Generation.Add_Tracking_Numbers_To_User"/>
  <testcase name="Add_Tracking_Number" time="3.835" classname="Test_Data_Generation.Add_Tracking_Numbers_To_User"/>
  <testcase name="Add_Tracking_Number" time="3.740" classname="Test_Data_Generation.Add_Tracking_Numbers_To_User"/>
  <testcase name="Add_Tracking_Number" time="3.432" classname="Test_Data_Generation.Add_Tracking_Numbers_To_User"/>
  <testcase name="Add_Tracking_Number" time="2.848" classname="Test_Data_Generation.Add_Tracking_Numbers_To_User"/>
  <testcase name="Add_Tracking_Number" time="4.354" classname="Test_Data_Generation.Add_Tracking_Numbers_To_User"/>
  <testcase name="Add_Tracking_Number" time="3.432" classname="Test_Data_Generation.Add_Tracking_Numbers_To_User"/>
  <testcase name="Add_Tracking_Number" time="3.433" classname="Test_Data_Generation.Add_Tracking_Numbers_To_User"/>
  <testcase name="Add_Tracking_Number" time="3.816" classname="Test_Data_Generation.Add_Tracking_Numbers_To_User"/>
  <testcase name="Add_Tracking_Number" time="3.349" classname="Test_Data_Generation.Add_Tracking_Numbers_To_User"/>
  <testcase name="Add_Tracking_Number" time="3.336" classname="Test_Data_Generation.Add_Tracking_Numbers_To_User"/>
  <testcase name="Add_Tracking_Number" time="3.481" classname="Test_Data_Generation.Add_Tracking_Numbers_To_User"/>
  <testcase name="Add_Tracking_Number" time="2.709" classname="Test_Data_Generation.Add_Tracking_Numbers_To_User"/>
  <testcase name="Add_Tracking_Number" time="4.203" classname="Test_Data_Generation.Add_Tracking_Numbers_To_User"/>
  <testcase name="Add_Tracking_Number" time="3.949" classname="Test_Data_Generation.Add_Tracking_Numbers_To_User"/>
  <testcase name="Add_Tracking_Number" time="3.390" classname="Test_Data_Generation.Add_Tracking_Numbers_To_User"/>
  <testcase name="Add_Tracking_Number" time="7.350" classname="Test_Data_Generation.Add_Tracking_Numbers_To_User"/>
  <testcase name="Add_Tracking_Number" time="4.397" classname="Test_Data_Generation.Add_Tracking_Numbers_To_User"/>
  <testcase name="Add_Tracking_Number" time="3.350" classname="Test_Data_Generation.Add_Tracking_Numbers_To_User"/>
  <testcase name="Add_Tracking_Number" time="4.182" classname="Test_Data_Generation.Add_Tracking_Numbers_To_User"/>
  <testcase name="Add_Tracking_Number" time="4.448" classname="Test_Data_Generation.Add_Tracking_Numbers_To_User"/>
  <testcase name="Add_Tracking_Number" time="3.216" classname="Test_Data_Generation.Add_Tracking_Numbers_To_User"/>
  <testcase name="Add_Tracking_Number" time="2.620" classname="Test_Data_Generation.Add_Tracking_Numbers_To_User"/>
  <testcase name="Add_Tracking_Number" time="2.550" classname="Test_Data_Generation.Add_Tracking_Numbers_To_User"/>
  <testcase name="Add_Tracking_Number" time="3.363" classname="Test_Data_Generation.Add_Tracking_Numbers_To_User"/>
  <testcase name="Add_Tracking_Number" time="4.435" classname="Test_Data_Generation.Add_Tracking_Numbers_To_User"/>
  <testcase name="Add_Tracking_Number" time="4.734" classname="Test_Data_Generation.Add_Tracking_Numbers_To_User"/>
  <testcase name="Add_Tracking_Number" time="2.792" classname="Test_Data_Generation.Add_Tracking_Numbers_To_User"/>
  <testcase name="Add_Tracking_Number" time="3.761" classname="Test_Data_Generation.Add_Tracking_Numbers_To_User"/>
  <testcase name="Add_Tracking_Number" time="0.564" classname="Test_Data_Generation.Add_Tracking_Numbers_To_User"/>
  <testcase name="Add_Tracking_Number" time="3.748" classname="Test_Data_Generation.Add_Tracking_Numbers_To_User"/>
  <testcase name="Add_Tracking_Number" time="2.670" classname="Test_Data_Generation.Add_Tracking_Numbers_To_User"/>
  <testcase name="Add_Tracking_Number" time="0.263" classname="Test_Data_Generation.Add_Tracking_Numbers_To_User"/>
  <testcase name="Add_Tracking_Number" time="3.142" classname="Test_Data_Generation.Add_Tracking_Numbers_To_User"/>
  <testcase name="Add_Tracking_Number" time="7.162" classname="Test_Data_Generation.Add_Tracking_Numbers_To_User"/>
  <testcase name="Add_Tracking_Number" time="0.334" classname="Test_Data_Generation.Add_Tracking_Numbers_To_User"/>
  <testcase name="Add_Tracking_Number" time="3.458" classname="Test_Data_Generation.Add_Tracking_Numbers_To_User"/>
  <testcase name="Add_Tracking_Number" time="3.286" classname="Test_Data_Generation.Add_Tracking_Numbers_To_User"/>
  <testcase name="Add_Tracking_Number" time="4.090" classname="Test_Data_Generation.Add_Tracking_Numbers_To_User"/>
  <testcase name="Add_Tracking_Number" time="3.211" classname="Test_Data_Generation.Add_Tracking_Numbers_To_User"/>
  <testcase name="Add_Tracking_Number" time="2.835" classname="Test_Data_Generation.Add_Tracking_Numbers_To_User"/>
  <testcase name="Add_Tracking_Number" time="4.178" classname="Test_Data_Generation.Add_Tracking_Numbers_To_User"/>
  <testcase name="Add_Tracking_Number" time="3.756" classname="Test_Data_Generation.Add_Tracking_Numbers_To_User"/>
  <testcase name="Add_Tracking_Number" time="2.636" classname="Test_Data_Generation.Add_Tracking_Numbers_To_User"/>
  <testcase name="Add_Tracking_Number" time="2.844" classname="Test_Data_Generation.Add_Tracking_Numbers_To_User"/>
  <testcase name="Add_Tracking_Number" time="4.652" classname="Test_Data_Generation.Add_Tracking_Numbers_To_User"/>
  <testcase name="Add_Tracking_Number" time="3.942" classname="Test_Data_Generation.Add_Tracking_Numbers_To_User"/>
  <testcase name="Add_Tracking_Number" time="3.133" classname="Test_Data_Generation.Add_Tracking_Numbers_To_User"/>
  <testcase name="Add_Tracking_Number" time="2.906" classname="Test_Data_Generation.Add_Tracking_Numbers_To_User"/>
  <testcase name="Add_Tracking_Number" time="3.235" classname="Test_Data_Generation.Add_Tracking_Numbers_To_User"/>
  <testcase name="Add_Tracking_Number" time="3.472" classname="Test_Data_Generation.Add_Tracking_Numbers_To_User"/>
  <testcase name="Add_Tracking_Number" time="3.200" classname="Test_Data_Generation.Add_Tracking_Numbers_To_User"/>
  <testcase name="Add_Tracking_Number" time="4.858" classname="Test_Data_Generation.Add_Tracking_Numbers_To_User"/>
  <testcase name="Add_Tracking_Number" time="1.254" classname="Test_Data_Generation.Add_Tracking_Numbers_To_User"/>
  <testcase name="Add_Tracking_Number" time="3.735" classname="Test_Data_Generation.Add_Tracking_Numbers_To_User"/>
  <testcase name="Add_Tracking_Number" time="2.933" classname="Test_Data_Generation.Add_Tracking_Numbers_To_User"/>
  <testcase name="Add_Tracking_Number" time="2.931" classname="Test_Data_Generation.Add_Tracking_Numbers_To_User"/>
  <testcase name="Add_Tracking_Number" time="4.100" classname="Test_Data_Generation.Add_Tracking_Numbers_To_User"/>
  <testcase name="Add_Tracking_Number" time="3.915" classname="Test_Data_Generation.Add_Tracking_Numbers_To_User"/>
  <testcase name="Add_Tracking_Number" time="3.208" classname="Test_Data_Generation.Add_Tracking_Numbers_To_User"/>
  <testcase name="Add_Tracking_Number" time="3.816" classname="Test_Data_Generation.Add_Tracking_Numbers_To_User"/>
  <testcase name="Add_Tracking_Number" time="2.835" classname="Test_Data_Generation.Add_Tracking_Numbers_To_User"/>
  <testcase name="Add_Tracking_Number" time="5.511" classname="Test_Data_Generation.Add_Tracking_Numbers_To_User"/>
  <testcase name="Add_Tracking_Number" time="2.938" classname="Test_Data_Generation.Add_Tracking_Numbers_To_User"/>
  <testcase name="Add_Tracking_Number" time="2.709" classname="Test_Data_Generation.Add_Tracking_Numbers_To_User"/>
  <testcase name="Add_Tracking_Number" time="3.523" classname="Test_Data_Generation.Add_Tracking_Numbers_To_User"/>
  <testcase name="Add_Tracking_Number" time="3.212" classname="Test_Data_Generation.Add_Tracking_Numbers_To_User"/>
  <testcase name="Add_Tracking_Number" time="4.067" classname="Test_Data_Generation.Add_Tracking_Numbers_To_User"/>
  <testcase name="Add_Tracking_Number" time="4.495" classname="Test_Data_Generation.Add_Tracking_Numbers_To_User"/>
  <testcase name="Add_Tracking_Number" time="3.620" classname="Test_Data_Generation.Add_Tracking_Numbers_To_User"/>
  <testcase name="Add_Tracking_Number" time="3.028" classname="Test_Data_Generation.Add_Tracking_Numbers_To_User"/>
  <testcase name="Add_Tracking_Number" time="3.796" classname="Test_Data_Generation.Add_Tracking_Numbers_To_User"/>
  <testcase name="Add_Tracking_Number" time="3.954" classname="Test_Data_Generation.Add_Tracking_Numbers_To_User"/>
  <testcase name="Add_Tracking_Number" time="2.677" classname="Test_Data_Generation.Add_Tracking_Numbers_To_User"/>
  <testcase name="Add_Tracking_Number" time="3.689" classname="Test_Data_Generation.Add_Tracking_Numbers_To_User"/>
  <testcase name="Add_Tracking_Number" time="4.527" classname="Test_Data_Generation.Add_Tracking_Numbers_To_User"/>
  <testcase name="Add_Tracking_Number" time="3.258" classname="Test_Data_Generation.Add_Tracking_Numbers_To_User"/>
  <testcase name="Add_Tracking_Number" time="2.882" classname="Test_Data_Generation.Add_Tracking_Numbers_To_User"/>
  <testcase name="Add_Tracking_Number" time="4.326" classname="Test_Data_Generation.Add_Tracking_Numbers_To_User"/>
  <testcase name="Add_Tracking_Number" time="3.232" classname="Test_Data_Generation.Add_Tracking_Numbers_To_User"/>
  <testcase name="Add_Tracking_Number" time="3.622" classname="Test_Data_Generation.Add_Tracking_Numbers_To_User"/>
  <testcase name="Add_Tracking_Number" time="3.124" classname="Test_Data_Generation.Add_Tracking_Numbers_To_User"/>
  <testcase name="Add_Tracking_Number" time="3.356" classname="Test_Data_Generation.Add_Tracking_Numbers_To_User"/>
  <testcase name="Add_Tracking_Number" time="3.605" classname="Test_Data_Generation.Add_Tracking_Numbers_To_User"/>
  <testcase name="Add_Tracking_Number" time="3.039" classname="Test_Data_Generation.Add_Tracking_Numbers_To_User"/>
  <testcase name="Add_Tracking_Number" time="3.007" classname="Test_Data_Generation.Add_Tracking_Numbers_To_User"/>
  <testcase name="Add_Tracking_Number" time="4.223" classname="Test_Data_Generation.Add_Tracking_Numbers_To_User"/>
  <testcase name="Add_Tracking_Number" time="0.319" classname="Test_Data_Generation.Add_Tracking_Numbers_To_User"/>
  <testcase name="Add_Tracking_Number" time="2.964" classname="Test_Data_Generation.Add_Tracking_Numbers_To_User"/>
  <testcase name="Add_Tracking_Number" time="4.107" classname="Test_Data_Generation.Add_Tracking_Numbers_To_User"/>
  <testcase name="Add_Tracking_Number" time="4.659" classname="Test_Data_Generation.Add_Tracking_Numbers_To_User"/>
  <testcase name="Add_Tracking_Number" time="3.099" classname="Test_Data_Generation.Add_Tracking_Numbers_To_User"/>
  <testcase name="Add_Tracking_Number" time="3.573" classname="Test_Data_Generation.Add_Tracking_Numbers_To_User"/>
  <testcase name="Add_Tracking_Number" time="4.327" classname="Test_Data_Generation.Add_Tracking_Numbers_To_User"/>
  <testcase name="Add_Tracking_Number" time="0.533" classname="Test_Data_Generation.Add_Tracking_Numbers_To_User"/>
  <testcase name="Add_Tracking_Number" time="4.266" classname="Test_Data_Generation.Add_Tracking_Numbers_To_User"/>
  <testcase name="Add_Tracking_Number" time="3.106" classname="Test_Data_Generation.Add_Tracking_Numbers_To_User"/>
  <testcase name="Add_Tracking_Number" time="5.113" classname="Test_Data_Generation.Add_Tracking_Numbers_To_User"/>
  <testcase name="Add_Tracking_Number" time="3.838" classname="Test_Data_Generation.Add_Tracking_Numbers_To_User"/>
  <testcase name="Add_Tracking_Number" time="3.545" classname="Test_Data_Generation.Add_Tracking_Numbers_To_User"/>
  <testcase name="Add_Tracking_Number" time="4.988" classname="Test_Data_Generation.Add_Tracking_Numbers_To_User"/>
  <testcase name="Add_Tracking_Number" time="3.109" classname="Test_Data_Generation.Add_Tracking_Numbers_To_User"/>
  <testcase name="Add_Tracking_Number" time="4.441" classname="Test_Data_Generation.Add_Tracking_Numbers_To_User"/>
  <testcase name="Add_Tracking_Number" time="3.655" classname="Test_Data_Generation.Add_Tracking_Numbers_To_User"/>
  <testcase name="Add_Tracking_Number" time="3.010" classname="Test_Data_Generation.Add_Tracking_Numbers_To_User"/>
  <testcase name="Add_Tracking_Number" time="0.300" classname="Test_Data_Generation.Add_Tracking_Numbers_To_User"/>
  <testcase name="Add_Tracking_Number" time="3.264" classname="Test_Data_Generation.Add_Tracking_Numbers_To_User"/>
  <testcase name="Add_Tracking_Number" time="2.987" classname="Test_Data_Generation.Add_Tracking_Numbers_To_User"/>
  <testcase name="Add_Tracking_Number" time="3.734" classname="Test_Data_Generation.Add_Tracking_Numbers_To_User"/>
  <testcase name="Add_Tracking_Number" time="2.981" classname="Test_Data_Generation.Add_Tracking_Numbers_To_User"/>
  <testcase name="Add_Tracking_Number" time="3.874" classname="Test_Data_Generation.Add_Tracking_Numbers_To_User"/>
  <testcase name="Add_Tracking_Number" time="3.094" classname="Test_Data_Generation.Add_Tracking_Numbers_To_User"/>
  <testcase name="Add_Tracking_Number" time="4.388" classname="Test_Data_Generation.Add_Tracking_Numbers_To_User"/>
  <testcase name="Add_Tracking_Number" time="0.427" classname="Test_Data_Generation.Add_Tracking_Numbers_To_User"/>
  <testcase name="Add_Tracking_Number" time="4.943" classname="Test_Data_Generation.Add_Tracking_Numbers_To_User"/>
  <testcase name="Add_Tracking_Number" time="3.204" classname="Test_Data_Generation.Add_Tracking_Numbers_To_User"/>
  <testcase name="Add_Tracking_Number" time="7.746" classname="Test_Data_Generation.Add_Tracking_Numbers_To_User"/>
  <testcase name="Add_Tracking_Number" time="3.928" classname="Test_Data_Generation.Add_Tracking_Numbers_To_User"/>
  <testcase name="Add_Tracking_Number" time="7.218" classname="Test_Data_Generation.Add_Tracking_Numbers_To_User"/>
  <testcase name="Add_Tracking_Number" time="4.240" classname="Test_Data_Generation.Add_Tracking_Numbers_To_User"/>
  <testcase name="Add_Tracking_Number" time="3.179" classname="Test_Data_Generation.Add_Tracking_Numbers_To_User"/>
  <testcase name="Add_Tracking_Number" time="0.574" classname="Test_Data_Generation.Add_Tracking_Numbers_To_User"/>
  <testcase name="Add_Tracking_Number" time="2.848" classname="Test_Data_Generation.Add_Tracking_Numbers_To_User"/>
  <testcase name="Add_Tracking_Number" time="3.509" classname="Test_Data_Generation.Add_Tracking_Numbers_To_User"/>
  <testcase name="Add_Tracking_Number" time="3.710" classname="Test_Data_Generation.Add_Tracking_Numbers_To_User"/>
  <testcase name="Add_Tracking_Number" time="2.916" classname="Test_Data_Generation.Add_Tracking_Numbers_To_User"/>
  <testcase name="Add_Tracking_Number" time="3.283" classname="Test_Data_Generation.Add_Tracking_Numbers_To_User"/>
  <testcase name="Add_Tracking_Number" time="4.009" classname="Test_Data_Generation.Add_Tracking_Numbers_To_User"/>
  <testcase name="Add_Tracking_Number" time="3.980" classname="Test_Data_Generation.Add_Tracking_Numbers_To_User"/>
  <testcase name="Add_Tracking_Number" time="4.825" classname="Test_Data_Generation.Add_Tracking_Numbers_To_User"/>
  <testcase name="Add_Tracking_Number" time="2.836" classname="Test_Data_Generation.Add_Tracking_Numbers_To_User"/>
  <testcase name="Add_Tracking_Number" time="3.280" classname="Test_Data_Generation.Add_Tracking_Numbers_To_User"/>
  <testcase name="Add_Tracking_Number" time="5.259" classname="Test_Data_Generation.Add_Tracking_Numbers_To_User"/>
  <testcase name="Add_Tracking_Number" time="2.956" classname="Test_Data_Generation.Add_Tracking_Numbers_To_User"/>
  <testcase name="Add_Tracking_Number" time="3.846" classname="Test_Data_Generation.Add_Tracking_Numbers_To_User"/>
  <testcase name="Add_Tracking_Number" time="3.951" classname="Test_Data_Generation.Add_Tracking_Numbers_To_User"/>
  <testcase name="Add_Tracking_Number" time="4.410" classname="Test_Data_Generation.Add_Tracking_Numbers_To_User"/>
  <testcase name="Add_Tracking_Number" time="2.962" classname="Test_Data_Generation.Add_Tracking_Numbers_To_User"/>
  <testcase name="Add_Tracking_Number" time="3.342" classname="Test_Data_Generation.Add_Tracking_Numbers_To_User"/>
  <testcase name="Add_Tracking_Number" time="3.159" classname="Test_Data_Generation.Add_Tracking_Numbers_To_User"/>
  <testcase name="Add_Tracking_Number" time="3.957" classname="Test_Data_Generation.Add_Tracking_Numbers_To_User"/>
  <testcase name="Add_Tracking_Number" time="4.386" classname="Test_Data_Generation.Add_Tracking_Numbers_To_User"/>
  <testcase name="Add_Tracking_Number" time="2.693" classname="Test_Data_Generation.Add_Tracking_Numbers_To_User"/>
  <testcase name="Add_Tracking_Number" time="3.092" classname="Test_Data_Generation.Add_Tracking_Numbers_To_User"/>
  <testcase name="Add_Tracking_Number" time="4.205" classname="Test_Data_Generation.Add_Tracking_Numbers_To_User"/>
  <testcase name="Add_Tracking_Number" time="3.078" classname="Test_Data_Generation.Add_Tracking_Numbers_To_User"/>
  <testcase name="Add_Tracking_Number" time="3.101" classname="Test_Data_Generation.Add_Tracking_Numbers_To_User"/>
  <testcase name="Add_Tracking_Number" time="3.805" classname="Test_Data_Generation.Add_Tracking_Numbers_To_User"/>
  <testcase name="Add_Tracking_Number" time="3.419" classname="Test_Data_Generation.Add_Tracking_Numbers_To_User"/>
  <testcase name="Add_Tracking_Number" time="4.533" classname="Test_Data_Generation.Add_Tracking_Numbers_To_User"/>
  <testcase name="Add_Tracking_Number" time="4.055" classname="Test_Data_Generation.Add_Tracking_Numbers_To_User"/>
  <testcase name="Add_Tracking_Number" time="3.741" classname="Test_Data_Generation.Add_Tracking_Numbers_To_User"/>
  <testcase name="Add_Tracking_Number" time="6.121" classname="Test_Data_Generation.Add_Tracking_Numbers_To_User"/>
  <testcase name="Add_Tracking_Number" time="2.913" classname="Test_Data_Generation.Add_Tracking_Numbers_To_User"/>
  <testcase name="Add_Tracking_Number" time="2.841" classname="Test_Data_Generation.Add_Tracking_Numbers_To_User"/>
  <testcase name="Add_Tracking_Number" time="3.796" classname="Test_Data_Generation.Add_Tracking_Numbers_To_User"/>
  <testcase name="Add_Tracking_Number" time="3.017" classname="Test_Data_Generation.Add_Tracking_Numbers_To_User"/>
  <testcase name="Add_Tracking_Number" time="3.042" classname="Test_Data_Generation.Add_Tracking_Numbers_To_User"/>
  <testcase name="Add_Tracking_Number" time="3.705" classname="Test_Data_Generation.Add_Tracking_Numbers_To_User"/>
  <testcase name="Add_Tracking_Number" time="3.656" classname="Test_Data_Generation.Add_Tracking_Numbers_To_User"/>
  <testcase name="Add_Tracking_Number" time="5.229" classname="Test_Data_Generation.Add_Tracking_Numbers_To_User"/>
  <testcase name="Add_Tracking_Number" time="3.163" classname="Test_Data_Generation.Add_Tracking_Numbers_To_User"/>
  <testcase name="Add_Tracking_Number" time="5.424" classname="Test_Data_Generation.Add_Tracking_Numbers_To_User"/>
  <testcase name="Add_Tracking_Number" time="6.622" classname="Test_Data_Generation.Add_Tracking_Numbers_To_User"/>
  <testcase name="Add_Tracking_Number" time="0.405" classname="Test_Data_Generation.Add_Tracking_Numbers_To_User"/>
  <testcase name="Add_Tracking_Batch" time="5.012" classname="Test_Data_Generation.Add_Tracking_Numbers_To_User">
    <error type="org.testng.internal.reflect.MethodMatcherException" message="
Data provider mismatch
Method: Add_Tracking_Batch([Parameter{index=0, type=java.lang.String, declaredAnnotations=[]}, Parameter{index=1, type=java.lang.String, declaredAnnotations=[]}, Parameter{index=2, type=Data_Structures.Shipment_Data, declaredAnnotations=[]}])
Arguments: [(java.lang.String) 4,(java.lang.String) fdx_login=ssostress-cos9.87a9.415951d8,([LData_Structures.Shipment_Data;) [Data_Structures.Shipment_Data@f99f5e0, null, null, null, null, null, null, null, null, null, null, null, null, null, null, null, null, null, null, null, null, null, null, null, null, null, null, null, null, null]]">
      <![CDATA[org.testng.internal.reflect.MethodMatcherException: 
Data provider mismatch
Method: Add_Tracking_Batch([Parameter{index=0, type=java.lang.String, declaredAnnotations=[]}, Parameter{index=1, type=java.lang.String, declaredAnnotations=[]}, Parameter{index=2, type=Data_Structures.Shipment_Data, declaredAnnotations=[]}])
Arguments: [(java.lang.String) 4,(java.lang.String) fdx_login=ssostress-cos9.87a9.415951d8,([LData_Structures.Shipment_Data;) [Data_Structures.Shipment_Data@f99f5e0, null, null, null, null, null, null, null, null, null, null, null, null, null, null, null, null, null, null, null, null, null, null, null, null, null, null, null, null, null]]
at org.testng.internal.reflect.DataProviderMethodMatcher.getConformingArguments(DataProviderMethodMatcher.java:45)
at org.testng.internal.Parameters.injectParameters(Parameters.java:796)
at org.testng.internal.Invoker.invokeTestMethods(Invoker.java:954)
at org.testng.internal.TestMethodWorker.invokeTestMethods(TestMethodWorker.java:125)
at org.testng.internal.TestMethodWorker.run(TestMethodWorker.java:109)
at org.testng.TestRunner.privateRun(TestRunner.java:648)
at org.testng.TestRunner.run(TestRunner.java:505)
at org.testng.SuiteRunner.runTest(SuiteRunner.java:455)
at org.testng.SuiteRunner.runSequentially(SuiteRunner.java:450)
at org.testng.SuiteRunner.privateRun(SuiteRunner.java:415)
at org.testng.SuiteRunner.run(SuiteRunner.java:364)
at org.testng.SuiteRunnerWorker.runSuite(SuiteRunnerWorker.java:52)
at org.testng.SuiteRunnerWorker.run(SuiteRunnerWorker.java:84)
at org.testng.TestNG.runSuitesSequentially(TestNG.java:1208)
at org.testng.TestNG.runSuitesLocally(TestNG.java:1137)
at org.testng.TestNG.runSuites(TestNG.java:1049)
at org.testng.TestNG.run(TestNG.java:1017)
at org.testng.remote.AbstractRemoteTestNG.run(AbstractRemoteTestNG.java:114)
at org.testng.remote.RemoteTestNG.initAndRun(RemoteTestNG.java:251)
at org.testng.remote.RemoteTestNG.main(RemoteTestNG.java:77)
]]>
    </error>
  </testcase> <!-- Add_Tracking_Batch -->
  <testcase name="Add_Tracking_Number" time="3.555" classname="Test_Data_Generation.Add_Tracking_Numbers_To_User"/>
  <testcase name="Add_Tracking_Number" time="3.269" classname="Test_Data_Generation.Add_Tracking_Numbers_To_User"/>
  <testcase name="Add_Tracking_Number" time="3.618" classname="Test_Data_Generation.Add_Tracking_Numbers_To_User"/>
  <testcase name="Add_Tracking_Number" time="4.353" classname="Test_Data_Generation.Add_Tracking_Numbers_To_User"/>
  <testcase name="Add_Tracking_Number" time="2.924" classname="Test_Data_Generation.Add_Tracking_Numbers_To_User"/>
  <testcase name="Add_Tracking_Number" time="4.127" classname="Test_Data_Generation.Add_Tracking_Numbers_To_User"/>
  <testcase name="Add_Tracking_Number" time="5.401" classname="Test_Data_Generation.Add_Tracking_Numbers_To_User"/>
  <testcase name="Add_Tracking_Number" time="3.631" classname="Test_Data_Generation.Add_Tracking_Numbers_To_User"/>
  <testcase name="Add_Tracking_Number" time="2.743" classname="Test_Data_Generation.Add_Tracking_Numbers_To_User"/>
  <testcase name="Add_Tracking_Number" time="2.855" classname="Test_Data_Generation.Add_Tracking_Numbers_To_User"/>
  <testcase name="Add_Tracking_Number" time="3.660" classname="Test_Data_Generation.Add_Tracking_Numbers_To_User"/>
  <testcase name="Add_Tracking_Number" time="4.354" classname="Test_Data_Generation.Add_Tracking_Numbers_To_User"/>
  <testcase name="Add_Tracking_Number" time="4.586" classname="Test_Data_Generation.Add_Tracking_Numbers_To_User"/>
  <testcase name="Add_Tracking_Number" time="3.470" classname="Test_Data_Generation.Add_Tracking_Numbers_To_User"/>
  <testcase name="Add_Tracking_Number" time="3.363" classname="Test_Data_Generation.Add_Tracking_Numbers_To_User"/>
  <testcase name="Add_Tracking_Number" time="5.085" classname="Test_Data_Generation.Add_Tracking_Numbers_To_User"/>
  <testcase name="Add_Tracking_Number" time="4.090" classname="Test_Data_Generation.Add_Tracking_Numbers_To_User"/>
  <testcase name="Add_Tracking_Number" time="4.957" classname="Test_Data_Generation.Add_Tracking_Numbers_To_User"/>
  <testcase name="Add_Tracking_Number" time="3.402" classname="Test_Data_Generation.Add_Tracking_Numbers_To_User"/>
  <testcase name="Add_Tracking_Number" time="3.032" classname="Test_Data_Generation.Add_Tracking_Numbers_To_User"/>
  <testcase name="Add_Tracking_Number" time="3.958" classname="Test_Data_Generation.Add_Tracking_Numbers_To_User"/>
  <testcase name="Add_Tracking_Number" time="3.005" classname="Test_Data_Generation.Add_Tracking_Numbers_To_User"/>
  <testcase name="Add_Tracking_Number" time="0.504" classname="Test_Data_Generation.Add_Tracking_Numbers_To_User"/>
  <testcase name="Add_Tracking_Number" time="3.984" classname="Test_Data_Generation.Add_Tracking_Numbers_To_User"/>
  <testcase name="Add_Tracking_Number" time="4.345" classname="Test_Data_Generation.Add_Tracking_Numbers_To_User"/>
  <testcase name="Add_Tracking_Number" time="3.767" classname="Test_Data_Generation.Add_Tracking_Numbers_To_User"/>
  <testcase name="Add_Tracking_Number" time="0.352" classname="Test_Data_Generation.Add_Tracking_Numbers_To_User"/>
  <testcase name="Add_Tracking_Number" time="3.910" classname="Test_Data_Generation.Add_Tracking_Numbers_To_User"/>
  <testcase name="Add_Tracking_Number" time="5.038" classname="Test_Data_Generation.Add_Tracking_Numbers_To_User"/>
  <testcase name="Add_Tracking_Number" time="0.391" classname="Test_Data_Generation.Add_Tracking_Numbers_To_User"/>
  <testcase name="Add_Tracking_Number" time="4.193" classname="Test_Data_Generation.Add_Tracking_Numbers_To_User"/>
  <testcase name="Add_Tracking_Number" time="3.584" classname="Test_Data_Generation.Add_Tracking_Numbers_To_User"/>
  <testcase name="Add_Tracking_Number" time="3.434" classname="Test_Data_Generation.Add_Tracking_Numbers_To_User"/>
  <testcase name="Add_Tracking_Number" time="3.852" classname="Test_Data_Generation.Add_Tracking_Numbers_To_User"/>
  <testcase name="Add_Tracking_Number" time="3.212" classname="Test_Data_Generation.Add_Tracking_Numbers_To_User"/>
  <testcase name="Add_Tracking_Number" time="3.163" classname="Test_Data_Generation.Add_Tracking_Numbers_To_User"/>
  <testcase name="Add_Tracking_Number" time="3.962" classname="Test_Data_Generation.Add_Tracking_Numbers_To_User"/>
  <testcase name="Add_Tracking_Number" time="0.819" classname="Test_Data_Generation.Add_Tracking_Numbers_To_User"/>
  <testcase name="Add_Tracking_Number" time="3.430" classname="Test_Data_Generation.Add_Tracking_Numbers_To_User"/>
  <testcase name="Add_Tracking_Number" time="3.718" classname="Test_Data_Generation.Add_Tracking_Numbers_To_User"/>
  <testcase name="Add_Tracking_Number" time="3.288" classname="Test_Data_Generation.Add_Tracking_Numbers_To_User"/>
  <testcase name="Add_Tracking_Number" time="3.797" classname="Test_Data_Generation.Add_Tracking_Numbers_To_User"/>
  <testcase name="Add_Tracking_Number" time="2.862" classname="Test_Data_Generation.Add_Tracking_Numbers_To_User"/>
  <testcase name="Add_Tracking_Number" time="5.498" classname="Test_Data_Generation.Add_Tracking_Numbers_To_User"/>
  <testcase name="Add_Tracking_Number" time="2.829" classname="Test_Data_Generation.Add_Tracking_Numbers_To_User"/>
  <testcase name="Add_Tracking_Number" time="4.083" classname="Test_Data_Generation.Add_Tracking_Numbers_To_User"/>
  <testcase name="Add_Tracking_Number" time="1.650" classname="Test_Data_Generation.Add_Tracking_Numbers_To_User"/>
  <testcase name="Add_Tracking_Number" time="7.383" classname="Test_Data_Generation.Add_Tracking_Numbers_To_User"/>
  <testcase name="Add_Tracking_Number" time="4.302" classname="Test_Data_Generation.Add_Tracking_Numbers_To_User"/>
  <testcase name="Add_Tracking_Number" time="2.759" classname="Test_Data_Generation.Add_Tracking_Numbers_To_User"/>
  <testcase name="Add_Tracking_Number" time="7.331" classname="Test_Data_Generation.Add_Tracking_Numbers_To_User"/>
  <testcase name="Add_Tracking_Number" time="2.963" classname="Test_Data_Generation.Add_Tracking_Numbers_To_User"/>
  <testcase name="Add_Tracking_Number" time="3.262" classname="Test_Data_Generation.Add_Tracking_Numbers_To_User"/>
  <testcase name="Add_Tracking_Number" time="0.402" classname="Test_Data_Generation.Add_Tracking_Numbers_To_User"/>
  <testcase name="Add_Tracking_Number" time="3.932" classname="Test_Data_Generation.Add_Tracking_Numbers_To_User"/>
  <testcase name="Add_Tracking_Number" time="2.638" classname="Test_Data_Generation.Add_Tracking_Numbers_To_User"/>
  <testcase name="Add_Tracking_Number" time="3.996" classname="Test_Data_Generation.Add_Tracking_Numbers_To_User"/>
  <testcase name="Add_Tracking_Number" time="3.416" classname="Test_Data_Generation.Add_Tracking_Numbers_To_User"/>
  <testcase name="Add_Tracking_Number" time="3.420" classname="Test_Data_Generation.Add_Tracking_Numbers_To_User"/>
  <testcase name="Add_Tracking_Number" time="4.210" classname="Test_Data_Generation.Add_Tracking_Numbers_To_User"/>
  <testcase name="Add_Tracking_Number" time="3.232" classname="Test_Data_Generation.Add_Tracking_Numbers_To_User"/>
  <testcase name="Add_Tracking_Number" time="3.080" classname="Test_Data_Generation.Add_Tracking_Numbers_To_User"/>
  <testcase name="Add_Tracking_Number" time="3.187" classname="Test_Data_Generation.Add_Tracking_Numbers_To_User"/>
  <testcase name="Add_Tracking_Number" time="3.071" classname="Test_Data_Generation.Add_Tracking_Numbers_To_User"/>
  <testcase name="Add_Tracking_Number" time="4.675" classname="Test_Data_Generation.Add_Tracking_Numbers_To_User"/>
  <testcase name="Add_Tracking_Number" time="3.464" classname="Test_Data_Generation.Add_Tracking_Numbers_To_User"/>
  <testcase name="Add_Tracking_Number" time="3.147" classname="Test_Data_Generation.Add_Tracking_Numbers_To_User"/>
  <testcase name="Add_Tracking_Number" time="3.571" classname="Test_Data_Generation.Add_Tracking_Numbers_To_User"/>
  <testcase name="Add_Tracking_Number" time="4.154" classname="Test_Data_Generation.Add_Tracking_Numbers_To_User"/>
  <testcase name="Add_Tracking_Number" time="0.308" classname="Test_Data_Generation.Add_Tracking_Numbers_To_User"/>
  <testcase name="Add_Tracking_Number" time="3.599" classname="Test_Data_Generation.Add_Tracking_Numbers_To_User"/>
  <testcase name="Add_Tracking_Number" time="3.645" classname="Test_Data_Generation.Add_Tracking_Numbers_To_User"/>
  <testcase name="Add_Tracking_Number" time="4.134" classname="Test_Data_Generation.Add_Tracking_Numbers_To_User"/>
  <testcase name="Add_Tracking_Number" time="4.038" classname="Test_Data_Generation.Add_Tracking_Numbers_To_User"/>
  <testcase name="Add_Tracking_Number" time="2.564" classname="Test_Data_Generation.Add_Tracking_Numbers_To_User"/>
  <testcase name="Add_Tracking_Number" time="3.028" classname="Test_Data_Generation.Add_Tracking_Numbers_To_User"/>
  <testcase name="Add_Tracking_Number" time="6.741" classname="Test_Data_Generation.Add_Tracking_Numbers_To_User"/>
  <testcase name="Add_Tracking_Number" time="4.503" classname="Test_Data_Generation.Add_Tracking_Numbers_To_User"/>
  <testcase name="Add_Tracking_Number" time="3.618" classname="Test_Data_Generation.Add_Tracking_Numbers_To_User"/>
  <testcase name="Add_Tracking_Number" time="3.864" classname="Test_Data_Generation.Add_Tracking_Numbers_To_User"/>
  <testcase name="Add_Tracking_Number" time="7.774" classname="Test_Data_Generation.Add_Tracking_Numbers_To_User"/>
  <testcase name="Add_Tracking_Number" time="0.290" classname="Test_Data_Generation.Add_Tracking_Numbers_To_User"/>
  <testcase name="Add_Tracking_Number" time="0.307" classname="Test_Data_Generation.Add_Tracking_Numbers_To_User"/>
  <testcase name="Add_Tracking_Number" time="3.420" classname="Test_Data_Generation.Add_Tracking_Numbers_To_User"/>
  <testcase name="Add_Tracking_Number" time="4.138" classname="Test_Data_Generation.Add_Tracking_Numbers_To_User"/>
  <testcase name="Add_Tracking_Number" time="3.696" classname="Test_Data_Generation.Add_Tracking_Numbers_To_User"/>
  <testcase name="Add_Tracking_Number" time="4.027" classname="Test_Data_Generation.Add_Tracking_Numbers_To_User"/>
  <testcase name="Add_Tracking_Number" time="4.578" classname="Test_Data_Generation.Add_Tracking_Numbers_To_User"/>
  <testcase name="Add_Tracking_Number" time="2.650" classname="Test_Data_Generation.Add_Tracking_Numbers_To_User"/>
  <testcase name="Add_Tracking_Number" time="0.345" classname="Test_Data_Generation.Add_Tracking_Numbers_To_User"/>
  <testcase name="Add_Tracking_Number" time="4.938" classname="Test_Data_Generation.Add_Tracking_Numbers_To_User"/>
  <testcase name="Add_Tracking_Number" time="2.793" classname="Test_Data_Generation.Add_Tracking_Numbers_To_User"/>
  <testcase name="Add_Tracking_Number" time="4.981" classname="Test_Data_Generation.Add_Tracking_Numbers_To_User"/>
  <testcase name="Add_Tracking_Number" time="3.145" classname="Test_Data_Generation.Add_Tracking_Numbers_To_User"/>
  <testcase name="Add_Tracking_Number" time="3.020" classname="Test_Data_Generation.Add_Tracking_Numbers_To_User"/>
  <testcase name="Add_Tracking_Number" time="2.759" classname="Test_Data_Generation.Add_Tracking_Numbers_To_User"/>
  <testcase name="Add_Tracking_Number" time="3.116" classname="Test_Data_Generation.Add_Tracking_Numbers_To_User"/>
  <testcase name="Add_Tracking_Number" time="3.257" classname="Test_Data_Generation.Add_Tracking_Numbers_To_User"/>
  <testcase name="Add_Tracking_Number" time="2.919" classname="Test_Data_Generation.Add_Tracking_Numbers_To_User"/>
  <testcase name="Add_Tracking_Number" time="3.490" classname="Test_Data_Generation.Add_Tracking_Numbers_To_User"/>
  <testcase name="Add_Tracking_Number" time="3.360" classname="Test_Data_Generation.Add_Tracking_Numbers_To_User"/>
  <testcase name="Add_Tracking_Number" time="3.144" classname="Test_Data_Generation.Add_Tracking_Numbers_To_User"/>
  <testcase name="Add_Tracking_Number" time="3.452" classname="Test_Data_Generation.Add_Tracking_Numbers_To_User"/>
  <testcase name="Add_Tracking_Number" time="4.233" classname="Test_Data_Generation.Add_Tracking_Numbers_To_User"/>
  <testcase name="Add_Tracking_Number" time="3.844" classname="Test_Data_Generation.Add_Tracking_Numbers_To_User"/>
  <testcase name="Add_Tracking_Number" time="2.728" classname="Test_Data_Generation.Add_Tracking_Numbers_To_User"/>
  <testcase name="Add_Tracking_Number" time="3.531" classname="Test_Data_Generation.Add_Tracking_Numbers_To_User"/>
  <testcase name="Add_Tracking_Number" time="3.755" classname="Test_Data_Generation.Add_Tracking_Numbers_To_User"/>
  <testcase name="Add_Tracking_Number" time="3.424" classname="Test_Data_Generation.Add_Tracking_Numbers_To_User"/>
  <testcase name="Add_Tracking_Number" time="2.777" classname="Test_Data_Generation.Add_Tracking_Numbers_To_User"/>
  <testcase name="Add_Tracking_Number" time="3.462" classname="Test_Data_Generation.Add_Tracking_Numbers_To_User"/>
  <testcase name="Add_Tracking_Number" time="2.779" classname="Test_Data_Generation.Add_Tracking_Numbers_To_User"/>
  <testcase name="Add_Tracking_Number" time="2.660" classname="Test_Data_Generation.Add_Tracking_Numbers_To_User"/>
  <testcase name="Add_Tracking_Number" time="3.795" classname="Test_Data_Generation.Add_Tracking_Numbers_To_User"/>
  <testcase name="Add_Tracking_Number" time="4.223" classname="Test_Data_Generation.Add_Tracking_Numbers_To_User"/>
  <testcase name="Add_Tracking_Number" time="0.287" classname="Test_Data_Generation.Add_Tracking_Numbers_To_User"/>
  <testcase name="Add_Tracking_Number" time="2.799" classname="Test_Data_Generation.Add_Tracking_Numbers_To_User"/>
  <testcase name="Add_Tracking_Number" time="3.964" classname="Test_Data_Generation.Add_Tracking_Numbers_To_User"/>
  <testcase name="Add_Tracking_Number" time="2.785" classname="Test_Data_Generation.Add_Tracking_Numbers_To_User"/>
  <testcase name="Add_Tracking_Number" time="3.787" classname="Test_Data_Generation.Add_Tracking_Numbers_To_User"/>
  <testcase name="Add_Tracking_Number" time="4.248" classname="Test_Data_Generation.Add_Tracking_Numbers_To_User"/>
  <testcase name="Add_Tracking_Number" time="0.374" classname="Test_Data_Generation.Add_Tracking_Numbers_To_User"/>
  <testcase name="Add_Tracking_Number" time="3.664" classname="Test_Data_Generation.Add_Tracking_Numbers_To_User"/>
  <testcase name="Add_Tracking_Number" time="4.253" classname="Test_Data_Generation.Add_Tracking_Numbers_To_User"/>
  <testcase name="Add_Tracking_Number" time="3.279" classname="Test_Data_Generation.Add_Tracking_Numbers_To_User"/>
  <testcase name="Add_Tracking_Number" time="3.111" classname="Test_Data_Generation.Add_Tracking_Numbers_To_User"/>
  <testcase name="Add_Tracking_Number" time="3.410" classname="Test_Data_Generation.Add_Tracking_Numbers_To_User"/>
  <testcase name="Add_Tracking_Number" time="0.434" classname="Test_Data_Generation.Add_Tracking_Numbers_To_User"/>
  <testcase name="Add_Tracking_Number" time="3.888" classname="Test_Data_Generation.Add_Tracking_Numbers_To_User"/>
  <testcase name="Add_Tracking_Number" time="0.253" classname="Test_Data_Generation.Add_Tracking_Numbers_To_User"/>
  <testcase name="Add_Tracking_Number" time="2.935" classname="Test_Data_Generation.Add_Tracking_Numbers_To_User"/>
  <testcase name="Add_Tracking_Number" time="4.245" classname="Test_Data_Generation.Add_Tracking_Numbers_To_User"/>
</testsuite> <!-- Test_Data_Generation.Add_Tracking_Numbers_To_User -->
