<?xml version="1.0" encoding="UTF-8"?>
<!-- Generated by org.testng.reporters.JUnitReportReporter -->
<testsuite skipped="3" hostname="WTC-5159473-l2" name="USRC_Application.USRC_TestData_Update" tests="640" failures="11" timestamp="18 Jul 2019 04:07:10 GMT" time="16739.428" errors="0">
  <testcase name="CheckLogin" time="36.205" classname="USRC_Application.USRC_TestData_Update"/>
  <testcase name="CheckLogin" time="21.801" classname="USRC_Application.USRC_TestData_Update"/>
  <testcase name="CheckLogin" time="20.452" classname="USRC_Application.USRC_TestData_Update"/>
  <testcase name="CheckLogin" time="33.039" classname="USRC_Application.USRC_TestData_Update"/>
  <testcase name="CheckLogin" time="24.532" classname="USRC_Application.USRC_TestData_Update"/>
  <testcase name="CheckLogin" time="31.267" classname="USRC_Application.USRC_TestData_Update"/>
  <testcase name="CheckLogin" time="24.463" classname="USRC_Application.USRC_TestData_Update"/>
  <testcase name="CheckLogin" time="28.934" classname="USRC_Application.USRC_TestData_Update"/>
  <testcase name="CheckLogin" time="23.000" classname="USRC_Application.USRC_TestData_Update"/>
  <testcase name="CheckLogin" time="28.128" classname="USRC_Application.USRC_TestData_Update"/>
  <testcase name="CheckLogin" time="27.518" classname="USRC_Application.USRC_TestData_Update"/>
  <testcase name="CheckLogin" time="35.512" classname="USRC_Application.USRC_TestData_Update"/>
  <testcase name="CheckLogin" time="32.200" classname="USRC_Application.USRC_TestData_Update"/>
  <testcase name="CheckLogin" time="24.476" classname="USRC_Application.USRC_TestData_Update"/>
  <testcase name="CheckLogin" time="24.346" classname="USRC_Application.USRC_TestData_Update"/>
  <testcase name="CheckLogin" time="23.652" classname="USRC_Application.USRC_TestData_Update"/>
  <testcase name="CheckLogin" time="23.239" classname="USRC_Application.USRC_TestData_Update"/>
  <testcase name="CheckLogin" time="23.123" classname="USRC_Application.USRC_TestData_Update"/>
  <testcase name="CheckLogin" time="26.313" classname="USRC_Application.USRC_TestData_Update"/>
  <testcase name="CheckLogin" time="28.511" classname="USRC_Application.USRC_TestData_Update"/>
  <testcase name="CheckLogin" time="15.839" classname="USRC_Application.USRC_TestData_Update"/>
  <testcase name="CheckLogin" time="18.414" classname="USRC_Application.USRC_TestData_Update"/>
  <testcase name="CheckLogin" time="23.482" classname="USRC_Application.USRC_TestData_Update"/>
  <testcase name="CheckLogin" time="23.050" classname="USRC_Application.USRC_TestData_Update"/>
  <testcase name="CheckLogin" time="23.769" classname="USRC_Application.USRC_TestData_Update"/>
  <testcase name="CheckLogin" time="27.293" classname="USRC_Application.USRC_TestData_Update"/>
  <testcase name="CheckLogin" time="20.196" classname="USRC_Application.USRC_TestData_Update"/>
  <testcase name="CheckLogin" time="29.755" classname="USRC_Application.USRC_TestData_Update"/>
  <testcase name="CheckLogin" time="26.070" classname="USRC_Application.USRC_TestData_Update"/>
  <testcase name="CheckLogin" time="32.694" classname="USRC_Application.USRC_TestData_Update"/>
  <testcase name="CheckLogin" time="27.102" classname="USRC_Application.USRC_TestData_Update"/>
  <testcase name="CheckLogin" time="26.563" classname="USRC_Application.USRC_TestData_Update"/>
  <testcase name="CheckLogin" time="21.176" classname="USRC_Application.USRC_TestData_Update"/>
  <testcase name="CheckLogin" time="37.919" classname="USRC_Application.USRC_TestData_Update"/>
  <testcase name="CheckLogin" time="14.966" classname="USRC_Application.USRC_TestData_Update"/>
  <testcase name="CheckLogin" time="28.507" classname="USRC_Application.USRC_TestData_Update"/>
  <testcase name="CheckLogin" time="26.772" classname="USRC_Application.USRC_TestData_Update"/>
  <testcase name="CheckLogin" time="25.948" classname="USRC_Application.USRC_TestData_Update"/>
  <testcase name="CheckLogin" time="30.597" classname="USRC_Application.USRC_TestData_Update"/>
  <testcase name="CheckLogin" time="38.586" classname="USRC_Application.USRC_TestData_Update"/>
  <testcase name="CheckLogin" time="23.745" classname="USRC_Application.USRC_TestData_Update"/>
  <testcase name="CheckLogin" time="30.630" classname="USRC_Application.USRC_TestData_Update"/>
  <testcase name="CheckLogin" time="30.970" classname="USRC_Application.USRC_TestData_Update"/>
  <testcase name="CheckLogin" time="26.942" classname="USRC_Application.USRC_TestData_Update"/>
  <testcase name="CheckLogin" time="33.724" classname="USRC_Application.USRC_TestData_Update"/>
  <testcase name="CheckLogin" time="35.152" classname="USRC_Application.USRC_TestData_Update"/>
  <testcase name="CheckLogin" time="32.336" classname="USRC_Application.USRC_TestData_Update"/>
  <testcase name="CheckLogin" time="36.898" classname="USRC_Application.USRC_TestData_Update"/>
  <testcase name="CheckLogin" time="28.153" classname="USRC_Application.USRC_TestData_Update"/>
  <testcase name="CheckLogin" time="24.155" classname="USRC_Application.USRC_TestData_Update"/>
  <testcase name="CheckLogin" time="28.250" classname="USRC_Application.USRC_TestData_Update"/>
  <testcase name="CheckLogin" time="31.675" classname="USRC_Application.USRC_TestData_Update"/>
  <testcase name="CheckLogin" time="26.690" classname="USRC_Application.USRC_TestData_Update"/>
  <testcase name="CheckLogin" time="31.781" classname="USRC_Application.USRC_TestData_Update"/>
  <testcase name="CheckLogin" time="31.236" classname="USRC_Application.USRC_TestData_Update"/>
  <testcase name="CheckLogin" time="17.097" classname="USRC_Application.USRC_TestData_Update"/>
  <testcase name="CheckLogin" time="34.701" classname="USRC_Application.USRC_TestData_Update"/>
  <testcase name="CheckLogin" time="26.302" classname="USRC_Application.USRC_TestData_Update"/>
  <testcase name="CheckLogin" time="19.754" classname="USRC_Application.USRC_TestData_Update"/>
  <testcase name="CheckLogin" time="29.722" classname="USRC_Application.USRC_TestData_Update"/>
  <testcase name="CheckLogin" time="28.722" classname="USRC_Application.USRC_TestData_Update"/>
  <testcase name="CheckLogin" time="21.368" classname="USRC_Application.USRC_TestData_Update"/>
  <testcase name="CheckLogin" time="21.597" classname="USRC_Application.USRC_TestData_Update"/>
  <testcase name="CheckLogin" time="26.956" classname="USRC_Application.USRC_TestData_Update"/>
  <testcase name="CheckLogin" time="19.163" classname="USRC_Application.USRC_TestData_Update"/>
  <testcase name="CheckLogin" time="25.985" classname="USRC_Application.USRC_TestData_Update"/>
  <testcase name="CheckLogin" time="26.172" classname="USRC_Application.USRC_TestData_Update"/>
  <testcase name="CheckLogin" time="26.496" classname="USRC_Application.USRC_TestData_Update"/>
  <testcase name="CheckLogin" time="31.785" classname="USRC_Application.USRC_TestData_Update"/>
  <testcase name="CheckLogin" time="20.768" classname="USRC_Application.USRC_TestData_Update"/>
  <testcase name="CheckLogin" time="21.868" classname="USRC_Application.USRC_TestData_Update"/>
  <testcase name="CheckLogin" time="24.333" classname="USRC_Application.USRC_TestData_Update"/>
  <testcase name="CheckLogin" time="30.696" classname="USRC_Application.USRC_TestData_Update"/>
  <testcase name="CheckLogin" time="27.844" classname="USRC_Application.USRC_TestData_Update"/>
  <testcase name="CheckLogin" time="19.425" classname="USRC_Application.USRC_TestData_Update"/>
  <testcase name="CheckLogin" time="20.156" classname="USRC_Application.USRC_TestData_Update"/>
  <testcase name="CheckLogin" time="29.127" classname="USRC_Application.USRC_TestData_Update"/>
  <testcase name="CheckLogin" time="32.834" classname="USRC_Application.USRC_TestData_Update"/>
  <testcase name="CheckLogin" time="28.195" classname="USRC_Application.USRC_TestData_Update"/>
  <testcase name="CheckLogin" time="23.547" classname="USRC_Application.USRC_TestData_Update"/>
  <testcase name="CheckLogin" time="21.944" classname="USRC_Application.USRC_TestData_Update"/>
  <testcase name="CheckLogin" time="23.658" classname="USRC_Application.USRC_TestData_Update"/>
  <testcase name="CheckLogin" time="35.020" classname="USRC_Application.USRC_TestData_Update"/>
  <testcase name="CheckLogin" time="32.006" classname="USRC_Application.USRC_TestData_Update"/>
  <testcase name="CheckLogin" time="32.722" classname="USRC_Application.USRC_TestData_Update"/>
  <testcase name="CheckLogin" time="32.259" classname="USRC_Application.USRC_TestData_Update"/>
  <testcase name="CheckLogin" time="23.790" classname="USRC_Application.USRC_TestData_Update"/>
  <testcase name="CheckLogin" time="23.773" classname="USRC_Application.USRC_TestData_Update"/>
  <testcase name="CheckLogin" time="29.318" classname="USRC_Application.USRC_TestData_Update"/>
  <testcase name="CheckLogin" time="18.259" classname="USRC_Application.USRC_TestData_Update"/>
  <testcase name="CheckLogin" time="22.758" classname="USRC_Application.USRC_TestData_Update"/>
  <testcase name="CheckLogin" time="20.760" classname="USRC_Application.USRC_TestData_Update"/>
  <testcase name="CheckLogin" time="25.381" classname="USRC_Application.USRC_TestData_Update"/>
  <testcase name="CheckLogin" time="30.123" classname="USRC_Application.USRC_TestData_Update"/>
  <testcase name="CheckLogin" time="26.891" classname="USRC_Application.USRC_TestData_Update"/>
  <testcase name="CheckLogin" time="35.267" classname="USRC_Application.USRC_TestData_Update"/>
  <testcase name="CheckLogin" time="27.153" classname="USRC_Application.USRC_TestData_Update"/>
  <testcase name="CheckLogin" time="29.612" classname="USRC_Application.USRC_TestData_Update"/>
  <testcase name="CheckLogin" time="21.047" classname="USRC_Application.USRC_TestData_Update"/>
  <testcase name="CheckLogin" time="31.568" classname="USRC_Application.USRC_TestData_Update"/>
  <testcase name="CheckLogin" time="24.185" classname="USRC_Application.USRC_TestData_Update"/>
  <testcase name="CheckLogin" time="15.766" classname="USRC_Application.USRC_TestData_Update"/>
  <testcase name="CheckLogin" time="22.886" classname="USRC_Application.USRC_TestData_Update"/>
  <testcase name="CheckLogin" time="25.319" classname="USRC_Application.USRC_TestData_Update"/>
  <testcase name="CheckLogin" time="29.020" classname="USRC_Application.USRC_TestData_Update"/>
  <testcase name="CheckLogin" time="24.576" classname="USRC_Application.USRC_TestData_Update"/>
  <testcase name="CheckLogin" time="29.183" classname="USRC_Application.USRC_TestData_Update"/>
  <testcase name="CheckLogin" time="26.817" classname="USRC_Application.USRC_TestData_Update"/>
  <testcase name="CheckLogin" time="29.477" classname="USRC_Application.USRC_TestData_Update"/>
  <testcase name="CheckLogin" time="26.463" classname="USRC_Application.USRC_TestData_Update"/>
  <testcase name="CheckLogin" time="39.335" classname="USRC_Application.USRC_TestData_Update"/>
  <testcase name="CheckLogin" time="29.072" classname="USRC_Application.USRC_TestData_Update"/>
  <testcase name="CheckLogin" time="14.942" classname="USRC_Application.USRC_TestData_Update"/>
  <testcase name="CheckLogin" time="19.536" classname="USRC_Application.USRC_TestData_Update"/>
  <testcase name="CheckLogin" time="34.617" classname="USRC_Application.USRC_TestData_Update"/>
  <testcase name="CheckLogin" time="30.971" classname="USRC_Application.USRC_TestData_Update"/>
  <testcase name="CheckLogin" time="34.370" classname="USRC_Application.USRC_TestData_Update"/>
  <testcase name="CheckLogin" time="24.459" classname="USRC_Application.USRC_TestData_Update"/>
  <testcase name="CheckLogin" time="27.945" classname="USRC_Application.USRC_TestData_Update"/>
  <testcase name="CheckLogin" time="32.053" classname="USRC_Application.USRC_TestData_Update"/>
  <testcase name="CheckLogin" time="31.848" classname="USRC_Application.USRC_TestData_Update"/>
  <testcase name="CheckLogin" time="27.095" classname="USRC_Application.USRC_TestData_Update"/>
  <testcase name="CheckLogin" time="15.800" classname="USRC_Application.USRC_TestData_Update"/>
  <testcase name="CheckLogin" time="3.868" classname="USRC_Application.USRC_TestData_Update">
    <failure type="java.lang.AssertionError" message="Not able to login">
      <![CDATA[java.lang.AssertionError: Not able to login
at org.junit.Assert.fail(Assert.java:88)
at USRC_Application.USRC_TestData_Update.CheckLogin(USRC_TestData_Update.java:184)
at sun.reflect.GeneratedMethodAccessor2.invoke(Unknown Source)
at sun.reflect.DelegatingMethodAccessorImpl.invoke(Unknown Source)
at java.lang.reflect.Method.invoke(Unknown Source)
at org.testng.internal.MethodInvocationHelper.invokeMethod(MethodInvocationHelper.java:124)
at org.testng.internal.Invoker.invokeMethod(Invoker.java:580)
at org.testng.internal.Invoker.invokeTestMethod(Invoker.java:716)
at org.testng.internal.TestMethodWithDataProviderMethodWorker.call(TestMethodWithDataProviderMethodWorker.java:71)
at org.testng.internal.TestMethodWithDataProviderMethodWorker.call(TestMethodWithDataProviderMethodWorker.java:14)
at java.util.concurrent.FutureTask.run(Unknown Source)
at java.util.concurrent.Executors$RunnableAdapter.call(Unknown Source)
at java.util.concurrent.FutureTask.run(Unknown Source)
at java.util.concurrent.ThreadPoolExecutor.runWorker(Unknown Source)
at java.util.concurrent.ThreadPoolExecutor$Worker.run(Unknown Source)
at java.lang.Thread.run(Unknown Source)
]]>
    </failure>
  </testcase> <!-- CheckLogin -->
  <testcase name="CheckLogin" time="26.769" classname="USRC_Application.USRC_TestData_Update"/>
  <testcase name="CheckLogin" time="20.544" classname="USRC_Application.USRC_TestData_Update"/>
  <testcase name="CheckLogin" time="29.288" classname="USRC_Application.USRC_TestData_Update"/>
  <testcase name="CheckLogin" time="16.236" classname="USRC_Application.USRC_TestData_Update"/>
  <testcase name="CheckLogin" time="36.694" classname="USRC_Application.USRC_TestData_Update"/>
  <testcase name="CheckLogin" time="27.472" classname="USRC_Application.USRC_TestData_Update"/>
  <testcase name="CheckLogin" time="20.047" classname="USRC_Application.USRC_TestData_Update"/>
  <testcase name="CheckLogin" time="38.675" classname="USRC_Application.USRC_TestData_Update"/>
  <testcase name="CheckLogin" time="31.403" classname="USRC_Application.USRC_TestData_Update"/>
  <testcase name="CheckLogin" time="31.298" classname="USRC_Application.USRC_TestData_Update"/>
  <testcase name="CheckLogin" time="34.577" classname="USRC_Application.USRC_TestData_Update"/>
  <testcase name="CheckLogin" time="22.615" classname="USRC_Application.USRC_TestData_Update"/>
  <testcase name="CheckLogin" time="33.597" classname="USRC_Application.USRC_TestData_Update"/>
  <testcase name="CheckLogin" time="24.128" classname="USRC_Application.USRC_TestData_Update"/>
  <testcase name="CheckLogin" time="21.504" classname="USRC_Application.USRC_TestData_Update"/>
  <testcase name="CheckLogin" time="31.609" classname="USRC_Application.USRC_TestData_Update"/>
  <testcase name="CheckLogin" time="28.494" classname="USRC_Application.USRC_TestData_Update"/>
  <testcase name="CheckLogin" time="28.540" classname="USRC_Application.USRC_TestData_Update"/>
  <testcase name="CheckLogin" time="23.383" classname="USRC_Application.USRC_TestData_Update"/>
  <testcase name="CheckLogin" time="25.663" classname="USRC_Application.USRC_TestData_Update"/>
  <testcase name="CheckLogin" time="26.193" classname="USRC_Application.USRC_TestData_Update"/>
  <testcase name="CheckLogin" time="13.359" classname="USRC_Application.USRC_TestData_Update"/>
  <testcase name="CheckLogin" time="33.284" classname="USRC_Application.USRC_TestData_Update"/>
  <testcase name="CheckLogin" time="24.848" classname="USRC_Application.USRC_TestData_Update"/>
  <testcase name="CheckLogin" time="20.411" classname="USRC_Application.USRC_TestData_Update"/>
  <testcase name="CheckLogin" time="26.639" classname="USRC_Application.USRC_TestData_Update"/>
  <testcase name="CheckLogin" time="25.221" classname="USRC_Application.USRC_TestData_Update"/>
  <testcase name="CheckLogin" time="27.264" classname="USRC_Application.USRC_TestData_Update"/>
  <testcase name="CheckLogin" time="26.941" classname="USRC_Application.USRC_TestData_Update"/>
  <testcase name="CheckLogin" time="24.035" classname="USRC_Application.USRC_TestData_Update"/>
  <testcase name="CheckLogin" time="22.630" classname="USRC_Application.USRC_TestData_Update"/>
  <testcase name="CheckLogin" time="22.459" classname="USRC_Application.USRC_TestData_Update"/>
  <testcase name="CheckLogin" time="29.190" classname="USRC_Application.USRC_TestData_Update"/>
  <testcase name="CheckLogin" time="25.294" classname="USRC_Application.USRC_TestData_Update"/>
  <testcase name="CheckLogin" time="22.536" classname="USRC_Application.USRC_TestData_Update"/>
  <testcase name="CheckLogin" time="39.346" classname="USRC_Application.USRC_TestData_Update"/>
  <testcase name="CheckLogin" time="24.670" classname="USRC_Application.USRC_TestData_Update"/>
  <testcase name="CheckLogin" time="35.381" classname="USRC_Application.USRC_TestData_Update"/>
  <testcase name="CheckLogin" time="29.039" classname="USRC_Application.USRC_TestData_Update"/>
  <testcase name="CheckLogin" time="24.576" classname="USRC_Application.USRC_TestData_Update"/>
  <testcase name="CheckLogin" time="24.019" classname="USRC_Application.USRC_TestData_Update"/>
  <testcase name="CheckLogin" time="34.587" classname="USRC_Application.USRC_TestData_Update"/>
  <testcase name="CheckLogin" time="26.590" classname="USRC_Application.USRC_TestData_Update"/>
  <testcase name="CheckLogin" time="3.970" classname="USRC_Application.USRC_TestData_Update">
    <failure type="java.lang.AssertionError" message="Not able to login">
      <![CDATA[java.lang.AssertionError: Not able to login
at org.junit.Assert.fail(Assert.java:88)
at USRC_Application.USRC_TestData_Update.CheckLogin(USRC_TestData_Update.java:184)
at sun.reflect.GeneratedMethodAccessor2.invoke(Unknown Source)
at sun.reflect.DelegatingMethodAccessorImpl.invoke(Unknown Source)
at java.lang.reflect.Method.invoke(Unknown Source)
at org.testng.internal.MethodInvocationHelper.invokeMethod(MethodInvocationHelper.java:124)
at org.testng.internal.Invoker.invokeMethod(Invoker.java:580)
at org.testng.internal.Invoker.invokeTestMethod(Invoker.java:716)
at org.testng.internal.TestMethodWithDataProviderMethodWorker.call(TestMethodWithDataProviderMethodWorker.java:71)
at org.testng.internal.TestMethodWithDataProviderMethodWorker.call(TestMethodWithDataProviderMethodWorker.java:14)
at java.util.concurrent.FutureTask.run(Unknown Source)
at java.util.concurrent.Executors$RunnableAdapter.call(Unknown Source)
at java.util.concurrent.FutureTask.run(Unknown Source)
at java.util.concurrent.ThreadPoolExecutor.runWorker(Unknown Source)
at java.util.concurrent.ThreadPoolExecutor$Worker.run(Unknown Source)
at java.lang.Thread.run(Unknown Source)
]]>
    </failure>
  </testcase> <!-- CheckLogin -->
  <testcase name="CheckLogin" time="30.022" classname="USRC_Application.USRC_TestData_Update"/>
  <testcase name="CheckLogin" time="22.675" classname="USRC_Application.USRC_TestData_Update"/>
  <testcase name="CheckLogin" time="24.685" classname="USRC_Application.USRC_TestData_Update"/>
  <testcase name="CheckLogin" time="21.564" classname="USRC_Application.USRC_TestData_Update"/>
  <testcase name="CheckLogin" time="25.088" classname="USRC_Application.USRC_TestData_Update"/>
  <testcase name="CheckLogin" time="31.559" classname="USRC_Application.USRC_TestData_Update"/>
  <testcase name="CheckLogin" time="30.792" classname="USRC_Application.USRC_TestData_Update"/>
  <testcase name="CheckLogin" time="19.154" classname="USRC_Application.USRC_TestData_Update"/>
  <testcase name="CheckLogin" time="2.293" classname="USRC_Application.USRC_TestData_Update">
    <failure type="java.lang.AssertionError" message="Not able to login">
      <![CDATA[java.lang.AssertionError: Not able to login
at org.junit.Assert.fail(Assert.java:88)
at USRC_Application.USRC_TestData_Update.CheckLogin(USRC_TestData_Update.java:184)
at sun.reflect.GeneratedMethodAccessor2.invoke(Unknown Source)
at sun.reflect.DelegatingMethodAccessorImpl.invoke(Unknown Source)
at java.lang.reflect.Method.invoke(Unknown Source)
at org.testng.internal.MethodInvocationHelper.invokeMethod(MethodInvocationHelper.java:124)
at org.testng.internal.Invoker.invokeMethod(Invoker.java:580)
at org.testng.internal.Invoker.invokeTestMethod(Invoker.java:716)
at org.testng.internal.TestMethodWithDataProviderMethodWorker.call(TestMethodWithDataProviderMethodWorker.java:71)
at org.testng.internal.TestMethodWithDataProviderMethodWorker.call(TestMethodWithDataProviderMethodWorker.java:14)
at java.util.concurrent.FutureTask.run(Unknown Source)
at java.util.concurrent.Executors$RunnableAdapter.call(Unknown Source)
at java.util.concurrent.FutureTask.run(Unknown Source)
at java.util.concurrent.ThreadPoolExecutor.runWorker(Unknown Source)
at java.util.concurrent.ThreadPoolExecutor$Worker.run(Unknown Source)
at java.lang.Thread.run(Unknown Source)
]]>
    </failure>
  </testcase> <!-- CheckLogin -->
  <testcase name="CheckLogin" time="24.003" classname="USRC_Application.USRC_TestData_Update"/>
  <testcase name="CheckLogin" time="25.434" classname="USRC_Application.USRC_TestData_Update"/>
  <testcase name="CheckLogin" time="24.887" classname="USRC_Application.USRC_TestData_Update"/>
  <testcase name="CheckLogin" time="22.781" classname="USRC_Application.USRC_TestData_Update"/>
  <testcase name="CheckLogin" time="28.013" classname="USRC_Application.USRC_TestData_Update"/>
  <testcase name="CheckLogin" time="21.129" classname="USRC_Application.USRC_TestData_Update"/>
  <testcase name="CheckLogin" time="22.126" classname="USRC_Application.USRC_TestData_Update"/>
  <testcase name="CheckLogin" time="21.353" classname="USRC_Application.USRC_TestData_Update"/>
  <testcase name="CheckLogin" time="28.863" classname="USRC_Application.USRC_TestData_Update"/>
  <testcase name="CheckLogin" time="30.972" classname="USRC_Application.USRC_TestData_Update"/>
  <testcase name="CheckLogin" time="24.841" classname="USRC_Application.USRC_TestData_Update"/>
  <testcase name="CheckLogin" time="29.606" classname="USRC_Application.USRC_TestData_Update"/>
  <testcase name="CheckLogin" time="31.157" classname="USRC_Application.USRC_TestData_Update"/>
  <testcase name="CheckLogin" time="23.381" classname="USRC_Application.USRC_TestData_Update"/>
  <testcase name="CheckLogin" time="26.252" classname="USRC_Application.USRC_TestData_Update"/>
  <testcase name="CheckLogin" time="29.282" classname="USRC_Application.USRC_TestData_Update"/>
  <testcase name="CheckLogin" time="28.596" classname="USRC_Application.USRC_TestData_Update"/>
  <testcase name="CheckLogin" time="22.501" classname="USRC_Application.USRC_TestData_Update"/>
  <testcase name="CheckLogin" time="26.875" classname="USRC_Application.USRC_TestData_Update"/>
  <testcase name="CheckLogin" time="32.002" classname="USRC_Application.USRC_TestData_Update"/>
  <testcase name="CheckLogin" time="36.055" classname="USRC_Application.USRC_TestData_Update"/>
  <testcase name="CheckLogin" time="31.641" classname="USRC_Application.USRC_TestData_Update"/>
  <testcase name="CheckLogin" time="22.632" classname="USRC_Application.USRC_TestData_Update"/>
  <testcase name="CheckLogin" time="24.452" classname="USRC_Application.USRC_TestData_Update"/>
  <testcase name="CheckLogin" time="28.570" classname="USRC_Application.USRC_TestData_Update"/>
  <testcase name="CheckLogin" time="27.141" classname="USRC_Application.USRC_TestData_Update"/>
  <testcase name="CheckLogin" time="35.399" classname="USRC_Application.USRC_TestData_Update"/>
  <testcase name="CheckLogin" time="21.350" classname="USRC_Application.USRC_TestData_Update"/>
  <testcase name="CheckLogin" time="34.936" classname="USRC_Application.USRC_TestData_Update"/>
  <testcase name="CheckLogin" time="22.934" classname="USRC_Application.USRC_TestData_Update"/>
  <testcase name="CheckLogin" time="21.881" classname="USRC_Application.USRC_TestData_Update"/>
  <testcase name="CheckLogin" time="28.509" classname="USRC_Application.USRC_TestData_Update"/>
  <testcase name="CheckLogin" time="32.509" classname="USRC_Application.USRC_TestData_Update"/>
  <testcase name="CheckLogin" time="26.097" classname="USRC_Application.USRC_TestData_Update"/>
  <testcase name="CheckLogin" time="31.367" classname="USRC_Application.USRC_TestData_Update"/>
  <testcase name="CheckLogin" time="25.326" classname="USRC_Application.USRC_TestData_Update"/>
  <testcase name="CheckLogin" time="31.930" classname="USRC_Application.USRC_TestData_Update"/>
  <testcase name="CheckLogin" time="29.929" classname="USRC_Application.USRC_TestData_Update"/>
  <testcase name="CheckLogin" time="25.981" classname="USRC_Application.USRC_TestData_Update"/>
  <testcase name="CheckLogin" time="32.387" classname="USRC_Application.USRC_TestData_Update"/>
  <testcase name="CheckLogin" time="23.632" classname="USRC_Application.USRC_TestData_Update"/>
  <testcase name="CheckLogin" time="27.416" classname="USRC_Application.USRC_TestData_Update"/>
  <testcase name="CheckLogin" time="27.908" classname="USRC_Application.USRC_TestData_Update"/>
  <testcase name="CheckLogin" time="28.026" classname="USRC_Application.USRC_TestData_Update"/>
  <testcase name="CheckLogin" time="24.444" classname="USRC_Application.USRC_TestData_Update"/>
  <testcase name="CheckLogin" time="25.331" classname="USRC_Application.USRC_TestData_Update"/>
  <testcase name="CheckLogin" time="26.362" classname="USRC_Application.USRC_TestData_Update"/>
  <testcase name="CheckLogin" time="32.824" classname="USRC_Application.USRC_TestData_Update"/>
  <testcase name="CheckLogin" time="28.273" classname="USRC_Application.USRC_TestData_Update"/>
  <testcase name="CheckLogin" time="27.921" classname="USRC_Application.USRC_TestData_Update"/>
  <testcase name="CheckLogin" time="30.980" classname="USRC_Application.USRC_TestData_Update"/>
  <testcase name="CheckLogin" time="27.385" classname="USRC_Application.USRC_TestData_Update"/>
  <testcase name="CheckLogin" time="28.684" classname="USRC_Application.USRC_TestData_Update"/>
  <testcase name="CheckLogin" time="28.390" classname="USRC_Application.USRC_TestData_Update"/>
  <testcase name="CheckLogin" time="21.981" classname="USRC_Application.USRC_TestData_Update"/>
  <testcase name="CheckLogin" time="26.055" classname="USRC_Application.USRC_TestData_Update"/>
  <testcase name="CheckLogin" time="2.091" classname="USRC_Application.USRC_TestData_Update">
    <failure type="java.lang.AssertionError" message="Not able to login">
      <![CDATA[java.lang.AssertionError: Not able to login
at org.junit.Assert.fail(Assert.java:88)
at USRC_Application.USRC_TestData_Update.CheckLogin(USRC_TestData_Update.java:184)
at sun.reflect.GeneratedMethodAccessor2.invoke(Unknown Source)
at sun.reflect.DelegatingMethodAccessorImpl.invoke(Unknown Source)
at java.lang.reflect.Method.invoke(Unknown Source)
at org.testng.internal.MethodInvocationHelper.invokeMethod(MethodInvocationHelper.java:124)
at org.testng.internal.Invoker.invokeMethod(Invoker.java:580)
at org.testng.internal.Invoker.invokeTestMethod(Invoker.java:716)
at org.testng.internal.TestMethodWithDataProviderMethodWorker.call(TestMethodWithDataProviderMethodWorker.java:71)
at org.testng.internal.TestMethodWithDataProviderMethodWorker.call(TestMethodWithDataProviderMethodWorker.java:14)
at java.util.concurrent.FutureTask.run(Unknown Source)
at java.util.concurrent.Executors$RunnableAdapter.call(Unknown Source)
at java.util.concurrent.FutureTask.run(Unknown Source)
at java.util.concurrent.ThreadPoolExecutor.runWorker(Unknown Source)
at java.util.concurrent.ThreadPoolExecutor$Worker.run(Unknown Source)
at java.lang.Thread.run(Unknown Source)
]]>
    </failure>
  </testcase> <!-- CheckLogin -->
  <testcase name="CheckLogin" time="25.204" classname="USRC_Application.USRC_TestData_Update"/>
  <testcase name="CheckLogin" time="22.586" classname="USRC_Application.USRC_TestData_Update"/>
  <testcase name="CheckLogin" time="22.911" classname="USRC_Application.USRC_TestData_Update"/>
  <testcase name="CheckLogin" time="22.891" classname="USRC_Application.USRC_TestData_Update"/>
  <testcase name="CheckLogin" time="21.825" classname="USRC_Application.USRC_TestData_Update"/>
  <testcase name="CheckLogin" time="24.642" classname="USRC_Application.USRC_TestData_Update"/>
  <testcase name="CheckLogin" time="26.042" classname="USRC_Application.USRC_TestData_Update"/>
  <testcase name="CheckLogin" time="32.350" classname="USRC_Application.USRC_TestData_Update"/>
  <testcase name="CheckLogin" time="31.325" classname="USRC_Application.USRC_TestData_Update"/>
  <testcase name="CheckLogin" time="26.180" classname="USRC_Application.USRC_TestData_Update"/>
  <testcase name="CheckLogin" time="28.448" classname="USRC_Application.USRC_TestData_Update"/>
  <testcase name="CheckLogin" time="21.274" classname="USRC_Application.USRC_TestData_Update"/>
  <testcase name="CheckLogin" time="25.258" classname="USRC_Application.USRC_TestData_Update"/>
  <testcase name="CheckLogin" time="24.987" classname="USRC_Application.USRC_TestData_Update"/>
  <testcase name="CheckLogin" time="26.241" classname="USRC_Application.USRC_TestData_Update"/>
  <testcase name="CheckLogin" time="28.316" classname="USRC_Application.USRC_TestData_Update"/>
  <testcase name="CheckLogin" time="23.276" classname="USRC_Application.USRC_TestData_Update"/>
  <testcase name="CheckLogin" time="29.995" classname="USRC_Application.USRC_TestData_Update"/>
  <testcase name="CheckLogin" time="16.905" classname="USRC_Application.USRC_TestData_Update"/>
  <testcase name="CheckLogin" time="29.532" classname="USRC_Application.USRC_TestData_Update"/>
  <testcase name="CheckLogin" time="25.684" classname="USRC_Application.USRC_TestData_Update"/>
  <testcase name="CheckLogin" time="31.012" classname="USRC_Application.USRC_TestData_Update"/>
  <testcase name="CheckLogin" time="18.341" classname="USRC_Application.USRC_TestData_Update"/>
  <testcase name="CheckLogin" time="28.283" classname="USRC_Application.USRC_TestData_Update"/>
  <testcase name="CheckLogin" time="23.011" classname="USRC_Application.USRC_TestData_Update"/>
  <testcase name="CheckLogin" time="22.954" classname="USRC_Application.USRC_TestData_Update"/>
  <testcase name="CheckLogin" time="37.700" classname="USRC_Application.USRC_TestData_Update"/>
  <testcase name="CheckLogin" time="23.624" classname="USRC_Application.USRC_TestData_Update"/>
  <testcase name="CheckLogin" time="37.165" classname="USRC_Application.USRC_TestData_Update"/>
  <testcase name="CheckLogin" time="30.809" classname="USRC_Application.USRC_TestData_Update"/>
  <testcase name="CheckLogin" time="25.389" classname="USRC_Application.USRC_TestData_Update"/>
  <testcase name="CheckLogin" time="22.787" classname="USRC_Application.USRC_TestData_Update"/>
  <testcase name="CheckLogin" time="25.112" classname="USRC_Application.USRC_TestData_Update"/>
  <testcase name="CheckLogin" time="22.460" classname="USRC_Application.USRC_TestData_Update"/>
  <testcase name="CheckLogin" time="28.836" classname="USRC_Application.USRC_TestData_Update"/>
  <testcase name="CheckLogin" time="28.909" classname="USRC_Application.USRC_TestData_Update"/>
  <testcase name="CheckLogin" time="26.999" classname="USRC_Application.USRC_TestData_Update"/>
  <testcase name="CheckLogin" time="26.786" classname="USRC_Application.USRC_TestData_Update"/>
  <testcase name="CheckLogin" time="24.874" classname="USRC_Application.USRC_TestData_Update"/>
  <testcase name="CheckLogin" time="30.537" classname="USRC_Application.USRC_TestData_Update"/>
  <testcase name="CheckLogin" time="32.487" classname="USRC_Application.USRC_TestData_Update"/>
  <testcase name="CheckLogin" time="27.990" classname="USRC_Application.USRC_TestData_Update"/>
  <testcase name="CheckLogin" time="29.793" classname="USRC_Application.USRC_TestData_Update"/>
  <testcase name="CheckLogin" time="31.216" classname="USRC_Application.USRC_TestData_Update"/>
  <testcase name="CheckLogin" time="23.233" classname="USRC_Application.USRC_TestData_Update"/>
  <testcase name="CheckLogin" time="26.316" classname="USRC_Application.USRC_TestData_Update"/>
  <testcase name="CheckLogin" time="25.401" classname="USRC_Application.USRC_TestData_Update"/>
  <testcase name="CheckLogin" time="27.125" classname="USRC_Application.USRC_TestData_Update"/>
  <testcase name="CheckLogin" time="32.862" classname="USRC_Application.USRC_TestData_Update"/>
  <testcase name="CheckLogin" time="26.529" classname="USRC_Application.USRC_TestData_Update"/>
  <testcase name="CheckLogin" time="24.624" classname="USRC_Application.USRC_TestData_Update"/>
  <testcase name="CheckLogin" time="28.539" classname="USRC_Application.USRC_TestData_Update"/>
  <testcase name="CheckLogin" time="31.338" classname="USRC_Application.USRC_TestData_Update"/>
  <testcase name="CheckLogin" time="21.205" classname="USRC_Application.USRC_TestData_Update"/>
  <testcase name="CheckLogin" time="21.333" classname="USRC_Application.USRC_TestData_Update"/>
  <testcase name="CheckLogin" time="23.072" classname="USRC_Application.USRC_TestData_Update"/>
  <testcase name="CheckLogin" time="29.282" classname="USRC_Application.USRC_TestData_Update"/>
  <testcase name="CheckLogin" time="29.093" classname="USRC_Application.USRC_TestData_Update"/>
  <testcase name="CheckLogin" time="33.101" classname="USRC_Application.USRC_TestData_Update"/>
  <testcase name="CheckLogin" time="17.075" classname="USRC_Application.USRC_TestData_Update"/>
  <testcase name="CheckLogin" time="32.107" classname="USRC_Application.USRC_TestData_Update"/>
  <testcase name="CheckLogin" time="24.735" classname="USRC_Application.USRC_TestData_Update"/>
  <testcase name="CheckLogin" time="23.811" classname="USRC_Application.USRC_TestData_Update"/>
  <testcase name="CheckLogin" time="32.948" classname="USRC_Application.USRC_TestData_Update"/>
  <testcase name="CheckLogin" time="34.651" classname="USRC_Application.USRC_TestData_Update"/>
  <testcase name="CheckLogin" time="26.212" classname="USRC_Application.USRC_TestData_Update"/>
  <testcase name="CheckLogin" time="20.952" classname="USRC_Application.USRC_TestData_Update"/>
  <testcase name="CheckLogin" time="27.079" classname="USRC_Application.USRC_TestData_Update"/>
  <testcase name="CheckLogin" time="48.091" classname="USRC_Application.USRC_TestData_Update"/>
  <testcase name="CheckLogin" time="22.955" classname="USRC_Application.USRC_TestData_Update"/>
  <testcase name="CheckLogin" time="31.156" classname="USRC_Application.USRC_TestData_Update"/>
  <testcase name="CheckLogin" time="24.858" classname="USRC_Application.USRC_TestData_Update"/>
  <testcase name="CheckLogin" time="21.379" classname="USRC_Application.USRC_TestData_Update"/>
  <testcase name="CheckLogin" time="23.920" classname="USRC_Application.USRC_TestData_Update"/>
  <testcase name="CheckLogin" time="29.863" classname="USRC_Application.USRC_TestData_Update"/>
  <testcase name="CheckLogin" time="31.089" classname="USRC_Application.USRC_TestData_Update"/>
  <testcase name="CheckLogin" time="23.601" classname="USRC_Application.USRC_TestData_Update"/>
  <testcase name="CheckLogin" time="29.646" classname="USRC_Application.USRC_TestData_Update"/>
  <testcase name="CheckLogin" time="18.317" classname="USRC_Application.USRC_TestData_Update"/>
  <testcase name="CheckLogin" time="37.734" classname="USRC_Application.USRC_TestData_Update"/>
  <testcase name="CheckLogin" time="26.861" classname="USRC_Application.USRC_TestData_Update"/>
  <testcase name="CheckLogin" time="21.853" classname="USRC_Application.USRC_TestData_Update"/>
  <testcase name="CheckLogin" time="27.584" classname="USRC_Application.USRC_TestData_Update"/>
  <testcase name="CheckLogin" time="21.241" classname="USRC_Application.USRC_TestData_Update"/>
  <testcase name="CheckLogin" time="28.785" classname="USRC_Application.USRC_TestData_Update"/>
  <testcase name="CheckLogin" time="28.446" classname="USRC_Application.USRC_TestData_Update"/>
  <testcase name="CheckLogin" time="31.690" classname="USRC_Application.USRC_TestData_Update"/>
  <testcase name="CheckLogin" time="27.552" classname="USRC_Application.USRC_TestData_Update"/>
  <testcase name="CheckLogin" time="28.549" classname="USRC_Application.USRC_TestData_Update"/>
  <testcase name="CheckLogin" time="30.633" classname="USRC_Application.USRC_TestData_Update"/>
  <testcase name="CheckLogin" time="35.216" classname="USRC_Application.USRC_TestData_Update"/>
  <testcase name="CheckLogin" time="19.559" classname="USRC_Application.USRC_TestData_Update"/>
  <testcase name="CheckLogin" time="34.504" classname="USRC_Application.USRC_TestData_Update"/>
  <testcase name="CheckLogin" time="30.802" classname="USRC_Application.USRC_TestData_Update"/>
  <testcase name="CheckLogin" time="28.525" classname="USRC_Application.USRC_TestData_Update"/>
  <testcase name="CheckLogin" time="26.340" classname="USRC_Application.USRC_TestData_Update"/>
  <testcase name="CheckLogin" time="27.658" classname="USRC_Application.USRC_TestData_Update"/>
  <testcase name="CheckLogin" time="23.599" classname="USRC_Application.USRC_TestData_Update"/>
  <testcase name="CheckLogin" time="21.089" classname="USRC_Application.USRC_TestData_Update"/>
  <testcase name="CheckLogin" time="30.794" classname="USRC_Application.USRC_TestData_Update"/>
  <testcase name="CheckLogin" time="2.377" classname="USRC_Application.USRC_TestData_Update">
    <failure type="java.lang.AssertionError" message="Not able to login">
      <![CDATA[java.lang.AssertionError: Not able to login
at org.junit.Assert.fail(Assert.java:88)
at USRC_Application.USRC_TestData_Update.CheckLogin(USRC_TestData_Update.java:184)
at sun.reflect.GeneratedMethodAccessor2.invoke(Unknown Source)
at sun.reflect.DelegatingMethodAccessorImpl.invoke(Unknown Source)
at java.lang.reflect.Method.invoke(Unknown Source)
at org.testng.internal.MethodInvocationHelper.invokeMethod(MethodInvocationHelper.java:124)
at org.testng.internal.Invoker.invokeMethod(Invoker.java:580)
at org.testng.internal.Invoker.invokeTestMethod(Invoker.java:716)
at org.testng.internal.TestMethodWithDataProviderMethodWorker.call(TestMethodWithDataProviderMethodWorker.java:71)
at org.testng.internal.TestMethodWithDataProviderMethodWorker.call(TestMethodWithDataProviderMethodWorker.java:14)
at java.util.concurrent.FutureTask.run(Unknown Source)
at java.util.concurrent.Executors$RunnableAdapter.call(Unknown Source)
at java.util.concurrent.FutureTask.run(Unknown Source)
at java.util.concurrent.ThreadPoolExecutor.runWorker(Unknown Source)
at java.util.concurrent.ThreadPoolExecutor$Worker.run(Unknown Source)
at java.lang.Thread.run(Unknown Source)
]]>
    </failure>
  </testcase> <!-- CheckLogin -->
  <testcase name="CheckLogin" time="19.735" classname="USRC_Application.USRC_TestData_Update"/>
  <testcase name="CheckLogin" time="27.114" classname="USRC_Application.USRC_TestData_Update"/>
  <testcase name="CheckLogin" time="22.085" classname="USRC_Application.USRC_TestData_Update"/>
  <testcase name="CheckLogin" time="26.398" classname="USRC_Application.USRC_TestData_Update"/>
  <testcase name="CheckLogin" time="31.326" classname="USRC_Application.USRC_TestData_Update"/>
  <testcase name="CheckLogin" time="26.510" classname="USRC_Application.USRC_TestData_Update"/>
  <testcase name="CheckLogin" time="26.129" classname="USRC_Application.USRC_TestData_Update"/>
  <testcase name="CheckLogin" time="28.342" classname="USRC_Application.USRC_TestData_Update"/>
  <testcase name="CheckLogin" time="25.414" classname="USRC_Application.USRC_TestData_Update"/>
  <testcase name="CheckLogin" time="24.218" classname="USRC_Application.USRC_TestData_Update"/>
  <testcase name="CheckLogin" time="25.904" classname="USRC_Application.USRC_TestData_Update"/>
  <testcase name="CheckLogin" time="24.535" classname="USRC_Application.USRC_TestData_Update"/>
  <testcase name="CheckLogin" time="20.572" classname="USRC_Application.USRC_TestData_Update"/>
  <testcase name="CheckLogin" time="23.084" classname="USRC_Application.USRC_TestData_Update"/>
  <testcase name="CheckLogin" time="32.624" classname="USRC_Application.USRC_TestData_Update"/>
  <testcase name="CheckLogin" time="22.465" classname="USRC_Application.USRC_TestData_Update"/>
  <testcase name="CheckLogin" time="22.983" classname="USRC_Application.USRC_TestData_Update"/>
  <testcase name="CheckLogin" time="29.517" classname="USRC_Application.USRC_TestData_Update"/>
  <testcase name="CheckLogin" time="32.010" classname="USRC_Application.USRC_TestData_Update"/>
  <testcase name="CheckLogin" time="29.607" classname="USRC_Application.USRC_TestData_Update"/>
  <testcase name="CheckLogin" time="22.965" classname="USRC_Application.USRC_TestData_Update"/>
  <testcase name="CheckLogin" time="21.597" classname="USRC_Application.USRC_TestData_Update"/>
  <testcase name="CheckLogin" time="27.246" classname="USRC_Application.USRC_TestData_Update"/>
  <testcase name="CheckLogin" time="26.096" classname="USRC_Application.USRC_TestData_Update"/>
  <testcase name="CheckLogin" time="28.152" classname="USRC_Application.USRC_TestData_Update"/>
  <testcase name="CheckLogin" time="28.420" classname="USRC_Application.USRC_TestData_Update"/>
  <testcase name="CheckLogin" time="30.189" classname="USRC_Application.USRC_TestData_Update"/>
  <testcase name="CheckLogin" time="29.996" classname="USRC_Application.USRC_TestData_Update"/>
  <testcase name="CheckLogin" time="27.030" classname="USRC_Application.USRC_TestData_Update"/>
  <testcase name="CheckLogin" time="23.422" classname="USRC_Application.USRC_TestData_Update"/>
  <testcase name="CheckLogin" time="26.512" classname="USRC_Application.USRC_TestData_Update"/>
  <testcase name="CheckLogin" time="27.519" classname="USRC_Application.USRC_TestData_Update"/>
  <testcase name="CheckLogin" time="19.634" classname="USRC_Application.USRC_TestData_Update"/>
  <testcase name="CheckLogin" time="31.371" classname="USRC_Application.USRC_TestData_Update"/>
  <testcase name="CheckLogin" time="26.238" classname="USRC_Application.USRC_TestData_Update"/>
  <testcase name="CheckLogin" time="26.304" classname="USRC_Application.USRC_TestData_Update"/>
  <testcase name="CheckLogin" time="30.542" classname="USRC_Application.USRC_TestData_Update"/>
  <testcase name="CheckLogin" time="30.093" classname="USRC_Application.USRC_TestData_Update"/>
  <testcase name="CheckLogin" time="19.303" classname="USRC_Application.USRC_TestData_Update"/>
  <testcase name="CheckLogin" time="28.934" classname="USRC_Application.USRC_TestData_Update"/>
  <testcase name="CheckLogin" time="21.103" classname="USRC_Application.USRC_TestData_Update"/>
  <testcase name="CheckLogin" time="27.026" classname="USRC_Application.USRC_TestData_Update"/>
  <testcase name="CheckLogin" time="25.582" classname="USRC_Application.USRC_TestData_Update"/>
  <testcase name="CheckLogin" time="34.349" classname="USRC_Application.USRC_TestData_Update"/>
  <testcase name="CheckLogin" time="30.453" classname="USRC_Application.USRC_TestData_Update"/>
  <testcase name="CheckLogin" time="19.211" classname="USRC_Application.USRC_TestData_Update"/>
  <testcase name="CheckLogin" time="26.889" classname="USRC_Application.USRC_TestData_Update"/>
  <testcase name="CheckLogin" time="16.306" classname="USRC_Application.USRC_TestData_Update"/>
  <testcase name="CheckLogin" time="2.197" classname="USRC_Application.USRC_TestData_Update">
    <failure type="java.lang.AssertionError" message="Not able to login">
      <![CDATA[java.lang.AssertionError: Not able to login
at org.junit.Assert.fail(Assert.java:88)
at USRC_Application.USRC_TestData_Update.CheckLogin(USRC_TestData_Update.java:184)
at sun.reflect.GeneratedMethodAccessor2.invoke(Unknown Source)
at sun.reflect.DelegatingMethodAccessorImpl.invoke(Unknown Source)
at java.lang.reflect.Method.invoke(Unknown Source)
at org.testng.internal.MethodInvocationHelper.invokeMethod(MethodInvocationHelper.java:124)
at org.testng.internal.Invoker.invokeMethod(Invoker.java:580)
at org.testng.internal.Invoker.invokeTestMethod(Invoker.java:716)
at org.testng.internal.TestMethodWithDataProviderMethodWorker.call(TestMethodWithDataProviderMethodWorker.java:71)
at org.testng.internal.TestMethodWithDataProviderMethodWorker.call(TestMethodWithDataProviderMethodWorker.java:14)
at java.util.concurrent.FutureTask.run(Unknown Source)
at java.util.concurrent.Executors$RunnableAdapter.call(Unknown Source)
at java.util.concurrent.FutureTask.run(Unknown Source)
at java.util.concurrent.ThreadPoolExecutor.runWorker(Unknown Source)
at java.util.concurrent.ThreadPoolExecutor$Worker.run(Unknown Source)
at java.lang.Thread.run(Unknown Source)
]]>
    </failure>
  </testcase> <!-- CheckLogin -->
  <testcase name="CheckLogin" time="24.047" classname="USRC_Application.USRC_TestData_Update"/>
  <testcase name="CheckLogin" time="27.268" classname="USRC_Application.USRC_TestData_Update"/>
  <testcase name="CheckLogin" time="24.729" classname="USRC_Application.USRC_TestData_Update"/>
  <testcase name="CheckLogin" time="17.398" classname="USRC_Application.USRC_TestData_Update"/>
  <testcase name="CheckLogin" time="29.405" classname="USRC_Application.USRC_TestData_Update"/>
  <testcase name="CheckLogin" time="26.271" classname="USRC_Application.USRC_TestData_Update"/>
  <testcase name="CheckLogin" time="2.725" classname="USRC_Application.USRC_TestData_Update">
    <failure type="java.lang.AssertionError" message="Not able to login">
      <![CDATA[java.lang.AssertionError: Not able to login
at org.junit.Assert.fail(Assert.java:88)
at USRC_Application.USRC_TestData_Update.CheckLogin(USRC_TestData_Update.java:184)
at sun.reflect.GeneratedMethodAccessor2.invoke(Unknown Source)
at sun.reflect.DelegatingMethodAccessorImpl.invoke(Unknown Source)
at java.lang.reflect.Method.invoke(Unknown Source)
at org.testng.internal.MethodInvocationHelper.invokeMethod(MethodInvocationHelper.java:124)
at org.testng.internal.Invoker.invokeMethod(Invoker.java:580)
at org.testng.internal.Invoker.invokeTestMethod(Invoker.java:716)
at org.testng.internal.TestMethodWithDataProviderMethodWorker.call(TestMethodWithDataProviderMethodWorker.java:71)
at org.testng.internal.TestMethodWithDataProviderMethodWorker.call(TestMethodWithDataProviderMethodWorker.java:14)
at java.util.concurrent.FutureTask.run(Unknown Source)
at java.util.concurrent.Executors$RunnableAdapter.call(Unknown Source)
at java.util.concurrent.FutureTask.run(Unknown Source)
at java.util.concurrent.ThreadPoolExecutor.runWorker(Unknown Source)
at java.util.concurrent.ThreadPoolExecutor$Worker.run(Unknown Source)
at java.lang.Thread.run(Unknown Source)
]]>
    </failure>
  </testcase> <!-- CheckLogin -->
  <testcase name="CheckLogin" time="24.719" classname="USRC_Application.USRC_TestData_Update"/>
  <testcase name="CheckLogin" time="29.795" classname="USRC_Application.USRC_TestData_Update"/>
  <testcase name="CheckLogin" time="16.233" classname="USRC_Application.USRC_TestData_Update"/>
  <testcase name="CheckLogin" time="30.843" classname="USRC_Application.USRC_TestData_Update"/>
  <testcase name="CheckLogin" time="33.213" classname="USRC_Application.USRC_TestData_Update"/>
  <testcase name="CheckLogin" time="24.012" classname="USRC_Application.USRC_TestData_Update"/>
  <testcase name="CheckLogin" time="27.033" classname="USRC_Application.USRC_TestData_Update"/>
  <testcase name="CheckLogin" time="34.131" classname="USRC_Application.USRC_TestData_Update"/>
  <testcase name="CheckLogin" time="22.021" classname="USRC_Application.USRC_TestData_Update"/>
  <testcase name="CheckLogin" time="25.306" classname="USRC_Application.USRC_TestData_Update"/>
  <testcase name="CheckLogin" time="17.029" classname="USRC_Application.USRC_TestData_Update"/>
  <testcase name="CheckLogin" time="24.857" classname="USRC_Application.USRC_TestData_Update"/>
  <testcase name="CheckLogin" time="2.218" classname="USRC_Application.USRC_TestData_Update">
    <failure type="java.lang.AssertionError" message="Not able to login">
      <![CDATA[java.lang.AssertionError: Not able to login
at org.junit.Assert.fail(Assert.java:88)
at USRC_Application.USRC_TestData_Update.CheckLogin(USRC_TestData_Update.java:184)
at sun.reflect.GeneratedMethodAccessor2.invoke(Unknown Source)
at sun.reflect.DelegatingMethodAccessorImpl.invoke(Unknown Source)
at java.lang.reflect.Method.invoke(Unknown Source)
at org.testng.internal.MethodInvocationHelper.invokeMethod(MethodInvocationHelper.java:124)
at org.testng.internal.Invoker.invokeMethod(Invoker.java:580)
at org.testng.internal.Invoker.invokeTestMethod(Invoker.java:716)
at org.testng.internal.TestMethodWithDataProviderMethodWorker.call(TestMethodWithDataProviderMethodWorker.java:71)
at org.testng.internal.TestMethodWithDataProviderMethodWorker.call(TestMethodWithDataProviderMethodWorker.java:14)
at java.util.concurrent.FutureTask.run(Unknown Source)
at java.util.concurrent.Executors$RunnableAdapter.call(Unknown Source)
at java.util.concurrent.FutureTask.run(Unknown Source)
at java.util.concurrent.ThreadPoolExecutor.runWorker(Unknown Source)
at java.util.concurrent.ThreadPoolExecutor$Worker.run(Unknown Source)
at java.lang.Thread.run(Unknown Source)
]]>
    </failure>
  </testcase> <!-- CheckLogin -->
  <testcase name="CheckLogin" time="27.736" classname="USRC_Application.USRC_TestData_Update"/>
  <testcase name="CheckLogin" time="18.010" classname="USRC_Application.USRC_TestData_Update"/>
  <testcase name="CheckLogin" time="25.795" classname="USRC_Application.USRC_TestData_Update"/>
  <testcase name="CheckLogin" time="26.307" classname="USRC_Application.USRC_TestData_Update"/>
  <testcase name="CheckLogin" time="31.022" classname="USRC_Application.USRC_TestData_Update"/>
  <testcase name="CheckLogin" time="25.552" classname="USRC_Application.USRC_TestData_Update"/>
  <testcase name="CheckLogin" time="17.515" classname="USRC_Application.USRC_TestData_Update"/>
  <testcase name="CheckLogin" time="27.309" classname="USRC_Application.USRC_TestData_Update"/>
  <testcase name="CheckLogin" time="31.717" classname="USRC_Application.USRC_TestData_Update"/>
  <testcase name="CheckLogin" time="27.569" classname="USRC_Application.USRC_TestData_Update"/>
  <testcase name="CheckLogin" time="33.891" classname="USRC_Application.USRC_TestData_Update"/>
  <testcase name="CheckLogin" time="20.643" classname="USRC_Application.USRC_TestData_Update"/>
  <testcase name="CheckLogin" time="29.891" classname="USRC_Application.USRC_TestData_Update"/>
  <testcase name="CheckLogin" time="26.864" classname="USRC_Application.USRC_TestData_Update"/>
  <testcase name="CheckLogin" time="23.344" classname="USRC_Application.USRC_TestData_Update"/>
  <testcase name="CheckLogin" time="23.127" classname="USRC_Application.USRC_TestData_Update"/>
  <testcase name="CheckLogin" time="31.953" classname="USRC_Application.USRC_TestData_Update"/>
  <testcase name="CheckLogin" time="23.085" classname="USRC_Application.USRC_TestData_Update"/>
  <testcase name="CheckLogin" time="35.192" classname="USRC_Application.USRC_TestData_Update"/>
  <testcase name="CheckLogin" time="32.193" classname="USRC_Application.USRC_TestData_Update"/>
  <testcase name="CheckLogin" time="26.067" classname="USRC_Application.USRC_TestData_Update"/>
  <testcase name="CheckLogin" time="26.007" classname="USRC_Application.USRC_TestData_Update"/>
  <testcase name="CheckLogin" time="19.620" classname="USRC_Application.USRC_TestData_Update"/>
  <testcase name="CheckLogin" time="20.449" classname="USRC_Application.USRC_TestData_Update"/>
  <testcase name="CheckLogin" time="19.937" classname="USRC_Application.USRC_TestData_Update"/>
  <testcase name="CheckLogin" time="33.075" classname="USRC_Application.USRC_TestData_Update"/>
  <testcase name="CheckLogin" time="25.353" classname="USRC_Application.USRC_TestData_Update"/>
  <testcase name="CheckLogin" time="21.891" classname="USRC_Application.USRC_TestData_Update"/>
  <testcase name="CheckLogin" time="33.942" classname="USRC_Application.USRC_TestData_Update"/>
  <testcase name="CheckLogin" time="24.519" classname="USRC_Application.USRC_TestData_Update"/>
  <testcase name="CheckLogin" time="29.758" classname="USRC_Application.USRC_TestData_Update"/>
  <testcase name="CheckLogin" time="19.321" classname="USRC_Application.USRC_TestData_Update"/>
  <testcase name="CheckLogin" time="29.176" classname="USRC_Application.USRC_TestData_Update"/>
  <testcase name="CheckLogin" time="20.113" classname="USRC_Application.USRC_TestData_Update"/>
  <testcase name="CheckLogin" time="30.422" classname="USRC_Application.USRC_TestData_Update"/>
  <testcase name="CheckLogin" time="22.328" classname="USRC_Application.USRC_TestData_Update"/>
  <testcase name="CheckLogin" time="21.410" classname="USRC_Application.USRC_TestData_Update"/>
  <testcase name="CheckLogin" time="24.073" classname="USRC_Application.USRC_TestData_Update"/>
  <testcase name="CheckLogin" time="28.642" classname="USRC_Application.USRC_TestData_Update"/>
  <testcase name="CheckLogin" time="31.124" classname="USRC_Application.USRC_TestData_Update"/>
  <testcase name="CheckLogin" time="26.976" classname="USRC_Application.USRC_TestData_Update"/>
  <testcase name="CheckLogin" time="24.825" classname="USRC_Application.USRC_TestData_Update"/>
  <testcase name="CheckLogin" time="16.993" classname="USRC_Application.USRC_TestData_Update"/>
  <testcase name="CheckLogin" time="23.704" classname="USRC_Application.USRC_TestData_Update"/>
  <testcase name="CheckLogin" time="25.606" classname="USRC_Application.USRC_TestData_Update"/>
  <testcase name="CheckLogin" time="34.146" classname="USRC_Application.USRC_TestData_Update"/>
  <testcase name="CheckLogin" time="32.454" classname="USRC_Application.USRC_TestData_Update"/>
  <testcase name="CheckLogin" time="22.602" classname="USRC_Application.USRC_TestData_Update"/>
  <testcase name="CheckLogin" time="25.893" classname="USRC_Application.USRC_TestData_Update"/>
  <testcase name="CheckLogin" time="23.276" classname="USRC_Application.USRC_TestData_Update"/>
  <testcase name="CheckLogin" time="27.982" classname="USRC_Application.USRC_TestData_Update"/>
  <testcase name="CheckLogin" time="24.643" classname="USRC_Application.USRC_TestData_Update"/>
  <testcase name="CheckLogin" time="27.905" classname="USRC_Application.USRC_TestData_Update"/>
  <testcase name="CheckLogin" time="27.400" classname="USRC_Application.USRC_TestData_Update"/>
  <testcase name="CheckLogin" time="31.038" classname="USRC_Application.USRC_TestData_Update"/>
  <testcase name="CheckLogin" time="33.337" classname="USRC_Application.USRC_TestData_Update"/>
  <testcase name="CheckLogin" time="34.881" classname="USRC_Application.USRC_TestData_Update"/>
  <testcase name="CheckLogin" time="33.459" classname="USRC_Application.USRC_TestData_Update"/>
  <testcase name="CheckLogin" time="25.484" classname="USRC_Application.USRC_TestData_Update"/>
  <testcase name="CheckLogin" time="19.531" classname="USRC_Application.USRC_TestData_Update"/>
  <testcase name="CheckLogin" time="32.625" classname="USRC_Application.USRC_TestData_Update"/>
  <testcase name="CheckLogin" time="28.567" classname="USRC_Application.USRC_TestData_Update"/>
  <testcase name="CheckLogin" time="23.875" classname="USRC_Application.USRC_TestData_Update"/>
  <testcase name="CheckLogin" time="28.168" classname="USRC_Application.USRC_TestData_Update"/>
  <testcase name="CheckLogin" time="22.697" classname="USRC_Application.USRC_TestData_Update"/>
  <testcase name="CheckLogin" time="20.289" classname="USRC_Application.USRC_TestData_Update"/>
  <testcase name="CheckLogin" time="20.306" classname="USRC_Application.USRC_TestData_Update"/>
  <testcase name="CheckLogin" time="26.806" classname="USRC_Application.USRC_TestData_Update"/>
  <testcase name="CheckLogin" time="26.072" classname="USRC_Application.USRC_TestData_Update"/>
  <testcase name="CheckLogin" time="26.302" classname="USRC_Application.USRC_TestData_Update"/>
  <testcase name="CheckLogin" time="21.273" classname="USRC_Application.USRC_TestData_Update"/>
  <testcase name="CheckLogin" time="36.677" classname="USRC_Application.USRC_TestData_Update"/>
  <testcase name="CheckLogin" time="20.018" classname="USRC_Application.USRC_TestData_Update"/>
  <testcase name="CheckLogin" time="29.797" classname="USRC_Application.USRC_TestData_Update"/>
  <testcase name="CheckLogin" time="24.089" classname="USRC_Application.USRC_TestData_Update"/>
  <testcase name="CheckLogin" time="23.061" classname="USRC_Application.USRC_TestData_Update"/>
  <testcase name="CheckLogin" time="24.656" classname="USRC_Application.USRC_TestData_Update"/>
  <testcase name="CheckLogin" time="23.385" classname="USRC_Application.USRC_TestData_Update"/>
  <testcase name="CheckLogin" time="17.893" classname="USRC_Application.USRC_TestData_Update"/>
  <testcase name="CheckLogin" time="26.220" classname="USRC_Application.USRC_TestData_Update"/>
  <testcase name="CheckLogin" time="26.806" classname="USRC_Application.USRC_TestData_Update"/>
  <testcase name="CheckLogin" time="28.118" classname="USRC_Application.USRC_TestData_Update"/>
  <testcase name="CheckLogin" time="17.241" classname="USRC_Application.USRC_TestData_Update"/>
  <testcase name="CheckLogin" time="24.335" classname="USRC_Application.USRC_TestData_Update"/>
  <testcase name="CheckLogin" time="30.309" classname="USRC_Application.USRC_TestData_Update"/>
  <testcase name="CheckLogin" time="23.870" classname="USRC_Application.USRC_TestData_Update"/>
  <testcase name="CheckLogin" time="29.251" classname="USRC_Application.USRC_TestData_Update"/>
  <testcase name="CheckLogin" time="29.995" classname="USRC_Application.USRC_TestData_Update"/>
  <testcase name="CheckLogin" time="25.209" classname="USRC_Application.USRC_TestData_Update"/>
  <testcase name="CheckLogin" time="29.857" classname="USRC_Application.USRC_TestData_Update"/>
  <testcase name="CheckLogin" time="21.683" classname="USRC_Application.USRC_TestData_Update"/>
  <testcase name="CheckLogin" time="28.198" classname="USRC_Application.USRC_TestData_Update"/>
  <testcase name="CheckLogin" time="22.409" classname="USRC_Application.USRC_TestData_Update"/>
  <testcase name="CheckLogin" time="18.399" classname="USRC_Application.USRC_TestData_Update"/>
  <testcase name="CheckLogin" time="28.083" classname="USRC_Application.USRC_TestData_Update"/>
  <testcase name="CheckLogin" time="29.921" classname="USRC_Application.USRC_TestData_Update"/>
  <testcase name="CheckLogin" time="23.691" classname="USRC_Application.USRC_TestData_Update"/>
  <testcase name="CheckLogin" time="23.233" classname="USRC_Application.USRC_TestData_Update"/>
  <testcase name="CheckLogin" time="24.659" classname="USRC_Application.USRC_TestData_Update"/>
  <testcase name="CheckLogin" time="26.036" classname="USRC_Application.USRC_TestData_Update"/>
  <testcase name="CheckLogin" time="34.474" classname="USRC_Application.USRC_TestData_Update"/>
  <testcase name="CheckLogin" time="24.890" classname="USRC_Application.USRC_TestData_Update"/>
  <testcase name="CheckLogin" time="27.969" classname="USRC_Application.USRC_TestData_Update"/>
  <testcase name="CheckLogin" time="26.646" classname="USRC_Application.USRC_TestData_Update"/>
  <testcase name="CheckLogin" time="26.334" classname="USRC_Application.USRC_TestData_Update"/>
  <testcase name="CheckLogin" time="30.799" classname="USRC_Application.USRC_TestData_Update"/>
  <testcase name="CheckLogin" time="22.623" classname="USRC_Application.USRC_TestData_Update"/>
  <testcase name="CheckLogin" time="39.442" classname="USRC_Application.USRC_TestData_Update"/>
  <testcase name="CheckLogin" time="28.035" classname="USRC_Application.USRC_TestData_Update"/>
  <testcase name="CheckLogin" time="22.709" classname="USRC_Application.USRC_TestData_Update"/>
  <testcase name="CheckLogin" time="22.235" classname="USRC_Application.USRC_TestData_Update"/>
  <testcase name="CheckLogin" time="29.085" classname="USRC_Application.USRC_TestData_Update"/>
  <testcase name="CheckLogin" time="36.239" classname="USRC_Application.USRC_TestData_Update"/>
  <testcase name="CheckLogin" time="19.744" classname="USRC_Application.USRC_TestData_Update"/>
  <testcase name="CheckLogin" time="33.606" classname="USRC_Application.USRC_TestData_Update"/>
  <testcase name="CheckLogin" time="31.251" classname="USRC_Application.USRC_TestData_Update"/>
  <testcase name="CheckLogin" time="22.198" classname="USRC_Application.USRC_TestData_Update"/>
  <testcase name="CheckLogin" time="20.836" classname="USRC_Application.USRC_TestData_Update"/>
  <testcase name="CheckLogin" time="26.731" classname="USRC_Application.USRC_TestData_Update"/>
  <testcase name="CheckLogin" time="2.523" classname="USRC_Application.USRC_TestData_Update">
    <failure type="java.lang.AssertionError" message="Not able to login">
      <![CDATA[java.lang.AssertionError: Not able to login
at org.junit.Assert.fail(Assert.java:88)
at USRC_Application.USRC_TestData_Update.CheckLogin(USRC_TestData_Update.java:184)
at sun.reflect.GeneratedMethodAccessor2.invoke(Unknown Source)
at sun.reflect.DelegatingMethodAccessorImpl.invoke(Unknown Source)
at java.lang.reflect.Method.invoke(Unknown Source)
at org.testng.internal.MethodInvocationHelper.invokeMethod(MethodInvocationHelper.java:124)
at org.testng.internal.Invoker.invokeMethod(Invoker.java:580)
at org.testng.internal.Invoker.invokeTestMethod(Invoker.java:716)
at org.testng.internal.TestMethodWithDataProviderMethodWorker.call(TestMethodWithDataProviderMethodWorker.java:71)
at org.testng.internal.TestMethodWithDataProviderMethodWorker.call(TestMethodWithDataProviderMethodWorker.java:14)
at java.util.concurrent.FutureTask.run(Unknown Source)
at java.util.concurrent.Executors$RunnableAdapter.call(Unknown Source)
at java.util.concurrent.FutureTask.run(Unknown Source)
at java.util.concurrent.ThreadPoolExecutor.runWorker(Unknown Source)
at java.util.concurrent.ThreadPoolExecutor$Worker.run(Unknown Source)
at java.lang.Thread.run(Unknown Source)
]]>
    </failure>
  </testcase> <!-- CheckLogin -->
  <testcase name="CheckLogin" time="27.848" classname="USRC_Application.USRC_TestData_Update"/>
  <testcase name="CheckLogin" time="31.291" classname="USRC_Application.USRC_TestData_Update"/>
  <testcase name="CheckLogin" time="39.595" classname="USRC_Application.USRC_TestData_Update"/>
  <testcase name="CheckLogin" time="21.325" classname="USRC_Application.USRC_TestData_Update"/>
  <testcase name="CheckLogin" time="23.839" classname="USRC_Application.USRC_TestData_Update"/>
  <testcase name="CheckLogin" time="24.024" classname="USRC_Application.USRC_TestData_Update"/>
  <testcase name="CheckLogin" time="25.477" classname="USRC_Application.USRC_TestData_Update"/>
  <testcase name="CheckLogin" time="25.017" classname="USRC_Application.USRC_TestData_Update"/>
  <testcase name="CheckLogin" time="35.672" classname="USRC_Application.USRC_TestData_Update"/>
  <testcase name="CheckLogin" time="21.341" classname="USRC_Application.USRC_TestData_Update"/>
  <testcase name="CheckLogin" time="22.424" classname="USRC_Application.USRC_TestData_Update"/>
  <testcase name="CheckLogin" time="33.907" classname="USRC_Application.USRC_TestData_Update"/>
  <testcase name="CheckLogin" time="32.098" classname="USRC_Application.USRC_TestData_Update"/>
  <testcase name="CheckLogin" time="23.549" classname="USRC_Application.USRC_TestData_Update"/>
  <testcase name="CheckLogin" time="25.903" classname="USRC_Application.USRC_TestData_Update"/>
  <testcase name="CheckLogin" time="20.448" classname="USRC_Application.USRC_TestData_Update"/>
  <testcase name="CheckLogin" time="23.860" classname="USRC_Application.USRC_TestData_Update"/>
  <testcase name="CheckLogin" time="26.519" classname="USRC_Application.USRC_TestData_Update"/>
  <testcase name="CheckLogin" time="20.112" classname="USRC_Application.USRC_TestData_Update"/>
  <testcase name="CheckLogin" time="31.863" classname="USRC_Application.USRC_TestData_Update"/>
  <testcase name="CheckLogin" time="18.921" classname="USRC_Application.USRC_TestData_Update"/>
  <testcase name="CheckLogin" time="28.029" classname="USRC_Application.USRC_TestData_Update"/>
  <testcase name="CheckLogin" time="27.000" classname="USRC_Application.USRC_TestData_Update"/>
  <testcase name="CheckLogin" time="28.657" classname="USRC_Application.USRC_TestData_Update"/>
  <testcase name="CheckLogin" time="25.214" classname="USRC_Application.USRC_TestData_Update"/>
  <testcase name="CheckLogin" time="20.691" classname="USRC_Application.USRC_TestData_Update"/>
  <testcase name="CheckLogin" time="23.847" classname="USRC_Application.USRC_TestData_Update"/>
  <testcase name="CheckLogin" time="28.086" classname="USRC_Application.USRC_TestData_Update"/>
  <testcase name="CheckLogin" time="16.312" classname="USRC_Application.USRC_TestData_Update"/>
  <testcase name="CheckLogin" time="22.777" classname="USRC_Application.USRC_TestData_Update"/>
  <testcase name="CheckLogin" time="32.319" classname="USRC_Application.USRC_TestData_Update"/>
  <testcase name="CheckLogin" time="24.438" classname="USRC_Application.USRC_TestData_Update"/>
  <testcase name="CheckLogin" time="2.304" classname="USRC_Application.USRC_TestData_Update">
    <failure type="java.lang.AssertionError" message="Not able to login">
      <![CDATA[java.lang.AssertionError: Not able to login
at org.junit.Assert.fail(Assert.java:88)
at USRC_Application.USRC_TestData_Update.CheckLogin(USRC_TestData_Update.java:184)
at sun.reflect.GeneratedMethodAccessor2.invoke(Unknown Source)
at sun.reflect.DelegatingMethodAccessorImpl.invoke(Unknown Source)
at java.lang.reflect.Method.invoke(Unknown Source)
at org.testng.internal.MethodInvocationHelper.invokeMethod(MethodInvocationHelper.java:124)
at org.testng.internal.Invoker.invokeMethod(Invoker.java:580)
at org.testng.internal.Invoker.invokeTestMethod(Invoker.java:716)
at org.testng.internal.TestMethodWithDataProviderMethodWorker.call(TestMethodWithDataProviderMethodWorker.java:71)
at org.testng.internal.TestMethodWithDataProviderMethodWorker.call(TestMethodWithDataProviderMethodWorker.java:14)
at java.util.concurrent.FutureTask.run(Unknown Source)
at java.util.concurrent.Executors$RunnableAdapter.call(Unknown Source)
at java.util.concurrent.FutureTask.run(Unknown Source)
at java.util.concurrent.ThreadPoolExecutor.runWorker(Unknown Source)
at java.util.concurrent.ThreadPoolExecutor$Worker.run(Unknown Source)
at java.lang.Thread.run(Unknown Source)
]]>
    </failure>
  </testcase> <!-- CheckLogin -->
  <testcase name="CheckLogin" time="25.339" classname="USRC_Application.USRC_TestData_Update"/>
  <testcase name="CheckLogin" time="33.361" classname="USRC_Application.USRC_TestData_Update"/>
  <testcase name="CheckLogin" time="22.096" classname="USRC_Application.USRC_TestData_Update"/>
  <testcase name="CheckLogin" time="28.384" classname="USRC_Application.USRC_TestData_Update"/>
  <testcase name="CheckLogin" time="19.559" classname="USRC_Application.USRC_TestData_Update"/>
  <testcase name="CheckLogin" time="31.532" classname="USRC_Application.USRC_TestData_Update"/>
  <testcase name="CheckLogin" time="30.461" classname="USRC_Application.USRC_TestData_Update"/>
  <testcase name="CheckLogin" time="31.879" classname="USRC_Application.USRC_TestData_Update"/>
  <testcase name="CheckLogin" time="21.743" classname="USRC_Application.USRC_TestData_Update"/>
  <testcase name="CheckLogin" time="19.132" classname="USRC_Application.USRC_TestData_Update"/>
  <testcase name="CheckLogin" time="28.326" classname="USRC_Application.USRC_TestData_Update"/>
  <testcase name="CheckLogin" time="32.563" classname="USRC_Application.USRC_TestData_Update"/>
  <testcase name="CheckLogin" time="37.967" classname="USRC_Application.USRC_TestData_Update"/>
  <testcase name="CheckLogin" time="24.892" classname="USRC_Application.USRC_TestData_Update"/>
  <testcase name="CheckLogin" time="28.535" classname="USRC_Application.USRC_TestData_Update"/>
  <testcase name="CheckLogin" time="25.163" classname="USRC_Application.USRC_TestData_Update"/>
  <testcase name="CheckLogin" time="31.090" classname="USRC_Application.USRC_TestData_Update"/>
  <testcase name="CheckLogin" time="26.931" classname="USRC_Application.USRC_TestData_Update"/>
  <testcase name="CheckLogin" time="12.878" classname="USRC_Application.USRC_TestData_Update"/>
  <testcase name="CheckLogin" time="24.691" classname="USRC_Application.USRC_TestData_Update"/>
  <testcase name="CheckLogin" time="29.142" classname="USRC_Application.USRC_TestData_Update"/>
  <testcase name="CheckLogin" time="25.314" classname="USRC_Application.USRC_TestData_Update"/>
  <testcase name="CheckLogin" time="22.644" classname="USRC_Application.USRC_TestData_Update"/>
  <testcase name="CheckLogin" time="33.608" classname="USRC_Application.USRC_TestData_Update"/>
  <testcase name="CheckLogin" time="27.212" classname="USRC_Application.USRC_TestData_Update"/>
  <testcase name="CheckLogin" time="28.726" classname="USRC_Application.USRC_TestData_Update"/>
  <testcase name="CheckLogin" time="26.190" classname="USRC_Application.USRC_TestData_Update"/>
  <testcase name="CheckLogin" time="26.013" classname="USRC_Application.USRC_TestData_Update"/>
  <testcase name="CheckLogin" time="25.058" classname="USRC_Application.USRC_TestData_Update"/>
  <testcase name="CheckLogin" time="25.976" classname="USRC_Application.USRC_TestData_Update"/>
  <testcase name="CheckLogin" time="16.346" classname="USRC_Application.USRC_TestData_Update"/>
  <testcase name="CheckLogin" time="28.207" classname="USRC_Application.USRC_TestData_Update"/>
  <testcase name="CheckLogin" time="23.720" classname="USRC_Application.USRC_TestData_Update"/>
  <testcase name="CheckLogin" time="36.827" classname="USRC_Application.USRC_TestData_Update"/>
  <testcase name="CheckLogin" time="29.280" classname="USRC_Application.USRC_TestData_Update"/>
  <testcase name="CheckLogin" time="21.042" classname="USRC_Application.USRC_TestData_Update"/>
  <testcase name="CheckLogin" time="2.856" classname="USRC_Application.USRC_TestData_Update">
    <failure type="java.lang.AssertionError" message="Not able to login">
      <![CDATA[java.lang.AssertionError: Not able to login
at org.junit.Assert.fail(Assert.java:88)
at USRC_Application.USRC_TestData_Update.CheckLogin(USRC_TestData_Update.java:184)
at sun.reflect.GeneratedMethodAccessor2.invoke(Unknown Source)
at sun.reflect.DelegatingMethodAccessorImpl.invoke(Unknown Source)
at java.lang.reflect.Method.invoke(Unknown Source)
at org.testng.internal.MethodInvocationHelper.invokeMethod(MethodInvocationHelper.java:124)
at org.testng.internal.Invoker.invokeMethod(Invoker.java:580)
at org.testng.internal.Invoker.invokeTestMethod(Invoker.java:716)
at org.testng.internal.TestMethodWithDataProviderMethodWorker.call(TestMethodWithDataProviderMethodWorker.java:71)
at org.testng.internal.TestMethodWithDataProviderMethodWorker.call(TestMethodWithDataProviderMethodWorker.java:14)
at java.util.concurrent.FutureTask.run(Unknown Source)
at java.util.concurrent.Executors$RunnableAdapter.call(Unknown Source)
at java.util.concurrent.FutureTask.run(Unknown Source)
at java.util.concurrent.ThreadPoolExecutor.runWorker(Unknown Source)
at java.util.concurrent.ThreadPoolExecutor$Worker.run(Unknown Source)
at java.lang.Thread.run(Unknown Source)
]]>
    </failure>
  </testcase> <!-- CheckLogin -->
  <testcase name="CheckLogin" time="29.294" classname="USRC_Application.USRC_TestData_Update"/>
  <testcase name="CheckLogin" time="22.476" classname="USRC_Application.USRC_TestData_Update"/>
  <testcase name="CheckLogin" time="35.382" classname="USRC_Application.USRC_TestData_Update"/>
  <testcase name="CheckLogin" time="35.692" classname="USRC_Application.USRC_TestData_Update"/>
  <testcase name="CheckLogin" time="29.363" classname="USRC_Application.USRC_TestData_Update"/>
  <testcase name="CheckLogin" time="22.533" classname="USRC_Application.USRC_TestData_Update"/>
  <testcase name="CheckLogin" time="19.470" classname="USRC_Application.USRC_TestData_Update"/>
  <testcase name="CheckLogin" time="19.682" classname="USRC_Application.USRC_TestData_Update"/>
  <testcase name="CheckLogin" time="23.753" classname="USRC_Application.USRC_TestData_Update"/>
  <testcase name="CheckLogin" time="22.652" classname="USRC_Application.USRC_TestData_Update"/>
  <testcase name="CheckLogin" time="36.200" classname="USRC_Application.USRC_TestData_Update"/>
  <testcase name="CheckLogin" time="18.115" classname="USRC_Application.USRC_TestData_Update"/>
  <testcase name="CheckLogin" time="39.183" classname="USRC_Application.USRC_TestData_Update"/>
  <testcase name="CheckLogin" time="27.851" classname="USRC_Application.USRC_TestData_Update"/>
  <testcase name="CheckLogin" time="31.647" classname="USRC_Application.USRC_TestData_Update"/>
  <testcase name="CheckLogin" time="14.566" classname="USRC_Application.USRC_TestData_Update"/>
  <testcase name="CheckLogin" time="22.626" classname="USRC_Application.USRC_TestData_Update"/>
  <testcase name="CheckLogin" time="21.983" classname="USRC_Application.USRC_TestData_Update"/>
  <testcase name="CheckLogin" time="32.743" classname="USRC_Application.USRC_TestData_Update"/>
  <testcase name="CheckLogin" time="33.276" classname="USRC_Application.USRC_TestData_Update"/>
  <testcase name="CheckLogin" time="26.272" classname="USRC_Application.USRC_TestData_Update"/>
  <testcase name="CheckLogin" time="22.532" classname="USRC_Application.USRC_TestData_Update"/>
  <testcase name="CheckLogin" time="22.883" classname="USRC_Application.USRC_TestData_Update"/>
  <testcase name="CheckLogin" time="28.052" classname="USRC_Application.USRC_TestData_Update"/>
  <testcase name="CheckLogin" time="26.707" classname="USRC_Application.USRC_TestData_Update"/>
  <testcase name="CheckLogin" time="19.931" classname="USRC_Application.USRC_TestData_Update"/>
  <testcase name="CheckLogin" time="18.601" classname="USRC_Application.USRC_TestData_Update"/>
  <testcase name="CheckLogin" time="38.797" classname="USRC_Application.USRC_TestData_Update"/>
  <testcase name="CheckLogin" time="23.351" classname="USRC_Application.USRC_TestData_Update"/>
  <testcase name="CheckLogin" time="28.135" classname="USRC_Application.USRC_TestData_Update"/>
  <testcase name="CheckLogin" time="15.083" classname="USRC_Application.USRC_TestData_Update"/>
  <testcase name="CheckLogin" time="28.908" classname="USRC_Application.USRC_TestData_Update"/>
  <testcase name="CheckLogin" time="27.934" classname="USRC_Application.USRC_TestData_Update"/>
  <testcase name="CheckLogin" time="28.424" classname="USRC_Application.USRC_TestData_Update"/>
  <testcase name="CheckLogin" time="34.024" classname="USRC_Application.USRC_TestData_Update"/>
  <testcase name="CheckLogin" time="25.058" classname="USRC_Application.USRC_TestData_Update"/>
  <testcase name="CheckLogin" time="25.238" classname="USRC_Application.USRC_TestData_Update"/>
  <testcase name="CheckLogin" time="20.597" classname="USRC_Application.USRC_TestData_Update"/>
  <testcase name="CheckLogin" time="38.951" classname="USRC_Application.USRC_TestData_Update"/>
  <testcase name="CheckLogin" time="32.926" classname="USRC_Application.USRC_TestData_Update"/>
  <testcase name="CheckLogin" time="30.872" classname="USRC_Application.USRC_TestData_Update"/>
  <testcase name="CheckLogin" time="33.427" classname="USRC_Application.USRC_TestData_Update"/>
  <testcase name="CheckLogin" time="29.079" classname="USRC_Application.USRC_TestData_Update"/>
  <testcase name="CheckMigration" classname="USRC_Application.USRC_TestData_Update">
    <skipped/>
  </testcase> <!-- CheckMigration -->
  <testcase name="Check_WCRV_Status" classname="USRC_Application.USRC_TestData_Update">
    <skipped/>
  </testcase> <!-- Check_WCRV_Status -->
  <testcase name="UpdateUser" classname="USRC_Application.USRC_TestData_Update">
    <skipped/>
  </testcase> <!-- UpdateUser -->
</testsuite> <!-- USRC_Application.USRC_TestData_Update -->
