<?xml version="1.0" encoding="UTF-8"?>
<!-- Generated by org.testng.reporters.JUnitReportReporter -->
<testsuite skipped="5" hostname="WTC-5159473-l2" name="Test_Data_Update.Tracking_Data_Update" tests="20" failures="0" timestamp="05 Feb 2020 21:27:06 GMT" time="113.820" errors="0">
  <testcase name="Tracking_Number_Update" time="8.346" classname="Test_Data_Update.Tracking_Data_Update"/>
  <testcase name="Tracking_Number_Update" time="10.449" classname="Test_Data_Update.Tracking_Data_Update"/>
  <testcase name="Tracking_Number_Update" time="10.659" classname="Test_Data_Update.Tracking_Data_Update"/>
  <testcase name="Tracking_Number_Update" time="6.272" classname="Test_Data_Update.Tracking_Data_Update"/>
  <testcase name="Tracking_Number_Update" time="4.068" classname="Test_Data_Update.Tracking_Data_Update"/>
  <testcase name="Tracking_Number_Update" time="6.751" classname="Test_Data_Update.Tracking_Data_Update"/>
  <testcase name="Tracking_Number_Update" time="5.599" classname="Test_Data_Update.Tracking_Data_Update"/>
  <testcase name="Tracking_Number_Update" time="9.807" classname="Test_Data_Update.Tracking_Data_Update"/>
  <testcase name="Tracking_Number_Update" time="10.197" classname="Test_Data_Update.Tracking_Data_Update"/>
  <testcase name="Tracking_Number_Update" time="6.542" classname="Test_Data_Update.Tracking_Data_Update"/>
  <testcase name="Tracking_Number_Update" time="6.003" classname="Test_Data_Update.Tracking_Data_Update"/>
  <testcase name="Tracking_Number_Update" time="6.634" classname="Test_Data_Update.Tracking_Data_Update"/>
  <testcase name="Tracking_Number_Update" time="5.902" classname="Test_Data_Update.Tracking_Data_Update"/>
  <testcase name="Tracking_Number_Update" time="6.620" classname="Test_Data_Update.Tracking_Data_Update"/>
  <testcase name="Tracking_Number_Update" time="9.971" classname="Test_Data_Update.Tracking_Data_Update"/>
  <testcase name="Tracking_Number_AssociatedShipment" classname="Test_Data_Update.Tracking_Data_Update">
    <skipped/>
  </testcase> <!-- Tracking_Number_AssociatedShipment -->
  <testcase name="checkTrackingFlags" classname="Test_Data_Update.Tracking_Data_Update">
    <skipped/>
  </testcase> <!-- checkTrackingFlags -->
  <testcase name="Tracking_Number_Bulk_Update" classname="Test_Data_Update.Tracking_Data_Update">
    <skipped/>
  </testcase> <!-- Tracking_Number_Bulk_Update -->
  <testcase name="getTrackingNumbersFromUser" classname="Test_Data_Update.Tracking_Data_Update">
    <skipped/>
  </testcase> <!-- getTrackingNumbersFromUser -->
  <testcase name="Apply_Ground_Scan" classname="Test_Data_Update.Tracking_Data_Update">
    <skipped/>
  </testcase> <!-- Apply_Ground_Scan -->
</testsuite> <!-- Test_Data_Update.Tracking_Data_Update -->
