<?xml version="1.0" encoding="UTF-8"?>
<!-- Generated by org.testng.reporters.JUnitReportReporter -->
<testsuite skipped="2" hostname="WTC-5159473-l2" name="Test_Data_Generation.Tracking_Data_Update" tests="32" failures="0" timestamp="24 Sep 2019 15:51:14 GMT" time="975.525" errors="0">
  <testcase name="Tracking_Number_Update" time="25.009" classname="Test_Data_Generation.Tracking_Data_Update"/>
  <testcase name="Tracking_Number_Update" time="24.608" classname="Test_Data_Generation.Tracking_Data_Update"/>
  <testcase name="Tracking_Number_Update" time="50.286" classname="Test_Data_Generation.Tracking_Data_Update"/>
  <testcase name="Tracking_Number_Update" time="25.164" classname="Test_Data_Generation.Tracking_Data_Update"/>
  <testcase name="Tracking_Number_Update" time="12.708" classname="Test_Data_Generation.Tracking_Data_Update"/>
  <testcase name="Tracking_Number_Update" time="26.595" classname="Test_Data_Generation.Tracking_Data_Update"/>
  <testcase name="Tracking_Number_Update" time="26.463" classname="Test_Data_Generation.Tracking_Data_Update"/>
  <testcase name="Tracking_Number_Update" time="26.910" classname="Test_Data_Generation.Tracking_Data_Update"/>
  <testcase name="Tracking_Number_Update" time="30.639" classname="Test_Data_Generation.Tracking_Data_Update"/>
  <testcase name="Tracking_Number_Update" time="26.519" classname="Test_Data_Generation.Tracking_Data_Update"/>
  <testcase name="Tracking_Number_Update" time="25.240" classname="Test_Data_Generation.Tracking_Data_Update"/>
  <testcase name="Tracking_Number_Update" time="20.027" classname="Test_Data_Generation.Tracking_Data_Update"/>
  <testcase name="Tracking_Number_Update" time="24.904" classname="Test_Data_Generation.Tracking_Data_Update"/>
  <testcase name="Tracking_Number_Update" time="24.861" classname="Test_Data_Generation.Tracking_Data_Update"/>
  <testcase name="Tracking_Number_Update" time="17.183" classname="Test_Data_Generation.Tracking_Data_Update"/>
  <testcase name="Tracking_Number_Update" time="25.044" classname="Test_Data_Generation.Tracking_Data_Update"/>
  <testcase name="Tracking_Number_Update" time="24.618" classname="Test_Data_Generation.Tracking_Data_Update"/>
  <testcase name="Tracking_Number_Update" time="25.243" classname="Test_Data_Generation.Tracking_Data_Update"/>
  <testcase name="Tracking_Number_Update" time="22.804" classname="Test_Data_Generation.Tracking_Data_Update"/>
  <testcase name="Tracking_Number_Update" time="7.974" classname="Test_Data_Generation.Tracking_Data_Update"/>
  <testcase name="Tracking_Number_Update" time="14.950" classname="Test_Data_Generation.Tracking_Data_Update"/>
  <testcase name="Tracking_Number_Update" time="28.176" classname="Test_Data_Generation.Tracking_Data_Update"/>
  <testcase name="Tracking_Number_Update" time="26.047" classname="Test_Data_Generation.Tracking_Data_Update"/>
  <testcase name="Tracking_Number_Update" time="25.218" classname="Test_Data_Generation.Tracking_Data_Update"/>
  <testcase name="Tracking_Number_Update" time="158.957" classname="Test_Data_Generation.Tracking_Data_Update"/>
  <testcase name="Tracking_Number_Update" time="25.443" classname="Test_Data_Generation.Tracking_Data_Update"/>
  <testcase name="Tracking_Number_Update" time="25.255" classname="Test_Data_Generation.Tracking_Data_Update"/>
  <testcase name="Tracking_Number_Update" time="25.502" classname="Test_Data_Generation.Tracking_Data_Update"/>
  <testcase name="Tracking_Number_Update" time="142.370" classname="Test_Data_Generation.Tracking_Data_Update"/>
  <testcase name="Tracking_Number_Update" time="10.808" classname="Test_Data_Generation.Tracking_Data_Update"/>
  <testcase name="Pull_Tracking_Numbers" classname="Test_Data_Generation.Tracking_Data_Update">
    <skipped/>
  </testcase> <!-- Pull_Tracking_Numbers -->
  <testcase name="REDO_Tracking_Number_Update" classname="Test_Data_Generation.Tracking_Data_Update">
    <skipped/>
  </testcase> <!-- REDO_Tracking_Number_Update -->
</testsuite> <!-- Test_Data_Generation.Tracking_Data_Update -->
