<?xml version="1.0" encoding="UTF-8"?>
<!-- Generated by org.testng.reporters.JUnitReportReporter -->
<testsuite skipped="0" hostname="WTC-5159473-l2" name="INET_Application.eMASS_Scans" tests="2" failures="0" timestamp="18 Jul 2019 21:23:38 GMT" time="169.446" errors="0">
  <testcase name="eMASSTest" time="81.214" classname="INET_Application.eMASS_Scans"/>
  <testcase name="eMASSTest" time="88.232" classname="INET_Application.eMASS_Scans"/>
</testsuite> <!-- INET_Application.eMASS_Scans -->
