<?xml version="1.0" encoding="UTF-8"?>
<!-- Generated by org.testng.reporters.JUnitReportReporter -->
<testsuite skipped="2" hostname="WTC-5159473-l2" name="Test_Data_Update.Tracking_Data_Update" tests="11" failures="0" timestamp="06 Jan 2020 20:28:22 GMT" time="75.275" errors="0">
  <testcase name="Tracking_Number_Update" time="8.940" classname="Test_Data_Update.Tracking_Data_Update"/>
  <testcase name="Tracking_Number_Update" time="9.073" classname="Test_Data_Update.Tracking_Data_Update"/>
  <testcase name="Tracking_Number_Update" time="8.561" classname="Test_Data_Update.Tracking_Data_Update"/>
  <testcase name="Tracking_Number_Update" time="8.730" classname="Test_Data_Update.Tracking_Data_Update"/>
  <testcase name="Tracking_Number_Update" time="6.917" classname="Test_Data_Update.Tracking_Data_Update"/>
  <testcase name="Tracking_Number_Update" time="7.046" classname="Test_Data_Update.Tracking_Data_Update"/>
  <testcase name="Tracking_Number_Update" time="9.128" classname="Test_Data_Update.Tracking_Data_Update"/>
  <testcase name="Tracking_Number_Update" time="8.241" classname="Test_Data_Update.Tracking_Data_Update"/>
  <testcase name="Tracking_Number_Update" time="8.639" classname="Test_Data_Update.Tracking_Data_Update"/>
  <testcase name="Tracking_Number_AssociatedShipment" classname="Test_Data_Update.Tracking_Data_Update">
    <skipped/>
  </testcase> <!-- Tracking_Number_AssociatedShipment -->
  <testcase name="Apply_Ground_Scan" classname="Test_Data_Update.Tracking_Data_Update">
    <skipped/>
  </testcase> <!-- Apply_Ground_Scan -->
</testsuite> <!-- Test_Data_Update.Tracking_Data_Update -->
