<?xml version="1.0" encoding="UTF-8"?>
<!-- Generated by org.testng.reporters.JUnitReportReporter -->
<testsuite skipped="0" hostname="WTC-5159473-l2" name="IPAS_Application.IPAS_Invitation" tests="3" failures="0" timestamp="12 Jun 2019 18:06:10 GMT" time="263.447" errors="0">
  <testcase name="IPAS_Invitation_Attempt" time="89.814" classname="IPAS_Application.IPAS_Invitation"/>
  <testcase name="IPAS_Invitation_Attempt" time="93.558" classname="IPAS_Application.IPAS_Invitation"/>
  <testcase name="IPAS_Invitation_Attempt" time="80.075" classname="IPAS_Application.IPAS_Invitation"/>
</testsuite> <!-- IPAS_Application.IPAS_Invitation -->
