<?xml version="1.0" encoding="UTF-8"?>
<!-- Generated by org.testng.reporters.JUnitReportReporter -->
<testsuite skipped="0" hostname="WTC-5159473-l2" name="CMDC_Application.CMDC_Test" tests="1" failures="0" timestamp="02 Jul 2019 15:29:56 GMT" time="3.556" errors="0">
  <testcase name="Testing_CMDC_CountryDetailRequest" time="3.556" classname="CMDC_Application.CMDC_Test"/>
</testsuite> <!-- CMDC_Application.CMDC_Test -->
