<?xml version="1.0" encoding="UTF-8"?>
<!-- Generated by org.testng.reporters.JUnitReportReporter -->
<testsuite skipped="1" hostname="WTC-5159473-l2" name="USRC.USRC_FDM" tests="59" failures="14" timestamp="27 Dec 2019 22:32:26 GMT" time="1394.858" errors="0">
  <testcase name="EndtoEndEnrollment_UserID" time="25.057" classname="USRC.USRC_FDM"/>
  <testcase name="EndtoEndEnrollment_UserID" time="25.658" classname="USRC.USRC_FDM"/>
  <testcase name="EndtoEndEnrollment_UserID" time="30.361" classname="USRC.USRC_FDM"/>
  <testcase name="EndtoEndEnrollment_UserID" time="26.121" classname="USRC.USRC_FDM"/>
  <testcase name="EndtoEndEnrollment_UserID" time="25.171" classname="USRC.USRC_FDM"/>
  <testcase name="EndtoEndEnrollment_UserID" time="28.692" classname="USRC.USRC_FDM"/>
  <testcase name="EndtoEndEnrollment_UserID" time="5.870" classname="USRC.USRC_FDM">
    <failure type="java.lang.AssertionError" message="
Expected: a string containing &quot;enrollmentOptionsList&quot;
     but: was &quot;{&quot;transactionId&quot;:&quot;03722aa5-61f0-4a2b-a5e2-6f52491f7527&quot;,&quot;errors&quot;:[{&quot;code&quot;:&quot;ADDRESS.NOT.RESIDENTIAL&quot;,&quot;message&quot;:&quot;The address you provided is commercial or business address. These services are for residential addresses only. Please provide a residential address and try again.&quot;}]}&quot;">
      <![CDATA[java.lang.AssertionError: 
Expected: a string containing "enrollmentOptionsList"
     but: was "{"transactionId":"03722aa5-61f0-4a2b-a5e2-6f52491f7527","errors":[{"code":"ADDRESS.NOT.RESIDENTIAL","message":"The address you provided is commercial or business address. These services are for residential addresses only. Please provide a residential address and try again."}]}"
at org.hamcrest.MatcherAssert.assertThat(MatcherAssert.java:20)
at org.junit.Assert.assertThat(Assert.java:956)
at org.junit.Assert.assertThat(Assert.java:923)
at USRC.USRC_FDM.EndtoEndEnrollment_UserID(USRC_FDM.java:268)
at sun.reflect.GeneratedMethodAccessor2.invoke(Unknown Source)
at sun.reflect.DelegatingMethodAccessorImpl.invoke(Unknown Source)
at java.lang.reflect.Method.invoke(Unknown Source)
at org.testng.internal.MethodInvocationHelper.invokeMethod(MethodInvocationHelper.java:124)
at org.testng.internal.Invoker.invokeMethod(Invoker.java:580)
at org.testng.internal.Invoker.invokeTestMethod(Invoker.java:716)
at org.testng.internal.Invoker.invokeTestMethods(Invoker.java:988)
at org.testng.internal.TestMethodWorker.invokeTestMethods(TestMethodWorker.java:125)
at org.testng.internal.TestMethodWorker.run(TestMethodWorker.java:109)
at org.testng.TestRunner.privateRun(TestRunner.java:648)
at org.testng.TestRunner.run(TestRunner.java:505)
at org.testng.SuiteRunner.runTest(SuiteRunner.java:455)
at org.testng.SuiteRunner.runSequentially(SuiteRunner.java:450)
at org.testng.SuiteRunner.privateRun(SuiteRunner.java:415)
at org.testng.SuiteRunner.run(SuiteRunner.java:364)
at org.testng.SuiteRunnerWorker.runSuite(SuiteRunnerWorker.java:52)
at org.testng.SuiteRunnerWorker.run(SuiteRunnerWorker.java:84)
at org.testng.TestNG.runSuitesSequentially(TestNG.java:1208)
at org.testng.TestNG.runSuitesLocally(TestNG.java:1137)
at org.testng.TestNG.runSuites(TestNG.java:1049)
at org.testng.TestNG.run(TestNG.java:1017)
at org.testng.remote.AbstractRemoteTestNG.run(AbstractRemoteTestNG.java:114)
at org.testng.remote.RemoteTestNG.initAndRun(RemoteTestNG.java:251)
at org.testng.remote.RemoteTestNG.main(RemoteTestNG.java:77)
]]>
    </failure>
  </testcase> <!-- EndtoEndEnrollment_UserID -->
  <testcase name="EndtoEndEnrollment_UserID" time="29.903" classname="USRC.USRC_FDM"/>
  <testcase name="EndtoEndEnrollment_UserID" time="19.346" classname="USRC.USRC_FDM">
    <failure type="java.lang.AssertionError" message="
Expected: a string containing &quot;enrollmentOptionsList&quot;
     but: was &quot;Read timed outnull&quot;">
      <![CDATA[java.lang.AssertionError: 
Expected: a string containing "enrollmentOptionsList"
     but: was "Read timed outnull"
at org.hamcrest.MatcherAssert.assertThat(MatcherAssert.java:20)
at org.junit.Assert.assertThat(Assert.java:956)
at org.junit.Assert.assertThat(Assert.java:923)
at USRC.USRC_FDM.EndtoEndEnrollment_UserID(USRC_FDM.java:268)
at sun.reflect.GeneratedMethodAccessor2.invoke(Unknown Source)
at sun.reflect.DelegatingMethodAccessorImpl.invoke(Unknown Source)
at java.lang.reflect.Method.invoke(Unknown Source)
at org.testng.internal.MethodInvocationHelper.invokeMethod(MethodInvocationHelper.java:124)
at org.testng.internal.Invoker.invokeMethod(Invoker.java:580)
at org.testng.internal.Invoker.invokeTestMethod(Invoker.java:716)
at org.testng.internal.Invoker.invokeTestMethods(Invoker.java:988)
at org.testng.internal.TestMethodWorker.invokeTestMethods(TestMethodWorker.java:125)
at org.testng.internal.TestMethodWorker.run(TestMethodWorker.java:109)
at org.testng.TestRunner.privateRun(TestRunner.java:648)
at org.testng.TestRunner.run(TestRunner.java:505)
at org.testng.SuiteRunner.runTest(SuiteRunner.java:455)
at org.testng.SuiteRunner.runSequentially(SuiteRunner.java:450)
at org.testng.SuiteRunner.privateRun(SuiteRunner.java:415)
at org.testng.SuiteRunner.run(SuiteRunner.java:364)
at org.testng.SuiteRunnerWorker.runSuite(SuiteRunnerWorker.java:52)
at org.testng.SuiteRunnerWorker.run(SuiteRunnerWorker.java:84)
at org.testng.TestNG.runSuitesSequentially(TestNG.java:1208)
at org.testng.TestNG.runSuitesLocally(TestNG.java:1137)
at org.testng.TestNG.runSuites(TestNG.java:1049)
at org.testng.TestNG.run(TestNG.java:1017)
at org.testng.remote.AbstractRemoteTestNG.run(AbstractRemoteTestNG.java:114)
at org.testng.remote.RemoteTestNG.initAndRun(RemoteTestNG.java:251)
at org.testng.remote.RemoteTestNG.main(RemoteTestNG.java:77)
]]>
    </failure>
  </testcase> <!-- EndtoEndEnrollment_UserID -->
  <testcase name="EndtoEndEnrollment_UserID" time="27.682" classname="USRC.USRC_FDM"/>
  <testcase name="EndtoEndEnrollment_UserID" time="26.849" classname="USRC.USRC_FDM"/>
  <testcase name="EndtoEndEnrollment_UserID" time="29.423" classname="USRC.USRC_FDM"/>
  <testcase name="EndtoEndEnrollment_UserID" time="32.043" classname="USRC.USRC_FDM"/>
  <testcase name="EndtoEndEnrollment_UserID" time="28.791" classname="USRC.USRC_FDM"/>
  <testcase name="EndtoEndEnrollment_UserID" time="30.476" classname="USRC.USRC_FDM"/>
  <testcase name="EndtoEndEnrollment_UserID" time="25.838" classname="USRC.USRC_FDM"/>
  <testcase name="EndtoEndEnrollment_UserID" time="30.637" classname="USRC.USRC_FDM"/>
  <testcase name="EndtoEndEnrollment_UserID" time="27.105" classname="USRC.USRC_FDM"/>
  <testcase name="EndtoEndEnrollment_UserID" time="19.514" classname="USRC.USRC_FDM">
    <failure type="java.lang.AssertionError" message="
Expected: a string containing &quot;enrollmentOptionsList&quot;
     but: was &quot;Read timed outnull&quot;">
      <![CDATA[java.lang.AssertionError: 
Expected: a string containing "enrollmentOptionsList"
     but: was "Read timed outnull"
at org.hamcrest.MatcherAssert.assertThat(MatcherAssert.java:20)
at org.junit.Assert.assertThat(Assert.java:956)
at org.junit.Assert.assertThat(Assert.java:923)
at USRC.USRC_FDM.EndtoEndEnrollment_UserID(USRC_FDM.java:268)
at sun.reflect.GeneratedMethodAccessor2.invoke(Unknown Source)
at sun.reflect.DelegatingMethodAccessorImpl.invoke(Unknown Source)
at java.lang.reflect.Method.invoke(Unknown Source)
at org.testng.internal.MethodInvocationHelper.invokeMethod(MethodInvocationHelper.java:124)
at org.testng.internal.Invoker.invokeMethod(Invoker.java:580)
at org.testng.internal.Invoker.invokeTestMethod(Invoker.java:716)
at org.testng.internal.Invoker.invokeTestMethods(Invoker.java:988)
at org.testng.internal.TestMethodWorker.invokeTestMethods(TestMethodWorker.java:125)
at org.testng.internal.TestMethodWorker.run(TestMethodWorker.java:109)
at org.testng.TestRunner.privateRun(TestRunner.java:648)
at org.testng.TestRunner.run(TestRunner.java:505)
at org.testng.SuiteRunner.runTest(SuiteRunner.java:455)
at org.testng.SuiteRunner.runSequentially(SuiteRunner.java:450)
at org.testng.SuiteRunner.privateRun(SuiteRunner.java:415)
at org.testng.SuiteRunner.run(SuiteRunner.java:364)
at org.testng.SuiteRunnerWorker.runSuite(SuiteRunnerWorker.java:52)
at org.testng.SuiteRunnerWorker.run(SuiteRunnerWorker.java:84)
at org.testng.TestNG.runSuitesSequentially(TestNG.java:1208)
at org.testng.TestNG.runSuitesLocally(TestNG.java:1137)
at org.testng.TestNG.runSuites(TestNG.java:1049)
at org.testng.TestNG.run(TestNG.java:1017)
at org.testng.remote.AbstractRemoteTestNG.run(AbstractRemoteTestNG.java:114)
at org.testng.remote.RemoteTestNG.initAndRun(RemoteTestNG.java:251)
at org.testng.remote.RemoteTestNG.main(RemoteTestNG.java:77)
]]>
    </failure>
  </testcase> <!-- EndtoEndEnrollment_UserID -->
  <testcase name="EndtoEndEnrollment_UserID" time="30.121" classname="USRC.USRC_FDM"/>
  <testcase name="EndtoEndEnrollment_UserID" time="29.592" classname="USRC.USRC_FDM"/>
  <testcase name="EndtoEndEnrollment_UserID" time="25.318" classname="USRC.USRC_FDM"/>
  <testcase name="EndtoEndEnrollment_UserID" time="30.419" classname="USRC.USRC_FDM"/>
  <testcase name="EndtoEndEnrollment_UserID" time="5.704" classname="USRC.USRC_FDM">
    <failure type="java.lang.AssertionError" message="
Expected: a string containing &quot;enrollmentOptionsList&quot;
     but: was &quot;{&quot;transactionId&quot;:&quot;04ead613-f8b3-4b92-8602-a111810cad63&quot;,&quot;errors&quot;:[{&quot;code&quot;:&quot;ADDRESS.NOT.RESIDENTIAL&quot;,&quot;message&quot;:&quot;The address you provided is commercial or business address. These services are for residential addresses only. Please provide a residential address and try again.&quot;}]}&quot;">
      <![CDATA[java.lang.AssertionError: 
Expected: a string containing "enrollmentOptionsList"
     but: was "{"transactionId":"04ead613-f8b3-4b92-8602-a111810cad63","errors":[{"code":"ADDRESS.NOT.RESIDENTIAL","message":"The address you provided is commercial or business address. These services are for residential addresses only. Please provide a residential address and try again."}]}"
at org.hamcrest.MatcherAssert.assertThat(MatcherAssert.java:20)
at org.junit.Assert.assertThat(Assert.java:956)
at org.junit.Assert.assertThat(Assert.java:923)
at USRC.USRC_FDM.EndtoEndEnrollment_UserID(USRC_FDM.java:268)
at sun.reflect.GeneratedMethodAccessor2.invoke(Unknown Source)
at sun.reflect.DelegatingMethodAccessorImpl.invoke(Unknown Source)
at java.lang.reflect.Method.invoke(Unknown Source)
at org.testng.internal.MethodInvocationHelper.invokeMethod(MethodInvocationHelper.java:124)
at org.testng.internal.Invoker.invokeMethod(Invoker.java:580)
at org.testng.internal.Invoker.invokeTestMethod(Invoker.java:716)
at org.testng.internal.Invoker.invokeTestMethods(Invoker.java:988)
at org.testng.internal.TestMethodWorker.invokeTestMethods(TestMethodWorker.java:125)
at org.testng.internal.TestMethodWorker.run(TestMethodWorker.java:109)
at org.testng.TestRunner.privateRun(TestRunner.java:648)
at org.testng.TestRunner.run(TestRunner.java:505)
at org.testng.SuiteRunner.runTest(SuiteRunner.java:455)
at org.testng.SuiteRunner.runSequentially(SuiteRunner.java:450)
at org.testng.SuiteRunner.privateRun(SuiteRunner.java:415)
at org.testng.SuiteRunner.run(SuiteRunner.java:364)
at org.testng.SuiteRunnerWorker.runSuite(SuiteRunnerWorker.java:52)
at org.testng.SuiteRunnerWorker.run(SuiteRunnerWorker.java:84)
at org.testng.TestNG.runSuitesSequentially(TestNG.java:1208)
at org.testng.TestNG.runSuitesLocally(TestNG.java:1137)
at org.testng.TestNG.runSuites(TestNG.java:1049)
at org.testng.TestNG.run(TestNG.java:1017)
at org.testng.remote.AbstractRemoteTestNG.run(AbstractRemoteTestNG.java:114)
at org.testng.remote.RemoteTestNG.initAndRun(RemoteTestNG.java:251)
at org.testng.remote.RemoteTestNG.main(RemoteTestNG.java:77)
]]>
    </failure>
  </testcase> <!-- EndtoEndEnrollment_UserID -->
  <testcase name="EndtoEndEnrollment_UserID" time="5.608" classname="USRC.USRC_FDM">
    <failure type="java.lang.AssertionError" message="
Expected: a string containing &quot;enrollmentOptionsList&quot;
     but: was &quot;{&quot;transactionId&quot;:&quot;5072200c-5fae-44b4-8ed4-fe16fe113fd3&quot;,&quot;errors&quot;:[{&quot;code&quot;:&quot;ADDRESS.NOT.RESIDENTIAL&quot;,&quot;message&quot;:&quot;The address you provided is commercial or business address. These services are for residential addresses only. Please provide a residential address and try again.&quot;}]}&quot;">
      <![CDATA[java.lang.AssertionError: 
Expected: a string containing "enrollmentOptionsList"
     but: was "{"transactionId":"5072200c-5fae-44b4-8ed4-fe16fe113fd3","errors":[{"code":"ADDRESS.NOT.RESIDENTIAL","message":"The address you provided is commercial or business address. These services are for residential addresses only. Please provide a residential address and try again."}]}"
at org.hamcrest.MatcherAssert.assertThat(MatcherAssert.java:20)
at org.junit.Assert.assertThat(Assert.java:956)
at org.junit.Assert.assertThat(Assert.java:923)
at USRC.USRC_FDM.EndtoEndEnrollment_UserID(USRC_FDM.java:268)
at sun.reflect.GeneratedMethodAccessor2.invoke(Unknown Source)
at sun.reflect.DelegatingMethodAccessorImpl.invoke(Unknown Source)
at java.lang.reflect.Method.invoke(Unknown Source)
at org.testng.internal.MethodInvocationHelper.invokeMethod(MethodInvocationHelper.java:124)
at org.testng.internal.Invoker.invokeMethod(Invoker.java:580)
at org.testng.internal.Invoker.invokeTestMethod(Invoker.java:716)
at org.testng.internal.Invoker.invokeTestMethods(Invoker.java:988)
at org.testng.internal.TestMethodWorker.invokeTestMethods(TestMethodWorker.java:125)
at org.testng.internal.TestMethodWorker.run(TestMethodWorker.java:109)
at org.testng.TestRunner.privateRun(TestRunner.java:648)
at org.testng.TestRunner.run(TestRunner.java:505)
at org.testng.SuiteRunner.runTest(SuiteRunner.java:455)
at org.testng.SuiteRunner.runSequentially(SuiteRunner.java:450)
at org.testng.SuiteRunner.privateRun(SuiteRunner.java:415)
at org.testng.SuiteRunner.run(SuiteRunner.java:364)
at org.testng.SuiteRunnerWorker.runSuite(SuiteRunnerWorker.java:52)
at org.testng.SuiteRunnerWorker.run(SuiteRunnerWorker.java:84)
at org.testng.TestNG.runSuitesSequentially(TestNG.java:1208)
at org.testng.TestNG.runSuitesLocally(TestNG.java:1137)
at org.testng.TestNG.runSuites(TestNG.java:1049)
at org.testng.TestNG.run(TestNG.java:1017)
at org.testng.remote.AbstractRemoteTestNG.run(AbstractRemoteTestNG.java:114)
at org.testng.remote.RemoteTestNG.initAndRun(RemoteTestNG.java:251)
at org.testng.remote.RemoteTestNG.main(RemoteTestNG.java:77)
]]>
    </failure>
  </testcase> <!-- EndtoEndEnrollment_UserID -->
  <testcase name="EndtoEndEnrollment_UserID" time="34.895" classname="USRC.USRC_FDM"/>
  <testcase name="EndtoEndEnrollment_UserID" time="28.186" classname="USRC.USRC_FDM"/>
  <testcase name="EndtoEndEnrollment_UserID" time="30.140" classname="USRC.USRC_FDM"/>
  <testcase name="EndtoEndEnrollment_UserID" time="19.718" classname="USRC.USRC_FDM">
    <failure type="java.lang.AssertionError" message="
Expected: a string containing &quot;enrollmentOptionsList&quot;
     but: was &quot;Read timed outnull&quot;">
      <![CDATA[java.lang.AssertionError: 
Expected: a string containing "enrollmentOptionsList"
     but: was "Read timed outnull"
at org.hamcrest.MatcherAssert.assertThat(MatcherAssert.java:20)
at org.junit.Assert.assertThat(Assert.java:956)
at org.junit.Assert.assertThat(Assert.java:923)
at USRC.USRC_FDM.EndtoEndEnrollment_UserID(USRC_FDM.java:268)
at sun.reflect.GeneratedMethodAccessor2.invoke(Unknown Source)
at sun.reflect.DelegatingMethodAccessorImpl.invoke(Unknown Source)
at java.lang.reflect.Method.invoke(Unknown Source)
at org.testng.internal.MethodInvocationHelper.invokeMethod(MethodInvocationHelper.java:124)
at org.testng.internal.Invoker.invokeMethod(Invoker.java:580)
at org.testng.internal.Invoker.invokeTestMethod(Invoker.java:716)
at org.testng.internal.Invoker.invokeTestMethods(Invoker.java:988)
at org.testng.internal.TestMethodWorker.invokeTestMethods(TestMethodWorker.java:125)
at org.testng.internal.TestMethodWorker.run(TestMethodWorker.java:109)
at org.testng.TestRunner.privateRun(TestRunner.java:648)
at org.testng.TestRunner.run(TestRunner.java:505)
at org.testng.SuiteRunner.runTest(SuiteRunner.java:455)
at org.testng.SuiteRunner.runSequentially(SuiteRunner.java:450)
at org.testng.SuiteRunner.privateRun(SuiteRunner.java:415)
at org.testng.SuiteRunner.run(SuiteRunner.java:364)
at org.testng.SuiteRunnerWorker.runSuite(SuiteRunnerWorker.java:52)
at org.testng.SuiteRunnerWorker.run(SuiteRunnerWorker.java:84)
at org.testng.TestNG.runSuitesSequentially(TestNG.java:1208)
at org.testng.TestNG.runSuitesLocally(TestNG.java:1137)
at org.testng.TestNG.runSuites(TestNG.java:1049)
at org.testng.TestNG.run(TestNG.java:1017)
at org.testng.remote.AbstractRemoteTestNG.run(AbstractRemoteTestNG.java:114)
at org.testng.remote.RemoteTestNG.initAndRun(RemoteTestNG.java:251)
at org.testng.remote.RemoteTestNG.main(RemoteTestNG.java:77)
]]>
    </failure>
  </testcase> <!-- EndtoEndEnrollment_UserID -->
  <testcase name="EndtoEndEnrollment_UserID" time="26.997" classname="USRC.USRC_FDM"/>
  <testcase name="EndtoEndEnrollment_UserID" time="25.542" classname="USRC.USRC_FDM"/>
  <testcase name="EndtoEndEnrollment_UserID" time="5.816" classname="USRC.USRC_FDM">
    <failure type="java.lang.AssertionError" message="
Expected: a string containing &quot;enrollmentOptionsList&quot;
     but: was &quot;{&quot;transactionId&quot;:&quot;bb2652af-f5b8-4a30-bf61-7bf05112d008&quot;,&quot;errors&quot;:[{&quot;code&quot;:&quot;ADDRESS.NOT.RESIDENTIAL&quot;,&quot;message&quot;:&quot;The address you provided is commercial or business address. These services are for residential addresses only. Please provide a residential address and try again.&quot;}]}&quot;">
      <![CDATA[java.lang.AssertionError: 
Expected: a string containing "enrollmentOptionsList"
     but: was "{"transactionId":"bb2652af-f5b8-4a30-bf61-7bf05112d008","errors":[{"code":"ADDRESS.NOT.RESIDENTIAL","message":"The address you provided is commercial or business address. These services are for residential addresses only. Please provide a residential address and try again."}]}"
at org.hamcrest.MatcherAssert.assertThat(MatcherAssert.java:20)
at org.junit.Assert.assertThat(Assert.java:956)
at org.junit.Assert.assertThat(Assert.java:923)
at USRC.USRC_FDM.EndtoEndEnrollment_UserID(USRC_FDM.java:268)
at sun.reflect.GeneratedMethodAccessor2.invoke(Unknown Source)
at sun.reflect.DelegatingMethodAccessorImpl.invoke(Unknown Source)
at java.lang.reflect.Method.invoke(Unknown Source)
at org.testng.internal.MethodInvocationHelper.invokeMethod(MethodInvocationHelper.java:124)
at org.testng.internal.Invoker.invokeMethod(Invoker.java:580)
at org.testng.internal.Invoker.invokeTestMethod(Invoker.java:716)
at org.testng.internal.Invoker.invokeTestMethods(Invoker.java:988)
at org.testng.internal.TestMethodWorker.invokeTestMethods(TestMethodWorker.java:125)
at org.testng.internal.TestMethodWorker.run(TestMethodWorker.java:109)
at org.testng.TestRunner.privateRun(TestRunner.java:648)
at org.testng.TestRunner.run(TestRunner.java:505)
at org.testng.SuiteRunner.runTest(SuiteRunner.java:455)
at org.testng.SuiteRunner.runSequentially(SuiteRunner.java:450)
at org.testng.SuiteRunner.privateRun(SuiteRunner.java:415)
at org.testng.SuiteRunner.run(SuiteRunner.java:364)
at org.testng.SuiteRunnerWorker.runSuite(SuiteRunnerWorker.java:52)
at org.testng.SuiteRunnerWorker.run(SuiteRunnerWorker.java:84)
at org.testng.TestNG.runSuitesSequentially(TestNG.java:1208)
at org.testng.TestNG.runSuitesLocally(TestNG.java:1137)
at org.testng.TestNG.runSuites(TestNG.java:1049)
at org.testng.TestNG.run(TestNG.java:1017)
at org.testng.remote.AbstractRemoteTestNG.run(AbstractRemoteTestNG.java:114)
at org.testng.remote.RemoteTestNG.initAndRun(RemoteTestNG.java:251)
at org.testng.remote.RemoteTestNG.main(RemoteTestNG.java:77)
]]>
    </failure>
  </testcase> <!-- EndtoEndEnrollment_UserID -->
  <testcase name="EndtoEndEnrollment_UserID" time="19.434" classname="USRC.USRC_FDM">
    <failure type="java.lang.AssertionError" message="
Expected: a string containing &quot;enrollmentOptionsList&quot;
     but: was &quot;Read timed outnull&quot;">
      <![CDATA[java.lang.AssertionError: 
Expected: a string containing "enrollmentOptionsList"
     but: was "Read timed outnull"
at org.hamcrest.MatcherAssert.assertThat(MatcherAssert.java:20)
at org.junit.Assert.assertThat(Assert.java:956)
at org.junit.Assert.assertThat(Assert.java:923)
at USRC.USRC_FDM.EndtoEndEnrollment_UserID(USRC_FDM.java:268)
at sun.reflect.NativeMethodAccessorImpl.invoke0(Native Method)
at sun.reflect.NativeMethodAccessorImpl.invoke(Unknown Source)
at sun.reflect.DelegatingMethodAccessorImpl.invoke(Unknown Source)
at java.lang.reflect.Method.invoke(Unknown Source)
at org.testng.internal.MethodInvocationHelper.invokeMethod(MethodInvocationHelper.java:124)
at org.testng.internal.Invoker.invokeMethod(Invoker.java:580)
at org.testng.internal.Invoker.invokeTestMethod(Invoker.java:716)
at org.testng.internal.Invoker.invokeTestMethods(Invoker.java:988)
at org.testng.internal.TestMethodWorker.invokeTestMethods(TestMethodWorker.java:125)
at org.testng.internal.TestMethodWorker.run(TestMethodWorker.java:109)
at org.testng.TestRunner.privateRun(TestRunner.java:648)
at org.testng.TestRunner.run(TestRunner.java:505)
at org.testng.SuiteRunner.runTest(SuiteRunner.java:455)
at org.testng.SuiteRunner.runSequentially(SuiteRunner.java:450)
at org.testng.SuiteRunner.privateRun(SuiteRunner.java:415)
at org.testng.SuiteRunner.run(SuiteRunner.java:364)
at org.testng.SuiteRunnerWorker.runSuite(SuiteRunnerWorker.java:52)
at org.testng.SuiteRunnerWorker.run(SuiteRunnerWorker.java:84)
at org.testng.TestNG.runSuitesSequentially(TestNG.java:1208)
at org.testng.TestNG.runSuitesLocally(TestNG.java:1137)
at org.testng.TestNG.runSuites(TestNG.java:1049)
at org.testng.TestNG.run(TestNG.java:1017)
at org.testng.remote.AbstractRemoteTestNG.run(AbstractRemoteTestNG.java:114)
at org.testng.remote.RemoteTestNG.initAndRun(RemoteTestNG.java:251)
at org.testng.remote.RemoteTestNG.main(RemoteTestNG.java:77)
]]>
    </failure>
  </testcase> <!-- EndtoEndEnrollment_UserID -->
  <testcase name="EndtoEndEnrollment_UserID" time="5.176" classname="USRC.USRC_FDM">
    <failure type="java.lang.AssertionError" message="
Expected: a string containing &quot;enrollmentOptionsList&quot;
     but: was &quot;{&quot;transactionId&quot;:&quot;52f74aeb-e5eb-49ba-8627-0ebc3965d334&quot;,&quot;errors&quot;:[{&quot;code&quot;:&quot;ADDRESS.NOT.RESIDENTIAL&quot;,&quot;message&quot;:&quot;The address you provided is commercial or business address. These services are for residential addresses only. Please provide a residential address and try again.&quot;}]}&quot;">
      <![CDATA[java.lang.AssertionError: 
Expected: a string containing "enrollmentOptionsList"
     but: was "{"transactionId":"52f74aeb-e5eb-49ba-8627-0ebc3965d334","errors":[{"code":"ADDRESS.NOT.RESIDENTIAL","message":"The address you provided is commercial or business address. These services are for residential addresses only. Please provide a residential address and try again."}]}"
at org.hamcrest.MatcherAssert.assertThat(MatcherAssert.java:20)
at org.junit.Assert.assertThat(Assert.java:956)
at org.junit.Assert.assertThat(Assert.java:923)
at USRC.USRC_FDM.EndtoEndEnrollment_UserID(USRC_FDM.java:268)
at sun.reflect.GeneratedMethodAccessor2.invoke(Unknown Source)
at sun.reflect.DelegatingMethodAccessorImpl.invoke(Unknown Source)
at java.lang.reflect.Method.invoke(Unknown Source)
at org.testng.internal.MethodInvocationHelper.invokeMethod(MethodInvocationHelper.java:124)
at org.testng.internal.Invoker.invokeMethod(Invoker.java:580)
at org.testng.internal.Invoker.invokeTestMethod(Invoker.java:716)
at org.testng.internal.Invoker.invokeTestMethods(Invoker.java:988)
at org.testng.internal.TestMethodWorker.invokeTestMethods(TestMethodWorker.java:125)
at org.testng.internal.TestMethodWorker.run(TestMethodWorker.java:109)
at org.testng.TestRunner.privateRun(TestRunner.java:648)
at org.testng.TestRunner.run(TestRunner.java:505)
at org.testng.SuiteRunner.runTest(SuiteRunner.java:455)
at org.testng.SuiteRunner.runSequentially(SuiteRunner.java:450)
at org.testng.SuiteRunner.privateRun(SuiteRunner.java:415)
at org.testng.SuiteRunner.run(SuiteRunner.java:364)
at org.testng.SuiteRunnerWorker.runSuite(SuiteRunnerWorker.java:52)
at org.testng.SuiteRunnerWorker.run(SuiteRunnerWorker.java:84)
at org.testng.TestNG.runSuitesSequentially(TestNG.java:1208)
at org.testng.TestNG.runSuitesLocally(TestNG.java:1137)
at org.testng.TestNG.runSuites(TestNG.java:1049)
at org.testng.TestNG.run(TestNG.java:1017)
at org.testng.remote.AbstractRemoteTestNG.run(AbstractRemoteTestNG.java:114)
at org.testng.remote.RemoteTestNG.initAndRun(RemoteTestNG.java:251)
at org.testng.remote.RemoteTestNG.main(RemoteTestNG.java:77)
]]>
    </failure>
  </testcase> <!-- EndtoEndEnrollment_UserID -->
  <testcase name="EndtoEndEnrollment_UserID" time="26.594" classname="USRC.USRC_FDM"/>
  <testcase name="EndtoEndEnrollment_UserID" time="28.449" classname="USRC.USRC_FDM"/>
  <testcase name="EndtoEndEnrollment_UserID" time="5.771" classname="USRC.USRC_FDM">
    <failure type="java.lang.AssertionError" message="
Expected: a string containing &quot;enrollmentOptionsList&quot;
     but: was &quot;{&quot;transactionId&quot;:&quot;59a41670-1832-4691-9984-29f7d989fdab&quot;,&quot;errors&quot;:[{&quot;code&quot;:&quot;ADDRESS.NOT.RESIDENTIAL&quot;,&quot;message&quot;:&quot;The address you provided is commercial or business address. These services are for residential addresses only. Please provide a residential address and try again.&quot;}]}&quot;">
      <![CDATA[java.lang.AssertionError: 
Expected: a string containing "enrollmentOptionsList"
     but: was "{"transactionId":"59a41670-1832-4691-9984-29f7d989fdab","errors":[{"code":"ADDRESS.NOT.RESIDENTIAL","message":"The address you provided is commercial or business address. These services are for residential addresses only. Please provide a residential address and try again."}]}"
at org.hamcrest.MatcherAssert.assertThat(MatcherAssert.java:20)
at org.junit.Assert.assertThat(Assert.java:956)
at org.junit.Assert.assertThat(Assert.java:923)
at USRC.USRC_FDM.EndtoEndEnrollment_UserID(USRC_FDM.java:268)
at sun.reflect.GeneratedMethodAccessor2.invoke(Unknown Source)
at sun.reflect.DelegatingMethodAccessorImpl.invoke(Unknown Source)
at java.lang.reflect.Method.invoke(Unknown Source)
at org.testng.internal.MethodInvocationHelper.invokeMethod(MethodInvocationHelper.java:124)
at org.testng.internal.Invoker.invokeMethod(Invoker.java:580)
at org.testng.internal.Invoker.invokeTestMethod(Invoker.java:716)
at org.testng.internal.Invoker.invokeTestMethods(Invoker.java:988)
at org.testng.internal.TestMethodWorker.invokeTestMethods(TestMethodWorker.java:125)
at org.testng.internal.TestMethodWorker.run(TestMethodWorker.java:109)
at org.testng.TestRunner.privateRun(TestRunner.java:648)
at org.testng.TestRunner.run(TestRunner.java:505)
at org.testng.SuiteRunner.runTest(SuiteRunner.java:455)
at org.testng.SuiteRunner.runSequentially(SuiteRunner.java:450)
at org.testng.SuiteRunner.privateRun(SuiteRunner.java:415)
at org.testng.SuiteRunner.run(SuiteRunner.java:364)
at org.testng.SuiteRunnerWorker.runSuite(SuiteRunnerWorker.java:52)
at org.testng.SuiteRunnerWorker.run(SuiteRunnerWorker.java:84)
at org.testng.TestNG.runSuitesSequentially(TestNG.java:1208)
at org.testng.TestNG.runSuitesLocally(TestNG.java:1137)
at org.testng.TestNG.runSuites(TestNG.java:1049)
at org.testng.TestNG.run(TestNG.java:1017)
at org.testng.remote.AbstractRemoteTestNG.run(AbstractRemoteTestNG.java:114)
at org.testng.remote.RemoteTestNG.initAndRun(RemoteTestNG.java:251)
at org.testng.remote.RemoteTestNG.main(RemoteTestNG.java:77)
]]>
    </failure>
  </testcase> <!-- EndtoEndEnrollment_UserID -->
  <testcase name="EndtoEndEnrollment_UserID" time="28.570" classname="USRC.USRC_FDM"/>
  <testcase name="EndtoEndEnrollment_UserID" time="8.445" classname="USRC.USRC_FDM">
    <failure type="java.lang.AssertionError" message="
Expected: a string containing &quot;enrollmentOptionsList&quot;
     but: was &quot;{&quot;transactionId&quot;:&quot;6a2af1bb-5d6b-4dcb-ba34-ee86ae843a7e&quot;,&quot;errors&quot;:[{&quot;code&quot;:&quot;ADDRESS.NOT.RESIDENTIAL&quot;,&quot;message&quot;:&quot;The address you provided is commercial or business address. These services are for residential addresses only. Please provide a residential address and try again.&quot;}]}&quot;">
      <![CDATA[java.lang.AssertionError: 
Expected: a string containing "enrollmentOptionsList"
     but: was "{"transactionId":"6a2af1bb-5d6b-4dcb-ba34-ee86ae843a7e","errors":[{"code":"ADDRESS.NOT.RESIDENTIAL","message":"The address you provided is commercial or business address. These services are for residential addresses only. Please provide a residential address and try again."}]}"
at org.hamcrest.MatcherAssert.assertThat(MatcherAssert.java:20)
at org.junit.Assert.assertThat(Assert.java:956)
at org.junit.Assert.assertThat(Assert.java:923)
at USRC.USRC_FDM.EndtoEndEnrollment_UserID(USRC_FDM.java:268)
at sun.reflect.NativeMethodAccessorImpl.invoke0(Native Method)
at sun.reflect.NativeMethodAccessorImpl.invoke(Unknown Source)
at sun.reflect.DelegatingMethodAccessorImpl.invoke(Unknown Source)
at java.lang.reflect.Method.invoke(Unknown Source)
at org.testng.internal.MethodInvocationHelper.invokeMethod(MethodInvocationHelper.java:124)
at org.testng.internal.Invoker.invokeMethod(Invoker.java:580)
at org.testng.internal.Invoker.invokeTestMethod(Invoker.java:716)
at org.testng.internal.Invoker.invokeTestMethods(Invoker.java:988)
at org.testng.internal.TestMethodWorker.invokeTestMethods(TestMethodWorker.java:125)
at org.testng.internal.TestMethodWorker.run(TestMethodWorker.java:109)
at org.testng.TestRunner.privateRun(TestRunner.java:648)
at org.testng.TestRunner.run(TestRunner.java:505)
at org.testng.SuiteRunner.runTest(SuiteRunner.java:455)
at org.testng.SuiteRunner.runSequentially(SuiteRunner.java:450)
at org.testng.SuiteRunner.privateRun(SuiteRunner.java:415)
at org.testng.SuiteRunner.run(SuiteRunner.java:364)
at org.testng.SuiteRunnerWorker.runSuite(SuiteRunnerWorker.java:52)
at org.testng.SuiteRunnerWorker.run(SuiteRunnerWorker.java:84)
at org.testng.TestNG.runSuitesSequentially(TestNG.java:1208)
at org.testng.TestNG.runSuitesLocally(TestNG.java:1137)
at org.testng.TestNG.runSuites(TestNG.java:1049)
at org.testng.TestNG.run(TestNG.java:1017)
at org.testng.remote.AbstractRemoteTestNG.run(AbstractRemoteTestNG.java:114)
at org.testng.remote.RemoteTestNG.initAndRun(RemoteTestNG.java:251)
at org.testng.remote.RemoteTestNG.main(RemoteTestNG.java:77)
]]>
    </failure>
  </testcase> <!-- EndtoEndEnrollment_UserID -->
  <testcase name="EndtoEndEnrollment_UserID" time="32.542" classname="USRC.USRC_FDM"/>
  <testcase name="EndtoEndEnrollment_UserID" time="27.605" classname="USRC.USRC_FDM"/>
  <testcase name="EndtoEndEnrollment_UserID" time="29.317" classname="USRC.USRC_FDM"/>
  <testcase name="EndtoEndEnrollment_UserID" time="26.339" classname="USRC.USRC_FDM"/>
  <testcase name="EndtoEndEnrollment_UserID" time="25.991" classname="USRC.USRC_FDM"/>
  <testcase name="EndtoEndEnrollment_UserID" time="25.698" classname="USRC.USRC_FDM"/>
  <testcase name="EndtoEndEnrollment_UserID" time="27.484" classname="USRC.USRC_FDM"/>
  <testcase name="EndtoEndEnrollment_UserID" time="5.534" classname="USRC.USRC_FDM">
    <failure type="java.lang.AssertionError" message="
Expected: a string containing &quot;enrollmentOptionsList&quot;
     but: was &quot;{&quot;transactionId&quot;:&quot;91f66914-a6b0-44f5-98dd-3417b5b67a2f&quot;,&quot;errors&quot;:[{&quot;code&quot;:&quot;ADDRESS.NOT.RESIDENTIAL&quot;,&quot;message&quot;:&quot;The address you provided is commercial or business address. These services are for residential addresses only. Please provide a residential address and try again.&quot;}]}&quot;">
      <![CDATA[java.lang.AssertionError: 
Expected: a string containing "enrollmentOptionsList"
     but: was "{"transactionId":"91f66914-a6b0-44f5-98dd-3417b5b67a2f","errors":[{"code":"ADDRESS.NOT.RESIDENTIAL","message":"The address you provided is commercial or business address. These services are for residential addresses only. Please provide a residential address and try again."}]}"
at org.hamcrest.MatcherAssert.assertThat(MatcherAssert.java:20)
at org.junit.Assert.assertThat(Assert.java:956)
at org.junit.Assert.assertThat(Assert.java:923)
at USRC.USRC_FDM.EndtoEndEnrollment_UserID(USRC_FDM.java:268)
at sun.reflect.NativeMethodAccessorImpl.invoke0(Native Method)
at sun.reflect.NativeMethodAccessorImpl.invoke(Unknown Source)
at sun.reflect.DelegatingMethodAccessorImpl.invoke(Unknown Source)
at java.lang.reflect.Method.invoke(Unknown Source)
at org.testng.internal.MethodInvocationHelper.invokeMethod(MethodInvocationHelper.java:124)
at org.testng.internal.Invoker.invokeMethod(Invoker.java:580)
at org.testng.internal.Invoker.invokeTestMethod(Invoker.java:716)
at org.testng.internal.Invoker.invokeTestMethods(Invoker.java:988)
at org.testng.internal.TestMethodWorker.invokeTestMethods(TestMethodWorker.java:125)
at org.testng.internal.TestMethodWorker.run(TestMethodWorker.java:109)
at org.testng.TestRunner.privateRun(TestRunner.java:648)
at org.testng.TestRunner.run(TestRunner.java:505)
at org.testng.SuiteRunner.runTest(SuiteRunner.java:455)
at org.testng.SuiteRunner.runSequentially(SuiteRunner.java:450)
at org.testng.SuiteRunner.privateRun(SuiteRunner.java:415)
at org.testng.SuiteRunner.run(SuiteRunner.java:364)
at org.testng.SuiteRunnerWorker.runSuite(SuiteRunnerWorker.java:52)
at org.testng.SuiteRunnerWorker.run(SuiteRunnerWorker.java:84)
at org.testng.TestNG.runSuitesSequentially(TestNG.java:1208)
at org.testng.TestNG.runSuitesLocally(TestNG.java:1137)
at org.testng.TestNG.runSuites(TestNG.java:1049)
at org.testng.TestNG.run(TestNG.java:1017)
at org.testng.remote.AbstractRemoteTestNG.run(AbstractRemoteTestNG.java:114)
at org.testng.remote.RemoteTestNG.initAndRun(RemoteTestNG.java:251)
at org.testng.remote.RemoteTestNG.main(RemoteTestNG.java:77)
]]>
    </failure>
  </testcase> <!-- EndtoEndEnrollment_UserID -->
  <testcase name="EndtoEndEnrollment_UserID" time="28.211" classname="USRC.USRC_FDM"/>
  <testcase name="EndtoEndEnrollment_UserID" time="29.994" classname="USRC.USRC_FDM"/>
  <testcase name="EndtoEndEnrollment_UserID" time="30.104" classname="USRC.USRC_FDM"/>
  <testcase name="EndtoEndEnrollment_UserID" time="28.890" classname="USRC.USRC_FDM"/>
  <testcase name="EndtoEndEnrollment_UserID" time="30.834" classname="USRC.USRC_FDM"/>
  <testcase name="EndtoEndEnrollment_UserID" time="27.408" classname="USRC.USRC_FDM"/>
  <testcase name="EndtoEndEnrollment_UserID" time="9.178" classname="USRC.USRC_FDM">
    <failure type="java.lang.AssertionError" message="
Expected: a string containing &quot;enrollmentOptionsList&quot;
     but: was &quot;{&quot;transactionId&quot;:&quot;34b10f63-ec2b-493a-abbc-1d571d75815f&quot;,&quot;errors&quot;:[{&quot;code&quot;:&quot;ADDRESS.NOT.RESIDENTIAL&quot;,&quot;message&quot;:&quot;The address you provided is commercial or business address. These services are for residential addresses only. Please provide a residential address and try again.&quot;}]}&quot;">
      <![CDATA[java.lang.AssertionError: 
Expected: a string containing "enrollmentOptionsList"
     but: was "{"transactionId":"34b10f63-ec2b-493a-abbc-1d571d75815f","errors":[{"code":"ADDRESS.NOT.RESIDENTIAL","message":"The address you provided is commercial or business address. These services are for residential addresses only. Please provide a residential address and try again."}]}"
at org.hamcrest.MatcherAssert.assertThat(MatcherAssert.java:20)
at org.junit.Assert.assertThat(Assert.java:956)
at org.junit.Assert.assertThat(Assert.java:923)
at USRC.USRC_FDM.EndtoEndEnrollment_UserID(USRC_FDM.java:268)
at sun.reflect.NativeMethodAccessorImpl.invoke0(Native Method)
at sun.reflect.NativeMethodAccessorImpl.invoke(Unknown Source)
at sun.reflect.DelegatingMethodAccessorImpl.invoke(Unknown Source)
at java.lang.reflect.Method.invoke(Unknown Source)
at org.testng.internal.MethodInvocationHelper.invokeMethod(MethodInvocationHelper.java:124)
at org.testng.internal.Invoker.invokeMethod(Invoker.java:580)
at org.testng.internal.Invoker.invokeTestMethod(Invoker.java:716)
at org.testng.internal.Invoker.invokeTestMethods(Invoker.java:988)
at org.testng.internal.TestMethodWorker.invokeTestMethods(TestMethodWorker.java:125)
at org.testng.internal.TestMethodWorker.run(TestMethodWorker.java:109)
at org.testng.TestRunner.privateRun(TestRunner.java:648)
at org.testng.TestRunner.run(TestRunner.java:505)
at org.testng.SuiteRunner.runTest(SuiteRunner.java:455)
at org.testng.SuiteRunner.runSequentially(SuiteRunner.java:450)
at org.testng.SuiteRunner.privateRun(SuiteRunner.java:415)
at org.testng.SuiteRunner.run(SuiteRunner.java:364)
at org.testng.SuiteRunnerWorker.runSuite(SuiteRunnerWorker.java:52)
at org.testng.SuiteRunnerWorker.run(SuiteRunnerWorker.java:84)
at org.testng.TestNG.runSuitesSequentially(TestNG.java:1208)
at org.testng.TestNG.runSuitesLocally(TestNG.java:1137)
at org.testng.TestNG.runSuites(TestNG.java:1049)
at org.testng.TestNG.run(TestNG.java:1017)
at org.testng.remote.AbstractRemoteTestNG.run(AbstractRemoteTestNG.java:114)
at org.testng.remote.RemoteTestNG.initAndRun(RemoteTestNG.java:251)
at org.testng.remote.RemoteTestNG.main(RemoteTestNG.java:77)
]]>
    </failure>
  </testcase> <!-- EndtoEndEnrollment_UserID -->
  <testcase name="EndtoEndEnrollment_UserID" time="25.137" classname="USRC.USRC_FDM"/>
  <testcase name="EndtoEndEnrollment_UserID" time="34.314" classname="USRC.USRC_FDM"/>
  <testcase name="EndtoEndEnrollment_UserID" time="6.266" classname="USRC.USRC_FDM">
    <failure type="java.lang.AssertionError" message="
Expected: a string containing &quot;enrollmentOptionsList&quot;
     but: was &quot;{&quot;transactionId&quot;:&quot;8c20b851-8226-4e93-a1cb-9f66fe3bff2c&quot;,&quot;errors&quot;:[{&quot;code&quot;:&quot;ADDRESS.NOT.RESIDENTIAL&quot;,&quot;message&quot;:&quot;The address you provided is commercial or business address. These services are for residential addresses only. Please provide a residential address and try again.&quot;}]}&quot;">
      <![CDATA[java.lang.AssertionError: 
Expected: a string containing "enrollmentOptionsList"
     but: was "{"transactionId":"8c20b851-8226-4e93-a1cb-9f66fe3bff2c","errors":[{"code":"ADDRESS.NOT.RESIDENTIAL","message":"The address you provided is commercial or business address. These services are for residential addresses only. Please provide a residential address and try again."}]}"
at org.hamcrest.MatcherAssert.assertThat(MatcherAssert.java:20)
at org.junit.Assert.assertThat(Assert.java:956)
at org.junit.Assert.assertThat(Assert.java:923)
at USRC.USRC_FDM.EndtoEndEnrollment_UserID(USRC_FDM.java:268)
at sun.reflect.GeneratedMethodAccessor2.invoke(Unknown Source)
at sun.reflect.DelegatingMethodAccessorImpl.invoke(Unknown Source)
at java.lang.reflect.Method.invoke(Unknown Source)
at org.testng.internal.MethodInvocationHelper.invokeMethod(MethodInvocationHelper.java:124)
at org.testng.internal.Invoker.invokeMethod(Invoker.java:580)
at org.testng.internal.Invoker.invokeTestMethod(Invoker.java:716)
at org.testng.internal.Invoker.invokeTestMethods(Invoker.java:988)
at org.testng.internal.TestMethodWorker.invokeTestMethods(TestMethodWorker.java:125)
at org.testng.internal.TestMethodWorker.run(TestMethodWorker.java:109)
at org.testng.TestRunner.privateRun(TestRunner.java:648)
at org.testng.TestRunner.run(TestRunner.java:505)
at org.testng.SuiteRunner.runTest(SuiteRunner.java:455)
at org.testng.SuiteRunner.runSequentially(SuiteRunner.java:450)
at org.testng.SuiteRunner.privateRun(SuiteRunner.java:415)
at org.testng.SuiteRunner.run(SuiteRunner.java:364)
at org.testng.SuiteRunnerWorker.runSuite(SuiteRunnerWorker.java:52)
at org.testng.SuiteRunnerWorker.run(SuiteRunnerWorker.java:84)
at org.testng.TestNG.runSuitesSequentially(TestNG.java:1208)
at org.testng.TestNG.runSuitesLocally(TestNG.java:1137)
at org.testng.TestNG.runSuites(TestNG.java:1049)
at org.testng.TestNG.run(TestNG.java:1017)
at org.testng.remote.AbstractRemoteTestNG.run(AbstractRemoteTestNG.java:114)
at org.testng.remote.RemoteTestNG.initAndRun(RemoteTestNG.java:251)
at org.testng.remote.RemoteTestNG.main(RemoteTestNG.java:77)
]]>
    </failure>
  </testcase> <!-- EndtoEndEnrollment_UserID -->
  <testcase name="EndtoEndEnrollment_UserID" time="28.980" classname="USRC.USRC_FDM"/>
  <testcase name="EndtoEndEnrollment_EmailaAsUserId" classname="USRC.USRC_FDM">
    <skipped/>
  </testcase> <!-- EndtoEndEnrollment_EmailaAsUserId -->
</testsuite> <!-- USRC.USRC_FDM -->
