<?xml version="1.0" encoding="UTF-8"?>
<!-- Generated by org.testng.reporters.JUnitReportReporter -->
<testsuite skipped="2" hostname="WTC-5159473-l2" name="Test_Data_Update.Tracking_Data_Update" tests="53" failures="0" timestamp="14 Oct 2019 16:30:09 GMT" time="436.528" errors="0">
  <testcase name="Tracking_Number_Update" time="9.198" classname="Test_Data_Update.Tracking_Data_Update"/>
  <testcase name="Tracking_Number_Update" time="8.797" classname="Test_Data_Update.Tracking_Data_Update"/>
  <testcase name="Tracking_Number_Update" time="9.623" classname="Test_Data_Update.Tracking_Data_Update"/>
  <testcase name="Tracking_Number_Update" time="9.270" classname="Test_Data_Update.Tracking_Data_Update"/>
  <testcase name="Tracking_Number_Update" time="10.252" classname="Test_Data_Update.Tracking_Data_Update"/>
  <testcase name="Tracking_Number_Update" time="5.768" classname="Test_Data_Update.Tracking_Data_Update"/>
  <testcase name="Tracking_Number_Update" time="9.370" classname="Test_Data_Update.Tracking_Data_Update"/>
  <testcase name="Tracking_Number_Update" time="6.351" classname="Test_Data_Update.Tracking_Data_Update"/>
  <testcase name="Tracking_Number_Update" time="11.041" classname="Test_Data_Update.Tracking_Data_Update"/>
  <testcase name="Tracking_Number_Update" time="8.928" classname="Test_Data_Update.Tracking_Data_Update"/>
  <testcase name="Tracking_Number_Update" time="8.819" classname="Test_Data_Update.Tracking_Data_Update"/>
  <testcase name="Tracking_Number_Update" time="8.221" classname="Test_Data_Update.Tracking_Data_Update"/>
  <testcase name="Tracking_Number_Update" time="7.875" classname="Test_Data_Update.Tracking_Data_Update"/>
  <testcase name="Tracking_Number_Update" time="8.232" classname="Test_Data_Update.Tracking_Data_Update"/>
  <testcase name="Tracking_Number_Update" time="9.783" classname="Test_Data_Update.Tracking_Data_Update"/>
  <testcase name="Tracking_Number_Update" time="10.249" classname="Test_Data_Update.Tracking_Data_Update"/>
  <testcase name="Tracking_Number_Update" time="6.025" classname="Test_Data_Update.Tracking_Data_Update"/>
  <testcase name="Tracking_Number_Update" time="8.398" classname="Test_Data_Update.Tracking_Data_Update"/>
  <testcase name="Tracking_Number_Update" time="10.238" classname="Test_Data_Update.Tracking_Data_Update"/>
  <testcase name="Tracking_Number_Update" time="9.698" classname="Test_Data_Update.Tracking_Data_Update"/>
  <testcase name="Tracking_Number_Update" time="9.331" classname="Test_Data_Update.Tracking_Data_Update"/>
  <testcase name="Tracking_Number_Update" time="10.141" classname="Test_Data_Update.Tracking_Data_Update"/>
  <testcase name="Tracking_Number_Update" time="7.524" classname="Test_Data_Update.Tracking_Data_Update"/>
  <testcase name="Tracking_Number_Update" time="8.697" classname="Test_Data_Update.Tracking_Data_Update"/>
  <testcase name="Tracking_Number_Update" time="8.813" classname="Test_Data_Update.Tracking_Data_Update"/>
  <testcase name="Tracking_Number_Update" time="5.902" classname="Test_Data_Update.Tracking_Data_Update"/>
  <testcase name="Tracking_Number_Update" time="5.977" classname="Test_Data_Update.Tracking_Data_Update"/>
  <testcase name="Tracking_Number_Update" time="6.417" classname="Test_Data_Update.Tracking_Data_Update"/>
  <testcase name="Tracking_Number_Update" time="8.353" classname="Test_Data_Update.Tracking_Data_Update"/>
  <testcase name="Tracking_Number_Update" time="8.275" classname="Test_Data_Update.Tracking_Data_Update"/>
  <testcase name="Tracking_Number_Update" time="9.268" classname="Test_Data_Update.Tracking_Data_Update"/>
  <testcase name="Tracking_Number_Update" time="8.485" classname="Test_Data_Update.Tracking_Data_Update"/>
  <testcase name="Tracking_Number_Update" time="9.632" classname="Test_Data_Update.Tracking_Data_Update"/>
  <testcase name="Tracking_Number_Update" time="6.569" classname="Test_Data_Update.Tracking_Data_Update"/>
  <testcase name="Tracking_Number_Update" time="9.722" classname="Test_Data_Update.Tracking_Data_Update"/>
  <testcase name="Tracking_Number_Update" time="10.598" classname="Test_Data_Update.Tracking_Data_Update"/>
  <testcase name="Tracking_Number_Update" time="9.442" classname="Test_Data_Update.Tracking_Data_Update"/>
  <testcase name="Tracking_Number_Update" time="9.391" classname="Test_Data_Update.Tracking_Data_Update"/>
  <testcase name="Tracking_Number_Update" time="6.307" classname="Test_Data_Update.Tracking_Data_Update"/>
  <testcase name="Tracking_Number_Update" time="10.173" classname="Test_Data_Update.Tracking_Data_Update"/>
  <testcase name="Tracking_Number_Update" time="8.385" classname="Test_Data_Update.Tracking_Data_Update"/>
  <testcase name="Tracking_Number_Update" time="8.790" classname="Test_Data_Update.Tracking_Data_Update"/>
  <testcase name="Tracking_Number_Update" time="8.249" classname="Test_Data_Update.Tracking_Data_Update"/>
  <testcase name="Tracking_Number_Update" time="9.615" classname="Test_Data_Update.Tracking_Data_Update"/>
  <testcase name="Tracking_Number_Update" time="6.281" classname="Test_Data_Update.Tracking_Data_Update"/>
  <testcase name="Tracking_Number_Update" time="9.323" classname="Test_Data_Update.Tracking_Data_Update"/>
  <testcase name="Tracking_Number_Update" time="8.689" classname="Test_Data_Update.Tracking_Data_Update"/>
  <testcase name="Tracking_Number_Update" time="9.903" classname="Test_Data_Update.Tracking_Data_Update"/>
  <testcase name="Tracking_Number_Update" time="5.982" classname="Test_Data_Update.Tracking_Data_Update"/>
  <testcase name="Tracking_Number_Update" time="10.039" classname="Test_Data_Update.Tracking_Data_Update"/>
  <testcase name="Tracking_Number_Update" time="6.119" classname="Test_Data_Update.Tracking_Data_Update"/>
  <testcase name="Tracking_Number_AssociatedShipment" classname="Test_Data_Update.Tracking_Data_Update">
    <skipped/>
  </testcase> <!-- Tracking_Number_AssociatedShipment -->
  <testcase name="Apply_Ground_Scan" classname="Test_Data_Update.Tracking_Data_Update">
    <skipped/>
  </testcase> <!-- Apply_Ground_Scan -->
</testsuite> <!-- Test_Data_Update.Tracking_Data_Update -->
