<?xml version="1.0" encoding="UTF-8"?>
<!-- Generated by org.testng.reporters.JUnitReportReporter -->
<testsuite skipped="2" hostname="WTC-5159473-l2" name="Test_Data_Generation.Tracking_Data_Update" tests="5002" failures="0" timestamp="29 Aug 2019 20:19:38 GMT" time="8081.863" errors="0">
  <testcase name="Tracking_Number_Search" time="1.386" classname="Test_Data_Generation.Tracking_Data_Update"/>
  <testcase name="Tracking_Number_Search" time="1.234" classname="Test_Data_Generation.Tracking_Data_Update"/>
  <testcase name="Tracking_Number_Search" time="1.786" classname="Test_Data_Generation.Tracking_Data_Update"/>
  <testcase name="Tracking_Number_Search" time="1.031" classname="Test_Data_Generation.Tracking_Data_Update"/>
  <testcase name="Tracking_Number_Search" time="0.838" classname="Test_Data_Generation.Tracking_Data_Update"/>
  <testcase name="Tracking_Number_Search" time="1.630" classname="Test_Data_Generation.Tracking_Data_Update"/>
  <testcase name="Tracking_Number_Search" time="4.692" classname="Test_Data_Generation.Tracking_Data_Update"/>
  <testcase name="Tracking_Number_Search" time="6.168" classname="Test_Data_Generation.Tracking_Data_Update"/>
  <testcase name="Tracking_Number_Search" time="1.423" classname="Test_Data_Generation.Tracking_Data_Update"/>
  <testcase name="Tracking_Number_Search" time="0.965" classname="Test_Data_Generation.Tracking_Data_Update"/>
  <testcase name="Tracking_Number_Search" time="1.880" classname="Test_Data_Generation.Tracking_Data_Update"/>
  <testcase name="Tracking_Number_Search" time="1.329" classname="Test_Data_Generation.Tracking_Data_Update"/>
  <testcase name="Tracking_Number_Search" time="1.713" classname="Test_Data_Generation.Tracking_Data_Update"/>
  <testcase name="Tracking_Number_Search" time="1.128" classname="Test_Data_Generation.Tracking_Data_Update"/>
  <testcase name="Tracking_Number_Search" time="1.299" classname="Test_Data_Generation.Tracking_Data_Update"/>
  <testcase name="Tracking_Number_Search" time="1.431" classname="Test_Data_Generation.Tracking_Data_Update"/>
  <testcase name="Tracking_Number_Search" time="1.181" classname="Test_Data_Generation.Tracking_Data_Update"/>
  <testcase name="Tracking_Number_Search" time="1.137" classname="Test_Data_Generation.Tracking_Data_Update"/>
  <testcase name="Tracking_Number_Search" time="1.327" classname="Test_Data_Generation.Tracking_Data_Update"/>
  <testcase name="Tracking_Number_Search" time="1.307" classname="Test_Data_Generation.Tracking_Data_Update"/>
  <testcase name="Tracking_Number_Search" time="2.378" classname="Test_Data_Generation.Tracking_Data_Update"/>
  <testcase name="Tracking_Number_Search" time="2.734" classname="Test_Data_Generation.Tracking_Data_Update"/>
  <testcase name="Tracking_Number_Search" time="2.087" classname="Test_Data_Generation.Tracking_Data_Update"/>
  <testcase name="Tracking_Number_Search" time="1.620" classname="Test_Data_Generation.Tracking_Data_Update"/>
  <testcase name="Tracking_Number_Search" time="1.196" classname="Test_Data_Generation.Tracking_Data_Update"/>
  <testcase name="Tracking_Number_Search" time="0.896" classname="Test_Data_Generation.Tracking_Data_Update"/>
  <testcase name="Tracking_Number_Search" time="0.856" classname="Test_Data_Generation.Tracking_Data_Update"/>
  <testcase name="Tracking_Number_Search" time="1.245" classname="Test_Data_Generation.Tracking_Data_Update"/>
  <testcase name="Tracking_Number_Search" time="5.038" classname="Test_Data_Generation.Tracking_Data_Update"/>
  <testcase name="Tracking_Number_Search" time="1.129" classname="Test_Data_Generation.Tracking_Data_Update"/>
  <testcase name="Tracking_Number_Search" time="1.546" classname="Test_Data_Generation.Tracking_Data_Update"/>
  <testcase name="Tracking_Number_Search" time="2.719" classname="Test_Data_Generation.Tracking_Data_Update"/>
  <testcase name="Tracking_Number_Search" time="1.968" classname="Test_Data_Generation.Tracking_Data_Update"/>
  <testcase name="Tracking_Number_Search" time="1.986" classname="Test_Data_Generation.Tracking_Data_Update"/>
  <testcase name="Tracking_Number_Search" time="0.990" classname="Test_Data_Generation.Tracking_Data_Update"/>
  <testcase name="Tracking_Number_Search" time="1.432" classname="Test_Data_Generation.Tracking_Data_Update"/>
  <testcase name="Tracking_Number_Search" time="1.223" classname="Test_Data_Generation.Tracking_Data_Update"/>
  <testcase name="Tracking_Number_Search" time="0.932" classname="Test_Data_Generation.Tracking_Data_Update"/>
  <testcase name="Tracking_Number_Search" time="1.197" classname="Test_Data_Generation.Tracking_Data_Update"/>
  <testcase name="Tracking_Number_Search" time="1.059" classname="Test_Data_Generation.Tracking_Data_Update"/>
  <testcase name="Tracking_Number_Search" time="1.343" classname="Test_Data_Generation.Tracking_Data_Update"/>
  <testcase name="Tracking_Number_Search" time="1.320" classname="Test_Data_Generation.Tracking_Data_Update"/>
  <testcase name="Tracking_Number_Search" time="0.900" classname="Test_Data_Generation.Tracking_Data_Update"/>
  <testcase name="Tracking_Number_Search" time="1.343" classname="Test_Data_Generation.Tracking_Data_Update"/>
  <testcase name="Tracking_Number_Search" time="1.032" classname="Test_Data_Generation.Tracking_Data_Update"/>
  <testcase name="Tracking_Number_Search" time="6.168" classname="Test_Data_Generation.Tracking_Data_Update"/>
  <testcase name="Tracking_Number_Search" time="0.840" classname="Test_Data_Generation.Tracking_Data_Update"/>
  <testcase name="Tracking_Number_Search" time="1.114" classname="Test_Data_Generation.Tracking_Data_Update"/>
  <testcase name="Tracking_Number_Search" time="1.045" classname="Test_Data_Generation.Tracking_Data_Update"/>
  <testcase name="Tracking_Number_Search" time="1.398" classname="Test_Data_Generation.Tracking_Data_Update"/>
  <testcase name="Tracking_Number_Search" time="2.381" classname="Test_Data_Generation.Tracking_Data_Update"/>
  <testcase name="Tracking_Number_Search" time="1.201" classname="Test_Data_Generation.Tracking_Data_Update"/>
  <testcase name="Tracking_Number_Search" time="5.006" classname="Test_Data_Generation.Tracking_Data_Update"/>
  <testcase name="Tracking_Number_Search" time="0.997" classname="Test_Data_Generation.Tracking_Data_Update"/>
  <testcase name="Tracking_Number_Search" time="1.341" classname="Test_Data_Generation.Tracking_Data_Update"/>
  <testcase name="Tracking_Number_Search" time="1.486" classname="Test_Data_Generation.Tracking_Data_Update"/>
  <testcase name="Tracking_Number_Search" time="1.356" classname="Test_Data_Generation.Tracking_Data_Update"/>
  <testcase name="Tracking_Number_Search" time="1.757" classname="Test_Data_Generation.Tracking_Data_Update"/>
  <testcase name="Tracking_Number_Search" time="1.162" classname="Test_Data_Generation.Tracking_Data_Update"/>
  <testcase name="Tracking_Number_Search" time="1.219" classname="Test_Data_Generation.Tracking_Data_Update"/>
  <testcase name="Tracking_Number_Search" time="1.510" classname="Test_Data_Generation.Tracking_Data_Update"/>
  <testcase name="Tracking_Number_Search" time="1.439" classname="Test_Data_Generation.Tracking_Data_Update"/>
  <testcase name="Tracking_Number_Search" time="1.210" classname="Test_Data_Generation.Tracking_Data_Update"/>
  <testcase name="Tracking_Number_Search" time="0.962" classname="Test_Data_Generation.Tracking_Data_Update"/>
  <testcase name="Tracking_Number_Search" time="1.232" classname="Test_Data_Generation.Tracking_Data_Update"/>
  <testcase name="Tracking_Number_Search" time="1.141" classname="Test_Data_Generation.Tracking_Data_Update"/>
  <testcase name="Tracking_Number_Search" time="1.041" classname="Test_Data_Generation.Tracking_Data_Update"/>
  <testcase name="Tracking_Number_Search" time="1.287" classname="Test_Data_Generation.Tracking_Data_Update"/>
  <testcase name="Tracking_Number_Search" time="1.572" classname="Test_Data_Generation.Tracking_Data_Update"/>
  <testcase name="Tracking_Number_Search" time="0.978" classname="Test_Data_Generation.Tracking_Data_Update"/>
  <testcase name="Tracking_Number_Search" time="1.475" classname="Test_Data_Generation.Tracking_Data_Update"/>
  <testcase name="Tracking_Number_Search" time="1.453" classname="Test_Data_Generation.Tracking_Data_Update"/>
  <testcase name="Tracking_Number_Search" time="1.417" classname="Test_Data_Generation.Tracking_Data_Update"/>
  <testcase name="Tracking_Number_Search" time="2.738" classname="Test_Data_Generation.Tracking_Data_Update"/>
  <testcase name="Tracking_Number_Search" time="1.878" classname="Test_Data_Generation.Tracking_Data_Update"/>
  <testcase name="Tracking_Number_Search" time="1.068" classname="Test_Data_Generation.Tracking_Data_Update"/>
  <testcase name="Tracking_Number_Search" time="1.259" classname="Test_Data_Generation.Tracking_Data_Update"/>
  <testcase name="Tracking_Number_Search" time="1.023" classname="Test_Data_Generation.Tracking_Data_Update"/>
  <testcase name="Tracking_Number_Search" time="1.183" classname="Test_Data_Generation.Tracking_Data_Update"/>
  <testcase name="Tracking_Number_Search" time="0.983" classname="Test_Data_Generation.Tracking_Data_Update"/>
  <testcase name="Tracking_Number_Search" time="1.222" classname="Test_Data_Generation.Tracking_Data_Update"/>
  <testcase name="Tracking_Number_Search" time="1.733" classname="Test_Data_Generation.Tracking_Data_Update"/>
  <testcase name="Tracking_Number_Search" time="1.220" classname="Test_Data_Generation.Tracking_Data_Update"/>
  <testcase name="Tracking_Number_Search" time="1.443" classname="Test_Data_Generation.Tracking_Data_Update"/>
  <testcase name="Tracking_Number_Search" time="1.290" classname="Test_Data_Generation.Tracking_Data_Update"/>
  <testcase name="Tracking_Number_Search" time="1.139" classname="Test_Data_Generation.Tracking_Data_Update"/>
  <testcase name="Tracking_Number_Search" time="1.165" classname="Test_Data_Generation.Tracking_Data_Update"/>
  <testcase name="Tracking_Number_Search" time="0.928" classname="Test_Data_Generation.Tracking_Data_Update"/>
  <testcase name="Tracking_Number_Search" time="0.835" classname="Test_Data_Generation.Tracking_Data_Update"/>
  <testcase name="Tracking_Number_Search" time="1.757" classname="Test_Data_Generation.Tracking_Data_Update"/>
  <testcase name="Tracking_Number_Search" time="1.387" classname="Test_Data_Generation.Tracking_Data_Update"/>
  <testcase name="Tracking_Number_Search" time="1.125" classname="Test_Data_Generation.Tracking_Data_Update"/>
  <testcase name="Tracking_Number_Search" time="1.300" classname="Test_Data_Generation.Tracking_Data_Update"/>
  <testcase name="Tracking_Number_Search" time="0.771" classname="Test_Data_Generation.Tracking_Data_Update"/>
  <testcase name="Tracking_Number_Search" time="5.119" classname="Test_Data_Generation.Tracking_Data_Update"/>
  <testcase name="Tracking_Number_Search" time="0.815" classname="Test_Data_Generation.Tracking_Data_Update"/>
  <testcase name="Tracking_Number_Search" time="0.822" classname="Test_Data_Generation.Tracking_Data_Update"/>
  <testcase name="Tracking_Number_Search" time="1.594" classname="Test_Data_Generation.Tracking_Data_Update"/>
  <testcase name="Tracking_Number_Search" time="1.402" classname="Test_Data_Generation.Tracking_Data_Update"/>
  <testcase name="Tracking_Number_Search" time="1.175" classname="Test_Data_Generation.Tracking_Data_Update"/>
  <testcase name="Tracking_Number_Search" time="1.468" classname="Test_Data_Generation.Tracking_Data_Update"/>
  <testcase name="Tracking_Number_Search" time="1.365" classname="Test_Data_Generation.Tracking_Data_Update"/>
  <testcase name="Tracking_Number_Search" time="1.299" classname="Test_Data_Generation.Tracking_Data_Update"/>
  <testcase name="Tracking_Number_Search" time="1.244" classname="Test_Data_Generation.Tracking_Data_Update"/>
  <testcase name="Tracking_Number_Search" time="1.424" classname="Test_Data_Generation.Tracking_Data_Update"/>
  <testcase name="Tracking_Number_Search" time="1.238" classname="Test_Data_Generation.Tracking_Data_Update"/>
  <testcase name="Tracking_Number_Search" time="1.123" classname="Test_Data_Generation.Tracking_Data_Update"/>
  <testcase name="Tracking_Number_Search" time="1.950" classname="Test_Data_Generation.Tracking_Data_Update"/>
  <testcase name="Tracking_Number_Search" time="1.269" classname="Test_Data_Generation.Tracking_Data_Update"/>
  <testcase name="Tracking_Number_Search" time="1.155" classname="Test_Data_Generation.Tracking_Data_Update"/>
  <testcase name="Tracking_Number_Search" time="1.152" classname="Test_Data_Generation.Tracking_Data_Update"/>
  <testcase name="Tracking_Number_Search" time="1.473" classname="Test_Data_Generation.Tracking_Data_Update"/>
  <testcase name="Tracking_Number_Search" time="1.589" classname="Test_Data_Generation.Tracking_Data_Update"/>
  <testcase name="Tracking_Number_Search" time="1.333" classname="Test_Data_Generation.Tracking_Data_Update"/>
  <testcase name="Tracking_Number_Search" time="1.106" classname="Test_Data_Generation.Tracking_Data_Update"/>
  <testcase name="Tracking_Number_Search" time="1.161" classname="Test_Data_Generation.Tracking_Data_Update"/>
  <testcase name="Tracking_Number_Search" time="2.427" classname="Test_Data_Generation.Tracking_Data_Update"/>
  <testcase name="Tracking_Number_Search" time="1.195" classname="Test_Data_Generation.Tracking_Data_Update"/>
  <testcase name="Tracking_Number_Search" time="1.171" classname="Test_Data_Generation.Tracking_Data_Update"/>
  <testcase name="Tracking_Number_Search" time="1.562" classname="Test_Data_Generation.Tracking_Data_Update"/>
  <testcase name="Tracking_Number_Search" time="1.625" classname="Test_Data_Generation.Tracking_Data_Update"/>
  <testcase name="Tracking_Number_Search" time="1.413" classname="Test_Data_Generation.Tracking_Data_Update"/>
  <testcase name="Tracking_Number_Search" time="1.464" classname="Test_Data_Generation.Tracking_Data_Update"/>
  <testcase name="Tracking_Number_Search" time="1.307" classname="Test_Data_Generation.Tracking_Data_Update"/>
  <testcase name="Tracking_Number_Search" time="1.197" classname="Test_Data_Generation.Tracking_Data_Update"/>
  <testcase name="Tracking_Number_Search" time="1.341" classname="Test_Data_Generation.Tracking_Data_Update"/>
  <testcase name="Tracking_Number_Search" time="1.347" classname="Test_Data_Generation.Tracking_Data_Update"/>
  <testcase name="Tracking_Number_Search" time="1.196" classname="Test_Data_Generation.Tracking_Data_Update"/>
  <testcase name="Tracking_Number_Search" time="1.059" classname="Test_Data_Generation.Tracking_Data_Update"/>
  <testcase name="Tracking_Number_Search" time="2.805" classname="Test_Data_Generation.Tracking_Data_Update"/>
  <testcase name="Tracking_Number_Search" time="0.834" classname="Test_Data_Generation.Tracking_Data_Update"/>
  <testcase name="Tracking_Number_Search" time="1.354" classname="Test_Data_Generation.Tracking_Data_Update"/>
  <testcase name="Tracking_Number_Search" time="1.455" classname="Test_Data_Generation.Tracking_Data_Update"/>
  <testcase name="Tracking_Number_Search" time="1.827" classname="Test_Data_Generation.Tracking_Data_Update"/>
  <testcase name="Tracking_Number_Search" time="1.891" classname="Test_Data_Generation.Tracking_Data_Update"/>
  <testcase name="Tracking_Number_Search" time="1.827" classname="Test_Data_Generation.Tracking_Data_Update"/>
  <testcase name="Tracking_Number_Search" time="0.830" classname="Test_Data_Generation.Tracking_Data_Update"/>
  <testcase name="Tracking_Number_Search" time="1.604" classname="Test_Data_Generation.Tracking_Data_Update"/>
  <testcase name="Tracking_Number_Search" time="1.395" classname="Test_Data_Generation.Tracking_Data_Update"/>
  <testcase name="Tracking_Number_Search" time="1.117" classname="Test_Data_Generation.Tracking_Data_Update"/>
  <testcase name="Tracking_Number_Search" time="0.974" classname="Test_Data_Generation.Tracking_Data_Update"/>
  <testcase name="Tracking_Number_Search" time="1.239" classname="Test_Data_Generation.Tracking_Data_Update"/>
  <testcase name="Tracking_Number_Search" time="1.600" classname="Test_Data_Generation.Tracking_Data_Update"/>
  <testcase name="Tracking_Number_Search" time="0.804" classname="Test_Data_Generation.Tracking_Data_Update"/>
  <testcase name="Tracking_Number_Search" time="1.425" classname="Test_Data_Generation.Tracking_Data_Update"/>
  <testcase name="Tracking_Number_Search" time="1.318" classname="Test_Data_Generation.Tracking_Data_Update"/>
  <testcase name="Tracking_Number_Search" time="0.974" classname="Test_Data_Generation.Tracking_Data_Update"/>
  <testcase name="Tracking_Number_Search" time="0.808" classname="Test_Data_Generation.Tracking_Data_Update"/>
  <testcase name="Tracking_Number_Search" time="1.646" classname="Test_Data_Generation.Tracking_Data_Update"/>
  <testcase name="Tracking_Number_Search" time="1.675" classname="Test_Data_Generation.Tracking_Data_Update"/>
  <testcase name="Tracking_Number_Search" time="1.056" classname="Test_Data_Generation.Tracking_Data_Update"/>
  <testcase name="Tracking_Number_Search" time="1.397" classname="Test_Data_Generation.Tracking_Data_Update"/>
  <testcase name="Tracking_Number_Search" time="1.360" classname="Test_Data_Generation.Tracking_Data_Update"/>
  <testcase name="Tracking_Number_Search" time="0.850" classname="Test_Data_Generation.Tracking_Data_Update"/>
  <testcase name="Tracking_Number_Search" time="1.555" classname="Test_Data_Generation.Tracking_Data_Update"/>
  <testcase name="Tracking_Number_Search" time="1.856" classname="Test_Data_Generation.Tracking_Data_Update"/>
  <testcase name="Tracking_Number_Search" time="3.182" classname="Test_Data_Generation.Tracking_Data_Update"/>
  <testcase name="Tracking_Number_Search" time="1.512" classname="Test_Data_Generation.Tracking_Data_Update"/>
  <testcase name="Tracking_Number_Search" time="1.706" classname="Test_Data_Generation.Tracking_Data_Update"/>
  <testcase name="Tracking_Number_Search" time="1.401" classname="Test_Data_Generation.Tracking_Data_Update"/>
  <testcase name="Tracking_Number_Search" time="1.173" classname="Test_Data_Generation.Tracking_Data_Update"/>
  <testcase name="Tracking_Number_Search" time="1.012" classname="Test_Data_Generation.Tracking_Data_Update"/>
  <testcase name="Tracking_Number_Search" time="1.463" classname="Test_Data_Generation.Tracking_Data_Update"/>
  <testcase name="Tracking_Number_Search" time="1.671" classname="Test_Data_Generation.Tracking_Data_Update"/>
  <testcase name="Tracking_Number_Search" time="1.129" classname="Test_Data_Generation.Tracking_Data_Update"/>
  <testcase name="Tracking_Number_Search" time="0.878" classname="Test_Data_Generation.Tracking_Data_Update"/>
  <testcase name="Tracking_Number_Search" time="1.643" classname="Test_Data_Generation.Tracking_Data_Update"/>
  <testcase name="Tracking_Number_Search" time="0.906" classname="Test_Data_Generation.Tracking_Data_Update"/>
  <testcase name="Tracking_Number_Search" time="2.834" classname="Test_Data_Generation.Tracking_Data_Update"/>
  <testcase name="Tracking_Number_Search" time="0.871" classname="Test_Data_Generation.Tracking_Data_Update"/>
  <testcase name="Tracking_Number_Search" time="1.702" classname="Test_Data_Generation.Tracking_Data_Update"/>
  <testcase name="Tracking_Number_Search" time="1.151" classname="Test_Data_Generation.Tracking_Data_Update"/>
  <testcase name="Tracking_Number_Search" time="1.243" classname="Test_Data_Generation.Tracking_Data_Update"/>
  <testcase name="Tracking_Number_Search" time="1.225" classname="Test_Data_Generation.Tracking_Data_Update"/>
  <testcase name="Tracking_Number_Search" time="1.377" classname="Test_Data_Generation.Tracking_Data_Update"/>
  <testcase name="Tracking_Number_Search" time="0.963" classname="Test_Data_Generation.Tracking_Data_Update"/>
  <testcase name="Tracking_Number_Search" time="1.068" classname="Test_Data_Generation.Tracking_Data_Update"/>
  <testcase name="Tracking_Number_Search" time="1.935" classname="Test_Data_Generation.Tracking_Data_Update"/>
  <testcase name="Tracking_Number_Search" time="1.215" classname="Test_Data_Generation.Tracking_Data_Update"/>
  <testcase name="Tracking_Number_Search" time="1.387" classname="Test_Data_Generation.Tracking_Data_Update"/>
  <testcase name="Tracking_Number_Search" time="0.946" classname="Test_Data_Generation.Tracking_Data_Update"/>
  <testcase name="Tracking_Number_Search" time="1.216" classname="Test_Data_Generation.Tracking_Data_Update"/>
  <testcase name="Tracking_Number_Search" time="2.172" classname="Test_Data_Generation.Tracking_Data_Update"/>
  <testcase name="Tracking_Number_Search" time="0.911" classname="Test_Data_Generation.Tracking_Data_Update"/>
  <testcase name="Tracking_Number_Search" time="1.115" classname="Test_Data_Generation.Tracking_Data_Update"/>
  <testcase name="Tracking_Number_Search" time="0.938" classname="Test_Data_Generation.Tracking_Data_Update"/>
  <testcase name="Tracking_Number_Search" time="1.151" classname="Test_Data_Generation.Tracking_Data_Update"/>
  <testcase name="Tracking_Number_Search" time="1.348" classname="Test_Data_Generation.Tracking_Data_Update"/>
  <testcase name="Tracking_Number_Search" time="1.654" classname="Test_Data_Generation.Tracking_Data_Update"/>
  <testcase name="Tracking_Number_Search" time="1.721" classname="Test_Data_Generation.Tracking_Data_Update"/>
  <testcase name="Tracking_Number_Search" time="1.341" classname="Test_Data_Generation.Tracking_Data_Update"/>
  <testcase name="Tracking_Number_Search" time="2.994" classname="Test_Data_Generation.Tracking_Data_Update"/>
  <testcase name="Tracking_Number_Search" time="1.028" classname="Test_Data_Generation.Tracking_Data_Update"/>
  <testcase name="Tracking_Number_Search" time="0.947" classname="Test_Data_Generation.Tracking_Data_Update"/>
  <testcase name="Tracking_Number_Search" time="1.256" classname="Test_Data_Generation.Tracking_Data_Update"/>
  <testcase name="Tracking_Number_Search" time="2.153" classname="Test_Data_Generation.Tracking_Data_Update"/>
  <testcase name="Tracking_Number_Search" time="1.380" classname="Test_Data_Generation.Tracking_Data_Update"/>
  <testcase name="Tracking_Number_Search" time="1.085" classname="Test_Data_Generation.Tracking_Data_Update"/>
  <testcase name="Tracking_Number_Search" time="2.480" classname="Test_Data_Generation.Tracking_Data_Update"/>
  <testcase name="Tracking_Number_Search" time="1.417" classname="Test_Data_Generation.Tracking_Data_Update"/>
  <testcase name="Tracking_Number_Search" time="2.088" classname="Test_Data_Generation.Tracking_Data_Update"/>
  <testcase name="Tracking_Number_Search" time="1.198" classname="Test_Data_Generation.Tracking_Data_Update"/>
  <testcase name="Tracking_Number_Search" time="0.969" classname="Test_Data_Generation.Tracking_Data_Update"/>
  <testcase name="Tracking_Number_Search" time="0.983" classname="Test_Data_Generation.Tracking_Data_Update"/>
  <testcase name="Tracking_Number_Search" time="1.211" classname="Test_Data_Generation.Tracking_Data_Update"/>
  <testcase name="Tracking_Number_Search" time="2.002" classname="Test_Data_Generation.Tracking_Data_Update"/>
  <testcase name="Tracking_Number_Search" time="1.092" classname="Test_Data_Generation.Tracking_Data_Update"/>
  <testcase name="Tracking_Number_Search" time="1.104" classname="Test_Data_Generation.Tracking_Data_Update"/>
  <testcase name="Tracking_Number_Search" time="1.464" classname="Test_Data_Generation.Tracking_Data_Update"/>
  <testcase name="Tracking_Number_Search" time="2.343" classname="Test_Data_Generation.Tracking_Data_Update"/>
  <testcase name="Tracking_Number_Search" time="1.109" classname="Test_Data_Generation.Tracking_Data_Update"/>
  <testcase name="Tracking_Number_Search" time="1.621" classname="Test_Data_Generation.Tracking_Data_Update"/>
  <testcase name="Tracking_Number_Search" time="1.575" classname="Test_Data_Generation.Tracking_Data_Update"/>
  <testcase name="Tracking_Number_Search" time="1.726" classname="Test_Data_Generation.Tracking_Data_Update"/>
  <testcase name="Tracking_Number_Search" time="1.200" classname="Test_Data_Generation.Tracking_Data_Update"/>
  <testcase name="Tracking_Number_Search" time="1.072" classname="Test_Data_Generation.Tracking_Data_Update"/>
  <testcase name="Tracking_Number_Search" time="1.444" classname="Test_Data_Generation.Tracking_Data_Update"/>
  <testcase name="Tracking_Number_Search" time="1.166" classname="Test_Data_Generation.Tracking_Data_Update"/>
  <testcase name="Tracking_Number_Search" time="1.669" classname="Test_Data_Generation.Tracking_Data_Update"/>
  <testcase name="Tracking_Number_Search" time="1.375" classname="Test_Data_Generation.Tracking_Data_Update"/>
  <testcase name="Tracking_Number_Search" time="1.386" classname="Test_Data_Generation.Tracking_Data_Update"/>
  <testcase name="Tracking_Number_Search" time="1.764" classname="Test_Data_Generation.Tracking_Data_Update"/>
  <testcase name="Tracking_Number_Search" time="2.873" classname="Test_Data_Generation.Tracking_Data_Update"/>
  <testcase name="Tracking_Number_Search" time="1.401" classname="Test_Data_Generation.Tracking_Data_Update"/>
  <testcase name="Tracking_Number_Search" time="1.360" classname="Test_Data_Generation.Tracking_Data_Update"/>
  <testcase name="Tracking_Number_Search" time="1.058" classname="Test_Data_Generation.Tracking_Data_Update"/>
  <testcase name="Tracking_Number_Search" time="1.432" classname="Test_Data_Generation.Tracking_Data_Update"/>
  <testcase name="Tracking_Number_Search" time="1.516" classname="Test_Data_Generation.Tracking_Data_Update"/>
  <testcase name="Tracking_Number_Search" time="1.343" classname="Test_Data_Generation.Tracking_Data_Update"/>
  <testcase name="Tracking_Number_Search" time="1.208" classname="Test_Data_Generation.Tracking_Data_Update"/>
  <testcase name="Tracking_Number_Search" time="2.122" classname="Test_Data_Generation.Tracking_Data_Update"/>
  <testcase name="Tracking_Number_Search" time="1.447" classname="Test_Data_Generation.Tracking_Data_Update"/>
  <testcase name="Tracking_Number_Search" time="1.352" classname="Test_Data_Generation.Tracking_Data_Update"/>
  <testcase name="Tracking_Number_Search" time="1.483" classname="Test_Data_Generation.Tracking_Data_Update"/>
  <testcase name="Tracking_Number_Search" time="0.846" classname="Test_Data_Generation.Tracking_Data_Update"/>
  <testcase name="Tracking_Number_Search" time="1.095" classname="Test_Data_Generation.Tracking_Data_Update"/>
  <testcase name="Tracking_Number_Search" time="1.273" classname="Test_Data_Generation.Tracking_Data_Update"/>
  <testcase name="Tracking_Number_Search" time="2.354" classname="Test_Data_Generation.Tracking_Data_Update"/>
  <testcase name="Tracking_Number_Search" time="1.620" classname="Test_Data_Generation.Tracking_Data_Update"/>
  <testcase name="Tracking_Number_Search" time="1.050" classname="Test_Data_Generation.Tracking_Data_Update"/>
  <testcase name="Tracking_Number_Search" time="6.093" classname="Test_Data_Generation.Tracking_Data_Update"/>
  <testcase name="Tracking_Number_Search" time="1.232" classname="Test_Data_Generation.Tracking_Data_Update"/>
  <testcase name="Tracking_Number_Search" time="6.531" classname="Test_Data_Generation.Tracking_Data_Update"/>
  <testcase name="Tracking_Number_Search" time="7.384" classname="Test_Data_Generation.Tracking_Data_Update"/>
  <testcase name="Tracking_Number_Search" time="1.742" classname="Test_Data_Generation.Tracking_Data_Update"/>
  <testcase name="Tracking_Number_Search" time="1.170" classname="Test_Data_Generation.Tracking_Data_Update"/>
  <testcase name="Tracking_Number_Search" time="1.351" classname="Test_Data_Generation.Tracking_Data_Update"/>
  <testcase name="Tracking_Number_Search" time="1.188" classname="Test_Data_Generation.Tracking_Data_Update"/>
  <testcase name="Tracking_Number_Search" time="1.127" classname="Test_Data_Generation.Tracking_Data_Update"/>
  <testcase name="Tracking_Number_Search" time="1.434" classname="Test_Data_Generation.Tracking_Data_Update"/>
  <testcase name="Tracking_Number_Search" time="1.058" classname="Test_Data_Generation.Tracking_Data_Update"/>
  <testcase name="Tracking_Number_Search" time="1.397" classname="Test_Data_Generation.Tracking_Data_Update"/>
  <testcase name="Tracking_Number_Search" time="2.421" classname="Test_Data_Generation.Tracking_Data_Update"/>
  <testcase name="Tracking_Number_Search" time="1.540" classname="Test_Data_Generation.Tracking_Data_Update"/>
  <testcase name="Tracking_Number_Search" time="0.852" classname="Test_Data_Generation.Tracking_Data_Update"/>
  <testcase name="Tracking_Number_Search" time="1.635" classname="Test_Data_Generation.Tracking_Data_Update"/>
  <testcase name="Tracking_Number_Search" time="1.017" classname="Test_Data_Generation.Tracking_Data_Update"/>
  <testcase name="Tracking_Number_Search" time="4.520" classname="Test_Data_Generation.Tracking_Data_Update"/>
  <testcase name="Tracking_Number_Search" time="1.163" classname="Test_Data_Generation.Tracking_Data_Update"/>
  <testcase name="Tracking_Number_Search" time="1.134" classname="Test_Data_Generation.Tracking_Data_Update"/>
  <testcase name="Tracking_Number_Search" time="1.606" classname="Test_Data_Generation.Tracking_Data_Update"/>
  <testcase name="Tracking_Number_Search" time="5.029" classname="Test_Data_Generation.Tracking_Data_Update"/>
  <testcase name="Tracking_Number_Search" time="0.839" classname="Test_Data_Generation.Tracking_Data_Update"/>
  <testcase name="Tracking_Number_Search" time="1.098" classname="Test_Data_Generation.Tracking_Data_Update"/>
  <testcase name="Tracking_Number_Search" time="1.751" classname="Test_Data_Generation.Tracking_Data_Update"/>
  <testcase name="Tracking_Number_Search" time="1.056" classname="Test_Data_Generation.Tracking_Data_Update"/>
  <testcase name="Tracking_Number_Search" time="1.186" classname="Test_Data_Generation.Tracking_Data_Update"/>
  <testcase name="Tracking_Number_Search" time="1.710" classname="Test_Data_Generation.Tracking_Data_Update"/>
  <testcase name="Tracking_Number_Search" time="1.388" classname="Test_Data_Generation.Tracking_Data_Update"/>
  <testcase name="Tracking_Number_Search" time="1.075" classname="Test_Data_Generation.Tracking_Data_Update"/>
  <testcase name="Tracking_Number_Search" time="1.305" classname="Test_Data_Generation.Tracking_Data_Update"/>
  <testcase name="Tracking_Number_Search" time="1.451" classname="Test_Data_Generation.Tracking_Data_Update"/>
  <testcase name="Tracking_Number_Search" time="1.282" classname="Test_Data_Generation.Tracking_Data_Update"/>
  <testcase name="Tracking_Number_Search" time="1.815" classname="Test_Data_Generation.Tracking_Data_Update"/>
  <testcase name="Tracking_Number_Search" time="0.958" classname="Test_Data_Generation.Tracking_Data_Update"/>
  <testcase name="Tracking_Number_Search" time="1.587" classname="Test_Data_Generation.Tracking_Data_Update"/>
  <testcase name="Tracking_Number_Search" time="1.173" classname="Test_Data_Generation.Tracking_Data_Update"/>
  <testcase name="Tracking_Number_Search" time="0.756" classname="Test_Data_Generation.Tracking_Data_Update"/>
  <testcase name="Tracking_Number_Search" time="1.370" classname="Test_Data_Generation.Tracking_Data_Update"/>
  <testcase name="Tracking_Number_Search" time="1.378" classname="Test_Data_Generation.Tracking_Data_Update"/>
  <testcase name="Tracking_Number_Search" time="1.438" classname="Test_Data_Generation.Tracking_Data_Update"/>
  <testcase name="Tracking_Number_Search" time="1.150" classname="Test_Data_Generation.Tracking_Data_Update"/>
  <testcase name="Tracking_Number_Search" time="1.863" classname="Test_Data_Generation.Tracking_Data_Update"/>
  <testcase name="Tracking_Number_Search" time="1.303" classname="Test_Data_Generation.Tracking_Data_Update"/>
  <testcase name="Tracking_Number_Search" time="0.906" classname="Test_Data_Generation.Tracking_Data_Update"/>
  <testcase name="Tracking_Number_Search" time="1.226" classname="Test_Data_Generation.Tracking_Data_Update"/>
  <testcase name="Tracking_Number_Search" time="1.175" classname="Test_Data_Generation.Tracking_Data_Update"/>
  <testcase name="Tracking_Number_Search" time="1.975" classname="Test_Data_Generation.Tracking_Data_Update"/>
  <testcase name="Tracking_Number_Search" time="1.078" classname="Test_Data_Generation.Tracking_Data_Update"/>
  <testcase name="Tracking_Number_Search" time="1.400" classname="Test_Data_Generation.Tracking_Data_Update"/>
  <testcase name="Tracking_Number_Search" time="1.498" classname="Test_Data_Generation.Tracking_Data_Update"/>
  <testcase name="Tracking_Number_Search" time="1.294" classname="Test_Data_Generation.Tracking_Data_Update"/>
  <testcase name="Tracking_Number_Search" time="0.984" classname="Test_Data_Generation.Tracking_Data_Update"/>
  <testcase name="Tracking_Number_Search" time="1.447" classname="Test_Data_Generation.Tracking_Data_Update"/>
  <testcase name="Tracking_Number_Search" time="8.031" classname="Test_Data_Generation.Tracking_Data_Update"/>
  <testcase name="Tracking_Number_Search" time="1.085" classname="Test_Data_Generation.Tracking_Data_Update"/>
  <testcase name="Tracking_Number_Search" time="3.643" classname="Test_Data_Generation.Tracking_Data_Update"/>
  <testcase name="Tracking_Number_Search" time="1.275" classname="Test_Data_Generation.Tracking_Data_Update"/>
  <testcase name="Tracking_Number_Search" time="1.070" classname="Test_Data_Generation.Tracking_Data_Update"/>
  <testcase name="Tracking_Number_Search" time="1.176" classname="Test_Data_Generation.Tracking_Data_Update"/>
  <testcase name="Tracking_Number_Search" time="1.416" classname="Test_Data_Generation.Tracking_Data_Update"/>
  <testcase name="Tracking_Number_Search" time="2.056" classname="Test_Data_Generation.Tracking_Data_Update"/>
  <testcase name="Tracking_Number_Search" time="1.232" classname="Test_Data_Generation.Tracking_Data_Update"/>
  <testcase name="Tracking_Number_Search" time="0.833" classname="Test_Data_Generation.Tracking_Data_Update"/>
  <testcase name="Tracking_Number_Search" time="2.359" classname="Test_Data_Generation.Tracking_Data_Update"/>
  <testcase name="Tracking_Number_Search" time="0.988" classname="Test_Data_Generation.Tracking_Data_Update"/>
  <testcase name="Tracking_Number_Search" time="0.748" classname="Test_Data_Generation.Tracking_Data_Update"/>
  <testcase name="Tracking_Number_Search" time="1.438" classname="Test_Data_Generation.Tracking_Data_Update"/>
  <testcase name="Tracking_Number_Search" time="1.018" classname="Test_Data_Generation.Tracking_Data_Update"/>
  <testcase name="Tracking_Number_Search" time="1.224" classname="Test_Data_Generation.Tracking_Data_Update"/>
  <testcase name="Tracking_Number_Search" time="1.271" classname="Test_Data_Generation.Tracking_Data_Update"/>
  <testcase name="Tracking_Number_Search" time="1.333" classname="Test_Data_Generation.Tracking_Data_Update"/>
  <testcase name="Tracking_Number_Search" time="1.782" classname="Test_Data_Generation.Tracking_Data_Update"/>
  <testcase name="Tracking_Number_Search" time="1.400" classname="Test_Data_Generation.Tracking_Data_Update"/>
  <testcase name="Tracking_Number_Search" time="5.166" classname="Test_Data_Generation.Tracking_Data_Update"/>
  <testcase name="Tracking_Number_Search" time="1.040" classname="Test_Data_Generation.Tracking_Data_Update"/>
  <testcase name="Tracking_Number_Search" time="1.121" classname="Test_Data_Generation.Tracking_Data_Update"/>
  <testcase name="Tracking_Number_Search" time="4.152" classname="Test_Data_Generation.Tracking_Data_Update"/>
  <testcase name="Tracking_Number_Search" time="1.139" classname="Test_Data_Generation.Tracking_Data_Update"/>
  <testcase name="Tracking_Number_Search" time="1.271" classname="Test_Data_Generation.Tracking_Data_Update"/>
  <testcase name="Tracking_Number_Search" time="1.049" classname="Test_Data_Generation.Tracking_Data_Update"/>
  <testcase name="Tracking_Number_Search" time="1.285" classname="Test_Data_Generation.Tracking_Data_Update"/>
  <testcase name="Tracking_Number_Search" time="0.870" classname="Test_Data_Generation.Tracking_Data_Update"/>
  <testcase name="Tracking_Number_Search" time="1.265" classname="Test_Data_Generation.Tracking_Data_Update"/>
  <testcase name="Tracking_Number_Search" time="1.323" classname="Test_Data_Generation.Tracking_Data_Update"/>
  <testcase name="Tracking_Number_Search" time="1.017" classname="Test_Data_Generation.Tracking_Data_Update"/>
  <testcase name="Tracking_Number_Search" time="1.196" classname="Test_Data_Generation.Tracking_Data_Update"/>
  <testcase name="Tracking_Number_Search" time="1.273" classname="Test_Data_Generation.Tracking_Data_Update"/>
  <testcase name="Tracking_Number_Search" time="1.264" classname="Test_Data_Generation.Tracking_Data_Update"/>
  <testcase name="Tracking_Number_Search" time="1.041" classname="Test_Data_Generation.Tracking_Data_Update"/>
  <testcase name="Tracking_Number_Search" time="1.199" classname="Test_Data_Generation.Tracking_Data_Update"/>
  <testcase name="Tracking_Number_Search" time="1.577" classname="Test_Data_Generation.Tracking_Data_Update"/>
  <testcase name="Tracking_Number_Search" time="1.364" classname="Test_Data_Generation.Tracking_Data_Update"/>
  <testcase name="Tracking_Number_Search" time="1.595" classname="Test_Data_Generation.Tracking_Data_Update"/>
  <testcase name="Tracking_Number_Search" time="1.241" classname="Test_Data_Generation.Tracking_Data_Update"/>
  <testcase name="Tracking_Number_Search" time="1.972" classname="Test_Data_Generation.Tracking_Data_Update"/>
  <testcase name="Tracking_Number_Search" time="1.982" classname="Test_Data_Generation.Tracking_Data_Update"/>
  <testcase name="Tracking_Number_Search" time="1.461" classname="Test_Data_Generation.Tracking_Data_Update"/>
  <testcase name="Tracking_Number_Search" time="1.768" classname="Test_Data_Generation.Tracking_Data_Update"/>
  <testcase name="Tracking_Number_Search" time="1.441" classname="Test_Data_Generation.Tracking_Data_Update"/>
  <testcase name="Tracking_Number_Search" time="1.069" classname="Test_Data_Generation.Tracking_Data_Update"/>
  <testcase name="Tracking_Number_Search" time="0.794" classname="Test_Data_Generation.Tracking_Data_Update"/>
  <testcase name="Tracking_Number_Search" time="1.189" classname="Test_Data_Generation.Tracking_Data_Update"/>
  <testcase name="Tracking_Number_Search" time="1.153" classname="Test_Data_Generation.Tracking_Data_Update"/>
  <testcase name="Tracking_Number_Search" time="1.360" classname="Test_Data_Generation.Tracking_Data_Update"/>
  <testcase name="Tracking_Number_Search" time="1.630" classname="Test_Data_Generation.Tracking_Data_Update"/>
  <testcase name="Tracking_Number_Search" time="1.203" classname="Test_Data_Generation.Tracking_Data_Update"/>
  <testcase name="Tracking_Number_Search" time="3.137" classname="Test_Data_Generation.Tracking_Data_Update"/>
  <testcase name="Tracking_Number_Search" time="0.926" classname="Test_Data_Generation.Tracking_Data_Update"/>
  <testcase name="Tracking_Number_Search" time="2.167" classname="Test_Data_Generation.Tracking_Data_Update"/>
  <testcase name="Tracking_Number_Search" time="1.371" classname="Test_Data_Generation.Tracking_Data_Update"/>
  <testcase name="Tracking_Number_Search" time="3.154" classname="Test_Data_Generation.Tracking_Data_Update"/>
  <testcase name="Tracking_Number_Search" time="1.530" classname="Test_Data_Generation.Tracking_Data_Update"/>
  <testcase name="Tracking_Number_Search" time="0.946" classname="Test_Data_Generation.Tracking_Data_Update"/>
  <testcase name="Tracking_Number_Search" time="1.224" classname="Test_Data_Generation.Tracking_Data_Update"/>
  <testcase name="Tracking_Number_Search" time="1.248" classname="Test_Data_Generation.Tracking_Data_Update"/>
  <testcase name="Tracking_Number_Search" time="1.490" classname="Test_Data_Generation.Tracking_Data_Update"/>
  <testcase name="Tracking_Number_Search" time="1.244" classname="Test_Data_Generation.Tracking_Data_Update"/>
  <testcase name="Tracking_Number_Search" time="0.962" classname="Test_Data_Generation.Tracking_Data_Update"/>
  <testcase name="Tracking_Number_Search" time="1.641" classname="Test_Data_Generation.Tracking_Data_Update"/>
  <testcase name="Tracking_Number_Search" time="0.945" classname="Test_Data_Generation.Tracking_Data_Update"/>
  <testcase name="Tracking_Number_Search" time="1.134" classname="Test_Data_Generation.Tracking_Data_Update"/>
  <testcase name="Tracking_Number_Search" time="1.099" classname="Test_Data_Generation.Tracking_Data_Update"/>
  <testcase name="Tracking_Number_Search" time="1.208" classname="Test_Data_Generation.Tracking_Data_Update"/>
  <testcase name="Tracking_Number_Search" time="1.283" classname="Test_Data_Generation.Tracking_Data_Update"/>
  <testcase name="Tracking_Number_Search" time="0.903" classname="Test_Data_Generation.Tracking_Data_Update"/>
  <testcase name="Tracking_Number_Search" time="0.868" classname="Test_Data_Generation.Tracking_Data_Update"/>
  <testcase name="Tracking_Number_Search" time="1.006" classname="Test_Data_Generation.Tracking_Data_Update"/>
  <testcase name="Tracking_Number_Search" time="0.977" classname="Test_Data_Generation.Tracking_Data_Update"/>
  <testcase name="Tracking_Number_Search" time="4.217" classname="Test_Data_Generation.Tracking_Data_Update"/>
  <testcase name="Tracking_Number_Search" time="1.339" classname="Test_Data_Generation.Tracking_Data_Update"/>
  <testcase name="Tracking_Number_Search" time="1.596" classname="Test_Data_Generation.Tracking_Data_Update"/>
  <testcase name="Tracking_Number_Search" time="5.950" classname="Test_Data_Generation.Tracking_Data_Update"/>
  <testcase name="Tracking_Number_Search" time="0.971" classname="Test_Data_Generation.Tracking_Data_Update"/>
  <testcase name="Tracking_Number_Search" time="1.163" classname="Test_Data_Generation.Tracking_Data_Update"/>
  <testcase name="Tracking_Number_Search" time="1.105" classname="Test_Data_Generation.Tracking_Data_Update"/>
  <testcase name="Tracking_Number_Search" time="1.206" classname="Test_Data_Generation.Tracking_Data_Update"/>
  <testcase name="Tracking_Number_Search" time="2.431" classname="Test_Data_Generation.Tracking_Data_Update"/>
  <testcase name="Tracking_Number_Search" time="1.423" classname="Test_Data_Generation.Tracking_Data_Update"/>
  <testcase name="Tracking_Number_Search" time="0.998" classname="Test_Data_Generation.Tracking_Data_Update"/>
  <testcase name="Tracking_Number_Search" time="4.097" classname="Test_Data_Generation.Tracking_Data_Update"/>
  <testcase name="Tracking_Number_Search" time="1.584" classname="Test_Data_Generation.Tracking_Data_Update"/>
  <testcase name="Tracking_Number_Search" time="0.821" classname="Test_Data_Generation.Tracking_Data_Update"/>
  <testcase name="Tracking_Number_Search" time="1.466" classname="Test_Data_Generation.Tracking_Data_Update"/>
  <testcase name="Tracking_Number_Search" time="2.345" classname="Test_Data_Generation.Tracking_Data_Update"/>
  <testcase name="Tracking_Number_Search" time="1.105" classname="Test_Data_Generation.Tracking_Data_Update"/>
  <testcase name="Tracking_Number_Search" time="1.037" classname="Test_Data_Generation.Tracking_Data_Update"/>
  <testcase name="Tracking_Number_Search" time="5.140" classname="Test_Data_Generation.Tracking_Data_Update"/>
  <testcase name="Tracking_Number_Search" time="2.153" classname="Test_Data_Generation.Tracking_Data_Update"/>
  <testcase name="Tracking_Number_Search" time="1.132" classname="Test_Data_Generation.Tracking_Data_Update"/>
  <testcase name="Tracking_Number_Search" time="1.435" classname="Test_Data_Generation.Tracking_Data_Update"/>
  <testcase name="Tracking_Number_Search" time="0.879" classname="Test_Data_Generation.Tracking_Data_Update"/>
  <testcase name="Tracking_Number_Search" time="1.090" classname="Test_Data_Generation.Tracking_Data_Update"/>
  <testcase name="Tracking_Number_Search" time="1.028" classname="Test_Data_Generation.Tracking_Data_Update"/>
  <testcase name="Tracking_Number_Search" time="1.188" classname="Test_Data_Generation.Tracking_Data_Update"/>
  <testcase name="Tracking_Number_Search" time="1.072" classname="Test_Data_Generation.Tracking_Data_Update"/>
  <testcase name="Tracking_Number_Search" time="1.342" classname="Test_Data_Generation.Tracking_Data_Update"/>
  <testcase name="Tracking_Number_Search" time="1.205" classname="Test_Data_Generation.Tracking_Data_Update"/>
  <testcase name="Tracking_Number_Search" time="1.099" classname="Test_Data_Generation.Tracking_Data_Update"/>
  <testcase name="Tracking_Number_Search" time="0.881" classname="Test_Data_Generation.Tracking_Data_Update"/>
  <testcase name="Tracking_Number_Search" time="1.125" classname="Test_Data_Generation.Tracking_Data_Update"/>
  <testcase name="Tracking_Number_Search" time="1.139" classname="Test_Data_Generation.Tracking_Data_Update"/>
  <testcase name="Tracking_Number_Search" time="0.860" classname="Test_Data_Generation.Tracking_Data_Update"/>
  <testcase name="Tracking_Number_Search" time="0.946" classname="Test_Data_Generation.Tracking_Data_Update"/>
  <testcase name="Tracking_Number_Search" time="1.554" classname="Test_Data_Generation.Tracking_Data_Update"/>
  <testcase name="Tracking_Number_Search" time="5.028" classname="Test_Data_Generation.Tracking_Data_Update"/>
  <testcase name="Tracking_Number_Search" time="1.216" classname="Test_Data_Generation.Tracking_Data_Update"/>
  <testcase name="Tracking_Number_Search" time="1.183" classname="Test_Data_Generation.Tracking_Data_Update"/>
  <testcase name="Tracking_Number_Search" time="1.642" classname="Test_Data_Generation.Tracking_Data_Update"/>
  <testcase name="Tracking_Number_Search" time="1.496" classname="Test_Data_Generation.Tracking_Data_Update"/>
  <testcase name="Tracking_Number_Search" time="1.271" classname="Test_Data_Generation.Tracking_Data_Update"/>
  <testcase name="Tracking_Number_Search" time="6.264" classname="Test_Data_Generation.Tracking_Data_Update"/>
  <testcase name="Tracking_Number_Search" time="2.268" classname="Test_Data_Generation.Tracking_Data_Update"/>
  <testcase name="Tracking_Number_Search" time="1.164" classname="Test_Data_Generation.Tracking_Data_Update"/>
  <testcase name="Tracking_Number_Search" time="1.107" classname="Test_Data_Generation.Tracking_Data_Update"/>
  <testcase name="Tracking_Number_Search" time="0.952" classname="Test_Data_Generation.Tracking_Data_Update"/>
  <testcase name="Tracking_Number_Search" time="1.860" classname="Test_Data_Generation.Tracking_Data_Update"/>
  <testcase name="Tracking_Number_Search" time="1.292" classname="Test_Data_Generation.Tracking_Data_Update"/>
  <testcase name="Tracking_Number_Search" time="1.793" classname="Test_Data_Generation.Tracking_Data_Update"/>
  <testcase name="Tracking_Number_Search" time="1.254" classname="Test_Data_Generation.Tracking_Data_Update"/>
  <testcase name="Tracking_Number_Search" time="1.140" classname="Test_Data_Generation.Tracking_Data_Update"/>
  <testcase name="Tracking_Number_Search" time="1.053" classname="Test_Data_Generation.Tracking_Data_Update"/>
  <testcase name="Tracking_Number_Search" time="1.212" classname="Test_Data_Generation.Tracking_Data_Update"/>
  <testcase name="Tracking_Number_Search" time="1.336" classname="Test_Data_Generation.Tracking_Data_Update"/>
  <testcase name="Tracking_Number_Search" time="3.341" classname="Test_Data_Generation.Tracking_Data_Update"/>
  <testcase name="Tracking_Number_Search" time="1.349" classname="Test_Data_Generation.Tracking_Data_Update"/>
  <testcase name="Tracking_Number_Search" time="1.323" classname="Test_Data_Generation.Tracking_Data_Update"/>
  <testcase name="Tracking_Number_Search" time="1.237" classname="Test_Data_Generation.Tracking_Data_Update"/>
  <testcase name="Tracking_Number_Search" time="0.924" classname="Test_Data_Generation.Tracking_Data_Update"/>
  <testcase name="Tracking_Number_Search" time="0.953" classname="Test_Data_Generation.Tracking_Data_Update"/>
  <testcase name="Tracking_Number_Search" time="1.493" classname="Test_Data_Generation.Tracking_Data_Update"/>
  <testcase name="Tracking_Number_Search" time="1.594" classname="Test_Data_Generation.Tracking_Data_Update"/>
  <testcase name="Tracking_Number_Search" time="1.223" classname="Test_Data_Generation.Tracking_Data_Update"/>
  <testcase name="Tracking_Number_Search" time="3.970" classname="Test_Data_Generation.Tracking_Data_Update"/>
  <testcase name="Tracking_Number_Search" time="0.959" classname="Test_Data_Generation.Tracking_Data_Update"/>
  <testcase name="Tracking_Number_Search" time="1.225" classname="Test_Data_Generation.Tracking_Data_Update"/>
  <testcase name="Tracking_Number_Search" time="1.139" classname="Test_Data_Generation.Tracking_Data_Update"/>
  <testcase name="Tracking_Number_Search" time="1.504" classname="Test_Data_Generation.Tracking_Data_Update"/>
  <testcase name="Tracking_Number_Search" time="0.973" classname="Test_Data_Generation.Tracking_Data_Update"/>
  <testcase name="Tracking_Number_Search" time="4.957" classname="Test_Data_Generation.Tracking_Data_Update"/>
  <testcase name="Tracking_Number_Search" time="3.121" classname="Test_Data_Generation.Tracking_Data_Update"/>
  <testcase name="Tracking_Number_Search" time="1.071" classname="Test_Data_Generation.Tracking_Data_Update"/>
  <testcase name="Tracking_Number_Search" time="1.342" classname="Test_Data_Generation.Tracking_Data_Update"/>
  <testcase name="Tracking_Number_Search" time="1.025" classname="Test_Data_Generation.Tracking_Data_Update"/>
  <testcase name="Tracking_Number_Search" time="2.234" classname="Test_Data_Generation.Tracking_Data_Update"/>
  <testcase name="Tracking_Number_Search" time="1.425" classname="Test_Data_Generation.Tracking_Data_Update"/>
  <testcase name="Tracking_Number_Search" time="0.892" classname="Test_Data_Generation.Tracking_Data_Update"/>
  <testcase name="Tracking_Number_Search" time="0.869" classname="Test_Data_Generation.Tracking_Data_Update"/>
  <testcase name="Tracking_Number_Search" time="2.019" classname="Test_Data_Generation.Tracking_Data_Update"/>
  <testcase name="Tracking_Number_Search" time="1.047" classname="Test_Data_Generation.Tracking_Data_Update"/>
  <testcase name="Tracking_Number_Search" time="1.117" classname="Test_Data_Generation.Tracking_Data_Update"/>
  <testcase name="Tracking_Number_Search" time="1.492" classname="Test_Data_Generation.Tracking_Data_Update"/>
  <testcase name="Tracking_Number_Search" time="0.947" classname="Test_Data_Generation.Tracking_Data_Update"/>
  <testcase name="Tracking_Number_Search" time="1.321" classname="Test_Data_Generation.Tracking_Data_Update"/>
  <testcase name="Tracking_Number_Search" time="1.335" classname="Test_Data_Generation.Tracking_Data_Update"/>
  <testcase name="Tracking_Number_Search" time="1.208" classname="Test_Data_Generation.Tracking_Data_Update"/>
  <testcase name="Tracking_Number_Search" time="1.189" classname="Test_Data_Generation.Tracking_Data_Update"/>
  <testcase name="Tracking_Number_Search" time="1.185" classname="Test_Data_Generation.Tracking_Data_Update"/>
  <testcase name="Tracking_Number_Search" time="1.630" classname="Test_Data_Generation.Tracking_Data_Update"/>
  <testcase name="Tracking_Number_Search" time="1.616" classname="Test_Data_Generation.Tracking_Data_Update"/>
  <testcase name="Tracking_Number_Search" time="0.984" classname="Test_Data_Generation.Tracking_Data_Update"/>
  <testcase name="Tracking_Number_Search" time="1.230" classname="Test_Data_Generation.Tracking_Data_Update"/>
  <testcase name="Tracking_Number_Search" time="1.823" classname="Test_Data_Generation.Tracking_Data_Update"/>
  <testcase name="Tracking_Number_Search" time="0.818" classname="Test_Data_Generation.Tracking_Data_Update"/>
  <testcase name="Tracking_Number_Search" time="0.987" classname="Test_Data_Generation.Tracking_Data_Update"/>
  <testcase name="Tracking_Number_Search" time="1.034" classname="Test_Data_Generation.Tracking_Data_Update"/>
  <testcase name="Tracking_Number_Search" time="1.175" classname="Test_Data_Generation.Tracking_Data_Update"/>
  <testcase name="Tracking_Number_Search" time="1.281" classname="Test_Data_Generation.Tracking_Data_Update"/>
  <testcase name="Tracking_Number_Search" time="1.291" classname="Test_Data_Generation.Tracking_Data_Update"/>
  <testcase name="Tracking_Number_Search" time="1.211" classname="Test_Data_Generation.Tracking_Data_Update"/>
  <testcase name="Tracking_Number_Search" time="5.301" classname="Test_Data_Generation.Tracking_Data_Update"/>
  <testcase name="Tracking_Number_Search" time="1.085" classname="Test_Data_Generation.Tracking_Data_Update"/>
  <testcase name="Tracking_Number_Search" time="1.314" classname="Test_Data_Generation.Tracking_Data_Update"/>
  <testcase name="Tracking_Number_Search" time="1.099" classname="Test_Data_Generation.Tracking_Data_Update"/>
  <testcase name="Tracking_Number_Search" time="1.975" classname="Test_Data_Generation.Tracking_Data_Update"/>
  <testcase name="Tracking_Number_Search" time="1.138" classname="Test_Data_Generation.Tracking_Data_Update"/>
  <testcase name="Tracking_Number_Search" time="1.039" classname="Test_Data_Generation.Tracking_Data_Update"/>
  <testcase name="Tracking_Number_Search" time="1.562" classname="Test_Data_Generation.Tracking_Data_Update"/>
  <testcase name="Tracking_Number_Search" time="1.052" classname="Test_Data_Generation.Tracking_Data_Update"/>
  <testcase name="Tracking_Number_Search" time="1.232" classname="Test_Data_Generation.Tracking_Data_Update"/>
  <testcase name="Tracking_Number_Search" time="2.342" classname="Test_Data_Generation.Tracking_Data_Update"/>
  <testcase name="Tracking_Number_Search" time="1.137" classname="Test_Data_Generation.Tracking_Data_Update"/>
  <testcase name="Tracking_Number_Search" time="2.098" classname="Test_Data_Generation.Tracking_Data_Update"/>
  <testcase name="Tracking_Number_Search" time="1.120" classname="Test_Data_Generation.Tracking_Data_Update"/>
  <testcase name="Tracking_Number_Search" time="0.855" classname="Test_Data_Generation.Tracking_Data_Update"/>
  <testcase name="Tracking_Number_Search" time="0.893" classname="Test_Data_Generation.Tracking_Data_Update"/>
  <testcase name="Tracking_Number_Search" time="1.197" classname="Test_Data_Generation.Tracking_Data_Update"/>
  <testcase name="Tracking_Number_Search" time="2.654" classname="Test_Data_Generation.Tracking_Data_Update"/>
  <testcase name="Tracking_Number_Search" time="0.911" classname="Test_Data_Generation.Tracking_Data_Update"/>
  <testcase name="Tracking_Number_Search" time="0.974" classname="Test_Data_Generation.Tracking_Data_Update"/>
  <testcase name="Tracking_Number_Search" time="0.956" classname="Test_Data_Generation.Tracking_Data_Update"/>
  <testcase name="Tracking_Number_Search" time="0.996" classname="Test_Data_Generation.Tracking_Data_Update"/>
  <testcase name="Tracking_Number_Search" time="1.084" classname="Test_Data_Generation.Tracking_Data_Update"/>
  <testcase name="Tracking_Number_Search" time="1.308" classname="Test_Data_Generation.Tracking_Data_Update"/>
  <testcase name="Tracking_Number_Search" time="1.587" classname="Test_Data_Generation.Tracking_Data_Update"/>
  <testcase name="Tracking_Number_Search" time="1.003" classname="Test_Data_Generation.Tracking_Data_Update"/>
  <testcase name="Tracking_Number_Search" time="1.224" classname="Test_Data_Generation.Tracking_Data_Update"/>
  <testcase name="Tracking_Number_Search" time="1.112" classname="Test_Data_Generation.Tracking_Data_Update"/>
  <testcase name="Tracking_Number_Search" time="1.165" classname="Test_Data_Generation.Tracking_Data_Update"/>
  <testcase name="Tracking_Number_Search" time="1.991" classname="Test_Data_Generation.Tracking_Data_Update"/>
  <testcase name="Tracking_Number_Search" time="0.963" classname="Test_Data_Generation.Tracking_Data_Update"/>
  <testcase name="Tracking_Number_Search" time="1.978" classname="Test_Data_Generation.Tracking_Data_Update"/>
  <testcase name="Tracking_Number_Search" time="1.415" classname="Test_Data_Generation.Tracking_Data_Update"/>
  <testcase name="Tracking_Number_Search" time="1.951" classname="Test_Data_Generation.Tracking_Data_Update"/>
  <testcase name="Tracking_Number_Search" time="1.018" classname="Test_Data_Generation.Tracking_Data_Update"/>
  <testcase name="Tracking_Number_Search" time="1.132" classname="Test_Data_Generation.Tracking_Data_Update"/>
  <testcase name="Tracking_Number_Search" time="1.013" classname="Test_Data_Generation.Tracking_Data_Update"/>
  <testcase name="Tracking_Number_Search" time="2.151" classname="Test_Data_Generation.Tracking_Data_Update"/>
  <testcase name="Tracking_Number_Search" time="0.975" classname="Test_Data_Generation.Tracking_Data_Update"/>
  <testcase name="Tracking_Number_Search" time="1.409" classname="Test_Data_Generation.Tracking_Data_Update"/>
  <testcase name="Tracking_Number_Search" time="1.130" classname="Test_Data_Generation.Tracking_Data_Update"/>
  <testcase name="Tracking_Number_Search" time="1.530" classname="Test_Data_Generation.Tracking_Data_Update"/>
  <testcase name="Tracking_Number_Search" time="1.384" classname="Test_Data_Generation.Tracking_Data_Update"/>
  <testcase name="Tracking_Number_Search" time="1.907" classname="Test_Data_Generation.Tracking_Data_Update"/>
  <testcase name="Tracking_Number_Search" time="0.907" classname="Test_Data_Generation.Tracking_Data_Update"/>
  <testcase name="Tracking_Number_Search" time="2.116" classname="Test_Data_Generation.Tracking_Data_Update"/>
  <testcase name="Tracking_Number_Search" time="1.395" classname="Test_Data_Generation.Tracking_Data_Update"/>
  <testcase name="Tracking_Number_Search" time="1.260" classname="Test_Data_Generation.Tracking_Data_Update"/>
  <testcase name="Tracking_Number_Search" time="1.888" classname="Test_Data_Generation.Tracking_Data_Update"/>
  <testcase name="Tracking_Number_Search" time="1.861" classname="Test_Data_Generation.Tracking_Data_Update"/>
  <testcase name="Tracking_Number_Search" time="1.653" classname="Test_Data_Generation.Tracking_Data_Update"/>
  <testcase name="Tracking_Number_Search" time="0.899" classname="Test_Data_Generation.Tracking_Data_Update"/>
  <testcase name="Tracking_Number_Search" time="1.412" classname="Test_Data_Generation.Tracking_Data_Update"/>
  <testcase name="Tracking_Number_Search" time="1.319" classname="Test_Data_Generation.Tracking_Data_Update"/>
  <testcase name="Tracking_Number_Search" time="1.418" classname="Test_Data_Generation.Tracking_Data_Update"/>
  <testcase name="Tracking_Number_Search" time="1.099" classname="Test_Data_Generation.Tracking_Data_Update"/>
  <testcase name="Tracking_Number_Search" time="1.271" classname="Test_Data_Generation.Tracking_Data_Update"/>
  <testcase name="Tracking_Number_Search" time="1.372" classname="Test_Data_Generation.Tracking_Data_Update"/>
  <testcase name="Tracking_Number_Search" time="2.321" classname="Test_Data_Generation.Tracking_Data_Update"/>
  <testcase name="Tracking_Number_Search" time="5.000" classname="Test_Data_Generation.Tracking_Data_Update"/>
  <testcase name="Tracking_Number_Search" time="1.175" classname="Test_Data_Generation.Tracking_Data_Update"/>
  <testcase name="Tracking_Number_Search" time="1.199" classname="Test_Data_Generation.Tracking_Data_Update"/>
  <testcase name="Tracking_Number_Search" time="1.349" classname="Test_Data_Generation.Tracking_Data_Update"/>
  <testcase name="Tracking_Number_Search" time="0.974" classname="Test_Data_Generation.Tracking_Data_Update"/>
  <testcase name="Tracking_Number_Search" time="1.223" classname="Test_Data_Generation.Tracking_Data_Update"/>
  <testcase name="Tracking_Number_Search" time="0.797" classname="Test_Data_Generation.Tracking_Data_Update"/>
  <testcase name="Tracking_Number_Search" time="1.009" classname="Test_Data_Generation.Tracking_Data_Update"/>
  <testcase name="Tracking_Number_Search" time="1.368" classname="Test_Data_Generation.Tracking_Data_Update"/>
  <testcase name="Tracking_Number_Search" time="1.462" classname="Test_Data_Generation.Tracking_Data_Update"/>
  <testcase name="Tracking_Number_Search" time="1.216" classname="Test_Data_Generation.Tracking_Data_Update"/>
  <testcase name="Tracking_Number_Search" time="1.006" classname="Test_Data_Generation.Tracking_Data_Update"/>
  <testcase name="Tracking_Number_Search" time="1.407" classname="Test_Data_Generation.Tracking_Data_Update"/>
  <testcase name="Tracking_Number_Search" time="1.491" classname="Test_Data_Generation.Tracking_Data_Update"/>
  <testcase name="Tracking_Number_Search" time="0.926" classname="Test_Data_Generation.Tracking_Data_Update"/>
  <testcase name="Tracking_Number_Search" time="0.993" classname="Test_Data_Generation.Tracking_Data_Update"/>
  <testcase name="Tracking_Number_Search" time="0.870" classname="Test_Data_Generation.Tracking_Data_Update"/>
  <testcase name="Tracking_Number_Search" time="0.757" classname="Test_Data_Generation.Tracking_Data_Update"/>
  <testcase name="Tracking_Number_Search" time="1.252" classname="Test_Data_Generation.Tracking_Data_Update"/>
  <testcase name="Tracking_Number_Search" time="1.288" classname="Test_Data_Generation.Tracking_Data_Update"/>
  <testcase name="Tracking_Number_Search" time="2.357" classname="Test_Data_Generation.Tracking_Data_Update"/>
  <testcase name="Tracking_Number_Search" time="1.868" classname="Test_Data_Generation.Tracking_Data_Update"/>
  <testcase name="Tracking_Number_Search" time="0.992" classname="Test_Data_Generation.Tracking_Data_Update"/>
  <testcase name="Tracking_Number_Search" time="0.911" classname="Test_Data_Generation.Tracking_Data_Update"/>
  <testcase name="Tracking_Number_Search" time="1.301" classname="Test_Data_Generation.Tracking_Data_Update"/>
  <testcase name="Tracking_Number_Search" time="1.218" classname="Test_Data_Generation.Tracking_Data_Update"/>
  <testcase name="Tracking_Number_Search" time="1.113" classname="Test_Data_Generation.Tracking_Data_Update"/>
  <testcase name="Tracking_Number_Search" time="1.321" classname="Test_Data_Generation.Tracking_Data_Update"/>
  <testcase name="Tracking_Number_Search" time="1.937" classname="Test_Data_Generation.Tracking_Data_Update"/>
  <testcase name="Tracking_Number_Search" time="1.128" classname="Test_Data_Generation.Tracking_Data_Update"/>
  <testcase name="Tracking_Number_Search" time="1.591" classname="Test_Data_Generation.Tracking_Data_Update"/>
  <testcase name="Tracking_Number_Search" time="1.244" classname="Test_Data_Generation.Tracking_Data_Update"/>
  <testcase name="Tracking_Number_Search" time="1.649" classname="Test_Data_Generation.Tracking_Data_Update"/>
  <testcase name="Tracking_Number_Search" time="0.865" classname="Test_Data_Generation.Tracking_Data_Update"/>
  <testcase name="Tracking_Number_Search" time="0.722" classname="Test_Data_Generation.Tracking_Data_Update"/>
  <testcase name="Tracking_Number_Search" time="1.027" classname="Test_Data_Generation.Tracking_Data_Update"/>
  <testcase name="Tracking_Number_Search" time="1.078" classname="Test_Data_Generation.Tracking_Data_Update"/>
  <testcase name="Tracking_Number_Search" time="0.898" classname="Test_Data_Generation.Tracking_Data_Update"/>
  <testcase name="Tracking_Number_Search" time="1.333" classname="Test_Data_Generation.Tracking_Data_Update"/>
  <testcase name="Tracking_Number_Search" time="1.570" classname="Test_Data_Generation.Tracking_Data_Update"/>
  <testcase name="Tracking_Number_Search" time="1.184" classname="Test_Data_Generation.Tracking_Data_Update"/>
  <testcase name="Tracking_Number_Search" time="0.924" classname="Test_Data_Generation.Tracking_Data_Update"/>
  <testcase name="Tracking_Number_Search" time="1.309" classname="Test_Data_Generation.Tracking_Data_Update"/>
  <testcase name="Tracking_Number_Search" time="1.493" classname="Test_Data_Generation.Tracking_Data_Update"/>
  <testcase name="Tracking_Number_Search" time="1.490" classname="Test_Data_Generation.Tracking_Data_Update"/>
  <testcase name="Tracking_Number_Search" time="0.919" classname="Test_Data_Generation.Tracking_Data_Update"/>
  <testcase name="Tracking_Number_Search" time="1.129" classname="Test_Data_Generation.Tracking_Data_Update"/>
  <testcase name="Tracking_Number_Search" time="1.069" classname="Test_Data_Generation.Tracking_Data_Update"/>
  <testcase name="Tracking_Number_Search" time="1.325" classname="Test_Data_Generation.Tracking_Data_Update"/>
  <testcase name="Tracking_Number_Search" time="1.662" classname="Test_Data_Generation.Tracking_Data_Update"/>
  <testcase name="Tracking_Number_Search" time="1.253" classname="Test_Data_Generation.Tracking_Data_Update"/>
  <testcase name="Tracking_Number_Search" time="1.992" classname="Test_Data_Generation.Tracking_Data_Update"/>
  <testcase name="Tracking_Number_Search" time="1.028" classname="Test_Data_Generation.Tracking_Data_Update"/>
  <testcase name="Tracking_Number_Search" time="1.157" classname="Test_Data_Generation.Tracking_Data_Update"/>
  <testcase name="Tracking_Number_Search" time="1.229" classname="Test_Data_Generation.Tracking_Data_Update"/>
  <testcase name="Tracking_Number_Search" time="1.279" classname="Test_Data_Generation.Tracking_Data_Update"/>
  <testcase name="Tracking_Number_Search" time="1.537" classname="Test_Data_Generation.Tracking_Data_Update"/>
  <testcase name="Tracking_Number_Search" time="1.290" classname="Test_Data_Generation.Tracking_Data_Update"/>
  <testcase name="Tracking_Number_Search" time="1.406" classname="Test_Data_Generation.Tracking_Data_Update"/>
  <testcase name="Tracking_Number_Search" time="1.358" classname="Test_Data_Generation.Tracking_Data_Update"/>
  <testcase name="Tracking_Number_Search" time="1.392" classname="Test_Data_Generation.Tracking_Data_Update"/>
  <testcase name="Tracking_Number_Search" time="1.742" classname="Test_Data_Generation.Tracking_Data_Update"/>
  <testcase name="Tracking_Number_Search" time="1.472" classname="Test_Data_Generation.Tracking_Data_Update"/>
  <testcase name="Tracking_Number_Search" time="1.112" classname="Test_Data_Generation.Tracking_Data_Update"/>
  <testcase name="Tracking_Number_Search" time="1.427" classname="Test_Data_Generation.Tracking_Data_Update"/>
  <testcase name="Tracking_Number_Search" time="2.932" classname="Test_Data_Generation.Tracking_Data_Update"/>
  <testcase name="Tracking_Number_Search" time="0.851" classname="Test_Data_Generation.Tracking_Data_Update"/>
  <testcase name="Tracking_Number_Search" time="1.871" classname="Test_Data_Generation.Tracking_Data_Update"/>
  <testcase name="Tracking_Number_Search" time="0.833" classname="Test_Data_Generation.Tracking_Data_Update"/>
  <testcase name="Tracking_Number_Search" time="0.973" classname="Test_Data_Generation.Tracking_Data_Update"/>
  <testcase name="Tracking_Number_Search" time="1.674" classname="Test_Data_Generation.Tracking_Data_Update"/>
  <testcase name="Tracking_Number_Search" time="2.204" classname="Test_Data_Generation.Tracking_Data_Update"/>
  <testcase name="Tracking_Number_Search" time="1.121" classname="Test_Data_Generation.Tracking_Data_Update"/>
  <testcase name="Tracking_Number_Search" time="1.039" classname="Test_Data_Generation.Tracking_Data_Update"/>
  <testcase name="Tracking_Number_Search" time="1.248" classname="Test_Data_Generation.Tracking_Data_Update"/>
  <testcase name="Tracking_Number_Search" time="1.166" classname="Test_Data_Generation.Tracking_Data_Update"/>
  <testcase name="Tracking_Number_Search" time="0.979" classname="Test_Data_Generation.Tracking_Data_Update"/>
  <testcase name="Tracking_Number_Search" time="5.030" classname="Test_Data_Generation.Tracking_Data_Update"/>
  <testcase name="Tracking_Number_Search" time="1.711" classname="Test_Data_Generation.Tracking_Data_Update"/>
  <testcase name="Tracking_Number_Search" time="2.354" classname="Test_Data_Generation.Tracking_Data_Update"/>
  <testcase name="Tracking_Number_Search" time="0.958" classname="Test_Data_Generation.Tracking_Data_Update"/>
  <testcase name="Tracking_Number_Search" time="1.314" classname="Test_Data_Generation.Tracking_Data_Update"/>
  <testcase name="Tracking_Number_Search" time="1.546" classname="Test_Data_Generation.Tracking_Data_Update"/>
  <testcase name="Tracking_Number_Search" time="1.132" classname="Test_Data_Generation.Tracking_Data_Update"/>
  <testcase name="Tracking_Number_Search" time="1.832" classname="Test_Data_Generation.Tracking_Data_Update"/>
  <testcase name="Tracking_Number_Search" time="6.086" classname="Test_Data_Generation.Tracking_Data_Update"/>
  <testcase name="Tracking_Number_Search" time="5.709" classname="Test_Data_Generation.Tracking_Data_Update"/>
  <testcase name="Tracking_Number_Search" time="1.086" classname="Test_Data_Generation.Tracking_Data_Update"/>
  <testcase name="Tracking_Number_Search" time="1.381" classname="Test_Data_Generation.Tracking_Data_Update"/>
  <testcase name="Tracking_Number_Search" time="1.521" classname="Test_Data_Generation.Tracking_Data_Update"/>
  <testcase name="Tracking_Number_Search" time="1.697" classname="Test_Data_Generation.Tracking_Data_Update"/>
  <testcase name="Tracking_Number_Search" time="1.118" classname="Test_Data_Generation.Tracking_Data_Update"/>
  <testcase name="Tracking_Number_Search" time="1.510" classname="Test_Data_Generation.Tracking_Data_Update"/>
  <testcase name="Tracking_Number_Search" time="1.170" classname="Test_Data_Generation.Tracking_Data_Update"/>
  <testcase name="Tracking_Number_Search" time="0.898" classname="Test_Data_Generation.Tracking_Data_Update"/>
  <testcase name="Tracking_Number_Search" time="1.641" classname="Test_Data_Generation.Tracking_Data_Update"/>
  <testcase name="Tracking_Number_Search" time="1.224" classname="Test_Data_Generation.Tracking_Data_Update"/>
  <testcase name="Tracking_Number_Search" time="1.408" classname="Test_Data_Generation.Tracking_Data_Update"/>
  <testcase name="Tracking_Number_Search" time="1.071" classname="Test_Data_Generation.Tracking_Data_Update"/>
  <testcase name="Tracking_Number_Search" time="1.258" classname="Test_Data_Generation.Tracking_Data_Update"/>
  <testcase name="Tracking_Number_Search" time="0.881" classname="Test_Data_Generation.Tracking_Data_Update"/>
  <testcase name="Tracking_Number_Search" time="1.159" classname="Test_Data_Generation.Tracking_Data_Update"/>
  <testcase name="Tracking_Number_Search" time="4.206" classname="Test_Data_Generation.Tracking_Data_Update"/>
  <testcase name="Tracking_Number_Search" time="1.084" classname="Test_Data_Generation.Tracking_Data_Update"/>
  <testcase name="Tracking_Number_Search" time="0.968" classname="Test_Data_Generation.Tracking_Data_Update"/>
  <testcase name="Tracking_Number_Search" time="2.890" classname="Test_Data_Generation.Tracking_Data_Update"/>
  <testcase name="Tracking_Number_Search" time="1.472" classname="Test_Data_Generation.Tracking_Data_Update"/>
  <testcase name="Tracking_Number_Search" time="1.208" classname="Test_Data_Generation.Tracking_Data_Update"/>
  <testcase name="Tracking_Number_Search" time="1.270" classname="Test_Data_Generation.Tracking_Data_Update"/>
  <testcase name="Tracking_Number_Search" time="1.145" classname="Test_Data_Generation.Tracking_Data_Update"/>
  <testcase name="Tracking_Number_Search" time="1.586" classname="Test_Data_Generation.Tracking_Data_Update"/>
  <testcase name="Tracking_Number_Search" time="1.923" classname="Test_Data_Generation.Tracking_Data_Update"/>
  <testcase name="Tracking_Number_Search" time="0.778" classname="Test_Data_Generation.Tracking_Data_Update"/>
  <testcase name="Tracking_Number_Search" time="1.751" classname="Test_Data_Generation.Tracking_Data_Update"/>
  <testcase name="Tracking_Number_Search" time="1.214" classname="Test_Data_Generation.Tracking_Data_Update"/>
  <testcase name="Tracking_Number_Search" time="1.410" classname="Test_Data_Generation.Tracking_Data_Update"/>
  <testcase name="Tracking_Number_Search" time="1.374" classname="Test_Data_Generation.Tracking_Data_Update"/>
  <testcase name="Tracking_Number_Search" time="0.934" classname="Test_Data_Generation.Tracking_Data_Update"/>
  <testcase name="Tracking_Number_Search" time="1.086" classname="Test_Data_Generation.Tracking_Data_Update"/>
  <testcase name="Tracking_Number_Search" time="0.820" classname="Test_Data_Generation.Tracking_Data_Update"/>
  <testcase name="Tracking_Number_Search" time="0.805" classname="Test_Data_Generation.Tracking_Data_Update"/>
  <testcase name="Tracking_Number_Search" time="0.879" classname="Test_Data_Generation.Tracking_Data_Update"/>
  <testcase name="Tracking_Number_Search" time="1.147" classname="Test_Data_Generation.Tracking_Data_Update"/>
  <testcase name="Tracking_Number_Search" time="0.809" classname="Test_Data_Generation.Tracking_Data_Update"/>
  <testcase name="Tracking_Number_Search" time="1.343" classname="Test_Data_Generation.Tracking_Data_Update"/>
  <testcase name="Tracking_Number_Search" time="2.932" classname="Test_Data_Generation.Tracking_Data_Update"/>
  <testcase name="Tracking_Number_Search" time="1.212" classname="Test_Data_Generation.Tracking_Data_Update"/>
  <testcase name="Tracking_Number_Search" time="1.207" classname="Test_Data_Generation.Tracking_Data_Update"/>
  <testcase name="Tracking_Number_Search" time="1.447" classname="Test_Data_Generation.Tracking_Data_Update"/>
  <testcase name="Tracking_Number_Search" time="0.912" classname="Test_Data_Generation.Tracking_Data_Update"/>
  <testcase name="Tracking_Number_Search" time="1.449" classname="Test_Data_Generation.Tracking_Data_Update"/>
  <testcase name="Tracking_Number_Search" time="1.502" classname="Test_Data_Generation.Tracking_Data_Update"/>
  <testcase name="Tracking_Number_Search" time="1.866" classname="Test_Data_Generation.Tracking_Data_Update"/>
  <testcase name="Tracking_Number_Search" time="1.393" classname="Test_Data_Generation.Tracking_Data_Update"/>
  <testcase name="Tracking_Number_Search" time="2.357" classname="Test_Data_Generation.Tracking_Data_Update"/>
  <testcase name="Tracking_Number_Search" time="0.794" classname="Test_Data_Generation.Tracking_Data_Update"/>
  <testcase name="Tracking_Number_Search" time="1.140" classname="Test_Data_Generation.Tracking_Data_Update"/>
  <testcase name="Tracking_Number_Search" time="1.274" classname="Test_Data_Generation.Tracking_Data_Update"/>
  <testcase name="Tracking_Number_Search" time="1.088" classname="Test_Data_Generation.Tracking_Data_Update"/>
  <testcase name="Tracking_Number_Search" time="1.858" classname="Test_Data_Generation.Tracking_Data_Update"/>
  <testcase name="Tracking_Number_Search" time="2.591" classname="Test_Data_Generation.Tracking_Data_Update"/>
  <testcase name="Tracking_Number_Search" time="1.936" classname="Test_Data_Generation.Tracking_Data_Update"/>
  <testcase name="Tracking_Number_Search" time="1.313" classname="Test_Data_Generation.Tracking_Data_Update"/>
  <testcase name="Tracking_Number_Search" time="0.993" classname="Test_Data_Generation.Tracking_Data_Update"/>
  <testcase name="Tracking_Number_Search" time="1.513" classname="Test_Data_Generation.Tracking_Data_Update"/>
  <testcase name="Tracking_Number_Search" time="1.620" classname="Test_Data_Generation.Tracking_Data_Update"/>
  <testcase name="Tracking_Number_Search" time="1.270" classname="Test_Data_Generation.Tracking_Data_Update"/>
  <testcase name="Tracking_Number_Search" time="1.149" classname="Test_Data_Generation.Tracking_Data_Update"/>
  <testcase name="Tracking_Number_Search" time="1.408" classname="Test_Data_Generation.Tracking_Data_Update"/>
  <testcase name="Tracking_Number_Search" time="1.154" classname="Test_Data_Generation.Tracking_Data_Update"/>
  <testcase name="Tracking_Number_Search" time="1.254" classname="Test_Data_Generation.Tracking_Data_Update"/>
  <testcase name="Tracking_Number_Search" time="1.746" classname="Test_Data_Generation.Tracking_Data_Update"/>
  <testcase name="Tracking_Number_Search" time="1.693" classname="Test_Data_Generation.Tracking_Data_Update"/>
  <testcase name="Tracking_Number_Search" time="2.271" classname="Test_Data_Generation.Tracking_Data_Update"/>
  <testcase name="Tracking_Number_Search" time="1.160" classname="Test_Data_Generation.Tracking_Data_Update"/>
  <testcase name="Tracking_Number_Search" time="1.820" classname="Test_Data_Generation.Tracking_Data_Update"/>
  <testcase name="Tracking_Number_Search" time="1.501" classname="Test_Data_Generation.Tracking_Data_Update"/>
  <testcase name="Tracking_Number_Search" time="1.432" classname="Test_Data_Generation.Tracking_Data_Update"/>
  <testcase name="Tracking_Number_Search" time="0.989" classname="Test_Data_Generation.Tracking_Data_Update"/>
  <testcase name="Tracking_Number_Search" time="1.668" classname="Test_Data_Generation.Tracking_Data_Update"/>
  <testcase name="Tracking_Number_Search" time="1.891" classname="Test_Data_Generation.Tracking_Data_Update"/>
  <testcase name="Tracking_Number_Search" time="1.393" classname="Test_Data_Generation.Tracking_Data_Update"/>
  <testcase name="Tracking_Number_Search" time="1.146" classname="Test_Data_Generation.Tracking_Data_Update"/>
  <testcase name="Tracking_Number_Search" time="1.343" classname="Test_Data_Generation.Tracking_Data_Update"/>
  <testcase name="Tracking_Number_Search" time="1.727" classname="Test_Data_Generation.Tracking_Data_Update"/>
  <testcase name="Tracking_Number_Search" time="1.129" classname="Test_Data_Generation.Tracking_Data_Update"/>
  <testcase name="Tracking_Number_Search" time="0.966" classname="Test_Data_Generation.Tracking_Data_Update"/>
  <testcase name="Tracking_Number_Search" time="1.137" classname="Test_Data_Generation.Tracking_Data_Update"/>
  <testcase name="Tracking_Number_Search" time="0.876" classname="Test_Data_Generation.Tracking_Data_Update"/>
  <testcase name="Tracking_Number_Search" time="1.236" classname="Test_Data_Generation.Tracking_Data_Update"/>
  <testcase name="Tracking_Number_Search" time="2.574" classname="Test_Data_Generation.Tracking_Data_Update"/>
  <testcase name="Tracking_Number_Search" time="0.948" classname="Test_Data_Generation.Tracking_Data_Update"/>
  <testcase name="Tracking_Number_Search" time="0.973" classname="Test_Data_Generation.Tracking_Data_Update"/>
  <testcase name="Tracking_Number_Search" time="0.960" classname="Test_Data_Generation.Tracking_Data_Update"/>
  <testcase name="Tracking_Number_Search" time="1.075" classname="Test_Data_Generation.Tracking_Data_Update"/>
  <testcase name="Tracking_Number_Search" time="2.162" classname="Test_Data_Generation.Tracking_Data_Update"/>
  <testcase name="Tracking_Number_Search" time="1.044" classname="Test_Data_Generation.Tracking_Data_Update"/>
  <testcase name="Tracking_Number_Search" time="1.649" classname="Test_Data_Generation.Tracking_Data_Update"/>
  <testcase name="Tracking_Number_Search" time="1.172" classname="Test_Data_Generation.Tracking_Data_Update"/>
  <testcase name="Tracking_Number_Search" time="0.968" classname="Test_Data_Generation.Tracking_Data_Update"/>
  <testcase name="Tracking_Number_Search" time="1.585" classname="Test_Data_Generation.Tracking_Data_Update"/>
  <testcase name="Tracking_Number_Search" time="0.901" classname="Test_Data_Generation.Tracking_Data_Update"/>
  <testcase name="Tracking_Number_Search" time="1.559" classname="Test_Data_Generation.Tracking_Data_Update"/>
  <testcase name="Tracking_Number_Search" time="1.029" classname="Test_Data_Generation.Tracking_Data_Update"/>
  <testcase name="Tracking_Number_Search" time="0.967" classname="Test_Data_Generation.Tracking_Data_Update"/>
  <testcase name="Tracking_Number_Search" time="1.431" classname="Test_Data_Generation.Tracking_Data_Update"/>
  <testcase name="Tracking_Number_Search" time="1.164" classname="Test_Data_Generation.Tracking_Data_Update"/>
  <testcase name="Tracking_Number_Search" time="1.459" classname="Test_Data_Generation.Tracking_Data_Update"/>
  <testcase name="Tracking_Number_Search" time="0.866" classname="Test_Data_Generation.Tracking_Data_Update"/>
  <testcase name="Tracking_Number_Search" time="1.282" classname="Test_Data_Generation.Tracking_Data_Update"/>
  <testcase name="Tracking_Number_Search" time="1.627" classname="Test_Data_Generation.Tracking_Data_Update"/>
  <testcase name="Tracking_Number_Search" time="0.951" classname="Test_Data_Generation.Tracking_Data_Update"/>
  <testcase name="Tracking_Number_Search" time="3.836" classname="Test_Data_Generation.Tracking_Data_Update"/>
  <testcase name="Tracking_Number_Search" time="4.612" classname="Test_Data_Generation.Tracking_Data_Update"/>
  <testcase name="Tracking_Number_Search" time="1.230" classname="Test_Data_Generation.Tracking_Data_Update"/>
  <testcase name="Tracking_Number_Search" time="1.410" classname="Test_Data_Generation.Tracking_Data_Update"/>
  <testcase name="Tracking_Number_Search" time="1.352" classname="Test_Data_Generation.Tracking_Data_Update"/>
  <testcase name="Tracking_Number_Search" time="1.442" classname="Test_Data_Generation.Tracking_Data_Update"/>
  <testcase name="Tracking_Number_Search" time="0.858" classname="Test_Data_Generation.Tracking_Data_Update"/>
  <testcase name="Tracking_Number_Search" time="1.835" classname="Test_Data_Generation.Tracking_Data_Update"/>
  <testcase name="Tracking_Number_Search" time="1.705" classname="Test_Data_Generation.Tracking_Data_Update"/>
  <testcase name="Tracking_Number_Search" time="1.430" classname="Test_Data_Generation.Tracking_Data_Update"/>
  <testcase name="Tracking_Number_Search" time="0.785" classname="Test_Data_Generation.Tracking_Data_Update"/>
  <testcase name="Tracking_Number_Search" time="1.008" classname="Test_Data_Generation.Tracking_Data_Update"/>
  <testcase name="Tracking_Number_Search" time="2.184" classname="Test_Data_Generation.Tracking_Data_Update"/>
  <testcase name="Tracking_Number_Search" time="1.304" classname="Test_Data_Generation.Tracking_Data_Update"/>
  <testcase name="Tracking_Number_Search" time="4.345" classname="Test_Data_Generation.Tracking_Data_Update"/>
  <testcase name="Tracking_Number_Search" time="2.696" classname="Test_Data_Generation.Tracking_Data_Update"/>
  <testcase name="Tracking_Number_Search" time="3.850" classname="Test_Data_Generation.Tracking_Data_Update"/>
  <testcase name="Tracking_Number_Search" time="5.142" classname="Test_Data_Generation.Tracking_Data_Update"/>
  <testcase name="Tracking_Number_Search" time="0.968" classname="Test_Data_Generation.Tracking_Data_Update"/>
  <testcase name="Tracking_Number_Search" time="0.880" classname="Test_Data_Generation.Tracking_Data_Update"/>
  <testcase name="Tracking_Number_Search" time="0.871" classname="Test_Data_Generation.Tracking_Data_Update"/>
  <testcase name="Tracking_Number_Search" time="0.992" classname="Test_Data_Generation.Tracking_Data_Update"/>
  <testcase name="Tracking_Number_Search" time="0.690" classname="Test_Data_Generation.Tracking_Data_Update"/>
  <testcase name="Tracking_Number_Search" time="1.240" classname="Test_Data_Generation.Tracking_Data_Update"/>
  <testcase name="Tracking_Number_Search" time="1.263" classname="Test_Data_Generation.Tracking_Data_Update"/>
  <testcase name="Tracking_Number_Search" time="1.128" classname="Test_Data_Generation.Tracking_Data_Update"/>
  <testcase name="Tracking_Number_Search" time="1.442" classname="Test_Data_Generation.Tracking_Data_Update"/>
  <testcase name="Tracking_Number_Search" time="1.265" classname="Test_Data_Generation.Tracking_Data_Update"/>
  <testcase name="Tracking_Number_Search" time="1.056" classname="Test_Data_Generation.Tracking_Data_Update"/>
  <testcase name="Tracking_Number_Search" time="0.973" classname="Test_Data_Generation.Tracking_Data_Update"/>
  <testcase name="Tracking_Number_Search" time="1.176" classname="Test_Data_Generation.Tracking_Data_Update"/>
  <testcase name="Tracking_Number_Search" time="1.156" classname="Test_Data_Generation.Tracking_Data_Update"/>
  <testcase name="Tracking_Number_Search" time="1.236" classname="Test_Data_Generation.Tracking_Data_Update"/>
  <testcase name="Tracking_Number_Search" time="0.883" classname="Test_Data_Generation.Tracking_Data_Update"/>
  <testcase name="Tracking_Number_Search" time="0.808" classname="Test_Data_Generation.Tracking_Data_Update"/>
  <testcase name="Tracking_Number_Search" time="2.308" classname="Test_Data_Generation.Tracking_Data_Update"/>
  <testcase name="Tracking_Number_Search" time="1.419" classname="Test_Data_Generation.Tracking_Data_Update"/>
  <testcase name="Tracking_Number_Search" time="1.764" classname="Test_Data_Generation.Tracking_Data_Update"/>
  <testcase name="Tracking_Number_Search" time="1.778" classname="Test_Data_Generation.Tracking_Data_Update"/>
  <testcase name="Tracking_Number_Search" time="1.187" classname="Test_Data_Generation.Tracking_Data_Update"/>
  <testcase name="Tracking_Number_Search" time="2.313" classname="Test_Data_Generation.Tracking_Data_Update"/>
  <testcase name="Tracking_Number_Search" time="1.272" classname="Test_Data_Generation.Tracking_Data_Update"/>
  <testcase name="Tracking_Number_Search" time="2.044" classname="Test_Data_Generation.Tracking_Data_Update"/>
  <testcase name="Tracking_Number_Search" time="2.754" classname="Test_Data_Generation.Tracking_Data_Update"/>
  <testcase name="Tracking_Number_Search" time="1.248" classname="Test_Data_Generation.Tracking_Data_Update"/>
  <testcase name="Tracking_Number_Search" time="1.179" classname="Test_Data_Generation.Tracking_Data_Update"/>
  <testcase name="Tracking_Number_Search" time="1.292" classname="Test_Data_Generation.Tracking_Data_Update"/>
  <testcase name="Tracking_Number_Search" time="1.324" classname="Test_Data_Generation.Tracking_Data_Update"/>
  <testcase name="Tracking_Number_Search" time="1.739" classname="Test_Data_Generation.Tracking_Data_Update"/>
  <testcase name="Tracking_Number_Search" time="1.589" classname="Test_Data_Generation.Tracking_Data_Update"/>
  <testcase name="Tracking_Number_Search" time="1.403" classname="Test_Data_Generation.Tracking_Data_Update"/>
  <testcase name="Tracking_Number_Search" time="1.459" classname="Test_Data_Generation.Tracking_Data_Update"/>
  <testcase name="Tracking_Number_Search" time="1.823" classname="Test_Data_Generation.Tracking_Data_Update"/>
  <testcase name="Tracking_Number_Search" time="1.165" classname="Test_Data_Generation.Tracking_Data_Update"/>
  <testcase name="Tracking_Number_Search" time="0.981" classname="Test_Data_Generation.Tracking_Data_Update"/>
  <testcase name="Tracking_Number_Search" time="1.154" classname="Test_Data_Generation.Tracking_Data_Update"/>
  <testcase name="Tracking_Number_Search" time="5.935" classname="Test_Data_Generation.Tracking_Data_Update"/>
  <testcase name="Tracking_Number_Search" time="1.289" classname="Test_Data_Generation.Tracking_Data_Update"/>
  <testcase name="Tracking_Number_Search" time="1.943" classname="Test_Data_Generation.Tracking_Data_Update"/>
  <testcase name="Tracking_Number_Search" time="1.569" classname="Test_Data_Generation.Tracking_Data_Update"/>
  <testcase name="Tracking_Number_Search" time="0.890" classname="Test_Data_Generation.Tracking_Data_Update"/>
  <testcase name="Tracking_Number_Search" time="1.687" classname="Test_Data_Generation.Tracking_Data_Update"/>
  <testcase name="Tracking_Number_Search" time="1.573" classname="Test_Data_Generation.Tracking_Data_Update"/>
  <testcase name="Tracking_Number_Search" time="1.502" classname="Test_Data_Generation.Tracking_Data_Update"/>
  <testcase name="Tracking_Number_Search" time="0.771" classname="Test_Data_Generation.Tracking_Data_Update"/>
  <testcase name="Tracking_Number_Search" time="6.590" classname="Test_Data_Generation.Tracking_Data_Update"/>
  <testcase name="Tracking_Number_Search" time="1.267" classname="Test_Data_Generation.Tracking_Data_Update"/>
  <testcase name="Tracking_Number_Search" time="1.150" classname="Test_Data_Generation.Tracking_Data_Update"/>
  <testcase name="Tracking_Number_Search" time="1.215" classname="Test_Data_Generation.Tracking_Data_Update"/>
  <testcase name="Tracking_Number_Search" time="1.932" classname="Test_Data_Generation.Tracking_Data_Update"/>
  <testcase name="Tracking_Number_Search" time="1.084" classname="Test_Data_Generation.Tracking_Data_Update"/>
  <testcase name="Tracking_Number_Search" time="2.001" classname="Test_Data_Generation.Tracking_Data_Update"/>
  <testcase name="Tracking_Number_Search" time="2.157" classname="Test_Data_Generation.Tracking_Data_Update"/>
  <testcase name="Tracking_Number_Search" time="1.100" classname="Test_Data_Generation.Tracking_Data_Update"/>
  <testcase name="Tracking_Number_Search" time="1.582" classname="Test_Data_Generation.Tracking_Data_Update"/>
  <testcase name="Tracking_Number_Search" time="1.565" classname="Test_Data_Generation.Tracking_Data_Update"/>
  <testcase name="Tracking_Number_Search" time="1.184" classname="Test_Data_Generation.Tracking_Data_Update"/>
  <testcase name="Tracking_Number_Search" time="1.489" classname="Test_Data_Generation.Tracking_Data_Update"/>
  <testcase name="Tracking_Number_Search" time="1.780" classname="Test_Data_Generation.Tracking_Data_Update"/>
  <testcase name="Tracking_Number_Search" time="1.549" classname="Test_Data_Generation.Tracking_Data_Update"/>
  <testcase name="Tracking_Number_Search" time="1.014" classname="Test_Data_Generation.Tracking_Data_Update"/>
  <testcase name="Tracking_Number_Search" time="0.963" classname="Test_Data_Generation.Tracking_Data_Update"/>
  <testcase name="Tracking_Number_Search" time="1.133" classname="Test_Data_Generation.Tracking_Data_Update"/>
  <testcase name="Tracking_Number_Search" time="1.220" classname="Test_Data_Generation.Tracking_Data_Update"/>
  <testcase name="Tracking_Number_Search" time="1.390" classname="Test_Data_Generation.Tracking_Data_Update"/>
  <testcase name="Tracking_Number_Search" time="0.819" classname="Test_Data_Generation.Tracking_Data_Update"/>
  <testcase name="Tracking_Number_Search" time="2.115" classname="Test_Data_Generation.Tracking_Data_Update"/>
  <testcase name="Tracking_Number_Search" time="1.218" classname="Test_Data_Generation.Tracking_Data_Update"/>
  <testcase name="Tracking_Number_Search" time="1.323" classname="Test_Data_Generation.Tracking_Data_Update"/>
  <testcase name="Tracking_Number_Search" time="0.885" classname="Test_Data_Generation.Tracking_Data_Update"/>
  <testcase name="Tracking_Number_Search" time="1.503" classname="Test_Data_Generation.Tracking_Data_Update"/>
  <testcase name="Tracking_Number_Search" time="1.127" classname="Test_Data_Generation.Tracking_Data_Update"/>
  <testcase name="Tracking_Number_Search" time="1.084" classname="Test_Data_Generation.Tracking_Data_Update"/>
  <testcase name="Tracking_Number_Search" time="2.702" classname="Test_Data_Generation.Tracking_Data_Update"/>
  <testcase name="Tracking_Number_Search" time="1.611" classname="Test_Data_Generation.Tracking_Data_Update"/>
  <testcase name="Tracking_Number_Search" time="1.606" classname="Test_Data_Generation.Tracking_Data_Update"/>
  <testcase name="Tracking_Number_Search" time="1.297" classname="Test_Data_Generation.Tracking_Data_Update"/>
  <testcase name="Tracking_Number_Search" time="0.975" classname="Test_Data_Generation.Tracking_Data_Update"/>
  <testcase name="Tracking_Number_Search" time="1.390" classname="Test_Data_Generation.Tracking_Data_Update"/>
  <testcase name="Tracking_Number_Search" time="1.441" classname="Test_Data_Generation.Tracking_Data_Update"/>
  <testcase name="Tracking_Number_Search" time="1.323" classname="Test_Data_Generation.Tracking_Data_Update"/>
  <testcase name="Tracking_Number_Search" time="1.511" classname="Test_Data_Generation.Tracking_Data_Update"/>
  <testcase name="Tracking_Number_Search" time="1.426" classname="Test_Data_Generation.Tracking_Data_Update"/>
  <testcase name="Tracking_Number_Search" time="3.312" classname="Test_Data_Generation.Tracking_Data_Update"/>
  <testcase name="Tracking_Number_Search" time="9.480" classname="Test_Data_Generation.Tracking_Data_Update"/>
  <testcase name="Tracking_Number_Search" time="0.804" classname="Test_Data_Generation.Tracking_Data_Update"/>
  <testcase name="Tracking_Number_Search" time="1.033" classname="Test_Data_Generation.Tracking_Data_Update"/>
  <testcase name="Tracking_Number_Search" time="1.343" classname="Test_Data_Generation.Tracking_Data_Update"/>
  <testcase name="Tracking_Number_Search" time="1.472" classname="Test_Data_Generation.Tracking_Data_Update"/>
  <testcase name="Tracking_Number_Search" time="0.878" classname="Test_Data_Generation.Tracking_Data_Update"/>
  <testcase name="Tracking_Number_Search" time="1.304" classname="Test_Data_Generation.Tracking_Data_Update"/>
  <testcase name="Tracking_Number_Search" time="2.634" classname="Test_Data_Generation.Tracking_Data_Update"/>
  <testcase name="Tracking_Number_Search" time="0.892" classname="Test_Data_Generation.Tracking_Data_Update"/>
  <testcase name="Tracking_Number_Search" time="1.365" classname="Test_Data_Generation.Tracking_Data_Update"/>
  <testcase name="Tracking_Number_Search" time="0.921" classname="Test_Data_Generation.Tracking_Data_Update"/>
  <testcase name="Tracking_Number_Search" time="1.183" classname="Test_Data_Generation.Tracking_Data_Update"/>
  <testcase name="Tracking_Number_Search" time="1.140" classname="Test_Data_Generation.Tracking_Data_Update"/>
  <testcase name="Tracking_Number_Search" time="1.079" classname="Test_Data_Generation.Tracking_Data_Update"/>
  <testcase name="Tracking_Number_Search" time="1.178" classname="Test_Data_Generation.Tracking_Data_Update"/>
  <testcase name="Tracking_Number_Search" time="0.842" classname="Test_Data_Generation.Tracking_Data_Update"/>
  <testcase name="Tracking_Number_Search" time="2.052" classname="Test_Data_Generation.Tracking_Data_Update"/>
  <testcase name="Tracking_Number_Search" time="1.128" classname="Test_Data_Generation.Tracking_Data_Update"/>
  <testcase name="Tracking_Number_Search" time="1.329" classname="Test_Data_Generation.Tracking_Data_Update"/>
  <testcase name="Tracking_Number_Search" time="1.067" classname="Test_Data_Generation.Tracking_Data_Update"/>
  <testcase name="Tracking_Number_Search" time="1.049" classname="Test_Data_Generation.Tracking_Data_Update"/>
  <testcase name="Tracking_Number_Search" time="0.983" classname="Test_Data_Generation.Tracking_Data_Update"/>
  <testcase name="Tracking_Number_Search" time="0.812" classname="Test_Data_Generation.Tracking_Data_Update"/>
  <testcase name="Tracking_Number_Search" time="1.209" classname="Test_Data_Generation.Tracking_Data_Update"/>
  <testcase name="Tracking_Number_Search" time="1.206" classname="Test_Data_Generation.Tracking_Data_Update"/>
  <testcase name="Tracking_Number_Search" time="1.245" classname="Test_Data_Generation.Tracking_Data_Update"/>
  <testcase name="Tracking_Number_Search" time="0.910" classname="Test_Data_Generation.Tracking_Data_Update"/>
  <testcase name="Tracking_Number_Search" time="1.129" classname="Test_Data_Generation.Tracking_Data_Update"/>
  <testcase name="Tracking_Number_Search" time="5.058" classname="Test_Data_Generation.Tracking_Data_Update"/>
  <testcase name="Tracking_Number_Search" time="1.176" classname="Test_Data_Generation.Tracking_Data_Update"/>
  <testcase name="Tracking_Number_Search" time="1.735" classname="Test_Data_Generation.Tracking_Data_Update"/>
  <testcase name="Tracking_Number_Search" time="1.346" classname="Test_Data_Generation.Tracking_Data_Update"/>
  <testcase name="Tracking_Number_Search" time="1.690" classname="Test_Data_Generation.Tracking_Data_Update"/>
  <testcase name="Tracking_Number_Search" time="1.213" classname="Test_Data_Generation.Tracking_Data_Update"/>
  <testcase name="Tracking_Number_Search" time="1.471" classname="Test_Data_Generation.Tracking_Data_Update"/>
  <testcase name="Tracking_Number_Search" time="1.334" classname="Test_Data_Generation.Tracking_Data_Update"/>
  <testcase name="Tracking_Number_Search" time="0.978" classname="Test_Data_Generation.Tracking_Data_Update"/>
  <testcase name="Tracking_Number_Search" time="1.119" classname="Test_Data_Generation.Tracking_Data_Update"/>
  <testcase name="Tracking_Number_Search" time="1.514" classname="Test_Data_Generation.Tracking_Data_Update"/>
  <testcase name="Tracking_Number_Search" time="1.352" classname="Test_Data_Generation.Tracking_Data_Update"/>
  <testcase name="Tracking_Number_Search" time="1.272" classname="Test_Data_Generation.Tracking_Data_Update"/>
  <testcase name="Tracking_Number_Search" time="1.267" classname="Test_Data_Generation.Tracking_Data_Update"/>
  <testcase name="Tracking_Number_Search" time="1.300" classname="Test_Data_Generation.Tracking_Data_Update"/>
  <testcase name="Tracking_Number_Search" time="1.433" classname="Test_Data_Generation.Tracking_Data_Update"/>
  <testcase name="Tracking_Number_Search" time="1.417" classname="Test_Data_Generation.Tracking_Data_Update"/>
  <testcase name="Tracking_Number_Search" time="1.265" classname="Test_Data_Generation.Tracking_Data_Update"/>
  <testcase name="Tracking_Number_Search" time="1.105" classname="Test_Data_Generation.Tracking_Data_Update"/>
  <testcase name="Tracking_Number_Search" time="1.197" classname="Test_Data_Generation.Tracking_Data_Update"/>
  <testcase name="Tracking_Number_Search" time="0.966" classname="Test_Data_Generation.Tracking_Data_Update"/>
  <testcase name="Tracking_Number_Search" time="1.145" classname="Test_Data_Generation.Tracking_Data_Update"/>
  <testcase name="Tracking_Number_Search" time="1.349" classname="Test_Data_Generation.Tracking_Data_Update"/>
  <testcase name="Tracking_Number_Search" time="1.443" classname="Test_Data_Generation.Tracking_Data_Update"/>
  <testcase name="Tracking_Number_Search" time="1.414" classname="Test_Data_Generation.Tracking_Data_Update"/>
  <testcase name="Tracking_Number_Search" time="1.244" classname="Test_Data_Generation.Tracking_Data_Update"/>
  <testcase name="Tracking_Number_Search" time="1.063" classname="Test_Data_Generation.Tracking_Data_Update"/>
  <testcase name="Tracking_Number_Search" time="1.282" classname="Test_Data_Generation.Tracking_Data_Update"/>
  <testcase name="Tracking_Number_Search" time="1.154" classname="Test_Data_Generation.Tracking_Data_Update"/>
  <testcase name="Tracking_Number_Search" time="1.110" classname="Test_Data_Generation.Tracking_Data_Update"/>
  <testcase name="Tracking_Number_Search" time="1.637" classname="Test_Data_Generation.Tracking_Data_Update"/>
  <testcase name="Tracking_Number_Search" time="5.216" classname="Test_Data_Generation.Tracking_Data_Update"/>
  <testcase name="Tracking_Number_Search" time="1.375" classname="Test_Data_Generation.Tracking_Data_Update"/>
  <testcase name="Tracking_Number_Search" time="1.326" classname="Test_Data_Generation.Tracking_Data_Update"/>
  <testcase name="Tracking_Number_Search" time="1.081" classname="Test_Data_Generation.Tracking_Data_Update"/>
  <testcase name="Tracking_Number_Search" time="1.234" classname="Test_Data_Generation.Tracking_Data_Update"/>
  <testcase name="Tracking_Number_Search" time="1.401" classname="Test_Data_Generation.Tracking_Data_Update"/>
  <testcase name="Tracking_Number_Search" time="1.106" classname="Test_Data_Generation.Tracking_Data_Update"/>
  <testcase name="Tracking_Number_Search" time="1.256" classname="Test_Data_Generation.Tracking_Data_Update"/>
  <testcase name="Tracking_Number_Search" time="0.830" classname="Test_Data_Generation.Tracking_Data_Update"/>
  <testcase name="Tracking_Number_Search" time="1.602" classname="Test_Data_Generation.Tracking_Data_Update"/>
  <testcase name="Tracking_Number_Search" time="1.226" classname="Test_Data_Generation.Tracking_Data_Update"/>
  <testcase name="Tracking_Number_Search" time="1.269" classname="Test_Data_Generation.Tracking_Data_Update"/>
  <testcase name="Tracking_Number_Search" time="1.386" classname="Test_Data_Generation.Tracking_Data_Update"/>
  <testcase name="Tracking_Number_Search" time="1.092" classname="Test_Data_Generation.Tracking_Data_Update"/>
  <testcase name="Tracking_Number_Search" time="6.183" classname="Test_Data_Generation.Tracking_Data_Update"/>
  <testcase name="Tracking_Number_Search" time="0.862" classname="Test_Data_Generation.Tracking_Data_Update"/>
  <testcase name="Tracking_Number_Search" time="1.420" classname="Test_Data_Generation.Tracking_Data_Update"/>
  <testcase name="Tracking_Number_Search" time="1.572" classname="Test_Data_Generation.Tracking_Data_Update"/>
  <testcase name="Tracking_Number_Search" time="0.913" classname="Test_Data_Generation.Tracking_Data_Update"/>
  <testcase name="Tracking_Number_Search" time="1.484" classname="Test_Data_Generation.Tracking_Data_Update"/>
  <testcase name="Tracking_Number_Search" time="1.395" classname="Test_Data_Generation.Tracking_Data_Update"/>
  <testcase name="Tracking_Number_Search" time="1.601" classname="Test_Data_Generation.Tracking_Data_Update"/>
  <testcase name="Tracking_Number_Search" time="1.563" classname="Test_Data_Generation.Tracking_Data_Update"/>
  <testcase name="Tracking_Number_Search" time="0.948" classname="Test_Data_Generation.Tracking_Data_Update"/>
  <testcase name="Tracking_Number_Search" time="1.290" classname="Test_Data_Generation.Tracking_Data_Update"/>
  <testcase name="Tracking_Number_Search" time="1.361" classname="Test_Data_Generation.Tracking_Data_Update"/>
  <testcase name="Tracking_Number_Search" time="1.425" classname="Test_Data_Generation.Tracking_Data_Update"/>
  <testcase name="Tracking_Number_Search" time="1.629" classname="Test_Data_Generation.Tracking_Data_Update"/>
  <testcase name="Tracking_Number_Search" time="2.752" classname="Test_Data_Generation.Tracking_Data_Update"/>
  <testcase name="Tracking_Number_Search" time="1.281" classname="Test_Data_Generation.Tracking_Data_Update"/>
  <testcase name="Tracking_Number_Search" time="1.713" classname="Test_Data_Generation.Tracking_Data_Update"/>
  <testcase name="Tracking_Number_Search" time="1.136" classname="Test_Data_Generation.Tracking_Data_Update"/>
  <testcase name="Tracking_Number_Search" time="0.997" classname="Test_Data_Generation.Tracking_Data_Update"/>
  <testcase name="Tracking_Number_Search" time="1.266" classname="Test_Data_Generation.Tracking_Data_Update"/>
  <testcase name="Tracking_Number_Search" time="0.965" classname="Test_Data_Generation.Tracking_Data_Update"/>
  <testcase name="Tracking_Number_Search" time="1.786" classname="Test_Data_Generation.Tracking_Data_Update"/>
  <testcase name="Tracking_Number_Search" time="4.999" classname="Test_Data_Generation.Tracking_Data_Update"/>
  <testcase name="Tracking_Number_Search" time="1.662" classname="Test_Data_Generation.Tracking_Data_Update"/>
  <testcase name="Tracking_Number_Search" time="1.436" classname="Test_Data_Generation.Tracking_Data_Update"/>
  <testcase name="Tracking_Number_Search" time="0.980" classname="Test_Data_Generation.Tracking_Data_Update"/>
  <testcase name="Tracking_Number_Search" time="1.258" classname="Test_Data_Generation.Tracking_Data_Update"/>
  <testcase name="Tracking_Number_Search" time="1.620" classname="Test_Data_Generation.Tracking_Data_Update"/>
  <testcase name="Tracking_Number_Search" time="1.313" classname="Test_Data_Generation.Tracking_Data_Update"/>
  <testcase name="Tracking_Number_Search" time="2.788" classname="Test_Data_Generation.Tracking_Data_Update"/>
  <testcase name="Tracking_Number_Search" time="2.613" classname="Test_Data_Generation.Tracking_Data_Update"/>
  <testcase name="Tracking_Number_Search" time="2.007" classname="Test_Data_Generation.Tracking_Data_Update"/>
  <testcase name="Tracking_Number_Search" time="0.997" classname="Test_Data_Generation.Tracking_Data_Update"/>
  <testcase name="Tracking_Number_Search" time="0.860" classname="Test_Data_Generation.Tracking_Data_Update"/>
  <testcase name="Tracking_Number_Search" time="0.944" classname="Test_Data_Generation.Tracking_Data_Update"/>
  <testcase name="Tracking_Number_Search" time="1.321" classname="Test_Data_Generation.Tracking_Data_Update"/>
  <testcase name="Tracking_Number_Search" time="1.103" classname="Test_Data_Generation.Tracking_Data_Update"/>
  <testcase name="Tracking_Number_Search" time="1.773" classname="Test_Data_Generation.Tracking_Data_Update"/>
  <testcase name="Tracking_Number_Search" time="0.906" classname="Test_Data_Generation.Tracking_Data_Update"/>
  <testcase name="Tracking_Number_Search" time="0.933" classname="Test_Data_Generation.Tracking_Data_Update"/>
  <testcase name="Tracking_Number_Search" time="1.352" classname="Test_Data_Generation.Tracking_Data_Update"/>
  <testcase name="Tracking_Number_Search" time="1.104" classname="Test_Data_Generation.Tracking_Data_Update"/>
  <testcase name="Tracking_Number_Search" time="5.131" classname="Test_Data_Generation.Tracking_Data_Update"/>
  <testcase name="Tracking_Number_Search" time="1.953" classname="Test_Data_Generation.Tracking_Data_Update"/>
  <testcase name="Tracking_Number_Search" time="1.708" classname="Test_Data_Generation.Tracking_Data_Update"/>
  <testcase name="Tracking_Number_Search" time="1.060" classname="Test_Data_Generation.Tracking_Data_Update"/>
  <testcase name="Tracking_Number_Search" time="1.674" classname="Test_Data_Generation.Tracking_Data_Update"/>
  <testcase name="Tracking_Number_Search" time="1.128" classname="Test_Data_Generation.Tracking_Data_Update"/>
  <testcase name="Tracking_Number_Search" time="1.381" classname="Test_Data_Generation.Tracking_Data_Update"/>
  <testcase name="Tracking_Number_Search" time="1.163" classname="Test_Data_Generation.Tracking_Data_Update"/>
  <testcase name="Tracking_Number_Search" time="4.081" classname="Test_Data_Generation.Tracking_Data_Update"/>
  <testcase name="Tracking_Number_Search" time="0.995" classname="Test_Data_Generation.Tracking_Data_Update"/>
  <testcase name="Tracking_Number_Search" time="1.243" classname="Test_Data_Generation.Tracking_Data_Update"/>
  <testcase name="Tracking_Number_Search" time="1.700" classname="Test_Data_Generation.Tracking_Data_Update"/>
  <testcase name="Tracking_Number_Search" time="1.159" classname="Test_Data_Generation.Tracking_Data_Update"/>
  <testcase name="Tracking_Number_Search" time="1.316" classname="Test_Data_Generation.Tracking_Data_Update"/>
  <testcase name="Tracking_Number_Search" time="1.184" classname="Test_Data_Generation.Tracking_Data_Update"/>
  <testcase name="Tracking_Number_Search" time="1.079" classname="Test_Data_Generation.Tracking_Data_Update"/>
  <testcase name="Tracking_Number_Search" time="1.918" classname="Test_Data_Generation.Tracking_Data_Update"/>
  <testcase name="Tracking_Number_Search" time="1.157" classname="Test_Data_Generation.Tracking_Data_Update"/>
  <testcase name="Tracking_Number_Search" time="1.220" classname="Test_Data_Generation.Tracking_Data_Update"/>
  <testcase name="Tracking_Number_Search" time="1.035" classname="Test_Data_Generation.Tracking_Data_Update"/>
  <testcase name="Tracking_Number_Search" time="1.858" classname="Test_Data_Generation.Tracking_Data_Update"/>
  <testcase name="Tracking_Number_Search" time="1.154" classname="Test_Data_Generation.Tracking_Data_Update"/>
  <testcase name="Tracking_Number_Search" time="1.180" classname="Test_Data_Generation.Tracking_Data_Update"/>
  <testcase name="Tracking_Number_Search" time="1.128" classname="Test_Data_Generation.Tracking_Data_Update"/>
  <testcase name="Tracking_Number_Search" time="1.283" classname="Test_Data_Generation.Tracking_Data_Update"/>
  <testcase name="Tracking_Number_Search" time="1.087" classname="Test_Data_Generation.Tracking_Data_Update"/>
  <testcase name="Tracking_Number_Search" time="0.964" classname="Test_Data_Generation.Tracking_Data_Update"/>
  <testcase name="Tracking_Number_Search" time="1.160" classname="Test_Data_Generation.Tracking_Data_Update"/>
  <testcase name="Tracking_Number_Search" time="1.818" classname="Test_Data_Generation.Tracking_Data_Update"/>
  <testcase name="Tracking_Number_Search" time="1.800" classname="Test_Data_Generation.Tracking_Data_Update"/>
  <testcase name="Tracking_Number_Search" time="1.676" classname="Test_Data_Generation.Tracking_Data_Update"/>
  <testcase name="Tracking_Number_Search" time="5.025" classname="Test_Data_Generation.Tracking_Data_Update"/>
  <testcase name="Tracking_Number_Search" time="2.019" classname="Test_Data_Generation.Tracking_Data_Update"/>
  <testcase name="Tracking_Number_Search" time="1.212" classname="Test_Data_Generation.Tracking_Data_Update"/>
  <testcase name="Tracking_Number_Search" time="1.037" classname="Test_Data_Generation.Tracking_Data_Update"/>
  <testcase name="Tracking_Number_Search" time="0.857" classname="Test_Data_Generation.Tracking_Data_Update"/>
  <testcase name="Tracking_Number_Search" time="1.835" classname="Test_Data_Generation.Tracking_Data_Update"/>
  <testcase name="Tracking_Number_Search" time="1.285" classname="Test_Data_Generation.Tracking_Data_Update"/>
  <testcase name="Tracking_Number_Search" time="1.242" classname="Test_Data_Generation.Tracking_Data_Update"/>
  <testcase name="Tracking_Number_Search" time="1.010" classname="Test_Data_Generation.Tracking_Data_Update"/>
  <testcase name="Tracking_Number_Search" time="1.530" classname="Test_Data_Generation.Tracking_Data_Update"/>
  <testcase name="Tracking_Number_Search" time="0.869" classname="Test_Data_Generation.Tracking_Data_Update"/>
  <testcase name="Tracking_Number_Search" time="1.098" classname="Test_Data_Generation.Tracking_Data_Update"/>
  <testcase name="Tracking_Number_Search" time="4.107" classname="Test_Data_Generation.Tracking_Data_Update"/>
  <testcase name="Tracking_Number_Search" time="1.452" classname="Test_Data_Generation.Tracking_Data_Update"/>
  <testcase name="Tracking_Number_Search" time="5.083" classname="Test_Data_Generation.Tracking_Data_Update"/>
  <testcase name="Tracking_Number_Search" time="1.273" classname="Test_Data_Generation.Tracking_Data_Update"/>
  <testcase name="Tracking_Number_Search" time="1.067" classname="Test_Data_Generation.Tracking_Data_Update"/>
  <testcase name="Tracking_Number_Search" time="2.199" classname="Test_Data_Generation.Tracking_Data_Update"/>
  <testcase name="Tracking_Number_Search" time="1.112" classname="Test_Data_Generation.Tracking_Data_Update"/>
  <testcase name="Tracking_Number_Search" time="1.684" classname="Test_Data_Generation.Tracking_Data_Update"/>
  <testcase name="Tracking_Number_Search" time="5.653" classname="Test_Data_Generation.Tracking_Data_Update"/>
  <testcase name="Tracking_Number_Search" time="1.244" classname="Test_Data_Generation.Tracking_Data_Update"/>
  <testcase name="Tracking_Number_Search" time="1.673" classname="Test_Data_Generation.Tracking_Data_Update"/>
  <testcase name="Tracking_Number_Search" time="1.702" classname="Test_Data_Generation.Tracking_Data_Update"/>
  <testcase name="Tracking_Number_Search" time="1.398" classname="Test_Data_Generation.Tracking_Data_Update"/>
  <testcase name="Tracking_Number_Search" time="1.155" classname="Test_Data_Generation.Tracking_Data_Update"/>
  <testcase name="Tracking_Number_Search" time="1.220" classname="Test_Data_Generation.Tracking_Data_Update"/>
  <testcase name="Tracking_Number_Search" time="1.861" classname="Test_Data_Generation.Tracking_Data_Update"/>
  <testcase name="Tracking_Number_Search" time="3.546" classname="Test_Data_Generation.Tracking_Data_Update"/>
  <testcase name="Tracking_Number_Search" time="3.042" classname="Test_Data_Generation.Tracking_Data_Update"/>
  <testcase name="Tracking_Number_Search" time="2.049" classname="Test_Data_Generation.Tracking_Data_Update"/>
  <testcase name="Tracking_Number_Search" time="1.752" classname="Test_Data_Generation.Tracking_Data_Update"/>
  <testcase name="Tracking_Number_Search" time="1.160" classname="Test_Data_Generation.Tracking_Data_Update"/>
  <testcase name="Tracking_Number_Search" time="4.066" classname="Test_Data_Generation.Tracking_Data_Update"/>
  <testcase name="Tracking_Number_Search" time="2.907" classname="Test_Data_Generation.Tracking_Data_Update"/>
  <testcase name="Tracking_Number_Search" time="0.982" classname="Test_Data_Generation.Tracking_Data_Update"/>
  <testcase name="Tracking_Number_Search" time="1.424" classname="Test_Data_Generation.Tracking_Data_Update"/>
  <testcase name="Tracking_Number_Search" time="2.173" classname="Test_Data_Generation.Tracking_Data_Update"/>
  <testcase name="Tracking_Number_Search" time="1.419" classname="Test_Data_Generation.Tracking_Data_Update"/>
  <testcase name="Tracking_Number_Search" time="1.003" classname="Test_Data_Generation.Tracking_Data_Update"/>
  <testcase name="Tracking_Number_Search" time="1.506" classname="Test_Data_Generation.Tracking_Data_Update"/>
  <testcase name="Tracking_Number_Search" time="2.083" classname="Test_Data_Generation.Tracking_Data_Update"/>
  <testcase name="Tracking_Number_Search" time="4.429" classname="Test_Data_Generation.Tracking_Data_Update"/>
  <testcase name="Tracking_Number_Search" time="1.236" classname="Test_Data_Generation.Tracking_Data_Update"/>
  <testcase name="Tracking_Number_Search" time="1.707" classname="Test_Data_Generation.Tracking_Data_Update"/>
  <testcase name="Tracking_Number_Search" time="1.576" classname="Test_Data_Generation.Tracking_Data_Update"/>
  <testcase name="Tracking_Number_Search" time="0.981" classname="Test_Data_Generation.Tracking_Data_Update"/>
  <testcase name="Tracking_Number_Search" time="1.223" classname="Test_Data_Generation.Tracking_Data_Update"/>
  <testcase name="Tracking_Number_Search" time="1.368" classname="Test_Data_Generation.Tracking_Data_Update"/>
  <testcase name="Tracking_Number_Search" time="1.275" classname="Test_Data_Generation.Tracking_Data_Update"/>
  <testcase name="Tracking_Number_Search" time="1.056" classname="Test_Data_Generation.Tracking_Data_Update"/>
  <testcase name="Tracking_Number_Search" time="0.713" classname="Test_Data_Generation.Tracking_Data_Update"/>
  <testcase name="Tracking_Number_Search" time="1.061" classname="Test_Data_Generation.Tracking_Data_Update"/>
  <testcase name="Tracking_Number_Search" time="1.779" classname="Test_Data_Generation.Tracking_Data_Update"/>
  <testcase name="Tracking_Number_Search" time="1.711" classname="Test_Data_Generation.Tracking_Data_Update"/>
  <testcase name="Tracking_Number_Search" time="1.052" classname="Test_Data_Generation.Tracking_Data_Update"/>
  <testcase name="Tracking_Number_Search" time="1.156" classname="Test_Data_Generation.Tracking_Data_Update"/>
  <testcase name="Tracking_Number_Search" time="1.356" classname="Test_Data_Generation.Tracking_Data_Update"/>
  <testcase name="Tracking_Number_Search" time="1.312" classname="Test_Data_Generation.Tracking_Data_Update"/>
  <testcase name="Tracking_Number_Search" time="1.039" classname="Test_Data_Generation.Tracking_Data_Update"/>
  <testcase name="Tracking_Number_Search" time="1.207" classname="Test_Data_Generation.Tracking_Data_Update"/>
  <testcase name="Tracking_Number_Search" time="1.440" classname="Test_Data_Generation.Tracking_Data_Update"/>
  <testcase name="Tracking_Number_Search" time="1.831" classname="Test_Data_Generation.Tracking_Data_Update"/>
  <testcase name="Tracking_Number_Search" time="1.286" classname="Test_Data_Generation.Tracking_Data_Update"/>
  <testcase name="Tracking_Number_Search" time="1.285" classname="Test_Data_Generation.Tracking_Data_Update"/>
  <testcase name="Tracking_Number_Search" time="1.937" classname="Test_Data_Generation.Tracking_Data_Update"/>
  <testcase name="Tracking_Number_Search" time="0.819" classname="Test_Data_Generation.Tracking_Data_Update"/>
  <testcase name="Tracking_Number_Search" time="1.800" classname="Test_Data_Generation.Tracking_Data_Update"/>
  <testcase name="Tracking_Number_Search" time="5.003" classname="Test_Data_Generation.Tracking_Data_Update"/>
  <testcase name="Tracking_Number_Search" time="1.368" classname="Test_Data_Generation.Tracking_Data_Update"/>
  <testcase name="Tracking_Number_Search" time="0.835" classname="Test_Data_Generation.Tracking_Data_Update"/>
  <testcase name="Tracking_Number_Search" time="1.624" classname="Test_Data_Generation.Tracking_Data_Update"/>
  <testcase name="Tracking_Number_Search" time="1.333" classname="Test_Data_Generation.Tracking_Data_Update"/>
  <testcase name="Tracking_Number_Search" time="1.137" classname="Test_Data_Generation.Tracking_Data_Update"/>
  <testcase name="Tracking_Number_Search" time="1.264" classname="Test_Data_Generation.Tracking_Data_Update"/>
  <testcase name="Tracking_Number_Search" time="1.428" classname="Test_Data_Generation.Tracking_Data_Update"/>
  <testcase name="Tracking_Number_Search" time="1.411" classname="Test_Data_Generation.Tracking_Data_Update"/>
  <testcase name="Tracking_Number_Search" time="1.014" classname="Test_Data_Generation.Tracking_Data_Update"/>
  <testcase name="Tracking_Number_Search" time="2.642" classname="Test_Data_Generation.Tracking_Data_Update"/>
  <testcase name="Tracking_Number_Search" time="1.225" classname="Test_Data_Generation.Tracking_Data_Update"/>
  <testcase name="Tracking_Number_Search" time="1.080" classname="Test_Data_Generation.Tracking_Data_Update"/>
  <testcase name="Tracking_Number_Search" time="2.246" classname="Test_Data_Generation.Tracking_Data_Update"/>
  <testcase name="Tracking_Number_Search" time="2.132" classname="Test_Data_Generation.Tracking_Data_Update"/>
  <testcase name="Tracking_Number_Search" time="2.301" classname="Test_Data_Generation.Tracking_Data_Update"/>
  <testcase name="Tracking_Number_Search" time="1.045" classname="Test_Data_Generation.Tracking_Data_Update"/>
  <testcase name="Tracking_Number_Search" time="1.509" classname="Test_Data_Generation.Tracking_Data_Update"/>
  <testcase name="Tracking_Number_Search" time="1.382" classname="Test_Data_Generation.Tracking_Data_Update"/>
  <testcase name="Tracking_Number_Search" time="1.477" classname="Test_Data_Generation.Tracking_Data_Update"/>
  <testcase name="Tracking_Number_Search" time="4.081" classname="Test_Data_Generation.Tracking_Data_Update"/>
  <testcase name="Tracking_Number_Search" time="1.312" classname="Test_Data_Generation.Tracking_Data_Update"/>
  <testcase name="Tracking_Number_Search" time="1.099" classname="Test_Data_Generation.Tracking_Data_Update"/>
  <testcase name="Tracking_Number_Search" time="1.605" classname="Test_Data_Generation.Tracking_Data_Update"/>
  <testcase name="Tracking_Number_Search" time="1.052" classname="Test_Data_Generation.Tracking_Data_Update"/>
  <testcase name="Tracking_Number_Search" time="1.197" classname="Test_Data_Generation.Tracking_Data_Update"/>
  <testcase name="Tracking_Number_Search" time="1.111" classname="Test_Data_Generation.Tracking_Data_Update"/>
  <testcase name="Tracking_Number_Search" time="0.858" classname="Test_Data_Generation.Tracking_Data_Update"/>
  <testcase name="Tracking_Number_Search" time="1.161" classname="Test_Data_Generation.Tracking_Data_Update"/>
  <testcase name="Tracking_Number_Search" time="1.180" classname="Test_Data_Generation.Tracking_Data_Update"/>
  <testcase name="Tracking_Number_Search" time="1.773" classname="Test_Data_Generation.Tracking_Data_Update"/>
  <testcase name="Tracking_Number_Search" time="1.156" classname="Test_Data_Generation.Tracking_Data_Update"/>
  <testcase name="Tracking_Number_Search" time="2.079" classname="Test_Data_Generation.Tracking_Data_Update"/>
  <testcase name="Tracking_Number_Search" time="2.762" classname="Test_Data_Generation.Tracking_Data_Update"/>
  <testcase name="Tracking_Number_Search" time="1.386" classname="Test_Data_Generation.Tracking_Data_Update"/>
  <testcase name="Tracking_Number_Search" time="1.676" classname="Test_Data_Generation.Tracking_Data_Update"/>
  <testcase name="Tracking_Number_Search" time="0.851" classname="Test_Data_Generation.Tracking_Data_Update"/>
  <testcase name="Tracking_Number_Search" time="0.951" classname="Test_Data_Generation.Tracking_Data_Update"/>
  <testcase name="Tracking_Number_Search" time="1.931" classname="Test_Data_Generation.Tracking_Data_Update"/>
  <testcase name="Tracking_Number_Search" time="1.281" classname="Test_Data_Generation.Tracking_Data_Update"/>
  <testcase name="Tracking_Number_Search" time="1.344" classname="Test_Data_Generation.Tracking_Data_Update"/>
  <testcase name="Tracking_Number_Search" time="1.319" classname="Test_Data_Generation.Tracking_Data_Update"/>
  <testcase name="Tracking_Number_Search" time="1.396" classname="Test_Data_Generation.Tracking_Data_Update"/>
  <testcase name="Tracking_Number_Search" time="1.267" classname="Test_Data_Generation.Tracking_Data_Update"/>
  <testcase name="Tracking_Number_Search" time="1.715" classname="Test_Data_Generation.Tracking_Data_Update"/>
  <testcase name="Tracking_Number_Search" time="1.811" classname="Test_Data_Generation.Tracking_Data_Update"/>
  <testcase name="Tracking_Number_Search" time="1.203" classname="Test_Data_Generation.Tracking_Data_Update"/>
  <testcase name="Tracking_Number_Search" time="1.154" classname="Test_Data_Generation.Tracking_Data_Update"/>
  <testcase name="Tracking_Number_Search" time="1.610" classname="Test_Data_Generation.Tracking_Data_Update"/>
  <testcase name="Tracking_Number_Search" time="1.418" classname="Test_Data_Generation.Tracking_Data_Update"/>
  <testcase name="Tracking_Number_Search" time="1.317" classname="Test_Data_Generation.Tracking_Data_Update"/>
  <testcase name="Tracking_Number_Search" time="1.516" classname="Test_Data_Generation.Tracking_Data_Update"/>
  <testcase name="Tracking_Number_Search" time="1.391" classname="Test_Data_Generation.Tracking_Data_Update"/>
  <testcase name="Tracking_Number_Search" time="1.464" classname="Test_Data_Generation.Tracking_Data_Update"/>
  <testcase name="Tracking_Number_Search" time="1.420" classname="Test_Data_Generation.Tracking_Data_Update"/>
  <testcase name="Tracking_Number_Search" time="1.164" classname="Test_Data_Generation.Tracking_Data_Update"/>
  <testcase name="Tracking_Number_Search" time="1.849" classname="Test_Data_Generation.Tracking_Data_Update"/>
  <testcase name="Tracking_Number_Search" time="1.037" classname="Test_Data_Generation.Tracking_Data_Update"/>
  <testcase name="Tracking_Number_Search" time="1.101" classname="Test_Data_Generation.Tracking_Data_Update"/>
  <testcase name="Tracking_Number_Search" time="1.167" classname="Test_Data_Generation.Tracking_Data_Update"/>
  <testcase name="Tracking_Number_Search" time="1.063" classname="Test_Data_Generation.Tracking_Data_Update"/>
  <testcase name="Tracking_Number_Search" time="1.374" classname="Test_Data_Generation.Tracking_Data_Update"/>
  <testcase name="Tracking_Number_Search" time="1.321" classname="Test_Data_Generation.Tracking_Data_Update"/>
  <testcase name="Tracking_Number_Search" time="1.191" classname="Test_Data_Generation.Tracking_Data_Update"/>
  <testcase name="Tracking_Number_Search" time="1.775" classname="Test_Data_Generation.Tracking_Data_Update"/>
  <testcase name="Tracking_Number_Search" time="1.645" classname="Test_Data_Generation.Tracking_Data_Update"/>
  <testcase name="Tracking_Number_Search" time="1.340" classname="Test_Data_Generation.Tracking_Data_Update"/>
  <testcase name="Tracking_Number_Search" time="5.026" classname="Test_Data_Generation.Tracking_Data_Update"/>
  <testcase name="Tracking_Number_Search" time="1.187" classname="Test_Data_Generation.Tracking_Data_Update"/>
  <testcase name="Tracking_Number_Search" time="1.240" classname="Test_Data_Generation.Tracking_Data_Update"/>
  <testcase name="Tracking_Number_Search" time="1.814" classname="Test_Data_Generation.Tracking_Data_Update"/>
  <testcase name="Tracking_Number_Search" time="0.962" classname="Test_Data_Generation.Tracking_Data_Update"/>
  <testcase name="Tracking_Number_Search" time="1.016" classname="Test_Data_Generation.Tracking_Data_Update"/>
  <testcase name="Tracking_Number_Search" time="1.077" classname="Test_Data_Generation.Tracking_Data_Update"/>
  <testcase name="Tracking_Number_Search" time="1.200" classname="Test_Data_Generation.Tracking_Data_Update"/>
  <testcase name="Tracking_Number_Search" time="1.102" classname="Test_Data_Generation.Tracking_Data_Update"/>
  <testcase name="Tracking_Number_Search" time="4.191" classname="Test_Data_Generation.Tracking_Data_Update"/>
  <testcase name="Tracking_Number_Search" time="1.560" classname="Test_Data_Generation.Tracking_Data_Update"/>
  <testcase name="Tracking_Number_Search" time="1.090" classname="Test_Data_Generation.Tracking_Data_Update"/>
  <testcase name="Tracking_Number_Search" time="1.318" classname="Test_Data_Generation.Tracking_Data_Update"/>
  <testcase name="Tracking_Number_Search" time="1.303" classname="Test_Data_Generation.Tracking_Data_Update"/>
  <testcase name="Tracking_Number_Search" time="1.227" classname="Test_Data_Generation.Tracking_Data_Update"/>
  <testcase name="Tracking_Number_Search" time="1.486" classname="Test_Data_Generation.Tracking_Data_Update"/>
  <testcase name="Tracking_Number_Search" time="1.714" classname="Test_Data_Generation.Tracking_Data_Update"/>
  <testcase name="Tracking_Number_Search" time="1.730" classname="Test_Data_Generation.Tracking_Data_Update"/>
  <testcase name="Tracking_Number_Search" time="1.197" classname="Test_Data_Generation.Tracking_Data_Update"/>
  <testcase name="Tracking_Number_Search" time="1.323" classname="Test_Data_Generation.Tracking_Data_Update"/>
  <testcase name="Tracking_Number_Search" time="1.137" classname="Test_Data_Generation.Tracking_Data_Update"/>
  <testcase name="Tracking_Number_Search" time="1.236" classname="Test_Data_Generation.Tracking_Data_Update"/>
  <testcase name="Tracking_Number_Search" time="1.113" classname="Test_Data_Generation.Tracking_Data_Update"/>
  <testcase name="Tracking_Number_Search" time="2.093" classname="Test_Data_Generation.Tracking_Data_Update"/>
  <testcase name="Tracking_Number_Search" time="1.159" classname="Test_Data_Generation.Tracking_Data_Update"/>
  <testcase name="Tracking_Number_Search" time="1.147" classname="Test_Data_Generation.Tracking_Data_Update"/>
  <testcase name="Tracking_Number_Search" time="1.206" classname="Test_Data_Generation.Tracking_Data_Update"/>
  <testcase name="Tracking_Number_Search" time="1.241" classname="Test_Data_Generation.Tracking_Data_Update"/>
  <testcase name="Tracking_Number_Search" time="1.168" classname="Test_Data_Generation.Tracking_Data_Update"/>
  <testcase name="Tracking_Number_Search" time="0.955" classname="Test_Data_Generation.Tracking_Data_Update"/>
  <testcase name="Tracking_Number_Search" time="1.252" classname="Test_Data_Generation.Tracking_Data_Update"/>
  <testcase name="Tracking_Number_Search" time="1.378" classname="Test_Data_Generation.Tracking_Data_Update"/>
  <testcase name="Tracking_Number_Search" time="1.038" classname="Test_Data_Generation.Tracking_Data_Update"/>
  <testcase name="Tracking_Number_Search" time="1.461" classname="Test_Data_Generation.Tracking_Data_Update"/>
  <testcase name="Tracking_Number_Search" time="1.215" classname="Test_Data_Generation.Tracking_Data_Update"/>
  <testcase name="Tracking_Number_Search" time="1.531" classname="Test_Data_Generation.Tracking_Data_Update"/>
  <testcase name="Tracking_Number_Search" time="1.185" classname="Test_Data_Generation.Tracking_Data_Update"/>
  <testcase name="Tracking_Number_Search" time="4.063" classname="Test_Data_Generation.Tracking_Data_Update"/>
  <testcase name="Tracking_Number_Search" time="1.181" classname="Test_Data_Generation.Tracking_Data_Update"/>
  <testcase name="Tracking_Number_Search" time="1.009" classname="Test_Data_Generation.Tracking_Data_Update"/>
  <testcase name="Tracking_Number_Search" time="1.184" classname="Test_Data_Generation.Tracking_Data_Update"/>
  <testcase name="Tracking_Number_Search" time="0.881" classname="Test_Data_Generation.Tracking_Data_Update"/>
  <testcase name="Tracking_Number_Search" time="1.283" classname="Test_Data_Generation.Tracking_Data_Update"/>
  <testcase name="Tracking_Number_Search" time="1.498" classname="Test_Data_Generation.Tracking_Data_Update"/>
  <testcase name="Tracking_Number_Search" time="1.500" classname="Test_Data_Generation.Tracking_Data_Update"/>
  <testcase name="Tracking_Number_Search" time="1.927" classname="Test_Data_Generation.Tracking_Data_Update"/>
  <testcase name="Tracking_Number_Search" time="0.851" classname="Test_Data_Generation.Tracking_Data_Update"/>
  <testcase name="Tracking_Number_Search" time="1.426" classname="Test_Data_Generation.Tracking_Data_Update"/>
  <testcase name="Tracking_Number_Search" time="1.530" classname="Test_Data_Generation.Tracking_Data_Update"/>
  <testcase name="Tracking_Number_Search" time="1.121" classname="Test_Data_Generation.Tracking_Data_Update"/>
  <testcase name="Tracking_Number_Search" time="1.096" classname="Test_Data_Generation.Tracking_Data_Update"/>
  <testcase name="Tracking_Number_Search" time="1.036" classname="Test_Data_Generation.Tracking_Data_Update"/>
  <testcase name="Tracking_Number_Search" time="2.987" classname="Test_Data_Generation.Tracking_Data_Update"/>
  <testcase name="Tracking_Number_Search" time="1.173" classname="Test_Data_Generation.Tracking_Data_Update"/>
  <testcase name="Tracking_Number_Search" time="0.866" classname="Test_Data_Generation.Tracking_Data_Update"/>
  <testcase name="Tracking_Number_Search" time="0.918" classname="Test_Data_Generation.Tracking_Data_Update"/>
  <testcase name="Tracking_Number_Search" time="0.888" classname="Test_Data_Generation.Tracking_Data_Update"/>
  <testcase name="Tracking_Number_Search" time="1.272" classname="Test_Data_Generation.Tracking_Data_Update"/>
  <testcase name="Tracking_Number_Search" time="1.274" classname="Test_Data_Generation.Tracking_Data_Update"/>
  <testcase name="Tracking_Number_Search" time="1.135" classname="Test_Data_Generation.Tracking_Data_Update"/>
  <testcase name="Tracking_Number_Search" time="1.644" classname="Test_Data_Generation.Tracking_Data_Update"/>
  <testcase name="Tracking_Number_Search" time="1.488" classname="Test_Data_Generation.Tracking_Data_Update"/>
  <testcase name="Tracking_Number_Search" time="1.337" classname="Test_Data_Generation.Tracking_Data_Update"/>
  <testcase name="Tracking_Number_Search" time="1.451" classname="Test_Data_Generation.Tracking_Data_Update"/>
  <testcase name="Tracking_Number_Search" time="0.960" classname="Test_Data_Generation.Tracking_Data_Update"/>
  <testcase name="Tracking_Number_Search" time="1.189" classname="Test_Data_Generation.Tracking_Data_Update"/>
  <testcase name="Tracking_Number_Search" time="1.173" classname="Test_Data_Generation.Tracking_Data_Update"/>
  <testcase name="Tracking_Number_Search" time="1.459" classname="Test_Data_Generation.Tracking_Data_Update"/>
  <testcase name="Tracking_Number_Search" time="1.498" classname="Test_Data_Generation.Tracking_Data_Update"/>
  <testcase name="Tracking_Number_Search" time="1.373" classname="Test_Data_Generation.Tracking_Data_Update"/>
  <testcase name="Tracking_Number_Search" time="1.300" classname="Test_Data_Generation.Tracking_Data_Update"/>
  <testcase name="Tracking_Number_Search" time="1.183" classname="Test_Data_Generation.Tracking_Data_Update"/>
  <testcase name="Tracking_Number_Search" time="1.376" classname="Test_Data_Generation.Tracking_Data_Update"/>
  <testcase name="Tracking_Number_Search" time="1.306" classname="Test_Data_Generation.Tracking_Data_Update"/>
  <testcase name="Tracking_Number_Search" time="0.904" classname="Test_Data_Generation.Tracking_Data_Update"/>
  <testcase name="Tracking_Number_Search" time="1.035" classname="Test_Data_Generation.Tracking_Data_Update"/>
  <testcase name="Tracking_Number_Search" time="1.229" classname="Test_Data_Generation.Tracking_Data_Update"/>
  <testcase name="Tracking_Number_Search" time="1.044" classname="Test_Data_Generation.Tracking_Data_Update"/>
  <testcase name="Tracking_Number_Search" time="1.711" classname="Test_Data_Generation.Tracking_Data_Update"/>
  <testcase name="Tracking_Number_Search" time="1.533" classname="Test_Data_Generation.Tracking_Data_Update"/>
  <testcase name="Tracking_Number_Search" time="0.914" classname="Test_Data_Generation.Tracking_Data_Update"/>
  <testcase name="Tracking_Number_Search" time="0.883" classname="Test_Data_Generation.Tracking_Data_Update"/>
  <testcase name="Tracking_Number_Search" time="0.850" classname="Test_Data_Generation.Tracking_Data_Update"/>
  <testcase name="Tracking_Number_Search" time="0.984" classname="Test_Data_Generation.Tracking_Data_Update"/>
  <testcase name="Tracking_Number_Search" time="1.658" classname="Test_Data_Generation.Tracking_Data_Update"/>
  <testcase name="Tracking_Number_Search" time="1.563" classname="Test_Data_Generation.Tracking_Data_Update"/>
  <testcase name="Tracking_Number_Search" time="2.834" classname="Test_Data_Generation.Tracking_Data_Update"/>
  <testcase name="Tracking_Number_Search" time="1.462" classname="Test_Data_Generation.Tracking_Data_Update"/>
  <testcase name="Tracking_Number_Search" time="1.498" classname="Test_Data_Generation.Tracking_Data_Update"/>
  <testcase name="Tracking_Number_Search" time="0.993" classname="Test_Data_Generation.Tracking_Data_Update"/>
  <testcase name="Tracking_Number_Search" time="1.068" classname="Test_Data_Generation.Tracking_Data_Update"/>
  <testcase name="Tracking_Number_Search" time="0.880" classname="Test_Data_Generation.Tracking_Data_Update"/>
  <testcase name="Tracking_Number_Search" time="1.608" classname="Test_Data_Generation.Tracking_Data_Update"/>
  <testcase name="Tracking_Number_Search" time="1.176" classname="Test_Data_Generation.Tracking_Data_Update"/>
  <testcase name="Tracking_Number_Search" time="1.462" classname="Test_Data_Generation.Tracking_Data_Update"/>
  <testcase name="Tracking_Number_Search" time="2.243" classname="Test_Data_Generation.Tracking_Data_Update"/>
  <testcase name="Tracking_Number_Search" time="6.109" classname="Test_Data_Generation.Tracking_Data_Update"/>
  <testcase name="Tracking_Number_Search" time="0.814" classname="Test_Data_Generation.Tracking_Data_Update"/>
  <testcase name="Tracking_Number_Search" time="0.865" classname="Test_Data_Generation.Tracking_Data_Update"/>
  <testcase name="Tracking_Number_Search" time="1.046" classname="Test_Data_Generation.Tracking_Data_Update"/>
  <testcase name="Tracking_Number_Search" time="1.763" classname="Test_Data_Generation.Tracking_Data_Update"/>
  <testcase name="Tracking_Number_Search" time="1.477" classname="Test_Data_Generation.Tracking_Data_Update"/>
  <testcase name="Tracking_Number_Search" time="1.409" classname="Test_Data_Generation.Tracking_Data_Update"/>
  <testcase name="Tracking_Number_Search" time="1.458" classname="Test_Data_Generation.Tracking_Data_Update"/>
  <testcase name="Tracking_Number_Search" time="1.372" classname="Test_Data_Generation.Tracking_Data_Update"/>
  <testcase name="Tracking_Number_Search" time="0.897" classname="Test_Data_Generation.Tracking_Data_Update"/>
  <testcase name="Tracking_Number_Search" time="1.236" classname="Test_Data_Generation.Tracking_Data_Update"/>
  <testcase name="Tracking_Number_Search" time="1.516" classname="Test_Data_Generation.Tracking_Data_Update"/>
  <testcase name="Tracking_Number_Search" time="1.169" classname="Test_Data_Generation.Tracking_Data_Update"/>
  <testcase name="Tracking_Number_Search" time="0.949" classname="Test_Data_Generation.Tracking_Data_Update"/>
  <testcase name="Tracking_Number_Search" time="0.996" classname="Test_Data_Generation.Tracking_Data_Update"/>
  <testcase name="Tracking_Number_Search" time="1.440" classname="Test_Data_Generation.Tracking_Data_Update"/>
  <testcase name="Tracking_Number_Search" time="0.804" classname="Test_Data_Generation.Tracking_Data_Update"/>
  <testcase name="Tracking_Number_Search" time="1.443" classname="Test_Data_Generation.Tracking_Data_Update"/>
  <testcase name="Tracking_Number_Search" time="1.661" classname="Test_Data_Generation.Tracking_Data_Update"/>
  <testcase name="Tracking_Number_Search" time="1.134" classname="Test_Data_Generation.Tracking_Data_Update"/>
  <testcase name="Tracking_Number_Search" time="1.262" classname="Test_Data_Generation.Tracking_Data_Update"/>
  <testcase name="Tracking_Number_Search" time="1.979" classname="Test_Data_Generation.Tracking_Data_Update"/>
  <testcase name="Tracking_Number_Search" time="1.067" classname="Test_Data_Generation.Tracking_Data_Update"/>
  <testcase name="Tracking_Number_Search" time="1.251" classname="Test_Data_Generation.Tracking_Data_Update"/>
  <testcase name="Tracking_Number_Search" time="1.328" classname="Test_Data_Generation.Tracking_Data_Update"/>
  <testcase name="Tracking_Number_Search" time="3.913" classname="Test_Data_Generation.Tracking_Data_Update"/>
  <testcase name="Tracking_Number_Search" time="0.910" classname="Test_Data_Generation.Tracking_Data_Update"/>
  <testcase name="Tracking_Number_Search" time="1.728" classname="Test_Data_Generation.Tracking_Data_Update"/>
  <testcase name="Tracking_Number_Search" time="1.122" classname="Test_Data_Generation.Tracking_Data_Update"/>
  <testcase name="Tracking_Number_Search" time="1.606" classname="Test_Data_Generation.Tracking_Data_Update"/>
  <testcase name="Tracking_Number_Search" time="1.022" classname="Test_Data_Generation.Tracking_Data_Update"/>
  <testcase name="Tracking_Number_Search" time="1.022" classname="Test_Data_Generation.Tracking_Data_Update"/>
  <testcase name="Tracking_Number_Search" time="1.552" classname="Test_Data_Generation.Tracking_Data_Update"/>
  <testcase name="Tracking_Number_Search" time="1.664" classname="Test_Data_Generation.Tracking_Data_Update"/>
  <testcase name="Tracking_Number_Search" time="1.897" classname="Test_Data_Generation.Tracking_Data_Update"/>
  <testcase name="Tracking_Number_Search" time="1.217" classname="Test_Data_Generation.Tracking_Data_Update"/>
  <testcase name="Tracking_Number_Search" time="1.949" classname="Test_Data_Generation.Tracking_Data_Update"/>
  <testcase name="Tracking_Number_Search" time="1.320" classname="Test_Data_Generation.Tracking_Data_Update"/>
  <testcase name="Tracking_Number_Search" time="2.185" classname="Test_Data_Generation.Tracking_Data_Update"/>
  <testcase name="Tracking_Number_Search" time="1.221" classname="Test_Data_Generation.Tracking_Data_Update"/>
  <testcase name="Tracking_Number_Search" time="1.568" classname="Test_Data_Generation.Tracking_Data_Update"/>
  <testcase name="Tracking_Number_Search" time="1.731" classname="Test_Data_Generation.Tracking_Data_Update"/>
  <testcase name="Tracking_Number_Search" time="0.970" classname="Test_Data_Generation.Tracking_Data_Update"/>
  <testcase name="Tracking_Number_Search" time="1.298" classname="Test_Data_Generation.Tracking_Data_Update"/>
  <testcase name="Tracking_Number_Search" time="1.998" classname="Test_Data_Generation.Tracking_Data_Update"/>
  <testcase name="Tracking_Number_Search" time="0.785" classname="Test_Data_Generation.Tracking_Data_Update"/>
  <testcase name="Tracking_Number_Search" time="1.200" classname="Test_Data_Generation.Tracking_Data_Update"/>
  <testcase name="Tracking_Number_Search" time="1.169" classname="Test_Data_Generation.Tracking_Data_Update"/>
  <testcase name="Tracking_Number_Search" time="1.413" classname="Test_Data_Generation.Tracking_Data_Update"/>
  <testcase name="Tracking_Number_Search" time="1.058" classname="Test_Data_Generation.Tracking_Data_Update"/>
  <testcase name="Tracking_Number_Search" time="1.220" classname="Test_Data_Generation.Tracking_Data_Update"/>
  <testcase name="Tracking_Number_Search" time="1.989" classname="Test_Data_Generation.Tracking_Data_Update"/>
  <testcase name="Tracking_Number_Search" time="0.830" classname="Test_Data_Generation.Tracking_Data_Update"/>
  <testcase name="Tracking_Number_Search" time="1.131" classname="Test_Data_Generation.Tracking_Data_Update"/>
  <testcase name="Tracking_Number_Search" time="1.286" classname="Test_Data_Generation.Tracking_Data_Update"/>
  <testcase name="Tracking_Number_Search" time="2.242" classname="Test_Data_Generation.Tracking_Data_Update"/>
  <testcase name="Tracking_Number_Search" time="1.108" classname="Test_Data_Generation.Tracking_Data_Update"/>
  <testcase name="Tracking_Number_Search" time="0.957" classname="Test_Data_Generation.Tracking_Data_Update"/>
  <testcase name="Tracking_Number_Search" time="2.386" classname="Test_Data_Generation.Tracking_Data_Update"/>
  <testcase name="Tracking_Number_Search" time="2.505" classname="Test_Data_Generation.Tracking_Data_Update"/>
  <testcase name="Tracking_Number_Search" time="1.264" classname="Test_Data_Generation.Tracking_Data_Update"/>
  <testcase name="Tracking_Number_Search" time="1.168" classname="Test_Data_Generation.Tracking_Data_Update"/>
  <testcase name="Tracking_Number_Search" time="1.244" classname="Test_Data_Generation.Tracking_Data_Update"/>
  <testcase name="Tracking_Number_Search" time="1.371" classname="Test_Data_Generation.Tracking_Data_Update"/>
  <testcase name="Tracking_Number_Search" time="1.013" classname="Test_Data_Generation.Tracking_Data_Update"/>
  <testcase name="Tracking_Number_Search" time="1.114" classname="Test_Data_Generation.Tracking_Data_Update"/>
  <testcase name="Tracking_Number_Search" time="1.286" classname="Test_Data_Generation.Tracking_Data_Update"/>
  <testcase name="Tracking_Number_Search" time="0.943" classname="Test_Data_Generation.Tracking_Data_Update"/>
  <testcase name="Tracking_Number_Search" time="1.560" classname="Test_Data_Generation.Tracking_Data_Update"/>
  <testcase name="Tracking_Number_Search" time="1.805" classname="Test_Data_Generation.Tracking_Data_Update"/>
  <testcase name="Tracking_Number_Search" time="1.041" classname="Test_Data_Generation.Tracking_Data_Update"/>
  <testcase name="Tracking_Number_Search" time="1.797" classname="Test_Data_Generation.Tracking_Data_Update"/>
  <testcase name="Tracking_Number_Search" time="1.132" classname="Test_Data_Generation.Tracking_Data_Update"/>
  <testcase name="Tracking_Number_Search" time="1.571" classname="Test_Data_Generation.Tracking_Data_Update"/>
  <testcase name="Tracking_Number_Search" time="1.411" classname="Test_Data_Generation.Tracking_Data_Update"/>
  <testcase name="Tracking_Number_Search" time="1.204" classname="Test_Data_Generation.Tracking_Data_Update"/>
  <testcase name="Tracking_Number_Search" time="1.067" classname="Test_Data_Generation.Tracking_Data_Update"/>
  <testcase name="Tracking_Number_Search" time="1.544" classname="Test_Data_Generation.Tracking_Data_Update"/>
  <testcase name="Tracking_Number_Search" time="1.940" classname="Test_Data_Generation.Tracking_Data_Update"/>
  <testcase name="Tracking_Number_Search" time="4.993" classname="Test_Data_Generation.Tracking_Data_Update"/>
  <testcase name="Tracking_Number_Search" time="1.254" classname="Test_Data_Generation.Tracking_Data_Update"/>
  <testcase name="Tracking_Number_Search" time="0.827" classname="Test_Data_Generation.Tracking_Data_Update"/>
  <testcase name="Tracking_Number_Search" time="1.161" classname="Test_Data_Generation.Tracking_Data_Update"/>
  <testcase name="Tracking_Number_Search" time="1.142" classname="Test_Data_Generation.Tracking_Data_Update"/>
  <testcase name="Tracking_Number_Search" time="1.090" classname="Test_Data_Generation.Tracking_Data_Update"/>
  <testcase name="Tracking_Number_Search" time="1.973" classname="Test_Data_Generation.Tracking_Data_Update"/>
  <testcase name="Tracking_Number_Search" time="1.540" classname="Test_Data_Generation.Tracking_Data_Update"/>
  <testcase name="Tracking_Number_Search" time="1.090" classname="Test_Data_Generation.Tracking_Data_Update"/>
  <testcase name="Tracking_Number_Search" time="1.424" classname="Test_Data_Generation.Tracking_Data_Update"/>
  <testcase name="Tracking_Number_Search" time="2.120" classname="Test_Data_Generation.Tracking_Data_Update"/>
  <testcase name="Tracking_Number_Search" time="0.801" classname="Test_Data_Generation.Tracking_Data_Update"/>
  <testcase name="Tracking_Number_Search" time="1.254" classname="Test_Data_Generation.Tracking_Data_Update"/>
  <testcase name="Tracking_Number_Search" time="1.485" classname="Test_Data_Generation.Tracking_Data_Update"/>
  <testcase name="Tracking_Number_Search" time="1.151" classname="Test_Data_Generation.Tracking_Data_Update"/>
  <testcase name="Tracking_Number_Search" time="1.487" classname="Test_Data_Generation.Tracking_Data_Update"/>
  <testcase name="Tracking_Number_Search" time="2.914" classname="Test_Data_Generation.Tracking_Data_Update"/>
  <testcase name="Tracking_Number_Search" time="1.781" classname="Test_Data_Generation.Tracking_Data_Update"/>
  <testcase name="Tracking_Number_Search" time="1.194" classname="Test_Data_Generation.Tracking_Data_Update"/>
  <testcase name="Tracking_Number_Search" time="1.910" classname="Test_Data_Generation.Tracking_Data_Update"/>
  <testcase name="Tracking_Number_Search" time="1.211" classname="Test_Data_Generation.Tracking_Data_Update"/>
  <testcase name="Tracking_Number_Search" time="0.880" classname="Test_Data_Generation.Tracking_Data_Update"/>
  <testcase name="Tracking_Number_Search" time="0.957" classname="Test_Data_Generation.Tracking_Data_Update"/>
  <testcase name="Tracking_Number_Search" time="1.418" classname="Test_Data_Generation.Tracking_Data_Update"/>
  <testcase name="Tracking_Number_Search" time="1.079" classname="Test_Data_Generation.Tracking_Data_Update"/>
  <testcase name="Tracking_Number_Search" time="1.240" classname="Test_Data_Generation.Tracking_Data_Update"/>
  <testcase name="Tracking_Number_Search" time="1.103" classname="Test_Data_Generation.Tracking_Data_Update"/>
  <testcase name="Tracking_Number_Search" time="1.049" classname="Test_Data_Generation.Tracking_Data_Update"/>
  <testcase name="Tracking_Number_Search" time="1.762" classname="Test_Data_Generation.Tracking_Data_Update"/>
  <testcase name="Tracking_Number_Search" time="1.947" classname="Test_Data_Generation.Tracking_Data_Update"/>
  <testcase name="Tracking_Number_Search" time="1.917" classname="Test_Data_Generation.Tracking_Data_Update"/>
  <testcase name="Tracking_Number_Search" time="1.348" classname="Test_Data_Generation.Tracking_Data_Update"/>
  <testcase name="Tracking_Number_Search" time="1.205" classname="Test_Data_Generation.Tracking_Data_Update"/>
  <testcase name="Tracking_Number_Search" time="1.075" classname="Test_Data_Generation.Tracking_Data_Update"/>
  <testcase name="Tracking_Number_Search" time="1.212" classname="Test_Data_Generation.Tracking_Data_Update"/>
  <testcase name="Tracking_Number_Search" time="1.083" classname="Test_Data_Generation.Tracking_Data_Update"/>
  <testcase name="Tracking_Number_Search" time="1.057" classname="Test_Data_Generation.Tracking_Data_Update"/>
  <testcase name="Tracking_Number_Search" time="1.261" classname="Test_Data_Generation.Tracking_Data_Update"/>
  <testcase name="Tracking_Number_Search" time="1.444" classname="Test_Data_Generation.Tracking_Data_Update"/>
  <testcase name="Tracking_Number_Search" time="0.936" classname="Test_Data_Generation.Tracking_Data_Update"/>
  <testcase name="Tracking_Number_Search" time="1.167" classname="Test_Data_Generation.Tracking_Data_Update"/>
  <testcase name="Tracking_Number_Search" time="1.212" classname="Test_Data_Generation.Tracking_Data_Update"/>
  <testcase name="Tracking_Number_Search" time="1.357" classname="Test_Data_Generation.Tracking_Data_Update"/>
  <testcase name="Tracking_Number_Search" time="1.124" classname="Test_Data_Generation.Tracking_Data_Update"/>
  <testcase name="Tracking_Number_Search" time="1.176" classname="Test_Data_Generation.Tracking_Data_Update"/>
  <testcase name="Tracking_Number_Search" time="1.712" classname="Test_Data_Generation.Tracking_Data_Update"/>
  <testcase name="Tracking_Number_Search" time="1.715" classname="Test_Data_Generation.Tracking_Data_Update"/>
  <testcase name="Tracking_Number_Search" time="1.235" classname="Test_Data_Generation.Tracking_Data_Update"/>
  <testcase name="Tracking_Number_Search" time="4.070" classname="Test_Data_Generation.Tracking_Data_Update"/>
  <testcase name="Tracking_Number_Search" time="1.322" classname="Test_Data_Generation.Tracking_Data_Update"/>
  <testcase name="Tracking_Number_Search" time="0.940" classname="Test_Data_Generation.Tracking_Data_Update"/>
  <testcase name="Tracking_Number_Search" time="1.364" classname="Test_Data_Generation.Tracking_Data_Update"/>
  <testcase name="Tracking_Number_Search" time="1.407" classname="Test_Data_Generation.Tracking_Data_Update"/>
  <testcase name="Tracking_Number_Search" time="1.477" classname="Test_Data_Generation.Tracking_Data_Update"/>
  <testcase name="Tracking_Number_Search" time="1.552" classname="Test_Data_Generation.Tracking_Data_Update"/>
  <testcase name="Tracking_Number_Search" time="1.233" classname="Test_Data_Generation.Tracking_Data_Update"/>
  <testcase name="Tracking_Number_Search" time="1.392" classname="Test_Data_Generation.Tracking_Data_Update"/>
  <testcase name="Tracking_Number_Search" time="1.703" classname="Test_Data_Generation.Tracking_Data_Update"/>
  <testcase name="Tracking_Number_Search" time="1.309" classname="Test_Data_Generation.Tracking_Data_Update"/>
  <testcase name="Tracking_Number_Search" time="1.016" classname="Test_Data_Generation.Tracking_Data_Update"/>
  <testcase name="Tracking_Number_Search" time="7.525" classname="Test_Data_Generation.Tracking_Data_Update"/>
  <testcase name="Tracking_Number_Search" time="2.709" classname="Test_Data_Generation.Tracking_Data_Update"/>
  <testcase name="Tracking_Number_Search" time="1.467" classname="Test_Data_Generation.Tracking_Data_Update"/>
  <testcase name="Tracking_Number_Search" time="1.405" classname="Test_Data_Generation.Tracking_Data_Update"/>
  <testcase name="Tracking_Number_Search" time="1.830" classname="Test_Data_Generation.Tracking_Data_Update"/>
  <testcase name="Tracking_Number_Search" time="0.725" classname="Test_Data_Generation.Tracking_Data_Update"/>
  <testcase name="Tracking_Number_Search" time="1.381" classname="Test_Data_Generation.Tracking_Data_Update"/>
  <testcase name="Tracking_Number_Search" time="3.873" classname="Test_Data_Generation.Tracking_Data_Update"/>
  <testcase name="Tracking_Number_Search" time="1.120" classname="Test_Data_Generation.Tracking_Data_Update"/>
  <testcase name="Tracking_Number_Search" time="0.897" classname="Test_Data_Generation.Tracking_Data_Update"/>
  <testcase name="Tracking_Number_Search" time="1.352" classname="Test_Data_Generation.Tracking_Data_Update"/>
  <testcase name="Tracking_Number_Search" time="1.352" classname="Test_Data_Generation.Tracking_Data_Update"/>
  <testcase name="Tracking_Number_Search" time="1.196" classname="Test_Data_Generation.Tracking_Data_Update"/>
  <testcase name="Tracking_Number_Search" time="5.026" classname="Test_Data_Generation.Tracking_Data_Update"/>
  <testcase name="Tracking_Number_Search" time="1.172" classname="Test_Data_Generation.Tracking_Data_Update"/>
  <testcase name="Tracking_Number_Search" time="1.279" classname="Test_Data_Generation.Tracking_Data_Update"/>
  <testcase name="Tracking_Number_Search" time="1.568" classname="Test_Data_Generation.Tracking_Data_Update"/>
  <testcase name="Tracking_Number_Search" time="1.536" classname="Test_Data_Generation.Tracking_Data_Update"/>
  <testcase name="Tracking_Number_Search" time="3.526" classname="Test_Data_Generation.Tracking_Data_Update"/>
  <testcase name="Tracking_Number_Search" time="2.131" classname="Test_Data_Generation.Tracking_Data_Update"/>
  <testcase name="Tracking_Number_Search" time="1.892" classname="Test_Data_Generation.Tracking_Data_Update"/>
  <testcase name="Tracking_Number_Search" time="1.675" classname="Test_Data_Generation.Tracking_Data_Update"/>
  <testcase name="Tracking_Number_Search" time="0.962" classname="Test_Data_Generation.Tracking_Data_Update"/>
  <testcase name="Tracking_Number_Search" time="0.954" classname="Test_Data_Generation.Tracking_Data_Update"/>
  <testcase name="Tracking_Number_Search" time="1.439" classname="Test_Data_Generation.Tracking_Data_Update"/>
  <testcase name="Tracking_Number_Search" time="0.941" classname="Test_Data_Generation.Tracking_Data_Update"/>
  <testcase name="Tracking_Number_Search" time="1.552" classname="Test_Data_Generation.Tracking_Data_Update"/>
  <testcase name="Tracking_Number_Search" time="1.100" classname="Test_Data_Generation.Tracking_Data_Update"/>
  <testcase name="Tracking_Number_Search" time="1.153" classname="Test_Data_Generation.Tracking_Data_Update"/>
  <testcase name="Tracking_Number_Search" time="1.340" classname="Test_Data_Generation.Tracking_Data_Update"/>
  <testcase name="Tracking_Number_Search" time="1.398" classname="Test_Data_Generation.Tracking_Data_Update"/>
  <testcase name="Tracking_Number_Search" time="1.430" classname="Test_Data_Generation.Tracking_Data_Update"/>
  <testcase name="Tracking_Number_Search" time="5.108" classname="Test_Data_Generation.Tracking_Data_Update"/>
  <testcase name="Tracking_Number_Search" time="1.118" classname="Test_Data_Generation.Tracking_Data_Update"/>
  <testcase name="Tracking_Number_Search" time="1.240" classname="Test_Data_Generation.Tracking_Data_Update"/>
  <testcase name="Tracking_Number_Search" time="1.254" classname="Test_Data_Generation.Tracking_Data_Update"/>
  <testcase name="Tracking_Number_Search" time="2.458" classname="Test_Data_Generation.Tracking_Data_Update"/>
  <testcase name="Tracking_Number_Search" time="1.213" classname="Test_Data_Generation.Tracking_Data_Update"/>
  <testcase name="Tracking_Number_Search" time="1.345" classname="Test_Data_Generation.Tracking_Data_Update"/>
  <testcase name="Tracking_Number_Search" time="1.635" classname="Test_Data_Generation.Tracking_Data_Update"/>
  <testcase name="Tracking_Number_Search" time="1.166" classname="Test_Data_Generation.Tracking_Data_Update"/>
  <testcase name="Tracking_Number_Search" time="1.013" classname="Test_Data_Generation.Tracking_Data_Update"/>
  <testcase name="Tracking_Number_Search" time="1.050" classname="Test_Data_Generation.Tracking_Data_Update"/>
  <testcase name="Tracking_Number_Search" time="1.699" classname="Test_Data_Generation.Tracking_Data_Update"/>
  <testcase name="Tracking_Number_Search" time="1.275" classname="Test_Data_Generation.Tracking_Data_Update"/>
  <testcase name="Tracking_Number_Search" time="1.266" classname="Test_Data_Generation.Tracking_Data_Update"/>
  <testcase name="Tracking_Number_Search" time="1.837" classname="Test_Data_Generation.Tracking_Data_Update"/>
  <testcase name="Tracking_Number_Search" time="1.531" classname="Test_Data_Generation.Tracking_Data_Update"/>
  <testcase name="Tracking_Number_Search" time="1.482" classname="Test_Data_Generation.Tracking_Data_Update"/>
  <testcase name="Tracking_Number_Search" time="0.920" classname="Test_Data_Generation.Tracking_Data_Update"/>
  <testcase name="Tracking_Number_Search" time="1.703" classname="Test_Data_Generation.Tracking_Data_Update"/>
  <testcase name="Tracking_Number_Search" time="1.253" classname="Test_Data_Generation.Tracking_Data_Update"/>
  <testcase name="Tracking_Number_Search" time="5.223" classname="Test_Data_Generation.Tracking_Data_Update"/>
  <testcase name="Tracking_Number_Search" time="1.658" classname="Test_Data_Generation.Tracking_Data_Update"/>
  <testcase name="Tracking_Number_Search" time="1.065" classname="Test_Data_Generation.Tracking_Data_Update"/>
  <testcase name="Tracking_Number_Search" time="1.561" classname="Test_Data_Generation.Tracking_Data_Update"/>
  <testcase name="Tracking_Number_Search" time="2.018" classname="Test_Data_Generation.Tracking_Data_Update"/>
  <testcase name="Tracking_Number_Search" time="2.477" classname="Test_Data_Generation.Tracking_Data_Update"/>
  <testcase name="Tracking_Number_Search" time="1.163" classname="Test_Data_Generation.Tracking_Data_Update"/>
  <testcase name="Tracking_Number_Search" time="4.496" classname="Test_Data_Generation.Tracking_Data_Update"/>
  <testcase name="Tracking_Number_Search" time="1.313" classname="Test_Data_Generation.Tracking_Data_Update"/>
  <testcase name="Tracking_Number_Search" time="1.099" classname="Test_Data_Generation.Tracking_Data_Update"/>
  <testcase name="Tracking_Number_Search" time="1.659" classname="Test_Data_Generation.Tracking_Data_Update"/>
  <testcase name="Tracking_Number_Search" time="1.907" classname="Test_Data_Generation.Tracking_Data_Update"/>
  <testcase name="Tracking_Number_Search" time="4.170" classname="Test_Data_Generation.Tracking_Data_Update"/>
  <testcase name="Tracking_Number_Search" time="1.398" classname="Test_Data_Generation.Tracking_Data_Update"/>
  <testcase name="Tracking_Number_Search" time="1.434" classname="Test_Data_Generation.Tracking_Data_Update"/>
  <testcase name="Tracking_Number_Search" time="1.701" classname="Test_Data_Generation.Tracking_Data_Update"/>
  <testcase name="Tracking_Number_Search" time="1.712" classname="Test_Data_Generation.Tracking_Data_Update"/>
  <testcase name="Tracking_Number_Search" time="1.143" classname="Test_Data_Generation.Tracking_Data_Update"/>
  <testcase name="Tracking_Number_Search" time="2.309" classname="Test_Data_Generation.Tracking_Data_Update"/>
  <testcase name="Tracking_Number_Search" time="1.574" classname="Test_Data_Generation.Tracking_Data_Update"/>
  <testcase name="Tracking_Number_Search" time="1.251" classname="Test_Data_Generation.Tracking_Data_Update"/>
  <testcase name="Tracking_Number_Search" time="1.269" classname="Test_Data_Generation.Tracking_Data_Update"/>
  <testcase name="Tracking_Number_Search" time="1.138" classname="Test_Data_Generation.Tracking_Data_Update"/>
  <testcase name="Tracking_Number_Search" time="1.075" classname="Test_Data_Generation.Tracking_Data_Update"/>
  <testcase name="Tracking_Number_Search" time="1.241" classname="Test_Data_Generation.Tracking_Data_Update"/>
  <testcase name="Tracking_Number_Search" time="1.568" classname="Test_Data_Generation.Tracking_Data_Update"/>
  <testcase name="Tracking_Number_Search" time="1.197" classname="Test_Data_Generation.Tracking_Data_Update"/>
  <testcase name="Tracking_Number_Search" time="0.891" classname="Test_Data_Generation.Tracking_Data_Update"/>
  <testcase name="Tracking_Number_Search" time="1.236" classname="Test_Data_Generation.Tracking_Data_Update"/>
  <testcase name="Tracking_Number_Search" time="1.470" classname="Test_Data_Generation.Tracking_Data_Update"/>
  <testcase name="Tracking_Number_Search" time="1.400" classname="Test_Data_Generation.Tracking_Data_Update"/>
  <testcase name="Tracking_Number_Search" time="1.270" classname="Test_Data_Generation.Tracking_Data_Update"/>
  <testcase name="Tracking_Number_Search" time="0.857" classname="Test_Data_Generation.Tracking_Data_Update"/>
  <testcase name="Tracking_Number_Search" time="1.287" classname="Test_Data_Generation.Tracking_Data_Update"/>
  <testcase name="Tracking_Number_Search" time="0.842" classname="Test_Data_Generation.Tracking_Data_Update"/>
  <testcase name="Tracking_Number_Search" time="1.430" classname="Test_Data_Generation.Tracking_Data_Update"/>
  <testcase name="Tracking_Number_Search" time="0.876" classname="Test_Data_Generation.Tracking_Data_Update"/>
  <testcase name="Tracking_Number_Search" time="0.965" classname="Test_Data_Generation.Tracking_Data_Update"/>
  <testcase name="Tracking_Number_Search" time="1.228" classname="Test_Data_Generation.Tracking_Data_Update"/>
  <testcase name="Tracking_Number_Search" time="5.005" classname="Test_Data_Generation.Tracking_Data_Update"/>
  <testcase name="Tracking_Number_Search" time="1.408" classname="Test_Data_Generation.Tracking_Data_Update"/>
  <testcase name="Tracking_Number_Search" time="1.207" classname="Test_Data_Generation.Tracking_Data_Update"/>
  <testcase name="Tracking_Number_Search" time="1.074" classname="Test_Data_Generation.Tracking_Data_Update"/>
  <testcase name="Tracking_Number_Search" time="1.330" classname="Test_Data_Generation.Tracking_Data_Update"/>
  <testcase name="Tracking_Number_Search" time="1.275" classname="Test_Data_Generation.Tracking_Data_Update"/>
  <testcase name="Tracking_Number_Search" time="1.321" classname="Test_Data_Generation.Tracking_Data_Update"/>
  <testcase name="Tracking_Number_Search" time="1.241" classname="Test_Data_Generation.Tracking_Data_Update"/>
  <testcase name="Tracking_Number_Search" time="0.679" classname="Test_Data_Generation.Tracking_Data_Update"/>
  <testcase name="Tracking_Number_Search" time="1.100" classname="Test_Data_Generation.Tracking_Data_Update"/>
  <testcase name="Tracking_Number_Search" time="0.851" classname="Test_Data_Generation.Tracking_Data_Update"/>
  <testcase name="Tracking_Number_Search" time="1.188" classname="Test_Data_Generation.Tracking_Data_Update"/>
  <testcase name="Tracking_Number_Search" time="1.320" classname="Test_Data_Generation.Tracking_Data_Update"/>
  <testcase name="Tracking_Number_Search" time="2.342" classname="Test_Data_Generation.Tracking_Data_Update"/>
  <testcase name="Tracking_Number_Search" time="6.200" classname="Test_Data_Generation.Tracking_Data_Update"/>
  <testcase name="Tracking_Number_Search" time="3.298" classname="Test_Data_Generation.Tracking_Data_Update"/>
  <testcase name="Tracking_Number_Search" time="0.881" classname="Test_Data_Generation.Tracking_Data_Update"/>
  <testcase name="Tracking_Number_Search" time="0.831" classname="Test_Data_Generation.Tracking_Data_Update"/>
  <testcase name="Tracking_Number_Search" time="1.503" classname="Test_Data_Generation.Tracking_Data_Update"/>
  <testcase name="Tracking_Number_Search" time="1.341" classname="Test_Data_Generation.Tracking_Data_Update"/>
  <testcase name="Tracking_Number_Search" time="1.040" classname="Test_Data_Generation.Tracking_Data_Update"/>
  <testcase name="Tracking_Number_Search" time="1.295" classname="Test_Data_Generation.Tracking_Data_Update"/>
  <testcase name="Tracking_Number_Search" time="1.161" classname="Test_Data_Generation.Tracking_Data_Update"/>
  <testcase name="Tracking_Number_Search" time="0.901" classname="Test_Data_Generation.Tracking_Data_Update"/>
  <testcase name="Tracking_Number_Search" time="1.427" classname="Test_Data_Generation.Tracking_Data_Update"/>
  <testcase name="Tracking_Number_Search" time="2.559" classname="Test_Data_Generation.Tracking_Data_Update"/>
  <testcase name="Tracking_Number_Search" time="1.368" classname="Test_Data_Generation.Tracking_Data_Update"/>
  <testcase name="Tracking_Number_Search" time="1.417" classname="Test_Data_Generation.Tracking_Data_Update"/>
  <testcase name="Tracking_Number_Search" time="1.120" classname="Test_Data_Generation.Tracking_Data_Update"/>
  <testcase name="Tracking_Number_Search" time="1.897" classname="Test_Data_Generation.Tracking_Data_Update"/>
  <testcase name="Tracking_Number_Search" time="0.830" classname="Test_Data_Generation.Tracking_Data_Update"/>
  <testcase name="Tracking_Number_Search" time="1.272" classname="Test_Data_Generation.Tracking_Data_Update"/>
  <testcase name="Tracking_Number_Search" time="1.456" classname="Test_Data_Generation.Tracking_Data_Update"/>
  <testcase name="Tracking_Number_Search" time="1.488" classname="Test_Data_Generation.Tracking_Data_Update"/>
  <testcase name="Tracking_Number_Search" time="1.311" classname="Test_Data_Generation.Tracking_Data_Update"/>
  <testcase name="Tracking_Number_Search" time="0.986" classname="Test_Data_Generation.Tracking_Data_Update"/>
  <testcase name="Tracking_Number_Search" time="0.991" classname="Test_Data_Generation.Tracking_Data_Update"/>
  <testcase name="Tracking_Number_Search" time="0.796" classname="Test_Data_Generation.Tracking_Data_Update"/>
  <testcase name="Tracking_Number_Search" time="1.337" classname="Test_Data_Generation.Tracking_Data_Update"/>
  <testcase name="Tracking_Number_Search" time="1.109" classname="Test_Data_Generation.Tracking_Data_Update"/>
  <testcase name="Tracking_Number_Search" time="0.947" classname="Test_Data_Generation.Tracking_Data_Update"/>
  <testcase name="Tracking_Number_Search" time="1.341" classname="Test_Data_Generation.Tracking_Data_Update"/>
  <testcase name="Tracking_Number_Search" time="1.754" classname="Test_Data_Generation.Tracking_Data_Update"/>
  <testcase name="Tracking_Number_Search" time="1.902" classname="Test_Data_Generation.Tracking_Data_Update"/>
  <testcase name="Tracking_Number_Search" time="0.802" classname="Test_Data_Generation.Tracking_Data_Update"/>
  <testcase name="Tracking_Number_Search" time="1.199" classname="Test_Data_Generation.Tracking_Data_Update"/>
  <testcase name="Tracking_Number_Search" time="1.666" classname="Test_Data_Generation.Tracking_Data_Update"/>
  <testcase name="Tracking_Number_Search" time="1.443" classname="Test_Data_Generation.Tracking_Data_Update"/>
  <testcase name="Tracking_Number_Search" time="1.729" classname="Test_Data_Generation.Tracking_Data_Update"/>
  <testcase name="Tracking_Number_Search" time="2.270" classname="Test_Data_Generation.Tracking_Data_Update"/>
  <testcase name="Tracking_Number_Search" time="1.277" classname="Test_Data_Generation.Tracking_Data_Update"/>
  <testcase name="Tracking_Number_Search" time="1.330" classname="Test_Data_Generation.Tracking_Data_Update"/>
  <testcase name="Tracking_Number_Search" time="3.338" classname="Test_Data_Generation.Tracking_Data_Update"/>
  <testcase name="Tracking_Number_Search" time="0.915" classname="Test_Data_Generation.Tracking_Data_Update"/>
  <testcase name="Tracking_Number_Search" time="1.528" classname="Test_Data_Generation.Tracking_Data_Update"/>
  <testcase name="Tracking_Number_Search" time="1.396" classname="Test_Data_Generation.Tracking_Data_Update"/>
  <testcase name="Tracking_Number_Search" time="1.029" classname="Test_Data_Generation.Tracking_Data_Update"/>
  <testcase name="Tracking_Number_Search" time="1.784" classname="Test_Data_Generation.Tracking_Data_Update"/>
  <testcase name="Tracking_Number_Search" time="5.171" classname="Test_Data_Generation.Tracking_Data_Update"/>
  <testcase name="Tracking_Number_Search" time="0.863" classname="Test_Data_Generation.Tracking_Data_Update"/>
  <testcase name="Tracking_Number_Search" time="3.061" classname="Test_Data_Generation.Tracking_Data_Update"/>
  <testcase name="Tracking_Number_Search" time="1.087" classname="Test_Data_Generation.Tracking_Data_Update"/>
  <testcase name="Tracking_Number_Search" time="1.364" classname="Test_Data_Generation.Tracking_Data_Update"/>
  <testcase name="Tracking_Number_Search" time="1.378" classname="Test_Data_Generation.Tracking_Data_Update"/>
  <testcase name="Tracking_Number_Search" time="1.147" classname="Test_Data_Generation.Tracking_Data_Update"/>
  <testcase name="Tracking_Number_Search" time="2.028" classname="Test_Data_Generation.Tracking_Data_Update"/>
  <testcase name="Tracking_Number_Search" time="1.404" classname="Test_Data_Generation.Tracking_Data_Update"/>
  <testcase name="Tracking_Number_Search" time="2.045" classname="Test_Data_Generation.Tracking_Data_Update"/>
  <testcase name="Tracking_Number_Search" time="1.005" classname="Test_Data_Generation.Tracking_Data_Update"/>
  <testcase name="Tracking_Number_Search" time="1.109" classname="Test_Data_Generation.Tracking_Data_Update"/>
  <testcase name="Tracking_Number_Search" time="1.131" classname="Test_Data_Generation.Tracking_Data_Update"/>
  <testcase name="Tracking_Number_Search" time="1.091" classname="Test_Data_Generation.Tracking_Data_Update"/>
  <testcase name="Tracking_Number_Search" time="1.306" classname="Test_Data_Generation.Tracking_Data_Update"/>
  <testcase name="Tracking_Number_Search" time="1.179" classname="Test_Data_Generation.Tracking_Data_Update"/>
  <testcase name="Tracking_Number_Search" time="1.310" classname="Test_Data_Generation.Tracking_Data_Update"/>
  <testcase name="Tracking_Number_Search" time="1.231" classname="Test_Data_Generation.Tracking_Data_Update"/>
  <testcase name="Tracking_Number_Search" time="0.962" classname="Test_Data_Generation.Tracking_Data_Update"/>
  <testcase name="Tracking_Number_Search" time="1.686" classname="Test_Data_Generation.Tracking_Data_Update"/>
  <testcase name="Tracking_Number_Search" time="1.497" classname="Test_Data_Generation.Tracking_Data_Update"/>
  <testcase name="Tracking_Number_Search" time="1.062" classname="Test_Data_Generation.Tracking_Data_Update"/>
  <testcase name="Tracking_Number_Search" time="0.803" classname="Test_Data_Generation.Tracking_Data_Update"/>
  <testcase name="Tracking_Number_Search" time="1.545" classname="Test_Data_Generation.Tracking_Data_Update"/>
  <testcase name="Tracking_Number_Search" time="0.822" classname="Test_Data_Generation.Tracking_Data_Update"/>
  <testcase name="Tracking_Number_Search" time="10.836" classname="Test_Data_Generation.Tracking_Data_Update"/>
  <testcase name="Tracking_Number_Search" time="2.124" classname="Test_Data_Generation.Tracking_Data_Update"/>
  <testcase name="Tracking_Number_Search" time="1.006" classname="Test_Data_Generation.Tracking_Data_Update"/>
  <testcase name="Tracking_Number_Search" time="1.063" classname="Test_Data_Generation.Tracking_Data_Update"/>
  <testcase name="Tracking_Number_Search" time="4.164" classname="Test_Data_Generation.Tracking_Data_Update"/>
  <testcase name="Tracking_Number_Search" time="0.923" classname="Test_Data_Generation.Tracking_Data_Update"/>
  <testcase name="Tracking_Number_Search" time="1.627" classname="Test_Data_Generation.Tracking_Data_Update"/>
  <testcase name="Tracking_Number_Search" time="1.413" classname="Test_Data_Generation.Tracking_Data_Update"/>
  <testcase name="Tracking_Number_Search" time="0.940" classname="Test_Data_Generation.Tracking_Data_Update"/>
  <testcase name="Tracking_Number_Search" time="1.556" classname="Test_Data_Generation.Tracking_Data_Update"/>
  <testcase name="Tracking_Number_Search" time="1.092" classname="Test_Data_Generation.Tracking_Data_Update"/>
  <testcase name="Tracking_Number_Search" time="1.435" classname="Test_Data_Generation.Tracking_Data_Update"/>
  <testcase name="Tracking_Number_Search" time="1.614" classname="Test_Data_Generation.Tracking_Data_Update"/>
  <testcase name="Tracking_Number_Search" time="1.299" classname="Test_Data_Generation.Tracking_Data_Update"/>
  <testcase name="Tracking_Number_Search" time="1.369" classname="Test_Data_Generation.Tracking_Data_Update"/>
  <testcase name="Tracking_Number_Search" time="2.159" classname="Test_Data_Generation.Tracking_Data_Update"/>
  <testcase name="Tracking_Number_Search" time="0.923" classname="Test_Data_Generation.Tracking_Data_Update"/>
  <testcase name="Tracking_Number_Search" time="0.923" classname="Test_Data_Generation.Tracking_Data_Update"/>
  <testcase name="Tracking_Number_Search" time="1.301" classname="Test_Data_Generation.Tracking_Data_Update"/>
  <testcase name="Tracking_Number_Search" time="1.240" classname="Test_Data_Generation.Tracking_Data_Update"/>
  <testcase name="Tracking_Number_Search" time="1.065" classname="Test_Data_Generation.Tracking_Data_Update"/>
  <testcase name="Tracking_Number_Search" time="1.557" classname="Test_Data_Generation.Tracking_Data_Update"/>
  <testcase name="Tracking_Number_Search" time="0.923" classname="Test_Data_Generation.Tracking_Data_Update"/>
  <testcase name="Tracking_Number_Search" time="2.413" classname="Test_Data_Generation.Tracking_Data_Update"/>
  <testcase name="Tracking_Number_Search" time="1.761" classname="Test_Data_Generation.Tracking_Data_Update"/>
  <testcase name="Tracking_Number_Search" time="1.622" classname="Test_Data_Generation.Tracking_Data_Update"/>
  <testcase name="Tracking_Number_Search" time="1.179" classname="Test_Data_Generation.Tracking_Data_Update"/>
  <testcase name="Tracking_Number_Search" time="1.093" classname="Test_Data_Generation.Tracking_Data_Update"/>
  <testcase name="Tracking_Number_Search" time="1.879" classname="Test_Data_Generation.Tracking_Data_Update"/>
  <testcase name="Tracking_Number_Search" time="1.420" classname="Test_Data_Generation.Tracking_Data_Update"/>
  <testcase name="Tracking_Number_Search" time="1.415" classname="Test_Data_Generation.Tracking_Data_Update"/>
  <testcase name="Tracking_Number_Search" time="1.498" classname="Test_Data_Generation.Tracking_Data_Update"/>
  <testcase name="Tracking_Number_Search" time="1.203" classname="Test_Data_Generation.Tracking_Data_Update"/>
  <testcase name="Tracking_Number_Search" time="2.513" classname="Test_Data_Generation.Tracking_Data_Update"/>
  <testcase name="Tracking_Number_Search" time="1.427" classname="Test_Data_Generation.Tracking_Data_Update"/>
  <testcase name="Tracking_Number_Search" time="1.631" classname="Test_Data_Generation.Tracking_Data_Update"/>
  <testcase name="Tracking_Number_Search" time="0.914" classname="Test_Data_Generation.Tracking_Data_Update"/>
  <testcase name="Tracking_Number_Search" time="1.366" classname="Test_Data_Generation.Tracking_Data_Update"/>
  <testcase name="Tracking_Number_Search" time="1.565" classname="Test_Data_Generation.Tracking_Data_Update"/>
  <testcase name="Tracking_Number_Search" time="1.431" classname="Test_Data_Generation.Tracking_Data_Update"/>
  <testcase name="Tracking_Number_Search" time="1.368" classname="Test_Data_Generation.Tracking_Data_Update"/>
  <testcase name="Tracking_Number_Search" time="0.801" classname="Test_Data_Generation.Tracking_Data_Update"/>
  <testcase name="Tracking_Number_Search" time="0.228" classname="Test_Data_Generation.Tracking_Data_Update"/>
  <testcase name="Tracking_Number_Search" time="1.403" classname="Test_Data_Generation.Tracking_Data_Update"/>
  <testcase name="Tracking_Number_Search" time="1.130" classname="Test_Data_Generation.Tracking_Data_Update"/>
  <testcase name="Tracking_Number_Search" time="1.032" classname="Test_Data_Generation.Tracking_Data_Update"/>
  <testcase name="Tracking_Number_Search" time="0.827" classname="Test_Data_Generation.Tracking_Data_Update"/>
  <testcase name="Tracking_Number_Search" time="1.352" classname="Test_Data_Generation.Tracking_Data_Update"/>
  <testcase name="Tracking_Number_Search" time="1.071" classname="Test_Data_Generation.Tracking_Data_Update"/>
  <testcase name="Tracking_Number_Search" time="2.225" classname="Test_Data_Generation.Tracking_Data_Update"/>
  <testcase name="Tracking_Number_Search" time="1.008" classname="Test_Data_Generation.Tracking_Data_Update"/>
  <testcase name="Tracking_Number_Search" time="1.610" classname="Test_Data_Generation.Tracking_Data_Update"/>
  <testcase name="Tracking_Number_Search" time="3.628" classname="Test_Data_Generation.Tracking_Data_Update"/>
  <testcase name="Tracking_Number_Search" time="4.338" classname="Test_Data_Generation.Tracking_Data_Update"/>
  <testcase name="Tracking_Number_Search" time="0.918" classname="Test_Data_Generation.Tracking_Data_Update"/>
  <testcase name="Tracking_Number_Search" time="1.774" classname="Test_Data_Generation.Tracking_Data_Update"/>
  <testcase name="Tracking_Number_Search" time="1.633" classname="Test_Data_Generation.Tracking_Data_Update"/>
  <testcase name="Tracking_Number_Search" time="1.180" classname="Test_Data_Generation.Tracking_Data_Update"/>
  <testcase name="Tracking_Number_Search" time="2.803" classname="Test_Data_Generation.Tracking_Data_Update"/>
  <testcase name="Tracking_Number_Search" time="1.290" classname="Test_Data_Generation.Tracking_Data_Update"/>
  <testcase name="Tracking_Number_Search" time="0.901" classname="Test_Data_Generation.Tracking_Data_Update"/>
  <testcase name="Tracking_Number_Search" time="1.366" classname="Test_Data_Generation.Tracking_Data_Update"/>
  <testcase name="Tracking_Number_Search" time="1.668" classname="Test_Data_Generation.Tracking_Data_Update"/>
  <testcase name="Tracking_Number_Search" time="1.168" classname="Test_Data_Generation.Tracking_Data_Update"/>
  <testcase name="Tracking_Number_Search" time="1.376" classname="Test_Data_Generation.Tracking_Data_Update"/>
  <testcase name="Tracking_Number_Search" time="2.030" classname="Test_Data_Generation.Tracking_Data_Update"/>
  <testcase name="Tracking_Number_Search" time="1.286" classname="Test_Data_Generation.Tracking_Data_Update"/>
  <testcase name="Tracking_Number_Search" time="2.247" classname="Test_Data_Generation.Tracking_Data_Update"/>
  <testcase name="Tracking_Number_Search" time="1.832" classname="Test_Data_Generation.Tracking_Data_Update"/>
  <testcase name="Tracking_Number_Search" time="5.088" classname="Test_Data_Generation.Tracking_Data_Update"/>
  <testcase name="Tracking_Number_Search" time="5.056" classname="Test_Data_Generation.Tracking_Data_Update"/>
  <testcase name="Tracking_Number_Search" time="1.530" classname="Test_Data_Generation.Tracking_Data_Update"/>
  <testcase name="Tracking_Number_Search" time="1.161" classname="Test_Data_Generation.Tracking_Data_Update"/>
  <testcase name="Tracking_Number_Search" time="4.628" classname="Test_Data_Generation.Tracking_Data_Update"/>
  <testcase name="Tracking_Number_Search" time="1.180" classname="Test_Data_Generation.Tracking_Data_Update"/>
  <testcase name="Tracking_Number_Search" time="1.220" classname="Test_Data_Generation.Tracking_Data_Update"/>
  <testcase name="Tracking_Number_Search" time="1.323" classname="Test_Data_Generation.Tracking_Data_Update"/>
  <testcase name="Tracking_Number_Search" time="1.443" classname="Test_Data_Generation.Tracking_Data_Update"/>
  <testcase name="Tracking_Number_Search" time="1.042" classname="Test_Data_Generation.Tracking_Data_Update"/>
  <testcase name="Tracking_Number_Search" time="0.709" classname="Test_Data_Generation.Tracking_Data_Update"/>
  <testcase name="Tracking_Number_Search" time="1.304" classname="Test_Data_Generation.Tracking_Data_Update"/>
  <testcase name="Tracking_Number_Search" time="1.949" classname="Test_Data_Generation.Tracking_Data_Update"/>
  <testcase name="Tracking_Number_Search" time="1.025" classname="Test_Data_Generation.Tracking_Data_Update"/>
  <testcase name="Tracking_Number_Search" time="1.383" classname="Test_Data_Generation.Tracking_Data_Update"/>
  <testcase name="Tracking_Number_Search" time="1.192" classname="Test_Data_Generation.Tracking_Data_Update"/>
  <testcase name="Tracking_Number_Search" time="1.470" classname="Test_Data_Generation.Tracking_Data_Update"/>
  <testcase name="Tracking_Number_Search" time="2.395" classname="Test_Data_Generation.Tracking_Data_Update"/>
  <testcase name="Tracking_Number_Search" time="1.033" classname="Test_Data_Generation.Tracking_Data_Update"/>
  <testcase name="Tracking_Number_Search" time="1.521" classname="Test_Data_Generation.Tracking_Data_Update"/>
  <testcase name="Tracking_Number_Search" time="6.583" classname="Test_Data_Generation.Tracking_Data_Update"/>
  <testcase name="Tracking_Number_Search" time="0.993" classname="Test_Data_Generation.Tracking_Data_Update"/>
  <testcase name="Tracking_Number_Search" time="1.752" classname="Test_Data_Generation.Tracking_Data_Update"/>
  <testcase name="Tracking_Number_Search" time="1.440" classname="Test_Data_Generation.Tracking_Data_Update"/>
  <testcase name="Tracking_Number_Search" time="0.824" classname="Test_Data_Generation.Tracking_Data_Update"/>
  <testcase name="Tracking_Number_Search" time="0.760" classname="Test_Data_Generation.Tracking_Data_Update"/>
  <testcase name="Tracking_Number_Search" time="6.242" classname="Test_Data_Generation.Tracking_Data_Update"/>
  <testcase name="Tracking_Number_Search" time="1.088" classname="Test_Data_Generation.Tracking_Data_Update"/>
  <testcase name="Tracking_Number_Search" time="1.468" classname="Test_Data_Generation.Tracking_Data_Update"/>
  <testcase name="Tracking_Number_Search" time="1.255" classname="Test_Data_Generation.Tracking_Data_Update"/>
  <testcase name="Tracking_Number_Search" time="1.010" classname="Test_Data_Generation.Tracking_Data_Update"/>
  <testcase name="Tracking_Number_Search" time="1.429" classname="Test_Data_Generation.Tracking_Data_Update"/>
  <testcase name="Tracking_Number_Search" time="1.064" classname="Test_Data_Generation.Tracking_Data_Update"/>
  <testcase name="Tracking_Number_Search" time="1.046" classname="Test_Data_Generation.Tracking_Data_Update"/>
  <testcase name="Tracking_Number_Search" time="1.345" classname="Test_Data_Generation.Tracking_Data_Update"/>
  <testcase name="Tracking_Number_Search" time="0.969" classname="Test_Data_Generation.Tracking_Data_Update"/>
  <testcase name="Tracking_Number_Search" time="0.844" classname="Test_Data_Generation.Tracking_Data_Update"/>
  <testcase name="Tracking_Number_Search" time="1.512" classname="Test_Data_Generation.Tracking_Data_Update"/>
  <testcase name="Tracking_Number_Search" time="1.223" classname="Test_Data_Generation.Tracking_Data_Update"/>
  <testcase name="Tracking_Number_Search" time="1.128" classname="Test_Data_Generation.Tracking_Data_Update"/>
  <testcase name="Tracking_Number_Search" time="1.445" classname="Test_Data_Generation.Tracking_Data_Update"/>
  <testcase name="Tracking_Number_Search" time="1.814" classname="Test_Data_Generation.Tracking_Data_Update"/>
  <testcase name="Tracking_Number_Search" time="1.071" classname="Test_Data_Generation.Tracking_Data_Update"/>
  <testcase name="Tracking_Number_Search" time="1.143" classname="Test_Data_Generation.Tracking_Data_Update"/>
  <testcase name="Tracking_Number_Search" time="0.919" classname="Test_Data_Generation.Tracking_Data_Update"/>
  <testcase name="Tracking_Number_Search" time="1.167" classname="Test_Data_Generation.Tracking_Data_Update"/>
  <testcase name="Tracking_Number_Search" time="1.018" classname="Test_Data_Generation.Tracking_Data_Update"/>
  <testcase name="Tracking_Number_Search" time="1.316" classname="Test_Data_Generation.Tracking_Data_Update"/>
  <testcase name="Tracking_Number_Search" time="1.154" classname="Test_Data_Generation.Tracking_Data_Update"/>
  <testcase name="Tracking_Number_Search" time="6.217" classname="Test_Data_Generation.Tracking_Data_Update"/>
  <testcase name="Tracking_Number_Search" time="1.348" classname="Test_Data_Generation.Tracking_Data_Update"/>
  <testcase name="Tracking_Number_Search" time="1.298" classname="Test_Data_Generation.Tracking_Data_Update"/>
  <testcase name="Tracking_Number_Search" time="0.953" classname="Test_Data_Generation.Tracking_Data_Update"/>
  <testcase name="Tracking_Number_Search" time="1.246" classname="Test_Data_Generation.Tracking_Data_Update"/>
  <testcase name="Tracking_Number_Search" time="4.138" classname="Test_Data_Generation.Tracking_Data_Update"/>
  <testcase name="Tracking_Number_Search" time="1.861" classname="Test_Data_Generation.Tracking_Data_Update"/>
  <testcase name="Tracking_Number_Search" time="1.278" classname="Test_Data_Generation.Tracking_Data_Update"/>
  <testcase name="Tracking_Number_Search" time="1.343" classname="Test_Data_Generation.Tracking_Data_Update"/>
  <testcase name="Tracking_Number_Search" time="1.134" classname="Test_Data_Generation.Tracking_Data_Update"/>
  <testcase name="Tracking_Number_Search" time="4.039" classname="Test_Data_Generation.Tracking_Data_Update"/>
  <testcase name="Tracking_Number_Search" time="1.191" classname="Test_Data_Generation.Tracking_Data_Update"/>
  <testcase name="Tracking_Number_Search" time="0.900" classname="Test_Data_Generation.Tracking_Data_Update"/>
  <testcase name="Tracking_Number_Search" time="1.358" classname="Test_Data_Generation.Tracking_Data_Update"/>
  <testcase name="Tracking_Number_Search" time="1.634" classname="Test_Data_Generation.Tracking_Data_Update"/>
  <testcase name="Tracking_Number_Search" time="1.802" classname="Test_Data_Generation.Tracking_Data_Update"/>
  <testcase name="Tracking_Number_Search" time="1.281" classname="Test_Data_Generation.Tracking_Data_Update"/>
  <testcase name="Tracking_Number_Search" time="1.350" classname="Test_Data_Generation.Tracking_Data_Update"/>
  <testcase name="Tracking_Number_Search" time="1.694" classname="Test_Data_Generation.Tracking_Data_Update"/>
  <testcase name="Tracking_Number_Search" time="1.060" classname="Test_Data_Generation.Tracking_Data_Update"/>
  <testcase name="Tracking_Number_Search" time="0.892" classname="Test_Data_Generation.Tracking_Data_Update"/>
  <testcase name="Tracking_Number_Search" time="1.587" classname="Test_Data_Generation.Tracking_Data_Update"/>
  <testcase name="Tracking_Number_Search" time="1.166" classname="Test_Data_Generation.Tracking_Data_Update"/>
  <testcase name="Tracking_Number_Search" time="1.214" classname="Test_Data_Generation.Tracking_Data_Update"/>
  <testcase name="Tracking_Number_Search" time="2.043" classname="Test_Data_Generation.Tracking_Data_Update"/>
  <testcase name="Tracking_Number_Search" time="2.347" classname="Test_Data_Generation.Tracking_Data_Update"/>
  <testcase name="Tracking_Number_Search" time="1.942" classname="Test_Data_Generation.Tracking_Data_Update"/>
  <testcase name="Tracking_Number_Search" time="1.201" classname="Test_Data_Generation.Tracking_Data_Update"/>
  <testcase name="Tracking_Number_Search" time="1.349" classname="Test_Data_Generation.Tracking_Data_Update"/>
  <testcase name="Tracking_Number_Search" time="1.163" classname="Test_Data_Generation.Tracking_Data_Update"/>
  <testcase name="Tracking_Number_Search" time="1.067" classname="Test_Data_Generation.Tracking_Data_Update"/>
  <testcase name="Tracking_Number_Search" time="1.018" classname="Test_Data_Generation.Tracking_Data_Update"/>
  <testcase name="Tracking_Number_Search" time="3.634" classname="Test_Data_Generation.Tracking_Data_Update"/>
  <testcase name="Tracking_Number_Search" time="6.771" classname="Test_Data_Generation.Tracking_Data_Update"/>
  <testcase name="Tracking_Number_Search" time="5.832" classname="Test_Data_Generation.Tracking_Data_Update"/>
  <testcase name="Tracking_Number_Search" time="2.150" classname="Test_Data_Generation.Tracking_Data_Update"/>
  <testcase name="Tracking_Number_Search" time="1.040" classname="Test_Data_Generation.Tracking_Data_Update"/>
  <testcase name="Tracking_Number_Search" time="1.360" classname="Test_Data_Generation.Tracking_Data_Update"/>
  <testcase name="Tracking_Number_Search" time="1.404" classname="Test_Data_Generation.Tracking_Data_Update"/>
  <testcase name="Tracking_Number_Search" time="1.479" classname="Test_Data_Generation.Tracking_Data_Update"/>
  <testcase name="Tracking_Number_Search" time="1.152" classname="Test_Data_Generation.Tracking_Data_Update"/>
  <testcase name="Tracking_Number_Search" time="1.562" classname="Test_Data_Generation.Tracking_Data_Update"/>
  <testcase name="Tracking_Number_Search" time="1.245" classname="Test_Data_Generation.Tracking_Data_Update"/>
  <testcase name="Tracking_Number_Search" time="0.823" classname="Test_Data_Generation.Tracking_Data_Update"/>
  <testcase name="Tracking_Number_Search" time="1.281" classname="Test_Data_Generation.Tracking_Data_Update"/>
  <testcase name="Tracking_Number_Search" time="0.927" classname="Test_Data_Generation.Tracking_Data_Update"/>
  <testcase name="Tracking_Number_Search" time="1.207" classname="Test_Data_Generation.Tracking_Data_Update"/>
  <testcase name="Tracking_Number_Search" time="0.994" classname="Test_Data_Generation.Tracking_Data_Update"/>
  <testcase name="Tracking_Number_Search" time="1.559" classname="Test_Data_Generation.Tracking_Data_Update"/>
  <testcase name="Tracking_Number_Search" time="1.429" classname="Test_Data_Generation.Tracking_Data_Update"/>
  <testcase name="Tracking_Number_Search" time="4.006" classname="Test_Data_Generation.Tracking_Data_Update"/>
  <testcase name="Tracking_Number_Search" time="1.384" classname="Test_Data_Generation.Tracking_Data_Update"/>
  <testcase name="Tracking_Number_Search" time="1.494" classname="Test_Data_Generation.Tracking_Data_Update"/>
  <testcase name="Tracking_Number_Search" time="1.267" classname="Test_Data_Generation.Tracking_Data_Update"/>
  <testcase name="Tracking_Number_Search" time="1.235" classname="Test_Data_Generation.Tracking_Data_Update"/>
  <testcase name="Tracking_Number_Search" time="1.164" classname="Test_Data_Generation.Tracking_Data_Update"/>
  <testcase name="Tracking_Number_Search" time="1.510" classname="Test_Data_Generation.Tracking_Data_Update"/>
  <testcase name="Tracking_Number_Search" time="0.933" classname="Test_Data_Generation.Tracking_Data_Update"/>
  <testcase name="Tracking_Number_Search" time="1.460" classname="Test_Data_Generation.Tracking_Data_Update"/>
  <testcase name="Tracking_Number_Search" time="1.318" classname="Test_Data_Generation.Tracking_Data_Update"/>
  <testcase name="Tracking_Number_Search" time="0.797" classname="Test_Data_Generation.Tracking_Data_Update"/>
  <testcase name="Tracking_Number_Search" time="1.664" classname="Test_Data_Generation.Tracking_Data_Update"/>
  <testcase name="Tracking_Number_Search" time="1.090" classname="Test_Data_Generation.Tracking_Data_Update"/>
  <testcase name="Tracking_Number_Search" time="2.331" classname="Test_Data_Generation.Tracking_Data_Update"/>
  <testcase name="Tracking_Number_Search" time="1.928" classname="Test_Data_Generation.Tracking_Data_Update"/>
  <testcase name="Tracking_Number_Search" time="1.885" classname="Test_Data_Generation.Tracking_Data_Update"/>
  <testcase name="Tracking_Number_Search" time="3.138" classname="Test_Data_Generation.Tracking_Data_Update"/>
  <testcase name="Tracking_Number_Search" time="1.191" classname="Test_Data_Generation.Tracking_Data_Update"/>
  <testcase name="Tracking_Number_Search" time="1.234" classname="Test_Data_Generation.Tracking_Data_Update"/>
  <testcase name="Tracking_Number_Search" time="1.191" classname="Test_Data_Generation.Tracking_Data_Update"/>
  <testcase name="Tracking_Number_Search" time="1.226" classname="Test_Data_Generation.Tracking_Data_Update"/>
  <testcase name="Tracking_Number_Search" time="1.413" classname="Test_Data_Generation.Tracking_Data_Update"/>
  <testcase name="Tracking_Number_Search" time="1.342" classname="Test_Data_Generation.Tracking_Data_Update"/>
  <testcase name="Tracking_Number_Search" time="0.789" classname="Test_Data_Generation.Tracking_Data_Update"/>
  <testcase name="Tracking_Number_Search" time="2.153" classname="Test_Data_Generation.Tracking_Data_Update"/>
  <testcase name="Tracking_Number_Search" time="1.209" classname="Test_Data_Generation.Tracking_Data_Update"/>
  <testcase name="Tracking_Number_Search" time="1.424" classname="Test_Data_Generation.Tracking_Data_Update"/>
  <testcase name="Tracking_Number_Search" time="1.336" classname="Test_Data_Generation.Tracking_Data_Update"/>
  <testcase name="Tracking_Number_Search" time="0.824" classname="Test_Data_Generation.Tracking_Data_Update"/>
  <testcase name="Tracking_Number_Search" time="1.422" classname="Test_Data_Generation.Tracking_Data_Update"/>
  <testcase name="Tracking_Number_Search" time="1.106" classname="Test_Data_Generation.Tracking_Data_Update"/>
  <testcase name="Tracking_Number_Search" time="1.758" classname="Test_Data_Generation.Tracking_Data_Update"/>
  <testcase name="Tracking_Number_Search" time="6.099" classname="Test_Data_Generation.Tracking_Data_Update"/>
  <testcase name="Tracking_Number_Search" time="1.125" classname="Test_Data_Generation.Tracking_Data_Update"/>
  <testcase name="Tracking_Number_Search" time="1.408" classname="Test_Data_Generation.Tracking_Data_Update"/>
  <testcase name="Tracking_Number_Search" time="1.486" classname="Test_Data_Generation.Tracking_Data_Update"/>
  <testcase name="Tracking_Number_Search" time="1.113" classname="Test_Data_Generation.Tracking_Data_Update"/>
  <testcase name="Tracking_Number_Search" time="1.044" classname="Test_Data_Generation.Tracking_Data_Update"/>
  <testcase name="Tracking_Number_Search" time="1.554" classname="Test_Data_Generation.Tracking_Data_Update"/>
  <testcase name="Tracking_Number_Search" time="1.608" classname="Test_Data_Generation.Tracking_Data_Update"/>
  <testcase name="Tracking_Number_Search" time="1.084" classname="Test_Data_Generation.Tracking_Data_Update"/>
  <testcase name="Tracking_Number_Search" time="1.384" classname="Test_Data_Generation.Tracking_Data_Update"/>
  <testcase name="Tracking_Number_Search" time="1.186" classname="Test_Data_Generation.Tracking_Data_Update"/>
  <testcase name="Tracking_Number_Search" time="1.568" classname="Test_Data_Generation.Tracking_Data_Update"/>
  <testcase name="Tracking_Number_Search" time="6.239" classname="Test_Data_Generation.Tracking_Data_Update"/>
  <testcase name="Tracking_Number_Search" time="1.106" classname="Test_Data_Generation.Tracking_Data_Update"/>
  <testcase name="Tracking_Number_Search" time="1.528" classname="Test_Data_Generation.Tracking_Data_Update"/>
  <testcase name="Tracking_Number_Search" time="1.476" classname="Test_Data_Generation.Tracking_Data_Update"/>
  <testcase name="Tracking_Number_Search" time="2.056" classname="Test_Data_Generation.Tracking_Data_Update"/>
  <testcase name="Tracking_Number_Search" time="1.159" classname="Test_Data_Generation.Tracking_Data_Update"/>
  <testcase name="Tracking_Number_Search" time="1.210" classname="Test_Data_Generation.Tracking_Data_Update"/>
  <testcase name="Tracking_Number_Search" time="0.973" classname="Test_Data_Generation.Tracking_Data_Update"/>
  <testcase name="Tracking_Number_Search" time="1.761" classname="Test_Data_Generation.Tracking_Data_Update"/>
  <testcase name="Tracking_Number_Search" time="0.947" classname="Test_Data_Generation.Tracking_Data_Update"/>
  <testcase name="Tracking_Number_Search" time="3.143" classname="Test_Data_Generation.Tracking_Data_Update"/>
  <testcase name="Tracking_Number_Search" time="1.182" classname="Test_Data_Generation.Tracking_Data_Update"/>
  <testcase name="Tracking_Number_Search" time="1.049" classname="Test_Data_Generation.Tracking_Data_Update"/>
  <testcase name="Tracking_Number_Search" time="1.386" classname="Test_Data_Generation.Tracking_Data_Update"/>
  <testcase name="Tracking_Number_Search" time="1.406" classname="Test_Data_Generation.Tracking_Data_Update"/>
  <testcase name="Tracking_Number_Search" time="1.344" classname="Test_Data_Generation.Tracking_Data_Update"/>
  <testcase name="Tracking_Number_Search" time="1.221" classname="Test_Data_Generation.Tracking_Data_Update"/>
  <testcase name="Tracking_Number_Search" time="0.922" classname="Test_Data_Generation.Tracking_Data_Update"/>
  <testcase name="Tracking_Number_Search" time="1.147" classname="Test_Data_Generation.Tracking_Data_Update"/>
  <testcase name="Tracking_Number_Search" time="1.660" classname="Test_Data_Generation.Tracking_Data_Update"/>
  <testcase name="Tracking_Number_Search" time="1.353" classname="Test_Data_Generation.Tracking_Data_Update"/>
  <testcase name="Tracking_Number_Search" time="1.014" classname="Test_Data_Generation.Tracking_Data_Update"/>
  <testcase name="Tracking_Number_Search" time="1.195" classname="Test_Data_Generation.Tracking_Data_Update"/>
  <testcase name="Tracking_Number_Search" time="1.300" classname="Test_Data_Generation.Tracking_Data_Update"/>
  <testcase name="Tracking_Number_Search" time="1.762" classname="Test_Data_Generation.Tracking_Data_Update"/>
  <testcase name="Tracking_Number_Search" time="1.733" classname="Test_Data_Generation.Tracking_Data_Update"/>
  <testcase name="Tracking_Number_Search" time="1.024" classname="Test_Data_Generation.Tracking_Data_Update"/>
  <testcase name="Tracking_Number_Search" time="1.114" classname="Test_Data_Generation.Tracking_Data_Update"/>
  <testcase name="Tracking_Number_Search" time="4.079" classname="Test_Data_Generation.Tracking_Data_Update"/>
  <testcase name="Tracking_Number_Search" time="1.133" classname="Test_Data_Generation.Tracking_Data_Update"/>
  <testcase name="Tracking_Number_Search" time="5.011" classname="Test_Data_Generation.Tracking_Data_Update"/>
  <testcase name="Tracking_Number_Search" time="1.088" classname="Test_Data_Generation.Tracking_Data_Update"/>
  <testcase name="Tracking_Number_Search" time="2.186" classname="Test_Data_Generation.Tracking_Data_Update"/>
  <testcase name="Tracking_Number_Search" time="1.280" classname="Test_Data_Generation.Tracking_Data_Update"/>
  <testcase name="Tracking_Number_Search" time="1.331" classname="Test_Data_Generation.Tracking_Data_Update"/>
  <testcase name="Tracking_Number_Search" time="3.994" classname="Test_Data_Generation.Tracking_Data_Update"/>
  <testcase name="Tracking_Number_Search" time="1.676" classname="Test_Data_Generation.Tracking_Data_Update"/>
  <testcase name="Tracking_Number_Search" time="1.092" classname="Test_Data_Generation.Tracking_Data_Update"/>
  <testcase name="Tracking_Number_Search" time="1.381" classname="Test_Data_Generation.Tracking_Data_Update"/>
  <testcase name="Tracking_Number_Search" time="4.217" classname="Test_Data_Generation.Tracking_Data_Update"/>
  <testcase name="Tracking_Number_Search" time="1.547" classname="Test_Data_Generation.Tracking_Data_Update"/>
  <testcase name="Tracking_Number_Search" time="1.290" classname="Test_Data_Generation.Tracking_Data_Update"/>
  <testcase name="Tracking_Number_Search" time="1.174" classname="Test_Data_Generation.Tracking_Data_Update"/>
  <testcase name="Tracking_Number_Search" time="0.985" classname="Test_Data_Generation.Tracking_Data_Update"/>
  <testcase name="Tracking_Number_Search" time="1.690" classname="Test_Data_Generation.Tracking_Data_Update"/>
  <testcase name="Tracking_Number_Search" time="1.676" classname="Test_Data_Generation.Tracking_Data_Update"/>
  <testcase name="Tracking_Number_Search" time="1.168" classname="Test_Data_Generation.Tracking_Data_Update"/>
  <testcase name="Tracking_Number_Search" time="1.100" classname="Test_Data_Generation.Tracking_Data_Update"/>
  <testcase name="Tracking_Number_Search" time="1.358" classname="Test_Data_Generation.Tracking_Data_Update"/>
  <testcase name="Tracking_Number_Search" time="1.612" classname="Test_Data_Generation.Tracking_Data_Update"/>
  <testcase name="Tracking_Number_Search" time="0.953" classname="Test_Data_Generation.Tracking_Data_Update"/>
  <testcase name="Tracking_Number_Search" time="1.080" classname="Test_Data_Generation.Tracking_Data_Update"/>
  <testcase name="Tracking_Number_Search" time="1.173" classname="Test_Data_Generation.Tracking_Data_Update"/>
  <testcase name="Tracking_Number_Search" time="1.930" classname="Test_Data_Generation.Tracking_Data_Update"/>
  <testcase name="Tracking_Number_Search" time="0.995" classname="Test_Data_Generation.Tracking_Data_Update"/>
  <testcase name="Tracking_Number_Search" time="1.399" classname="Test_Data_Generation.Tracking_Data_Update"/>
  <testcase name="Tracking_Number_Search" time="1.484" classname="Test_Data_Generation.Tracking_Data_Update"/>
  <testcase name="Tracking_Number_Search" time="1.519" classname="Test_Data_Generation.Tracking_Data_Update"/>
  <testcase name="Tracking_Number_Search" time="1.236" classname="Test_Data_Generation.Tracking_Data_Update"/>
  <testcase name="Tracking_Number_Search" time="1.359" classname="Test_Data_Generation.Tracking_Data_Update"/>
  <testcase name="Tracking_Number_Search" time="1.197" classname="Test_Data_Generation.Tracking_Data_Update"/>
  <testcase name="Tracking_Number_Search" time="1.364" classname="Test_Data_Generation.Tracking_Data_Update"/>
  <testcase name="Tracking_Number_Search" time="1.305" classname="Test_Data_Generation.Tracking_Data_Update"/>
  <testcase name="Tracking_Number_Search" time="2.008" classname="Test_Data_Generation.Tracking_Data_Update"/>
  <testcase name="Tracking_Number_Search" time="1.140" classname="Test_Data_Generation.Tracking_Data_Update"/>
  <testcase name="Tracking_Number_Search" time="2.067" classname="Test_Data_Generation.Tracking_Data_Update"/>
  <testcase name="Tracking_Number_Search" time="1.140" classname="Test_Data_Generation.Tracking_Data_Update"/>
  <testcase name="Tracking_Number_Search" time="1.892" classname="Test_Data_Generation.Tracking_Data_Update"/>
  <testcase name="Tracking_Number_Search" time="1.350" classname="Test_Data_Generation.Tracking_Data_Update"/>
  <testcase name="Tracking_Number_Search" time="1.529" classname="Test_Data_Generation.Tracking_Data_Update"/>
  <testcase name="Tracking_Number_Search" time="1.218" classname="Test_Data_Generation.Tracking_Data_Update"/>
  <testcase name="Tracking_Number_Search" time="1.308" classname="Test_Data_Generation.Tracking_Data_Update"/>
  <testcase name="Tracking_Number_Search" time="1.572" classname="Test_Data_Generation.Tracking_Data_Update"/>
  <testcase name="Tracking_Number_Search" time="1.368" classname="Test_Data_Generation.Tracking_Data_Update"/>
  <testcase name="Tracking_Number_Search" time="1.132" classname="Test_Data_Generation.Tracking_Data_Update"/>
  <testcase name="Tracking_Number_Search" time="2.953" classname="Test_Data_Generation.Tracking_Data_Update"/>
  <testcase name="Tracking_Number_Search" time="1.379" classname="Test_Data_Generation.Tracking_Data_Update"/>
  <testcase name="Tracking_Number_Search" time="0.967" classname="Test_Data_Generation.Tracking_Data_Update"/>
  <testcase name="Tracking_Number_Search" time="1.646" classname="Test_Data_Generation.Tracking_Data_Update"/>
  <testcase name="Tracking_Number_Search" time="4.993" classname="Test_Data_Generation.Tracking_Data_Update"/>
  <testcase name="Tracking_Number_Search" time="5.178" classname="Test_Data_Generation.Tracking_Data_Update"/>
  <testcase name="Tracking_Number_Search" time="1.276" classname="Test_Data_Generation.Tracking_Data_Update"/>
  <testcase name="Tracking_Number_Search" time="1.126" classname="Test_Data_Generation.Tracking_Data_Update"/>
  <testcase name="Tracking_Number_Search" time="1.257" classname="Test_Data_Generation.Tracking_Data_Update"/>
  <testcase name="Tracking_Number_Search" time="1.558" classname="Test_Data_Generation.Tracking_Data_Update"/>
  <testcase name="Tracking_Number_Search" time="1.645" classname="Test_Data_Generation.Tracking_Data_Update"/>
  <testcase name="Tracking_Number_Search" time="1.536" classname="Test_Data_Generation.Tracking_Data_Update"/>
  <testcase name="Tracking_Number_Search" time="1.606" classname="Test_Data_Generation.Tracking_Data_Update"/>
  <testcase name="Tracking_Number_Search" time="1.172" classname="Test_Data_Generation.Tracking_Data_Update"/>
  <testcase name="Tracking_Number_Search" time="1.006" classname="Test_Data_Generation.Tracking_Data_Update"/>
  <testcase name="Tracking_Number_Search" time="1.042" classname="Test_Data_Generation.Tracking_Data_Update"/>
  <testcase name="Tracking_Number_Search" time="1.161" classname="Test_Data_Generation.Tracking_Data_Update"/>
  <testcase name="Tracking_Number_Search" time="1.060" classname="Test_Data_Generation.Tracking_Data_Update"/>
  <testcase name="Tracking_Number_Search" time="1.110" classname="Test_Data_Generation.Tracking_Data_Update"/>
  <testcase name="Tracking_Number_Search" time="1.141" classname="Test_Data_Generation.Tracking_Data_Update"/>
  <testcase name="Tracking_Number_Search" time="4.241" classname="Test_Data_Generation.Tracking_Data_Update"/>
  <testcase name="Tracking_Number_Search" time="1.265" classname="Test_Data_Generation.Tracking_Data_Update"/>
  <testcase name="Tracking_Number_Search" time="0.802" classname="Test_Data_Generation.Tracking_Data_Update"/>
  <testcase name="Tracking_Number_Search" time="2.150" classname="Test_Data_Generation.Tracking_Data_Update"/>
  <testcase name="Tracking_Number_Search" time="1.275" classname="Test_Data_Generation.Tracking_Data_Update"/>
  <testcase name="Tracking_Number_Search" time="1.311" classname="Test_Data_Generation.Tracking_Data_Update"/>
  <testcase name="Tracking_Number_Search" time="6.049" classname="Test_Data_Generation.Tracking_Data_Update"/>
  <testcase name="Tracking_Number_Search" time="1.101" classname="Test_Data_Generation.Tracking_Data_Update"/>
  <testcase name="Tracking_Number_Search" time="1.357" classname="Test_Data_Generation.Tracking_Data_Update"/>
  <testcase name="Tracking_Number_Search" time="1.749" classname="Test_Data_Generation.Tracking_Data_Update"/>
  <testcase name="Tracking_Number_Search" time="1.622" classname="Test_Data_Generation.Tracking_Data_Update"/>
  <testcase name="Tracking_Number_Search" time="1.632" classname="Test_Data_Generation.Tracking_Data_Update"/>
  <testcase name="Tracking_Number_Search" time="0.907" classname="Test_Data_Generation.Tracking_Data_Update"/>
  <testcase name="Tracking_Number_Search" time="1.042" classname="Test_Data_Generation.Tracking_Data_Update"/>
  <testcase name="Tracking_Number_Search" time="1.800" classname="Test_Data_Generation.Tracking_Data_Update"/>
  <testcase name="Tracking_Number_Search" time="1.061" classname="Test_Data_Generation.Tracking_Data_Update"/>
  <testcase name="Tracking_Number_Search" time="0.947" classname="Test_Data_Generation.Tracking_Data_Update"/>
  <testcase name="Tracking_Number_Search" time="1.110" classname="Test_Data_Generation.Tracking_Data_Update"/>
  <testcase name="Tracking_Number_Search" time="0.973" classname="Test_Data_Generation.Tracking_Data_Update"/>
  <testcase name="Tracking_Number_Search" time="1.466" classname="Test_Data_Generation.Tracking_Data_Update"/>
  <testcase name="Tracking_Number_Search" time="6.209" classname="Test_Data_Generation.Tracking_Data_Update"/>
  <testcase name="Tracking_Number_Search" time="1.370" classname="Test_Data_Generation.Tracking_Data_Update"/>
  <testcase name="Tracking_Number_Search" time="1.184" classname="Test_Data_Generation.Tracking_Data_Update"/>
  <testcase name="Tracking_Number_Search" time="1.435" classname="Test_Data_Generation.Tracking_Data_Update"/>
  <testcase name="Tracking_Number_Search" time="1.277" classname="Test_Data_Generation.Tracking_Data_Update"/>
  <testcase name="Tracking_Number_Search" time="1.459" classname="Test_Data_Generation.Tracking_Data_Update"/>
  <testcase name="Tracking_Number_Search" time="0.826" classname="Test_Data_Generation.Tracking_Data_Update"/>
  <testcase name="Tracking_Number_Search" time="1.361" classname="Test_Data_Generation.Tracking_Data_Update"/>
  <testcase name="Tracking_Number_Search" time="1.102" classname="Test_Data_Generation.Tracking_Data_Update"/>
  <testcase name="Tracking_Number_Search" time="1.851" classname="Test_Data_Generation.Tracking_Data_Update"/>
  <testcase name="Tracking_Number_Search" time="1.367" classname="Test_Data_Generation.Tracking_Data_Update"/>
  <testcase name="Tracking_Number_Search" time="2.331" classname="Test_Data_Generation.Tracking_Data_Update"/>
  <testcase name="Tracking_Number_Search" time="1.293" classname="Test_Data_Generation.Tracking_Data_Update"/>
  <testcase name="Tracking_Number_Search" time="4.962" classname="Test_Data_Generation.Tracking_Data_Update"/>
  <testcase name="Tracking_Number_Search" time="1.505" classname="Test_Data_Generation.Tracking_Data_Update"/>
  <testcase name="Tracking_Number_Search" time="1.414" classname="Test_Data_Generation.Tracking_Data_Update"/>
  <testcase name="Tracking_Number_Search" time="1.653" classname="Test_Data_Generation.Tracking_Data_Update"/>
  <testcase name="Tracking_Number_Search" time="1.145" classname="Test_Data_Generation.Tracking_Data_Update"/>
  <testcase name="Tracking_Number_Search" time="0.851" classname="Test_Data_Generation.Tracking_Data_Update"/>
  <testcase name="Tracking_Number_Search" time="0.903" classname="Test_Data_Generation.Tracking_Data_Update"/>
  <testcase name="Tracking_Number_Search" time="3.147" classname="Test_Data_Generation.Tracking_Data_Update"/>
  <testcase name="Tracking_Number_Search" time="1.484" classname="Test_Data_Generation.Tracking_Data_Update"/>
  <testcase name="Tracking_Number_Search" time="1.389" classname="Test_Data_Generation.Tracking_Data_Update"/>
  <testcase name="Tracking_Number_Search" time="9.443" classname="Test_Data_Generation.Tracking_Data_Update"/>
  <testcase name="Tracking_Number_Search" time="0.990" classname="Test_Data_Generation.Tracking_Data_Update"/>
  <testcase name="Tracking_Number_Search" time="1.980" classname="Test_Data_Generation.Tracking_Data_Update"/>
  <testcase name="Tracking_Number_Search" time="1.183" classname="Test_Data_Generation.Tracking_Data_Update"/>
  <testcase name="Tracking_Number_Search" time="1.475" classname="Test_Data_Generation.Tracking_Data_Update"/>
  <testcase name="Tracking_Number_Search" time="1.030" classname="Test_Data_Generation.Tracking_Data_Update"/>
  <testcase name="Tracking_Number_Search" time="1.526" classname="Test_Data_Generation.Tracking_Data_Update"/>
  <testcase name="Tracking_Number_Search" time="0.979" classname="Test_Data_Generation.Tracking_Data_Update"/>
  <testcase name="Tracking_Number_Search" time="1.762" classname="Test_Data_Generation.Tracking_Data_Update"/>
  <testcase name="Tracking_Number_Search" time="0.942" classname="Test_Data_Generation.Tracking_Data_Update"/>
  <testcase name="Tracking_Number_Search" time="0.853" classname="Test_Data_Generation.Tracking_Data_Update"/>
  <testcase name="Tracking_Number_Search" time="1.189" classname="Test_Data_Generation.Tracking_Data_Update"/>
  <testcase name="Tracking_Number_Search" time="2.092" classname="Test_Data_Generation.Tracking_Data_Update"/>
  <testcase name="Tracking_Number_Search" time="0.892" classname="Test_Data_Generation.Tracking_Data_Update"/>
  <testcase name="Tracking_Number_Search" time="1.624" classname="Test_Data_Generation.Tracking_Data_Update"/>
  <testcase name="Tracking_Number_Search" time="1.693" classname="Test_Data_Generation.Tracking_Data_Update"/>
  <testcase name="Tracking_Number_Search" time="1.216" classname="Test_Data_Generation.Tracking_Data_Update"/>
  <testcase name="Tracking_Number_Search" time="1.372" classname="Test_Data_Generation.Tracking_Data_Update"/>
  <testcase name="Tracking_Number_Search" time="1.165" classname="Test_Data_Generation.Tracking_Data_Update"/>
  <testcase name="Tracking_Number_Search" time="1.282" classname="Test_Data_Generation.Tracking_Data_Update"/>
  <testcase name="Tracking_Number_Search" time="1.207" classname="Test_Data_Generation.Tracking_Data_Update"/>
  <testcase name="Tracking_Number_Search" time="1.270" classname="Test_Data_Generation.Tracking_Data_Update"/>
  <testcase name="Tracking_Number_Search" time="0.866" classname="Test_Data_Generation.Tracking_Data_Update"/>
  <testcase name="Tracking_Number_Search" time="0.816" classname="Test_Data_Generation.Tracking_Data_Update"/>
  <testcase name="Tracking_Number_Search" time="1.470" classname="Test_Data_Generation.Tracking_Data_Update"/>
  <testcase name="Tracking_Number_Search" time="1.306" classname="Test_Data_Generation.Tracking_Data_Update"/>
  <testcase name="Tracking_Number_Search" time="2.556" classname="Test_Data_Generation.Tracking_Data_Update"/>
  <testcase name="Tracking_Number_Search" time="0.816" classname="Test_Data_Generation.Tracking_Data_Update"/>
  <testcase name="Tracking_Number_Search" time="1.325" classname="Test_Data_Generation.Tracking_Data_Update"/>
  <testcase name="Tracking_Number_Search" time="1.346" classname="Test_Data_Generation.Tracking_Data_Update"/>
  <testcase name="Tracking_Number_Search" time="1.387" classname="Test_Data_Generation.Tracking_Data_Update"/>
  <testcase name="Tracking_Number_Search" time="2.541" classname="Test_Data_Generation.Tracking_Data_Update"/>
  <testcase name="Tracking_Number_Search" time="1.216" classname="Test_Data_Generation.Tracking_Data_Update"/>
  <testcase name="Tracking_Number_Search" time="1.599" classname="Test_Data_Generation.Tracking_Data_Update"/>
  <testcase name="Tracking_Number_Search" time="1.569" classname="Test_Data_Generation.Tracking_Data_Update"/>
  <testcase name="Tracking_Number_Search" time="1.095" classname="Test_Data_Generation.Tracking_Data_Update"/>
  <testcase name="Tracking_Number_Search" time="1.355" classname="Test_Data_Generation.Tracking_Data_Update"/>
  <testcase name="Tracking_Number_Search" time="1.198" classname="Test_Data_Generation.Tracking_Data_Update"/>
  <testcase name="Tracking_Number_Search" time="1.016" classname="Test_Data_Generation.Tracking_Data_Update"/>
  <testcase name="Tracking_Number_Search" time="2.123" classname="Test_Data_Generation.Tracking_Data_Update"/>
  <testcase name="Tracking_Number_Search" time="1.349" classname="Test_Data_Generation.Tracking_Data_Update"/>
  <testcase name="Tracking_Number_Search" time="1.429" classname="Test_Data_Generation.Tracking_Data_Update"/>
  <testcase name="Tracking_Number_Search" time="1.842" classname="Test_Data_Generation.Tracking_Data_Update"/>
  <testcase name="Tracking_Number_Search" time="6.776" classname="Test_Data_Generation.Tracking_Data_Update"/>
  <testcase name="Tracking_Number_Search" time="1.378" classname="Test_Data_Generation.Tracking_Data_Update"/>
  <testcase name="Tracking_Number_Search" time="1.198" classname="Test_Data_Generation.Tracking_Data_Update"/>
  <testcase name="Tracking_Number_Search" time="5.062" classname="Test_Data_Generation.Tracking_Data_Update"/>
  <testcase name="Tracking_Number_Search" time="6.520" classname="Test_Data_Generation.Tracking_Data_Update"/>
  <testcase name="Tracking_Number_Search" time="1.381" classname="Test_Data_Generation.Tracking_Data_Update"/>
  <testcase name="Tracking_Number_Search" time="1.308" classname="Test_Data_Generation.Tracking_Data_Update"/>
  <testcase name="Tracking_Number_Search" time="2.190" classname="Test_Data_Generation.Tracking_Data_Update"/>
  <testcase name="Tracking_Number_Search" time="1.600" classname="Test_Data_Generation.Tracking_Data_Update"/>
  <testcase name="Tracking_Number_Search" time="1.181" classname="Test_Data_Generation.Tracking_Data_Update"/>
  <testcase name="Tracking_Number_Search" time="1.412" classname="Test_Data_Generation.Tracking_Data_Update"/>
  <testcase name="Tracking_Number_Search" time="1.240" classname="Test_Data_Generation.Tracking_Data_Update"/>
  <testcase name="Tracking_Number_Search" time="1.894" classname="Test_Data_Generation.Tracking_Data_Update"/>
  <testcase name="Tracking_Number_Search" time="5.980" classname="Test_Data_Generation.Tracking_Data_Update"/>
  <testcase name="Tracking_Number_Search" time="4.703" classname="Test_Data_Generation.Tracking_Data_Update"/>
  <testcase name="Tracking_Number_Search" time="1.819" classname="Test_Data_Generation.Tracking_Data_Update"/>
  <testcase name="Tracking_Number_Search" time="1.201" classname="Test_Data_Generation.Tracking_Data_Update"/>
  <testcase name="Tracking_Number_Search" time="4.164" classname="Test_Data_Generation.Tracking_Data_Update"/>
  <testcase name="Tracking_Number_Search" time="1.196" classname="Test_Data_Generation.Tracking_Data_Update"/>
  <testcase name="Tracking_Number_Search" time="10.199" classname="Test_Data_Generation.Tracking_Data_Update"/>
  <testcase name="Tracking_Number_Search" time="2.130" classname="Test_Data_Generation.Tracking_Data_Update"/>
  <testcase name="Tracking_Number_Search" time="1.393" classname="Test_Data_Generation.Tracking_Data_Update"/>
  <testcase name="Tracking_Number_Search" time="1.204" classname="Test_Data_Generation.Tracking_Data_Update"/>
  <testcase name="Tracking_Number_Search" time="5.049" classname="Test_Data_Generation.Tracking_Data_Update"/>
  <testcase name="Tracking_Number_Search" time="1.137" classname="Test_Data_Generation.Tracking_Data_Update"/>
  <testcase name="Tracking_Number_Search" time="1.002" classname="Test_Data_Generation.Tracking_Data_Update"/>
  <testcase name="Tracking_Number_Search" time="1.208" classname="Test_Data_Generation.Tracking_Data_Update"/>
  <testcase name="Tracking_Number_Search" time="1.189" classname="Test_Data_Generation.Tracking_Data_Update"/>
  <testcase name="Tracking_Number_Search" time="1.586" classname="Test_Data_Generation.Tracking_Data_Update"/>
  <testcase name="Tracking_Number_Search" time="1.958" classname="Test_Data_Generation.Tracking_Data_Update"/>
  <testcase name="Tracking_Number_Search" time="1.273" classname="Test_Data_Generation.Tracking_Data_Update"/>
  <testcase name="Tracking_Number_Search" time="1.295" classname="Test_Data_Generation.Tracking_Data_Update"/>
  <testcase name="Tracking_Number_Search" time="1.348" classname="Test_Data_Generation.Tracking_Data_Update"/>
  <testcase name="Tracking_Number_Search" time="0.891" classname="Test_Data_Generation.Tracking_Data_Update"/>
  <testcase name="Tracking_Number_Search" time="1.449" classname="Test_Data_Generation.Tracking_Data_Update"/>
  <testcase name="Tracking_Number_Search" time="1.260" classname="Test_Data_Generation.Tracking_Data_Update"/>
  <testcase name="Tracking_Number_Search" time="1.505" classname="Test_Data_Generation.Tracking_Data_Update"/>
  <testcase name="Tracking_Number_Search" time="1.272" classname="Test_Data_Generation.Tracking_Data_Update"/>
  <testcase name="Tracking_Number_Search" time="0.912" classname="Test_Data_Generation.Tracking_Data_Update"/>
  <testcase name="Tracking_Number_Search" time="5.921" classname="Test_Data_Generation.Tracking_Data_Update"/>
  <testcase name="Tracking_Number_Search" time="1.293" classname="Test_Data_Generation.Tracking_Data_Update"/>
  <testcase name="Tracking_Number_Search" time="1.376" classname="Test_Data_Generation.Tracking_Data_Update"/>
  <testcase name="Tracking_Number_Search" time="1.727" classname="Test_Data_Generation.Tracking_Data_Update"/>
  <testcase name="Tracking_Number_Search" time="1.844" classname="Test_Data_Generation.Tracking_Data_Update"/>
  <testcase name="Tracking_Number_Search" time="1.271" classname="Test_Data_Generation.Tracking_Data_Update"/>
  <testcase name="Tracking_Number_Search" time="1.545" classname="Test_Data_Generation.Tracking_Data_Update"/>
  <testcase name="Tracking_Number_Search" time="1.301" classname="Test_Data_Generation.Tracking_Data_Update"/>
  <testcase name="Tracking_Number_Search" time="1.392" classname="Test_Data_Generation.Tracking_Data_Update"/>
  <testcase name="Tracking_Number_Search" time="1.366" classname="Test_Data_Generation.Tracking_Data_Update"/>
  <testcase name="Tracking_Number_Search" time="1.363" classname="Test_Data_Generation.Tracking_Data_Update"/>
  <testcase name="Tracking_Number_Search" time="1.276" classname="Test_Data_Generation.Tracking_Data_Update"/>
  <testcase name="Tracking_Number_Search" time="1.084" classname="Test_Data_Generation.Tracking_Data_Update"/>
  <testcase name="Tracking_Number_Search" time="3.935" classname="Test_Data_Generation.Tracking_Data_Update"/>
  <testcase name="Tracking_Number_Search" time="0.886" classname="Test_Data_Generation.Tracking_Data_Update"/>
  <testcase name="Tracking_Number_Search" time="1.339" classname="Test_Data_Generation.Tracking_Data_Update"/>
  <testcase name="Tracking_Number_Search" time="1.564" classname="Test_Data_Generation.Tracking_Data_Update"/>
  <testcase name="Tracking_Number_Search" time="0.994" classname="Test_Data_Generation.Tracking_Data_Update"/>
  <testcase name="Tracking_Number_Search" time="1.238" classname="Test_Data_Generation.Tracking_Data_Update"/>
  <testcase name="Tracking_Number_Search" time="0.993" classname="Test_Data_Generation.Tracking_Data_Update"/>
  <testcase name="Tracking_Number_Search" time="1.074" classname="Test_Data_Generation.Tracking_Data_Update"/>
  <testcase name="Tracking_Number_Search" time="1.994" classname="Test_Data_Generation.Tracking_Data_Update"/>
  <testcase name="Tracking_Number_Search" time="0.992" classname="Test_Data_Generation.Tracking_Data_Update"/>
  <testcase name="Tracking_Number_Search" time="1.491" classname="Test_Data_Generation.Tracking_Data_Update"/>
  <testcase name="Tracking_Number_Search" time="1.387" classname="Test_Data_Generation.Tracking_Data_Update"/>
  <testcase name="Tracking_Number_Search" time="1.429" classname="Test_Data_Generation.Tracking_Data_Update"/>
  <testcase name="Tracking_Number_Search" time="1.213" classname="Test_Data_Generation.Tracking_Data_Update"/>
  <testcase name="Tracking_Number_Search" time="1.027" classname="Test_Data_Generation.Tracking_Data_Update"/>
  <testcase name="Tracking_Number_Search" time="1.309" classname="Test_Data_Generation.Tracking_Data_Update"/>
  <testcase name="Tracking_Number_Search" time="1.125" classname="Test_Data_Generation.Tracking_Data_Update"/>
  <testcase name="Tracking_Number_Search" time="1.618" classname="Test_Data_Generation.Tracking_Data_Update"/>
  <testcase name="Tracking_Number_Search" time="1.254" classname="Test_Data_Generation.Tracking_Data_Update"/>
  <testcase name="Tracking_Number_Search" time="1.287" classname="Test_Data_Generation.Tracking_Data_Update"/>
  <testcase name="Tracking_Number_Search" time="1.775" classname="Test_Data_Generation.Tracking_Data_Update"/>
  <testcase name="Tracking_Number_Search" time="1.206" classname="Test_Data_Generation.Tracking_Data_Update"/>
  <testcase name="Tracking_Number_Search" time="1.173" classname="Test_Data_Generation.Tracking_Data_Update"/>
  <testcase name="Tracking_Number_Search" time="1.208" classname="Test_Data_Generation.Tracking_Data_Update"/>
  <testcase name="Tracking_Number_Search" time="1.538" classname="Test_Data_Generation.Tracking_Data_Update"/>
  <testcase name="Tracking_Number_Search" time="1.485" classname="Test_Data_Generation.Tracking_Data_Update"/>
  <testcase name="Tracking_Number_Search" time="1.818" classname="Test_Data_Generation.Tracking_Data_Update"/>
  <testcase name="Tracking_Number_Search" time="0.988" classname="Test_Data_Generation.Tracking_Data_Update"/>
  <testcase name="Tracking_Number_Search" time="1.240" classname="Test_Data_Generation.Tracking_Data_Update"/>
  <testcase name="Tracking_Number_Search" time="1.515" classname="Test_Data_Generation.Tracking_Data_Update"/>
  <testcase name="Tracking_Number_Search" time="0.890" classname="Test_Data_Generation.Tracking_Data_Update"/>
  <testcase name="Tracking_Number_Search" time="1.239" classname="Test_Data_Generation.Tracking_Data_Update"/>
  <testcase name="Tracking_Number_Search" time="1.084" classname="Test_Data_Generation.Tracking_Data_Update"/>
  <testcase name="Tracking_Number_Search" time="1.160" classname="Test_Data_Generation.Tracking_Data_Update"/>
  <testcase name="Tracking_Number_Search" time="0.819" classname="Test_Data_Generation.Tracking_Data_Update"/>
  <testcase name="Tracking_Number_Search" time="1.059" classname="Test_Data_Generation.Tracking_Data_Update"/>
  <testcase name="Tracking_Number_Search" time="1.384" classname="Test_Data_Generation.Tracking_Data_Update"/>
  <testcase name="Tracking_Number_Search" time="1.114" classname="Test_Data_Generation.Tracking_Data_Update"/>
  <testcase name="Tracking_Number_Search" time="5.126" classname="Test_Data_Generation.Tracking_Data_Update"/>
  <testcase name="Tracking_Number_Search" time="2.618" classname="Test_Data_Generation.Tracking_Data_Update"/>
  <testcase name="Tracking_Number_Search" time="0.927" classname="Test_Data_Generation.Tracking_Data_Update"/>
  <testcase name="Tracking_Number_Search" time="0.791" classname="Test_Data_Generation.Tracking_Data_Update"/>
  <testcase name="Tracking_Number_Search" time="1.084" classname="Test_Data_Generation.Tracking_Data_Update"/>
  <testcase name="Tracking_Number_Search" time="1.026" classname="Test_Data_Generation.Tracking_Data_Update"/>
  <testcase name="Tracking_Number_Search" time="1.212" classname="Test_Data_Generation.Tracking_Data_Update"/>
  <testcase name="Tracking_Number_Search" time="1.100" classname="Test_Data_Generation.Tracking_Data_Update"/>
  <testcase name="Tracking_Number_Search" time="1.722" classname="Test_Data_Generation.Tracking_Data_Update"/>
  <testcase name="Tracking_Number_Search" time="1.443" classname="Test_Data_Generation.Tracking_Data_Update"/>
  <testcase name="Tracking_Number_Search" time="1.299" classname="Test_Data_Generation.Tracking_Data_Update"/>
  <testcase name="Tracking_Number_Search" time="1.154" classname="Test_Data_Generation.Tracking_Data_Update"/>
  <testcase name="Tracking_Number_Search" time="0.899" classname="Test_Data_Generation.Tracking_Data_Update"/>
  <testcase name="Tracking_Number_Search" time="0.981" classname="Test_Data_Generation.Tracking_Data_Update"/>
  <testcase name="Tracking_Number_Search" time="1.801" classname="Test_Data_Generation.Tracking_Data_Update"/>
  <testcase name="Tracking_Number_Search" time="1.395" classname="Test_Data_Generation.Tracking_Data_Update"/>
  <testcase name="Tracking_Number_Search" time="1.149" classname="Test_Data_Generation.Tracking_Data_Update"/>
  <testcase name="Tracking_Number_Search" time="0.947" classname="Test_Data_Generation.Tracking_Data_Update"/>
  <testcase name="Tracking_Number_Search" time="1.207" classname="Test_Data_Generation.Tracking_Data_Update"/>
  <testcase name="Tracking_Number_Search" time="1.645" classname="Test_Data_Generation.Tracking_Data_Update"/>
  <testcase name="Tracking_Number_Search" time="1.090" classname="Test_Data_Generation.Tracking_Data_Update"/>
  <testcase name="Tracking_Number_Search" time="0.974" classname="Test_Data_Generation.Tracking_Data_Update"/>
  <testcase name="Tracking_Number_Search" time="1.152" classname="Test_Data_Generation.Tracking_Data_Update"/>
  <testcase name="Tracking_Number_Search" time="1.193" classname="Test_Data_Generation.Tracking_Data_Update"/>
  <testcase name="Tracking_Number_Search" time="1.653" classname="Test_Data_Generation.Tracking_Data_Update"/>
  <testcase name="Tracking_Number_Search" time="0.903" classname="Test_Data_Generation.Tracking_Data_Update"/>
  <testcase name="Tracking_Number_Search" time="1.185" classname="Test_Data_Generation.Tracking_Data_Update"/>
  <testcase name="Tracking_Number_Search" time="1.048" classname="Test_Data_Generation.Tracking_Data_Update"/>
  <testcase name="Tracking_Number_Search" time="0.935" classname="Test_Data_Generation.Tracking_Data_Update"/>
  <testcase name="Tracking_Number_Search" time="0.863" classname="Test_Data_Generation.Tracking_Data_Update"/>
  <testcase name="Tracking_Number_Search" time="1.178" classname="Test_Data_Generation.Tracking_Data_Update"/>
  <testcase name="Tracking_Number_Search" time="0.974" classname="Test_Data_Generation.Tracking_Data_Update"/>
  <testcase name="Tracking_Number_Search" time="1.915" classname="Test_Data_Generation.Tracking_Data_Update"/>
  <testcase name="Tracking_Number_Search" time="1.301" classname="Test_Data_Generation.Tracking_Data_Update"/>
  <testcase name="Tracking_Number_Search" time="1.655" classname="Test_Data_Generation.Tracking_Data_Update"/>
  <testcase name="Tracking_Number_Search" time="2.727" classname="Test_Data_Generation.Tracking_Data_Update"/>
  <testcase name="Tracking_Number_Search" time="1.063" classname="Test_Data_Generation.Tracking_Data_Update"/>
  <testcase name="Tracking_Number_Search" time="6.176" classname="Test_Data_Generation.Tracking_Data_Update"/>
  <testcase name="Tracking_Number_Search" time="1.112" classname="Test_Data_Generation.Tracking_Data_Update"/>
  <testcase name="Tracking_Number_Search" time="1.160" classname="Test_Data_Generation.Tracking_Data_Update"/>
  <testcase name="Tracking_Number_Search" time="1.775" classname="Test_Data_Generation.Tracking_Data_Update"/>
  <testcase name="Tracking_Number_Search" time="1.263" classname="Test_Data_Generation.Tracking_Data_Update"/>
  <testcase name="Tracking_Number_Search" time="1.370" classname="Test_Data_Generation.Tracking_Data_Update"/>
  <testcase name="Tracking_Number_Search" time="1.036" classname="Test_Data_Generation.Tracking_Data_Update"/>
  <testcase name="Tracking_Number_Search" time="1.302" classname="Test_Data_Generation.Tracking_Data_Update"/>
  <testcase name="Tracking_Number_Search" time="1.118" classname="Test_Data_Generation.Tracking_Data_Update"/>
  <testcase name="Tracking_Number_Search" time="1.143" classname="Test_Data_Generation.Tracking_Data_Update"/>
  <testcase name="Tracking_Number_Search" time="2.436" classname="Test_Data_Generation.Tracking_Data_Update"/>
  <testcase name="Tracking_Number_Search" time="1.494" classname="Test_Data_Generation.Tracking_Data_Update"/>
  <testcase name="Tracking_Number_Search" time="1.355" classname="Test_Data_Generation.Tracking_Data_Update"/>
  <testcase name="Tracking_Number_Search" time="1.156" classname="Test_Data_Generation.Tracking_Data_Update"/>
  <testcase name="Tracking_Number_Search" time="1.486" classname="Test_Data_Generation.Tracking_Data_Update"/>
  <testcase name="Tracking_Number_Search" time="1.132" classname="Test_Data_Generation.Tracking_Data_Update"/>
  <testcase name="Tracking_Number_Search" time="0.903" classname="Test_Data_Generation.Tracking_Data_Update"/>
  <testcase name="Tracking_Number_Search" time="0.964" classname="Test_Data_Generation.Tracking_Data_Update"/>
  <testcase name="Tracking_Number_Search" time="1.335" classname="Test_Data_Generation.Tracking_Data_Update"/>
  <testcase name="Tracking_Number_Search" time="1.327" classname="Test_Data_Generation.Tracking_Data_Update"/>
  <testcase name="Tracking_Number_Search" time="4.721" classname="Test_Data_Generation.Tracking_Data_Update"/>
  <testcase name="Tracking_Number_Search" time="1.548" classname="Test_Data_Generation.Tracking_Data_Update"/>
  <testcase name="Tracking_Number_Search" time="1.714" classname="Test_Data_Generation.Tracking_Data_Update"/>
  <testcase name="Tracking_Number_Search" time="2.762" classname="Test_Data_Generation.Tracking_Data_Update"/>
  <testcase name="Tracking_Number_Search" time="3.093" classname="Test_Data_Generation.Tracking_Data_Update"/>
  <testcase name="Tracking_Number_Search" time="1.288" classname="Test_Data_Generation.Tracking_Data_Update"/>
  <testcase name="Tracking_Number_Search" time="1.547" classname="Test_Data_Generation.Tracking_Data_Update"/>
  <testcase name="Tracking_Number_Search" time="0.992" classname="Test_Data_Generation.Tracking_Data_Update"/>
  <testcase name="Tracking_Number_Search" time="0.754" classname="Test_Data_Generation.Tracking_Data_Update"/>
  <testcase name="Tracking_Number_Search" time="1.149" classname="Test_Data_Generation.Tracking_Data_Update"/>
  <testcase name="Tracking_Number_Search" time="0.978" classname="Test_Data_Generation.Tracking_Data_Update"/>
  <testcase name="Tracking_Number_Search" time="1.435" classname="Test_Data_Generation.Tracking_Data_Update"/>
  <testcase name="Tracking_Number_Search" time="0.916" classname="Test_Data_Generation.Tracking_Data_Update"/>
  <testcase name="Tracking_Number_Search" time="0.903" classname="Test_Data_Generation.Tracking_Data_Update"/>
  <testcase name="Tracking_Number_Search" time="1.324" classname="Test_Data_Generation.Tracking_Data_Update"/>
  <testcase name="Tracking_Number_Search" time="1.293" classname="Test_Data_Generation.Tracking_Data_Update"/>
  <testcase name="Tracking_Number_Search" time="1.497" classname="Test_Data_Generation.Tracking_Data_Update"/>
  <testcase name="Tracking_Number_Search" time="1.798" classname="Test_Data_Generation.Tracking_Data_Update"/>
  <testcase name="Tracking_Number_Search" time="1.131" classname="Test_Data_Generation.Tracking_Data_Update"/>
  <testcase name="Tracking_Number_Search" time="1.358" classname="Test_Data_Generation.Tracking_Data_Update"/>
  <testcase name="Tracking_Number_Search" time="1.236" classname="Test_Data_Generation.Tracking_Data_Update"/>
  <testcase name="Tracking_Number_Search" time="1.261" classname="Test_Data_Generation.Tracking_Data_Update"/>
  <testcase name="Tracking_Number_Search" time="0.869" classname="Test_Data_Generation.Tracking_Data_Update"/>
  <testcase name="Tracking_Number_Search" time="1.246" classname="Test_Data_Generation.Tracking_Data_Update"/>
  <testcase name="Tracking_Number_Search" time="1.241" classname="Test_Data_Generation.Tracking_Data_Update"/>
  <testcase name="Tracking_Number_Search" time="0.872" classname="Test_Data_Generation.Tracking_Data_Update"/>
  <testcase name="Tracking_Number_Search" time="1.640" classname="Test_Data_Generation.Tracking_Data_Update"/>
  <testcase name="Tracking_Number_Search" time="1.430" classname="Test_Data_Generation.Tracking_Data_Update"/>
  <testcase name="Tracking_Number_Search" time="1.354" classname="Test_Data_Generation.Tracking_Data_Update"/>
  <testcase name="Tracking_Number_Search" time="1.541" classname="Test_Data_Generation.Tracking_Data_Update"/>
  <testcase name="Tracking_Number_Search" time="5.107" classname="Test_Data_Generation.Tracking_Data_Update"/>
  <testcase name="Tracking_Number_Search" time="1.722" classname="Test_Data_Generation.Tracking_Data_Update"/>
  <testcase name="Tracking_Number_Search" time="1.190" classname="Test_Data_Generation.Tracking_Data_Update"/>
  <testcase name="Tracking_Number_Search" time="0.918" classname="Test_Data_Generation.Tracking_Data_Update"/>
  <testcase name="Tracking_Number_Search" time="0.961" classname="Test_Data_Generation.Tracking_Data_Update"/>
  <testcase name="Tracking_Number_Search" time="1.291" classname="Test_Data_Generation.Tracking_Data_Update"/>
  <testcase name="Tracking_Number_Search" time="1.691" classname="Test_Data_Generation.Tracking_Data_Update"/>
  <testcase name="Tracking_Number_Search" time="1.607" classname="Test_Data_Generation.Tracking_Data_Update"/>
  <testcase name="Tracking_Number_Search" time="1.227" classname="Test_Data_Generation.Tracking_Data_Update"/>
  <testcase name="Tracking_Number_Search" time="1.525" classname="Test_Data_Generation.Tracking_Data_Update"/>
  <testcase name="Tracking_Number_Search" time="1.231" classname="Test_Data_Generation.Tracking_Data_Update"/>
  <testcase name="Tracking_Number_Search" time="1.405" classname="Test_Data_Generation.Tracking_Data_Update"/>
  <testcase name="Tracking_Number_Search" time="1.489" classname="Test_Data_Generation.Tracking_Data_Update"/>
  <testcase name="Tracking_Number_Search" time="1.387" classname="Test_Data_Generation.Tracking_Data_Update"/>
  <testcase name="Tracking_Number_Search" time="1.512" classname="Test_Data_Generation.Tracking_Data_Update"/>
  <testcase name="Tracking_Number_Search" time="1.015" classname="Test_Data_Generation.Tracking_Data_Update"/>
  <testcase name="Tracking_Number_Search" time="1.131" classname="Test_Data_Generation.Tracking_Data_Update"/>
  <testcase name="Tracking_Number_Search" time="1.105" classname="Test_Data_Generation.Tracking_Data_Update"/>
  <testcase name="Tracking_Number_Search" time="1.214" classname="Test_Data_Generation.Tracking_Data_Update"/>
  <testcase name="Tracking_Number_Search" time="1.338" classname="Test_Data_Generation.Tracking_Data_Update"/>
  <testcase name="Tracking_Number_Search" time="2.266" classname="Test_Data_Generation.Tracking_Data_Update"/>
  <testcase name="Tracking_Number_Search" time="1.611" classname="Test_Data_Generation.Tracking_Data_Update"/>
  <testcase name="Tracking_Number_Search" time="1.371" classname="Test_Data_Generation.Tracking_Data_Update"/>
  <testcase name="Tracking_Number_Search" time="1.310" classname="Test_Data_Generation.Tracking_Data_Update"/>
  <testcase name="Tracking_Number_Search" time="1.355" classname="Test_Data_Generation.Tracking_Data_Update"/>
  <testcase name="Tracking_Number_Search" time="1.307" classname="Test_Data_Generation.Tracking_Data_Update"/>
  <testcase name="Tracking_Number_Search" time="0.906" classname="Test_Data_Generation.Tracking_Data_Update"/>
  <testcase name="Tracking_Number_Search" time="1.269" classname="Test_Data_Generation.Tracking_Data_Update"/>
  <testcase name="Tracking_Number_Search" time="0.884" classname="Test_Data_Generation.Tracking_Data_Update"/>
  <testcase name="Tracking_Number_Search" time="1.036" classname="Test_Data_Generation.Tracking_Data_Update"/>
  <testcase name="Tracking_Number_Search" time="1.226" classname="Test_Data_Generation.Tracking_Data_Update"/>
  <testcase name="Tracking_Number_Search" time="0.830" classname="Test_Data_Generation.Tracking_Data_Update"/>
  <testcase name="Tracking_Number_Search" time="1.250" classname="Test_Data_Generation.Tracking_Data_Update"/>
  <testcase name="Tracking_Number_Search" time="1.121" classname="Test_Data_Generation.Tracking_Data_Update"/>
  <testcase name="Tracking_Number_Search" time="1.742" classname="Test_Data_Generation.Tracking_Data_Update"/>
  <testcase name="Tracking_Number_Search" time="1.378" classname="Test_Data_Generation.Tracking_Data_Update"/>
  <testcase name="Tracking_Number_Search" time="1.079" classname="Test_Data_Generation.Tracking_Data_Update"/>
  <testcase name="Tracking_Number_Search" time="3.622" classname="Test_Data_Generation.Tracking_Data_Update"/>
  <testcase name="Tracking_Number_Search" time="2.324" classname="Test_Data_Generation.Tracking_Data_Update"/>
  <testcase name="Tracking_Number_Search" time="1.190" classname="Test_Data_Generation.Tracking_Data_Update"/>
  <testcase name="Tracking_Number_Search" time="0.990" classname="Test_Data_Generation.Tracking_Data_Update"/>
  <testcase name="Tracking_Number_Search" time="0.982" classname="Test_Data_Generation.Tracking_Data_Update"/>
  <testcase name="Tracking_Number_Search" time="1.431" classname="Test_Data_Generation.Tracking_Data_Update"/>
  <testcase name="Tracking_Number_Search" time="1.366" classname="Test_Data_Generation.Tracking_Data_Update"/>
  <testcase name="Tracking_Number_Search" time="1.381" classname="Test_Data_Generation.Tracking_Data_Update"/>
  <testcase name="Tracking_Number_Search" time="1.926" classname="Test_Data_Generation.Tracking_Data_Update"/>
  <testcase name="Tracking_Number_Search" time="1.271" classname="Test_Data_Generation.Tracking_Data_Update"/>
  <testcase name="Tracking_Number_Search" time="1.737" classname="Test_Data_Generation.Tracking_Data_Update"/>
  <testcase name="Tracking_Number_Search" time="1.901" classname="Test_Data_Generation.Tracking_Data_Update"/>
  <testcase name="Tracking_Number_Search" time="1.395" classname="Test_Data_Generation.Tracking_Data_Update"/>
  <testcase name="Tracking_Number_Search" time="1.332" classname="Test_Data_Generation.Tracking_Data_Update"/>
  <testcase name="Tracking_Number_Search" time="1.352" classname="Test_Data_Generation.Tracking_Data_Update"/>
  <testcase name="Tracking_Number_Search" time="0.885" classname="Test_Data_Generation.Tracking_Data_Update"/>
  <testcase name="Tracking_Number_Search" time="6.315" classname="Test_Data_Generation.Tracking_Data_Update"/>
  <testcase name="Tracking_Number_Search" time="1.749" classname="Test_Data_Generation.Tracking_Data_Update"/>
  <testcase name="Tracking_Number_Search" time="0.917" classname="Test_Data_Generation.Tracking_Data_Update"/>
  <testcase name="Tracking_Number_Search" time="1.624" classname="Test_Data_Generation.Tracking_Data_Update"/>
  <testcase name="Tracking_Number_Search" time="1.127" classname="Test_Data_Generation.Tracking_Data_Update"/>
  <testcase name="Tracking_Number_Search" time="1.081" classname="Test_Data_Generation.Tracking_Data_Update"/>
  <testcase name="Tracking_Number_Search" time="1.561" classname="Test_Data_Generation.Tracking_Data_Update"/>
  <testcase name="Tracking_Number_Search" time="1.134" classname="Test_Data_Generation.Tracking_Data_Update"/>
  <testcase name="Tracking_Number_Search" time="0.876" classname="Test_Data_Generation.Tracking_Data_Update"/>
  <testcase name="Tracking_Number_Search" time="1.304" classname="Test_Data_Generation.Tracking_Data_Update"/>
  <testcase name="Tracking_Number_Search" time="1.103" classname="Test_Data_Generation.Tracking_Data_Update"/>
  <testcase name="Tracking_Number_Search" time="0.962" classname="Test_Data_Generation.Tracking_Data_Update"/>
  <testcase name="Tracking_Number_Search" time="0.952" classname="Test_Data_Generation.Tracking_Data_Update"/>
  <testcase name="Tracking_Number_Search" time="1.267" classname="Test_Data_Generation.Tracking_Data_Update"/>
  <testcase name="Tracking_Number_Search" time="1.436" classname="Test_Data_Generation.Tracking_Data_Update"/>
  <testcase name="Tracking_Number_Search" time="0.770" classname="Test_Data_Generation.Tracking_Data_Update"/>
  <testcase name="Tracking_Number_Search" time="1.145" classname="Test_Data_Generation.Tracking_Data_Update"/>
  <testcase name="Tracking_Number_Search" time="1.194" classname="Test_Data_Generation.Tracking_Data_Update"/>
  <testcase name="Tracking_Number_Search" time="1.292" classname="Test_Data_Generation.Tracking_Data_Update"/>
  <testcase name="Tracking_Number_Search" time="1.609" classname="Test_Data_Generation.Tracking_Data_Update"/>
  <testcase name="Tracking_Number_Search" time="1.318" classname="Test_Data_Generation.Tracking_Data_Update"/>
  <testcase name="Tracking_Number_Search" time="1.141" classname="Test_Data_Generation.Tracking_Data_Update"/>
  <testcase name="Tracking_Number_Search" time="1.619" classname="Test_Data_Generation.Tracking_Data_Update"/>
  <testcase name="Tracking_Number_Search" time="1.593" classname="Test_Data_Generation.Tracking_Data_Update"/>
  <testcase name="Tracking_Number_Search" time="1.053" classname="Test_Data_Generation.Tracking_Data_Update"/>
  <testcase name="Tracking_Number_Search" time="1.458" classname="Test_Data_Generation.Tracking_Data_Update"/>
  <testcase name="Tracking_Number_Search" time="1.074" classname="Test_Data_Generation.Tracking_Data_Update"/>
  <testcase name="Tracking_Number_Search" time="2.550" classname="Test_Data_Generation.Tracking_Data_Update"/>
  <testcase name="Tracking_Number_Search" time="1.653" classname="Test_Data_Generation.Tracking_Data_Update"/>
  <testcase name="Tracking_Number_Search" time="1.965" classname="Test_Data_Generation.Tracking_Data_Update"/>
  <testcase name="Tracking_Number_Search" time="1.085" classname="Test_Data_Generation.Tracking_Data_Update"/>
  <testcase name="Tracking_Number_Search" time="1.586" classname="Test_Data_Generation.Tracking_Data_Update"/>
  <testcase name="Tracking_Number_Search" time="1.832" classname="Test_Data_Generation.Tracking_Data_Update"/>
  <testcase name="Tracking_Number_Search" time="1.104" classname="Test_Data_Generation.Tracking_Data_Update"/>
  <testcase name="Tracking_Number_Search" time="1.148" classname="Test_Data_Generation.Tracking_Data_Update"/>
  <testcase name="Tracking_Number_Search" time="1.509" classname="Test_Data_Generation.Tracking_Data_Update"/>
  <testcase name="Tracking_Number_Search" time="1.182" classname="Test_Data_Generation.Tracking_Data_Update"/>
  <testcase name="Tracking_Number_Search" time="1.116" classname="Test_Data_Generation.Tracking_Data_Update"/>
  <testcase name="Tracking_Number_Search" time="5.022" classname="Test_Data_Generation.Tracking_Data_Update"/>
  <testcase name="Tracking_Number_Search" time="1.205" classname="Test_Data_Generation.Tracking_Data_Update"/>
  <testcase name="Tracking_Number_Search" time="1.024" classname="Test_Data_Generation.Tracking_Data_Update"/>
  <testcase name="Tracking_Number_Search" time="0.981" classname="Test_Data_Generation.Tracking_Data_Update"/>
  <testcase name="Tracking_Number_Search" time="1.227" classname="Test_Data_Generation.Tracking_Data_Update"/>
  <testcase name="Tracking_Number_Search" time="1.692" classname="Test_Data_Generation.Tracking_Data_Update"/>
  <testcase name="Tracking_Number_Search" time="1.513" classname="Test_Data_Generation.Tracking_Data_Update"/>
  <testcase name="Tracking_Number_Search" time="1.511" classname="Test_Data_Generation.Tracking_Data_Update"/>
  <testcase name="Tracking_Number_Search" time="1.199" classname="Test_Data_Generation.Tracking_Data_Update"/>
  <testcase name="Tracking_Number_Search" time="0.897" classname="Test_Data_Generation.Tracking_Data_Update"/>
  <testcase name="Tracking_Number_Search" time="0.978" classname="Test_Data_Generation.Tracking_Data_Update"/>
  <testcase name="Tracking_Number_Search" time="1.721" classname="Test_Data_Generation.Tracking_Data_Update"/>
  <testcase name="Tracking_Number_Search" time="1.254" classname="Test_Data_Generation.Tracking_Data_Update"/>
  <testcase name="Tracking_Number_Search" time="1.270" classname="Test_Data_Generation.Tracking_Data_Update"/>
  <testcase name="Tracking_Number_Search" time="0.741" classname="Test_Data_Generation.Tracking_Data_Update"/>
  <testcase name="Tracking_Number_Search" time="2.052" classname="Test_Data_Generation.Tracking_Data_Update"/>
  <testcase name="Tracking_Number_Search" time="1.098" classname="Test_Data_Generation.Tracking_Data_Update"/>
  <testcase name="Tracking_Number_Search" time="1.996" classname="Test_Data_Generation.Tracking_Data_Update"/>
  <testcase name="Tracking_Number_Search" time="2.675" classname="Test_Data_Generation.Tracking_Data_Update"/>
  <testcase name="Tracking_Number_Search" time="1.201" classname="Test_Data_Generation.Tracking_Data_Update"/>
  <testcase name="Tracking_Number_Search" time="1.050" classname="Test_Data_Generation.Tracking_Data_Update"/>
  <testcase name="Tracking_Number_Search" time="0.991" classname="Test_Data_Generation.Tracking_Data_Update"/>
  <testcase name="Tracking_Number_Search" time="1.183" classname="Test_Data_Generation.Tracking_Data_Update"/>
  <testcase name="Tracking_Number_Search" time="1.459" classname="Test_Data_Generation.Tracking_Data_Update"/>
  <testcase name="Tracking_Number_Search" time="6.547" classname="Test_Data_Generation.Tracking_Data_Update"/>
  <testcase name="Tracking_Number_Search" time="1.048" classname="Test_Data_Generation.Tracking_Data_Update"/>
  <testcase name="Tracking_Number_Search" time="2.008" classname="Test_Data_Generation.Tracking_Data_Update"/>
  <testcase name="Tracking_Number_Search" time="1.176" classname="Test_Data_Generation.Tracking_Data_Update"/>
  <testcase name="Tracking_Number_Search" time="1.297" classname="Test_Data_Generation.Tracking_Data_Update"/>
  <testcase name="Tracking_Number_Search" time="2.787" classname="Test_Data_Generation.Tracking_Data_Update"/>
  <testcase name="Tracking_Number_Search" time="1.071" classname="Test_Data_Generation.Tracking_Data_Update"/>
  <testcase name="Tracking_Number_Search" time="1.624" classname="Test_Data_Generation.Tracking_Data_Update"/>
  <testcase name="Tracking_Number_Search" time="1.289" classname="Test_Data_Generation.Tracking_Data_Update"/>
  <testcase name="Tracking_Number_Search" time="1.889" classname="Test_Data_Generation.Tracking_Data_Update"/>
  <testcase name="Tracking_Number_Search" time="1.986" classname="Test_Data_Generation.Tracking_Data_Update"/>
  <testcase name="Tracking_Number_Search" time="1.509" classname="Test_Data_Generation.Tracking_Data_Update"/>
  <testcase name="Tracking_Number_Search" time="1.250" classname="Test_Data_Generation.Tracking_Data_Update"/>
  <testcase name="Tracking_Number_Search" time="1.143" classname="Test_Data_Generation.Tracking_Data_Update"/>
  <testcase name="Tracking_Number_Search" time="1.073" classname="Test_Data_Generation.Tracking_Data_Update"/>
  <testcase name="Tracking_Number_Search" time="1.320" classname="Test_Data_Generation.Tracking_Data_Update"/>
  <testcase name="Tracking_Number_Search" time="1.285" classname="Test_Data_Generation.Tracking_Data_Update"/>
  <testcase name="Tracking_Number_Search" time="0.941" classname="Test_Data_Generation.Tracking_Data_Update"/>
  <testcase name="Tracking_Number_Search" time="1.766" classname="Test_Data_Generation.Tracking_Data_Update"/>
  <testcase name="Tracking_Number_Search" time="1.593" classname="Test_Data_Generation.Tracking_Data_Update"/>
  <testcase name="Tracking_Number_Search" time="0.868" classname="Test_Data_Generation.Tracking_Data_Update"/>
  <testcase name="Tracking_Number_Search" time="1.201" classname="Test_Data_Generation.Tracking_Data_Update"/>
  <testcase name="Tracking_Number_Search" time="1.092" classname="Test_Data_Generation.Tracking_Data_Update"/>
  <testcase name="Tracking_Number_Search" time="1.103" classname="Test_Data_Generation.Tracking_Data_Update"/>
  <testcase name="Tracking_Number_Search" time="1.141" classname="Test_Data_Generation.Tracking_Data_Update"/>
  <testcase name="Tracking_Number_Search" time="1.563" classname="Test_Data_Generation.Tracking_Data_Update"/>
  <testcase name="Tracking_Number_Search" time="1.450" classname="Test_Data_Generation.Tracking_Data_Update"/>
  <testcase name="Tracking_Number_Search" time="1.034" classname="Test_Data_Generation.Tracking_Data_Update"/>
  <testcase name="Tracking_Number_Search" time="0.773" classname="Test_Data_Generation.Tracking_Data_Update"/>
  <testcase name="Tracking_Number_Search" time="1.196" classname="Test_Data_Generation.Tracking_Data_Update"/>
  <testcase name="Tracking_Number_Search" time="1.377" classname="Test_Data_Generation.Tracking_Data_Update"/>
  <testcase name="Tracking_Number_Search" time="1.580" classname="Test_Data_Generation.Tracking_Data_Update"/>
  <testcase name="Tracking_Number_Search" time="0.987" classname="Test_Data_Generation.Tracking_Data_Update"/>
  <testcase name="Tracking_Number_Search" time="1.540" classname="Test_Data_Generation.Tracking_Data_Update"/>
  <testcase name="Tracking_Number_Search" time="1.485" classname="Test_Data_Generation.Tracking_Data_Update"/>
  <testcase name="Tracking_Number_Search" time="0.985" classname="Test_Data_Generation.Tracking_Data_Update"/>
  <testcase name="Tracking_Number_Search" time="1.479" classname="Test_Data_Generation.Tracking_Data_Update"/>
  <testcase name="Tracking_Number_Search" time="1.731" classname="Test_Data_Generation.Tracking_Data_Update"/>
  <testcase name="Tracking_Number_Search" time="1.618" classname="Test_Data_Generation.Tracking_Data_Update"/>
  <testcase name="Tracking_Number_Search" time="1.324" classname="Test_Data_Generation.Tracking_Data_Update"/>
  <testcase name="Tracking_Number_Search" time="0.941" classname="Test_Data_Generation.Tracking_Data_Update"/>
  <testcase name="Tracking_Number_Search" time="0.912" classname="Test_Data_Generation.Tracking_Data_Update"/>
  <testcase name="Tracking_Number_Search" time="3.131" classname="Test_Data_Generation.Tracking_Data_Update"/>
  <testcase name="Tracking_Number_Search" time="1.603" classname="Test_Data_Generation.Tracking_Data_Update"/>
  <testcase name="Tracking_Number_Search" time="2.009" classname="Test_Data_Generation.Tracking_Data_Update"/>
  <testcase name="Tracking_Number_Search" time="1.191" classname="Test_Data_Generation.Tracking_Data_Update"/>
  <testcase name="Tracking_Number_Search" time="1.299" classname="Test_Data_Generation.Tracking_Data_Update"/>
  <testcase name="Tracking_Number_Search" time="1.588" classname="Test_Data_Generation.Tracking_Data_Update"/>
  <testcase name="Tracking_Number_Search" time="5.177" classname="Test_Data_Generation.Tracking_Data_Update"/>
  <testcase name="Tracking_Number_Search" time="1.556" classname="Test_Data_Generation.Tracking_Data_Update"/>
  <testcase name="Tracking_Number_Search" time="0.846" classname="Test_Data_Generation.Tracking_Data_Update"/>
  <testcase name="Tracking_Number_Search" time="1.192" classname="Test_Data_Generation.Tracking_Data_Update"/>
  <testcase name="Tracking_Number_Search" time="1.122" classname="Test_Data_Generation.Tracking_Data_Update"/>
  <testcase name="Tracking_Number_Search" time="1.984" classname="Test_Data_Generation.Tracking_Data_Update"/>
  <testcase name="Tracking_Number_Search" time="2.676" classname="Test_Data_Generation.Tracking_Data_Update"/>
  <testcase name="Tracking_Number_Search" time="1.851" classname="Test_Data_Generation.Tracking_Data_Update"/>
  <testcase name="Tracking_Number_Search" time="5.016" classname="Test_Data_Generation.Tracking_Data_Update"/>
  <testcase name="Tracking_Number_Search" time="0.994" classname="Test_Data_Generation.Tracking_Data_Update"/>
  <testcase name="Tracking_Number_Search" time="0.886" classname="Test_Data_Generation.Tracking_Data_Update"/>
  <testcase name="Tracking_Number_Search" time="1.402" classname="Test_Data_Generation.Tracking_Data_Update"/>
  <testcase name="Tracking_Number_Search" time="1.345" classname="Test_Data_Generation.Tracking_Data_Update"/>
  <testcase name="Tracking_Number_Search" time="1.586" classname="Test_Data_Generation.Tracking_Data_Update"/>
  <testcase name="Tracking_Number_Search" time="1.200" classname="Test_Data_Generation.Tracking_Data_Update"/>
  <testcase name="Tracking_Number_Search" time="1.148" classname="Test_Data_Generation.Tracking_Data_Update"/>
  <testcase name="Tracking_Number_Search" time="2.093" classname="Test_Data_Generation.Tracking_Data_Update"/>
  <testcase name="Tracking_Number_Search" time="1.557" classname="Test_Data_Generation.Tracking_Data_Update"/>
  <testcase name="Tracking_Number_Search" time="1.548" classname="Test_Data_Generation.Tracking_Data_Update"/>
  <testcase name="Tracking_Number_Search" time="2.617" classname="Test_Data_Generation.Tracking_Data_Update"/>
  <testcase name="Tracking_Number_Search" time="4.205" classname="Test_Data_Generation.Tracking_Data_Update"/>
  <testcase name="Tracking_Number_Search" time="5.285" classname="Test_Data_Generation.Tracking_Data_Update"/>
  <testcase name="Tracking_Number_Search" time="1.494" classname="Test_Data_Generation.Tracking_Data_Update"/>
  <testcase name="Tracking_Number_Search" time="1.390" classname="Test_Data_Generation.Tracking_Data_Update"/>
  <testcase name="Tracking_Number_Search" time="1.197" classname="Test_Data_Generation.Tracking_Data_Update"/>
  <testcase name="Tracking_Number_Search" time="0.826" classname="Test_Data_Generation.Tracking_Data_Update"/>
  <testcase name="Tracking_Number_Search" time="1.148" classname="Test_Data_Generation.Tracking_Data_Update"/>
  <testcase name="Tracking_Number_Search" time="1.463" classname="Test_Data_Generation.Tracking_Data_Update"/>
  <testcase name="Tracking_Number_Search" time="1.634" classname="Test_Data_Generation.Tracking_Data_Update"/>
  <testcase name="Tracking_Number_Search" time="0.998" classname="Test_Data_Generation.Tracking_Data_Update"/>
  <testcase name="Tracking_Number_Search" time="2.474" classname="Test_Data_Generation.Tracking_Data_Update"/>
  <testcase name="Tracking_Number_Search" time="1.506" classname="Test_Data_Generation.Tracking_Data_Update"/>
  <testcase name="Tracking_Number_Search" time="0.873" classname="Test_Data_Generation.Tracking_Data_Update"/>
  <testcase name="Tracking_Number_Search" time="1.589" classname="Test_Data_Generation.Tracking_Data_Update"/>
  <testcase name="Tracking_Number_Search" time="2.070" classname="Test_Data_Generation.Tracking_Data_Update"/>
  <testcase name="Tracking_Number_Search" time="1.180" classname="Test_Data_Generation.Tracking_Data_Update"/>
  <testcase name="Tracking_Number_Search" time="1.142" classname="Test_Data_Generation.Tracking_Data_Update"/>
  <testcase name="Tracking_Number_Search" time="1.604" classname="Test_Data_Generation.Tracking_Data_Update"/>
  <testcase name="Tracking_Number_Search" time="0.792" classname="Test_Data_Generation.Tracking_Data_Update"/>
  <testcase name="Tracking_Number_Search" time="1.244" classname="Test_Data_Generation.Tracking_Data_Update"/>
  <testcase name="Tracking_Number_Search" time="1.573" classname="Test_Data_Generation.Tracking_Data_Update"/>
  <testcase name="Tracking_Number_Search" time="1.356" classname="Test_Data_Generation.Tracking_Data_Update"/>
  <testcase name="Tracking_Number_Search" time="1.774" classname="Test_Data_Generation.Tracking_Data_Update"/>
  <testcase name="Tracking_Number_Search" time="1.438" classname="Test_Data_Generation.Tracking_Data_Update"/>
  <testcase name="Tracking_Number_Search" time="1.202" classname="Test_Data_Generation.Tracking_Data_Update"/>
  <testcase name="Tracking_Number_Search" time="1.981" classname="Test_Data_Generation.Tracking_Data_Update"/>
  <testcase name="Tracking_Number_Search" time="0.992" classname="Test_Data_Generation.Tracking_Data_Update"/>
  <testcase name="Tracking_Number_Search" time="1.259" classname="Test_Data_Generation.Tracking_Data_Update"/>
  <testcase name="Tracking_Number_Search" time="1.704" classname="Test_Data_Generation.Tracking_Data_Update"/>
  <testcase name="Tracking_Number_Search" time="0.947" classname="Test_Data_Generation.Tracking_Data_Update"/>
  <testcase name="Tracking_Number_Search" time="1.232" classname="Test_Data_Generation.Tracking_Data_Update"/>
  <testcase name="Tracking_Number_Search" time="0.809" classname="Test_Data_Generation.Tracking_Data_Update"/>
  <testcase name="Tracking_Number_Search" time="1.792" classname="Test_Data_Generation.Tracking_Data_Update"/>
  <testcase name="Tracking_Number_Search" time="1.225" classname="Test_Data_Generation.Tracking_Data_Update"/>
  <testcase name="Tracking_Number_Search" time="4.193" classname="Test_Data_Generation.Tracking_Data_Update"/>
  <testcase name="Tracking_Number_Search" time="1.246" classname="Test_Data_Generation.Tracking_Data_Update"/>
  <testcase name="Tracking_Number_Search" time="1.378" classname="Test_Data_Generation.Tracking_Data_Update"/>
  <testcase name="Tracking_Number_Search" time="0.888" classname="Test_Data_Generation.Tracking_Data_Update"/>
  <testcase name="Tracking_Number_Search" time="2.141" classname="Test_Data_Generation.Tracking_Data_Update"/>
  <testcase name="Tracking_Number_Search" time="1.129" classname="Test_Data_Generation.Tracking_Data_Update"/>
  <testcase name="Tracking_Number_Search" time="1.192" classname="Test_Data_Generation.Tracking_Data_Update"/>
  <testcase name="Tracking_Number_Search" time="0.955" classname="Test_Data_Generation.Tracking_Data_Update"/>
  <testcase name="Tracking_Number_Search" time="1.338" classname="Test_Data_Generation.Tracking_Data_Update"/>
  <testcase name="Tracking_Number_Search" time="1.390" classname="Test_Data_Generation.Tracking_Data_Update"/>
  <testcase name="Tracking_Number_Search" time="1.075" classname="Test_Data_Generation.Tracking_Data_Update"/>
  <testcase name="Tracking_Number_Search" time="1.201" classname="Test_Data_Generation.Tracking_Data_Update"/>
  <testcase name="Tracking_Number_Search" time="1.176" classname="Test_Data_Generation.Tracking_Data_Update"/>
  <testcase name="Tracking_Number_Search" time="0.828" classname="Test_Data_Generation.Tracking_Data_Update"/>
  <testcase name="Tracking_Number_Search" time="2.384" classname="Test_Data_Generation.Tracking_Data_Update"/>
  <testcase name="Tracking_Number_Search" time="1.105" classname="Test_Data_Generation.Tracking_Data_Update"/>
  <testcase name="Tracking_Number_Search" time="0.972" classname="Test_Data_Generation.Tracking_Data_Update"/>
  <testcase name="Tracking_Number_Search" time="1.178" classname="Test_Data_Generation.Tracking_Data_Update"/>
  <testcase name="Tracking_Number_Search" time="0.965" classname="Test_Data_Generation.Tracking_Data_Update"/>
  <testcase name="Tracking_Number_Search" time="7.143" classname="Test_Data_Generation.Tracking_Data_Update"/>
  <testcase name="Tracking_Number_Search" time="4.817" classname="Test_Data_Generation.Tracking_Data_Update"/>
  <testcase name="Tracking_Number_Search" time="6.277" classname="Test_Data_Generation.Tracking_Data_Update"/>
  <testcase name="Tracking_Number_Search" time="1.050" classname="Test_Data_Generation.Tracking_Data_Update"/>
  <testcase name="Tracking_Number_Search" time="1.212" classname="Test_Data_Generation.Tracking_Data_Update"/>
  <testcase name="Tracking_Number_Search" time="1.739" classname="Test_Data_Generation.Tracking_Data_Update"/>
  <testcase name="Tracking_Number_Search" time="1.422" classname="Test_Data_Generation.Tracking_Data_Update"/>
  <testcase name="Tracking_Number_Search" time="1.275" classname="Test_Data_Generation.Tracking_Data_Update"/>
  <testcase name="Tracking_Number_Search" time="0.813" classname="Test_Data_Generation.Tracking_Data_Update"/>
  <testcase name="Tracking_Number_Search" time="1.147" classname="Test_Data_Generation.Tracking_Data_Update"/>
  <testcase name="Tracking_Number_Search" time="1.597" classname="Test_Data_Generation.Tracking_Data_Update"/>
  <testcase name="Tracking_Number_Search" time="1.150" classname="Test_Data_Generation.Tracking_Data_Update"/>
  <testcase name="Tracking_Number_Search" time="1.245" classname="Test_Data_Generation.Tracking_Data_Update"/>
  <testcase name="Tracking_Number_Search" time="3.941" classname="Test_Data_Generation.Tracking_Data_Update"/>
  <testcase name="Tracking_Number_Search" time="2.155" classname="Test_Data_Generation.Tracking_Data_Update"/>
  <testcase name="Tracking_Number_Search" time="1.276" classname="Test_Data_Generation.Tracking_Data_Update"/>
  <testcase name="Tracking_Number_Search" time="1.995" classname="Test_Data_Generation.Tracking_Data_Update"/>
  <testcase name="Tracking_Number_Search" time="1.386" classname="Test_Data_Generation.Tracking_Data_Update"/>
  <testcase name="Tracking_Number_Search" time="1.171" classname="Test_Data_Generation.Tracking_Data_Update"/>
  <testcase name="Tracking_Number_Search" time="1.398" classname="Test_Data_Generation.Tracking_Data_Update"/>
  <testcase name="Tracking_Number_Search" time="1.753" classname="Test_Data_Generation.Tracking_Data_Update"/>
  <testcase name="Tracking_Number_Search" time="1.110" classname="Test_Data_Generation.Tracking_Data_Update"/>
  <testcase name="Tracking_Number_Search" time="1.107" classname="Test_Data_Generation.Tracking_Data_Update"/>
  <testcase name="Tracking_Number_Search" time="0.829" classname="Test_Data_Generation.Tracking_Data_Update"/>
  <testcase name="Tracking_Number_Search" time="0.959" classname="Test_Data_Generation.Tracking_Data_Update"/>
  <testcase name="Tracking_Number_Search" time="1.478" classname="Test_Data_Generation.Tracking_Data_Update"/>
  <testcase name="Tracking_Number_Search" time="1.501" classname="Test_Data_Generation.Tracking_Data_Update"/>
  <testcase name="Tracking_Number_Search" time="1.195" classname="Test_Data_Generation.Tracking_Data_Update"/>
  <testcase name="Tracking_Number_Search" time="1.723" classname="Test_Data_Generation.Tracking_Data_Update"/>
  <testcase name="Tracking_Number_Search" time="1.126" classname="Test_Data_Generation.Tracking_Data_Update"/>
  <testcase name="Tracking_Number_Search" time="1.412" classname="Test_Data_Generation.Tracking_Data_Update"/>
  <testcase name="Tracking_Number_Search" time="2.275" classname="Test_Data_Generation.Tracking_Data_Update"/>
  <testcase name="Tracking_Number_Search" time="1.504" classname="Test_Data_Generation.Tracking_Data_Update"/>
  <testcase name="Tracking_Number_Search" time="2.930" classname="Test_Data_Generation.Tracking_Data_Update"/>
  <testcase name="Tracking_Number_Search" time="1.696" classname="Test_Data_Generation.Tracking_Data_Update"/>
  <testcase name="Tracking_Number_Search" time="1.984" classname="Test_Data_Generation.Tracking_Data_Update"/>
  <testcase name="Tracking_Number_Search" time="1.529" classname="Test_Data_Generation.Tracking_Data_Update"/>
  <testcase name="Tracking_Number_Search" time="1.081" classname="Test_Data_Generation.Tracking_Data_Update"/>
  <testcase name="Tracking_Number_Search" time="0.867" classname="Test_Data_Generation.Tracking_Data_Update"/>
  <testcase name="Tracking_Number_Search" time="1.700" classname="Test_Data_Generation.Tracking_Data_Update"/>
  <testcase name="Tracking_Number_Search" time="0.898" classname="Test_Data_Generation.Tracking_Data_Update"/>
  <testcase name="Tracking_Number_Search" time="1.211" classname="Test_Data_Generation.Tracking_Data_Update"/>
  <testcase name="Tracking_Number_Search" time="1.233" classname="Test_Data_Generation.Tracking_Data_Update"/>
  <testcase name="Tracking_Number_Search" time="1.463" classname="Test_Data_Generation.Tracking_Data_Update"/>
  <testcase name="Tracking_Number_Search" time="1.319" classname="Test_Data_Generation.Tracking_Data_Update"/>
  <testcase name="Tracking_Number_Search" time="1.220" classname="Test_Data_Generation.Tracking_Data_Update"/>
  <testcase name="Tracking_Number_Search" time="1.009" classname="Test_Data_Generation.Tracking_Data_Update"/>
  <testcase name="Tracking_Number_Search" time="1.326" classname="Test_Data_Generation.Tracking_Data_Update"/>
  <testcase name="Tracking_Number_Search" time="0.866" classname="Test_Data_Generation.Tracking_Data_Update"/>
  <testcase name="Tracking_Number_Search" time="0.982" classname="Test_Data_Generation.Tracking_Data_Update"/>
  <testcase name="Tracking_Number_Search" time="1.071" classname="Test_Data_Generation.Tracking_Data_Update"/>
  <testcase name="Tracking_Number_Search" time="1.298" classname="Test_Data_Generation.Tracking_Data_Update"/>
  <testcase name="Tracking_Number_Search" time="1.698" classname="Test_Data_Generation.Tracking_Data_Update"/>
  <testcase name="Tracking_Number_Search" time="2.567" classname="Test_Data_Generation.Tracking_Data_Update"/>
  <testcase name="Tracking_Number_Search" time="1.238" classname="Test_Data_Generation.Tracking_Data_Update"/>
  <testcase name="Tracking_Number_Search" time="2.188" classname="Test_Data_Generation.Tracking_Data_Update"/>
  <testcase name="Tracking_Number_Search" time="1.348" classname="Test_Data_Generation.Tracking_Data_Update"/>
  <testcase name="Tracking_Number_Search" time="2.490" classname="Test_Data_Generation.Tracking_Data_Update"/>
  <testcase name="Tracking_Number_Search" time="0.887" classname="Test_Data_Generation.Tracking_Data_Update"/>
  <testcase name="Tracking_Number_Search" time="1.018" classname="Test_Data_Generation.Tracking_Data_Update"/>
  <testcase name="Tracking_Number_Search" time="0.970" classname="Test_Data_Generation.Tracking_Data_Update"/>
  <testcase name="Tracking_Number_Search" time="1.058" classname="Test_Data_Generation.Tracking_Data_Update"/>
  <testcase name="Tracking_Number_Search" time="0.961" classname="Test_Data_Generation.Tracking_Data_Update"/>
  <testcase name="Tracking_Number_Search" time="1.343" classname="Test_Data_Generation.Tracking_Data_Update"/>
  <testcase name="Tracking_Number_Search" time="1.250" classname="Test_Data_Generation.Tracking_Data_Update"/>
  <testcase name="Tracking_Number_Search" time="1.289" classname="Test_Data_Generation.Tracking_Data_Update"/>
  <testcase name="Tracking_Number_Search" time="1.392" classname="Test_Data_Generation.Tracking_Data_Update"/>
  <testcase name="Tracking_Number_Search" time="2.275" classname="Test_Data_Generation.Tracking_Data_Update"/>
  <testcase name="Tracking_Number_Search" time="1.555" classname="Test_Data_Generation.Tracking_Data_Update"/>
  <testcase name="Tracking_Number_Search" time="1.209" classname="Test_Data_Generation.Tracking_Data_Update"/>
  <testcase name="Tracking_Number_Search" time="1.196" classname="Test_Data_Generation.Tracking_Data_Update"/>
  <testcase name="Tracking_Number_Search" time="1.897" classname="Test_Data_Generation.Tracking_Data_Update"/>
  <testcase name="Tracking_Number_Search" time="2.071" classname="Test_Data_Generation.Tracking_Data_Update"/>
  <testcase name="Tracking_Number_Search" time="1.157" classname="Test_Data_Generation.Tracking_Data_Update"/>
  <testcase name="Tracking_Number_Search" time="1.359" classname="Test_Data_Generation.Tracking_Data_Update"/>
  <testcase name="Tracking_Number_Search" time="1.095" classname="Test_Data_Generation.Tracking_Data_Update"/>
  <testcase name="Tracking_Number_Search" time="0.996" classname="Test_Data_Generation.Tracking_Data_Update"/>
  <testcase name="Tracking_Number_Search" time="1.482" classname="Test_Data_Generation.Tracking_Data_Update"/>
  <testcase name="Tracking_Number_Search" time="1.786" classname="Test_Data_Generation.Tracking_Data_Update"/>
  <testcase name="Tracking_Number_Search" time="2.328" classname="Test_Data_Generation.Tracking_Data_Update"/>
  <testcase name="Tracking_Number_Search" time="1.530" classname="Test_Data_Generation.Tracking_Data_Update"/>
  <testcase name="Tracking_Number_Search" time="1.229" classname="Test_Data_Generation.Tracking_Data_Update"/>
  <testcase name="Tracking_Number_Search" time="0.935" classname="Test_Data_Generation.Tracking_Data_Update"/>
  <testcase name="Tracking_Number_Search" time="0.982" classname="Test_Data_Generation.Tracking_Data_Update"/>
  <testcase name="Tracking_Number_Search" time="1.737" classname="Test_Data_Generation.Tracking_Data_Update"/>
  <testcase name="Tracking_Number_Search" time="1.470" classname="Test_Data_Generation.Tracking_Data_Update"/>
  <testcase name="Tracking_Number_Search" time="1.175" classname="Test_Data_Generation.Tracking_Data_Update"/>
  <testcase name="Tracking_Number_Search" time="1.263" classname="Test_Data_Generation.Tracking_Data_Update"/>
  <testcase name="Tracking_Number_Search" time="6.248" classname="Test_Data_Generation.Tracking_Data_Update"/>
  <testcase name="Tracking_Number_Search" time="1.239" classname="Test_Data_Generation.Tracking_Data_Update"/>
  <testcase name="Tracking_Number_Search" time="2.020" classname="Test_Data_Generation.Tracking_Data_Update"/>
  <testcase name="Tracking_Number_Search" time="1.821" classname="Test_Data_Generation.Tracking_Data_Update"/>
  <testcase name="Tracking_Number_Search" time="1.147" classname="Test_Data_Generation.Tracking_Data_Update"/>
  <testcase name="Tracking_Number_Search" time="5.026" classname="Test_Data_Generation.Tracking_Data_Update"/>
  <testcase name="Tracking_Number_Search" time="1.368" classname="Test_Data_Generation.Tracking_Data_Update"/>
  <testcase name="Tracking_Number_Search" time="2.971" classname="Test_Data_Generation.Tracking_Data_Update"/>
  <testcase name="Tracking_Number_Search" time="1.205" classname="Test_Data_Generation.Tracking_Data_Update"/>
  <testcase name="Tracking_Number_Search" time="1.285" classname="Test_Data_Generation.Tracking_Data_Update"/>
  <testcase name="Tracking_Number_Search" time="1.124" classname="Test_Data_Generation.Tracking_Data_Update"/>
  <testcase name="Tracking_Number_Search" time="0.965" classname="Test_Data_Generation.Tracking_Data_Update"/>
  <testcase name="Tracking_Number_Search" time="5.032" classname="Test_Data_Generation.Tracking_Data_Update"/>
  <testcase name="Tracking_Number_Search" time="1.176" classname="Test_Data_Generation.Tracking_Data_Update"/>
  <testcase name="Tracking_Number_Search" time="1.420" classname="Test_Data_Generation.Tracking_Data_Update"/>
  <testcase name="Tracking_Number_Search" time="1.293" classname="Test_Data_Generation.Tracking_Data_Update"/>
  <testcase name="Tracking_Number_Search" time="1.188" classname="Test_Data_Generation.Tracking_Data_Update"/>
  <testcase name="Tracking_Number_Search" time="1.995" classname="Test_Data_Generation.Tracking_Data_Update"/>
  <testcase name="Tracking_Number_Search" time="1.187" classname="Test_Data_Generation.Tracking_Data_Update"/>
  <testcase name="Tracking_Number_Search" time="1.637" classname="Test_Data_Generation.Tracking_Data_Update"/>
  <testcase name="Tracking_Number_Search" time="6.585" classname="Test_Data_Generation.Tracking_Data_Update"/>
  <testcase name="Tracking_Number_Search" time="1.217" classname="Test_Data_Generation.Tracking_Data_Update"/>
  <testcase name="Tracking_Number_Search" time="1.457" classname="Test_Data_Generation.Tracking_Data_Update"/>
  <testcase name="Tracking_Number_Search" time="5.119" classname="Test_Data_Generation.Tracking_Data_Update"/>
  <testcase name="Tracking_Number_Search" time="2.188" classname="Test_Data_Generation.Tracking_Data_Update"/>
  <testcase name="Tracking_Number_Search" time="0.976" classname="Test_Data_Generation.Tracking_Data_Update"/>
  <testcase name="Tracking_Number_Search" time="5.862" classname="Test_Data_Generation.Tracking_Data_Update"/>
  <testcase name="Tracking_Number_Search" time="1.408" classname="Test_Data_Generation.Tracking_Data_Update"/>
  <testcase name="Tracking_Number_Search" time="1.213" classname="Test_Data_Generation.Tracking_Data_Update"/>
  <testcase name="Tracking_Number_Search" time="1.556" classname="Test_Data_Generation.Tracking_Data_Update"/>
  <testcase name="Tracking_Number_Search" time="3.280" classname="Test_Data_Generation.Tracking_Data_Update"/>
  <testcase name="Tracking_Number_Search" time="1.277" classname="Test_Data_Generation.Tracking_Data_Update"/>
  <testcase name="Tracking_Number_Search" time="1.037" classname="Test_Data_Generation.Tracking_Data_Update"/>
  <testcase name="Tracking_Number_Search" time="1.023" classname="Test_Data_Generation.Tracking_Data_Update"/>
  <testcase name="Tracking_Number_Search" time="1.151" classname="Test_Data_Generation.Tracking_Data_Update"/>
  <testcase name="Tracking_Number_Search" time="1.435" classname="Test_Data_Generation.Tracking_Data_Update"/>
  <testcase name="Tracking_Number_Search" time="1.145" classname="Test_Data_Generation.Tracking_Data_Update"/>
  <testcase name="Tracking_Number_Search" time="1.166" classname="Test_Data_Generation.Tracking_Data_Update"/>
  <testcase name="Tracking_Number_Search" time="1.298" classname="Test_Data_Generation.Tracking_Data_Update"/>
  <testcase name="Tracking_Number_Search" time="6.274" classname="Test_Data_Generation.Tracking_Data_Update"/>
  <testcase name="Tracking_Number_Search" time="1.184" classname="Test_Data_Generation.Tracking_Data_Update"/>
  <testcase name="Tracking_Number_Search" time="1.122" classname="Test_Data_Generation.Tracking_Data_Update"/>
  <testcase name="Tracking_Number_Search" time="1.201" classname="Test_Data_Generation.Tracking_Data_Update"/>
  <testcase name="Tracking_Number_Search" time="1.466" classname="Test_Data_Generation.Tracking_Data_Update"/>
  <testcase name="Tracking_Number_Search" time="1.901" classname="Test_Data_Generation.Tracking_Data_Update"/>
  <testcase name="Tracking_Number_Search" time="3.120" classname="Test_Data_Generation.Tracking_Data_Update"/>
  <testcase name="Tracking_Number_Search" time="1.270" classname="Test_Data_Generation.Tracking_Data_Update"/>
  <testcase name="Tracking_Number_Search" time="1.031" classname="Test_Data_Generation.Tracking_Data_Update"/>
  <testcase name="Tracking_Number_Search" time="1.187" classname="Test_Data_Generation.Tracking_Data_Update"/>
  <testcase name="Tracking_Number_Search" time="1.921" classname="Test_Data_Generation.Tracking_Data_Update"/>
  <testcase name="Tracking_Number_Search" time="1.434" classname="Test_Data_Generation.Tracking_Data_Update"/>
  <testcase name="Tracking_Number_Search" time="1.278" classname="Test_Data_Generation.Tracking_Data_Update"/>
  <testcase name="Tracking_Number_Search" time="1.248" classname="Test_Data_Generation.Tracking_Data_Update"/>
  <testcase name="Tracking_Number_Search" time="1.905" classname="Test_Data_Generation.Tracking_Data_Update"/>
  <testcase name="Tracking_Number_Search" time="0.825" classname="Test_Data_Generation.Tracking_Data_Update"/>
  <testcase name="Tracking_Number_Search" time="1.533" classname="Test_Data_Generation.Tracking_Data_Update"/>
  <testcase name="Tracking_Number_Search" time="1.448" classname="Test_Data_Generation.Tracking_Data_Update"/>
  <testcase name="Tracking_Number_Search" time="1.230" classname="Test_Data_Generation.Tracking_Data_Update"/>
  <testcase name="Tracking_Number_Search" time="2.732" classname="Test_Data_Generation.Tracking_Data_Update"/>
  <testcase name="Tracking_Number_Search" time="1.313" classname="Test_Data_Generation.Tracking_Data_Update"/>
  <testcase name="Tracking_Number_Search" time="1.867" classname="Test_Data_Generation.Tracking_Data_Update"/>
  <testcase name="Tracking_Number_Search" time="1.129" classname="Test_Data_Generation.Tracking_Data_Update"/>
  <testcase name="Tracking_Number_Search" time="1.117" classname="Test_Data_Generation.Tracking_Data_Update"/>
  <testcase name="Tracking_Number_Search" time="0.800" classname="Test_Data_Generation.Tracking_Data_Update"/>
  <testcase name="Tracking_Number_Search" time="4.727" classname="Test_Data_Generation.Tracking_Data_Update"/>
  <testcase name="Tracking_Number_Search" time="0.952" classname="Test_Data_Generation.Tracking_Data_Update"/>
  <testcase name="Tracking_Number_Search" time="6.035" classname="Test_Data_Generation.Tracking_Data_Update"/>
  <testcase name="Tracking_Number_Search" time="1.355" classname="Test_Data_Generation.Tracking_Data_Update"/>
  <testcase name="Tracking_Number_Search" time="1.809" classname="Test_Data_Generation.Tracking_Data_Update"/>
  <testcase name="Tracking_Number_Search" time="1.122" classname="Test_Data_Generation.Tracking_Data_Update"/>
  <testcase name="Tracking_Number_Search" time="1.420" classname="Test_Data_Generation.Tracking_Data_Update"/>
  <testcase name="Tracking_Number_Search" time="0.909" classname="Test_Data_Generation.Tracking_Data_Update"/>
  <testcase name="Tracking_Number_Search" time="2.623" classname="Test_Data_Generation.Tracking_Data_Update"/>
  <testcase name="Tracking_Number_Search" time="0.831" classname="Test_Data_Generation.Tracking_Data_Update"/>
  <testcase name="Tracking_Number_Search" time="3.844" classname="Test_Data_Generation.Tracking_Data_Update"/>
  <testcase name="Tracking_Number_Search" time="1.300" classname="Test_Data_Generation.Tracking_Data_Update"/>
  <testcase name="Tracking_Number_Search" time="0.870" classname="Test_Data_Generation.Tracking_Data_Update"/>
  <testcase name="Tracking_Number_Search" time="0.853" classname="Test_Data_Generation.Tracking_Data_Update"/>
  <testcase name="Tracking_Number_Search" time="1.326" classname="Test_Data_Generation.Tracking_Data_Update"/>
  <testcase name="Tracking_Number_Search" time="1.156" classname="Test_Data_Generation.Tracking_Data_Update"/>
  <testcase name="Tracking_Number_Search" time="1.576" classname="Test_Data_Generation.Tracking_Data_Update"/>
  <testcase name="Tracking_Number_Search" time="1.267" classname="Test_Data_Generation.Tracking_Data_Update"/>
  <testcase name="Tracking_Number_Search" time="1.395" classname="Test_Data_Generation.Tracking_Data_Update"/>
  <testcase name="Tracking_Number_Search" time="1.910" classname="Test_Data_Generation.Tracking_Data_Update"/>
  <testcase name="Tracking_Number_Search" time="1.351" classname="Test_Data_Generation.Tracking_Data_Update"/>
  <testcase name="Tracking_Number_Search" time="1.084" classname="Test_Data_Generation.Tracking_Data_Update"/>
  <testcase name="Tracking_Number_Search" time="1.028" classname="Test_Data_Generation.Tracking_Data_Update"/>
  <testcase name="Tracking_Number_Search" time="1.548" classname="Test_Data_Generation.Tracking_Data_Update"/>
  <testcase name="Tracking_Number_Search" time="1.144" classname="Test_Data_Generation.Tracking_Data_Update"/>
  <testcase name="Tracking_Number_Search" time="1.640" classname="Test_Data_Generation.Tracking_Data_Update"/>
  <testcase name="Tracking_Number_Search" time="1.391" classname="Test_Data_Generation.Tracking_Data_Update"/>
  <testcase name="Tracking_Number_Search" time="1.566" classname="Test_Data_Generation.Tracking_Data_Update"/>
  <testcase name="Tracking_Number_Search" time="1.283" classname="Test_Data_Generation.Tracking_Data_Update"/>
  <testcase name="Tracking_Number_Search" time="1.135" classname="Test_Data_Generation.Tracking_Data_Update"/>
  <testcase name="Tracking_Number_Search" time="2.021" classname="Test_Data_Generation.Tracking_Data_Update"/>
  <testcase name="Tracking_Number_Search" time="1.353" classname="Test_Data_Generation.Tracking_Data_Update"/>
  <testcase name="Tracking_Number_Search" time="1.314" classname="Test_Data_Generation.Tracking_Data_Update"/>
  <testcase name="Tracking_Number_Search" time="1.443" classname="Test_Data_Generation.Tracking_Data_Update"/>
  <testcase name="Tracking_Number_Search" time="0.995" classname="Test_Data_Generation.Tracking_Data_Update"/>
  <testcase name="Tracking_Number_Search" time="1.338" classname="Test_Data_Generation.Tracking_Data_Update"/>
  <testcase name="Tracking_Number_Search" time="1.159" classname="Test_Data_Generation.Tracking_Data_Update"/>
  <testcase name="Tracking_Number_Search" time="1.582" classname="Test_Data_Generation.Tracking_Data_Update"/>
  <testcase name="Tracking_Number_Search" time="1.476" classname="Test_Data_Generation.Tracking_Data_Update"/>
  <testcase name="Tracking_Number_Search" time="1.070" classname="Test_Data_Generation.Tracking_Data_Update"/>
  <testcase name="Tracking_Number_Search" time="1.087" classname="Test_Data_Generation.Tracking_Data_Update"/>
  <testcase name="Tracking_Number_Search" time="1.320" classname="Test_Data_Generation.Tracking_Data_Update"/>
  <testcase name="Tracking_Number_Search" time="1.330" classname="Test_Data_Generation.Tracking_Data_Update"/>
  <testcase name="Tracking_Number_Search" time="1.078" classname="Test_Data_Generation.Tracking_Data_Update"/>
  <testcase name="Tracking_Number_Search" time="1.398" classname="Test_Data_Generation.Tracking_Data_Update"/>
  <testcase name="Tracking_Number_Search" time="1.541" classname="Test_Data_Generation.Tracking_Data_Update"/>
  <testcase name="Tracking_Number_Search" time="1.449" classname="Test_Data_Generation.Tracking_Data_Update"/>
  <testcase name="Tracking_Number_Search" time="1.837" classname="Test_Data_Generation.Tracking_Data_Update"/>
  <testcase name="Tracking_Number_Search" time="1.408" classname="Test_Data_Generation.Tracking_Data_Update"/>
  <testcase name="Tracking_Number_Search" time="0.830" classname="Test_Data_Generation.Tracking_Data_Update"/>
  <testcase name="Tracking_Number_Search" time="1.363" classname="Test_Data_Generation.Tracking_Data_Update"/>
  <testcase name="Tracking_Number_Search" time="1.184" classname="Test_Data_Generation.Tracking_Data_Update"/>
  <testcase name="Tracking_Number_Search" time="3.232" classname="Test_Data_Generation.Tracking_Data_Update"/>
  <testcase name="Tracking_Number_Search" time="1.145" classname="Test_Data_Generation.Tracking_Data_Update"/>
  <testcase name="Tracking_Number_Search" time="1.167" classname="Test_Data_Generation.Tracking_Data_Update"/>
  <testcase name="Tracking_Number_Search" time="1.348" classname="Test_Data_Generation.Tracking_Data_Update"/>
  <testcase name="Tracking_Number_Search" time="2.914" classname="Test_Data_Generation.Tracking_Data_Update"/>
  <testcase name="Tracking_Number_Search" time="1.090" classname="Test_Data_Generation.Tracking_Data_Update"/>
  <testcase name="Tracking_Number_Search" time="1.057" classname="Test_Data_Generation.Tracking_Data_Update"/>
  <testcase name="Tracking_Number_Search" time="1.106" classname="Test_Data_Generation.Tracking_Data_Update"/>
  <testcase name="Tracking_Number_Search" time="0.969" classname="Test_Data_Generation.Tracking_Data_Update"/>
  <testcase name="Tracking_Number_Search" time="1.075" classname="Test_Data_Generation.Tracking_Data_Update"/>
  <testcase name="Tracking_Number_Search" time="1.104" classname="Test_Data_Generation.Tracking_Data_Update"/>
  <testcase name="Tracking_Number_Search" time="6.544" classname="Test_Data_Generation.Tracking_Data_Update"/>
  <testcase name="Tracking_Number_Search" time="1.307" classname="Test_Data_Generation.Tracking_Data_Update"/>
  <testcase name="Tracking_Number_Search" time="1.205" classname="Test_Data_Generation.Tracking_Data_Update"/>
  <testcase name="Tracking_Number_Search" time="1.884" classname="Test_Data_Generation.Tracking_Data_Update"/>
  <testcase name="Tracking_Number_Search" time="1.249" classname="Test_Data_Generation.Tracking_Data_Update"/>
  <testcase name="Tracking_Number_Search" time="5.153" classname="Test_Data_Generation.Tracking_Data_Update"/>
  <testcase name="Tracking_Number_Search" time="2.098" classname="Test_Data_Generation.Tracking_Data_Update"/>
  <testcase name="Tracking_Number_Search" time="1.281" classname="Test_Data_Generation.Tracking_Data_Update"/>
  <testcase name="Tracking_Number_Search" time="1.574" classname="Test_Data_Generation.Tracking_Data_Update"/>
  <testcase name="Tracking_Number_Search" time="2.365" classname="Test_Data_Generation.Tracking_Data_Update"/>
  <testcase name="Tracking_Number_Search" time="1.324" classname="Test_Data_Generation.Tracking_Data_Update"/>
  <testcase name="Tracking_Number_Search" time="1.494" classname="Test_Data_Generation.Tracking_Data_Update"/>
  <testcase name="Tracking_Number_Search" time="2.820" classname="Test_Data_Generation.Tracking_Data_Update"/>
  <testcase name="Tracking_Number_Search" time="1.250" classname="Test_Data_Generation.Tracking_Data_Update"/>
  <testcase name="Tracking_Number_Search" time="1.365" classname="Test_Data_Generation.Tracking_Data_Update"/>
  <testcase name="Tracking_Number_Search" time="1.479" classname="Test_Data_Generation.Tracking_Data_Update"/>
  <testcase name="Tracking_Number_Search" time="1.170" classname="Test_Data_Generation.Tracking_Data_Update"/>
  <testcase name="Tracking_Number_Search" time="6.140" classname="Test_Data_Generation.Tracking_Data_Update"/>
  <testcase name="Tracking_Number_Search" time="1.197" classname="Test_Data_Generation.Tracking_Data_Update"/>
  <testcase name="Tracking_Number_Search" time="1.081" classname="Test_Data_Generation.Tracking_Data_Update"/>
  <testcase name="Tracking_Number_Search" time="4.368" classname="Test_Data_Generation.Tracking_Data_Update"/>
  <testcase name="Tracking_Number_Search" time="1.179" classname="Test_Data_Generation.Tracking_Data_Update"/>
  <testcase name="Tracking_Number_Search" time="1.485" classname="Test_Data_Generation.Tracking_Data_Update"/>
  <testcase name="Tracking_Number_Search" time="1.370" classname="Test_Data_Generation.Tracking_Data_Update"/>
  <testcase name="Tracking_Number_Search" time="1.172" classname="Test_Data_Generation.Tracking_Data_Update"/>
  <testcase name="Tracking_Number_Search" time="1.523" classname="Test_Data_Generation.Tracking_Data_Update"/>
  <testcase name="Tracking_Number_Search" time="1.895" classname="Test_Data_Generation.Tracking_Data_Update"/>
  <testcase name="Tracking_Number_Search" time="1.401" classname="Test_Data_Generation.Tracking_Data_Update"/>
  <testcase name="Tracking_Number_Search" time="3.853" classname="Test_Data_Generation.Tracking_Data_Update"/>
  <testcase name="Tracking_Number_Search" time="1.401" classname="Test_Data_Generation.Tracking_Data_Update"/>
  <testcase name="Tracking_Number_Search" time="3.872" classname="Test_Data_Generation.Tracking_Data_Update"/>
  <testcase name="Tracking_Number_Search" time="1.142" classname="Test_Data_Generation.Tracking_Data_Update"/>
  <testcase name="Tracking_Number_Search" time="1.187" classname="Test_Data_Generation.Tracking_Data_Update"/>
  <testcase name="Tracking_Number_Search" time="1.020" classname="Test_Data_Generation.Tracking_Data_Update"/>
  <testcase name="Tracking_Number_Search" time="1.322" classname="Test_Data_Generation.Tracking_Data_Update"/>
  <testcase name="Tracking_Number_Search" time="1.051" classname="Test_Data_Generation.Tracking_Data_Update"/>
  <testcase name="Tracking_Number_Search" time="0.896" classname="Test_Data_Generation.Tracking_Data_Update"/>
  <testcase name="Tracking_Number_Search" time="1.608" classname="Test_Data_Generation.Tracking_Data_Update"/>
  <testcase name="Tracking_Number_Search" time="1.261" classname="Test_Data_Generation.Tracking_Data_Update"/>
  <testcase name="Tracking_Number_Search" time="5.055" classname="Test_Data_Generation.Tracking_Data_Update"/>
  <testcase name="Tracking_Number_Search" time="1.152" classname="Test_Data_Generation.Tracking_Data_Update"/>
  <testcase name="Tracking_Number_Search" time="0.932" classname="Test_Data_Generation.Tracking_Data_Update"/>
  <testcase name="Tracking_Number_Search" time="1.292" classname="Test_Data_Generation.Tracking_Data_Update"/>
  <testcase name="Tracking_Number_Search" time="3.175" classname="Test_Data_Generation.Tracking_Data_Update"/>
  <testcase name="Tracking_Number_Search" time="1.244" classname="Test_Data_Generation.Tracking_Data_Update"/>
  <testcase name="Tracking_Number_Search" time="2.015" classname="Test_Data_Generation.Tracking_Data_Update"/>
  <testcase name="Tracking_Number_Search" time="1.665" classname="Test_Data_Generation.Tracking_Data_Update"/>
  <testcase name="Tracking_Number_Search" time="1.008" classname="Test_Data_Generation.Tracking_Data_Update"/>
  <testcase name="Tracking_Number_Search" time="2.212" classname="Test_Data_Generation.Tracking_Data_Update"/>
  <testcase name="Tracking_Number_Search" time="1.325" classname="Test_Data_Generation.Tracking_Data_Update"/>
  <testcase name="Tracking_Number_Search" time="0.883" classname="Test_Data_Generation.Tracking_Data_Update"/>
  <testcase name="Tracking_Number_Search" time="0.875" classname="Test_Data_Generation.Tracking_Data_Update"/>
  <testcase name="Tracking_Number_Search" time="0.992" classname="Test_Data_Generation.Tracking_Data_Update"/>
  <testcase name="Tracking_Number_Search" time="1.241" classname="Test_Data_Generation.Tracking_Data_Update"/>
  <testcase name="Tracking_Number_Search" time="1.916" classname="Test_Data_Generation.Tracking_Data_Update"/>
  <testcase name="Tracking_Number_Search" time="1.086" classname="Test_Data_Generation.Tracking_Data_Update"/>
  <testcase name="Tracking_Number_Search" time="1.472" classname="Test_Data_Generation.Tracking_Data_Update"/>
  <testcase name="Tracking_Number_Search" time="5.948" classname="Test_Data_Generation.Tracking_Data_Update"/>
  <testcase name="Tracking_Number_Search" time="0.937" classname="Test_Data_Generation.Tracking_Data_Update"/>
  <testcase name="Tracking_Number_Search" time="5.103" classname="Test_Data_Generation.Tracking_Data_Update"/>
  <testcase name="Tracking_Number_Search" time="0.867" classname="Test_Data_Generation.Tracking_Data_Update"/>
  <testcase name="Tracking_Number_Search" time="1.906" classname="Test_Data_Generation.Tracking_Data_Update"/>
  <testcase name="Tracking_Number_Search" time="1.382" classname="Test_Data_Generation.Tracking_Data_Update"/>
  <testcase name="Tracking_Number_Search" time="1.268" classname="Test_Data_Generation.Tracking_Data_Update"/>
  <testcase name="Tracking_Number_Search" time="1.600" classname="Test_Data_Generation.Tracking_Data_Update"/>
  <testcase name="Tracking_Number_Search" time="1.075" classname="Test_Data_Generation.Tracking_Data_Update"/>
  <testcase name="Tracking_Number_Search" time="1.257" classname="Test_Data_Generation.Tracking_Data_Update"/>
  <testcase name="Tracking_Number_Search" time="0.862" classname="Test_Data_Generation.Tracking_Data_Update"/>
  <testcase name="Tracking_Number_Search" time="1.667" classname="Test_Data_Generation.Tracking_Data_Update"/>
  <testcase name="Tracking_Number_Search" time="0.953" classname="Test_Data_Generation.Tracking_Data_Update"/>
  <testcase name="Tracking_Number_Search" time="6.133" classname="Test_Data_Generation.Tracking_Data_Update"/>
  <testcase name="Tracking_Number_Search" time="1.323" classname="Test_Data_Generation.Tracking_Data_Update"/>
  <testcase name="Tracking_Number_Search" time="1.419" classname="Test_Data_Generation.Tracking_Data_Update"/>
  <testcase name="Tracking_Number_Search" time="1.249" classname="Test_Data_Generation.Tracking_Data_Update"/>
  <testcase name="Tracking_Number_Search" time="1.140" classname="Test_Data_Generation.Tracking_Data_Update"/>
  <testcase name="Tracking_Number_Search" time="1.047" classname="Test_Data_Generation.Tracking_Data_Update"/>
  <testcase name="Tracking_Number_Search" time="1.087" classname="Test_Data_Generation.Tracking_Data_Update"/>
  <testcase name="Tracking_Number_Search" time="1.204" classname="Test_Data_Generation.Tracking_Data_Update"/>
  <testcase name="Tracking_Number_Search" time="1.822" classname="Test_Data_Generation.Tracking_Data_Update"/>
  <testcase name="Tracking_Number_Search" time="1.779" classname="Test_Data_Generation.Tracking_Data_Update"/>
  <testcase name="Tracking_Number_Search" time="1.393" classname="Test_Data_Generation.Tracking_Data_Update"/>
  <testcase name="Tracking_Number_Search" time="1.414" classname="Test_Data_Generation.Tracking_Data_Update"/>
  <testcase name="Tracking_Number_Search" time="1.192" classname="Test_Data_Generation.Tracking_Data_Update"/>
  <testcase name="Tracking_Number_Search" time="1.583" classname="Test_Data_Generation.Tracking_Data_Update"/>
  <testcase name="Tracking_Number_Search" time="1.357" classname="Test_Data_Generation.Tracking_Data_Update"/>
  <testcase name="Tracking_Number_Search" time="1.359" classname="Test_Data_Generation.Tracking_Data_Update"/>
  <testcase name="Tracking_Number_Search" time="1.464" classname="Test_Data_Generation.Tracking_Data_Update"/>
  <testcase name="Tracking_Number_Search" time="1.041" classname="Test_Data_Generation.Tracking_Data_Update"/>
  <testcase name="Tracking_Number_Search" time="1.429" classname="Test_Data_Generation.Tracking_Data_Update"/>
  <testcase name="Tracking_Number_Search" time="1.467" classname="Test_Data_Generation.Tracking_Data_Update"/>
  <testcase name="Tracking_Number_Search" time="1.130" classname="Test_Data_Generation.Tracking_Data_Update"/>
  <testcase name="Tracking_Number_Search" time="1.306" classname="Test_Data_Generation.Tracking_Data_Update"/>
  <testcase name="Tracking_Number_Search" time="1.323" classname="Test_Data_Generation.Tracking_Data_Update"/>
  <testcase name="Tracking_Number_Search" time="0.937" classname="Test_Data_Generation.Tracking_Data_Update"/>
  <testcase name="Tracking_Number_Search" time="1.334" classname="Test_Data_Generation.Tracking_Data_Update"/>
  <testcase name="Tracking_Number_Search" time="1.510" classname="Test_Data_Generation.Tracking_Data_Update"/>
  <testcase name="Tracking_Number_Search" time="1.060" classname="Test_Data_Generation.Tracking_Data_Update"/>
  <testcase name="Tracking_Number_Search" time="1.222" classname="Test_Data_Generation.Tracking_Data_Update"/>
  <testcase name="Tracking_Number_Search" time="1.053" classname="Test_Data_Generation.Tracking_Data_Update"/>
  <testcase name="Tracking_Number_Search" time="0.867" classname="Test_Data_Generation.Tracking_Data_Update"/>
  <testcase name="Tracking_Number_Search" time="2.201" classname="Test_Data_Generation.Tracking_Data_Update"/>
  <testcase name="Tracking_Number_Search" time="1.454" classname="Test_Data_Generation.Tracking_Data_Update"/>
  <testcase name="Tracking_Number_Search" time="1.422" classname="Test_Data_Generation.Tracking_Data_Update"/>
  <testcase name="Tracking_Number_Search" time="1.203" classname="Test_Data_Generation.Tracking_Data_Update"/>
  <testcase name="Tracking_Number_Search" time="1.678" classname="Test_Data_Generation.Tracking_Data_Update"/>
  <testcase name="Tracking_Number_Search" time="1.147" classname="Test_Data_Generation.Tracking_Data_Update"/>
  <testcase name="Tracking_Number_Search" time="1.411" classname="Test_Data_Generation.Tracking_Data_Update"/>
  <testcase name="Tracking_Number_Search" time="1.823" classname="Test_Data_Generation.Tracking_Data_Update"/>
  <testcase name="Tracking_Number_Search" time="5.182" classname="Test_Data_Generation.Tracking_Data_Update"/>
  <testcase name="Tracking_Number_Search" time="1.462" classname="Test_Data_Generation.Tracking_Data_Update"/>
  <testcase name="Tracking_Number_Search" time="2.004" classname="Test_Data_Generation.Tracking_Data_Update"/>
  <testcase name="Tracking_Number_Search" time="1.049" classname="Test_Data_Generation.Tracking_Data_Update"/>
  <testcase name="Tracking_Number_Search" time="1.140" classname="Test_Data_Generation.Tracking_Data_Update"/>
  <testcase name="Tracking_Number_Search" time="0.985" classname="Test_Data_Generation.Tracking_Data_Update"/>
  <testcase name="Tracking_Number_Search" time="1.214" classname="Test_Data_Generation.Tracking_Data_Update"/>
  <testcase name="Tracking_Number_Search" time="1.667" classname="Test_Data_Generation.Tracking_Data_Update"/>
  <testcase name="Tracking_Number_Search" time="1.310" classname="Test_Data_Generation.Tracking_Data_Update"/>
  <testcase name="Tracking_Number_Search" time="1.212" classname="Test_Data_Generation.Tracking_Data_Update"/>
  <testcase name="Tracking_Number_Search" time="0.984" classname="Test_Data_Generation.Tracking_Data_Update"/>
  <testcase name="Tracking_Number_Search" time="1.104" classname="Test_Data_Generation.Tracking_Data_Update"/>
  <testcase name="Tracking_Number_Search" time="1.389" classname="Test_Data_Generation.Tracking_Data_Update"/>
  <testcase name="Tracking_Number_Search" time="1.955" classname="Test_Data_Generation.Tracking_Data_Update"/>
  <testcase name="Tracking_Number_Search" time="1.422" classname="Test_Data_Generation.Tracking_Data_Update"/>
  <testcase name="Tracking_Number_Search" time="0.909" classname="Test_Data_Generation.Tracking_Data_Update"/>
  <testcase name="Tracking_Number_Search" time="1.945" classname="Test_Data_Generation.Tracking_Data_Update"/>
  <testcase name="Tracking_Number_Search" time="1.091" classname="Test_Data_Generation.Tracking_Data_Update"/>
  <testcase name="Tracking_Number_Search" time="2.708" classname="Test_Data_Generation.Tracking_Data_Update"/>
  <testcase name="Tracking_Number_Search" time="1.461" classname="Test_Data_Generation.Tracking_Data_Update"/>
  <testcase name="Tracking_Number_Search" time="1.135" classname="Test_Data_Generation.Tracking_Data_Update"/>
  <testcase name="Tracking_Number_Search" time="0.979" classname="Test_Data_Generation.Tracking_Data_Update"/>
  <testcase name="Tracking_Number_Search" time="1.463" classname="Test_Data_Generation.Tracking_Data_Update"/>
  <testcase name="Tracking_Number_Search" time="0.709" classname="Test_Data_Generation.Tracking_Data_Update"/>
  <testcase name="Tracking_Number_Search" time="1.450" classname="Test_Data_Generation.Tracking_Data_Update"/>
  <testcase name="Tracking_Number_Search" time="2.177" classname="Test_Data_Generation.Tracking_Data_Update"/>
  <testcase name="Tracking_Number_Search" time="1.157" classname="Test_Data_Generation.Tracking_Data_Update"/>
  <testcase name="Tracking_Number_Search" time="1.541" classname="Test_Data_Generation.Tracking_Data_Update"/>
  <testcase name="Tracking_Number_Search" time="1.252" classname="Test_Data_Generation.Tracking_Data_Update"/>
  <testcase name="Tracking_Number_Search" time="1.032" classname="Test_Data_Generation.Tracking_Data_Update"/>
  <testcase name="Tracking_Number_Search" time="1.358" classname="Test_Data_Generation.Tracking_Data_Update"/>
  <testcase name="Tracking_Number_Search" time="0.991" classname="Test_Data_Generation.Tracking_Data_Update"/>
  <testcase name="Tracking_Number_Search" time="1.589" classname="Test_Data_Generation.Tracking_Data_Update"/>
  <testcase name="Tracking_Number_Search" time="1.316" classname="Test_Data_Generation.Tracking_Data_Update"/>
  <testcase name="Tracking_Number_Search" time="1.036" classname="Test_Data_Generation.Tracking_Data_Update"/>
  <testcase name="Tracking_Number_Search" time="1.214" classname="Test_Data_Generation.Tracking_Data_Update"/>
  <testcase name="Tracking_Number_Search" time="0.971" classname="Test_Data_Generation.Tracking_Data_Update"/>
  <testcase name="Tracking_Number_Search" time="0.809" classname="Test_Data_Generation.Tracking_Data_Update"/>
  <testcase name="Tracking_Number_Search" time="1.330" classname="Test_Data_Generation.Tracking_Data_Update"/>
  <testcase name="Tracking_Number_Search" time="1.213" classname="Test_Data_Generation.Tracking_Data_Update"/>
  <testcase name="Tracking_Number_Search" time="1.079" classname="Test_Data_Generation.Tracking_Data_Update"/>
  <testcase name="Tracking_Number_Search" time="1.389" classname="Test_Data_Generation.Tracking_Data_Update"/>
  <testcase name="Tracking_Number_Search" time="1.417" classname="Test_Data_Generation.Tracking_Data_Update"/>
  <testcase name="Tracking_Number_Search" time="0.954" classname="Test_Data_Generation.Tracking_Data_Update"/>
  <testcase name="Tracking_Number_Search" time="1.210" classname="Test_Data_Generation.Tracking_Data_Update"/>
  <testcase name="Tracking_Number_Search" time="1.215" classname="Test_Data_Generation.Tracking_Data_Update"/>
  <testcase name="Tracking_Number_Search" time="1.587" classname="Test_Data_Generation.Tracking_Data_Update"/>
  <testcase name="Tracking_Number_Search" time="1.365" classname="Test_Data_Generation.Tracking_Data_Update"/>
  <testcase name="Tracking_Number_Search" time="1.382" classname="Test_Data_Generation.Tracking_Data_Update"/>
  <testcase name="Tracking_Number_Search" time="1.054" classname="Test_Data_Generation.Tracking_Data_Update"/>
  <testcase name="Tracking_Number_Search" time="1.882" classname="Test_Data_Generation.Tracking_Data_Update"/>
  <testcase name="Tracking_Number_Search" time="1.257" classname="Test_Data_Generation.Tracking_Data_Update"/>
  <testcase name="Tracking_Number_Search" time="1.183" classname="Test_Data_Generation.Tracking_Data_Update"/>
  <testcase name="Tracking_Number_Search" time="1.185" classname="Test_Data_Generation.Tracking_Data_Update"/>
  <testcase name="Tracking_Number_Search" time="0.982" classname="Test_Data_Generation.Tracking_Data_Update"/>
  <testcase name="Tracking_Number_Search" time="1.239" classname="Test_Data_Generation.Tracking_Data_Update"/>
  <testcase name="Tracking_Number_Search" time="0.937" classname="Test_Data_Generation.Tracking_Data_Update"/>
  <testcase name="Tracking_Number_Search" time="1.152" classname="Test_Data_Generation.Tracking_Data_Update"/>
  <testcase name="Tracking_Number_Search" time="1.479" classname="Test_Data_Generation.Tracking_Data_Update"/>
  <testcase name="Tracking_Number_Search" time="1.455" classname="Test_Data_Generation.Tracking_Data_Update"/>
  <testcase name="Tracking_Number_Search" time="0.847" classname="Test_Data_Generation.Tracking_Data_Update"/>
  <testcase name="Tracking_Number_Search" time="1.603" classname="Test_Data_Generation.Tracking_Data_Update"/>
  <testcase name="Tracking_Number_Search" time="1.427" classname="Test_Data_Generation.Tracking_Data_Update"/>
  <testcase name="Tracking_Number_Search" time="1.225" classname="Test_Data_Generation.Tracking_Data_Update"/>
  <testcase name="Tracking_Number_Search" time="1.505" classname="Test_Data_Generation.Tracking_Data_Update"/>
  <testcase name="Tracking_Number_Search" time="1.360" classname="Test_Data_Generation.Tracking_Data_Update"/>
  <testcase name="Tracking_Number_Search" time="1.098" classname="Test_Data_Generation.Tracking_Data_Update"/>
  <testcase name="Tracking_Number_Search" time="1.154" classname="Test_Data_Generation.Tracking_Data_Update"/>
  <testcase name="Tracking_Number_Search" time="2.353" classname="Test_Data_Generation.Tracking_Data_Update"/>
  <testcase name="Tracking_Number_Search" time="1.061" classname="Test_Data_Generation.Tracking_Data_Update"/>
  <testcase name="Tracking_Number_Search" time="4.252" classname="Test_Data_Generation.Tracking_Data_Update"/>
  <testcase name="Tracking_Number_Search" time="1.137" classname="Test_Data_Generation.Tracking_Data_Update"/>
  <testcase name="Tracking_Number_Search" time="1.281" classname="Test_Data_Generation.Tracking_Data_Update"/>
  <testcase name="Tracking_Number_Search" time="1.306" classname="Test_Data_Generation.Tracking_Data_Update"/>
  <testcase name="Tracking_Number_Search" time="1.556" classname="Test_Data_Generation.Tracking_Data_Update"/>
  <testcase name="Tracking_Number_Search" time="2.348" classname="Test_Data_Generation.Tracking_Data_Update"/>
  <testcase name="Tracking_Number_Search" time="1.127" classname="Test_Data_Generation.Tracking_Data_Update"/>
  <testcase name="Tracking_Number_Search" time="1.401" classname="Test_Data_Generation.Tracking_Data_Update"/>
  <testcase name="Tracking_Number_Search" time="1.414" classname="Test_Data_Generation.Tracking_Data_Update"/>
  <testcase name="Tracking_Number_Search" time="0.930" classname="Test_Data_Generation.Tracking_Data_Update"/>
  <testcase name="Tracking_Number_Search" time="0.986" classname="Test_Data_Generation.Tracking_Data_Update"/>
  <testcase name="Tracking_Number_Search" time="1.214" classname="Test_Data_Generation.Tracking_Data_Update"/>
  <testcase name="Tracking_Number_Search" time="1.883" classname="Test_Data_Generation.Tracking_Data_Update"/>
  <testcase name="Tracking_Number_Search" time="0.861" classname="Test_Data_Generation.Tracking_Data_Update"/>
  <testcase name="Tracking_Number_Search" time="1.443" classname="Test_Data_Generation.Tracking_Data_Update"/>
  <testcase name="Tracking_Number_Search" time="1.781" classname="Test_Data_Generation.Tracking_Data_Update"/>
  <testcase name="Tracking_Number_Search" time="1.419" classname="Test_Data_Generation.Tracking_Data_Update"/>
  <testcase name="Tracking_Number_Search" time="1.047" classname="Test_Data_Generation.Tracking_Data_Update"/>
  <testcase name="Tracking_Number_Search" time="1.408" classname="Test_Data_Generation.Tracking_Data_Update"/>
  <testcase name="Tracking_Number_Search" time="1.388" classname="Test_Data_Generation.Tracking_Data_Update"/>
  <testcase name="Tracking_Number_Search" time="2.376" classname="Test_Data_Generation.Tracking_Data_Update"/>
  <testcase name="Tracking_Number_Search" time="1.004" classname="Test_Data_Generation.Tracking_Data_Update"/>
  <testcase name="Tracking_Number_Search" time="1.876" classname="Test_Data_Generation.Tracking_Data_Update"/>
  <testcase name="Tracking_Number_Search" time="1.318" classname="Test_Data_Generation.Tracking_Data_Update"/>
  <testcase name="Tracking_Number_Search" time="1.503" classname="Test_Data_Generation.Tracking_Data_Update"/>
  <testcase name="Tracking_Number_Search" time="1.236" classname="Test_Data_Generation.Tracking_Data_Update"/>
  <testcase name="Tracking_Number_Search" time="0.982" classname="Test_Data_Generation.Tracking_Data_Update"/>
  <testcase name="Tracking_Number_Search" time="1.102" classname="Test_Data_Generation.Tracking_Data_Update"/>
  <testcase name="Tracking_Number_Search" time="1.847" classname="Test_Data_Generation.Tracking_Data_Update"/>
  <testcase name="Tracking_Number_Search" time="1.507" classname="Test_Data_Generation.Tracking_Data_Update"/>
  <testcase name="Tracking_Number_Search" time="2.030" classname="Test_Data_Generation.Tracking_Data_Update"/>
  <testcase name="Tracking_Number_Search" time="1.228" classname="Test_Data_Generation.Tracking_Data_Update"/>
  <testcase name="Tracking_Number_Search" time="1.373" classname="Test_Data_Generation.Tracking_Data_Update"/>
  <testcase name="Tracking_Number_Search" time="1.079" classname="Test_Data_Generation.Tracking_Data_Update"/>
  <testcase name="Tracking_Number_Search" time="1.195" classname="Test_Data_Generation.Tracking_Data_Update"/>
  <testcase name="Tracking_Number_Search" time="1.207" classname="Test_Data_Generation.Tracking_Data_Update"/>
  <testcase name="Tracking_Number_Search" time="1.096" classname="Test_Data_Generation.Tracking_Data_Update"/>
  <testcase name="Tracking_Number_Search" time="5.151" classname="Test_Data_Generation.Tracking_Data_Update"/>
  <testcase name="Tracking_Number_Search" time="0.980" classname="Test_Data_Generation.Tracking_Data_Update"/>
  <testcase name="Tracking_Number_Search" time="1.320" classname="Test_Data_Generation.Tracking_Data_Update"/>
  <testcase name="Tracking_Number_Search" time="1.605" classname="Test_Data_Generation.Tracking_Data_Update"/>
  <testcase name="Tracking_Number_Search" time="0.867" classname="Test_Data_Generation.Tracking_Data_Update"/>
  <testcase name="Tracking_Number_Search" time="1.396" classname="Test_Data_Generation.Tracking_Data_Update"/>
  <testcase name="Tracking_Number_Search" time="4.155" classname="Test_Data_Generation.Tracking_Data_Update"/>
  <testcase name="Tracking_Number_Search" time="1.215" classname="Test_Data_Generation.Tracking_Data_Update"/>
  <testcase name="Tracking_Number_Search" time="1.248" classname="Test_Data_Generation.Tracking_Data_Update"/>
  <testcase name="Tracking_Number_Search" time="1.511" classname="Test_Data_Generation.Tracking_Data_Update"/>
  <testcase name="Tracking_Number_Search" time="0.944" classname="Test_Data_Generation.Tracking_Data_Update"/>
  <testcase name="Tracking_Number_Search" time="1.284" classname="Test_Data_Generation.Tracking_Data_Update"/>
  <testcase name="Tracking_Number_Search" time="0.921" classname="Test_Data_Generation.Tracking_Data_Update"/>
  <testcase name="Tracking_Number_Search" time="1.332" classname="Test_Data_Generation.Tracking_Data_Update"/>
  <testcase name="Tracking_Number_Search" time="0.947" classname="Test_Data_Generation.Tracking_Data_Update"/>
  <testcase name="Tracking_Number_Search" time="1.455" classname="Test_Data_Generation.Tracking_Data_Update"/>
  <testcase name="Tracking_Number_Search" time="1.175" classname="Test_Data_Generation.Tracking_Data_Update"/>
  <testcase name="Tracking_Number_Search" time="1.263" classname="Test_Data_Generation.Tracking_Data_Update"/>
  <testcase name="Tracking_Number_Search" time="1.941" classname="Test_Data_Generation.Tracking_Data_Update"/>
  <testcase name="Tracking_Number_Search" time="1.033" classname="Test_Data_Generation.Tracking_Data_Update"/>
  <testcase name="Tracking_Number_Search" time="0.961" classname="Test_Data_Generation.Tracking_Data_Update"/>
  <testcase name="Tracking_Number_Search" time="5.777" classname="Test_Data_Generation.Tracking_Data_Update"/>
  <testcase name="Tracking_Number_Search" time="1.182" classname="Test_Data_Generation.Tracking_Data_Update"/>
  <testcase name="Tracking_Number_Search" time="1.242" classname="Test_Data_Generation.Tracking_Data_Update"/>
  <testcase name="Tracking_Number_Search" time="1.786" classname="Test_Data_Generation.Tracking_Data_Update"/>
  <testcase name="Tracking_Number_Search" time="3.546" classname="Test_Data_Generation.Tracking_Data_Update"/>
  <testcase name="Tracking_Number_Search" time="1.192" classname="Test_Data_Generation.Tracking_Data_Update"/>
  <testcase name="Tracking_Number_Search" time="1.002" classname="Test_Data_Generation.Tracking_Data_Update"/>
  <testcase name="Tracking_Number_Search" time="1.770" classname="Test_Data_Generation.Tracking_Data_Update"/>
  <testcase name="Tracking_Number_Search" time="0.964" classname="Test_Data_Generation.Tracking_Data_Update"/>
  <testcase name="Tracking_Number_Search" time="4.975" classname="Test_Data_Generation.Tracking_Data_Update"/>
  <testcase name="Tracking_Number_Search" time="5.024" classname="Test_Data_Generation.Tracking_Data_Update"/>
  <testcase name="Tracking_Number_Search" time="1.708" classname="Test_Data_Generation.Tracking_Data_Update"/>
  <testcase name="Tracking_Number_Search" time="5.207" classname="Test_Data_Generation.Tracking_Data_Update"/>
  <testcase name="Tracking_Number_Search" time="2.274" classname="Test_Data_Generation.Tracking_Data_Update"/>
  <testcase name="Tracking_Number_Search" time="1.159" classname="Test_Data_Generation.Tracking_Data_Update"/>
  <testcase name="Tracking_Number_Search" time="1.290" classname="Test_Data_Generation.Tracking_Data_Update"/>
  <testcase name="Tracking_Number_Search" time="0.992" classname="Test_Data_Generation.Tracking_Data_Update"/>
  <testcase name="Tracking_Number_Search" time="0.910" classname="Test_Data_Generation.Tracking_Data_Update"/>
  <testcase name="Tracking_Number_Search" time="0.754" classname="Test_Data_Generation.Tracking_Data_Update"/>
  <testcase name="Tracking_Number_Search" time="1.442" classname="Test_Data_Generation.Tracking_Data_Update"/>
  <testcase name="Tracking_Number_Search" time="1.347" classname="Test_Data_Generation.Tracking_Data_Update"/>
  <testcase name="Tracking_Number_Search" time="0.799" classname="Test_Data_Generation.Tracking_Data_Update"/>
  <testcase name="Tracking_Number_Search" time="4.290" classname="Test_Data_Generation.Tracking_Data_Update"/>
  <testcase name="Tracking_Number_Search" time="1.279" classname="Test_Data_Generation.Tracking_Data_Update"/>
  <testcase name="Tracking_Number_Search" time="1.262" classname="Test_Data_Generation.Tracking_Data_Update"/>
  <testcase name="Tracking_Number_Search" time="1.443" classname="Test_Data_Generation.Tracking_Data_Update"/>
  <testcase name="Tracking_Number_Search" time="0.972" classname="Test_Data_Generation.Tracking_Data_Update"/>
  <testcase name="Tracking_Number_Search" time="1.125" classname="Test_Data_Generation.Tracking_Data_Update"/>
  <testcase name="Tracking_Number_Search" time="1.030" classname="Test_Data_Generation.Tracking_Data_Update"/>
  <testcase name="Tracking_Number_Search" time="1.156" classname="Test_Data_Generation.Tracking_Data_Update"/>
  <testcase name="Tracking_Number_Search" time="1.851" classname="Test_Data_Generation.Tracking_Data_Update"/>
  <testcase name="Tracking_Number_Search" time="1.090" classname="Test_Data_Generation.Tracking_Data_Update"/>
  <testcase name="Tracking_Number_Search" time="5.152" classname="Test_Data_Generation.Tracking_Data_Update"/>
  <testcase name="Tracking_Number_Search" time="1.632" classname="Test_Data_Generation.Tracking_Data_Update"/>
  <testcase name="Tracking_Number_Search" time="6.007" classname="Test_Data_Generation.Tracking_Data_Update"/>
  <testcase name="Tracking_Number_Search" time="1.361" classname="Test_Data_Generation.Tracking_Data_Update"/>
  <testcase name="Tracking_Number_Search" time="2.848" classname="Test_Data_Generation.Tracking_Data_Update"/>
  <testcase name="Tracking_Number_Search" time="0.971" classname="Test_Data_Generation.Tracking_Data_Update"/>
  <testcase name="Tracking_Number_Search" time="1.335" classname="Test_Data_Generation.Tracking_Data_Update"/>
  <testcase name="Tracking_Number_Search" time="1.343" classname="Test_Data_Generation.Tracking_Data_Update"/>
  <testcase name="Tracking_Number_Search" time="0.883" classname="Test_Data_Generation.Tracking_Data_Update"/>
  <testcase name="Tracking_Number_Search" time="3.814" classname="Test_Data_Generation.Tracking_Data_Update"/>
  <testcase name="Tracking_Number_Search" time="1.135" classname="Test_Data_Generation.Tracking_Data_Update"/>
  <testcase name="Tracking_Number_Search" time="1.423" classname="Test_Data_Generation.Tracking_Data_Update"/>
  <testcase name="Tracking_Number_Search" time="1.422" classname="Test_Data_Generation.Tracking_Data_Update"/>
  <testcase name="Tracking_Number_Search" time="1.176" classname="Test_Data_Generation.Tracking_Data_Update"/>
  <testcase name="Tracking_Number_Search" time="4.834" classname="Test_Data_Generation.Tracking_Data_Update"/>
  <testcase name="Tracking_Number_Search" time="5.812" classname="Test_Data_Generation.Tracking_Data_Update"/>
  <testcase name="Tracking_Number_Search" time="1.799" classname="Test_Data_Generation.Tracking_Data_Update"/>
  <testcase name="Tracking_Number_Search" time="0.978" classname="Test_Data_Generation.Tracking_Data_Update"/>
  <testcase name="Tracking_Number_Search" time="1.930" classname="Test_Data_Generation.Tracking_Data_Update"/>
  <testcase name="Tracking_Number_Search" time="1.045" classname="Test_Data_Generation.Tracking_Data_Update"/>
  <testcase name="Tracking_Number_Search" time="1.750" classname="Test_Data_Generation.Tracking_Data_Update"/>
  <testcase name="Tracking_Number_Search" time="1.358" classname="Test_Data_Generation.Tracking_Data_Update"/>
  <testcase name="Tracking_Number_Search" time="5.017" classname="Test_Data_Generation.Tracking_Data_Update"/>
  <testcase name="Tracking_Number_Search" time="1.137" classname="Test_Data_Generation.Tracking_Data_Update"/>
  <testcase name="Tracking_Number_Search" time="1.548" classname="Test_Data_Generation.Tracking_Data_Update"/>
  <testcase name="Tracking_Number_Search" time="5.122" classname="Test_Data_Generation.Tracking_Data_Update"/>
  <testcase name="Tracking_Number_Search" time="2.137" classname="Test_Data_Generation.Tracking_Data_Update"/>
  <testcase name="Tracking_Number_Search" time="3.416" classname="Test_Data_Generation.Tracking_Data_Update"/>
  <testcase name="Tracking_Number_Search" time="1.311" classname="Test_Data_Generation.Tracking_Data_Update"/>
  <testcase name="Tracking_Number_Search" time="1.291" classname="Test_Data_Generation.Tracking_Data_Update"/>
  <testcase name="Tracking_Number_Search" time="1.096" classname="Test_Data_Generation.Tracking_Data_Update"/>
  <testcase name="Tracking_Number_Search" time="1.231" classname="Test_Data_Generation.Tracking_Data_Update"/>
  <testcase name="Tracking_Number_Search" time="6.535" classname="Test_Data_Generation.Tracking_Data_Update"/>
  <testcase name="Tracking_Number_Search" time="1.274" classname="Test_Data_Generation.Tracking_Data_Update"/>
  <testcase name="Tracking_Number_Search" time="4.253" classname="Test_Data_Generation.Tracking_Data_Update"/>
  <testcase name="Tracking_Number_Search" time="0.963" classname="Test_Data_Generation.Tracking_Data_Update"/>
  <testcase name="Tracking_Number_Search" time="1.157" classname="Test_Data_Generation.Tracking_Data_Update"/>
  <testcase name="Tracking_Number_Search" time="1.046" classname="Test_Data_Generation.Tracking_Data_Update"/>
  <testcase name="Tracking_Number_Search" time="1.047" classname="Test_Data_Generation.Tracking_Data_Update"/>
  <testcase name="Tracking_Number_Search" time="1.092" classname="Test_Data_Generation.Tracking_Data_Update"/>
  <testcase name="Tracking_Number_Search" time="1.154" classname="Test_Data_Generation.Tracking_Data_Update"/>
  <testcase name="Tracking_Number_Search" time="1.457" classname="Test_Data_Generation.Tracking_Data_Update"/>
  <testcase name="Tracking_Number_Search" time="1.201" classname="Test_Data_Generation.Tracking_Data_Update"/>
  <testcase name="Tracking_Number_Search" time="1.046" classname="Test_Data_Generation.Tracking_Data_Update"/>
  <testcase name="Tracking_Number_Search" time="11.354" classname="Test_Data_Generation.Tracking_Data_Update"/>
  <testcase name="Tracking_Number_Search" time="4.170" classname="Test_Data_Generation.Tracking_Data_Update"/>
  <testcase name="Tracking_Number_Search" time="1.283" classname="Test_Data_Generation.Tracking_Data_Update"/>
  <testcase name="Tracking_Number_Search" time="1.277" classname="Test_Data_Generation.Tracking_Data_Update"/>
  <testcase name="Tracking_Number_Search" time="2.171" classname="Test_Data_Generation.Tracking_Data_Update"/>
  <testcase name="Tracking_Number_Search" time="0.881" classname="Test_Data_Generation.Tracking_Data_Update"/>
  <testcase name="Tracking_Number_Search" time="1.352" classname="Test_Data_Generation.Tracking_Data_Update"/>
  <testcase name="Tracking_Number_Search" time="1.769" classname="Test_Data_Generation.Tracking_Data_Update"/>
  <testcase name="Tracking_Number_Search" time="1.623" classname="Test_Data_Generation.Tracking_Data_Update"/>
  <testcase name="Tracking_Number_Search" time="1.236" classname="Test_Data_Generation.Tracking_Data_Update"/>
  <testcase name="Tracking_Number_Search" time="2.351" classname="Test_Data_Generation.Tracking_Data_Update"/>
  <testcase name="Tracking_Number_Search" time="1.124" classname="Test_Data_Generation.Tracking_Data_Update"/>
  <testcase name="Tracking_Number_Search" time="2.363" classname="Test_Data_Generation.Tracking_Data_Update"/>
  <testcase name="Tracking_Number_Search" time="1.437" classname="Test_Data_Generation.Tracking_Data_Update"/>
  <testcase name="Tracking_Number_Search" time="1.675" classname="Test_Data_Generation.Tracking_Data_Update"/>
  <testcase name="Tracking_Number_Search" time="1.221" classname="Test_Data_Generation.Tracking_Data_Update"/>
  <testcase name="Tracking_Number_Search" time="0.771" classname="Test_Data_Generation.Tracking_Data_Update"/>
  <testcase name="Tracking_Number_Search" time="0.865" classname="Test_Data_Generation.Tracking_Data_Update"/>
  <testcase name="Tracking_Number_Search" time="1.341" classname="Test_Data_Generation.Tracking_Data_Update"/>
  <testcase name="Tracking_Number_Search" time="1.962" classname="Test_Data_Generation.Tracking_Data_Update"/>
  <testcase name="Tracking_Number_Search" time="1.909" classname="Test_Data_Generation.Tracking_Data_Update"/>
  <testcase name="Tracking_Number_Search" time="1.088" classname="Test_Data_Generation.Tracking_Data_Update"/>
  <testcase name="Tracking_Number_Search" time="0.902" classname="Test_Data_Generation.Tracking_Data_Update"/>
  <testcase name="Tracking_Number_Search" time="1.270" classname="Test_Data_Generation.Tracking_Data_Update"/>
  <testcase name="Tracking_Number_Search" time="1.229" classname="Test_Data_Generation.Tracking_Data_Update"/>
  <testcase name="Tracking_Number_Search" time="1.280" classname="Test_Data_Generation.Tracking_Data_Update"/>
  <testcase name="Tracking_Number_Search" time="1.679" classname="Test_Data_Generation.Tracking_Data_Update"/>
  <testcase name="Tracking_Number_Search" time="1.429" classname="Test_Data_Generation.Tracking_Data_Update"/>
  <testcase name="Tracking_Number_Search" time="1.414" classname="Test_Data_Generation.Tracking_Data_Update"/>
  <testcase name="Tracking_Number_Search" time="1.362" classname="Test_Data_Generation.Tracking_Data_Update"/>
  <testcase name="Tracking_Number_Search" time="6.124" classname="Test_Data_Generation.Tracking_Data_Update"/>
  <testcase name="Tracking_Number_Search" time="1.094" classname="Test_Data_Generation.Tracking_Data_Update"/>
  <testcase name="Tracking_Number_Search" time="1.166" classname="Test_Data_Generation.Tracking_Data_Update"/>
  <testcase name="Tracking_Number_Search" time="1.237" classname="Test_Data_Generation.Tracking_Data_Update"/>
  <testcase name="Tracking_Number_Search" time="1.160" classname="Test_Data_Generation.Tracking_Data_Update"/>
  <testcase name="Tracking_Number_Search" time="1.060" classname="Test_Data_Generation.Tracking_Data_Update"/>
  <testcase name="Tracking_Number_Search" time="1.986" classname="Test_Data_Generation.Tracking_Data_Update"/>
  <testcase name="Tracking_Number_Search" time="1.288" classname="Test_Data_Generation.Tracking_Data_Update"/>
  <testcase name="Tracking_Number_Search" time="1.171" classname="Test_Data_Generation.Tracking_Data_Update"/>
  <testcase name="Tracking_Number_Search" time="1.397" classname="Test_Data_Generation.Tracking_Data_Update"/>
  <testcase name="Tracking_Number_Search" time="5.037" classname="Test_Data_Generation.Tracking_Data_Update"/>
  <testcase name="Tracking_Number_Search" time="1.227" classname="Test_Data_Generation.Tracking_Data_Update"/>
  <testcase name="Tracking_Number_Search" time="1.998" classname="Test_Data_Generation.Tracking_Data_Update"/>
  <testcase name="Tracking_Number_Search" time="1.631" classname="Test_Data_Generation.Tracking_Data_Update"/>
  <testcase name="Tracking_Number_Search" time="1.419" classname="Test_Data_Generation.Tracking_Data_Update"/>
  <testcase name="Tracking_Number_Search" time="1.972" classname="Test_Data_Generation.Tracking_Data_Update"/>
  <testcase name="Tracking_Number_Search" time="0.991" classname="Test_Data_Generation.Tracking_Data_Update"/>
  <testcase name="Tracking_Number_Search" time="1.118" classname="Test_Data_Generation.Tracking_Data_Update"/>
  <testcase name="Tracking_Number_Search" time="1.352" classname="Test_Data_Generation.Tracking_Data_Update"/>
  <testcase name="Tracking_Number_Search" time="1.146" classname="Test_Data_Generation.Tracking_Data_Update"/>
  <testcase name="Tracking_Number_Search" time="1.110" classname="Test_Data_Generation.Tracking_Data_Update"/>
  <testcase name="Tracking_Number_Search" time="1.494" classname="Test_Data_Generation.Tracking_Data_Update"/>
  <testcase name="Tracking_Number_Search" time="0.940" classname="Test_Data_Generation.Tracking_Data_Update"/>
  <testcase name="Tracking_Number_Search" time="1.215" classname="Test_Data_Generation.Tracking_Data_Update"/>
  <testcase name="Tracking_Number_Search" time="1.201" classname="Test_Data_Generation.Tracking_Data_Update"/>
  <testcase name="Tracking_Number_Search" time="1.610" classname="Test_Data_Generation.Tracking_Data_Update"/>
  <testcase name="Tracking_Number_Search" time="1.091" classname="Test_Data_Generation.Tracking_Data_Update"/>
  <testcase name="Tracking_Number_Search" time="5.353" classname="Test_Data_Generation.Tracking_Data_Update"/>
  <testcase name="Tracking_Number_Search" time="5.097" classname="Test_Data_Generation.Tracking_Data_Update"/>
  <testcase name="Tracking_Number_Search" time="1.306" classname="Test_Data_Generation.Tracking_Data_Update"/>
  <testcase name="Tracking_Number_Search" time="1.413" classname="Test_Data_Generation.Tracking_Data_Update"/>
  <testcase name="Tracking_Number_Search" time="0.786" classname="Test_Data_Generation.Tracking_Data_Update"/>
  <testcase name="Tracking_Number_Search" time="1.075" classname="Test_Data_Generation.Tracking_Data_Update"/>
  <testcase name="Tracking_Number_Search" time="2.441" classname="Test_Data_Generation.Tracking_Data_Update"/>
  <testcase name="Tracking_Number_Search" time="1.337" classname="Test_Data_Generation.Tracking_Data_Update"/>
  <testcase name="Tracking_Number_Search" time="1.163" classname="Test_Data_Generation.Tracking_Data_Update"/>
  <testcase name="Tracking_Number_Search" time="1.150" classname="Test_Data_Generation.Tracking_Data_Update"/>
  <testcase name="Tracking_Number_Search" time="1.599" classname="Test_Data_Generation.Tracking_Data_Update"/>
  <testcase name="Tracking_Number_Search" time="1.231" classname="Test_Data_Generation.Tracking_Data_Update"/>
  <testcase name="Tracking_Number_Search" time="1.560" classname="Test_Data_Generation.Tracking_Data_Update"/>
  <testcase name="Tracking_Number_Search" time="1.026" classname="Test_Data_Generation.Tracking_Data_Update"/>
  <testcase name="Tracking_Number_Search" time="2.222" classname="Test_Data_Generation.Tracking_Data_Update"/>
  <testcase name="Tracking_Number_Search" time="1.323" classname="Test_Data_Generation.Tracking_Data_Update"/>
  <testcase name="Tracking_Number_Search" time="1.128" classname="Test_Data_Generation.Tracking_Data_Update"/>
  <testcase name="Tracking_Number_Search" time="4.033" classname="Test_Data_Generation.Tracking_Data_Update"/>
  <testcase name="Tracking_Number_Search" time="1.094" classname="Test_Data_Generation.Tracking_Data_Update"/>
  <testcase name="Tracking_Number_Search" time="1.430" classname="Test_Data_Generation.Tracking_Data_Update"/>
  <testcase name="Tracking_Number_Search" time="1.939" classname="Test_Data_Generation.Tracking_Data_Update"/>
  <testcase name="Tracking_Number_Search" time="1.042" classname="Test_Data_Generation.Tracking_Data_Update"/>
  <testcase name="Tracking_Number_Search" time="10.846" classname="Test_Data_Generation.Tracking_Data_Update"/>
  <testcase name="Tracking_Number_Search" time="1.504" classname="Test_Data_Generation.Tracking_Data_Update"/>
  <testcase name="Tracking_Number_Search" time="1.120" classname="Test_Data_Generation.Tracking_Data_Update"/>
  <testcase name="Tracking_Number_Search" time="1.681" classname="Test_Data_Generation.Tracking_Data_Update"/>
  <testcase name="Tracking_Number_Search" time="1.364" classname="Test_Data_Generation.Tracking_Data_Update"/>
  <testcase name="Tracking_Number_Search" time="1.576" classname="Test_Data_Generation.Tracking_Data_Update"/>
  <testcase name="Tracking_Number_Search" time="1.097" classname="Test_Data_Generation.Tracking_Data_Update"/>
  <testcase name="Tracking_Number_Search" time="5.029" classname="Test_Data_Generation.Tracking_Data_Update"/>
  <testcase name="Tracking_Number_Search" time="1.474" classname="Test_Data_Generation.Tracking_Data_Update"/>
  <testcase name="Tracking_Number_Search" time="1.091" classname="Test_Data_Generation.Tracking_Data_Update"/>
  <testcase name="Tracking_Number_Search" time="0.994" classname="Test_Data_Generation.Tracking_Data_Update"/>
  <testcase name="Tracking_Number_Search" time="1.431" classname="Test_Data_Generation.Tracking_Data_Update"/>
  <testcase name="Tracking_Number_Search" time="1.470" classname="Test_Data_Generation.Tracking_Data_Update"/>
  <testcase name="Tracking_Number_Search" time="1.472" classname="Test_Data_Generation.Tracking_Data_Update"/>
  <testcase name="Tracking_Number_Search" time="3.367" classname="Test_Data_Generation.Tracking_Data_Update"/>
  <testcase name="Tracking_Number_Search" time="2.949" classname="Test_Data_Generation.Tracking_Data_Update"/>
  <testcase name="Tracking_Number_Search" time="0.832" classname="Test_Data_Generation.Tracking_Data_Update"/>
  <testcase name="Tracking_Number_Search" time="1.516" classname="Test_Data_Generation.Tracking_Data_Update"/>
  <testcase name="Tracking_Number_Search" time="1.171" classname="Test_Data_Generation.Tracking_Data_Update"/>
  <testcase name="Tracking_Number_Search" time="1.376" classname="Test_Data_Generation.Tracking_Data_Update"/>
  <testcase name="Tracking_Number_Search" time="1.230" classname="Test_Data_Generation.Tracking_Data_Update"/>
  <testcase name="Tracking_Number_Search" time="1.175" classname="Test_Data_Generation.Tracking_Data_Update"/>
  <testcase name="Tracking_Number_Search" time="0.968" classname="Test_Data_Generation.Tracking_Data_Update"/>
  <testcase name="Tracking_Number_Search" time="1.193" classname="Test_Data_Generation.Tracking_Data_Update"/>
  <testcase name="Tracking_Number_Search" time="2.175" classname="Test_Data_Generation.Tracking_Data_Update"/>
  <testcase name="Tracking_Number_Search" time="1.248" classname="Test_Data_Generation.Tracking_Data_Update"/>
  <testcase name="Tracking_Number_Search" time="1.291" classname="Test_Data_Generation.Tracking_Data_Update"/>
  <testcase name="Tracking_Number_Search" time="1.313" classname="Test_Data_Generation.Tracking_Data_Update"/>
  <testcase name="Tracking_Number_Search" time="1.702" classname="Test_Data_Generation.Tracking_Data_Update"/>
  <testcase name="Tracking_Number_Search" time="1.696" classname="Test_Data_Generation.Tracking_Data_Update"/>
  <testcase name="Tracking_Number_Search" time="1.500" classname="Test_Data_Generation.Tracking_Data_Update"/>
  <testcase name="Tracking_Number_Search" time="1.061" classname="Test_Data_Generation.Tracking_Data_Update"/>
  <testcase name="Tracking_Number_Search" time="5.455" classname="Test_Data_Generation.Tracking_Data_Update"/>
  <testcase name="Tracking_Number_Search" time="0.885" classname="Test_Data_Generation.Tracking_Data_Update"/>
  <testcase name="Tracking_Number_Search" time="1.590" classname="Test_Data_Generation.Tracking_Data_Update"/>
  <testcase name="Tracking_Number_Search" time="1.472" classname="Test_Data_Generation.Tracking_Data_Update"/>
  <testcase name="Tracking_Number_Search" time="1.782" classname="Test_Data_Generation.Tracking_Data_Update"/>
  <testcase name="Tracking_Number_Search" time="1.475" classname="Test_Data_Generation.Tracking_Data_Update"/>
  <testcase name="Tracking_Number_Search" time="1.046" classname="Test_Data_Generation.Tracking_Data_Update"/>
  <testcase name="Tracking_Number_Search" time="1.079" classname="Test_Data_Generation.Tracking_Data_Update"/>
  <testcase name="Tracking_Number_Search" time="1.197" classname="Test_Data_Generation.Tracking_Data_Update"/>
  <testcase name="Tracking_Number_Search" time="2.014" classname="Test_Data_Generation.Tracking_Data_Update"/>
  <testcase name="Tracking_Number_Search" time="1.053" classname="Test_Data_Generation.Tracking_Data_Update"/>
  <testcase name="Tracking_Number_Search" time="1.804" classname="Test_Data_Generation.Tracking_Data_Update"/>
  <testcase name="Tracking_Number_Search" time="1.186" classname="Test_Data_Generation.Tracking_Data_Update"/>
  <testcase name="Tracking_Number_Search" time="0.929" classname="Test_Data_Generation.Tracking_Data_Update"/>
  <testcase name="Tracking_Number_Search" time="4.993" classname="Test_Data_Generation.Tracking_Data_Update"/>
  <testcase name="Tracking_Number_Search" time="0.753" classname="Test_Data_Generation.Tracking_Data_Update"/>
  <testcase name="Tracking_Number_Search" time="1.370" classname="Test_Data_Generation.Tracking_Data_Update"/>
  <testcase name="Tracking_Number_Search" time="1.349" classname="Test_Data_Generation.Tracking_Data_Update"/>
  <testcase name="Tracking_Number_Search" time="1.177" classname="Test_Data_Generation.Tracking_Data_Update"/>
  <testcase name="Tracking_Number_Search" time="1.271" classname="Test_Data_Generation.Tracking_Data_Update"/>
  <testcase name="Tracking_Number_Search" time="1.177" classname="Test_Data_Generation.Tracking_Data_Update"/>
  <testcase name="Tracking_Number_Search" time="1.242" classname="Test_Data_Generation.Tracking_Data_Update"/>
  <testcase name="Tracking_Number_Search" time="1.185" classname="Test_Data_Generation.Tracking_Data_Update"/>
  <testcase name="Tracking_Number_Search" time="1.010" classname="Test_Data_Generation.Tracking_Data_Update"/>
  <testcase name="Tracking_Number_Search" time="1.253" classname="Test_Data_Generation.Tracking_Data_Update"/>
  <testcase name="Tracking_Number_Search" time="4.145" classname="Test_Data_Generation.Tracking_Data_Update"/>
  <testcase name="Tracking_Number_Search" time="1.340" classname="Test_Data_Generation.Tracking_Data_Update"/>
  <testcase name="Tracking_Number_Search" time="1.383" classname="Test_Data_Generation.Tracking_Data_Update"/>
  <testcase name="Tracking_Number_Search" time="4.409" classname="Test_Data_Generation.Tracking_Data_Update"/>
  <testcase name="Tracking_Number_Search" time="1.857" classname="Test_Data_Generation.Tracking_Data_Update"/>
  <testcase name="Tracking_Number_Search" time="2.686" classname="Test_Data_Generation.Tracking_Data_Update"/>
  <testcase name="Tracking_Number_Search" time="1.166" classname="Test_Data_Generation.Tracking_Data_Update"/>
  <testcase name="Tracking_Number_Search" time="1.992" classname="Test_Data_Generation.Tracking_Data_Update"/>
  <testcase name="Tracking_Number_Search" time="1.194" classname="Test_Data_Generation.Tracking_Data_Update"/>
  <testcase name="Tracking_Number_Search" time="0.824" classname="Test_Data_Generation.Tracking_Data_Update"/>
  <testcase name="Tracking_Number_Search" time="1.652" classname="Test_Data_Generation.Tracking_Data_Update"/>
  <testcase name="Tracking_Number_Search" time="6.091" classname="Test_Data_Generation.Tracking_Data_Update"/>
  <testcase name="Tracking_Number_Search" time="1.345" classname="Test_Data_Generation.Tracking_Data_Update"/>
  <testcase name="Tracking_Number_Search" time="1.073" classname="Test_Data_Generation.Tracking_Data_Update"/>
  <testcase name="Tracking_Number_Search" time="0.917" classname="Test_Data_Generation.Tracking_Data_Update"/>
  <testcase name="Tracking_Number_Search" time="2.383" classname="Test_Data_Generation.Tracking_Data_Update"/>
  <testcase name="Tracking_Number_Search" time="1.988" classname="Test_Data_Generation.Tracking_Data_Update"/>
  <testcase name="Tracking_Number_Search" time="1.950" classname="Test_Data_Generation.Tracking_Data_Update"/>
  <testcase name="Tracking_Number_Search" time="1.212" classname="Test_Data_Generation.Tracking_Data_Update"/>
  <testcase name="Tracking_Number_Search" time="1.464" classname="Test_Data_Generation.Tracking_Data_Update"/>
  <testcase name="Tracking_Number_Search" time="1.112" classname="Test_Data_Generation.Tracking_Data_Update"/>
  <testcase name="Tracking_Number_Search" time="1.189" classname="Test_Data_Generation.Tracking_Data_Update"/>
  <testcase name="Tracking_Number_Search" time="5.256" classname="Test_Data_Generation.Tracking_Data_Update"/>
  <testcase name="Tracking_Number_Search" time="1.186" classname="Test_Data_Generation.Tracking_Data_Update"/>
  <testcase name="Tracking_Number_Search" time="1.149" classname="Test_Data_Generation.Tracking_Data_Update"/>
  <testcase name="Tracking_Number_Search" time="2.857" classname="Test_Data_Generation.Tracking_Data_Update"/>
  <testcase name="Tracking_Number_Search" time="1.494" classname="Test_Data_Generation.Tracking_Data_Update"/>
  <testcase name="Tracking_Number_Search" time="1.514" classname="Test_Data_Generation.Tracking_Data_Update"/>
  <testcase name="Tracking_Number_Search" time="1.175" classname="Test_Data_Generation.Tracking_Data_Update"/>
  <testcase name="Tracking_Number_Search" time="0.882" classname="Test_Data_Generation.Tracking_Data_Update"/>
  <testcase name="Tracking_Number_Search" time="1.173" classname="Test_Data_Generation.Tracking_Data_Update"/>
  <testcase name="Tracking_Number_Search" time="1.276" classname="Test_Data_Generation.Tracking_Data_Update"/>
  <testcase name="Tracking_Number_Search" time="1.290" classname="Test_Data_Generation.Tracking_Data_Update"/>
  <testcase name="Tracking_Number_Search" time="1.607" classname="Test_Data_Generation.Tracking_Data_Update"/>
  <testcase name="Tracking_Number_Search" time="5.160" classname="Test_Data_Generation.Tracking_Data_Update"/>
  <testcase name="Tracking_Number_Search" time="1.435" classname="Test_Data_Generation.Tracking_Data_Update"/>
  <testcase name="Tracking_Number_Search" time="1.161" classname="Test_Data_Generation.Tracking_Data_Update"/>
  <testcase name="Tracking_Number_Search" time="1.360" classname="Test_Data_Generation.Tracking_Data_Update"/>
  <testcase name="Tracking_Number_Search" time="1.169" classname="Test_Data_Generation.Tracking_Data_Update"/>
  <testcase name="Tracking_Number_Search" time="1.027" classname="Test_Data_Generation.Tracking_Data_Update"/>
  <testcase name="Tracking_Number_Search" time="5.159" classname="Test_Data_Generation.Tracking_Data_Update"/>
  <testcase name="Tracking_Number_Search" time="1.168" classname="Test_Data_Generation.Tracking_Data_Update"/>
  <testcase name="Tracking_Number_Search" time="1.585" classname="Test_Data_Generation.Tracking_Data_Update"/>
  <testcase name="Tracking_Number_Search" time="1.382" classname="Test_Data_Generation.Tracking_Data_Update"/>
  <testcase name="Tracking_Number_Search" time="0.941" classname="Test_Data_Generation.Tracking_Data_Update"/>
  <testcase name="Tracking_Number_Search" time="2.612" classname="Test_Data_Generation.Tracking_Data_Update"/>
  <testcase name="Tracking_Number_Search" time="1.446" classname="Test_Data_Generation.Tracking_Data_Update"/>
  <testcase name="Tracking_Number_Search" time="1.843" classname="Test_Data_Generation.Tracking_Data_Update"/>
  <testcase name="Tracking_Number_Search" time="1.323" classname="Test_Data_Generation.Tracking_Data_Update"/>
  <testcase name="Tracking_Number_Search" time="1.436" classname="Test_Data_Generation.Tracking_Data_Update"/>
  <testcase name="Tracking_Number_Search" time="1.613" classname="Test_Data_Generation.Tracking_Data_Update"/>
  <testcase name="Tracking_Number_Search" time="1.050" classname="Test_Data_Generation.Tracking_Data_Update"/>
  <testcase name="Tracking_Number_Search" time="0.923" classname="Test_Data_Generation.Tracking_Data_Update"/>
  <testcase name="Tracking_Number_Search" time="1.334" classname="Test_Data_Generation.Tracking_Data_Update"/>
  <testcase name="Tracking_Number_Search" time="0.995" classname="Test_Data_Generation.Tracking_Data_Update"/>
  <testcase name="Tracking_Number_Search" time="1.221" classname="Test_Data_Generation.Tracking_Data_Update"/>
  <testcase name="Tracking_Number_Search" time="0.951" classname="Test_Data_Generation.Tracking_Data_Update"/>
  <testcase name="Tracking_Number_Search" time="1.194" classname="Test_Data_Generation.Tracking_Data_Update"/>
  <testcase name="Tracking_Number_Search" time="2.598" classname="Test_Data_Generation.Tracking_Data_Update"/>
  <testcase name="Tracking_Number_Search" time="1.848" classname="Test_Data_Generation.Tracking_Data_Update"/>
  <testcase name="Tracking_Number_Search" time="1.614" classname="Test_Data_Generation.Tracking_Data_Update"/>
  <testcase name="Tracking_Number_Search" time="1.278" classname="Test_Data_Generation.Tracking_Data_Update"/>
  <testcase name="Tracking_Number_Search" time="0.856" classname="Test_Data_Generation.Tracking_Data_Update"/>
  <testcase name="Tracking_Number_Search" time="1.351" classname="Test_Data_Generation.Tracking_Data_Update"/>
  <testcase name="Tracking_Number_Search" time="1.491" classname="Test_Data_Generation.Tracking_Data_Update"/>
  <testcase name="Tracking_Number_Search" time="1.751" classname="Test_Data_Generation.Tracking_Data_Update"/>
  <testcase name="Tracking_Number_Search" time="1.228" classname="Test_Data_Generation.Tracking_Data_Update"/>
  <testcase name="Tracking_Number_Search" time="0.974" classname="Test_Data_Generation.Tracking_Data_Update"/>
  <testcase name="Tracking_Number_Search" time="1.346" classname="Test_Data_Generation.Tracking_Data_Update"/>
  <testcase name="Tracking_Number_Search" time="7.008" classname="Test_Data_Generation.Tracking_Data_Update"/>
  <testcase name="Tracking_Number_Search" time="5.188" classname="Test_Data_Generation.Tracking_Data_Update"/>
  <testcase name="Tracking_Number_Search" time="1.424" classname="Test_Data_Generation.Tracking_Data_Update"/>
  <testcase name="Tracking_Number_Search" time="1.932" classname="Test_Data_Generation.Tracking_Data_Update"/>
  <testcase name="Tracking_Number_Search" time="1.983" classname="Test_Data_Generation.Tracking_Data_Update"/>
  <testcase name="Tracking_Number_Search" time="1.516" classname="Test_Data_Generation.Tracking_Data_Update"/>
  <testcase name="Tracking_Number_Search" time="0.977" classname="Test_Data_Generation.Tracking_Data_Update"/>
  <testcase name="Tracking_Number_Search" time="3.212" classname="Test_Data_Generation.Tracking_Data_Update"/>
  <testcase name="Tracking_Number_Search" time="1.161" classname="Test_Data_Generation.Tracking_Data_Update"/>
  <testcase name="Tracking_Number_Search" time="0.884" classname="Test_Data_Generation.Tracking_Data_Update"/>
  <testcase name="Tracking_Number_Search" time="1.367" classname="Test_Data_Generation.Tracking_Data_Update"/>
  <testcase name="Tracking_Number_Search" time="1.057" classname="Test_Data_Generation.Tracking_Data_Update"/>
  <testcase name="Tracking_Number_Search" time="1.451" classname="Test_Data_Generation.Tracking_Data_Update"/>
  <testcase name="Tracking_Number_Search" time="5.043" classname="Test_Data_Generation.Tracking_Data_Update"/>
  <testcase name="Tracking_Number_Search" time="1.247" classname="Test_Data_Generation.Tracking_Data_Update"/>
  <testcase name="Tracking_Number_Search" time="1.539" classname="Test_Data_Generation.Tracking_Data_Update"/>
  <testcase name="Tracking_Number_Search" time="1.286" classname="Test_Data_Generation.Tracking_Data_Update"/>
  <testcase name="Tracking_Number_Search" time="1.799" classname="Test_Data_Generation.Tracking_Data_Update"/>
  <testcase name="Tracking_Number_Search" time="1.755" classname="Test_Data_Generation.Tracking_Data_Update"/>
  <testcase name="Tracking_Number_Search" time="1.653" classname="Test_Data_Generation.Tracking_Data_Update"/>
  <testcase name="Tracking_Number_Search" time="1.916" classname="Test_Data_Generation.Tracking_Data_Update"/>
  <testcase name="Tracking_Number_Search" time="5.241" classname="Test_Data_Generation.Tracking_Data_Update"/>
  <testcase name="Tracking_Number_Search" time="1.212" classname="Test_Data_Generation.Tracking_Data_Update"/>
  <testcase name="Tracking_Number_Search" time="1.711" classname="Test_Data_Generation.Tracking_Data_Update"/>
  <testcase name="Tracking_Number_Search" time="1.232" classname="Test_Data_Generation.Tracking_Data_Update"/>
  <testcase name="Tracking_Number_Search" time="1.371" classname="Test_Data_Generation.Tracking_Data_Update"/>
  <testcase name="Tracking_Number_Search" time="1.199" classname="Test_Data_Generation.Tracking_Data_Update"/>
  <testcase name="Tracking_Number_Search" time="1.304" classname="Test_Data_Generation.Tracking_Data_Update"/>
  <testcase name="Tracking_Number_Search" time="1.117" classname="Test_Data_Generation.Tracking_Data_Update"/>
  <testcase name="Tracking_Number_Search" time="1.402" classname="Test_Data_Generation.Tracking_Data_Update"/>
  <testcase name="Tracking_Number_Search" time="1.643" classname="Test_Data_Generation.Tracking_Data_Update"/>
  <testcase name="Tracking_Number_Search" time="2.722" classname="Test_Data_Generation.Tracking_Data_Update"/>
  <testcase name="Tracking_Number_Search" time="1.502" classname="Test_Data_Generation.Tracking_Data_Update"/>
  <testcase name="Tracking_Number_Search" time="5.213" classname="Test_Data_Generation.Tracking_Data_Update"/>
  <testcase name="Tracking_Number_Search" time="1.231" classname="Test_Data_Generation.Tracking_Data_Update"/>
  <testcase name="Tracking_Number_Search" time="1.531" classname="Test_Data_Generation.Tracking_Data_Update"/>
  <testcase name="Tracking_Number_Search" time="1.448" classname="Test_Data_Generation.Tracking_Data_Update"/>
  <testcase name="Tracking_Number_Search" time="1.273" classname="Test_Data_Generation.Tracking_Data_Update"/>
  <testcase name="Tracking_Number_Search" time="1.461" classname="Test_Data_Generation.Tracking_Data_Update"/>
  <testcase name="Tracking_Number_Search" time="0.866" classname="Test_Data_Generation.Tracking_Data_Update"/>
  <testcase name="Tracking_Number_Search" time="1.657" classname="Test_Data_Generation.Tracking_Data_Update"/>
  <testcase name="Tracking_Number_Search" time="0.898" classname="Test_Data_Generation.Tracking_Data_Update"/>
  <testcase name="Tracking_Number_Search" time="1.618" classname="Test_Data_Generation.Tracking_Data_Update"/>
  <testcase name="Tracking_Number_Search" time="0.880" classname="Test_Data_Generation.Tracking_Data_Update"/>
  <testcase name="Tracking_Number_Search" time="1.169" classname="Test_Data_Generation.Tracking_Data_Update"/>
  <testcase name="Tracking_Number_Search" time="1.363" classname="Test_Data_Generation.Tracking_Data_Update"/>
  <testcase name="Tracking_Number_Search" time="1.225" classname="Test_Data_Generation.Tracking_Data_Update"/>
  <testcase name="Tracking_Number_Search" time="1.178" classname="Test_Data_Generation.Tracking_Data_Update"/>
  <testcase name="Tracking_Number_Search" time="1.053" classname="Test_Data_Generation.Tracking_Data_Update"/>
  <testcase name="Tracking_Number_Search" time="1.379" classname="Test_Data_Generation.Tracking_Data_Update"/>
  <testcase name="Tracking_Number_Search" time="1.561" classname="Test_Data_Generation.Tracking_Data_Update"/>
  <testcase name="Tracking_Number_Search" time="1.221" classname="Test_Data_Generation.Tracking_Data_Update"/>
  <testcase name="Tracking_Number_Search" time="1.355" classname="Test_Data_Generation.Tracking_Data_Update"/>
  <testcase name="Tracking_Number_Search" time="1.147" classname="Test_Data_Generation.Tracking_Data_Update"/>
  <testcase name="Tracking_Number_Search" time="1.404" classname="Test_Data_Generation.Tracking_Data_Update"/>
  <testcase name="Tracking_Number_Search" time="1.081" classname="Test_Data_Generation.Tracking_Data_Update"/>
  <testcase name="Tracking_Number_Search" time="2.168" classname="Test_Data_Generation.Tracking_Data_Update"/>
  <testcase name="Tracking_Number_Search" time="1.130" classname="Test_Data_Generation.Tracking_Data_Update"/>
  <testcase name="Tracking_Number_Search" time="1.373" classname="Test_Data_Generation.Tracking_Data_Update"/>
  <testcase name="Tracking_Number_Search" time="1.143" classname="Test_Data_Generation.Tracking_Data_Update"/>
  <testcase name="Tracking_Number_Search" time="1.101" classname="Test_Data_Generation.Tracking_Data_Update"/>
  <testcase name="Tracking_Number_Search" time="1.795" classname="Test_Data_Generation.Tracking_Data_Update"/>
  <testcase name="Tracking_Number_Search" time="2.276" classname="Test_Data_Generation.Tracking_Data_Update"/>
  <testcase name="Tracking_Number_Search" time="1.577" classname="Test_Data_Generation.Tracking_Data_Update"/>
  <testcase name="Tracking_Number_Search" time="1.298" classname="Test_Data_Generation.Tracking_Data_Update"/>
  <testcase name="Tracking_Number_Search" time="1.095" classname="Test_Data_Generation.Tracking_Data_Update"/>
  <testcase name="Tracking_Number_Search" time="2.021" classname="Test_Data_Generation.Tracking_Data_Update"/>
  <testcase name="Tracking_Number_Search" time="1.144" classname="Test_Data_Generation.Tracking_Data_Update"/>
  <testcase name="Tracking_Number_Search" time="5.256" classname="Test_Data_Generation.Tracking_Data_Update"/>
  <testcase name="Tracking_Number_Search" time="1.639" classname="Test_Data_Generation.Tracking_Data_Update"/>
  <testcase name="Tracking_Number_Search" time="1.402" classname="Test_Data_Generation.Tracking_Data_Update"/>
  <testcase name="Tracking_Number_Search" time="1.221" classname="Test_Data_Generation.Tracking_Data_Update"/>
  <testcase name="Tracking_Number_Search" time="1.016" classname="Test_Data_Generation.Tracking_Data_Update"/>
  <testcase name="Tracking_Number_Search" time="2.444" classname="Test_Data_Generation.Tracking_Data_Update"/>
  <testcase name="Tracking_Number_Search" time="5.171" classname="Test_Data_Generation.Tracking_Data_Update"/>
  <testcase name="Tracking_Number_Search" time="1.129" classname="Test_Data_Generation.Tracking_Data_Update"/>
  <testcase name="Tracking_Number_Search" time="1.585" classname="Test_Data_Generation.Tracking_Data_Update"/>
  <testcase name="Tracking_Number_Search" time="0.984" classname="Test_Data_Generation.Tracking_Data_Update"/>
  <testcase name="Tracking_Number_Search" time="0.877" classname="Test_Data_Generation.Tracking_Data_Update"/>
  <testcase name="Tracking_Number_Search" time="0.984" classname="Test_Data_Generation.Tracking_Data_Update"/>
  <testcase name="Tracking_Number_Search" time="1.254" classname="Test_Data_Generation.Tracking_Data_Update"/>
  <testcase name="Tracking_Number_Search" time="1.817" classname="Test_Data_Generation.Tracking_Data_Update"/>
  <testcase name="Tracking_Number_Search" time="1.291" classname="Test_Data_Generation.Tracking_Data_Update"/>
  <testcase name="Tracking_Number_Search" time="1.702" classname="Test_Data_Generation.Tracking_Data_Update"/>
  <testcase name="Tracking_Number_Search" time="1.064" classname="Test_Data_Generation.Tracking_Data_Update"/>
  <testcase name="Tracking_Number_Search" time="1.549" classname="Test_Data_Generation.Tracking_Data_Update"/>
  <testcase name="Tracking_Number_Search" time="1.977" classname="Test_Data_Generation.Tracking_Data_Update"/>
  <testcase name="Tracking_Number_Search" time="1.449" classname="Test_Data_Generation.Tracking_Data_Update"/>
  <testcase name="Tracking_Number_Search" time="1.172" classname="Test_Data_Generation.Tracking_Data_Update"/>
  <testcase name="Tracking_Number_Search" time="1.915" classname="Test_Data_Generation.Tracking_Data_Update"/>
  <testcase name="Tracking_Number_Search" time="1.663" classname="Test_Data_Generation.Tracking_Data_Update"/>
  <testcase name="Tracking_Number_Search" time="1.086" classname="Test_Data_Generation.Tracking_Data_Update"/>
  <testcase name="Tracking_Number_Search" time="1.660" classname="Test_Data_Generation.Tracking_Data_Update"/>
  <testcase name="Tracking_Number_Search" time="1.641" classname="Test_Data_Generation.Tracking_Data_Update"/>
  <testcase name="Tracking_Number_Search" time="1.205" classname="Test_Data_Generation.Tracking_Data_Update"/>
  <testcase name="Tracking_Number_Search" time="1.038" classname="Test_Data_Generation.Tracking_Data_Update"/>
  <testcase name="Tracking_Number_Search" time="0.905" classname="Test_Data_Generation.Tracking_Data_Update"/>
  <testcase name="Tracking_Number_Search" time="1.334" classname="Test_Data_Generation.Tracking_Data_Update"/>
  <testcase name="Tracking_Number_Search" time="2.088" classname="Test_Data_Generation.Tracking_Data_Update"/>
  <testcase name="Tracking_Number_Search" time="1.250" classname="Test_Data_Generation.Tracking_Data_Update"/>
  <testcase name="Tracking_Number_Search" time="0.826" classname="Test_Data_Generation.Tracking_Data_Update"/>
  <testcase name="Tracking_Number_Search" time="1.322" classname="Test_Data_Generation.Tracking_Data_Update"/>
  <testcase name="Tracking_Number_Search" time="1.735" classname="Test_Data_Generation.Tracking_Data_Update"/>
  <testcase name="Tracking_Number_Search" time="2.689" classname="Test_Data_Generation.Tracking_Data_Update"/>
  <testcase name="Tracking_Number_Search" time="4.083" classname="Test_Data_Generation.Tracking_Data_Update"/>
  <testcase name="Tracking_Number_Search" time="6.312" classname="Test_Data_Generation.Tracking_Data_Update"/>
  <testcase name="Tracking_Number_Search" time="1.223" classname="Test_Data_Generation.Tracking_Data_Update"/>
  <testcase name="Tracking_Number_Search" time="1.392" classname="Test_Data_Generation.Tracking_Data_Update"/>
  <testcase name="Tracking_Number_Search" time="1.389" classname="Test_Data_Generation.Tracking_Data_Update"/>
  <testcase name="Tracking_Number_Search" time="5.181" classname="Test_Data_Generation.Tracking_Data_Update"/>
  <testcase name="Tracking_Number_Search" time="1.069" classname="Test_Data_Generation.Tracking_Data_Update"/>
  <testcase name="Tracking_Number_Search" time="0.832" classname="Test_Data_Generation.Tracking_Data_Update"/>
  <testcase name="Tracking_Number_Search" time="1.155" classname="Test_Data_Generation.Tracking_Data_Update"/>
  <testcase name="Tracking_Number_Search" time="4.225" classname="Test_Data_Generation.Tracking_Data_Update"/>
  <testcase name="Tracking_Number_Search" time="1.069" classname="Test_Data_Generation.Tracking_Data_Update"/>
  <testcase name="Tracking_Number_Search" time="1.131" classname="Test_Data_Generation.Tracking_Data_Update"/>
  <testcase name="Tracking_Number_Search" time="1.658" classname="Test_Data_Generation.Tracking_Data_Update"/>
  <testcase name="Tracking_Number_Search" time="1.152" classname="Test_Data_Generation.Tracking_Data_Update"/>
  <testcase name="Tracking_Number_Search" time="3.147" classname="Test_Data_Generation.Tracking_Data_Update"/>
  <testcase name="Tracking_Number_Search" time="1.346" classname="Test_Data_Generation.Tracking_Data_Update"/>
  <testcase name="Tracking_Number_Search" time="0.877" classname="Test_Data_Generation.Tracking_Data_Update"/>
  <testcase name="Tracking_Number_Search" time="1.859" classname="Test_Data_Generation.Tracking_Data_Update"/>
  <testcase name="Tracking_Number_Search" time="1.034" classname="Test_Data_Generation.Tracking_Data_Update"/>
  <testcase name="Tracking_Number_Search" time="1.696" classname="Test_Data_Generation.Tracking_Data_Update"/>
  <testcase name="Tracking_Number_Search" time="5.948" classname="Test_Data_Generation.Tracking_Data_Update"/>
  <testcase name="Tracking_Number_Search" time="0.793" classname="Test_Data_Generation.Tracking_Data_Update"/>
  <testcase name="Tracking_Number_Search" time="1.211" classname="Test_Data_Generation.Tracking_Data_Update"/>
  <testcase name="Tracking_Number_Search" time="1.738" classname="Test_Data_Generation.Tracking_Data_Update"/>
  <testcase name="Tracking_Number_Search" time="1.112" classname="Test_Data_Generation.Tracking_Data_Update"/>
  <testcase name="Tracking_Number_Search" time="1.497" classname="Test_Data_Generation.Tracking_Data_Update"/>
  <testcase name="Tracking_Number_Search" time="1.760" classname="Test_Data_Generation.Tracking_Data_Update"/>
  <testcase name="Tracking_Number_Search" time="1.005" classname="Test_Data_Generation.Tracking_Data_Update"/>
  <testcase name="Tracking_Number_Search" time="2.386" classname="Test_Data_Generation.Tracking_Data_Update"/>
  <testcase name="Tracking_Number_Search" time="1.223" classname="Test_Data_Generation.Tracking_Data_Update"/>
  <testcase name="Tracking_Number_Search" time="1.080" classname="Test_Data_Generation.Tracking_Data_Update"/>
  <testcase name="Tracking_Number_Search" time="1.752" classname="Test_Data_Generation.Tracking_Data_Update"/>
  <testcase name="Tracking_Number_Search" time="0.983" classname="Test_Data_Generation.Tracking_Data_Update"/>
  <testcase name="Tracking_Number_Search" time="1.946" classname="Test_Data_Generation.Tracking_Data_Update"/>
  <testcase name="Tracking_Number_Search" time="6.562" classname="Test_Data_Generation.Tracking_Data_Update"/>
  <testcase name="Tracking_Number_Search" time="1.427" classname="Test_Data_Generation.Tracking_Data_Update"/>
  <testcase name="Tracking_Number_Search" time="2.723" classname="Test_Data_Generation.Tracking_Data_Update"/>
  <testcase name="Tracking_Number_Search" time="1.008" classname="Test_Data_Generation.Tracking_Data_Update"/>
  <testcase name="Tracking_Number_Search" time="1.670" classname="Test_Data_Generation.Tracking_Data_Update"/>
  <testcase name="Tracking_Number_Search" time="1.753" classname="Test_Data_Generation.Tracking_Data_Update"/>
  <testcase name="Tracking_Number_Search" time="2.295" classname="Test_Data_Generation.Tracking_Data_Update"/>
  <testcase name="Tracking_Number_Search" time="2.359" classname="Test_Data_Generation.Tracking_Data_Update"/>
  <testcase name="Tracking_Number_Search" time="2.906" classname="Test_Data_Generation.Tracking_Data_Update"/>
  <testcase name="Tracking_Number_Search" time="1.543" classname="Test_Data_Generation.Tracking_Data_Update"/>
  <testcase name="Tracking_Number_Search" time="0.963" classname="Test_Data_Generation.Tracking_Data_Update"/>
  <testcase name="Tracking_Number_Search" time="1.393" classname="Test_Data_Generation.Tracking_Data_Update"/>
  <testcase name="Tracking_Number_Search" time="0.860" classname="Test_Data_Generation.Tracking_Data_Update"/>
  <testcase name="Tracking_Number_Search" time="1.152" classname="Test_Data_Generation.Tracking_Data_Update"/>
  <testcase name="Tracking_Number_Search" time="1.305" classname="Test_Data_Generation.Tracking_Data_Update"/>
  <testcase name="Tracking_Number_Search" time="1.214" classname="Test_Data_Generation.Tracking_Data_Update"/>
  <testcase name="Tracking_Number_Search" time="1.614" classname="Test_Data_Generation.Tracking_Data_Update"/>
  <testcase name="Tracking_Number_Search" time="1.520" classname="Test_Data_Generation.Tracking_Data_Update"/>
  <testcase name="Tracking_Number_Search" time="1.396" classname="Test_Data_Generation.Tracking_Data_Update"/>
  <testcase name="Tracking_Number_Search" time="1.369" classname="Test_Data_Generation.Tracking_Data_Update"/>
  <testcase name="Tracking_Number_Search" time="1.078" classname="Test_Data_Generation.Tracking_Data_Update"/>
  <testcase name="Tracking_Number_Search" time="1.261" classname="Test_Data_Generation.Tracking_Data_Update"/>
  <testcase name="Tracking_Number_Search" time="1.150" classname="Test_Data_Generation.Tracking_Data_Update"/>
  <testcase name="Tracking_Number_Search" time="1.409" classname="Test_Data_Generation.Tracking_Data_Update"/>
  <testcase name="Tracking_Number_Search" time="2.213" classname="Test_Data_Generation.Tracking_Data_Update"/>
  <testcase name="Tracking_Number_Search" time="1.357" classname="Test_Data_Generation.Tracking_Data_Update"/>
  <testcase name="Tracking_Number_Search" time="2.150" classname="Test_Data_Generation.Tracking_Data_Update"/>
  <testcase name="Tracking_Number_Search" time="3.529" classname="Test_Data_Generation.Tracking_Data_Update"/>
  <testcase name="Tracking_Number_Search" time="1.680" classname="Test_Data_Generation.Tracking_Data_Update"/>
  <testcase name="Tracking_Number_Search" time="1.013" classname="Test_Data_Generation.Tracking_Data_Update"/>
  <testcase name="Tracking_Number_Search" time="1.244" classname="Test_Data_Generation.Tracking_Data_Update"/>
  <testcase name="Tracking_Number_Search" time="1.209" classname="Test_Data_Generation.Tracking_Data_Update"/>
  <testcase name="Tracking_Number_Search" time="1.104" classname="Test_Data_Generation.Tracking_Data_Update"/>
  <testcase name="Tracking_Number_Search" time="1.685" classname="Test_Data_Generation.Tracking_Data_Update"/>
  <testcase name="Tracking_Number_Search" time="1.262" classname="Test_Data_Generation.Tracking_Data_Update"/>
  <testcase name="Tracking_Number_Search" time="1.177" classname="Test_Data_Generation.Tracking_Data_Update"/>
  <testcase name="Tracking_Number_Search" time="1.396" classname="Test_Data_Generation.Tracking_Data_Update"/>
  <testcase name="Tracking_Number_Search" time="1.573" classname="Test_Data_Generation.Tracking_Data_Update"/>
  <testcase name="Tracking_Number_Search" time="1.276" classname="Test_Data_Generation.Tracking_Data_Update"/>
  <testcase name="Tracking_Number_Search" time="1.044" classname="Test_Data_Generation.Tracking_Data_Update"/>
  <testcase name="Tracking_Number_Search" time="2.228" classname="Test_Data_Generation.Tracking_Data_Update"/>
  <testcase name="Tracking_Number_Search" time="1.472" classname="Test_Data_Generation.Tracking_Data_Update"/>
  <testcase name="Tracking_Number_Search" time="1.387" classname="Test_Data_Generation.Tracking_Data_Update"/>
  <testcase name="Tracking_Number_Search" time="2.291" classname="Test_Data_Generation.Tracking_Data_Update"/>
  <testcase name="Tracking_Number_Search" time="1.425" classname="Test_Data_Generation.Tracking_Data_Update"/>
  <testcase name="Tracking_Number_Search" time="1.191" classname="Test_Data_Generation.Tracking_Data_Update"/>
  <testcase name="Tracking_Number_Search" time="1.015" classname="Test_Data_Generation.Tracking_Data_Update"/>
  <testcase name="Tracking_Number_Search" time="1.883" classname="Test_Data_Generation.Tracking_Data_Update"/>
  <testcase name="Tracking_Number_Search" time="3.826" classname="Test_Data_Generation.Tracking_Data_Update"/>
  <testcase name="Tracking_Number_Search" time="1.572" classname="Test_Data_Generation.Tracking_Data_Update"/>
  <testcase name="Tracking_Number_Search" time="1.244" classname="Test_Data_Generation.Tracking_Data_Update"/>
  <testcase name="Tracking_Number_Search" time="1.595" classname="Test_Data_Generation.Tracking_Data_Update"/>
  <testcase name="Tracking_Number_Search" time="1.189" classname="Test_Data_Generation.Tracking_Data_Update"/>
  <testcase name="Tracking_Number_Search" time="1.057" classname="Test_Data_Generation.Tracking_Data_Update"/>
  <testcase name="Tracking_Number_Search" time="1.058" classname="Test_Data_Generation.Tracking_Data_Update"/>
  <testcase name="Tracking_Number_Search" time="0.869" classname="Test_Data_Generation.Tracking_Data_Update"/>
  <testcase name="Tracking_Number_Search" time="0.789" classname="Test_Data_Generation.Tracking_Data_Update"/>
  <testcase name="Tracking_Number_Search" time="0.986" classname="Test_Data_Generation.Tracking_Data_Update"/>
  <testcase name="Tracking_Number_Search" time="1.499" classname="Test_Data_Generation.Tracking_Data_Update"/>
  <testcase name="Tracking_Number_Search" time="0.947" classname="Test_Data_Generation.Tracking_Data_Update"/>
  <testcase name="Tracking_Number_Search" time="1.133" classname="Test_Data_Generation.Tracking_Data_Update"/>
  <testcase name="Tracking_Number_Search" time="1.248" classname="Test_Data_Generation.Tracking_Data_Update"/>
  <testcase name="Tracking_Number_Search" time="1.103" classname="Test_Data_Generation.Tracking_Data_Update"/>
  <testcase name="Tracking_Number_Search" time="1.146" classname="Test_Data_Generation.Tracking_Data_Update"/>
  <testcase name="Tracking_Number_Search" time="1.386" classname="Test_Data_Generation.Tracking_Data_Update"/>
  <testcase name="Tracking_Number_Search" time="1.399" classname="Test_Data_Generation.Tracking_Data_Update"/>
  <testcase name="Tracking_Number_Search" time="1.440" classname="Test_Data_Generation.Tracking_Data_Update"/>
  <testcase name="Tracking_Number_Search" time="1.237" classname="Test_Data_Generation.Tracking_Data_Update"/>
  <testcase name="Tracking_Number_Search" time="1.152" classname="Test_Data_Generation.Tracking_Data_Update"/>
  <testcase name="Tracking_Number_Search" time="1.005" classname="Test_Data_Generation.Tracking_Data_Update"/>
  <testcase name="Tracking_Number_Search" time="1.374" classname="Test_Data_Generation.Tracking_Data_Update"/>
  <testcase name="Tracking_Number_Search" time="2.249" classname="Test_Data_Generation.Tracking_Data_Update"/>
  <testcase name="Tracking_Number_Search" time="1.098" classname="Test_Data_Generation.Tracking_Data_Update"/>
  <testcase name="Tracking_Number_Search" time="1.531" classname="Test_Data_Generation.Tracking_Data_Update"/>
  <testcase name="Tracking_Number_Search" time="1.204" classname="Test_Data_Generation.Tracking_Data_Update"/>
  <testcase name="Tracking_Number_Search" time="1.418" classname="Test_Data_Generation.Tracking_Data_Update"/>
  <testcase name="Tracking_Number_Search" time="1.257" classname="Test_Data_Generation.Tracking_Data_Update"/>
  <testcase name="Tracking_Number_Search" time="1.126" classname="Test_Data_Generation.Tracking_Data_Update"/>
  <testcase name="Tracking_Number_Search" time="0.841" classname="Test_Data_Generation.Tracking_Data_Update"/>
  <testcase name="Tracking_Number_Search" time="1.590" classname="Test_Data_Generation.Tracking_Data_Update"/>
  <testcase name="Tracking_Number_Search" time="1.215" classname="Test_Data_Generation.Tracking_Data_Update"/>
  <testcase name="Tracking_Number_Search" time="1.111" classname="Test_Data_Generation.Tracking_Data_Update"/>
  <testcase name="Tracking_Number_Search" time="1.224" classname="Test_Data_Generation.Tracking_Data_Update"/>
  <testcase name="Tracking_Number_Search" time="1.219" classname="Test_Data_Generation.Tracking_Data_Update"/>
  <testcase name="Tracking_Number_Search" time="0.959" classname="Test_Data_Generation.Tracking_Data_Update"/>
  <testcase name="Tracking_Number_Search" time="5.027" classname="Test_Data_Generation.Tracking_Data_Update"/>
  <testcase name="Tracking_Number_Search" time="1.449" classname="Test_Data_Generation.Tracking_Data_Update"/>
  <testcase name="Tracking_Number_Search" time="1.224" classname="Test_Data_Generation.Tracking_Data_Update"/>
  <testcase name="Tracking_Number_Search" time="0.768" classname="Test_Data_Generation.Tracking_Data_Update"/>
  <testcase name="Tracking_Number_Search" time="5.821" classname="Test_Data_Generation.Tracking_Data_Update"/>
  <testcase name="Tracking_Number_Search" time="1.273" classname="Test_Data_Generation.Tracking_Data_Update"/>
  <testcase name="Tracking_Number_Search" time="5.216" classname="Test_Data_Generation.Tracking_Data_Update"/>
  <testcase name="Tracking_Number_Search" time="1.552" classname="Test_Data_Generation.Tracking_Data_Update"/>
  <testcase name="Tracking_Number_Search" time="1.089" classname="Test_Data_Generation.Tracking_Data_Update"/>
  <testcase name="Tracking_Number_Search" time="1.729" classname="Test_Data_Generation.Tracking_Data_Update"/>
  <testcase name="Tracking_Number_Search" time="1.021" classname="Test_Data_Generation.Tracking_Data_Update"/>
  <testcase name="Tracking_Number_Search" time="1.667" classname="Test_Data_Generation.Tracking_Data_Update"/>
  <testcase name="Tracking_Number_Search" time="1.128" classname="Test_Data_Generation.Tracking_Data_Update"/>
  <testcase name="Tracking_Number_Search" time="1.210" classname="Test_Data_Generation.Tracking_Data_Update"/>
  <testcase name="Tracking_Number_Search" time="0.853" classname="Test_Data_Generation.Tracking_Data_Update"/>
  <testcase name="Tracking_Number_Search" time="1.065" classname="Test_Data_Generation.Tracking_Data_Update"/>
  <testcase name="Tracking_Number_Search" time="0.785" classname="Test_Data_Generation.Tracking_Data_Update"/>
  <testcase name="Tracking_Number_Search" time="0.939" classname="Test_Data_Generation.Tracking_Data_Update"/>
  <testcase name="Tracking_Number_Search" time="3.783" classname="Test_Data_Generation.Tracking_Data_Update"/>
  <testcase name="Tracking_Number_Search" time="1.106" classname="Test_Data_Generation.Tracking_Data_Update"/>
  <testcase name="Tracking_Number_Search" time="1.004" classname="Test_Data_Generation.Tracking_Data_Update"/>
  <testcase name="Tracking_Number_Search" time="2.700" classname="Test_Data_Generation.Tracking_Data_Update"/>
  <testcase name="Tracking_Number_Search" time="1.077" classname="Test_Data_Generation.Tracking_Data_Update"/>
  <testcase name="Tracking_Number_Search" time="1.689" classname="Test_Data_Generation.Tracking_Data_Update"/>
  <testcase name="Tracking_Number_Search" time="1.143" classname="Test_Data_Generation.Tracking_Data_Update"/>
  <testcase name="Tracking_Number_Search" time="0.986" classname="Test_Data_Generation.Tracking_Data_Update"/>
  <testcase name="Tracking_Number_Search" time="1.192" classname="Test_Data_Generation.Tracking_Data_Update"/>
  <testcase name="Tracking_Number_Search" time="1.616" classname="Test_Data_Generation.Tracking_Data_Update"/>
  <testcase name="Tracking_Number_Search" time="1.473" classname="Test_Data_Generation.Tracking_Data_Update"/>
  <testcase name="Tracking_Number_Search" time="1.285" classname="Test_Data_Generation.Tracking_Data_Update"/>
  <testcase name="Tracking_Number_Search" time="1.347" classname="Test_Data_Generation.Tracking_Data_Update"/>
  <testcase name="Tracking_Number_Search" time="1.395" classname="Test_Data_Generation.Tracking_Data_Update"/>
  <testcase name="Tracking_Number_Search" time="0.941" classname="Test_Data_Generation.Tracking_Data_Update"/>
  <testcase name="Tracking_Number_Search" time="1.356" classname="Test_Data_Generation.Tracking_Data_Update"/>
  <testcase name="Tracking_Number_Search" time="1.479" classname="Test_Data_Generation.Tracking_Data_Update"/>
  <testcase name="Tracking_Number_Search" time="1.225" classname="Test_Data_Generation.Tracking_Data_Update"/>
  <testcase name="Tracking_Number_Search" time="5.565" classname="Test_Data_Generation.Tracking_Data_Update"/>
  <testcase name="Tracking_Number_Search" time="1.050" classname="Test_Data_Generation.Tracking_Data_Update"/>
  <testcase name="Tracking_Number_Search" time="1.553" classname="Test_Data_Generation.Tracking_Data_Update"/>
  <testcase name="Tracking_Number_Search" time="1.497" classname="Test_Data_Generation.Tracking_Data_Update"/>
  <testcase name="Tracking_Number_Search" time="1.226" classname="Test_Data_Generation.Tracking_Data_Update"/>
  <testcase name="Tracking_Number_Search" time="1.555" classname="Test_Data_Generation.Tracking_Data_Update"/>
  <testcase name="Tracking_Number_Search" time="0.877" classname="Test_Data_Generation.Tracking_Data_Update"/>
  <testcase name="Tracking_Number_Search" time="5.608" classname="Test_Data_Generation.Tracking_Data_Update"/>
  <testcase name="Tracking_Number_Search" time="1.202" classname="Test_Data_Generation.Tracking_Data_Update"/>
  <testcase name="Tracking_Number_Search" time="1.538" classname="Test_Data_Generation.Tracking_Data_Update"/>
  <testcase name="Tracking_Number_Search" time="1.296" classname="Test_Data_Generation.Tracking_Data_Update"/>
  <testcase name="Tracking_Number_Search" time="1.786" classname="Test_Data_Generation.Tracking_Data_Update"/>
  <testcase name="Tracking_Number_Search" time="0.874" classname="Test_Data_Generation.Tracking_Data_Update"/>
  <testcase name="Tracking_Number_Search" time="1.210" classname="Test_Data_Generation.Tracking_Data_Update"/>
  <testcase name="Tracking_Number_Search" time="0.959" classname="Test_Data_Generation.Tracking_Data_Update"/>
  <testcase name="Tracking_Number_Search" time="1.451" classname="Test_Data_Generation.Tracking_Data_Update"/>
  <testcase name="Tracking_Number_Search" time="4.975" classname="Test_Data_Generation.Tracking_Data_Update"/>
  <testcase name="Tracking_Number_Search" time="1.263" classname="Test_Data_Generation.Tracking_Data_Update"/>
  <testcase name="Tracking_Number_Search" time="2.701" classname="Test_Data_Generation.Tracking_Data_Update"/>
  <testcase name="Tracking_Number_Search" time="0.949" classname="Test_Data_Generation.Tracking_Data_Update"/>
  <testcase name="Tracking_Number_Search" time="0.811" classname="Test_Data_Generation.Tracking_Data_Update"/>
  <testcase name="Tracking_Number_Search" time="2.313" classname="Test_Data_Generation.Tracking_Data_Update"/>
  <testcase name="Tracking_Number_Search" time="1.137" classname="Test_Data_Generation.Tracking_Data_Update"/>
  <testcase name="Tracking_Number_Search" time="1.568" classname="Test_Data_Generation.Tracking_Data_Update"/>
  <testcase name="Tracking_Number_Search" time="0.805" classname="Test_Data_Generation.Tracking_Data_Update"/>
  <testcase name="Tracking_Number_Search" time="0.973" classname="Test_Data_Generation.Tracking_Data_Update"/>
  <testcase name="Tracking_Number_Search" time="1.681" classname="Test_Data_Generation.Tracking_Data_Update"/>
  <testcase name="Tracking_Number_Search" time="4.403" classname="Test_Data_Generation.Tracking_Data_Update"/>
  <testcase name="Tracking_Number_Search" time="1.245" classname="Test_Data_Generation.Tracking_Data_Update"/>
  <testcase name="Tracking_Number_Search" time="1.303" classname="Test_Data_Generation.Tracking_Data_Update"/>
  <testcase name="Tracking_Number_Search" time="1.451" classname="Test_Data_Generation.Tracking_Data_Update"/>
  <testcase name="Tracking_Number_Search" time="1.529" classname="Test_Data_Generation.Tracking_Data_Update"/>
  <testcase name="Tracking_Number_Search" time="2.925" classname="Test_Data_Generation.Tracking_Data_Update"/>
  <testcase name="Tracking_Number_Search" time="1.285" classname="Test_Data_Generation.Tracking_Data_Update"/>
  <testcase name="Tracking_Number_Search" time="2.741" classname="Test_Data_Generation.Tracking_Data_Update"/>
  <testcase name="Tracking_Number_Search" time="1.272" classname="Test_Data_Generation.Tracking_Data_Update"/>
  <testcase name="Tracking_Number_Search" time="1.028" classname="Test_Data_Generation.Tracking_Data_Update"/>
  <testcase name="Tracking_Number_Search" time="1.708" classname="Test_Data_Generation.Tracking_Data_Update"/>
  <testcase name="Tracking_Number_Search" time="1.081" classname="Test_Data_Generation.Tracking_Data_Update"/>
  <testcase name="Tracking_Number_Search" time="1.373" classname="Test_Data_Generation.Tracking_Data_Update"/>
  <testcase name="Tracking_Number_Search" time="1.719" classname="Test_Data_Generation.Tracking_Data_Update"/>
  <testcase name="Tracking_Number_Search" time="1.740" classname="Test_Data_Generation.Tracking_Data_Update"/>
  <testcase name="Tracking_Number_Search" time="1.747" classname="Test_Data_Generation.Tracking_Data_Update"/>
  <testcase name="Tracking_Number_Search" time="1.141" classname="Test_Data_Generation.Tracking_Data_Update"/>
  <testcase name="Tracking_Number_Search" time="2.190" classname="Test_Data_Generation.Tracking_Data_Update"/>
  <testcase name="Tracking_Number_Search" time="1.118" classname="Test_Data_Generation.Tracking_Data_Update"/>
  <testcase name="Tracking_Number_Search" time="0.844" classname="Test_Data_Generation.Tracking_Data_Update"/>
  <testcase name="Tracking_Number_Search" time="1.201" classname="Test_Data_Generation.Tracking_Data_Update"/>
  <testcase name="Tracking_Number_Search" time="1.070" classname="Test_Data_Generation.Tracking_Data_Update"/>
  <testcase name="Tracking_Number_Search" time="2.078" classname="Test_Data_Generation.Tracking_Data_Update"/>
  <testcase name="Tracking_Number_Search" time="0.909" classname="Test_Data_Generation.Tracking_Data_Update"/>
  <testcase name="Tracking_Number_Search" time="1.202" classname="Test_Data_Generation.Tracking_Data_Update"/>
  <testcase name="Tracking_Number_Search" time="1.297" classname="Test_Data_Generation.Tracking_Data_Update"/>
  <testcase name="Tracking_Number_Search" time="1.618" classname="Test_Data_Generation.Tracking_Data_Update"/>
  <testcase name="Tracking_Number_Search" time="0.893" classname="Test_Data_Generation.Tracking_Data_Update"/>
  <testcase name="Tracking_Number_Search" time="1.311" classname="Test_Data_Generation.Tracking_Data_Update"/>
  <testcase name="Tracking_Number_Search" time="0.896" classname="Test_Data_Generation.Tracking_Data_Update"/>
  <testcase name="Tracking_Number_Search" time="1.241" classname="Test_Data_Generation.Tracking_Data_Update"/>
  <testcase name="Tracking_Number_Search" time="1.348" classname="Test_Data_Generation.Tracking_Data_Update"/>
  <testcase name="Tracking_Number_Search" time="3.127" classname="Test_Data_Generation.Tracking_Data_Update"/>
  <testcase name="Tracking_Number_Search" time="2.695" classname="Test_Data_Generation.Tracking_Data_Update"/>
  <testcase name="Tracking_Number_Search" time="1.285" classname="Test_Data_Generation.Tracking_Data_Update"/>
  <testcase name="Tracking_Number_Search" time="1.204" classname="Test_Data_Generation.Tracking_Data_Update"/>
  <testcase name="Tracking_Number_Search" time="1.128" classname="Test_Data_Generation.Tracking_Data_Update"/>
  <testcase name="Tracking_Number_Search" time="1.298" classname="Test_Data_Generation.Tracking_Data_Update"/>
  <testcase name="Tracking_Number_Search" time="1.475" classname="Test_Data_Generation.Tracking_Data_Update"/>
  <testcase name="Tracking_Number_Search" time="1.523" classname="Test_Data_Generation.Tracking_Data_Update"/>
  <testcase name="Tracking_Number_Search" time="1.256" classname="Test_Data_Generation.Tracking_Data_Update"/>
  <testcase name="Tracking_Number_Search" time="0.955" classname="Test_Data_Generation.Tracking_Data_Update"/>
  <testcase name="Tracking_Number_Search" time="1.796" classname="Test_Data_Generation.Tracking_Data_Update"/>
  <testcase name="Tracking_Number_Search" time="1.208" classname="Test_Data_Generation.Tracking_Data_Update"/>
  <testcase name="Tracking_Number_Search" time="1.499" classname="Test_Data_Generation.Tracking_Data_Update"/>
  <testcase name="Tracking_Number_Search" time="1.211" classname="Test_Data_Generation.Tracking_Data_Update"/>
  <testcase name="Tracking_Number_Search" time="1.061" classname="Test_Data_Generation.Tracking_Data_Update"/>
  <testcase name="Tracking_Number_Search" time="0.971" classname="Test_Data_Generation.Tracking_Data_Update"/>
  <testcase name="Tracking_Number_Search" time="1.375" classname="Test_Data_Generation.Tracking_Data_Update"/>
  <testcase name="Tracking_Number_Search" time="1.008" classname="Test_Data_Generation.Tracking_Data_Update"/>
  <testcase name="Tracking_Number_Search" time="0.744" classname="Test_Data_Generation.Tracking_Data_Update"/>
  <testcase name="Tracking_Number_Search" time="6.117" classname="Test_Data_Generation.Tracking_Data_Update"/>
  <testcase name="Tracking_Number_Search" time="2.305" classname="Test_Data_Generation.Tracking_Data_Update"/>
  <testcase name="Tracking_Number_Search" time="1.154" classname="Test_Data_Generation.Tracking_Data_Update"/>
  <testcase name="Tracking_Number_Search" time="2.316" classname="Test_Data_Generation.Tracking_Data_Update"/>
  <testcase name="Tracking_Number_Search" time="4.129" classname="Test_Data_Generation.Tracking_Data_Update"/>
  <testcase name="Tracking_Number_Search" time="1.313" classname="Test_Data_Generation.Tracking_Data_Update"/>
  <testcase name="Tracking_Number_Search" time="2.282" classname="Test_Data_Generation.Tracking_Data_Update"/>
  <testcase name="Tracking_Number_Search" time="1.249" classname="Test_Data_Generation.Tracking_Data_Update"/>
  <testcase name="Tracking_Number_Search" time="1.900" classname="Test_Data_Generation.Tracking_Data_Update"/>
  <testcase name="Tracking_Number_Search" time="1.214" classname="Test_Data_Generation.Tracking_Data_Update"/>
  <testcase name="Tracking_Number_Search" time="1.282" classname="Test_Data_Generation.Tracking_Data_Update"/>
  <testcase name="Tracking_Number_Search" time="1.095" classname="Test_Data_Generation.Tracking_Data_Update"/>
  <testcase name="Tracking_Number_Search" time="1.373" classname="Test_Data_Generation.Tracking_Data_Update"/>
  <testcase name="Tracking_Number_Search" time="0.852" classname="Test_Data_Generation.Tracking_Data_Update"/>
  <testcase name="Tracking_Number_Search" time="1.390" classname="Test_Data_Generation.Tracking_Data_Update"/>
  <testcase name="Tracking_Number_Search" time="1.461" classname="Test_Data_Generation.Tracking_Data_Update"/>
  <testcase name="Tracking_Number_Search" time="1.115" classname="Test_Data_Generation.Tracking_Data_Update"/>
  <testcase name="Tracking_Number_Search" time="1.433" classname="Test_Data_Generation.Tracking_Data_Update"/>
  <testcase name="Tracking_Number_Search" time="2.628" classname="Test_Data_Generation.Tracking_Data_Update"/>
  <testcase name="Tracking_Number_Search" time="1.502" classname="Test_Data_Generation.Tracking_Data_Update"/>
  <testcase name="Tracking_Number_Search" time="1.349" classname="Test_Data_Generation.Tracking_Data_Update"/>
  <testcase name="Tracking_Number_Search" time="0.822" classname="Test_Data_Generation.Tracking_Data_Update"/>
  <testcase name="Tracking_Number_Search" time="1.867" classname="Test_Data_Generation.Tracking_Data_Update"/>
  <testcase name="Tracking_Number_Search" time="0.881" classname="Test_Data_Generation.Tracking_Data_Update"/>
  <testcase name="Tracking_Number_Search" time="4.033" classname="Test_Data_Generation.Tracking_Data_Update"/>
  <testcase name="Tracking_Number_Search" time="1.610" classname="Test_Data_Generation.Tracking_Data_Update"/>
  <testcase name="Tracking_Number_Search" time="0.769" classname="Test_Data_Generation.Tracking_Data_Update"/>
  <testcase name="Tracking_Number_Search" time="1.055" classname="Test_Data_Generation.Tracking_Data_Update"/>
  <testcase name="Tracking_Number_Search" time="1.191" classname="Test_Data_Generation.Tracking_Data_Update"/>
  <testcase name="Tracking_Number_Search" time="1.328" classname="Test_Data_Generation.Tracking_Data_Update"/>
  <testcase name="Tracking_Number_Search" time="0.991" classname="Test_Data_Generation.Tracking_Data_Update"/>
  <testcase name="Tracking_Number_Search" time="1.121" classname="Test_Data_Generation.Tracking_Data_Update"/>
  <testcase name="Tracking_Number_Search" time="1.449" classname="Test_Data_Generation.Tracking_Data_Update"/>
  <testcase name="Tracking_Number_Search" time="0.829" classname="Test_Data_Generation.Tracking_Data_Update"/>
  <testcase name="Tracking_Number_Search" time="1.018" classname="Test_Data_Generation.Tracking_Data_Update"/>
  <testcase name="Tracking_Number_Search" time="5.167" classname="Test_Data_Generation.Tracking_Data_Update"/>
  <testcase name="Tracking_Number_Search" time="2.060" classname="Test_Data_Generation.Tracking_Data_Update"/>
  <testcase name="Tracking_Number_Search" time="1.445" classname="Test_Data_Generation.Tracking_Data_Update"/>
  <testcase name="Tracking_Number_Search" time="1.387" classname="Test_Data_Generation.Tracking_Data_Update"/>
  <testcase name="Tracking_Number_Search" time="1.083" classname="Test_Data_Generation.Tracking_Data_Update"/>
  <testcase name="Tracking_Number_Search" time="0.931" classname="Test_Data_Generation.Tracking_Data_Update"/>
  <testcase name="Tracking_Number_Search" time="1.170" classname="Test_Data_Generation.Tracking_Data_Update"/>
  <testcase name="Tracking_Number_Search" time="1.423" classname="Test_Data_Generation.Tracking_Data_Update"/>
  <testcase name="Tracking_Number_Search" time="2.218" classname="Test_Data_Generation.Tracking_Data_Update"/>
  <testcase name="Tracking_Number_Search" time="1.979" classname="Test_Data_Generation.Tracking_Data_Update"/>
  <testcase name="Tracking_Number_Search" time="5.216" classname="Test_Data_Generation.Tracking_Data_Update"/>
  <testcase name="Tracking_Number_Search" time="0.864" classname="Test_Data_Generation.Tracking_Data_Update"/>
  <testcase name="Tracking_Number_Search" time="1.296" classname="Test_Data_Generation.Tracking_Data_Update"/>
  <testcase name="Tracking_Number_Search" time="6.099" classname="Test_Data_Generation.Tracking_Data_Update"/>
  <testcase name="Tracking_Number_Search" time="1.418" classname="Test_Data_Generation.Tracking_Data_Update"/>
  <testcase name="Tracking_Number_Search" time="6.400" classname="Test_Data_Generation.Tracking_Data_Update"/>
  <testcase name="Tracking_Number_Search" time="0.859" classname="Test_Data_Generation.Tracking_Data_Update"/>
  <testcase name="Tracking_Number_Search" time="1.412" classname="Test_Data_Generation.Tracking_Data_Update"/>
  <testcase name="Tracking_Number_Search" time="1.511" classname="Test_Data_Generation.Tracking_Data_Update"/>
  <testcase name="Tracking_Number_Search" time="0.825" classname="Test_Data_Generation.Tracking_Data_Update"/>
  <testcase name="Tracking_Number_Search" time="1.175" classname="Test_Data_Generation.Tracking_Data_Update"/>
  <testcase name="Tracking_Number_Search" time="5.381" classname="Test_Data_Generation.Tracking_Data_Update"/>
  <testcase name="Tracking_Number_Search" time="0.904" classname="Test_Data_Generation.Tracking_Data_Update"/>
  <testcase name="Tracking_Number_Search" time="1.464" classname="Test_Data_Generation.Tracking_Data_Update"/>
  <testcase name="Tracking_Number_Search" time="1.230" classname="Test_Data_Generation.Tracking_Data_Update"/>
  <testcase name="Tracking_Number_Search" time="1.590" classname="Test_Data_Generation.Tracking_Data_Update"/>
  <testcase name="Tracking_Number_Search" time="1.233" classname="Test_Data_Generation.Tracking_Data_Update"/>
  <testcase name="Tracking_Number_Search" time="1.689" classname="Test_Data_Generation.Tracking_Data_Update"/>
  <testcase name="Tracking_Number_Search" time="1.217" classname="Test_Data_Generation.Tracking_Data_Update"/>
  <testcase name="Tracking_Number_Search" time="1.214" classname="Test_Data_Generation.Tracking_Data_Update"/>
  <testcase name="Tracking_Number_Search" time="0.876" classname="Test_Data_Generation.Tracking_Data_Update"/>
  <testcase name="Tracking_Number_Search" time="3.485" classname="Test_Data_Generation.Tracking_Data_Update"/>
  <testcase name="Tracking_Number_Search" time="1.087" classname="Test_Data_Generation.Tracking_Data_Update"/>
  <testcase name="Tracking_Number_Search" time="2.216" classname="Test_Data_Generation.Tracking_Data_Update"/>
  <testcase name="Tracking_Number_Search" time="5.371" classname="Test_Data_Generation.Tracking_Data_Update"/>
  <testcase name="Tracking_Number_Search" time="1.655" classname="Test_Data_Generation.Tracking_Data_Update"/>
  <testcase name="Tracking_Number_Search" time="4.877" classname="Test_Data_Generation.Tracking_Data_Update"/>
  <testcase name="Tracking_Number_Search" time="1.054" classname="Test_Data_Generation.Tracking_Data_Update"/>
  <testcase name="Tracking_Number_Search" time="1.324" classname="Test_Data_Generation.Tracking_Data_Update"/>
  <testcase name="Tracking_Number_Search" time="1.612" classname="Test_Data_Generation.Tracking_Data_Update"/>
  <testcase name="Tracking_Number_Search" time="0.879" classname="Test_Data_Generation.Tracking_Data_Update"/>
  <testcase name="Tracking_Number_Search" time="1.215" classname="Test_Data_Generation.Tracking_Data_Update"/>
  <testcase name="Tracking_Number_Search" time="1.688" classname="Test_Data_Generation.Tracking_Data_Update"/>
  <testcase name="Tracking_Number_Search" time="1.527" classname="Test_Data_Generation.Tracking_Data_Update"/>
  <testcase name="Tracking_Number_Search" time="0.811" classname="Test_Data_Generation.Tracking_Data_Update"/>
  <testcase name="Tracking_Number_Search" time="1.381" classname="Test_Data_Generation.Tracking_Data_Update"/>
  <testcase name="Tracking_Number_Search" time="0.992" classname="Test_Data_Generation.Tracking_Data_Update"/>
  <testcase name="Tracking_Number_Search" time="1.963" classname="Test_Data_Generation.Tracking_Data_Update"/>
  <testcase name="Tracking_Number_Search" time="1.140" classname="Test_Data_Generation.Tracking_Data_Update"/>
  <testcase name="Tracking_Number_Search" time="1.151" classname="Test_Data_Generation.Tracking_Data_Update"/>
  <testcase name="Tracking_Number_Search" time="1.810" classname="Test_Data_Generation.Tracking_Data_Update"/>
  <testcase name="Tracking_Number_Search" time="1.803" classname="Test_Data_Generation.Tracking_Data_Update"/>
  <testcase name="Tracking_Number_Search" time="1.461" classname="Test_Data_Generation.Tracking_Data_Update"/>
  <testcase name="Tracking_Number_Search" time="1.103" classname="Test_Data_Generation.Tracking_Data_Update"/>
  <testcase name="Tracking_Number_Search" time="1.944" classname="Test_Data_Generation.Tracking_Data_Update"/>
  <testcase name="Tracking_Number_Search" time="1.396" classname="Test_Data_Generation.Tracking_Data_Update"/>
  <testcase name="Tracking_Number_Search" time="0.840" classname="Test_Data_Generation.Tracking_Data_Update"/>
  <testcase name="Tracking_Number_Search" time="1.138" classname="Test_Data_Generation.Tracking_Data_Update"/>
  <testcase name="Tracking_Number_Search" time="1.151" classname="Test_Data_Generation.Tracking_Data_Update"/>
  <testcase name="Tracking_Number_Search" time="1.490" classname="Test_Data_Generation.Tracking_Data_Update"/>
  <testcase name="Tracking_Number_Search" time="2.139" classname="Test_Data_Generation.Tracking_Data_Update"/>
  <testcase name="Tracking_Number_Search" time="1.143" classname="Test_Data_Generation.Tracking_Data_Update"/>
  <testcase name="Tracking_Number_Search" time="1.592" classname="Test_Data_Generation.Tracking_Data_Update"/>
  <testcase name="Tracking_Number_Search" time="1.812" classname="Test_Data_Generation.Tracking_Data_Update"/>
  <testcase name="Tracking_Number_Search" time="1.236" classname="Test_Data_Generation.Tracking_Data_Update"/>
  <testcase name="Tracking_Number_Search" time="1.835" classname="Test_Data_Generation.Tracking_Data_Update"/>
  <testcase name="Tracking_Number_Search" time="1.253" classname="Test_Data_Generation.Tracking_Data_Update"/>
  <testcase name="Tracking_Number_Search" time="0.986" classname="Test_Data_Generation.Tracking_Data_Update"/>
  <testcase name="Tracking_Number_Search" time="1.106" classname="Test_Data_Generation.Tracking_Data_Update"/>
  <testcase name="Tracking_Number_Search" time="1.184" classname="Test_Data_Generation.Tracking_Data_Update"/>
  <testcase name="Tracking_Number_Search" time="2.015" classname="Test_Data_Generation.Tracking_Data_Update"/>
  <testcase name="Tracking_Number_Search" time="0.872" classname="Test_Data_Generation.Tracking_Data_Update"/>
  <testcase name="Tracking_Number_Search" time="1.525" classname="Test_Data_Generation.Tracking_Data_Update"/>
  <testcase name="Tracking_Number_Search" time="0.769" classname="Test_Data_Generation.Tracking_Data_Update"/>
  <testcase name="Tracking_Number_Search" time="1.492" classname="Test_Data_Generation.Tracking_Data_Update"/>
  <testcase name="Tracking_Number_Search" time="1.233" classname="Test_Data_Generation.Tracking_Data_Update"/>
  <testcase name="Tracking_Number_Search" time="1.399" classname="Test_Data_Generation.Tracking_Data_Update"/>
  <testcase name="Tracking_Number_Search" time="5.186" classname="Test_Data_Generation.Tracking_Data_Update"/>
  <testcase name="Tracking_Number_Search" time="0.996" classname="Test_Data_Generation.Tracking_Data_Update"/>
  <testcase name="Tracking_Number_Search" time="1.700" classname="Test_Data_Generation.Tracking_Data_Update"/>
  <testcase name="Tracking_Number_Search" time="1.060" classname="Test_Data_Generation.Tracking_Data_Update"/>
  <testcase name="Tracking_Number_Search" time="0.980" classname="Test_Data_Generation.Tracking_Data_Update"/>
  <testcase name="Tracking_Number_Search" time="1.215" classname="Test_Data_Generation.Tracking_Data_Update"/>
  <testcase name="Tracking_Number_Search" time="1.464" classname="Test_Data_Generation.Tracking_Data_Update"/>
  <testcase name="Tracking_Number_Search" time="0.798" classname="Test_Data_Generation.Tracking_Data_Update"/>
  <testcase name="Tracking_Number_Search" time="1.160" classname="Test_Data_Generation.Tracking_Data_Update"/>
  <testcase name="Tracking_Number_Search" time="1.168" classname="Test_Data_Generation.Tracking_Data_Update"/>
  <testcase name="Tracking_Number_Search" time="1.186" classname="Test_Data_Generation.Tracking_Data_Update"/>
  <testcase name="Tracking_Number_Search" time="1.628" classname="Test_Data_Generation.Tracking_Data_Update"/>
  <testcase name="Tracking_Number_Search" time="0.801" classname="Test_Data_Generation.Tracking_Data_Update"/>
  <testcase name="Tracking_Number_Search" time="1.229" classname="Test_Data_Generation.Tracking_Data_Update"/>
  <testcase name="Tracking_Number_Search" time="4.256" classname="Test_Data_Generation.Tracking_Data_Update"/>
  <testcase name="Tracking_Number_Search" time="0.837" classname="Test_Data_Generation.Tracking_Data_Update"/>
  <testcase name="Tracking_Number_Search" time="2.217" classname="Test_Data_Generation.Tracking_Data_Update"/>
  <testcase name="Tracking_Number_Search" time="0.944" classname="Test_Data_Generation.Tracking_Data_Update"/>
  <testcase name="Tracking_Number_Search" time="1.129" classname="Test_Data_Generation.Tracking_Data_Update"/>
  <testcase name="Tracking_Number_Search" time="1.568" classname="Test_Data_Generation.Tracking_Data_Update"/>
  <testcase name="Tracking_Number_Search" time="1.133" classname="Test_Data_Generation.Tracking_Data_Update"/>
  <testcase name="Tracking_Number_Search" time="1.729" classname="Test_Data_Generation.Tracking_Data_Update"/>
  <testcase name="Tracking_Number_Search" time="1.557" classname="Test_Data_Generation.Tracking_Data_Update"/>
  <testcase name="Tracking_Number_Search" time="1.640" classname="Test_Data_Generation.Tracking_Data_Update"/>
  <testcase name="Tracking_Number_Search" time="1.898" classname="Test_Data_Generation.Tracking_Data_Update"/>
  <testcase name="Tracking_Number_Search" time="1.547" classname="Test_Data_Generation.Tracking_Data_Update"/>
  <testcase name="Tracking_Number_Search" time="1.538" classname="Test_Data_Generation.Tracking_Data_Update"/>
  <testcase name="Tracking_Number_Search" time="4.271" classname="Test_Data_Generation.Tracking_Data_Update"/>
  <testcase name="Tracking_Number_Search" time="1.185" classname="Test_Data_Generation.Tracking_Data_Update"/>
  <testcase name="Tracking_Number_Search" time="1.835" classname="Test_Data_Generation.Tracking_Data_Update"/>
  <testcase name="Tracking_Number_Search" time="1.963" classname="Test_Data_Generation.Tracking_Data_Update"/>
  <testcase name="Tracking_Number_Search" time="1.094" classname="Test_Data_Generation.Tracking_Data_Update"/>
  <testcase name="Tracking_Number_Search" time="1.397" classname="Test_Data_Generation.Tracking_Data_Update"/>
  <testcase name="Tracking_Number_Search" time="0.793" classname="Test_Data_Generation.Tracking_Data_Update"/>
  <testcase name="Tracking_Number_Search" time="1.102" classname="Test_Data_Generation.Tracking_Data_Update"/>
  <testcase name="Tracking_Number_Search" time="1.028" classname="Test_Data_Generation.Tracking_Data_Update"/>
  <testcase name="Tracking_Number_Search" time="1.371" classname="Test_Data_Generation.Tracking_Data_Update"/>
  <testcase name="Tracking_Number_Search" time="1.841" classname="Test_Data_Generation.Tracking_Data_Update"/>
  <testcase name="Tracking_Number_Search" time="1.227" classname="Test_Data_Generation.Tracking_Data_Update"/>
  <testcase name="Tracking_Number_Search" time="1.318" classname="Test_Data_Generation.Tracking_Data_Update"/>
  <testcase name="Tracking_Number_Search" time="1.703" classname="Test_Data_Generation.Tracking_Data_Update"/>
  <testcase name="Tracking_Number_Search" time="0.796" classname="Test_Data_Generation.Tracking_Data_Update"/>
  <testcase name="Tracking_Number_Search" time="4.114" classname="Test_Data_Generation.Tracking_Data_Update"/>
  <testcase name="Tracking_Number_Search" time="1.310" classname="Test_Data_Generation.Tracking_Data_Update"/>
  <testcase name="Tracking_Number_Search" time="1.337" classname="Test_Data_Generation.Tracking_Data_Update"/>
  <testcase name="Tracking_Number_Search" time="1.337" classname="Test_Data_Generation.Tracking_Data_Update"/>
  <testcase name="Tracking_Number_Search" time="0.994" classname="Test_Data_Generation.Tracking_Data_Update"/>
  <testcase name="Tracking_Number_Search" time="1.144" classname="Test_Data_Generation.Tracking_Data_Update"/>
  <testcase name="Tracking_Number_Search" time="1.279" classname="Test_Data_Generation.Tracking_Data_Update"/>
  <testcase name="Tracking_Number_Search" time="0.936" classname="Test_Data_Generation.Tracking_Data_Update"/>
  <testcase name="Tracking_Number_Search" time="0.912" classname="Test_Data_Generation.Tracking_Data_Update"/>
  <testcase name="Tracking_Number_Search" time="1.262" classname="Test_Data_Generation.Tracking_Data_Update"/>
  <testcase name="Tracking_Number_Search" time="2.086" classname="Test_Data_Generation.Tracking_Data_Update"/>
  <testcase name="Tracking_Number_Search" time="0.998" classname="Test_Data_Generation.Tracking_Data_Update"/>
  <testcase name="Tracking_Number_Search" time="0.994" classname="Test_Data_Generation.Tracking_Data_Update"/>
  <testcase name="Tracking_Number_Search" time="2.813" classname="Test_Data_Generation.Tracking_Data_Update"/>
  <testcase name="Tracking_Number_Search" time="1.619" classname="Test_Data_Generation.Tracking_Data_Update"/>
  <testcase name="Tracking_Number_Search" time="1.206" classname="Test_Data_Generation.Tracking_Data_Update"/>
  <testcase name="Tracking_Number_Search" time="0.953" classname="Test_Data_Generation.Tracking_Data_Update"/>
  <testcase name="Tracking_Number_Search" time="1.407" classname="Test_Data_Generation.Tracking_Data_Update"/>
  <testcase name="Tracking_Number_Search" time="0.914" classname="Test_Data_Generation.Tracking_Data_Update"/>
  <testcase name="Tracking_Number_Search" time="1.146" classname="Test_Data_Generation.Tracking_Data_Update"/>
  <testcase name="Tracking_Number_Search" time="1.030" classname="Test_Data_Generation.Tracking_Data_Update"/>
  <testcase name="Tracking_Number_Search" time="1.772" classname="Test_Data_Generation.Tracking_Data_Update"/>
  <testcase name="Tracking_Number_Search" time="0.994" classname="Test_Data_Generation.Tracking_Data_Update"/>
  <testcase name="Tracking_Number_Search" time="1.258" classname="Test_Data_Generation.Tracking_Data_Update"/>
  <testcase name="Tracking_Number_Search" time="1.101" classname="Test_Data_Generation.Tracking_Data_Update"/>
  <testcase name="Tracking_Number_Search" time="2.035" classname="Test_Data_Generation.Tracking_Data_Update"/>
  <testcase name="Tracking_Number_Search" time="1.390" classname="Test_Data_Generation.Tracking_Data_Update"/>
  <testcase name="Tracking_Number_Search" time="2.255" classname="Test_Data_Generation.Tracking_Data_Update"/>
  <testcase name="Tracking_Number_Search" time="1.707" classname="Test_Data_Generation.Tracking_Data_Update"/>
  <testcase name="Tracking_Number_Search" time="1.338" classname="Test_Data_Generation.Tracking_Data_Update"/>
  <testcase name="Tracking_Number_Search" time="1.186" classname="Test_Data_Generation.Tracking_Data_Update"/>
  <testcase name="Tracking_Number_Search" time="0.974" classname="Test_Data_Generation.Tracking_Data_Update"/>
  <testcase name="Tracking_Number_Search" time="1.317" classname="Test_Data_Generation.Tracking_Data_Update"/>
  <testcase name="Tracking_Number_Search" time="1.202" classname="Test_Data_Generation.Tracking_Data_Update"/>
  <testcase name="Tracking_Number_Search" time="0.999" classname="Test_Data_Generation.Tracking_Data_Update"/>
  <testcase name="Tracking_Number_Search" time="0.841" classname="Test_Data_Generation.Tracking_Data_Update"/>
  <testcase name="Tracking_Number_Search" time="1.044" classname="Test_Data_Generation.Tracking_Data_Update"/>
  <testcase name="Tracking_Number_Search" time="1.452" classname="Test_Data_Generation.Tracking_Data_Update"/>
  <testcase name="Tracking_Number_Search" time="1.322" classname="Test_Data_Generation.Tracking_Data_Update"/>
  <testcase name="Tracking_Number_Search" time="1.826" classname="Test_Data_Generation.Tracking_Data_Update"/>
  <testcase name="Tracking_Number_Search" time="2.074" classname="Test_Data_Generation.Tracking_Data_Update"/>
  <testcase name="Tracking_Number_Search" time="0.870" classname="Test_Data_Generation.Tracking_Data_Update"/>
  <testcase name="Tracking_Number_Search" time="0.796" classname="Test_Data_Generation.Tracking_Data_Update"/>
  <testcase name="Tracking_Number_Search" time="1.227" classname="Test_Data_Generation.Tracking_Data_Update"/>
  <testcase name="Tracking_Number_Search" time="1.490" classname="Test_Data_Generation.Tracking_Data_Update"/>
  <testcase name="Tracking_Number_Search" time="1.730" classname="Test_Data_Generation.Tracking_Data_Update"/>
  <testcase name="Tracking_Number_Search" time="0.943" classname="Test_Data_Generation.Tracking_Data_Update"/>
  <testcase name="Tracking_Number_Search" time="0.910" classname="Test_Data_Generation.Tracking_Data_Update"/>
  <testcase name="Tracking_Number_Search" time="1.211" classname="Test_Data_Generation.Tracking_Data_Update"/>
  <testcase name="Tracking_Number_Search" time="3.288" classname="Test_Data_Generation.Tracking_Data_Update"/>
  <testcase name="Tracking_Number_Search" time="1.034" classname="Test_Data_Generation.Tracking_Data_Update"/>
  <testcase name="Tracking_Number_Search" time="1.055" classname="Test_Data_Generation.Tracking_Data_Update"/>
  <testcase name="Tracking_Number_Search" time="1.399" classname="Test_Data_Generation.Tracking_Data_Update"/>
  <testcase name="Tracking_Number_Search" time="1.877" classname="Test_Data_Generation.Tracking_Data_Update"/>
  <testcase name="Tracking_Number_Search" time="1.347" classname="Test_Data_Generation.Tracking_Data_Update"/>
  <testcase name="Tracking_Number_Search" time="0.977" classname="Test_Data_Generation.Tracking_Data_Update"/>
  <testcase name="Tracking_Number_Search" time="2.128" classname="Test_Data_Generation.Tracking_Data_Update"/>
  <testcase name="Tracking_Number_Search" time="1.539" classname="Test_Data_Generation.Tracking_Data_Update"/>
  <testcase name="Tracking_Number_Search" time="5.061" classname="Test_Data_Generation.Tracking_Data_Update"/>
  <testcase name="Tracking_Number_Search" time="2.000" classname="Test_Data_Generation.Tracking_Data_Update"/>
  <testcase name="Tracking_Number_Search" time="0.770" classname="Test_Data_Generation.Tracking_Data_Update"/>
  <testcase name="Tracking_Number_Search" time="1.576" classname="Test_Data_Generation.Tracking_Data_Update"/>
  <testcase name="Tracking_Number_Search" time="1.371" classname="Test_Data_Generation.Tracking_Data_Update"/>
  <testcase name="Tracking_Number_Search" time="0.958" classname="Test_Data_Generation.Tracking_Data_Update"/>
  <testcase name="Tracking_Number_Search" time="0.831" classname="Test_Data_Generation.Tracking_Data_Update"/>
  <testcase name="Tracking_Number_Search" time="1.278" classname="Test_Data_Generation.Tracking_Data_Update"/>
  <testcase name="Tracking_Number_Search" time="1.557" classname="Test_Data_Generation.Tracking_Data_Update"/>
  <testcase name="Tracking_Number_Search" time="1.674" classname="Test_Data_Generation.Tracking_Data_Update"/>
  <testcase name="Tracking_Number_Search" time="1.453" classname="Test_Data_Generation.Tracking_Data_Update"/>
  <testcase name="Tracking_Number_Search" time="0.946" classname="Test_Data_Generation.Tracking_Data_Update"/>
  <testcase name="Tracking_Number_Search" time="1.258" classname="Test_Data_Generation.Tracking_Data_Update"/>
  <testcase name="Tracking_Number_Search" time="1.231" classname="Test_Data_Generation.Tracking_Data_Update"/>
  <testcase name="Tracking_Number_Search" time="1.137" classname="Test_Data_Generation.Tracking_Data_Update"/>
  <testcase name="Tracking_Number_Search" time="1.016" classname="Test_Data_Generation.Tracking_Data_Update"/>
  <testcase name="Tracking_Number_Search" time="0.883" classname="Test_Data_Generation.Tracking_Data_Update"/>
  <testcase name="Tracking_Number_Search" time="4.320" classname="Test_Data_Generation.Tracking_Data_Update"/>
  <testcase name="Tracking_Number_Search" time="1.981" classname="Test_Data_Generation.Tracking_Data_Update"/>
  <testcase name="Tracking_Number_Search" time="1.349" classname="Test_Data_Generation.Tracking_Data_Update"/>
  <testcase name="Tracking_Number_Search" time="1.311" classname="Test_Data_Generation.Tracking_Data_Update"/>
  <testcase name="Tracking_Number_Search" time="1.171" classname="Test_Data_Generation.Tracking_Data_Update"/>
  <testcase name="Tracking_Number_Search" time="1.240" classname="Test_Data_Generation.Tracking_Data_Update"/>
  <testcase name="Tracking_Number_Search" time="2.489" classname="Test_Data_Generation.Tracking_Data_Update"/>
  <testcase name="Tracking_Number_Search" time="1.454" classname="Test_Data_Generation.Tracking_Data_Update"/>
  <testcase name="Tracking_Number_Search" time="1.194" classname="Test_Data_Generation.Tracking_Data_Update"/>
  <testcase name="Tracking_Number_Search" time="0.898" classname="Test_Data_Generation.Tracking_Data_Update"/>
  <testcase name="Tracking_Number_Search" time="2.000" classname="Test_Data_Generation.Tracking_Data_Update"/>
  <testcase name="Tracking_Number_Search" time="0.951" classname="Test_Data_Generation.Tracking_Data_Update"/>
  <testcase name="Tracking_Number_Search" time="1.229" classname="Test_Data_Generation.Tracking_Data_Update"/>
  <testcase name="Tracking_Number_Search" time="1.272" classname="Test_Data_Generation.Tracking_Data_Update"/>
  <testcase name="Tracking_Number_Search" time="1.443" classname="Test_Data_Generation.Tracking_Data_Update"/>
  <testcase name="Tracking_Number_Search" time="1.418" classname="Test_Data_Generation.Tracking_Data_Update"/>
  <testcase name="Tracking_Number_Search" time="1.749" classname="Test_Data_Generation.Tracking_Data_Update"/>
  <testcase name="Tracking_Number_Search" time="0.996" classname="Test_Data_Generation.Tracking_Data_Update"/>
  <testcase name="Tracking_Number_Search" time="1.171" classname="Test_Data_Generation.Tracking_Data_Update"/>
  <testcase name="Tracking_Number_Search" time="1.158" classname="Test_Data_Generation.Tracking_Data_Update"/>
  <testcase name="Tracking_Number_Search" time="1.136" classname="Test_Data_Generation.Tracking_Data_Update"/>
  <testcase name="Tracking_Number_Search" time="1.136" classname="Test_Data_Generation.Tracking_Data_Update"/>
  <testcase name="Tracking_Number_Search" time="0.790" classname="Test_Data_Generation.Tracking_Data_Update"/>
  <testcase name="Tracking_Number_Search" time="1.019" classname="Test_Data_Generation.Tracking_Data_Update"/>
  <testcase name="Tracking_Number_Search" time="1.105" classname="Test_Data_Generation.Tracking_Data_Update"/>
  <testcase name="Tracking_Number_Search" time="1.130" classname="Test_Data_Generation.Tracking_Data_Update"/>
  <testcase name="Tracking_Number_Search" time="1.062" classname="Test_Data_Generation.Tracking_Data_Update"/>
  <testcase name="Tracking_Number_Search" time="1.099" classname="Test_Data_Generation.Tracking_Data_Update"/>
  <testcase name="Tracking_Number_Search" time="1.173" classname="Test_Data_Generation.Tracking_Data_Update"/>
  <testcase name="Tracking_Number_Search" time="1.296" classname="Test_Data_Generation.Tracking_Data_Update"/>
  <testcase name="Tracking_Number_Search" time="1.417" classname="Test_Data_Generation.Tracking_Data_Update"/>
  <testcase name="Tracking_Number_Search" time="1.139" classname="Test_Data_Generation.Tracking_Data_Update"/>
  <testcase name="Tracking_Number_Search" time="1.028" classname="Test_Data_Generation.Tracking_Data_Update"/>
  <testcase name="Tracking_Number_Search" time="1.312" classname="Test_Data_Generation.Tracking_Data_Update"/>
  <testcase name="Tracking_Number_Search" time="1.057" classname="Test_Data_Generation.Tracking_Data_Update"/>
  <testcase name="Tracking_Number_Search" time="1.155" classname="Test_Data_Generation.Tracking_Data_Update"/>
  <testcase name="Tracking_Number_Search" time="1.636" classname="Test_Data_Generation.Tracking_Data_Update"/>
  <testcase name="Tracking_Number_Search" time="1.455" classname="Test_Data_Generation.Tracking_Data_Update"/>
  <testcase name="Tracking_Number_Search" time="0.798" classname="Test_Data_Generation.Tracking_Data_Update"/>
  <testcase name="Tracking_Number_Search" time="1.464" classname="Test_Data_Generation.Tracking_Data_Update"/>
  <testcase name="Tracking_Number_Search" time="1.698" classname="Test_Data_Generation.Tracking_Data_Update"/>
  <testcase name="Tracking_Number_Search" time="1.216" classname="Test_Data_Generation.Tracking_Data_Update"/>
  <testcase name="Tracking_Number_Search" time="0.903" classname="Test_Data_Generation.Tracking_Data_Update"/>
  <testcase name="Tracking_Number_Search" time="1.383" classname="Test_Data_Generation.Tracking_Data_Update"/>
  <testcase name="Tracking_Number_Search" time="1.382" classname="Test_Data_Generation.Tracking_Data_Update"/>
  <testcase name="Tracking_Number_Search" time="1.361" classname="Test_Data_Generation.Tracking_Data_Update"/>
  <testcase name="Tracking_Number_Search" time="1.149" classname="Test_Data_Generation.Tracking_Data_Update"/>
  <testcase name="Tracking_Number_Search" time="1.090" classname="Test_Data_Generation.Tracking_Data_Update"/>
  <testcase name="Tracking_Number_Search" time="1.218" classname="Test_Data_Generation.Tracking_Data_Update"/>
  <testcase name="Tracking_Number_Search" time="1.525" classname="Test_Data_Generation.Tracking_Data_Update"/>
  <testcase name="Tracking_Number_Search" time="6.202" classname="Test_Data_Generation.Tracking_Data_Update"/>
  <testcase name="Tracking_Number_Search" time="1.152" classname="Test_Data_Generation.Tracking_Data_Update"/>
  <testcase name="Tracking_Number_Search" time="1.694" classname="Test_Data_Generation.Tracking_Data_Update"/>
  <testcase name="Tracking_Number_Search" time="1.068" classname="Test_Data_Generation.Tracking_Data_Update"/>
  <testcase name="Tracking_Number_Search" time="1.144" classname="Test_Data_Generation.Tracking_Data_Update"/>
  <testcase name="Tracking_Number_Search" time="1.891" classname="Test_Data_Generation.Tracking_Data_Update"/>
  <testcase name="Tracking_Number_Search" time="1.826" classname="Test_Data_Generation.Tracking_Data_Update"/>
  <testcase name="Tracking_Number_Search" time="0.939" classname="Test_Data_Generation.Tracking_Data_Update"/>
  <testcase name="Tracking_Number_Search" time="1.293" classname="Test_Data_Generation.Tracking_Data_Update"/>
  <testcase name="Tracking_Number_Search" time="3.110" classname="Test_Data_Generation.Tracking_Data_Update"/>
  <testcase name="Tracking_Number_Search" time="1.322" classname="Test_Data_Generation.Tracking_Data_Update"/>
  <testcase name="Tracking_Number_Search" time="2.366" classname="Test_Data_Generation.Tracking_Data_Update"/>
  <testcase name="Tracking_Number_Search" time="1.113" classname="Test_Data_Generation.Tracking_Data_Update"/>
  <testcase name="Tracking_Number_Search" time="1.323" classname="Test_Data_Generation.Tracking_Data_Update"/>
  <testcase name="Tracking_Number_Search" time="1.094" classname="Test_Data_Generation.Tracking_Data_Update"/>
  <testcase name="Tracking_Number_Search" time="1.721" classname="Test_Data_Generation.Tracking_Data_Update"/>
  <testcase name="Tracking_Number_Search" time="1.101" classname="Test_Data_Generation.Tracking_Data_Update"/>
  <testcase name="Tracking_Number_Search" time="5.040" classname="Test_Data_Generation.Tracking_Data_Update"/>
  <testcase name="Tracking_Number_Search" time="4.932" classname="Test_Data_Generation.Tracking_Data_Update"/>
  <testcase name="Tracking_Number_Search" time="0.978" classname="Test_Data_Generation.Tracking_Data_Update"/>
  <testcase name="Tracking_Number_Search" time="1.104" classname="Test_Data_Generation.Tracking_Data_Update"/>
  <testcase name="Tracking_Number_Search" time="0.945" classname="Test_Data_Generation.Tracking_Data_Update"/>
  <testcase name="Tracking_Number_Search" time="1.507" classname="Test_Data_Generation.Tracking_Data_Update"/>
  <testcase name="Tracking_Number_Search" time="1.215" classname="Test_Data_Generation.Tracking_Data_Update"/>
  <testcase name="Tracking_Number_Search" time="1.054" classname="Test_Data_Generation.Tracking_Data_Update"/>
  <testcase name="Tracking_Number_Search" time="1.400" classname="Test_Data_Generation.Tracking_Data_Update"/>
  <testcase name="Tracking_Number_Search" time="1.420" classname="Test_Data_Generation.Tracking_Data_Update"/>
  <testcase name="Tracking_Number_Search" time="1.106" classname="Test_Data_Generation.Tracking_Data_Update"/>
  <testcase name="Tracking_Number_Search" time="2.039" classname="Test_Data_Generation.Tracking_Data_Update"/>
  <testcase name="Tracking_Number_Search" time="1.250" classname="Test_Data_Generation.Tracking_Data_Update"/>
  <testcase name="Tracking_Number_Search" time="1.039" classname="Test_Data_Generation.Tracking_Data_Update"/>
  <testcase name="Tracking_Number_Search" time="1.361" classname="Test_Data_Generation.Tracking_Data_Update"/>
  <testcase name="Tracking_Number_Search" time="2.736" classname="Test_Data_Generation.Tracking_Data_Update"/>
  <testcase name="Tracking_Number_Search" time="0.866" classname="Test_Data_Generation.Tracking_Data_Update"/>
  <testcase name="Tracking_Number_Search" time="1.017" classname="Test_Data_Generation.Tracking_Data_Update"/>
  <testcase name="Tracking_Number_Search" time="1.321" classname="Test_Data_Generation.Tracking_Data_Update"/>
  <testcase name="Tracking_Number_Search" time="1.208" classname="Test_Data_Generation.Tracking_Data_Update"/>
  <testcase name="Tracking_Number_Search" time="1.085" classname="Test_Data_Generation.Tracking_Data_Update"/>
  <testcase name="Tracking_Number_Search" time="2.104" classname="Test_Data_Generation.Tracking_Data_Update"/>
  <testcase name="Tracking_Number_Search" time="1.110" classname="Test_Data_Generation.Tracking_Data_Update"/>
  <testcase name="Tracking_Number_Search" time="2.136" classname="Test_Data_Generation.Tracking_Data_Update"/>
  <testcase name="Tracking_Number_Search" time="0.852" classname="Test_Data_Generation.Tracking_Data_Update"/>
  <testcase name="Tracking_Number_Search" time="1.204" classname="Test_Data_Generation.Tracking_Data_Update"/>
  <testcase name="Tracking_Number_Search" time="1.190" classname="Test_Data_Generation.Tracking_Data_Update"/>
  <testcase name="Tracking_Number_Search" time="1.327" classname="Test_Data_Generation.Tracking_Data_Update"/>
  <testcase name="Tracking_Number_Search" time="1.240" classname="Test_Data_Generation.Tracking_Data_Update"/>
  <testcase name="Tracking_Number_Search" time="1.159" classname="Test_Data_Generation.Tracking_Data_Update"/>
  <testcase name="Tracking_Number_Search" time="6.689" classname="Test_Data_Generation.Tracking_Data_Update"/>
  <testcase name="Tracking_Number_Search" time="1.783" classname="Test_Data_Generation.Tracking_Data_Update"/>
  <testcase name="Tracking_Number_Search" time="1.405" classname="Test_Data_Generation.Tracking_Data_Update"/>
  <testcase name="Tracking_Number_Search" time="1.334" classname="Test_Data_Generation.Tracking_Data_Update"/>
  <testcase name="Tracking_Number_Search" time="1.887" classname="Test_Data_Generation.Tracking_Data_Update"/>
  <testcase name="Tracking_Number_Search" time="2.142" classname="Test_Data_Generation.Tracking_Data_Update"/>
  <testcase name="Tracking_Number_Search" time="4.317" classname="Test_Data_Generation.Tracking_Data_Update"/>
  <testcase name="Tracking_Number_Search" time="1.138" classname="Test_Data_Generation.Tracking_Data_Update"/>
  <testcase name="Tracking_Number_Search" time="1.479" classname="Test_Data_Generation.Tracking_Data_Update"/>
  <testcase name="Tracking_Number_Search" time="1.609" classname="Test_Data_Generation.Tracking_Data_Update"/>
  <testcase name="Tracking_Number_Search" time="0.979" classname="Test_Data_Generation.Tracking_Data_Update"/>
  <testcase name="Tracking_Number_Search" time="1.743" classname="Test_Data_Generation.Tracking_Data_Update"/>
  <testcase name="Tracking_Number_Search" time="1.164" classname="Test_Data_Generation.Tracking_Data_Update"/>
  <testcase name="Tracking_Number_Search" time="0.968" classname="Test_Data_Generation.Tracking_Data_Update"/>
  <testcase name="Tracking_Number_Search" time="1.258" classname="Test_Data_Generation.Tracking_Data_Update"/>
  <testcase name="Tracking_Number_Search" time="1.407" classname="Test_Data_Generation.Tracking_Data_Update"/>
  <testcase name="Tracking_Number_Search" time="1.092" classname="Test_Data_Generation.Tracking_Data_Update"/>
  <testcase name="Tracking_Number_Search" time="1.124" classname="Test_Data_Generation.Tracking_Data_Update"/>
  <testcase name="Tracking_Number_Search" time="1.883" classname="Test_Data_Generation.Tracking_Data_Update"/>
  <testcase name="Tracking_Number_Search" time="1.502" classname="Test_Data_Generation.Tracking_Data_Update"/>
  <testcase name="Tracking_Number_Search" time="2.374" classname="Test_Data_Generation.Tracking_Data_Update"/>
  <testcase name="Tracking_Number_Search" time="0.960" classname="Test_Data_Generation.Tracking_Data_Update"/>
  <testcase name="Tracking_Number_Search" time="1.312" classname="Test_Data_Generation.Tracking_Data_Update"/>
  <testcase name="Tracking_Number_Search" time="1.132" classname="Test_Data_Generation.Tracking_Data_Update"/>
  <testcase name="Tracking_Number_Search" time="4.993" classname="Test_Data_Generation.Tracking_Data_Update"/>
  <testcase name="Tracking_Number_Search" time="1.307" classname="Test_Data_Generation.Tracking_Data_Update"/>
  <testcase name="Tracking_Number_Search" time="5.108" classname="Test_Data_Generation.Tracking_Data_Update"/>
  <testcase name="Tracking_Number_Search" time="1.191" classname="Test_Data_Generation.Tracking_Data_Update"/>
  <testcase name="Tracking_Number_Search" time="1.143" classname="Test_Data_Generation.Tracking_Data_Update"/>
  <testcase name="Tracking_Number_Search" time="1.249" classname="Test_Data_Generation.Tracking_Data_Update"/>
  <testcase name="Tracking_Number_Search" time="4.274" classname="Test_Data_Generation.Tracking_Data_Update"/>
  <testcase name="Tracking_Number_Search" time="1.677" classname="Test_Data_Generation.Tracking_Data_Update"/>
  <testcase name="Tracking_Number_Search" time="2.057" classname="Test_Data_Generation.Tracking_Data_Update"/>
  <testcase name="Tracking_Number_Search" time="0.985" classname="Test_Data_Generation.Tracking_Data_Update"/>
  <testcase name="Tracking_Number_Search" time="2.436" classname="Test_Data_Generation.Tracking_Data_Update"/>
  <testcase name="Tracking_Number_Search" time="0.878" classname="Test_Data_Generation.Tracking_Data_Update"/>
  <testcase name="Tracking_Number_Search" time="1.194" classname="Test_Data_Generation.Tracking_Data_Update"/>
  <testcase name="Tracking_Number_Search" time="1.225" classname="Test_Data_Generation.Tracking_Data_Update"/>
  <testcase name="Tracking_Number_Search" time="1.076" classname="Test_Data_Generation.Tracking_Data_Update"/>
  <testcase name="Tracking_Number_Search" time="9.634" classname="Test_Data_Generation.Tracking_Data_Update"/>
  <testcase name="Tracking_Number_Search" time="1.231" classname="Test_Data_Generation.Tracking_Data_Update"/>
  <testcase name="Tracking_Number_Search" time="1.262" classname="Test_Data_Generation.Tracking_Data_Update"/>
  <testcase name="Tracking_Number_Search" time="1.065" classname="Test_Data_Generation.Tracking_Data_Update"/>
  <testcase name="Tracking_Number_Search" time="2.157" classname="Test_Data_Generation.Tracking_Data_Update"/>
  <testcase name="Tracking_Number_Search" time="1.732" classname="Test_Data_Generation.Tracking_Data_Update"/>
  <testcase name="Tracking_Number_Search" time="6.202" classname="Test_Data_Generation.Tracking_Data_Update"/>
  <testcase name="Tracking_Number_Search" time="1.429" classname="Test_Data_Generation.Tracking_Data_Update"/>
  <testcase name="Tracking_Number_Search" time="2.193" classname="Test_Data_Generation.Tracking_Data_Update"/>
  <testcase name="Tracking_Number_Search" time="2.304" classname="Test_Data_Generation.Tracking_Data_Update"/>
  <testcase name="Tracking_Number_Search" time="1.434" classname="Test_Data_Generation.Tracking_Data_Update"/>
  <testcase name="Tracking_Number_Search" time="1.748" classname="Test_Data_Generation.Tracking_Data_Update"/>
  <testcase name="Tracking_Number_Search" time="0.864" classname="Test_Data_Generation.Tracking_Data_Update"/>
  <testcase name="Tracking_Number_Search" time="1.732" classname="Test_Data_Generation.Tracking_Data_Update"/>
  <testcase name="Tracking_Number_Search" time="6.968" classname="Test_Data_Generation.Tracking_Data_Update"/>
  <testcase name="Tracking_Number_Search" time="4.153" classname="Test_Data_Generation.Tracking_Data_Update"/>
  <testcase name="Tracking_Number_Search" time="1.357" classname="Test_Data_Generation.Tracking_Data_Update"/>
  <testcase name="Tracking_Number_Search" time="1.837" classname="Test_Data_Generation.Tracking_Data_Update"/>
  <testcase name="Tracking_Number_Search" time="1.110" classname="Test_Data_Generation.Tracking_Data_Update"/>
  <testcase name="Tracking_Number_Search" time="1.596" classname="Test_Data_Generation.Tracking_Data_Update"/>
  <testcase name="Tracking_Number_Search" time="1.289" classname="Test_Data_Generation.Tracking_Data_Update"/>
  <testcase name="Tracking_Number_Search" time="1.100" classname="Test_Data_Generation.Tracking_Data_Update"/>
  <testcase name="Tracking_Number_Search" time="5.089" classname="Test_Data_Generation.Tracking_Data_Update"/>
  <testcase name="Tracking_Number_Search" time="1.106" classname="Test_Data_Generation.Tracking_Data_Update"/>
  <testcase name="Tracking_Number_Search" time="1.303" classname="Test_Data_Generation.Tracking_Data_Update"/>
  <testcase name="Tracking_Number_Search" time="1.354" classname="Test_Data_Generation.Tracking_Data_Update"/>
  <testcase name="Tracking_Number_Search" time="1.365" classname="Test_Data_Generation.Tracking_Data_Update"/>
  <testcase name="Tracking_Number_Search" time="1.174" classname="Test_Data_Generation.Tracking_Data_Update"/>
  <testcase name="Tracking_Number_Search" time="1.259" classname="Test_Data_Generation.Tracking_Data_Update"/>
  <testcase name="Tracking_Number_Search" time="1.589" classname="Test_Data_Generation.Tracking_Data_Update"/>
  <testcase name="Tracking_Number_Search" time="0.966" classname="Test_Data_Generation.Tracking_Data_Update"/>
  <testcase name="Tracking_Number_Search" time="1.237" classname="Test_Data_Generation.Tracking_Data_Update"/>
  <testcase name="Tracking_Number_Search" time="1.012" classname="Test_Data_Generation.Tracking_Data_Update"/>
  <testcase name="Tracking_Number_Search" time="3.592" classname="Test_Data_Generation.Tracking_Data_Update"/>
  <testcase name="Tracking_Number_Search" time="1.290" classname="Test_Data_Generation.Tracking_Data_Update"/>
  <testcase name="Tracking_Number_Search" time="2.067" classname="Test_Data_Generation.Tracking_Data_Update"/>
  <testcase name="Tracking_Number_Search" time="1.843" classname="Test_Data_Generation.Tracking_Data_Update"/>
  <testcase name="Tracking_Number_Search" time="1.430" classname="Test_Data_Generation.Tracking_Data_Update"/>
  <testcase name="Tracking_Number_Search" time="1.331" classname="Test_Data_Generation.Tracking_Data_Update"/>
  <testcase name="Tracking_Number_Search" time="6.252" classname="Test_Data_Generation.Tracking_Data_Update"/>
  <testcase name="Tracking_Number_Search" time="1.250" classname="Test_Data_Generation.Tracking_Data_Update"/>
  <testcase name="Tracking_Number_Search" time="1.357" classname="Test_Data_Generation.Tracking_Data_Update"/>
  <testcase name="Tracking_Number_Search" time="2.110" classname="Test_Data_Generation.Tracking_Data_Update"/>
  <testcase name="Tracking_Number_Search" time="1.099" classname="Test_Data_Generation.Tracking_Data_Update"/>
  <testcase name="Tracking_Number_Search" time="0.978" classname="Test_Data_Generation.Tracking_Data_Update"/>
  <testcase name="Tracking_Number_Search" time="0.806" classname="Test_Data_Generation.Tracking_Data_Update"/>
  <testcase name="Tracking_Number_Search" time="1.196" classname="Test_Data_Generation.Tracking_Data_Update"/>
  <testcase name="Tracking_Number_Search" time="1.459" classname="Test_Data_Generation.Tracking_Data_Update"/>
  <testcase name="Tracking_Number_Search" time="2.066" classname="Test_Data_Generation.Tracking_Data_Update"/>
  <testcase name="Tracking_Number_Search" time="1.168" classname="Test_Data_Generation.Tracking_Data_Update"/>
  <testcase name="Tracking_Number_Search" time="1.515" classname="Test_Data_Generation.Tracking_Data_Update"/>
  <testcase name="Tracking_Number_Search" time="1.180" classname="Test_Data_Generation.Tracking_Data_Update"/>
  <testcase name="Tracking_Number_Search" time="3.110" classname="Test_Data_Generation.Tracking_Data_Update"/>
  <testcase name="Tracking_Number_Search" time="5.048" classname="Test_Data_Generation.Tracking_Data_Update"/>
  <testcase name="Tracking_Number_Search" time="1.872" classname="Test_Data_Generation.Tracking_Data_Update"/>
  <testcase name="Tracking_Number_Search" time="1.115" classname="Test_Data_Generation.Tracking_Data_Update"/>
  <testcase name="Tracking_Number_Search" time="1.709" classname="Test_Data_Generation.Tracking_Data_Update"/>
  <testcase name="Tracking_Number_Search" time="0.999" classname="Test_Data_Generation.Tracking_Data_Update"/>
  <testcase name="Tracking_Number_Search" time="1.086" classname="Test_Data_Generation.Tracking_Data_Update"/>
  <testcase name="Tracking_Number_Search" time="0.753" classname="Test_Data_Generation.Tracking_Data_Update"/>
  <testcase name="Tracking_Number_Search" time="1.211" classname="Test_Data_Generation.Tracking_Data_Update"/>
  <testcase name="Tracking_Number_Search" time="0.879" classname="Test_Data_Generation.Tracking_Data_Update"/>
  <testcase name="Tracking_Number_Search" time="1.231" classname="Test_Data_Generation.Tracking_Data_Update"/>
  <testcase name="Tracking_Number_Search" time="1.362" classname="Test_Data_Generation.Tracking_Data_Update"/>
  <testcase name="Tracking_Number_Search" time="1.365" classname="Test_Data_Generation.Tracking_Data_Update"/>
  <testcase name="Tracking_Number_Search" time="1.007" classname="Test_Data_Generation.Tracking_Data_Update"/>
  <testcase name="Tracking_Number_Search" time="1.267" classname="Test_Data_Generation.Tracking_Data_Update"/>
  <testcase name="Tracking_Number_Search" time="0.885" classname="Test_Data_Generation.Tracking_Data_Update"/>
  <testcase name="Tracking_Number_Search" time="0.960" classname="Test_Data_Generation.Tracking_Data_Update"/>
  <testcase name="Tracking_Number_Search" time="0.959" classname="Test_Data_Generation.Tracking_Data_Update"/>
  <testcase name="Tracking_Number_Search" time="1.248" classname="Test_Data_Generation.Tracking_Data_Update"/>
  <testcase name="Tracking_Number_Search" time="0.859" classname="Test_Data_Generation.Tracking_Data_Update"/>
  <testcase name="Tracking_Number_Search" time="1.860" classname="Test_Data_Generation.Tracking_Data_Update"/>
  <testcase name="Tracking_Number_Search" time="1.057" classname="Test_Data_Generation.Tracking_Data_Update"/>
  <testcase name="Tracking_Number_Search" time="1.257" classname="Test_Data_Generation.Tracking_Data_Update"/>
  <testcase name="Tracking_Number_Search" time="1.813" classname="Test_Data_Generation.Tracking_Data_Update"/>
  <testcase name="Tracking_Number_Search" time="1.179" classname="Test_Data_Generation.Tracking_Data_Update"/>
  <testcase name="Tracking_Number_Search" time="1.127" classname="Test_Data_Generation.Tracking_Data_Update"/>
  <testcase name="Tracking_Number_Search" time="1.841" classname="Test_Data_Generation.Tracking_Data_Update"/>
  <testcase name="Tracking_Number_Search" time="2.115" classname="Test_Data_Generation.Tracking_Data_Update"/>
  <testcase name="Tracking_Number_Search" time="0.825" classname="Test_Data_Generation.Tracking_Data_Update"/>
  <testcase name="Tracking_Number_Search" time="1.396" classname="Test_Data_Generation.Tracking_Data_Update"/>
  <testcase name="Tracking_Number_Search" time="1.723" classname="Test_Data_Generation.Tracking_Data_Update"/>
  <testcase name="Tracking_Number_Search" time="1.257" classname="Test_Data_Generation.Tracking_Data_Update"/>
  <testcase name="Tracking_Number_Search" time="1.192" classname="Test_Data_Generation.Tracking_Data_Update"/>
  <testcase name="Tracking_Number_Search" time="4.512" classname="Test_Data_Generation.Tracking_Data_Update"/>
  <testcase name="Tracking_Number_Search" time="1.831" classname="Test_Data_Generation.Tracking_Data_Update"/>
  <testcase name="Tracking_Number_Search" time="0.940" classname="Test_Data_Generation.Tracking_Data_Update"/>
  <testcase name="Tracking_Number_Search" time="0.968" classname="Test_Data_Generation.Tracking_Data_Update"/>
  <testcase name="Tracking_Number_Search" time="1.288" classname="Test_Data_Generation.Tracking_Data_Update"/>
  <testcase name="Tracking_Number_Search" time="1.015" classname="Test_Data_Generation.Tracking_Data_Update"/>
  <testcase name="Tracking_Number_Search" time="2.308" classname="Test_Data_Generation.Tracking_Data_Update"/>
  <testcase name="Tracking_Number_Search" time="1.291" classname="Test_Data_Generation.Tracking_Data_Update"/>
  <testcase name="Tracking_Number_Search" time="1.121" classname="Test_Data_Generation.Tracking_Data_Update"/>
  <testcase name="Tracking_Number_Search" time="1.180" classname="Test_Data_Generation.Tracking_Data_Update"/>
  <testcase name="Tracking_Number_Search" time="0.944" classname="Test_Data_Generation.Tracking_Data_Update"/>
  <testcase name="Tracking_Number_Search" time="1.404" classname="Test_Data_Generation.Tracking_Data_Update"/>
  <testcase name="Tracking_Number_Search" time="1.163" classname="Test_Data_Generation.Tracking_Data_Update"/>
  <testcase name="Tracking_Number_Search" time="1.039" classname="Test_Data_Generation.Tracking_Data_Update"/>
  <testcase name="Tracking_Number_Search" time="1.218" classname="Test_Data_Generation.Tracking_Data_Update"/>
  <testcase name="Tracking_Number_Search" time="1.737" classname="Test_Data_Generation.Tracking_Data_Update"/>
  <testcase name="Tracking_Number_Search" time="0.899" classname="Test_Data_Generation.Tracking_Data_Update"/>
  <testcase name="Tracking_Number_Search" time="2.867" classname="Test_Data_Generation.Tracking_Data_Update"/>
  <testcase name="Tracking_Number_Search" time="1.115" classname="Test_Data_Generation.Tracking_Data_Update"/>
  <testcase name="Tracking_Number_Search" time="6.103" classname="Test_Data_Generation.Tracking_Data_Update"/>
  <testcase name="Tracking_Number_Search" time="1.785" classname="Test_Data_Generation.Tracking_Data_Update"/>
  <testcase name="Tracking_Number_Search" time="1.263" classname="Test_Data_Generation.Tracking_Data_Update"/>
  <testcase name="Tracking_Number_Search" time="1.437" classname="Test_Data_Generation.Tracking_Data_Update"/>
  <testcase name="Tracking_Number_Search" time="2.641" classname="Test_Data_Generation.Tracking_Data_Update"/>
  <testcase name="Tracking_Number_Search" time="1.877" classname="Test_Data_Generation.Tracking_Data_Update"/>
  <testcase name="Tracking_Number_Search" time="1.091" classname="Test_Data_Generation.Tracking_Data_Update"/>
  <testcase name="Tracking_Number_Search" time="1.061" classname="Test_Data_Generation.Tracking_Data_Update"/>
  <testcase name="Tracking_Number_Search" time="0.855" classname="Test_Data_Generation.Tracking_Data_Update"/>
  <testcase name="Tracking_Number_Search" time="1.396" classname="Test_Data_Generation.Tracking_Data_Update"/>
  <testcase name="Tracking_Number_Search" time="1.837" classname="Test_Data_Generation.Tracking_Data_Update"/>
  <testcase name="Tracking_Number_Search" time="0.998" classname="Test_Data_Generation.Tracking_Data_Update"/>
  <testcase name="Tracking_Number_Search" time="1.209" classname="Test_Data_Generation.Tracking_Data_Update"/>
  <testcase name="Tracking_Number_Search" time="0.935" classname="Test_Data_Generation.Tracking_Data_Update"/>
  <testcase name="Tracking_Number_Search" time="1.314" classname="Test_Data_Generation.Tracking_Data_Update"/>
  <testcase name="Tracking_Number_Search" time="1.409" classname="Test_Data_Generation.Tracking_Data_Update"/>
  <testcase name="Tracking_Number_Search" time="1.187" classname="Test_Data_Generation.Tracking_Data_Update"/>
  <testcase name="Tracking_Number_Search" time="1.164" classname="Test_Data_Generation.Tracking_Data_Update"/>
  <testcase name="Tracking_Number_Search" time="0.851" classname="Test_Data_Generation.Tracking_Data_Update"/>
  <testcase name="Tracking_Number_Search" time="0.874" classname="Test_Data_Generation.Tracking_Data_Update"/>
  <testcase name="Tracking_Number_Search" time="1.437" classname="Test_Data_Generation.Tracking_Data_Update"/>
  <testcase name="Tracking_Number_Search" time="1.411" classname="Test_Data_Generation.Tracking_Data_Update"/>
  <testcase name="Tracking_Number_Search" time="1.712" classname="Test_Data_Generation.Tracking_Data_Update"/>
  <testcase name="Tracking_Number_Search" time="1.244" classname="Test_Data_Generation.Tracking_Data_Update"/>
  <testcase name="Tracking_Number_Search" time="1.243" classname="Test_Data_Generation.Tracking_Data_Update"/>
  <testcase name="Tracking_Number_Search" time="1.134" classname="Test_Data_Generation.Tracking_Data_Update"/>
  <testcase name="Tracking_Number_Search" time="3.123" classname="Test_Data_Generation.Tracking_Data_Update"/>
  <testcase name="Tracking_Number_Search" time="1.579" classname="Test_Data_Generation.Tracking_Data_Update"/>
  <testcase name="Tracking_Number_Search" time="0.910" classname="Test_Data_Generation.Tracking_Data_Update"/>
  <testcase name="Tracking_Number_Search" time="1.217" classname="Test_Data_Generation.Tracking_Data_Update"/>
  <testcase name="Tracking_Number_Search" time="1.212" classname="Test_Data_Generation.Tracking_Data_Update"/>
  <testcase name="Tracking_Number_Search" time="2.121" classname="Test_Data_Generation.Tracking_Data_Update"/>
  <testcase name="Tracking_Number_Search" time="2.115" classname="Test_Data_Generation.Tracking_Data_Update"/>
  <testcase name="Tracking_Number_Search" time="0.988" classname="Test_Data_Generation.Tracking_Data_Update"/>
  <testcase name="Tracking_Number_Search" time="1.644" classname="Test_Data_Generation.Tracking_Data_Update"/>
  <testcase name="Tracking_Number_Search" time="1.187" classname="Test_Data_Generation.Tracking_Data_Update"/>
  <testcase name="Tracking_Number_Search" time="2.965" classname="Test_Data_Generation.Tracking_Data_Update"/>
  <testcase name="Tracking_Number_Search" time="2.038" classname="Test_Data_Generation.Tracking_Data_Update"/>
  <testcase name="Tracking_Number_Search" time="1.900" classname="Test_Data_Generation.Tracking_Data_Update"/>
  <testcase name="Tracking_Number_Search" time="1.325" classname="Test_Data_Generation.Tracking_Data_Update"/>
  <testcase name="Tracking_Number_Search" time="1.790" classname="Test_Data_Generation.Tracking_Data_Update"/>
  <testcase name="Tracking_Number_Search" time="1.342" classname="Test_Data_Generation.Tracking_Data_Update"/>
  <testcase name="Tracking_Number_Search" time="1.103" classname="Test_Data_Generation.Tracking_Data_Update"/>
  <testcase name="Tracking_Number_Search" time="1.115" classname="Test_Data_Generation.Tracking_Data_Update"/>
  <testcase name="Tracking_Number_Search" time="1.554" classname="Test_Data_Generation.Tracking_Data_Update"/>
  <testcase name="Tracking_Number_Search" time="3.890" classname="Test_Data_Generation.Tracking_Data_Update"/>
  <testcase name="Tracking_Number_Search" time="1.656" classname="Test_Data_Generation.Tracking_Data_Update"/>
  <testcase name="Tracking_Number_Search" time="1.436" classname="Test_Data_Generation.Tracking_Data_Update"/>
  <testcase name="Tracking_Number_Search" time="1.577" classname="Test_Data_Generation.Tracking_Data_Update"/>
  <testcase name="Tracking_Number_Search" time="1.050" classname="Test_Data_Generation.Tracking_Data_Update"/>
  <testcase name="Tracking_Number_Search" time="1.370" classname="Test_Data_Generation.Tracking_Data_Update"/>
  <testcase name="Tracking_Number_Search" time="1.435" classname="Test_Data_Generation.Tracking_Data_Update"/>
  <testcase name="Tracking_Number_Search" time="1.989" classname="Test_Data_Generation.Tracking_Data_Update"/>
  <testcase name="Tracking_Number_Search" time="2.108" classname="Test_Data_Generation.Tracking_Data_Update"/>
  <testcase name="Tracking_Number_Search" time="1.122" classname="Test_Data_Generation.Tracking_Data_Update"/>
  <testcase name="Tracking_Number_Search" time="1.169" classname="Test_Data_Generation.Tracking_Data_Update"/>
  <testcase name="Tracking_Number_Search" time="1.063" classname="Test_Data_Generation.Tracking_Data_Update"/>
  <testcase name="Tracking_Number_Search" time="3.709" classname="Test_Data_Generation.Tracking_Data_Update"/>
  <testcase name="Tracking_Number_Search" time="1.158" classname="Test_Data_Generation.Tracking_Data_Update"/>
  <testcase name="Tracking_Number_Search" time="1.418" classname="Test_Data_Generation.Tracking_Data_Update"/>
  <testcase name="Tracking_Number_Search" time="1.256" classname="Test_Data_Generation.Tracking_Data_Update"/>
  <testcase name="Tracking_Number_Search" time="1.428" classname="Test_Data_Generation.Tracking_Data_Update"/>
  <testcase name="Tracking_Number_Search" time="1.098" classname="Test_Data_Generation.Tracking_Data_Update"/>
  <testcase name="Tracking_Number_Search" time="1.047" classname="Test_Data_Generation.Tracking_Data_Update"/>
  <testcase name="Tracking_Number_Search" time="0.915" classname="Test_Data_Generation.Tracking_Data_Update"/>
  <testcase name="Tracking_Number_Search" time="1.044" classname="Test_Data_Generation.Tracking_Data_Update"/>
  <testcase name="Tracking_Number_Search" time="1.764" classname="Test_Data_Generation.Tracking_Data_Update"/>
  <testcase name="Tracking_Number_Search" time="0.980" classname="Test_Data_Generation.Tracking_Data_Update"/>
  <testcase name="Tracking_Number_Search" time="0.950" classname="Test_Data_Generation.Tracking_Data_Update"/>
  <testcase name="Tracking_Number_Search" time="1.272" classname="Test_Data_Generation.Tracking_Data_Update"/>
  <testcase name="Tracking_Number_Search" time="5.518" classname="Test_Data_Generation.Tracking_Data_Update"/>
  <testcase name="Tracking_Number_Search" time="1.043" classname="Test_Data_Generation.Tracking_Data_Update"/>
  <testcase name="Tracking_Number_Search" time="3.653" classname="Test_Data_Generation.Tracking_Data_Update"/>
  <testcase name="Tracking_Number_Search" time="1.706" classname="Test_Data_Generation.Tracking_Data_Update"/>
  <testcase name="Tracking_Number_Search" time="0.994" classname="Test_Data_Generation.Tracking_Data_Update"/>
  <testcase name="Tracking_Number_Search" time="1.248" classname="Test_Data_Generation.Tracking_Data_Update"/>
  <testcase name="Tracking_Number_Search" time="1.272" classname="Test_Data_Generation.Tracking_Data_Update"/>
  <testcase name="Tracking_Number_Search" time="1.275" classname="Test_Data_Generation.Tracking_Data_Update"/>
  <testcase name="Tracking_Number_Search" time="0.958" classname="Test_Data_Generation.Tracking_Data_Update"/>
  <testcase name="Tracking_Number_Search" time="1.197" classname="Test_Data_Generation.Tracking_Data_Update"/>
  <testcase name="Tracking_Number_Search" time="1.173" classname="Test_Data_Generation.Tracking_Data_Update"/>
  <testcase name="Tracking_Number_Search" time="1.936" classname="Test_Data_Generation.Tracking_Data_Update"/>
  <testcase name="Tracking_Number_Search" time="0.925" classname="Test_Data_Generation.Tracking_Data_Update"/>
  <testcase name="Tracking_Number_Search" time="2.111" classname="Test_Data_Generation.Tracking_Data_Update"/>
  <testcase name="Tracking_Number_Search" time="5.127" classname="Test_Data_Generation.Tracking_Data_Update"/>
  <testcase name="Tracking_Number_Search" time="3.061" classname="Test_Data_Generation.Tracking_Data_Update"/>
  <testcase name="Tracking_Number_Search" time="1.222" classname="Test_Data_Generation.Tracking_Data_Update"/>
  <testcase name="Tracking_Number_Search" time="1.263" classname="Test_Data_Generation.Tracking_Data_Update"/>
  <testcase name="Tracking_Number_Search" time="0.913" classname="Test_Data_Generation.Tracking_Data_Update"/>
  <testcase name="Tracking_Number_Search" time="5.035" classname="Test_Data_Generation.Tracking_Data_Update"/>
  <testcase name="Tracking_Number_Search" time="1.435" classname="Test_Data_Generation.Tracking_Data_Update"/>
  <testcase name="Tracking_Number_Search" time="1.374" classname="Test_Data_Generation.Tracking_Data_Update"/>
  <testcase name="Tracking_Number_Search" time="1.266" classname="Test_Data_Generation.Tracking_Data_Update"/>
  <testcase name="Tracking_Number_Search" time="4.404" classname="Test_Data_Generation.Tracking_Data_Update"/>
  <testcase name="Tracking_Number_Search" time="1.547" classname="Test_Data_Generation.Tracking_Data_Update"/>
  <testcase name="Tracking_Number_Search" time="1.302" classname="Test_Data_Generation.Tracking_Data_Update"/>
  <testcase name="Tracking_Number_Search" time="1.389" classname="Test_Data_Generation.Tracking_Data_Update"/>
  <testcase name="Tracking_Number_Search" time="1.771" classname="Test_Data_Generation.Tracking_Data_Update"/>
  <testcase name="Tracking_Number_Search" time="1.941" classname="Test_Data_Generation.Tracking_Data_Update"/>
  <testcase name="Tracking_Number_Search" time="1.609" classname="Test_Data_Generation.Tracking_Data_Update"/>
  <testcase name="Tracking_Number_Search" time="1.079" classname="Test_Data_Generation.Tracking_Data_Update"/>
  <testcase name="Tracking_Number_Search" time="2.078" classname="Test_Data_Generation.Tracking_Data_Update"/>
  <testcase name="Tracking_Number_Search" time="1.297" classname="Test_Data_Generation.Tracking_Data_Update"/>
  <testcase name="Tracking_Number_Search" time="1.865" classname="Test_Data_Generation.Tracking_Data_Update"/>
  <testcase name="Tracking_Number_Search" time="1.383" classname="Test_Data_Generation.Tracking_Data_Update"/>
  <testcase name="Tracking_Number_Search" time="0.937" classname="Test_Data_Generation.Tracking_Data_Update"/>
  <testcase name="Tracking_Number_Search" time="1.055" classname="Test_Data_Generation.Tracking_Data_Update"/>
  <testcase name="Tracking_Number_Search" time="1.171" classname="Test_Data_Generation.Tracking_Data_Update"/>
  <testcase name="Tracking_Number_Search" time="4.196" classname="Test_Data_Generation.Tracking_Data_Update"/>
  <testcase name="Tracking_Number_Search" time="1.125" classname="Test_Data_Generation.Tracking_Data_Update"/>
  <testcase name="Tracking_Number_Search" time="1.501" classname="Test_Data_Generation.Tracking_Data_Update"/>
  <testcase name="Tracking_Number_Search" time="2.237" classname="Test_Data_Generation.Tracking_Data_Update"/>
  <testcase name="Tracking_Number_Search" time="1.600" classname="Test_Data_Generation.Tracking_Data_Update"/>
  <testcase name="Tracking_Number_Search" time="1.335" classname="Test_Data_Generation.Tracking_Data_Update"/>
  <testcase name="Tracking_Number_Search" time="1.249" classname="Test_Data_Generation.Tracking_Data_Update"/>
  <testcase name="Tracking_Number_Search" time="1.159" classname="Test_Data_Generation.Tracking_Data_Update"/>
  <testcase name="Tracking_Number_Search" time="1.107" classname="Test_Data_Generation.Tracking_Data_Update"/>
  <testcase name="Tracking_Number_Search" time="1.635" classname="Test_Data_Generation.Tracking_Data_Update"/>
  <testcase name="Tracking_Number_Search" time="0.964" classname="Test_Data_Generation.Tracking_Data_Update"/>
  <testcase name="Tracking_Number_Search" time="1.583" classname="Test_Data_Generation.Tracking_Data_Update"/>
  <testcase name="Tracking_Number_Search" time="1.398" classname="Test_Data_Generation.Tracking_Data_Update"/>
  <testcase name="Tracking_Number_Search" time="1.108" classname="Test_Data_Generation.Tracking_Data_Update"/>
  <testcase name="Tracking_Number_Search" time="1.241" classname="Test_Data_Generation.Tracking_Data_Update"/>
  <testcase name="Tracking_Number_Search" time="1.003" classname="Test_Data_Generation.Tracking_Data_Update"/>
  <testcase name="Tracking_Number_Search" time="1.886" classname="Test_Data_Generation.Tracking_Data_Update"/>
  <testcase name="Tracking_Number_Search" time="1.139" classname="Test_Data_Generation.Tracking_Data_Update"/>
  <testcase name="Tracking_Number_Search" time="0.823" classname="Test_Data_Generation.Tracking_Data_Update"/>
  <testcase name="Tracking_Number_Search" time="1.507" classname="Test_Data_Generation.Tracking_Data_Update"/>
  <testcase name="Tracking_Number_Search" time="1.038" classname="Test_Data_Generation.Tracking_Data_Update"/>
  <testcase name="Tracking_Number_Search" time="1.391" classname="Test_Data_Generation.Tracking_Data_Update"/>
  <testcase name="Tracking_Number_Search" time="1.035" classname="Test_Data_Generation.Tracking_Data_Update"/>
  <testcase name="Tracking_Number_Search" time="1.754" classname="Test_Data_Generation.Tracking_Data_Update"/>
  <testcase name="Tracking_Number_Search" time="1.605" classname="Test_Data_Generation.Tracking_Data_Update"/>
  <testcase name="Tracking_Number_Search" time="1.436" classname="Test_Data_Generation.Tracking_Data_Update"/>
  <testcase name="Tracking_Number_Search" time="6.303" classname="Test_Data_Generation.Tracking_Data_Update"/>
  <testcase name="Tracking_Number_Search" time="1.199" classname="Test_Data_Generation.Tracking_Data_Update"/>
  <testcase name="Tracking_Number_Search" time="0.817" classname="Test_Data_Generation.Tracking_Data_Update"/>
  <testcase name="Tracking_Number_Search" time="1.319" classname="Test_Data_Generation.Tracking_Data_Update"/>
  <testcase name="Tracking_Number_Search" time="1.374" classname="Test_Data_Generation.Tracking_Data_Update"/>
  <testcase name="Tracking_Number_Search" time="3.605" classname="Test_Data_Generation.Tracking_Data_Update"/>
  <testcase name="Tracking_Number_Search" time="0.878" classname="Test_Data_Generation.Tracking_Data_Update"/>
  <testcase name="Tracking_Number_Search" time="0.994" classname="Test_Data_Generation.Tracking_Data_Update"/>
  <testcase name="Tracking_Number_Search" time="1.824" classname="Test_Data_Generation.Tracking_Data_Update"/>
  <testcase name="Tracking_Number_Search" time="1.101" classname="Test_Data_Generation.Tracking_Data_Update"/>
  <testcase name="Tracking_Number_Search" time="1.478" classname="Test_Data_Generation.Tracking_Data_Update"/>
  <testcase name="Tracking_Number_Search" time="1.609" classname="Test_Data_Generation.Tracking_Data_Update"/>
  <testcase name="Tracking_Number_Search" time="1.627" classname="Test_Data_Generation.Tracking_Data_Update"/>
  <testcase name="Tracking_Number_Search" time="0.925" classname="Test_Data_Generation.Tracking_Data_Update"/>
  <testcase name="Tracking_Number_Search" time="0.799" classname="Test_Data_Generation.Tracking_Data_Update"/>
  <testcase name="Tracking_Number_Search" time="0.967" classname="Test_Data_Generation.Tracking_Data_Update"/>
  <testcase name="Tracking_Number_Search" time="1.115" classname="Test_Data_Generation.Tracking_Data_Update"/>
  <testcase name="Tracking_Number_Search" time="1.510" classname="Test_Data_Generation.Tracking_Data_Update"/>
  <testcase name="Tracking_Number_Search" time="1.425" classname="Test_Data_Generation.Tracking_Data_Update"/>
  <testcase name="Tracking_Number_Search" time="1.333" classname="Test_Data_Generation.Tracking_Data_Update"/>
  <testcase name="Tracking_Number_Search" time="0.966" classname="Test_Data_Generation.Tracking_Data_Update"/>
  <testcase name="Tracking_Number_Search" time="3.996" classname="Test_Data_Generation.Tracking_Data_Update"/>
  <testcase name="Tracking_Number_Search" time="0.986" classname="Test_Data_Generation.Tracking_Data_Update"/>
  <testcase name="Tracking_Number_Search" time="4.477" classname="Test_Data_Generation.Tracking_Data_Update"/>
  <testcase name="Tracking_Number_Search" time="1.036" classname="Test_Data_Generation.Tracking_Data_Update"/>
  <testcase name="Tracking_Number_Search" time="1.624" classname="Test_Data_Generation.Tracking_Data_Update"/>
  <testcase name="Tracking_Number_Search" time="1.209" classname="Test_Data_Generation.Tracking_Data_Update"/>
  <testcase name="Tracking_Number_Search" time="1.761" classname="Test_Data_Generation.Tracking_Data_Update"/>
  <testcase name="Tracking_Number_Search" time="2.022" classname="Test_Data_Generation.Tracking_Data_Update"/>
  <testcase name="Tracking_Number_Search" time="1.100" classname="Test_Data_Generation.Tracking_Data_Update"/>
  <testcase name="Tracking_Number_Search" time="1.279" classname="Test_Data_Generation.Tracking_Data_Update"/>
  <testcase name="Tracking_Number_Search" time="1.449" classname="Test_Data_Generation.Tracking_Data_Update"/>
  <testcase name="Tracking_Number_Search" time="1.476" classname="Test_Data_Generation.Tracking_Data_Update"/>
  <testcase name="Tracking_Number_Search" time="0.937" classname="Test_Data_Generation.Tracking_Data_Update"/>
  <testcase name="Tracking_Number_Search" time="1.124" classname="Test_Data_Generation.Tracking_Data_Update"/>
  <testcase name="Tracking_Number_Search" time="1.392" classname="Test_Data_Generation.Tracking_Data_Update"/>
  <testcase name="Tracking_Number_Search" time="0.956" classname="Test_Data_Generation.Tracking_Data_Update"/>
  <testcase name="Tracking_Number_Search" time="1.205" classname="Test_Data_Generation.Tracking_Data_Update"/>
  <testcase name="Tracking_Number_Search" time="1.465" classname="Test_Data_Generation.Tracking_Data_Update"/>
  <testcase name="Tracking_Number_Search" time="1.676" classname="Test_Data_Generation.Tracking_Data_Update"/>
  <testcase name="Tracking_Number_Search" time="1.102" classname="Test_Data_Generation.Tracking_Data_Update"/>
  <testcase name="Tracking_Number_Search" time="1.350" classname="Test_Data_Generation.Tracking_Data_Update"/>
  <testcase name="Tracking_Number_Search" time="1.191" classname="Test_Data_Generation.Tracking_Data_Update"/>
  <testcase name="Tracking_Number_Search" time="1.170" classname="Test_Data_Generation.Tracking_Data_Update"/>
  <testcase name="Tracking_Number_Search" time="1.413" classname="Test_Data_Generation.Tracking_Data_Update"/>
  <testcase name="Tracking_Number_Search" time="0.808" classname="Test_Data_Generation.Tracking_Data_Update"/>
  <testcase name="Tracking_Number_Search" time="1.442" classname="Test_Data_Generation.Tracking_Data_Update"/>
  <testcase name="Tracking_Number_Search" time="1.203" classname="Test_Data_Generation.Tracking_Data_Update"/>
  <testcase name="Tracking_Number_Search" time="1.019" classname="Test_Data_Generation.Tracking_Data_Update"/>
  <testcase name="Tracking_Number_Search" time="0.861" classname="Test_Data_Generation.Tracking_Data_Update"/>
  <testcase name="Tracking_Number_Search" time="1.216" classname="Test_Data_Generation.Tracking_Data_Update"/>
  <testcase name="Tracking_Number_Search" time="1.176" classname="Test_Data_Generation.Tracking_Data_Update"/>
  <testcase name="Tracking_Number_Search" time="5.953" classname="Test_Data_Generation.Tracking_Data_Update"/>
  <testcase name="Tracking_Number_Search" time="1.223" classname="Test_Data_Generation.Tracking_Data_Update"/>
  <testcase name="Tracking_Number_Search" time="1.202" classname="Test_Data_Generation.Tracking_Data_Update"/>
  <testcase name="Tracking_Number_Search" time="1.402" classname="Test_Data_Generation.Tracking_Data_Update"/>
  <testcase name="Tracking_Number_Search" time="3.127" classname="Test_Data_Generation.Tracking_Data_Update"/>
  <testcase name="Tracking_Number_Search" time="6.614" classname="Test_Data_Generation.Tracking_Data_Update"/>
  <testcase name="Tracking_Number_Search" time="1.416" classname="Test_Data_Generation.Tracking_Data_Update"/>
  <testcase name="Tracking_Number_Search" time="1.613" classname="Test_Data_Generation.Tracking_Data_Update"/>
  <testcase name="Tracking_Number_Search" time="1.168" classname="Test_Data_Generation.Tracking_Data_Update"/>
  <testcase name="Tracking_Number_Search" time="1.558" classname="Test_Data_Generation.Tracking_Data_Update"/>
  <testcase name="Tracking_Number_Search" time="1.112" classname="Test_Data_Generation.Tracking_Data_Update"/>
  <testcase name="Tracking_Number_Search" time="0.935" classname="Test_Data_Generation.Tracking_Data_Update"/>
  <testcase name="Tracking_Number_Search" time="1.667" classname="Test_Data_Generation.Tracking_Data_Update"/>
  <testcase name="Tracking_Number_Search" time="1.217" classname="Test_Data_Generation.Tracking_Data_Update"/>
  <testcase name="Tracking_Number_Search" time="1.276" classname="Test_Data_Generation.Tracking_Data_Update"/>
  <testcase name="Tracking_Number_Search" time="1.155" classname="Test_Data_Generation.Tracking_Data_Update"/>
  <testcase name="Tracking_Number_Search" time="1.547" classname="Test_Data_Generation.Tracking_Data_Update"/>
  <testcase name="Tracking_Number_Search" time="0.852" classname="Test_Data_Generation.Tracking_Data_Update"/>
  <testcase name="Tracking_Number_Search" time="1.200" classname="Test_Data_Generation.Tracking_Data_Update"/>
  <testcase name="Tracking_Number_Search" time="1.826" classname="Test_Data_Generation.Tracking_Data_Update"/>
  <testcase name="Tracking_Number_Search" time="1.222" classname="Test_Data_Generation.Tracking_Data_Update"/>
  <testcase name="Tracking_Number_Search" time="1.487" classname="Test_Data_Generation.Tracking_Data_Update"/>
  <testcase name="Tracking_Number_Search" time="0.810" classname="Test_Data_Generation.Tracking_Data_Update"/>
  <testcase name="Tracking_Number_Search" time="1.272" classname="Test_Data_Generation.Tracking_Data_Update"/>
  <testcase name="Tracking_Number_Search" time="5.256" classname="Test_Data_Generation.Tracking_Data_Update"/>
  <testcase name="Tracking_Number_Search" time="0.834" classname="Test_Data_Generation.Tracking_Data_Update"/>
  <testcase name="Tracking_Number_Search" time="2.061" classname="Test_Data_Generation.Tracking_Data_Update"/>
  <testcase name="Tracking_Number_Search" time="1.411" classname="Test_Data_Generation.Tracking_Data_Update"/>
  <testcase name="Tracking_Number_Search" time="1.415" classname="Test_Data_Generation.Tracking_Data_Update"/>
  <testcase name="Tracking_Number_Search" time="1.075" classname="Test_Data_Generation.Tracking_Data_Update"/>
  <testcase name="Tracking_Number_Search" time="6.286" classname="Test_Data_Generation.Tracking_Data_Update"/>
  <testcase name="Tracking_Number_Search" time="5.026" classname="Test_Data_Generation.Tracking_Data_Update"/>
  <testcase name="Tracking_Number_Search" time="0.982" classname="Test_Data_Generation.Tracking_Data_Update"/>
  <testcase name="Tracking_Number_Search" time="1.229" classname="Test_Data_Generation.Tracking_Data_Update"/>
  <testcase name="Tracking_Number_Search" time="1.301" classname="Test_Data_Generation.Tracking_Data_Update"/>
  <testcase name="Tracking_Number_Search" time="1.387" classname="Test_Data_Generation.Tracking_Data_Update"/>
  <testcase name="Tracking_Number_Search" time="0.976" classname="Test_Data_Generation.Tracking_Data_Update"/>
  <testcase name="Tracking_Number_Search" time="1.196" classname="Test_Data_Generation.Tracking_Data_Update"/>
  <testcase name="Tracking_Number_Search" time="9.696" classname="Test_Data_Generation.Tracking_Data_Update"/>
  <testcase name="Tracking_Number_Search" time="0.965" classname="Test_Data_Generation.Tracking_Data_Update"/>
  <testcase name="Tracking_Number_Search" time="1.384" classname="Test_Data_Generation.Tracking_Data_Update"/>
  <testcase name="Tracking_Number_Search" time="1.130" classname="Test_Data_Generation.Tracking_Data_Update"/>
  <testcase name="Tracking_Number_Search" time="1.129" classname="Test_Data_Generation.Tracking_Data_Update"/>
  <testcase name="Tracking_Number_Search" time="1.687" classname="Test_Data_Generation.Tracking_Data_Update"/>
  <testcase name="Tracking_Number_Search" time="0.969" classname="Test_Data_Generation.Tracking_Data_Update"/>
  <testcase name="Tracking_Number_Search" time="1.210" classname="Test_Data_Generation.Tracking_Data_Update"/>
  <testcase name="Tracking_Number_Search" time="1.410" classname="Test_Data_Generation.Tracking_Data_Update"/>
  <testcase name="Tracking_Number_Search" time="1.239" classname="Test_Data_Generation.Tracking_Data_Update"/>
  <testcase name="Tracking_Number_Search" time="1.021" classname="Test_Data_Generation.Tracking_Data_Update"/>
  <testcase name="Tracking_Number_Search" time="0.985" classname="Test_Data_Generation.Tracking_Data_Update"/>
  <testcase name="Tracking_Number_Search" time="0.965" classname="Test_Data_Generation.Tracking_Data_Update"/>
  <testcase name="Tracking_Number_Search" time="1.408" classname="Test_Data_Generation.Tracking_Data_Update"/>
  <testcase name="Tracking_Number_Search" time="1.123" classname="Test_Data_Generation.Tracking_Data_Update"/>
  <testcase name="Tracking_Number_Search" time="1.039" classname="Test_Data_Generation.Tracking_Data_Update"/>
  <testcase name="Tracking_Number_Search" time="1.279" classname="Test_Data_Generation.Tracking_Data_Update"/>
  <testcase name="Tracking_Number_Search" time="5.097" classname="Test_Data_Generation.Tracking_Data_Update"/>
  <testcase name="Tracking_Number_Search" time="1.249" classname="Test_Data_Generation.Tracking_Data_Update"/>
  <testcase name="Tracking_Number_Search" time="1.117" classname="Test_Data_Generation.Tracking_Data_Update"/>
  <testcase name="Tracking_Number_Search" time="0.841" classname="Test_Data_Generation.Tracking_Data_Update"/>
  <testcase name="Tracking_Number_Search" time="1.224" classname="Test_Data_Generation.Tracking_Data_Update"/>
  <testcase name="Tracking_Number_Search" time="1.277" classname="Test_Data_Generation.Tracking_Data_Update"/>
  <testcase name="Tracking_Number_Search" time="1.605" classname="Test_Data_Generation.Tracking_Data_Update"/>
  <testcase name="Tracking_Number_Search" time="1.200" classname="Test_Data_Generation.Tracking_Data_Update"/>
  <testcase name="Tracking_Number_Search" time="0.895" classname="Test_Data_Generation.Tracking_Data_Update"/>
  <testcase name="Tracking_Number_Search" time="1.508" classname="Test_Data_Generation.Tracking_Data_Update"/>
  <testcase name="Tracking_Number_Search" time="1.207" classname="Test_Data_Generation.Tracking_Data_Update"/>
  <testcase name="Tracking_Number_Search" time="0.858" classname="Test_Data_Generation.Tracking_Data_Update"/>
  <testcase name="Tracking_Number_Search" time="1.414" classname="Test_Data_Generation.Tracking_Data_Update"/>
  <testcase name="Tracking_Number_Search" time="1.556" classname="Test_Data_Generation.Tracking_Data_Update"/>
  <testcase name="Tracking_Number_Search" time="1.334" classname="Test_Data_Generation.Tracking_Data_Update"/>
  <testcase name="Tracking_Number_Search" time="0.913" classname="Test_Data_Generation.Tracking_Data_Update"/>
  <testcase name="Tracking_Number_Search" time="1.008" classname="Test_Data_Generation.Tracking_Data_Update"/>
  <testcase name="Tracking_Number_Search" time="1.349" classname="Test_Data_Generation.Tracking_Data_Update"/>
  <testcase name="Tracking_Number_Search" time="4.044" classname="Test_Data_Generation.Tracking_Data_Update"/>
  <testcase name="Tracking_Number_Search" time="1.198" classname="Test_Data_Generation.Tracking_Data_Update"/>
  <testcase name="Tracking_Number_Search" time="0.882" classname="Test_Data_Generation.Tracking_Data_Update"/>
  <testcase name="Tracking_Number_Search" time="0.867" classname="Test_Data_Generation.Tracking_Data_Update"/>
  <testcase name="Tracking_Number_Search" time="1.702" classname="Test_Data_Generation.Tracking_Data_Update"/>
  <testcase name="Tracking_Number_Search" time="3.656" classname="Test_Data_Generation.Tracking_Data_Update"/>
  <testcase name="Tracking_Number_Search" time="1.679" classname="Test_Data_Generation.Tracking_Data_Update"/>
  <testcase name="Tracking_Number_Search" time="0.883" classname="Test_Data_Generation.Tracking_Data_Update"/>
  <testcase name="Tracking_Number_Search" time="1.433" classname="Test_Data_Generation.Tracking_Data_Update"/>
  <testcase name="Tracking_Number_Search" time="6.171" classname="Test_Data_Generation.Tracking_Data_Update"/>
  <testcase name="Tracking_Number_Search" time="0.873" classname="Test_Data_Generation.Tracking_Data_Update"/>
  <testcase name="Tracking_Number_Search" time="1.154" classname="Test_Data_Generation.Tracking_Data_Update"/>
  <testcase name="Tracking_Number_Search" time="1.871" classname="Test_Data_Generation.Tracking_Data_Update"/>
  <testcase name="Tracking_Number_Search" time="1.492" classname="Test_Data_Generation.Tracking_Data_Update"/>
  <testcase name="Tracking_Number_Search" time="1.561" classname="Test_Data_Generation.Tracking_Data_Update"/>
  <testcase name="Tracking_Number_Search" time="4.759" classname="Test_Data_Generation.Tracking_Data_Update"/>
  <testcase name="Tracking_Number_Search" time="0.819" classname="Test_Data_Generation.Tracking_Data_Update"/>
  <testcase name="Tracking_Number_Search" time="1.825" classname="Test_Data_Generation.Tracking_Data_Update"/>
  <testcase name="Tracking_Number_Search" time="1.489" classname="Test_Data_Generation.Tracking_Data_Update"/>
  <testcase name="Tracking_Number_Search" time="4.144" classname="Test_Data_Generation.Tracking_Data_Update"/>
  <testcase name="Tracking_Number_Search" time="1.528" classname="Test_Data_Generation.Tracking_Data_Update"/>
  <testcase name="Tracking_Number_Search" time="1.002" classname="Test_Data_Generation.Tracking_Data_Update"/>
  <testcase name="Tracking_Number_Search" time="1.374" classname="Test_Data_Generation.Tracking_Data_Update"/>
  <testcase name="Tracking_Number_Search" time="1.279" classname="Test_Data_Generation.Tracking_Data_Update"/>
  <testcase name="Tracking_Number_Search" time="1.229" classname="Test_Data_Generation.Tracking_Data_Update"/>
  <testcase name="Tracking_Number_Search" time="0.925" classname="Test_Data_Generation.Tracking_Data_Update"/>
  <testcase name="Tracking_Number_Search" time="1.963" classname="Test_Data_Generation.Tracking_Data_Update"/>
  <testcase name="Tracking_Number_Search" time="2.207" classname="Test_Data_Generation.Tracking_Data_Update"/>
  <testcase name="Tracking_Number_Search" time="1.175" classname="Test_Data_Generation.Tracking_Data_Update"/>
  <testcase name="Tracking_Number_Search" time="0.947" classname="Test_Data_Generation.Tracking_Data_Update"/>
  <testcase name="Tracking_Number_Search" time="0.964" classname="Test_Data_Generation.Tracking_Data_Update"/>
  <testcase name="Tracking_Number_Search" time="1.191" classname="Test_Data_Generation.Tracking_Data_Update"/>
  <testcase name="Tracking_Number_Search" time="1.211" classname="Test_Data_Generation.Tracking_Data_Update"/>
  <testcase name="Tracking_Number_Search" time="1.419" classname="Test_Data_Generation.Tracking_Data_Update"/>
  <testcase name="Tracking_Number_Search" time="0.877" classname="Test_Data_Generation.Tracking_Data_Update"/>
  <testcase name="Tracking_Number_Search" time="8.092" classname="Test_Data_Generation.Tracking_Data_Update"/>
  <testcase name="Tracking_Number_Search" time="1.420" classname="Test_Data_Generation.Tracking_Data_Update"/>
  <testcase name="Tracking_Number_Search" time="1.087" classname="Test_Data_Generation.Tracking_Data_Update"/>
  <testcase name="Tracking_Number_Search" time="1.095" classname="Test_Data_Generation.Tracking_Data_Update"/>
  <testcase name="Tracking_Number_Search" time="0.852" classname="Test_Data_Generation.Tracking_Data_Update"/>
  <testcase name="Tracking_Number_Search" time="1.232" classname="Test_Data_Generation.Tracking_Data_Update"/>
  <testcase name="Tracking_Number_Search" time="1.802" classname="Test_Data_Generation.Tracking_Data_Update"/>
  <testcase name="Tracking_Number_Search" time="1.537" classname="Test_Data_Generation.Tracking_Data_Update"/>
  <testcase name="Tracking_Number_Search" time="1.278" classname="Test_Data_Generation.Tracking_Data_Update"/>
  <testcase name="Tracking_Number_Search" time="1.302" classname="Test_Data_Generation.Tracking_Data_Update"/>
  <testcase name="Tracking_Number_Search" time="1.429" classname="Test_Data_Generation.Tracking_Data_Update"/>
  <testcase name="Tracking_Number_Search" time="0.819" classname="Test_Data_Generation.Tracking_Data_Update"/>
  <testcase name="Tracking_Number_Search" time="1.177" classname="Test_Data_Generation.Tracking_Data_Update"/>
  <testcase name="Tracking_Number_Search" time="1.420" classname="Test_Data_Generation.Tracking_Data_Update"/>
  <testcase name="Tracking_Number_Search" time="1.166" classname="Test_Data_Generation.Tracking_Data_Update"/>
  <testcase name="Tracking_Number_Search" time="1.558" classname="Test_Data_Generation.Tracking_Data_Update"/>
  <testcase name="Tracking_Number_Search" time="1.156" classname="Test_Data_Generation.Tracking_Data_Update"/>
  <testcase name="Tracking_Number_Search" time="1.262" classname="Test_Data_Generation.Tracking_Data_Update"/>
  <testcase name="Tracking_Number_Search" time="1.300" classname="Test_Data_Generation.Tracking_Data_Update"/>
  <testcase name="Tracking_Number_Search" time="1.460" classname="Test_Data_Generation.Tracking_Data_Update"/>
  <testcase name="Tracking_Number_Search" time="0.980" classname="Test_Data_Generation.Tracking_Data_Update"/>
  <testcase name="Tracking_Number_Search" time="0.952" classname="Test_Data_Generation.Tracking_Data_Update"/>
  <testcase name="Tracking_Number_Search" time="1.160" classname="Test_Data_Generation.Tracking_Data_Update"/>
  <testcase name="Tracking_Number_Search" time="1.191" classname="Test_Data_Generation.Tracking_Data_Update"/>
  <testcase name="Tracking_Number_Search" time="1.240" classname="Test_Data_Generation.Tracking_Data_Update"/>
  <testcase name="Tracking_Number_Search" time="1.443" classname="Test_Data_Generation.Tracking_Data_Update"/>
  <testcase name="Tracking_Number_Search" time="1.084" classname="Test_Data_Generation.Tracking_Data_Update"/>
  <testcase name="Tracking_Number_Search" time="1.438" classname="Test_Data_Generation.Tracking_Data_Update"/>
  <testcase name="Tracking_Number_Search" time="1.385" classname="Test_Data_Generation.Tracking_Data_Update"/>
  <testcase name="Tracking_Number_Search" time="1.172" classname="Test_Data_Generation.Tracking_Data_Update"/>
  <testcase name="Tracking_Number_Search" time="1.100" classname="Test_Data_Generation.Tracking_Data_Update"/>
  <testcase name="Tracking_Number_Search" time="2.425" classname="Test_Data_Generation.Tracking_Data_Update"/>
  <testcase name="Tracking_Number_Search" time="1.027" classname="Test_Data_Generation.Tracking_Data_Update"/>
  <testcase name="Tracking_Number_Search" time="0.997" classname="Test_Data_Generation.Tracking_Data_Update"/>
  <testcase name="Tracking_Number_Search" time="1.166" classname="Test_Data_Generation.Tracking_Data_Update"/>
  <testcase name="Tracking_Number_Search" time="1.403" classname="Test_Data_Generation.Tracking_Data_Update"/>
  <testcase name="Tracking_Number_Search" time="1.397" classname="Test_Data_Generation.Tracking_Data_Update"/>
  <testcase name="Tracking_Number_Search" time="1.069" classname="Test_Data_Generation.Tracking_Data_Update"/>
  <testcase name="Tracking_Number_Search" time="5.494" classname="Test_Data_Generation.Tracking_Data_Update"/>
  <testcase name="Tracking_Number_Search" time="1.343" classname="Test_Data_Generation.Tracking_Data_Update"/>
  <testcase name="Tracking_Number_Search" time="1.292" classname="Test_Data_Generation.Tracking_Data_Update"/>
  <testcase name="Tracking_Number_Search" time="0.990" classname="Test_Data_Generation.Tracking_Data_Update"/>
  <testcase name="Tracking_Number_Search" time="1.351" classname="Test_Data_Generation.Tracking_Data_Update"/>
  <testcase name="Tracking_Number_Search" time="1.914" classname="Test_Data_Generation.Tracking_Data_Update"/>
  <testcase name="Tracking_Number_Search" time="2.120" classname="Test_Data_Generation.Tracking_Data_Update"/>
  <testcase name="Tracking_Number_Search" time="1.225" classname="Test_Data_Generation.Tracking_Data_Update"/>
  <testcase name="Tracking_Number_Search" time="4.108" classname="Test_Data_Generation.Tracking_Data_Update"/>
  <testcase name="Tracking_Number_Search" time="0.842" classname="Test_Data_Generation.Tracking_Data_Update"/>
  <testcase name="Tracking_Number_Search" time="1.239" classname="Test_Data_Generation.Tracking_Data_Update"/>
  <testcase name="Tracking_Number_Search" time="1.288" classname="Test_Data_Generation.Tracking_Data_Update"/>
  <testcase name="Tracking_Number_Search" time="4.095" classname="Test_Data_Generation.Tracking_Data_Update"/>
  <testcase name="Tracking_Number_Search" time="1.498" classname="Test_Data_Generation.Tracking_Data_Update"/>
  <testcase name="Tracking_Number_Search" time="1.315" classname="Test_Data_Generation.Tracking_Data_Update"/>
  <testcase name="Tracking_Number_Search" time="1.167" classname="Test_Data_Generation.Tracking_Data_Update"/>
  <testcase name="Tracking_Number_Search" time="3.135" classname="Test_Data_Generation.Tracking_Data_Update"/>
  <testcase name="Tracking_Number_Search" time="0.855" classname="Test_Data_Generation.Tracking_Data_Update"/>
  <testcase name="Tracking_Number_Search" time="0.889" classname="Test_Data_Generation.Tracking_Data_Update"/>
  <testcase name="Tracking_Number_Search" time="5.915" classname="Test_Data_Generation.Tracking_Data_Update"/>
  <testcase name="Tracking_Number_Search" time="1.675" classname="Test_Data_Generation.Tracking_Data_Update"/>
  <testcase name="Tracking_Number_Search" time="5.008" classname="Test_Data_Generation.Tracking_Data_Update"/>
  <testcase name="Tracking_Number_Search" time="5.843" classname="Test_Data_Generation.Tracking_Data_Update"/>
  <testcase name="Tracking_Number_Search" time="1.370" classname="Test_Data_Generation.Tracking_Data_Update"/>
  <testcase name="Tracking_Number_Search" time="1.246" classname="Test_Data_Generation.Tracking_Data_Update"/>
  <testcase name="Tracking_Number_Search" time="1.370" classname="Test_Data_Generation.Tracking_Data_Update"/>
  <testcase name="Tracking_Number_Search" time="0.913" classname="Test_Data_Generation.Tracking_Data_Update"/>
  <testcase name="Tracking_Number_Search" time="1.572" classname="Test_Data_Generation.Tracking_Data_Update"/>
  <testcase name="Tracking_Number_Search" time="1.504" classname="Test_Data_Generation.Tracking_Data_Update"/>
  <testcase name="Tracking_Number_Search" time="1.634" classname="Test_Data_Generation.Tracking_Data_Update"/>
  <testcase name="Tracking_Number_Search" time="1.318" classname="Test_Data_Generation.Tracking_Data_Update"/>
  <testcase name="Tracking_Number_Search" time="1.331" classname="Test_Data_Generation.Tracking_Data_Update"/>
  <testcase name="Tracking_Number_Search" time="0.864" classname="Test_Data_Generation.Tracking_Data_Update"/>
  <testcase name="Tracking_Number_Search" time="1.646" classname="Test_Data_Generation.Tracking_Data_Update"/>
  <testcase name="Tracking_Number_Search" time="2.585" classname="Test_Data_Generation.Tracking_Data_Update"/>
  <testcase name="Tracking_Number_Search" time="5.977" classname="Test_Data_Generation.Tracking_Data_Update"/>
  <testcase name="Tracking_Number_Search" time="1.167" classname="Test_Data_Generation.Tracking_Data_Update"/>
  <testcase name="Tracking_Number_Search" time="1.528" classname="Test_Data_Generation.Tracking_Data_Update"/>
  <testcase name="Tracking_Number_Search" time="3.078" classname="Test_Data_Generation.Tracking_Data_Update"/>
  <testcase name="Tracking_Number_Search" time="1.357" classname="Test_Data_Generation.Tracking_Data_Update"/>
  <testcase name="Tracking_Number_Search" time="1.636" classname="Test_Data_Generation.Tracking_Data_Update"/>
  <testcase name="Tracking_Number_Search" time="2.025" classname="Test_Data_Generation.Tracking_Data_Update"/>
  <testcase name="Tracking_Number_Search" time="1.562" classname="Test_Data_Generation.Tracking_Data_Update"/>
  <testcase name="Tracking_Number_Search" time="1.379" classname="Test_Data_Generation.Tracking_Data_Update"/>
  <testcase name="Tracking_Number_Search" time="1.104" classname="Test_Data_Generation.Tracking_Data_Update"/>
  <testcase name="Tracking_Number_Search" time="1.106" classname="Test_Data_Generation.Tracking_Data_Update"/>
  <testcase name="Tracking_Number_Search" time="1.132" classname="Test_Data_Generation.Tracking_Data_Update"/>
  <testcase name="Tracking_Number_Search" time="1.175" classname="Test_Data_Generation.Tracking_Data_Update"/>
  <testcase name="Tracking_Number_Search" time="0.971" classname="Test_Data_Generation.Tracking_Data_Update"/>
  <testcase name="Tracking_Number_Search" time="1.313" classname="Test_Data_Generation.Tracking_Data_Update"/>
  <testcase name="Tracking_Number_Search" time="1.919" classname="Test_Data_Generation.Tracking_Data_Update"/>
  <testcase name="Tracking_Number_Search" time="1.128" classname="Test_Data_Generation.Tracking_Data_Update"/>
  <testcase name="Tracking_Number_Search" time="1.298" classname="Test_Data_Generation.Tracking_Data_Update"/>
  <testcase name="Tracking_Number_Search" time="1.543" classname="Test_Data_Generation.Tracking_Data_Update"/>
  <testcase name="Tracking_Number_Search" time="1.404" classname="Test_Data_Generation.Tracking_Data_Update"/>
  <testcase name="Tracking_Number_Search" time="2.346" classname="Test_Data_Generation.Tracking_Data_Update"/>
  <testcase name="Tracking_Number_Search" time="0.914" classname="Test_Data_Generation.Tracking_Data_Update"/>
  <testcase name="Tracking_Number_Search" time="1.853" classname="Test_Data_Generation.Tracking_Data_Update"/>
  <testcase name="Tracking_Number_Search" time="1.203" classname="Test_Data_Generation.Tracking_Data_Update"/>
  <testcase name="Tracking_Number_Search" time="1.445" classname="Test_Data_Generation.Tracking_Data_Update"/>
  <testcase name="Tracking_Number_Search" time="1.447" classname="Test_Data_Generation.Tracking_Data_Update"/>
  <testcase name="Tracking_Number_Search" time="2.202" classname="Test_Data_Generation.Tracking_Data_Update"/>
  <testcase name="Tracking_Number_Search" time="0.808" classname="Test_Data_Generation.Tracking_Data_Update"/>
  <testcase name="Tracking_Number_Search" time="1.228" classname="Test_Data_Generation.Tracking_Data_Update"/>
  <testcase name="Tracking_Number_Search" time="3.856" classname="Test_Data_Generation.Tracking_Data_Update"/>
  <testcase name="Tracking_Number_Search" time="1.287" classname="Test_Data_Generation.Tracking_Data_Update"/>
  <testcase name="Tracking_Number_Search" time="1.226" classname="Test_Data_Generation.Tracking_Data_Update"/>
  <testcase name="Tracking_Number_Search" time="1.919" classname="Test_Data_Generation.Tracking_Data_Update"/>
  <testcase name="Tracking_Number_Search" time="1.186" classname="Test_Data_Generation.Tracking_Data_Update"/>
  <testcase name="Tracking_Number_Search" time="2.739" classname="Test_Data_Generation.Tracking_Data_Update"/>
  <testcase name="Tracking_Number_Search" time="0.892" classname="Test_Data_Generation.Tracking_Data_Update"/>
  <testcase name="Tracking_Number_Search" time="1.703" classname="Test_Data_Generation.Tracking_Data_Update"/>
  <testcase name="Tracking_Number_Search" time="0.972" classname="Test_Data_Generation.Tracking_Data_Update"/>
  <testcase name="Tracking_Number_Search" time="1.226" classname="Test_Data_Generation.Tracking_Data_Update"/>
  <testcase name="Tracking_Number_Search" time="0.858" classname="Test_Data_Generation.Tracking_Data_Update"/>
  <testcase name="Tracking_Number_Search" time="1.163" classname="Test_Data_Generation.Tracking_Data_Update"/>
  <testcase name="Tracking_Number_Search" time="1.318" classname="Test_Data_Generation.Tracking_Data_Update"/>
  <testcase name="Tracking_Number_Search" time="1.331" classname="Test_Data_Generation.Tracking_Data_Update"/>
  <testcase name="Tracking_Number_Search" time="1.362" classname="Test_Data_Generation.Tracking_Data_Update"/>
  <testcase name="Tracking_Number_Search" time="1.348" classname="Test_Data_Generation.Tracking_Data_Update"/>
  <testcase name="Tracking_Number_Search" time="1.428" classname="Test_Data_Generation.Tracking_Data_Update"/>
  <testcase name="Tracking_Number_Search" time="6.140" classname="Test_Data_Generation.Tracking_Data_Update"/>
  <testcase name="Tracking_Number_Search" time="1.030" classname="Test_Data_Generation.Tracking_Data_Update"/>
  <testcase name="Tracking_Number_Search" time="2.612" classname="Test_Data_Generation.Tracking_Data_Update"/>
  <testcase name="Tracking_Number_Search" time="1.138" classname="Test_Data_Generation.Tracking_Data_Update"/>
  <testcase name="Tracking_Number_Search" time="1.143" classname="Test_Data_Generation.Tracking_Data_Update"/>
  <testcase name="Tracking_Number_Search" time="1.685" classname="Test_Data_Generation.Tracking_Data_Update"/>
  <testcase name="Tracking_Number_Search" time="1.961" classname="Test_Data_Generation.Tracking_Data_Update"/>
  <testcase name="Tracking_Number_Search" time="1.362" classname="Test_Data_Generation.Tracking_Data_Update"/>
  <testcase name="Tracking_Number_Search" time="0.993" classname="Test_Data_Generation.Tracking_Data_Update"/>
  <testcase name="Tracking_Number_Search" time="0.832" classname="Test_Data_Generation.Tracking_Data_Update"/>
  <testcase name="Tracking_Number_Search" time="1.157" classname="Test_Data_Generation.Tracking_Data_Update"/>
  <testcase name="Tracking_Number_Search" time="0.937" classname="Test_Data_Generation.Tracking_Data_Update"/>
  <testcase name="Tracking_Number_Search" time="0.910" classname="Test_Data_Generation.Tracking_Data_Update"/>
  <testcase name="Tracking_Number_Search" time="1.212" classname="Test_Data_Generation.Tracking_Data_Update"/>
  <testcase name="Tracking_Number_Search" time="1.163" classname="Test_Data_Generation.Tracking_Data_Update"/>
  <testcase name="Tracking_Number_Search" time="1.743" classname="Test_Data_Generation.Tracking_Data_Update"/>
  <testcase name="Tracking_Number_Search" time="1.476" classname="Test_Data_Generation.Tracking_Data_Update"/>
  <testcase name="Tracking_Number_Search" time="1.561" classname="Test_Data_Generation.Tracking_Data_Update"/>
  <testcase name="Tracking_Number_Search" time="1.300" classname="Test_Data_Generation.Tracking_Data_Update"/>
  <testcase name="Tracking_Number_Search" time="1.490" classname="Test_Data_Generation.Tracking_Data_Update"/>
  <testcase name="Tracking_Number_Search" time="1.619" classname="Test_Data_Generation.Tracking_Data_Update"/>
  <testcase name="Tracking_Number_Search" time="1.191" classname="Test_Data_Generation.Tracking_Data_Update"/>
  <testcase name="Tracking_Number_Search" time="1.119" classname="Test_Data_Generation.Tracking_Data_Update"/>
  <testcase name="Tracking_Number_Search" time="2.062" classname="Test_Data_Generation.Tracking_Data_Update"/>
  <testcase name="Tracking_Number_Search" time="1.322" classname="Test_Data_Generation.Tracking_Data_Update"/>
  <testcase name="Tracking_Number_Search" time="1.535" classname="Test_Data_Generation.Tracking_Data_Update"/>
  <testcase name="Tracking_Number_Search" time="0.947" classname="Test_Data_Generation.Tracking_Data_Update"/>
  <testcase name="Tracking_Number_Search" time="1.184" classname="Test_Data_Generation.Tracking_Data_Update"/>
  <testcase name="Tracking_Number_Search" time="1.197" classname="Test_Data_Generation.Tracking_Data_Update"/>
  <testcase name="Tracking_Number_Search" time="0.991" classname="Test_Data_Generation.Tracking_Data_Update"/>
  <testcase name="Tracking_Number_Search" time="2.349" classname="Test_Data_Generation.Tracking_Data_Update"/>
  <testcase name="Tracking_Number_Search" time="1.081" classname="Test_Data_Generation.Tracking_Data_Update"/>
  <testcase name="Tracking_Number_Search" time="1.213" classname="Test_Data_Generation.Tracking_Data_Update"/>
  <testcase name="Tracking_Number_Search" time="1.306" classname="Test_Data_Generation.Tracking_Data_Update"/>
  <testcase name="Tracking_Number_Search" time="1.421" classname="Test_Data_Generation.Tracking_Data_Update"/>
  <testcase name="Tracking_Number_Search" time="0.932" classname="Test_Data_Generation.Tracking_Data_Update"/>
  <testcase name="Tracking_Number_Search" time="2.209" classname="Test_Data_Generation.Tracking_Data_Update"/>
  <testcase name="Tracking_Number_Search" time="1.159" classname="Test_Data_Generation.Tracking_Data_Update"/>
  <testcase name="Tracking_Number_Search" time="1.374" classname="Test_Data_Generation.Tracking_Data_Update"/>
  <testcase name="Tracking_Number_Search" time="2.541" classname="Test_Data_Generation.Tracking_Data_Update"/>
  <testcase name="Tracking_Number_Search" time="1.110" classname="Test_Data_Generation.Tracking_Data_Update"/>
  <testcase name="Tracking_Number_Search" time="2.236" classname="Test_Data_Generation.Tracking_Data_Update"/>
  <testcase name="Tracking_Number_Search" time="1.245" classname="Test_Data_Generation.Tracking_Data_Update"/>
  <testcase name="Tracking_Number_Search" time="1.011" classname="Test_Data_Generation.Tracking_Data_Update"/>
  <testcase name="Tracking_Number_Search" time="0.972" classname="Test_Data_Generation.Tracking_Data_Update"/>
  <testcase name="Tracking_Number_Search" time="1.455" classname="Test_Data_Generation.Tracking_Data_Update"/>
  <testcase name="Tracking_Number_Search" time="1.407" classname="Test_Data_Generation.Tracking_Data_Update"/>
  <testcase name="Tracking_Number_Search" time="2.200" classname="Test_Data_Generation.Tracking_Data_Update"/>
  <testcase name="Tracking_Number_Search" time="6.106" classname="Test_Data_Generation.Tracking_Data_Update"/>
  <testcase name="Tracking_Number_Search" time="0.826" classname="Test_Data_Generation.Tracking_Data_Update"/>
  <testcase name="Tracking_Number_Search" time="1.835" classname="Test_Data_Generation.Tracking_Data_Update"/>
  <testcase name="Tracking_Number_Search" time="1.497" classname="Test_Data_Generation.Tracking_Data_Update"/>
  <testcase name="Tracking_Number_Search" time="1.034" classname="Test_Data_Generation.Tracking_Data_Update"/>
  <testcase name="Tracking_Number_Search" time="1.437" classname="Test_Data_Generation.Tracking_Data_Update"/>
  <testcase name="Tracking_Number_Search" time="0.831" classname="Test_Data_Generation.Tracking_Data_Update"/>
  <testcase name="Tracking_Number_Search" time="1.478" classname="Test_Data_Generation.Tracking_Data_Update"/>
  <testcase name="Tracking_Number_Search" time="2.250" classname="Test_Data_Generation.Tracking_Data_Update"/>
  <testcase name="Tracking_Number_Search" time="0.845" classname="Test_Data_Generation.Tracking_Data_Update"/>
  <testcase name="Tracking_Number_Search" time="1.572" classname="Test_Data_Generation.Tracking_Data_Update"/>
  <testcase name="Tracking_Number_Search" time="1.449" classname="Test_Data_Generation.Tracking_Data_Update"/>
  <testcase name="Tracking_Number_Search" time="1.918" classname="Test_Data_Generation.Tracking_Data_Update"/>
  <testcase name="Tracking_Number_Search" time="1.183" classname="Test_Data_Generation.Tracking_Data_Update"/>
  <testcase name="Tracking_Number_Search" time="0.937" classname="Test_Data_Generation.Tracking_Data_Update"/>
  <testcase name="Tracking_Number_Search" time="0.886" classname="Test_Data_Generation.Tracking_Data_Update"/>
  <testcase name="Tracking_Number_Search" time="1.131" classname="Test_Data_Generation.Tracking_Data_Update"/>
  <testcase name="Tracking_Number_Search" time="1.204" classname="Test_Data_Generation.Tracking_Data_Update"/>
  <testcase name="Tracking_Number_Search" time="1.429" classname="Test_Data_Generation.Tracking_Data_Update"/>
  <testcase name="Tracking_Number_Search" time="1.818" classname="Test_Data_Generation.Tracking_Data_Update"/>
  <testcase name="Tracking_Number_Search" time="0.914" classname="Test_Data_Generation.Tracking_Data_Update"/>
  <testcase name="Tracking_Number_Search" time="0.832" classname="Test_Data_Generation.Tracking_Data_Update"/>
  <testcase name="Tracking_Number_Search" time="0.839" classname="Test_Data_Generation.Tracking_Data_Update"/>
  <testcase name="Tracking_Number_Search" time="1.086" classname="Test_Data_Generation.Tracking_Data_Update"/>
  <testcase name="Tracking_Number_Search" time="1.144" classname="Test_Data_Generation.Tracking_Data_Update"/>
  <testcase name="Tracking_Number_Search" time="1.262" classname="Test_Data_Generation.Tracking_Data_Update"/>
  <testcase name="Tracking_Number_Search" time="1.506" classname="Test_Data_Generation.Tracking_Data_Update"/>
  <testcase name="Tracking_Number_Search" time="1.002" classname="Test_Data_Generation.Tracking_Data_Update"/>
  <testcase name="Tracking_Number_Search" time="1.164" classname="Test_Data_Generation.Tracking_Data_Update"/>
  <testcase name="Tracking_Number_Search" time="0.994" classname="Test_Data_Generation.Tracking_Data_Update"/>
  <testcase name="Tracking_Number_Search" time="4.985" classname="Test_Data_Generation.Tracking_Data_Update"/>
  <testcase name="Tracking_Number_Search" time="1.296" classname="Test_Data_Generation.Tracking_Data_Update"/>
  <testcase name="Tracking_Number_Search" time="0.841" classname="Test_Data_Generation.Tracking_Data_Update"/>
  <testcase name="Tracking_Number_Search" time="1.380" classname="Test_Data_Generation.Tracking_Data_Update"/>
  <testcase name="Tracking_Number_Search" time="1.349" classname="Test_Data_Generation.Tracking_Data_Update"/>
  <testcase name="Tracking_Number_Search" time="1.230" classname="Test_Data_Generation.Tracking_Data_Update"/>
  <testcase name="Tracking_Number_Search" time="1.396" classname="Test_Data_Generation.Tracking_Data_Update"/>
  <testcase name="Tracking_Number_Search" time="1.299" classname="Test_Data_Generation.Tracking_Data_Update"/>
  <testcase name="Tracking_Number_Search" time="0.996" classname="Test_Data_Generation.Tracking_Data_Update"/>
  <testcase name="Tracking_Number_Search" time="0.844" classname="Test_Data_Generation.Tracking_Data_Update"/>
  <testcase name="Tracking_Number_Search" time="0.981" classname="Test_Data_Generation.Tracking_Data_Update"/>
  <testcase name="Tracking_Number_Search" time="1.775" classname="Test_Data_Generation.Tracking_Data_Update"/>
  <testcase name="Tracking_Number_Search" time="1.058" classname="Test_Data_Generation.Tracking_Data_Update"/>
  <testcase name="Tracking_Number_Search" time="1.733" classname="Test_Data_Generation.Tracking_Data_Update"/>
  <testcase name="Tracking_Number_Search" time="1.506" classname="Test_Data_Generation.Tracking_Data_Update"/>
  <testcase name="Tracking_Number_Search" time="1.373" classname="Test_Data_Generation.Tracking_Data_Update"/>
  <testcase name="Tracking_Number_Search" time="1.049" classname="Test_Data_Generation.Tracking_Data_Update"/>
  <testcase name="Tracking_Number_Search" time="0.894" classname="Test_Data_Generation.Tracking_Data_Update"/>
  <testcase name="Tracking_Number_Search" time="1.147" classname="Test_Data_Generation.Tracking_Data_Update"/>
  <testcase name="Tracking_Number_Search" time="1.061" classname="Test_Data_Generation.Tracking_Data_Update"/>
  <testcase name="Tracking_Number_Search" time="1.321" classname="Test_Data_Generation.Tracking_Data_Update"/>
  <testcase name="Tracking_Number_Search" time="1.695" classname="Test_Data_Generation.Tracking_Data_Update"/>
  <testcase name="Tracking_Number_Search" time="0.935" classname="Test_Data_Generation.Tracking_Data_Update"/>
  <testcase name="Tracking_Number_Search" time="0.916" classname="Test_Data_Generation.Tracking_Data_Update"/>
  <testcase name="Tracking_Number_Search" time="1.487" classname="Test_Data_Generation.Tracking_Data_Update"/>
  <testcase name="Tracking_Number_Search" time="1.334" classname="Test_Data_Generation.Tracking_Data_Update"/>
  <testcase name="Tracking_Number_Search" time="1.228" classname="Test_Data_Generation.Tracking_Data_Update"/>
  <testcase name="Tracking_Number_Search" time="1.359" classname="Test_Data_Generation.Tracking_Data_Update"/>
  <testcase name="Tracking_Number_Search" time="0.868" classname="Test_Data_Generation.Tracking_Data_Update"/>
  <testcase name="Tracking_Number_Search" time="1.716" classname="Test_Data_Generation.Tracking_Data_Update"/>
  <testcase name="Tracking_Number_Search" time="1.405" classname="Test_Data_Generation.Tracking_Data_Update"/>
  <testcase name="Tracking_Number_Search" time="1.194" classname="Test_Data_Generation.Tracking_Data_Update"/>
  <testcase name="Tracking_Number_Search" time="5.027" classname="Test_Data_Generation.Tracking_Data_Update"/>
  <testcase name="Tracking_Number_Search" time="1.095" classname="Test_Data_Generation.Tracking_Data_Update"/>
  <testcase name="Tracking_Number_Search" time="1.488" classname="Test_Data_Generation.Tracking_Data_Update"/>
  <testcase name="Tracking_Number_Search" time="1.577" classname="Test_Data_Generation.Tracking_Data_Update"/>
  <testcase name="Tracking_Number_Search" time="0.889" classname="Test_Data_Generation.Tracking_Data_Update"/>
  <testcase name="Tracking_Number_Search" time="1.626" classname="Test_Data_Generation.Tracking_Data_Update"/>
  <testcase name="Tracking_Number_Search" time="1.308" classname="Test_Data_Generation.Tracking_Data_Update"/>
  <testcase name="Tracking_Number_Search" time="1.191" classname="Test_Data_Generation.Tracking_Data_Update"/>
  <testcase name="Tracking_Number_Search" time="3.207" classname="Test_Data_Generation.Tracking_Data_Update"/>
  <testcase name="Tracking_Number_Search" time="1.800" classname="Test_Data_Generation.Tracking_Data_Update"/>
  <testcase name="Tracking_Number_Search" time="0.876" classname="Test_Data_Generation.Tracking_Data_Update"/>
  <testcase name="Tracking_Number_Search" time="1.340" classname="Test_Data_Generation.Tracking_Data_Update"/>
  <testcase name="Tracking_Number_Search" time="4.183" classname="Test_Data_Generation.Tracking_Data_Update"/>
  <testcase name="Tracking_Number_Search" time="1.173" classname="Test_Data_Generation.Tracking_Data_Update"/>
  <testcase name="Tracking_Number_Search" time="1.085" classname="Test_Data_Generation.Tracking_Data_Update"/>
  <testcase name="Tracking_Number_Search" time="1.417" classname="Test_Data_Generation.Tracking_Data_Update"/>
  <testcase name="Tracking_Number_Search" time="1.020" classname="Test_Data_Generation.Tracking_Data_Update"/>
  <testcase name="Tracking_Number_Search" time="1.249" classname="Test_Data_Generation.Tracking_Data_Update"/>
  <testcase name="Tracking_Number_Search" time="1.172" classname="Test_Data_Generation.Tracking_Data_Update"/>
  <testcase name="Tracking_Number_Search" time="1.363" classname="Test_Data_Generation.Tracking_Data_Update"/>
  <testcase name="Tracking_Number_Search" time="1.129" classname="Test_Data_Generation.Tracking_Data_Update"/>
  <testcase name="Tracking_Number_Search" time="1.391" classname="Test_Data_Generation.Tracking_Data_Update"/>
  <testcase name="Tracking_Number_Search" time="2.485" classname="Test_Data_Generation.Tracking_Data_Update"/>
  <testcase name="Tracking_Number_Search" time="1.266" classname="Test_Data_Generation.Tracking_Data_Update"/>
  <testcase name="Tracking_Number_Search" time="0.961" classname="Test_Data_Generation.Tracking_Data_Update"/>
  <testcase name="Tracking_Number_Search" time="1.602" classname="Test_Data_Generation.Tracking_Data_Update"/>
  <testcase name="Tracking_Number_Search" time="1.302" classname="Test_Data_Generation.Tracking_Data_Update"/>
  <testcase name="Tracking_Number_Search" time="1.260" classname="Test_Data_Generation.Tracking_Data_Update"/>
  <testcase name="Tracking_Number_Search" time="1.507" classname="Test_Data_Generation.Tracking_Data_Update"/>
  <testcase name="Tracking_Number_Search" time="1.821" classname="Test_Data_Generation.Tracking_Data_Update"/>
  <testcase name="Tracking_Number_Search" time="0.783" classname="Test_Data_Generation.Tracking_Data_Update"/>
  <testcase name="Tracking_Number_Search" time="1.256" classname="Test_Data_Generation.Tracking_Data_Update"/>
  <testcase name="Tracking_Number_Search" time="1.380" classname="Test_Data_Generation.Tracking_Data_Update"/>
  <testcase name="Tracking_Number_Search" time="0.832" classname="Test_Data_Generation.Tracking_Data_Update"/>
  <testcase name="Tracking_Number_Search" time="1.174" classname="Test_Data_Generation.Tracking_Data_Update"/>
  <testcase name="Tracking_Number_Search" time="1.238" classname="Test_Data_Generation.Tracking_Data_Update"/>
  <testcase name="Tracking_Number_Search" time="1.631" classname="Test_Data_Generation.Tracking_Data_Update"/>
  <testcase name="Tracking_Number_Search" time="1.287" classname="Test_Data_Generation.Tracking_Data_Update"/>
  <testcase name="Tracking_Number_Search" time="1.371" classname="Test_Data_Generation.Tracking_Data_Update"/>
  <testcase name="Tracking_Number_Search" time="1.198" classname="Test_Data_Generation.Tracking_Data_Update"/>
  <testcase name="Tracking_Number_Search" time="1.571" classname="Test_Data_Generation.Tracking_Data_Update"/>
  <testcase name="Tracking_Number_Search" time="1.183" classname="Test_Data_Generation.Tracking_Data_Update"/>
  <testcase name="Tracking_Number_Search" time="1.193" classname="Test_Data_Generation.Tracking_Data_Update"/>
  <testcase name="Tracking_Number_Search" time="0.935" classname="Test_Data_Generation.Tracking_Data_Update"/>
  <testcase name="Tracking_Number_Search" time="1.369" classname="Test_Data_Generation.Tracking_Data_Update"/>
  <testcase name="Tracking_Number_Search" time="1.114" classname="Test_Data_Generation.Tracking_Data_Update"/>
  <testcase name="Tracking_Number_Search" time="2.195" classname="Test_Data_Generation.Tracking_Data_Update"/>
  <testcase name="Tracking_Number_Search" time="6.570" classname="Test_Data_Generation.Tracking_Data_Update"/>
  <testcase name="Tracking_Number_Search" time="1.078" classname="Test_Data_Generation.Tracking_Data_Update"/>
  <testcase name="Tracking_Number_Search" time="1.658" classname="Test_Data_Generation.Tracking_Data_Update"/>
  <testcase name="Tracking_Number_Search" time="1.139" classname="Test_Data_Generation.Tracking_Data_Update"/>
  <testcase name="Tracking_Number_Search" time="1.331" classname="Test_Data_Generation.Tracking_Data_Update"/>
  <testcase name="Tracking_Number_Search" time="1.125" classname="Test_Data_Generation.Tracking_Data_Update"/>
  <testcase name="Tracking_Number_Search" time="2.178" classname="Test_Data_Generation.Tracking_Data_Update"/>
  <testcase name="Tracking_Number_Search" time="1.141" classname="Test_Data_Generation.Tracking_Data_Update"/>
  <testcase name="Tracking_Number_Search" time="0.990" classname="Test_Data_Generation.Tracking_Data_Update"/>
  <testcase name="Tracking_Number_Search" time="1.277" classname="Test_Data_Generation.Tracking_Data_Update"/>
  <testcase name="Tracking_Number_Search" time="1.783" classname="Test_Data_Generation.Tracking_Data_Update"/>
  <testcase name="Tracking_Number_Search" time="1.435" classname="Test_Data_Generation.Tracking_Data_Update"/>
  <testcase name="Tracking_Number_Search" time="1.211" classname="Test_Data_Generation.Tracking_Data_Update"/>
  <testcase name="Tracking_Number_Search" time="1.014" classname="Test_Data_Generation.Tracking_Data_Update"/>
  <testcase name="Tracking_Number_Search" time="1.153" classname="Test_Data_Generation.Tracking_Data_Update"/>
  <testcase name="Tracking_Number_Search" time="3.886" classname="Test_Data_Generation.Tracking_Data_Update"/>
  <testcase name="Tracking_Number_Search" time="0.804" classname="Test_Data_Generation.Tracking_Data_Update"/>
  <testcase name="Tracking_Number_Search" time="1.280" classname="Test_Data_Generation.Tracking_Data_Update"/>
  <testcase name="Tracking_Number_Search" time="1.043" classname="Test_Data_Generation.Tracking_Data_Update"/>
  <testcase name="Tracking_Number_Search" time="1.814" classname="Test_Data_Generation.Tracking_Data_Update"/>
  <testcase name="Tracking_Number_Search" time="1.478" classname="Test_Data_Generation.Tracking_Data_Update"/>
  <testcase name="Tracking_Number_Search" time="0.868" classname="Test_Data_Generation.Tracking_Data_Update"/>
  <testcase name="Tracking_Number_Search" time="1.204" classname="Test_Data_Generation.Tracking_Data_Update"/>
  <testcase name="Tracking_Number_Search" time="1.365" classname="Test_Data_Generation.Tracking_Data_Update"/>
  <testcase name="Tracking_Number_Search" time="2.190" classname="Test_Data_Generation.Tracking_Data_Update"/>
  <testcase name="Tracking_Number_Search" time="1.531" classname="Test_Data_Generation.Tracking_Data_Update"/>
  <testcase name="Tracking_Number_Search" time="1.717" classname="Test_Data_Generation.Tracking_Data_Update"/>
  <testcase name="Tracking_Number_Search" time="1.201" classname="Test_Data_Generation.Tracking_Data_Update"/>
  <testcase name="Tracking_Number_Search" time="1.318" classname="Test_Data_Generation.Tracking_Data_Update"/>
  <testcase name="Tracking_Number_Search" time="2.185" classname="Test_Data_Generation.Tracking_Data_Update"/>
  <testcase name="Tracking_Number_Search" time="3.884" classname="Test_Data_Generation.Tracking_Data_Update"/>
  <testcase name="Tracking_Number_Search" time="1.463" classname="Test_Data_Generation.Tracking_Data_Update"/>
  <testcase name="Tracking_Number_Search" time="1.418" classname="Test_Data_Generation.Tracking_Data_Update"/>
  <testcase name="Tracking_Number_Search" time="1.084" classname="Test_Data_Generation.Tracking_Data_Update"/>
  <testcase name="Tracking_Number_Search" time="1.583" classname="Test_Data_Generation.Tracking_Data_Update"/>
  <testcase name="Tracking_Number_Search" time="2.139" classname="Test_Data_Generation.Tracking_Data_Update"/>
  <testcase name="Tracking_Number_Search" time="1.457" classname="Test_Data_Generation.Tracking_Data_Update"/>
  <testcase name="Tracking_Number_Search" time="1.159" classname="Test_Data_Generation.Tracking_Data_Update"/>
  <testcase name="Tracking_Number_Search" time="1.361" classname="Test_Data_Generation.Tracking_Data_Update"/>
  <testcase name="Tracking_Number_Search" time="1.317" classname="Test_Data_Generation.Tracking_Data_Update"/>
  <testcase name="Tracking_Number_Search" time="2.529" classname="Test_Data_Generation.Tracking_Data_Update"/>
  <testcase name="Tracking_Number_Search" time="1.073" classname="Test_Data_Generation.Tracking_Data_Update"/>
  <testcase name="Tracking_Number_Search" time="6.094" classname="Test_Data_Generation.Tracking_Data_Update"/>
  <testcase name="Tracking_Number_Search" time="0.908" classname="Test_Data_Generation.Tracking_Data_Update"/>
  <testcase name="Tracking_Number_Search" time="1.302" classname="Test_Data_Generation.Tracking_Data_Update"/>
  <testcase name="Tracking_Number_Search" time="0.896" classname="Test_Data_Generation.Tracking_Data_Update"/>
  <testcase name="Tracking_Number_Search" time="1.261" classname="Test_Data_Generation.Tracking_Data_Update"/>
  <testcase name="Tracking_Number_Search" time="0.911" classname="Test_Data_Generation.Tracking_Data_Update"/>
  <testcase name="Tracking_Number_Search" time="2.158" classname="Test_Data_Generation.Tracking_Data_Update"/>
  <testcase name="Tracking_Number_Search" time="1.080" classname="Test_Data_Generation.Tracking_Data_Update"/>
  <testcase name="Tracking_Number_Search" time="2.053" classname="Test_Data_Generation.Tracking_Data_Update"/>
  <testcase name="Tracking_Number_Search" time="1.595" classname="Test_Data_Generation.Tracking_Data_Update"/>
  <testcase name="Tracking_Number_Search" time="5.055" classname="Test_Data_Generation.Tracking_Data_Update"/>
  <testcase name="Tracking_Number_Search" time="1.015" classname="Test_Data_Generation.Tracking_Data_Update"/>
  <testcase name="Tracking_Number_Search" time="1.561" classname="Test_Data_Generation.Tracking_Data_Update"/>
  <testcase name="Tracking_Number_Search" time="1.312" classname="Test_Data_Generation.Tracking_Data_Update"/>
  <testcase name="Tracking_Number_Search" time="1.907" classname="Test_Data_Generation.Tracking_Data_Update"/>
  <testcase name="Tracking_Number_Search" time="1.293" classname="Test_Data_Generation.Tracking_Data_Update"/>
  <testcase name="Tracking_Number_Search" time="2.017" classname="Test_Data_Generation.Tracking_Data_Update"/>
  <testcase name="Tracking_Number_Search" time="4.122" classname="Test_Data_Generation.Tracking_Data_Update"/>
  <testcase name="Tracking_Number_Search" time="1.058" classname="Test_Data_Generation.Tracking_Data_Update"/>
  <testcase name="Tracking_Number_Search" time="1.255" classname="Test_Data_Generation.Tracking_Data_Update"/>
  <testcase name="Tracking_Number_Search" time="1.193" classname="Test_Data_Generation.Tracking_Data_Update"/>
  <testcase name="Tracking_Number_Search" time="1.225" classname="Test_Data_Generation.Tracking_Data_Update"/>
  <testcase name="Tracking_Number_Search" time="1.327" classname="Test_Data_Generation.Tracking_Data_Update"/>
  <testcase name="Tracking_Number_Search" time="1.926" classname="Test_Data_Generation.Tracking_Data_Update"/>
  <testcase name="Tracking_Number_Search" time="0.990" classname="Test_Data_Generation.Tracking_Data_Update"/>
  <testcase name="Tracking_Number_Search" time="0.805" classname="Test_Data_Generation.Tracking_Data_Update"/>
  <testcase name="Tracking_Number_Search" time="1.982" classname="Test_Data_Generation.Tracking_Data_Update"/>
  <testcase name="Tracking_Number_Search" time="0.848" classname="Test_Data_Generation.Tracking_Data_Update"/>
  <testcase name="Tracking_Number_Search" time="0.891" classname="Test_Data_Generation.Tracking_Data_Update"/>
  <testcase name="Tracking_Number_Search" time="1.520" classname="Test_Data_Generation.Tracking_Data_Update"/>
  <testcase name="Tracking_Number_Search" time="1.276" classname="Test_Data_Generation.Tracking_Data_Update"/>
  <testcase name="Tracking_Number_Search" time="1.313" classname="Test_Data_Generation.Tracking_Data_Update"/>
  <testcase name="Tracking_Number_Search" time="1.170" classname="Test_Data_Generation.Tracking_Data_Update"/>
  <testcase name="Tracking_Number_Search" time="2.259" classname="Test_Data_Generation.Tracking_Data_Update"/>
  <testcase name="Tracking_Number_Search" time="1.318" classname="Test_Data_Generation.Tracking_Data_Update"/>
  <testcase name="Tracking_Number_Search" time="1.109" classname="Test_Data_Generation.Tracking_Data_Update"/>
  <testcase name="Tracking_Number_Search" time="1.599" classname="Test_Data_Generation.Tracking_Data_Update"/>
  <testcase name="Tracking_Number_Search" time="1.417" classname="Test_Data_Generation.Tracking_Data_Update"/>
  <testcase name="Tracking_Number_Search" time="1.389" classname="Test_Data_Generation.Tracking_Data_Update"/>
  <testcase name="Tracking_Number_Search" time="1.192" classname="Test_Data_Generation.Tracking_Data_Update"/>
  <testcase name="Tracking_Number_Search" time="1.374" classname="Test_Data_Generation.Tracking_Data_Update"/>
  <testcase name="Tracking_Number_Search" time="4.081" classname="Test_Data_Generation.Tracking_Data_Update"/>
  <testcase name="Tracking_Number_Search" time="1.111" classname="Test_Data_Generation.Tracking_Data_Update"/>
  <testcase name="Tracking_Number_Search" time="2.206" classname="Test_Data_Generation.Tracking_Data_Update"/>
  <testcase name="Tracking_Number_Search" time="2.775" classname="Test_Data_Generation.Tracking_Data_Update"/>
  <testcase name="Tracking_Number_Search" time="1.706" classname="Test_Data_Generation.Tracking_Data_Update"/>
  <testcase name="Tracking_Number_Search" time="1.363" classname="Test_Data_Generation.Tracking_Data_Update"/>
  <testcase name="Tracking_Number_Search" time="1.386" classname="Test_Data_Generation.Tracking_Data_Update"/>
  <testcase name="Tracking_Number_Search" time="1.274" classname="Test_Data_Generation.Tracking_Data_Update"/>
  <testcase name="Tracking_Number_Search" time="10.033" classname="Test_Data_Generation.Tracking_Data_Update"/>
  <testcase name="Tracking_Number_Search" time="1.163" classname="Test_Data_Generation.Tracking_Data_Update"/>
  <testcase name="Tracking_Number_Search" time="1.388" classname="Test_Data_Generation.Tracking_Data_Update"/>
  <testcase name="Tracking_Number_Search" time="1.023" classname="Test_Data_Generation.Tracking_Data_Update"/>
  <testcase name="Tracking_Number_Search" time="1.969" classname="Test_Data_Generation.Tracking_Data_Update"/>
  <testcase name="Tracking_Number_Search" time="0.785" classname="Test_Data_Generation.Tracking_Data_Update"/>
  <testcase name="Tracking_Number_Search" time="5.121" classname="Test_Data_Generation.Tracking_Data_Update"/>
  <testcase name="Tracking_Number_Search" time="1.213" classname="Test_Data_Generation.Tracking_Data_Update"/>
  <testcase name="Tracking_Number_Search" time="1.422" classname="Test_Data_Generation.Tracking_Data_Update"/>
  <testcase name="Tracking_Number_Search" time="1.461" classname="Test_Data_Generation.Tracking_Data_Update"/>
  <testcase name="Tracking_Number_Search" time="1.077" classname="Test_Data_Generation.Tracking_Data_Update"/>
  <testcase name="Tracking_Number_Search" time="1.965" classname="Test_Data_Generation.Tracking_Data_Update"/>
  <testcase name="Tracking_Number_Search" time="1.425" classname="Test_Data_Generation.Tracking_Data_Update"/>
  <testcase name="Tracking_Number_Search" time="1.419" classname="Test_Data_Generation.Tracking_Data_Update"/>
  <testcase name="Tracking_Number_Search" time="6.961" classname="Test_Data_Generation.Tracking_Data_Update"/>
  <testcase name="Tracking_Number_Search" time="1.194" classname="Test_Data_Generation.Tracking_Data_Update"/>
  <testcase name="Tracking_Number_Search" time="0.984" classname="Test_Data_Generation.Tracking_Data_Update"/>
  <testcase name="Tracking_Number_Search" time="0.958" classname="Test_Data_Generation.Tracking_Data_Update"/>
  <testcase name="Tracking_Number_Search" time="0.927" classname="Test_Data_Generation.Tracking_Data_Update"/>
  <testcase name="Tracking_Number_Search" time="1.902" classname="Test_Data_Generation.Tracking_Data_Update"/>
  <testcase name="Tracking_Number_Search" time="1.898" classname="Test_Data_Generation.Tracking_Data_Update"/>
  <testcase name="Tracking_Number_Search" time="0.826" classname="Test_Data_Generation.Tracking_Data_Update"/>
  <testcase name="Tracking_Number_Search" time="1.119" classname="Test_Data_Generation.Tracking_Data_Update"/>
  <testcase name="Tracking_Number_Search" time="0.880" classname="Test_Data_Generation.Tracking_Data_Update"/>
  <testcase name="Tracking_Number_Search" time="1.541" classname="Test_Data_Generation.Tracking_Data_Update"/>
  <testcase name="Tracking_Number_Search" time="2.993" classname="Test_Data_Generation.Tracking_Data_Update"/>
  <testcase name="Tracking_Number_Search" time="1.445" classname="Test_Data_Generation.Tracking_Data_Update"/>
  <testcase name="Tracking_Number_Search" time="1.606" classname="Test_Data_Generation.Tracking_Data_Update"/>
  <testcase name="Tracking_Number_Search" time="2.083" classname="Test_Data_Generation.Tracking_Data_Update"/>
  <testcase name="Tracking_Number_Search" time="1.941" classname="Test_Data_Generation.Tracking_Data_Update"/>
  <testcase name="Tracking_Number_Search" time="1.408" classname="Test_Data_Generation.Tracking_Data_Update"/>
  <testcase name="Tracking_Number_Search" time="1.300" classname="Test_Data_Generation.Tracking_Data_Update"/>
  <testcase name="Tracking_Number_Search" time="1.267" classname="Test_Data_Generation.Tracking_Data_Update"/>
  <testcase name="Tracking_Number_Search" time="1.256" classname="Test_Data_Generation.Tracking_Data_Update"/>
  <testcase name="Tracking_Number_Search" time="1.401" classname="Test_Data_Generation.Tracking_Data_Update"/>
  <testcase name="Tracking_Number_Search" time="1.454" classname="Test_Data_Generation.Tracking_Data_Update"/>
  <testcase name="Tracking_Number_Search" time="1.099" classname="Test_Data_Generation.Tracking_Data_Update"/>
  <testcase name="Tracking_Number_Search" time="1.339" classname="Test_Data_Generation.Tracking_Data_Update"/>
  <testcase name="Tracking_Number_Search" time="1.681" classname="Test_Data_Generation.Tracking_Data_Update"/>
  <testcase name="Tracking_Number_Search" time="2.438" classname="Test_Data_Generation.Tracking_Data_Update"/>
  <testcase name="Tracking_Number_Search" time="1.069" classname="Test_Data_Generation.Tracking_Data_Update"/>
  <testcase name="Tracking_Number_Search" time="4.451" classname="Test_Data_Generation.Tracking_Data_Update"/>
  <testcase name="Tracking_Number_Search" time="1.125" classname="Test_Data_Generation.Tracking_Data_Update"/>
  <testcase name="Tracking_Number_Search" time="0.960" classname="Test_Data_Generation.Tracking_Data_Update"/>
  <testcase name="Tracking_Number_Search" time="1.459" classname="Test_Data_Generation.Tracking_Data_Update"/>
  <testcase name="Tracking_Number_Search" time="1.149" classname="Test_Data_Generation.Tracking_Data_Update"/>
  <testcase name="Tracking_Number_Search" time="1.461" classname="Test_Data_Generation.Tracking_Data_Update"/>
  <testcase name="Tracking_Number_Search" time="0.926" classname="Test_Data_Generation.Tracking_Data_Update"/>
  <testcase name="Tracking_Number_Search" time="1.385" classname="Test_Data_Generation.Tracking_Data_Update"/>
  <testcase name="Tracking_Number_Search" time="1.013" classname="Test_Data_Generation.Tracking_Data_Update"/>
  <testcase name="Tracking_Number_Search" time="1.395" classname="Test_Data_Generation.Tracking_Data_Update"/>
  <testcase name="Tracking_Number_Search" time="1.818" classname="Test_Data_Generation.Tracking_Data_Update"/>
  <testcase name="Tracking_Number_Search" time="6.174" classname="Test_Data_Generation.Tracking_Data_Update"/>
  <testcase name="Tracking_Number_Search" time="4.145" classname="Test_Data_Generation.Tracking_Data_Update"/>
  <testcase name="Tracking_Number_Search" time="1.129" classname="Test_Data_Generation.Tracking_Data_Update"/>
  <testcase name="Tracking_Number_Search" time="1.045" classname="Test_Data_Generation.Tracking_Data_Update"/>
  <testcase name="Tracking_Number_Search" time="1.134" classname="Test_Data_Generation.Tracking_Data_Update"/>
  <testcase name="Tracking_Number_Search" time="1.577" classname="Test_Data_Generation.Tracking_Data_Update"/>
  <testcase name="Tracking_Number_Search" time="0.832" classname="Test_Data_Generation.Tracking_Data_Update"/>
  <testcase name="Tracking_Number_Search" time="1.132" classname="Test_Data_Generation.Tracking_Data_Update"/>
  <testcase name="Tracking_Number_Search" time="1.193" classname="Test_Data_Generation.Tracking_Data_Update"/>
  <testcase name="Tracking_Number_Search" time="1.523" classname="Test_Data_Generation.Tracking_Data_Update"/>
  <testcase name="Tracking_Number_Search" time="0.962" classname="Test_Data_Generation.Tracking_Data_Update"/>
  <testcase name="Tracking_Number_Search" time="0.881" classname="Test_Data_Generation.Tracking_Data_Update"/>
  <testcase name="Tracking_Number_Search" time="1.322" classname="Test_Data_Generation.Tracking_Data_Update"/>
  <testcase name="Tracking_Number_Search" time="1.282" classname="Test_Data_Generation.Tracking_Data_Update"/>
  <testcase name="Tracking_Number_Search" time="0.782" classname="Test_Data_Generation.Tracking_Data_Update"/>
  <testcase name="Tracking_Number_Search" time="1.491" classname="Test_Data_Generation.Tracking_Data_Update"/>
  <testcase name="Tracking_Number_Search" time="1.047" classname="Test_Data_Generation.Tracking_Data_Update"/>
  <testcase name="Tracking_Number_Search" time="1.561" classname="Test_Data_Generation.Tracking_Data_Update"/>
  <testcase name="Tracking_Number_Search" time="1.389" classname="Test_Data_Generation.Tracking_Data_Update"/>
  <testcase name="Tracking_Number_Search" time="1.414" classname="Test_Data_Generation.Tracking_Data_Update"/>
  <testcase name="Tracking_Number_Search" time="1.044" classname="Test_Data_Generation.Tracking_Data_Update"/>
  <testcase name="Tracking_Number_Search" time="0.964" classname="Test_Data_Generation.Tracking_Data_Update"/>
  <testcase name="Tracking_Number_Search" time="2.216" classname="Test_Data_Generation.Tracking_Data_Update"/>
  <testcase name="Tracking_Number_Search" time="1.227" classname="Test_Data_Generation.Tracking_Data_Update"/>
  <testcase name="Tracking_Number_Search" time="1.097" classname="Test_Data_Generation.Tracking_Data_Update"/>
  <testcase name="Tracking_Number_Search" time="0.943" classname="Test_Data_Generation.Tracking_Data_Update"/>
  <testcase name="Tracking_Number_Search" time="2.616" classname="Test_Data_Generation.Tracking_Data_Update"/>
  <testcase name="Tracking_Number_Search" time="1.749" classname="Test_Data_Generation.Tracking_Data_Update"/>
  <testcase name="Tracking_Number_Search" time="1.368" classname="Test_Data_Generation.Tracking_Data_Update"/>
  <testcase name="Tracking_Number_Search" time="1.433" classname="Test_Data_Generation.Tracking_Data_Update"/>
  <testcase name="Tracking_Number_Search" time="1.763" classname="Test_Data_Generation.Tracking_Data_Update"/>
  <testcase name="Tracking_Number_Search" time="5.194" classname="Test_Data_Generation.Tracking_Data_Update"/>
  <testcase name="Tracking_Number_Search" time="1.283" classname="Test_Data_Generation.Tracking_Data_Update"/>
  <testcase name="Tracking_Number_Search" time="1.166" classname="Test_Data_Generation.Tracking_Data_Update"/>
  <testcase name="Tracking_Number_Search" time="1.145" classname="Test_Data_Generation.Tracking_Data_Update"/>
  <testcase name="Tracking_Number_Search" time="1.354" classname="Test_Data_Generation.Tracking_Data_Update"/>
  <testcase name="Tracking_Number_Search" time="2.635" classname="Test_Data_Generation.Tracking_Data_Update"/>
  <testcase name="Tracking_Number_Search" time="1.306" classname="Test_Data_Generation.Tracking_Data_Update"/>
  <testcase name="Tracking_Number_Search" time="2.351" classname="Test_Data_Generation.Tracking_Data_Update"/>
  <testcase name="Tracking_Number_Search" time="1.412" classname="Test_Data_Generation.Tracking_Data_Update"/>
  <testcase name="Tracking_Number_Search" time="1.127" classname="Test_Data_Generation.Tracking_Data_Update"/>
  <testcase name="Tracking_Number_Search" time="1.635" classname="Test_Data_Generation.Tracking_Data_Update"/>
  <testcase name="Tracking_Number_Search" time="0.861" classname="Test_Data_Generation.Tracking_Data_Update"/>
  <testcase name="Tracking_Number_Search" time="0.973" classname="Test_Data_Generation.Tracking_Data_Update"/>
  <testcase name="Tracking_Number_Search" time="1.102" classname="Test_Data_Generation.Tracking_Data_Update"/>
  <testcase name="Tracking_Number_Search" time="1.393" classname="Test_Data_Generation.Tracking_Data_Update"/>
  <testcase name="Tracking_Number_Search" time="1.267" classname="Test_Data_Generation.Tracking_Data_Update"/>
  <testcase name="Tracking_Number_Search" time="1.435" classname="Test_Data_Generation.Tracking_Data_Update"/>
  <testcase name="Tracking_Number_Search" time="1.028" classname="Test_Data_Generation.Tracking_Data_Update"/>
  <testcase name="Tracking_Number_Search" time="1.031" classname="Test_Data_Generation.Tracking_Data_Update"/>
  <testcase name="Tracking_Number_Search" time="1.075" classname="Test_Data_Generation.Tracking_Data_Update"/>
  <testcase name="Tracking_Number_Search" time="3.767" classname="Test_Data_Generation.Tracking_Data_Update"/>
  <testcase name="Tracking_Number_Search" time="1.149" classname="Test_Data_Generation.Tracking_Data_Update"/>
  <testcase name="Tracking_Number_Search" time="1.032" classname="Test_Data_Generation.Tracking_Data_Update"/>
  <testcase name="Tracking_Number_Search" time="5.212" classname="Test_Data_Generation.Tracking_Data_Update"/>
  <testcase name="Tracking_Number_Search" time="1.164" classname="Test_Data_Generation.Tracking_Data_Update"/>
  <testcase name="Tracking_Number_Search" time="1.325" classname="Test_Data_Generation.Tracking_Data_Update"/>
  <testcase name="Tracking_Number_Search" time="1.387" classname="Test_Data_Generation.Tracking_Data_Update"/>
  <testcase name="Tracking_Number_Search" time="1.390" classname="Test_Data_Generation.Tracking_Data_Update"/>
  <testcase name="Tracking_Number_Search" time="0.948" classname="Test_Data_Generation.Tracking_Data_Update"/>
  <testcase name="Tracking_Number_Search" time="1.159" classname="Test_Data_Generation.Tracking_Data_Update"/>
  <testcase name="Tracking_Number_Search" time="1.071" classname="Test_Data_Generation.Tracking_Data_Update"/>
  <testcase name="Tracking_Number_Search" time="0.964" classname="Test_Data_Generation.Tracking_Data_Update"/>
  <testcase name="Tracking_Number_Search" time="1.404" classname="Test_Data_Generation.Tracking_Data_Update"/>
  <testcase name="Tracking_Number_Search" time="1.367" classname="Test_Data_Generation.Tracking_Data_Update"/>
  <testcase name="Tracking_Number_Search" time="1.103" classname="Test_Data_Generation.Tracking_Data_Update"/>
  <testcase name="Tracking_Number_Search" time="0.872" classname="Test_Data_Generation.Tracking_Data_Update"/>
  <testcase name="Tracking_Number_Search" time="1.221" classname="Test_Data_Generation.Tracking_Data_Update"/>
  <testcase name="Tracking_Number_Search" time="1.104" classname="Test_Data_Generation.Tracking_Data_Update"/>
  <testcase name="Tracking_Number_Search" time="1.252" classname="Test_Data_Generation.Tracking_Data_Update"/>
  <testcase name="Tracking_Number_Search" time="1.200" classname="Test_Data_Generation.Tracking_Data_Update"/>
  <testcase name="Tracking_Number_Search" time="1.089" classname="Test_Data_Generation.Tracking_Data_Update"/>
  <testcase name="Tracking_Number_Search" time="6.529" classname="Test_Data_Generation.Tracking_Data_Update"/>
  <testcase name="Tracking_Number_Search" time="5.035" classname="Test_Data_Generation.Tracking_Data_Update"/>
  <testcase name="Tracking_Number_Search" time="1.413" classname="Test_Data_Generation.Tracking_Data_Update"/>
  <testcase name="Tracking_Number_Search" time="1.470" classname="Test_Data_Generation.Tracking_Data_Update"/>
  <testcase name="Tracking_Number_Search" time="1.280" classname="Test_Data_Generation.Tracking_Data_Update"/>
  <testcase name="Tracking_Number_Search" time="1.312" classname="Test_Data_Generation.Tracking_Data_Update"/>
  <testcase name="Tracking_Number_Search" time="1.193" classname="Test_Data_Generation.Tracking_Data_Update"/>
  <testcase name="Tracking_Number_Search" time="1.248" classname="Test_Data_Generation.Tracking_Data_Update"/>
  <testcase name="Tracking_Number_Search" time="1.188" classname="Test_Data_Generation.Tracking_Data_Update"/>
  <testcase name="Tracking_Number_Search" time="2.300" classname="Test_Data_Generation.Tracking_Data_Update"/>
  <testcase name="Tracking_Number_Search" time="1.611" classname="Test_Data_Generation.Tracking_Data_Update"/>
  <testcase name="Tracking_Number_Search" time="1.424" classname="Test_Data_Generation.Tracking_Data_Update"/>
  <testcase name="Tracking_Number_Search" time="1.007" classname="Test_Data_Generation.Tracking_Data_Update"/>
  <testcase name="Tracking_Number_Search" time="2.388" classname="Test_Data_Generation.Tracking_Data_Update"/>
  <testcase name="Tracking_Number_Search" time="1.149" classname="Test_Data_Generation.Tracking_Data_Update"/>
  <testcase name="Tracking_Number_Search" time="4.178" classname="Test_Data_Generation.Tracking_Data_Update"/>
  <testcase name="Tracking_Number_Search" time="1.575" classname="Test_Data_Generation.Tracking_Data_Update"/>
  <testcase name="Tracking_Number_Search" time="1.207" classname="Test_Data_Generation.Tracking_Data_Update"/>
  <testcase name="Tracking_Number_Search" time="0.917" classname="Test_Data_Generation.Tracking_Data_Update"/>
  <testcase name="Tracking_Number_Search" time="0.753" classname="Test_Data_Generation.Tracking_Data_Update"/>
  <testcase name="Tracking_Number_Search" time="1.123" classname="Test_Data_Generation.Tracking_Data_Update"/>
  <testcase name="Tracking_Number_Search" time="1.266" classname="Test_Data_Generation.Tracking_Data_Update"/>
  <testcase name="Tracking_Number_Search" time="0.981" classname="Test_Data_Generation.Tracking_Data_Update"/>
  <testcase name="Tracking_Number_Search" time="1.039" classname="Test_Data_Generation.Tracking_Data_Update"/>
  <testcase name="Tracking_Number_Search" time="1.608" classname="Test_Data_Generation.Tracking_Data_Update"/>
  <testcase name="Tracking_Number_Search" time="1.015" classname="Test_Data_Generation.Tracking_Data_Update"/>
  <testcase name="Tracking_Number_Search" time="1.851" classname="Test_Data_Generation.Tracking_Data_Update"/>
  <testcase name="Tracking_Number_Search" time="1.461" classname="Test_Data_Generation.Tracking_Data_Update"/>
  <testcase name="Tracking_Number_Search" time="0.949" classname="Test_Data_Generation.Tracking_Data_Update"/>
  <testcase name="Tracking_Number_Search" time="1.357" classname="Test_Data_Generation.Tracking_Data_Update"/>
  <testcase name="Tracking_Number_Search" time="1.325" classname="Test_Data_Generation.Tracking_Data_Update"/>
  <testcase name="Tracking_Number_Search" time="1.463" classname="Test_Data_Generation.Tracking_Data_Update"/>
  <testcase name="Tracking_Number_Search" time="1.448" classname="Test_Data_Generation.Tracking_Data_Update"/>
  <testcase name="Tracking_Number_Search" time="1.257" classname="Test_Data_Generation.Tracking_Data_Update"/>
  <testcase name="Tracking_Number_Search" time="4.078" classname="Test_Data_Generation.Tracking_Data_Update"/>
  <testcase name="Tracking_Number_Search" time="1.446" classname="Test_Data_Generation.Tracking_Data_Update"/>
  <testcase name="Tracking_Number_Search" time="1.250" classname="Test_Data_Generation.Tracking_Data_Update"/>
  <testcase name="Tracking_Number_Search" time="0.887" classname="Test_Data_Generation.Tracking_Data_Update"/>
  <testcase name="Tracking_Number_Search" time="1.880" classname="Test_Data_Generation.Tracking_Data_Update"/>
  <testcase name="Tracking_Number_Search" time="1.501" classname="Test_Data_Generation.Tracking_Data_Update"/>
  <testcase name="Tracking_Number_Search" time="1.731" classname="Test_Data_Generation.Tracking_Data_Update"/>
  <testcase name="Tracking_Number_Search" time="1.135" classname="Test_Data_Generation.Tracking_Data_Update"/>
  <testcase name="Tracking_Number_Search" time="1.518" classname="Test_Data_Generation.Tracking_Data_Update"/>
  <testcase name="Tracking_Number_Search" time="1.348" classname="Test_Data_Generation.Tracking_Data_Update"/>
  <testcase name="Tracking_Number_Search" time="1.140" classname="Test_Data_Generation.Tracking_Data_Update"/>
  <testcase name="Tracking_Number_Search" time="1.046" classname="Test_Data_Generation.Tracking_Data_Update"/>
  <testcase name="Tracking_Number_Search" time="1.316" classname="Test_Data_Generation.Tracking_Data_Update"/>
  <testcase name="Tracking_Number_Search" time="1.643" classname="Test_Data_Generation.Tracking_Data_Update"/>
  <testcase name="Tracking_Number_Search" time="1.206" classname="Test_Data_Generation.Tracking_Data_Update"/>
  <testcase name="Tracking_Number_Search" time="2.505" classname="Test_Data_Generation.Tracking_Data_Update"/>
  <testcase name="Tracking_Number_Search" time="1.243" classname="Test_Data_Generation.Tracking_Data_Update"/>
  <testcase name="Tracking_Number_Search" time="1.172" classname="Test_Data_Generation.Tracking_Data_Update"/>
  <testcase name="Tracking_Number_Search" time="1.162" classname="Test_Data_Generation.Tracking_Data_Update"/>
  <testcase name="Tracking_Number_Search" time="1.591" classname="Test_Data_Generation.Tracking_Data_Update"/>
  <testcase name="Tracking_Number_Search" time="2.133" classname="Test_Data_Generation.Tracking_Data_Update"/>
  <testcase name="Tracking_Number_Search" time="1.154" classname="Test_Data_Generation.Tracking_Data_Update"/>
  <testcase name="Tracking_Number_Search" time="1.379" classname="Test_Data_Generation.Tracking_Data_Update"/>
  <testcase name="Tracking_Number_Search" time="1.139" classname="Test_Data_Generation.Tracking_Data_Update"/>
  <testcase name="Tracking_Number_Search" time="1.150" classname="Test_Data_Generation.Tracking_Data_Update"/>
  <testcase name="Tracking_Number_Search" time="1.505" classname="Test_Data_Generation.Tracking_Data_Update"/>
  <testcase name="Tracking_Number_Search" time="1.565" classname="Test_Data_Generation.Tracking_Data_Update"/>
  <testcase name="Tracking_Number_Search" time="5.051" classname="Test_Data_Generation.Tracking_Data_Update"/>
  <testcase name="Tracking_Number_Search" time="1.787" classname="Test_Data_Generation.Tracking_Data_Update"/>
  <testcase name="Tracking_Number_Search" time="1.191" classname="Test_Data_Generation.Tracking_Data_Update"/>
  <testcase name="Tracking_Number_Search" time="1.427" classname="Test_Data_Generation.Tracking_Data_Update"/>
  <testcase name="Tracking_Number_Search" time="0.819" classname="Test_Data_Generation.Tracking_Data_Update"/>
  <testcase name="Tracking_Number_Search" time="1.554" classname="Test_Data_Generation.Tracking_Data_Update"/>
  <testcase name="Tracking_Number_Search" time="1.187" classname="Test_Data_Generation.Tracking_Data_Update"/>
  <testcase name="Tracking_Number_Search" time="1.877" classname="Test_Data_Generation.Tracking_Data_Update"/>
  <testcase name="Tracking_Number_Search" time="2.308" classname="Test_Data_Generation.Tracking_Data_Update"/>
  <testcase name="Tracking_Number_Search" time="1.129" classname="Test_Data_Generation.Tracking_Data_Update"/>
  <testcase name="Tracking_Number_Search" time="0.898" classname="Test_Data_Generation.Tracking_Data_Update"/>
  <testcase name="Tracking_Number_Search" time="1.206" classname="Test_Data_Generation.Tracking_Data_Update"/>
  <testcase name="Tracking_Number_Search" time="5.178" classname="Test_Data_Generation.Tracking_Data_Update"/>
  <testcase name="Tracking_Number_Search" time="1.359" classname="Test_Data_Generation.Tracking_Data_Update"/>
  <testcase name="Tracking_Number_Search" time="1.178" classname="Test_Data_Generation.Tracking_Data_Update"/>
  <testcase name="Tracking_Number_Search" time="0.947" classname="Test_Data_Generation.Tracking_Data_Update"/>
  <testcase name="Tracking_Number_Search" time="2.350" classname="Test_Data_Generation.Tracking_Data_Update"/>
  <testcase name="Tracking_Number_Search" time="1.081" classname="Test_Data_Generation.Tracking_Data_Update"/>
  <testcase name="Tracking_Number_Search" time="1.206" classname="Test_Data_Generation.Tracking_Data_Update"/>
  <testcase name="Tracking_Number_Search" time="1.977" classname="Test_Data_Generation.Tracking_Data_Update"/>
  <testcase name="Tracking_Number_Search" time="1.504" classname="Test_Data_Generation.Tracking_Data_Update"/>
  <testcase name="Tracking_Number_Search" time="6.116" classname="Test_Data_Generation.Tracking_Data_Update"/>
  <testcase name="Tracking_Number_Search" time="1.367" classname="Test_Data_Generation.Tracking_Data_Update"/>
  <testcase name="Tracking_Number_Search" time="1.111" classname="Test_Data_Generation.Tracking_Data_Update"/>
  <testcase name="Tracking_Number_Search" time="1.196" classname="Test_Data_Generation.Tracking_Data_Update"/>
  <testcase name="Tracking_Number_Search" time="1.669" classname="Test_Data_Generation.Tracking_Data_Update"/>
  <testcase name="Tracking_Number_Search" time="6.262" classname="Test_Data_Generation.Tracking_Data_Update"/>
  <testcase name="Tracking_Number_Search" time="1.289" classname="Test_Data_Generation.Tracking_Data_Update"/>
  <testcase name="Tracking_Number_Search" time="1.346" classname="Test_Data_Generation.Tracking_Data_Update"/>
  <testcase name="Tracking_Number_Search" time="1.477" classname="Test_Data_Generation.Tracking_Data_Update"/>
  <testcase name="Tracking_Number_Search" time="1.016" classname="Test_Data_Generation.Tracking_Data_Update"/>
  <testcase name="Tracking_Number_Search" time="0.882" classname="Test_Data_Generation.Tracking_Data_Update"/>
  <testcase name="Tracking_Number_Search" time="1.092" classname="Test_Data_Generation.Tracking_Data_Update"/>
  <testcase name="Tracking_Number_Search" time="1.345" classname="Test_Data_Generation.Tracking_Data_Update"/>
  <testcase name="Tracking_Number_Search" time="2.435" classname="Test_Data_Generation.Tracking_Data_Update"/>
  <testcase name="Tracking_Number_Search" time="1.053" classname="Test_Data_Generation.Tracking_Data_Update"/>
  <testcase name="Tracking_Number_Search" time="0.941" classname="Test_Data_Generation.Tracking_Data_Update"/>
  <testcase name="Tracking_Number_Search" time="0.984" classname="Test_Data_Generation.Tracking_Data_Update"/>
  <testcase name="Tracking_Number_Search" time="1.342" classname="Test_Data_Generation.Tracking_Data_Update"/>
  <testcase name="Tracking_Number_Search" time="1.658" classname="Test_Data_Generation.Tracking_Data_Update"/>
  <testcase name="Tracking_Number_Search" time="1.317" classname="Test_Data_Generation.Tracking_Data_Update"/>
  <testcase name="Tracking_Number_Search" time="1.370" classname="Test_Data_Generation.Tracking_Data_Update"/>
  <testcase name="Tracking_Number_Search" time="1.504" classname="Test_Data_Generation.Tracking_Data_Update"/>
  <testcase name="Tracking_Number_Search" time="1.071" classname="Test_Data_Generation.Tracking_Data_Update"/>
  <testcase name="Tracking_Number_Search" time="1.278" classname="Test_Data_Generation.Tracking_Data_Update"/>
  <testcase name="Tracking_Number_Search" time="1.478" classname="Test_Data_Generation.Tracking_Data_Update"/>
  <testcase name="Tracking_Number_Search" time="1.860" classname="Test_Data_Generation.Tracking_Data_Update"/>
  <testcase name="Tracking_Number_Search" time="0.973" classname="Test_Data_Generation.Tracking_Data_Update"/>
  <testcase name="Tracking_Number_Search" time="1.474" classname="Test_Data_Generation.Tracking_Data_Update"/>
  <testcase name="Tracking_Number_Search" time="1.447" classname="Test_Data_Generation.Tracking_Data_Update"/>
  <testcase name="Tracking_Number_Search" time="1.577" classname="Test_Data_Generation.Tracking_Data_Update"/>
  <testcase name="Tracking_Number_Search" time="1.143" classname="Test_Data_Generation.Tracking_Data_Update"/>
  <testcase name="Tracking_Number_Search" time="1.519" classname="Test_Data_Generation.Tracking_Data_Update"/>
  <testcase name="Tracking_Number_Search" time="0.954" classname="Test_Data_Generation.Tracking_Data_Update"/>
  <testcase name="Tracking_Number_Search" time="1.468" classname="Test_Data_Generation.Tracking_Data_Update"/>
  <testcase name="Tracking_Number_Search" time="5.567" classname="Test_Data_Generation.Tracking_Data_Update"/>
  <testcase name="Tracking_Number_Search" time="1.034" classname="Test_Data_Generation.Tracking_Data_Update"/>
  <testcase name="Tracking_Number_Search" time="1.353" classname="Test_Data_Generation.Tracking_Data_Update"/>
  <testcase name="Tracking_Number_Search" time="1.304" classname="Test_Data_Generation.Tracking_Data_Update"/>
  <testcase name="Tracking_Number_Search" time="1.107" classname="Test_Data_Generation.Tracking_Data_Update"/>
  <testcase name="Tracking_Number_Search" time="1.682" classname="Test_Data_Generation.Tracking_Data_Update"/>
  <testcase name="Tracking_Number_Search" time="1.116" classname="Test_Data_Generation.Tracking_Data_Update"/>
  <testcase name="Tracking_Number_Search" time="1.350" classname="Test_Data_Generation.Tracking_Data_Update"/>
  <testcase name="Tracking_Number_Search" time="1.103" classname="Test_Data_Generation.Tracking_Data_Update"/>
  <testcase name="Tracking_Number_Search" time="6.231" classname="Test_Data_Generation.Tracking_Data_Update"/>
  <testcase name="Tracking_Number_Search" time="1.345" classname="Test_Data_Generation.Tracking_Data_Update"/>
  <testcase name="Tracking_Number_Search" time="1.177" classname="Test_Data_Generation.Tracking_Data_Update"/>
  <testcase name="Tracking_Number_Search" time="1.396" classname="Test_Data_Generation.Tracking_Data_Update"/>
  <testcase name="Tracking_Number_Search" time="0.877" classname="Test_Data_Generation.Tracking_Data_Update"/>
  <testcase name="Tracking_Number_Search" time="5.086" classname="Test_Data_Generation.Tracking_Data_Update"/>
  <testcase name="Tracking_Number_Search" time="1.474" classname="Test_Data_Generation.Tracking_Data_Update"/>
  <testcase name="Tracking_Number_Search" time="1.429" classname="Test_Data_Generation.Tracking_Data_Update"/>
  <testcase name="Tracking_Number_Search" time="4.997" classname="Test_Data_Generation.Tracking_Data_Update"/>
  <testcase name="Tracking_Number_Search" time="0.999" classname="Test_Data_Generation.Tracking_Data_Update"/>
  <testcase name="Tracking_Number_Search" time="2.131" classname="Test_Data_Generation.Tracking_Data_Update"/>
  <testcase name="Tracking_Number_Search" time="1.391" classname="Test_Data_Generation.Tracking_Data_Update"/>
  <testcase name="Tracking_Number_Search" time="1.072" classname="Test_Data_Generation.Tracking_Data_Update"/>
  <testcase name="Tracking_Number_Search" time="4.535" classname="Test_Data_Generation.Tracking_Data_Update"/>
  <testcase name="Tracking_Number_Search" time="1.247" classname="Test_Data_Generation.Tracking_Data_Update"/>
  <testcase name="Tracking_Number_Search" time="0.828" classname="Test_Data_Generation.Tracking_Data_Update"/>
  <testcase name="Tracking_Number_Search" time="1.138" classname="Test_Data_Generation.Tracking_Data_Update"/>
  <testcase name="Tracking_Number_Search" time="1.293" classname="Test_Data_Generation.Tracking_Data_Update"/>
  <testcase name="Tracking_Number_Search" time="1.173" classname="Test_Data_Generation.Tracking_Data_Update"/>
  <testcase name="Tracking_Number_Search" time="0.809" classname="Test_Data_Generation.Tracking_Data_Update"/>
  <testcase name="Tracking_Number_Search" time="1.423" classname="Test_Data_Generation.Tracking_Data_Update"/>
  <testcase name="Tracking_Number_Search" time="0.970" classname="Test_Data_Generation.Tracking_Data_Update"/>
  <testcase name="Tracking_Number_Search" time="0.910" classname="Test_Data_Generation.Tracking_Data_Update"/>
  <testcase name="Tracking_Number_Search" time="1.018" classname="Test_Data_Generation.Tracking_Data_Update"/>
  <testcase name="Tracking_Number_Search" time="1.085" classname="Test_Data_Generation.Tracking_Data_Update"/>
  <testcase name="Tracking_Number_Search" time="1.304" classname="Test_Data_Generation.Tracking_Data_Update"/>
  <testcase name="Tracking_Number_Search" time="1.189" classname="Test_Data_Generation.Tracking_Data_Update"/>
  <testcase name="Tracking_Number_Search" time="1.625" classname="Test_Data_Generation.Tracking_Data_Update"/>
  <testcase name="Tracking_Number_Search" time="1.284" classname="Test_Data_Generation.Tracking_Data_Update"/>
  <testcase name="Tracking_Number_Search" time="13.504" classname="Test_Data_Generation.Tracking_Data_Update"/>
  <testcase name="Tracking_Number_Search" time="1.048" classname="Test_Data_Generation.Tracking_Data_Update"/>
  <testcase name="Tracking_Number_Search" time="1.172" classname="Test_Data_Generation.Tracking_Data_Update"/>
  <testcase name="Tracking_Number_Search" time="1.102" classname="Test_Data_Generation.Tracking_Data_Update"/>
  <testcase name="Tracking_Number_Search" time="5.965" classname="Test_Data_Generation.Tracking_Data_Update"/>
  <testcase name="Tracking_Number_Search" time="1.019" classname="Test_Data_Generation.Tracking_Data_Update"/>
  <testcase name="Tracking_Number_Search" time="1.180" classname="Test_Data_Generation.Tracking_Data_Update"/>
  <testcase name="Tracking_Number_Search" time="1.632" classname="Test_Data_Generation.Tracking_Data_Update"/>
  <testcase name="Tracking_Number_Search" time="1.457" classname="Test_Data_Generation.Tracking_Data_Update"/>
  <testcase name="Tracking_Number_Search" time="1.418" classname="Test_Data_Generation.Tracking_Data_Update"/>
  <testcase name="Tracking_Number_Search" time="2.560" classname="Test_Data_Generation.Tracking_Data_Update"/>
  <testcase name="Tracking_Number_Search" time="2.527" classname="Test_Data_Generation.Tracking_Data_Update"/>
  <testcase name="Tracking_Number_Search" time="6.886" classname="Test_Data_Generation.Tracking_Data_Update"/>
  <testcase name="Tracking_Number_Search" time="1.231" classname="Test_Data_Generation.Tracking_Data_Update"/>
  <testcase name="Tracking_Number_Search" time="1.203" classname="Test_Data_Generation.Tracking_Data_Update"/>
  <testcase name="Tracking_Number_Search" time="1.355" classname="Test_Data_Generation.Tracking_Data_Update"/>
  <testcase name="Tracking_Number_Search" time="1.030" classname="Test_Data_Generation.Tracking_Data_Update"/>
  <testcase name="Tracking_Number_Search" time="3.128" classname="Test_Data_Generation.Tracking_Data_Update"/>
  <testcase name="Tracking_Number_Search" time="0.862" classname="Test_Data_Generation.Tracking_Data_Update"/>
  <testcase name="Tracking_Number_Search" time="2.121" classname="Test_Data_Generation.Tracking_Data_Update"/>
  <testcase name="Tracking_Number_Search" time="1.513" classname="Test_Data_Generation.Tracking_Data_Update"/>
  <testcase name="Tracking_Number_Search" time="1.774" classname="Test_Data_Generation.Tracking_Data_Update"/>
  <testcase name="Tracking_Number_Search" time="1.277" classname="Test_Data_Generation.Tracking_Data_Update"/>
  <testcase name="Tracking_Number_Search" time="1.617" classname="Test_Data_Generation.Tracking_Data_Update"/>
  <testcase name="Tracking_Number_Search" time="1.096" classname="Test_Data_Generation.Tracking_Data_Update"/>
  <testcase name="Tracking_Number_Search" time="1.809" classname="Test_Data_Generation.Tracking_Data_Update"/>
  <testcase name="Tracking_Number_Search" time="1.033" classname="Test_Data_Generation.Tracking_Data_Update"/>
  <testcase name="Tracking_Number_Search" time="1.192" classname="Test_Data_Generation.Tracking_Data_Update"/>
  <testcase name="Tracking_Number_Search" time="1.224" classname="Test_Data_Generation.Tracking_Data_Update"/>
  <testcase name="Tracking_Number_Search" time="1.555" classname="Test_Data_Generation.Tracking_Data_Update"/>
  <testcase name="Tracking_Number_Search" time="1.426" classname="Test_Data_Generation.Tracking_Data_Update"/>
  <testcase name="Tracking_Number_Search" time="1.408" classname="Test_Data_Generation.Tracking_Data_Update"/>
  <testcase name="Tracking_Number_Search" time="1.563" classname="Test_Data_Generation.Tracking_Data_Update"/>
  <testcase name="Tracking_Number_Search" time="1.999" classname="Test_Data_Generation.Tracking_Data_Update"/>
  <testcase name="Tracking_Number_Search" time="1.226" classname="Test_Data_Generation.Tracking_Data_Update"/>
  <testcase name="Tracking_Number_Search" time="1.244" classname="Test_Data_Generation.Tracking_Data_Update"/>
  <testcase name="Tracking_Number_Search" time="1.057" classname="Test_Data_Generation.Tracking_Data_Update"/>
  <testcase name="Tracking_Number_Search" time="1.346" classname="Test_Data_Generation.Tracking_Data_Update"/>
  <testcase name="Tracking_Number_Search" time="0.899" classname="Test_Data_Generation.Tracking_Data_Update"/>
  <testcase name="Tracking_Number_Search" time="0.819" classname="Test_Data_Generation.Tracking_Data_Update"/>
  <testcase name="Tracking_Number_Search" time="5.186" classname="Test_Data_Generation.Tracking_Data_Update"/>
  <testcase name="Tracking_Number_Search" time="1.235" classname="Test_Data_Generation.Tracking_Data_Update"/>
  <testcase name="Tracking_Number_Search" time="1.520" classname="Test_Data_Generation.Tracking_Data_Update"/>
  <testcase name="Tracking_Number_Search" time="1.362" classname="Test_Data_Generation.Tracking_Data_Update"/>
  <testcase name="Tracking_Number_Search" time="5.102" classname="Test_Data_Generation.Tracking_Data_Update"/>
  <testcase name="Tracking_Number_Search" time="0.957" classname="Test_Data_Generation.Tracking_Data_Update"/>
  <testcase name="Tracking_Number_Search" time="1.265" classname="Test_Data_Generation.Tracking_Data_Update"/>
  <testcase name="Tracking_Number_Search" time="1.587" classname="Test_Data_Generation.Tracking_Data_Update"/>
  <testcase name="Tracking_Number_Search" time="1.270" classname="Test_Data_Generation.Tracking_Data_Update"/>
  <testcase name="Tracking_Number_Search" time="2.132" classname="Test_Data_Generation.Tracking_Data_Update"/>
  <testcase name="Tracking_Number_Search" time="4.088" classname="Test_Data_Generation.Tracking_Data_Update"/>
  <testcase name="Tracking_Number_Search" time="1.216" classname="Test_Data_Generation.Tracking_Data_Update"/>
  <testcase name="Tracking_Number_Search" time="2.235" classname="Test_Data_Generation.Tracking_Data_Update"/>
  <testcase name="Tracking_Number_Search" time="2.482" classname="Test_Data_Generation.Tracking_Data_Update"/>
  <testcase name="Tracking_Number_Search" time="1.391" classname="Test_Data_Generation.Tracking_Data_Update"/>
  <testcase name="Tracking_Number_Search" time="1.162" classname="Test_Data_Generation.Tracking_Data_Update"/>
  <testcase name="Tracking_Number_Search" time="1.058" classname="Test_Data_Generation.Tracking_Data_Update"/>
  <testcase name="Tracking_Number_Search" time="1.552" classname="Test_Data_Generation.Tracking_Data_Update"/>
  <testcase name="Tracking_Number_Search" time="1.379" classname="Test_Data_Generation.Tracking_Data_Update"/>
  <testcase name="Tracking_Number_Search" time="1.098" classname="Test_Data_Generation.Tracking_Data_Update"/>
  <testcase name="Tracking_Number_Search" time="1.085" classname="Test_Data_Generation.Tracking_Data_Update"/>
  <testcase name="Tracking_Number_Search" time="1.117" classname="Test_Data_Generation.Tracking_Data_Update"/>
  <testcase name="Tracking_Number_Search" time="1.207" classname="Test_Data_Generation.Tracking_Data_Update"/>
  <testcase name="Tracking_Number_Search" time="1.725" classname="Test_Data_Generation.Tracking_Data_Update"/>
  <testcase name="Tracking_Number_Search" time="1.809" classname="Test_Data_Generation.Tracking_Data_Update"/>
  <testcase name="Tracking_Number_Search" time="1.192" classname="Test_Data_Generation.Tracking_Data_Update"/>
  <testcase name="Tracking_Number_Search" time="1.103" classname="Test_Data_Generation.Tracking_Data_Update"/>
  <testcase name="Tracking_Number_Search" time="1.179" classname="Test_Data_Generation.Tracking_Data_Update"/>
  <testcase name="Tracking_Number_Search" time="1.359" classname="Test_Data_Generation.Tracking_Data_Update"/>
  <testcase name="Tracking_Number_Search" time="1.573" classname="Test_Data_Generation.Tracking_Data_Update"/>
  <testcase name="Tracking_Number_Search" time="1.375" classname="Test_Data_Generation.Tracking_Data_Update"/>
  <testcase name="Tracking_Number_Search" time="2.577" classname="Test_Data_Generation.Tracking_Data_Update"/>
  <testcase name="Tracking_Number_Search" time="0.964" classname="Test_Data_Generation.Tracking_Data_Update"/>
  <testcase name="Tracking_Number_Search" time="1.257" classname="Test_Data_Generation.Tracking_Data_Update"/>
  <testcase name="Tracking_Number_Search" time="0.837" classname="Test_Data_Generation.Tracking_Data_Update"/>
  <testcase name="Tracking_Number_Search" time="1.003" classname="Test_Data_Generation.Tracking_Data_Update"/>
  <testcase name="Tracking_Number_Search" time="0.998" classname="Test_Data_Generation.Tracking_Data_Update"/>
  <testcase name="Tracking_Number_Search" time="1.221" classname="Test_Data_Generation.Tracking_Data_Update"/>
  <testcase name="Tracking_Number_Search" time="4.057" classname="Test_Data_Generation.Tracking_Data_Update"/>
  <testcase name="Tracking_Number_Search" time="0.862" classname="Test_Data_Generation.Tracking_Data_Update"/>
  <testcase name="Tracking_Number_Search" time="1.330" classname="Test_Data_Generation.Tracking_Data_Update"/>
  <testcase name="Tracking_Number_Search" time="0.817" classname="Test_Data_Generation.Tracking_Data_Update"/>
  <testcase name="Tracking_Number_Search" time="1.498" classname="Test_Data_Generation.Tracking_Data_Update"/>
  <testcase name="Tracking_Number_Search" time="1.212" classname="Test_Data_Generation.Tracking_Data_Update"/>
  <testcase name="Tracking_Number_Search" time="0.972" classname="Test_Data_Generation.Tracking_Data_Update"/>
  <testcase name="Tracking_Number_Search" time="1.320" classname="Test_Data_Generation.Tracking_Data_Update"/>
  <testcase name="Tracking_Number_Search" time="1.220" classname="Test_Data_Generation.Tracking_Data_Update"/>
  <testcase name="Tracking_Number_Search" time="2.427" classname="Test_Data_Generation.Tracking_Data_Update"/>
  <testcase name="Tracking_Number_Search" time="1.237" classname="Test_Data_Generation.Tracking_Data_Update"/>
  <testcase name="Tracking_Number_Search" time="1.113" classname="Test_Data_Generation.Tracking_Data_Update"/>
  <testcase name="Tracking_Number_Search" time="1.954" classname="Test_Data_Generation.Tracking_Data_Update"/>
  <testcase name="Tracking_Number_Search" time="1.386" classname="Test_Data_Generation.Tracking_Data_Update"/>
  <testcase name="Tracking_Number_Search" time="1.211" classname="Test_Data_Generation.Tracking_Data_Update"/>
  <testcase name="Tracking_Number_Search" time="1.175" classname="Test_Data_Generation.Tracking_Data_Update"/>
  <testcase name="Tracking_Number_Search" time="1.539" classname="Test_Data_Generation.Tracking_Data_Update"/>
  <testcase name="Tracking_Number_Search" time="1.728" classname="Test_Data_Generation.Tracking_Data_Update"/>
  <testcase name="Tracking_Number_Search" time="1.328" classname="Test_Data_Generation.Tracking_Data_Update"/>
  <testcase name="Tracking_Number_Search" time="0.987" classname="Test_Data_Generation.Tracking_Data_Update"/>
  <testcase name="Tracking_Number_Search" time="1.442" classname="Test_Data_Generation.Tracking_Data_Update"/>
  <testcase name="Tracking_Number_Search" time="3.906" classname="Test_Data_Generation.Tracking_Data_Update"/>
  <testcase name="Tracking_Number_Search" time="1.191" classname="Test_Data_Generation.Tracking_Data_Update"/>
  <testcase name="Tracking_Number_Search" time="0.973" classname="Test_Data_Generation.Tracking_Data_Update"/>
  <testcase name="Tracking_Number_Search" time="1.145" classname="Test_Data_Generation.Tracking_Data_Update"/>
  <testcase name="Tracking_Number_Search" time="1.350" classname="Test_Data_Generation.Tracking_Data_Update"/>
  <testcase name="Tracking_Number_Search" time="1.236" classname="Test_Data_Generation.Tracking_Data_Update"/>
  <testcase name="Tracking_Number_Search" time="1.265" classname="Test_Data_Generation.Tracking_Data_Update"/>
  <testcase name="Tracking_Number_Search" time="0.983" classname="Test_Data_Generation.Tracking_Data_Update"/>
  <testcase name="Tracking_Number_Search" time="1.906" classname="Test_Data_Generation.Tracking_Data_Update"/>
  <testcase name="Tracking_Number_Search" time="1.263" classname="Test_Data_Generation.Tracking_Data_Update"/>
  <testcase name="Tracking_Number_Search" time="1.142" classname="Test_Data_Generation.Tracking_Data_Update"/>
  <testcase name="Tracking_Number_Search" time="5.014" classname="Test_Data_Generation.Tracking_Data_Update"/>
  <testcase name="Tracking_Number_Search" time="1.593" classname="Test_Data_Generation.Tracking_Data_Update"/>
  <testcase name="Tracking_Number_Search" time="0.845" classname="Test_Data_Generation.Tracking_Data_Update"/>
  <testcase name="Tracking_Number_Search" time="1.131" classname="Test_Data_Generation.Tracking_Data_Update"/>
  <testcase name="Tracking_Number_Search" time="1.073" classname="Test_Data_Generation.Tracking_Data_Update"/>
  <testcase name="Tracking_Number_Search" time="1.206" classname="Test_Data_Generation.Tracking_Data_Update"/>
  <testcase name="Tracking_Number_Search" time="0.893" classname="Test_Data_Generation.Tracking_Data_Update"/>
  <testcase name="Tracking_Number_Search" time="1.393" classname="Test_Data_Generation.Tracking_Data_Update"/>
  <testcase name="Tracking_Number_Search" time="0.910" classname="Test_Data_Generation.Tracking_Data_Update"/>
  <testcase name="Tracking_Number_Search" time="0.714" classname="Test_Data_Generation.Tracking_Data_Update"/>
  <testcase name="Tracking_Number_Search" time="1.136" classname="Test_Data_Generation.Tracking_Data_Update"/>
  <testcase name="Tracking_Number_Search" time="1.546" classname="Test_Data_Generation.Tracking_Data_Update"/>
  <testcase name="Tracking_Number_Search" time="1.713" classname="Test_Data_Generation.Tracking_Data_Update"/>
  <testcase name="Tracking_Number_Search" time="2.429" classname="Test_Data_Generation.Tracking_Data_Update"/>
  <testcase name="Tracking_Number_Search" time="1.399" classname="Test_Data_Generation.Tracking_Data_Update"/>
  <testcase name="Tracking_Number_Search" time="0.920" classname="Test_Data_Generation.Tracking_Data_Update"/>
  <testcase name="Tracking_Number_Search" time="1.888" classname="Test_Data_Generation.Tracking_Data_Update"/>
  <testcase name="Tracking_Number_Search" time="1.054" classname="Test_Data_Generation.Tracking_Data_Update"/>
  <testcase name="Tracking_Number_Search" time="1.559" classname="Test_Data_Generation.Tracking_Data_Update"/>
  <testcase name="Tracking_Number_Search" time="1.971" classname="Test_Data_Generation.Tracking_Data_Update"/>
  <testcase name="Tracking_Number_Search" time="5.142" classname="Test_Data_Generation.Tracking_Data_Update"/>
  <testcase name="Tracking_Number_Search" time="7.320" classname="Test_Data_Generation.Tracking_Data_Update"/>
  <testcase name="Tracking_Number_Search" time="1.240" classname="Test_Data_Generation.Tracking_Data_Update"/>
  <testcase name="Tracking_Number_Search" time="2.226" classname="Test_Data_Generation.Tracking_Data_Update"/>
  <testcase name="Tracking_Number_Search" time="1.274" classname="Test_Data_Generation.Tracking_Data_Update"/>
  <testcase name="Tracking_Number_Search" time="1.077" classname="Test_Data_Generation.Tracking_Data_Update"/>
  <testcase name="Tracking_Number_Search" time="1.206" classname="Test_Data_Generation.Tracking_Data_Update"/>
  <testcase name="Tracking_Number_Search" time="0.924" classname="Test_Data_Generation.Tracking_Data_Update"/>
  <testcase name="Tracking_Number_Search" time="0.755" classname="Test_Data_Generation.Tracking_Data_Update"/>
  <testcase name="Tracking_Number_Search" time="1.426" classname="Test_Data_Generation.Tracking_Data_Update"/>
  <testcase name="Tracking_Number_Search" time="1.317" classname="Test_Data_Generation.Tracking_Data_Update"/>
  <testcase name="Tracking_Number_Search" time="0.876" classname="Test_Data_Generation.Tracking_Data_Update"/>
  <testcase name="Tracking_Number_Search" time="1.430" classname="Test_Data_Generation.Tracking_Data_Update"/>
  <testcase name="Tracking_Number_Search" time="1.102" classname="Test_Data_Generation.Tracking_Data_Update"/>
  <testcase name="Tracking_Number_Search" time="1.527" classname="Test_Data_Generation.Tracking_Data_Update"/>
  <testcase name="Tracking_Number_Search" time="1.191" classname="Test_Data_Generation.Tracking_Data_Update"/>
  <testcase name="Tracking_Number_Search" time="1.145" classname="Test_Data_Generation.Tracking_Data_Update"/>
  <testcase name="Tracking_Number_Search" time="6.109" classname="Test_Data_Generation.Tracking_Data_Update"/>
  <testcase name="Tracking_Number_Search" time="1.853" classname="Test_Data_Generation.Tracking_Data_Update"/>
  <testcase name="Tracking_Number_Search" time="1.212" classname="Test_Data_Generation.Tracking_Data_Update"/>
  <testcase name="Tracking_Number_Search" time="1.448" classname="Test_Data_Generation.Tracking_Data_Update"/>
  <testcase name="Tracking_Number_Search" time="0.913" classname="Test_Data_Generation.Tracking_Data_Update"/>
  <testcase name="Tracking_Number_Search" time="1.315" classname="Test_Data_Generation.Tracking_Data_Update"/>
  <testcase name="Tracking_Number_Search" time="1.124" classname="Test_Data_Generation.Tracking_Data_Update"/>
  <testcase name="Tracking_Number_Search" time="6.275" classname="Test_Data_Generation.Tracking_Data_Update"/>
  <testcase name="Tracking_Number_Search" time="1.386" classname="Test_Data_Generation.Tracking_Data_Update"/>
  <testcase name="Tracking_Number_Search" time="2.366" classname="Test_Data_Generation.Tracking_Data_Update"/>
  <testcase name="Tracking_Number_Search" time="2.134" classname="Test_Data_Generation.Tracking_Data_Update"/>
  <testcase name="Tracking_Number_Search" time="3.113" classname="Test_Data_Generation.Tracking_Data_Update"/>
  <testcase name="Tracking_Number_Search" time="1.203" classname="Test_Data_Generation.Tracking_Data_Update"/>
  <testcase name="Tracking_Number_Search" time="1.541" classname="Test_Data_Generation.Tracking_Data_Update"/>
  <testcase name="Tracking_Number_Search" time="1.420" classname="Test_Data_Generation.Tracking_Data_Update"/>
  <testcase name="Tracking_Number_Search" time="0.974" classname="Test_Data_Generation.Tracking_Data_Update"/>
  <testcase name="Tracking_Number_Search" time="2.057" classname="Test_Data_Generation.Tracking_Data_Update"/>
  <testcase name="Tracking_Number_Search" time="4.504" classname="Test_Data_Generation.Tracking_Data_Update"/>
  <testcase name="Tracking_Number_Search" time="1.462" classname="Test_Data_Generation.Tracking_Data_Update"/>
  <testcase name="Tracking_Number_Search" time="1.022" classname="Test_Data_Generation.Tracking_Data_Update"/>
  <testcase name="Tracking_Number_Search" time="1.690" classname="Test_Data_Generation.Tracking_Data_Update"/>
  <testcase name="Tracking_Number_Search" time="1.198" classname="Test_Data_Generation.Tracking_Data_Update"/>
  <testcase name="Tracking_Number_Search" time="1.975" classname="Test_Data_Generation.Tracking_Data_Update"/>
  <testcase name="Tracking_Number_Search" time="5.192" classname="Test_Data_Generation.Tracking_Data_Update"/>
  <testcase name="Tracking_Number_Search" time="1.032" classname="Test_Data_Generation.Tracking_Data_Update"/>
  <testcase name="Tracking_Number_Search" time="1.704" classname="Test_Data_Generation.Tracking_Data_Update"/>
  <testcase name="Tracking_Number_Search" time="1.306" classname="Test_Data_Generation.Tracking_Data_Update"/>
  <testcase name="Tracking_Number_Search" time="1.124" classname="Test_Data_Generation.Tracking_Data_Update"/>
  <testcase name="Tracking_Number_Search" time="1.166" classname="Test_Data_Generation.Tracking_Data_Update"/>
  <testcase name="Tracking_Number_Search" time="1.064" classname="Test_Data_Generation.Tracking_Data_Update"/>
  <testcase name="Tracking_Number_Search" time="1.536" classname="Test_Data_Generation.Tracking_Data_Update"/>
  <testcase name="Tracking_Number_Search" time="1.589" classname="Test_Data_Generation.Tracking_Data_Update"/>
  <testcase name="Tracking_Number_Search" time="1.480" classname="Test_Data_Generation.Tracking_Data_Update"/>
  <testcase name="Tracking_Number_Search" time="1.466" classname="Test_Data_Generation.Tracking_Data_Update"/>
  <testcase name="Tracking_Number_Search" time="1.255" classname="Test_Data_Generation.Tracking_Data_Update"/>
  <testcase name="Tracking_Number_Search" time="1.986" classname="Test_Data_Generation.Tracking_Data_Update"/>
  <testcase name="Tracking_Number_Search" time="6.189" classname="Test_Data_Generation.Tracking_Data_Update"/>
  <testcase name="Tracking_Number_Search" time="1.255" classname="Test_Data_Generation.Tracking_Data_Update"/>
  <testcase name="Tracking_Number_Search" time="1.290" classname="Test_Data_Generation.Tracking_Data_Update"/>
  <testcase name="Tracking_Number_Search" time="1.209" classname="Test_Data_Generation.Tracking_Data_Update"/>
  <testcase name="Tracking_Number_Search" time="1.423" classname="Test_Data_Generation.Tracking_Data_Update"/>
  <testcase name="Tracking_Number_Search" time="1.212" classname="Test_Data_Generation.Tracking_Data_Update"/>
  <testcase name="Tracking_Number_Search" time="2.269" classname="Test_Data_Generation.Tracking_Data_Update"/>
  <testcase name="Tracking_Number_Search" time="1.632" classname="Test_Data_Generation.Tracking_Data_Update"/>
  <testcase name="Tracking_Number_Search" time="1.225" classname="Test_Data_Generation.Tracking_Data_Update"/>
  <testcase name="Tracking_Number_Search" time="1.560" classname="Test_Data_Generation.Tracking_Data_Update"/>
  <testcase name="Tracking_Number_Search" time="1.556" classname="Test_Data_Generation.Tracking_Data_Update"/>
  <testcase name="Tracking_Number_Search" time="2.182" classname="Test_Data_Generation.Tracking_Data_Update"/>
  <testcase name="Tracking_Number_Search" time="1.864" classname="Test_Data_Generation.Tracking_Data_Update"/>
  <testcase name="Tracking_Number_Search" time="0.834" classname="Test_Data_Generation.Tracking_Data_Update"/>
  <testcase name="Tracking_Number_Search" time="1.201" classname="Test_Data_Generation.Tracking_Data_Update"/>
  <testcase name="Tracking_Number_Search" time="0.895" classname="Test_Data_Generation.Tracking_Data_Update"/>
  <testcase name="Tracking_Number_Search" time="2.428" classname="Test_Data_Generation.Tracking_Data_Update"/>
  <testcase name="Tracking_Number_Search" time="1.099" classname="Test_Data_Generation.Tracking_Data_Update"/>
  <testcase name="Tracking_Number_Search" time="0.831" classname="Test_Data_Generation.Tracking_Data_Update"/>
  <testcase name="Tracking_Number_Update" classname="Test_Data_Generation.Tracking_Data_Update">
    <skipped/>
  </testcase> <!-- Tracking_Number_Update -->
  <testcase name="Pull_Tracking_Numbers" classname="Test_Data_Generation.Tracking_Data_Update">
    <skipped/>
  </testcase> <!-- Pull_Tracking_Numbers -->
</testsuite> <!-- Test_Data_Generation.Tracking_Data_Update -->
