<?xml version="1.0" encoding="UTF-8"?>
<!-- Generated by org.testng.reporters.JUnitReportReporter -->
<testsuite skipped="0" hostname="WTC-5159473-l2" name="Test_Data_Generation.Tracking_Number_Generation_INET" tests="1" failures="0" timestamp="01 Mar 2021 22:06:49 GMT" time="819.551" errors="0">
  <testcase name="INET_Create_Shipment" time="819.551" classname="Test_Data_Generation.Tracking_Number_Generation_INET"/>
</testsuite> <!-- Test_Data_Generation.Tracking_Number_Generation_INET -->
