<?xml version="1.0" encoding="UTF-8"?>
<!-- Generated by org.testng.reporters.JUnitReportReporter -->
<testsuite skipped="0" hostname="WTC-5159473-l2" name="ATRK_Application_Test.pi_12" tests="6" failures="0" timestamp="24 Jun 2019 18:21:51 GMT" time="385.624" errors="0">
  <testcase name="ATRK_AVERT_1228244" time="82.174" classname="ATRK_Application_Test.pi_12"/>
  <testcase name="ATRK_AVERT_1228244" time="77.654" classname="ATRK_Application_Test.pi_12"/>
  <testcase name="ATRK_AVERT_1228244" time="41.279" classname="ATRK_Application_Test.pi_12"/>
  <testcase name="ATRK_AVERT_1228244" time="46.452" classname="ATRK_Application_Test.pi_12"/>
  <testcase name="ATRK_AVERT_1228244" time="76.637" classname="ATRK_Application_Test.pi_12"/>
  <testcase name="ATRK_AVERT_1228244" time="61.428" classname="ATRK_Application_Test.pi_12"/>
</testsuite> <!-- ATRK_Application_Test.pi_12 -->
