<?xml version="1.0" encoding="UTF-8"?>
<!-- Generated by org.testng.reporters.JUnitReportReporter -->
<testsuite skipped="0" hostname="WTC-5159473-l2" name="WTRK_Application.pi_12" tests="6" failures="0" timestamp="21 Jun 2019 16:20:24 GMT" time="79.176" errors="0">
  <testcase name="WTRK_Remove_Next_Update" time="8.599" classname="WTRK_Application.pi_12"/>
  <testcase name="WTRK_Remove_Next_Update" time="10.842" classname="WTRK_Application.pi_12"/>
  <testcase name="WTRK_Remove_Next_Update" time="26.229" classname="WTRK_Application.pi_12"/>
  <testcase name="WTRK_Remove_Next_Update" time="7.929" classname="WTRK_Application.pi_12"/>
  <testcase name="WTRK_Remove_Next_Update" time="6.886" classname="WTRK_Application.pi_12"/>
  <testcase name="WTRK_Remove_Next_Update" time="18.691" classname="WTRK_Application.pi_12"/>
</testsuite> <!-- WTRK_Application.pi_12 -->
