<?xml version="1.0" encoding="UTF-8"?>
<!-- Generated by org.testng.reporters.JUnitReportReporter -->
<testsuite skipped="0" hostname="WTC-5159473-l2" name="ATRK_Application.ATRK_Performance" tests="20" failures="0" timestamp="09 Mar 2020 22:07:47 GMT" time="9908.992" errors="0">
  <testcase name="TestSpeed" time="281.773" classname="ATRK_Application.ATRK_Performance"/>
  <testcase name="TestSpeed" time="865.948" classname="ATRK_Application.ATRK_Performance"/>
  <testcase name="TestSpeed" time="865.641" classname="ATRK_Application.ATRK_Performance"/>
  <testcase name="TestSpeed" time="672.889" classname="ATRK_Application.ATRK_Performance"/>
  <testcase name="TestSpeed" time="464.102" classname="ATRK_Application.ATRK_Performance"/>
  <testcase name="TestSpeed" time="391.352" classname="ATRK_Application.ATRK_Performance"/>
  <testcase name="TestSpeed" time="1018.720" classname="ATRK_Application.ATRK_Performance"/>
  <testcase name="TestSpeed" time="535.690" classname="ATRK_Application.ATRK_Performance"/>
  <testcase name="TestSpeed" time="399.485" classname="ATRK_Application.ATRK_Performance"/>
  <testcase name="TestSpeed" time="624.922" classname="ATRK_Application.ATRK_Performance"/>
  <testcase name="TestSpeed" time="213.870" classname="ATRK_Application.ATRK_Performance"/>
  <testcase name="TestSpeed" time="404.606" classname="ATRK_Application.ATRK_Performance"/>
  <testcase name="TestSpeed" time="219.374" classname="ATRK_Application.ATRK_Performance"/>
  <testcase name="TestSpeed" time="93.987" classname="ATRK_Application.ATRK_Performance"/>
  <testcase name="TestSpeed" time="582.558" classname="ATRK_Application.ATRK_Performance"/>
  <testcase name="TestSpeed" time="170.015" classname="ATRK_Application.ATRK_Performance"/>
  <testcase name="TestSpeed" time="515.971" classname="ATRK_Application.ATRK_Performance"/>
  <testcase name="TestSpeed" time="288.344" classname="ATRK_Application.ATRK_Performance"/>
  <testcase name="TestSpeed" time="602.879" classname="ATRK_Application.ATRK_Performance"/>
  <testcase name="TestSpeed" time="696.866" classname="ATRK_Application.ATRK_Performance"/>
</testsuite> <!-- ATRK_Application.ATRK_Performance -->
