<?xml version="1.0" encoding="UTF-8"?>
<!-- Generated by org.testng.reporters.JUnitReportReporter -->
<testsuite skipped="0" hostname="WTC-5159473-l2" name="Test_Data_Generation.Add_Tracking_Numbers_To_User" tests="329" failures="0" timestamp="20 Nov 2019 22:04:42 GMT" time="370.187" errors="0">
  <testcase name="Add_Exceptions" time="1.017" classname="Test_Data_Generation.Add_Tracking_Numbers_To_User"/>
  <testcase name="Add_Exceptions" time="0.999" classname="Test_Data_Generation.Add_Tracking_Numbers_To_User"/>
  <testcase name="Add_Exceptions" time="0.970" classname="Test_Data_Generation.Add_Tracking_Numbers_To_User"/>
  <testcase name="Add_Exceptions" time="0.992" classname="Test_Data_Generation.Add_Tracking_Numbers_To_User"/>
  <testcase name="Add_Exceptions" time="0.980" classname="Test_Data_Generation.Add_Tracking_Numbers_To_User"/>
  <testcase name="Add_Exceptions" time="1.009" classname="Test_Data_Generation.Add_Tracking_Numbers_To_User"/>
  <testcase name="Add_Exceptions" time="1.051" classname="Test_Data_Generation.Add_Tracking_Numbers_To_User"/>
  <testcase name="Add_Exceptions" time="1.153" classname="Test_Data_Generation.Add_Tracking_Numbers_To_User"/>
  <testcase name="Add_Exceptions" time="1.099" classname="Test_Data_Generation.Add_Tracking_Numbers_To_User"/>
  <testcase name="Add_Exceptions" time="0.995" classname="Test_Data_Generation.Add_Tracking_Numbers_To_User"/>
  <testcase name="Add_Exceptions" time="0.991" classname="Test_Data_Generation.Add_Tracking_Numbers_To_User"/>
  <testcase name="Add_Exceptions" time="1.199" classname="Test_Data_Generation.Add_Tracking_Numbers_To_User"/>
  <testcase name="Add_Exceptions" time="0.971" classname="Test_Data_Generation.Add_Tracking_Numbers_To_User"/>
  <testcase name="Add_Exceptions" time="1.064" classname="Test_Data_Generation.Add_Tracking_Numbers_To_User"/>
  <testcase name="Add_Exceptions" time="1.032" classname="Test_Data_Generation.Add_Tracking_Numbers_To_User"/>
  <testcase name="Add_Exceptions" time="1.077" classname="Test_Data_Generation.Add_Tracking_Numbers_To_User"/>
  <testcase name="Add_Exceptions" time="2.188" classname="Test_Data_Generation.Add_Tracking_Numbers_To_User"/>
  <testcase name="Add_Exceptions" time="1.134" classname="Test_Data_Generation.Add_Tracking_Numbers_To_User"/>
  <testcase name="Add_Exceptions" time="0.970" classname="Test_Data_Generation.Add_Tracking_Numbers_To_User"/>
  <testcase name="Add_Exceptions" time="1.181" classname="Test_Data_Generation.Add_Tracking_Numbers_To_User"/>
  <testcase name="Add_Exceptions" time="1.016" classname="Test_Data_Generation.Add_Tracking_Numbers_To_User"/>
  <testcase name="Add_Exceptions" time="1.091" classname="Test_Data_Generation.Add_Tracking_Numbers_To_User"/>
  <testcase name="Add_Exceptions" time="1.081" classname="Test_Data_Generation.Add_Tracking_Numbers_To_User"/>
  <testcase name="Add_Exceptions" time="0.969" classname="Test_Data_Generation.Add_Tracking_Numbers_To_User"/>
  <testcase name="Add_Exceptions" time="1.068" classname="Test_Data_Generation.Add_Tracking_Numbers_To_User"/>
  <testcase name="Add_Exceptions" time="1.167" classname="Test_Data_Generation.Add_Tracking_Numbers_To_User"/>
  <testcase name="Add_Exceptions" time="0.976" classname="Test_Data_Generation.Add_Tracking_Numbers_To_User"/>
  <testcase name="Add_Exceptions" time="1.190" classname="Test_Data_Generation.Add_Tracking_Numbers_To_User"/>
  <testcase name="Add_Exceptions" time="1.108" classname="Test_Data_Generation.Add_Tracking_Numbers_To_User"/>
  <testcase name="Add_Exceptions" time="1.057" classname="Test_Data_Generation.Add_Tracking_Numbers_To_User"/>
  <testcase name="Add_Exceptions" time="1.110" classname="Test_Data_Generation.Add_Tracking_Numbers_To_User"/>
  <testcase name="Add_Exceptions" time="2.098" classname="Test_Data_Generation.Add_Tracking_Numbers_To_User"/>
  <testcase name="Add_Exceptions" time="1.005" classname="Test_Data_Generation.Add_Tracking_Numbers_To_User"/>
  <testcase name="Add_Exceptions" time="1.181" classname="Test_Data_Generation.Add_Tracking_Numbers_To_User"/>
  <testcase name="Add_Exceptions" time="1.055" classname="Test_Data_Generation.Add_Tracking_Numbers_To_User"/>
  <testcase name="Add_Exceptions" time="1.127" classname="Test_Data_Generation.Add_Tracking_Numbers_To_User"/>
  <testcase name="Add_Exceptions" time="1.130" classname="Test_Data_Generation.Add_Tracking_Numbers_To_User"/>
  <testcase name="Add_Exceptions" time="1.018" classname="Test_Data_Generation.Add_Tracking_Numbers_To_User"/>
  <testcase name="Add_Exceptions" time="0.104" classname="Test_Data_Generation.Add_Tracking_Numbers_To_User"/>
  <testcase name="Add_Exceptions" time="1.046" classname="Test_Data_Generation.Add_Tracking_Numbers_To_User"/>
  <testcase name="Add_Exceptions" time="1.084" classname="Test_Data_Generation.Add_Tracking_Numbers_To_User"/>
  <testcase name="Add_Exceptions" time="1.316" classname="Test_Data_Generation.Add_Tracking_Numbers_To_User"/>
  <testcase name="Add_Exceptions" time="1.052" classname="Test_Data_Generation.Add_Tracking_Numbers_To_User"/>
  <testcase name="Add_Exceptions" time="1.060" classname="Test_Data_Generation.Add_Tracking_Numbers_To_User"/>
  <testcase name="Add_Exceptions" time="1.031" classname="Test_Data_Generation.Add_Tracking_Numbers_To_User"/>
  <testcase name="Add_Exceptions" time="0.991" classname="Test_Data_Generation.Add_Tracking_Numbers_To_User"/>
  <testcase name="Add_Exceptions" time="1.072" classname="Test_Data_Generation.Add_Tracking_Numbers_To_User"/>
  <testcase name="Add_Exceptions" time="1.142" classname="Test_Data_Generation.Add_Tracking_Numbers_To_User"/>
  <testcase name="Add_Exceptions" time="1.074" classname="Test_Data_Generation.Add_Tracking_Numbers_To_User"/>
  <testcase name="Add_Exceptions" time="0.957" classname="Test_Data_Generation.Add_Tracking_Numbers_To_User"/>
  <testcase name="Add_Exceptions" time="1.014" classname="Test_Data_Generation.Add_Tracking_Numbers_To_User"/>
  <testcase name="Add_Exceptions" time="1.059" classname="Test_Data_Generation.Add_Tracking_Numbers_To_User"/>
  <testcase name="Add_Exceptions" time="1.079" classname="Test_Data_Generation.Add_Tracking_Numbers_To_User"/>
  <testcase name="Add_Exceptions" time="0.986" classname="Test_Data_Generation.Add_Tracking_Numbers_To_User"/>
  <testcase name="Add_Exceptions" time="1.071" classname="Test_Data_Generation.Add_Tracking_Numbers_To_User"/>
  <testcase name="Add_Exceptions" time="1.042" classname="Test_Data_Generation.Add_Tracking_Numbers_To_User"/>
  <testcase name="Add_Exceptions" time="1.040" classname="Test_Data_Generation.Add_Tracking_Numbers_To_User"/>
  <testcase name="Add_Exceptions" time="1.153" classname="Test_Data_Generation.Add_Tracking_Numbers_To_User"/>
  <testcase name="Add_Exceptions" time="1.042" classname="Test_Data_Generation.Add_Tracking_Numbers_To_User"/>
  <testcase name="Add_Exceptions" time="1.137" classname="Test_Data_Generation.Add_Tracking_Numbers_To_User"/>
  <testcase name="Add_Exceptions" time="1.087" classname="Test_Data_Generation.Add_Tracking_Numbers_To_User"/>
  <testcase name="Add_Exceptions" time="1.012" classname="Test_Data_Generation.Add_Tracking_Numbers_To_User"/>
  <testcase name="Add_Exceptions" time="1.125" classname="Test_Data_Generation.Add_Tracking_Numbers_To_User"/>
  <testcase name="Add_Exceptions" time="1.001" classname="Test_Data_Generation.Add_Tracking_Numbers_To_User"/>
  <testcase name="Add_Exceptions" time="0.991" classname="Test_Data_Generation.Add_Tracking_Numbers_To_User"/>
  <testcase name="Add_Exceptions" time="1.414" classname="Test_Data_Generation.Add_Tracking_Numbers_To_User"/>
  <testcase name="Add_Exceptions" time="1.046" classname="Test_Data_Generation.Add_Tracking_Numbers_To_User"/>
  <testcase name="Add_Exceptions" time="1.025" classname="Test_Data_Generation.Add_Tracking_Numbers_To_User"/>
  <testcase name="Add_Exceptions" time="1.043" classname="Test_Data_Generation.Add_Tracking_Numbers_To_User"/>
  <testcase name="Add_Exceptions" time="1.113" classname="Test_Data_Generation.Add_Tracking_Numbers_To_User"/>
  <testcase name="Add_Exceptions" time="0.991" classname="Test_Data_Generation.Add_Tracking_Numbers_To_User"/>
  <testcase name="Add_Exceptions" time="1.121" classname="Test_Data_Generation.Add_Tracking_Numbers_To_User"/>
  <testcase name="Add_Exceptions" time="0.998" classname="Test_Data_Generation.Add_Tracking_Numbers_To_User"/>
  <testcase name="Add_Exceptions" time="1.130" classname="Test_Data_Generation.Add_Tracking_Numbers_To_User"/>
  <testcase name="Add_Exceptions" time="1.113" classname="Test_Data_Generation.Add_Tracking_Numbers_To_User"/>
  <testcase name="Add_Exceptions" time="1.086" classname="Test_Data_Generation.Add_Tracking_Numbers_To_User"/>
  <testcase name="Add_Exceptions" time="0.972" classname="Test_Data_Generation.Add_Tracking_Numbers_To_User"/>
  <testcase name="Add_Exceptions" time="0.968" classname="Test_Data_Generation.Add_Tracking_Numbers_To_User"/>
  <testcase name="Add_Exceptions" time="1.086" classname="Test_Data_Generation.Add_Tracking_Numbers_To_User"/>
  <testcase name="Add_Exceptions" time="1.055" classname="Test_Data_Generation.Add_Tracking_Numbers_To_User"/>
  <testcase name="Add_Exceptions" time="1.054" classname="Test_Data_Generation.Add_Tracking_Numbers_To_User"/>
  <testcase name="Add_Exceptions" time="0.979" classname="Test_Data_Generation.Add_Tracking_Numbers_To_User"/>
  <testcase name="Add_Exceptions" time="0.962" classname="Test_Data_Generation.Add_Tracking_Numbers_To_User"/>
  <testcase name="Add_Exceptions" time="1.147" classname="Test_Data_Generation.Add_Tracking_Numbers_To_User"/>
  <testcase name="Add_Exceptions" time="1.048" classname="Test_Data_Generation.Add_Tracking_Numbers_To_User"/>
  <testcase name="Add_Exceptions" time="1.037" classname="Test_Data_Generation.Add_Tracking_Numbers_To_User"/>
  <testcase name="Add_Exceptions" time="0.986" classname="Test_Data_Generation.Add_Tracking_Numbers_To_User"/>
  <testcase name="Add_Exceptions" time="1.150" classname="Test_Data_Generation.Add_Tracking_Numbers_To_User"/>
  <testcase name="Add_Exceptions" time="1.029" classname="Test_Data_Generation.Add_Tracking_Numbers_To_User"/>
  <testcase name="Add_Exceptions" time="1.042" classname="Test_Data_Generation.Add_Tracking_Numbers_To_User"/>
  <testcase name="Add_Exceptions" time="1.017" classname="Test_Data_Generation.Add_Tracking_Numbers_To_User"/>
  <testcase name="Add_Exceptions" time="1.109" classname="Test_Data_Generation.Add_Tracking_Numbers_To_User"/>
  <testcase name="Add_Exceptions" time="1.125" classname="Test_Data_Generation.Add_Tracking_Numbers_To_User"/>
  <testcase name="Add_Exceptions" time="1.116" classname="Test_Data_Generation.Add_Tracking_Numbers_To_User"/>
  <testcase name="Add_Exceptions" time="1.040" classname="Test_Data_Generation.Add_Tracking_Numbers_To_User"/>
  <testcase name="Add_Exceptions" time="1.082" classname="Test_Data_Generation.Add_Tracking_Numbers_To_User"/>
  <testcase name="Add_Exceptions" time="0.977" classname="Test_Data_Generation.Add_Tracking_Numbers_To_User"/>
  <testcase name="Add_Exceptions" time="0.966" classname="Test_Data_Generation.Add_Tracking_Numbers_To_User"/>
  <testcase name="Add_Exceptions" time="1.164" classname="Test_Data_Generation.Add_Tracking_Numbers_To_User"/>
  <testcase name="Add_Exceptions" time="0.985" classname="Test_Data_Generation.Add_Tracking_Numbers_To_User"/>
  <testcase name="Add_Exceptions" time="1.083" classname="Test_Data_Generation.Add_Tracking_Numbers_To_User"/>
  <testcase name="Add_Exceptions" time="1.127" classname="Test_Data_Generation.Add_Tracking_Numbers_To_User"/>
  <testcase name="Add_Exceptions" time="1.188" classname="Test_Data_Generation.Add_Tracking_Numbers_To_User"/>
  <testcase name="Add_Exceptions" time="1.040" classname="Test_Data_Generation.Add_Tracking_Numbers_To_User"/>
  <testcase name="Add_Exceptions" time="1.088" classname="Test_Data_Generation.Add_Tracking_Numbers_To_User"/>
  <testcase name="Add_Exceptions" time="1.222" classname="Test_Data_Generation.Add_Tracking_Numbers_To_User"/>
  <testcase name="Add_Exceptions" time="1.128" classname="Test_Data_Generation.Add_Tracking_Numbers_To_User"/>
  <testcase name="Add_Exceptions" time="0.987" classname="Test_Data_Generation.Add_Tracking_Numbers_To_User"/>
  <testcase name="Add_Exceptions" time="1.040" classname="Test_Data_Generation.Add_Tracking_Numbers_To_User"/>
  <testcase name="Add_Exceptions" time="1.006" classname="Test_Data_Generation.Add_Tracking_Numbers_To_User"/>
  <testcase name="Add_Exceptions" time="1.013" classname="Test_Data_Generation.Add_Tracking_Numbers_To_User"/>
  <testcase name="Add_Exceptions" time="1.083" classname="Test_Data_Generation.Add_Tracking_Numbers_To_User"/>
  <testcase name="Add_Exceptions" time="1.007" classname="Test_Data_Generation.Add_Tracking_Numbers_To_User"/>
  <testcase name="Add_Exceptions" time="1.130" classname="Test_Data_Generation.Add_Tracking_Numbers_To_User"/>
  <testcase name="Add_Exceptions" time="1.172" classname="Test_Data_Generation.Add_Tracking_Numbers_To_User"/>
  <testcase name="Add_Exceptions" time="1.028" classname="Test_Data_Generation.Add_Tracking_Numbers_To_User"/>
  <testcase name="Add_Exceptions" time="1.234" classname="Test_Data_Generation.Add_Tracking_Numbers_To_User"/>
  <testcase name="Add_Exceptions" time="1.131" classname="Test_Data_Generation.Add_Tracking_Numbers_To_User"/>
  <testcase name="Add_Exceptions" time="0.995" classname="Test_Data_Generation.Add_Tracking_Numbers_To_User"/>
  <testcase name="Add_Exceptions" time="1.128" classname="Test_Data_Generation.Add_Tracking_Numbers_To_User"/>
  <testcase name="Add_Exceptions" time="1.016" classname="Test_Data_Generation.Add_Tracking_Numbers_To_User"/>
  <testcase name="Add_Exceptions" time="0.967" classname="Test_Data_Generation.Add_Tracking_Numbers_To_User"/>
  <testcase name="Add_Exceptions" time="1.830" classname="Test_Data_Generation.Add_Tracking_Numbers_To_User"/>
  <testcase name="Add_Exceptions" time="2.092" classname="Test_Data_Generation.Add_Tracking_Numbers_To_User"/>
  <testcase name="Add_Exceptions" time="1.000" classname="Test_Data_Generation.Add_Tracking_Numbers_To_User"/>
  <testcase name="Add_Exceptions" time="1.107" classname="Test_Data_Generation.Add_Tracking_Numbers_To_User"/>
  <testcase name="Add_Exceptions" time="1.056" classname="Test_Data_Generation.Add_Tracking_Numbers_To_User"/>
  <testcase name="Add_Exceptions" time="0.108" classname="Test_Data_Generation.Add_Tracking_Numbers_To_User"/>
  <testcase name="Add_Exceptions" time="1.160" classname="Test_Data_Generation.Add_Tracking_Numbers_To_User"/>
  <testcase name="Add_Exceptions" time="1.004" classname="Test_Data_Generation.Add_Tracking_Numbers_To_User"/>
  <testcase name="Add_Exceptions" time="1.002" classname="Test_Data_Generation.Add_Tracking_Numbers_To_User"/>
  <testcase name="Add_Exceptions" time="1.056" classname="Test_Data_Generation.Add_Tracking_Numbers_To_User"/>
  <testcase name="Add_Exceptions" time="1.135" classname="Test_Data_Generation.Add_Tracking_Numbers_To_User"/>
  <testcase name="Add_Exceptions" time="1.122" classname="Test_Data_Generation.Add_Tracking_Numbers_To_User"/>
  <testcase name="Add_Exceptions" time="1.112" classname="Test_Data_Generation.Add_Tracking_Numbers_To_User"/>
  <testcase name="Add_Exceptions" time="1.139" classname="Test_Data_Generation.Add_Tracking_Numbers_To_User"/>
  <testcase name="Add_Exceptions" time="1.096" classname="Test_Data_Generation.Add_Tracking_Numbers_To_User"/>
  <testcase name="Add_Exceptions" time="0.986" classname="Test_Data_Generation.Add_Tracking_Numbers_To_User"/>
  <testcase name="Add_Exceptions" time="1.022" classname="Test_Data_Generation.Add_Tracking_Numbers_To_User"/>
  <testcase name="Add_Exceptions" time="0.980" classname="Test_Data_Generation.Add_Tracking_Numbers_To_User"/>
  <testcase name="Add_Exceptions" time="2.094" classname="Test_Data_Generation.Add_Tracking_Numbers_To_User"/>
  <testcase name="Add_Exceptions" time="2.289" classname="Test_Data_Generation.Add_Tracking_Numbers_To_User"/>
  <testcase name="Add_Exceptions" time="0.979" classname="Test_Data_Generation.Add_Tracking_Numbers_To_User"/>
  <testcase name="Add_Exceptions" time="0.974" classname="Test_Data_Generation.Add_Tracking_Numbers_To_User"/>
  <testcase name="Add_Exceptions" time="1.048" classname="Test_Data_Generation.Add_Tracking_Numbers_To_User"/>
  <testcase name="Add_Exceptions" time="1.049" classname="Test_Data_Generation.Add_Tracking_Numbers_To_User"/>
  <testcase name="Add_Exceptions" time="0.979" classname="Test_Data_Generation.Add_Tracking_Numbers_To_User"/>
  <testcase name="Add_Exceptions" time="0.982" classname="Test_Data_Generation.Add_Tracking_Numbers_To_User"/>
  <testcase name="Add_Exceptions" time="1.102" classname="Test_Data_Generation.Add_Tracking_Numbers_To_User"/>
  <testcase name="Add_Exceptions" time="1.202" classname="Test_Data_Generation.Add_Tracking_Numbers_To_User"/>
  <testcase name="Add_Exceptions" time="1.127" classname="Test_Data_Generation.Add_Tracking_Numbers_To_User"/>
  <testcase name="Add_Exceptions" time="1.171" classname="Test_Data_Generation.Add_Tracking_Numbers_To_User"/>
  <testcase name="Add_Exceptions" time="1.097" classname="Test_Data_Generation.Add_Tracking_Numbers_To_User"/>
  <testcase name="Add_Exceptions" time="0.974" classname="Test_Data_Generation.Add_Tracking_Numbers_To_User"/>
  <testcase name="Add_Exceptions" time="1.085" classname="Test_Data_Generation.Add_Tracking_Numbers_To_User"/>
  <testcase name="Add_Exceptions" time="0.990" classname="Test_Data_Generation.Add_Tracking_Numbers_To_User"/>
  <testcase name="Add_Exceptions" time="1.005" classname="Test_Data_Generation.Add_Tracking_Numbers_To_User"/>
  <testcase name="Add_Exceptions" time="1.372" classname="Test_Data_Generation.Add_Tracking_Numbers_To_User"/>
  <testcase name="Add_Exceptions" time="0.954" classname="Test_Data_Generation.Add_Tracking_Numbers_To_User"/>
  <testcase name="Add_Exceptions" time="1.111" classname="Test_Data_Generation.Add_Tracking_Numbers_To_User"/>
  <testcase name="Add_Exceptions" time="1.169" classname="Test_Data_Generation.Add_Tracking_Numbers_To_User"/>
  <testcase name="Add_Exceptions" time="1.079" classname="Test_Data_Generation.Add_Tracking_Numbers_To_User"/>
  <testcase name="Add_Exceptions" time="1.012" classname="Test_Data_Generation.Add_Tracking_Numbers_To_User"/>
  <testcase name="Add_Exceptions" time="1.050" classname="Test_Data_Generation.Add_Tracking_Numbers_To_User"/>
  <testcase name="Add_Exceptions" time="1.012" classname="Test_Data_Generation.Add_Tracking_Numbers_To_User"/>
  <testcase name="Add_Exceptions" time="1.105" classname="Test_Data_Generation.Add_Tracking_Numbers_To_User"/>
  <testcase name="Add_Exceptions" time="1.439" classname="Test_Data_Generation.Add_Tracking_Numbers_To_User"/>
  <testcase name="Add_Exceptions" time="0.982" classname="Test_Data_Generation.Add_Tracking_Numbers_To_User"/>
  <testcase name="Add_Exceptions" time="2.396" classname="Test_Data_Generation.Add_Tracking_Numbers_To_User"/>
  <testcase name="Add_Exceptions" time="1.197" classname="Test_Data_Generation.Add_Tracking_Numbers_To_User"/>
  <testcase name="Add_Exceptions" time="1.029" classname="Test_Data_Generation.Add_Tracking_Numbers_To_User"/>
  <testcase name="Add_Exceptions" time="1.116" classname="Test_Data_Generation.Add_Tracking_Numbers_To_User"/>
  <testcase name="Add_Exceptions" time="0.965" classname="Test_Data_Generation.Add_Tracking_Numbers_To_User"/>
  <testcase name="Add_Exceptions" time="1.161" classname="Test_Data_Generation.Add_Tracking_Numbers_To_User"/>
  <testcase name="Add_Exceptions" time="1.035" classname="Test_Data_Generation.Add_Tracking_Numbers_To_User"/>
  <testcase name="Add_Exceptions" time="1.027" classname="Test_Data_Generation.Add_Tracking_Numbers_To_User"/>
  <testcase name="Add_Exceptions" time="1.157" classname="Test_Data_Generation.Add_Tracking_Numbers_To_User"/>
  <testcase name="Add_Exceptions" time="2.498" classname="Test_Data_Generation.Add_Tracking_Numbers_To_User"/>
  <testcase name="Add_Exceptions" time="1.093" classname="Test_Data_Generation.Add_Tracking_Numbers_To_User"/>
  <testcase name="Add_Exceptions" time="1.126" classname="Test_Data_Generation.Add_Tracking_Numbers_To_User"/>
  <testcase name="Add_Exceptions" time="1.087" classname="Test_Data_Generation.Add_Tracking_Numbers_To_User"/>
  <testcase name="Add_Exceptions" time="1.093" classname="Test_Data_Generation.Add_Tracking_Numbers_To_User"/>
  <testcase name="Add_Exceptions" time="2.076" classname="Test_Data_Generation.Add_Tracking_Numbers_To_User"/>
  <testcase name="Add_Exceptions" time="1.060" classname="Test_Data_Generation.Add_Tracking_Numbers_To_User"/>
  <testcase name="Add_Exceptions" time="1.174" classname="Test_Data_Generation.Add_Tracking_Numbers_To_User"/>
  <testcase name="Add_Exceptions" time="0.972" classname="Test_Data_Generation.Add_Tracking_Numbers_To_User"/>
  <testcase name="Add_Exceptions" time="1.063" classname="Test_Data_Generation.Add_Tracking_Numbers_To_User"/>
  <testcase name="Add_Exceptions" time="1.096" classname="Test_Data_Generation.Add_Tracking_Numbers_To_User"/>
  <testcase name="Add_Exceptions" time="0.976" classname="Test_Data_Generation.Add_Tracking_Numbers_To_User"/>
  <testcase name="Add_Exceptions" time="1.053" classname="Test_Data_Generation.Add_Tracking_Numbers_To_User"/>
  <testcase name="Add_Exceptions" time="1.001" classname="Test_Data_Generation.Add_Tracking_Numbers_To_User"/>
  <testcase name="Add_Exceptions" time="1.098" classname="Test_Data_Generation.Add_Tracking_Numbers_To_User"/>
  <testcase name="Add_Exceptions" time="0.979" classname="Test_Data_Generation.Add_Tracking_Numbers_To_User"/>
  <testcase name="Add_Exceptions" time="1.346" classname="Test_Data_Generation.Add_Tracking_Numbers_To_User"/>
  <testcase name="Add_Exceptions" time="1.755" classname="Test_Data_Generation.Add_Tracking_Numbers_To_User"/>
  <testcase name="Add_Exceptions" time="1.019" classname="Test_Data_Generation.Add_Tracking_Numbers_To_User"/>
  <testcase name="Add_Exceptions" time="0.115" classname="Test_Data_Generation.Add_Tracking_Numbers_To_User"/>
  <testcase name="Add_Exceptions" time="1.087" classname="Test_Data_Generation.Add_Tracking_Numbers_To_User"/>
  <testcase name="Add_Exceptions" time="0.974" classname="Test_Data_Generation.Add_Tracking_Numbers_To_User"/>
  <testcase name="Add_Exceptions" time="1.121" classname="Test_Data_Generation.Add_Tracking_Numbers_To_User"/>
  <testcase name="Add_Exceptions" time="1.097" classname="Test_Data_Generation.Add_Tracking_Numbers_To_User"/>
  <testcase name="Add_Exceptions" time="1.116" classname="Test_Data_Generation.Add_Tracking_Numbers_To_User"/>
  <testcase name="Add_Exceptions" time="1.094" classname="Test_Data_Generation.Add_Tracking_Numbers_To_User"/>
  <testcase name="Add_Exceptions" time="1.072" classname="Test_Data_Generation.Add_Tracking_Numbers_To_User"/>
  <testcase name="Add_Exceptions" time="1.130" classname="Test_Data_Generation.Add_Tracking_Numbers_To_User"/>
  <testcase name="Add_Exceptions" time="1.039" classname="Test_Data_Generation.Add_Tracking_Numbers_To_User"/>
  <testcase name="Add_Exceptions" time="0.980" classname="Test_Data_Generation.Add_Tracking_Numbers_To_User"/>
  <testcase name="Add_Exceptions" time="1.187" classname="Test_Data_Generation.Add_Tracking_Numbers_To_User"/>
  <testcase name="Add_Exceptions" time="1.093" classname="Test_Data_Generation.Add_Tracking_Numbers_To_User"/>
  <testcase name="Add_Exceptions" time="1.153" classname="Test_Data_Generation.Add_Tracking_Numbers_To_User"/>
  <testcase name="Add_Exceptions" time="1.118" classname="Test_Data_Generation.Add_Tracking_Numbers_To_User"/>
  <testcase name="Add_Exceptions" time="1.062" classname="Test_Data_Generation.Add_Tracking_Numbers_To_User"/>
  <testcase name="Add_Exceptions" time="1.132" classname="Test_Data_Generation.Add_Tracking_Numbers_To_User"/>
  <testcase name="Add_Exceptions" time="2.195" classname="Test_Data_Generation.Add_Tracking_Numbers_To_User"/>
  <testcase name="Add_Exceptions" time="1.132" classname="Test_Data_Generation.Add_Tracking_Numbers_To_User"/>
  <testcase name="Add_Exceptions" time="2.138" classname="Test_Data_Generation.Add_Tracking_Numbers_To_User"/>
  <testcase name="Add_Exceptions" time="1.056" classname="Test_Data_Generation.Add_Tracking_Numbers_To_User"/>
  <testcase name="Add_Exceptions" time="0.999" classname="Test_Data_Generation.Add_Tracking_Numbers_To_User"/>
  <testcase name="Add_Exceptions" time="1.187" classname="Test_Data_Generation.Add_Tracking_Numbers_To_User"/>
  <testcase name="Add_Exceptions" time="1.001" classname="Test_Data_Generation.Add_Tracking_Numbers_To_User"/>
  <testcase name="Add_Exceptions" time="1.031" classname="Test_Data_Generation.Add_Tracking_Numbers_To_User"/>
  <testcase name="Add_Exceptions" time="1.018" classname="Test_Data_Generation.Add_Tracking_Numbers_To_User"/>
  <testcase name="Add_Exceptions" time="1.103" classname="Test_Data_Generation.Add_Tracking_Numbers_To_User"/>
  <testcase name="Add_Exceptions" time="0.981" classname="Test_Data_Generation.Add_Tracking_Numbers_To_User"/>
  <testcase name="Add_Exceptions" time="1.002" classname="Test_Data_Generation.Add_Tracking_Numbers_To_User"/>
  <testcase name="Add_Exceptions" time="1.003" classname="Test_Data_Generation.Add_Tracking_Numbers_To_User"/>
  <testcase name="Add_Exceptions" time="1.168" classname="Test_Data_Generation.Add_Tracking_Numbers_To_User"/>
  <testcase name="Add_Exceptions" time="1.134" classname="Test_Data_Generation.Add_Tracking_Numbers_To_User"/>
  <testcase name="Add_Exceptions" time="1.071" classname="Test_Data_Generation.Add_Tracking_Numbers_To_User"/>
  <testcase name="Add_Exceptions" time="0.952" classname="Test_Data_Generation.Add_Tracking_Numbers_To_User"/>
  <testcase name="Add_Exceptions" time="1.080" classname="Test_Data_Generation.Add_Tracking_Numbers_To_User"/>
  <testcase name="Add_Exceptions" time="0.972" classname="Test_Data_Generation.Add_Tracking_Numbers_To_User"/>
  <testcase name="Add_Exceptions" time="1.394" classname="Test_Data_Generation.Add_Tracking_Numbers_To_User"/>
  <testcase name="Add_Exceptions" time="1.178" classname="Test_Data_Generation.Add_Tracking_Numbers_To_User"/>
  <testcase name="Add_Exceptions" time="1.113" classname="Test_Data_Generation.Add_Tracking_Numbers_To_User"/>
  <testcase name="Add_Exceptions" time="1.160" classname="Test_Data_Generation.Add_Tracking_Numbers_To_User"/>
  <testcase name="Add_Exceptions" time="1.182" classname="Test_Data_Generation.Add_Tracking_Numbers_To_User"/>
  <testcase name="Add_Exceptions" time="1.044" classname="Test_Data_Generation.Add_Tracking_Numbers_To_User"/>
  <testcase name="Add_Exceptions" time="1.113" classname="Test_Data_Generation.Add_Tracking_Numbers_To_User"/>
  <testcase name="Add_Exceptions" time="1.115" classname="Test_Data_Generation.Add_Tracking_Numbers_To_User"/>
  <testcase name="Add_Exceptions" time="1.103" classname="Test_Data_Generation.Add_Tracking_Numbers_To_User"/>
  <testcase name="Add_Exceptions" time="1.058" classname="Test_Data_Generation.Add_Tracking_Numbers_To_User"/>
  <testcase name="Add_Exceptions" time="1.162" classname="Test_Data_Generation.Add_Tracking_Numbers_To_User"/>
  <testcase name="Add_Exceptions" time="1.406" classname="Test_Data_Generation.Add_Tracking_Numbers_To_User"/>
  <testcase name="Add_Exceptions" time="1.072" classname="Test_Data_Generation.Add_Tracking_Numbers_To_User"/>
  <testcase name="Add_Exceptions" time="1.022" classname="Test_Data_Generation.Add_Tracking_Numbers_To_User"/>
  <testcase name="Add_Exceptions" time="1.117" classname="Test_Data_Generation.Add_Tracking_Numbers_To_User"/>
  <testcase name="Add_Exceptions" time="1.015" classname="Test_Data_Generation.Add_Tracking_Numbers_To_User"/>
  <testcase name="Add_Exceptions" time="1.042" classname="Test_Data_Generation.Add_Tracking_Numbers_To_User"/>
  <testcase name="Add_Exceptions" time="1.080" classname="Test_Data_Generation.Add_Tracking_Numbers_To_User"/>
  <testcase name="Add_Exceptions" time="0.991" classname="Test_Data_Generation.Add_Tracking_Numbers_To_User"/>
  <testcase name="Add_Exceptions" time="1.069" classname="Test_Data_Generation.Add_Tracking_Numbers_To_User"/>
  <testcase name="Add_Exceptions" time="1.015" classname="Test_Data_Generation.Add_Tracking_Numbers_To_User"/>
  <testcase name="Add_Exceptions" time="1.094" classname="Test_Data_Generation.Add_Tracking_Numbers_To_User"/>
  <testcase name="Add_Exceptions" time="1.090" classname="Test_Data_Generation.Add_Tracking_Numbers_To_User"/>
  <testcase name="Add_Exceptions" time="0.964" classname="Test_Data_Generation.Add_Tracking_Numbers_To_User"/>
  <testcase name="Add_Exceptions" time="1.143" classname="Test_Data_Generation.Add_Tracking_Numbers_To_User"/>
  <testcase name="Add_Exceptions" time="0.973" classname="Test_Data_Generation.Add_Tracking_Numbers_To_User"/>
  <testcase name="Add_Exceptions" time="0.973" classname="Test_Data_Generation.Add_Tracking_Numbers_To_User"/>
  <testcase name="Add_Exceptions" time="1.024" classname="Test_Data_Generation.Add_Tracking_Numbers_To_User"/>
  <testcase name="Add_Exceptions" time="0.969" classname="Test_Data_Generation.Add_Tracking_Numbers_To_User"/>
  <testcase name="Add_Exceptions" time="1.095" classname="Test_Data_Generation.Add_Tracking_Numbers_To_User"/>
  <testcase name="Add_Exceptions" time="1.041" classname="Test_Data_Generation.Add_Tracking_Numbers_To_User"/>
  <testcase name="Add_Exceptions" time="1.066" classname="Test_Data_Generation.Add_Tracking_Numbers_To_User"/>
  <testcase name="Add_Exceptions" time="1.085" classname="Test_Data_Generation.Add_Tracking_Numbers_To_User"/>
  <testcase name="Add_Exceptions" time="1.109" classname="Test_Data_Generation.Add_Tracking_Numbers_To_User"/>
  <testcase name="Add_Exceptions" time="0.965" classname="Test_Data_Generation.Add_Tracking_Numbers_To_User"/>
  <testcase name="Add_Exceptions" time="1.087" classname="Test_Data_Generation.Add_Tracking_Numbers_To_User"/>
  <testcase name="Add_Exceptions" time="1.183" classname="Test_Data_Generation.Add_Tracking_Numbers_To_User"/>
  <testcase name="Add_Exceptions" time="0.984" classname="Test_Data_Generation.Add_Tracking_Numbers_To_User"/>
  <testcase name="Add_Exceptions" time="1.053" classname="Test_Data_Generation.Add_Tracking_Numbers_To_User"/>
  <testcase name="Add_Exceptions" time="1.025" classname="Test_Data_Generation.Add_Tracking_Numbers_To_User"/>
  <testcase name="Add_Exceptions" time="1.051" classname="Test_Data_Generation.Add_Tracking_Numbers_To_User"/>
  <testcase name="Add_Exceptions" time="1.070" classname="Test_Data_Generation.Add_Tracking_Numbers_To_User"/>
  <testcase name="Add_Exceptions" time="1.127" classname="Test_Data_Generation.Add_Tracking_Numbers_To_User"/>
  <testcase name="Add_Exceptions" time="1.166" classname="Test_Data_Generation.Add_Tracking_Numbers_To_User"/>
  <testcase name="Add_Exceptions" time="1.126" classname="Test_Data_Generation.Add_Tracking_Numbers_To_User"/>
  <testcase name="Add_Exceptions" time="1.123" classname="Test_Data_Generation.Add_Tracking_Numbers_To_User"/>
  <testcase name="Add_Exceptions" time="1.699" classname="Test_Data_Generation.Add_Tracking_Numbers_To_User"/>
  <testcase name="Add_Exceptions" time="2.195" classname="Test_Data_Generation.Add_Tracking_Numbers_To_User"/>
  <testcase name="Add_Exceptions" time="1.053" classname="Test_Data_Generation.Add_Tracking_Numbers_To_User"/>
  <testcase name="Add_Exceptions" time="2.181" classname="Test_Data_Generation.Add_Tracking_Numbers_To_User"/>
  <testcase name="Add_Exceptions" time="0.992" classname="Test_Data_Generation.Add_Tracking_Numbers_To_User"/>
  <testcase name="Add_Exceptions" time="1.022" classname="Test_Data_Generation.Add_Tracking_Numbers_To_User"/>
  <testcase name="Add_Exceptions" time="1.093" classname="Test_Data_Generation.Add_Tracking_Numbers_To_User"/>
  <testcase name="Add_Exceptions" time="0.999" classname="Test_Data_Generation.Add_Tracking_Numbers_To_User"/>
  <testcase name="Add_Exceptions" time="1.044" classname="Test_Data_Generation.Add_Tracking_Numbers_To_User"/>
  <testcase name="Add_Exceptions" time="1.958" classname="Test_Data_Generation.Add_Tracking_Numbers_To_User"/>
  <testcase name="Add_Exceptions" time="1.114" classname="Test_Data_Generation.Add_Tracking_Numbers_To_User"/>
  <testcase name="Add_Exceptions" time="1.008" classname="Test_Data_Generation.Add_Tracking_Numbers_To_User"/>
  <testcase name="Add_Exceptions" time="1.097" classname="Test_Data_Generation.Add_Tracking_Numbers_To_User"/>
  <testcase name="Add_Exceptions" time="1.119" classname="Test_Data_Generation.Add_Tracking_Numbers_To_User"/>
  <testcase name="Add_Exceptions" time="1.197" classname="Test_Data_Generation.Add_Tracking_Numbers_To_User"/>
  <testcase name="Add_Exceptions" time="1.002" classname="Test_Data_Generation.Add_Tracking_Numbers_To_User"/>
  <testcase name="Add_Exceptions" time="1.316" classname="Test_Data_Generation.Add_Tracking_Numbers_To_User"/>
  <testcase name="Add_Exceptions" time="1.141" classname="Test_Data_Generation.Add_Tracking_Numbers_To_User"/>
  <testcase name="Add_Exceptions" time="2.070" classname="Test_Data_Generation.Add_Tracking_Numbers_To_User"/>
  <testcase name="Add_Exceptions" time="1.092" classname="Test_Data_Generation.Add_Tracking_Numbers_To_User"/>
  <testcase name="Add_Exceptions" time="1.024" classname="Test_Data_Generation.Add_Tracking_Numbers_To_User"/>
  <testcase name="Add_Exceptions" time="0.969" classname="Test_Data_Generation.Add_Tracking_Numbers_To_User"/>
  <testcase name="Add_Exceptions" time="1.103" classname="Test_Data_Generation.Add_Tracking_Numbers_To_User"/>
  <testcase name="Add_Exceptions" time="0.972" classname="Test_Data_Generation.Add_Tracking_Numbers_To_User"/>
  <testcase name="Add_Exceptions" time="1.171" classname="Test_Data_Generation.Add_Tracking_Numbers_To_User"/>
  <testcase name="Add_Exceptions" time="1.406" classname="Test_Data_Generation.Add_Tracking_Numbers_To_User"/>
  <testcase name="Add_Exceptions" time="1.148" classname="Test_Data_Generation.Add_Tracking_Numbers_To_User"/>
  <testcase name="Add_Exceptions" time="0.980" classname="Test_Data_Generation.Add_Tracking_Numbers_To_User"/>
  <testcase name="Add_Exceptions" time="1.082" classname="Test_Data_Generation.Add_Tracking_Numbers_To_User"/>
  <testcase name="Add_Exceptions" time="1.165" classname="Test_Data_Generation.Add_Tracking_Numbers_To_User"/>
  <testcase name="Add_Exceptions" time="0.978" classname="Test_Data_Generation.Add_Tracking_Numbers_To_User"/>
  <testcase name="Add_Exceptions" time="1.125" classname="Test_Data_Generation.Add_Tracking_Numbers_To_User"/>
  <testcase name="Add_Exceptions" time="1.120" classname="Test_Data_Generation.Add_Tracking_Numbers_To_User"/>
  <testcase name="Add_Exceptions" time="0.959" classname="Test_Data_Generation.Add_Tracking_Numbers_To_User"/>
  <testcase name="Add_Exceptions" time="0.979" classname="Test_Data_Generation.Add_Tracking_Numbers_To_User"/>
  <testcase name="Add_Exceptions" time="1.046" classname="Test_Data_Generation.Add_Tracking_Numbers_To_User"/>
  <testcase name="Add_Exceptions" time="1.236" classname="Test_Data_Generation.Add_Tracking_Numbers_To_User"/>
  <testcase name="Add_Exceptions" time="0.949" classname="Test_Data_Generation.Add_Tracking_Numbers_To_User"/>
  <testcase name="Add_Exceptions" time="1.169" classname="Test_Data_Generation.Add_Tracking_Numbers_To_User"/>
  <testcase name="Add_Exceptions" time="0.972" classname="Test_Data_Generation.Add_Tracking_Numbers_To_User"/>
  <testcase name="Add_Exceptions" time="0.956" classname="Test_Data_Generation.Add_Tracking_Numbers_To_User"/>
  <testcase name="Add_Exceptions" time="1.068" classname="Test_Data_Generation.Add_Tracking_Numbers_To_User"/>
  <testcase name="Add_Exceptions" time="1.022" classname="Test_Data_Generation.Add_Tracking_Numbers_To_User"/>
  <testcase name="Add_Exceptions" time="0.979" classname="Test_Data_Generation.Add_Tracking_Numbers_To_User"/>
  <testcase name="Add_Exceptions" time="1.040" classname="Test_Data_Generation.Add_Tracking_Numbers_To_User"/>
  <testcase name="Add_Exceptions" time="1.120" classname="Test_Data_Generation.Add_Tracking_Numbers_To_User"/>
  <testcase name="Add_Exceptions" time="1.747" classname="Test_Data_Generation.Add_Tracking_Numbers_To_User"/>
  <testcase name="Add_Exceptions" time="0.964" classname="Test_Data_Generation.Add_Tracking_Numbers_To_User"/>
  <testcase name="Add_Exceptions" time="2.494" classname="Test_Data_Generation.Add_Tracking_Numbers_To_User"/>
  <testcase name="Add_Exceptions" time="1.089" classname="Test_Data_Generation.Add_Tracking_Numbers_To_User"/>
  <testcase name="Add_Exceptions" time="1.570" classname="Test_Data_Generation.Add_Tracking_Numbers_To_User"/>
</testsuite> <!-- Test_Data_Generation.Add_Tracking_Numbers_To_User -->
