<?xml version="1.0" encoding="UTF-8"?>
<!-- Generated by org.testng.reporters.JUnitReportReporter -->
<testsuite skipped="0" hostname="WTC-5159473-l2" name="EMASS.eMASS_Scans" tests="5" failures="0" timestamp="06 Jan 2020 17:27:03 GMT" time="15.674" errors="0">
  <testcase name="eMASSAPITest" time="15.640" classname="EMASS.eMASS_Scans"/>
  <testcase name="eMASSAPITest" time="0.009" classname="EMASS.eMASS_Scans"/>
  <testcase name="eMASSAPITest" time="0.013" classname="EMASS.eMASS_Scans"/>
  <testcase name="eMASSAPITest" time="0.007" classname="EMASS.eMASS_Scans"/>
  <testcase name="eMASSAPITest" time="0.005" classname="EMASS.eMASS_Scans"/>
</testsuite> <!-- EMASS.eMASS_Scans -->
