<?xml version="1.0" encoding="UTF-8"?>
<!-- Generated by org.testng.reporters.JUnitReportReporter -->
<testsuite skipped="0" hostname="WTC-5159473-l2" name="WERL_Application_Test.SmokeTest" tests="1" failures="0" timestamp="09 Jul 2019 15:52:14 GMT" time="267.034" errors="0">
  <testcase name="WERL_Registration" time="267.034" classname="WERL_Application_Test.SmokeTest"/>
</testsuite> <!-- WERL_Application_Test.SmokeTest -->
