<?xml version="1.0" encoding="UTF-8"?>
<!-- Generated by org.testng.reporters.JUnitReportReporter -->
<testsuite skipped="0" hostname="WTC-5159473-l2" name="Test_Data_Update.TestData_Update" tests="457" failures="1" timestamp="09 Mar 2021 16:59:29 GMT" time="3411.619" errors="0">
  <testcase name="Update_Login_Information" time="7.730" classname="Test_Data_Update.TestData_Update"/>
  <testcase name="Update_Login_Information" time="5.463" classname="Test_Data_Update.TestData_Update"/>
  <testcase name="Update_Login_Information" time="5.976" classname="Test_Data_Update.TestData_Update"/>
  <testcase name="Update_Login_Information" time="6.601" classname="Test_Data_Update.TestData_Update"/>
  <testcase name="Update_Login_Information" time="5.720" classname="Test_Data_Update.TestData_Update"/>
  <testcase name="Update_Login_Information" time="5.679" classname="Test_Data_Update.TestData_Update"/>
  <testcase name="Update_Login_Information" time="5.020" classname="Test_Data_Update.TestData_Update"/>
  <testcase name="Update_Login_Information" time="5.099" classname="Test_Data_Update.TestData_Update"/>
  <testcase name="Update_Login_Information" time="6.477" classname="Test_Data_Update.TestData_Update"/>
  <testcase name="Update_Login_Information" time="6.269" classname="Test_Data_Update.TestData_Update"/>
  <testcase name="Update_Login_Information" time="6.178" classname="Test_Data_Update.TestData_Update"/>
  <testcase name="Update_Login_Information" time="5.165" classname="Test_Data_Update.TestData_Update"/>
  <testcase name="Update_Login_Information" time="7.952" classname="Test_Data_Update.TestData_Update"/>
  <testcase name="Update_Login_Information" time="5.126" classname="Test_Data_Update.TestData_Update"/>
  <testcase name="Update_Login_Information" time="4.991" classname="Test_Data_Update.TestData_Update"/>
  <testcase name="Update_Login_Information" time="5.580" classname="Test_Data_Update.TestData_Update"/>
  <testcase name="Update_Login_Information" time="4.677" classname="Test_Data_Update.TestData_Update"/>
  <testcase name="Update_Login_Information" time="5.570" classname="Test_Data_Update.TestData_Update"/>
  <testcase name="Update_Login_Information" time="4.234" classname="Test_Data_Update.TestData_Update"/>
  <testcase name="Update_Login_Information" time="5.892" classname="Test_Data_Update.TestData_Update"/>
  <testcase name="Update_Login_Information" time="4.923" classname="Test_Data_Update.TestData_Update"/>
  <testcase name="Update_Login_Information" time="5.301" classname="Test_Data_Update.TestData_Update"/>
  <testcase name="Update_Login_Information" time="4.192" classname="Test_Data_Update.TestData_Update"/>
  <testcase name="Update_Login_Information" time="12.682" classname="Test_Data_Update.TestData_Update"/>
  <testcase name="Update_Login_Information" time="5.107" classname="Test_Data_Update.TestData_Update"/>
  <testcase name="Update_Login_Information" time="5.365" classname="Test_Data_Update.TestData_Update"/>
  <testcase name="Update_Login_Information" time="115.140" classname="Test_Data_Update.TestData_Update"/>
  <testcase name="Update_Login_Information" time="5.807" classname="Test_Data_Update.TestData_Update"/>
  <testcase name="Update_Login_Information" time="6.610" classname="Test_Data_Update.TestData_Update"/>
  <testcase name="Update_Login_Information" time="5.256" classname="Test_Data_Update.TestData_Update"/>
  <testcase name="Update_Login_Information" time="10.062" classname="Test_Data_Update.TestData_Update"/>
  <testcase name="Update_Login_Information" time="11.685" classname="Test_Data_Update.TestData_Update"/>
  <testcase name="Update_Login_Information" time="5.320" classname="Test_Data_Update.TestData_Update"/>
  <testcase name="Update_Login_Information" time="5.087" classname="Test_Data_Update.TestData_Update"/>
  <testcase name="Update_Login_Information" time="4.403" classname="Test_Data_Update.TestData_Update"/>
  <testcase name="Update_Login_Information" time="4.752" classname="Test_Data_Update.TestData_Update"/>
  <testcase name="Update_Login_Information" time="4.486" classname="Test_Data_Update.TestData_Update"/>
  <testcase name="Update_Login_Information" time="6.215" classname="Test_Data_Update.TestData_Update"/>
  <testcase name="Update_Login_Information" time="6.438" classname="Test_Data_Update.TestData_Update"/>
  <testcase name="Update_Login_Information" time="5.786" classname="Test_Data_Update.TestData_Update"/>
  <testcase name="Update_Login_Information" time="5.154" classname="Test_Data_Update.TestData_Update"/>
  <testcase name="Update_Login_Information" time="5.973" classname="Test_Data_Update.TestData_Update"/>
  <testcase name="Update_Login_Information" time="16.657" classname="Test_Data_Update.TestData_Update"/>
  <testcase name="Update_Login_Information" time="4.707" classname="Test_Data_Update.TestData_Update"/>
  <testcase name="Update_Login_Information" time="20.624" classname="Test_Data_Update.TestData_Update"/>
  <testcase name="Update_Login_Information" time="5.234" classname="Test_Data_Update.TestData_Update"/>
  <testcase name="Update_Login_Information" time="4.425" classname="Test_Data_Update.TestData_Update"/>
  <testcase name="Update_Login_Information" time="4.312" classname="Test_Data_Update.TestData_Update"/>
  <testcase name="Update_Login_Information" time="13.382" classname="Test_Data_Update.TestData_Update"/>
  <testcase name="Update_Login_Information" time="5.885" classname="Test_Data_Update.TestData_Update"/>
  <testcase name="Update_Login_Information" time="4.938" classname="Test_Data_Update.TestData_Update"/>
  <testcase name="Update_Login_Information" time="4.476" classname="Test_Data_Update.TestData_Update"/>
  <testcase name="Update_Login_Information" time="4.892" classname="Test_Data_Update.TestData_Update"/>
  <testcase name="Update_Login_Information" time="5.353" classname="Test_Data_Update.TestData_Update"/>
  <testcase name="Update_Login_Information" time="5.175" classname="Test_Data_Update.TestData_Update"/>
  <testcase name="Update_Login_Information" time="4.598" classname="Test_Data_Update.TestData_Update"/>
  <testcase name="Update_Login_Information" time="5.618" classname="Test_Data_Update.TestData_Update"/>
  <testcase name="Update_Login_Information" time="5.091" classname="Test_Data_Update.TestData_Update"/>
  <testcase name="Update_Login_Information" time="7.312" classname="Test_Data_Update.TestData_Update"/>
  <testcase name="Update_Login_Information" time="12.682" classname="Test_Data_Update.TestData_Update"/>
  <testcase name="Update_Login_Information" time="5.497" classname="Test_Data_Update.TestData_Update"/>
  <testcase name="Update_Login_Information" time="14.196" classname="Test_Data_Update.TestData_Update"/>
  <testcase name="Update_Login_Information" time="4.338" classname="Test_Data_Update.TestData_Update"/>
  <testcase name="Update_Login_Information" time="6.653" classname="Test_Data_Update.TestData_Update"/>
  <testcase name="Update_Login_Information" time="4.884" classname="Test_Data_Update.TestData_Update"/>
  <testcase name="Update_Login_Information" time="5.007" classname="Test_Data_Update.TestData_Update"/>
  <testcase name="Update_Login_Information" time="4.801" classname="Test_Data_Update.TestData_Update"/>
  <testcase name="Update_Login_Information" time="4.557" classname="Test_Data_Update.TestData_Update"/>
  <testcase name="Update_Login_Information" time="7.146" classname="Test_Data_Update.TestData_Update"/>
  <testcase name="Update_Login_Information" time="5.492" classname="Test_Data_Update.TestData_Update"/>
  <testcase name="Update_Login_Information" time="4.995" classname="Test_Data_Update.TestData_Update"/>
  <testcase name="Update_Login_Information" time="5.964" classname="Test_Data_Update.TestData_Update"/>
  <testcase name="Update_Login_Information" time="6.376" classname="Test_Data_Update.TestData_Update"/>
  <testcase name="Update_Login_Information" time="4.637" classname="Test_Data_Update.TestData_Update"/>
  <testcase name="Update_Login_Information" time="4.407" classname="Test_Data_Update.TestData_Update"/>
  <testcase name="Update_Login_Information" time="4.951" classname="Test_Data_Update.TestData_Update"/>
  <testcase name="Update_Login_Information" time="102.123" classname="Test_Data_Update.TestData_Update"/>
  <testcase name="Update_Login_Information" time="4.514" classname="Test_Data_Update.TestData_Update"/>
  <testcase name="Update_Login_Information" time="6.091" classname="Test_Data_Update.TestData_Update"/>
  <testcase name="Update_Login_Information" time="4.290" classname="Test_Data_Update.TestData_Update"/>
  <testcase name="Update_Login_Information" time="6.032" classname="Test_Data_Update.TestData_Update"/>
  <testcase name="Update_Login_Information" time="5.739" classname="Test_Data_Update.TestData_Update"/>
  <testcase name="Update_Login_Information" time="5.801" classname="Test_Data_Update.TestData_Update"/>
  <testcase name="Update_Login_Information" time="7.413" classname="Test_Data_Update.TestData_Update"/>
  <testcase name="Update_Login_Information" time="5.246" classname="Test_Data_Update.TestData_Update"/>
  <testcase name="Update_Login_Information" time="4.398" classname="Test_Data_Update.TestData_Update"/>
  <testcase name="Update_Login_Information" time="14.465" classname="Test_Data_Update.TestData_Update"/>
  <testcase name="Update_Login_Information" time="5.048" classname="Test_Data_Update.TestData_Update"/>
  <testcase name="Update_Login_Information" time="9.206" classname="Test_Data_Update.TestData_Update"/>
  <testcase name="Update_Login_Information" time="5.181" classname="Test_Data_Update.TestData_Update"/>
  <testcase name="Update_Login_Information" time="5.248" classname="Test_Data_Update.TestData_Update"/>
  <testcase name="Update_Login_Information" time="4.429" classname="Test_Data_Update.TestData_Update"/>
  <testcase name="Update_Login_Information" time="6.207" classname="Test_Data_Update.TestData_Update"/>
  <testcase name="Update_Login_Information" time="4.999" classname="Test_Data_Update.TestData_Update"/>
  <testcase name="Update_Login_Information" time="5.436" classname="Test_Data_Update.TestData_Update"/>
  <testcase name="Update_Login_Information" time="5.445" classname="Test_Data_Update.TestData_Update"/>
  <testcase name="Update_Login_Information" time="4.996" classname="Test_Data_Update.TestData_Update"/>
  <testcase name="Update_Login_Information" time="5.623" classname="Test_Data_Update.TestData_Update"/>
  <testcase name="Update_Login_Information" time="5.352" classname="Test_Data_Update.TestData_Update"/>
  <testcase name="Update_Login_Information" time="4.197" classname="Test_Data_Update.TestData_Update"/>
  <testcase name="Update_Login_Information" time="4.812" classname="Test_Data_Update.TestData_Update"/>
  <testcase name="Update_Login_Information" time="4.465" classname="Test_Data_Update.TestData_Update"/>
  <testcase name="Update_Login_Information" time="14.592" classname="Test_Data_Update.TestData_Update"/>
  <testcase name="Update_Login_Information" time="4.893" classname="Test_Data_Update.TestData_Update"/>
  <testcase name="Update_Login_Information" time="5.093" classname="Test_Data_Update.TestData_Update"/>
  <testcase name="Update_Login_Information" time="5.865" classname="Test_Data_Update.TestData_Update"/>
  <testcase name="Update_Login_Information" time="5.039" classname="Test_Data_Update.TestData_Update"/>
  <testcase name="Update_Login_Information" time="5.629" classname="Test_Data_Update.TestData_Update"/>
  <testcase name="Update_Login_Information" time="6.047" classname="Test_Data_Update.TestData_Update"/>
  <testcase name="Update_Login_Information" time="5.558" classname="Test_Data_Update.TestData_Update"/>
  <testcase name="Update_Login_Information" time="11.070" classname="Test_Data_Update.TestData_Update"/>
  <testcase name="Update_Login_Information" time="5.057" classname="Test_Data_Update.TestData_Update"/>
  <testcase name="Update_Login_Information" time="9.862" classname="Test_Data_Update.TestData_Update"/>
  <testcase name="Update_Login_Information" time="5.355" classname="Test_Data_Update.TestData_Update"/>
  <testcase name="Update_Login_Information" time="6.074" classname="Test_Data_Update.TestData_Update"/>
  <testcase name="Update_Login_Information" time="5.562" classname="Test_Data_Update.TestData_Update"/>
  <testcase name="Update_Login_Information" time="5.513" classname="Test_Data_Update.TestData_Update"/>
  <testcase name="Update_Login_Information" time="6.062" classname="Test_Data_Update.TestData_Update"/>
  <testcase name="Update_Login_Information" time="18.832" classname="Test_Data_Update.TestData_Update"/>
  <testcase name="Update_Login_Information" time="4.386" classname="Test_Data_Update.TestData_Update"/>
  <testcase name="Update_Login_Information" time="5.711" classname="Test_Data_Update.TestData_Update"/>
  <testcase name="Update_Login_Information" time="6.934" classname="Test_Data_Update.TestData_Update"/>
  <testcase name="Update_Login_Information" time="4.842" classname="Test_Data_Update.TestData_Update"/>
  <testcase name="Update_Login_Information" time="4.833" classname="Test_Data_Update.TestData_Update"/>
  <testcase name="Update_Login_Information" time="4.467" classname="Test_Data_Update.TestData_Update"/>
  <testcase name="Update_Login_Information" time="4.550" classname="Test_Data_Update.TestData_Update"/>
  <testcase name="Update_Login_Information" time="7.849" classname="Test_Data_Update.TestData_Update"/>
  <testcase name="Update_Login_Information" time="5.895" classname="Test_Data_Update.TestData_Update"/>
  <testcase name="Update_Login_Information" time="13.693" classname="Test_Data_Update.TestData_Update"/>
  <testcase name="Update_Login_Information" time="5.129" classname="Test_Data_Update.TestData_Update"/>
  <testcase name="Update_Login_Information" time="5.320" classname="Test_Data_Update.TestData_Update"/>
  <testcase name="Update_Login_Information" time="6.765" classname="Test_Data_Update.TestData_Update"/>
  <testcase name="Update_Login_Information" time="11.249" classname="Test_Data_Update.TestData_Update"/>
  <testcase name="Update_Login_Information" time="11.224" classname="Test_Data_Update.TestData_Update"/>
  <testcase name="Update_Login_Information" time="4.947" classname="Test_Data_Update.TestData_Update"/>
  <testcase name="Update_Login_Information" time="6.323" classname="Test_Data_Update.TestData_Update"/>
  <testcase name="Update_Login_Information" time="4.192" classname="Test_Data_Update.TestData_Update"/>
  <testcase name="Update_Login_Information" time="6.225" classname="Test_Data_Update.TestData_Update"/>
  <testcase name="Update_Login_Information" time="5.679" classname="Test_Data_Update.TestData_Update"/>
  <testcase name="Update_Login_Information" time="5.134" classname="Test_Data_Update.TestData_Update"/>
  <testcase name="Update_Login_Information" time="5.611" classname="Test_Data_Update.TestData_Update"/>
  <testcase name="Update_Login_Information" time="6.207" classname="Test_Data_Update.TestData_Update"/>
  <testcase name="Update_Login_Information" time="5.639" classname="Test_Data_Update.TestData_Update"/>
  <testcase name="Update_Login_Information" time="6.932" classname="Test_Data_Update.TestData_Update"/>
  <testcase name="Update_Login_Information" time="4.729" classname="Test_Data_Update.TestData_Update"/>
  <testcase name="Update_Login_Information" time="5.512" classname="Test_Data_Update.TestData_Update"/>
  <testcase name="Update_Login_Information" time="4.967" classname="Test_Data_Update.TestData_Update"/>
  <testcase name="Update_Login_Information" time="4.756" classname="Test_Data_Update.TestData_Update"/>
  <testcase name="Update_Login_Information" time="5.031" classname="Test_Data_Update.TestData_Update"/>
  <testcase name="Update_Login_Information" time="7.579" classname="Test_Data_Update.TestData_Update"/>
  <testcase name="Update_Login_Information" time="6.828" classname="Test_Data_Update.TestData_Update"/>
  <testcase name="Update_Login_Information" time="4.936" classname="Test_Data_Update.TestData_Update"/>
  <testcase name="Update_Login_Information" time="7.209" classname="Test_Data_Update.TestData_Update"/>
  <testcase name="Update_Login_Information" time="12.860" classname="Test_Data_Update.TestData_Update"/>
  <testcase name="Update_Login_Information" time="4.803" classname="Test_Data_Update.TestData_Update"/>
  <testcase name="Update_Login_Information" time="15.096" classname="Test_Data_Update.TestData_Update"/>
  <testcase name="Update_Login_Information" time="4.232" classname="Test_Data_Update.TestData_Update"/>
  <testcase name="Update_Login_Information" time="4.801" classname="Test_Data_Update.TestData_Update"/>
  <testcase name="Update_Login_Information" time="4.945" classname="Test_Data_Update.TestData_Update"/>
  <testcase name="Update_Login_Information" time="7.116" classname="Test_Data_Update.TestData_Update"/>
  <testcase name="Update_Login_Information" time="5.111" classname="Test_Data_Update.TestData_Update"/>
  <testcase name="Update_Login_Information" time="4.590" classname="Test_Data_Update.TestData_Update"/>
  <testcase name="Update_Login_Information" time="5.588" classname="Test_Data_Update.TestData_Update"/>
  <testcase name="Update_Login_Information" time="6.972" classname="Test_Data_Update.TestData_Update"/>
  <testcase name="Update_Login_Information" time="4.554" classname="Test_Data_Update.TestData_Update"/>
  <testcase name="Update_Login_Information" time="5.119" classname="Test_Data_Update.TestData_Update"/>
  <testcase name="Update_Login_Information" time="5.267" classname="Test_Data_Update.TestData_Update"/>
  <testcase name="Update_Login_Information" time="15.145" classname="Test_Data_Update.TestData_Update"/>
  <testcase name="Update_Login_Information" time="110.449" classname="Test_Data_Update.TestData_Update"/>
  <testcase name="Update_Login_Information" time="15.549" classname="Test_Data_Update.TestData_Update"/>
  <testcase name="Update_Login_Information" time="6.487" classname="Test_Data_Update.TestData_Update"/>
  <testcase name="Update_Login_Information" time="7.173" classname="Test_Data_Update.TestData_Update"/>
  <testcase name="Update_Login_Information" time="5.270" classname="Test_Data_Update.TestData_Update"/>
  <testcase name="Update_Login_Information" time="5.852" classname="Test_Data_Update.TestData_Update"/>
  <testcase name="Update_Login_Information" time="4.989" classname="Test_Data_Update.TestData_Update"/>
  <testcase name="Update_Login_Information" time="5.194" classname="Test_Data_Update.TestData_Update"/>
  <testcase name="Update_Login_Information" time="5.146" classname="Test_Data_Update.TestData_Update"/>
  <testcase name="Update_Login_Information" time="5.171" classname="Test_Data_Update.TestData_Update"/>
  <testcase name="Update_Login_Information" time="5.064" classname="Test_Data_Update.TestData_Update"/>
  <testcase name="Update_Login_Information" time="4.561" classname="Test_Data_Update.TestData_Update"/>
  <testcase name="Update_Login_Information" time="6.321" classname="Test_Data_Update.TestData_Update"/>
  <testcase name="Update_Login_Information" time="6.503" classname="Test_Data_Update.TestData_Update"/>
  <testcase name="Update_Login_Information" time="5.812" classname="Test_Data_Update.TestData_Update"/>
  <testcase name="Update_Login_Information" time="5.368" classname="Test_Data_Update.TestData_Update"/>
  <testcase name="Update_Login_Information" time="6.749" classname="Test_Data_Update.TestData_Update"/>
  <testcase name="Update_Login_Information" time="5.597" classname="Test_Data_Update.TestData_Update"/>
  <testcase name="Update_Login_Information" time="5.076" classname="Test_Data_Update.TestData_Update"/>
  <testcase name="Update_Login_Information" time="8.963" classname="Test_Data_Update.TestData_Update"/>
  <testcase name="Update_Login_Information" time="4.419" classname="Test_Data_Update.TestData_Update"/>
  <testcase name="Update_Login_Information" time="4.274" classname="Test_Data_Update.TestData_Update"/>
  <testcase name="Update_Login_Information" time="4.613" classname="Test_Data_Update.TestData_Update"/>
  <testcase name="Update_Login_Information" time="6.671" classname="Test_Data_Update.TestData_Update"/>
  <testcase name="Update_Login_Information" time="4.408" classname="Test_Data_Update.TestData_Update"/>
  <testcase name="Update_Login_Information" time="6.296" classname="Test_Data_Update.TestData_Update"/>
  <testcase name="Update_Login_Information" time="4.468" classname="Test_Data_Update.TestData_Update"/>
  <testcase name="Update_Login_Information" time="4.293" classname="Test_Data_Update.TestData_Update"/>
  <testcase name="Update_Login_Information" time="4.381" classname="Test_Data_Update.TestData_Update"/>
  <testcase name="Update_Login_Information" time="6.526" classname="Test_Data_Update.TestData_Update"/>
  <testcase name="Update_Login_Information" time="20.618" classname="Test_Data_Update.TestData_Update"/>
  <testcase name="Update_Login_Information" time="6.610" classname="Test_Data_Update.TestData_Update"/>
  <testcase name="Update_Login_Information" time="5.625" classname="Test_Data_Update.TestData_Update"/>
  <testcase name="Update_Login_Information" time="11.973" classname="Test_Data_Update.TestData_Update"/>
  <testcase name="Update_Login_Information" time="4.271" classname="Test_Data_Update.TestData_Update"/>
  <testcase name="Update_Login_Information" time="4.703" classname="Test_Data_Update.TestData_Update"/>
  <testcase name="Update_Login_Information" time="3.993" classname="Test_Data_Update.TestData_Update"/>
  <testcase name="Update_Login_Information" time="5.895" classname="Test_Data_Update.TestData_Update"/>
  <testcase name="Update_Login_Information" time="5.166" classname="Test_Data_Update.TestData_Update"/>
  <testcase name="Update_Login_Information" time="5.111" classname="Test_Data_Update.TestData_Update"/>
  <testcase name="Update_Login_Information" time="5.268" classname="Test_Data_Update.TestData_Update"/>
  <testcase name="Update_Login_Information" time="7.393" classname="Test_Data_Update.TestData_Update"/>
  <testcase name="Update_Login_Information" time="7.263" classname="Test_Data_Update.TestData_Update"/>
  <testcase name="Update_Login_Information" time="4.541" classname="Test_Data_Update.TestData_Update"/>
  <testcase name="Update_Login_Information" time="4.597" classname="Test_Data_Update.TestData_Update"/>
  <testcase name="Update_Login_Information" time="5.404" classname="Test_Data_Update.TestData_Update"/>
  <testcase name="Update_Login_Information" time="5.742" classname="Test_Data_Update.TestData_Update"/>
  <testcase name="Update_Login_Information" time="11.377" classname="Test_Data_Update.TestData_Update"/>
  <testcase name="Update_Login_Information" time="10.958" classname="Test_Data_Update.TestData_Update"/>
  <testcase name="Update_Login_Information" time="6.174" classname="Test_Data_Update.TestData_Update"/>
  <testcase name="Update_Login_Information" time="4.718" classname="Test_Data_Update.TestData_Update"/>
  <testcase name="Update_Login_Information" time="7.312" classname="Test_Data_Update.TestData_Update"/>
  <testcase name="Update_Login_Information" time="26.727" classname="Test_Data_Update.TestData_Update"/>
  <testcase name="Update_Login_Information" time="4.601" classname="Test_Data_Update.TestData_Update"/>
  <testcase name="Update_Login_Information" time="6.436" classname="Test_Data_Update.TestData_Update"/>
  <testcase name="Update_Login_Information" time="4.415" classname="Test_Data_Update.TestData_Update"/>
  <testcase name="Update_Login_Information" time="5.712" classname="Test_Data_Update.TestData_Update"/>
  <testcase name="Update_Login_Information" time="5.131" classname="Test_Data_Update.TestData_Update"/>
  <testcase name="Update_Login_Information" time="5.414" classname="Test_Data_Update.TestData_Update"/>
  <testcase name="Update_Login_Information" time="4.456" classname="Test_Data_Update.TestData_Update"/>
  <testcase name="Update_Login_Information" time="6.034" classname="Test_Data_Update.TestData_Update"/>
  <testcase name="Update_Login_Information" time="4.342" classname="Test_Data_Update.TestData_Update"/>
  <testcase name="Update_Login_Information" time="4.546" classname="Test_Data_Update.TestData_Update"/>
  <testcase name="Update_Login_Information" time="5.350" classname="Test_Data_Update.TestData_Update"/>
  <testcase name="Update_Login_Information" time="5.219" classname="Test_Data_Update.TestData_Update"/>
  <testcase name="Update_Login_Information" time="9.547" classname="Test_Data_Update.TestData_Update"/>
  <testcase name="Update_Login_Information" time="14.331" classname="Test_Data_Update.TestData_Update"/>
  <testcase name="Update_Login_Information" time="4.737" classname="Test_Data_Update.TestData_Update"/>
  <testcase name="Update_Login_Information" time="5.661" classname="Test_Data_Update.TestData_Update"/>
  <testcase name="Update_Login_Information" time="5.383" classname="Test_Data_Update.TestData_Update"/>
  <testcase name="Update_Login_Information" time="8.765" classname="Test_Data_Update.TestData_Update"/>
  <testcase name="Update_Login_Information" time="5.985" classname="Test_Data_Update.TestData_Update"/>
  <testcase name="Update_Login_Information" time="4.681" classname="Test_Data_Update.TestData_Update"/>
  <testcase name="Update_Login_Information" time="11.191" classname="Test_Data_Update.TestData_Update"/>
  <testcase name="Update_Login_Information" time="5.366" classname="Test_Data_Update.TestData_Update"/>
  <testcase name="Update_Login_Information" time="5.242" classname="Test_Data_Update.TestData_Update"/>
  <testcase name="Update_Login_Information" time="5.598" classname="Test_Data_Update.TestData_Update"/>
  <testcase name="Update_Login_Information" time="4.468" classname="Test_Data_Update.TestData_Update"/>
  <testcase name="Update_Login_Information" time="4.691" classname="Test_Data_Update.TestData_Update"/>
  <testcase name="Update_Login_Information" time="4.062" classname="Test_Data_Update.TestData_Update"/>
  <testcase name="Update_Login_Information" time="4.410" classname="Test_Data_Update.TestData_Update"/>
  <testcase name="Update_Login_Information" time="7.333" classname="Test_Data_Update.TestData_Update"/>
  <testcase name="Update_Login_Information" time="7.265" classname="Test_Data_Update.TestData_Update"/>
  <testcase name="Update_Login_Information" time="4.994" classname="Test_Data_Update.TestData_Update"/>
  <testcase name="Update_Login_Information" time="5.711" classname="Test_Data_Update.TestData_Update"/>
  <testcase name="Update_Login_Information" time="4.736" classname="Test_Data_Update.TestData_Update"/>
  <testcase name="Update_Login_Information" time="7.193" classname="Test_Data_Update.TestData_Update"/>
  <testcase name="Update_Login_Information" time="19.069" classname="Test_Data_Update.TestData_Update"/>
  <testcase name="Update_Login_Information" time="4.396" classname="Test_Data_Update.TestData_Update"/>
  <testcase name="Update_Login_Information" time="5.365" classname="Test_Data_Update.TestData_Update"/>
  <testcase name="Update_Login_Information" time="5.175" classname="Test_Data_Update.TestData_Update"/>
  <testcase name="Update_Login_Information" time="7.837" classname="Test_Data_Update.TestData_Update"/>
  <testcase name="Update_Login_Information" time="6.336" classname="Test_Data_Update.TestData_Update"/>
  <testcase name="Update_Login_Information" time="4.199" classname="Test_Data_Update.TestData_Update"/>
  <testcase name="Update_Login_Information" time="4.646" classname="Test_Data_Update.TestData_Update"/>
  <testcase name="Update_Login_Information" time="5.129" classname="Test_Data_Update.TestData_Update"/>
  <testcase name="Update_Login_Information" time="8.317" classname="Test_Data_Update.TestData_Update"/>
  <testcase name="Update_Login_Information" time="6.536" classname="Test_Data_Update.TestData_Update"/>
  <testcase name="Update_Login_Information" time="5.023" classname="Test_Data_Update.TestData_Update"/>
  <testcase name="Update_Login_Information" time="4.822" classname="Test_Data_Update.TestData_Update"/>
  <testcase name="Update_Login_Information" time="6.218" classname="Test_Data_Update.TestData_Update"/>
  <testcase name="Update_Login_Information" time="5.530" classname="Test_Data_Update.TestData_Update"/>
  <testcase name="Update_Login_Information" time="4.470" classname="Test_Data_Update.TestData_Update"/>
  <testcase name="Update_Login_Information" time="15.408" classname="Test_Data_Update.TestData_Update"/>
  <testcase name="Update_Login_Information" time="5.548" classname="Test_Data_Update.TestData_Update"/>
  <testcase name="Update_Login_Information" time="18.721" classname="Test_Data_Update.TestData_Update"/>
  <testcase name="Update_Login_Information" time="6.354" classname="Test_Data_Update.TestData_Update"/>
  <testcase name="Update_Login_Information" time="5.610" classname="Test_Data_Update.TestData_Update"/>
  <testcase name="Update_Login_Information" time="5.691" classname="Test_Data_Update.TestData_Update"/>
  <testcase name="Update_Login_Information" time="4.656" classname="Test_Data_Update.TestData_Update"/>
  <testcase name="Update_Login_Information" time="9.546" classname="Test_Data_Update.TestData_Update"/>
  <testcase name="Update_Login_Information" time="5.862" classname="Test_Data_Update.TestData_Update"/>
  <testcase name="Update_Login_Information" time="6.848" classname="Test_Data_Update.TestData_Update"/>
  <testcase name="Update_Login_Information" time="10.067" classname="Test_Data_Update.TestData_Update"/>
  <testcase name="Update_Login_Information" time="4.400" classname="Test_Data_Update.TestData_Update"/>
  <testcase name="Update_Login_Information" time="5.920" classname="Test_Data_Update.TestData_Update"/>
  <testcase name="Update_Login_Information" time="5.857" classname="Test_Data_Update.TestData_Update"/>
  <testcase name="Update_Login_Information" time="4.283" classname="Test_Data_Update.TestData_Update">
    <failure type="java.lang.AssertionError" message="Not able to login with L3FEB18US">
      <![CDATA[java.lang.AssertionError: Not able to login with L3FEB18US
at org.junit.Assert.fail(Assert.java:88)
at Test_Data_Update.TestData_Update.Update_Login_Information(TestData_Update.java:143)
at sun.reflect.GeneratedMethodAccessor2.invoke(Unknown Source)
at sun.reflect.DelegatingMethodAccessorImpl.invoke(Unknown Source)
at java.lang.reflect.Method.invoke(Unknown Source)
at org.testng.internal.MethodInvocationHelper.invokeMethod(MethodInvocationHelper.java:124)
at org.testng.internal.Invoker.invokeMethod(Invoker.java:580)
at org.testng.internal.Invoker.invokeTestMethod(Invoker.java:716)
at org.testng.internal.Invoker.invokeTestMethods(Invoker.java:988)
at org.testng.internal.TestMethodWorker.invokeTestMethods(TestMethodWorker.java:125)
at org.testng.internal.TestMethodWorker.run(TestMethodWorker.java:109)
at org.testng.TestRunner.privateRun(TestRunner.java:648)
at org.testng.TestRunner.run(TestRunner.java:505)
at org.testng.SuiteRunner.runTest(SuiteRunner.java:455)
at org.testng.SuiteRunner.runSequentially(SuiteRunner.java:450)
at org.testng.SuiteRunner.privateRun(SuiteRunner.java:415)
at org.testng.SuiteRunner.run(SuiteRunner.java:364)
at org.testng.SuiteRunnerWorker.runSuite(SuiteRunnerWorker.java:52)
at org.testng.SuiteRunnerWorker.run(SuiteRunnerWorker.java:84)
at org.testng.TestNG.runSuitesSequentially(TestNG.java:1208)
at org.testng.TestNG.runSuitesLocally(TestNG.java:1137)
at org.testng.TestNG.runSuites(TestNG.java:1049)
at org.testng.TestNG.run(TestNG.java:1017)
at org.testng.remote.AbstractRemoteTestNG.run(AbstractRemoteTestNG.java:114)
at org.testng.remote.RemoteTestNG.initAndRun(RemoteTestNG.java:251)
at org.testng.remote.RemoteTestNG.main(RemoteTestNG.java:77)
]]>
    </failure>
  </testcase> <!-- Update_Login_Information -->
  <testcase name="Update_Login_Information" time="9.427" classname="Test_Data_Update.TestData_Update"/>
  <testcase name="Update_Login_Information" time="5.446" classname="Test_Data_Update.TestData_Update"/>
  <testcase name="Update_Login_Information" time="4.885" classname="Test_Data_Update.TestData_Update"/>
  <testcase name="Update_Login_Information" time="6.082" classname="Test_Data_Update.TestData_Update"/>
  <testcase name="Update_Login_Information" time="4.713" classname="Test_Data_Update.TestData_Update"/>
  <testcase name="Update_Login_Information" time="13.997" classname="Test_Data_Update.TestData_Update"/>
  <testcase name="Update_Login_Information" time="4.882" classname="Test_Data_Update.TestData_Update"/>
  <testcase name="Update_Login_Information" time="4.429" classname="Test_Data_Update.TestData_Update"/>
  <testcase name="Update_Login_Information" time="8.316" classname="Test_Data_Update.TestData_Update"/>
  <testcase name="Update_Login_Information" time="4.443" classname="Test_Data_Update.TestData_Update"/>
  <testcase name="Update_Login_Information" time="9.368" classname="Test_Data_Update.TestData_Update"/>
  <testcase name="Update_Login_Information" time="4.746" classname="Test_Data_Update.TestData_Update"/>
  <testcase name="Update_Login_Information" time="7.427" classname="Test_Data_Update.TestData_Update"/>
  <testcase name="Update_Login_Information" time="6.443" classname="Test_Data_Update.TestData_Update"/>
  <testcase name="Update_Login_Information" time="5.785" classname="Test_Data_Update.TestData_Update"/>
  <testcase name="Update_Login_Information" time="5.581" classname="Test_Data_Update.TestData_Update"/>
  <testcase name="Update_Login_Information" time="4.710" classname="Test_Data_Update.TestData_Update"/>
  <testcase name="Update_Login_Information" time="4.703" classname="Test_Data_Update.TestData_Update"/>
  <testcase name="Update_Login_Information" time="5.373" classname="Test_Data_Update.TestData_Update"/>
  <testcase name="Update_Login_Information" time="5.027" classname="Test_Data_Update.TestData_Update"/>
  <testcase name="Update_Login_Information" time="5.221" classname="Test_Data_Update.TestData_Update"/>
  <testcase name="Update_Login_Information" time="5.149" classname="Test_Data_Update.TestData_Update"/>
  <testcase name="Update_Login_Information" time="5.861" classname="Test_Data_Update.TestData_Update"/>
  <testcase name="Update_Login_Information" time="5.300" classname="Test_Data_Update.TestData_Update"/>
  <testcase name="Update_Login_Information" time="5.358" classname="Test_Data_Update.TestData_Update"/>
  <testcase name="Update_Login_Information" time="13.901" classname="Test_Data_Update.TestData_Update"/>
  <testcase name="Update_Login_Information" time="6.727" classname="Test_Data_Update.TestData_Update"/>
  <testcase name="Update_Login_Information" time="4.487" classname="Test_Data_Update.TestData_Update"/>
  <testcase name="Update_Login_Information" time="4.572" classname="Test_Data_Update.TestData_Update"/>
  <testcase name="Update_Login_Information" time="15.834" classname="Test_Data_Update.TestData_Update"/>
  <testcase name="Update_Login_Information" time="5.041" classname="Test_Data_Update.TestData_Update"/>
  <testcase name="Update_Login_Information" time="5.125" classname="Test_Data_Update.TestData_Update"/>
  <testcase name="Update_Login_Information" time="4.745" classname="Test_Data_Update.TestData_Update"/>
  <testcase name="Update_Login_Information" time="5.301" classname="Test_Data_Update.TestData_Update"/>
  <testcase name="Update_Login_Information" time="4.683" classname="Test_Data_Update.TestData_Update"/>
  <testcase name="Update_Login_Information" time="11.594" classname="Test_Data_Update.TestData_Update"/>
  <testcase name="Update_Login_Information" time="5.206" classname="Test_Data_Update.TestData_Update"/>
  <testcase name="Update_Login_Information" time="6.145" classname="Test_Data_Update.TestData_Update"/>
  <testcase name="Update_Login_Information" time="7.753" classname="Test_Data_Update.TestData_Update"/>
  <testcase name="Update_Login_Information" time="4.641" classname="Test_Data_Update.TestData_Update"/>
  <testcase name="Update_Login_Information" time="6.435" classname="Test_Data_Update.TestData_Update"/>
  <testcase name="Update_Login_Information" time="6.490" classname="Test_Data_Update.TestData_Update"/>
  <testcase name="Update_Login_Information" time="5.225" classname="Test_Data_Update.TestData_Update"/>
  <testcase name="Update_Login_Information" time="5.369" classname="Test_Data_Update.TestData_Update"/>
  <testcase name="Update_Login_Information" time="5.157" classname="Test_Data_Update.TestData_Update"/>
  <testcase name="Update_Login_Information" time="5.916" classname="Test_Data_Update.TestData_Update"/>
  <testcase name="Update_Login_Information" time="6.188" classname="Test_Data_Update.TestData_Update"/>
  <testcase name="Update_Login_Information" time="6.383" classname="Test_Data_Update.TestData_Update"/>
  <testcase name="Update_Login_Information" time="7.655" classname="Test_Data_Update.TestData_Update"/>
  <testcase name="Update_Login_Information" time="5.414" classname="Test_Data_Update.TestData_Update"/>
  <testcase name="Update_Login_Information" time="7.049" classname="Test_Data_Update.TestData_Update"/>
  <testcase name="Update_Login_Information" time="5.340" classname="Test_Data_Update.TestData_Update"/>
  <testcase name="Update_Login_Information" time="5.545" classname="Test_Data_Update.TestData_Update"/>
  <testcase name="Update_Login_Information" time="4.817" classname="Test_Data_Update.TestData_Update"/>
  <testcase name="Update_Login_Information" time="5.326" classname="Test_Data_Update.TestData_Update"/>
  <testcase name="Update_Login_Information" time="5.110" classname="Test_Data_Update.TestData_Update"/>
  <testcase name="Update_Login_Information" time="5.552" classname="Test_Data_Update.TestData_Update"/>
  <testcase name="Update_Login_Information" time="5.022" classname="Test_Data_Update.TestData_Update"/>
  <testcase name="Update_Login_Information" time="4.625" classname="Test_Data_Update.TestData_Update"/>
  <testcase name="Update_Login_Information" time="18.438" classname="Test_Data_Update.TestData_Update"/>
  <testcase name="Update_Login_Information" time="4.755" classname="Test_Data_Update.TestData_Update"/>
  <testcase name="Update_Login_Information" time="4.121" classname="Test_Data_Update.TestData_Update"/>
  <testcase name="Update_Login_Information" time="5.683" classname="Test_Data_Update.TestData_Update"/>
  <testcase name="Update_Login_Information" time="4.811" classname="Test_Data_Update.TestData_Update"/>
  <testcase name="Update_Login_Information" time="4.798" classname="Test_Data_Update.TestData_Update"/>
  <testcase name="Update_Login_Information" time="5.841" classname="Test_Data_Update.TestData_Update"/>
  <testcase name="Update_Login_Information" time="5.648" classname="Test_Data_Update.TestData_Update"/>
  <testcase name="Update_Login_Information" time="5.001" classname="Test_Data_Update.TestData_Update"/>
  <testcase name="Update_Login_Information" time="4.580" classname="Test_Data_Update.TestData_Update"/>
  <testcase name="Update_Login_Information" time="4.788" classname="Test_Data_Update.TestData_Update"/>
  <testcase name="Update_Login_Information" time="13.327" classname="Test_Data_Update.TestData_Update"/>
  <testcase name="Update_Login_Information" time="6.459" classname="Test_Data_Update.TestData_Update"/>
  <testcase name="Update_Login_Information" time="5.920" classname="Test_Data_Update.TestData_Update"/>
  <testcase name="Update_Login_Information" time="5.183" classname="Test_Data_Update.TestData_Update"/>
  <testcase name="Update_Login_Information" time="5.083" classname="Test_Data_Update.TestData_Update"/>
  <testcase name="Update_Login_Information" time="4.745" classname="Test_Data_Update.TestData_Update"/>
  <testcase name="Update_Login_Information" time="6.213" classname="Test_Data_Update.TestData_Update"/>
  <testcase name="Update_Login_Information" time="5.320" classname="Test_Data_Update.TestData_Update"/>
  <testcase name="Update_Login_Information" time="4.986" classname="Test_Data_Update.TestData_Update"/>
  <testcase name="Update_Login_Information" time="6.286" classname="Test_Data_Update.TestData_Update"/>
  <testcase name="Update_Login_Information" time="5.300" classname="Test_Data_Update.TestData_Update"/>
  <testcase name="Update_Login_Information" time="8.522" classname="Test_Data_Update.TestData_Update"/>
  <testcase name="Update_Login_Information" time="6.855" classname="Test_Data_Update.TestData_Update"/>
  <testcase name="Update_Login_Information" time="5.808" classname="Test_Data_Update.TestData_Update"/>
  <testcase name="Update_Login_Information" time="4.169" classname="Test_Data_Update.TestData_Update"/>
  <testcase name="Update_Login_Information" time="5.192" classname="Test_Data_Update.TestData_Update"/>
  <testcase name="Update_Login_Information" time="4.961" classname="Test_Data_Update.TestData_Update"/>
  <testcase name="Update_Login_Information" time="6.866" classname="Test_Data_Update.TestData_Update"/>
  <testcase name="Update_Login_Information" time="4.584" classname="Test_Data_Update.TestData_Update"/>
  <testcase name="Update_Login_Information" time="7.033" classname="Test_Data_Update.TestData_Update"/>
  <testcase name="Update_Login_Information" time="9.143" classname="Test_Data_Update.TestData_Update"/>
  <testcase name="Update_Login_Information" time="4.959" classname="Test_Data_Update.TestData_Update"/>
  <testcase name="Update_Login_Information" time="4.461" classname="Test_Data_Update.TestData_Update"/>
  <testcase name="Update_Login_Information" time="4.843" classname="Test_Data_Update.TestData_Update"/>
  <testcase name="Update_Login_Information" time="6.478" classname="Test_Data_Update.TestData_Update"/>
  <testcase name="Update_Login_Information" time="6.353" classname="Test_Data_Update.TestData_Update"/>
  <testcase name="Update_Login_Information" time="4.420" classname="Test_Data_Update.TestData_Update"/>
  <testcase name="Update_Login_Information" time="5.457" classname="Test_Data_Update.TestData_Update"/>
  <testcase name="Update_Login_Information" time="5.120" classname="Test_Data_Update.TestData_Update"/>
  <testcase name="Update_Login_Information" time="5.966" classname="Test_Data_Update.TestData_Update"/>
  <testcase name="Update_Login_Information" time="6.082" classname="Test_Data_Update.TestData_Update"/>
  <testcase name="Update_Login_Information" time="6.905" classname="Test_Data_Update.TestData_Update"/>
  <testcase name="Update_Login_Information" time="5.796" classname="Test_Data_Update.TestData_Update"/>
  <testcase name="Update_Login_Information" time="18.905" classname="Test_Data_Update.TestData_Update"/>
  <testcase name="Update_Login_Information" time="16.867" classname="Test_Data_Update.TestData_Update"/>
  <testcase name="Update_Login_Information" time="4.841" classname="Test_Data_Update.TestData_Update"/>
  <testcase name="Update_Login_Information" time="6.070" classname="Test_Data_Update.TestData_Update"/>
  <testcase name="Update_Login_Information" time="5.578" classname="Test_Data_Update.TestData_Update"/>
  <testcase name="Update_Login_Information" time="4.713" classname="Test_Data_Update.TestData_Update"/>
  <testcase name="Update_Login_Information" time="5.396" classname="Test_Data_Update.TestData_Update"/>
  <testcase name="Update_Login_Information" time="4.671" classname="Test_Data_Update.TestData_Update"/>
  <testcase name="Update_Login_Information" time="6.093" classname="Test_Data_Update.TestData_Update"/>
  <testcase name="Update_Login_Information" time="4.524" classname="Test_Data_Update.TestData_Update"/>
  <testcase name="Update_Login_Information" time="6.615" classname="Test_Data_Update.TestData_Update"/>
  <testcase name="Update_Login_Information" time="13.635" classname="Test_Data_Update.TestData_Update"/>
  <testcase name="Update_Login_Information" time="10.033" classname="Test_Data_Update.TestData_Update"/>
  <testcase name="Update_Login_Information" time="6.406" classname="Test_Data_Update.TestData_Update"/>
  <testcase name="Update_Login_Information" time="9.236" classname="Test_Data_Update.TestData_Update"/>
  <testcase name="Update_Login_Information" time="5.211" classname="Test_Data_Update.TestData_Update"/>
  <testcase name="Update_Login_Information" time="5.724" classname="Test_Data_Update.TestData_Update"/>
  <testcase name="Update_Login_Information" time="4.365" classname="Test_Data_Update.TestData_Update"/>
  <testcase name="Update_Login_Information" time="23.041" classname="Test_Data_Update.TestData_Update"/>
  <testcase name="Update_Login_Information" time="5.769" classname="Test_Data_Update.TestData_Update"/>
  <testcase name="Update_Login_Information" time="8.274" classname="Test_Data_Update.TestData_Update"/>
  <testcase name="Update_Login_Information" time="6.358" classname="Test_Data_Update.TestData_Update"/>
  <testcase name="Update_Login_Information" time="6.812" classname="Test_Data_Update.TestData_Update"/>
  <testcase name="Update_Login_Information" time="7.854" classname="Test_Data_Update.TestData_Update"/>
  <testcase name="Update_Login_Information" time="5.810" classname="Test_Data_Update.TestData_Update"/>
  <testcase name="Update_Login_Information" time="4.964" classname="Test_Data_Update.TestData_Update"/>
  <testcase name="Update_Login_Information" time="5.204" classname="Test_Data_Update.TestData_Update"/>
  <testcase name="Update_Login_Information" time="5.201" classname="Test_Data_Update.TestData_Update"/>
  <testcase name="Update_Login_Information" time="7.140" classname="Test_Data_Update.TestData_Update"/>
  <testcase name="Update_Login_Information" time="4.986" classname="Test_Data_Update.TestData_Update"/>
  <testcase name="Update_Login_Information" time="6.791" classname="Test_Data_Update.TestData_Update"/>
  <testcase name="Update_Login_Information" time="8.713" classname="Test_Data_Update.TestData_Update"/>
  <testcase name="Update_Login_Information" time="4.753" classname="Test_Data_Update.TestData_Update"/>
  <testcase name="Update_Login_Information" time="5.222" classname="Test_Data_Update.TestData_Update"/>
  <testcase name="Update_Login_Information" time="4.820" classname="Test_Data_Update.TestData_Update"/>
  <testcase name="Update_Login_Information" time="6.040" classname="Test_Data_Update.TestData_Update"/>
  <testcase name="Update_Login_Information" time="5.374" classname="Test_Data_Update.TestData_Update"/>
  <testcase name="Update_Login_Information" time="5.346" classname="Test_Data_Update.TestData_Update"/>
  <testcase name="Update_Login_Information" time="9.199" classname="Test_Data_Update.TestData_Update"/>
  <testcase name="Update_Login_Information" time="5.969" classname="Test_Data_Update.TestData_Update"/>
  <testcase name="Update_Login_Information" time="8.327" classname="Test_Data_Update.TestData_Update"/>
  <testcase name="Update_Login_Information" time="5.204" classname="Test_Data_Update.TestData_Update"/>
  <testcase name="Update_Login_Information" time="5.720" classname="Test_Data_Update.TestData_Update"/>
  <testcase name="Update_Login_Information" time="5.783" classname="Test_Data_Update.TestData_Update"/>
  <testcase name="Update_Login_Information" time="5.263" classname="Test_Data_Update.TestData_Update"/>
  <testcase name="Update_Login_Information" time="4.602" classname="Test_Data_Update.TestData_Update"/>
  <testcase name="Update_Login_Information" time="4.331" classname="Test_Data_Update.TestData_Update"/>
  <testcase name="Update_Login_Information" time="5.115" classname="Test_Data_Update.TestData_Update"/>
  <testcase name="Update_Login_Information" time="6.635" classname="Test_Data_Update.TestData_Update"/>
  <testcase name="Update_Login_Information" time="4.520" classname="Test_Data_Update.TestData_Update"/>
  <testcase name="Update_Login_Information" time="10.453" classname="Test_Data_Update.TestData_Update"/>
  <testcase name="Update_Login_Information" time="5.046" classname="Test_Data_Update.TestData_Update"/>
  <testcase name="Update_Login_Information" time="5.411" classname="Test_Data_Update.TestData_Update"/>
  <testcase name="Update_Login_Information" time="5.785" classname="Test_Data_Update.TestData_Update"/>
  <testcase name="Update_Login_Information" time="6.143" classname="Test_Data_Update.TestData_Update"/>
  <testcase name="Update_Login_Information" time="8.924" classname="Test_Data_Update.TestData_Update"/>
  <testcase name="Update_Login_Information" time="8.422" classname="Test_Data_Update.TestData_Update"/>
  <testcase name="Update_Login_Information" time="5.413" classname="Test_Data_Update.TestData_Update"/>
  <testcase name="Update_Login_Information" time="5.201" classname="Test_Data_Update.TestData_Update"/>
  <testcase name="Update_Login_Information" time="5.621" classname="Test_Data_Update.TestData_Update"/>
  <testcase name="Update_Login_Information" time="5.001" classname="Test_Data_Update.TestData_Update"/>
  <testcase name="Update_Login_Information" time="5.331" classname="Test_Data_Update.TestData_Update"/>
  <testcase name="Update_Login_Information" time="4.349" classname="Test_Data_Update.TestData_Update"/>
  <testcase name="Update_Login_Information" time="4.615" classname="Test_Data_Update.TestData_Update"/>
  <testcase name="Update_Login_Information" time="4.541" classname="Test_Data_Update.TestData_Update"/>
  <testcase name="Update_Login_Information" time="163.208" classname="Test_Data_Update.TestData_Update"/>
  <testcase name="Update_Login_Information" time="4.743" classname="Test_Data_Update.TestData_Update"/>
  <testcase name="Update_Login_Information" time="6.412" classname="Test_Data_Update.TestData_Update"/>
</testsuite> <!-- Test_Data_Update.TestData_Update -->
