<?xml version="1.0" encoding="UTF-8"?>
<!-- Generated by org.testng.reporters.JUnitReportReporter -->
<testsuite skipped="0" hostname="WTC-5159473-l2" name="Test_Data_Update.TestData_Update" tests="111" failures="0" timestamp="27 Dec 2019 23:06:30 GMT" time="19870.973" errors="0">
  <testcase name="Update_Login_Information" time="193.560" classname="Test_Data_Update.TestData_Update"/>
  <testcase name="Update_Login_Information" time="172.575" classname="Test_Data_Update.TestData_Update"/>
  <testcase name="Update_Login_Information" time="201.163" classname="Test_Data_Update.TestData_Update"/>
  <testcase name="Update_Login_Information" time="169.610" classname="Test_Data_Update.TestData_Update"/>
  <testcase name="Update_Login_Information" time="139.908" classname="Test_Data_Update.TestData_Update"/>
  <testcase name="Update_Login_Information" time="182.184" classname="Test_Data_Update.TestData_Update"/>
  <testcase name="Update_Login_Information" time="142.213" classname="Test_Data_Update.TestData_Update"/>
  <testcase name="Update_Login_Information" time="125.984" classname="Test_Data_Update.TestData_Update"/>
  <testcase name="Update_Login_Information" time="199.783" classname="Test_Data_Update.TestData_Update"/>
  <testcase name="Update_Login_Information" time="157.983" classname="Test_Data_Update.TestData_Update"/>
  <testcase name="Update_Login_Information" time="127.338" classname="Test_Data_Update.TestData_Update"/>
  <testcase name="Update_Login_Information" time="171.416" classname="Test_Data_Update.TestData_Update"/>
  <testcase name="Update_Login_Information" time="178.079" classname="Test_Data_Update.TestData_Update"/>
  <testcase name="Update_Login_Information" time="180.689" classname="Test_Data_Update.TestData_Update"/>
  <testcase name="Update_Login_Information" time="224.143" classname="Test_Data_Update.TestData_Update"/>
  <testcase name="Update_Login_Information" time="171.308" classname="Test_Data_Update.TestData_Update"/>
  <testcase name="Update_Login_Information" time="144.062" classname="Test_Data_Update.TestData_Update"/>
  <testcase name="Update_Login_Information" time="174.596" classname="Test_Data_Update.TestData_Update"/>
  <testcase name="Update_Login_Information" time="180.492" classname="Test_Data_Update.TestData_Update"/>
  <testcase name="Update_Login_Information" time="189.030" classname="Test_Data_Update.TestData_Update"/>
  <testcase name="Update_Login_Information" time="170.766" classname="Test_Data_Update.TestData_Update"/>
  <testcase name="Update_Login_Information" time="288.426" classname="Test_Data_Update.TestData_Update"/>
  <testcase name="Update_Login_Information" time="144.682" classname="Test_Data_Update.TestData_Update"/>
  <testcase name="Update_Login_Information" time="158.964" classname="Test_Data_Update.TestData_Update"/>
  <testcase name="Update_Login_Information" time="146.741" classname="Test_Data_Update.TestData_Update"/>
  <testcase name="Update_Login_Information" time="194.404" classname="Test_Data_Update.TestData_Update"/>
  <testcase name="Update_Login_Information" time="180.437" classname="Test_Data_Update.TestData_Update"/>
  <testcase name="Update_Login_Information" time="175.989" classname="Test_Data_Update.TestData_Update"/>
  <testcase name="Update_Login_Information" time="216.161" classname="Test_Data_Update.TestData_Update"/>
  <testcase name="Update_Login_Information" time="148.700" classname="Test_Data_Update.TestData_Update"/>
  <testcase name="Update_Login_Information" time="168.320" classname="Test_Data_Update.TestData_Update"/>
  <testcase name="Update_Login_Information" time="193.719" classname="Test_Data_Update.TestData_Update"/>
  <testcase name="Update_Login_Information" time="194.902" classname="Test_Data_Update.TestData_Update"/>
  <testcase name="Update_Login_Information" time="122.819" classname="Test_Data_Update.TestData_Update"/>
  <testcase name="Update_Login_Information" time="198.791" classname="Test_Data_Update.TestData_Update"/>
  <testcase name="Update_Login_Information" time="172.998" classname="Test_Data_Update.TestData_Update"/>
  <testcase name="Update_Login_Information" time="192.639" classname="Test_Data_Update.TestData_Update"/>
  <testcase name="Update_Login_Information" time="149.348" classname="Test_Data_Update.TestData_Update"/>
  <testcase name="Update_Login_Information" time="155.044" classname="Test_Data_Update.TestData_Update"/>
  <testcase name="Update_Login_Information" time="174.209" classname="Test_Data_Update.TestData_Update"/>
  <testcase name="Update_Login_Information" time="188.625" classname="Test_Data_Update.TestData_Update"/>
  <testcase name="Update_Login_Information" time="137.221" classname="Test_Data_Update.TestData_Update"/>
  <testcase name="Update_Login_Information" time="123.593" classname="Test_Data_Update.TestData_Update"/>
  <testcase name="Update_Login_Information" time="171.109" classname="Test_Data_Update.TestData_Update"/>
  <testcase name="Update_Login_Information" time="194.029" classname="Test_Data_Update.TestData_Update"/>
  <testcase name="Update_Login_Information" time="204.326" classname="Test_Data_Update.TestData_Update"/>
  <testcase name="Update_Login_Information" time="187.411" classname="Test_Data_Update.TestData_Update"/>
  <testcase name="Update_Login_Information" time="152.447" classname="Test_Data_Update.TestData_Update"/>
  <testcase name="Update_Login_Information" time="181.087" classname="Test_Data_Update.TestData_Update"/>
  <testcase name="Update_Login_Information" time="172.740" classname="Test_Data_Update.TestData_Update"/>
  <testcase name="Update_Login_Information" time="156.384" classname="Test_Data_Update.TestData_Update"/>
  <testcase name="Update_Login_Information" time="223.733" classname="Test_Data_Update.TestData_Update"/>
  <testcase name="Update_Login_Information" time="254.801" classname="Test_Data_Update.TestData_Update"/>
  <testcase name="Update_Login_Information" time="139.392" classname="Test_Data_Update.TestData_Update"/>
  <testcase name="Update_Login_Information" time="165.475" classname="Test_Data_Update.TestData_Update"/>
  <testcase name="Update_Login_Information" time="216.412" classname="Test_Data_Update.TestData_Update"/>
  <testcase name="Update_Login_Information" time="143.755" classname="Test_Data_Update.TestData_Update"/>
  <testcase name="Update_Login_Information" time="173.035" classname="Test_Data_Update.TestData_Update"/>
  <testcase name="Update_Login_Information" time="190.608" classname="Test_Data_Update.TestData_Update"/>
  <testcase name="Update_Login_Information" time="203.850" classname="Test_Data_Update.TestData_Update"/>
  <testcase name="Update_Login_Information" time="170.828" classname="Test_Data_Update.TestData_Update"/>
  <testcase name="Update_Login_Information" time="226.455" classname="Test_Data_Update.TestData_Update"/>
  <testcase name="Update_Login_Information" time="138.817" classname="Test_Data_Update.TestData_Update"/>
  <testcase name="Update_Login_Information" time="174.506" classname="Test_Data_Update.TestData_Update"/>
  <testcase name="Update_Login_Information" time="172.008" classname="Test_Data_Update.TestData_Update"/>
  <testcase name="Update_Login_Information" time="182.677" classname="Test_Data_Update.TestData_Update"/>
  <testcase name="Update_Login_Information" time="146.646" classname="Test_Data_Update.TestData_Update"/>
  <testcase name="Update_Login_Information" time="167.050" classname="Test_Data_Update.TestData_Update"/>
  <testcase name="Update_Login_Information" time="206.326" classname="Test_Data_Update.TestData_Update"/>
  <testcase name="Update_Login_Information" time="272.020" classname="Test_Data_Update.TestData_Update"/>
  <testcase name="Update_Login_Information" time="207.584" classname="Test_Data_Update.TestData_Update"/>
  <testcase name="Update_Login_Information" time="116.472" classname="Test_Data_Update.TestData_Update"/>
  <testcase name="Update_Login_Information" time="149.287" classname="Test_Data_Update.TestData_Update"/>
  <testcase name="Update_Login_Information" time="167.893" classname="Test_Data_Update.TestData_Update"/>
  <testcase name="Update_Login_Information" time="87.016" classname="Test_Data_Update.TestData_Update"/>
  <testcase name="Update_Login_Information" time="167.429" classname="Test_Data_Update.TestData_Update"/>
  <testcase name="Update_Login_Information" time="169.265" classname="Test_Data_Update.TestData_Update"/>
  <testcase name="Update_Login_Information" time="200.506" classname="Test_Data_Update.TestData_Update"/>
  <testcase name="Update_Login_Information" time="231.171" classname="Test_Data_Update.TestData_Update"/>
  <testcase name="Update_Login_Information" time="190.869" classname="Test_Data_Update.TestData_Update"/>
  <testcase name="Update_Login_Information" time="188.553" classname="Test_Data_Update.TestData_Update"/>
  <testcase name="Update_Login_Information" time="93.823" classname="Test_Data_Update.TestData_Update"/>
  <testcase name="Update_Login_Information" time="202.246" classname="Test_Data_Update.TestData_Update"/>
  <testcase name="Update_Login_Information" time="219.596" classname="Test_Data_Update.TestData_Update"/>
  <testcase name="Update_Login_Information" time="178.576" classname="Test_Data_Update.TestData_Update"/>
  <testcase name="Update_Login_Information" time="215.605" classname="Test_Data_Update.TestData_Update"/>
  <testcase name="Update_Login_Information" time="152.587" classname="Test_Data_Update.TestData_Update"/>
  <testcase name="Update_Login_Information" time="146.318" classname="Test_Data_Update.TestData_Update"/>
  <testcase name="Update_Login_Information" time="245.057" classname="Test_Data_Update.TestData_Update"/>
  <testcase name="Update_Login_Information" time="198.422" classname="Test_Data_Update.TestData_Update"/>
  <testcase name="Update_Login_Information" time="123.999" classname="Test_Data_Update.TestData_Update"/>
  <testcase name="Update_Login_Information" time="204.148" classname="Test_Data_Update.TestData_Update"/>
  <testcase name="Update_Login_Information" time="151.811" classname="Test_Data_Update.TestData_Update"/>
  <testcase name="Update_Login_Information" time="142.882" classname="Test_Data_Update.TestData_Update"/>
  <testcase name="Update_Login_Information" time="197.225" classname="Test_Data_Update.TestData_Update"/>
  <testcase name="Update_Login_Information" time="273.718" classname="Test_Data_Update.TestData_Update"/>
  <testcase name="Update_Login_Information" time="179.487" classname="Test_Data_Update.TestData_Update"/>
  <testcase name="Update_Login_Information" time="201.091" classname="Test_Data_Update.TestData_Update"/>
  <testcase name="Update_Login_Information" time="170.508" classname="Test_Data_Update.TestData_Update"/>
  <testcase name="Update_Login_Information" time="176.277" classname="Test_Data_Update.TestData_Update"/>
  <testcase name="Update_Login_Information" time="170.286" classname="Test_Data_Update.TestData_Update"/>
  <testcase name="Update_Login_Information" time="190.517" classname="Test_Data_Update.TestData_Update"/>
  <testcase name="Update_Login_Information" time="159.263" classname="Test_Data_Update.TestData_Update"/>
  <testcase name="Update_Login_Information" time="298.363" classname="Test_Data_Update.TestData_Update"/>
  <testcase name="Update_Login_Information" time="191.824" classname="Test_Data_Update.TestData_Update"/>
  <testcase name="Update_Login_Information" time="173.819" classname="Test_Data_Update.TestData_Update"/>
  <testcase name="Update_Login_Information" time="215.413" classname="Test_Data_Update.TestData_Update"/>
  <testcase name="Update_Login_Information" time="202.189" classname="Test_Data_Update.TestData_Update"/>
  <testcase name="Update_Login_Information" time="172.720" classname="Test_Data_Update.TestData_Update"/>
  <testcase name="Update_Login_Information" time="156.587" classname="Test_Data_Update.TestData_Update"/>
  <testcase name="Update_Login_Information" time="179.025" classname="Test_Data_Update.TestData_Update"/>
</testsuite> <!-- Test_Data_Update.TestData_Update -->
