<?xml version="1.0" encoding="UTF-8"?>
<!-- Generated by org.testng.reporters.JUnitReportReporter -->
<testsuite skipped="0" hostname="WTC-5159473-l2" name="Test_Data_Update.TestData_Update" tests="3" failures="0" timestamp="04 Feb 2020 22:44:00 GMT" time="16.634" errors="0">
  <testcase name="Update_Login_Information" time="5.562" classname="Test_Data_Update.TestData_Update"/>
  <testcase name="Update_Login_Information" time="5.751" classname="Test_Data_Update.TestData_Update"/>
  <testcase name="Update_Login_Information" time="5.321" classname="Test_Data_Update.TestData_Update"/>
</testsuite> <!-- Test_Data_Update.TestData_Update -->
