<?xml version="1.0" encoding="UTF-8"?>
<!-- Generated by org.testng.reporters.JUnitReportReporter -->
<testsuite skipped="2" hostname="WTC-5159473-l2" name="Test_Data_Update.Tracking_Data_Update" tests="33" failures="0" timestamp="30 Dec 2019 19:23:54 GMT" time="1985.749" errors="0">
  <testcase name="Tracking_Number_Update" time="67.583" classname="Test_Data_Update.Tracking_Data_Update"/>
  <testcase name="Tracking_Number_Update" time="69.483" classname="Test_Data_Update.Tracking_Data_Update"/>
  <testcase name="Tracking_Number_Update" time="68.172" classname="Test_Data_Update.Tracking_Data_Update"/>
  <testcase name="Tracking_Number_Update" time="47.323" classname="Test_Data_Update.Tracking_Data_Update"/>
  <testcase name="Tracking_Number_Update" time="68.228" classname="Test_Data_Update.Tracking_Data_Update"/>
  <testcase name="Tracking_Number_Update" time="71.708" classname="Test_Data_Update.Tracking_Data_Update"/>
  <testcase name="Tracking_Number_Update" time="69.305" classname="Test_Data_Update.Tracking_Data_Update"/>
  <testcase name="Tracking_Number_Update" time="68.251" classname="Test_Data_Update.Tracking_Data_Update"/>
  <testcase name="Tracking_Number_Update" time="68.200" classname="Test_Data_Update.Tracking_Data_Update"/>
  <testcase name="Tracking_Number_Update" time="67.949" classname="Test_Data_Update.Tracking_Data_Update"/>
  <testcase name="Tracking_Number_Update" time="68.606" classname="Test_Data_Update.Tracking_Data_Update"/>
  <testcase name="Tracking_Number_Update" time="67.953" classname="Test_Data_Update.Tracking_Data_Update"/>
  <testcase name="Tracking_Number_Update" time="67.900" classname="Test_Data_Update.Tracking_Data_Update"/>
  <testcase name="Tracking_Number_Update" time="58.875" classname="Test_Data_Update.Tracking_Data_Update"/>
  <testcase name="Tracking_Number_Update" time="68.641" classname="Test_Data_Update.Tracking_Data_Update"/>
  <testcase name="Tracking_Number_Update" time="69.369" classname="Test_Data_Update.Tracking_Data_Update"/>
  <testcase name="Tracking_Number_Update" time="68.618" classname="Test_Data_Update.Tracking_Data_Update"/>
  <testcase name="Tracking_Number_Update" time="41.002" classname="Test_Data_Update.Tracking_Data_Update"/>
  <testcase name="Tracking_Number_Update" time="68.583" classname="Test_Data_Update.Tracking_Data_Update"/>
  <testcase name="Tracking_Number_Update" time="38.743" classname="Test_Data_Update.Tracking_Data_Update"/>
  <testcase name="Tracking_Number_Update" time="73.766" classname="Test_Data_Update.Tracking_Data_Update"/>
  <testcase name="Tracking_Number_Update" time="67.853" classname="Test_Data_Update.Tracking_Data_Update"/>
  <testcase name="Tracking_Number_Update" time="56.645" classname="Test_Data_Update.Tracking_Data_Update"/>
  <testcase name="Tracking_Number_Update" time="67.665" classname="Test_Data_Update.Tracking_Data_Update"/>
  <testcase name="Tracking_Number_Update" time="65.227" classname="Test_Data_Update.Tracking_Data_Update"/>
  <testcase name="Tracking_Number_Update" time="40.429" classname="Test_Data_Update.Tracking_Data_Update"/>
  <testcase name="Tracking_Number_Update" time="69.637" classname="Test_Data_Update.Tracking_Data_Update"/>
  <testcase name="Tracking_Number_Update" time="54.281" classname="Test_Data_Update.Tracking_Data_Update"/>
  <testcase name="Tracking_Number_Update" time="67.548" classname="Test_Data_Update.Tracking_Data_Update"/>
  <testcase name="Tracking_Number_Update" time="69.997" classname="Test_Data_Update.Tracking_Data_Update"/>
  <testcase name="Tracking_Number_Update" time="68.209" classname="Test_Data_Update.Tracking_Data_Update"/>
  <testcase name="Tracking_Number_AssociatedShipment" classname="Test_Data_Update.Tracking_Data_Update">
    <skipped/>
  </testcase> <!-- Tracking_Number_AssociatedShipment -->
  <testcase name="Apply_Ground_Scan" classname="Test_Data_Update.Tracking_Data_Update">
    <skipped/>
  </testcase> <!-- Apply_Ground_Scan -->
</testsuite> <!-- Test_Data_Update.Tracking_Data_Update -->
